c --- [ banner ] -------------------------------------------------------------
c 
c CaDiCaL Radically Simplified CDCL SAT Solver
c Copyright (c) 2016-2019 Armin Biere, JKU Linz
c 
c Version 1.0.3 cb89cbfa16f47cb7bf1ec6ad9855e7b6d5203c18
c g++ (GCC) 6.3.0 -Wall -Wextra -O3 -DNDEBUG
c Fri Aug 23 08:17:16 CDT 2019 Linux login1 4.4.103-6.38-default x86_64
c 
c --- [ config ] -------------------------------------------------------------
c 
c using 'unsat' configuration (target unsatisfiable instances)
c 
c --- [ proof tracing ] ------------------------------------------------------
c 
c opening file to write '/tmp/42_78_0_three.drat'
c writing binary proof trace to '/tmp/42_78_0_three.drat'
c 
c --- [ parsing input ] ------------------------------------------------------
c 
c reading DIMACS file from '/tmp/42_78_0_three.cnf'
c opening file to read '/tmp/42_78_0_three.cnf'
c found 'p cnf 39424 200372' header
c parsed 200372 clauses in 0.10 seconds process time
c 
c --- [ options ] ------------------------------------------------------------
c 
c   --stabilize=false              (different from default 'true')
c   --walk=false                   (different from default 'true')
c 
c --- [ solving ] ------------------------------------------------------------
c 
c time measured in process time since initialization
c 
c  seconds  reductions  redundant  irredundant
c         MB    restarts       trail       variables
c          level   conflicts       glue         remaining
c 
c *  0.11 26  0 0   0    0    0  0% 0 183775 38197 97%
c {  0.11 27  0 0   0    0    0  0% 0 183775 38197 97%
c -  0.18 28 65 1   7  302  270 12% 9 176289 38197 97%
c i  0.19 29 63 1   7  357  316 11% 8 176289 38196 97%
c i  0.26 29 51 1  46  844  761 10% 9 176289 38195 97%
c i  0.26 29 53 1  52  888  802 10% 9 176289 38157 97%
c I  0.27 29 48 1  52 1004  909  9% 9 176289 38157 97%
c -  0.34 35 46 2  52 1049  775  9% 9 175431 38157 97%
c -  0.48 36 50 3  83 2170 1343 10% 9 175431 38157 97%
c i  0.50 36 48 3  83 2401 1510 10% 8 175431 38065 97%
c i  0.52 36 43 3  83 2889 1918  9% 8 175431 37868 96%
c i  0.52 36 43 3  83 2895 1916  9% 8 175431 37728 96%
c }  0.52 36 43 3  83 2898 1917  9% 8 175431 37057 94%
c 0  0.52 36 43 3  83 2898 1917  9% 8 175431 37057 94%
c 
c --- [ result ] -------------------------------------------------------------
c 
s UNSATISFIABLE
c 
c --- [ run-time profiling ] -------------------------------------------------
c 
c process time taken by individual solving procedures
c (percentage relative to process time for solving)
c 
c         0.42   99.05% search
c         0.42   99.05% unstable
c         0.00    0.00% simplify
c   =================================
c         0.42   80.15% solve
c 
c last line shows process time for solving
c (percentage relative to total process time)
c 
c --- [ statistics ] ---------------------------------------------------------
c 
c backtracked:                3538       122.08 %  of conflicts
c chronological:              1342        37.93 %  of backtracks
c conflicts:                  2898      6900.00    per second
c decisions:                 11493     27364.29    per second
c fixed:                      2367         6.00 %  of all variables
c learned:                    2664        91.93 %  per conflict
c minimized:                 21398        24.32 %  learned literals
c propagations:            1156505         2.75 M  per second
c reduced:                     629        21.70 %  per conflict
c rephased:                      1      2898.00    interval
c restarts:                     83        34.92    interval
c subsumed:                    101         0.03 %  of all clauses
c 
c seconds are measured in process time for solving
c 
c --- [ resources ] ----------------------------------------------------------
c 
c total process time since initialization:         0.52    seconds
c total real time since initialization:            0.53    seconds
c maximum resident set size of process:           40.89    MB
c 
c --- [ shutting down ] ------------------------------------------------------
c 
c exit 20
