c --- [ banner ] -------------------------------------------------------------
c 
c CaDiCaL Radically Simplified CDCL SAT Solver
c Copyright (c) 2016-2019 Armin Biere, JKU Linz
c 
c Version 1.0.3 cb89cbfa16f47cb7bf1ec6ad9855e7b6d5203c18
c g++ (GCC) 6.3.0 -Wall -Wextra -O3 -DNDEBUG
c Fri Aug 23 08:17:16 CDT 2019 Linux login1 4.4.103-6.38-default x86_64
c 
c --- [ config ] -------------------------------------------------------------
c 
c using 'unsat' configuration (target unsatisfiable instances)
c 
c --- [ proof tracing ] ------------------------------------------------------
c 
c opening file to write '/tmp/16_1164_0_four.drat'
c writing binary proof trace to '/tmp/16_1164_0_four.drat'
c 
c --- [ parsing input ] ------------------------------------------------------
c 
c reading DIMACS file from '/tmp/16_1164_0_four.cnf'
c opening file to read '/tmp/16_1164_0_four.cnf'
c found 'p cnf 259840 1039934' header
c parsed 1039934 clauses in 0.58 seconds process time
c 
c --- [ options ] ------------------------------------------------------------
c 
c   --stabilize=false              (different from default 'true')
c   --walk=false                   (different from default 'true')
c 
c --- [ solving ] ------------------------------------------------------------
c 
c time measured in process time since initialization
c 
c  seconds   reductions  redundant   irredundant
c          MB    restarts       trail        variables
c           level   conflicts       glue           remaining
c 
c *  0.61 139  0 0   0    0    0  0% 0 1039424 252080 97%
c {  0.62 141  0 0   0    0    0  0% 0 1039424 252080 97%
c -  0.85 147 292 1  14  302  195  6% 5 901144 252080 97%
c i  1.18 147 123 1  99  678  527  6% 7 901144 250647 96%
c i  1.18 147 122 1  99  682  528  6% 7 901144 250383 96%
c }  1.30 147 84 1 150  980  773  6% 8 901144 249919 96%
c 0  1.30 147 84 1 150  980  773  6% 8 901144 249919 96%
c 
c --- [ result ] -------------------------------------------------------------
c 
s UNSATISFIABLE
c 
c --- [ run-time profiling ] -------------------------------------------------
c 
c process time taken by individual solving procedures
c (percentage relative to process time for solving)
c 
c         0.69   96.65% search
c         0.68   94.41% unstable
c         0.02    2.23% lucky
c         0.00    0.00% simplify
c   =================================
c         0.72   55.08% solve
c 
c last line shows process time for solving
c (percentage relative to total process time)
c 
c --- [ statistics ] ---------------------------------------------------------
c 
c backtracked:                1315       134.18 %  of conflicts
c chronological:               500        38.02 %  of backtracks
c conflicts:                   980      1368.72    per second
c decisions:                  7944     11094.97    per second
c fixed:                      9921         3.82 %  of all variables
c learned:                     897        91.53 %  per conflict
c minimized:                  3540        18.02 %  learned literals
c propagations:            1898890         2.65 M  per second
c restarts:                    150         6.53    interval
c subsumed:                    121         0.01 %  of all clauses
c 
c seconds are measured in process time for solving
c 
c --- [ resources ] ----------------------------------------------------------
c 
c total process time since initialization:         1.30    seconds
c total real time since initialization:            1.30    seconds
c maximum resident set size of process:          154.54    MB
c 
c --- [ shutting down ] ------------------------------------------------------
c 
c exit 20
