c --- [ banner ] -------------------------------------------------------------
c 
c CaDiCaL Radically Simplified CDCL SAT Solver
c Copyright (c) 2016-2019 Armin Biere, JKU Linz
c 
c Version 1.0.3 cb89cbfa16f47cb7bf1ec6ad9855e7b6d5203c18
c g++ (GCC) 6.3.0 -Wall -Wextra -O3 -DNDEBUG
c Fri Aug 23 08:17:16 CDT 2019 Linux login1 4.4.103-6.38-default x86_64
c 
c --- [ config ] -------------------------------------------------------------
c 
c using 'unsat' configuration (target unsatisfiable instances)
c 
c --- [ proof tracing ] ------------------------------------------------------
c 
c opening file to write '/tmp/16_381_0_four.drat'
c writing binary proof trace to '/tmp/16_381_0_four.drat'
c 
c --- [ parsing input ] ------------------------------------------------------
c 
c reading DIMACS file from '/tmp/16_381_0_four.cnf'
c opening file to read '/tmp/16_381_0_four.cnf'
c found 'p cnf 259840 1039934' header
c parsed 1039934 clauses in 0.52 seconds process time
c 
c --- [ options ] ------------------------------------------------------------
c 
c   --stabilize=false              (different from default 'true')
c   --walk=false                   (different from default 'true')
c 
c --- [ solving ] ------------------------------------------------------------
c 
c time measured in process time since initialization
c 
c  seconds   reductions  redundant   irredundant
c          MB    restarts       trail        variables
c           level   conflicts       glue           remaining
c 
c *  0.54 139  0 0   0    0    0  0% 0 1039424 253603 98%
c {  0.56 141  0 0   0    0    0  0% 0 1039424 253603 98%
c -  0.84 149 296 1  16  302  198  6% 5 918170 253603 98%
c I  1.24 149 93 1 109 1002  800  8% 7 918170 253603 98%
c -  1.95 180 77 2 197 1479 1190  8% 8 918170 253603 98%
c i  2.66 180 52 2 265 2761 2269  8% 8 918170 253463 98%
c B  2.77 180 50 2 284 3005 2483  8% 8 918170 253463 98%
c i  2.93 180 48 2 284 3209 2663  9% 8 918170 253279 97%
c i  2.93 180 48 2 284 3215 2665  9% 8 918170 252315 97%
c i  2.94 180 47 2 284 3224 2672  9% 8 918170 250721 96%
c i  2.94 180 47 2 284 3225 2672  9% 8 918170 249762 96%
c }  2.94 180 47 2 284 3227 2672  9% 8 918170 248243 96%
c 0  2.94 180 47 2 284 3227 2672  9% 8 918170 248243 96%
c 
c --- [ result ] -------------------------------------------------------------
c 
s UNSATISFIABLE
c 
c --- [ run-time profiling ] -------------------------------------------------
c 
c process time taken by individual solving procedures
c (percentage relative to process time for solving)
c 
c         2.40   99.01% search
c         2.38   98.35% unstable
c         0.01    0.50% lucky
c         0.00    0.00% simplify
c   =================================
c         2.42   82.43% solve
c 
c last line shows process time for solving
c (percentage relative to total process time)
c 
c --- [ statistics ] ---------------------------------------------------------
c 
c backtracked:                3948       122.34 %  of conflicts
c chronological:              1378        34.90 %  of backtracks
c conflicts:                  3227      1333.47    per second
c decisions:                 20903      8637.60    per second
c fixed:                     11597         4.46 %  of all variables
c learned:                    2918        90.42 %  per conflict
c minimized:                 22616        22.97 %  learned literals
c propagations:            8461404         3.50 M  per second
c reduced:                      41         1.27 %  per conflict
c rephased:                      2      1613.50    interval
c restarts:                    284        11.36    interval
c subsumed:                    199         0.01 %  of all clauses
c 
c seconds are measured in process time for solving
c 
c --- [ resources ] ----------------------------------------------------------
c 
c total process time since initialization:         2.94    seconds
c total real time since initialization:            2.94    seconds
c maximum resident set size of process:          180.32    MB
c 
c --- [ shutting down ] ------------------------------------------------------
c 
c exit 20
