c --- [ banner ] -------------------------------------------------------------
c 
c CaDiCaL Radically Simplified CDCL SAT Solver
c Copyright (c) 2016-2019 Armin Biere, JKU Linz
c 
c Version 1.0.3 cb89cbfa16f47cb7bf1ec6ad9855e7b6d5203c18
c g++ (GCC) 6.3.0 -Wall -Wextra -O3 -DNDEBUG
c Fri Aug 23 08:17:16 CDT 2019 Linux login1 4.4.103-6.38-default x86_64
c 
c --- [ config ] -------------------------------------------------------------
c 
c using 'unsat' configuration (target unsatisfiable instances)
c 
c --- [ proof tracing ] ------------------------------------------------------
c 
c opening file to write '/tmp/16_770_0_four.drat'
c writing binary proof trace to '/tmp/16_770_0_four.drat'
c 
c --- [ parsing input ] ------------------------------------------------------
c 
c reading DIMACS file from '/tmp/16_770_0_four.cnf'
c opening file to read '/tmp/16_770_0_four.cnf'
c found 'p cnf 259840 1039934' header
c parsed 1039934 clauses in 0.47 seconds process time
c 
c --- [ options ] ------------------------------------------------------------
c 
c   --stabilize=false              (different from default 'true')
c   --walk=false                   (different from default 'true')
c 
c --- [ solving ] ------------------------------------------------------------
c 
c time measured in process time since initialization
c 
c  seconds   reductions  redundant   irredundant
c          MB    restarts       trail        variables
c           level   conflicts       glue           remaining
c 
c *  0.49 139  0 0   0    0    0  0% 0 1039424 252076 97%
c {  0.51 142  0 0   0    0    0  0% 0 1039424 252076 97%
c -  0.72 147 317 1  10  300  184  6% 4 901148 252076 97%
c I  1.11 147 90 1 133 1002  807  6% 9 901148 252076 97%
c -  1.61 177 67 2 179 1472 1195  7% 9 901148 252076 97%
c B  2.26 177 40 2 246 3004 2562  8% 9 901148 252076 97%
c -  2.63 177 38 3 261 3233 2236  8% 9 901148 252076 97%
c s  3.94 158 33 3 261 4089 2996  8% 9 901148 252076 97%
c w  5.43 181 33 3 261 4089 2995  8% 9 901148 252076 97%
c t  5.49 181 33 3 261 4089 2995  8% 9 900709 252076 97%
c e  8.08 197 33 3 261 4089   40  8% 9 220776 27408 11%
c s  8.32 198 33 3 261 4089   40  8% 9 220614 27408 11%
c e  8.62 145 33 3 261 4089   34  8% 9 220614 27347 11%
c i  8.81 157 31 3 261 4404  294  4% 9 220614 27325 11%
c i  8.82 157 31 3 261 4541  413  5% 9 220614 27317 11%
c i  8.85 157 30 3 261 4750  591  7% 8 220614 27178 10%
c i  8.85 157 30 3 261 4751  591  7% 8 220614 27114 10%
c i  8.85 157 30 3 261 4769  605  7% 8 220614 27076 10%
c i  8.85 157 30 3 261 4773  607  7% 8 220614 27054 10%
c i  8.86 157 30 3 269 4951  750  6% 8 220614 27000 10%
c 
c  seconds   reductions  redundant  irredundant
c          MB    restarts       trail       variables
c           level   conflicts       glue         remaining
c 
c i  8.86 157 30 3 269 4989  782  6% 8 220614 26962 10%
c i  8.86 157 30 3 269 4991  783  6% 8 220614 26961 10%
c d  8.88 157 30 3 269 5002  342  6% 8 204898 26950 10%
c d  8.90 157 30 3 269 5002  327  6% 8 203471 26269 10%
c 3  8.94 157 30 3 269 5002 2663  6% 8 203471 26269 10%
c 3  8.96 157 30 3 269 5002 2881  6% 8 203471 26269 10%
c 2  9.00 157 30 3 269 5002 2879  6% 8 203330 26222 10%
c p  9.30 157 30 3 269 5002 13940  6% 8 203330 25942 10%
c d  9.32 157 30 3 269 5002 11596  6% 8 190648 25932 10%
c d  9.34 157 30 3 269 5002 11540  6% 8 189790 25515 10%
c i  9.35 157 30 3 269 5006 11542  6% 8 189790 25286 10%
c }  9.35 157 30 3 269 5009 11543  6% 8 189790 24973 10%
c 0  9.35 157 30 3 269 5009 11543  6% 8 189790 24973 10%
c 
c --- [ result ] -------------------------------------------------------------
c 
s UNSATISFIABLE
c 
c --- [ run-time profiling ] -------------------------------------------------
c 
c process time taken by individual solving procedures
c (percentage relative to process time for solving)
c 
c         5.53   62.25% simplify
c         3.33   37.52% search
c         3.31   37.30% unstable
c         2.82   31.71% elim
c         1.36   15.27% vivify
c         0.82    9.19% subsume
c         0.30    3.38% probe
c         0.07    0.81% ternary
c         0.02    0.23% lucky
c   =================================
c         8.88   94.99% solve
c 
c last line shows process time for solving
c (percentage relative to total process time)
c 
c --- [ statistics ] ---------------------------------------------------------
c 
c backtracked:               34072       680.22 %  of conflicts
c chronological:              2052         6.02 %  of backtracks
c conflicts:                  5009       564.08    per second
c decisions:                 20392      2296.40    per second
c eliminated:               224729        86.49 %  of all variables
c fixed:                      9019         3.47 %  of all variables
c learned:                    4680        93.43 %  per conflict
c minimized:                 55634        29.93 %  learned literals
c propagations:           14566932         1.64 M  per second
c reduced:                     567        11.32 %  per conflict
c rephased:                      2      2504.50    interval
c restarts:                    269        18.62    interval
c substituted:                1119         0.43 %  of all variables
c subsumed:                   6050         0.20 %  of all clauses
c strengthened:              16257         0.53 %  of all clauses
c ternary:                    3014         0.35 %  of resolved
c vivified:                    139         0.00 %  of all clauses
c weakened:                 794232         2.82    average size
c 
c seconds are measured in process time for solving
c 
c --- [ resources ] ----------------------------------------------------------
c 
c total process time since initialization:         9.35    seconds
c total real time since initialization:            9.35    seconds
c maximum resident set size of process:          207.92    MB
c 
c --- [ shutting down ] ------------------------------------------------------
c 
c exit 20
