c --- [ banner ] -------------------------------------------------------------
c 
c CaDiCaL Radically Simplified CDCL SAT Solver
c Copyright (c) 2016-2019 Armin Biere, JKU Linz
c 
c Version 1.0.3 cb89cbfa16f47cb7bf1ec6ad9855e7b6d5203c18
c g++ (GCC) 6.3.0 -Wall -Wextra -O3 -DNDEBUG
c Fri Aug 23 08:17:16 CDT 2019 Linux login1 4.4.103-6.38-default x86_64
c 
c --- [ config ] -------------------------------------------------------------
c 
c using 'unsat' configuration (target unsatisfiable instances)
c 
c --- [ proof tracing ] ------------------------------------------------------
c 
c opening file to write '/tmp/16_924_0_four.drat'
c writing binary proof trace to '/tmp/16_924_0_four.drat'
c 
c --- [ parsing input ] ------------------------------------------------------
c 
c reading DIMACS file from '/tmp/16_924_0_four.cnf'
c opening file to read '/tmp/16_924_0_four.cnf'
c found 'p cnf 259840 1039934' header
c parsed 1039934 clauses in 0.44 seconds process time
c 
c --- [ options ] ------------------------------------------------------------
c 
c   --stabilize=false              (different from default 'true')
c   --walk=false                   (different from default 'true')
c 
c --- [ solving ] ------------------------------------------------------------
c 
c time measured in process time since initialization
c 
c  seconds   reductions  redundant   irredundant
c          MB    restarts       trail        variables
c           level   conflicts       glue           remaining
c 
c *  0.46 139  0 0   0    0    0  0% 0 1039424 253361 98%
c {  0.48 142  0 0   0    0    0  0% 0 1039424 253361 98%
c -  0.71 148 293 1  14  300  197  5% 6 916017 253361 98%
c I  1.12 148 90 1 110 1002  793  7% 7 916017 253361 98%
c -  1.70 179 67 2 181 1477 1173  7% 8 916017 253361 98%
c i  1.90 179 59 2 224 1825 1467  7% 8 916017 252666 97%
c B  2.79 179 53 2 364 3003 2502  8% 9 916017 252666 97%
c -  3.18 179 51 3 364 3242 2186  8% 9 907000 252666 97%
c s  4.40 204 47 3 462 4074 2894  9% 9 907000 252666 97%
c w  5.88 205 47 3 462 4074 2887  9% 9 907000 252666 97%
c t  5.95 205 47 3 462 4074 2885  9% 9 906509 252666 97%
c e  8.56 208 47 3 462 4074   33  9% 9 222693 27573 11%
c s  8.80 208 47 3 462 4074   32  9% 9 222465 27573 11%
c e  9.10 154 47 3 462 4074   27  9% 9 222436 27495 11%
c 3  9.40 165 46 3 500 5004 3143  5% 9 222436 27495 11%
c 3  9.41 165 46 3 500 5004 3215  5% 9 222436 27495 11%
c d  9.46 165 46 3 500 5004 3209  5% 9 222436 27494 11%
c 2  9.48 165 46 3 500 5004 3207  5% 9 222436 27494 11%
c p  9.54 165 46 3 500 5004 5488  5% 9 222436 27494 11%
c -  9.64 165 43 4 517 5594 1436  5% 9 222436 27494 11%
c 
c  seconds   reductions  redundant  irredundant
c          MB    restarts       trail       variables
c           level   conflicts       glue         remaining
c 
c F  9.68 165 42 4 527 6004 1793  5% 9 222436 27494 11%
c -  9.84 165 39 5 566 7615 2323  6% 9 222436 27494 11%
c i  9.99 165 36 5 650 9402 3899  6% 9 222436 27468 11%
c B 10.04 165 35 5 650 10005 4416  6% 9 222436 27468 11%
c - 10.10 165 35 6 657 10040 3092  6% 9 220758 27468 11%
c - 10.46 165 31 7 775 12862 4029  6% 9 220758 27468 11%
c i 10.61 165 29 7 803 14454 5418  6% 9 220758 27461 11%
c i 10.61 165 29 7 803 14456 5418  6% 9 220758 27433 11%
c i 10.61 165 29 7 803 14458 5418  6% 9 220758 27196 10%
c i 10.61 165 29 7 803 14459 5418  6% 9 220758 27067 10%
c } 10.61 165 29 7 803 14461 5418  6% 9 220758 26852 10%
c 0 10.61 165 29 7 803 14461 5418  6% 9 220758 26852 10%
c 
c --- [ result ] -------------------------------------------------------------
c 
s UNSATISFIABLE
c 
c --- [ run-time profiling ] -------------------------------------------------
c 
c process time taken by individual solving procedures
c (percentage relative to process time for solving)
c 
c         5.31   52.20% simplify
c         4.84   47.60% search
c         4.82   47.41% unstable
c         2.84   27.95% elim
c         1.37   13.44% vivify
c         0.81    7.98% subsume
c         0.08    0.79% ternary
c         0.06    0.63% probe
c         0.02    0.20% lucky
c   =================================
c        10.18   95.89% solve
c 
c last line shows process time for solving
c (percentage relative to total process time)
c 
c --- [ statistics ] ---------------------------------------------------------
c 
c backtracked:               29310       202.68 %  of conflicts
c chronological:              5570        19.00 %  of backtracks
c conflicts:                 14461      1421.09    per second
c decisions:                 58228      5722.09    per second
c eliminated:               225171        86.66 %  of all variables
c fixed:                      7816         3.01 %  of all variables
c learned:                   13491        93.29 %  per conflict
c minimized:                134173        27.28 %  learned literals
c propagations:           17505033         1.72 M  per second
c reduced:                    4104        28.38 %  per conflict
c rephased:                      4      3615.25    interval
c restarts:                    803        18.01    interval
c substituted:                   1         0.00 %  of all variables
c subsumed:                   6530         0.21 %  of all clauses
c strengthened:              15534         0.51 %  of all clauses
c ternary:                    2797         0.28 %  of resolved
c vivified:                    116         0.00 %  of all clauses
c weakened:                 797240         2.83    average size
c 
c seconds are measured in process time for solving
c 
c --- [ resources ] ----------------------------------------------------------
c 
c total process time since initialization:        10.61    seconds
c total real time since initialization:           10.61    seconds
c maximum resident set size of process:          214.07    MB
c 
c --- [ shutting down ] ------------------------------------------------------
c 
c exit 20
