c --- [ banner ] -------------------------------------------------------------
c 
c CaDiCaL Radically Simplified CDCL SAT Solver
c Copyright (c) 2016-2019 Armin Biere, JKU Linz
c 
c Version 1.0.3 cb89cbfa16f47cb7bf1ec6ad9855e7b6d5203c18
c g++ (GCC) 6.3.0 -Wall -Wextra -O3 -DNDEBUG
c Fri Aug 23 08:17:16 CDT 2019 Linux login1 4.4.103-6.38-default x86_64
c 
c --- [ config ] -------------------------------------------------------------
c 
c using 'unsat' configuration (target unsatisfiable instances)
c 
c --- [ proof tracing ] ------------------------------------------------------
c 
c opening file to write '/tmp/9_489_0_three.drat'
c writing binary proof trace to '/tmp/9_489_0_three.drat'
c 
c --- [ parsing input ] ------------------------------------------------------
c 
c reading DIMACS file from '/tmp/9_489_0_three.cnf'
c opening file to read '/tmp/9_489_0_three.cnf'
c found 'p cnf 39424 200372' header
c parsed 200372 clauses in 0.08 seconds process time
c 
c --- [ options ] ------------------------------------------------------------
c 
c   --stabilize=false              (different from default 'true')
c   --walk=false                   (different from default 'true')
c 
c --- [ solving ] ------------------------------------------------------------
c 
c time measured in process time since initialization
c 
c  seconds  reductions  redundant  irredundant
c         MB    restarts       trail       variables
c          level   conflicts       glue         remaining
c 
c *  0.08 26  0 0   0    0    0  0% 0 183405 38213 97%
c {  0.08 27  0 0   0    0    0  0% 0 183405 38213 97%
c -  0.13 28 70 1   4  303  214  9% 8 176291 38213 97%
c i  0.14 29 49 1   4  488  354  8% 6 176291 38197 97%
c i  0.14 29 48 1   4  492  357  8% 6 176291 37852 96%
c i  0.14 29 46 1   4  509  371  8% 6 176291 37768 96%
c i  0.14 29 45 1   4  513  374  8% 6 176291 37465 95%
c }  0.14 29 45 1   4  515  374  8% 6 176291 37371 95%
c 0  0.14 29 45 1   4  515  374  8% 6 176291 37371 95%
c 
c --- [ result ] -------------------------------------------------------------
c 
s UNSATISFIABLE
c 
c --- [ run-time profiling ] -------------------------------------------------
c 
c process time taken by individual solving procedures
c (percentage relative to process time for solving)
c 
c         0.06  100.00% search
c         0.06   93.33% unstable
c         0.00    6.67% lucky
c         0.00    0.00% simplify
c   =================================
c         0.06   42.86% solve
c 
c last line shows process time for solving
c (percentage relative to total process time)
c 
c --- [ statistics ] ---------------------------------------------------------
c 
c backtracked:                 629       122.14 %  of conflicts
c chronological:               259        41.18 %  of backtracks
c conflicts:                   515      8583.33    per second
c decisions:                  3026     50433.33    per second
c fixed:                      2053         5.21 %  of all variables
c learned:                     411        79.81 %  per conflict
c minimized:                  2368        23.47 %  learned literals
c propagations:             142932         2.38 M  per second
c restarts:                      4       128.75    interval
c subsumed:                     32         0.01 %  of all clauses
c 
c seconds are measured in process time for solving
c 
c --- [ resources ] ----------------------------------------------------------
c 
c total process time since initialization:         0.14    seconds
c total real time since initialization:            0.14    seconds
c maximum resident set size of process:           29.29    MB
c 
c --- [ shutting down ] ------------------------------------------------------
c 
c exit 20
