c --- [ banner ] -------------------------------------------------------------
c 
c CaDiCaL Radically Simplified CDCL SAT Solver
c Copyright (c) 2016-2019 Armin Biere, JKU Linz
c 
c Version 1.0.3 cb89cbfa16f47cb7bf1ec6ad9855e7b6d5203c18
c g++ (GCC) 6.3.0 -Wall -Wextra -O3 -DNDEBUG
c Fri Aug 23 08:17:16 CDT 2019 Linux login1 4.4.103-6.38-default x86_64
c 
c --- [ config ] -------------------------------------------------------------
c 
c using 'unsat' configuration (target unsatisfiable instances)
c 
c --- [ proof tracing ] ------------------------------------------------------
c 
c opening file to write '/tmp/76_1027_0_six.drat'
c writing binary proof trace to '/tmp/76_1027_0_six.drat'
c 
c --- [ parsing input ] ------------------------------------------------------
c 
c reading DIMACS file from '/tmp/76_1027_0_six.cnf'
c opening file to read '/tmp/76_1027_0_six.cnf'
c found 'p cnf 50176 399284' header
c parsed 399284 clauses in 0.13 seconds process time
c 
c --- [ options ] ------------------------------------------------------------
c 
c   --stabilize=false              (different from default 'true')
c   --walk=false                   (different from default 'true')
c 
c --- [ solving ] ------------------------------------------------------------
c 
c time measured in process time since initialization
c 
c  seconds  reductions  redundant  irredundant
c         MB    restarts       trail       variables
c          level   conflicts       glue         remaining
c 
c *  0.13 44  0 0   0    0    0  0% 0 365634 48447 97%
c {  0.14 45  0 0   0    0    0  0% 0 365634 48447 97%
c -  0.18 47 73 1  40  305  222  8% 11 354271 48447 97%
c I  0.22 47 65 1  68 1010  662 10% 12 354271 48447 97%
c -  0.29 59 68 2  69 1236  724 10% 11 354271 48447 97%
c -  0.42 59 66 3 157 2637 1356 10% 12 354271 48447 97%
c B  0.45 59 63 3 178 3014 1660 10% 12 354271 48447 97%
c -  0.58 59 67 4 245 4500 1910 10% 11 354271 48447 97%
c d  0.72 61 69 4 277 5001 2285 10% 12 349507 46065 92%
c 2  0.83 61 69 4 277 5001 2285 10% 12 343552 46065 92%
c p  0.91 63 69 4 277 5001 5013 10% 12 343552 46065 92%
c s  1.10 70 73 4 301 5835 5659 10% 11 343552 46065 92%
c v  1.34 70 73 4 301 5835 5659 10% 11 339785 46065 92%
c w  1.42 70 73 4 301 5835 5657 10% 11 339785 46065 92%
c t  1.45 70 73 4 301 5835 5657 10% 11 310915 46065 92%
c e  2.02 65 73 4 301 5835 2593 10% 11 294138 29899 60%
c F  2.21 75 72 4 315 6016 2727  4% 11 294138 29899 60%
c -  2.28 75 68 5 325 6826 1214  6% 11 294138 29899 60%
c -  2.46 75 61 6 447 9472 2526  6% 11 294138 29899 60%
c B  2.50 75 59 6 447 10018 2977  7% 10 294138 29899 60%
c 
c  seconds  reductions   redundant   irredundant
c         MB    restarts        trail        variables
c          level    conflicts       glue          remaining
c 
c -  2.69 75 56 7 644 12555 3545  7% 10 294138 29899 60%
c 3  2.95 75 54 7 718 15001 25384  7% 10 294138 29899 60%
c 2  2.99 75 54 7 718 15001 25383  7% 10 294138 29899 60%
c p  3.02 75 54 7 718 15001 26692  7% 10 294138 29899 60%
c #  3.04 75 54 7 718 15021 26706  7% 10 294138 29899 60%
c -  3.18 75 52 8 773 16079 4868  7% 10 294138 29899 60%
c s  3.42 76 51 8 865 19033 7186  7% 10 294138 29899 60%
c v  3.64 76 51 8 865 19033 7186  7% 10 277765 29899 60%
c w  3.70 76 51 8 865 19033 7135  7% 10 277765 29899 60%
c t  3.70 76 51 8 865 19033 7135  7% 10 277739 29899 60%
c e  3.81 76 51 8 865 19033 7077  7% 10 277735 29895 60%
c s  3.83 76 51 8 865 19033 6906  7% 10 277265 29895 60%
c e  3.91 76 51 8 865 19033 6873  7% 10 277262 29889 60%
c -  4.03 76 50 9 892 20046 5538  7% 10 277262 29889 60%
c B  4.08 76 50 9 960 21024 6347  7% 10 277262 29889 60%
c -  4.38 76 48 10 1162 24374 6037  7% 10 277262 29889 60%
c O  4.66 76 48 10 1368 28028 9027  8% 10 277262 29889 60%
c -  4.79 76 47 11 1429 29138 6919  8% 10 277262 29889 60%
c d  4.87 76 46 11 1454 30001 7598  8% 10 277261 29888 60%
c 3  4.94 76 46 11 1454 30001 26649  8% 10 277261 29888 60%
c 
c  seconds  reductions      redundant   irredundant
c         MB     restarts          trail        variables
c          level      conflicts        glue          remaining
c 
c 3  4.96 76 46 11 1454 30001 26684  8% 10 277261 29888 60%
c 2  5.00 76 46 11 1454 30001 26673  8% 10 277260 29888 60%
c p  5.02 76 46 11 1454 30001 27990  8% 10 277260 29888 60%
c -  5.39 76 44 12 1618 34332 8976  8% 10 277260 29888 60%
c B  5.56 76 42 12 1636 36032 10369  8% 9 277260 29888 60%
c s  5.87 76 41 12 1754 38315 12073  8% 9 276997 29888 60%
c v  6.12 76 41 12 1754 38315 12073  8% 9 261982 29888 60%
c w  6.20 76 41 12 1754 38315 12027  8% 9 261982 29888 60%
c t  6.21 76 41 12 1754 38315 12027  8% 9 261955 29888 60%
c e  6.30 76 41 12 1754 38315 11933  8% 9 261933 29854 59%
c s  6.36 76 41 12 1754 38315 11773  8% 9 261912 29854 59%
c e  6.40 76 41 12 1754 38315 11720  8% 9 261912 29844 59%
c -  6.61 76 42 13 1811 39959 9578  8% 9 261912 29844 59%
c I  7.13 76 41 13 2155 45033 13876  8% 9 261912 29844 59%
c -  7.28 76 40 14 2190 45917 10301  8% 9 261912 29844 59%
c 3  7.82 76 39 14 2414 50002 30234  8% 9 261912 29844 59%
c 3  7.84 76 39 14 2414 50002 32387  8% 9 261912 29844 59%
c p  7.92 76 39 14 2414 50002 35489  8% 9 261912 29840 59%
c -  8.28 76 39 15 2560 52299 12191  8% 9 261485 29840 59%
c B  8.62 76 38 15 2810 55037 14524  9% 9 261485 29840 59%
c 
c  seconds  reductions      redundant  irredundant
c         MB     restarts          trail       variables
c          level      conflicts        glue         remaining
c 
c -  9.12 76 38 16 3055 59104 12794  9% 9 261485 29840 59%
c s  9.79 76 36 16 3230 63384 16108  9% 9 261464 29840 59%
c v 10.12 76 36 16 3230 63384 16108  9% 9 228269 29840 59%
c w 10.24 76 36 16 3230 63384 16024  9% 9 228269 29839 59%
c t 10.25 76 36 16 3230 63384 16018  9% 9 228209 29839 59%
c e 10.36 76 36 16 3230 63384 14369  9% 9 227860 29752 59%
c s 10.41 76 36 16 3230 63384 14168  9% 9 227841 29752 59%
c e 10.46 76 36 16 3230 63384 14099  9% 9 227837 29740 59%
c F 10.78 76 35 16 3319 66038 16226  9% 9 227837 29740 59%
c - 10.83 77 35 17 3334 66332 12031  9% 9 227837 29740 59%
c i 11.40 77 34 17 3511 70957 15859  9% 9 227837 29734 59%
c - 11.72 77 34 18 3587 73664 12578  9% 9 227476 29734 59%
c 3 11.92 77 34 18 3664 75002 36645  9% 9 227476 29734 59%
c 2 11.95 77 34 18 3664 75002 36643  9% 9 227476 29734 59%
c p 11.98 77 34 18 3664 75002 40042  9% 9 227476 29727 59%
c B 12.36 77 33 18 3772 78042 42661  9% 9 227476 29727 59%
c - 12.84 77 33 19 3916 81399 15456  9% 9 227056 29727 59%
c - 13.91 77 31 20 4275 89536 16019 10% 9 227056 29727 59%
c # 14.11 77 31 20 4327 91044 17313 10% 9 227056 29727 59%
c s 14.44 77 31 20 4355 92760 18538 10% 9 226966 29727 59%
c 
c  seconds  reductions      redundant  irredundant
c         MB     restarts          trail       variables
c          level      conflicts        glue         remaining
c 
c v 14.81 77 31 20 4355 92760 18538 10% 9 220827 29727 59%
c w 14.96 77 31 20 4355 92760 18457 10% 9 220827 29727 59%
c t 14.97 77 31 20 4355 92760 18448 10% 9 220680 29722 59%
c e 15.06 77 31 20 4355 92760 17295 10% 9 220283 29406 59%
c s 15.11 77 31 20 4355 92760 17089 10% 9 220261 29406 59%
c e 15.16 77 31 20 4355 92760 15005 10% 9 220236 29395 59%
c - 15.88 77 30 21 4500 98079 14975 10% 9 220236 29395 59%
c d 16.81 77 29 21 4657 105003 19791 10% 9 220228 29392 59%
c 3 16.88 77 29 21 4657 105003 40136 10% 9 220228 29392 59%
c 2 16.91 77 29 21 4657 105003 40122 10% 9 220228 29388 59%
c p 16.98 77 29 21 4657 105003 49900 10% 9 220228 29369 59%
c d 17.00 77 29 21 4657 105003 49580 10% 9 219458 29366 59%
c B 17.03 77 29 21 4666 105050 49624 10% 9 219458 29366 59%
c i 17.13 77 29 21 4684 105633 50076 10% 9 219458 29139 58%
c i 17.16 77 29 21 4684 105829 50226 10% 9 219458 29133 58%
c i 17.25 77 29 21 4684 106375 50652 10% 9 219458 28931 58%
c i 17.25 77 29 21 4684 106376 50652 10% 9 219458 28810 57%
c } 17.25 77 29 21 4684 106381 50652 10% 9 219458 23990 48%
c 0 17.25 77 29 21 4684 106381 50652 10% 9 219458 23990 48%
c 
c --- [ result ] -------------------------------------------------------------
c 
s UNSATISFIABLE
c 
c --- [ run-time profiling ] -------------------------------------------------
c 
c process time taken by individual solving procedures
c (percentage relative to process time for solving)
c 
c        12.20   71.24% search
c        12.19   71.21% unstable
c         4.92   28.76% simplify
c         1.77   10.33% vivify
c         1.16    6.75% elim
c         0.69    4.02% subsume
c         0.55    3.20% ternary
c         0.28    1.64% probe
c         0.00    0.02% lucky
c   =================================
c        17.12   99.23% solve
c 
c last line shows process time for solving
c (percentage relative to total process time)
c 
c --- [ statistics ] ---------------------------------------------------------
c 
c backtracked:              604159       567.92 %  of conflicts
c chronological:             39690         6.57 %  of backtracks
c conflicts:                106381      6213.84    per second
c decisions:                396546     23162.73    per second
c eliminated:                16642        33.17 %  of all variables
c fixed:                      7155        14.26 %  of all variables
c learned:                   97151        91.32 %  per conflict
c minimized:               1880532        39.42 %  learned literals
c propagations:           81235170         4.75 M  per second
c reduced:                   55837        52.49 %  per conflict
c rephased:                     14      7598.64    interval
c restarts:                   4684        22.71    interval
c substituted:                2389         4.76 %  of all variables
c subsumed:                  93311         5.18 %  of all clauses
c strengthened:              17241         0.96 %  of all clauses
c ternary:                  145543         1.08 %  of resolved
c vivified:                  77986         4.33 %  of all clauses
c weakened:                 111185         4.31    average size
c 
c seconds are measured in process time for solving
c 
c --- [ resources ] ----------------------------------------------------------
c 
c total process time since initialization:        17.25    seconds
c total real time since initialization:           17.25    seconds
c maximum resident set size of process:           77.18    MB
c 
c --- [ shutting down ] ------------------------------------------------------
c 
c exit 20
