c --- [ banner ] -------------------------------------------------------------
c 
c CaDiCaL Radically Simplified CDCL SAT Solver
c Copyright (c) 2016-2019 Armin Biere, JKU Linz
c 
c Version 1.0.3 cb89cbfa16f47cb7bf1ec6ad9855e7b6d5203c18
c g++ (GCC) 6.3.0 -Wall -Wextra -O3 -DNDEBUG
c Fri Aug 23 08:17:16 CDT 2019 Linux login1 4.4.103-6.38-default x86_64
c 
c --- [ config ] -------------------------------------------------------------
c 
c using 'unsat' configuration (target unsatisfiable instances)
c 
c --- [ proof tracing ] ------------------------------------------------------
c 
c opening file to write '/tmp/76_1091_0_six.drat'
c writing binary proof trace to '/tmp/76_1091_0_six.drat'
c 
c --- [ parsing input ] ------------------------------------------------------
c 
c reading DIMACS file from '/tmp/76_1091_0_six.cnf'
c opening file to read '/tmp/76_1091_0_six.cnf'
c found 'p cnf 50176 399284' header
c parsed 399284 clauses in 0.31 seconds process time
c 
c --- [ options ] ------------------------------------------------------------
c 
c   --stabilize=false              (different from default 'true')
c   --walk=false                   (different from default 'true')
c 
c --- [ solving ] ------------------------------------------------------------
c 
c time measured in process time since initialization
c 
c  seconds  reductions  redundant  irredundant
c         MB    restarts       trail       variables
c          level   conflicts       glue         remaining
c 
c *  0.31 45  0 0   0    0    0  0% 0 365624 48298 96%
c {  0.32 45  0 0   0    0    0  0% 0 365624 48298 96%
c -  0.41 47 70 1  37  313  230  8% 10 350774 48298 96%
c I  0.49 48 77 1  83 1003  682 12% 11 350774 48298 96%
c -  0.64 60 82 2 104 1245  777 12% 12 350774 48298 96%
c i  0.70 60 68 2 137 2114 1351 11% 11 350774 47894 95%
c -  0.80 60 57 3 137 2641  967 10% 10 338997 47797 95%
c B  0.84 60 60 3 158 3007 1228 11% 10 338997 47797 95%
c i  0.94 60 55 3 183 4293 2092 12% 10 338997 47796 95%
c i  0.94 60 55 3 183 4294 2092 12% 10 338997 47783 95%
c i  0.95 60 55 3 192 4417 2186 12% 10 338997 47487 95%
c -  1.02 59 54 4 193 4477 1621 12% 10 331350 47462 95%
c }  1.02 59 54 4 193 4498 1636 12% 9 331350 47400 94%
c 0  1.02 59 54 4 193 4498 1636 12% 9 331350 47400 94%
c 
c --- [ result ] -------------------------------------------------------------
c 
s UNSATISFIABLE
c 
c --- [ run-time profiling ] -------------------------------------------------
c 
c process time taken by individual solving procedures
c (percentage relative to process time for solving)
c 
c         0.71  100.00% search
c         0.71   99.44% unstable
c         0.00    0.56% lucky
c         0.00    0.00% simplify
c   =================================
c         0.71   69.53% solve
c 
c last line shows process time for solving
c (percentage relative to total process time)
c 
c --- [ statistics ] ---------------------------------------------------------
c 
c backtracked:                5276       117.30 %  of conflicts
c chronological:              1689        32.01 %  of backtracks
c conflicts:                  4498      6317.42    per second
c decisions:                 23617     33169.94    per second
c fixed:                      2776         5.53 %  of all variables
c learned:                    3523        78.32 %  per conflict
c minimized:                 47962        25.85 %  learned literals
c propagations:            1904176         2.67 M  per second
c reduced:                     754        16.76 %  per conflict
c rephased:                      2      2249.00    interval
c restarts:                    193        23.31    interval
c subsumed:                    475         0.06 %  of all clauses
c 
c seconds are measured in process time for solving
c 
c --- [ resources ] ----------------------------------------------------------
c 
c total process time since initialization:         1.02    seconds
c total real time since initialization:            1.02    seconds
c maximum resident set size of process:           69.13    MB
c 
c --- [ shutting down ] ------------------------------------------------------
c 
c exit 20
