c --- [ banner ] -------------------------------------------------------------
c 
c CaDiCaL Radically Simplified CDCL SAT Solver
c Copyright (c) 2016-2019 Armin Biere, JKU Linz
c 
c Version 1.0.3 cb89cbfa16f47cb7bf1ec6ad9855e7b6d5203c18
c g++ (GCC) 6.3.0 -Wall -Wextra -O3 -DNDEBUG
c Fri Aug 23 08:17:16 CDT 2019 Linux login1 4.4.103-6.38-default x86_64
c 
c --- [ config ] -------------------------------------------------------------
c 
c using 'unsat' configuration (target unsatisfiable instances)
c 
c --- [ proof tracing ] ------------------------------------------------------
c 
c opening file to write '/tmp/76_887_0_six.drat'
c writing binary proof trace to '/tmp/76_887_0_six.drat'
c 
c --- [ parsing input ] ------------------------------------------------------
c 
c reading DIMACS file from '/tmp/76_887_0_six.cnf'
c opening file to read '/tmp/76_887_0_six.cnf'
c found 'p cnf 50176 399284' header
c parsed 399284 clauses in 0.15 seconds process time
c 
c --- [ options ] ------------------------------------------------------------
c 
c   --stabilize=false              (different from default 'true')
c   --walk=false                   (different from default 'true')
c 
c --- [ solving ] ------------------------------------------------------------
c 
c time measured in process time since initialization
c 
c  seconds  reductions  redundant  irredundant
c         MB    restarts       trail       variables
c          level   conflicts       glue         remaining
c 
c *  0.15 45  0 0   0    0    0  0% 0 365615 48177 96%
c {  0.16 45  0 0   0    0    0  0% 0 365615 48177 96%
c i  0.16 46 41 0   4   96   73  7% 4 365615 48080 96%
c -  0.21 47 59 1  21  309  206  9% 7 345536 48080 96%
c i  0.22 47 54 1  21  380  247  9% 7 345536 47911 95%
c i  0.22 47 54 1  21  391  253  9% 8 345536 47621 95%
c i  0.23 47 49 1  22  463  297  9% 8 345536 47534 95%
c I  0.26 47 51 1  77 1003  575  9% 10 345536 47492 95%
c -  0.38 58 48 2  77 1232  634  9% 9 332889 47492 95%
c -  0.54 58 35 3 165 2607 1306 10% 10 332889 47492 95%
c i  0.57 58 34 3 175 2942 1529 10% 9 332889 47277 94%
c B  0.58 58 34 3 175 3007 1586 10% 9 332889 47172 94%
c }  0.61 58 34 3 175 3477 1965 11% 9 332889 46986 94%
c 0  0.61 58 34 3 175 3477 1965 11% 9 332889 46986 94%
c 
c --- [ result ] -------------------------------------------------------------
c 
s UNSATISFIABLE
c 
c --- [ run-time profiling ] -------------------------------------------------
c 
c process time taken by individual solving procedures
c (percentage relative to process time for solving)
c 
c         0.46  100.00% search
c         0.46   99.13% unstable
c         0.00    0.87% lucky
c         0.00    0.00% simplify
c   =================================
c         0.46   75.16% solve
c 
c last line shows process time for solving
c (percentage relative to total process time)
c 
c --- [ statistics ] ---------------------------------------------------------
c 
c backtracked:                4084       117.46 %  of conflicts
c chronological:              1157        28.33 %  of backtracks
c conflicts:                  3477      7558.70    per second
c decisions:                 16390     35630.43    per second
c fixed:                      3190         6.36 %  of all variables
c learned:                    2811        80.85 %  per conflict
c minimized:                 42925        30.01 %  learned literals
c propagations:            1619474         3.52 M  per second
c reduced:                     394        11.33 %  per conflict
c rephased:                      2      1738.50    interval
c restarts:                    175        19.87    interval
c subsumed:                    436         0.06 %  of all clauses
c 
c seconds are measured in process time for solving
c 
c --- [ resources ] ----------------------------------------------------------
c 
c total process time since initialization:         0.61    seconds
c total real time since initialization:            0.62    seconds
c maximum resident set size of process:           66.81    MB
c 
c --- [ shutting down ] ------------------------------------------------------
c 
c exit 20
