c --- [ banner ] -------------------------------------------------------------
c 
c CaDiCaL Radically Simplified CDCL SAT Solver
c Copyright (c) 2016-2019 Armin Biere, JKU Linz
c 
c Version 1.0.3 cb89cbfa16f47cb7bf1ec6ad9855e7b6d5203c18
c g++ (GCC) 6.3.0 -Wall -Wextra -O3 -DNDEBUG
c Fri Aug 23 08:17:16 CDT 2019 Linux login1 4.4.103-6.38-default x86_64
c 
c --- [ config ] -------------------------------------------------------------
c 
c using 'unsat' configuration (target unsatisfiable instances)
c 
c --- [ proof tracing ] ------------------------------------------------------
c 
c opening file to write '/tmp/42_351_0_six.drat'
c writing binary proof trace to '/tmp/42_351_0_six.drat'
c 
c --- [ parsing input ] ------------------------------------------------------
c 
c reading DIMACS file from '/tmp/42_351_0_six.cnf'
c opening file to read '/tmp/42_351_0_six.cnf'
c found 'p cnf 50176 399289' header
c parsed 399289 clauses in 0.15 seconds process time
c 
c --- [ options ] ------------------------------------------------------------
c 
c   --stabilize=false              (different from default 'true')
c   --walk=false                   (different from default 'true')
c 
c --- [ solving ] ------------------------------------------------------------
c 
c time measured in process time since initialization
c 
c  seconds  reductions  redundant  irredundant
c         MB    restarts       trail       variables
c          level   conflicts       glue         remaining
c 
c *  0.15 44  0 0   0    0    0  0% 0 363738 48224 96%
c {  0.16 45  0 0   0    0    0  0% 0 363738 48224 96%
c -  0.21 46 42 1  26  302  206  7% 9 349034 48224 96%
c I  0.26 47 58 1  63 1004  684 10% 9 349034 48224 96%
c -  0.38 59 50 2  63 1227  747 10% 9 349034 48224 96%
c -  0.59 59 47 3 145 2621 1370 10% 9 349034 48224 96%
c B  0.63 59 45 3 166 3005 1674 10% 9 349034 48224 96%
c -  0.85 59 44 4 229 4472 2123 11% 9 349034 48224 96%
c d  1.05 61 43 4 251 5000 2523 11% 9 344342 45878 91%
c 2  1.24 60 43 4 251 5000 2523 11% 9 338477 45878 91%
c p  1.42 62 43 4 251 5000 8759 11% 9 338477 45878 91%
c i  1.48 62 43 4 263 5069 8820 11% 9 338477 45841 91%
c s  1.72 69 41 4 280 5831 9409 11% 9 338476 45841 91%
c v  2.15 69 41 4 280 5831 9409 11% 9 334461 45841 91%
c w  2.26 69 41 4 280 5831 9404 11% 9 334461 45841 91%
c t  2.31 69 41 4 280 5831 9404 11% 9 302796 45841 91%
c e  3.07 64 41 4 280 5831 4268 11% 9 283681 28842 57%
c s  3.20 69 41 4 280 5831 4258 11% 9 283677 28842 57%
c F  3.48 73 40 4 280 6011 4393  9% 9 283677 28842 57%
c i  3.48 73 40 4 280 6065 4433  8% 8 283677 28836 57%
c 
c  seconds  reductions  redundant  irredundant
c         MB    restarts       trail       variables
c          level   conflicts       glue         remaining
c 
c i  3.54 73 38 4 286 6757 4910  6% 8 283677 28823 57%
c -  3.59 73 38 5 286 6786 1281  6% 8 281185 28823 57%
c i  3.59 73 37 5 286 6818 1310  6% 8 281185 28816 57%
c i  3.60 73 37 5 286 6895 1364  6% 8 281185 28803 57%
c i  3.60 73 37 5 286 6935 1390  6% 8 281185 28659 57%
c i  3.60 73 37 5 286 6936 1390  6% 8 281185 28647 57%
c i  3.60 73 37 5 286 6949 1399  6% 8 281185 28628 57%
c i  3.60 73 37 5 286 6950 1399  6% 8 281185 28591 57%
c }  3.60 73 36 5 286 6956 1402  6% 8 281185 28303 56%
c 0  3.60 73 36 5 286 6956 1402  6% 8 281185 28303 56%
c 
c --- [ result ] -------------------------------------------------------------
c 
s UNSATISFIABLE
c 
c --- [ run-time profiling ] -------------------------------------------------
c 
c process time taken by individual solving procedures
c (percentage relative to process time for solving)
c 
c         2.17   62.92% simplify
c         1.28   37.08% search
c         1.28   36.96% unstable
c         0.83   24.10% elim
c         0.48   14.02% vivify
c         0.26    7.65% subsume
c         0.18    5.10% probe
c         0.14    4.17% ternary
c         0.00    0.12% lucky
c   =================================
c         3.45   95.78% solve
c 
c last line shows process time for solving
c (percentage relative to total process time)
c 
c --- [ statistics ] ---------------------------------------------------------
c 
c backtracked:               28556       410.52 %  of conflicts
c chronological:              2634         9.22 %  of backtracks
c conflicts:                  6956      2015.06    per second
c decisions:                 30518      8840.67    per second
c eliminated:                16999        33.88 %  of all variables
c fixed:                      2528         5.04 %  of all variables
c learned:                    5822        83.70 %  per conflict
c minimized:                 89973        30.89 %  learned literals
c propagations:            4917159         1.42 M  per second
c reduced:                    1252        18.00 %  per conflict
c rephased:                      3      2318.67    interval
c restarts:                    286        24.32    interval
c substituted:                2346         4.68 %  of all variables
c subsumed:                  10956         0.86 %  of all clauses
c strengthened:               3899         0.31 %  of all clauses
c vivified:                   4094         0.32 %  of all clauses
c weakened:                 108074         4.03    average size
c 
c seconds are measured in process time for solving
c 
c --- [ resources ] ----------------------------------------------------------
c 
c total process time since initialization:         3.60    seconds
c total real time since initialization:            3.61    seconds
c maximum resident set size of process:           72.79    MB
c 
c --- [ shutting down ] ------------------------------------------------------
c 
c exit 20
