c --- [ banner ] -------------------------------------------------------------
c 
c CaDiCaL Radically Simplified CDCL SAT Solver
c Copyright (c) 2016-2019 Armin Biere, JKU Linz
c 
c Version 1.0.3 cb89cbfa16f47cb7bf1ec6ad9855e7b6d5203c18
c g++ (GCC) 6.3.0 -Wall -Wextra -O3 -DNDEBUG
c Fri Aug 23 08:17:16 CDT 2019 Linux login1 4.4.103-6.38-default x86_64
c 
c --- [ config ] -------------------------------------------------------------
c 
c using 'unsat' configuration (target unsatisfiable instances)
c 
c --- [ proof tracing ] ------------------------------------------------------
c 
c opening file to write '/tmp/42_595_0_six.drat'
c writing binary proof trace to '/tmp/42_595_0_six.drat'
c 
c --- [ parsing input ] ------------------------------------------------------
c 
c reading DIMACS file from '/tmp/42_595_0_six.cnf'
c opening file to read '/tmp/42_595_0_six.cnf'
c found 'p cnf 50176 399289' header
c parsed 399289 clauses in 0.15 seconds process time
c 
c --- [ options ] ------------------------------------------------------------
c 
c   --stabilize=false              (different from default 'true')
c   --walk=false                   (different from default 'true')
c 
c --- [ solving ] ------------------------------------------------------------
c 
c time measured in process time since initialization
c 
c  seconds  reductions  redundant  irredundant
c         MB    restarts       trail       variables
c          level   conflicts       glue         remaining
c 
c *  0.15 44  0 0   0    0    0  0% 0 363728 48343 96%
c {  0.16 45  0 0   0    0    0  0% 0 363728 48343 96%
c -  0.22 48 105 1  34  309  209 10% 13 352529 48343 96%
c i  0.25 48 138 1  44  622  361 12% 14 352529 48342 96%
c i  0.25 48 138 1  44  627  365 12% 14 352529 48298 96%
c I  0.28 48 114 1  49 1002  600 14% 13 352529 48237 96%
c -  0.39 60 112 2  61 1252  610 13% 13 349729 48237 96%
c }  0.42 60 95 2  73 1626  858 13% 13 349729 47996 96%
c 0  0.42 60 95 2  73 1626  858 13% 13 349729 47996 96%
c 
c --- [ result ] -------------------------------------------------------------
c 
s UNSATISFIABLE
c 
c --- [ run-time profiling ] -------------------------------------------------
c 
c process time taken by individual solving procedures
c (percentage relative to process time for solving)
c 
c         0.26  100.00% search
c         0.26   98.48% unstable
c         0.00    1.52% lucky
c         0.00    0.00% simplify
c   =================================
c         0.26   63.46% solve
c 
c last line shows process time for solving
c (percentage relative to total process time)
c 
c --- [ statistics ] ---------------------------------------------------------
c 
c backtracked:                1858       114.27 %  of conflicts
c chronological:               556        29.92 %  of backtracks
c conflicts:                  1626      6159.09    per second
c decisions:                 11710     44356.06    per second
c fixed:                      2180         4.34 %  of all variables
c learned:                    1059        65.13 %  per conflict
c minimized:                 10790        17.39 %  learned literals
c propagations:             699724         2.65 M  per second
c reduced:                     110         6.77 %  per conflict
c rephased:                      1      1626.00    interval
c restarts:                     73        22.27    interval
c subsumed:                     87         0.01 %  of all clauses
c 
c seconds are measured in process time for solving
c 
c --- [ resources ] ----------------------------------------------------------
c 
c total process time since initialization:         0.42    seconds
c total real time since initialization:            0.42    seconds
c maximum resident set size of process:           59.70    MB
c 
c --- [ shutting down ] ------------------------------------------------------
c 
c exit 20
