c --- [ banner ] -------------------------------------------------------------
c 
c CaDiCaL Radically Simplified CDCL SAT Solver
c Copyright (c) 2016-2019 Armin Biere, JKU Linz
c 
c Version 1.0.3 cb89cbfa16f47cb7bf1ec6ad9855e7b6d5203c18
c g++ (GCC) 6.3.0 -Wall -Wextra -O3 -DNDEBUG
c Fri Aug 23 08:17:16 CDT 2019 Linux login1 4.4.103-6.38-default x86_64
c 
c --- [ config ] -------------------------------------------------------------
c 
c using 'unsat' configuration (target unsatisfiable instances)
c 
c --- [ proof tracing ] ------------------------------------------------------
c 
c opening file to write '/tmp/42_564_0_six.drat'
c writing binary proof trace to '/tmp/42_564_0_six.drat'
c 
c --- [ parsing input ] ------------------------------------------------------
c 
c reading DIMACS file from '/tmp/42_564_0_six.cnf'
c opening file to read '/tmp/42_564_0_six.cnf'
c found 'p cnf 50176 399289' header
c parsed 399289 clauses in 0.31 seconds process time
c 
c --- [ options ] ------------------------------------------------------------
c 
c   --stabilize=false              (different from default 'true')
c   --walk=false                   (different from default 'true')
c 
c --- [ solving ] ------------------------------------------------------------
c 
c time measured in process time since initialization
c 
c  seconds  reductions  redundant  irredundant
c         MB    restarts       trail       variables
c          level   conflicts       glue         remaining
c 
c *  0.31 44  0 0   0    0    0  0% 0 363719 48211 96%
c {  0.31 45  0 0   0    0    0  0% 0 363719 48211 96%
c -  0.39 46 67 1  31  301  206  8% 10 349035 48211 96%
c I  0.45 47 66 1  81 1015  707  9% 11 349035 48211 96%
c -  0.58 59 61 2  81 1227  784 10% 11 349035 48211 96%
c -  0.77 59 55 3 136 2615 1433 10% 10 349035 48211 96%
c B  0.81 59 54 3 181 3016 1722 10% 10 349035 48211 96%
c -  1.02 59 49 4 246 4471 2009 10% 10 349035 48211 96%
c d  1.21 61 47 4 249 5000 2366 10% 9 344343 45865 91%
c 2  1.40 60 47 4 249 5000 2366 10% 9 338478 45865 91%
c p  1.64 62 47 4 249 5000 12163 10% 9 338478 45843 91%
c i  1.74 63 46 4 255 5578 12542 10% 9 338478 45784 91%
c i  1.74 63 46 4 255 5587 12548 10% 9 338478 45678 91%
c i  1.76 63 45 4 260 5825 12685 10% 9 338478 45646 91%
c i  1.76 63 45 4 260 5826 12685 10% 9 338478 45362 90%
c i  1.76 63 45 4 260 5827 12685 10% 9 338478 45346 90%
c s  1.91 69 45 4 260 5831 12681 10% 9 338478 45346 90%
c v  2.36 69 45 4 260 5831 12681 10% 9 334981 45346 90%
c w  2.48 69 45 4 260 5831 12432 10% 9 334981 42892 85%
c t  2.52 69 45 4 260 5831 12432 10% 9 309394 42892 85%
c 
c  seconds  reductions  redundant  irredundant
c         MB    restarts       trail       variables
c          level   conflicts       glue         remaining
c 
c e  3.16 62 45 4 260 5831  402 10% 9 221701 23741 47%
c s  3.26 68 45 4 260 5831  397 10% 9 221701 23741 47%
c F  3.47 68 44 4 260 6017  529  2% 9 221701 23741 47%
c }  3.48 69 44 4 260 6020  530  2% 9 221701 23684 47%
c 0  3.48 69 44 4 260 6020  530  2% 9 221701 23684 47%
c 
c --- [ result ] -------------------------------------------------------------
c 
s UNSATISFIABLE
c 
c --- [ run-time profiling ] -------------------------------------------------
c 
c process time taken by individual solving procedures
c (percentage relative to process time for solving)
c 
c         2.08   65.78% simplify
c         1.08   34.22% search
c         1.08   34.09% unstable
c         0.70   21.97% elim
c         0.51   16.04% vivify
c         0.24    7.45% probe
c         0.23    7.32% subsume
c         0.15    4.67% ternary
c         0.00    0.13% lucky
c   =================================
c         3.17   91.14% solve
c 
c last line shows process time for solving
c (percentage relative to total process time)
c 
c --- [ statistics ] ---------------------------------------------------------
c 
c backtracked:               28852       479.27 %  of conflicts
c chronological:              2127         7.37 %  of backtracks
c conflicts:                  6020      1900.25    per second
c decisions:                 30161      9520.52    per second
c eliminated:                19145        38.16 %  of all variables
c fixed:                      5001         9.97 %  of all variables
c learned:                    4807        79.85 %  per conflict
c minimized:                 76504        29.60 %  learned literals
c propagations:            4176299         1.32 M  per second
c reduced:                    1207        20.05 %  per conflict
c rephased:                      3      2006.67    interval
c restarts:                    260        23.15    interval
c substituted:                2346         4.68 %  of all variables
c subsumed:                  10334         0.84 %  of all clauses
c strengthened:               1704         0.14 %  of all clauses
c vivified:                   3608         0.29 %  of all clauses
c weakened:                  92910         4.23    average size
c 
c seconds are measured in process time for solving
c 
c --- [ resources ] ----------------------------------------------------------
c 
c total process time since initialization:         3.48    seconds
c total real time since initialization:            3.48    seconds
c maximum resident set size of process:           68.94    MB
c 
c --- [ shutting down ] ------------------------------------------------------
c 
c exit 20
