c --- [ banner ] -------------------------------------------------------------
c 
c CaDiCaL Radically Simplified CDCL SAT Solver
c Copyright (c) 2016-2019 Armin Biere, JKU Linz
c 
c Version 1.0.3 cb89cbfa16f47cb7bf1ec6ad9855e7b6d5203c18
c g++ (GCC) 6.3.0 -Wall -Wextra -O3 -DNDEBUG
c Fri Aug 23 08:17:16 CDT 2019 Linux login1 4.4.103-6.38-default x86_64
c 
c --- [ config ] -------------------------------------------------------------
c 
c using 'unsat' configuration (target unsatisfiable instances)
c 
c --- [ proof tracing ] ------------------------------------------------------
c 
c opening file to write '/tmp/42_695_0_six.drat'
c writing binary proof trace to '/tmp/42_695_0_six.drat'
c 
c --- [ parsing input ] ------------------------------------------------------
c 
c reading DIMACS file from '/tmp/42_695_0_six.cnf'
c opening file to read '/tmp/42_695_0_six.cnf'
c found 'p cnf 50176 399289' header
c parsed 399289 clauses in 0.16 seconds process time
c 
c --- [ options ] ------------------------------------------------------------
c 
c   --stabilize=false              (different from default 'true')
c   --walk=false                   (different from default 'true')
c 
c --- [ solving ] ------------------------------------------------------------
c 
c time measured in process time since initialization
c 
c  seconds  reductions  redundant  irredundant
c         MB    restarts       trail       variables
c          level   conflicts       glue         remaining
c 
c *  0.16 44  0 0   0    0    0  0% 0 363738 48217 96%
c {  0.16 45  0 0   0    0    0  0% 0 363738 48217 96%
c -  0.24 47 90 1  32  300  210  9% 9 349033 48217 96%
c i  0.26 47 113 1  38  450  287 10% 10 349033 48171 96%
c I  0.30 47 79 1  74 1018  674 10% 10 349033 48171 96%
c -  0.43 59 83 2  74 1228  746 10% 10 347969 48171 96%
c -  0.60 62 52 3 125 2620 1251 10% 9 347969 48171 96%
c B  0.63 62 50 3 132 3019 1522 10% 9 347969 48171 96%
c -  0.81 62 53 4 220 4471 1849 10% 9 347969 48171 96%
c d  1.00 63 50 4 234 5002 2216 10% 9 343291 45832 91%
c 2  1.20 61 50 4 234 5002 2216 10% 9 337446 45832 91%
c p  1.47 63 50 4 234 5002 17400 10% 9 337446 45775 91%
c d  1.52 63 50 4 234 5002 17298 10% 9 335456 45759 91%
c d  1.56 63 50 4 234 5002 17298 10% 9 335453 45758 91%
c s  1.82 71 52 4 256 5835 17954 11% 9 335435 45758 91%
c v  2.28 71 52 4 256 5835 17954 11% 9 332753 45758 91%
c w  2.39 71 52 4 256 5835 17943 11% 9 332753 45749 91%
c t  2.44 71 52 4 256 5835 17869 11% 9 300656 45749 91%
c e  3.20 67 52 4 256 5835 6696 11% 9 282634 28611 57%
c F  3.52 76 51 4 268 6020 6842  5% 9 282634 28611 57%
c 
c  seconds  reductions  redundant  irredundant
c         MB    restarts       trail       variables
c          level   conflicts       glue         remaining
c 
c -  3.62 76 49 5 304 6796 1761  7% 9 282634 28611 57%
c i  3.72 76 44 5 390 8234 2819  6% 9 282634 28601 57%
c i  3.72 76 44 5 390 8235 2819  6% 9 282634 28600 57%
c i  3.72 76 44 5 390 8236 2819  6% 9 282634 28561 57%
c i  3.72 76 44 5 390 8237 2819  6% 9 282634 28542 57%
c i  3.73 76 44 5 390 8287 2838  6% 9 282634 28398 57%
c -  3.84 76 38 6 390 9409 2321  6% 8 265862 28398 57%
c i  3.85 76 38 6 390 9535 2409  6% 8 265862 27648 55%
c i  3.85 76 38 6 390 9537 2410  6% 8 265862 27598 55%
c i  3.85 76 38 6 390 9542 2413  6% 8 265862 27581 55%
c i  3.85 76 38 6 390 9543 2413  6% 8 265862 27423 55%
c }  3.85 76 38 6 390 9546 2414  6% 8 265862 27271 54%
c 0  3.85 76 38 6 390 9546 2414  6% 8 265862 27271 54%
c 
c --- [ result ] -------------------------------------------------------------
c 
s UNSATISFIABLE
c 
c --- [ run-time profiling ] -------------------------------------------------
c 
c process time taken by individual solving procedures
c (percentage relative to process time for solving)
c 
c         2.26   61.04% simplify
c         1.44   38.96% search
c         1.44   38.85% unstable
c         0.75   20.24% elim
c         0.51   13.74% vivify
c         0.27    7.36% probe
c         0.24    6.60% subsume
c         0.15    4.11% ternary
c         0.00    0.11% lucky
c   =================================
c         3.70   95.95% solve
c 
c last line shows process time for solving
c (percentage relative to total process time)
c 
c --- [ statistics ] ---------------------------------------------------------
c 
c backtracked:               31851       333.66 %  of conflicts
c chronological:              3412        10.71 %  of backtracks
c conflicts:                  9546      2582.79    per second
c decisions:                 43694     11821.97    per second
c eliminated:                17138        34.16 %  of all variables
c fixed:                      3411         6.80 %  of all variables
c learned:                    8071        84.55 %  per conflict
c minimized:                118129        28.87 %  learned literals
c propagations:            5829733         1.58 M  per second
c reduced:                    1558        16.32 %  per conflict
c rephased:                      3      3182.00    interval
c restarts:                    390        24.48    interval
c substituted:                2356         4.70 %  of all variables
c subsumed:                  10163         0.79 %  of all clauses
c strengthened:               4398         0.34 %  of all clauses
c vivified:                   2744         0.21 %  of all clauses
c weakened:                 108474         4.03    average size
c 
c seconds are measured in process time for solving
c 
c --- [ resources ] ----------------------------------------------------------
c 
c total process time since initialization:         3.85    seconds
c total real time since initialization:            3.85    seconds
c maximum resident set size of process:           76.05    MB
c 
c --- [ shutting down ] ------------------------------------------------------
c 
c exit 20
