c --- [ banner ] -------------------------------------------------------------
c 
c CaDiCaL Radically Simplified CDCL SAT Solver
c Copyright (c) 2016-2019 Armin Biere, JKU Linz
c 
c Version 1.0.3 cb89cbfa16f47cb7bf1ec6ad9855e7b6d5203c18
c g++ (GCC) 6.3.0 -Wall -Wextra -O3 -DNDEBUG
c Fri Aug 23 08:17:16 CDT 2019 Linux login1 4.4.103-6.38-default x86_64
c 
c --- [ config ] -------------------------------------------------------------
c 
c using 'unsat' configuration (target unsatisfiable instances)
c 
c --- [ proof tracing ] ------------------------------------------------------
c 
c opening file to write '/tmp/42_910_0_six.drat'
c writing binary proof trace to '/tmp/42_910_0_six.drat'
c 
c --- [ parsing input ] ------------------------------------------------------
c 
c reading DIMACS file from '/tmp/42_910_0_six.cnf'
c opening file to read '/tmp/42_910_0_six.cnf'
c found 'p cnf 50176 399289' header
c parsed 399289 clauses in 0.15 seconds process time
c 
c --- [ options ] ------------------------------------------------------------
c 
c   --stabilize=false              (different from default 'true')
c   --walk=false                   (different from default 'true')
c 
c --- [ solving ] ------------------------------------------------------------
c 
c time measured in process time since initialization
c 
c  seconds  reductions  redundant  irredundant
c         MB    restarts       trail       variables
c          level   conflicts       glue         remaining
c 
c *  0.15 44  0 0   0    0    0  0% 0 363720 48137 96%
c {  0.16 45  0 0   0    0    0  0% 0 363720 48137 96%
c -  0.22 46 106 1  17  301  182 11% 10 347287 48137 96%
c I  0.28 47 71 1  34 1004  635 11% 9 347287 48137 96%
c -  0.40 59 69 2  57 1228  716 11% 10 347287 48137 96%
c -  0.58 60 54 3  96 2615 1300 11% 10 347287 48137 96%
c B  0.65 60 49 3  98 3007 1631 11% 9 347287 48137 96%
c i  0.82 60 44 3 157 4438 2709 11% 9 347287 48019 96%
c i  0.82 60 44 3 157 4443 2712 11% 9 347287 48001 96%
c i  0.82 60 44 3 157 4445 2712 11% 9 347287 47982 96%
c }  0.83 60 44 3 157 4448 2713 11% 9 347287 44820 89%
c 0  0.83 60 44 3 157 4448 2713 11% 9 347287 44820 89%
c 
c --- [ result ] -------------------------------------------------------------
c 
s UNSATISFIABLE
c 
c --- [ run-time profiling ] -------------------------------------------------
c 
c process time taken by individual solving procedures
c (percentage relative to process time for solving)
c 
c         0.68  100.00% search
c         0.67   99.41% unstable
c         0.00    0.59% lucky
c         0.00    0.00% simplify
c   =================================
c         0.68   81.64% solve
c 
c last line shows process time for solving
c (percentage relative to total process time)
c 
c --- [ statistics ] ---------------------------------------------------------
c 
c backtracked:                5222       117.40 %  of conflicts
c chronological:              1688        32.32 %  of backtracks
c conflicts:                  4448      6579.88    per second
c decisions:                 19614     29014.79    per second
c fixed:                      5356        10.67 %  of all variables
c learned:                    3573        80.33 %  per conflict
c minimized:                 58135        28.57 %  learned literals
c propagations:            2295561         3.40 M  per second
c reduced:                     452        10.16 %  per conflict
c rephased:                      2      2224.00    interval
c restarts:                    157        28.33    interval
c subsumed:                    404         0.05 %  of all clauses
c 
c seconds are measured in process time for solving
c 
c --- [ resources ] ----------------------------------------------------------
c 
c total process time since initialization:         0.83    seconds
c total real time since initialization:            0.83    seconds
c maximum resident set size of process:           68.69    MB
c 
c --- [ shutting down ] ------------------------------------------------------
c 
c exit 20
