c --- [ banner ] -------------------------------------------------------------
c 
c CaDiCaL Radically Simplified CDCL SAT Solver
c Copyright (c) 2016-2019 Armin Biere, JKU Linz
c 
c Version 1.0.3 cb89cbfa16f47cb7bf1ec6ad9855e7b6d5203c18
c g++ (GCC) 6.3.0 -Wall -Wextra -O3 -DNDEBUG
c Fri Aug 23 08:17:16 CDT 2019 Linux login1 4.4.103-6.38-default x86_64
c 
c --- [ config ] -------------------------------------------------------------
c 
c using 'unsat' configuration (target unsatisfiable instances)
c 
c --- [ proof tracing ] ------------------------------------------------------
c 
c opening file to write '/tmp/70_1162_0_four.drat'
c writing binary proof trace to '/tmp/70_1162_0_four.drat'
c 
c --- [ parsing input ] ------------------------------------------------------
c 
c reading DIMACS file from '/tmp/70_1162_0_four.cnf'
c opening file to read '/tmp/70_1162_0_four.cnf'
c found 'p cnf 259840 1039934' header
c parsed 1039934 clauses in 0.36 seconds process time
c 
c --- [ options ] ------------------------------------------------------------
c 
c   --stabilize=false              (different from default 'true')
c   --walk=false                   (different from default 'true')
c 
c --- [ solving ] ------------------------------------------------------------
c 
c time measured in process time since initialization
c 
c  seconds   reductions  redundant   irredundant
c          MB    restarts       trail        variables
c           level   conflicts       glue           remaining
c 
c *  0.37 140  0 0   0    0    0  0% 0 1039424 252402 97%
c {  0.39 142  0 0   0    0    0  0% 0 1039424 252402 97%
c -  0.55 146 316 1  11  300  184  6% 4 903349 252402 97%
c i  0.58 146 255 1  24  375  241  6% 5 903349 252286 97%
c i  0.58 146 254 1  24  376  241  6% 5 903349 252285 97%
c }  0.58 146 252 1  25  379  241  6% 5 903349 249737 96%
c 0  0.58 146 252 1  25  379  241  6% 5 903349 249737 96%
c 
c --- [ result ] -------------------------------------------------------------
c 
s UNSATISFIABLE
c 
c --- [ run-time profiling ] -------------------------------------------------
c 
c process time taken by individual solving procedures
c (percentage relative to process time for solving)
c 
c         0.21   92.86% search
c         0.19   85.71% unstable
c         0.02    7.14% lucky
c         0.00    0.00% simplify
c   =================================
c         0.22   38.62% solve
c 
c last line shows process time for solving
c (percentage relative to total process time)
c 
c --- [ statistics ] ---------------------------------------------------------
c 
c backtracked:                 533       140.63 %  of conflicts
c chronological:               271        50.84 %  of backtracks
c conflicts:                   379      1691.96    per second
c decisions:                  2882     12866.07    per second
c fixed:                     10103         3.89 %  of all variables
c learned:                     350        92.35 %  per conflict
c minimized:                   292         9.74 %  learned literals
c propagations:             348011         1.55 M  per second
c restarts:                     25        15.16    interval
c subsumed:                    105         0.01 %  of all clauses
c 
c seconds are measured in process time for solving
c 
c --- [ resources ] ----------------------------------------------------------
c 
c total process time since initialization:         0.58    seconds
c total real time since initialization:            0.58    seconds
c maximum resident set size of process:          154.13    MB
c 
c --- [ shutting down ] ------------------------------------------------------
c 
c exit 20
