c --- [ banner ] -------------------------------------------------------------
c 
c CaDiCaL Radically Simplified CDCL SAT Solver
c Copyright (c) 2016-2019 Armin Biere, JKU Linz
c 
c Version 1.0.3 cb89cbfa16f47cb7bf1ec6ad9855e7b6d5203c18
c g++ (GCC) 6.3.0 -Wall -Wextra -O3 -DNDEBUG
c Fri Aug 23 08:17:16 CDT 2019 Linux login1 4.4.103-6.38-default x86_64
c 
c --- [ config ] -------------------------------------------------------------
c 
c using 'unsat' configuration (target unsatisfiable instances)
c 
c --- [ proof tracing ] ------------------------------------------------------
c 
c opening file to write '/tmp/70_432_0_four.drat'
c writing binary proof trace to '/tmp/70_432_0_four.drat'
c 
c --- [ parsing input ] ------------------------------------------------------
c 
c reading DIMACS file from '/tmp/70_432_0_four.cnf'
c opening file to read '/tmp/70_432_0_four.cnf'
c found 'p cnf 259840 1039934' header
c parsed 1039934 clauses in 0.44 seconds process time
c 
c --- [ options ] ------------------------------------------------------------
c 
c   --stabilize=false              (different from default 'true')
c   --walk=false                   (different from default 'true')
c 
c --- [ solving ] ------------------------------------------------------------
c 
c time measured in process time since initialization
c 
c  seconds   reductions  redundant   irredundant
c          MB    restarts       trail        variables
c           level   conflicts       glue           remaining
c 
c *  0.47 139  0 0   0    0    0  0% 0 1039424 251640 97%
c {  0.49 142  0 0   0    0    0  0% 0 1039424 251640 97%
c }  0.58 148 289 0  16  303  192  6% 5 1039424 251562 97%
c 0  0.58 148 289 0  16  303  192  6% 5 1039424 251562 97%
c 
c --- [ result ] -------------------------------------------------------------
c 
s UNSATISFIABLE
c 
c --- [ run-time profiling ] -------------------------------------------------
c 
c process time taken by individual solving procedures
c (percentage relative to process time for solving)
c 
c         0.10   78.79% search
c         0.09   66.67% unstable
c         0.02   12.12% lucky
c         0.00    0.00% simplify
c   =================================
c         0.13   22.92% solve
c 
c last line shows process time for solving
c (percentage relative to total process time)
c 
c --- [ statistics ] ---------------------------------------------------------
c 
c backtracked:                 440       145.21 %  of conflicts
c chronological:               247        56.14 %  of backtracks
c conflicts:                   303      2295.45    per second
c decisions:                  2438     18469.70    per second
c fixed:                      8278         3.19 %  of all variables
c learned:                     294        97.03 %  per conflict
c minimized:                    93         4.80 %  learned literals
c propagations:             191455         1.45 M  per second
c restarts:                     16        18.94    interval
c subsumed:                    101         0.00 %  of all clauses
c 
c seconds are measured in process time for solving
c 
c --- [ resources ] ----------------------------------------------------------
c 
c total process time since initialization:         0.58    seconds
c total real time since initialization:            0.58    seconds
c maximum resident set size of process:          148.10    MB
c 
c --- [ shutting down ] ------------------------------------------------------
c 
c exit 20
