c --- [ banner ] -------------------------------------------------------------
c 
c CaDiCaL Radically Simplified CDCL SAT Solver
c Copyright (c) 2016-2019 Armin Biere, JKU Linz
c 
c Version 1.0.3 cb89cbfa16f47cb7bf1ec6ad9855e7b6d5203c18
c g++ (GCC) 6.3.0 -Wall -Wextra -O3 -DNDEBUG
c Fri Aug 23 08:17:16 CDT 2019 Linux login1 4.4.103-6.38-default x86_64
c 
c --- [ config ] -------------------------------------------------------------
c 
c using 'unsat' configuration (target unsatisfiable instances)
c 
c --- [ proof tracing ] ------------------------------------------------------
c 
c opening file to write '/tmp/70_606_0_four.drat'
c writing binary proof trace to '/tmp/70_606_0_four.drat'
c 
c --- [ parsing input ] ------------------------------------------------------
c 
c reading DIMACS file from '/tmp/70_606_0_four.cnf'
c opening file to read '/tmp/70_606_0_four.cnf'
c found 'p cnf 259840 1039934' header
c parsed 1039934 clauses in 0.39 seconds process time
c 
c --- [ options ] ------------------------------------------------------------
c 
c   --stabilize=false              (different from default 'true')
c   --walk=false                   (different from default 'true')
c 
c --- [ solving ] ------------------------------------------------------------
c 
c time measured in process time since initialization
c 
c  seconds   reductions  redundant   irredundant
c          MB    restarts       trail        variables
c           level   conflicts       glue           remaining
c 
c *  0.41 139  0 0   0    0    0  0% 0 1039424 252531 97%
c {  0.42 142  0 0   0    0    0  0% 0 1039424 252531 97%
c -  0.59 147 291 1  15  300  194  5% 5 905444 252531 97%
c I  0.87 147 94 1 103 1002  803  9% 7 905444 252531 97%
c -  1.25 177 69 2 150 1475 1187  8% 8 905444 252531 97%
c i  1.42 177 53 2 171 2020 1644  8% 7 905444 252361 97%
c i  1.46 177 50 2 173 2184 1779  8% 7 905444 251891 97%
c i  1.46 177 50 2 173 2197 1789  8% 7 905444 251885 97%
c }  1.47 177 48 2 173 2254 1819  8% 7 905444 251349 97%
c 0  1.47 177 48 2 173 2254 1819  8% 7 905444 251349 97%
c 
c --- [ result ] -------------------------------------------------------------
c 
s UNSATISFIABLE
c 
c --- [ run-time profiling ] -------------------------------------------------
c 
c process time taken by individual solving procedures
c (percentage relative to process time for solving)
c 
c         1.06   98.15% search
c         1.05   96.68% unstable
c         0.02    1.48% lucky
c         0.00    0.00% simplify
c   =================================
c         1.08   73.64% solve
c 
c last line shows process time for solving
c (percentage relative to total process time)
c 
c --- [ statistics ] ---------------------------------------------------------
c 
c backtracked:                2821       125.16 %  of conflicts
c chronological:              1032        36.58 %  of backtracks
c conflicts:                  2254      2079.34    per second
c decisions:                 11273     10399.45    per second
c fixed:                      8491         3.27 %  of all variables
c learned:                    2051        90.99 %  per conflict
c minimized:                 12865        21.68 %  learned literals
c propagations:            4508035         4.16 M  per second
c reduced:                      36         1.60 %  per conflict
c rephased:                      1      2254.00    interval
c restarts:                    173        13.03    interval
c subsumed:                    192         0.01 %  of all clauses
c 
c seconds are measured in process time for solving
c 
c --- [ resources ] ----------------------------------------------------------
c 
c total process time since initialization:         1.47    seconds
c total real time since initialization:            1.47    seconds
c maximum resident set size of process:          176.98    MB
c 
c --- [ shutting down ] ------------------------------------------------------
c 
c exit 20
