c --- [ banner ] -------------------------------------------------------------
c 
c CaDiCaL Radically Simplified CDCL SAT Solver
c Copyright (c) 2016-2019 Armin Biere, JKU Linz
c 
c Version 1.0.3 cb89cbfa16f47cb7bf1ec6ad9855e7b6d5203c18
c g++ (GCC) 6.3.0 -Wall -Wextra -O3 -DNDEBUG
c Fri Aug 23 08:17:16 CDT 2019 Linux login1 4.4.103-6.38-default x86_64
c 
c --- [ config ] -------------------------------------------------------------
c 
c using 'unsat' configuration (target unsatisfiable instances)
c 
c --- [ proof tracing ] ------------------------------------------------------
c 
c opening file to write '/tmp/70_862_0_four.drat'
c writing binary proof trace to '/tmp/70_862_0_four.drat'
c 
c --- [ parsing input ] ------------------------------------------------------
c 
c reading DIMACS file from '/tmp/70_862_0_four.cnf'
c opening file to read '/tmp/70_862_0_four.cnf'
c found 'p cnf 259840 1039934' header
c parsed 1039934 clauses in 0.43 seconds process time
c 
c --- [ options ] ------------------------------------------------------------
c 
c   --stabilize=false              (different from default 'true')
c   --walk=false                   (different from default 'true')
c 
c --- [ solving ] ------------------------------------------------------------
c 
c time measured in process time since initialization
c 
c  seconds   reductions  redundant   irredundant
c          MB    restarts       trail        variables
c           level   conflicts       glue           remaining
c 
c *  0.45 139  0 0   0    0    0  0% 0 1039424 251936 97%
c {  0.46 142  0 0   0    0    0  0% 0 1039424 251936 97%
c -  0.65 146 316 1  11  300  184  6% 4 897018 251936 97%
c I  0.96 146 86 1 116 1004  791  7% 7 897018 251936 97%
c }  1.10 146 67 1 159 1322 1073  7% 8 897018 251925 97%
c 0  1.10 146 67 1 159 1322 1073  7% 8 897018 251925 97%
c 
c --- [ result ] -------------------------------------------------------------
c 
s UNSATISFIABLE
c 
c --- [ run-time profiling ] -------------------------------------------------
c 
c process time taken by individual solving procedures
c (percentage relative to process time for solving)
c 
c         0.64   96.99% search
c         0.63   95.18% unstable
c         0.01    1.81% lucky
c         0.00    0.00% simplify
c   =================================
c         0.66   60.58% solve
c 
c last line shows process time for solving
c (percentage relative to total process time)
c 
c --- [ statistics ] ---------------------------------------------------------
c 
c backtracked:                1733       131.09 %  of conflicts
c chronological:               654        37.74 %  of backtracks
c conflicts:                  1322      1990.96    per second
c decisions:                  9018     13581.33    per second
c fixed:                      7915         3.05 %  of all variables
c learned:                    1197        90.54 %  per conflict
c minimized:                  5281        17.91 %  learned literals
c propagations:            2762493         4.16 M  per second
c rephased:                      1      1322.00    interval
c restarts:                    159         8.31    interval
c subsumed:                    123         0.01 %  of all clauses
c 
c seconds are measured in process time for solving
c 
c --- [ resources ] ----------------------------------------------------------
c 
c total process time since initialization:         1.10    seconds
c total real time since initialization:            1.10    seconds
c maximum resident set size of process:          153.96    MB
c 
c --- [ shutting down ] ------------------------------------------------------
c 
c exit 20
