c --- [ banner ] -------------------------------------------------------------
c 
c CaDiCaL Radically Simplified CDCL SAT Solver
c Copyright (c) 2016-2019 Armin Biere, JKU Linz
c 
c Version 1.0.3 cb89cbfa16f47cb7bf1ec6ad9855e7b6d5203c18
c g++ (GCC) 6.3.0 -Wall -Wextra -O3 -DNDEBUG
c Fri Aug 23 08:17:16 CDT 2019 Linux login1 4.4.103-6.38-default x86_64
c 
c --- [ config ] -------------------------------------------------------------
c 
c using 'unsat' configuration (target unsatisfiable instances)
c 
c --- [ proof tracing ] ------------------------------------------------------
c 
c opening file to write '/tmp/48_1282_0_four.drat'
c writing binary proof trace to '/tmp/48_1282_0_four.drat'
c 
c --- [ parsing input ] ------------------------------------------------------
c 
c reading DIMACS file from '/tmp/48_1282_0_four.cnf'
c opening file to read '/tmp/48_1282_0_four.cnf'
c found 'p cnf 43008 265780' header
c parsed 265780 clauses in 0.10 seconds process time
c 
c --- [ options ] ------------------------------------------------------------
c 
c   --stabilize=false              (different from default 'true')
c   --walk=false                   (different from default 'true')
c 
c --- [ solving ] ------------------------------------------------------------
c 
c time measured in process time since initialization
c 
c  seconds  reductions  redundant  irredundant
c         MB    restarts       trail       variables
c          level   conflicts       glue         remaining
c 
c *  0.10 31  0 0   0    0    0  0% 0 243775 41583 97%
c {  0.10 32  0 0   0    0    0  0% 0 243775 41583 97%
c -  0.16 34 79 1  11  303  225  9% 8 234245 41583 97%
c I  0.23 34 62 1  72 1002  810  9% 9 234245 41583 97%
c -  0.32 43 59 2  84 1124  801  9% 9 234245 41583 97%
c i  0.39 43 48 2 111 1983 1493  9% 9 234245 41577 97%
c -  0.47 43 46 3 177 2357 1357  9% 9 234099 41577 97%
c B  0.53 43 47 3 212 3003 1901 10% 9 234099 41577 97%
c -  0.66 43 43 4 262 4002 2046  9% 9 234099 41577 97%
c d  0.83 44 39 4 306 5000 2836  9% 9 230949 40002 93%
c 2  0.96 44 39 4 306 5000 2836  9% 9 228588 40002 93%
c p  1.16 47 39 4 306 5000 5647  9% 9 228588 39980 93%
c d  1.20 47 39 4 306 5000 5338  9% 9 227744 39979 93%
c s  1.37 40 40 4 313 5103 5427  9% 9 227743 39979 93%
c v  1.66 48 40 4 313 5103 5427  9% 9 223858 39979 93%
c w  1.74 48 40 4 313 5103 5415  9% 9 223858 39979 93%
c t  1.76 48 40 4 313 5103 5407  9% 9 205398 39979 93%
c e  2.26 50 40 4 313 5103 1012  9% 9 189008 24172 56%
c s  2.34 53 40 4 313 5103 1002  9% 9 189008 24172 56%
c F  2.52 56 39 4 388 6004 1772  6% 9 189008 24172 56%
c 
c  seconds  reductions  redundant  irredundant
c         MB    restarts       trail       variables
c          level   conflicts       glue         remaining
c 
c -  2.55 56 39 5 388 6057 1181  6% 9 189008 24172 56%
c i  2.67 56 34 5 453 8112 2905  6% 8 189008 24168 56%
c i  2.67 56 34 5 453 8154 2941  6% 8 189008 24155 56%
c -  2.72 56 34 6 453 8354 2459  6% 8 186858 24155 56%
c B  2.85 56 31 6 507 10005 3851  7% 8 186858 24155 56%
c i  2.90 56 31 6 556 10565 4332  6% 8 186858 24141 56%
c -  2.95 57 30 7 561 11024 3417  6% 8 185644 24141 56%
c i  3.00 57 30 7 601 11731 4000  6% 8 185644 24101 56%
c i  3.10 57 28 7 672 13061 5111  6% 8 185644 24098 56%
c i  3.17 57 28 7 777 13803 5765  6% 8 185644 23983 56%
c -  3.22 57 28 8 780 14073 4204  6% 8 176540 23983 56%
c i  3.23 57 28 8 780 14349 4385  6% 8 176540 23903 56%
c i  3.24 57 27 8 780 14721 4656  6% 8 176540 23899 56%
c i  3.24 57 27 8 780 14725 4659  6% 8 176540 23894 56%
c i  3.24 57 27 8 780 14736 4666  6% 8 176540 23884 56%
c i  3.24 57 27 8 780 14748 4673  6% 8 176540 23605 55%
c i  3.24 57 27 8 780 14750 4674  6% 8 176540 23577 55%
c }  3.24 57 27 8 780 14753 4675  6% 8 176540 23512 55%
c 0  3.24 57 27 8 780 14753 4675  6% 8 176540 23512 55%
c 
c --- [ result ] -------------------------------------------------------------
c 
s UNSATISFIABLE
c 
c --- [ run-time profiling ] -------------------------------------------------
c 
c process time taken by individual solving procedures
c (percentage relative to process time for solving)
c 
c         1.60   51.15% search
c         1.60   51.15% unstable
c         1.53   48.72% simplify
c         0.49   15.56% elim
c         0.32   10.20% vivify
c         0.20    6.38% probe
c         0.20    6.38% subsume
c         0.10    3.32% ternary
c   =================================
c         3.14   96.91% solve
c 
c last line shows process time for solving
c (percentage relative to total process time)
c 
c --- [ statistics ] ---------------------------------------------------------
c 
c backtracked:               44404       300.98 %  of conflicts
c chronological:              5875        13.23 %  of backtracks
c conflicts:                 14753      4704.40    per second
c decisions:                 60677     19348.53    per second
c eliminated:                15807        36.75 %  of all variables
c fixed:                      2113         4.91 %  of all variables
c learned:                   13507        91.55 %  per conflict
c minimized:                151342        30.00 %  learned literals
c propagations:            5675814         1.81 M  per second
c reduced:                    4531        30.71 %  per conflict
c rephased:                      4      3688.25    interval
c restarts:                    780        18.91    interval
c substituted:                1576         3.66 %  of all variables
c subsumed:                   7789         0.90 %  of all clauses
c strengthened:               2581         0.30 %  of all clauses
c vivified:                   4001         0.46 %  of all clauses
c weakened:                  78644         3.72    average size
c 
c seconds are measured in process time for solving
c 
c --- [ resources ] ----------------------------------------------------------
c 
c total process time since initialization:         3.24    seconds
c total real time since initialization:            3.24    seconds
c maximum resident set size of process:           57.43    MB
c 
c --- [ shutting down ] ------------------------------------------------------
c 
c exit 20
