c --- [ banner ] -------------------------------------------------------------
c 
c CaDiCaL Radically Simplified CDCL SAT Solver
c Copyright (c) 2016-2019 Armin Biere, JKU Linz
c 
c Version 1.0.3 cb89cbfa16f47cb7bf1ec6ad9855e7b6d5203c18
c g++ (GCC) 6.3.0 -Wall -Wextra -O3 -DNDEBUG
c Fri Aug 23 08:17:16 CDT 2019 Linux login1 4.4.103-6.38-default x86_64
c 
c --- [ config ] -------------------------------------------------------------
c 
c using 'unsat' configuration (target unsatisfiable instances)
c 
c --- [ proof tracing ] ------------------------------------------------------
c 
c opening file to write '/tmp/48_34_0_four.drat'
c writing binary proof trace to '/tmp/48_34_0_four.drat'
c 
c --- [ parsing input ] ------------------------------------------------------
c 
c reading DIMACS file from '/tmp/48_34_0_four.cnf'
c opening file to read '/tmp/48_34_0_four.cnf'
c found 'p cnf 43008 265780' header
c parsed 265780 clauses in 0.21 seconds process time
c 
c --- [ options ] ------------------------------------------------------------
c 
c   --stabilize=false              (different from default 'true')
c   --walk=false                   (different from default 'true')
c 
c --- [ solving ] ------------------------------------------------------------
c 
c time measured in process time since initialization
c 
c  seconds  reductions  redundant  irredundant
c         MB    restarts       trail       variables
c          level   conflicts       glue         remaining
c 
c *  0.21 31  0 0   0    0    0  0% 0 243772 41656 97%
c {  0.21 32  0 0   0    0    0  0% 0 243772 41656 97%
c -  0.29 34 60 1  29  303  224  8% 9 235972 41656 97%
c I  0.38 35 80 1  95 1004  784 10% 10 235972 41656 97%
c -  0.46 43 79 2 104 1127  750  9% 11 235972 41656 97%
c -  0.66 43 83 3 250 2363 1370  9% 11 235972 41656 97%
c B  0.73 43 78 3 290 3008 1929 10% 11 235972 41656 97%
c -  0.87 43 72 4 307 4011 1882 10% 11 235972 41656 97%
c d  1.06 44 67 4 322 5000 2682 10% 10 232796 40068 93%
c 2  1.20 45 67 4 322 5000 2682 10% 10 230414 40068 93%
c p  1.31 46 67 4 322 5000 4159 10% 10 230414 40068 93%
c s  1.47 41 67 4 322 5099 4223 10% 10 230414 40068 93%
c v  1.74 48 67 4 322 5099 4223 10% 10 226375 40068 93%
c w  1.84 49 67 4 322 5099 4222 10% 10 226375 40068 93%
c t  1.86 49 67 4 322 5099 4217 10% 10 209053 40068 93%
c e  2.37 50 67 4 322 5099 1179 10% 10 193247 24738 58%
c s  2.45 53 67 4 322 5099 1178 10% 10 193247 24738 58%
c F  2.64 57 68 4 428 6011 1968  5% 10 193247 24738 58%
c -  2.67 57 67 5 428 6070 1205  5% 10 193247 24738 58%
c -  2.87 57 60 6 536 8385 2390  6% 10 193247 24738 58%
c 
c  seconds  reductions   redundant   irredundant
c         MB    restarts        trail        variables
c          level    conflicts       glue          remaining
c 
c B  2.96 57 57 6 576 10012 3778  5% 10 193247 24738 58%
c -  3.07 58 56 7 633 11086 3202  5% 10 193247 24738 58%
c -  3.38 58 49 8 702 14172 4044  6% 9 193247 24738 58%
c 3  3.57 58 49 8 784 15007 17048  6% 9 193247 24738 58%
c 2  3.62 58 49 8 784 15007 17045  6% 9 193247 24738 58%
c p  3.66 58 49 8 784 15007 17673  6% 9 193247 24738 58%
c #  3.69 58 49 8 784 15013 17679  6% 9 193247 24738 58%
c s  3.95 58 47 8 864 16962 13398  6% 9 192415 24738 58%
c v  4.20 58 47 8 864 16962 13398  6% 9 177195 24738 58%
c w  4.30 58 47 8 864 16962 11954  6% 9 177195 24738 58%
c t  4.31 58 47 8 864 16962 11949  6% 9 177140 24736 58%
c e  4.44 58 47 8 864 16962 11137  6% 9 176877 24701 57%
c s  4.51 58 47 8 864 16962 11042  6% 9 176774 24701 57%
c e  4.57 58 47 8 864 16962 10972  6% 9 176774 24691 57%
c -  4.69 58 46 9 881 17645 6458  6% 9 176774 24691 57%
c i  4.82 58 45 9 965 19099 7695  6% 9 176774 24678 57%
c B  4.97 58 45 9 1100 21015 9386  6% 9 176774 24678 57%
c -  5.04 58 45 10 1114 21388 5861  6% 9 175218 24678 57%
c -  5.36 58 43 11 1341 25491 6389  6% 9 175218 24678 57%
c O  5.56 58 42 11 1457 28016 8601  6% 9 175218 24678 57%
c 
c  seconds  reductions     redundant  irredundant
c         MB     restarts         trail       variables
c          level      conflicts       glue         remaining
c 
c -  5.76 58 41 12 1579 29968 7406  6% 9 175218 24678 57%
c 3  5.83 58 41 12 1579 30008 19527  6% 9 175218 24678 57%
c 2  5.88 58 41 12 1579 30008 19526  6% 9 175218 24678 57%
c p  5.91 58 41 12 1579 30008 20411  6% 9 175218 24678 57%
c s  6.41 58 39 12 1805 34003 18124  6% 9 175100 24678 57%
c v  6.64 58 39 12 1805 34003 18124  6% 9 163234 24678 57%
c w  6.76 58 39 12 1805 34003 16750  6% 9 163234 24678 57%
c t  6.77 58 39 12 1805 34003 16746  6% 9 162925 24678 57%
c e  6.88 58 39 12 1805 34003 16206  6% 9 162491 24378 57%
c s  6.94 58 39 12 1805 34003 16091  6% 9 162438 24378 57%
c e  6.98 58 39 12 1805 34003 15952  6% 9 162429 24363 57%
c -  7.15 58 39 13 1852 34818 9888  6% 9 162429 24363 57%
c B  7.24 58 38 13 1860 36017 10921  6% 9 162429 24363 57%
c -  7.66 58 37 14 2125 39906 9354  6% 9 162429 24363 57%
c i  7.81 58 37 14 2179 41473 10641  6% 9 162429 24359 57%
c I  8.23 58 37 14 2383 45018 13779  6% 9 162429 24359 57%
c -  8.29 58 37 15 2384 45356 9338  6% 9 162056 24359 57%
c 3  8.80 58 36 15 2688 50009 24898  6% 9 162056 24359 57%
c 2  8.85 58 36 15 2688 50009 24894  6% 9 162056 24359 57%
c p  8.89 58 36 15 2688 50009 25829  6% 9 162056 24357 57%
c 
c  seconds  reductions      redundant  irredundant
c         MB     restarts          trail       variables
c          level      conflicts        glue         remaining
c 
c -  9.09 58 36 16 2771 51164 10617  6% 9 161853 24357 57%
c B  9.46 58 36 16 3024 55019 13952  6% 9 161853 24357 57%
c s  9.66 58 36 16 3095 55901 14571  6% 9 161789 24357 57%
c v  9.96 58 36 16 3095 55901 14571  6% 9 143322 24357 57%
c w 10.08 58 36 16 3095 55901 14493  6% 9 143322 24353 57%
c t 10.09 58 36 16 3095 55901 14482  6% 9 143269 24353 57%
c e 10.18 58 36 16 3095 55901 13350  6% 9 142878 24219 56%
c s 10.22 58 36 16 3095 55901 13170  6% 9 142833 24219 56%
c e 10.26 58 36 16 3095 55901 13102  6% 9 142808 24202 56%
c - 10.41 59 36 17 3163 57330 10519  6% 9 142808 24202 56%
c i 10.52 59 36 17 3195 58553 11624  6% 9 142808 24201 56%
c - 10.96 59 36 18 3544 63565 11601  6% 9 142692 24201 56%
c F 11.10 59 35 18 3738 66020 13734  6% 9 142692 24201 56%
c - 11.50 59 35 19 3961 70146 12612  6% 9 142692 24201 56%
c i 11.71 59 35 19 4111 72693 14812  6% 9 142692 24200 56%
c d 11.98 59 35 19 4256 75009 16744  6% 9 142558 24194 56%
c 3 12.05 59 35 19 4256 75009 30518  6% 9 142558 24194 56%
c 2 12.10 59 35 19 4256 75009 30514  6% 9 142557 24190 56%
c p 12.14 59 35 19 4256 75009 32029  6% 9 142557 24189 56%
c d 12.16 59 35 19 4256 75009 31996  6% 9 142156 24188 56%
c 
c  seconds  reductions      redundant  irredundant
c         MB     restarts          trail       variables
c          level      conflicts        glue         remaining
c 
c - 12.44 59 35 20 4446 77072 14406  6% 9 142156 24188 56%
c B 12.54 59 35 20 4493 78021 15250  6% 9 142156 24188 56%
c i 12.57 59 35 20 4504 78370 15550  6% 9 142156 24183 56%
c s 12.99 59 34 20 4646 81513 18115  6% 9 142075 24183 56%
c v 13.27 59 34 20 4646 81513 18115  6% 9 139078 24183 56%
c w 13.42 59 34 20 4646 81513 18052  6% 9 139078 24183 56%
c t 13.43 59 34 20 4646 81513 18049  6% 9 139053 24182 56%
c e 13.50 59 34 20 4646 81513 16934  6% 9 138463 23913 56%
c s 13.54 59 34 20 4646 81513 16794  6% 9 138412 23913 56%
c e 13.60 59 34 20 4646 81513 16783  6% 9 138408 23909 56%
c - 14.00 59 34 21 4774 84334 14008  6% 9 138408 23909 56%
c i 14.32 59 34 21 4859 86001 15494  6% 9 138408 23908 56%
c # 15.00 59 33 21 5036 91022 19920  7% 9 138408 23908 56%
c - 15.23 59 33 22 5041 91865 15468  7% 9 138343 23908 56%
c - 16.09 59 32 23 5396 99738 16458  7% 9 138343 23908 56%
c 3 16.97 59 31 23 5623 105009 32936  7% 9 138343 23908 56%
c 2 17.02 59 31 23 5623 105009 32927  7% 9 138343 23908 56%
c p 17.06 59 31 23 5623 105009 33876  7% 9 138343 23908 56%
c B 17.08 59 31 23 5623 105025 33890  7% 9 138343 23908 56%
c f 17.63 59 31 24 5755 107952 13348  7% 9 138343 23908 56%
c 
c  seconds  reductions       redundant  irredundant
c         MB     restarts           trail       variables
c          level      conflicts         glue         remaining
c 
c s 18.29 59 30 24 5849 111913 16615  7% 9 138218 23908 56%
c v 18.73 59 30 24 5849 111913 16615  7% 9 121816 23908 56%
c w 18.93 59 30 24 5849 111913 16542  7% 9 121816 23908 56%
c t 18.94 59 30 24 5849 111913 16538  7% 9 121799 23902 56%
c e 19.18 59 30 24 5849 111913 13531  7% 9 120617 22948 53%
c s 19.22 59 30 24 5849 111913 13422  7% 9 120072 22948 53%
c e 19.28 59 30 24 5849 111913 13394  7% 9 120066 22932 53%
c i 19.59 59 30 24 5954 115706 16569  7% 9 120066 22928 53%
c - 19.75 59 30 25 5978 116509 13073  7% 9 119700 22928 53%
c O 20.20 59 29 25 6117 120026 16144  7% 9 119700 22928 53%
c - 20.82 59 28 26 6198 124920 15160  7% 9 119700 22928 53%
c i 21.11 59 28 26 6259 127946 17825  7% 9 119700 22915 53%
c i 21.64 59 28 26 6352 131954 21269  7% 9 119700 22911 53%
c i 21.64 59 28 26 6352 131963 21273  7% 9 119700 22655 53%
c i 21.66 59 28 26 6352 132018 21308  7% 9 119700 22627 53%
c i 21.67 59 27 26 6352 132107 21367  7% 9 119700 22615 53%
c i 21.68 59 27 26 6352 132119 21378  7% 9 119700 22608 53%
c i 21.68 59 27 26 6352 132122 21375  7% 9 119700 22599 53%
c i 21.68 59 27 26 6352 132134 21382  7% 9 119700 22559 52%
c i 21.68 59 27 26 6352 132142 21388  7% 9 119700 22505 52%
c 
c  seconds  reductions       redundant  irredundant
c         MB     restarts           trail       variables
c          level      conflicts         glue         remaining
c 
c } 21.68 59 27 26 6352 132147 21390  7% 9 119700 22113 51%
c 0 21.68 59 27 26 6352 132147 21390  7% 9 119700 22113 51%
c 
c --- [ result ] -------------------------------------------------------------
c 
s UNSATISFIABLE
c 
c --- [ run-time profiling ] -------------------------------------------------
c 
c process time taken by individual solving procedures
c (percentage relative to process time for solving)
c 
c        15.49   72.15% search
c        15.49   72.13% unstable
c         5.98   27.85% simplify
c         2.38   11.10% vivify
c         1.38    6.41% elim
c         0.81    3.78% subsume
c         0.55    2.55% ternary
c         0.30    1.38% probe
c         0.00    0.02% lucky
c   =================================
c        21.47   99.04% solve
c 
c last line shows process time for solving
c (percentage relative to total process time)
c 
c --- [ statistics ] ---------------------------------------------------------
c 
c backtracked:              618264       467.86 %  of conflicts
c chronological:             52824         8.54 %  of backtracks
c conflicts:                132147      6154.39    per second
c decisions:                485560     22613.64    per second
c eliminated:                17084        39.72 %  of all variables
c fixed:                      2216         5.15 %  of all variables
c flushed:                   10674         8.08 %  per conflict
c learned:                  123512        93.47 %  per conflict
c minimized:               1445092        33.39 %  learned literals
c propagations:           58560121         2.73 M  per second
c reduced:                   71337        53.98 %  per conflict
c rephased:                     15      8809.80    interval
c restarts:                   6352        20.80    interval
c substituted:                1595         3.71 %  of all variables
c subsumed:                  97545         7.52 %  of all clauses
c strengthened:              23413         1.81 %  of all clauses
c ternary:                   83777         0.95 %  of resolved
c vivified:                  75986         5.86 %  of all clauses
c weakened:                  86052         4.24    average size
c 
c seconds are measured in process time for solving
c 
c --- [ resources ] ----------------------------------------------------------
c 
c total process time since initialization:        21.68    seconds
c total real time since initialization:           21.68    seconds
c maximum resident set size of process:           58.94    MB
c 
c --- [ shutting down ] ------------------------------------------------------
c 
c exit 20
