c --- [ banner ] -------------------------------------------------------------
c 
c CaDiCaL Radically Simplified CDCL SAT Solver
c Copyright (c) 2016-2019 Armin Biere, JKU Linz
c 
c Version 1.0.3 cb89cbfa16f47cb7bf1ec6ad9855e7b6d5203c18
c g++ (GCC) 6.3.0 -Wall -Wextra -O3 -DNDEBUG
c Fri Aug 23 08:17:16 CDT 2019 Linux login1 4.4.103-6.38-default x86_64
c 
c --- [ config ] -------------------------------------------------------------
c 
c using 'unsat' configuration (target unsatisfiable instances)
c 
c --- [ proof tracing ] ------------------------------------------------------
c 
c opening file to write '/tmp/48_454_0_four.drat'
c writing binary proof trace to '/tmp/48_454_0_four.drat'
c 
c --- [ parsing input ] ------------------------------------------------------
c 
c reading DIMACS file from '/tmp/48_454_0_four.cnf'
c opening file to read '/tmp/48_454_0_four.cnf'
c found 'p cnf 43008 265780' header
c parsed 265780 clauses in 0.18 seconds process time
c 
c --- [ options ] ------------------------------------------------------------
c 
c   --stabilize=false              (different from default 'true')
c   --walk=false                   (different from default 'true')
c 
c --- [ solving ] ------------------------------------------------------------
c 
c time measured in process time since initialization
c 
c  seconds  reductions  redundant  irredundant
c         MB    restarts       trail       variables
c          level   conflicts       glue         remaining
c 
c *  0.18 31  0 0   0    0    0  0% 0 243766 41674 97%
c {  0.18 32  0 0   0    0    0  0% 0 243766 41674 97%
c -  0.23 33 86 1  26  300  219  9% 10 236546 41674 97%
c I  0.30 34 86 1  70 1004  780 10% 10 236546 41674 97%
c -  0.39 43 91 2  79 1124  766 11% 11 236546 41674 97%
c -  0.56 43 69 3 150 2360 1249 11% 10 236546 41674 97%
c B  0.65 43 78 3 252 3005 1806 11% 11 236546 41674 97%
c -  0.84 43 81 4 382 4008 1888 10% 12 236546 41674 97%
c d  1.09 44 85 4 466 5000 2771 10% 12 233362 40082 93%
c 2  1.23 44 85 4 466 5000 2771 10% 12 230974 40082 93%
c p  1.34 47 85 4 466 5000 3892 10% 12 230974 40082 93%
c s  1.53 41 85 4 471 5100 3991 10% 12 230974 40082 93%
c v  1.83 49 85 4 471 5100 3991 10% 12 226183 40082 93%
c w  1.95 49 85 4 471 5100 3983 10% 12 226183 40082 93%
c t  1.97 49 85 4 471 5100 3981 10% 12 209172 40082 93%
c e  2.49 48 85 4 471 5100  909 10% 12 193508 24872 58%
c s  2.56 53 85 4 471 5100  906 10% 12 193508 24872 58%
c F  2.73 55 80 4 493 6007 1702  7% 12 193508 24872 58%
c -  2.76 55 79 5 493 6068 1107  7% 11 193508 24872 58%
c -  2.96 55 72 6 548 8384 2435  8% 11 193508 24872 58%
c 
c  seconds  reductions   redundant   irredundant
c         MB    restarts        trail        variables
c          level    conflicts       glue          remaining
c 
c B  3.11 55 66 6 605 10008 3874  8% 11 193508 24872 58%
c -  3.22 55 64 7 630 11088 3309  8% 11 193508 24872 58%
c -  3.51 55 56 8 763 14193 3955  7% 10 193508 24872 58%
c 3  3.66 55 55 8 785 15000 16704  7% 10 193508 24872 58%
c p  3.75 55 55 8 785 15000 17008  7% 10 193508 24872 58%
c #  3.77 55 55 8 785 15012 17020  7% 10 193508 24872 58%
c s  4.03 56 54 8 907 16942 12721  7% 10 192740 24872 58%
c v  4.27 56 54 8 907 16942 12721  7% 10 177189 24872 58%
c w  4.37 56 54 8 907 16942 11507  7% 10 177189 24872 58%
c t  4.38 56 54 8 907 16942 11506  7% 10 177136 24872 58%
c e  4.50 56 54 8 907 16942 11363  7% 10 177135 24858 58%
c s  4.55 56 54 8 907 16942 11247  7% 10 177043 24858 58%
c e  4.60 56 54 8 907 16942 11069  7% 10 177041 24838 58%
c -  4.73 56 53 9 954 17684 6556  7% 10 177041 24838 58%
c B  4.99 56 51 9 1104 21013 9407  6% 10 177041 24838 58%
c -  5.06 56 51 10 1119 21433 5718  6% 10 177041 24838 58%
c -  5.43 56 49 11 1407 25551 6340  6% 10 177041 24838 58%
c O  5.64 56 48 11 1535 28015 8445  6% 10 177041 24838 58%
c 3  5.86 56 47 11 1606 30000 22370  6% 10 177041 24838 58%
c 2  5.92 56 47 11 1606 30000 22367  6% 10 177041 24838 58%
c 
c  seconds  reductions      redundant   irredundant
c         MB     restarts          trail        variables
c          level      conflicts        glue          remaining
c 
c p  5.95 56 47 11 1606 30000 22690  6% 10 177041 24838 58%
c -  6.02 56 47 12 1606 30046 7061  6% 10 177041 24838 58%
c s  6.42 56 46 12 1818 33948 10308  6% 10 177003 24838 58%
c v  6.64 56 46 12 1818 33948 10308  6% 10 163794 24838 58%
c w  6.77 56 46 12 1818 33948 10297  6% 10 163794 24838 58%
c t  6.78 56 46 12 1818 33948 10297  6% 10 163793 24838 58%
c e  6.87 56 46 12 1818 33948 10151  6% 10 163792 24810 58%
c s  6.92 56 46 12 1818 33948 10062  6% 10 163766 24810 58%
c e  6.97 56 46 12 1818 33948 9966  6% 10 163765 24799 58%
c -  7.09 56 45 13 1829 34916 7856  6% 10 163765 24799 58%
c B  7.19 56 45 13 1900 36016 8845  6% 10 163765 24799 58%
c -  7.69 56 44 14 2166 40017 8724  6% 10 163765 24799 58%
c I  8.15 56 44 14 2496 45018 13159  6% 10 163765 24799 58%
c -  8.26 56 44 15 2524 45481 9523  6% 10 163765 24799 58%
c 3  8.69 56 42 15 2613 50001 25792  7% 10 163765 24799 58%
c p  8.78 56 42 15 2613 50001 26382  7% 10 163765 24799 58%
c -  8.99 43 42 16 2742 51312 10376  7% 10 163765 24799 58%
c B  9.34 43 42 16 2918 55020 13651  7% 10 163765 24799 58%
c s  9.48 48 42 16 2973 55737 14194  7% 10 163729 24799 58%
c v  9.75 48 42 16 2973 55737 14194  7% 10 143654 24799 58%
c 
c  seconds  reductions      redundant   irredundant
c         MB     restarts          trail        variables
c          level      conflicts        glue          remaining
c 
c w  9.89 48 42 16 2973 55737 14166  7% 10 143654 24799 58%
c t  9.90 48 42 16 2973 55737 14166  7% 10 143648 24799 58%
c e  9.99 48 42 16 2973 55737 14096  7% 10 143638 24786 58%
c s 10.03 48 42 16 2973 55737 14012  7% 10 143629 24786 58%
c e 10.07 48 42 16 2973 55737 13964  7% 10 143628 24776 58%
c - 10.31 49 42 17 3091 57505 11237  7% 10 143628 24776 58%
c - 10.91 49 41 18 3464 63761 11784  7% 9 143628 24776 58%
c i 10.99 49 41 18 3481 65313 13063  7% 9 143628 24775 58%
c F 11.02 49 40 18 3489 66022 13644  7% 9 143628 24775 58%
c - 11.44 49 40 19 3802 70357 12400  6% 9 143553 24775 58%
c 3 12.02 49 40 19 4023 75002 31064  6% 9 143553 24775 58%
c 2 12.07 49 40 19 4023 75002 31063  6% 9 143553 24775 58%
c p 12.12 49 40 19 4023 75002 31635  6% 9 143553 24760 58%
c - 12.53 51 40 20 4239 77299 14009  7% 9 142927 24760 58%
c B 12.60 52 40 20 4259 78023 14632  7% 9 142927 24760 58%
c s 12.99 52 40 20 4508 81092 17249  7% 9 142848 24760 58%
c v 13.29 52 40 20 4508 81092 17249  7% 9 131527 24760 58%
c w 13.47 52 40 20 4508 81092 17209  7% 9 131527 24760 58%
c t 13.48 52 40 20 4508 81092 17205  7% 9 131491 24760 58%
c e 13.57 52 40 20 4508 81092 16528  7% 9 131330 24606 57%
c 
c  seconds  reductions      redundant  irredundant
c         MB     restarts          trail       variables
c          level      conflicts        glue         remaining
c 
c s 13.61 52 40 20 4508 81092 16428  7% 9 131308 24606 57%
c e 13.65 52 40 20 4508 81092 16387  7% 9 131308 24599 57%
c - 14.00 52 39 21 4665 84576 14193  7% 9 131308 24599 57%
c # 14.52 52 39 21 5110 91025 19816  6% 9 131308 24599 57%
c - 14.64 52 39 22 5179 91958 15064  6% 9 131308 24599 57%
c - 15.34 52 39 23 5683 99680 16221  6% 9 131308 24599 57%
c 3 15.86 52 39 23 6006 105006 31174  6% 9 131308 24599 57%
c p 15.93 52 39 23 6006 105006 31694  6% 9 131308 24599 57%
c B 15.96 52 39 23 6010 105026 31711  6% 9 131308 24599 57%
c f 16.29 52 39 24 6168 107731 12685  6% 9 131308 24599 57%
c s 16.53 52 39 24 6275 110089 14723  6% 9 131297 24599 57%
c v 16.80 52 39 24 6275 110089 14723  6% 9 123609 24599 57%
c w 16.93 52 39 24 6275 110089 14691  6% 9 123609 24599 57%
c e 17.14 52 39 24 6275 110089 12801  6% 9 123176 23911 56%
c s 17.18 52 39 24 6275 110089 12757  6% 9 122671 23911 56%
c e 17.23 52 39 24 6275 110089 12743  6% 9 122671 23897 56%
c - 17.76 52 39 25 6597 116118 13584  6% 9 122671 23897 56%
c O 18.12 52 39 25 6861 120027 17094  6% 9 122671 23897 56%
c - 18.50 52 38 26 7034 124611 15660  6% 9 122671 23897 56%
c - 19.24 52 37 27 7498 133429 17087  6% 9 122671 23897 56%
c 
c  seconds  reductions       redundant  irredundant
c         MB     restarts           trail       variables
c          level      conflicts         glue         remaining
c 
c B 19.49 52 37 27 7653 136028 19418  6% 9 122671 23897 56%
c 3 19.89 52 37 27 7894 140006 31492  6% 9 122671 23897 56%
c p 19.96 52 37 27 7894 140006 31948  6% 9 122671 23897 56%
c - 20.26 52 37 28 7977 142574 18753  6% 9 122671 23897 56%
c s 20.39 52 37 28 8012 143131 19034  6% 9 122546 23897 56%
c v 20.68 52 37 28 8012 143131 19034  6% 9 122267 23897 56%
c w 20.87 52 37 28 8012 143131 18992  6% 9 122267 23897 56%
c t 20.88 52 37 28 8012 143131 18991  6% 9 122267 23897 56%
c e 20.93 52 37 28 8012 143131 18663  6% 9 122223 23848 55%
c s 20.98 52 37 28 8012 143131 18561  6% 9 122179 23848 55%
c e 21.02 52 37 28 8012 143131 18553  6% 9 122178 23845 55%
c - 21.99 52 36 29 8592 152047 20318  6% 9 122178 23845 55%
c I 22.10 52 36 29 8662 153029 21205  6% 9 122178 23845 55%
c - 23.14 52 36 30 9321 161835 21325  6% 9 122178 23845 55%
c B 24.07 52 36 30 9990 171030 29498  6% 9 122178 23845 55%
c - 24.20 52 36 31 10036 171944 22407  6% 9 122178 23845 55%
c 3 25.40 52 35 31 10585 180006 38319  6% 9 122178 23845 55%
c p 25.47 52 35 31 10585 180006 38735  6% 9 122178 23845 55%
c s 25.70 52 35 31 10675 180847 38608  6% 9 122168 23845 55%
c v 26.20 52 35 31 10675 180847 38608  6% 9 122143 23845 55%
c 
c  seconds  reductions        redundant  irredundant
c         MB      restarts           trail       variables
c          level       conflicts         glue         remaining
c 
c w 26.48 52 35 31 10675 180847 38600  6% 9 122143 23845 55%
c t 26.49 52 35 31 10675 180847 38599  6% 9 122143 23845 55%
c e 26.54 52 35 31 10675 180847 38336  6% 9 122112 23802 55%
c s 26.62 52 35 31 10675 180847 37580  6% 9 122095 23802 55%
c - 26.97 52 35 32 10842 182380 24688  6% 9 122095 23802 55%
c F 27.87 52 35 32 11417 190031 31497  6% 9 122095 23802 55%
c - 28.28 52 35 33 11644 193138 25211  6% 9 122095 23802 55%
c - 29.70 52 35 34 12492 204222 26375  6% 9 122095 23802 55%
c B 30.30 52 35 34 13012 210033 31500  6% 9 122095 23802 55%
c - 31.06 52 35 35 13511 215632 27157  6% 9 122095 23802 55%
c s 32.19 52 34 35 14003 223307 33843  6% 9 122089 23802 55%
c v 32.66 52 34 35 14003 223307 33843  6% 9 122076 23802 55%
c w 33.10 52 34 35 14003 223307 33786  6% 9 122076 23802 55%
c t 33.11 52 34 35 14003 223307 33781  6% 9 122076 23802 55%
c e 33.24 52 34 35 14003 223307 33758  6% 9 122053 23785 55%
c s 33.30 52 34 35 14003 223307 33592  6% 9 122049 23785 55%
c e 33.36 52 34 35 14003 223307 28918  6% 9 121882 23765 55%
c 3 33.80 52 34 35 14213 225009 38895  6% 9 121882 23765 55%
c 2 33.86 52 34 35 14213 225009 38894  6% 9 121882 23765 55%
c p 33.90 52 34 35 14213 225009 40056  6% 9 121882 23765 55%
c 
c  seconds  reductions        redundant  irredundant
c         MB      restarts           trail       variables
c          level       conflicts         glue         remaining
c 
c - 34.38 52 34 36 14449 227368 25469  6% 9 121882 23765 55%
c # 35.02 52 34 36 14653 231034 28794  7% 9 121882 23765 55%
c - 36.36 52 33 37 15028 239421 28139  7% 9 121882 23765 55%
c - 38.39 53 33 38 15924 251801 29947  7% 9 121882 23765 55%
c B 38.58 53 33 38 16059 253037 31076  7% 9 121882 23765 55%
c - 40.18 53 33 39 16885 264510 31264  7% 9 121882 23765 55%
c s 41.18 53 33 39 17316 270479 36372  7% 9 121877 23765 55%
c v 41.52 53 33 39 17316 270479 36372  7% 9 121846 23765 55%
c w 41.94 53 33 39 17316 270479 36254  7% 9 121846 23765 55%
c t 41.95 53 33 39 17316 270479 36245  7% 9 121846 23765 55%
c e 41.99 53 33 39 17316 270479 35959  7% 9 121833 23749 55%
c s 42.05 53 33 39 17316 270479 35730  7% 9 121828 23749 55%
c e 42.09 53 33 39 17316 270479 34377  7% 9 121678 23728 55%
c 3 43.00 53 33 39 17698 275009 47794  7% 9 121678 23728 55%
c p 43.08 53 33 39 17698 275009 49212  7% 9 121678 23728 55%
c O 43.21 53 33 39 17766 276038 50110  7% 9 121678 23728 55%
c - 43.51 53 33 40 17879 277542 32099  7% 9 121678 23728 55%
c - 45.60 53 33 41 19097 290890 33647  7% 10 121678 23728 55%
c B 47.01 53 33 41 19836 300040 41773  7% 10 121678 23728 55%
c - 47.72 53 33 42 20207 304563 34956  7% 10 121678 23728 55%
c 
c  seconds  reductions        redundant   irredundant
c         MB      restarts           trail        variables
c          level       conflicts         glue          remaining
c 
c - 50.03 54 32 43 21282 318565 36248  7% 10 121678 23728 55%
c s 51.02 54 32 43 21453 322366 39067  7% 10 121666 23728 55%
c v 51.37 54 32 43 21453 322366 39067  7% 10 121449 23728 55%
c w 51.88 54 32 43 21453 322366 39036  7% 10 121449 23728 55%
c t 51.88 54 32 43 21453 322366 39032  7% 10 121449 23728 55%
c e 51.95 54 32 43 21453 322366 37686  7% 10 121405 23678 55%
c s 52.01 54 32 43 21453 322366 37494  7% 10 121400 23678 55%
c e 52.05 54 32 43 21453 322366 37485  7% 10 121404 23674 55%
c i 52.16 54 32 43 21453 322594 37633  7% 10 121404 23668 55%
c I 52.58 54 32 43 21697 325041 39827  7% 10 121404 23668 55%
c 3 53.60 54 32 43 22215 330009 53734  7% 10 121404 23668 55%
c p 53.72 54 32 43 22215 330009 55238  7% 10 121404 23668 55%
c - 54.40 54 32 44 22547 332890 34366  7% 10 121078 23668 55%
c - 57.08 54 32 45 23784 347511 37598  7% 10 121078 23668 55%
c B 57.56 54 32 45 23997 351044 40755  7% 10 121078 23668 55%
c - 59.76 54 32 46 25052 362457 39438  7% 10 121078 23668 55%
c - 63.07 54 32 47 26191 377729 40742  7% 10 121078 23668 55%
c F 63.12 54 32 47 26234 378045 41031  7% 10 121078 23668 55%
c s 63.42 54 32 47 26311 378970 41639  7% 10 121057 23668 55%
c v 63.88 54 32 47 26311 378970 41639  7% 10 120980 23668 55%
c 
c  seconds  reductions        redundant   irredundant
c         MB      restarts           trail        variables
c          level       conflicts         glue          remaining
c 
c w 64.66 54 32 47 26311 378970 41585  7% 10 120980 23668 55%
c t 64.66 54 32 47 26311 378970 41575  7% 10 120979 23668 55%
c e 64.72 54 32 47 26311 378970 40705  7% 10 120834 23540 55%
c s 64.80 54 32 47 26311 378970 40527  7% 10 120821 23540 55%
c e 64.84 54 32 47 26311 378970 40527  7% 10 120822 23538 55%
c 3 66.82 54 32 47 26977 390009 60226  7% 10 120822 23538 55%
c p 66.95 54 32 47 26977 390009 61522  7% 10 120822 23538 55%
c - 67.63 54 32 48 27176 393325 41809  7% 10 120822 23538 55%
c B 69.76 54 31 48 27909 406046 53116  7% 10 120822 23538 55%
c f 70.53 54 31 49 28285 409232 31280  7% 10 120822 23538 55%
c - 73.44 54 32 50 29720 425464 35326  7% 10 120822 23538 55%
c # 74.98 54 31 50 30338 435047 43919  7% 10 120822 23538 55%
c s 76.12 54 31 50 30840 440326 48253  7% 10 120814 23538 55%
c v 76.51 54 31 50 30840 440326 48253  7% 10 120766 23538 55%
c w 77.39 54 31 50 30840 440326 48180  7% 10 120766 23538 55%
c t 77.40 54 31 50 30840 440326 48180  7% 10 120763 23538 55%
c e 77.46 54 31 50 30840 440326 48159  7% 10 120752 23531 55%
c s 77.60 54 31 50 30840 440326 47967  7% 10 120750 23531 55%
c - 78.08 42 31 51 30975 442023 38669  7% 10 120750 23531 55%
c 3 80.20 42 31 51 31796 455011 59790  7% 10 120750 23531 55%
c 
c  seconds  reductions        redundant   irredundant
c         MB      restarts           trail        variables
c          level       conflicts         glue          remaining
c 
c p 80.31 42 31 51 31796 455011 61115  7% 10 120750 23531 55%
c - 81.06 42 31 52 32161 458900 39978  7% 10 120750 23531 55%
c B 81.98 42 31 52 32632 465048 45357  7% 10 120750 23531 55%
c - 84.07 43 31 53 33529 476103 40983  7% 10 120750 23531 55%
c i 84.92 43 31 53 33970 480464 44823  7% 10 120750 23528 55%
c - 87.34 43 31 54 34966 493630 41348  7% 10 120607 23528 55%
c O 87.75 43 31 54 35177 496053 43496  7% 10 120607 23528 55%
c i 89.11 43 31 54 35963 504352 50899  7% 10 120607 23524 55%
c s 89.58 47 31 54 36093 506389 52193  7% 10 120593 23524 55%
c v 89.98 47 31 54 36093 506389 52193  7% 10 120230 23524 55%
c w 90.86 47 31 54 36093 506389 52141  7% 10 120230 23524 55%
c t 90.86 47 31 54 36093 506389 52133  7% 10 120229 23524 55%
c e 91.02 47 31 54 36093 506389 37872  7% 10 120930 22959 53%
c s 91.12 47 31 54 36093 506389 37595  7% 10 120821 22959 53%
c - 92.29 42 31 55 36366 511479 33550  7% 10 120820 22959 53%
c 3 94.74 42 30 55 36889 525012 54550  7% 10 120820 22959 53%
c 2 94.80 42 30 55 36889 525012 54549  7% 10 120820 22959 53%
c p 94.85 42 30 55 36889 525012 55616  7% 10 120820 22958 53%
c B 95.40 42 30 55 37104 528055 58368  7% 10 120820 22958 53%
c - 95.87 48 30 56 37202 529661 38994  7% 10 120776 22958 53%
c 
c  seconds  reductions        redundant   irredundant
c         MB      restarts           trail        variables
c          level       conflicts         glue          remaining
c 
c i 97.94 48 29 56 37761 541914 49781  7% 10 120776 22957 53%
c - 98.98 54 29 57 38106 548162 38573  7% 10 120608 22957 53%
c I 100.69 54 30 57 39209 561056 50197  7% 10 120608 22957 53%
c - 101.51 54 29 58 39364 566977 42396  7% 10 120608 22957 53%
c s 103.33 54 29 58 40395 578262 52134  7% 10 120574 22957 53%
c v 103.76 54 29 58 40395 578262 52134  7% 10 120280 22957 53%
c w 104.65 54 29 58 40395 578262 52080  7% 10 120280 22957 53%
c t 104.66 54 29 58 40395 578262 52077  7% 10 120278 22957 53%
c e 104.89 54 29 58 40395 578262 44273  7% 10 121114 22419 52%
c s 105.00 54 29 58 40395 578262 44053  7% 10 121023 22419 52%
c e 105.05 54 29 58 40395 578262 43975  7% 10 121041 22414 52%
c - 106.67 54 30 59 40983 586120 39777  7% 10 121041 22414 52%
c B 108.05 54 29 59 41436 595057 47674  7% 10 121041 22414 52%
c d 108.83 54 29 59 41818 600012 52068  7% 10 121041 22413 52%
c 3 108.91 54 29 59 41818 600012 60307  7% 10 121041 22413 52%
c 2 108.96 54 29 59 41818 600012 60304  7% 10 121039 22413 52%
c p 109.00 54 29 59 41818 600012 61458  7% 10 121039 22413 52%
c - 110.21 43 29 60 42288 605612 44631  7% 10 121039 22413 52%
c - 113.65 43 30 61 43856 625431 47117  7% 10 121039 22413 52%
c F 114.38 43 30 61 44255 630058 51306  7% 10 121039 22413 52%
c 
c  seconds   reductions        redundant   irredundant
c          MB      restarts           trail        variables
c           level       conflicts         glue          remaining
c 
c - 117.05 43 30 62 45350 645573 49086  7% 10 121039 22413 52%
c s 119.22 48 29 62 45959 656120 58109  8% 10 120963 22413 52%
c v 119.67 48 29 62 45959 656120 58109  8% 10 120698 22413 52%
c w 120.59 48 29 62 45959 656120 57968  8% 10 120698 22409 52%
c t 120.60 48 29 62 45959 656120 57960  8% 10 120697 22409 52%
c e 120.82 48 29 62 45959 656120 52735  8% 10 121032 21944 51%
c s 120.93 48 29 62 45959 656120 52494  8% 10 120992 21944 51%
c e 120.98 48 29 62 45959 656120 52482  8% 10 121001 21937 51%
c i 121.98 48 29 62 46174 661022 56571  9% 10 121001 21926 51%
c - 123.11 43 29 63 46571 666040 45049 10% 10 120093 21926 51%
c B 123.11 43 29 63 46571 666061 45069 10% 10 120093 21926 51%
c 3 125.94 43 29 63 47542 680012 66374 10% 10 120093 21926 51%
c 2 125.99 43 29 63 47542 680012 66367 10% 10 120093 21926 51%
c p 126.05 43 29 63 47542 680012 68261 10% 10 120093 21922 51%
c - 127.29 50 29 64 48082 686767 50136  9% 10 119707 21922 51%
c i 129.11 50 29 64 48847 697949 60218  9% 10 119707 21919 51%
c # 130.17 50 29 64 49194 703066 64813  9% 10 119707 21919 51%
c - 131.13 57 29 65 49554 707791 51742  9% 10 119408 21919 51%
c i 135.97 57 27 65 50524 727757 69215  9% 10 119408 21915 51%
c - 136.35 57 27 66 50710 729117 52420  9% 10 118995 21915 51%
c 
c  seconds   reductions        redundant   irredundant
c          MB      restarts           trail        variables
c           level       conflicts         glue          remaining
c 
c s 138.70 57 27 66 51519 739885 61239  9% 10 118933 21915 51%
c v 139.17 57 27 66 51519 739885 61239  9% 10 117842 21915 51%
c w 140.08 57 27 66 51519 739885 60958  9% 10 117842 21907 51%
c t 140.08 57 27 66 51519 739885 60906  9% 10 117648 21899 51%
c e 140.20 57 27 66 51519 739885 53759  9% 10 115781 20725 48%
c s 140.30 57 27 66 51519 739885 53289  9% 10 115685 20725 48%
c e 140.37 57 27 66 51519 739885 49281  9% 10 115573 20638 48%
c B 140.53 57 27 66 51566 741067 50326  9% 10 115573 20638 48%
c - 142.09 57 28 67 52365 750736 45584  9% 10 115573 20638 48%
c i 142.82 57 28 67 52611 755249 49602  9% 10 115573 20623 48%
c 3 144.55 57 27 67 53134 765012 65470  9% 10 115573 20623 48%
c 2 144.60 57 27 67 53134 765012 65449  9% 10 115573 20622 48%
c p 144.66 57 27 67 53134 765012 66856  9% 10 115573 20621 48%
c - 145.93 57 27 68 53657 772420 50175  9% 10 114143 20621 48%
c O 147.12 57 28 68 54193 780068 57048  8% 10 114143 20621 48%
c - 149.50 57 28 69 55231 794309 52822  8% 10 114143 20621 48%
c - 153.56 57 27 70 56417 816515 54657  8% 10 114143 20621 48%
c B 154.10 57 27 70 56675 820073 57828  8% 10 114143 20621 48%
c s 155.68 57 27 70 57311 829361 65341  8% 10 114070 20621 48%
c v 156.11 57 27 70 57311 829361 65341  8% 10 113079 20621 48%
c 
c  seconds   reductions        redundant   irredundant
c          MB      restarts           trail        variables
c           level       conflicts         glue          remaining
c 
c w 157.23 57 27 70 57311 829361 65150  8% 10 113079 20621 48%
c t 157.24 57 27 70 57311 829361 65112  8% 10 112919 20618 48%
c e 157.34 57 27 70 57311 829361 57486  8% 10 112294 20084 47%
c s 157.45 57 27 70 57311 829361 57262  8% 10 112219 20084 47%
c e 157.49 57 27 70 57311 829361 57241  8% 10 112198 20074 47%
c - 159.29 57 28 71 58208 839038 51396  8% 10 112198 20074 47%
c 3 161.85 57 28 71 59146 855012 73546  8% 10 112198 20074 47%
c 2 161.90 57 28 71 59146 855012 73541  8% 10 112198 20073 47%
c p 162.00 57 28 71 59146 855012 74984  8% 10 112198 20069 47%
c I 162.77 57 28 71 59628 861080 80333  7% 10 112198 20069 47%
c - 162.94 57 28 72 59672 861719 55138  7% 10 111734 20069 47%
c - 166.75 57 28 73 61516 884674 57289  7% 10 111734 20069 47%
c B 170.06 57 28 73 62649 903081 73988  7% 10 111734 20069 47%
c - 170.99 57 28 74 62907 907945 59112  7% 10 111734 20069 47%
c s 173.50 57 28 74 64161 923702 73001  7% 10 111703 20069 47%
c v 173.94 57 28 74 64161 923702 73001  7% 10 111341 20069 47%
c w 175.01 57 28 74 64161 923702 72848  7% 10 111341 20069 47%
c t 175.02 57 28 74 64161 923702 72843  7% 10 111287 20069 47%
c e 175.09 57 28 74 64161 923702 71525  7% 10 111404 19959 46%
c s 175.20 57 28 74 64161 923702 71216  7% 10 111360 19959 46%
c 
c  seconds   reductions        redundant   irredundant
c          MB      restarts           trail        variables
c           level       conflicts         glue          remaining
c 
c e 175.24 57 28 74 64161 923702 69186  7% 10 111280 19932 46%
c - 176.68 57 28 75 64702 931529 58583  7% 10 111280 19932 46%
c F 179.63 57 27 75 65264 946082 71253  7% 10 111280 19932 46%
c 3 180.60 57 27 75 65482 950014 83443  7% 10 111280 19932 46%
c p 180.71 57 27 75 65482 950014 84207  7% 10 111280 19932 46%
c - 181.83 57 27 76 65867 955388 60145  7% 10 111280 19932 46%
c i 183.86 57 26 76 66478 967041 70316  7% 10 111280 19931 46%
c - 186.74 57 26 77 67125 979560 59425  7% 10 111143 19931 46%
c B 188.77 57 26 77 67868 990083 68940  7% 10 111143 19931 46%
c - 191.47 58 26 78 68980 1004034 62881  7% 10 111143 19931 46%
c i 194.92 58 24 78 69466 1019201 75659  7% 10 111143 19930 46%
c i 194.93 58 24 78 69466 1019226 75669  7% 10 111143 19926 46%
c s 196.06 58 24 78 69681 1022944 78441  8% 10 111132 19926 46%
c v 196.49 58 24 78 69681 1022944 78441  8% 10 110628 19926 46%
c w 198.25 58 24 78 69681 1022944 78030  8% 10 110628 19926 46%
c t 198.26 58 24 78 69681 1022944 78006  8% 10 110625 19926 46%
c e 198.33 58 24 78 69681 1022944 75021  8% 10 110566 19779 46%
c s 198.45 58 24 78 69681 1022944 74739  8% 10 110550 19779 46%
c i 198.89 58 24 78 69681 1024215 75737  8% 10 110550 19775 46%
c - 200.10 42 24 79 69830 1028823 52640  8% 10 110247 19775 46%
c 
c  seconds   reductions         redundant   irredundant
c          MB      restarts            trail        variables
c           level        conflicts         glue          remaining
c 
c i 200.24 42 23 79 69830 1029654 53217  8% 10 110247 19749 46%
c # 201.00 42 24 79 70103 1035084 58111  8% 10 110247 19749 46%
c 3 203.68 42 23 79 71212 1050018 79934  7% 10 110247 19749 46%
c 2 203.73 42 23 79 71212 1050018 79928  7% 10 110247 19749 46%
c p 203.79 42 23 79 71212 1050018 80479  7% 10 110247 19749 46%
c - 204.67 49 23 80 71519 1053840 58142  7% 10 108554 19749 46%
c - 210.12 57 23 81 73621 1079006 63360  7% 10 108554 19749 46%
c B 210.52 57 23 81 73748 1081085 65228  7% 10 108554 19749 46%
c - 216.57 57 23 82 75470 1104482 66107  7% 10 108554 19749 46%
c s 222.85 57 22 82 76725 1127216 84916  8% 10 108537 19749 46%
c v 223.25 57 22 82 76725 1127216 84916  8% 10 108192 19749 46%
c w 225.41 57 22 82 76725 1127216 84841  8% 10 108192 19749 46%
c t 225.42 57 22 82 76725 1127216 84784  8% 10 108007 19749 46%
c e 225.68 57 22 82 76725 1127216 50380  8% 10 130047 15775 37%
c s 225.87 57 22 82 76725 1127216 50051  8% 10 129552 15775 37%
c e 225.98 59 22 82 76725 1127216 50051  8% 10 129548 15774 37%
c O 226.26 59 22 82 76794 1128087 50800  9% 10 129548 15774 37%
c - 226.68 59 22 83 76981 1130269 42353  8% 10 129548 15774 37%
c 3 232.92 59 21 83 78644 1155018 67529 11% 10 129548 15774 37%
c p 233.01 59 21 83 78644 1155018 67806 11% 10 129548 15774 37%
c 
c  seconds   reductions         redundant   irredundant
c          MB      restarts            trail        variables
c           level        conflicts         glue          remaining
c 
c - 234.11 59 20 84 78748 1158302 52449 12% 10 129548 15774 37%
c B 238.68 59 20 84 79758 1176089 66655 12% 10 129548 15774 37%
c - 242.07 67 19 85 80507 1186668 57398 11% 10 129548 15774 37%
c - 251.00 59 18 86 82467 1215369 59450 12% 10 129548 15774 37%
c i 251.76 59 18 86 82655 1217688 61172 12% 10 129548 15772 37%
c I 253.67 59 17 86 82967 1225090 67089 12% 10 129548 15772 37%
c i 256.04 59 17 86 83151 1232732 72599 12% 9 129548 15755 37%
c i 256.92 59 17 86 83195 1235796 74993 12% 9 129548 15740 37%
c i 257.04 59 17 86 83195 1236141 75233 12% 9 129548 15696 36%
c i 257.10 59 17 86 83195 1236312 75331 12% 9 129548 15659 36%
c i 257.17 59 16 86 83195 1236497 75418 12% 9 129548 15479 36%
c i 257.21 59 16 86 83195 1236639 75521 12% 9 129548 15342 36%
c i 257.22 59 16 86 83195 1236687 75549 12% 9 129548 15184 35%
c i 257.23 59 16 86 83195 1236717 75565 12% 9 129548 14745 34%
c } 257.23 59 16 86 83195 1236723 75568 12% 9 129548 14366 33%
c 0 257.23 59 16 86 83195 1236723 75568 12% 9 129548 14366 33%
c 
c --- [ result ] -------------------------------------------------------------
c 
s UNSATISFIABLE
c 
c --- [ run-time profiling ] -------------------------------------------------
c 
c process time taken by individual solving procedures
c (percentage relative to process time for solving)
c 
c       223.38   86.90% search
c       223.37   86.90% unstable
c        33.68   13.10% simplify
c        21.26    8.27% vivify
c         4.08    1.59% subsume
c         3.67    1.43% elim
c         1.96    0.76% ternary
c         1.04    0.41% probe
c         0.00    0.00% lucky
c   =================================
c       257.05   99.93% solve
c 
c last line shows process time for solving
c (percentage relative to total process time)
c 
c --- [ statistics ] ---------------------------------------------------------
c 
c backtracked:             4012306       324.43 %  of conflicts
c chronological:            463747        11.56 %  of backtracks
c conflicts:               1236723      4811.18    per second
c decisions:               4788747     18629.49    per second
c eliminated:                24161        56.18 %  of all variables
c fixed:                      2888         6.72 %  of all variables
c flushed:                   35529         2.87 %  per conflict
c learned:                 1173760        94.91 %  per conflict
c minimized:              15928246        35.98 %  learned literals
c propagations:          592850461         2.31 M  per second
c reduced:                  823571        66.59 %  per conflict
c rephased:                     49     25239.24    interval
c restarts:                  83195        14.87    interval
c substituted:                1593         3.70 %  of all variables
c subsumed:                 191606         4.89 %  of all clauses
c strengthened:             109389         2.79 %  of all clauses
c ternary:                  221883         0.65 %  of resolved
c vivified:                 112640         2.87 %  of all clauses
c weakened:                 133171         5.28    average size
c 
c seconds are measured in process time for solving
c 
c --- [ resources ] ----------------------------------------------------------
c 
c total process time since initialization:       257.23    seconds
c total real time since initialization:          257.24    seconds
c maximum resident set size of process:           67.18    MB
c 
c --- [ shutting down ] ------------------------------------------------------
c 
c exit 20
