c --- [ banner ] -------------------------------------------------------------
c 
c CaDiCaL Radically Simplified CDCL SAT Solver
c Copyright (c) 2016-2019 Armin Biere, JKU Linz
c 
c Version 1.0.3 cb89cbfa16f47cb7bf1ec6ad9855e7b6d5203c18
c g++ (GCC) 6.3.0 -Wall -Wextra -O3 -DNDEBUG
c Fri Aug 23 08:17:16 CDT 2019 Linux login1 4.4.103-6.38-default x86_64
c 
c --- [ config ] -------------------------------------------------------------
c 
c using 'unsat' configuration (target unsatisfiable instances)
c 
c --- [ proof tracing ] ------------------------------------------------------
c 
c opening file to write '/tmp/48_459_0_four.drat'
c writing binary proof trace to '/tmp/48_459_0_four.drat'
c 
c --- [ parsing input ] ------------------------------------------------------
c 
c reading DIMACS file from '/tmp/48_459_0_four.cnf'
c opening file to read '/tmp/48_459_0_four.cnf'
c found 'p cnf 43008 265780' header
c parsed 265780 clauses in 0.14 seconds process time
c 
c --- [ options ] ------------------------------------------------------------
c 
c   --stabilize=false              (different from default 'true')
c   --walk=false                   (different from default 'true')
c 
c --- [ solving ] ------------------------------------------------------------
c 
c time measured in process time since initialization
c 
c  seconds  reductions  redundant  irredundant
c         MB    restarts       trail       variables
c          level   conflicts       glue         remaining
c 
c *  0.14 31  0 0   0    0    0  0% 0 243764 41522 97%
c {  0.15 32  0 0   0    0    0  0% 0 243764 41522 97%
c -  0.19 33 43 1  14  300  235  7% 9 233094 41522 97%
c i  0.19 33 40 1  14  325  253  7% 8 233094 41514 97%
c }  0.20 33 35 1  17  531  369  6% 8 233094 41163 96%
c 0  0.20 33 35 1  17  531  369  6% 8 233094 41163 96%
c 
c --- [ result ] -------------------------------------------------------------
c 
s UNSATISFIABLE
c 
c --- [ run-time profiling ] -------------------------------------------------
c 
c process time taken by individual solving procedures
c (percentage relative to process time for solving)
c 
c         0.06  100.00% search
c         0.06   93.33% unstable
c         0.00    6.67% lucky
c         0.00    0.00% simplify
c   =================================
c         0.06   29.41% solve
c 
c last line shows process time for solving
c (percentage relative to total process time)
c 
c --- [ statistics ] ---------------------------------------------------------
c 
c backtracked:                 630       118.64 %  of conflicts
c chronological:               210        33.33 %  of backtracks
c conflicts:                   531      8850.00    per second
c decisions:                  3128     52133.33    per second
c fixed:                      1845         4.29 %  of all variables
c learned:                     411        77.40 %  per conflict
c minimized:                  3223        24.83 %  learned literals
c propagations:             121049         2.02 M  per second
c restarts:                     17        31.24    interval
c subsumed:                     40         0.01 %  of all clauses
c 
c seconds are measured in process time for solving
c 
c --- [ resources ] ----------------------------------------------------------
c 
c total process time since initialization:         0.20    seconds
c total real time since initialization:            0.20    seconds
c maximum resident set size of process:           34.44    MB
c 
c --- [ shutting down ] ------------------------------------------------------
c 
c exit 20
