c --- [ banner ] -------------------------------------------------------------
c 
c CaDiCaL Radically Simplified CDCL SAT Solver
c Copyright (c) 2016-2019 Armin Biere, JKU Linz
c 
c Version 1.0.3 cb89cbfa16f47cb7bf1ec6ad9855e7b6d5203c18
c g++ (GCC) 6.3.0 -Wall -Wextra -O3 -DNDEBUG
c Fri Aug 23 08:17:16 CDT 2019 Linux login1 4.4.103-6.38-default x86_64
c 
c --- [ config ] -------------------------------------------------------------
c 
c using 'unsat' configuration (target unsatisfiable instances)
c 
c --- [ proof tracing ] ------------------------------------------------------
c 
c opening file to write '/tmp/29_567_0_four.drat'
c writing binary proof trace to '/tmp/29_567_0_four.drat'
c 
c --- [ parsing input ] ------------------------------------------------------
c 
c reading DIMACS file from '/tmp/29_567_0_four.cnf'
c opening file to read '/tmp/29_567_0_four.cnf'
c found 'p cnf 259840 1039929' header
c parsed 1039929 clauses in 0.65 seconds process time
c 
c --- [ options ] ------------------------------------------------------------
c 
c   --stabilize=false              (different from default 'true')
c   --walk=false                   (different from default 'true')
c 
c --- [ solving ] ------------------------------------------------------------
c 
c time measured in process time since initialization
c 
c  seconds   reductions  redundant   irredundant
c          MB    restarts       trail        variables
c           level   conflicts       glue           remaining
c 
c *  0.67 139  0 0   0    0    0  0% 0 1039424 253052 97%
c {  0.69 142  0 0   0    0    0  0% 0 1039424 253052 97%
c -  0.93 148 324 1  12  300  180  5% 4 911801 253052 97%
c I  1.66 148 90 1 111 1002  817  9% 8 911801 253052 97%
c -  2.36 178 66 2 164 1475 1213  9% 8 911801 253052 97%
c i  3.27 178 45 2 278 2581 2182 10% 9 911801 252968 97%
c i  3.28 178 45 2 278 2602 2200 10% 9 911801 252778 97%
c i  3.50 178 43 2 295 2870 2435 10% 9 911801 252516 97%
c B  3.63 178 42 2 311 3003 2556 10% 9 911801 252516 97%
c -  4.12 178 40 3 332 3240 2218 10% 9 902875 252516 97%
c i  4.16 178 40 3 332 3347 2309 10% 9 902875 252355 97%
c s  5.22 204 33 3 332 4077 2948 11% 8 902875 252355 97%
c v  6.46 204 33 3 332 4077 2948 11% 8 902861 252355 97%
c w  6.80 204 33 3 332 4077 2841 11% 8 902861 236899 91%
c t  6.88 204 33 3 332 4077 2841 11% 8 902291 236899 91%
c e  9.01 191 33 3 332 4077   18 11% 8 174809 23330  9%
c s  9.14 198 33 3 332 4077   18 11% 8 174625 23330  9%
c e  9.23 198 33 3 332 4077   18 11% 8 174625 23275  9%
c i  9.42 198 33 3 332 4133   58  9% 8 174625 23152  9%
c i  9.42 198 33 3 332 4158   79  8% 8 174625 23031  9%
c 
c  seconds   reductions  redundant  irredundant
c          MB    restarts       trail       variables
c           level   conflicts       glue         remaining
c 
c i  9.43 198 31 3 332 4300  183  9% 8 174625 23026  9%
c i  9.43 198 31 3 332 4319  199  9% 8 174625 23021  9%
c i  9.44 198 30 3 332 4385  235  8% 8 174625 22996  9%
c i  9.44 198 30 3 332 4402  243  8% 8 174625 22897  9%
c i  9.44 198 30 3 332 4413  246  9% 8 174625 22692  9%
c i  9.44 198 30 3 332 4414  246  9% 8 174625 22601  9%
c i  9.44 198 30 3 332 4416  247  9% 8 174625 22580  9%
c }  9.44 198 30 3 332 4419  247  8% 8 174625 22485  9%
c 0  9.44 198 30 3 332 4419  247  8% 8 174625 22485  9%
c 
c --- [ result ] -------------------------------------------------------------
c 
s UNSATISFIABLE
c 
c --- [ run-time profiling ] -------------------------------------------------
c 
c process time taken by individual solving procedures
c (percentage relative to process time for solving)
c 
c         4.43   50.34% simplify
c         4.35   49.43% search
c         4.33   49.20% unstable
c         2.14   24.37% elim
c         1.46   16.60% vivify
c         0.75    8.55% subsume
c         0.02    0.23% lucky
c   =================================
c         8.80   93.14% solve
c 
c last line shows process time for solving
c (percentage relative to total process time)
c 
c --- [ statistics ] ---------------------------------------------------------
c 
c backtracked:               11515       260.58 %  of conflicts
c chronological:              1779        15.45 %  of backtracks
c conflicts:                  4419       502.39    per second
c decisions:                 20316      2309.69    per second
c eliminated:               213624        82.21 %  of all variables
c fixed:                     23731         9.13 %  of all variables
c learned:                    4128        93.41 %  per conflict
c minimized:                 41803        26.74 %  learned literals
c propagations:           17176125         1.95 M  per second
c reduced:                     570        12.90 %  per conflict
c rephased:                      2      2209.50    interval
c restarts:                    332        13.31    interval
c subsumed:                   4707         0.17 %  of all clauses
c strengthened:              11896         0.43 %  of all clauses
c vivified:                    103         0.00 %  of all clauses
c weakened:                 666736         2.82    average size
c 
c seconds are measured in process time for solving
c 
c --- [ resources ] ----------------------------------------------------------
c 
c total process time since initialization:         9.44    seconds
c total real time since initialization:            9.45    seconds
c maximum resident set size of process:          204.18    MB
c 
c --- [ shutting down ] ------------------------------------------------------
c 
c exit 20
