c --- [ banner ] -------------------------------------------------------------
c 
c CaDiCaL Radically Simplified CDCL SAT Solver
c Copyright (c) 2016-2019 Armin Biere, JKU Linz
c 
c Version 1.0.3 cb89cbfa16f47cb7bf1ec6ad9855e7b6d5203c18
c g++ (GCC) 6.3.0 -Wall -Wextra -O3 -DNDEBUG
c Fri Aug 23 08:17:16 CDT 2019 Linux login1 4.4.103-6.38-default x86_64
c 
c --- [ config ] -------------------------------------------------------------
c 
c using 'unsat' configuration (target unsatisfiable instances)
c 
c --- [ proof tracing ] ------------------------------------------------------
c 
c opening file to write '/tmp/29_548_0_four.drat'
c writing binary proof trace to '/tmp/29_548_0_four.drat'
c 
c --- [ parsing input ] ------------------------------------------------------
c 
c reading DIMACS file from '/tmp/29_548_0_four.cnf'
c opening file to read '/tmp/29_548_0_four.cnf'
c found 'p cnf 259840 1039929' header
c parsed 1039929 clauses in 0.67 seconds process time
c 
c --- [ options ] ------------------------------------------------------------
c 
c   --stabilize=false              (different from default 'true')
c   --walk=false                   (different from default 'true')
c 
c --- [ solving ] ------------------------------------------------------------
c 
c time measured in process time since initialization
c 
c  seconds   reductions  redundant   irredundant
c          MB    restarts       trail        variables
c           level   conflicts       glue           remaining
c 
c *  0.70 139  0 0   0    0    0  0% 0 1039424 252796 97%
c {  0.73 142  0 0   0    0    0  0% 0 1039424 252796 97%
c -  1.09 149 295 1  15  301  197  6% 5 909636 252796 97%
c I  1.80 149 100 1 154 1002  806  8% 9 909636 252796 97%
c -  2.48 180 80 2 186 1478 1161  9% 9 909636 252796 97%
c i  2.77 180 57 2 209 2171 1689  9% 9 909636 252104 97%
c i  2.78 180 57 2 210 2172 1689  9% 9 909636 252068 97%
c i  2.78 180 57 2 210 2177 1691  9% 9 909636 246494 95%
c i  2.78 180 57 2 210 2179 1692  9% 9 909636 243255 94%
c i  2.78 180 57 2 210 2180 1692  9% 9 909636 243147 94%
c i  2.81 180 55 2 210 2230 1735  9% 9 909636 241906 93%
c i  2.81 180 55 2 210 2233 1737  9% 9 909636 239077 92%
c }  2.81 180 55 2 210 2239 1737  9% 9 909636 237847 92%
c 0  2.81 180 55 2 210 2239 1737  9% 9 909636 237847 92%
c 
c --- [ result ] -------------------------------------------------------------
c 
s UNSATISFIABLE
c 
c --- [ run-time profiling ] -------------------------------------------------
c 
c process time taken by individual solving procedures
c (percentage relative to process time for solving)
c 
c         2.10   98.50% search
c         2.08   97.19% unstable
c         0.03    1.31% lucky
c         0.00    0.00% simplify
c   =================================
c         2.14   76.07% solve
c 
c last line shows process time for solving
c (percentage relative to total process time)
c 
c --- [ statistics ] ---------------------------------------------------------
c 
c backtracked:                2764       123.45 %  of conflicts
c chronological:               970        35.09 %  of backtracks
c conflicts:                  2239      1048.22    per second
c decisions:                 15789      7391.85    per second
c fixed:                     21993         8.46 %  of all variables
c learned:                    1952        87.18 %  per conflict
c minimized:                 12310        20.62 %  learned literals
c propagations:            5859508         2.74 M  per second
c reduced:                      33         1.47 %  per conflict
c rephased:                      1      2239.00    interval
c restarts:                    210        10.66    interval
c subsumed:                    170         0.01 %  of all clauses
c 
c seconds are measured in process time for solving
c 
c --- [ resources ] ----------------------------------------------------------
c 
c total process time since initialization:         2.81    seconds
c total real time since initialization:            2.81    seconds
c maximum resident set size of process:          179.79    MB
c 
c --- [ shutting down ] ------------------------------------------------------
c 
c exit 20
