c --- [ banner ] -------------------------------------------------------------
c 
c CaDiCaL Radically Simplified CDCL SAT Solver
c Copyright (c) 2016-2019 Armin Biere, JKU Linz
c 
c Version 1.0.3 cb89cbfa16f47cb7bf1ec6ad9855e7b6d5203c18
c g++ (GCC) 6.3.0 -Wall -Wextra -O3 -DNDEBUG
c Fri Aug 23 08:17:16 CDT 2019 Linux login1 4.4.103-6.38-default x86_64
c 
c --- [ config ] -------------------------------------------------------------
c 
c using 'unsat' configuration (target unsatisfiable instances)
c 
c --- [ proof tracing ] ------------------------------------------------------
c 
c opening file to write '/tmp/29_905_0_four.drat'
c writing binary proof trace to '/tmp/29_905_0_four.drat'
c 
c --- [ parsing input ] ------------------------------------------------------
c 
c reading DIMACS file from '/tmp/29_905_0_four.cnf'
c opening file to read '/tmp/29_905_0_four.cnf'
c found 'p cnf 259840 1039929' header
c parsed 1039929 clauses in 0.76 seconds process time
c 
c --- [ options ] ------------------------------------------------------------
c 
c   --stabilize=false              (different from default 'true')
c   --walk=false                   (different from default 'true')
c 
c --- [ solving ] ------------------------------------------------------------
c 
c time measured in process time since initialization
c 
c  seconds   reductions  redundant   irredundant
c          MB    restarts       trail        variables
c           level   conflicts       glue           remaining
c 
c *  0.78 139  0 0   0    0    0  0% 0 1039424 253714 98%
c {  0.81 142  0 0   0    0    0  0% 0 1039424 253714 98%
c -  1.20 149 299 1  17  300  194  6% 5 920257 253714 98%
c I  2.24 149 107 1 124 1006  835  9% 9 920257 253714 98%
c -  3.01 180 87 2 199 1478 1212  9% 10 920257 253714 98%
c B  4.04 180 62 2 274 3007 2559 10% 10 920257 253714 98%
c -  4.40 181 61 3 281 3245 2075 10% 10 920257 253714 98%
c s  5.74 199 59 3 362 4070 2777  9% 10 920257 253714 98%
c w  7.47 199 59 3 362 4070 2775  9% 10 920257 253714 98%
c t  7.54 199 59 3 362 4070 2775  9% 10 919705 253714 98%
c e 10.27 195 59 3 362 4070   38  9% 10 228333 28174 11%
c s 10.52 195 59 3 362 4070   38  9% 10 228074 28174 11%
c e 10.85 195 59 3 362 4070   36  9% 10 228074 28068 11%
c 3 11.18 195 55 3 384 5001 3560  6% 10 228074 28068 11%
c 3 11.19 195 55 3 384 5001 3776  6% 10 228074 28068 11%
c d 11.24 195 55 3 384 5001 3716  6% 10 228074 28060 11%
c 2 11.26 195 55 3 384 5001 3700  6% 10 228074 28060 11%
c p 11.34 195 55 3 384 5001 4910  6% 10 228074 28060 11%
c - 11.49 195 54 4 402 5601 1508  7% 10 228074 28060 11%
c F 11.55 195 51 4 402 6008 1877  8% 9 228074 28060 11%
c 
c  seconds   reductions  redundant  irredundant
c          MB    restarts       trail       variables
c           level   conflicts       glue         remaining
c 
c - 11.80 195 49 5 492 7638 2453  8% 9 228074 28060 11%
c B 12.15 195 47 5 619 10009 4560  8% 10 228074 28060 11%
c - 12.22 195 46 6 621 10084 3224  8% 9 228074 28060 11%
c - 12.63 195 42 7 735 12936 3974  8% 9 228074 28060 11%
c 3 13.02 195 41 7 892 15001 6636  8% 9 228074 28060 11%
c 3 13.03 195 41 7 892 15001 6977  8% 9 228074 28060 11%
c d 13.08 195 41 7 892 15001 6857  8% 9 228074 28040 11%
c 2 13.11 195 41 7 892 15001 6817  8% 9 228074 28040 11%
c p 13.18 195 41 7 892 15001 7930  8% 9 228074 28040 11%
c # 13.22 195 41 7 894 15010 7938  8% 9 228074 28040 11%
c s 13.51 195 40 7 931 16164 8364  8% 9 227795 28040 11%
c v 13.80 195 40 7 931 16164 8364  8% 9 219443 28040 11%
c w 13.92 195 40 7 931 16164 8230  8% 9 219443 28038 11%
c t 13.94 195 40 7 931 16164 8224  8% 9 207212 28038 11%
c e 14.13 195 40 7 931 16164 5154  8% 9 202148 24062  9%
c s 14.22 195 40 7 931 16164 5037  8% 9 201636 24062  9%
c e 14.31 195 40 7 931 16164 4791  8% 9 201529 24025  9%
c - 14.48 195 40 8 931 16198 3048  9% 9 201529 24025  9%
c - 15.21 196 37 9 1118 19720 4684 10% 9 201529 24025  9%
c i 15.29 196 37 9 1149 20278 5168 10% 9 201529 24020  9%
c 
c  seconds   reductions    redundant  irredundant
c          MB    restarts         trail       variables
c           level     conflicts       glue         remaining
c 
c B 15.38 196 37 9 1179 21012 5829  9% 9 201529 24020  9%
c - 15.83 196 35 10 1262 23633 5475  9% 9 200927 24020  9%
c - 16.24 196 32 11 1375 27933 6337  8% 9 200927 24020  9%
c O 16.25 196 32 11 1375 28018 6409  8% 9 200927 24020  9%
c i 16.25 196 32 11 1375 28036 6425  8% 9 200927 24007  9%
c i 16.28 196 31 11 1375 28396 6698  8% 9 200927 24006  9%
c i 16.28 196 31 11 1375 28459 6746  8% 9 200927 23970  9%
c i 16.30 196 31 11 1375 28600 6842  8% 9 200927 23958  9%
c i 16.30 196 31 11 1375 28607 6847  8% 9 200927 23939  9%
c i 16.30 196 31 11 1375 28608 6847  8% 9 200927 23760  9%
c } 16.31 196 31 11 1375 28662 6892  8% 9 200927 23049  9%
c 0 16.31 196 31 11 1375 28662 6892  8% 9 200927 23049  9%
c 
c --- [ result ] -------------------------------------------------------------
c 
s UNSATISFIABLE
c 
c --- [ run-time profiling ] -------------------------------------------------
c 
c process time taken by individual solving procedures
c (percentage relative to process time for solving)
c 
c         8.60   55.30% search
c         8.57   55.12% unstable
c         6.93   44.55% simplify
c         3.26   20.94% elim
c         1.99   12.78% vivify
c         1.11    7.12% subsume
c         0.15    0.98% ternary
c         0.15    0.95% probe
c         0.03    0.18% lucky
c   =================================
c        15.55   95.36% solve
c 
c last line shows process time for solving
c (percentage relative to total process time)
c 
c --- [ statistics ] ---------------------------------------------------------
c 
c backtracked:               84380       294.40 %  of conflicts
c chronological:             11515        13.65 %  of backtracks
c conflicts:                 28662      1842.98    per second
c decisions:                112814      7253.99    per second
c eliminated:               229659        88.38 %  of all variables
c fixed:                      7104         2.73 %  of all variables
c learned:                   27101        94.55 %  per conflict
c minimized:                280401        27.21 %  learned literals
c propagations:           26721189         1.72 M  per second
c reduced:                   12257        42.76 %  per conflict
c rephased:                      7      4094.57    interval
c restarts:                   1375        20.85    interval
c substituted:                  28         0.01 %  of all variables
c subsumed:                  18020         0.57 %  of all clauses
c strengthened:              20577         0.66 %  of all clauses
c ternary:                    5167         0.35 %  of resolved
c vivified:                   9247         0.29 %  of all clauses
c weakened:                 831801         2.88    average size
c 
c seconds are measured in process time for solving
c 
c --- [ resources ] ----------------------------------------------------------
c 
c total process time since initialization:        16.31    seconds
c total real time since initialization:           16.31    seconds
c maximum resident set size of process:          208.72    MB
c 
c --- [ shutting down ] ------------------------------------------------------
c 
c exit 20
