c --- [ banner ] -------------------------------------------------------------
c 
c CaDiCaL Radically Simplified CDCL SAT Solver
c Copyright (c) 2016-2019 Armin Biere, JKU Linz
c 
c Version 1.0.3 cb89cbfa16f47cb7bf1ec6ad9855e7b6d5203c18
c g++ (GCC) 6.3.0 -Wall -Wextra -O3 -DNDEBUG
c Fri Aug 23 08:17:16 CDT 2019 Linux login1 4.4.103-6.38-default x86_64
c 
c --- [ config ] -------------------------------------------------------------
c 
c using 'unsat' configuration (target unsatisfiable instances)
c 
c --- [ proof tracing ] ------------------------------------------------------
c 
c opening file to write '/tmp/9_1170_0_four.drat'
c writing binary proof trace to '/tmp/9_1170_0_four.drat'
c 
c --- [ parsing input ] ------------------------------------------------------
c 
c reading DIMACS file from '/tmp/9_1170_0_four.cnf'
c opening file to read '/tmp/9_1170_0_four.cnf'
c found 'p cnf 43008 265785' header
c parsed 265785 clauses in 0.17 seconds process time
c 
c --- [ options ] ------------------------------------------------------------
c 
c   --stabilize=false              (different from default 'true')
c   --walk=false                   (different from default 'true')
c 
c --- [ solving ] ------------------------------------------------------------
c 
c time measured in process time since initialization
c 
c  seconds  reductions  redundant  irredundant
c         MB    restarts       trail       variables
c          level   conflicts       glue         remaining
c 
c *  0.18 31  0 0   0    0    0  0% 0 242035 41441 96%
c {  0.18 31  0 0   0    0    0  0% 0 242035 41441 96%
c -  0.23 33 54 1  14  302  235 10% 9 231367 41441 96%
c i  0.27 34 51 1  33  539  430  9% 8 231367 41433 96%
c i  0.28 34 47 1  33  719  576  9% 7 231367 41407 96%
c i  0.29 34 43 1  36  875  703  9% 7 231367 41343 96%
c i  0.30 34 43 1  36  886  712  9% 7 231367 41335 96%
c }  0.30 34 41 1  36  909  723  9% 7 231367 41208 96%
c 0  0.30 34 41 1  36  909  723  9% 7 231367 41208 96%
c 
c --- [ result ] -------------------------------------------------------------
c 
s UNSATISFIABLE
c 
c --- [ run-time profiling ] -------------------------------------------------
c 
c process time taken by individual solving procedures
c (percentage relative to process time for solving)
c 
c         0.12   96.77% search
c         0.12   96.77% unstable
c         0.00    0.00% simplify
c   =================================
c         0.12   41.89% solve
c 
c last line shows process time for solving
c (percentage relative to total process time)
c 
c --- [ statistics ] ---------------------------------------------------------
c 
c backtracked:                1090       119.91 %  of conflicts
c chronological:               418        38.35 %  of backtracks
c conflicts:                   909      7330.65    per second
c decisions:                  5846     47145.16    per second
c fixed:                      1800         4.19 %  of all variables
c learned:                     790        86.91 %  per conflict
c minimized:                  5899        23.25 %  learned literals
c propagations:             358797         2.89 M  per second
c restarts:                     36        25.25    interval
c subsumed:                     62         0.01 %  of all clauses
c 
c seconds are measured in process time for solving
c 
c --- [ resources ] ----------------------------------------------------------
c 
c total process time since initialization:         0.30    seconds
c total real time since initialization:            0.30    seconds
c maximum resident set size of process:           34.48    MB
c 
c --- [ shutting down ] ------------------------------------------------------
c 
c exit 20
