c --- [ banner ] -------------------------------------------------------------
c 
c CaDiCaL Radically Simplified CDCL SAT Solver
c Copyright (c) 2016-2019 Armin Biere, JKU Linz
c 
c Version 1.0.3 cb89cbfa16f47cb7bf1ec6ad9855e7b6d5203c18
c g++ (GCC) 6.3.0 -Wall -Wextra -O3 -DNDEBUG
c Fri Aug 23 08:17:16 CDT 2019 Linux login1 4.4.103-6.38-default x86_64
c 
c --- [ config ] -------------------------------------------------------------
c 
c using 'unsat' configuration (target unsatisfiable instances)
c 
c --- [ proof tracing ] ------------------------------------------------------
c 
c opening file to write '/tmp/9_1211_0_four.drat'
c writing binary proof trace to '/tmp/9_1211_0_four.drat'
c 
c --- [ parsing input ] ------------------------------------------------------
c 
c reading DIMACS file from '/tmp/9_1211_0_four.cnf'
c opening file to read '/tmp/9_1211_0_four.cnf'
c found 'p cnf 43008 265785' header
c parsed 265785 clauses in 0.10 seconds process time
c 
c --- [ options ] ------------------------------------------------------------
c 
c   --stabilize=false              (different from default 'true')
c   --walk=false                   (different from default 'true')
c 
c --- [ solving ] ------------------------------------------------------------
c 
c time measured in process time since initialization
c 
c  seconds  reductions  redundant  irredundant
c         MB    restarts       trail       variables
c          level   conflicts       glue         remaining
c 
c *  0.10 31  0 0   0    0    0  0% 0 242040 41608 97%
c {  0.10 31  0 0   0    0    0  0% 0 242040 41608 97%
c -  0.15 33 41 1  13  309  204  8% 8 234818 41608 97%
c I  0.20 34 35 1  49 1004  790  8% 8 234818 41608 97%
c -  0.27 42 37 2  51 1133  810  8% 8 234818 41608 97%
c -  0.41 42 35 3 137 2368 1414  8% 8 234818 41608 97%
c B  0.46 42 32 3 146 3009 1917  8% 8 234818 41608 97%
c i  0.51 42 32 3 195 3652 2454  8% 8 234818 41588 97%
c -  0.58 42 32 4 207 4013 2051  9% 8 234244 41588 97%
c d  0.76 43 32 4 264 5000 2859  9% 8 231092 40012 93%
c 2  0.90 43 32 4 264 5000 2859  9% 8 228728 40012 93%
c p  1.13 46 32 4 264 5000 5493  9% 8 228728 40002 93%
c s  1.28 39 31 4 265 5081 5562  9% 8 228727 40002 93%
c v  1.60 48 31 4 265 5081 5562  9% 8 225472 40002 93%
c w  1.68 48 31 4 265 5081 5555  9% 8 225472 40002 93%
c t  1.70 48 31 4 265 5081 5548  9% 8 207306 40002 93%
c e  2.21 49 31 4 265 5081 1813  9% 8 190973 24369 57%
c s  2.28 53 31 4 265 5081 1796  9% 8 190973 24369 57%
c F  2.43 56 30 4 269 6010 2531  5% 8 190973 24369 57%
c -  2.46 56 29 5 269 6067 1228  4% 8 190973 24369 57%
c 
c  seconds  reductions  redundant  irredundant
c         MB    restarts       trail       variables
c          level   conflicts       glue         remaining
c 
c i  2.53 56 26 5 320 7376 2303  4% 8 190973 24356 57%
c i  2.55 56 25 5 325 7893 2728  4% 7 190973 24349 57%
c i  2.55 56 25 5 325 7896 2729  4% 7 190973 24348 57%
c }  2.55 56 25 5 325 7900 2730  4% 7 190973 24292 56%
c 0  2.55 56 25 5 325 7900 2730  4% 7 190973 24292 56%
c 
c --- [ result ] -------------------------------------------------------------
c 
s UNSATISFIABLE
c 
c --- [ run-time profiling ] -------------------------------------------------
c 
c process time taken by individual solving procedures
c (percentage relative to process time for solving)
c 
c         1.54   62.97% simplify
c         0.90   36.87% search
c         0.90   36.87% unstable
c         0.49   20.07% elim
c         0.34   14.03% vivify
c         0.24    9.62% probe
c         0.18    7.50% subsume
c         0.10    4.24% ternary
c   =================================
c         2.45   95.93% solve
c 
c last line shows process time for solving
c (percentage relative to total process time)
c 
c --- [ statistics ] ---------------------------------------------------------
c 
c backtracked:               33270       421.14 %  of conflicts
c chronological:              3101         9.32 %  of backtracks
c conflicts:                  7900      3221.86    per second
c decisions:                 28772     11734.09    per second
c eliminated:                15633        36.35 %  of all variables
c fixed:                      1507         3.50 %  of all variables
c learned:                    7012        88.76 %  per conflict
c minimized:                 81645        29.17 %  learned literals
c propagations:            3439487         1.40 M  per second
c reduced:                    1299        16.44 %  per conflict
c rephased:                      3      2633.33    interval
c restarts:                    325        24.31    interval
c substituted:                1576         3.66 %  of all variables
c subsumed:                   6330         0.74 %  of all clauses
c strengthened:               2520         0.30 %  of all clauses
c vivified:                   3338         0.39 %  of all clauses
c weakened:                  78870         3.71    average size
c 
c seconds are measured in process time for solving
c 
c --- [ resources ] ----------------------------------------------------------
c 
c total process time since initialization:         2.56    seconds
c total real time since initialization:            2.56    seconds
c maximum resident set size of process:           55.97    MB
c 
c --- [ shutting down ] ------------------------------------------------------
c 
c exit 20
