c --- [ banner ] -------------------------------------------------------------
c 
c CaDiCaL Radically Simplified CDCL SAT Solver
c Copyright (c) 2016-2019 Armin Biere, JKU Linz
c 
c Version 1.0.3 cb89cbfa16f47cb7bf1ec6ad9855e7b6d5203c18
c g++ (GCC) 6.3.0 -Wall -Wextra -O3 -DNDEBUG
c Fri Aug 23 08:17:16 CDT 2019 Linux login1 4.4.103-6.38-default x86_64
c 
c --- [ config ] -------------------------------------------------------------
c 
c using 'unsat' configuration (target unsatisfiable instances)
c 
c --- [ proof tracing ] ------------------------------------------------------
c 
c opening file to write '/tmp/70_104_0_six.drat'
c writing binary proof trace to '/tmp/70_104_0_six.drat'
c 
c --- [ parsing input ] ------------------------------------------------------
c 
c reading DIMACS file from '/tmp/70_104_0_six.cnf'
c opening file to read '/tmp/70_104_0_six.cnf'
c found 'p cnf 50176 399289' header
c parsed 399289 clauses in 0.15 seconds process time
c 
c --- [ options ] ------------------------------------------------------------
c 
c   --stabilize=false              (different from default 'true')
c   --walk=false                   (different from default 'true')
c 
c --- [ solving ] ------------------------------------------------------------
c 
c time measured in process time since initialization
c 
c  seconds  reductions  redundant  irredundant
c         MB    restarts       trail       variables
c          level   conflicts       glue         remaining
c 
c *  0.15 44  0 0   0    0    0  0% 0 363635 48063 96%
c {  0.16 45  0 0   0    0    0  0% 0 363635 48063 96%
c -  0.20 46 41 1   3  301  143  8% 6 346409 48063 96%
c i  0.21 46 46 1   9  342  174  8% 8 346409 47912 95%
c i  0.24 47 80 1  34  521  296 10% 9 346409 47584 95%
c I  0.27 47 59 1  54 1012  596 11% 9 346409 47584 95%
c -  0.38 59 57 2  86 1232  653 11% 10 335056 47584 95%
c i  0.39 59 51 2  86 1351  729 11% 9 335056 45981 92%
c i  0.40 59 46 2  86 1597  869 12% 9 335056 44964 90%
c }  0.40 59 46 2  86 1602  871 12% 9 335056 42179 84%
c 0  0.40 59 46 2  86 1602  871 12% 9 335056 42179 84%
c 
c --- [ result ] -------------------------------------------------------------
c 
s UNSATISFIABLE
c 
c --- [ run-time profiling ] -------------------------------------------------
c 
c process time taken by individual solving procedures
c (percentage relative to process time for solving)
c 
c         0.25  100.00% search
c         0.25   98.41% unstable
c         0.00    1.59% lucky
c         0.00    0.00% simplify
c   =================================
c         0.25   62.38% solve
c 
c last line shows process time for solving
c (percentage relative to total process time)
c 
c --- [ statistics ] ---------------------------------------------------------
c 
c backtracked:                1860       116.10 %  of conflicts
c chronological:               598        32.15 %  of backtracks
c conflicts:                  1602      6357.14    per second
c decisions:                 10226     40579.37    per second
c fixed:                      7997        15.94 %  of all variables
c learned:                    1088        67.92 %  per conflict
c minimized:                 12445        25.36 %  learned literals
c propagations:             685300         2.72 M  per second
c reduced:                      65         4.06 %  per conflict
c rephased:                      1      1602.00    interval
c restarts:                     86        18.63    interval
c subsumed:                    138         0.02 %  of all clauses
c 
c seconds are measured in process time for solving
c 
c --- [ resources ] ----------------------------------------------------------
c 
c total process time since initialization:         0.40    seconds
c total real time since initialization:            0.41    seconds
c maximum resident set size of process:           59.23    MB
c 
c --- [ shutting down ] ------------------------------------------------------
c 
c exit 20
