c --- [ banner ] -------------------------------------------------------------
c 
c CaDiCaL Radically Simplified CDCL SAT Solver
c Copyright (c) 2016-2019 Armin Biere, JKU Linz
c 
c Version 1.0.3 cb89cbfa16f47cb7bf1ec6ad9855e7b6d5203c18
c g++ (GCC) 6.3.0 -Wall -Wextra -O3 -DNDEBUG
c Fri Aug 23 08:17:16 CDT 2019 Linux login1 4.4.103-6.38-default x86_64
c 
c --- [ config ] -------------------------------------------------------------
c 
c using 'unsat' configuration (target unsatisfiable instances)
c 
c --- [ proof tracing ] ------------------------------------------------------
c 
c opening file to write '/tmp/1_1177_0_four.drat'
c writing binary proof trace to '/tmp/1_1177_0_four.drat'
c 
c --- [ parsing input ] ------------------------------------------------------
c 
c reading DIMACS file from '/tmp/1_1177_0_four.cnf'
c opening file to read '/tmp/1_1177_0_four.cnf'
c found 'p cnf 259840 1039934' header
c parsed 1039934 clauses in 0.46 seconds process time
c 
c --- [ options ] ------------------------------------------------------------
c 
c   --stabilize=false              (different from default 'true')
c   --walk=false                   (different from default 'true')
c 
c --- [ solving ] ------------------------------------------------------------
c 
c time measured in process time since initialization
c 
c  seconds   reductions  redundant   irredundant
c          MB    restarts       trail        variables
c           level   conflicts       glue           remaining
c 
c *  0.48 139  0 0   0    0    0  0% 0 1039424 252378 97%
c {  0.50 142  0 0   0    0    0  0% 0 1039424 252378 97%
c -  0.72 146 319 1  13  306  186  6% 5 905357 252378 97%
c i  1.06 146 98 1 103  924  693  6% 8 905357 252348 97%
c I  1.09 146 89 1 104 1002  755  7% 8 905357 252348 97%
c i  1.20 146 73 1 108 1287  972  7% 7 905357 251978 97%
c i  1.32 146 68 1 117 1441 1104  8% 7 905357 251682 97%
c i  1.32 146 68 1 117 1443 1105  8% 7 905357 251526 97%
c i  1.34 146 67 1 117 1469 1125  8% 7 905357 249605 96%
c -  1.68 175 67 2 118 1486  731  8% 7 867870 249605 96%
c }  1.85 175 56 2 146 1801  963  8% 8 867870 249582 96%
c 0  1.85 175 56 2 146 1801  963  8% 8 867870 249582 96%
c 
c --- [ result ] -------------------------------------------------------------
c 
s UNSATISFIABLE
c 
c --- [ run-time profiling ] -------------------------------------------------
c 
c process time taken by individual solving procedures
c (percentage relative to process time for solving)
c 
c         1.37   98.28% search
c         1.35   96.85% unstable
c         0.02    1.43% lucky
c         0.00    0.00% simplify
c   =================================
c         1.40   75.38% solve
c 
c last line shows process time for solving
c (percentage relative to total process time)
c 
c --- [ statistics ] ---------------------------------------------------------
c 
c backtracked:                2229       123.76 %  of conflicts
c chronological:               752        33.74 %  of backtracks
c conflicts:                  1801      1290.11    per second
c decisions:                  9629      6897.56    per second
c fixed:                     10258         3.95 %  of all variables
c learned:                    1583        87.90 %  per conflict
c minimized:                 10038        21.97 %  learned literals
c propagations:            3597676         2.58 M  per second
c reduced:                      21         1.17 %  per conflict
c rephased:                      1      1801.00    interval
c restarts:                    146        12.34    interval
c subsumed:                    213         0.01 %  of all clauses
c 
c seconds are measured in process time for solving
c 
c --- [ resources ] ----------------------------------------------------------
c 
c total process time since initialization:         1.85    seconds
c total real time since initialization:            1.85    seconds
c maximum resident set size of process:          175.30    MB
c 
c --- [ shutting down ] ------------------------------------------------------
c 
c exit 20
