c --- [ banner ] -------------------------------------------------------------
c 
c CaDiCaL Radically Simplified CDCL SAT Solver
c Copyright (c) 2016-2019 Armin Biere, JKU Linz
c 
c Version 1.0.3 cb89cbfa16f47cb7bf1ec6ad9855e7b6d5203c18
c g++ (GCC) 6.3.0 -Wall -Wextra -O3 -DNDEBUG
c Fri Aug 23 08:17:16 CDT 2019 Linux login1 4.4.103-6.38-default x86_64
c 
c --- [ config ] -------------------------------------------------------------
c 
c using 'unsat' configuration (target unsatisfiable instances)
c 
c --- [ proof tracing ] ------------------------------------------------------
c 
c opening file to write '/tmp/1_1229_0_four.drat'
c writing binary proof trace to '/tmp/1_1229_0_four.drat'
c 
c --- [ parsing input ] ------------------------------------------------------
c 
c reading DIMACS file from '/tmp/1_1229_0_four.cnf'
c opening file to read '/tmp/1_1229_0_four.cnf'
c found 'p cnf 259840 1039934' header
c parsed 1039934 clauses in 0.44 seconds process time
c 
c --- [ options ] ------------------------------------------------------------
c 
c   --stabilize=false              (different from default 'true')
c   --walk=false                   (different from default 'true')
c 
c --- [ solving ] ------------------------------------------------------------
c 
c time measured in process time since initialization
c 
c  seconds   reductions  redundant   irredundant
c          MB    restarts       trail        variables
c           level   conflicts       glue           remaining
c 
c *  0.46 139  0 0   0    0    0  0% 0 1039424 253858 98%
c {  0.48 142  0 0   0    0    0  0% 0 1039424 253858 98%
c -  0.69 147 311 1  11  300  186  5% 5 922365 253858 98%
c I  1.22 147 92 1 163 1002  809  6% 9 922365 253858 98%
c -  2.01 178 72 2 204 1478 1218  8% 9 922365 253858 98%
c B  3.18 178 57 2 360 3003 2557  8% 9 922365 253858 98%
c -  3.58 178 54 3 360 3247 2171  9% 9 922365 253858 98%
c s  4.92 159 51 3 413 4068 2847  9% 9 922365 253858 98%
c v  6.36 185 51 3 413 4068 2847  9% 9 922362 253858 98%
c w  6.84 185 51 3 413 4068 2843  9% 9 922362 253858 98%
c t  6.92 185 51 3 413 4068 2841  9% 9 921756 253858 98%
c e 10.07 198 51 3 413 4068   25  9% 9 229148 28227 11%
c s 10.33 198 51 3 413 4068   25  9% 9 228871 28227 11%
c e 10.65 146 51 3 413 4068   23  9% 9 228871 28149 11%
c 3 10.99 164 49 3 459 5001 3428  8% 9 228871 28149 11%
c 3 11.00 164 49 3 459 5001 3542  8% 9 228871 28149 11%
c d 11.06 164 49 3 459 5001 3500  8% 9 228871 28144 11%
c 2 11.08 164 49 3 459 5001 3490  8% 9 228871 28144 11%
c p 11.14 164 49 3 459 5001 4647  8% 9 228871 28144 11%
c - 11.28 164 48 4 486 5605 1498  8% 9 228871 28144 11%
c 
c  seconds   reductions  redundant  irredundant
c          MB    restarts       trail       variables
c           level   conflicts       glue         remaining
c 
c F 11.32 164 47 4 498 6007 1857  7% 9 228871 28144 11%
c - 11.54 164 45 5 623 7647 2416  7% 9 228871 28144 11%
c B 11.82 164 42 5 744 10008 4540  8% 9 228871 28144 11%
c - 11.88 164 42 6 761 10097 3301  8% 9 228871 28144 11%
c - 12.32 164 37 7 872 12956 4047  7% 9 228871 28144 11%
c i 12.36 164 37 7 877 13216 4237  7% 9 228871 28107 11%
c i 12.36 164 37 7 877 13238 4252  7% 9 228871 28091 11%
c 3 12.66 164 34 7 903 15001 6765  7% 9 228871 28091 11%
c 3 12.68 164 34 7 903 15001 7037  7% 9 228871 28091 11%
c d 12.74 164 34 7 903 15001 6098  7% 9 225838 28070 11%
c d 12.77 164 34 7 903 15001 6084  7% 9 225544 27923 11%
c 2 12.78 164 34 7 903 15001 6042  7% 9 225544 27923 11%
c p 13.35 164 34 7 903 15001 20730  7% 9 225544 27195 10%
c d 13.39 164 34 7 903 15001 9585  7% 9 200140 27176 10%
c d 13.42 164 34 7 903 15001 9505  7% 9 198231 26234 10%
c # 13.43 164 34 7 903 15009 9511  7% 9 198231 26234 10%
c i 13.44 164 34 7 903 15040 9535  7% 9 198231 26138 10%
c i 13.44 164 34 7 903 15041 9535  7% 9 198231 25626 10%
c i 13.44 164 34 7 903 15042 9535  7% 9 198231 25625 10%
c } 13.44 164 34 7 903 15045 9536  7% 9 198231 25615 10%
c 
c  seconds   reductions   redundant  irredundant
c          MB    restarts        trail       variables
c           level    conflicts       glue         remaining
c 
c 0 13.44 164 34 7 903 15045 9536  7% 9 198231 25615 10%
c 
c --- [ result ] -------------------------------------------------------------
c 
s UNSATISFIABLE
c 
c --- [ run-time profiling ] -------------------------------------------------
c 
c process time taken by individual solving procedures
c (percentage relative to process time for solving)
c 
c         7.17   55.17% simplify
c         5.80   44.67% search
c         5.78   44.52% unstable
c         3.34   25.74% elim
c         1.79   13.76% vivify
c         0.90    6.96% subsume
c         0.64    4.90% probe
c         0.15    1.17% ternary
c         0.02    0.15% lucky
c   =================================
c        12.99   96.70% solve
c 
c last line shows process time for solving
c (percentage relative to total process time)
c 
c --- [ statistics ] ---------------------------------------------------------
c 
c backtracked:               60621       402.93 %  of conflicts
c chronological:              6259        10.32 %  of backtracks
c conflicts:                 15045      1158.02    per second
c decisions:                 67712      5211.82    per second
c eliminated:               225709        86.86 %  of all variables
c fixed:                      7382         2.84 %  of all variables
c learned:                   14097        93.70 %  per conflict
c minimized:                135601        25.87 %  learned literals
c propagations:           20470976         1.58 M  per second
c reduced:                    4555        30.28 %  per conflict
c rephased:                      5      3009.00    interval
c restarts:                    903        16.66    interval
c substituted:                1134         0.44 %  of all variables
c subsumed:                   6498         0.21 %  of all clauses
c strengthened:              15407         0.50 %  of all clauses
c ternary:                    4918         0.37 %  of resolved
c vivified:                    172         0.01 %  of all clauses
c weakened:                 812256         2.84    average size
c 
c seconds are measured in process time for solving
c 
c --- [ resources ] ----------------------------------------------------------
c 
c total process time since initialization:        13.44    seconds
c total real time since initialization:           13.44    seconds
c maximum resident set size of process:          210.60    MB
c 
c --- [ shutting down ] ------------------------------------------------------
c 
c exit 20
