c --- [ banner ] -------------------------------------------------------------
c 
c CaDiCaL Radically Simplified CDCL SAT Solver
c Copyright (c) 2016-2019 Armin Biere, JKU Linz
c 
c Version 1.0.3 cb89cbfa16f47cb7bf1ec6ad9855e7b6d5203c18
c g++ (GCC) 6.3.0 -Wall -Wextra -O3 -DNDEBUG
c Fri Aug 23 08:17:16 CDT 2019 Linux login1 4.4.103-6.38-default x86_64
c 
c --- [ config ] -------------------------------------------------------------
c 
c using 'unsat' configuration (target unsatisfiable instances)
c 
c --- [ proof tracing ] ------------------------------------------------------
c 
c opening file to write '/tmp/1_196_0_four.drat'
c writing binary proof trace to '/tmp/1_196_0_four.drat'
c 
c --- [ parsing input ] ------------------------------------------------------
c 
c reading DIMACS file from '/tmp/1_196_0_four.cnf'
c opening file to read '/tmp/1_196_0_four.cnf'
c found 'p cnf 259840 1039934' header
c parsed 1039934 clauses in 0.59 seconds process time
c 
c --- [ options ] ------------------------------------------------------------
c 
c   --stabilize=false              (different from default 'true')
c   --walk=false                   (different from default 'true')
c 
c --- [ solving ] ------------------------------------------------------------
c 
c time measured in process time since initialization
c 
c  seconds   reductions  redundant   irredundant
c          MB    restarts       trail        variables
c           level   conflicts       glue           remaining
c 
c *  0.61 139  0 0   0    0    0  0% 0 1039424 253368 98%
c {  0.63 142  0 0   0    0    0  0% 0 1039424 253368 98%
c -  0.85 146 293 1  13  301  190  5% 5 916018 253368 98%
c I  1.72 146 96 1 124 1002  806  7% 8 916018 253368 98%
c -  2.34 177 71 2 136 1484 1178  7% 8 916018 253368 98%
c B  3.12 177 45 2 208 3007 2489  7% 8 916018 253368 98%
c -  3.52 177 43 3 221 3249 2134  7% 8 916018 253368 98%
c s  4.76 158 37 3 277 4073 2822  7% 8 916018 253368 98%
c w  6.36 181 37 3 277 4073 2816  7% 8 916018 253368 98%
c t  6.42 181 37 3 277 4073 2816  7% 8 915480 253368 98%
c e  9.22 197 37 3 277 4073   49  7% 8 226317 27932 11%
c s  9.47 197 37 3 277 4073   49  7% 8 226141 27932 11%
c e  9.80 198 37 3 277 4073   42  7% 8 226141 27866 11%
c 3 10.11 198 38 3 315 5001 4404  6% 8 226141 27866 11%
c d 10.16 198 38 3 315 5001 4398  6% 8 226141 27865 11%
c 2 10.19 198 38 3 315 5001 4396  6% 8 226141 27865 11%
c p 10.24 198 38 3 315 5001 5420  6% 8 226141 27865 11%
c - 10.35 145 36 4 326 5603 1449  6% 8 226141 27865 11%
c F 10.38 145 36 4 359 6008 1790  5% 8 226141 27865 11%
c - 10.55 145 31 5 425 7637 2525  5% 8 226141 27865 11%
c 
c  seconds   reductions  redundant  irredundant
c          MB    restarts       trail       variables
c           level   conflicts       glue         remaining
c 
c i 10.56 145 30 5 425 7771 2633  5% 8 226141 27857 11%
c i 10.60 145 29 5 464 8308 3091  5% 8 226141 27837 11%
c i 10.65 145 27 5 495 9118 3802  5% 8 226141 27790 11%
c i 10.66 145 26 5 495 9318 3955  5% 8 226141 27782 11%
c i 10.66 145 26 5 495 9319 3955  5% 8 226141 27749 11%
c i 10.66 145 26 5 495 9349 3984  5% 8 226141 27721 11%
c } 10.66 145 26 5 495 9403 4009  5% 8 226141 27678 11%
c 0 10.66 145 26 5 495 9403 4009  5% 8 226141 27678 11%
c 
c --- [ result ] -------------------------------------------------------------
c 
s UNSATISFIABLE
c 
c --- [ run-time profiling ] -------------------------------------------------
c 
c process time taken by individual solving procedures
c (percentage relative to process time for solving)
c 
c         5.64   56.01% simplify
c         4.41   43.75% search
c         4.39   43.55% unstable
c         3.03   30.09% elim
c         1.46   14.45% vivify
c         0.87    8.65% subsume
c         0.08    0.83% ternary
c         0.05    0.52% probe
c         0.02    0.20% lucky
c   =================================
c        10.08   94.49% solve
c 
c last line shows process time for solving
c (percentage relative to total process time)
c 
c --- [ statistics ] ---------------------------------------------------------
c 
c backtracked:               21914       233.05 %  of conflicts
c chronological:              3509        16.01 %  of backtracks
c conflicts:                  9403       933.21    per second
c decisions:                 36467      3619.19    per second
c eliminated:               225502        86.78 %  of all variables
c fixed:                      6659         2.56 %  of all variables
c learned:                    8730        92.84 %  per conflict
c minimized:                 84767        28.49 %  learned literals
c propagations:           13076446         1.30 M  per second
c reduced:                    1300        13.83 %  per conflict
c rephased:                      3      3134.33    interval
c restarts:                    495        19.00    interval
c substituted:                   1         0.00 %  of all variables
c subsumed:                   6302         0.21 %  of all clauses
c strengthened:              15387         0.51 %  of all clauses
c ternary:                    4001         0.34 %  of resolved
c vivified:                     92         0.00 %  of all clauses
c weakened:                 804737         2.84    average size
c 
c seconds are measured in process time for solving
c 
c --- [ resources ] ----------------------------------------------------------
c 
c total process time since initialization:        10.66    seconds
c total real time since initialization:           10.67    seconds
c maximum resident set size of process:          208.21    MB
c 
c --- [ shutting down ] ------------------------------------------------------
c 
c exit 20
