c --- [ banner ] -------------------------------------------------------------
c 
c CaDiCaL Radically Simplified CDCL SAT Solver
c Copyright (c) 2016-2019 Armin Biere, JKU Linz
c 
c Version 1.0.3 cb89cbfa16f47cb7bf1ec6ad9855e7b6d5203c18
c g++ (GCC) 6.3.0 -Wall -Wextra -O3 -DNDEBUG
c Fri Aug 23 08:17:16 CDT 2019 Linux login1 4.4.103-6.38-default x86_64
c 
c --- [ config ] -------------------------------------------------------------
c 
c using 'unsat' configuration (target unsatisfiable instances)
c 
c --- [ proof tracing ] ------------------------------------------------------
c 
c opening file to write '/tmp/1_595_0_four.drat'
c writing binary proof trace to '/tmp/1_595_0_four.drat'
c 
c --- [ parsing input ] ------------------------------------------------------
c 
c reading DIMACS file from '/tmp/1_595_0_four.cnf'
c opening file to read '/tmp/1_595_0_four.cnf'
c found 'p cnf 259840 1039934' header
c parsed 1039934 clauses in 0.46 seconds process time
c 
c --- [ options ] ------------------------------------------------------------
c 
c   --stabilize=false              (different from default 'true')
c   --walk=false                   (different from default 'true')
c 
c --- [ solving ] ------------------------------------------------------------
c 
c time measured in process time since initialization
c 
c  seconds   reductions  redundant   irredundant
c          MB    restarts       trail        variables
c           level   conflicts       glue           remaining
c 
c *  0.48 139  0 0   0    0    0  0% 0 1039424 253362 98%
c {  0.50 142  0 0   0    0    0  0% 0 1039424 253362 98%
c -  0.70 146 288 1  14  301  190  5% 4 916014 253362 98%
c I  1.12 146 85 1 153 1010  810  6% 8 916014 253362 98%
c -  1.79 177 70 2 192 1479 1191  7% 8 916014 253362 98%
c i  2.22 177 52 2 274 2356 1959  7% 8 916014 253254 97%
c i  2.35 177 50 2 274 2481 2059  7% 8 916014 253128 97%
c B  2.55 177 45 2 282 3014 2503  7% 8 916014 253128 97%
c -  2.89 177 43 3 283 3244 2075  7% 8 911834 253128 97%
c s  3.97 165 38 3 310 4074 2789  8% 8 911834 253128 97%
c w  5.44 182 38 3 310 4074 2787  8% 8 911834 253128 97%
c t  5.50 183 38 3 310 4074 2786  8% 8 911408 253128 97%
c e  8.18 213 38 3 310 4074   54  8% 8 225335 27863 11%
c s  8.44 213 38 3 310 4074   53  8% 8 225207 27863 11%
c e  8.74 145 38 3 310 4074   46  8% 8 225207 27818 11%
c i  8.94 169 38 3 331 4290  225  3% 8 225207 27817 11%
c 3  9.05 169 35 3 368 5002 3339  4% 8 225207 27817 11%
c 3  9.06 169 35 3 368 5002 3357  4% 8 225207 27817 11%
c p  9.23 169 35 3 368 5002 5190  4% 8 225207 27809 11%
c i  9.26 169 34 3 368 5113 5282  4% 8 225207 27808 11%
c 
c  seconds   reductions  redundant  irredundant
c          MB    restarts       trail       variables
c           level   conflicts       glue         remaining
c 
c i  9.28 169 33 3 386 5443 5560  4% 8 225207 27733 11%
c -  9.34 169 33 4 389 5596 1078  5% 8 220491 27733 11%
c i  9.39 169 33 4 438 5982 1409  6% 8 220491 27713 11%
c F  9.40 169 33 4 442 6015 1436  6% 8 220491 27712 11%
c i  9.52 169 30 4 492 7104 2347  7% 8 220491 27644 11%
c i  9.52 169 30 4 492 7135 2375  7% 8 220491 27443 11%
c -  9.66 169 30 5 504 7612 2086  8% 8 209632 27443 11%
c i  9.71 169 28 5 507 8008 2429  9% 8 209632 27430 11%
c i  9.71 169 28 5 507 8054 2463  9% 8 209632 27424 11%
c i  9.71 169 28 5 507 8068 2473  9% 8 209632 27423 11%
c i  9.72 169 28 5 507 8086 2489  9% 8 209632 27421 11%
c i  9.72 169 28 5 507 8115 2506  9% 8 209632 27373 11%
c i  9.72 169 28 5 507 8116 2506  9% 8 209632 27352 11%
c }  9.72 169 28 5 507 8119 2506  9% 8 209632 26654 10%
c 0  9.72 169 28 5 507 8119 2506  9% 8 209632 26654 10%
c 
c --- [ result ] -------------------------------------------------------------
c 
s UNSATISFIABLE
c 
c --- [ run-time profiling ] -------------------------------------------------
c 
c process time taken by individual solving procedures
c (percentage relative to process time for solving)
c 
c         5.46   58.98% simplify
c         3.78   40.80% search
c         3.76   40.59% unstable
c         2.91   31.43% elim
c         1.34   14.42% vivify
c         0.90    9.67% subsume
c         0.12    1.25% probe
c         0.08    0.91% ternary
c         0.02    0.22% lucky
c   =================================
c         9.26   95.31% solve
c 
c last line shows process time for solving
c (percentage relative to total process time)
c 
c --- [ statistics ] ---------------------------------------------------------
c 
c backtracked:               24537       302.22 %  of conflicts
c chronological:              3319        13.53 %  of backtracks
c conflicts:                  8119       876.40    per second
c decisions:                 32994      3561.53    per second
c eliminated:               225310        86.71 %  of all variables
c fixed:                      7876         3.03 %  of all variables
c learned:                    7474        92.06 %  per conflict
c minimized:                 72845        27.49 %  learned literals
c propagations:           13392970         1.45 M  per second
c reduced:                    1070        13.18 %  per conflict
c rephased:                      3      2706.33    interval
c restarts:                    507        16.01    interval
c subsumed:                   6155         0.20 %  of all clauses
c strengthened:              15428         0.51 %  of all clauses
c ternary:                    2918         0.29 %  of resolved
c vivified:                     65         0.00 %  of all clauses
c weakened:                 800827         2.83    average size
c 
c seconds are measured in process time for solving
c 
c --- [ resources ] ----------------------------------------------------------
c 
c total process time since initialization:         9.72    seconds
c total real time since initialization:            9.72    seconds
c maximum resident set size of process:          215.52    MB
c 
c --- [ shutting down ] ------------------------------------------------------
c 
c exit 20
