c --- [ banner ] -------------------------------------------------------------
c 
c CaDiCaL Radically Simplified CDCL SAT Solver
c Copyright (c) 2016-2019 Armin Biere, JKU Linz
c 
c Version 1.0.3 cb89cbfa16f47cb7bf1ec6ad9855e7b6d5203c18
c g++ (GCC) 6.3.0 -Wall -Wextra -O3 -DNDEBUG
c Fri Aug 23 08:17:16 CDT 2019 Linux login1 4.4.103-6.38-default x86_64
c 
c --- [ config ] -------------------------------------------------------------
c 
c using 'unsat' configuration (target unsatisfiable instances)
c 
c --- [ proof tracing ] ------------------------------------------------------
c 
c opening file to write '/tmp/1_655_0_four.drat'
c writing binary proof trace to '/tmp/1_655_0_four.drat'
c 
c --- [ parsing input ] ------------------------------------------------------
c 
c reading DIMACS file from '/tmp/1_655_0_four.cnf'
c opening file to read '/tmp/1_655_0_four.cnf'
c found 'p cnf 259840 1039934' header
c parsed 1039934 clauses in 0.63 seconds process time
c 
c --- [ options ] ------------------------------------------------------------
c 
c   --stabilize=false              (different from default 'true')
c   --walk=false                   (different from default 'true')
c 
c --- [ solving ] ------------------------------------------------------------
c 
c time measured in process time since initialization
c 
c  seconds   reductions  redundant   irredundant
c          MB    restarts       trail        variables
c           level   conflicts       glue           remaining
c 
c *  0.65 139  0 0   0    0    0  0% 0 1039424 252948 97%
c {  0.66 141  0 0   0    0    0  0% 0 1039424 252948 97%
c -  0.92 148 294 1  16  300  197  6% 5 911740 252948 97%
c I  1.40 148 96 1 122 1012  800  8% 8 911740 252948 97%
c -  2.07 178 74 2 179 1476 1166  8% 8 911740 252948 97%
c B  3.42 178 51 2 305 3013 2507  9% 9 911740 252948 97%
c i  3.55 178 49 2 305 3162 2633  9% 9 911740 252582 97%
c -  3.90 178 48 3 308 3246 2056  9% 9 905460 252582 97%
c i  4.25 178 44 3 331 3673 2422  9% 8 905460 252547 97%
c i  4.44 178 42 3 331 3785 2514  9% 8 905460 251737 97%
c i  4.44 178 42 3 331 3786 2514  9% 8 905460 251394 97%
c i  4.44 178 42 3 331 3787 2514  9% 8 905460 251270 97%
c i  4.45 178 42 3 331 3798 2524  9% 8 905460 251050 97%
c i  4.46 178 42 3 331 3806 2531  9% 8 905460 249611 96%
c i  4.46 178 42 3 331 3807 2531  9% 8 905460 248790 96%
c }  4.46 178 42 3 331 3809 2531  9% 8 905460 248004 95%
c 0  4.46 178 42 3 331 3809 2531  9% 8 905460 248004 95%
c 
c --- [ result ] -------------------------------------------------------------
c 
s UNSATISFIABLE
c 
c --- [ run-time profiling ] -------------------------------------------------
c 
c process time taken by individual solving procedures
c (percentage relative to process time for solving)
c 
c         3.81   99.48% search
c         3.79   99.06% unstable
c         0.02    0.42% lucky
c         0.00    0.00% simplify
c   =================================
c         3.83   85.91% solve
c 
c last line shows process time for solving
c (percentage relative to total process time)
c 
c --- [ statistics ] ---------------------------------------------------------
c 
c backtracked:                4699       123.37 %  of conflicts
c chronological:              1601        34.07 %  of backtracks
c conflicts:                  3809       995.04    per second
c decisions:                 21041      5496.60    per second
c fixed:                     11836         4.56 %  of all variables
c learned:                    3448        90.52 %  per conflict
c minimized:                 24684        21.15 %  learned literals
c propagations:           10780731         2.82 M  per second
c reduced:                     555        14.57 %  per conflict
c rephased:                      2      1904.50    interval
c restarts:                    331        11.51    interval
c subsumed:                    229         0.01 %  of all clauses
c 
c seconds are measured in process time for solving
c 
c --- [ resources ] ----------------------------------------------------------
c 
c total process time since initialization:         4.46    seconds
c total real time since initialization:            4.46    seconds
c maximum resident set size of process:          201.77    MB
c 
c --- [ shutting down ] ------------------------------------------------------
c 
c exit 20
