c --- [ banner ] -------------------------------------------------------------
c 
c CaDiCaL Radically Simplified CDCL SAT Solver
c Copyright (c) 2016-2019 Armin Biere, JKU Linz
c 
c Version 1.0.3 cb89cbfa16f47cb7bf1ec6ad9855e7b6d5203c18
c g++ (GCC) 6.3.0 -Wall -Wextra -O3 -DNDEBUG
c Fri Aug 23 08:17:16 CDT 2019 Linux login1 4.4.103-6.38-default x86_64
c 
c --- [ config ] -------------------------------------------------------------
c 
c using 'unsat' configuration (target unsatisfiable instances)
c 
c --- [ proof tracing ] ------------------------------------------------------
c 
c opening file to write '/tmp/1_69_0_four.drat'
c writing binary proof trace to '/tmp/1_69_0_four.drat'
c 
c --- [ parsing input ] ------------------------------------------------------
c 
c reading DIMACS file from '/tmp/1_69_0_four.cnf'
c opening file to read '/tmp/1_69_0_four.cnf'
c found 'p cnf 259840 1039934' header
c parsed 1039934 clauses in 0.47 seconds process time
c 
c --- [ options ] ------------------------------------------------------------
c 
c   --stabilize=false              (different from default 'true')
c   --walk=false                   (different from default 'true')
c 
c --- [ solving ] ------------------------------------------------------------
c 
c time measured in process time since initialization
c 
c  seconds   reductions  redundant   irredundant
c          MB    restarts       trail        variables
c           level   conflicts       glue           remaining
c 
c *  0.49 139  0 0   0    0    0  0% 0 1039424 252506 97%
c {  0.51 142  0 0   0    0    0  0% 0 1039424 252506 97%
c -  0.71 146 317 1  10  300  181  6% 4 907454 252506 97%
c I  1.16 146 80 1  91 1002  788  7% 7 907454 252506 97%
c i  1.31 146 60 1  92 1355 1091  7% 6 907454 252505 97%
c -  1.71 177 57 2 116 1474 1173  7% 6 907450 252505 97%
c i  1.92 177 48 2 150 1784 1441  7% 6 907450 252474 97%
c i  1.96 177 45 2 150 1868 1494  7% 6 907450 252328 97%
c i  2.07 177 43 2 156 2029 1644  7% 6 907450 252327 97%
c i  2.44 177 39 2 215 2522 2036  8% 7 907450 252087 97%
c i  2.44 177 39 2 215 2531 2038  8% 7 907450 250606 96%
c i  2.44 177 39 2 215 2532 2038  8% 7 907450 250564 96%
c i  2.45 177 39 2 215 2533 2038  8% 7 907450 246593 95%
c i  2.45 177 39 2 216 2534 2038  8% 7 907450 243033 94%
c }  2.52 177 38 2 247 2676 2169  8% 7 907450 241115 93%
c 0  2.52 177 38 2 247 2676 2169  8% 7 907450 241115 93%
c 
c --- [ result ] -------------------------------------------------------------
c 
s UNSATISFIABLE
c 
c --- [ run-time profiling ] -------------------------------------------------
c 
c process time taken by individual solving procedures
c (percentage relative to process time for solving)
c 
c         2.03   99.02% search
c         2.01   98.05% unstable
c         0.02    0.98% lucky
c         0.00    0.00% simplify
c   =================================
c         2.05   81.40% solve
c 
c last line shows process time for solving
c (percentage relative to total process time)
c 
c --- [ statistics ] ---------------------------------------------------------
c 
c backtracked:                3346       125.04 %  of conflicts
c chronological:              1160        34.67 %  of backtracks
c conflicts:                  2676      1306.64    per second
c decisions:                 13688      6683.59    per second
c fixed:                     18725         7.21 %  of all variables
c learned:                    2442        91.26 %  per conflict
c minimized:                 15951        23.38 %  learned literals
c propagations:            6495553         3.17 M  per second
c reduced:                      20         0.75 %  per conflict
c rephased:                      1      2676.00    interval
c restarts:                    247        10.83    interval
c subsumed:                    241         0.01 %  of all clauses
c 
c seconds are measured in process time for solving
c 
c --- [ resources ] ----------------------------------------------------------
c 
c total process time since initialization:         2.52    seconds
c total real time since initialization:            2.52    seconds
c maximum resident set size of process:          176.77    MB
c 
c --- [ shutting down ] ------------------------------------------------------
c 
c exit 20
