c --- [ banner ] -------------------------------------------------------------
c 
c CaDiCaL Radically Simplified CDCL SAT Solver
c Copyright (c) 2016-2019 Armin Biere, JKU Linz
c 
c Version 1.0.3 cb89cbfa16f47cb7bf1ec6ad9855e7b6d5203c18
c g++ (GCC) 6.3.0 -Wall -Wextra -O3 -DNDEBUG
c Fri Aug 23 08:17:16 CDT 2019 Linux login1 4.4.103-6.38-default x86_64
c 
c --- [ config ] -------------------------------------------------------------
c 
c using 'unsat' configuration (target unsatisfiable instances)
c 
c --- [ proof tracing ] ------------------------------------------------------
c 
c opening file to write '/tmp/77_1142_0_four.drat'
c writing binary proof trace to '/tmp/77_1142_0_four.drat'
c 
c --- [ parsing input ] ------------------------------------------------------
c 
c reading DIMACS file from '/tmp/77_1142_0_four.cnf'
c opening file to read '/tmp/77_1142_0_four.cnf'
c found 'p cnf 259840 1039924' header
c parsed 1039924 clauses in 0.37 seconds process time
c 
c --- [ options ] ------------------------------------------------------------
c 
c   --stabilize=false              (different from default 'true')
c   --walk=false                   (different from default 'true')
c 
c --- [ solving ] ------------------------------------------------------------
c 
c time measured in process time since initialization
c 
c  seconds   reductions  redundant   irredundant
c          MB    restarts       trail        variables
c           level   conflicts       glue           remaining
c 
c *  0.39 139  0 0   0    0    0  0% 0 1039424 253313 97%
c {  0.42 142  0 0   0    0    0  0% 0 1039424 253313 97%
c -  0.64 148 317 1  12  300  186  5% 5 913968 253313 97%
c i  0.78 148 152 1  62  550  404  6% 7 913968 251249 97%
c i  0.78 148 152 1  62  552  404  6% 7 913968 250783 97%
c }  0.79 148 137 1  63  623  438  6% 6 913968 249014 96%
c 0  0.79 148 137 1  63  623  438  6% 6 913968 249014 96%
c 
c --- [ result ] -------------------------------------------------------------
c 
s UNSATISFIABLE
c 
c --- [ run-time profiling ] -------------------------------------------------
c 
c process time taken by individual solving procedures
c (percentage relative to process time for solving)
c 
c         0.40   95.19% search
c         0.37   89.42% unstable
c         0.02    5.77% lucky
c         0.00    0.00% simplify
c   =================================
c         0.42   52.79% solve
c 
c last line shows process time for solving
c (percentage relative to total process time)
c 
c --- [ statistics ] ---------------------------------------------------------
c 
c backtracked:                 836       134.19 %  of conflicts
c chronological:               364        43.54 %  of backtracks
c conflicts:                   623      1497.60    per second
c decisions:                  5602     13466.35    per second
c fixed:                     10826         4.17 %  of all variables
c learned:                     575        92.30 %  per conflict
c minimized:                  1181        12.99 %  learned literals
c propagations:             995918         2.39 M  per second
c restarts:                     63         9.89    interval
c subsumed:                    133         0.01 %  of all clauses
c 
c seconds are measured in process time for solving
c 
c --- [ resources ] ----------------------------------------------------------
c 
c total process time since initialization:         0.79    seconds
c total real time since initialization:            0.79    seconds
c maximum resident set size of process:          155.45    MB
c 
c --- [ shutting down ] ------------------------------------------------------
c 
c exit 20
