c --- [ banner ] -------------------------------------------------------------
c 
c CaDiCaL Radically Simplified CDCL SAT Solver
c Copyright (c) 2016-2019 Armin Biere, JKU Linz
c 
c Version 1.0.3 cb89cbfa16f47cb7bf1ec6ad9855e7b6d5203c18
c g++ (GCC) 6.3.0 -Wall -Wextra -O3 -DNDEBUG
c Fri Aug 23 08:17:16 CDT 2019 Linux login1 4.4.103-6.38-default x86_64
c 
c --- [ config ] -------------------------------------------------------------
c 
c using 'unsat' configuration (target unsatisfiable instances)
c 
c --- [ proof tracing ] ------------------------------------------------------
c 
c opening file to write '/tmp/77_241_0_four.drat'
c writing binary proof trace to '/tmp/77_241_0_four.drat'
c 
c --- [ parsing input ] ------------------------------------------------------
c 
c reading DIMACS file from '/tmp/77_241_0_four.cnf'
c opening file to read '/tmp/77_241_0_four.cnf'
c found 'p cnf 259840 1039924' header
c parsed 1039924 clauses in 0.45 seconds process time
c 
c --- [ options ] ------------------------------------------------------------
c 
c   --stabilize=false              (different from default 'true')
c   --walk=false                   (different from default 'true')
c 
c --- [ solving ] ------------------------------------------------------------
c 
c time measured in process time since initialization
c 
c  seconds   reductions  redundant   irredundant
c          MB    restarts       trail        variables
c           level   conflicts       glue           remaining
c 
c *  0.47 139  0 0   0    0    0  0% 0 1039424 253085 97%
c {  0.49 142  0 0   0    0    0  0% 0 1039424 253085 97%
c i  0.55 146 369 0   2  243  140  5% 4 1039424 252531 97%
c -  0.74 148 292 1  17  300  196  6% 5 904907 252531 97%
c I  1.32 148 88 1 149 1003  801  7% 9 904907 252531 97%
c -  1.92 178 71 2 188 1473 1183  8% 9 904907 252531 97%
c i  2.88 178 52 2 306 2968 2523  8% 10 904907 252235 97%
c B  2.91 178 52 2 312 3004 2552  8% 10 904907 252235 97%
c i  3.02 178 51 2 315 3155 2690  9% 10 904907 252153 97%
c -  3.31 178 50 3 315 3236 2148  9% 10 898615 252151 97%
c s  4.31 204 41 3 333 4077 2816  9% 9 898615 252151 97%
c v  5.47 204 41 3 333 4077 2816  9% 9 898607 252151 97%
c w  5.77 204 41 3 333 4077 2806  9% 9 898607 250424 96%
c t  5.84 204 41 3 333 4077 2806  9% 9 898168 250424 96%
c e  8.38 207 41 3 333 4077   37  9% 9 212673 26725 10%
c s  8.59 213 41 3 333 4077   37  9% 9 212544 26725 10%
c e  8.87 158 41 3 333 4077   37  9% 9 212544 26683 10%
c i  9.08 158 41 3 337 4541  418 10% 9 212544 26675 10%
c }  9.10 158 40 3 339 4707  553  9% 9 212544 26427 10%
c 0  9.10 158 40 3 339 4707  553  9% 9 212544 26427 10%
c 
c --- [ result ] -------------------------------------------------------------
c 
s UNSATISFIABLE
c 
c --- [ run-time profiling ] -------------------------------------------------
c 
c process time taken by individual solving procedures
c (percentage relative to process time for solving)
c 
c         4.94   57.14% simplify
c         3.69   42.63% search
c         3.67   42.39% unstable
c         2.75   31.76% elim
c         1.34   15.44% vivify
c         0.80    9.20% subsume
c         0.02    0.23% lucky
c   =================================
c         8.65   95.04% solve
c 
c last line shows process time for solving
c (percentage relative to total process time)
c 
c --- [ statistics ] ---------------------------------------------------------
c 
c backtracked:               11116       236.16 %  of conflicts
c chronological:              1869        16.81 %  of backtracks
c conflicts:                  4707       544.04    per second
c decisions:                 26120      3018.96    per second
c eliminated:               223741        86.11 %  of all variables
c fixed:                      9672         3.72 %  of all variables
c learned:                    4315        91.67 %  per conflict
c minimized:                 44003        26.96 %  learned literals
c propagations:           13964684         1.61 M  per second
c reduced:                     593        12.60 %  per conflict
c rephased:                      2      2353.50    interval
c restarts:                    339        13.88    interval
c subsumed:                   5744         0.19 %  of all clauses
c strengthened:              15855         0.53 %  of all clauses
c vivified:                     98         0.00 %  of all clauses
c weakened:                 770919         2.82    average size
c 
c seconds are measured in process time for solving
c 
c --- [ resources ] ----------------------------------------------------------
c 
c total process time since initialization:         9.10    seconds
c total real time since initialization:            9.10    seconds
c maximum resident set size of process:          213.24    MB
c 
c --- [ shutting down ] ------------------------------------------------------
c 
c exit 20
