c --- [ banner ] -------------------------------------------------------------
c 
c CaDiCaL Radically Simplified CDCL SAT Solver
c Copyright (c) 2016-2019 Armin Biere, JKU Linz
c 
c Version 1.0.3 cb89cbfa16f47cb7bf1ec6ad9855e7b6d5203c18
c g++ (GCC) 6.3.0 -Wall -Wextra -O3 -DNDEBUG
c Fri Aug 23 08:17:16 CDT 2019 Linux login1 4.4.103-6.38-default x86_64
c 
c --- [ config ] -------------------------------------------------------------
c 
c using 'unsat' configuration (target unsatisfiable instances)
c 
c --- [ proof tracing ] ------------------------------------------------------
c 
c opening file to write '/tmp/77_627_0_four.drat'
c writing binary proof trace to '/tmp/77_627_0_four.drat'
c 
c --- [ parsing input ] ------------------------------------------------------
c 
c reading DIMACS file from '/tmp/77_627_0_four.cnf'
c opening file to read '/tmp/77_627_0_four.cnf'
c found 'p cnf 259840 1039924' header
c parsed 1039924 clauses in 0.45 seconds process time
c 
c --- [ options ] ------------------------------------------------------------
c 
c   --stabilize=false              (different from default 'true')
c   --walk=false                   (different from default 'true')
c 
c --- [ solving ] ------------------------------------------------------------
c 
c time measured in process time since initialization
c 
c  seconds   reductions  redundant   irredundant
c          MB    restarts       trail        variables
c           level   conflicts       glue           remaining
c 
c *  0.48 139  0 0   0    0    0  0% 0 1039424 252809 97%
c {  0.50 142  0 0   0    0    0  0% 0 1039424 252809 97%
c i  0.58 147 343 0   4  272  158  5% 4 1039424 252693 97%
c -  0.79 148 311 1  13  300  186  5% 4 905526 252693 97%
c i  1.10 148 130 1  91  696  549  7% 8 905526 252663 97%
c i  1.24 148 95 1 115  975  779  8% 8 905526 252629 97%
c i  1.24 148 94 1 115  978  780  8% 8 905526 252213 97%
c I  1.26 148 91 1 118 1002  802  8% 8 905526 252053 97%
c -  1.91 178 71 2 174 1478 1188  8% 9 896037 252053 97%
c B  2.98 178 52 2 279 3004 2497 11% 9 896037 252053 97%
c -  3.40 185 50 3 303 3245 2130 11% 9 896037 252053 97%
c i  3.88 185 44 3 329 3990 2789 11% 9 896037 251850 97%
c i  3.89 185 43 3 329 4009 2802 11% 9 896037 251648 97%
c i  3.89 185 43 3 329 4010 2802 11% 9 896037 251472 97%
c i  3.90 185 43 3 329 4012 2803 11% 9 896037 251289 97%
c i  3.90 185 43 3 329 4014 2804 11% 9 896037 249932 96%
c }  3.90 185 43 3 329 4016 2804 11% 9 896037 246583 95%
c 0  3.90 185 43 3 329 4016 2804 11% 9 896037 246583 95%
c 
c --- [ result ] -------------------------------------------------------------
c 
s UNSATISFIABLE
c 
c --- [ run-time profiling ] -------------------------------------------------
c 
c process time taken by individual solving procedures
c (percentage relative to process time for solving)
c 
c         3.42   99.19% search
c         3.40   98.61% unstable
c         0.02    0.58% lucky
c         0.00    0.00% simplify
c   =================================
c         3.45   88.41% solve
c 
c last line shows process time for solving
c (percentage relative to total process time)
c 
c --- [ statistics ] ---------------------------------------------------------
c 
c backtracked:                4939       122.98 %  of conflicts
c chronological:              1676        33.93 %  of backtracks
c conflicts:                  4016      1164.73    per second
c decisions:                 22648      6568.45    per second
c fixed:                     13257         5.10 %  of all variables
c learned:                    3632        90.44 %  per conflict
c minimized:                 27164        19.46 %  learned literals
c propagations:           12596798         3.65 M  per second
c reduced:                     607        15.11 %  per conflict
c rephased:                      2      2008.00    interval
c restarts:                    329        12.21    interval
c subsumed:                    210         0.01 %  of all clauses
c 
c seconds are measured in process time for solving
c 
c --- [ resources ] ----------------------------------------------------------
c 
c total process time since initialization:         3.90    seconds
c total real time since initialization:            3.90    seconds
c maximum resident set size of process:          208.19    MB
c 
c --- [ shutting down ] ------------------------------------------------------
c 
c exit 20
