c --- [ banner ] -------------------------------------------------------------
c 
c CaDiCaL Radically Simplified CDCL SAT Solver
c Copyright (c) 2016-2019 Armin Biere, JKU Linz
c 
c Version 1.0.3 cb89cbfa16f47cb7bf1ec6ad9855e7b6d5203c18
c g++ (GCC) 6.3.0 -Wall -Wextra -O3 -DNDEBUG
c Fri Aug 23 08:17:16 CDT 2019 Linux login1 4.4.103-6.38-default x86_64
c 
c --- [ config ] -------------------------------------------------------------
c 
c using 'unsat' configuration (target unsatisfiable instances)
c 
c --- [ proof tracing ] ------------------------------------------------------
c 
c opening file to write '/tmp/71_1072_0_six.drat'
c writing binary proof trace to '/tmp/71_1072_0_six.drat'
c 
c --- [ parsing input ] ------------------------------------------------------
c 
c reading DIMACS file from '/tmp/71_1072_0_six.cnf'
c opening file to read '/tmp/71_1072_0_six.cnf'
c found 'p cnf 50176 399294' header
c parsed 399294 clauses in 0.13 seconds process time
c 
c --- [ options ] ------------------------------------------------------------
c 
c   --stabilize=false              (different from default 'true')
c   --walk=false                   (different from default 'true')
c 
c --- [ solving ] ------------------------------------------------------------
c 
c time measured in process time since initialization
c 
c  seconds  reductions  redundant  irredundant
c         MB    restarts       trail       variables
c          level   conflicts       glue         remaining
c 
c *  0.13 44  0 0   0    0    0  0% 0 361768 48136 96%
c {  0.14 45  0 0   0    0    0  0% 0 361768 48136 96%
c i  0.15 46 69 0  35  278  202  8% 9 361768 47911 95%
c -  0.18 46 73 1  37  300  212  8% 9 343589 47911 95%
c i  0.19 46 74 1  55  416  291  8% 10 343589 47875 95%
c i  0.20 46 76 1  68  670  456  9% 11 343589 47874 95%
c I  0.22 47 71 1  85 1003  692 11% 10 343589 47874 95%
c -  0.29 59 69 2 101 1230  764 11% 10 342704 47874 95%
c -  0.40 62 51 3 128 2614 1353 11% 9 342704 47874 95%
c i  0.41 62 50 3 128 2673 1398 11% 9 342704 47731 95%
c B  0.43 62 50 3 172 3006 1642 11% 9 342704 47731 95%
c i  0.48 62 46 3 296 3769 2255 10% 10 342704 47707 95%
c }  0.49 62 46 3 299 3945 2372 10% 10 342704 46312 92%
c 0  0.49 62 46 3 299 3945 2372 10% 10 342704 46312 92%
c 
c --- [ result ] -------------------------------------------------------------
c 
s UNSATISFIABLE
c 
c --- [ run-time profiling ] -------------------------------------------------
c 
c process time taken by individual solving procedures
c (percentage relative to process time for solving)
c 
c         0.36  100.00% search
c         0.36   98.89% unstable
c         0.00    1.11% lucky
c         0.00    0.00% simplify
c   =================================
c         0.36   73.17% solve
c 
c last line shows process time for solving
c (percentage relative to total process time)
c 
c --- [ statistics ] ---------------------------------------------------------
c 
c backtracked:                4669       118.35 %  of conflicts
c chronological:              1364        29.21 %  of backtracks
c conflicts:                  3945     10958.33    per second
c decisions:                 25093     69702.78    per second
c fixed:                      3864         7.70 %  of all variables
c learned:                    3201        81.14 %  per conflict
c minimized:                 41087        25.64 %  learned literals
c propagations:            1600675         4.45 M  per second
c reduced:                     438        11.10 %  per conflict
c rephased:                      2      1972.50    interval
c restarts:                    299        13.19    interval
c subsumed:                    380         0.05 %  of all clauses
c 
c seconds are measured in process time for solving
c 
c --- [ resources ] ----------------------------------------------------------
c 
c total process time since initialization:         0.49    seconds
c total real time since initialization:            0.49    seconds
c maximum resident set size of process:           70.61    MB
c 
c --- [ shutting down ] ------------------------------------------------------
c 
c exit 20
