c --- [ banner ] -------------------------------------------------------------
c 
c CaDiCaL Radically Simplified CDCL SAT Solver
c Copyright (c) 2016-2019 Armin Biere, JKU Linz
c 
c Version 1.0.3 cb89cbfa16f47cb7bf1ec6ad9855e7b6d5203c18
c g++ (GCC) 6.3.0 -Wall -Wextra -O3 -DNDEBUG
c Fri Aug 23 08:17:16 CDT 2019 Linux login1 4.4.103-6.38-default x86_64
c 
c --- [ config ] -------------------------------------------------------------
c 
c using 'unsat' configuration (target unsatisfiable instances)
c 
c --- [ proof tracing ] ------------------------------------------------------
c 
c opening file to write '/tmp/69_750_0_four.drat'
c writing binary proof trace to '/tmp/69_750_0_four.drat'
c 
c --- [ parsing input ] ------------------------------------------------------
c 
c reading DIMACS file from '/tmp/69_750_0_four.cnf'
c opening file to read '/tmp/69_750_0_four.cnf'
c found 'p cnf 259840 1039934' header
c parsed 1039934 clauses in 0.60 seconds process time
c 
c --- [ options ] ------------------------------------------------------------
c 
c   --stabilize=false              (different from default 'true')
c   --walk=false                   (different from default 'true')
c 
c --- [ solving ] ------------------------------------------------------------
c 
c time measured in process time since initialization
c 
c  seconds   reductions  redundant   irredundant
c          MB    restarts       trail        variables
c           level   conflicts       glue           remaining
c 
c *  0.62 139  0 0   0    0    0  0% 0 1039424 252693 97%
c {  0.64 142  0 0   0    0    0  0% 0 1039424 252693 97%
c i  0.74 148 308 0  10  288  179  6% 5 1039424 252667 97%
c -  0.90 148 297 1  14  300  189  6% 5 907025 252667 97%
c i  1.02 148 213 1  38  424  291  6% 7 907025 252666 97%
c i  1.02 148 211 1  39  427  293  6% 7 907025 252020 97%
c i  1.02 148 209 1  40  429  294  6% 7 907025 252019 97%
c i  1.02 148 208 1  40  430  294  6% 7 907025 250885 97%
c I  1.29 148 82 1  63 1002  752  8% 7 907025 250885 97%
c -  1.87 177 62 2 124 1474 1125  8% 8 882263 250885 97%
c i  1.90 177 60 2 128 1517 1161  8% 8 882263 250329 96%
c i  1.94 177 54 2 135 1719 1330  7% 8 882263 249560 96%
c i  1.95 177 52 2 135 1769 1365  7% 8 882263 249207 96%
c i  1.96 177 52 2 135 1776 1370  7% 8 882263 249014 96%
c i  1.96 177 52 2 135 1779 1372  7% 8 882263 248574 96%
c i  1.96 177 51 2 135 1801 1387  7% 8 882263 248362 96%
c }  1.96 177 51 2 135 1807 1388  7% 8 882263 247462 95%
c 0  1.96 177 51 2 135 1807 1388  7% 8 882263 247462 95%
c 
c --- [ result ] -------------------------------------------------------------
c 
s UNSATISFIABLE
c 
c --- [ run-time profiling ] -------------------------------------------------
c 
c process time taken by individual solving procedures
c (percentage relative to process time for solving)
c 
c         1.34   98.53% search
c         1.33   97.36% unstable
c         0.02    1.17% lucky
c         0.00    0.00% simplify
c   =================================
c         1.36   69.45% solve
c 
c last line shows process time for solving
c (percentage relative to total process time)
c 
c --- [ statistics ] ---------------------------------------------------------
c 
c backtracked:                2249       124.46 %  of conflicts
c chronological:               800        35.57 %  of backtracks
c conflicts:                  1807      1324.78    per second
c decisions:                 10293      7546.19    per second
c fixed:                     12378         4.76 %  of all variables
c learned:                    1627        90.04 %  per conflict
c minimized:                 10737        22.75 %  learned literals
c propagations:            3454348         2.53 M  per second
c reduced:                      38         2.10 %  per conflict
c rephased:                      1      1807.00    interval
c restarts:                    135        13.39    interval
c subsumed:                    184         0.01 %  of all clauses
c 
c seconds are measured in process time for solving
c 
c --- [ resources ] ----------------------------------------------------------
c 
c total process time since initialization:         1.96    seconds
c total real time since initialization:            1.98    seconds
c maximum resident set size of process:          177.16    MB
c 
c --- [ shutting down ] ------------------------------------------------------
c 
c exit 20
