c --- [ banner ] -------------------------------------------------------------
c 
c CaDiCaL Radically Simplified CDCL SAT Solver
c Copyright (c) 2016-2019 Armin Biere, JKU Linz
c 
c Version 1.0.3 cb89cbfa16f47cb7bf1ec6ad9855e7b6d5203c18
c g++ (GCC) 6.3.0 -Wall -Wextra -O3 -DNDEBUG
c Fri Aug 23 08:17:16 CDT 2019 Linux login1 4.4.103-6.38-default x86_64
c 
c --- [ config ] -------------------------------------------------------------
c 
c using 'unsat' configuration (target unsatisfiable instances)
c 
c --- [ proof tracing ] ------------------------------------------------------
c 
c opening file to write '/tmp/49_729_0_three.drat'
c writing binary proof trace to '/tmp/49_729_0_three.drat'
c 
c --- [ parsing input ] ------------------------------------------------------
c 
c reading DIMACS file from '/tmp/49_729_0_three.cnf'
c opening file to read '/tmp/49_729_0_three.cnf'
c found 'p cnf 202048 780985' header
c parsed 780985 clauses in 0.31 seconds process time
c 
c --- [ options ] ------------------------------------------------------------
c 
c   --stabilize=false              (different from default 'true')
c   --walk=false                   (different from default 'true')
c 
c --- [ solving ] ------------------------------------------------------------
c 
c time measured in process time since initialization
c 
c  seconds  reductions  redundant  irredundant
c         MB    restarts       trail       variables
c          level   conflicts       glue          remaining
c 
c *  0.32 97  0 0   0    0    0  0% 0 780480 197004 98%
c {  0.34 100  0 0   0    0    0  0% 0 780480 197004 98%
c -  0.48 103 180 1  14  301  182  5% 4 686517 197004 98%
c i  0.50 108 177 1  14  305  184  5% 4 686517 196806 97%
c i  0.50 108 172 1  15  313  190  5% 4 686517 195668 97%
c i  0.50 108 171 1  15  314  190  5% 4 686517 195532 97%
c i  0.50 108 170 1  15  315  190  5% 4 686517 195419 97%
c }  0.50 108 169 1  15  318  190  5% 4 686517 194976 96%
c 0  0.50 108 169 1  15  318  190  5% 4 686517 194976 96%
c 
c --- [ result ] -------------------------------------------------------------
c 
s UNSATISFIABLE
c 
c --- [ run-time profiling ] -------------------------------------------------
c 
c process time taken by individual solving procedures
c (percentage relative to process time for solving)
c 
c         0.18   93.62% search
c         0.16   82.98% unstable
c         0.02   10.64% lucky
c         0.00    0.00% simplify
c   =================================
c         0.19   37.60% solve
c 
c last line shows process time for solving
c (percentage relative to total process time)
c 
c --- [ statistics ] ---------------------------------------------------------
c 
c backtracked:                 458       144.03 %  of conflicts
c chronological:               247        53.93 %  of backtracks
c conflicts:                   318      1691.49    per second
c decisions:                  1647      8760.64    per second
c fixed:                      7072         3.50 %  of all variables
c learned:                     309        97.17 %  per conflict
c minimized:                   198         9.79 %  learned literals
c propagations:             143197         0.76 M  per second
c restarts:                     15        21.20    interval
c subsumed:                    112         0.01 %  of all clauses
c 
c seconds are measured in process time for solving
c 
c --- [ resources ] ----------------------------------------------------------
c 
c total process time since initialization:         0.50    seconds
c total real time since initialization:            0.50    seconds
c maximum resident set size of process:          108.84    MB
c 
c --- [ shutting down ] ------------------------------------------------------
c 
c exit 20
