c --- [ banner ] -------------------------------------------------------------
c 
c CaDiCaL Radically Simplified CDCL SAT Solver
c Copyright (c) 2016-2019 Armin Biere, JKU Linz
c 
c Version 1.0.3 cb89cbfa16f47cb7bf1ec6ad9855e7b6d5203c18
c g++ (GCC) 6.3.0 -Wall -Wextra -O3 -DNDEBUG
c Fri Aug 23 08:17:16 CDT 2019 Linux login1 4.4.103-6.38-default x86_64
c 
c --- [ config ] -------------------------------------------------------------
c 
c using 'unsat' configuration (target unsatisfiable instances)
c 
c --- [ proof tracing ] ------------------------------------------------------
c 
c opening file to write '/tmp/17_1322_0_six.drat'
c writing binary proof trace to '/tmp/17_1322_0_six.drat'
c 
c --- [ parsing input ] ------------------------------------------------------
c 
c reading DIMACS file from '/tmp/17_1322_0_six.cnf'
c opening file to read '/tmp/17_1322_0_six.cnf'
c found 'p cnf 50176 399294' header
c parsed 399294 clauses in 0.16 seconds process time
c 
c --- [ options ] ------------------------------------------------------------
c 
c   --stabilize=false              (different from default 'true')
c   --walk=false                   (different from default 'true')
c 
c --- [ solving ] ------------------------------------------------------------
c 
c time measured in process time since initialization
c 
c  seconds  reductions  redundant  irredundant
c         MB    restarts       trail       variables
c          level   conflicts       glue         remaining
c 
c *  0.16 44  0 0   0    0    0  0% 0 361758 48252 96%
c {  0.16 45  0 0   0    0    0  0% 0 361758 48252 96%
c -  0.21 46 51 1  13  316  178  7% 9 350782 48252 96%
c I  0.28 48 69 1  50 1003  637  9% 11 350782 48252 96%
c -  0.42 60 74 2  77 1244  739 10% 11 350782 48252 96%
c -  0.58 61 66 3 117 2639 1163 11% 10 350782 48252 96%
c B  0.61 61 64 3 136 3026 1422 11% 10 350782 48252 96%
c -  0.82 61 65 4 216 4500 1829 10% 11 350782 48252 96%
c d  1.00 62 57 4 227 5000 2227 10% 10 346066 45894 91%
c 2  1.20 61 57 4 227 5000 2227 10% 10 340171 45894 91%
c p  1.38 63 57 4 227 5000 6242 10% 10 340171 45894 91%
c s  1.66 71 57 4 270 5813 6868 10% 10 340171 45894 91%
c v  2.10 71 57 4 270 5813 6868 10% 10 336808 45894 91%
c w  2.22 71 57 4 270 5813 6860 10% 10 336808 45894 91%
c t  2.26 71 57 4 270 5813 6860 10% 10 306135 45894 91%
c e  3.05 66 57 4 270 5813 3326 10% 10 288854 29300 58%
c F  3.36 75 56 4 291 6030 3493  3% 10 288854 29300 58%
c -  3.46 75 53 5 305 6828 1297  5% 10 288854 29300 58%
c -  3.72 75 43 6 405 9460 2689  5% 9 288854 29300 58%
c B  3.79 75 43 6 421 10031 3134  6% 9 288854 29300 58%
c 
c  seconds  reductions   redundant  irredundant
c         MB    restarts        trail       variables
c          level    conflicts       glue         remaining
c 
c i  3.79 75 43 6 421 10067 3161  6% 9 288854 29277 58%
c i  3.88 75 41 6 444 11383 4162  5% 9 288854 29271 58%
c i  3.88 75 41 6 444 11399 4173  5% 9 288854 29250 58%
c i  3.88 75 41 6 444 11402 4175  5% 9 288854 29244 58%
c }  3.88 75 41 6 444 11420 4184  5% 9 288854 29206 58%
c 0  3.88 75 41 6 444 11420 4184  5% 9 288854 29206 58%
c 
c --- [ result ] -------------------------------------------------------------
c 
s UNSATISFIABLE
c 
c --- [ run-time profiling ] -------------------------------------------------
c 
c process time taken by individual solving procedures
c (percentage relative to process time for solving)
c 
c         2.11   56.61% simplify
c         1.62   43.39% search
c         1.61   43.29% unstable
c         0.77   20.73% elim
c         0.49   13.21% vivify
c         0.24    6.55% subsume
c         0.18    4.73% probe
c         0.16    4.30% ternary
c         0.00    0.11% lucky
c   =================================
c         3.72   95.98% solve
c 
c last line shows process time for solving
c (percentage relative to total process time)
c 
c --- [ statistics ] ---------------------------------------------------------
c 
c backtracked:               32146       281.49 %  of conflicts
c chronological:              3938        12.25 %  of backtracks
c conflicts:                 11420      3066.60    per second
c decisions:                 51689     13879.97    per second
c eliminated:                16594        33.07 %  of all variables
c fixed:                      2018         4.02 %  of all variables
c learned:                    9631        84.33 %  per conflict
c minimized:                141536        29.91 %  learned literals
c propagations:            5427989         1.46 M  per second
c reduced:                    1990        17.43 %  per conflict
c rephased:                      4      2855.00    interval
c restarts:                    444        25.72    interval
c substituted:                2358         4.70 %  of all variables
c subsumed:                  10781         0.85 %  of all clauses
c strengthened:               3598         0.28 %  of all clauses
c vivified:                   3500         0.28 %  of all clauses
c weakened:                 108922         3.98    average size
c 
c seconds are measured in process time for solving
c 
c --- [ resources ] ----------------------------------------------------------
c 
c total process time since initialization:         3.88    seconds
c total real time since initialization:            3.88    seconds
c maximum resident set size of process:           74.96    MB
c 
c --- [ shutting down ] ------------------------------------------------------
c 
c exit 20
