c --- [ banner ] -------------------------------------------------------------
c 
c CaDiCaL Radically Simplified CDCL SAT Solver
c Copyright (c) 2016-2019 Armin Biere, JKU Linz
c 
c Version 1.0.3 cb89cbfa16f47cb7bf1ec6ad9855e7b6d5203c18
c g++ (GCC) 6.3.0 -Wall -Wextra -O3 -DNDEBUG
c Fri Aug 23 08:17:16 CDT 2019 Linux login1 4.4.103-6.38-default x86_64
c 
c --- [ config ] -------------------------------------------------------------
c 
c using 'unsat' configuration (target unsatisfiable instances)
c 
c --- [ proof tracing ] ------------------------------------------------------
c 
c opening file to write '/tmp/17_37_0_six.drat'
c writing binary proof trace to '/tmp/17_37_0_six.drat'
c 
c --- [ parsing input ] ------------------------------------------------------
c 
c reading DIMACS file from '/tmp/17_37_0_six.cnf'
c opening file to read '/tmp/17_37_0_six.cnf'
c found 'p cnf 50176 399294' header
c parsed 399294 clauses in 0.19 seconds process time
c 
c --- [ options ] ------------------------------------------------------------
c 
c   --stabilize=false              (different from default 'true')
c   --walk=false                   (different from default 'true')
c 
c --- [ solving ] ------------------------------------------------------------
c 
c time measured in process time since initialization
c 
c  seconds  reductions  redundant  irredundant
c         MB    restarts       trail       variables
c          level   conflicts       glue         remaining
c 
c *  0.19 44  0 0   0    0    0  0% 0 361758 48045 96%
c {  0.20 45  0 0   0    0    0  0% 0 361758 48045 96%
c -  0.27 48 103 1  37  302  217  9% 13 345545 48045 96%
c I  0.34 48 118 1  51 1007  656 14% 12 345545 48045 96%
c -  0.47 60 100 2  68 1229  686 13% 12 345545 48045 96%
c -  0.64 60 63 3  91 2621 1243 11% 10 345545 48045 96%
c B  0.67 60 62 3  92 3008 1531 11% 10 345545 48045 96%
c i  0.70 60 64 3  95 3577 1869 11% 10 345545 48039 96%
c i  0.71 60 63 3  95 3664 1918 11% 9 345545 47999 96%
c }  0.71 60 63 3  95 3672 1923 11% 9 345545 47040 94%
c 0  0.71 60 63 3  95 3672 1923 11% 9 345545 47040 94%
c 
c --- [ result ] -------------------------------------------------------------
c 
s UNSATISFIABLE
c 
c --- [ run-time profiling ] -------------------------------------------------
c 
c process time taken by individual solving procedures
c (percentage relative to process time for solving)
c 
c         0.52  100.00% search
c         0.52   99.23% unstable
c         0.00    0.77% lucky
c         0.00    0.00% simplify
c   =================================
c         0.52   73.03% solve
c 
c last line shows process time for solving
c (percentage relative to total process time)
c 
c --- [ statistics ] ---------------------------------------------------------
c 
c backtracked:                4213       114.73 %  of conflicts
c chronological:              1391        33.02 %  of backtracks
c conflicts:                  3672      7061.54    per second
c decisions:                 18414     35411.54    per second
c fixed:                      3136         6.25 %  of all variables
c learned:                    2797        76.17 %  per conflict
c minimized:                 35685        24.58 %  learned literals
c propagations:            1395695         2.68 M  per second
c reduced:                     533        14.52 %  per conflict
c rephased:                      2      1836.00    interval
c restarts:                     95        38.65    interval
c subsumed:                    337         0.05 %  of all clauses
c 
c seconds are measured in process time for solving
c 
c --- [ resources ] ----------------------------------------------------------
c 
c total process time since initialization:         0.71    seconds
c total real time since initialization:            0.71    seconds
c maximum resident set size of process:           69.19    MB
c 
c --- [ shutting down ] ------------------------------------------------------
c 
c exit 20
