c --- [ banner ] -------------------------------------------------------------
c 
c CaDiCaL Radically Simplified CDCL SAT Solver
c Copyright (c) 2016-2019 Armin Biere, JKU Linz
c 
c Version 1.0.3 cb89cbfa16f47cb7bf1ec6ad9855e7b6d5203c18
c g++ (GCC) 6.3.0 -Wall -Wextra -O3 -DNDEBUG
c Fri Aug 23 08:17:16 CDT 2019 Linux login1 4.4.103-6.38-default x86_64
c 
c --- [ config ] -------------------------------------------------------------
c 
c using 'unsat' configuration (target unsatisfiable instances)
c 
c --- [ proof tracing ] ------------------------------------------------------
c 
c opening file to write '/tmp/17_777_0_six.drat'
c writing binary proof trace to '/tmp/17_777_0_six.drat'
c 
c --- [ parsing input ] ------------------------------------------------------
c 
c reading DIMACS file from '/tmp/17_777_0_six.cnf'
c opening file to read '/tmp/17_777_0_six.cnf'
c found 'p cnf 50176 399294' header
c parsed 399294 clauses in 0.15 seconds process time
c 
c --- [ options ] ------------------------------------------------------------
c 
c   --stabilize=false              (different from default 'true')
c   --walk=false                   (different from default 'true')
c 
c --- [ solving ] ------------------------------------------------------------
c 
c time measured in process time since initialization
c 
c  seconds  reductions  redundant  irredundant
c         MB    restarts       trail       variables
c          level   conflicts       glue         remaining
c 
c *  0.15 44  0 0   0    0    0  0% 0 361739 47940 96%
c {  0.16 45  0 0   0    0    0  0% 0 361739 47940 96%
c i  0.17 46 60 0  15  172  123  7% 8 361739 47906 95%
c i  0.18 46 64 0  15  243  173  9% 7 361739 47868 95%
c i  0.18 46 63 0  15  248  174  9% 7 361739 47867 95%
c -  0.22 46 65 1  15  301  196 10% 7 341869 47867 95%
c i  0.26 46 63 1  28  524  360 12% 7 341869 47545 95%
c }  0.27 47 49 1  35  727  487 11% 7 341869 46698 93%
c 0  0.27 47 49 1  35  727  487 11% 7 341869 46698 93%
c 
c --- [ result ] -------------------------------------------------------------
c 
s UNSATISFIABLE
c 
c --- [ run-time profiling ] -------------------------------------------------
c 
c process time taken by individual solving procedures
c (percentage relative to process time for solving)
c 
c         0.12  100.00% search
c         0.12   96.67% unstable
c         0.00    3.33% lucky
c         0.00    0.00% simplify
c   =================================
c         0.12   44.12% solve
c 
c last line shows process time for solving
c (percentage relative to total process time)
c 
c --- [ statistics ] ---------------------------------------------------------
c 
c backtracked:                 860       118.29 %  of conflicts
c chronological:               311        36.16 %  of backtracks
c conflicts:                   727      6058.33    per second
c decisions:                  5768     48066.67    per second
c fixed:                      3478         6.93 %  of all variables
c learned:                     575        79.09 %  per conflict
c minimized:                  3076        16.55 %  learned literals
c propagations:             307065         2.56 M  per second
c restarts:                     35        20.77    interval
c subsumed:                     76         0.01 %  of all clauses
c 
c seconds are measured in process time for solving
c 
c --- [ resources ] ----------------------------------------------------------
c 
c total process time since initialization:         0.27    seconds
c total real time since initialization:            0.27    seconds
c maximum resident set size of process:           49.04    MB
c 
c --- [ shutting down ] ------------------------------------------------------
c 
c exit 20
