c --- [ banner ] -------------------------------------------------------------
c 
c CaDiCaL Radically Simplified CDCL SAT Solver
c Copyright (c) 2016-2019 Armin Biere, JKU Linz
c 
c Version 1.0.3 cb89cbfa16f47cb7bf1ec6ad9855e7b6d5203c18
c g++ (GCC) 6.3.0 -Wall -Wextra -O3 -DNDEBUG
c Fri Aug 23 08:17:16 CDT 2019 Linux login1 4.4.103-6.38-default x86_64
c 
c --- [ config ] -------------------------------------------------------------
c 
c using 'unsat' configuration (target unsatisfiable instances)
c 
c --- [ proof tracing ] ------------------------------------------------------
c 
c opening file to write '/tmp/40_242_0_four.drat'
c writing binary proof trace to '/tmp/40_242_0_four.drat'
c 
c --- [ parsing input ] ------------------------------------------------------
c 
c reading DIMACS file from '/tmp/40_242_0_four.cnf'
c opening file to read '/tmp/40_242_0_four.cnf'
c found 'p cnf 259840 1039929' header
c parsed 1039929 clauses in 0.44 seconds process time
c 
c --- [ options ] ------------------------------------------------------------
c 
c   --stabilize=false              (different from default 'true')
c   --walk=false                   (different from default 'true')
c 
c --- [ solving ] ------------------------------------------------------------
c 
c time measured in process time since initialization
c 
c  seconds   reductions  redundant   irredundant
c          MB    restarts       trail        variables
c           level   conflicts       glue           remaining
c 
c *  0.46 139  0 0   0    0    0  0% 0 1039424 253600 98%
c {  0.48 141  0 0   0    0    0  0% 0 1039424 253600 98%
c -  0.71 147 297 1  16  300  191  5% 5 918172 253600 98%
c i  1.23 147 96 1 112  978  779  8% 9 918172 252775 97%
c I  1.24 147 93 1 112 1004  802  8% 9 918172 252775 97%
c -  1.75 177 74 2 138 1479 1081  9% 9 905053 252775 97%
c B  2.60 178 36 2 147 3008 2414  8% 7 905053 252775 97%
c -  2.94 185 35 3 164 3243 2106  8% 7 905053 252775 97%
c i  2.96 185 33 3 164 3360 2201  8% 7 905053 247922 95%
c i  3.01 185 33 3 164 3476 2275  8% 7 905053 247868 95%
c i  3.02 185 32 3 164 3523 2310  8% 7 905053 246839 95%
c i  3.03 185 32 3 164 3539 2316  8% 7 905053 244952 94%
c i  3.03 185 32 3 164 3545 2318  8% 7 905053 244480 94%
c }  3.03 185 32 3 164 3548 2319  8% 7 905053 244248 94%
c 0  3.03 185 32 3 164 3548 2319  8% 7 905053 244248 94%
c 
c --- [ result ] -------------------------------------------------------------
c 
s UNSATISFIABLE
c 
c --- [ run-time profiling ] -------------------------------------------------
c 
c process time taken by individual solving procedures
c (percentage relative to process time for solving)
c 
c         2.57   99.23% search
c         2.56   98.61% unstable
c         0.02    0.62% lucky
c         0.00    0.00% simplify
c   =================================
c         2.59   85.49% solve
c 
c last line shows process time for solving
c (percentage relative to total process time)
c 
c --- [ statistics ] ---------------------------------------------------------
c 
c backtracked:                4301       121.22 %  of conflicts
c chronological:              1401        32.57 %  of backtracks
c conflicts:                  3548      1368.83    per second
c decisions:                 14641      5648.53    per second
c fixed:                     15592         6.00 %  of all variables
c learned:                    3289        92.70 %  per conflict
c minimized:                 35417        31.50 %  learned literals
c propagations:            9185732         3.54 M  per second
c reduced:                     541        15.25 %  per conflict
c rephased:                      2      1774.00    interval
c restarts:                    164        21.63    interval
c subsumed:                    342         0.02 %  of all clauses
c 
c seconds are measured in process time for solving
c 
c --- [ resources ] ----------------------------------------------------------
c 
c total process time since initialization:         3.03    seconds
c total real time since initialization:            3.03    seconds
c maximum resident set size of process:          207.96    MB
c 
c --- [ shutting down ] ------------------------------------------------------
c 
c exit 20
