c --- [ banner ] -------------------------------------------------------------
c 
c CaDiCaL Radically Simplified CDCL SAT Solver
c Copyright (c) 2016-2019 Armin Biere, JKU Linz
c 
c Version 1.0.3 cb89cbfa16f47cb7bf1ec6ad9855e7b6d5203c18
c g++ (GCC) 6.3.0 -Wall -Wextra -O3 -DNDEBUG
c Fri Aug 23 08:17:16 CDT 2019 Linux login1 4.4.103-6.38-default x86_64
c 
c --- [ config ] -------------------------------------------------------------
c 
c using 'unsat' configuration (target unsatisfiable instances)
c 
c --- [ proof tracing ] ------------------------------------------------------
c 
c opening file to write '/tmp/40_413_0_four.drat'
c writing binary proof trace to '/tmp/40_413_0_four.drat'
c 
c --- [ parsing input ] ------------------------------------------------------
c 
c reading DIMACS file from '/tmp/40_413_0_four.cnf'
c opening file to read '/tmp/40_413_0_four.cnf'
c found 'p cnf 259840 1039929' header
c parsed 1039929 clauses in 0.69 seconds process time
c 
c --- [ options ] ------------------------------------------------------------
c 
c   --stabilize=false              (different from default 'true')
c   --walk=false                   (different from default 'true')
c 
c --- [ solving ] ------------------------------------------------------------
c 
c time measured in process time since initialization
c 
c  seconds   reductions  redundant   irredundant
c          MB    restarts       trail        variables
c           level   conflicts       glue           remaining
c 
c *  0.72 139  0 0   0    0    0  0% 0 1039424 252953 97%
c {  0.75 142  0 0   0    0    0  0% 0 1039424 252953 97%
c i  0.87 148 296 0  15  291  177  5% 5 1039424 252952 97%
c i  0.88 148 291 0  15  299  181  5% 5 1039424 252836 97%
c -  1.02 147 290 1  16  300  181  5% 5 907627 252836 97%
c i  1.04 147 286 1  16  304  183  5% 5 907627 251824 97%
c i  1.04 147 285 1  16  305  183  5% 5 907627 251691 97%
c i  1.05 147 263 1  22  327  200  5% 5 907627 251540 97%
c i  1.06 147 259 1  23  332  202  5% 5 907627 250285 96%
c i  1.16 147 197 1  45  422  281  6% 6 907627 249261 96%
c I  1.50 147 75 1  99 1002  767  8% 8 907627 249261 96%
c i  1.61 147 61 1 115 1202  945  8% 8 907627 249260 96%
c -  2.27 175 55 2 173 1474 1134  8% 8 862618 249260 96%
c }  2.79 176 45 2 209 2134 1694 10% 8 862618 249197 96%
c 0  2.79 176 45 2 209 2134 1694 10% 8 862618 249197 96%
c 
c --- [ result ] -------------------------------------------------------------
c 
s UNSATISFIABLE
c 
c --- [ run-time profiling ] -------------------------------------------------
c 
c process time taken by individual solving procedures
c (percentage relative to process time for solving)
c 
c         2.08   98.67% search
c         2.04   97.15% unstable
c         0.03    1.52% lucky
c         0.00    0.00% simplify
c   =================================
c         2.10   75.36% solve
c 
c last line shows process time for solving
c (percentage relative to total process time)
c 
c --- [ statistics ] ---------------------------------------------------------
c 
c backtracked:                2668       125.02 %  of conflicts
c chronological:               887        33.25 %  of backtracks
c conflicts:                  2134      1014.26    per second
c decisions:                 11754      5586.50    per second
c fixed:                     10643         4.10 %  of all variables
c learned:                    1916        89.78 %  per conflict
c minimized:                 16149        24.82 %  learned literals
c propagations:            5387986         2.56 M  per second
c reduced:                      15         0.70 %  per conflict
c rephased:                      1      2134.00    interval
c restarts:                    209        10.21    interval
c subsumed:                    160         0.01 %  of all clauses
c 
c seconds are measured in process time for solving
c 
c --- [ resources ] ----------------------------------------------------------
c 
c total process time since initialization:         2.79    seconds
c total real time since initialization:            2.79    seconds
c maximum resident set size of process:          175.67    MB
c 
c --- [ shutting down ] ------------------------------------------------------
c 
c exit 20
