c --- [ banner ] -------------------------------------------------------------
c 
c CaDiCaL Radically Simplified CDCL SAT Solver
c Copyright (c) 2016-2019 Armin Biere, JKU Linz
c 
c Version 1.0.3 cb89cbfa16f47cb7bf1ec6ad9855e7b6d5203c18
c g++ (GCC) 6.3.0 -Wall -Wextra -O3 -DNDEBUG
c Fri Aug 23 08:17:16 CDT 2019 Linux login1 4.4.103-6.38-default x86_64
c 
c --- [ config ] -------------------------------------------------------------
c 
c using 'unsat' configuration (target unsatisfiable instances)
c 
c --- [ proof tracing ] ------------------------------------------------------
c 
c opening file to write '/tmp/40_693_0_four.drat'
c writing binary proof trace to '/tmp/40_693_0_four.drat'
c 
c --- [ parsing input ] ------------------------------------------------------
c 
c reading DIMACS file from '/tmp/40_693_0_four.cnf'
c opening file to read '/tmp/40_693_0_four.cnf'
c found 'p cnf 259840 1039929' header
c parsed 1039929 clauses in 0.50 seconds process time
c 
c --- [ options ] ------------------------------------------------------------
c 
c   --stabilize=false              (different from default 'true')
c   --walk=false                   (different from default 'true')
c 
c --- [ solving ] ------------------------------------------------------------
c 
c time measured in process time since initialization
c 
c  seconds   reductions  redundant   irredundant
c          MB    restarts       trail        variables
c           level   conflicts       glue           remaining
c 
c *  0.52 139  0 0   0    0    0  0% 0 1039424 253598 98%
c {  0.54 142  0 0   0    0    0  0% 0 1039424 253598 98%
c -  0.75 148 319 1  12  301  184  5% 5 918172 253598 98%
c I  1.35 148 107 1 135 1002  800  8% 10 918172 253598 98%
c -  1.90 178 79 2 135 1478 1164  8% 9 918172 253598 98%
c i  1.95 179 76 2 138 1548 1223  8% 9 918172 253178 97%
c B  2.68 179 50 2 221 3005 2513  8% 9 918172 253178 97%
c -  3.12 179 47 3 232 3244 2123  9% 9 911342 253178 97%
c s  4.15 167 41 3 273 4071 2822  8% 8 911342 253178 97%
c w  5.66 184 41 3 273 4071 2816  8% 8 911342 253178 97%
c t  5.73 184 41 3 273 4071 2815  8% 8 910799 253178 97%
c e  8.46 214 41 3 273 4071   41  8% 8 225269 27883 11%
c s  8.69 214 41 3 273 4071   41  8% 8 225025 27883 11%
c e  8.99 146 41 3 273 4071   40  8% 8 225025 27802 11%
c 3  9.30 158 39 3 310 5000 4441  6% 8 225025 27802 11%
c 3  9.31 158 39 3 310 5000 4459  6% 8 225025 27802 11%
c d  9.35 158 39 3 310 5000 4431  6% 8 225025 27798 11%
c 2  9.38 158 39 3 310 5000 4423  6% 8 225025 27798 11%
c p  9.45 158 39 3 310 5000 6231  6% 8 225025 27798 11%
c -  9.57 158 37 4 345 5595 1501  6% 8 225025 27798 11%
c 
c  seconds   reductions  redundant  irredundant
c          MB    restarts       trail       variables
c           level   conflicts       glue         remaining
c 
c F  9.60 158 36 4 373 6006 1834  6% 8 225025 27798 11%
c -  9.80 158 32 5 443 7623 2505  7% 8 225025 27798 11%
c B 10.14 158 27 5 516 10008 4602  7% 8 225025 27798 11%
c - 10.21 158 27 6 516 10057 3424  8% 8 225025 27798 11%
c i 10.27 158 27 6 524 10619 3900  7% 8 225025 27795 11%
c i 10.27 158 27 6 524 10625 3904  7% 8 225025 27787 11%
c i 10.28 158 27 6 524 10681 3954  7% 8 225025 27779 11%
c i 10.28 158 27 6 524 10682 3954  7% 8 225025 27764 11%
c i 10.28 158 26 6 524 10687 3958  7% 8 225025 27761 11%
c i 10.28 158 26 6 524 10691 3960  7% 8 225025 27428 11%
c } 10.28 158 26 6 524 10696 3962  7% 8 225025 27091 10%
c 0 10.28 158 26 6 524 10696 3962  7% 8 225025 27091 10%
c 
c --- [ result ] -------------------------------------------------------------
c 
s UNSATISFIABLE
c 
c --- [ run-time profiling ] -------------------------------------------------
c 
c process time taken by individual solving procedures
c (percentage relative to process time for solving)
c 
c         5.50   56.24% simplify
c         4.26   43.55% search
c         4.24   43.39% unstable
c         2.95   30.17% elim
c         1.38   14.12% vivify
c         0.86    8.80% subsume
c         0.08    0.86% ternary
c         0.08    0.78% probe
c         0.02    0.16% lucky
c   =================================
c         9.77   95.10% solve
c 
c last line shows process time for solving
c (percentage relative to total process time)
c 
c --- [ statistics ] ---------------------------------------------------------
c 
c backtracked:               24099       225.31 %  of conflicts
c chronological:              4277        17.75 %  of backtracks
c conflicts:                 10696      1094.56    per second
c decisions:                 40536      4148.18    per second
c eliminated:               225376        86.74 %  of all variables
c fixed:                      7369         2.84 %  of all variables
c learned:                    9975        93.26 %  per conflict
c minimized:                 99869        26.64 %  learned literals
c propagations:           16190859         1.66 M  per second
c reduced:                    2548        23.82 %  per conflict
c rephased:                      4      2674.00    interval
c restarts:                    524        20.41    interval
c substituted:                   4         0.00 %  of all variables
c subsumed:                   6331         0.21 %  of all clauses
c strengthened:              15763         0.52 %  of all clauses
c ternary:                    4011         0.34 %  of resolved
c vivified:                    110         0.00 %  of all clauses
c weakened:                 800328         2.83    average size
c 
c seconds are measured in process time for solving
c 
c --- [ resources ] ----------------------------------------------------------
c 
c total process time since initialization:        10.28    seconds
c total real time since initialization:           10.28    seconds
c maximum resident set size of process:          216.85    MB
c 
c --- [ shutting down ] ------------------------------------------------------
c 
c exit 20
