c --- [ banner ] -------------------------------------------------------------
c 
c CaDiCaL Radically Simplified CDCL SAT Solver
c Copyright (c) 2016-2019 Armin Biere, JKU Linz
c 
c Version 1.0.3 cb89cbfa16f47cb7bf1ec6ad9855e7b6d5203c18
c g++ (GCC) 6.3.0 -Wall -Wextra -O3 -DNDEBUG
c Fri Aug 23 08:17:16 CDT 2019 Linux login1 4.4.103-6.38-default x86_64
c 
c --- [ config ] -------------------------------------------------------------
c 
c using 'unsat' configuration (target unsatisfiable instances)
c 
c --- [ proof tracing ] ------------------------------------------------------
c 
c opening file to write '/tmp/40_842_0_four.drat'
c writing binary proof trace to '/tmp/40_842_0_four.drat'
c 
c --- [ parsing input ] ------------------------------------------------------
c 
c reading DIMACS file from '/tmp/40_842_0_four.cnf'
c opening file to read '/tmp/40_842_0_four.cnf'
c found 'p cnf 259840 1039929' header
c parsed 1039929 clauses in 0.45 seconds process time
c 
c --- [ options ] ------------------------------------------------------------
c 
c   --stabilize=false              (different from default 'true')
c   --walk=false                   (different from default 'true')
c 
c --- [ solving ] ------------------------------------------------------------
c 
c time measured in process time since initialization
c 
c  seconds   reductions  redundant   irredundant
c          MB    restarts       trail        variables
c           level   conflicts       glue           remaining
c 
c *  0.47 139  0 0   0    0    0  0% 0 1039424 251822 97%
c {  0.49 142  0 0   0    0    0  0% 0 1039424 251822 97%
c }  0.57 147 328 0   8  283  170  6% 4 1039424 251763 97%
c 0  0.57 147 328 0   8  283  170  6% 4 1039424 251763 97%
c 
c --- [ result ] -------------------------------------------------------------
c 
s UNSATISFIABLE
c 
c --- [ run-time profiling ] -------------------------------------------------
c 
c process time taken by individual solving procedures
c (percentage relative to process time for solving)
c 
c         0.10   82.76% search
c         0.08   68.97% unstable
c         0.02   13.79% lucky
c         0.00    0.00% simplify
c   =================================
c         0.12   20.42% solve
c 
c last line shows process time for solving
c (percentage relative to total process time)
c 
c --- [ statistics ] ---------------------------------------------------------
c 
c backtracked:                 416       147.00 %  of conflicts
c chronological:               243        58.41 %  of backtracks
c conflicts:                   283      2439.66    per second
c decisions:                  2412     20793.10    per second
c fixed:                      8077         3.11 %  of all variables
c learned:                     275        97.17 %  per conflict
c minimized:                   125         7.23 %  learned literals
c propagations:             157987         1.36 M  per second
c restarts:                      8        35.38    interval
c subsumed:                    104         0.01 %  of all clauses
c 
c seconds are measured in process time for solving
c 
c --- [ resources ] ----------------------------------------------------------
c 
c total process time since initialization:         0.57    seconds
c total real time since initialization:            0.57    seconds
c maximum resident set size of process:          147.07    MB
c 
c --- [ shutting down ] ------------------------------------------------------
c 
c exit 20
