c --- [ banner ] -------------------------------------------------------------
c 
c CaDiCaL Radically Simplified CDCL SAT Solver
c Copyright (c) 2016-2019 Armin Biere, JKU Linz
c 
c Version 1.0.3 cb89cbfa16f47cb7bf1ec6ad9855e7b6d5203c18
c g++ (GCC) 6.3.0 -Wall -Wextra -O3 -DNDEBUG
c Fri Aug 23 08:17:16 CDT 2019 Linux login1 4.4.103-6.38-default x86_64
c 
c --- [ config ] -------------------------------------------------------------
c 
c using 'unsat' configuration (target unsatisfiable instances)
c 
c --- [ proof tracing ] ------------------------------------------------------
c 
c opening file to write '/tmp/6_571_0_three.drat'
c writing binary proof trace to '/tmp/6_571_0_three.drat'
c 
c --- [ parsing input ] ------------------------------------------------------
c 
c reading DIMACS file from '/tmp/6_571_0_three.cnf'
c opening file to read '/tmp/6_571_0_three.cnf'
c found 'p cnf 39424 200377' header
c parsed 200377 clauses in 0.16 seconds process time
c 
c --- [ options ] ------------------------------------------------------------
c 
c   --stabilize=false              (different from default 'true')
c   --walk=false                   (different from default 'true')
c 
c --- [ solving ] ------------------------------------------------------------
c 
c time measured in process time since initialization
c 
c  seconds  reductions  redundant  irredundant
c         MB    restarts       trail       variables
c          level   conflicts       glue         remaining
c 
c *  0.16 26  0 0   0    0    0  0% 0 182433 38194 97%
c {  0.16 26  0 0   0    0    0  0% 0 182433 38194 97%
c -  0.20 28 45 1  29  311  246  6% 8 176290 38194 97%
c I  0.24 29 42 1  79 1003  855  8% 9 176290 38194 97%
c -  0.29 34 44 2  80 1058  789  8% 9 176290 38194 97%
c -  0.42 35 54 3 136 2181 1326  9% 9 176290 38194 97%
c B  0.49 35 51 3 169 3005 2056  9% 8 176290 38194 97%
c -  0.58 35 47 4 198 3678 1988  9% 8 176290 38194 97%
c i  0.63 35 50 4 215 4090 2345 10% 8 176290 38026 96%
c s  0.75 32 45 4 215 4514 2727 10% 8 176290 38026 96%
c v  0.88 38 45 4 215 4514 2727 10% 8 173718 38026 96%
c w  0.94 38 45 4 215 4514 2667 10% 8 173718 37963 96%
c t  0.98 38 45 4 215 4514 2667 10% 8 160606 37963 96%
c e  1.94 38 45 4 215 4514   32 10% 8 137120 21359 54%
c s  2.00 42 45 4 215 4514   32 10% 8 137120 21359 54%
c 3  2.19 43 43 4 234 5000 7272  3% 8 137120 21359 54%
c p  2.25 43 43 4 234 5000 7816  3% 8 137120 21359 54%
c -  2.31 43 40 5 266 5547 1133  3% 8 137120 21359 54%
c F  2.34 43 38 5 282 6009 1542  4% 8 137120 21359 54%
c i  2.38 43 32 5 282 7225 2519  3% 7 137120 21353 54%
c 
c  seconds  reductions  redundant  irredundant
c         MB    restarts       trail       variables
c          level   conflicts       glue         remaining
c 
c -  2.42 43 30 6 288 7595 1658  3% 7 136401 21353 54%
c i  2.44 44 29 6 288 7832 1811  3% 7 136401 21348 54%
c i  2.44 44 29 6 288 7841 1817  3% 7 136401 21308 54%
c i  2.44 44 28 6 288 7911 1852  3% 7 136401 21305 54%
c i  2.44 44 28 6 288 7912 1852  3% 7 136401 21287 54%
c i  2.44 44 28 6 288 7926 1864  3% 7 136401 21263 54%
c }  2.44 44 28 6 288 7930 1865  3% 7 136401 21188 54%
c 0  2.44 44 28 6 288 7930 1865  3% 7 136401 21188 54%
c 
c --- [ result ] -------------------------------------------------------------
c 
s UNSATISFIABLE
c 
c --- [ run-time profiling ] -------------------------------------------------
c 
c process time taken by individual solving procedures
c (percentage relative to process time for solving)
c 
c         1.44   63.05% simplify
c         0.96   42.03% elim
c         0.84   36.95% search
c         0.84   36.78% unstable
c         0.18    7.71% vivify
c         0.14    6.13% subsume
c         0.08    3.33% ternary
c         0.02    0.88% probe
c         0.00    0.18% lucky
c   =================================
c         2.28   93.61% solve
c 
c last line shows process time for solving
c (percentage relative to total process time)
c 
c --- [ statistics ] ---------------------------------------------------------
c 
c backtracked:               18148       228.85 %  of conflicts
c chronological:              3269        18.01 %  of backtracks
c conflicts:                  7930      3471.98    per second
c decisions:                 30578     13387.92    per second
c eliminated:                16604        42.12 %  of all variables
c fixed:                      1632         4.14 %  of all variables
c learned:                    7430        93.69 %  per conflict
c minimized:                 68721        30.74 %  learned literals
c propagations:            2804713         1.23 M  per second
c reduced:                    1569        19.79 %  per conflict
c rephased:                      3      2643.33    interval
c restarts:                    288        27.53    interval
c subsumed:                   4712         0.61 %  of all clauses
c strengthened:               2174         0.28 %  of all clauses
c ternary:                    9371         0.68 %  of resolved
c vivified:                   2739         0.35 %  of all clauses
c weakened:                  62347         3.61    average size
c 
c seconds are measured in process time for solving
c 
c --- [ resources ] ----------------------------------------------------------
c 
c total process time since initialization:         2.44    seconds
c total real time since initialization:            2.44    seconds
c maximum resident set size of process:           43.53    MB
c 
c --- [ shutting down ] ------------------------------------------------------
c 
c exit 20
