c --- [ banner ] -------------------------------------------------------------
c 
c CaDiCaL Radically Simplified CDCL SAT Solver
c Copyright (c) 2016-2019 Armin Biere, JKU Linz
c 
c Version 1.0.3 cb89cbfa16f47cb7bf1ec6ad9855e7b6d5203c18
c g++ (GCC) 6.3.0 -Wall -Wextra -O3 -DNDEBUG
c Fri Aug 23 08:17:16 CDT 2019 Linux login1 4.4.103-6.38-default x86_64
c 
c --- [ config ] -------------------------------------------------------------
c 
c using 'unsat' configuration (target unsatisfiable instances)
c 
c --- [ proof tracing ] ------------------------------------------------------
c 
c opening file to write '/tmp/6_678_0_three.drat'
c writing binary proof trace to '/tmp/6_678_0_three.drat'
c 
c --- [ parsing input ] ------------------------------------------------------
c 
c reading DIMACS file from '/tmp/6_678_0_three.cnf'
c opening file to read '/tmp/6_678_0_three.cnf'
c found 'p cnf 39424 200377' header
c parsed 200377 clauses in 0.16 seconds process time
c 
c --- [ options ] ------------------------------------------------------------
c 
c   --stabilize=false              (different from default 'true')
c   --walk=false                   (different from default 'true')
c 
c --- [ solving ] ------------------------------------------------------------
c 
c time measured in process time since initialization
c 
c  seconds  reductions  redundant  irredundant
c         MB    restarts       trail       variables
c          level   conflicts       glue         remaining
c 
c *  0.16 26  0 0   0    0    0  0% 0 182433 38174 97%
c {  0.16 26  0 0   0    0    0  0% 0 182433 38174 97%
c -  0.23 28 81 1  22  300  259 10% 9 175858 38174 97%
c I  0.28 29 63 1  31 1002  846 10% 9 175858 38174 97%
c -  0.34 34 59 2  31 1048  725 10% 9 175858 38174 97%
c -  0.44 35 38 3  62 2168 1322  9% 8 175858 38174 97%
c B  0.50 35 33 3  91 3009 2039  8% 8 175858 38174 97%
c i  0.52 35 31 3  91 3203 2199  8% 8 175858 37994 96%
c -  0.62 34 33 4 123 3664 1792  9% 8 172678 37994 96%
c i  0.66 34 33 4 153 4055 2136  9% 8 172678 37978 96%
c }  0.67 34 32 4 153 4160 2221  9% 8 172678 37894 96%
c 0  0.67 34 32 4 153 4160 2221  9% 8 172678 37894 96%
c 
c --- [ result ] -------------------------------------------------------------
c 
s UNSATISFIABLE
c 
c --- [ run-time profiling ] -------------------------------------------------
c 
c process time taken by individual solving procedures
c (percentage relative to process time for solving)
c 
c         0.51  100.00% search
c         0.50   99.21% unstable
c         0.00    0.79% lucky
c         0.00    0.00% simplify
c   =================================
c         0.51   76.05% solve
c 
c last line shows process time for solving
c (percentage relative to total process time)
c 
c --- [ statistics ] ---------------------------------------------------------
c 
c backtracked:                5098       122.55 %  of conflicts
c chronological:              1890        37.07 %  of backtracks
c conflicts:                  4160      8188.98    per second
c decisions:                 16597     32671.26    per second
c fixed:                      1530         3.88 %  of all variables
c learned:                    3838        92.26 %  per conflict
c minimized:                 42343        30.42 %  learned literals
c propagations:            1677118         3.30 M  per second
c reduced:                    1259        30.26 %  per conflict
c rephased:                      2      2080.00    interval
c restarts:                    153        27.19    interval
c subsumed:                    245         0.07 %  of all clauses
c 
c seconds are measured in process time for solving
c 
c --- [ resources ] ----------------------------------------------------------
c 
c total process time since initialization:         0.67    seconds
c total real time since initialization:            0.67    seconds
c maximum resident set size of process:           39.20    MB
c 
c --- [ shutting down ] ------------------------------------------------------
c 
c exit 20
