c --- [ banner ] -------------------------------------------------------------
c 
c CaDiCaL Radically Simplified CDCL SAT Solver
c Copyright (c) 2016-2019 Armin Biere, JKU Linz
c 
c Version 1.0.3 cb89cbfa16f47cb7bf1ec6ad9855e7b6d5203c18
c g++ (GCC) 6.3.0 -Wall -Wextra -O3 -DNDEBUG
c Fri Aug 23 08:17:16 CDT 2019 Linux login1 4.4.103-6.38-default x86_64
c 
c --- [ config ] -------------------------------------------------------------
c 
c using 'unsat' configuration (target unsatisfiable instances)
c 
c --- [ proof tracing ] ------------------------------------------------------
c 
c opening file to write '/tmp/32_180_0_three.drat'
c writing binary proof trace to '/tmp/32_180_0_three.drat'
c 
c --- [ parsing input ] ------------------------------------------------------
c 
c reading DIMACS file from '/tmp/32_180_0_three.cnf'
c opening file to read '/tmp/32_180_0_three.cnf'
c found 'p cnf 202048 780985' header
c parsed 780985 clauses in 0.32 seconds process time
c 
c --- [ options ] ------------------------------------------------------------
c 
c   --stabilize=false              (different from default 'true')
c   --walk=false                   (different from default 'true')
c 
c --- [ solving ] ------------------------------------------------------------
c 
c time measured in process time since initialization
c 
c  seconds  reductions  redundant  irredundant
c         MB    restarts       trail       variables
c          level   conflicts       glue          remaining
c 
c *  0.34 97  0 0   0    0    0  0% 0 780480 196924 97%
c {  0.35 99  0 0   0    0    0  0% 0 780480 196924 97%
c -  0.52 103 236 1  11  300  179  6% 4 686474 196924 97%
c I  0.96 108 68 1 172 1003  826  6% 7 686474 196924 97%
c -  1.44 126 57 2 208 1402 1189  8% 7 686474 196924 97%
c B  2.77 126 39 2 348 3004 2685 10% 8 686474 196924 97%
c -  2.97 126 39 3 351 3056 2235 10% 8 686474 196924 97%
c i  3.39 126 33 3 379 3814 2880 10% 8 686474 196816 97%
c i  3.39 126 33 3 379 3818 2883 10% 8 686474 196180 97%
c i  3.40 126 33 3 379 3824 2886 10% 8 686474 194341 96%
c i  3.40 126 33 3 379 3825 2886 10% 8 686474 194208 96%
c }  3.40 126 33 3 379 3837 2889 10% 8 686474 191543 95%
c 0  3.40 126 33 3 379 3837 2889 10% 8 686474 191543 95%
c 
c --- [ result ] -------------------------------------------------------------
c 
s UNSATISFIABLE
c 
c --- [ run-time profiling ] -------------------------------------------------
c 
c process time taken by individual solving procedures
c (percentage relative to process time for solving)
c 
c         3.07   99.48% search
c         3.05   98.96% unstable
c         0.02    0.52% lucky
c         0.00    0.00% simplify
c   =================================
c         3.08   90.60% solve
c 
c last line shows process time for solving
c (percentage relative to total process time)
c 
c --- [ statistics ] ---------------------------------------------------------
c 
c backtracked:                4867       126.84 %  of conflicts
c chronological:              1780        36.57 %  of backtracks
c conflicts:                  3837      1244.16    per second
c decisions:                 19662      6375.49    per second
c fixed:                     10505         5.20 %  of all variables
c learned:                    3657        95.31 %  per conflict
c minimized:                 32590        27.67 %  learned literals
c propagations:           11516626         3.73 M  per second
c reduced:                     512        13.34 %  per conflict
c rephased:                      2      1918.50    interval
c restarts:                    379        10.12    interval
c subsumed:                    251         0.02 %  of all clauses
c 
c seconds are measured in process time for solving
c 
c --- [ resources ] ----------------------------------------------------------
c 
c total process time since initialization:         3.40    seconds
c total real time since initialization:            3.41    seconds
c maximum resident set size of process:          144.11    MB
c 
c --- [ shutting down ] ------------------------------------------------------
c 
c exit 20
