c --- [ banner ] -------------------------------------------------------------
c 
c CaDiCaL Radically Simplified CDCL SAT Solver
c Copyright (c) 2016-2019 Armin Biere, JKU Linz
c 
c Version 1.0.3 cb89cbfa16f47cb7bf1ec6ad9855e7b6d5203c18
c g++ (GCC) 6.3.0 -Wall -Wextra -O3 -DNDEBUG
c Fri Aug 23 08:17:16 CDT 2019 Linux login1 4.4.103-6.38-default x86_64
c 
c --- [ config ] -------------------------------------------------------------
c 
c using 'unsat' configuration (target unsatisfiable instances)
c 
c --- [ proof tracing ] ------------------------------------------------------
c 
c opening file to write '/tmp/32_682_0_three.drat'
c writing binary proof trace to '/tmp/32_682_0_three.drat'
c 
c --- [ parsing input ] ------------------------------------------------------
c 
c reading DIMACS file from '/tmp/32_682_0_three.cnf'
c opening file to read '/tmp/32_682_0_three.cnf'
c found 'p cnf 202048 780985' header
c parsed 780985 clauses in 0.43 seconds process time
c 
c --- [ options ] ------------------------------------------------------------
c 
c   --stabilize=false              (different from default 'true')
c   --walk=false                   (different from default 'true')
c 
c --- [ solving ] ------------------------------------------------------------
c 
c time measured in process time since initialization
c 
c  seconds  reductions  redundant  irredundant
c         MB    restarts       trail       variables
c          level   conflicts       glue          remaining
c 
c *  0.44 97  0 0   0    0    0  0% 0 780480 197111 98%
c {  0.46 99  0 0   0    0    0  0% 0 780480 197111 98%
c -  0.58 101 319 1   0  306  157  7% 3 688091 197111 98%
c i  0.62 106 224 1  10  436  245  7% 4 688091 196986 97%
c I  1.08 106 89 1 151 1003  765  7% 7 688091 196610 97%
c -  1.52 124 66 2 193 1408 1128  8% 7 681232 196610 97%
c i  2.25 124 38 2 273 2786 2342  8% 7 681232 196343 97%
c B  2.36 124 36 2 287 3005 2536  8% 7 681232 196343 97%
c -  2.55 124 36 3 294 3058 1847  8% 7 677506 196343 97%
c i  2.64 124 34 3 294 3240 1999  8% 7 677506 196249 97%
c i  2.85 124 30 3 303 3672 2366  8% 7 677506 195553 97%
c i  2.86 124 29 3 303 3694 2379  8% 7 677506 195505 97%
c i  2.86 124 29 3 303 3695 2379  8% 7 677506 194890 96%
c i  2.86 124 29 3 303 3699 2382  8% 7 677506 194272 96%
c i  2.93 124 28 3 303 3852 2493  8% 7 677506 193793 96%
c i  2.93 124 28 3 303 3867 2503  8% 7 677506 193683 96%
c i  2.94 124 28 3 303 3891 2518  8% 7 677506 192753 95%
c i  2.95 124 28 3 303 3902 2528  8% 7 677506 192629 95%
c i  2.95 124 28 3 303 3904 2528  8% 7 677506 191187 95%
c i  2.95 124 28 3 303 3905 2528  8% 7 677506 188222 93%
c 
c  seconds   reductions  redundant  irredundant
c          MB    restarts       trail       variables
c           level   conflicts       glue          remaining
c 
c i  2.95 124 28 3 303 3906 2528  8% 7 677506 188148 93%
c }  2.95 124 28 3 303 3908 2528  8% 7 677506 187741 93%
c 0  2.95 124 28 3 303 3908 2528  8% 7 677506 187741 93%
c 
c --- [ result ] -------------------------------------------------------------
c 
s UNSATISFIABLE
c 
c --- [ run-time profiling ] -------------------------------------------------
c 
c process time taken by individual solving procedures
c (percentage relative to process time for solving)
c 
c         2.50   99.52% search
c         2.49   98.89% unstable
c         0.02    0.64% lucky
c         0.00    0.00% simplify
c   =================================
c         2.52   85.35% solve
c 
c last line shows process time for solving
c (percentage relative to total process time)
c 
c --- [ statistics ] ---------------------------------------------------------
c 
c backtracked:                4920       125.90 %  of conflicts
c chronological:              1710        34.76 %  of backtracks
c conflicts:                  3908      1553.26    per second
c decisions:                 16373      6507.55    per second
c fixed:                     14307         7.08 %  of all variables
c learned:                    3685        94.29 %  per conflict
c minimized:                 37507        33.18 %  learned literals
c propagations:            9808193         3.90 M  per second
c reduced:                     519        13.28 %  per conflict
c rephased:                      2      1954.00    interval
c restarts:                    303        12.90    interval
c subsumed:                    404         0.03 %  of all clauses
c 
c seconds are measured in process time for solving
c 
c --- [ resources ] ----------------------------------------------------------
c 
c total process time since initialization:         2.95    seconds
c total real time since initialization:            2.95    seconds
c maximum resident set size of process:          141.58    MB
c 
c --- [ shutting down ] ------------------------------------------------------
c 
c exit 20
