c --- [ banner ] -------------------------------------------------------------
c 
c CaDiCaL Radically Simplified CDCL SAT Solver
c Copyright (c) 2016-2019 Armin Biere, JKU Linz
c 
c Version 1.0.3 cb89cbfa16f47cb7bf1ec6ad9855e7b6d5203c18
c g++ (GCC) 6.3.0 -Wall -Wextra -O3 -DNDEBUG
c Fri Aug 23 08:17:16 CDT 2019 Linux login1 4.4.103-6.38-default x86_64
c 
c --- [ config ] -------------------------------------------------------------
c 
c using 'unsat' configuration (target unsatisfiable instances)
c 
c --- [ proof tracing ] ------------------------------------------------------
c 
c opening file to write '/tmp/31_833_0_three.drat'
c writing binary proof trace to '/tmp/31_833_0_three.drat'
c 
c --- [ parsing input ] ------------------------------------------------------
c 
c reading DIMACS file from '/tmp/31_833_0_three.cnf'
c opening file to read '/tmp/31_833_0_three.cnf'
c found 'p cnf 39424 200377' header
c parsed 200377 clauses in 0.12 seconds process time
c 
c --- [ options ] ------------------------------------------------------------
c 
c   --stabilize=false              (different from default 'true')
c   --walk=false                   (different from default 'true')
c 
c --- [ solving ] ------------------------------------------------------------
c 
c time measured in process time since initialization
c 
c  seconds  reductions  redundant  irredundant
c         MB    restarts       trail       variables
c          level   conflicts       glue         remaining
c 
c *  0.12 26  0 0   0    0    0  0% 0 182481 38132 97%
c {  0.13 26  0 0   0    0    0  0% 0 182481 38132 97%
c -  0.16 28 30 1   3  300  255  7% 6 174998 38132 97%
c i  0.17 29 28 1   3  329  271  7% 6 174998 38120 97%
c i  0.17 29 26 1   3  370  308  7% 6 174998 37812 96%
c }  0.17 29 26 1   3  389  321  7% 6 174998 37780 96%
c 0  0.17 29 26 1   3  389  321  7% 6 174998 37780 96%
c 
c --- [ result ] -------------------------------------------------------------
c 
s UNSATISFIABLE
c 
c --- [ run-time profiling ] -------------------------------------------------
c 
c process time taken by individual solving procedures
c (percentage relative to process time for solving)
c 
c         0.05  100.00% search
c         0.04   91.67% unstable
c         0.00    8.33% lucky
c         0.00    0.00% simplify
c   =================================
c         0.05   27.91% solve
c 
c last line shows process time for solving
c (percentage relative to total process time)
c 
c --- [ statistics ] ---------------------------------------------------------
c 
c backtracked:                 480       123.39 %  of conflicts
c chronological:               192        40.00 %  of backtracks
c conflicts:                   389      8104.17    per second
c decisions:                  1686     35125.00    per second
c fixed:                      1644         4.17 %  of all variables
c learned:                     344        88.43 %  per conflict
c minimized:                  2087        25.74 %  learned literals
c propagations:              96088         2.00 M  per second
c restarts:                      3       129.67    interval
c subsumed:                     20         0.01 %  of all clauses
c 
c seconds are measured in process time for solving
c 
c --- [ resources ] ----------------------------------------------------------
c 
c total process time since initialization:         0.17    seconds
c total real time since initialization:            0.17    seconds
c maximum resident set size of process:           28.85    MB
c 
c --- [ shutting down ] ------------------------------------------------------
c 
c exit 20
