c --- [ banner ] -------------------------------------------------------------
c 
c CaDiCaL Radically Simplified CDCL SAT Solver
c Copyright (c) 2016-2019 Armin Biere, JKU Linz
c 
c Version 1.0.3 cb89cbfa16f47cb7bf1ec6ad9855e7b6d5203c18
c g++ (GCC) 6.3.0 -Wall -Wextra -O3 -DNDEBUG
c Fri Aug 23 08:17:16 CDT 2019 Linux login1 4.4.103-6.38-default x86_64
c 
c --- [ config ] -------------------------------------------------------------
c 
c using 'unsat' configuration (target unsatisfiable instances)
c 
c --- [ proof tracing ] ------------------------------------------------------
c 
c opening file to write '/tmp/36_1151_0_four.drat'
c writing binary proof trace to '/tmp/36_1151_0_four.drat'
c 
c --- [ parsing input ] ------------------------------------------------------
c 
c reading DIMACS file from '/tmp/36_1151_0_four.cnf'
c opening file to read '/tmp/36_1151_0_four.cnf'
c found 'p cnf 259840 1039929' header
c parsed 1039929 clauses in 0.50 seconds process time
c 
c --- [ options ] ------------------------------------------------------------
c 
c   --stabilize=false              (different from default 'true')
c   --walk=false                   (different from default 'true')
c 
c --- [ solving ] ------------------------------------------------------------
c 
c time measured in process time since initialization
c 
c  seconds   reductions  redundant   irredundant
c          MB    restarts       trail        variables
c           level   conflicts       glue           remaining
c 
c *  0.52 139  0 0   0    0    0  0% 0 1039424 253598 98%
c {  0.55 142  0 0   0    0    0  0% 0 1039424 253598 98%
c i  0.61 146 393 0   1  236  136  5% 4 1039424 252949 97%
c -  0.80 148 283 1  17  300  193  5% 5 909185 252949 97%
c i  1.05 148 136 1  78  546  412  6% 7 909185 252805 97%
c i  1.14 148 115 1  90  675  524  6% 7 909185 252762 97%
c i  1.14 148 115 1  90  678  525  6% 7 909185 252595 97%
c i  1.23 148 94 1  91  851  646  7% 7 909185 252594 97%
c i  1.26 148 86 1  94  929  698  7% 7 909185 252462 97%
c I  1.27 148 78 1  98 1006  754  7% 7 909185 252462 97%
c i  1.28 148 78 1  98 1006  754  7% 7 909185 252031 97%
c i  1.29 148 74 1 101 1048  784  7% 7 909185 251887 97%
c i  1.29 148 74 1 102 1052  787  7% 7 909185 248633 96%
c i  1.30 148 72 1 102 1064  798  7% 7 909185 247598 95%
c i  1.30 148 71 1 102 1076  804  7% 7 909185 246406 95%
c }  1.31 148 71 1 102 1080  806  7% 7 909185 242681 93%
c 0  1.31 148 71 1 102 1080  806  7% 7 909185 242681 93%
c 
c --- [ result ] -------------------------------------------------------------
c 
s UNSATISFIABLE
c 
c --- [ run-time profiling ] -------------------------------------------------
c 
c process time taken by individual solving procedures
c (percentage relative to process time for solving)
c 
c         0.78   97.03% search
c         0.76   93.56% unstable
c         0.03    3.47% lucky
c         0.00    0.00% simplify
c   =================================
c         0.81   61.77% solve
c 
c last line shows process time for solving
c (percentage relative to total process time)
c 
c --- [ statistics ] ---------------------------------------------------------
c 
c backtracked:                1389       128.61 %  of conflicts
c chronological:               520        37.44 %  of backtracks
c conflicts:                  1080      1336.63    per second
c decisions:                  6724      8321.78    per second
c fixed:                     17159         6.60 %  of all variables
c learned:                     955        88.43 %  per conflict
c minimized:                  4757        22.48 %  learned literals
c propagations:            2263135         2.80 M  per second
c rephased:                      1      1080.00    interval
c restarts:                    102        10.59    interval
c subsumed:                    137         0.01 %  of all clauses
c 
c seconds are measured in process time for solving
c 
c --- [ resources ] ----------------------------------------------------------
c 
c total process time since initialization:         1.31    seconds
c total real time since initialization:            1.31    seconds
c maximum resident set size of process:          155.79    MB
c 
c --- [ shutting down ] ------------------------------------------------------
c 
c exit 20
