c --- [ banner ] -------------------------------------------------------------
c 
c CaDiCaL Radically Simplified CDCL SAT Solver
c Copyright (c) 2016-2019 Armin Biere, JKU Linz
c 
c Version 1.0.3 cb89cbfa16f47cb7bf1ec6ad9855e7b6d5203c18
c g++ (GCC) 6.3.0 -Wall -Wextra -O3 -DNDEBUG
c Fri Aug 23 08:17:16 CDT 2019 Linux login1 4.4.103-6.38-default x86_64
c 
c --- [ config ] -------------------------------------------------------------
c 
c using 'unsat' configuration (target unsatisfiable instances)
c 
c --- [ proof tracing ] ------------------------------------------------------
c 
c opening file to write '/tmp/36_65_0_four.drat'
c writing binary proof trace to '/tmp/36_65_0_four.drat'
c 
c --- [ parsing input ] ------------------------------------------------------
c 
c reading DIMACS file from '/tmp/36_65_0_four.cnf'
c opening file to read '/tmp/36_65_0_four.cnf'
c found 'p cnf 259840 1039929' header
c parsed 1039929 clauses in 0.46 seconds process time
c 
c --- [ options ] ------------------------------------------------------------
c 
c   --stabilize=false              (different from default 'true')
c   --walk=false                   (different from default 'true')
c 
c --- [ solving ] ------------------------------------------------------------
c 
c time measured in process time since initialization
c 
c  seconds   reductions  redundant   irredundant
c          MB    restarts       trail        variables
c           level   conflicts       glue           remaining
c 
c *  0.48 139  0 0   0    0    0  0% 0 1039424 253563 98%
c {  0.50 142  0 0   0    0    0  0% 0 1039424 253563 98%
c -  0.74 147 316 1  12  302  186  5% 5 918154 253563 98%
c I  1.26 147 93 1 111 1008  796  7% 8 918154 253563 98%
c -  1.94 178 74 2 176 1479 1179  8% 9 918154 253563 98%
c B  2.99 178 52 2 307 3009 2534  9% 9 918154 253563 98%
c -  3.37 178 50 3 337 3245 2183  9% 9 918154 253563 98%
c s  4.60 159 43 3 382 4071 2885  9% 9 918154 253563 98%
c w  6.15 176 43 3 382 4071 2877  9% 9 918154 253563 98%
c t  6.22 176 43 3 382 4071 2877  9% 9 917584 253563 98%
c e  8.94 199 43 3 382 4071   32  9% 9 227491 28050 11%
c s  9.19 199 43 3 382 4071   29  9% 9 227298 28050 11%
c e  9.48 146 43 3 382 4071   26  9% 9 227298 27983 11%
c 3  9.82 170 46 3 452 5003 3337  6% 9 227298 27983 11%
c 3  9.83 170 46 3 452 5003 3553  6% 9 227298 27983 11%
c d  9.88 170 46 3 452 5003 3517  6% 9 227298 27979 11%
c 2  9.90 170 46 3 452 5003 3509  6% 9 227298 27979 11%
c p  9.97 170 46 3 452 5003 5713  6% 9 227298 27979 11%
c - 10.09 170 44 4 466 5600 1502  7% 9 227298 27979 11%
c F 10.13 170 42 4 532 6011 1868  6% 9 227298 27979 11%
c 
c  seconds   reductions  redundant  irredundant
c          MB    restarts       trail       variables
c           level   conflicts       glue         remaining
c 
c - 10.37 170 41 5 678 7634 2433  7% 9 227298 27979 11%
c B 10.67 170 35 5 764 10013 4504  8% 9 227298 27979 11%
c - 10.73 170 35 6 764 10076 3156  8% 9 227298 27979 11%
c i 10.98 170 34 6 818 11184 4126  8% 9 227298 27973 11%
c i 11.19 170 32 6 824 11892 4745  9% 8 227298 27970 11%
c } 11.22 170 32 6 824 11989 4822  9% 8 227298 27936 11%
c 0 11.22 170 32 6 824 11989 4822  9% 8 227298 27936 11%
c 
c --- [ result ] -------------------------------------------------------------
c 
s UNSATISFIABLE
c 
c --- [ run-time profiling ] -------------------------------------------------
c 
c process time taken by individual solving procedures
c (percentage relative to process time for solving)
c 
c         5.52   51.32% simplify
c         5.22   48.49% search
c         5.20   48.27% unstable
c         2.94   27.35% elim
c         1.42   13.19% vivify
c         0.86    7.99% subsume
c         0.08    0.78% ternary
c         0.07    0.67% probe
c         0.02    0.19% lucky
c   =================================
c        10.76   95.94% solve
c 
c last line shows process time for solving
c (percentage relative to total process time)
c 
c --- [ statistics ] ---------------------------------------------------------
c 
c backtracked:               26439       220.53 %  of conflicts
c chronological:              4986        18.86 %  of backtracks
c conflicts:                 11989      1113.81    per second
c decisions:                 55044      5113.71    per second
c eliminated:               225580        86.81 %  of all variables
c fixed:                      6320         2.43 %  of all variables
c learned:                   11093        92.53 %  per conflict
c minimized:                111235        26.64 %  learned literals
c propagations:           18923335         1.76 M  per second
c reduced:                    2755        22.98 %  per conflict
c rephased:                      4      2997.25    interval
c restarts:                    824        14.55    interval
c substituted:                   4         0.00 %  of all variables
c subsumed:                   6235         0.20 %  of all clauses
c strengthened:              16047         0.52 %  of all clauses
c ternary:                    3172         0.30 %  of resolved
c vivified:                    100         0.00 %  of all clauses
c weakened:                 806470         2.84    average size
c 
c seconds are measured in process time for solving
c 
c --- [ resources ] ----------------------------------------------------------
c 
c total process time since initialization:        11.22    seconds
c total real time since initialization:           11.22    seconds
c maximum resident set size of process:          209.59    MB
c 
c --- [ shutting down ] ------------------------------------------------------
c 
c exit 20
