c --- [ banner ] -------------------------------------------------------------
c 
c CaDiCaL Radically Simplified CDCL SAT Solver
c Copyright (c) 2016-2019 Armin Biere, JKU Linz
c 
c Version 1.0.3 cb89cbfa16f47cb7bf1ec6ad9855e7b6d5203c18
c g++ (GCC) 6.3.0 -Wall -Wextra -O3 -DNDEBUG
c Fri Aug 23 08:17:16 CDT 2019 Linux login1 4.4.103-6.38-default x86_64
c 
c --- [ config ] -------------------------------------------------------------
c 
c using 'unsat' configuration (target unsatisfiable instances)
c 
c --- [ proof tracing ] ------------------------------------------------------
c 
c opening file to write '/tmp/20_156_0_three.drat'
c writing binary proof trace to '/tmp/20_156_0_three.drat'
c 
c --- [ parsing input ] ------------------------------------------------------
c 
c reading DIMACS file from '/tmp/20_156_0_three.cnf'
c opening file to read '/tmp/20_156_0_three.cnf'
c found 'p cnf 39424 200377' header
c parsed 200377 clauses in 0.08 seconds process time
c 
c --- [ options ] ------------------------------------------------------------
c 
c   --stabilize=false              (different from default 'true')
c   --walk=false                   (different from default 'true')
c 
c --- [ solving ] ------------------------------------------------------------
c 
c time measured in process time since initialization
c 
c  seconds  reductions  redundant  irredundant
c         MB    restarts       trail       variables
c          level   conflicts       glue         remaining
c 
c *  0.08 26  0 0   0    0    0  0% 0 182432 38144 97%
c {  0.08 26  0 0   0    0    0  0% 0 182432 38144 97%
c -  0.10 27 39 1   0  300  233  8% 7 175004 38144 97%
c I  0.16 29 45 1  59 1003  825  9% 8 175004 38144 97%
c -  0.20 35 49 2  59 1047  744  9% 8 175004 38144 97%
c -  0.30 35 47 3 126 2166 1304  9% 8 175004 38144 97%
c i  0.34 35 42 3 144 2644 1719 10% 8 175004 38128 97%
c i  0.34 35 42 3 144 2686 1756 10% 8 175004 38100 97%
c i  0.35 35 40 3 144 2878 1891  9% 8 175004 37794 96%
c i  0.36 35 40 3 144 2921 1927  9% 8 175004 37630 95%
c i  0.36 35 40 3 144 2980 1976  9% 8 175004 37582 95%
c i  0.36 35 40 3 144 2981 1976  9% 8 175004 37481 95%
c i  0.36 35 40 3 144 2982 1976  9% 8 175004 37451 95%
c B  0.36 35 40 3 144 3004 1997  9% 8 175004 37450 95%
c }  0.37 35 39 3 144 3111 2088  9% 8 175004 37365 95%
c 0  0.37 35 39 3 144 3111 2088  9% 8 175004 37365 95%
c 
c --- [ result ] -------------------------------------------------------------
c 
s UNSATISFIABLE
c 
c --- [ run-time profiling ] -------------------------------------------------
c 
c process time taken by individual solving procedures
c (percentage relative to process time for solving)
c 
c         0.29  100.00% search
c         0.29  100.00% unstable
c         0.00    0.00% simplify
c   =================================
c         0.29   79.35% solve
c 
c last line shows process time for solving
c (percentage relative to total process time)
c 
c --- [ statistics ] ---------------------------------------------------------
c 
c backtracked:                3813       122.57 %  of conflicts
c chronological:              1394        36.56 %  of backtracks
c conflicts:                  3111     10654.11    per second
c decisions:                 14550     49828.77    per second
c fixed:                      2059         5.22 %  of all variables
c learned:                    2810        90.32 %  per conflict
c minimized:                 22658        24.87 %  learned literals
c propagations:            1321047         4.52 M  per second
c reduced:                     554        17.81 %  per conflict
c rephased:                      2      1555.50    interval
c restarts:                    144        21.60    interval
c subsumed:                    160         0.04 %  of all clauses
c 
c seconds are measured in process time for solving
c 
c --- [ resources ] ----------------------------------------------------------
c 
c total process time since initialization:         0.37    seconds
c total real time since initialization:            0.37    seconds
c maximum resident set size of process:           39.61    MB
c 
c --- [ shutting down ] ------------------------------------------------------
c 
c exit 20
