c --- [ banner ] -------------------------------------------------------------
c 
c CaDiCaL Radically Simplified CDCL SAT Solver
c Copyright (c) 2016-2019 Armin Biere, JKU Linz
c 
c Version 1.0.3 cb89cbfa16f47cb7bf1ec6ad9855e7b6d5203c18
c g++ (GCC) 6.3.0 -Wall -Wextra -O3 -DNDEBUG
c Fri Aug 23 08:17:16 CDT 2019 Linux login1 4.4.103-6.38-default x86_64
c 
c --- [ config ] -------------------------------------------------------------
c 
c using 'unsat' configuration (target unsatisfiable instances)
c 
c --- [ proof tracing ] ------------------------------------------------------
c 
c opening file to write '/tmp/53_538_0_four.drat'
c writing binary proof trace to '/tmp/53_538_0_four.drat'
c 
c --- [ parsing input ] ------------------------------------------------------
c 
c reading DIMACS file from '/tmp/53_538_0_four.cnf'
c opening file to read '/tmp/53_538_0_four.cnf'
c found 'p cnf 259840 1039924' header
c parsed 1039924 clauses in 0.44 seconds process time
c 
c --- [ options ] ------------------------------------------------------------
c 
c   --stabilize=false              (different from default 'true')
c   --walk=false                   (different from default 'true')
c 
c --- [ solving ] ------------------------------------------------------------
c 
c time measured in process time since initialization
c 
c  seconds   reductions  redundant   irredundant
c          MB    restarts       trail        variables
c           level   conflicts       glue           remaining
c 
c *  0.46 139  0 0   0    0    0  0% 0 1039424 253473 98%
c {  0.48 142  0 0   0    0    0  0% 0 1039424 253473 98%
c -  0.66 146 234 1  13  303  195  5% 5 916074 253473 98%
c i  0.75 146 163 1  44  425  310  5% 7 916074 253472 98%
c i  0.75 146 161 1  45  428  311  5% 7 916074 252581 97%
c i  0.75 146 160 1  46  430  312  5% 7 916074 252551 97%
c i  0.76 146 156 1  48  436  317  5% 7 916074 252298 97%
c i  0.76 146 156 1  48  437  317  5% 7 916074 252081 97%
c i  0.76 146 155 1  49  439  318  5% 7 916074 251917 97%
c i  0.76 146 153 1  50  442  319  5% 7 916074 251916 97%
c i  0.76 146 153 1  50  443  319  5% 7 916074 251875 97%
c i  0.78 146 144 1  53  463  338  5% 7 916074 251425 97%
c i  0.78 146 143 1  53  464  338  5% 7 916074 251215 97%
c i  0.94 146 95 1  53  714  535  8% 6 916074 249489 96%
c i  0.94 146 95 1  53  716  536  8% 6 916074 248694 96%
c i  0.94 146 94 1  53  722  541  8% 6 916074 248451 96%
c i  0.94 146 94 1  53  724  542  8% 6 916074 248369 96%
c }  0.94 146 93 1  53  729  544  8% 6 916074 247042 95%
c 0  0.94 146 93 1  53  729  544  8% 6 916074 247042 95%
c 
c --- [ result ] -------------------------------------------------------------
c 
s UNSATISFIABLE
c 
c --- [ run-time profiling ] -------------------------------------------------
c 
c process time taken by individual solving procedures
c (percentage relative to process time for solving)
c 
c         0.48   96.77% search
c         0.46   92.74% unstable
c         0.02    4.03% lucky
c         0.00    0.00% simplify
c   =================================
c         0.50   52.77% solve
c 
c last line shows process time for solving
c (percentage relative to total process time)
c 
c --- [ statistics ] ---------------------------------------------------------
c 
c backtracked:                 956       131.14 %  of conflicts
c chronological:               405        42.36 %  of backtracks
c conflicts:                   729      1469.76    per second
c decisions:                  4374      8818.55    per second
c fixed:                     12798         4.93 %  of all variables
c learned:                     685        93.96 %  per conflict
c minimized:                  3287        25.03 %  learned literals
c propagations:            1251913         2.52 M  per second
c restarts:                     53        13.75    interval
c subsumed:                    125         0.01 %  of all clauses
c 
c seconds are measured in process time for solving
c 
c --- [ resources ] ----------------------------------------------------------
c 
c total process time since initialization:         0.94    seconds
c total real time since initialization:            0.94    seconds
c maximum resident set size of process:          154.30    MB
c 
c --- [ shutting down ] ------------------------------------------------------
c 
c exit 20
