c --- [ banner ] -------------------------------------------------------------
c 
c CaDiCaL Radically Simplified CDCL SAT Solver
c Copyright (c) 2016-2019 Armin Biere, JKU Linz
c 
c Version 1.0.3 cb89cbfa16f47cb7bf1ec6ad9855e7b6d5203c18
c g++ (GCC) 6.3.0 -Wall -Wextra -O3 -DNDEBUG
c Fri Aug 23 08:17:16 CDT 2019 Linux login1 4.4.103-6.38-default x86_64
c 
c --- [ config ] -------------------------------------------------------------
c 
c using 'unsat' configuration (target unsatisfiable instances)
c 
c --- [ proof tracing ] ------------------------------------------------------
c 
c opening file to write '/tmp/53_893_0_four.drat'
c writing binary proof trace to '/tmp/53_893_0_four.drat'
c 
c --- [ parsing input ] ------------------------------------------------------
c 
c reading DIMACS file from '/tmp/53_893_0_four.cnf'
c opening file to read '/tmp/53_893_0_four.cnf'
c found 'p cnf 259840 1039924' header
c parsed 1039924 clauses in 0.75 seconds process time
c 
c --- [ options ] ------------------------------------------------------------
c 
c   --stabilize=false              (different from default 'true')
c   --walk=false                   (different from default 'true')
c 
c --- [ solving ] ------------------------------------------------------------
c 
c time measured in process time since initialization
c 
c  seconds   reductions  redundant   irredundant
c          MB    restarts       trail        variables
c           level   conflicts       glue           remaining
c 
c *  0.78 139  0 0   0    0    0  0% 0 1039424 253824 98%
c {  0.81 142  0 0   0    0    0  0% 0 1039424 253824 98%
c -  1.09 147 247 1  13  304  190  5% 5 920318 253824 98%
c I  1.60 147 80 1 120 1002  802  6% 8 920318 253824 98%
c -  2.30 178 66 2 219 1487 1223  6% 10 920318 253824 98%
c B  3.23 178 47 2 296 3004 2571  9% 9 920318 253824 98%
c -  3.70 178 47 3 336 3256 2157  9% 10 920318 253824 98%
c s  4.74 159 47 3 393 4072 2867  9% 10 920318 253824 98%
c w  6.28 182 47 3 393 4072 2866  9% 10 920318 253824 98%
c t  6.34 182 47 3 393 4072 2866  9% 10 919617 253824 98%
c e  9.06 198 47 3 393 4072   41  9% 10 228111 28114 11%
c s  9.37 198 47 3 393 4072   41  9% 10 227878 28114 11%
c e  9.79 146 47 3 393 4072   34  9% 10 227878 28026 11%
c 3 10.23 158 44 3 434 5001 3508  8% 10 227878 28026 11%
c 3 10.25 158 44 3 434 5001 4026  8% 10 227878 28026 11%
c d 10.32 158 44 3 434 5001 3834  8% 10 227878 28004 11%
c 2 10.35 158 44 3 434 5001 3790  8% 10 227878 28004 11%
c p 10.43 158 44 3 434 5001 4734  8% 10 227878 28004 11%
c i 10.51 158 45 3 449 5189 4908  9% 10 227878 27999 11%
c i 10.54 158 45 3 449 5308 5006  9% 10 227878 27993 11%
c 
c  seconds   reductions  redundant   irredundant
c          MB    restarts       trail        variables
c           level   conflicts       glue          remaining
c 
c i 10.54 158 45 3 449 5309 5006  9% 10 227878 27888 11%
c - 10.60 158 43 4 449 5615 1225  8% 10 220831 27888 11%
c F 10.63 158 40 4 449 6007 1541  7% 9 220831 27888 11%
c } 10.63 158 40 4 449 6015 1545  7% 9 220831 27684 11%
c 0 10.63 158 40 4 449 6015 1545  7% 9 220831 27684 11%
c 
c --- [ result ] -------------------------------------------------------------
c 
s UNSATISFIABLE
c 
c --- [ run-time profiling ] -------------------------------------------------
c 
c process time taken by individual solving procedures
c (percentage relative to process time for solving)
c 
c         5.73   58.04% simplify
c         4.12   41.72% search
c         4.09   41.39% unstable
c         3.07   31.07% elim
c         1.41   14.26% vivify
c         0.88    8.87% subsume
c         0.11    1.13% ternary
c         0.08    0.85% probe
c         0.03    0.32% lucky
c   =================================
c         9.88   92.92% solve
c 
c last line shows process time for solving
c (percentage relative to total process time)
c 
c --- [ statistics ] ---------------------------------------------------------
c 
c backtracked:               19579       325.50 %  of conflicts
c chronological:              2419        12.36 %  of backtracks
c conflicts:                  6015       609.05    per second
c decisions:                 31509      3190.46    per second
c eliminated:               225798        86.90 %  of all variables
c fixed:                      6336         2.44 %  of all variables
c learned:                    5530        91.94 %  per conflict
c minimized:                 44067        21.13 %  learned literals
c propagations:           14411267         1.46 M  per second
c reduced:                     666        11.07 %  per conflict
c rephased:                      3      2005.00    interval
c restarts:                    449        13.40    interval
c substituted:                  22         0.01 %  of all variables
c subsumed:                   5788         0.19 %  of all clauses
c strengthened:              15378         0.50 %  of all clauses
c ternary:                    3817         0.33 %  of resolved
c vivified:                    171         0.01 %  of all clauses
c weakened:                 808443         2.84    average size
c 
c seconds are measured in process time for solving
c 
c --- [ resources ] ----------------------------------------------------------
c 
c total process time since initialization:        10.63    seconds
c total real time since initialization:           10.63    seconds
c maximum resident set size of process:          210.89    MB
c 
c --- [ shutting down ] ------------------------------------------------------
c 
c exit 20
