c --- [ banner ] -------------------------------------------------------------
c 
c CaDiCaL Radically Simplified CDCL SAT Solver
c Copyright (c) 2016-2019 Armin Biere, JKU Linz
c 
c Version 1.0.3 cb89cbfa16f47cb7bf1ec6ad9855e7b6d5203c18
c g++ (GCC) 6.3.0 -Wall -Wextra -O3 -DNDEBUG
c Fri Aug 23 08:17:16 CDT 2019 Linux login1 4.4.103-6.38-default x86_64
c 
c --- [ config ] -------------------------------------------------------------
c 
c using 'unsat' configuration (target unsatisfiable instances)
c 
c --- [ proof tracing ] ------------------------------------------------------
c 
c opening file to write '/tmp/47_1166_0_six.drat'
c writing binary proof trace to '/tmp/47_1166_0_six.drat'
c 
c --- [ parsing input ] ------------------------------------------------------
c 
c reading DIMACS file from '/tmp/47_1166_0_six.cnf'
c opening file to read '/tmp/47_1166_0_six.cnf'
c found 'p cnf 50176 399289' header
c parsed 399289 clauses in 0.14 seconds process time
c 
c --- [ options ] ------------------------------------------------------------
c 
c   --stabilize=false              (different from default 'true')
c   --walk=false                   (different from default 'true')
c 
c --- [ solving ] ------------------------------------------------------------
c 
c time measured in process time since initialization
c 
c  seconds  reductions  redundant  irredundant
c         MB    restarts       trail       variables
c          level   conflicts       glue         remaining
c 
c *  0.14 44  0 0   0    0    0  0% 0 363883 48278 96%
c {  0.14 45  0 0   0    0    0  0% 0 363883 48278 96%
c -  0.18 46 70 1  17  339  177  9% 11 351660 48278 96%
c I  0.22 47 62 1  78 1006  644  8% 11 351660 48278 96%
c -  0.30 59 57 2  94 1266  769  8% 12 351660 48278 96%
c -  0.43 59 53 3 187 2657 1310  9% 12 351660 48278 96%
c B  0.45 59 49 3 189 3007 1565 10% 12 351660 48278 96%
c i  0.46 59 46 3 190 3182 1683  9% 11 351660 48118 96%
c -  0.59 59 53 4 220 4512 1941 10% 11 347094 48118 96%
c d  0.72 60 49 4 222 5001 2294 10% 10 342428 45785 91%
c 2  0.83 60 49 4 222 5001 2294 10% 10 336598 45770 91%
c p  1.01 62 49 4 222 5001 9801 10% 10 336598 45673 91%
c d  1.04 62 49 4 222 5001 9372 10% 10 334744 45672 91%
c d  1.07 62 49 4 222 5001 9371 10% 10 334724 45667 91%
c s  1.22 70 46 4 234 5829 9982 10% 10 334722 45667 91%
c v  1.47 70 46 4 234 5829 9982 10% 10 331953 45667 91%
c w  1.55 70 46 4 234 5829 9959 10% 10 331953 45667 91%
c t  1.58 70 46 4 234 5829 9947 10% 10 298864 45667 91%
c e  2.17 67 46 4 234 5829 4076 10% 10 279922 28270 56%
c F  2.38 75 47 4 235 6009 4208  7% 10 279922 28270 56%
c 
c  seconds  reductions  redundant  irredundant
c         MB    restarts       trail       variables
c          level   conflicts       glue         remaining
c 
c -  2.46 75 49 5 235 6822 1226 10% 9 279922 28270 56%
c i  2.54 75 46 5 259 8561 2490  7% 9 279922 28253 56%
c -  2.62 75 45 6 322 9426 2460  7% 9 277959 28253 56%
c i  2.62 75 45 6 322 9464 2474  7% 9 277959 28195 56%
c }  2.62 75 45 6 322 9481 2480  7% 9 277959 27821 55%
c 0  2.62 75 45 6 322 9481 2480  7% 9 277959 27821 55%
c 
c --- [ result ] -------------------------------------------------------------
c 
s UNSATISFIABLE
c 
c --- [ run-time profiling ] -------------------------------------------------
c 
c process time taken by individual solving procedures
c (percentage relative to process time for solving)
c 
c         1.52   61.25% simplify
c         0.96   38.75% search
c         0.96   38.59% unstable
c         0.58   23.47% elim
c         0.28   11.41% vivify
c         0.18    7.23% probe
c         0.17    6.75% subsume
c         0.08    3.38% ternary
c         0.00    0.16% lucky
c   =================================
c         2.49   94.82% solve
c 
c last line shows process time for solving
c (percentage relative to total process time)
c 
c --- [ statistics ] ---------------------------------------------------------
c 
c backtracked:               43506       458.88 %  of conflicts
c chronological:              3158         7.26 %  of backtracks
c conflicts:                  9481      3810.69    per second
c decisions:                 38181     15346.06    per second
c eliminated:                17397        34.67 %  of all variables
c fixed:                      2619         5.22 %  of all variables
c learned:                    8103        85.47 %  per conflict
c minimized:                128792        29.88 %  learned literals
c propagations:            5567617         2.24 M  per second
c reduced:                    1801        19.00 %  per conflict
c rephased:                      3      3160.33    interval
c restarts:                    322        29.44    interval
c substituted:                2339         4.66 %  of all variables
c subsumed:                  10349         0.81 %  of all clauses
c strengthened:               3973         0.31 %  of all clauses
c vivified:                   2849         0.22 %  of all clauses
c weakened:                 110202         4.03    average size
c 
c seconds are measured in process time for solving
c 
c --- [ resources ] ----------------------------------------------------------
c 
c total process time since initialization:         2.62    seconds
c total real time since initialization:            2.63    seconds
c maximum resident set size of process:           75.23    MB
c 
c --- [ shutting down ] ------------------------------------------------------
c 
c exit 20
