c --- [ banner ] -------------------------------------------------------------
c 
c CaDiCaL Radically Simplified CDCL SAT Solver
c Copyright (c) 2016-2019 Armin Biere, JKU Linz
c 
c Version 1.0.3 cb89cbfa16f47cb7bf1ec6ad9855e7b6d5203c18
c g++ (GCC) 6.3.0 -Wall -Wextra -O3 -DNDEBUG
c Fri Aug 23 08:17:16 CDT 2019 Linux login1 4.4.103-6.38-default x86_64
c 
c --- [ config ] -------------------------------------------------------------
c 
c using 'unsat' configuration (target unsatisfiable instances)
c 
c --- [ proof tracing ] ------------------------------------------------------
c 
c opening file to write '/tmp/47_378_0_six.drat'
c writing binary proof trace to '/tmp/47_378_0_six.drat'
c 
c --- [ parsing input ] ------------------------------------------------------
c 
c reading DIMACS file from '/tmp/47_378_0_six.cnf'
c opening file to read '/tmp/47_378_0_six.cnf'
c found 'p cnf 50176 399289' header
c parsed 399289 clauses in 0.17 seconds process time
c 
c --- [ options ] ------------------------------------------------------------
c 
c   --stabilize=false              (different from default 'true')
c   --walk=false                   (different from default 'true')
c 
c --- [ solving ] ------------------------------------------------------------
c 
c time measured in process time since initialization
c 
c  seconds  reductions  redundant  irredundant
c         MB    restarts       trail       variables
c          level   conflicts       glue         remaining
c 
c *  0.17 44  0 0   0    0    0  0% 0 363872 48176 96%
c {  0.17 45  0 0   0    0    0  0% 0 363872 48176 96%
c -  0.23 47 64 1  19  301  202  8% 11 348166 48176 96%
c I  0.28 47 70 1  43 1002  677  9% 11 348166 48176 96%
c -  0.39 59 60 2  53 1229  753  8% 10 348166 48176 96%
c -  0.56 59 57 3 147 2620 1386  9% 10 348166 48176 96%
c B  0.60 59 55 3 153 3003 1643 10% 10 348166 48176 96%
c -  0.82 59 49 4 198 4470 2073 10% 10 348166 48176 96%
c i  0.85 59 50 4 198 4730 2269 10% 9 348166 48168 96%
c i  0.86 59 51 4 202 4968 2457 10% 9 348166 48015 96%
c d  1.01 60 51 4 210 5000 2386 10% 9 339843 45700 91%
c 2  1.20 60 51 4 210 5000 2383 10% 9 334058 45700 91%
c p  1.36 61 51 4 210 5000 6442 10% 9 334058 45700 91%
c s  1.62 70 47 4 253 5835 7034  9% 9 334053 45700 91%
c v  2.04 70 47 4 253 5835 7034  9% 9 331007 45700 91%
c w  2.16 70 47 4 253 5835 7022  9% 9 331007 45700 91%
c t  2.20 70 47 4 253 5835 7017  9% 9 296895 45700 91%
c e  2.98 65 47 4 253 5835 2885  9% 9 277538 28040 56%
c F  3.26 73 47 4 257 6006 3015  3% 9 277538 28040 56%
c -  3.34 73 44 5 318 6788 1167  3% 9 277538 28040 56%
c 
c  seconds  reductions  redundant  irredundant
c         MB    restarts       trail       variables
c          level   conflicts       glue         remaining
c 
c -  3.56 73 41 6 364 9390 2667  5% 9 277538 28040 56%
c i  3.58 74 41 6 366 9514 2770  5% 9 277538 28027 56%
c B  3.61 74 40 6 377 10009 3123  5% 8 277538 28027 56%
c i  3.71 74 36 6 404 12133 4753  4% 8 277538 28016 56%
c -  3.77 74 35 7 407 12421 2536  4% 8 274542 28016 56%
c }  3.78 74 35 7 407 12497 2594  4% 8 274542 27740 55%
c 0  3.78 74 35 7 407 12497 2594  4% 8 274542 27740 55%
c 
c --- [ result ] -------------------------------------------------------------
c 
s UNSATISFIABLE
c 
c --- [ run-time profiling ] -------------------------------------------------
c 
c process time taken by individual solving procedures
c (percentage relative to process time for solving)
c 
c         2.05   56.76% simplify
c         1.56   43.24% search
c         1.56   43.13% unstable
c         0.77   21.29% elim
c         0.48   13.19% vivify
c         0.23    6.32% subsume
c         0.16    4.43% probe
c         0.15    4.10% ternary
c         0.00    0.11% lucky
c   =================================
c         3.61   95.55% solve
c 
c last line shows process time for solving
c (percentage relative to total process time)
c 
c --- [ statistics ] ---------------------------------------------------------
c 
c backtracked:               33739       269.98 %  of conflicts
c chronological:              4521        13.40 %  of backtracks
c conflicts:                 12497      3463.69    per second
c decisions:                 47071     13046.29    per second
c eliminated:                17660        35.20 %  of all variables
c fixed:                      2461         4.90 %  of all variables
c learned:                   11127        89.04 %  per conflict
c minimized:                158224        30.05 %  learned literals
c propagations:            5357150         1.48 M  per second
c reduced:                    3003        24.03 %  per conflict
c rephased:                      4      3124.25    interval
c restarts:                    407        30.71    interval
c substituted:                2315         4.61 %  of all variables
c subsumed:                  11050         0.87 %  of all clauses
c strengthened:               4158         0.33 %  of all clauses
c vivified:                   3194         0.25 %  of all clauses
c weakened:                 110541         4.05    average size
c 
c seconds are measured in process time for solving
c 
c --- [ resources ] ----------------------------------------------------------
c 
c total process time since initialization:         3.78    seconds
c total real time since initialization:            3.78    seconds
c maximum resident set size of process:           73.51    MB
c 
c --- [ shutting down ] ------------------------------------------------------
c 
c exit 20
