c --- [ banner ] -------------------------------------------------------------
c 
c CaDiCaL Radically Simplified CDCL SAT Solver
c Copyright (c) 2016-2019 Armin Biere, JKU Linz
c 
c Version 1.0.3 cb89cbfa16f47cb7bf1ec6ad9855e7b6d5203c18
c g++ (GCC) 6.3.0 -Wall -Wextra -O3 -DNDEBUG
c Fri Aug 23 08:17:16 CDT 2019 Linux login1 4.4.103-6.38-default x86_64
c 
c --- [ config ] -------------------------------------------------------------
c 
c using 'unsat' configuration (target unsatisfiable instances)
c 
c --- [ proof tracing ] ------------------------------------------------------
c 
c opening file to write '/tmp/47_496_0_six.drat'
c writing binary proof trace to '/tmp/47_496_0_six.drat'
c 
c --- [ parsing input ] ------------------------------------------------------
c 
c reading DIMACS file from '/tmp/47_496_0_six.cnf'
c opening file to read '/tmp/47_496_0_six.cnf'
c found 'p cnf 50176 399289' header
c parsed 399289 clauses in 0.23 seconds process time
c 
c --- [ options ] ------------------------------------------------------------
c 
c   --stabilize=false              (different from default 'true')
c   --walk=false                   (different from default 'true')
c 
c --- [ solving ] ------------------------------------------------------------
c 
c time measured in process time since initialization
c 
c  seconds  reductions  redundant  irredundant
c         MB    restarts       trail       variables
c          level   conflicts       glue         remaining
c 
c *  0.23 44  0 0   0    0    0  0% 0 363882 48187 96%
c {  0.24 45  0 0   0    0    0  0% 0 363882 48187 96%
c i  0.24 45 64 0   0   39   32  5% 3 363882 48179 96%
c i  0.24 46 89 0   1   82   69  8% 3 363882 48134 96%
c -  0.30 46 54 1  37  301  225  7% 9 345546 48096 96%
c I  0.36 47 54 1  83 1002  686  9% 10 345546 48096 96%
c -  0.53 59 61 2 105 1228  770  9% 11 345546 48096 96%
c -  0.77 60 71 3 168 2613 1250 10% 11 345546 48096 96%
c B  0.82 60 75 3 179 3006 1520 10% 11 345546 48096 96%
c -  1.06 60 72 4 260 4462 1908 11% 11 345546 48096 96%
c d  1.24 61 67 4 281 5000 2259 11% 11 340902 45774 91%
c 2  1.42 60 67 4 281 5000 2259 11% 11 335097 45774 91%
c p  1.57 61 67 4 281 5000 5585 11% 11 335097 45774 91%
c s  1.87 69 69 4 341 5834 6170 11% 11 335097 45774 91%
c v  2.32 69 69 4 341 5834 6170 11% 11 331733 45774 91%
c w  2.44 69 69 4 341 5834 6163 11% 11 331733 45774 91%
c t  2.48 69 69 4 341 5834 6160 11% 11 298100 45774 91%
c e  3.29 64 69 4 341 5834 2416 11% 11 279395 28274 56%
c F  3.60 73 69 4 344 6007 2553  4% 11 279395 28274 56%
c -  3.72 73 63 5 344 6773 1095  5% 10 279395 28274 56%
c 
c  seconds  reductions  redundant  irredundant
c         MB    restarts       trail       variables
c          level   conflicts       glue         remaining
c 
c -  3.96 73 48 6 380 9376 2553  6% 9 279395 28274 56%
c B  4.03 73 48 6 419 10008 3043  7% 9 279395 28274 56%
c i  4.04 73 48 6 419 10018 3049  7% 9 279395 28267 56%
c i  4.05 73 48 6 439 10238 3214  7% 9 279395 28260 56%
c i  4.07 73 47 6 439 10419 3367  6% 9 279395 28246 56%
c i  4.14 73 46 6 509 11560 4230  6% 9 279395 28245 56%
c i  4.17 73 45 6 526 12039 4579  6% 9 279395 28227 56%
c -  4.25 73 44 7 545 12417 3153  6% 9 272889 28221 56%
c i  4.30 73 41 7 550 13504 3970  6% 9 272889 28185 56%
c i  4.30 73 41 7 550 13505 3970  6% 9 272889 27638 55%
c i  4.30 73 41 7 550 13545 4002  6% 9 272889 27106 54%
c i  4.30 73 41 7 550 13584 4034  6% 9 272889 27105 54%
c i  4.30 73 41 7 550 13587 4036  6% 9 272889 27104 54%
c i  4.30 73 41 7 550 13589 4037  6% 9 272889 27103 54%
c i  4.31 73 41 7 554 13715 4124  6% 9 272889 27089 54%
c i  4.31 73 40 7 554 13760 4155  6% 9 272889 27088 54%
c i  4.31 73 40 7 554 13762 4156  6% 9 272889 27087 54%
c i  4.31 73 40 7 554 13764 4157  6% 9 272889 27086 54%
c i  4.31 73 40 7 554 13766 4158  6% 9 272889 27085 54%
c i  4.31 73 40 7 554 13769 4159  6% 9 272889 27049 54%
c 
c  seconds  reductions   redundant  irredundant
c         MB    restarts        trail       variables
c          level    conflicts       glue         remaining
c 
c i  4.32 73 40 7 554 13927 4245  6% 9 272889 27048 54%
c }  4.32 73 40 7 554 13987 4278  6% 9 272889 27039 54%
c 0  4.32 73 40 7 554 13987 4278  6% 9 272889 27039 54%
c 
c --- [ result ] -------------------------------------------------------------
c 
s UNSATISFIABLE
c 
c --- [ run-time profiling ] -------------------------------------------------
c 
c process time taken by individual solving procedures
c (percentage relative to process time for solving)
c 
c         2.10   51.27% simplify
c         1.99   48.63% search
c         1.98   48.53% unstable
c         0.79   19.37% elim
c         0.50   12.23% vivify
c         0.25    6.16% subsume
c         0.16    3.82% probe
c         0.14    3.33% ternary
c         0.00    0.10% lucky
c   =================================
c         4.09   94.72% solve
c 
c last line shows process time for solving
c (percentage relative to total process time)
c 
c --- [ statistics ] ---------------------------------------------------------
c 
c backtracked:               35931       256.89 %  of conflicts
c chronological:              4931        13.72 %  of backtracks
c conflicts:                 13987      3421.48    per second
c decisions:                 64828     15858.12    per second
c eliminated:                17500        34.88 %  of all variables
c fixed:                      3315         6.61 %  of all variables
c learned:                   12170        87.01 %  per conflict
c minimized:                164552        28.09 %  learned literals
c propagations:            6093738         1.49 M  per second
c reduced:                    3069        21.94 %  per conflict
c rephased:                      4      3496.75    interval
c restarts:                    554        25.25    interval
c substituted:                2322         4.63 %  of all variables
c subsumed:                  11469         0.90 %  of all clauses
c strengthened:               4328         0.34 %  of all clauses
c vivified:                   3528         0.28 %  of all clauses
c weakened:                 109390         4.05    average size
c 
c seconds are measured in process time for solving
c 
c --- [ resources ] ----------------------------------------------------------
c 
c total process time since initialization:         4.32    seconds
c total real time since initialization:            4.32    seconds
c maximum resident set size of process:           73.13    MB
c 
c --- [ shutting down ] ------------------------------------------------------
c 
c exit 20
