c --- [ banner ] -------------------------------------------------------------
c 
c CaDiCaL Radically Simplified CDCL SAT Solver
c Copyright (c) 2016-2019 Armin Biere, JKU Linz
c 
c Version 1.0.3 cb89cbfa16f47cb7bf1ec6ad9855e7b6d5203c18
c g++ (GCC) 6.3.0 -Wall -Wextra -O3 -DNDEBUG
c Fri Aug 23 08:17:16 CDT 2019 Linux login1 4.4.103-6.38-default x86_64
c 
c --- [ config ] -------------------------------------------------------------
c 
c using 'unsat' configuration (target unsatisfiable instances)
c 
c --- [ proof tracing ] ------------------------------------------------------
c 
c opening file to write '/tmp/7_456_0_three.drat'
c writing binary proof trace to '/tmp/7_456_0_three.drat'
c 
c --- [ parsing input ] ------------------------------------------------------
c 
c reading DIMACS file from '/tmp/7_456_0_three.cnf'
c opening file to read '/tmp/7_456_0_three.cnf'
c found 'p cnf 39424 200372' header
c parsed 200372 clauses in 0.16 seconds process time
c 
c --- [ options ] ------------------------------------------------------------
c 
c   --stabilize=false              (different from default 'true')
c   --walk=false                   (different from default 'true')
c 
c --- [ solving ] ------------------------------------------------------------
c 
c time measured in process time since initialization
c 
c  seconds  reductions  redundant  irredundant
c         MB    restarts       trail       variables
c          level   conflicts       glue         remaining
c 
c *  0.16 26  0 0   0    0    0  0% 0 183402 38307 97%
c {  0.16 27  0 0   0    0    0  0% 0 183402 38307 97%
c -  0.27 29 71 1  21  301  249 10% 9 178435 38307 97%
c I  0.41 30 78 1  99 1006  882 11% 10 178435 38307 97%
c -  0.47 36 77 2  99 1055  771 10% 10 178435 38307 97%
c -  0.59 36 57 3 139 2182 1238 10% 10 178435 38307 97%
c B  0.65 36 54 3 180 3007 1993  9% 10 178435 38307 97%
c -  0.75 36 56 4 220 3683 1841  9% 10 178435 38307 97%
c s  1.10 32 57 4 253 4520 2585 10% 10 178435 38307 97%
c v  1.25 37 57 4 253 4520 2585 10% 10 175528 38307 97%
c w  1.32 37 57 4 253 4520 2585 10% 10 175528 38307 97%
c t  1.34 37 57 4 253 4520 2585 10% 10 163006 38307 97%
c e  2.14 39 57 4 253 4520   33 10% 10 144850 22327 57%
c s  2.23 43 57 4 253 4520   33 10% 10 144839 22327 57%
c 3  2.49 44 55 4 256 5000 8657  4% 9 144839 22327 57%
c p  2.56 44 55 4 256 5000 9159  4% 9 144839 22327 57%
c -  2.64 44 54 5 274 5560 1167  5% 10 144839 22327 57%
c F  2.69 44 53 5 300 6008 1568  5% 9 144839 22327 57%
c -  2.84 35 47 6 358 7651 2296  6% 9 144839 22327 57%
c B  2.99 35 40 6 428 10012 4398  5% 9 144839 22327 57%
c 
c  seconds  reductions   redundant  irredundant
c         MB    restarts        trail       variables
c          level    conflicts       glue         remaining
c 
c -  3.02 39 40 7 428 10091 3088  5% 9 144839 22327 57%
c -  3.30 39 37 8 569 12877 3924  6% 9 144839 22327 57%
c 3  3.53 39 36 8 691 15002 13923  6% 9 144839 22327 57%
c 3  3.54 39 36 8 691 15002 13989  6% 9 144839 22327 57%
c p  3.62 39 36 8 691 15002 14560  6% 9 144839 22327 57%
c #  3.64 39 36 8 693 15013 14571  6% 9 144839 22327 57%
c s  3.74 42 36 8 700 15311 14772  6% 9 144480 22327 57%
c v  3.92 42 36 8 700 15311 14772  6% 9 132363 22327 57%
c w  3.98 42 36 8 700 15311 10347  6% 9 132363 22327 57%
c t  3.98 42 36 8 700 15311 10345  6% 9 132318 22327 57%
c e  4.24 42 36 8 700 15311 7405  6% 9 132688 21916 56%
c s  4.26 42 36 8 700 15311 7310  6% 9 131682 21916 56%
c e  4.33 42 36 8 700 15311 5912  6% 9 131930 21667 55%
c -  4.47 42 36 9 784 16014 3042  6% 9 131930 21667 55%
c -  4.78 42 34 10 974 19375 4410  6% 9 131930 21667 55%
c B  4.93 42 34 10 1051 21017 5843  6% 9 131930 21667 55%
c -  5.15 42 33 11 1158 23073 5390  6% 9 131930 21667 55%
c -  5.63 42 32 12 1341 27111 6323  6% 9 131930 21667 55%
c O  5.75 42 31 12 1383 28018 7151  6% 9 131930 21667 55%
c d  6.09 42 30 12 1471 30002 8904  7% 9 131928 21664 55%
c 
c  seconds  reductions      redundant  irredundant
c         MB     restarts          trail       variables
c          level      conflicts        glue         remaining
c 
c 3  6.14 42 30 12 1471 30002 15051  7% 9 131928 21664 55%
c 3  6.16 42 30 12 1471 30002 15140  7% 9 131928 21664 55%
c 2  6.19 42 30 12 1471 30002 15135  7% 9 131927 21664 55%
c p  6.26 42 30 12 1471 30002 19017  7% 9 131927 21610 55%
c d  6.29 42 30 12 1471 30002 16019  7% 9 127951 21608 55%
c d  6.30 42 30 12 1471 30002 15980  7% 9 127933 21604 55%
c s  6.53 42 29 12 1497 30951 13659  7% 9 127558 21604 55%
c v  6.77 42 29 12 1497 30951 13659  7% 9 111578 21604 55%
c w  6.86 42 29 12 1497 30951 12812  7% 9 111578 21549 55%
c t  6.87 42 29 12 1497 30951 12804  7% 9 110452 21549 55%
c e  6.99 42 29 12 1497 30951 9142  7% 9 107168 20091 51%
c s  7.04 42 29 12 1497 30951 8963  7% 9 106921 20091 51%
c e  7.10 42 29 12 1497 30951 8813  7% 9 106939 20067 51%
c -  7.24 43 29 13 1497 31480 5100  8% 9 106939 20067 51%
c i  7.26 43 29 13 1497 31645 5221  8% 9 106939 20064 51%
c i  7.32 43 28 13 1498 32193 5700  7% 8 106939 20063 51%
c i  7.33 43 28 13 1498 32290 5777  8% 8 106939 20057 51%
c i  7.34 43 28 13 1498 32306 5783  8% 8 106939 20035 51%
c i  7.34 43 28 13 1498 32311 5787  8% 8 106939 20032 51%
c i  7.34 43 28 13 1498 32312 5787  8% 8 106939 19426 49%
c 
c  seconds  reductions     redundant  irredundant
c         MB     restarts         trail       variables
c          level      conflicts       glue         remaining
c 
c i  7.34 43 28 13 1498 32313 5787  8% 8 106939 19152 49%
c i  7.34 43 28 13 1498 32318 5791  8% 8 106939 19039 48%
c }  7.34 43 28 13 1498 32326 5795  8% 8 106939 15668 40%
c 0  7.34 43 28 13 1498 32326 5795  8% 8 106939 15668 40%
c 
c --- [ result ] -------------------------------------------------------------
c 
s UNSATISFIABLE
c 
c --- [ run-time profiling ] -------------------------------------------------
c 
c process time taken by individual solving procedures
c (percentage relative to process time for solving)
c 
c         4.04   56.27% search
c         4.04   56.21% unstable
c         3.14   43.73% simplify
c         1.34   18.66% elim
c         0.70    9.75% vivify
c         0.52    7.19% subsume
c         0.24    3.34% ternary
c         0.12    1.73% probe
c         0.00    0.06% lucky
c   =================================
c         7.18   97.82% solve
c 
c last line shows process time for solving
c (percentage relative to total process time)
c 
c --- [ statistics ] ---------------------------------------------------------
c 
c backtracked:              160469       496.41 %  of conflicts
c chronological:             13377         8.34 %  of backtracks
c conflicts:                 32326      4502.23    per second
c decisions:                124069     17279.81    per second
c eliminated:                18122        45.97 %  of all variables
c fixed:                      5625        14.27 %  of all variables
c learned:                   30398        94.04 %  per conflict
c minimized:                298012        29.80 %  learned literals
c propagations:           12919608         1.80 M  per second
c reduced:                   13666        42.28 %  per conflict
c rephased:                      7      4618.00    interval
c restarts:                   1498        21.58    interval
c substituted:                   9         0.02 %  of all variables
c subsumed:                  44608         4.79 %  of all clauses
c strengthened:              12348         1.32 %  of all clauses
c ternary:                   32835         0.75 %  of resolved
c vivified:                  36895         3.96 %  of all clauses
c weakened:                  74186         4.31    average size
c 
c seconds are measured in process time for solving
c 
c --- [ resources ] ----------------------------------------------------------
c 
c total process time since initialization:         7.34    seconds
c total real time since initialization:            7.34    seconds
c maximum resident set size of process:           44.40    MB
c 
c --- [ shutting down ] ------------------------------------------------------
c 
c exit 20
