c --- [ banner ] -------------------------------------------------------------
c 
c CaDiCaL Radically Simplified CDCL SAT Solver
c Copyright (c) 2016-2019 Armin Biere, JKU Linz
c 
c Version 1.0.3 cb89cbfa16f47cb7bf1ec6ad9855e7b6d5203c18
c g++ (GCC) 6.3.0 -Wall -Wextra -O3 -DNDEBUG
c Fri Aug 23 08:17:16 CDT 2019 Linux login1 4.4.103-6.38-default x86_64
c 
c --- [ config ] -------------------------------------------------------------
c 
c using 'unsat' configuration (target unsatisfiable instances)
c 
c --- [ proof tracing ] ------------------------------------------------------
c 
c opening file to write '/tmp/7_80_0_three.drat'
c writing binary proof trace to '/tmp/7_80_0_three.drat'
c 
c --- [ parsing input ] ------------------------------------------------------
c 
c reading DIMACS file from '/tmp/7_80_0_three.cnf'
c opening file to read '/tmp/7_80_0_three.cnf'
c found 'p cnf 39424 200372' header
c parsed 200372 clauses in 0.08 seconds process time
c 
c --- [ options ] ------------------------------------------------------------
c 
c   --stabilize=false              (different from default 'true')
c   --walk=false                   (different from default 'true')
c 
c --- [ solving ] ------------------------------------------------------------
c 
c time measured in process time since initialization
c 
c  seconds  reductions  redundant  irredundant
c         MB    restarts       trail       variables
c          level   conflicts       glue         remaining
c 
c *  0.08 26  0 0   0    0    0  0% 0 183403 38257 97%
c {  0.08 27  0 0   0    0    0  0% 0 183403 38257 97%
c i  0.09 27 38 0   0  111   88  7% 4 183403 38249 97%
c -  0.12 28 36 1  40  305  263  6% 8 176995 38249 97%
c I  0.19 29 56 1  90 1008  896  9% 9 176995 38249 97%
c -  0.24 35 58 2  97 1055  806  9% 9 176995 38249 97%
c -  0.37 35 53 3 194 2178 1339  9% 9 176995 38249 97%
c B  0.44 35 55 3 244 3009 2089  9% 9 176995 38249 97%
c -  0.55 35 55 4 286 3676 1934 10% 9 176995 38249 97%
c s  0.76 32 55 4 365 4523 2687 11% 9 176995 38249 97%
c v  0.88 37 55 4 365 4523 2687 11% 9 173848 38249 97%
c w  0.94 37 55 4 365 4523 2687 11% 9 173848 38249 97%
c t  0.96 37 55 4 365 4523 2687 11% 9 160796 38249 97%
c e  1.76 39 55 4 365 4523   42 11% 9 142090 21893 56%
c s  1.84 43 55 4 365 4523   42 11% 9 142079 21893 56%
c 3  2.10 44 54 4 398 5000 8603  4% 9 142079 21893 56%
c p  2.16 44 54 4 398 5000 8914  4% 9 142079 21893 56%
c -  2.24 44 55 5 458 5549 1121  6% 10 142079 21893 56%
c F  2.27 44 53 5 467 6012 1541  6% 10 142079 21893 56%
c -  2.43 44 46 6 515 7626 2262  6% 9 142079 21893 56%
c 
c  seconds  reductions   redundant  irredundant
c         MB    restarts        trail       variables
c          level    conflicts       glue         remaining
c 
c B  2.58 44 42 6 574 10013 4382  6% 9 142079 21893 56%
c -  2.61 46 41 7 574 10048 3076  6% 9 142079 21893 56%
c -  2.83 46 39 8 671 12818 3872  6% 9 142079 21893 56%
c 3  3.07 46 39 8 798 15001 13567  6% 9 142079 21893 56%
c p  3.18 46 39 8 798 15001 14391  6% 9 142079 21892 56%
c d  3.20 46 39 8 798 15001 14369  6% 9 142073 21891 56%
c #  3.21 46 39 8 798 15014 14381  6% 9 142073 21891 56%
c s  3.33 47 38 8 824 15316 14598  6% 9 141670 21891 56%
c v  3.51 47 38 8 824 15316 14598  6% 9 130476 21891 56%
c w  3.57 47 38 8 824 15316 10321  6% 9 130476 21891 56%
c t  3.58 47 38 8 824 15316 10313  6% 9 130423 21891 56%
c e  3.80 47 38 8 824 15316 7429  6% 9 130771 21483 54%
c s  3.83 47 38 8 824 15316 7341  6% 9 129753 21483 54%
c e  3.89 47 38 8 824 15316 6030  6% 9 129977 21243 54%
c -  3.99 47 38 9 851 15929 3120  6% 9 129977 21243 54%
c -  4.27 47 36 10 1035 19272 4443  5% 9 129977 21243 54%
c B  4.47 47 35 10 1113 21016 6037  6% 9 129977 21243 54%
c i  4.54 47 35 10 1132 21678 6621  6% 9 129977 21240 54%
c i  4.54 47 35 10 1133 21679 6621  6% 9 129977 21237 54%
c i  4.60 47 34 10 1163 22205 7111  6% 9 129977 21227 54%
c 
c  seconds  reductions     redundant  irredundant
c         MB     restarts         trail       variables
c          level      conflicts       glue         remaining
c 
c i  4.61 47 34 10 1163 22310 7200  6% 9 129977 21211 54%
c -  4.70 34 34 11 1213 22949 4895  6% 9 127401 21211 54%
c i  4.89 34 34 11 1320 24932 6678  6% 9 127401 21175 54%
c i  4.89 34 34 11 1320 24933 6678  6% 9 127401 21173 54%
c -  5.09 38 34 12 1411 26931 5829  6% 9 125321 21173 54%
c O  5.22 38 33 12 1498 28019 6808  6% 9 125321 21173 54%
c d  5.49 38 32 12 1612 30005 8491  7% 9 125308 21167 54%
c 3  5.55 38 32 12 1612 30005 14482  7% 9 125308 21167 54%
c 2  5.58 38 32 12 1612 30005 14473  7% 9 125302 21167 54%
c p  5.62 38 32 12 1612 30005 16339  7% 9 125302 21157 54%
c d  5.64 38 32 12 1612 30005 16020  7% 9 124560 21156 54%
c d  5.66 38 32 12 1612 30005 15988  7% 9 124548 21152 54%
c s  5.86 40 32 12 1692 30996 14755  7% 9 123989 21152 54%
c v  6.08 40 32 12 1692 30996 14755  7% 9 109603 21152 54%
c w  6.18 40 32 12 1692 30996 13250  7% 9 109603 21151 54%
c t  6.19 40 32 12 1692 30996 13239  7% 9 107963 21151 54%
c e  6.31 40 32 12 1692 30996 9517  7% 9 106462 19617 50%
c s  6.36 40 32 12 1692 30996 9359  7% 9 106197 19617 50%
c e  6.41 40 32 12 1692 30996 9255  7% 9 106210 19578 50%
c -  6.51 42 32 13 1699 31215 6162  8% 9 106210 19578 50%
c 
c  seconds  reductions     redundant  irredundant
c         MB     restarts         trail       variables
c          level      conflicts       glue         remaining
c 
c -  6.92 42 30 14 1888 35525 6728  7% 9 106210 19578 50%
c B  7.01 42 30 14 1920 36022 7177  7% 9 106210 19578 50%
c -  7.70 42 29 15 2060 40142 7461 10% 9 106210 19578 50%
c i  7.86 42 28 15 2112 41572 8760  9% 9 106210 19577 50%
c i  7.96 42 28 15 2121 42072 9173 10% 8 106210 19554 50%
c I  8.28 42 28 15 2231 45024 11860  9% 8 106210 19554 50%
c -  8.32 42 28 16 2231 45070 7177  9% 8 104022 19554 50%
c i  8.83 42 27 16 2358 49127 10746  9% 8 104022 19552 50%
c i  8.85 42 27 16 2358 49226 10832  9% 8 104022 19544 50%
c d  8.98 42 26 16 2402 50005 11207  9% 8 103284 19543 50%
c 3  9.02 42 26 16 2402 50005 15834  9% 8 103284 19543 50%
c 2  9.05 42 26 16 2402 50005 15829  9% 8 103276 19542 50%
c p  9.09 42 26 16 2402 50005 17074  9% 8 103276 19537 50%
c -  9.17 42 26 17 2408 50257 8405  9% 8 102836 19537 50%
c s  9.27 42 26 17 2408 50514 8367  9% 8 102634 19537 50%
c v  9.56 42 26 17 2408 50514 8367  9% 8 84331 19537 50%
c w  9.66 42 26 17 2408 50514 8175  9% 8 84331 19518 50%
c t  9.67 42 26 17 2408 50514 8165  9% 8 83584 19518 50%
c e  9.76 42 26 17 2408 50514 5740  9% 8 81799 18029 46%
c s  9.80 42 26 17 2408 50514 5537  9% 8 81671 18029 46%
c 
c  seconds  reductions     redundant  irredundant
c         MB     restarts         trail      variables
c          level      conflicts       glue        remaining
c 
c e  9.83 42 26 17 2408 50514 5456  9% 8 81677 18009 46%
c i 10.10 42 25 17 2408 52690 7403  9% 8 81677 18004 46%
c B 10.34 42 24 17 2437 55025 9367  9% 8 81677 18004 46%
c - 10.44 33 24 18 2437 55722 7573  9% 8 81434 18004 46%
c i 10.50 33 24 18 2437 56295 8016  9% 8 81434 18001 46%
c i 10.52 33 24 18 2437 56404 8082  9% 8 81434 17998 46%
c i 10.52 33 24 18 2437 56408 8083  9% 8 81434 17989 46%
c i 10.52 33 24 18 2437 56422 8090  9% 8 81434 17979 46%
c i 10.52 33 24 18 2437 56464 8122  9% 8 81434 17976 46%
c i 10.52 33 24 18 2437 56482 8135  9% 8 81434 17949 46%
c i 10.52 33 24 18 2437 56483 8135  9% 8 81434 17939 46%
c } 10.53 33 24 18 2437 56496 8144  9% 8 81434 17249 44%
c 0 10.53 33 24 18 2437 56496 8144  9% 8 81434 17249 44%
c 
c --- [ result ] -------------------------------------------------------------
c 
s UNSATISFIABLE
c 
c --- [ run-time profiling ] -------------------------------------------------
c 
c process time taken by individual solving procedures
c (percentage relative to process time for solving)
c 
c         6.76   64.74% search
c         6.76   64.74% unstable
c         3.68   35.26% simplify
c         1.41   13.51% elim
c         1.07   10.22% vivify
c         0.48    4.63% subsume
c         0.29    2.76% ternary
c         0.15    1.45% probe
c   =================================
c        10.45   99.24% solve
c 
c last line shows process time for solving
c (percentage relative to total process time)
c 
c --- [ statistics ] ---------------------------------------------------------
c 
c backtracked:              268012       474.39 %  of conflicts
c chronological:             22380         8.35 %  of backtracks
c conflicts:                 56496      5407.35    per second
c decisions:                195651     18726.17    per second
c eliminated:                20086        50.95 %  of all variables
c fixed:                      2076         5.27 %  of all variables
c learned:                   53781        95.19 %  per conflict
c minimized:                563262        33.02 %  learned literals
c propagations:           25984435         2.49 M  per second
c reduced:                   25158        44.53 %  per conflict
c rephased:                     10      5649.60    interval
c restarts:                   2437        23.18    interval
c substituted:                  13         0.03 %  of all variables
c subsumed:                  63489         6.38 %  of all clauses
c strengthened:              17728         1.78 %  of all clauses
c ternary:                   36651         0.68 %  of resolved
c vivified:                  54591         5.48 %  of all clauses
c weakened:                  81163         4.41    average size
c 
c seconds are measured in process time for solving
c 
c --- [ resources ] ----------------------------------------------------------
c 
c total process time since initialization:        10.53    seconds
c total real time since initialization:           10.53    seconds
c maximum resident set size of process:           46.84    MB
c 
c --- [ shutting down ] ------------------------------------------------------
c 
c exit 20
