c --- [ banner ] -------------------------------------------------------------
c 
c CaDiCaL Radically Simplified CDCL SAT Solver
c Copyright (c) 2016-2019 Armin Biere, JKU Linz
c 
c Version 1.0.3 cb89cbfa16f47cb7bf1ec6ad9855e7b6d5203c18
c g++ (GCC) 6.3.0 -Wall -Wextra -O3 -DNDEBUG
c Fri Aug 23 08:17:16 CDT 2019 Linux login1 4.4.103-6.38-default x86_64
c 
c --- [ config ] -------------------------------------------------------------
c 
c using 'unsat' configuration (target unsatisfiable instances)
c 
c --- [ proof tracing ] ------------------------------------------------------
c 
c opening file to write '/tmp/10_1007_0_six.drat'
c writing binary proof trace to '/tmp/10_1007_0_six.drat'
c 
c --- [ parsing input ] ------------------------------------------------------
c 
c reading DIMACS file from '/tmp/10_1007_0_six.cnf'
c opening file to read '/tmp/10_1007_0_six.cnf'
c found 'p cnf 50176 399284' header
c parsed 399284 clauses in 0.23 seconds process time
c 
c --- [ options ] ------------------------------------------------------------
c 
c   --stabilize=false              (different from default 'true')
c   --walk=false                   (different from default 'true')
c 
c --- [ solving ] ------------------------------------------------------------
c 
c time measured in process time since initialization
c 
c  seconds  reductions  redundant  irredundant
c         MB    restarts       trail       variables
c          level   conflicts       glue         remaining
c 
c *  0.23 44  0 0   0    0    0  0% 0 365624 48421 97%
c {  0.23 45  0 0   0    0    0  0% 0 365624 48421 97%
c -  0.30 47 95 1  30  303  224  8% 12 353401 48421 97%
c I  0.38 49 102 1  55 1005  665 11% 12 353401 48421 97%
c -  0.52 61 102 2  61 1231  680 12% 12 353401 48421 97%
c -  0.73 61 81 3 134 2624 1330 12% 12 353401 48421 97%
c B  0.78 61 80 3 157 3006 1600 12% 11 353401 48421 97%
c -  1.02 61 79 4 199 4485 1915 13% 11 353401 48421 97%
c d  1.22 63 78 4 219 5002 2291 13% 11 348649 46045 92%
c 2  1.43 61 78 4 219 5002 2291 13% 11 342709 46045 92%
c p  1.58 64 78 4 219 5002 5039 13% 11 342709 46045 92%
c s  1.92 71 77 4 308 5834 5671 12% 11 342708 46045 92%
c v  2.41 71 77 4 308 5834 5671 12% 11 338251 46045 92%
c w  2.54 71 77 4 308 5834 5670 12% 11 338251 46045 92%
c t  2.58 71 77 4 308 5834 5666 12% 11 308884 46045 92%
c e  3.32 66 77 4 308 5834 2243 12% 11 291882 29681 59%
c F  3.66 75 76 4 311 6009 2348  8% 11 291882 29681 59%
c -  3.77 75 70 5 353 6809 1062  5% 11 291882 29681 59%
c -  4.16 75 58 6 410 9446 2542 10% 10 291882 29681 59%
c B  4.21 75 58 6 431 10010 2957  9% 10 291882 29681 59%
c 
c  seconds  reductions   redundant   irredundant
c         MB    restarts        trail        variables
c          level    conflicts       glue          remaining
c 
c -  4.51 75 57 7 578 12523 3397  8% 10 291882 29681 59%
c d  4.77 75 52 7 667 15002 5303  8% 10 291877 29678 59%
c 3  4.90 75 52 7 667 15002 25699  8% 10 291877 29678 59%
c p  5.06 75 52 7 667 15002 28560  8% 10 291877 29666 59%
c d  5.10 75 52 7 667 15002 28523  8% 10 290456 29665 59%
c d  5.13 75 52 7 667 15002 28505  8% 10 290450 29663 59%
c #  5.13 75 52 7 667 15011 28512  8% 10 290450 29663 59%
c -  5.42 75 52 8 720 16039 4886  8% 10 290450 29663 59%
c s  5.96 77 50 8 870 19026 7294  9% 10 290450 29663 59%
c v  6.32 77 50 8 870 19026 7294  9% 10 271871 29663 59%
c w  6.44 77 50 8 870 19026 7262  9% 10 271871 29663 59%
c t  6.45 77 50 8 870 19026 7249  9% 10 271803 29663 59%
c e  6.62 77 50 8 870 19026 6728  9% 10 271670 29548 59%
c s  6.65 77 50 8 870 19026 6541  9% 10 270956 29548 59%
c e  6.76 77 50 8 870 19026 6466  9% 10 270923 29533 59%
c -  7.00 77 50 9 905 19991 5228  9% 10 270923 29533 59%
c B  7.24 77 50 9 969 21013 6054  9% 10 270923 29533 59%
c -  7.60 77 48 10 1155 24290 5799  9% 10 270923 29533 59%
c O  8.12 77 46 10 1280 28015 8767  9% 10 270923 29533 59%
c -  8.28 77 46 11 1305 29018 6658  9% 10 270923 29533 59%
c 
c  seconds  reductions      redundant  irredundant
c         MB     restarts          trail       variables
c          level      conflicts        glue         remaining
c 
c 3  8.48 77 45 11 1321 30002 28084  8% 9 270923 29533 59%
c 2  8.56 77 45 11 1321 30002 28077  8% 9 270921 29533 59%
c p  8.65 77 45 11 1321 30002 36321  8% 9 270921 29521 59%
c -  9.34 77 43 12 1463 34176 8864  9% 9 269459 29521 59%
c B  9.63 77 42 12 1523 36018 10402  9% 9 269459 29521 59%
c s 10.22 77 42 12 1638 38211 11983  9% 9 268973 29521 59%
c v 10.58 77 42 12 1638 38211 11983  9% 9 249437 29521 59%
c w 10.75 77 42 12 1638 38211 11911  9% 9 249437 29521 59%
c t 10.76 77 42 12 1638 38211 11901  9% 9 249323 29521 59%
c e 10.90 77 42 12 1638 38211 10319  9% 9 249124 29361 59%
c s 10.99 77 42 12 1638 38211 10166  9% 9 249068 29361 59%
c e 11.06 77 42 12 1638 38211 10142  9% 9 249060 29350 58%
c - 11.52 77 42 13 1741 39754 8511  9% 9 249060 29350 58%
c I 12.55 77 41 13 2123 45020 12890  9% 9 249060 29350 58%
c - 12.75 77 41 14 2159 45618 9589  9% 9 249060 29350 58%
c 3 13.89 77 39 14 2465 50002 33219 10% 9 249060 29350 58%
c p 14.06 77 39 14 2465 50002 41375 10% 9 249060 29346 58%
c - 14.64 77 39 15 2560 51903 11650 10% 9 248726 29346 58%
c B 15.28 77 38 15 2701 55021 14261 10% 9 248726 29346 58%
c - 16.20 77 38 16 2910 58602 12073 10% 9 248726 29346 58%
c 
c  seconds  reductions      redundant  irredundant
c         MB     restarts          trail       variables
c          level      conflicts        glue         remaining
c 
c s 17.20 77 36 16 3071 62892 15512 10% 9 248642 29346 58%
c v 17.74 77 36 16 3071 62892 15512 10% 9 212789 29346 58%
c w 17.97 77 36 16 3071 62892 15437 10% 9 212789 29346 58%
c t 17.98 77 36 16 3071 62892 15430 10% 9 212780 29346 58%
c e 18.12 77 36 16 3071 62892 15178 10% 9 212726 29284 58%
c s 18.19 77 36 16 3071 62892 15012 10% 9 212702 29284 58%
c e 18.25 77 36 16 3071 62892 14398 10% 9 212698 29277 58%
c - 18.98 77 35 17 3156 65722 12410 11% 9 212698 29277 58%
c F 19.06 77 35 17 3180 66024 12681 11% 9 212698 29277 58%
c i 19.66 77 34 17 3194 68478 14703 11% 9 212698 29261 58%
c - 20.72 77 33 18 3361 72891 11010 11% 9 210902 29261 58%
c i 21.02 77 32 18 3386 74104 11971 11% 9 210902 29255 58%
c d 21.27 77 32 18 3419 75002 11320 11% 9 210342 29252 58%
c d 21.30 77 32 18 3419 75002 11312 11% 9 210340 29251 58%
c 3 21.37 77 32 18 3419 75002 31548 11% 9 210340 29251 58%
c 2 21.44 77 32 18 3419 75002 31543 11% 9 210332 29247 58%
c p 21.66 77 32 18 3419 75002 57521 11% 9 210332 29131 58%
c d 21.69 77 32 18 3419 75002 54915 11% 9 204497 29130 58%
c d 21.72 77 32 18 3419 75002 54914 11% 9 204493 29128 58%
c i 22.19 77 32 18 3517 77157 56762 11% 9 204493 29114 58%
c 
c  seconds  reductions      redundant  irredundant
c         MB     restarts          trail       variables
c          level      conflicts        glue         remaining
c 
c B 22.42 77 32 18 3540 78025 57507 11% 9 204493 29114 58%
c - 23.00 77 32 19 3631 80441 13822 11% 9 203692 29114 58%
c i 23.68 77 31 19 3750 84022 16776 11% 9 203692 29108 58%
c i 24.50 77 31 19 3778 87440 19698 11% 9 203692 29107 58%
c i 24.68 77 30 19 3778 88102 20234 11% 9 203692 29101 58%
c - 24.80 77 30 20 3778 88295 13375 11% 9 202346 29101 58%
c i 25.07 77 30 20 3778 89317 14189 11% 9 202346 29095 58%
c i 25.10 77 30 20 3778 89452 14296 11% 9 202346 28902 58%
c i 25.20 77 30 20 3778 89822 14600 11% 9 202346 28888 58%
c i 25.21 77 30 20 3778 89848 14621 11% 9 202346 28877 58%
c i 25.21 77 30 20 3778 89867 14635 11% 9 202346 28778 57%
c } 25.22 77 30 20 3778 89948 14698 11% 9 202346 28725 57%
c 0 25.22 77 30 20 3778 89948 14698 11% 9 202346 28725 57%
c 
c --- [ result ] -------------------------------------------------------------
c 
s UNSATISFIABLE
c 
c --- [ run-time profiling ] -------------------------------------------------
c 
c process time taken by individual solving procedures
c (percentage relative to process time for solving)
c 
c        18.45   73.82% search
c        18.44   73.80% unstable
c         6.54   26.18% simplify
c         2.23    8.93% vivify
c         1.41    5.63% elim
c         0.81    3.23% subsume
c         0.68    2.70% ternary
c         0.66    2.66% probe
c         0.00    0.02% lucky
c   =================================
c        24.99   99.10% solve
c 
c last line shows process time for solving
c (percentage relative to total process time)
c 
c --- [ statistics ] ---------------------------------------------------------
c 
c backtracked:              468049       520.36 %  of conflicts
c chronological:             33676         7.19 %  of backtracks
c conflicts:                 89948      3599.07    per second
c decisions:                328670     13151.01    per second
c eliminated:                16734        33.35 %  of all variables
c fixed:                      2328         4.64 %  of all variables
c learned:                   81720        90.85 %  per conflict
c minimized:               1486127        37.20 %  learned literals
c propagations:           73060770         2.92 M  per second
c reduced:                   45920        51.05 %  per conflict
c rephased:                     12      7495.67    interval
c restarts:                   3778        23.81    interval
c substituted:                2389         4.76 %  of all variables
c subsumed:                  95257         5.42 %  of all clauses
c strengthened:              13868         0.79 %  of all clauses
c ternary:                  114418         1.07 %  of resolved
c vivified:                  80906         4.60 %  of all clauses
c weakened:                 109847         4.27    average size
c 
c seconds are measured in process time for solving
c 
c --- [ resources ] ----------------------------------------------------------
c 
c total process time since initialization:        25.22    seconds
c total real time since initialization:           25.22    seconds
c maximum resident set size of process:           76.98    MB
c 
c --- [ shutting down ] ------------------------------------------------------
c 
c exit 20
