c --- [ banner ] -------------------------------------------------------------
c 
c CaDiCaL Radically Simplified CDCL SAT Solver
c Copyright (c) 2016-2019 Armin Biere, JKU Linz
c 
c Version 1.0.3 cb89cbfa16f47cb7bf1ec6ad9855e7b6d5203c18
c g++ (GCC) 6.3.0 -Wall -Wextra -O3 -DNDEBUG
c Fri Aug 23 08:17:16 CDT 2019 Linux login1 4.4.103-6.38-default x86_64
c 
c --- [ config ] -------------------------------------------------------------
c 
c using 'unsat' configuration (target unsatisfiable instances)
c 
c --- [ proof tracing ] ------------------------------------------------------
c 
c opening file to write '/tmp/10_1361_0_six.drat'
c writing binary proof trace to '/tmp/10_1361_0_six.drat'
c 
c --- [ parsing input ] ------------------------------------------------------
c 
c reading DIMACS file from '/tmp/10_1361_0_six.cnf'
c opening file to read '/tmp/10_1361_0_six.cnf'
c found 'p cnf 50176 399284' header
c parsed 399284 clauses in 0.30 seconds process time
c 
c --- [ options ] ------------------------------------------------------------
c 
c   --stabilize=false              (different from default 'true')
c   --walk=false                   (different from default 'true')
c 
c --- [ solving ] ------------------------------------------------------------
c 
c time measured in process time since initialization
c 
c  seconds  reductions  redundant  irredundant
c         MB    restarts       trail       variables
c          level   conflicts       glue         remaining
c 
c *  0.30 45  0 0   0    0    0  0% 0 365625 48308 96%
c {  0.31 45  0 0   0    0    0  0% 0 365625 48308 96%
c -  0.43 48 110 1  42  303  225  9% 14 350778 48308 96%
c I  0.52 48 95 1  64 1013  709 11% 12 350778 48308 96%
c -  0.70 61 82 2  64 1230  740 11% 10 350778 48308 96%
c -  0.86 61 55 3 143 2620 1368 11% 10 350778 48308 96%
c B  0.90 61 54 3 161 3020 1622 11% 10 350778 48308 96%
c i  0.94 61 52 3 179 3642 2051 11% 10 350778 48280 96%
c }  0.94 61 51 3 179 3652 2056 11% 10 350778 46472 93%
c 0  0.94 61 51 3 179 3652 2056 11% 10 350778 46472 93%
c 
c --- [ result ] -------------------------------------------------------------
c 
s UNSATISFIABLE
c 
c --- [ run-time profiling ] -------------------------------------------------
c 
c process time taken by individual solving procedures
c (percentage relative to process time for solving)
c 
c         0.63   99.37% search
c         0.63   98.74% unstable
c         0.00    0.63% lucky
c         0.00    0.00% simplify
c   =================================
c         0.64   67.95% solve
c 
c last line shows process time for solving
c (percentage relative to total process time)
c 
c --- [ statistics ] ---------------------------------------------------------
c 
c backtracked:                4265       116.79 %  of conflicts
c chronological:              1302        30.53 %  of backtracks
c conflicts:                  3652      5742.14    per second
c decisions:                 21554     33889.94    per second
c fixed:                      3704         7.38 %  of all variables
c learned:                    2942        80.56 %  per conflict
c minimized:                 36024        21.51 %  learned literals
c propagations:            1615881         2.54 M  per second
c reduced:                     494        13.53 %  per conflict
c rephased:                      2      1826.00    interval
c restarts:                    179        20.40    interval
c subsumed:                    390         0.05 %  of all clauses
c 
c seconds are measured in process time for solving
c 
c --- [ resources ] ----------------------------------------------------------
c 
c total process time since initialization:         0.94    seconds
c total real time since initialization:            0.94    seconds
c maximum resident set size of process:           69.96    MB
c 
c --- [ shutting down ] ------------------------------------------------------
c 
c exit 20
