c --- [ banner ] -------------------------------------------------------------
c 
c CaDiCaL Radically Simplified CDCL SAT Solver
c Copyright (c) 2016-2019 Armin Biere, JKU Linz
c 
c Version 1.0.3 cb89cbfa16f47cb7bf1ec6ad9855e7b6d5203c18
c g++ (GCC) 6.3.0 -Wall -Wextra -O3 -DNDEBUG
c Fri Aug 23 08:17:16 CDT 2019 Linux login1 4.4.103-6.38-default x86_64
c 
c --- [ config ] -------------------------------------------------------------
c 
c using 'unsat' configuration (target unsatisfiable instances)
c 
c --- [ proof tracing ] ------------------------------------------------------
c 
c opening file to write '/tmp/10_101_0_six.drat'
c writing binary proof trace to '/tmp/10_101_0_six.drat'
c 
c --- [ parsing input ] ------------------------------------------------------
c 
c reading DIMACS file from '/tmp/10_101_0_six.cnf'
c opening file to read '/tmp/10_101_0_six.cnf'
c found 'p cnf 50176 399284' header
c parsed 399284 clauses in 0.16 seconds process time
c 
c --- [ options ] ------------------------------------------------------------
c 
c   --stabilize=false              (different from default 'true')
c   --walk=false                   (different from default 'true')
c 
c --- [ solving ] ------------------------------------------------------------
c 
c time measured in process time since initialization
c 
c  seconds  reductions  redundant  irredundant
c         MB    restarts       trail       variables
c          level   conflicts       glue         remaining
c 
c *  0.16 44  0 0   0    0    0  0% 0 365634 48358 96%
c {  0.17 45  0 0   0    0    0  0% 0 365634 48358 96%
c -  0.28 47 101 1  30  315  157  9% 13 351656 48358 96%
c I  0.36 47 101 1  57 1004  602 11% 11 351656 48358 96%
c -  0.51 60 96 2  72 1242  676 11% 11 351656 48358 96%
c -  0.72 60 76 3 136 2633 1240 12% 11 351656 48358 96%
c B  0.76 60 71 3 148 3008 1511 12% 11 351656 48358 96%
c -  0.96 60 71 4 258 4488 1893 11% 11 351656 48358 96%
c d  1.16 62 69 4 273 5002 2271 11% 10 346928 45994 92%
c 2  1.34 61 69 4 273 5002 2271 11% 10 341018 45994 92%
c p  1.48 63 69 4 273 5002 5738 11% 10 341018 45994 92%
c s  1.81 70 77 4 424 5838 6402 11% 11 341018 45994 92%
c v  2.26 71 77 4 424 5838 6402 11% 11 336972 45994 92%
c w  2.38 71 77 4 424 5838 6400 11% 11 336972 45994 92%
c t  2.42 71 77 4 424 5838 6398 11% 11 306732 45994 92%
c e  3.20 66 77 4 424 5838 2715 11% 11 289060 29379 59%
c F  3.50 75 77 4 466 6009 2869  4% 11 289060 29379 59%
c -  3.63 75 75 5 528 6807 1251  8% 11 289060 29379 59%
c -  3.93 75 64 6 574 9438 2471  9% 10 289060 29379 59%
c B  4.00 75 63 6 622 10011 2898  8% 10 289060 29379 59%
c 
c  seconds  reductions   redundant   irredundant
c         MB    restarts        trail        variables
c          level    conflicts       glue          remaining
c 
c -  4.28 75 61 7 640 12506 3370  8% 10 289060 29379 59%
c i  4.30 75 60 7 657 12680 3484  7% 10 289060 29345 58%
c }  4.53 75 56 7 674 14380 4826  8% 10 289060 28645 57%
c 0  4.53 75 56 7 674 14380 4826  8% 10 289060 28645 57%
c 
c --- [ result ] -------------------------------------------------------------
c 
s UNSATISFIABLE
c 
c --- [ run-time profiling ] -------------------------------------------------
c 
c process time taken by individual solving procedures
c (percentage relative to process time for solving)
c 
c         2.30   52.56% search
c         2.29   52.47% unstable
c         2.07   47.44% simplify
c         0.77   17.58% elim
c         0.51   11.72% vivify
c         0.24    5.49% subsume
c         0.15    3.39% probe
c         0.14    3.30% ternary
c         0.00    0.09% lucky
c   =================================
c         4.37   96.38% solve
c 
c last line shows process time for solving
c (percentage relative to total process time)
c 
c --- [ statistics ] ---------------------------------------------------------
c 
c backtracked:               37314       259.49 %  of conflicts
c chronological:              5114        13.71 %  of backtracks
c conflicts:                 14380      3292.12    per second
c decisions:                 86359     19770.83    per second
c eliminated:                16615        33.11 %  of all variables
c fixed:                      2552         5.09 %  of all variables
c learned:                   12394        86.19 %  per conflict
c minimized:                181839        27.88 %  learned literals
c propagations:            7483106         1.71 M  per second
c reduced:                    3466        24.10 %  per conflict
c rephased:                      4      3595.00    interval
c restarts:                    674        21.34    interval
c substituted:                2364         4.71 %  of all variables
c subsumed:                  11953         0.93 %  of all clauses
c strengthened:               3959         0.31 %  of all clauses
c vivified:                   4234         0.33 %  of all clauses
c weakened:                 109148         4.02    average size
c 
c seconds are measured in process time for solving
c 
c --- [ resources ] ----------------------------------------------------------
c 
c total process time since initialization:         4.53    seconds
c total real time since initialization:            4.54    seconds
c maximum resident set size of process:           74.92    MB
c 
c --- [ shutting down ] ------------------------------------------------------
c 
c exit 20
