c --- [ banner ] -------------------------------------------------------------
c 
c CaDiCaL Radically Simplified CDCL SAT Solver
c Copyright (c) 2016-2019 Armin Biere, JKU Linz
c 
c Version 1.0.3 cb89cbfa16f47cb7bf1ec6ad9855e7b6d5203c18
c g++ (GCC) 6.3.0 -Wall -Wextra -O3 -DNDEBUG
c Fri Aug 23 08:17:16 CDT 2019 Linux login1 4.4.103-6.38-default x86_64
c 
c --- [ config ] -------------------------------------------------------------
c 
c using 'unsat' configuration (target unsatisfiable instances)
c 
c --- [ proof tracing ] ------------------------------------------------------
c 
c opening file to write '/tmp/10_451_0_six.drat'
c writing binary proof trace to '/tmp/10_451_0_six.drat'
c 
c --- [ parsing input ] ------------------------------------------------------
c 
c reading DIMACS file from '/tmp/10_451_0_six.cnf'
c opening file to read '/tmp/10_451_0_six.cnf'
c found 'p cnf 50176 399284' header
c parsed 399284 clauses in 0.24 seconds process time
c 
c --- [ options ] ------------------------------------------------------------
c 
c   --stabilize=false              (different from default 'true')
c   --walk=false                   (different from default 'true')
c 
c --- [ solving ] ------------------------------------------------------------
c 
c time measured in process time since initialization
c 
c  seconds  reductions  redundant  irredundant
c         MB    restarts       trail       variables
c          level   conflicts       glue         remaining
c 
c *  0.24 45  0 0   0    0    0  0% 0 365604 48223 96%
c {  0.25 45  0 0   0    0    0  0% 0 365604 48223 96%
c -  0.31 47 74 1  33  300  194  7% 11 349033 48223 96%
c I  0.38 48 77 1  89 1005  704 10% 12 349033 48223 96%
c -  0.50 59 73 2  92 1225  732 10% 12 349033 48223 96%
c -  0.70 60 87 3 181 2613 1153 10% 13 349033 48223 96%
c B  0.75 60 90 3 221 3007 1427 11% 13 349033 48223 96%
c -  1.04 60 99 4 298 4465 1819 12% 13 349033 48223 96%
c d  1.25 61 98 4 337 5007 2230 13% 13 344341 45877 91%
c 2  1.45 60 98 4 337 5007 2230 13% 13 338476 45877 91%
c p  1.64 63 98 4 337 5007 8420 13% 13 338476 45877 91%
c s  1.94 70 89 4 353 5849 9021 12% 13 338476 45877 91%
c v  2.40 70 89 4 353 5849 9021 12% 13 334473 45877 91%
c w  2.55 70 89 4 353 5849 9017 12% 13 334473 45877 91%
c t  2.59 70 89 4 353 5849 9016 12% 13 302953 45877 91%
c e  3.36 65 89 4 353 5849 4378 12% 13 284257 28902 58%
c s  3.49 70 89 4 353 5849 4375 12% 13 284257 28902 58%
c F  3.71 74 89 4 357 6008 4519 14% 13 284257 28902 58%
c -  3.80 74 80 5 357 6782 1202  9% 12 284257 28902 58%
c -  4.04 74 57 6 362 9401 2505  8% 10 284257 28902 58%
c 
c  seconds  reductions   redundant   irredundant
c         MB    restarts        trail        variables
c          level    conflicts       glue          remaining
c 
c B  4.13 74 52 6 362 10010 3001  8% 10 284257 28902 58%
c i  4.14 74 52 6 362 10149 3101  7% 10 284257 28896 58%
c i  4.14 74 51 6 362 10159 3109  7% 10 284257 28884 58%
c i  4.16 74 50 6 372 10498 3371  7% 10 284257 28883 58%
c i  4.16 74 50 6 372 10499 3371  7% 10 284257 28864 58%
c i  4.17 74 50 6 372 10671 3500  7% 10 284257 28751 57%
c i  4.17 74 50 6 372 10672 3500  7% 10 284257 28158 56%
c i  4.18 74 50 6 372 10675 3502  7% 10 284257 28100 56%
c i  4.18 74 50 6 372 10678 3504  7% 10 284257 28094 56%
c i  4.18 74 50 6 372 10679 3504  7% 10 284257 28065 56%
c }  4.18 74 50 6 372 10683 3506  7% 10 284257 28030 56%
c 0  4.18 74 50 6 372 10683 3506  7% 10 284257 28030 56%
c 
c --- [ result ] -------------------------------------------------------------
c 
s UNSATISFIABLE
c 
c --- [ run-time profiling ] -------------------------------------------------
c 
c process time taken by individual solving procedures
c (percentage relative to process time for solving)
c 
c         2.19   55.69% simplify
c         1.74   44.21% search
c         1.74   44.11% unstable
c         0.75   19.11% elim
c         0.54   13.82% vivify
c         0.28    7.22% subsume
c         0.18    4.67% probe
c         0.16    3.96% ternary
c         0.00    0.10% lucky
c   =================================
c         3.94   94.25% solve
c 
c last line shows process time for solving
c (percentage relative to total process time)
c 
c --- [ statistics ] ---------------------------------------------------------
c 
c backtracked:               33510       313.68 %  of conflicts
c chronological:              3818        11.39 %  of backtracks
c conflicts:                 10683      2714.18    per second
c decisions:                 59477     15111.03    per second
c eliminated:                16975        33.83 %  of all variables
c fixed:                      2825         5.63 %  of all variables
c learned:                    8805        82.42 %  per conflict
c minimized:                117794        25.31 %  learned literals
c propagations:            6047754         1.54 M  per second
c reduced:                    1907        17.85 %  per conflict
c rephased:                      4      2670.75    interval
c restarts:                    372        28.72    interval
c substituted:                2346         4.68 %  of all variables
c subsumed:                  11303         0.88 %  of all clauses
c strengthened:               3946         0.31 %  of all clauses
c vivified:                   4347         0.34 %  of all clauses
c weakened:                 109237         4.01    average size
c 
c seconds are measured in process time for solving
c 
c --- [ resources ] ----------------------------------------------------------
c 
c total process time since initialization:         4.18    seconds
c total real time since initialization:            4.18    seconds
c maximum resident set size of process:           74.16    MB
c 
c --- [ shutting down ] ------------------------------------------------------
c 
c exit 20
