c --- [ banner ] -------------------------------------------------------------
c 
c CaDiCaL Radically Simplified CDCL SAT Solver
c Copyright (c) 2016-2019 Armin Biere, JKU Linz
c 
c Version 1.0.3 cb89cbfa16f47cb7bf1ec6ad9855e7b6d5203c18
c g++ (GCC) 6.3.0 -Wall -Wextra -O3 -DNDEBUG
c Fri Aug 23 08:17:16 CDT 2019 Linux login1 4.4.103-6.38-default x86_64
c 
c --- [ config ] -------------------------------------------------------------
c 
c using 'unsat' configuration (target unsatisfiable instances)
c 
c --- [ proof tracing ] ------------------------------------------------------
c 
c opening file to write '/tmp/10_52_0_six.drat'
c writing binary proof trace to '/tmp/10_52_0_six.drat'
c 
c --- [ parsing input ] ------------------------------------------------------
c 
c reading DIMACS file from '/tmp/10_52_0_six.cnf'
c opening file to read '/tmp/10_52_0_six.cnf'
c found 'p cnf 50176 399284' header
c parsed 399284 clauses in 0.28 seconds process time
c 
c --- [ options ] ------------------------------------------------------------
c 
c   --stabilize=false              (different from default 'true')
c   --walk=false                   (different from default 'true')
c 
c --- [ solving ] ------------------------------------------------------------
c 
c time measured in process time since initialization
c 
c  seconds  reductions  redundant  irredundant
c         MB    restarts       trail       variables
c          level   conflicts       glue         remaining
c 
c *  0.28 45  0 0   0    0    0  0% 0 365604 48296 96%
c {  0.28 45  0 0   0    0    0  0% 0 365604 48296 96%
c -  0.38 47 99 1  33  301  205  9% 10 350780 48296 96%
c I  0.46 47 108 1  57 1002  661 11% 10 350780 48296 96%
c -  0.62 60 99 2  90 1228  725 11% 11 350780 48296 96%
c -  0.80 60 83 3 130 2623 1242 11% 10 350780 48296 96%
c B  0.84 60 80 3 173 3004 1508 11% 10 350780 48296 96%
c -  1.03 60 66 4 248 4477 1899 10% 10 350780 48296 96%
c d  1.23 62 65 4 305 5000 2252 10% 11 346064 45938 92%
c 2  1.43 61 65 4 305 5000 2252 10% 11 340169 45938 92%
c p  1.61 63 65 4 305 5000 7483 10% 11 340169 45938 92%
c s  1.92 70 65 4 378 5841 8110 10% 11 340169 45938 92%
c v  2.38 70 65 4 378 5841 8110 10% 11 336700 45938 92%
c w  2.50 70 65 4 378 5841 8106 10% 11 336700 45938 92%
c t  2.55 70 65 4 378 5841 8103 10% 11 306082 45938 92%
c e  3.37 65 65 4 378 5841 3815 10% 11 287960 29200 58%
c F  3.66 74 64 4 393 6009 3935  5% 11 287960 29200 58%
c -  3.78 74 61 5 450 6794 1230  6% 11 287960 29200 58%
c -  4.08 74 55 6 551 9420 2528  8% 10 287960 29200 58%
c B  4.16 74 53 6 607 10020 3034  7% 10 287960 29200 58%
c 
c  seconds  reductions   redundant   irredundant
c         MB    restarts        trail        variables
c          level    conflicts       glue          remaining
c 
c i  4.37 74 50 6 695 12165 4715  7% 10 287960 29194 58%
c i  4.37 74 50 6 695 12166 4715  7% 10 287960 29193 58%
c -  4.48 74 49 7 697 12488 3621  8% 10 287056 29193 58%
c d  4.85 74 46 7 817 15001 5571  8% 10 287052 29191 58%
c 3  4.97 75 46 7 817 15001 26137  8% 10 287052 29191 58%
c 2  5.06 75 46 7 817 15001 26136  8% 10 287052 29191 58%
c p  5.16 75 46 7 817 15001 30885  8% 10 287052 29135 58%
c #  5.20 75 46 7 817 15022 30903  8% 10 287052 29135 58%
c -  5.40 75 44 8 838 15987 5194  8% 9 281413 29135 58%
c i  5.53 75 42 8 844 17076 6007  8% 9 281413 29125 58%
c i  5.54 75 41 8 844 17223 6128  8% 9 281413 29105 58%
c s  5.82 75 39 8 923 19049 7525  8% 9 281413 29105 58%
c v  6.17 75 39 8 923 19049 7525  8% 9 267512 29105 58%
c w  6.28 75 39 8 923 19049 7402  8% 9 267512 28854 58%
c t  6.29 75 39 8 923 19049 7401  8% 9 264725 28854 58%
c e  6.54 76 39 8 923 19049 5539  8% 9 245168 26714 53%
c -  6.74 76 39 9 930 19901 3820  8% 9 245168 26714 53%
c B  6.84 76 38 9 994 21024 4714  8% 9 245168 26714 53%
c i  6.92 76 38 9 1009 21705 5278  8% 9 245168 26713 53%
c i  7.04 76 37 9 1067 22913 6199  8% 9 245168 26705 53%
c 
c  seconds  reductions     redundant  irredundant
c         MB     restarts         trail       variables
c          level      conflicts       glue         remaining
c 
c -  7.15 77 36 10 1093 24069 5122  8% 9 244395 26705 53%
c i  7.17 77 36 10 1093 24427 5365  7% 9 244395 26704 53%
c i  7.46 77 34 10 1197 26831 7251  8% 9 244395 26664 53%
c i  7.46 77 34 10 1197 26856 7271  8% 9 244395 26633 53%
c i  7.50 77 34 10 1202 27556 7728  8% 9 244395 26623 53%
c i  7.51 77 34 10 1202 27651 7793  7% 9 244395 26615 53%
c i  7.52 77 33 10 1202 27919 7993  7% 8 244395 26535 53%
c i  7.52 77 33 10 1202 27967 8026  7% 8 244395 26507 53%
c O  7.52 77 33 10 1202 28026 8068  7% 8 244395 26507 53%
c i  7.52 77 33 10 1202 28026 8068  7% 8 244395 26426 53%
c i  7.57 77 33 10 1208 28238 8242  8% 8 244395 26421 53%
c i  7.58 77 33 10 1208 28369 8346  8% 8 244395 26420 53%
c i  7.58 77 33 10 1208 28372 8348  8% 8 244395 26419 53%
c i  7.58 77 33 10 1208 28374 8349  8% 8 244395 26418 53%
c i  7.59 77 33 10 1208 28394 8356  8% 8 244395 26417 53%
c i  7.59 77 33 10 1208 28397 8357  8% 8 244395 26416 53%
c i  7.59 77 33 10 1208 28400 8359  8% 8 244395 26321 52%
c }  7.59 77 33 10 1208 28403 8360  8% 8 244395 25877 52%
c 0  7.59 77 33 10 1208 28403 8360  8% 8 244395 25877 52%
c 
c --- [ result ] -------------------------------------------------------------
c 
s UNSATISFIABLE
c 
c --- [ run-time profiling ] -------------------------------------------------
c 
c process time taken by individual solving procedures
c (percentage relative to process time for solving)
c 
c         4.00   54.70% search
c         4.00   54.65% unstable
c         3.31   45.30% simplify
c         1.06   14.44% elim
c         0.93   12.75% vivify
c         0.34    4.60% subsume
c         0.30    4.10% ternary
c         0.29    3.94% probe
c         0.00    0.05% lucky
c   =================================
c         7.31   96.36% solve
c 
c last line shows process time for solving
c (percentage relative to total process time)
c 
c --- [ statistics ] ---------------------------------------------------------
c 
c backtracked:               96802       340.82 %  of conflicts
c chronological:             10144        10.48 %  of backtracks
c conflicts:                 28403      3884.44    per second
c decisions:                122914     16809.90    per second
c eliminated:                18878        37.62 %  of all variables
c fixed:                      3061         6.10 %  of all variables
c learned:                   25287        89.03 %  per conflict
c minimized:                353314        29.99 %  learned literals
c propagations:           13399967         1.83 M  per second
c reduced:                    8007        28.19 %  per conflict
c rephased:                      7      4057.57    interval
c restarts:                   1208        23.51    interval
c substituted:                2360         4.70 %  of all variables
c subsumed:                  27831         1.99 %  of all clauses
c strengthened:               5177         0.37 %  of all clauses
c ternary:                   29950         1.00 %  of resolved
c vivified:                  17889         1.28 %  of all clauses
c weakened:                 119498         4.72    average size
c 
c seconds are measured in process time for solving
c 
c --- [ resources ] ----------------------------------------------------------
c 
c total process time since initialization:         7.59    seconds
c total real time since initialization:            7.59    seconds
c maximum resident set size of process:           76.89    MB
c 
c --- [ shutting down ] ------------------------------------------------------
c 
c exit 20
