c --- [ banner ] -------------------------------------------------------------
c 
c CaDiCaL Radically Simplified CDCL SAT Solver
c Copyright (c) 2016-2019 Armin Biere, JKU Linz
c 
c Version 1.0.3 cb89cbfa16f47cb7bf1ec6ad9855e7b6d5203c18
c g++ (GCC) 6.3.0 -Wall -Wextra -O3 -DNDEBUG
c Fri Aug 23 08:17:16 CDT 2019 Linux login1 4.4.103-6.38-default x86_64
c 
c --- [ config ] -------------------------------------------------------------
c 
c using 'unsat' configuration (target unsatisfiable instances)
c 
c --- [ proof tracing ] ------------------------------------------------------
c 
c opening file to write '/tmp/10_634_0_six.drat'
c writing binary proof trace to '/tmp/10_634_0_six.drat'
c 
c --- [ parsing input ] ------------------------------------------------------
c 
c reading DIMACS file from '/tmp/10_634_0_six.cnf'
c opening file to read '/tmp/10_634_0_six.cnf'
c found 'p cnf 50176 399284' header
c parsed 399284 clauses in 0.22 seconds process time
c 
c --- [ options ] ------------------------------------------------------------
c 
c   --stabilize=false              (different from default 'true')
c   --walk=false                   (different from default 'true')
c 
c --- [ solving ] ------------------------------------------------------------
c 
c time measured in process time since initialization
c 
c  seconds  reductions  redundant  irredundant
c         MB    restarts       trail       variables
c          level   conflicts       glue         remaining
c 
c *  0.22 45  0 0   0    0    0  0% 0 365615 48170 96%
c {  0.22 45  0 0   0    0    0  0% 0 365615 48170 96%
c -  0.28 47 71 1  19  309  208  8% 7 347288 48170 96%
c I  0.37 48 106 1  76 1008  707 12% 11 347288 48170 96%
c -  0.50 60 95 2  79 1244  796 12% 10 347288 48170 96%
c -  0.72 61 73 3 172 2633 1399 11% 10 347288 48170 96%
c B  0.75 61 68 3 184 3009 1694 11% 10 347288 48170 96%
c -  0.98 61 68 4 275 4486 2057 12% 10 347288 48170 96%
c d  1.18 62 64 4 300 5000 2471 12% 10 342620 45836 91%
c 2  1.38 61 64 4 300 5000 2471 12% 10 336785 45836 91%
c p  1.68 62 64 4 300 5000 9574 12% 10 336785 45824 91%
c s  1.97 71 63 4 308 5849 10260 13% 10 336785 45824 91%
c v  2.42 71 63 4 308 5849 10260 13% 10 332833 45824 91%
c w  2.54 71 63 4 308 5849 10255 13% 10 332833 45824 91%
c t  2.58 71 63 4 308 5849 10251 13% 10 300450 45824 91%
c e  3.35 66 63 4 308 5849 4456 13% 10 280802 28534 57%
c s  3.51 71 63 4 308 5849 4454 13% 10 280802 28534 57%
c F  3.67 75 62 4 324 6013 4547  3% 10 280802 28534 57%
c -  3.81 75 60 5 331 6799 1326 10% 10 280802 28534 57%
c i  3.91 75 55 5 349 7596 1953  9% 9 280802 28528 57%
c 
c  seconds  reductions  redundant  irredundant
c         MB    restarts       trail       variables
c          level   conflicts       glue         remaining
c 
c i  3.92 75 54 5 349 7723 2050  8% 9 280802 28522 57%
c }  3.92 75 54 5 349 7733 2053  8% 9 280802 28239 56%
c 0  3.92 75 54 5 349 7733 2053  8% 9 280802 28239 56%
c 
c --- [ result ] -------------------------------------------------------------
c 
s UNSATISFIABLE
c 
c --- [ run-time profiling ] -------------------------------------------------
c 
c process time taken by individual solving procedures
c (percentage relative to process time for solving)
c 
c         2.29   61.95% simplify
c         1.41   38.05% search
c         1.40   37.95% unstable
c         0.76   20.43% elim
c         0.50   13.62% vivify
c         0.31    8.32% subsume
c         0.30    8.11% probe
c         0.16    4.22% ternary
c         0.00    0.11% lucky
c   =================================
c         3.70   94.48% solve
c 
c last line shows process time for solving
c (percentage relative to total process time)
c 
c --- [ statistics ] ---------------------------------------------------------
c 
c backtracked:               37533       485.36 %  of conflicts
c chronological:              2930         7.81 %  of backtracks
c conflicts:                  7733      2090.00    per second
c decisions:                 41395     11187.84    per second
c eliminated:                17290        34.46 %  of all variables
c fixed:                      2313         4.61 %  of all variables
c learned:                    6721        86.91 %  per conflict
c minimized:                 94725        26.99 %  learned literals
c propagations:            5743192         1.55 M  per second
c reduced:                    1421        18.38 %  per conflict
c rephased:                      3      2577.67    interval
c restarts:                    349        22.16    interval
c substituted:                2334         4.65 %  of all variables
c subsumed:                  11060         0.87 %  of all clauses
c strengthened:               4461         0.35 %  of all clauses
c vivified:                   4082         0.32 %  of all clauses
c weakened:                 109210         4.04    average size
c 
c seconds are measured in process time for solving
c 
c --- [ resources ] ----------------------------------------------------------
c 
c total process time since initialization:         3.92    seconds
c total real time since initialization:            3.92    seconds
c maximum resident set size of process:           74.83    MB
c 
c --- [ shutting down ] ------------------------------------------------------
c 
c exit 20
