c --- [ banner ] -------------------------------------------------------------
c 
c CaDiCaL Radically Simplified CDCL SAT Solver
c Copyright (c) 2016-2019 Armin Biere, JKU Linz
c 
c Version 1.0.3 cb89cbfa16f47cb7bf1ec6ad9855e7b6d5203c18
c g++ (GCC) 6.3.0 -Wall -Wextra -O3 -DNDEBUG
c Fri Aug 23 08:17:16 CDT 2019 Linux login1 4.4.103-6.38-default x86_64
c 
c --- [ config ] -------------------------------------------------------------
c 
c using 'unsat' configuration (target unsatisfiable instances)
c 
c --- [ proof tracing ] ------------------------------------------------------
c 
c opening file to write '/tmp/10_71_0_six.drat'
c writing binary proof trace to '/tmp/10_71_0_six.drat'
c 
c --- [ parsing input ] ------------------------------------------------------
c 
c reading DIMACS file from '/tmp/10_71_0_six.cnf'
c opening file to read '/tmp/10_71_0_six.cnf'
c found 'p cnf 50176 399284' header
c parsed 399284 clauses in 0.17 seconds process time
c 
c --- [ options ] ------------------------------------------------------------
c 
c   --stabilize=false              (different from default 'true')
c   --walk=false                   (different from default 'true')
c 
c --- [ solving ] ------------------------------------------------------------
c 
c time measured in process time since initialization
c 
c  seconds  reductions  redundant  irredundant
c         MB    restarts       trail       variables
c          level   conflicts       glue         remaining
c 
c *  0.18 45  0 0   0    0    0  0% 0 365596 48027 96%
c {  0.18 45  0 0   0    0    0  0% 0 365596 48027 96%
c -  0.25 47 83 1  29  310  190  9% 13 344667 48027 96%
c I  0.33 47 110 1  43 1002  674 15% 11 344667 48027 96%
c -  0.46 59 89 2  43 1233  722 14% 10 344667 48027 96%
c -  0.68 60 65 3  98 2617 1165 12% 10 344667 48027 96%
c i  0.70 60 61 3 112 2969 1368 12% 10 344667 48023 96%
c i  0.70 60 60 3 112 2970 1368 12% 10 344667 48017 96%
c }  0.70 60 60 3 112 2973 1369 12% 10 344667 47997 96%
c 0  0.70 60 60 3 112 2973 1369 12% 10 344667 47997 96%
c 
c --- [ result ] -------------------------------------------------------------
c 
s UNSATISFIABLE
c 
c --- [ run-time profiling ] -------------------------------------------------
c 
c process time taken by individual solving procedures
c (percentage relative to process time for solving)
c 
c         0.53   99.25% search
c         0.52   98.50% unstable
c         0.00    0.75% lucky
c         0.00    0.00% simplify
c   =================================
c         0.53   75.57% solve
c 
c last line shows process time for solving
c (percentage relative to total process time)
c 
c --- [ statistics ] ---------------------------------------------------------
c 
c backtracked:                3405       114.53 %  of conflicts
c chronological:              1037        30.46 %  of backtracks
c conflicts:                  2973      5588.35    per second
c decisions:                 15477     29092.11    per second
c fixed:                      2179         4.34 %  of all variables
c learned:                    2178        73.26 %  per conflict
c minimized:                 25171        21.29 %  learned literals
c propagations:            1206401         2.27 M  per second
c reduced:                     533        17.93 %  per conflict
c rephased:                      1      2973.00    interval
c restarts:                    112        26.54    interval
c subsumed:                    273         0.04 %  of all clauses
c 
c seconds are measured in process time for solving
c 
c --- [ resources ] ----------------------------------------------------------
c 
c total process time since initialization:         0.70    seconds
c total real time since initialization:            0.71    seconds
c maximum resident set size of process:           68.56    MB
c 
c --- [ shutting down ] ------------------------------------------------------
c 
c exit 20
