c --- [ banner ] -------------------------------------------------------------
c 
c CaDiCaL Radically Simplified CDCL SAT Solver
c Copyright (c) 2016-2019 Armin Biere, JKU Linz
c 
c Version 1.0.3 cb89cbfa16f47cb7bf1ec6ad9855e7b6d5203c18
c g++ (GCC) 6.3.0 -Wall -Wextra -O3 -DNDEBUG
c Fri Aug 23 08:17:16 CDT 2019 Linux login1 4.4.103-6.38-default x86_64
c 
c --- [ config ] -------------------------------------------------------------
c 
c using 'unsat' configuration (target unsatisfiable instances)
c 
c --- [ proof tracing ] ------------------------------------------------------
c 
c opening file to write '/tmp/10_856_0_six.drat'
c writing binary proof trace to '/tmp/10_856_0_six.drat'
c 
c --- [ parsing input ] ------------------------------------------------------
c 
c reading DIMACS file from '/tmp/10_856_0_six.cnf'
c opening file to read '/tmp/10_856_0_six.cnf'
c found 'p cnf 50176 399284' header
c parsed 399284 clauses in 0.30 seconds process time
c 
c --- [ options ] ------------------------------------------------------------
c 
c   --stabilize=false              (different from default 'true')
c   --walk=false                   (different from default 'true')
c 
c --- [ solving ] ------------------------------------------------------------
c 
c time measured in process time since initialization
c 
c  seconds  reductions  redundant  irredundant
c         MB    restarts       trail       variables
c          level   conflicts       glue         remaining
c 
c *  0.30 45  0 0   0    0    0  0% 0 365606 48123 96%
c {  0.30 45  0 0   0    0    0  0% 0 365606 48123 96%
c -  0.38 47 59 1  18  300  174  8% 13 346415 48123 96%
c i  0.45 48 52 1  39  967  580  9% 11 346415 47682 95%
c i  0.45 48 51 1  39  983  588  9% 11 346415 47450 95%
c i  0.45 48 51 1  39  984  588  9% 11 346415 47444 95%
c }  0.45 48 51 1  39  988  588  9% 11 346415 47195 94%
c 0  0.45 48 51 1  39  988  588  9% 11 346415 47195 94%
c 
c --- [ result ] -------------------------------------------------------------
c 
s UNSATISFIABLE
c 
c --- [ run-time profiling ] -------------------------------------------------
c 
c process time taken by individual solving procedures
c (percentage relative to process time for solving)
c 
c         0.16  100.00% search
c         0.15   94.87% unstable
c         0.01    5.13% lucky
c         0.00    0.00% simplify
c   =================================
c         0.16   34.51% solve
c 
c last line shows process time for solving
c (percentage relative to total process time)
c 
c --- [ statistics ] ---------------------------------------------------------
c 
c backtracked:                1132       114.57 %  of conflicts
c chronological:               314        27.74 %  of backtracks
c conflicts:                   988      6333.33    per second
c decisions:                  5176     33179.49    per second
c fixed:                      2981         5.94 %  of all variables
c learned:                     716        72.47 %  per conflict
c minimized:                 11236        31.21 %  learned literals
c propagations:             349989         2.24 M  per second
c restarts:                     39        25.33    interval
c subsumed:                    124         0.02 %  of all clauses
c 
c seconds are measured in process time for solving
c 
c --- [ resources ] ----------------------------------------------------------
c 
c total process time since initialization:         0.45    seconds
c total real time since initialization:            0.45    seconds
c maximum resident set size of process:           49.38    MB
c 
c --- [ shutting down ] ------------------------------------------------------
c 
c exit 20
