c --- [ banner ] -------------------------------------------------------------
c 
c CaDiCaL Radically Simplified CDCL SAT Solver
c Copyright (c) 2016-2019 Armin Biere, JKU Linz
c 
c Version 1.0.3 cb89cbfa16f47cb7bf1ec6ad9855e7b6d5203c18
c g++ (GCC) 6.3.0 -Wall -Wextra -O3 -DNDEBUG
c Fri Aug 23 08:17:16 CDT 2019 Linux login1 4.4.103-6.38-default x86_64
c 
c --- [ config ] -------------------------------------------------------------
c 
c using 'unsat' configuration (target unsatisfiable instances)
c 
c --- [ proof tracing ] ------------------------------------------------------
c 
c opening file to write '/tmp/5_1076_0_four.drat'
c writing binary proof trace to '/tmp/5_1076_0_four.drat'
c 
c --- [ parsing input ] ------------------------------------------------------
c 
c reading DIMACS file from '/tmp/5_1076_0_four.cnf'
c opening file to read '/tmp/5_1076_0_four.cnf'
c found 'p cnf 259840 1039929' header
c parsed 1039929 clauses in 0.47 seconds process time
c 
c --- [ options ] ------------------------------------------------------------
c 
c   --stabilize=false              (different from default 'true')
c   --walk=false                   (different from default 'true')
c 
c --- [ solving ] ------------------------------------------------------------
c 
c time measured in process time since initialization
c 
c  seconds   reductions  redundant   irredundant
c          MB    restarts       trail        variables
c           level   conflicts       glue           remaining
c 
c *  0.49 139  0 0   0    0    0  0% 0 1039424 253221 97%
c {  0.50 142  0 0   0    0    0  0% 0 1039424 253221 97%
c -  0.71 147 322 1  10  301  181  5% 5 913912 253221 97%
c I  1.12 147 82 1  99 1002  791  7% 8 913912 253221 97%
c -  1.86 177 67 2 175 1477 1184  8% 8 913912 253221 97%
c i  2.58 178 48 2 238 2681 2172  9% 8 913912 251066 97%
c }  2.58 178 48 2 238 2684 2172  9% 8 913912 249739 96%
c 0  2.58 178 48 2 238 2684 2172  9% 8 913912 249739 96%
c 
c --- [ result ] -------------------------------------------------------------
c 
s UNSATISFIABLE
c 
c --- [ run-time profiling ] -------------------------------------------------
c 
c process time taken by individual solving procedures
c (percentage relative to process time for solving)
c 
c         2.10   99.05% search
c         2.08   98.30% unstable
c         0.02    0.76% lucky
c         0.00    0.00% simplify
c   =================================
c         2.12   81.89% solve
c 
c last line shows process time for solving
c (percentage relative to total process time)
c 
c --- [ statistics ] ---------------------------------------------------------
c 
c backtracked:                3311       123.36 %  of conflicts
c chronological:              1107        33.43 %  of backtracks
c conflicts:                  2684      1268.43    per second
c decisions:                 15383      7269.85    per second
c fixed:                     10101         3.89 %  of all variables
c learned:                    2397        89.31 %  per conflict
c minimized:                 15624        19.41 %  learned literals
c propagations:            6791645         3.21 M  per second
c reduced:                      29         1.08 %  per conflict
c rephased:                      1      2684.00    interval
c restarts:                    238        11.28    interval
c subsumed:                    193         0.01 %  of all clauses
c 
c seconds are measured in process time for solving
c 
c --- [ resources ] ----------------------------------------------------------
c 
c total process time since initialization:         2.58    seconds
c total real time since initialization:            2.59    seconds
c maximum resident set size of process:          177.59    MB
c 
c --- [ shutting down ] ------------------------------------------------------
c 
c exit 20
