c --- [ banner ] -------------------------------------------------------------
c 
c CaDiCaL Radically Simplified CDCL SAT Solver
c Copyright (c) 2016-2019 Armin Biere, JKU Linz
c 
c Version 1.0.3 cb89cbfa16f47cb7bf1ec6ad9855e7b6d5203c18
c g++ (GCC) 6.3.0 -Wall -Wextra -O3 -DNDEBUG
c Fri Aug 23 08:17:16 CDT 2019 Linux login1 4.4.103-6.38-default x86_64
c 
c --- [ config ] -------------------------------------------------------------
c 
c using 'unsat' configuration (target unsatisfiable instances)
c 
c --- [ proof tracing ] ------------------------------------------------------
c 
c opening file to write '/tmp/5_538_0_four.drat'
c writing binary proof trace to '/tmp/5_538_0_four.drat'
c 
c --- [ parsing input ] ------------------------------------------------------
c 
c reading DIMACS file from '/tmp/5_538_0_four.cnf'
c opening file to read '/tmp/5_538_0_four.cnf'
c found 'p cnf 259840 1039929' header
c parsed 1039929 clauses in 0.45 seconds process time
c 
c --- [ options ] ------------------------------------------------------------
c 
c   --stabilize=false              (different from default 'true')
c   --walk=false                   (different from default 'true')
c 
c --- [ solving ] ------------------------------------------------------------
c 
c time measured in process time since initialization
c 
c  seconds   reductions  redundant   irredundant
c          MB    restarts       trail        variables
c           level   conflicts       glue           remaining
c 
c *  0.47 139  0 0   0    0    0  0% 0 1039424 252673 97%
c {  0.49 142  0 0   0    0    0  0% 0 1039424 252673 97%
c -  0.75 148 295 1  14  301  193  6% 5 907537 252673 97%
c I  1.44 148 92 1  99 1002  840  9% 8 907537 252673 97%
c -  2.03 179 69 2 138 1477 1226  9% 8 907537 252673 97%
c i  2.56 179 47 2 198 2518 2126  9% 9 907537 252565 97%
c i  2.56 179 46 2 198 2567 2154  8% 8 907537 252451 97%
c i  2.56 179 46 2 198 2568 2154  8% 8 907537 252421 97%
c i  2.67 179 47 2 200 2733 2286  9% 8 907537 248650 96%
c i  2.68 179 47 2 200 2744 2291  9% 8 907537 247113 95%
c }  2.68 179 47 2 200 2748 2291  9% 8 907537 245704 95%
c 0  2.68 179 47 2 200 2748 2291  9% 8 907537 245704 95%
c 
c --- [ result ] -------------------------------------------------------------
c 
s UNSATISFIABLE
c 
c --- [ run-time profiling ] -------------------------------------------------
c 
c process time taken by individual solving procedures
c (percentage relative to process time for solving)
c 
c         2.21   99.10% search
c         2.19   98.20% unstable
c         0.02    0.90% lucky
c         0.00    0.00% simplify
c   =================================
c         2.23   83.13% solve
c 
c last line shows process time for solving
c (percentage relative to total process time)
c 
c --- [ statistics ] ---------------------------------------------------------
c 
c backtracked:                3401       123.76 %  of conflicts
c chronological:              1218        35.81 %  of backtracks
c conflicts:                  2748      1233.39    per second
c decisions:                 15326      6878.82    per second
c fixed:                     14136         5.44 %  of all variables
c learned:                    2516        91.56 %  per conflict
c minimized:                 20700        23.73 %  learned literals
c propagations:            7708010         3.46 M  per second
c reduced:                      28         1.02 %  per conflict
c rephased:                      1      2748.00    interval
c restarts:                    200        13.74    interval
c subsumed:                    190         0.01 %  of all clauses
c 
c seconds are measured in process time for solving
c 
c --- [ resources ] ----------------------------------------------------------
c 
c total process time since initialization:         2.68    seconds
c total real time since initialization:            2.68    seconds
c maximum resident set size of process:          178.86    MB
c 
c --- [ shutting down ] ------------------------------------------------------
c 
c exit 20
