c --- [ banner ] -------------------------------------------------------------
c 
c CaDiCaL Radically Simplified CDCL SAT Solver
c Copyright (c) 2016-2019 Armin Biere, JKU Linz
c 
c Version 1.0.3 cb89cbfa16f47cb7bf1ec6ad9855e7b6d5203c18
c g++ (GCC) 6.3.0 -Wall -Wextra -O3 -DNDEBUG
c Fri Aug 23 08:17:16 CDT 2019 Linux login1 4.4.103-6.38-default x86_64
c 
c --- [ config ] -------------------------------------------------------------
c 
c using 'unsat' configuration (target unsatisfiable instances)
c 
c --- [ proof tracing ] ------------------------------------------------------
c 
c opening file to write '/tmp/78_310_0_four.drat'
c writing binary proof trace to '/tmp/78_310_0_four.drat'
c 
c --- [ parsing input ] ------------------------------------------------------
c 
c reading DIMACS file from '/tmp/78_310_0_four.cnf'
c opening file to read '/tmp/78_310_0_four.cnf'
c found 'p cnf 43008 265790' header
c parsed 265790 clauses in 0.10 seconds process time
c 
c --- [ options ] ------------------------------------------------------------
c 
c   --stabilize=false              (different from default 'true')
c   --walk=false                   (different from default 'true')
c 
c --- [ solving ] ------------------------------------------------------------
c 
c time measured in process time since initialization
c 
c  seconds  reductions  redundant  irredundant
c         MB    restarts       trail       variables
c          level   conflicts       glue         remaining
c 
c *  0.10 31  0 0   0    0    0  0% 0 240806 41471 96%
c {  0.10 31  0 0   0    0    0  0% 0 240806 41471 96%
c i  0.11 32 45 0   0   42   36  7% 3 240806 41443 96%
c i  0.11 32 42 0   0   60   46  7% 4 240806 41442 96%
c -  0.16 33 40 1  38  300  238  8% 6 231926 41442 96%
c i  0.17 33 40 1  79  541  434  7% 7 231926 41375 96%
c I  0.20 33 47 1 120 1002  797  9% 8 231926 41375 96%
c -  0.28 41 49 2 129 1119  794  9% 8 230209 41375 96%
c -  0.40 42 41 3 211 2345 1437  9% 8 230209 41375 96%
c B  0.45 42 40 3 250 3005 1984 10% 8 230209 41375 96%
c -  0.56 42 38 4 284 3985 2051 10% 8 230209 41375 96%
c i  0.56 42 37 4 284 4039 2083 10% 8 230209 41258 96%
c i  0.56 42 37 4 284 4040 2083 10% 8 230209 41217 96%
c }  0.56 42 37 4 284 4062 2095 10% 8 230209 40811 95%
c 0  0.56 42 37 4 284 4062 2095 10% 8 230209 40811 95%
c 
c --- [ result ] -------------------------------------------------------------
c 
s UNSATISFIABLE
c 
c --- [ run-time profiling ] -------------------------------------------------
c 
c process time taken by individual solving procedures
c (percentage relative to process time for solving)
c 
c         0.46   99.13% search
c         0.46   99.13% unstable
c         0.00    0.00% simplify
c   =================================
c         0.46   82.14% solve
c 
c last line shows process time for solving
c (percentage relative to total process time)
c 
c --- [ statistics ] ---------------------------------------------------------
c 
c backtracked:                4974       122.45 %  of conflicts
c chronological:              1754        35.26 %  of backtracks
c conflicts:                  4062      8830.43    per second
c decisions:                 21456     46643.48    per second
c fixed:                      2197         5.11 %  of all variables
c learned:                    3547        87.32 %  per conflict
c minimized:                 31842        25.63 %  learned literals
c propagations:            1738710         3.78 M  per second
c reduced:                    1185        29.17 %  per conflict
c rephased:                      2      2031.00    interval
c restarts:                    284        14.30    interval
c subsumed:                    252         0.05 %  of all clauses
c 
c seconds are measured in process time for solving
c 
c --- [ resources ] ----------------------------------------------------------
c 
c total process time since initialization:         0.56    seconds
c total real time since initialization:            0.56    seconds
c maximum resident set size of process:           47.97    MB
c 
c --- [ shutting down ] ------------------------------------------------------
c 
c exit 20
