c --- [ banner ] -------------------------------------------------------------
c 
c CaDiCaL Radically Simplified CDCL SAT Solver
c Copyright (c) 2016-2019 Armin Biere, JKU Linz
c 
c Version 1.0.3 cb89cbfa16f47cb7bf1ec6ad9855e7b6d5203c18
c g++ (GCC) 6.3.0 -Wall -Wextra -O3 -DNDEBUG
c Fri Aug 23 08:17:16 CDT 2019 Linux login1 4.4.103-6.38-default x86_64
c 
c --- [ config ] -------------------------------------------------------------
c 
c using 'unsat' configuration (target unsatisfiable instances)
c 
c --- [ proof tracing ] ------------------------------------------------------
c 
c opening file to write '/tmp/78_965_0_four.drat'
c writing binary proof trace to '/tmp/78_965_0_four.drat'
c 
c --- [ parsing input ] ------------------------------------------------------
c 
c reading DIMACS file from '/tmp/78_965_0_four.cnf'
c opening file to read '/tmp/78_965_0_four.cnf'
c found 'p cnf 43008 265790' header
c parsed 265790 clauses in 0.10 seconds process time
c 
c --- [ options ] ------------------------------------------------------------
c 
c   --stabilize=false              (different from default 'true')
c   --walk=false                   (different from default 'true')
c 
c --- [ solving ] ------------------------------------------------------------
c 
c time measured in process time since initialization
c 
c  seconds  reductions  redundant  irredundant
c         MB    restarts       trail       variables
c          level   conflicts       glue         remaining
c 
c *  0.10 31  0 0   0    0    0  0% 0 240806 41413 96%
c {  0.10 32  0 0   0    0    0  0% 0 240806 41413 96%
c -  0.16 33 42 1  27  300  244  8% 8 231359 41413 96%
c I  0.22 33 48 1 106 1003  813  9% 9 231359 41413 96%
c -  0.30 42 47 2 120 1118  776  9% 10 231359 41413 96%
c i  0.36 42 49 2 133 1687 1246 10% 10 231359 41384 96%
c -  0.47 42 45 3 150 2347 1347 11% 9 230776 41384 96%
c B  0.54 42 41 3 157 3005 1902 11% 8 230776 41384 96%
c -  0.66 42 36 4 176 3984 2018 10% 8 230776 41384 96%
c i  0.71 42 31 4 179 4541 2493 10% 8 230776 41094 96%
c i  0.73 42 31 4 191 4735 2664 10% 8 230776 40576 94%
c i  0.73 42 31 4 191 4736 2664 10% 8 230776 40466 94%
c i  0.73 42 31 4 197 4781 2695 10% 8 230776 40396 94%
c }  0.73 42 31 4 197 4784 2696 10% 8 230776 39864 93%
c 0  0.73 42 31 4 197 4784 2696 10% 8 230776 39864 93%
c 
c --- [ result ] -------------------------------------------------------------
c 
s UNSATISFIABLE
c 
c --- [ run-time profiling ] -------------------------------------------------
c 
c process time taken by individual solving procedures
c (percentage relative to process time for solving)
c 
c         0.63  100.00% search
c         0.63  100.00% unstable
c         0.00    0.00% simplify
c   =================================
c         0.63   85.79% solve
c 
c last line shows process time for solving
c (percentage relative to total process time)
c 
c --- [ statistics ] ---------------------------------------------------------
c 
c backtracked:                5788       120.99 %  of conflicts
c chronological:              2023        34.95 %  of backtracks
c conflicts:                  4784      7617.83    per second
c decisions:                 19642     31277.07    per second
c fixed:                      3144         7.31 %  of all variables
c learned:                    4262        89.09 %  per conflict
c minimized:                 47830        27.66 %  learned literals
c propagations:            2150308         3.42 M  per second
c reduced:                    1279        26.73 %  per conflict
c rephased:                      2      2392.00    interval
c restarts:                    197        24.28    interval
c subsumed:                    280         0.06 %  of all clauses
c 
c seconds are measured in process time for solving
c 
c --- [ resources ] ----------------------------------------------------------
c 
c total process time since initialization:         0.73    seconds
c total real time since initialization:            0.73    seconds
c maximum resident set size of process:           47.94    MB
c 
c --- [ shutting down ] ------------------------------------------------------
c 
c exit 20
