c --- [ banner ] -------------------------------------------------------------
c 
c CaDiCaL Radically Simplified CDCL SAT Solver
c Copyright (c) 2016-2019 Armin Biere, JKU Linz
c 
c Version 1.0.3 cb89cbfa16f47cb7bf1ec6ad9855e7b6d5203c18
c g++ (GCC) 6.3.0 -Wall -Wextra -O3 -DNDEBUG
c Fri Aug 23 08:17:16 CDT 2019 Linux login1 4.4.103-6.38-default x86_64
c 
c --- [ config ] -------------------------------------------------------------
c 
c using 'unsat' configuration (target unsatisfiable instances)
c 
c --- [ proof tracing ] ------------------------------------------------------
c 
c opening file to write '/tmp/78_977_0_four.drat'
c writing binary proof trace to '/tmp/78_977_0_four.drat'
c 
c --- [ parsing input ] ------------------------------------------------------
c 
c reading DIMACS file from '/tmp/78_977_0_four.cnf'
c opening file to read '/tmp/78_977_0_four.cnf'
c found 'p cnf 43008 265790' header
c parsed 265790 clauses in 0.10 seconds process time
c 
c --- [ options ] ------------------------------------------------------------
c 
c   --stabilize=false              (different from default 'true')
c   --walk=false                   (different from default 'true')
c 
c --- [ solving ] ------------------------------------------------------------
c 
c time measured in process time since initialization
c 
c  seconds  reductions  redundant  irredundant
c         MB    restarts       trail       variables
c          level   conflicts       glue         remaining
c 
c *  0.10 31  0 0   0    0    0  0% 0 240809 41443 96%
c {  0.10 31  0 0   0    0    0  0% 0 240809 41443 96%
c -  0.15 33 33 1  33  301  250  7% 7 231937 41443 96%
c I  0.21 34 45 1  81 1005  763  9% 8 231937 41443 96%
c -  0.29 42 48 2  93 1123  749  9% 8 231937 41443 96%
c i  0.31 42 48 2 112 1284  880  9% 9 231937 41442 96%
c i  0.33 42 46 2 137 1539 1089  9% 9 231937 41441 96%
c }  0.33 42 45 2 137 1627 1123  9% 9 231937 41427 96%
c 0  0.33 42 45 2 137 1627 1123  9% 9 231937 41427 96%
c 
c --- [ result ] -------------------------------------------------------------
c 
s UNSATISFIABLE
c 
c --- [ run-time profiling ] -------------------------------------------------
c 
c process time taken by individual solving procedures
c (percentage relative to process time for solving)
c 
c         0.22   98.25% search
c         0.22   98.25% unstable
c         0.00    0.00% simplify
c   =================================
c         0.23   69.51% solve
c 
c last line shows process time for solving
c (percentage relative to total process time)
c 
c --- [ statistics ] ---------------------------------------------------------
c 
c backtracked:                2024       124.40 %  of conflicts
c chronological:               672        33.20 %  of backtracks
c conflicts:                  1627      7135.96    per second
c decisions:                 10973     48127.19    per second
c fixed:                      1581         3.68 %  of all variables
c learned:                    1347        82.79 %  per conflict
c minimized:                  9666        21.09 %  learned literals
c propagations:             630041         2.76 M  per second
c reduced:                     107         6.58 %  per conflict
c rephased:                      1      1627.00    interval
c restarts:                    137        11.88    interval
c subsumed:                    114         0.02 %  of all clauses
c 
c seconds are measured in process time for solving
c 
c --- [ resources ] ----------------------------------------------------------
c 
c total process time since initialization:         0.33    seconds
c total real time since initialization:            0.33    seconds
c maximum resident set size of process:           41.96    MB
c 
c --- [ shutting down ] ------------------------------------------------------
c 
c exit 20
