c --- [ banner ] -------------------------------------------------------------
c 
c CaDiCaL Radically Simplified CDCL SAT Solver
c Copyright (c) 2016-2019 Armin Biere, JKU Linz
c 
c Version 1.0.3 cb89cbfa16f47cb7bf1ec6ad9855e7b6d5203c18
c g++ (GCC) 6.3.0 -Wall -Wextra -O3 -DNDEBUG
c Fri Aug 23 08:17:16 CDT 2019 Linux login1 4.4.103-6.38-default x86_64
c 
c --- [ config ] -------------------------------------------------------------
c 
c using 'unsat' configuration (target unsatisfiable instances)
c 
c --- [ proof tracing ] ------------------------------------------------------
c 
c opening file to write '/tmp/12_787_0_three.drat'
c writing binary proof trace to '/tmp/12_787_0_three.drat'
c 
c --- [ parsing input ] ------------------------------------------------------
c 
c reading DIMACS file from '/tmp/12_787_0_three.cnf'
c opening file to read '/tmp/12_787_0_three.cnf'
c found 'p cnf 202048 780980' header
c parsed 780980 clauses in 0.54 seconds process time
c 
c --- [ options ] ------------------------------------------------------------
c 
c   --stabilize=false              (different from default 'true')
c   --walk=false                   (different from default 'true')
c 
c --- [ solving ] ------------------------------------------------------------
c 
c time measured in process time since initialization
c 
c  seconds  reductions  redundant  irredundant
c         MB    restarts       trail       variables
c          level   conflicts       glue          remaining
c 
c *  0.57 97  0 0   0    0    0  0% 0 780480 197608 98%
c {  0.60 99  0 0   0    0    0  0% 0 780480 197608 98%
c -  0.73 101 210 1   0  300  157  7% 3 694423 197608 98%
c i  1.08 106 154 1  35  435  285  8% 6 694423 197383 98%
c I  1.80 106 81 1 160 1003  828  9% 8 694423 197383 98%
c -  2.80 127 76 2 266 1404 1216  9% 9 690750 197383 98%
c B  4.10 127 52 2 352 3005 2669 10% 9 690750 197383 98%
c -  4.38 132 52 3 359 3060 2004 10% 9 690750 197383 98%
c i  4.70 132 53 3 370 3235 2167 11% 9 690750 197331 98%
c s  6.08 118 53 3 426 3964 2826 12% 9 690750 197331 98%
c w  7.64 137 53 3 426 3964 2825 12% 9 690746 197331 98%
c t  7.71 137 53 3 426 3964 2825 12% 9 690191 197331 98%
c e  9.66 147 53 3 426 3964   29 12% 9 170131 25969 13%
c s  9.84 152 53 3 426 3964   29 12% 9 169961 25969 13%
c e 10.09 152 53 3 426 3964   27 12% 9 169909 25895 13%
c 3 10.45 152 49 3 489 5002 2934  8% 9 169909 25895 13%
c 3 10.46 152 49 3 489 5002 3210  8% 9 169909 25895 13%
c d 10.51 152 49 3 489 5002 3140  8% 9 169909 25886 13%
c 2 10.53 152 49 3 489 5002 3121  8% 9 169909 25886 13%
c p 10.58 152 49 3 489 5002 3744  8% 9 169909 25886 13%
c 
c  seconds   reductions  redundant  irredundant
c          MB    restarts       trail       variables
c           level   conflicts       glue         remaining
c 
c - 10.67 152 49 4 521 5268 1319  8% 9 169909 25886 13%
c F 10.78 152 50 4 609 6006 2013  8% 9 169909 25886 13%
c - 10.96 152 47 5 724 7114 2243  8% 9 169909 25886 13%
c - 11.27 152 42 6 817 9328 2882  8% 9 169909 25886 13%
c B 11.36 152 42 6 882 10007 3501  8% 9 169909 25886 13%
c - 11.70 152 40 7 1002 11911 3589  8% 9 169909 25886 13%
c s 12.19 152 40 7 1205 14823 6179  8% 9 169827 25886 13%
c v 12.42 153 40 7 1205 14823 6179  8% 9 159915 25886 13%
c w 12.55 153 40 7 1205 14823 6172  8% 9 159915 25886 13%
c t 12.56 153 40 7 1205 14823 6170  8% 9 150900 25886 13%
c e 12.72 153 40 7 1205 14823 4178  8% 9 145966 21570 11%
c s 12.79 153 40 7 1205 14823 4121  8% 9 145487 21570 11%
c e 12.86 153 40 7 1205 14823 4108  8% 9 145451 21558 11%
c - 13.00 153 39 8 1210 14865 3084  3% 9 145451 21558 11%
c 3 13.08 153 39 8 1222 15002 5766  7% 9 145451 21558 11%
c 3 13.10 153 39 8 1222 15002 6282  7% 9 145451 21558 11%
c d 13.14 153 39 8 1222 15002 5551  7% 9 145451 21439 11%
c 2 13.16 153 39 8 1222 15002 5403  7% 9 145446 21439 11%
c p 13.19 153 39 8 1222 15002 5587  7% 9 145446 21439 11%
c # 13.21 153 39 8 1222 15008 5593  7% 9 145446 21439 11%
c 
c  seconds   reductions    redundant  irredundant
c          MB    restarts         trail       variables
c           level     conflicts       glue         remaining
c 
c - 13.63 153 38 9 1434 18005 4515  6% 9 145446 21439 11%
c B 14.04 153 36 9 1586 21010 7265  7% 9 145446 21439 11%
c - 14.20 153 36 10 1634 21496 5318  7% 9 145446 21439 11%
c - 14.81 153 35 11 1914 25332 6050  7% 9 145446 21439 11%
c O 15.26 153 35 11 2037 28012 8519  7% 9 145446 21439 11%
c - 15.60 153 34 12 2165 29517 6918  7% 9 145446 21439 11%
c d 15.74 153 34 12 2238 30002 7369  7% 9 145444 21438 11%
c 3 15.78 153 34 12 2238 30002 9795  7% 9 145444 21438 11%
c 3 15.80 153 34 12 2238 30002 10318  7% 9 145444 21438 11%
c d 15.85 153 34 12 2238 30002 9413  7% 9 145444 21291 11%
c 2 15.87 153 34 12 2238 30002 9324  7% 9 145444 21290 11%
c p 15.90 153 34 12 2238 30002 9457  7% 9 145444 21290 11%
c s 16.31 153 34 12 2378 31349 9755  8% 9 144308 21290 11%
c v 16.66 153 34 12 2378 31349 9755  8% 9 126463 21290 11%
c w 16.87 153 34 12 2378 31349 9370  8% 9 126463 21290 11%
c t 16.88 153 34 12 2378 31349 9367  8% 9 126394 21290 11%
c e 16.98 153 34 12 2378 31349 9162  8% 9 126216 21266 11%
c s 17.03 153 34 12 2378 31349 9016  8% 9 126210 21266 11%
c - 17.66 153 32 13 2522 34052 8112  8% 9 126210 21266 11%
c B 18.08 153 32 13 2633 36013 9915  8% 9 126210 21266 11%
c 
c  seconds   reductions     redundant  irredundant
c          MB     restarts         trail       variables
c           level      conflicts       glue         remaining
c 
c - 18.73 153 32 14 2829 38676 8239  8% 9 126210 21266 11%
c - 19.94 153 31 15 3168 43633 9022  9% 9 126210 21266 11%
c I 20.26 153 31 15 3234 45015 10305  9% 9 126210 21266 11%
c - 21.34 153 30 16 3560 48918 9921  9% 9 126210 21266 11%
c 3 21.68 153 30 16 3608 50004 13649  9% 9 126210 21266 11%
c 3 21.70 153 30 16 3608 50004 14778  9% 9 126210 21266 11%
c d 21.74 153 30 16 3608 50004 13851  9% 9 126210 21125 10%
c 2 21.75 153 30 16 3608 50004 13786  9% 9 126209 21125 10%
c p 21.78 153 30 16 3608 50004 14331  9% 9 126209 21125 10%
c s 22.33 153 29 16 3743 51904 14962  9% 9 125636 21125 10%
c v 22.80 153 29 16 3743 51904 14962  9% 9 98396 21125 10%
c w 23.08 153 29 16 3743 51904 14470  9% 9 98396 21125 10%
c t 23.09 153 29 16 3743 51904 14464  9% 9 98330 21125 10%
c e 23.25 153 29 16 3743 51904 11205  9% 9 97615 20229 10%
c s 23.31 153 29 16 3743 51904 11083  9% 9 97402 20229 10%
c e 23.37 153 29 16 3743 51904 10882  9% 9 97409 20205 10%
c - 23.91 153 29 17 3870 54533 9399  9% 9 97409 20205 10%
c B 24.00 153 29 17 3880 55019 9860  9% 9 97409 20205 10%
c - 24.94 153 28 18 4109 59935 10192  9% 9 97409 20205 10%
c - 26.26 153 27 19 4622 65635 11435  9% 9 97409 20205 10%
c 
c  seconds   reductions      redundant  irredundant
c          MB     restarts          trail      variables
c           level      conflicts        glue        remaining
c 
c F 26.34 153 27 19 4627 66020 11754  9% 9 97409 20205 10%
c - 27.66 153 26 20 4885 71635 12450  9% 9 97409 20205 10%
c s 28.39 153 26 20 5100 74598 15135  9% 9 97346 20205 10%
c v 28.83 153 26 20 5100 74598 15135  9% 9 92797 20205 10%
c w 29.16 153 26 20 5100 74598 15115  9% 9 92797 20205 10%
c t 29.16 153 26 20 5100 74598 15113  9% 9 92794 20205 10%
c e 29.28 153 26 20 5100 74598 13205  9% 9 91899 19426 10%
c s 29.33 154 26 20 5100 74598 13123  9% 9 91832 19426 10%
c e 29.38 154 26 20 5100 74598 12229  9% 9 91777 19402 10%
c d 29.56 154 26 20 5121 75007 12594 10% 9 91775 19401 10%
c 3 29.60 154 26 20 5121 75007 16509 10% 9 91775 19401 10%
c 3 29.62 154 26 20 5121 75007 17348 10% 9 91775 19401 10%
c d 29.65 154 26 20 5121 75007 16479 10% 9 91775 19286 10%
c 2 29.66 154 26 20 5121 75007 16458 10% 9 91775 19286 10%
c p 29.71 154 26 20 5121 75007 16869 10% 9 91775 19283 10%
c - 30.39 154 26 21 5372 77936 12285  9% 9 91503 19283 10%
c B 30.42 154 26 21 5382 78021 12354  9% 9 91503 19283 10%
c - 31.65 154 25 22 5720 84536 13824 10% 9 91503 19283 10%
c # 33.04 154 24 22 6185 91023 19719 10% 9 91503 19283 10%
c - 33.21 154 24 23 6220 91437 15139 10% 9 91503 19283 10%
c 
c  seconds   reductions      redundant  irredundant
c          MB     restarts          trail      variables
c           level      conflicts        glue        remaining
c 
c - 34.80 154 23 24 6539 98637 15985 10% 9 91503 19283 10%
c s 35.44 154 23 24 6646 101504 18193 10% 9 90998 19283 10%
c v 35.90 154 23 24 6646 101504 18193 10% 9 90110 19283 10%
c w 36.30 154 23 24 6646 101504 18160 10% 9 90110 19283 10%
c t 36.31 154 23 24 6646 101504 18159 10% 9 90043 19283 10%
c e 36.39 154 23 24 6646 101504 16770 10% 9 89752 18869  9%
c s 36.44 154 23 24 6646 101504 16635 10% 9 89676 18869  9%
c e 36.48 154 23 24 6646 101504 16635 10% 9 89681 18864  9%
c i 36.93 154 23 24 6675 103338 18010 10% 9 89681 18851  9%
c 3 37.34 154 23 24 6716 105007 22893 10% 9 89681 18851  9%
c 3 37.36 154 23 24 6716 105007 23816 10% 9 89681 18851  9%
c d 37.40 154 23 24 6716 105007 19218 10% 9 88691 18770  9%
c d 37.42 154 23 24 6716 105007 19199 10% 9 88628 18740  9%
c 2 37.42 154 23 24 6716 105007 19168 10% 9 88625 18739  9%
c p 37.45 154 23 24 6716 105007 19885 10% 9 88625 18738  9%
c d 37.46 154 23 24 6716 105007 19750 10% 9 88460 18737  9%
c d 37.48 154 23 24 6716 105007 19731 10% 9 88443 18730  9%
c B 37.49 154 23 24 6716 105028 19741 10% 9 88443 18730  9%
c f 37.73 154 22 25 6760 106137 9902 10% 9 88443 18730  9%
c i 39.13 154 22 25 7096 112867 15819 10% 9 88443 18727  9%
c 
c  seconds   reductions       redundant  irredundant
c          MB     restarts           trail      variables
c           level      conflicts         glue        remaining
c 
c - 39.43 154 22 26 7198 113937 12073 10% 9 88245 18727  9%
c O 40.87 154 21 26 7492 120029 17486 10% 9 88245 18727  9%
c i 41.17 154 21 26 7492 121367 18480 11% 9 88245 18714  9%
c - 41.36 154 21 27 7517 122037 12890 11% 9 87350 18714  9%
c i 41.65 154 21 27 7546 123365 13960 11% 9 87350 18711  9%
c i 41.66 154 21 27 7546 123412 13997 11% 9 87350 18703  9%
c i 41.74 154 21 27 7546 123731 14247 11% 9 87350 18681  9%
c i 41.90 154 20 27 7553 124688 14973 11% 9 87350 18557  9%
c i 41.90 154 20 27 7553 124692 14976 11% 9 87350 18435  9%
c } 41.90 154 20 27 7553 124696 14978 11% 9 87350 18191  9%
c 0 41.90 154 20 27 7553 124696 14978 11% 9 87350 18191  9%
c 
c --- [ result ] -------------------------------------------------------------
c 
s UNSATISFIABLE
c 
c --- [ run-time profiling ] -------------------------------------------------
c 
c process time taken by individual solving procedures
c (percentage relative to process time for solving)
c 
c        31.16   75.36% search
c        31.14   75.30% unstable
c        10.16   24.58% simplify
c         4.65   11.24% vivify
c         2.96    7.16% elim
c         1.32    3.19% subsume
c         0.42    1.01% ternary
c         0.22    0.54% probe
c         0.02    0.06% lucky
c   =================================
c        41.36   98.70% solve
c 
c last line shows process time for solving
c (percentage relative to total process time)
c 
c --- [ statistics ] ---------------------------------------------------------
c 
c backtracked:              635886       509.95 %  of conflicts
c chronological:             45827         7.21 %  of backtracks
c conflicts:                124696      3015.19    per second
c decisions:                414560     10024.18    per second
c eliminated:               177928        88.06 %  of all variables
c fixed:                      5277         2.61 %  of all variables
c flushed:                    7009         5.62 %  per conflict
c learned:                  119947        96.19 %  per conflict
c minimized:               1539112        37.11 %  learned literals
c propagations:           92488122         2.24 M  per second
c reduced:                   69415        55.67 %  per conflict
c rephased:                     15      8313.07    interval
c restarts:                   7553        16.51    interval
c substituted:                 652         0.32 %  of all variables
c subsumed:                  79649         3.00 %  of all clauses
c strengthened:              31610         1.19 %  of all clauses
c ternary:                   26622         0.41 %  of resolved
c vivified:                  70860         2.67 %  of all clauses
c weakened:                 639014         2.90    average size
c 
c seconds are measured in process time for solving
c 
c --- [ resources ] ----------------------------------------------------------
c 
c total process time since initialization:        41.90    seconds
c total real time since initialization:           41.90    seconds
c maximum resident set size of process:          157.56    MB
c 
c --- [ shutting down ] ------------------------------------------------------
c 
c exit 20
