c --- [ banner ] -------------------------------------------------------------
c 
c CaDiCaL Radically Simplified CDCL SAT Solver
c Copyright (c) 2016-2019 Armin Biere, JKU Linz
c 
c Version 1.0.3 cb89cbfa16f47cb7bf1ec6ad9855e7b6d5203c18
c g++ (GCC) 6.3.0 -Wall -Wextra -O3 -DNDEBUG
c Fri Aug 23 08:17:16 CDT 2019 Linux login1 4.4.103-6.38-default x86_64
c 
c --- [ config ] -------------------------------------------------------------
c 
c using 'unsat' configuration (target unsatisfiable instances)
c 
c --- [ proof tracing ] ------------------------------------------------------
c 
c opening file to write '/tmp/12_710_0_three.drat'
c writing binary proof trace to '/tmp/12_710_0_three.drat'
c 
c --- [ parsing input ] ------------------------------------------------------
c 
c reading DIMACS file from '/tmp/12_710_0_three.cnf'
c opening file to read '/tmp/12_710_0_three.cnf'
c found 'p cnf 202048 780980' header
c parsed 780980 clauses in 0.43 seconds process time
c 
c --- [ options ] ------------------------------------------------------------
c 
c   --stabilize=false              (different from default 'true')
c   --walk=false                   (different from default 'true')
c 
c --- [ solving ] ------------------------------------------------------------
c 
c time measured in process time since initialization
c 
c  seconds  reductions  redundant  irredundant
c         MB    restarts       trail       variables
c          level   conflicts       glue          remaining
c 
c *  0.45 97  0 0   0    0    0  0% 0 780480 197047 98%
c {  0.46 99  0 0   0    0    0  0% 0 780480 197047 98%
c -  0.80 107 118 1  36  301  220  7% 7 686542 197047 98%
c i  0.83 112 103 1  38  342  255  6% 7 686542 196492 97%
c i  0.83 112 93 1  38  379  279  6% 7 686542 196372 97%
c i  1.06 112 67 1  94  636  524  7% 8 686542 196034 97%
c I  1.22 112 58 1 116 1003  855  8% 8 686542 196034 97%
c -  1.65 131 48 2 127 1404 1097  8% 8 672347 196034 97%
c i  1.72 131 45 2 129 1574 1218  8% 8 672347 195491 97%
c }  1.72 131 45 2 129 1587 1219  8% 8 672347 195372 97%
c 0  1.72 131 45 2 129 1587 1219  8% 8 672347 195372 97%
c 
c --- [ result ] -------------------------------------------------------------
c 
s UNSATISFIABLE
c 
c --- [ run-time profiling ] -------------------------------------------------
c 
c process time taken by individual solving procedures
c (percentage relative to process time for solving)
c 
c         1.27   98.75% search
c         1.25   97.51% unstable
c         0.02    1.25% lucky
c         0.00    0.00% simplify
c   =================================
c         1.28   74.83% solve
c 
c last line shows process time for solving
c (percentage relative to total process time)
c 
c --- [ statistics ] ---------------------------------------------------------
c 
c backtracked:                1968       124.01 %  of conflicts
c chronological:               713        36.23 %  of backtracks
c conflicts:                  1587      1235.98    per second
c decisions:                 10639      8285.83    per second
c fixed:                      6676         3.30 %  of all variables
c learned:                    1496        94.27 %  per conflict
c minimized:                  7262        21.43 %  learned literals
c propagations:            3337790         2.60 M  per second
c reduced:                      93         5.86 %  per conflict
c rephased:                      1      1587.00    interval
c restarts:                    129        12.30    interval
c subsumed:                    160         0.01 %  of all clauses
c 
c seconds are measured in process time for solving
c 
c --- [ resources ] ----------------------------------------------------------
c 
c total process time since initialization:         1.72    seconds
c total real time since initialization:            1.72    seconds
c maximum resident set size of process:          131.22    MB
c 
c --- [ shutting down ] ------------------------------------------------------
c 
c exit 20
