c --- [ banner ] -------------------------------------------------------------
c 
c CaDiCaL Radically Simplified CDCL SAT Solver
c Copyright (c) 2016-2019 Armin Biere, JKU Linz
c 
c Version 1.0.3 cb89cbfa16f47cb7bf1ec6ad9855e7b6d5203c18
c g++ (GCC) 6.3.0 -Wall -Wextra -O3 -DNDEBUG
c Fri Aug 23 08:17:16 CDT 2019 Linux login1 4.4.103-6.38-default x86_64
c 
c --- [ config ] -------------------------------------------------------------
c 
c using 'unsat' configuration (target unsatisfiable instances)
c 
c --- [ proof tracing ] ------------------------------------------------------
c 
c opening file to write '/tmp/11_1297_0_four.drat'
c writing binary proof trace to '/tmp/11_1297_0_four.drat'
c 
c --- [ parsing input ] ------------------------------------------------------
c 
c reading DIMACS file from '/tmp/11_1297_0_four.cnf'
c opening file to read '/tmp/11_1297_0_four.cnf'
c found 'p cnf 259840 1039934' header
c parsed 1039934 clauses in 0.61 seconds process time
c 
c --- [ options ] ------------------------------------------------------------
c 
c   --stabilize=false              (different from default 'true')
c   --walk=false                   (different from default 'true')
c 
c --- [ solving ] ------------------------------------------------------------
c 
c time measured in process time since initialization
c 
c  seconds   reductions  redundant   irredundant
c          MB    restarts       trail        variables
c           level   conflicts       glue           remaining
c 
c *  0.63 139  0 0   0    0    0  0% 0 1039424 253467 98%
c {  0.65 142  0 0   0    0    0  0% 0 1039424 253467 98%
c -  0.88 148 245 1  16  302  201  7% 5 916067 253467 98%
c I  1.33 148 67 1 108 1002  805  8% 7 916067 253467 98%
c i  1.61 148 55 1 124 1302 1060  8% 7 916067 253210 97%
c i  1.68 148 51 1 124 1409 1138  8% 6 916067 253182 97%
c i  1.69 148 50 1 124 1427 1154  8% 6 916067 253004 97%
c -  2.04 178 49 2 124 1483  959  8% 6 909207 253004 97%
c i  2.07 178 48 2 124 1502  969  8% 6 909207 249830 96%
c i  2.07 178 48 2 124 1503  969  8% 6 909207 249620 96%
c i  2.08 178 47 2 124 1516  981  8% 6 909207 241272 93%
c i  2.08 178 47 2 124 1518  982  8% 6 909207 241099 93%
c }  2.08 178 47 2 124 1524  984  8% 6 909207 241025 93%
c 0  2.08 178 47 2 124 1524  984  8% 6 909207 241025 93%
c 
c --- [ result ] -------------------------------------------------------------
c 
s UNSATISFIABLE
c 
c --- [ run-time profiling ] -------------------------------------------------
c 
c process time taken by individual solving procedures
c (percentage relative to process time for solving)
c 
c         1.45   98.64% search
c         1.43   97.28% unstable
c         0.02    1.36% lucky
c         0.00    0.00% simplify
c   =================================
c         1.47   70.63% solve
c 
c last line shows process time for solving
c (percentage relative to total process time)
c 
c --- [ statistics ] ---------------------------------------------------------
c 
c backtracked:                1896       124.41 %  of conflicts
c chronological:               687        36.23 %  of backtracks
c conflicts:                  1524      1035.33    per second
c decisions:                  7295      4955.84    per second
c fixed:                     18815         7.24 %  of all variables
c learned:                    1394        91.47 %  per conflict
c minimized:                  9044        25.12 %  learned literals
c propagations:            3738378         2.54 M  per second
c reduced:                      38         2.49 %  per conflict
c rephased:                      1      1524.00    interval
c restarts:                    124        12.29    interval
c subsumed:                    178         0.01 %  of all clauses
c 
c seconds are measured in process time for solving
c 
c --- [ resources ] ----------------------------------------------------------
c 
c total process time since initialization:         2.08    seconds
c total real time since initialization:            2.08    seconds
c maximum resident set size of process:          178.27    MB
c 
c --- [ shutting down ] ------------------------------------------------------
c 
c exit 20
