c --- [ banner ] -------------------------------------------------------------
c 
c CaDiCaL Radically Simplified CDCL SAT Solver
c Copyright (c) 2016-2019 Armin Biere, JKU Linz
c 
c Version 1.0.3 cb89cbfa16f47cb7bf1ec6ad9855e7b6d5203c18
c g++ (GCC) 6.3.0 -Wall -Wextra -O3 -DNDEBUG
c Fri Aug 23 08:17:16 CDT 2019 Linux login1 4.4.103-6.38-default x86_64
c 
c --- [ config ] -------------------------------------------------------------
c 
c using 'unsat' configuration (target unsatisfiable instances)
c 
c --- [ proof tracing ] ------------------------------------------------------
c 
c opening file to write '/tmp/11_1283_0_four.drat'
c writing binary proof trace to '/tmp/11_1283_0_four.drat'
c 
c --- [ parsing input ] ------------------------------------------------------
c 
c reading DIMACS file from '/tmp/11_1283_0_four.cnf'
c opening file to read '/tmp/11_1283_0_four.cnf'
c found 'p cnf 259840 1039934' header
c parsed 1039934 clauses in 0.48 seconds process time
c 
c --- [ options ] ------------------------------------------------------------
c 
c   --stabilize=false              (different from default 'true')
c   --walk=false                   (different from default 'true')
c 
c --- [ solving ] ------------------------------------------------------------
c 
c time measured in process time since initialization
c 
c  seconds   reductions  redundant   irredundant
c          MB    restarts       trail        variables
c           level   conflicts       glue           remaining
c 
c *  0.50 139  0 0   0    0    0  0% 0 1039424 253601 98%
c {  0.53 142  0 0   0    0    0  0% 0 1039424 253601 98%
c -  0.74 148 216 1  17  300  195  6% 5 918164 253601 98%
c I  1.19 148 67 1 104 1004  821  8% 7 918164 253601 98%
c -  1.78 179 52 2 132 1479 1217  8% 7 918164 253601 98%
c B  2.90 179 42 2 281 3006 2583  9% 8 918164 253601 98%
c -  3.32 179 42 3 307 3249 2276  9% 9 918164 253601 98%
c i  3.98 179 40 3 376 3999 2931  9% 9 918164 253575 98%
c s  4.72 160 39 3 383 4071 2968  9% 9 918164 253575 98%
c w  6.31 186 39 3 383 4071 2954  9% 9 918162 253575 98%
c t  6.38 187 39 3 383 4071 2954  9% 9 917450 253575 98%
c e  9.10 200 39 3 383 4071   42  9% 9 227340 28064 11%
c s  9.34 200 39 3 383 4071   42  9% 9 227062 28064 11%
c e  9.64 147 39 3 383 4071   42  9% 9 227062 27970 11%
c 3  9.98 171 36 3 402 5002 3336  6% 9 227062 27970 11%
c 3  9.99 171 36 3 402 5002 3444  6% 9 227062 27970 11%
c d 10.04 171 36 3 402 5002 3402  6% 9 227062 27965 11%
c 2 10.06 171 36 3 402 5002 3392  6% 9 227062 27965 11%
c p 10.15 171 36 3 402 5002 4268  6% 9 227062 27959 11%
c - 10.28 171 36 4 436 5604 1506  6% 9 226487 27959 11%
c 
c  seconds   reductions  redundant  irredundant
c          MB    restarts       trail       variables
c           level   conflicts       glue         remaining
c 
c F 10.31 171 35 4 450 6008 1845  6% 9 226487 27959 11%
c i 10.32 171 35 4 450 6022 1857  6% 9 226487 27937 11%
c - 10.54 171 31 5 475 7636 2464  7% 8 225739 27937 11%
c i 10.74 171 29 5 559 9155 3767  7% 8 225739 27929 11%
c i 10.74 171 29 5 559 9161 3770  7% 8 225739 27920 11%
c i 10.76 171 29 5 567 9264 3862  7% 8 225739 27733 11%
c i 10.82 171 28 5 568 9835 4346  8% 8 225739 27732 11%
c } 10.82 171 28 5 568 9891 4383  8% 8 225739 27519 11%
c 0 10.82 171 28 5 568 9891 4383  8% 8 225739 27519 11%
c 
c --- [ result ] -------------------------------------------------------------
c 
s UNSATISFIABLE
c 
c --- [ run-time profiling ] -------------------------------------------------
c 
c process time taken by individual solving procedures
c (percentage relative to process time for solving)
c 
c         5.62   54.31% simplify
c         4.70   45.49% search
c         4.68   45.26% unstable
c         2.95   28.55% elim
c         1.46   14.08% vivify
c         0.88    8.55% subsume
c         0.08    0.81% probe
c         0.08    0.81% ternary
c         0.02    0.23% lucky
c   =================================
c        10.34   95.53% solve
c 
c last line shows process time for solving
c (percentage relative to total process time)
c 
c --- [ statistics ] ---------------------------------------------------------
c 
c backtracked:               24788       250.61 %  of conflicts
c chronological:              3956        15.96 %  of backtracks
c conflicts:                  9891       956.58    per second
c decisions:                 38231      3697.39    per second
c eliminated:               225605        86.82 %  of all variables
c fixed:                      6711         2.58 %  of all variables
c learned:                    9221        93.23 %  per conflict
c minimized:                 88818        26.74 %  learned literals
c propagations:           17474391         1.69 M  per second
c reduced:                    1295        13.09 %  per conflict
c rephased:                      3      3297.00    interval
c restarts:                    568        17.41    interval
c substituted:                   5         0.00 %  of all variables
c subsumed:                   6200         0.20 %  of all clauses
c strengthened:              14665         0.48 %  of all clauses
c ternary:                    2988         0.30 %  of resolved
c vivified:                     76         0.00 %  of all clauses
c weakened:                 805893         2.84    average size
c 
c seconds are measured in process time for solving
c 
c --- [ resources ] ----------------------------------------------------------
c 
c total process time since initialization:        10.82    seconds
c total real time since initialization:           10.83    seconds
c maximum resident set size of process:          211.71    MB
c 
c --- [ shutting down ] ------------------------------------------------------
c 
c exit 20
