c --- [ banner ] -------------------------------------------------------------
c 
c CaDiCaL Radically Simplified CDCL SAT Solver
c Copyright (c) 2016-2019 Armin Biere, JKU Linz
c 
c Version 1.0.3 cb89cbfa16f47cb7bf1ec6ad9855e7b6d5203c18
c g++ (GCC) 6.3.0 -Wall -Wextra -O3 -DNDEBUG
c Fri Aug 23 08:17:16 CDT 2019 Linux login1 4.4.103-6.38-default x86_64
c 
c --- [ config ] -------------------------------------------------------------
c 
c using 'unsat' configuration (target unsatisfiable instances)
c 
c --- [ proof tracing ] ------------------------------------------------------
c 
c opening file to write '/tmp/11_923_0_four.drat'
c writing binary proof trace to '/tmp/11_923_0_four.drat'
c 
c --- [ parsing input ] ------------------------------------------------------
c 
c reading DIMACS file from '/tmp/11_923_0_four.cnf'
c opening file to read '/tmp/11_923_0_four.cnf'
c found 'p cnf 259840 1039934' header
c parsed 1039934 clauses in 0.46 seconds process time
c 
c --- [ options ] ------------------------------------------------------------
c 
c   --stabilize=false              (different from default 'true')
c   --walk=false                   (different from default 'true')
c 
c --- [ solving ] ------------------------------------------------------------
c 
c time measured in process time since initialization
c 
c  seconds   reductions  redundant   irredundant
c          MB    restarts       trail        variables
c           level   conflicts       glue           remaining
c 
c *  0.48 139  0 0   0    0    0  0% 0 1039424 252957 97%
c {  0.51 142  0 0   0    0    0  0% 0 1039424 252957 97%
c -  0.83 150 100 1  24  301  211  7% 7 909720 252957 97%
c i  1.14 150 43 1  59  833  637  8% 7 909720 252791 97%
c i  1.14 150 43 1  59  837  639  8% 7 909720 249370 96%
c i  1.15 150 43 1  59  841  642  8% 7 909720 245858 95%
c i  1.15 150 43 1  59  842  642  8% 7 909720 245632 95%
c }  1.15 150 42 1  59  847  644  8% 7 909720 244506 94%
c 0  1.15 150 42 1  59  847  644  8% 7 909720 244506 94%
c 
c --- [ result ] -------------------------------------------------------------
c 
s UNSATISFIABLE
c 
c --- [ run-time profiling ] -------------------------------------------------
c 
c process time taken by individual solving procedures
c (percentage relative to process time for solving)
c 
c         0.67   97.11% search
c         0.64   93.06% unstable
c         0.03    4.05% lucky
c         0.00    0.00% simplify
c   =================================
c         0.69   60.07% solve
c 
c last line shows process time for solving
c (percentage relative to total process time)
c 
c --- [ statistics ] ---------------------------------------------------------
c 
c backtracked:                1057       124.79 %  of conflicts
c chronological:               398        37.65 %  of backtracks
c conflicts:                   847      1223.99    per second
c decisions:                  4628      6687.86    per second
c fixed:                     15334         5.90 %  of all variables
c learned:                     748        88.31 %  per conflict
c minimized:                  4503        24.05 %  learned literals
c propagations:            1748739         2.53 M  per second
c restarts:                     59        14.36    interval
c subsumed:                     97         0.00 %  of all clauses
c 
c seconds are measured in process time for solving
c 
c --- [ resources ] ----------------------------------------------------------
c 
c total process time since initialization:         1.15    seconds
c total real time since initialization:            1.15    seconds
c maximum resident set size of process:          157.70    MB
c 
c --- [ shutting down ] ------------------------------------------------------
c 
c exit 20
