c --- [ banner ] -------------------------------------------------------------
c 
c CaDiCaL Radically Simplified CDCL SAT Solver
c Copyright (c) 2016-2019 Armin Biere, JKU Linz
c 
c Version 1.0.3 cb89cbfa16f47cb7bf1ec6ad9855e7b6d5203c18
c g++ (GCC) 6.3.0 -Wall -Wextra -O3 -DNDEBUG
c Fri Aug 23 08:17:16 CDT 2019 Linux login1 4.4.103-6.38-default x86_64
c 
c --- [ config ] -------------------------------------------------------------
c 
c using 'unsat' configuration (target unsatisfiable instances)
c 
c --- [ proof tracing ] ------------------------------------------------------
c 
c opening file to write '/tmp/85_463_0_four.drat'
c writing binary proof trace to '/tmp/85_463_0_four.drat'
c 
c --- [ parsing input ] ------------------------------------------------------
c 
c reading DIMACS file from '/tmp/85_463_0_four.cnf'
c opening file to read '/tmp/85_463_0_four.cnf'
c found 'p cnf 43008 265780' header
c parsed 265780 clauses in 0.12 seconds process time
c 
c --- [ options ] ------------------------------------------------------------
c 
c   --stabilize=false              (different from default 'true')
c   --walk=false                   (different from default 'true')
c 
c --- [ solving ] ------------------------------------------------------------
c 
c time measured in process time since initialization
c 
c  seconds  reductions  redundant  irredundant
c         MB    restarts       trail       variables
c          level   conflicts       glue         remaining
c 
c *  0.12 31  0 0   0    0    0  0% 0 243366 41543 97%
c {  0.12 32  0 0   0    0    0  0% 0 243366 41543 97%
c -  0.16 32 34 1  23  301  218  5% 8 233661 41543 97%
c I  0.22 34 54 1  78 1006  769  9% 10 233661 41543 97%
c -  0.29 43 52 2  79 1124  735  9% 9 233661 41543 97%
c -  0.43 43 49 3 153 2356 1364  9% 9 233661 41543 97%
c B  0.51 43 47 3 191 3009 1917  9% 9 233661 41543 97%
c -  0.65 43 49 4 234 4001 2025  9% 9 233661 41543 97%
c d  0.86 44 46 4 276 5000 2894 10% 9 230517 39971 93%
c 2  1.00 44 46 4 276 5000 2894 10% 9 228159 39971 93%
c p  1.13 46 46 4 276 5000 4540 10% 9 228159 39971 93%
c s  1.30 40 47 4 278 5101 4632 10% 9 228159 39971 93%
c v  1.56 48 47 4 278 5101 4632 10% 9 224498 39971 93%
c w  1.65 48 47 4 278 5101 4623 10% 9 224498 39971 93%
c t  1.67 48 47 4 278 5101 4618 10% 9 205982 39971 93%
c e  2.16 50 47 4 278 5101 1329 10% 9 189528 24181 56%
c s  2.24 55 47 4 278 5101 1317 10% 9 189528 24181 56%
c F  2.45 56 46 4 313 6012 2091  8% 9 189528 24181 56%
c -  2.48 56 46 5 313 6053 1232  8% 9 189528 24181 56%
c i  2.60 57 41 5 369 7525 2463  5% 9 189528 24168 56%
c 
c  seconds  reductions  redundant  irredundant
c         MB    restarts       trail       variables
c          level   conflicts       glue         remaining
c 
c i  2.63 57 38 5 369 7945 2820  5% 8 189528 24163 56%
c i  2.63 57 38 5 369 7946 2820  5% 8 189528 24148 56%
c i  2.64 57 38 5 369 7993 2854  5% 8 189528 24076 56%
c i  2.64 57 38 5 369 7999 2858  5% 8 189528 24030 56%
c }  2.64 57 38 5 369 8002 2859  5% 8 189528 23811 55%
c 0  2.64 57 38 5 369 8002 2859  5% 8 189528 23811 55%
c 
c --- [ result ] -------------------------------------------------------------
c 
s UNSATISFIABLE
c 
c --- [ run-time profiling ] -------------------------------------------------
c 
c process time taken by individual solving procedures
c (percentage relative to process time for solving)
c 
c         1.40   55.48% simplify
c         1.12   44.52% search
c         1.12   44.36% unstable
c         0.48   19.24% elim
c         0.31   12.24% vivify
c         0.18    7.31% subsume
c         0.12    4.93% probe
c         0.11    4.29% ternary
c         0.00    0.16% lucky
c   =================================
c         2.52   95.45% solve
c 
c last line shows process time for solving
c (percentage relative to total process time)
c 
c --- [ statistics ] ---------------------------------------------------------
c 
c backtracked:               27774       347.09 %  of conflicts
c chronological:              3322        11.96 %  of backtracks
c conflicts:                  8002      3180.45    per second
c decisions:                 36383     14460.65    per second
c eliminated:                15790        36.71 %  of all variables
c fixed:                      1835         4.27 %  of all variables
c learned:                    7173        89.64 %  per conflict
c minimized:                 68242        26.29 %  learned literals
c propagations:            3917471         1.56 M  per second
c reduced:                    1337        16.71 %  per conflict
c rephased:                      3      2667.33    interval
c restarts:                    369        21.69    interval
c substituted:                1572         3.66 %  of all variables
c subsumed:                   6766         0.79 %  of all clauses
c strengthened:               2450         0.29 %  of all clauses
c vivified:                   3811         0.45 %  of all clauses
c weakened:                  79201         3.72    average size
c 
c seconds are measured in process time for solving
c 
c --- [ resources ] ----------------------------------------------------------
c 
c total process time since initialization:         2.64    seconds
c total real time since initialization:            2.64    seconds
c maximum resident set size of process:           56.58    MB
c 
c --- [ shutting down ] ------------------------------------------------------
c 
c exit 20
