c --- [ banner ] -------------------------------------------------------------
c 
c CaDiCaL Radically Simplified CDCL SAT Solver
c Copyright (c) 2016-2019 Armin Biere, JKU Linz
c 
c Version 1.0.3 cb89cbfa16f47cb7bf1ec6ad9855e7b6d5203c18
c g++ (GCC) 6.3.0 -Wall -Wextra -O3 -DNDEBUG
c Fri Aug 23 08:17:16 CDT 2019 Linux login1 4.4.103-6.38-default x86_64
c 
c --- [ config ] -------------------------------------------------------------
c 
c using 'unsat' configuration (target unsatisfiable instances)
c 
c --- [ proof tracing ] ------------------------------------------------------
c 
c opening file to write '/tmp/28_14_0_six.drat'
c writing binary proof trace to '/tmp/28_14_0_six.drat'
c 
c --- [ parsing input ] ------------------------------------------------------
c 
c reading DIMACS file from '/tmp/28_14_0_six.cnf'
c opening file to read '/tmp/28_14_0_six.cnf'
c found 'p cnf 50176 399289' header
c parsed 399289 clauses in 0.14 seconds process time
c 
c --- [ options ] ------------------------------------------------------------
c 
c   --stabilize=false              (different from default 'true')
c   --walk=false                   (different from default 'true')
c 
c --- [ solving ] ------------------------------------------------------------
c 
c time measured in process time since initialization
c 
c  seconds  reductions  redundant  irredundant
c         MB    restarts       trail       variables
c          level   conflicts       glue         remaining
c 
c *  0.14 44  0 0   0    0    0  0% 0 363644 48212 96%
c {  0.14 45  0 0   0    0    0  0% 0 363644 48212 96%
c -  0.19 46 78 1  33  302  217  7% 9 348164 48212 96%
c I  0.24 48 87 1  76 1002  687 11% 11 348164 48212 96%
c -  0.32 60 83 2  78 1228  723 11% 11 348164 48212 96%
c -  0.46 60 58 3 133 2618 1267 11% 11 348164 48212 96%
c i  0.47 60 57 3 138 2759 1369 11% 10 348164 48089 96%
c i  0.47 60 57 3 138 2760 1369 11% 10 348164 47997 96%
c B  0.49 60 53 3 138 3006 1565 11% 10 348164 47997 96%
c i  0.60 60 42 3 169 4451 2616 11% 9 348164 47955 96%
c i  0.60 60 42 3 169 4452 2616 11% 9 348164 47943 96%
c -  0.66 60 42 4 169 4470 1888 11% 9 342533 47943 96%
c i  0.68 60 40 4 169 4790 2085 11% 9 342533 47925 96%
c i  0.68 60 40 4 169 4791 2085 11% 9 342533 46320 92%
c d  0.80 61 38 4 178 5001 1838 11% 9 306574 44233 88%
c d  0.83 61 38 4 178 5001 1838 11% 9 306514 44223 88%
c 2  0.93 61 38 4 178 5001 1830 11% 9 301294 44203 88%
c p  1.06 61 38 4 178 5001 6683 11% 9 301294 43935 88%
c }  1.22 72 38 4 178 5067 6035  3% 9 295954 43297 86%
c 0  1.22 72 38 4 178 5067 6035  3% 9 295954 43297 86%
c 
c --- [ result ] -------------------------------------------------------------
c 
s UNSATISFIABLE
c 
c --- [ run-time profiling ] -------------------------------------------------
c 
c process time taken by individual solving procedures
c (percentage relative to process time for solving)
c 
c         0.68   62.87% search
c         0.68   62.50% unstable
c         0.40   37.13% simplify
c         0.12   11.40% probe
c         0.09    8.09% ternary
c         0.00    0.37% lucky
c   =================================
c         1.09   88.89% solve
c 
c last line shows process time for solving
c (percentage relative to total process time)
c 
c --- [ statistics ] ---------------------------------------------------------
c 
c backtracked:               21733       428.91 %  of conflicts
c chronological:              1855         8.54 %  of backtracks
c conflicts:                  5067      4657.17    per second
c decisions:                 24284     22319.85    per second
c fixed:                      4782         9.53 %  of all variables
c learned:                    4139        81.69 %  per conflict
c minimized:                 73906        31.20 %  learned literals
c propagations:            3375570         3.10 M  per second
c reduced:                    1036        20.45 %  per conflict
c rephased:                      2      2533.50    interval
c restarts:                    178        28.47    interval
c substituted:                2097         4.18 %  of all variables
c subsumed:                   5839         0.56 %  of all clauses
c weakened:                   4194         2.00    average size
c 
c seconds are measured in process time for solving
c 
c --- [ resources ] ----------------------------------------------------------
c 
c total process time since initialization:         1.22    seconds
c total real time since initialization:            1.23    seconds
c maximum resident set size of process:           71.71    MB
c 
c --- [ shutting down ] ------------------------------------------------------
c 
c exit 20
