c --- [ banner ] -------------------------------------------------------------
c 
c CaDiCaL Radically Simplified CDCL SAT Solver
c Copyright (c) 2016-2019 Armin Biere, JKU Linz
c 
c Version 1.0.3 cb89cbfa16f47cb7bf1ec6ad9855e7b6d5203c18
c g++ (GCC) 6.3.0 -Wall -Wextra -O3 -DNDEBUG
c Fri Aug 23 08:17:16 CDT 2019 Linux login1 4.4.103-6.38-default x86_64
c 
c --- [ config ] -------------------------------------------------------------
c 
c using 'unsat' configuration (target unsatisfiable instances)
c 
c --- [ proof tracing ] ------------------------------------------------------
c 
c opening file to write '/tmp/37_284_0_six.drat'
c writing binary proof trace to '/tmp/37_284_0_six.drat'
c 
c --- [ parsing input ] ------------------------------------------------------
c 
c reading DIMACS file from '/tmp/37_284_0_six.cnf'
c opening file to read '/tmp/37_284_0_six.cnf'
c found 'p cnf 50176 399289' header
c parsed 399289 clauses in 0.15 seconds process time
c 
c --- [ options ] ------------------------------------------------------------
c 
c   --stabilize=false              (different from default 'true')
c   --walk=false                   (different from default 'true')
c 
c --- [ solving ] ------------------------------------------------------------
c 
c time measured in process time since initialization
c 
c  seconds  reductions  redundant  irredundant
c         MB    restarts       trail       variables
c          level   conflicts       glue         remaining
c 
c *  0.15 44  0 0   0    0    0  0% 0 363643 48159 96%
c {  0.16 45  0 0   0    0    0  0% 0 363643 48159 96%
c i  0.17 46 34 0   3  198  131  8% 7 363643 48011 96%
c i  0.18 46 35 0  15  264  179  8% 8 363643 47853 95%
c -  0.22 46 38 1  23  300  191  8% 9 339944 47776 95%
c i  0.22 46 42 1  34  359  244  8% 10 339944 47775 95%
c i  0.23 46 46 1  42  420  287  8% 10 339944 47518 95%
c i  0.24 46 57 1  43  476  337 10% 9 339944 47500 95%
c i  0.24 46 57 1  43  485  342 10% 9 339944 47448 95%
c i  0.24 46 55 1  43  500  351  9% 9 339944 47405 94%
c i  0.24 46 53 1  43  506  355  9% 9 339944 47403 94%
c i  0.24 46 53 1  43  508  356  9% 9 339944 47401 94%
c i  0.24 46 53 1  43  510  356  9% 9 339944 46894 93%
c i  0.24 46 52 1  43  513  358  9% 9 339944 46881 93%
c i  0.26 46 51 1  43  900  588 11% 7 339944 46666 93%
c i  0.26 47 51 1  43  924  611 11% 7 339944 46392 92%
c i  0.26 47 51 1  43  955  631 12% 7 339944 45722 91%
c i  0.26 47 50 1  45  978  647 11% 7 339944 45686 91%
c i  0.26 47 50 1  45  980  648 11% 7 339944 45431 91%
c }  0.26 47 50 1  46  986  648 11% 7 339944 45169 90%
c 
c  seconds  reductions  redundant  irredundant
c         MB    restarts       trail       variables
c          level   conflicts       glue         remaining
c 
c 0  0.26 47 50 1  46  986  648 11% 7 339944 45169 90%
c 
c --- [ result ] -------------------------------------------------------------
c 
s UNSATISFIABLE
c 
c --- [ run-time profiling ] -------------------------------------------------
c 
c process time taken by individual solving procedures
c (percentage relative to process time for solving)
c 
c         0.11  100.00% search
c         0.11   96.43% unstable
c         0.00    3.57% lucky
c         0.00    0.00% simplify
c   =================================
c         0.11   42.42% solve
c 
c last line shows process time for solving
c (percentage relative to total process time)
c 
c --- [ statistics ] ---------------------------------------------------------
c 
c backtracked:                1161       117.75 %  of conflicts
c chronological:               382        32.90 %  of backtracks
c conflicts:                   986      8803.57    per second
c decisions:                  5363     47883.93    per second
c fixed:                      5007         9.98 %  of all variables
c learned:                     775        78.60 %  per conflict
c minimized:                  6842        25.95 %  learned literals
c propagations:             366018         3.27 M  per second
c restarts:                     46        21.43    interval
c subsumed:                     89         0.01 %  of all clauses
c 
c seconds are measured in process time for solving
c 
c --- [ resources ] ----------------------------------------------------------
c 
c total process time since initialization:         0.26    seconds
c total real time since initialization:            0.27    seconds
c maximum resident set size of process:           48.84    MB
c 
c --- [ shutting down ] ------------------------------------------------------
c 
c exit 20
