c --- [ banner ] -------------------------------------------------------------
c 
c CaDiCaL Radically Simplified CDCL SAT Solver
c Copyright (c) 2016-2019 Armin Biere, JKU Linz
c 
c Version 1.0.3 cb89cbfa16f47cb7bf1ec6ad9855e7b6d5203c18
c g++ (GCC) 6.3.0 -Wall -Wextra -O3 -DNDEBUG
c Fri Aug 23 08:17:16 CDT 2019 Linux login1 4.4.103-6.38-default x86_64
c 
c --- [ config ] -------------------------------------------------------------
c 
c using 'unsat' configuration (target unsatisfiable instances)
c 
c --- [ proof tracing ] ------------------------------------------------------
c 
c opening file to write '/tmp/37_902_0_six.drat'
c writing binary proof trace to '/tmp/37_902_0_six.drat'
c 
c --- [ parsing input ] ------------------------------------------------------
c 
c reading DIMACS file from '/tmp/37_902_0_six.cnf'
c opening file to read '/tmp/37_902_0_six.cnf'
c found 'p cnf 50176 399289' header
c parsed 399289 clauses in 0.16 seconds process time
c 
c --- [ options ] ------------------------------------------------------------
c 
c   --stabilize=false              (different from default 'true')
c   --walk=false                   (different from default 'true')
c 
c --- [ solving ] ------------------------------------------------------------
c 
c time measured in process time since initialization
c 
c  seconds  reductions  redundant  irredundant
c         MB    restarts       trail       variables
c          level   conflicts       glue         remaining
c 
c *  0.16 44  0 0   0    0    0  0% 0 363634 47934 96%
c {  0.16 45  0 0   0    0    0  0% 0 363634 47934 96%
c -  0.22 47 47 1  22  300  197  8% 8 342918 47934 96%
c i  0.23 47 43 1  26  439  259  8% 8 342918 47902 95%
c i  0.24 47 45 1  33  544  321  9% 8 342918 47892 95%
c i  0.24 47 44 1  35  551  319  9% 8 342918 47882 95%
c i  0.24 47 44 1  36  552  319  9% 8 342918 47872 95%
c i  0.24 47 44 1  36  559  320  8% 8 342918 47710 95%
c I  0.28 47 44 1  49 1002  602 10% 8 342918 47710 95%
c -  0.42 59 44 2  63 1222  647 11% 9 337928 47710 95%
c i  0.46 59 42 2 112 1589  884 11% 9 337928 46845 93%
c i  0.46 59 41 2 114 1604  896 11% 9 337928 45945 92%
c i  0.47 59 42 2 114 1622  910 11% 9 337928 45891 91%
c i  0.47 59 42 2 114 1637  922 11% 9 337928 45843 91%
c i  0.50 59 40 2 131 2108 1197 12% 9 337928 45804 91%
c i  0.50 59 40 2 132 2109 1197 12% 9 337928 45690 91%
c }  0.50 59 39 2 132 2214 1242 12% 9 337928 45246 90%
c 0  0.50 59 39 2 132 2214 1242 12% 9 337928 45246 90%
c 
c --- [ result ] -------------------------------------------------------------
c 
s UNSATISFIABLE
c 
c --- [ run-time profiling ] -------------------------------------------------
c 
c process time taken by individual solving procedures
c (percentage relative to process time for solving)
c 
c         0.34   98.85% search
c         0.34   98.85% unstable
c         0.00    0.00% simplify
c   =================================
c         0.35   69.05% solve
c 
c last line shows process time for solving
c (percentage relative to total process time)
c 
c --- [ statistics ] ---------------------------------------------------------
c 
c backtracked:                2588       116.89 %  of conflicts
c chronological:               813        31.41 %  of backtracks
c conflicts:                  2214      6362.07    per second
c decisions:                 10467     30077.59    per second
c fixed:                      4930         9.83 %  of all variables
c learned:                    1639        74.03 %  per conflict
c minimized:                 20990        27.12 %  learned literals
c propagations:             996239         2.86 M  per second
c reduced:                      45         2.03 %  per conflict
c rephased:                      1      2214.00    interval
c restarts:                    132        16.77    interval
c subsumed:                    264         0.04 %  of all clauses
c 
c seconds are measured in process time for solving
c 
c --- [ resources ] ----------------------------------------------------------
c 
c total process time since initialization:         0.50    seconds
c total real time since initialization:            0.50    seconds
c maximum resident set size of process:           58.94    MB
c 
c --- [ shutting down ] ------------------------------------------------------
c 
c exit 20
