c --- [ banner ] -------------------------------------------------------------
c 
c CaDiCaL Radically Simplified CDCL SAT Solver
c Copyright (c) 2016-2019 Armin Biere, JKU Linz
c 
c Version 1.0.3 cb89cbfa16f47cb7bf1ec6ad9855e7b6d5203c18
c g++ (GCC) 6.3.0 -Wall -Wextra -O3 -DNDEBUG
c Fri Aug 23 08:17:16 CDT 2019 Linux login1 4.4.103-6.38-default x86_64
c 
c --- [ config ] -------------------------------------------------------------
c 
c using 'unsat' configuration (target unsatisfiable instances)
c 
c --- [ proof tracing ] ------------------------------------------------------
c 
c opening file to write '/tmp/19_482_0_three.drat'
c writing binary proof trace to '/tmp/19_482_0_three.drat'
c 
c --- [ parsing input ] ------------------------------------------------------
c 
c reading DIMACS file from '/tmp/19_482_0_three.cnf'
c opening file to read '/tmp/19_482_0_three.cnf'
c found 'p cnf 202048 780990' header
c parsed 780990 clauses in 0.36 seconds process time
c 
c --- [ options ] ------------------------------------------------------------
c 
c   --stabilize=false              (different from default 'true')
c   --walk=false                   (different from default 'true')
c 
c --- [ solving ] ------------------------------------------------------------
c 
c time measured in process time since initialization
c 
c  seconds  reductions  redundant  irredundant
c         MB    restarts       trail       variables
c          level   conflicts       glue          remaining
c 
c *  0.38 97  0 0   0    0    0  0% 0 780480 197128 98%
c {  0.39 99  0 0   0    0    0  0% 0 780480 197128 98%
c -  0.55 103 289 1  10  300  173  5% 4 689621 197128 98%
c I  1.04 109 84 1 163 1002  828  7% 7 689621 197128 98%
c -  1.74 127 68 2 245 1403 1185  7% 8 689621 197128 98%
c B  2.92 127 44 2 404 3005 2642  8% 8 689621 197128 98%
c -  3.16 127 44 3 404 3057 2159  8% 8 689621 197128 98%
c s  4.41 112 39 3 482 3971 2963  8% 8 689621 197128 98%
c w  5.82 139 39 3 482 3971 2958  8% 8 689621 197128 98%
c t  5.89 139 39 3 482 3971 2957  8% 8 689086 197128 98%
c e  7.82 132 39 3 482 3971   27  8% 8 169384 25786 13%
c s  8.00 151 39 3 482 3971   27  8% 8 169270 25786 13%
c e  8.21 151 39 3 482 3971   22  8% 8 169241 25751 13%
c 3  8.56 151 40 3 578 5000 2749  7% 8 169241 25751 13%
c 3  8.57 151 40 3 578 5000 2917  7% 8 169241 25751 13%
c d  8.61 151 40 3 578 5000 2879  7% 8 169241 25746 13%
c 2  8.63 151 40 3 578 5000 2869  7% 8 169241 25746 13%
c p  8.68 151 40 3 578 5000 3802  7% 8 169241 25746 13%
c -  8.77 151 40 4 620 5263 1308  7% 9 169241 25746 13%
c F  8.89 151 38 4 662 6007 1980  8% 8 169241 25746 13%
c 
c  seconds   reductions  redundant  irredundant
c          MB    restarts       trail       variables
c           level   conflicts       glue         remaining
c 
c -  9.04 151 35 5 687 7107 2228  8% 8 169241 25746 13%
c i  9.19 151 31 5 704 8309 3281  8% 8 169241 25742 13%
c }  9.21 151 30 5 704 8541 3469  8% 8 169241 25608 13%
c 0  9.21 151 30 5 704 8541 3469  8% 8 169241 25608 13%
c 
c --- [ result ] -------------------------------------------------------------
c 
s UNSATISFIABLE
c 
c --- [ run-time profiling ] -------------------------------------------------
c 
c process time taken by individual solving procedures
c (percentage relative to process time for solving)
c 
c         4.52   51.06% search
c         4.50   50.93% unstable
c         4.31   48.76% simplify
c         2.06   23.29% elim
c         1.29   14.61% vivify
c         0.71    8.01% subsume
c         0.07    0.77% ternary
c         0.05    0.59% probe
c         0.01    0.14% lucky
c   =================================
c         8.84   96.05% solve
c 
c last line shows process time for solving
c (percentage relative to total process time)
c 
c --- [ statistics ] ---------------------------------------------------------
c 
c backtracked:               22680       265.54 %  of conflicts
c chronological:              3803        16.77 %  of backtracks
c conflicts:                  8541       965.74    per second
c decisions:                 43135      4877.32    per second
c eliminated:               171377        84.82 %  of all variables
c fixed:                      5058         2.50 %  of all variables
c learned:                    8068        94.46 %  per conflict
c minimized:                 63811        25.45 %  learned literals
c propagations:           14368960         1.62 M  per second
c reduced:                    1278        14.96 %  per conflict
c rephased:                      3      2847.00    interval
c restarts:                    704        12.13    interval
c substituted:                   5         0.00 %  of all variables
c subsumed:                   3993         0.17 %  of all clauses
c strengthened:               9984         0.44 %  of all clauses
c ternary:                    2218         0.30 %  of resolved
c vivified:                    179         0.01 %  of all clauses
c weakened:                 607475         2.84    average size
c 
c seconds are measured in process time for solving
c 
c --- [ resources ] ----------------------------------------------------------
c 
c total process time since initialization:         9.21    seconds
c total real time since initialization:            9.21    seconds
c maximum resident set size of process:          152.86    MB
c 
c --- [ shutting down ] ------------------------------------------------------
c 
c exit 20
