c --- [ banner ] -------------------------------------------------------------
c 
c CaDiCaL Radically Simplified CDCL SAT Solver
c Copyright (c) 2016-2019 Armin Biere, JKU Linz
c 
c Version 1.0.3 cb89cbfa16f47cb7bf1ec6ad9855e7b6d5203c18
c g++ (GCC) 6.3.0 -Wall -Wextra -O3 -DNDEBUG
c Fri Aug 23 08:17:16 CDT 2019 Linux login1 4.4.103-6.38-default x86_64
c 
c --- [ config ] -------------------------------------------------------------
c 
c using 'unsat' configuration (target unsatisfiable instances)
c 
c --- [ proof tracing ] ------------------------------------------------------
c 
c opening file to write '/tmp/9_1054_0_four.drat'
c writing binary proof trace to '/tmp/9_1054_0_four.drat'
c 
c --- [ parsing input ] ------------------------------------------------------
c 
c reading DIMACS file from '/tmp/9_1054_0_four.cnf'
c opening file to read '/tmp/9_1054_0_four.cnf'
c found 'p cnf 259840 1039929' header
c parsed 1039929 clauses in 0.64 seconds process time
c 
c --- [ options ] ------------------------------------------------------------
c 
c   --stabilize=false              (different from default 'true')
c   --walk=false                   (different from default 'true')
c 
c --- [ solving ] ------------------------------------------------------------
c 
c time measured in process time since initialization
c 
c  seconds   reductions  redundant   irredundant
c          MB    restarts       trail        variables
c           level   conflicts       glue           remaining
c 
c *  0.66 139  0 0   0    0    0  0% 0 1039424 253457 98%
c {  0.68 142  0 0   0    0    0  0% 0 1039424 253457 98%
c -  0.91 147 294 1  16  300  194  5% 6 916063 253457 98%
c I  1.52 147 94 1 116 1004  825  7% 9 916063 253457 98%
c -  2.22 178 73 2 170 1478 1223  7% 9 916063 253457 98%
c B  3.17 178 52 2 231 3005 2525  9% 9 916063 253457 98%
c -  3.54 178 50 3 239 3243 2107  9% 9 916063 253457 98%
c i  3.63 178 48 3 239 3397 2230  8% 9 916063 253431 98%
c s  4.92 160 42 3 296 4072 2777  8% 9 916063 253431 98%
c w  6.55 182 42 3 296 4072 2771  8% 9 916061 253431 98%
c t  6.62 183 42 3 296 4072 2771  8% 9 915484 253431 98%
c e  9.37 199 42 3 296 4072   52  8% 9 226566 27971 11%
c s  9.62 199 42 3 296 4072   50  8% 9 226349 27971 11%
c e  9.93 147 42 3 296 4072   43  8% 9 226348 27907 11%
c 3 10.26 171 41 3 337 5001 3321  5% 9 226348 27907 11%
c 3 10.27 171 41 3 337 5001 3501  5% 9 226348 27907 11%
c d 10.32 171 41 3 337 5001 3471  5% 9 226348 27904 11%
c 2 10.34 171 41 3 337 5001 3465  5% 9 226348 27904 11%
c p 10.41 171 41 3 337 5001 4433  5% 9 226348 27904 11%
c - 10.52 171 38 4 337 5597 1399  5% 9 226348 27904 11%
c 
c  seconds   reductions  redundant  irredundant
c          MB    restarts       trail       variables
c           level   conflicts       glue         remaining
c 
c F 10.55 171 37 4 350 6007 1748  5% 8 226348 27904 11%
c i 10.64 171 32 4 386 7205 2767  5% 8 226348 27850 11%
c i 10.64 171 32 4 386 7343 2869  5% 8 226348 27828 11%
c i 10.64 171 32 4 386 7345 2869  5% 8 226348 27591 11%
c } 10.65 171 32 4 386 7348 2870  5% 8 226348 27280 10%
c 0 10.65 171 32 4 386 7348 2870  5% 8 226348 27280 10%
c 
c --- [ result ] -------------------------------------------------------------
c 
s UNSATISFIABLE
c 
c --- [ run-time profiling ] -------------------------------------------------
c 
c process time taken by individual solving procedures
c (percentage relative to process time for solving)
c 
c         5.72   57.18% simplify
c         4.26   42.62% search
c         4.25   42.46% unstable
c         2.98   29.83% elim
c         1.49   14.91% vivify
c         0.94    9.36% subsume
c         0.09    0.88% ternary
c         0.07    0.68% probe
c         0.02    0.16% lucky
c   =================================
c        10.00   93.95% solve
c 
c last line shows process time for solving
c (percentage relative to total process time)
c 
c --- [ statistics ] ---------------------------------------------------------
c 
c backtracked:               20910       284.57 %  of conflicts
c chronological:              2884        13.79 %  of backtracks
c conflicts:                  7348       734.51    per second
c decisions:                 31257      3124.45    per second
c eliminated:               225524        86.79 %  of all variables
c fixed:                      7033         2.71 %  of all variables
c learned:                    6824        92.87 %  per conflict
c minimized:                 67455        27.03 %  learned literals
c propagations:           14842724         1.48 M  per second
c reduced:                     681         9.27 %  per conflict
c rephased:                      3      2449.33    interval
c restarts:                    386        19.04    interval
c substituted:                   3         0.00 %  of all variables
c subsumed:                   6124         0.20 %  of all clauses
c strengthened:              15810         0.52 %  of all clauses
c ternary:                    3066         0.30 %  of resolved
c vivified:                    171         0.01 %  of all clauses
c weakened:                 804142         2.84    average size
c 
c seconds are measured in process time for solving
c 
c --- [ resources ] ----------------------------------------------------------
c 
c total process time since initialization:        10.65    seconds
c total real time since initialization:           10.65    seconds
c maximum resident set size of process:          211.08    MB
c 
c --- [ shutting down ] ------------------------------------------------------
c 
c exit 20
