c --- [ banner ] -------------------------------------------------------------
c 
c CaDiCaL Radically Simplified CDCL SAT Solver
c Copyright (c) 2016-2019 Armin Biere, JKU Linz
c 
c Version 1.0.3 cb89cbfa16f47cb7bf1ec6ad9855e7b6d5203c18
c g++ (GCC) 6.3.0 -Wall -Wextra -O3 -DNDEBUG
c Fri Aug 23 08:17:16 CDT 2019 Linux login1 4.4.103-6.38-default x86_64
c 
c --- [ config ] -------------------------------------------------------------
c 
c using 'unsat' configuration (target unsatisfiable instances)
c 
c --- [ proof tracing ] ------------------------------------------------------
c 
c opening file to write '/tmp/1_541_0_four.drat'
c writing binary proof trace to '/tmp/1_541_0_four.drat'
c 
c --- [ parsing input ] ------------------------------------------------------
c 
c reading DIMACS file from '/tmp/1_541_0_four.cnf'
c opening file to read '/tmp/1_541_0_four.cnf'
c found 'p cnf 43008 265790' header
c parsed 265790 clauses in 0.10 seconds process time
c 
c --- [ options ] ------------------------------------------------------------
c 
c   --stabilize=false              (different from default 'true')
c   --walk=false                   (different from default 'true')
c 
c --- [ solving ] ------------------------------------------------------------
c 
c time measured in process time since initialization
c 
c  seconds  reductions  redundant  irredundant
c         MB    restarts       trail       variables
c          level   conflicts       glue         remaining
c 
c *  0.10 31  0 0   0    0    0  0% 0 240728 41446 96%
c {  0.10 31  0 0   0    0    0  0% 0 240728 41446 96%
c -  0.15 33 67 1  10  308  204  9% 7 231372 41446 96%
c I  0.20 34 51 1  76 1003  664  8% 8 231372 41446 96%
c -  0.28 42 51 2  76 1129  674  8% 8 231372 41446 96%
c -  0.41 42 37 3  97 2357 1283  9% 8 231372 41446 96%
c i  0.45 42 32 3 116 2928 1766  8% 8 231372 41436 96%
c B  0.46 42 32 3 122 3005 1825  9% 8 231372 41436 96%
c i  0.46 42 33 3 122 3067 1873  9% 8 231372 41428 96%
c i  0.50 42 31 3 136 3407 2171  9% 7 231372 41262 96%
c }  0.50 42 31 3 136 3437 2196  9% 7 231372 41169 96%
c 0  0.50 42 31 3 136 3437 2196  9% 7 231372 41169 96%
c 
c --- [ result ] -------------------------------------------------------------
c 
s UNSATISFIABLE
c 
c --- [ run-time profiling ] -------------------------------------------------
c 
c process time taken by individual solving procedures
c (percentage relative to process time for solving)
c 
c         0.40  100.00% search
c         0.40  100.00% unstable
c         0.00    0.00% simplify
c   =================================
c         0.40   79.20% solve
c 
c last line shows process time for solving
c (percentage relative to total process time)
c 
c --- [ statistics ] ---------------------------------------------------------
c 
c backtracked:                4063       118.21 %  of conflicts
c chronological:              1375        33.84 %  of backtracks
c conflicts:                  3437      8679.29    per second
c decisions:                 12904     32585.86    per second
c fixed:                      1839         4.28 %  of all variables
c learned:                    2818        81.99 %  per conflict
c minimized:                 31349        29.87 %  learned literals
c propagations:            1219071         3.08 M  per second
c reduced:                     424        12.34 %  per conflict
c rephased:                      2      1718.50    interval
c restarts:                    136        25.27    interval
c subsumed:                    194         0.04 %  of all clauses
c 
c seconds are measured in process time for solving
c 
c --- [ resources ] ----------------------------------------------------------
c 
c total process time since initialization:         0.50    seconds
c total real time since initialization:            0.50    seconds
c maximum resident set size of process:           47.92    MB
c 
c --- [ shutting down ] ------------------------------------------------------
c 
c exit 20
