c --- [ banner ] -------------------------------------------------------------
c 
c CaDiCaL Radically Simplified CDCL SAT Solver
c Copyright (c) 2016-2019 Armin Biere, JKU Linz
c 
c Version 1.0.3 cb89cbfa16f47cb7bf1ec6ad9855e7b6d5203c18
c g++ (GCC) 6.3.0 -Wall -Wextra -O3 -DNDEBUG
c Fri Aug 23 08:17:16 CDT 2019 Linux login1 4.4.103-6.38-default x86_64
c 
c --- [ config ] -------------------------------------------------------------
c 
c using 'unsat' configuration (target unsatisfiable instances)
c 
c --- [ proof tracing ] ------------------------------------------------------
c 
c opening file to write '/tmp/1_739_0_four.drat'
c writing binary proof trace to '/tmp/1_739_0_four.drat'
c 
c --- [ parsing input ] ------------------------------------------------------
c 
c reading DIMACS file from '/tmp/1_739_0_four.cnf'
c opening file to read '/tmp/1_739_0_four.cnf'
c found 'p cnf 43008 265790' header
c parsed 265790 clauses in 0.10 seconds process time
c 
c --- [ options ] ------------------------------------------------------------
c 
c   --stabilize=false              (different from default 'true')
c   --walk=false                   (different from default 'true')
c 
c --- [ solving ] ------------------------------------------------------------
c 
c time measured in process time since initialization
c 
c  seconds  reductions  redundant  irredundant
c         MB    restarts       trail       variables
c          level   conflicts       glue         remaining
c 
c *  0.10 31  0 0   0    0    0  0% 0 240737 41478 96%
c {  0.11 31  0 0   0    0    0  0% 0 240737 41478 96%
c -  0.15 33 49 1  36  301  218  6% 8 231944 41478 96%
c I  0.20 33 47 1  83 1005  794  9% 9 231944 41478 96%
c -  0.27 41 51 2  83 1123  805  9% 9 231944 41478 96%
c i  0.30 41 50 2 111 1543 1159  9% 9 231944 41468 96%
c i  0.33 41 47 2 120 2022 1536  9% 8 231944 41436 96%
c i  0.34 41 46 2 121 2170 1647  9% 8 231944 41346 96%
c }  0.34 41 46 2 121 2192 1658  9% 8 231944 40378 94%
c 0  0.34 41 46 2 121 2192 1658  9% 8 231944 40378 94%
c 
c --- [ result ] -------------------------------------------------------------
c 
s UNSATISFIABLE
c 
c --- [ run-time profiling ] -------------------------------------------------
c 
c process time taken by individual solving procedures
c (percentage relative to process time for solving)
c 
c         0.24  100.00% search
c         0.23   98.31% unstable
c         0.00    1.69% lucky
c         0.00    0.00% simplify
c   =================================
c         0.24   69.41% solve
c 
c last line shows process time for solving
c (percentage relative to total process time)
c 
c --- [ statistics ] ---------------------------------------------------------
c 
c backtracked:                2672       121.90 %  of conflicts
c chronological:               924        34.58 %  of backtracks
c conflicts:                  2192      9288.14    per second
c decisions:                 11914     50483.05    per second
c fixed:                      2630         6.12 %  of all variables
c learned:                    1866        85.13 %  per conflict
c minimized:                 17400        24.60 %  learned literals
c propagations:             730362         3.09 M  per second
c reduced:                      84         3.83 %  per conflict
c rephased:                      1      2192.00    interval
c restarts:                    121        18.12    interval
c subsumed:                    119         0.02 %  of all clauses
c 
c seconds are measured in process time for solving
c 
c --- [ resources ] ----------------------------------------------------------
c 
c total process time since initialization:         0.34    seconds
c total real time since initialization:            0.34    seconds
c maximum resident set size of process:           41.48    MB
c 
c --- [ shutting down ] ------------------------------------------------------
c 
c exit 20
