c --- [ banner ] -------------------------------------------------------------
c 
c CaDiCaL Radically Simplified CDCL SAT Solver
c Copyright (c) 2016-2019 Armin Biere, JKU Linz
c 
c Version 1.0.3 cb89cbfa16f47cb7bf1ec6ad9855e7b6d5203c18
c g++ (GCC) 6.3.0 -Wall -Wextra -O3 -DNDEBUG
c Fri Aug 23 08:17:16 CDT 2019 Linux login1 4.4.103-6.38-default x86_64
c 
c --- [ config ] -------------------------------------------------------------
c 
c using 'unsat' configuration (target unsatisfiable instances)
c 
c --- [ proof tracing ] ------------------------------------------------------
c 
c opening file to write '/tmp/23_237_0_three.drat'
c writing binary proof trace to '/tmp/23_237_0_three.drat'
c 
c --- [ parsing input ] ------------------------------------------------------
c 
c reading DIMACS file from '/tmp/23_237_0_three.cnf'
c opening file to read '/tmp/23_237_0_three.cnf'
c found 'p cnf 39424 200372' header
c parsed 200372 clauses in 0.08 seconds process time
c 
c --- [ options ] ------------------------------------------------------------
c 
c   --stabilize=false              (different from default 'true')
c   --walk=false                   (different from default 'true')
c 
c --- [ solving ] ------------------------------------------------------------
c 
c time measured in process time since initialization
c 
c  seconds  reductions  redundant  irredundant
c         MB    restarts       trail       variables
c          level   conflicts       glue         remaining
c 
c *  0.08 26  0 0   0    0    0  0% 0 183403 38166 97%
c {  0.08 26  0 0   0    0    0  0% 0 183403 38166 97%
c -  0.12 27 54 1   6  303  209  8% 7 175430 38166 97%
c i  0.16 29 52 1  34  691  541  8% 8 175430 38121 97%
c i  0.16 29 49 1  34  750  581  8% 8 175430 37911 96%
c I  0.18 29 43 1  67 1003  807  8% 8 175430 37911 96%
c i  0.18 29 45 1  69 1051  849  8% 8 175430 37889 96%
c -  0.24 35 45 2  69 1051  627  8% 8 170385 37889 96%
c i  0.28 35 41 2  73 1559 1027  9% 7 170385 37859 96%
c }  0.28 35 40 2  73 1571 1018  9% 7 170385 37620 95%
c 0  0.28 35 40 2  73 1571 1018  9% 7 170385 37620 95%
c 
c --- [ result ] -------------------------------------------------------------
c 
s UNSATISFIABLE
c 
c --- [ run-time profiling ] -------------------------------------------------
c 
c process time taken by individual solving procedures
c (percentage relative to process time for solving)
c 
c         0.20  100.00% search
c         0.19   97.96% unstable
c         0.00    2.04% lucky
c         0.00    0.00% simplify
c   =================================
c         0.20   71.01% solve
c 
c last line shows process time for solving
c (percentage relative to total process time)
c 
c --- [ statistics ] ---------------------------------------------------------
c 
c backtracked:                1943       123.68 %  of conflicts
c chronological:               714        36.75 %  of backtracks
c conflicts:                  1571      8015.31    per second
c decisions:                  8526     43500.00    per second
c fixed:                      1804         4.58 %  of all variables
c learned:                    1339        85.23 %  per conflict
c minimized:                  9567        24.57 %  learned literals
c propagations:             507099         2.59 M  per second
c reduced:                     115         7.32 %  per conflict
c rephased:                      1      1571.00    interval
c restarts:                     73        21.52    interval
c subsumed:                     93         0.03 %  of all clauses
c 
c seconds are measured in process time for solving
c 
c --- [ resources ] ----------------------------------------------------------
c 
c total process time since initialization:         0.28    seconds
c total real time since initialization:            0.28    seconds
c maximum resident set size of process:           34.66    MB
c 
c --- [ shutting down ] ------------------------------------------------------
c 
c exit 20
