c --- [ banner ] -------------------------------------------------------------
c 
c CaDiCaL Radically Simplified CDCL SAT Solver
c Copyright (c) 2016-2019 Armin Biere, JKU Linz
c 
c Version 1.0.3 cb89cbfa16f47cb7bf1ec6ad9855e7b6d5203c18
c g++ (GCC) 6.3.0 -Wall -Wextra -O3 -DNDEBUG
c Fri Aug 23 08:17:16 CDT 2019 Linux login1 4.4.103-6.38-default x86_64
c 
c --- [ config ] -------------------------------------------------------------
c 
c using 'unsat' configuration (target unsatisfiable instances)
c 
c --- [ proof tracing ] ------------------------------------------------------
c 
c opening file to write '/tmp/23_434_0_three.drat'
c writing binary proof trace to '/tmp/23_434_0_three.drat'
c 
c --- [ parsing input ] ------------------------------------------------------
c 
c reading DIMACS file from '/tmp/23_434_0_three.cnf'
c opening file to read '/tmp/23_434_0_three.cnf'
c found 'p cnf 39424 200372' header
c parsed 200372 clauses in 0.08 seconds process time
c 
c --- [ options ] ------------------------------------------------------------
c 
c   --stabilize=false              (different from default 'true')
c   --walk=false                   (different from default 'true')
c 
c --- [ solving ] ------------------------------------------------------------
c 
c time measured in process time since initialization
c 
c  seconds  reductions  redundant  irredundant
c         MB    restarts       trail       variables
c          level   conflicts       glue         remaining
c 
c *  0.08 26  0 0   0    0    0  0% 0 183403 38129 97%
c {  0.08 26  0 0   0    0    0  0% 0 183403 38129 97%
c -  0.13 28 47 1  14  302  261 10% 7 174571 38129 97%
c I  0.19 29 41 1  59 1003  826  9% 8 174571 38129 97%
c -  0.24 35 40 2  60 1048  715  9% 8 174571 38129 97%
c i  0.28 35 39 2  76 1572 1174  9% 8 174571 38090 97%
c i  0.29 35 39 2  76 1573 1174  9% 8 174571 37985 96%
c -  0.38 35 38 3 119 2168 1278  9% 8 171397 37979 96%
c i  0.39 35 37 3 119 2276 1365  9% 8 171397 37971 96%
c }  0.40 35 36 3 119 2306 1392  9% 8 171397 37571 95%
c 0  0.40 35 36 3 119 2306 1392  9% 8 171397 37571 95%
c 
c --- [ result ] -------------------------------------------------------------
c 
s UNSATISFIABLE
c 
c --- [ run-time profiling ] -------------------------------------------------
c 
c process time taken by individual solving procedures
c (percentage relative to process time for solving)
c 
c         0.32  100.00% search
c         0.31   98.73% unstable
c         0.00    1.27% lucky
c         0.00    0.00% simplify
c   =================================
c         0.32   79.80% solve
c 
c last line shows process time for solving
c (percentage relative to total process time)
c 
c --- [ statistics ] ---------------------------------------------------------
c 
c backtracked:                2866       124.28 %  of conflicts
c chronological:              1097        38.28 %  of backtracks
c conflicts:                  2306      7297.47    per second
c decisions:                 11436     36189.87    per second
c fixed:                      1853         4.70 %  of all variables
c learned:                    2063        89.46 %  per conflict
c minimized:                 17650        26.45 %  learned literals
c propagations:             916538         2.90 M  per second
c reduced:                     490        21.25 %  per conflict
c rephased:                      1      2306.00    interval
c restarts:                    119        19.38    interval
c subsumed:                    107         0.03 %  of all clauses
c 
c seconds are measured in process time for solving
c 
c --- [ resources ] ----------------------------------------------------------
c 
c total process time since initialization:         0.40    seconds
c total real time since initialization:            0.40    seconds
c maximum resident set size of process:           39.45    MB
c 
c --- [ shutting down ] ------------------------------------------------------
c 
c exit 20
