c --- [ banner ] -------------------------------------------------------------
c 
c CaDiCaL Radically Simplified CDCL SAT Solver
c Copyright (c) 2016-2019 Armin Biere, JKU Linz
c 
c Version 1.0.3 cb89cbfa16f47cb7bf1ec6ad9855e7b6d5203c18
c g++ (GCC) 6.3.0 -Wall -Wextra -O3 -DNDEBUG
c Fri Aug 23 08:17:16 CDT 2019 Linux login1 4.4.103-6.38-default x86_64
c 
c --- [ config ] -------------------------------------------------------------
c 
c using 'unsat' configuration (target unsatisfiable instances)
c 
c --- [ proof tracing ] ------------------------------------------------------
c 
c opening file to write '/tmp/23_620_0_three.drat'
c writing binary proof trace to '/tmp/23_620_0_three.drat'
c 
c --- [ parsing input ] ------------------------------------------------------
c 
c reading DIMACS file from '/tmp/23_620_0_three.cnf'
c opening file to read '/tmp/23_620_0_three.cnf'
c found 'p cnf 39424 200372' header
c parsed 200372 clauses in 0.15 seconds process time
c 
c --- [ options ] ------------------------------------------------------------
c 
c   --stabilize=false              (different from default 'true')
c   --walk=false                   (different from default 'true')
c 
c --- [ solving ] ------------------------------------------------------------
c 
c time measured in process time since initialization
c 
c  seconds  reductions  redundant  irredundant
c         MB    restarts       trail       variables
c          level   conflicts       glue         remaining
c 
c *  0.15 26  0 0   0    0    0  0% 0 183405 38270 97%
c {  0.15 27  0 0   0    0    0  0% 0 183405 38270 97%
c -  0.22 28 88 1  14  300  245 10% 8 177578 38270 97%
c i  0.25 29 66 1  30  461  376  9% 7 177578 38260 97%
c i  0.25 29 63 1  30  471  376  9% 7 177578 38082 97%
c i  0.26 29 56 1  30  576  456  8% 7 177578 38078 97%
c I  0.29 29 56 1  87 1003  844  8% 8 177578 38078 97%
c -  0.35 35 55 2  87 1049  672  8% 8 173828 38078 97%
c i  0.46 35 47 2 146 2010 1520 10% 8 173828 38013 96%
c i  0.46 35 46 2 146 2042 1544 10% 7 173828 37995 96%
c -  0.51 37 48 3 161 2170 1235 10% 8 172375 37995 96%
c i  0.52 37 45 3 161 2283 1331 10% 7 172375 37977 96%
c i  0.52 37 45 3 161 2284 1331 10% 7 172375 37969 96%
c i  0.52 37 46 3 161 2400 1417 10% 7 172375 37957 96%
c i  0.52 37 46 3 161 2404 1418 10% 7 172375 37864 96%
c i  0.52 37 46 3 161 2405 1418 10% 7 172375 37674 96%
c i  0.52 37 45 3 161 2407 1419 10% 7 172375 37668 96%
c i  0.52 37 45 3 161 2421 1428 10% 7 172375 37654 96%
c i  0.53 37 45 3 161 2425 1431 10% 7 172375 37648 95%
c i  0.53 37 45 3 161 2432 1435 10% 7 172375 37617 95%
c 
c  seconds  reductions  redundant  irredundant
c         MB    restarts       trail       variables
c          level   conflicts       glue         remaining
c 
c }  0.53 37 45 3 161 2437 1435 10% 7 172375 37497 95%
c 0  0.53 37 45 3 161 2437 1435 10% 7 172375 37497 95%
c 
c --- [ result ] -------------------------------------------------------------
c 
s UNSATISFIABLE
c 
c --- [ run-time profiling ] -------------------------------------------------
c 
c process time taken by individual solving procedures
c (percentage relative to process time for solving)
c 
c         0.38  100.00% search
c         0.38   98.95% unstable
c         0.00    1.05% lucky
c         0.00    0.00% simplify
c   =================================
c         0.38   71.97% solve
c 
c last line shows process time for solving
c (percentage relative to total process time)
c 
c --- [ statistics ] ---------------------------------------------------------
c 
c backtracked:                3063       125.69 %  of conflicts
c chronological:              1174        38.33 %  of backtracks
c conflicts:                  2437      6413.16    per second
c decisions:                 17345     45644.74    per second
c fixed:                      1927         4.89 %  of all variables
c learned:                    2213        90.81 %  per conflict
c minimized:                 13867        22.01 %  learned literals
c propagations:            1039201         2.73 M  per second
c reduced:                     496        20.35 %  per conflict
c rephased:                      1      2437.00    interval
c restarts:                    161        15.14    interval
c subsumed:                    121         0.03 %  of all clauses
c 
c seconds are measured in process time for solving
c 
c --- [ resources ] ----------------------------------------------------------
c 
c total process time since initialization:         0.53    seconds
c total real time since initialization:            0.53    seconds
c maximum resident set size of process:           41.14    MB
c 
c --- [ shutting down ] ------------------------------------------------------
c 
c exit 20
