c --- [ banner ] -------------------------------------------------------------
c 
c CaDiCaL Radically Simplified CDCL SAT Solver
c Copyright (c) 2016-2019 Armin Biere, JKU Linz
c 
c Version 1.0.3 cb89cbfa16f47cb7bf1ec6ad9855e7b6d5203c18
c g++ (GCC) 6.3.0 -Wall -Wextra -O3 -DNDEBUG
c Fri Aug 23 08:17:16 CDT 2019 Linux login1 4.4.103-6.38-default x86_64
c 
c --- [ config ] -------------------------------------------------------------
c 
c using 'unsat' configuration (target unsatisfiable instances)
c 
c --- [ proof tracing ] ------------------------------------------------------
c 
c opening file to write '/tmp/54_237_0_four.drat'
c writing binary proof trace to '/tmp/54_237_0_four.drat'
c 
c --- [ parsing input ] ------------------------------------------------------
c 
c reading DIMACS file from '/tmp/54_237_0_four.cnf'
c opening file to read '/tmp/54_237_0_four.cnf'
c found 'p cnf 259840 1039929' header
c parsed 1039929 clauses in 0.61 seconds process time
c 
c --- [ options ] ------------------------------------------------------------
c 
c   --stabilize=false              (different from default 'true')
c   --walk=false                   (different from default 'true')
c 
c --- [ solving ] ------------------------------------------------------------
c 
c time measured in process time since initialization
c 
c  seconds   reductions  redundant   irredundant
c          MB    restarts       trail        variables
c           level   conflicts       glue           remaining
c 
c *  0.63 139  0 0   0    0    0  0% 0 1039424 253332 97%
c {  0.65 142  0 0   0    0    0  0% 0 1039424 253332 97%
c -  0.86 147 240 1  16  300  195  6% 5 913974 253332 97%
c i  1.12 147 85 1 106  881  693  6% 9 913974 252977 97%
c I  1.18 147 74 1 111 1003  806  7% 9 913974 252977 97%
c -  1.65 177 59 2 139 1487 1165  7% 9 907703 252977 97%
c i  1.78 178 50 2 145 1841 1461  7% 9 907703 252793 97%
c B  2.36 178 41 2 239 3004 2488  7% 9 907703 252793 97%
c -  2.77 178 41 3 260 3249 2108  8% 9 905041 252793 97%
c i  2.95 178 40 3 268 3511 2331  8% 9 905041 252757 97%
c i  2.95 178 40 3 268 3512 2331  8% 9 905041 252659 97%
c }  2.96 178 39 3 271 3559 2353  8% 9 905041 252636 97%
c 0  2.96 178 39 3 271 3559 2353  8% 9 905041 252636 97%
c 
c --- [ result ] -------------------------------------------------------------
c 
s UNSATISFIABLE
c 
c --- [ run-time profiling ] -------------------------------------------------
c 
c process time taken by individual solving procedures
c (percentage relative to process time for solving)
c 
c         2.33   99.15% search
c         2.31   98.13% unstable
c         0.02    1.02% lucky
c         0.00    0.00% simplify
c   =================================
c         2.35   79.46% solve
c 
c last line shows process time for solving
c (percentage relative to total process time)
c 
c --- [ statistics ] ---------------------------------------------------------
c 
c backtracked:                4347       122.14 %  of conflicts
c chronological:              1457        33.52 %  of backtracks
c conflicts:                  3559      1513.18    per second
c decisions:                 16729      7112.67    per second
c fixed:                      7204         2.77 %  of all variables
c learned:                    3229        90.73 %  per conflict
c minimized:                 25570        21.91 %  learned literals
c propagations:            7697209         3.27 M  per second
c reduced:                     581        16.32 %  per conflict
c rephased:                      2      1779.50    interval
c restarts:                    271        13.13    interval
c subsumed:                    228         0.01 %  of all clauses
c 
c seconds are measured in process time for solving
c 
c --- [ resources ] ----------------------------------------------------------
c 
c total process time since initialization:         2.96    seconds
c total real time since initialization:            2.96    seconds
c maximum resident set size of process:          200.97    MB
c 
c --- [ shutting down ] ------------------------------------------------------
c 
c exit 20
