c --- [ banner ] -------------------------------------------------------------
c 
c CaDiCaL Radically Simplified CDCL SAT Solver
c Copyright (c) 2016-2019 Armin Biere, JKU Linz
c 
c Version 1.0.3 cb89cbfa16f47cb7bf1ec6ad9855e7b6d5203c18
c g++ (GCC) 6.3.0 -Wall -Wextra -O3 -DNDEBUG
c Fri Aug 23 08:17:16 CDT 2019 Linux login1 4.4.103-6.38-default x86_64
c 
c --- [ config ] -------------------------------------------------------------
c 
c using 'unsat' configuration (target unsatisfiable instances)
c 
c --- [ proof tracing ] ------------------------------------------------------
c 
c opening file to write '/tmp/54_797_0_four.drat'
c writing binary proof trace to '/tmp/54_797_0_four.drat'
c 
c --- [ parsing input ] ------------------------------------------------------
c 
c reading DIMACS file from '/tmp/54_797_0_four.cnf'
c opening file to read '/tmp/54_797_0_four.cnf'
c found 'p cnf 259840 1039929' header
c parsed 1039929 clauses in 0.54 seconds process time
c 
c --- [ options ] ------------------------------------------------------------
c 
c   --stabilize=false              (different from default 'true')
c   --walk=false                   (different from default 'true')
c 
c --- [ solving ] ------------------------------------------------------------
c 
c time measured in process time since initialization
c 
c  seconds   reductions  redundant   irredundant
c          MB    restarts       trail        variables
c           level   conflicts       glue           remaining
c 
c *  0.56 139  0 0   0    0    0  0% 0 1039424 252272 97%
c {  0.59 143  0 0   0    0    0  0% 0 1039424 252272 97%
c -  0.83 147 231 1  17  301  187  6% 5 901244 252272 97%
c i  1.01 147 142 1  54  464  341  6% 7 901244 252156 97%
c i  1.02 147 138 1  57  473  348  6% 7 901244 252040 97%
c i  1.02 147 138 1  57  474  348  6% 7 901244 251757 97%
c i  1.12 147 114 1  73  576  434  7% 7 901244 250455 96%
c i  1.28 147 95 1 106  720  565  7% 8 901244 250228 96%
c i  1.38 147 77 1 121  906  717  8% 8 901244 249700 96%
c I  1.43 147 66 1 121 1004  800  8% 7 901244 249696 96%
c i  1.43 147 66 1 121 1006  801  8% 7 901244 249654 96%
c i  1.44 147 65 1 121 1019  811  8% 7 901244 249432 96%
c i  1.44 147 64 1 121 1020  811  8% 7 901244 249388 96%
c i  1.47 147 61 1 127 1078  859  8% 8 901244 248446 96%
c i  1.72 147 59 1 159 1425 1164 10% 8 901244 248440 96%
c i  1.72 147 59 1 160 1431 1169 10% 8 901244 247320 95%
c }  1.72 147 59 1 160 1434 1170 10% 8 901244 246781 95%
c 0  1.72 147 59 1 160 1434 1170 10% 8 901244 246781 95%
c 
c --- [ result ] -------------------------------------------------------------
c 
s UNSATISFIABLE
c 
c --- [ run-time profiling ] -------------------------------------------------
c 
c process time taken by individual solving procedures
c (percentage relative to process time for solving)
c 
c         1.16   97.64% search
c         1.13   95.61% unstable
c         0.02    2.03% lucky
c         0.00    0.00% simplify
c   =================================
c         1.18   68.84% solve
c 
c last line shows process time for solving
c (percentage relative to total process time)
c 
c --- [ statistics ] ---------------------------------------------------------
c 
c backtracked:                1859       129.64 %  of conflicts
c chronological:               671        36.09 %  of backtracks
c conflicts:                  1434      1211.15    per second
c decisions:                  9157      7733.95    per second
c fixed:                     13059         5.03 %  of all variables
c learned:                    1334        93.03 %  per conflict
c minimized:                  6568        19.05 %  learned literals
c propagations:            3474122         2.93 M  per second
c rephased:                      1      1434.00    interval
c restarts:                    160         8.96    interval
c subsumed:                    151         0.01 %  of all clauses
c 
c seconds are measured in process time for solving
c 
c --- [ resources ] ----------------------------------------------------------
c 
c total process time since initialization:         1.72    seconds
c total real time since initialization:            1.72    seconds
c maximum resident set size of process:          154.98    MB
c 
c --- [ shutting down ] ------------------------------------------------------
c 
c exit 20
