c --- [ banner ] -------------------------------------------------------------
c 
c CaDiCaL Radically Simplified CDCL SAT Solver
c Copyright (c) 2016-2019 Armin Biere, JKU Linz
c 
c Version 1.0.3 cb89cbfa16f47cb7bf1ec6ad9855e7b6d5203c18
c g++ (GCC) 6.3.0 -Wall -Wextra -O3 -DNDEBUG
c Fri Aug 23 08:17:16 CDT 2019 Linux login1 4.4.103-6.38-default x86_64
c 
c --- [ config ] -------------------------------------------------------------
c 
c using 'unsat' configuration (target unsatisfiable instances)
c 
c --- [ proof tracing ] ------------------------------------------------------
c 
c opening file to write '/tmp/28_573_0_four.drat'
c writing binary proof trace to '/tmp/28_573_0_four.drat'
c 
c --- [ parsing input ] ------------------------------------------------------
c 
c reading DIMACS file from '/tmp/28_573_0_four.cnf'
c opening file to read '/tmp/28_573_0_four.cnf'
c found 'p cnf 43008 265790' header
c parsed 265790 clauses in 0.10 seconds process time
c 
c --- [ options ] ------------------------------------------------------------
c 
c   --stabilize=false              (different from default 'true')
c   --walk=false                   (different from default 'true')
c 
c --- [ solving ] ------------------------------------------------------------
c 
c time measured in process time since initialization
c 
c  seconds  reductions  redundant  irredundant
c         MB    restarts       trail       variables
c          level   conflicts       glue         remaining
c 
c *  0.10 31  0 0   0    0    0  0% 0 240730 41471 96%
c {  0.11 31  0 0   0    0    0  0% 0 240730 41471 96%
c i  0.13 33 72 0   9  291  213 10% 6 240730 41462 96%
c -  0.16 33 74 1   9  303  218 10% 6 231938 41462 96%
c i  0.16 33 54 1  14  495  315  8% 7 231938 41398 96%
c i  0.16 33 53 1  14  511  325  8% 7 231938 41333 96%
c i  0.17 33 43 1  31  631  403  8% 8 231938 41045 95%
c i  0.17 33 42 1  31  657  421  8% 7 231938 40950 95%
c }  0.18 33 40 1  31  729  465  8% 7 231938 40928 95%
c 0  0.18 33 40 1  31  729  465  8% 7 231938 40928 95%
c 
c --- [ result ] -------------------------------------------------------------
c 
s UNSATISFIABLE
c 
c --- [ run-time profiling ] -------------------------------------------------
c 
c process time taken by individual solving procedures
c (percentage relative to process time for solving)
c 
c         0.07  100.00% search
c         0.07   94.44% unstable
c         0.00    5.56% lucky
c         0.00    0.00% simplify
c   =================================
c         0.07   40.91% solve
c 
c last line shows process time for solving
c (percentage relative to total process time)
c 
c --- [ statistics ] ---------------------------------------------------------
c 
c backtracked:                 862       118.24 %  of conflicts
c chronological:               301        34.92 %  of backtracks
c conflicts:                   729     10125.00    per second
c decisions:                  3743     51986.11    per second
c fixed:                      2080         4.84 %  of all variables
c learned:                     536        73.53 %  per conflict
c minimized:                  3455        23.17 %  learned literals
c propagations:             175330         2.44 M  per second
c restarts:                     31        23.52    interval
c subsumed:                     58         0.01 %  of all clauses
c 
c seconds are measured in process time for solving
c 
c --- [ resources ] ----------------------------------------------------------
c 
c total process time since initialization:         0.18    seconds
c total real time since initialization:            0.18    seconds
c maximum resident set size of process:           34.55    MB
c 
c --- [ shutting down ] ------------------------------------------------------
c 
c exit 20
