c --- [ banner ] -------------------------------------------------------------
c 
c CaDiCaL Radically Simplified CDCL SAT Solver
c Copyright (c) 2016-2019 Armin Biere, JKU Linz
c 
c Version 1.0.3 cb89cbfa16f47cb7bf1ec6ad9855e7b6d5203c18
c g++ (GCC) 6.3.0 -Wall -Wextra -O3 -DNDEBUG
c Fri Aug 23 08:17:16 CDT 2019 Linux login1 4.4.103-6.38-default x86_64
c 
c --- [ config ] -------------------------------------------------------------
c 
c using 'unsat' configuration (target unsatisfiable instances)
c 
c --- [ proof tracing ] ------------------------------------------------------
c 
c opening file to write '/tmp/28_685_0_four.drat'
c writing binary proof trace to '/tmp/28_685_0_four.drat'
c 
c --- [ parsing input ] ------------------------------------------------------
c 
c reading DIMACS file from '/tmp/28_685_0_four.cnf'
c opening file to read '/tmp/28_685_0_four.cnf'
c found 'p cnf 43008 265790' header
c parsed 265790 clauses in 0.16 seconds process time
c 
c --- [ options ] ------------------------------------------------------------
c 
c   --stabilize=false              (different from default 'true')
c   --walk=false                   (different from default 'true')
c 
c --- [ solving ] ------------------------------------------------------------
c 
c time measured in process time since initialization
c 
c  seconds  reductions  redundant  irredundant
c         MB    restarts       trail       variables
c          level   conflicts       glue         remaining
c 
c *  0.16 31  0 0   0    0    0  0% 0 240739 41437 96%
c {  0.16 31  0 0   0    0    0  0% 0 240739 41437 96%
c -  0.21 32 28 1   6  300  206  7% 7 231363 41437 96%
c I  0.28 33 58 1  72 1003  783  9% 8 231363 41437 96%
c -  0.35 42 57 2  73 1119  763  9% 8 231363 41437 96%
c -  0.48 42 50 3 182 2348 1419  9% 9 231363 41437 96%
c B  0.53 42 45 3 214 3004 1954  9% 9 231363 41437 96%
c -  0.68 42 42 4 242 3986 2087 10% 9 231363 41437 96%
c d  0.88 43 35 4 251 5001 2924 10% 8 228245 39876 93%
c 2  1.02 43 35 4 251 5001 2924 10% 8 225899 39876 93%
c p  1.31 46 35 4 251 5001 14146 10% 8 225899 39808 93%
c s  1.48 39 35 4 251 5082 14195 10% 8 225897 39808 93%
c v  1.79 48 35 4 251 5082 14195 10% 8 222412 39808 93%
c w  1.87 48 35 4 251 5082 14189 10% 8 222412 39808 93%
c t  1.90 48 35 4 251 5082 14188 10% 8 202891 39808 93%
c e  2.40 50 35 4 251 5082 5030 10% 8 184237 23569 55%
c s  2.47 53 35 4 251 5082 5019 10% 8 184237 23569 55%
c F  2.64 56 33 4 299 6005 5782  5% 8 184237 23569 55%
c -  2.67 56 33 5 299 6034 1207  5% 8 184237 23569 55%
c i  2.79 56 27 5 345 8271 3098  4% 8 184237 23494 55%
c 
c  seconds  reductions  redundant  irredundant
c         MB    restarts       trail       variables
c          level   conflicts       glue         remaining
c 
c i  2.79 56 27 5 345 8277 3103  4% 8 184237 23354 54%
c }  2.79 56 27 5 345 8279 3103  4% 8 184237 23017 54%
c 0  2.79 56 27 5 345 8279 3103  4% 8 184237 23017 54%
c 
c --- [ result ] -------------------------------------------------------------
c 
s UNSATISFIABLE
c 
c --- [ run-time profiling ] -------------------------------------------------
c 
c process time taken by individual solving procedures
c (percentage relative to process time for solving)
c 
c         1.60   60.70% simplify
c         1.04   39.30% search
c         1.03   39.15% unstable
c         0.49   18.51% elim
c         0.34   12.90% vivify
c         0.29   10.93% probe
c         0.19    7.28% subsume
c         0.10    3.95% ternary
c         0.00    0.15% lucky
c   =================================
c         2.64   94.41% solve
c 
c last line shows process time for solving
c (percentage relative to total process time)
c 
c --- [ statistics ] ---------------------------------------------------------
c 
c backtracked:               36115       436.22 %  of conflicts
c chronological:              3131         8.67 %  of backtracks
c conflicts:                  8279      3140.74    per second
c decisions:                 31338     11888.47    per second
c eliminated:                16239        37.76 %  of all variables
c fixed:                      2191         5.09 %  of all variables
c learned:                    7443        89.90 %  per conflict
c minimized:                 94420        31.98 %  learned literals
c propagations:            4317720         1.64 M  per second
c reduced:                    1343        16.22 %  per conflict
c rephased:                      3      2759.67    interval
c restarts:                    345        24.00    interval
c substituted:                1561         3.63 %  of all variables
c subsumed:                   6617         0.77 %  of all clauses
c strengthened:               2767         0.32 %  of all clauses
c vivified:                   3550         0.41 %  of all clauses
c weakened:                  78192         3.75    average size
c 
c seconds are measured in process time for solving
c 
c --- [ resources ] ----------------------------------------------------------
c 
c total process time since initialization:         2.79    seconds
c total real time since initialization:            2.79    seconds
c maximum resident set size of process:           55.79    MB
c 
c --- [ shutting down ] ------------------------------------------------------
c 
c exit 20
