c --- [ banner ] -------------------------------------------------------------
c 
c CaDiCaL Radically Simplified CDCL SAT Solver
c Copyright (c) 2016-2019 Armin Biere, JKU Linz
c 
c Version 1.0.3 cb89cbfa16f47cb7bf1ec6ad9855e7b6d5203c18
c g++ (GCC) 6.3.0 -Wall -Wextra -O3 -DNDEBUG
c Fri Aug 23 08:17:16 CDT 2019 Linux login1 4.4.103-6.38-default x86_64
c 
c --- [ config ] -------------------------------------------------------------
c 
c using 'unsat' configuration (target unsatisfiable instances)
c 
c --- [ proof tracing ] ------------------------------------------------------
c 
c opening file to write '/tmp/28_904_0_four.drat'
c writing binary proof trace to '/tmp/28_904_0_four.drat'
c 
c --- [ parsing input ] ------------------------------------------------------
c 
c reading DIMACS file from '/tmp/28_904_0_four.cnf'
c opening file to read '/tmp/28_904_0_four.cnf'
c found 'p cnf 43008 265790' header
c parsed 265790 clauses in 0.11 seconds process time
c 
c --- [ options ] ------------------------------------------------------------
c 
c   --stabilize=false              (different from default 'true')
c   --walk=false                   (different from default 'true')
c 
c --- [ solving ] ------------------------------------------------------------
c 
c time measured in process time since initialization
c 
c  seconds  reductions  redundant  irredundant
c         MB    restarts       trail       variables
c          level   conflicts       glue         remaining
c 
c *  0.11 31  0 0   0    0    0  0% 0 240733 41428 96%
c {  0.12 31  0 0   0    0    0  0% 0 240733 41428 96%
c -  0.16 33 54 1  11  300  220  9% 8 231362 41428 96%
c I  0.22 34 50 1  38 1003  725 10% 8 231362 41428 96%
c -  0.30 42 46 2  39 1118  703  9% 8 231362 41428 96%
c -  0.46 42 39 3 145 2345 1434 10% 9 231362 41428 96%
c B  0.52 42 38 3 191 3008 1955 10% 8 231362 41428 96%
c -  0.67 42 33 4 207 3984 2002 10% 8 231362 41428 96%
c d  0.91 43 34 4 281 5000 2898 10% 8 228250 39872 93%
c 2  1.05 43 34 4 281 5000 2898 10% 8 225916 39872 93%
c p  1.32 46 34 4 281 5000 7248 10% 8 225916 39816 93%
c s  1.49 40 35 4 292 5079 7312 10% 8 225915 39816 93%
c v  1.78 48 35 4 292 5079 7312 10% 8 222064 39816 93%
c w  1.86 49 35 4 292 5079 7300 10% 8 222064 39816 93%
c t  1.89 49 35 4 292 5079 7294 10% 8 202777 39816 93%
c e  2.38 49 35 4 292 5079 2287 10% 8 184219 23583 55%
c s  2.45 54 35 4 292 5079 2275 10% 8 184219 23583 55%
c F  2.63 55 33 4 329 6010 3042  6% 8 184219 23583 55%
c -  2.66 55 33 5 329 6030 1211  6% 8 184219 23583 55%
c i  2.71 55 32 5 388 6776 1837  5% 8 184219 23574 55%
c 
c  seconds  reductions  redundant  irredundant
c         MB    restarts       trail       variables
c          level   conflicts       glue         remaining
c 
c }  2.71 55 32 5 388 6824 1869  5% 8 184219 22731 53%
c 0  2.71 55 32 5 388 6824 1869  5% 8 184219 22731 53%
c 
c --- [ result ] -------------------------------------------------------------
c 
s UNSATISFIABLE
c 
c --- [ run-time profiling ] -------------------------------------------------
c 
c process time taken by individual solving procedures
c (percentage relative to process time for solving)
c 
c         1.57   60.46% simplify
c         1.03   39.54% search
c         1.02   39.38% unstable
c         0.48   18.62% elim
c         0.32   12.46% vivify
c         0.26   10.15% probe
c         0.20    7.54% subsume
c         0.11    4.31% ternary
c         0.00    0.15% lucky
c   =================================
c         2.60   95.87% solve
c 
c last line shows process time for solving
c (percentage relative to total process time)
c 
c --- [ statistics ] ---------------------------------------------------------
c 
c backtracked:               36090       528.87 %  of conflicts
c chronological:              2848         7.89 %  of backtracks
c conflicts:                  6824      2624.62    per second
c decisions:                 29570     11373.08    per second
c eliminated:                16233        37.74 %  of all variables
c fixed:                      2488         5.78 %  of all variables
c learned:                    6029        88.35 %  per conflict
c minimized:                 66271        29.24 %  learned literals
c propagations:            4370967         1.68 M  per second
c reduced:                    1376        20.16 %  per conflict
c rephased:                      3      2274.67    interval
c restarts:                    388        17.59    interval
c substituted:                1556         3.62 %  of all variables
c subsumed:                   6858         0.81 %  of all clauses
c strengthened:               2629         0.31 %  of all clauses
c vivified:                   3951         0.47 %  of all clauses
c weakened:                  78544         3.73    average size
c 
c seconds are measured in process time for solving
c 
c --- [ resources ] ----------------------------------------------------------
c 
c total process time since initialization:         2.71    seconds
c total real time since initialization:            2.71    seconds
c maximum resident set size of process:           55.16    MB
c 
c --- [ shutting down ] ------------------------------------------------------
c 
c exit 20
