c --- [ banner ] -------------------------------------------------------------
c 
c CaDiCaL Radically Simplified CDCL SAT Solver
c Copyright (c) 2016-2019 Armin Biere, JKU Linz
c 
c Version 1.0.3 cb89cbfa16f47cb7bf1ec6ad9855e7b6d5203c18
c g++ (GCC) 6.3.0 -Wall -Wextra -O3 -DNDEBUG
c Fri Aug 23 08:17:16 CDT 2019 Linux login1 4.4.103-6.38-default x86_64
c 
c --- [ config ] -------------------------------------------------------------
c 
c using 'unsat' configuration (target unsatisfiable instances)
c 
c --- [ proof tracing ] ------------------------------------------------------
c 
c opening file to write '/tmp/80_260_0_four.drat'
c writing binary proof trace to '/tmp/80_260_0_four.drat'
c 
c --- [ parsing input ] ------------------------------------------------------
c 
c reading DIMACS file from '/tmp/80_260_0_four.cnf'
c opening file to read '/tmp/80_260_0_four.cnf'
c found 'p cnf 259840 1039924' header
c parsed 1039924 clauses in 0.44 seconds process time
c 
c --- [ options ] ------------------------------------------------------------
c 
c   --stabilize=false              (different from default 'true')
c   --walk=false                   (different from default 'true')
c 
c --- [ solving ] ------------------------------------------------------------
c 
c time measured in process time since initialization
c 
c  seconds   reductions  redundant   irredundant
c          MB    restarts       trail        variables
c           level   conflicts       glue           remaining
c 
c *  0.45 139  0 0   0    0    0  0% 0 1039424 253305 97%
c {  0.47 142  0 0   0    0    0  0% 0 1039424 253305 97%
c -  0.66 147 316 1   9  300  183  5% 5 915990 253305 97%
c I  1.08 147 80 1  97 1002  810  7% 7 915990 253305 97%
c i  1.26 147 65 1 122 1357 1104  7% 7 915990 253277 97%
c i  1.28 147 63 1 122 1399 1131  7% 7 915990 253132 97%
c i  1.28 147 63 1 122 1400 1131  7% 7 915990 253102 97%
c i  1.28 147 63 1 122 1401 1131  7% 7 915990 251040 97%
c }  1.28 147 63 1 122 1403 1131  7% 7 915990 249709 96%
c 0  1.28 147 63 1 122 1403 1131  7% 7 915990 249709 96%
c 
c --- [ result ] -------------------------------------------------------------
c 
s UNSATISFIABLE
c 
c --- [ run-time profiling ] -------------------------------------------------
c 
c process time taken by individual solving procedures
c (percentage relative to process time for solving)
c 
c         0.82   98.10% search
c         0.80   95.71% unstable
c         0.02    2.38% lucky
c         0.00    0.00% simplify
c   =================================
c         0.84   65.83% solve
c 
c last line shows process time for solving
c (percentage relative to total process time)
c 
c --- [ statistics ] ---------------------------------------------------------
c 
c backtracked:                1819       129.65 %  of conflicts
c chronological:               717        39.42 %  of backtracks
c conflicts:                  1403      1670.24    per second
c decisions:                  8549     10177.38    per second
c fixed:                     10131         3.90 %  of all variables
c learned:                    1285        91.59 %  per conflict
c minimized:                  6083        18.90 %  learned literals
c propagations:            2901662         3.45 M  per second
c rephased:                      1      1403.00    interval
c restarts:                    122        11.50    interval
c subsumed:                    149         0.01 %  of all clauses
c 
c seconds are measured in process time for solving
c 
c --- [ resources ] ----------------------------------------------------------
c 
c total process time since initialization:         1.28    seconds
c total real time since initialization:            1.28    seconds
c maximum resident set size of process:          154.68    MB
c 
c --- [ shutting down ] ------------------------------------------------------
c 
c exit 20
