c --- [ banner ] -------------------------------------------------------------
c 
c CaDiCaL Radically Simplified CDCL SAT Solver
c Copyright (c) 2016-2019 Armin Biere, JKU Linz
c 
c Version 1.0.3 cb89cbfa16f47cb7bf1ec6ad9855e7b6d5203c18
c g++ (GCC) 6.3.0 -Wall -Wextra -O3 -DNDEBUG
c Fri Aug 23 08:17:16 CDT 2019 Linux login1 4.4.103-6.38-default x86_64
c 
c --- [ config ] -------------------------------------------------------------
c 
c using 'unsat' configuration (target unsatisfiable instances)
c 
c --- [ proof tracing ] ------------------------------------------------------
c 
c opening file to write '/tmp/80_353_0_four.drat'
c writing binary proof trace to '/tmp/80_353_0_four.drat'
c 
c --- [ parsing input ] ------------------------------------------------------
c 
c reading DIMACS file from '/tmp/80_353_0_four.cnf'
c opening file to read '/tmp/80_353_0_four.cnf'
c found 'p cnf 259840 1039924' header
c parsed 1039924 clauses in 0.45 seconds process time
c 
c --- [ options ] ------------------------------------------------------------
c 
c   --stabilize=false              (different from default 'true')
c   --walk=false                   (different from default 'true')
c 
c --- [ solving ] ------------------------------------------------------------
c 
c time measured in process time since initialization
c 
c  seconds   reductions  redundant   irredundant
c          MB    restarts       trail        variables
c           level   conflicts       glue           remaining
c 
c *  0.47 139  0 0   0    0    0  0% 0 1039424 254029 98%
c {  0.49 142  0 0   0    0    0  0% 0 1039424 254029 98%
c -  0.71 148 314 1   9  302  188  5% 4 924482 254029 98%
c I  1.22 148 95 1 140 1003  827  7% 9 924482 254029 98%
c -  1.74 179 69 2 157 1482 1231  8% 8 924482 254029 98%
c B  2.68 179 47 2 294 3004 2572  8% 9 924482 254029 98%
c -  3.05 180 45 3 306 3252 2246  8% 9 924482 254029 98%
c i  3.16 180 42 3 315 3432 2390  8% 9 924482 253610 98%
c i  3.35 180 37 3 315 3937 2834  8% 8 924482 253495 98%
c s  4.07 198 36 3 319 4068 2919  8% 8 924482 253495 98%
c v  5.28 198 36 3 319 4068 2919  8% 8 924440 253495 98%
c w  5.60 198 36 3 319 4068 2891  8% 8 924440 253495 98%
c t  5.67 198 36 3 319 4068 2891  8% 8 923717 253495 98%
c e  8.46 194 36 3 319 4068   52  8% 8 226646 28014 11%
c s  8.76 194 36 3 319 4068   52  8% 8 226360 28014 11%
c e  9.14 194 36 3 319 4068   49  8% 8 226360 27919 11%
c 3  9.52 194 37 3 411 5000 3603  7% 8 226360 27919 11%
c 3  9.54 194 37 3 411 5000 3891  7% 8 226360 27919 11%
c d  9.60 194 37 3 411 5000 3833  7% 8 226360 27912 11%
c 2  9.62 194 37 3 411 5000 3819  7% 8 226360 27912 11%
c 
c  seconds   reductions  redundant  irredundant
c          MB    restarts       trail       variables
c           level   conflicts       glue         remaining
c 
c p  9.71 194 37 3 411 5000 5534  7% 8 226360 27912 11%
c -  9.86 194 35 4 446 5611 1580  6% 8 226360 27912 11%
c F  9.91 194 34 4 456 6006 1939  7% 8 226360 27912 11%
c i 10.10 194 32 4 491 7027 2800  7% 8 226360 27904 11%
c } 10.10 194 32 4 491 7031 2802  7% 8 226360 27898 11%
c 0 10.10 194 32 4 491 7031 2802  7% 8 226360 27898 11%
c 
c --- [ result ] -------------------------------------------------------------
c 
s UNSATISFIABLE
c 
c --- [ run-time profiling ] -------------------------------------------------
c 
c process time taken by individual solving procedures
c (percentage relative to process time for solving)
c 
c         5.77   59.81% simplify
c         3.86   40.02% search
c         3.84   39.82% unstable
c         3.10   32.10% elim
c         1.41   14.60% vivify
c         0.90    9.33% subsume
c         0.10    1.04% ternary
c         0.09    0.91% probe
c         0.02    0.21% lucky
c   =================================
c         9.64   95.52% solve
c 
c last line shows process time for solving
c (percentage relative to total process time)
c 
c --- [ statistics ] ---------------------------------------------------------
c 
c backtracked:               19649       279.46 %  of conflicts
c chronological:              2873        14.62 %  of backtracks
c conflicts:                  7031       729.05    per second
c decisions:                 32585      3378.78    per second
c eliminated:               225576        86.81 %  of all variables
c fixed:                      6359         2.45 %  of all variables
c learned:                    6530        92.87 %  per conflict
c minimized:                 64396        26.73 %  learned literals
c propagations:           13956132         1.45 M  per second
c reduced:                     573         8.15 %  per conflict
c rephased:                      3      2343.67    interval
c restarts:                    491        14.32    interval
c substituted:                   7         0.00 %  of all variables
c subsumed:                   5936         0.20 %  of all clauses
c strengthened:              14907         0.49 %  of all clauses
c ternary:                    3425         0.31 %  of resolved
c vivified:                     82         0.00 %  of all clauses
c weakened:                 804033         2.85    average size
c 
c seconds are measured in process time for solving
c 
c --- [ resources ] ----------------------------------------------------------
c 
c total process time since initialization:        10.10    seconds
c total real time since initialization:           10.10    seconds
c maximum resident set size of process:          208.17    MB
c 
c --- [ shutting down ] ------------------------------------------------------
c 
c exit 20
