c --- [ banner ] -------------------------------------------------------------
c 
c CaDiCaL Radically Simplified CDCL SAT Solver
c Copyright (c) 2016-2019 Armin Biere, JKU Linz
c 
c Version 1.0.3 cb89cbfa16f47cb7bf1ec6ad9855e7b6d5203c18
c g++ (GCC) 6.3.0 -Wall -Wextra -O3 -DNDEBUG
c Fri Aug 23 08:17:16 CDT 2019 Linux login1 4.4.103-6.38-default x86_64
c 
c --- [ config ] -------------------------------------------------------------
c 
c using 'unsat' configuration (target unsatisfiable instances)
c 
c --- [ proof tracing ] ------------------------------------------------------
c 
c opening file to write '/tmp/80_873_0_four.drat'
c writing binary proof trace to '/tmp/80_873_0_four.drat'
c 
c --- [ parsing input ] ------------------------------------------------------
c 
c reading DIMACS file from '/tmp/80_873_0_four.cnf'
c opening file to read '/tmp/80_873_0_four.cnf'
c found 'p cnf 259840 1039924' header
c parsed 1039924 clauses in 0.47 seconds process time
c 
c --- [ options ] ------------------------------------------------------------
c 
c   --stabilize=false              (different from default 'true')
c   --walk=false                   (different from default 'true')
c 
c --- [ solving ] ------------------------------------------------------------
c 
c time measured in process time since initialization
c 
c  seconds   reductions  redundant   irredundant
c          MB    restarts       trail        variables
c           level   conflicts       glue           remaining
c 
c *  0.49 139  0 0   0    0    0  0% 0 1039424 254029 98%
c {  0.51 142  0 0   0    0    0  0% 0 1039424 254029 98%
c -  0.70 146 313 1  10  300  185  5% 4 924486 254029 98%
c I  1.17 146 84 1 166 1002  832  6% 8 924486 254029 98%
c -  1.77 177 59 2 168 1481 1224  8% 8 924486 254029 98%
c i  2.04 178 53 2 181 1930 1611  8% 8 924486 253768 98%
c i  2.27 178 48 2 227 2425 2036  8% 8 924486 252890 97%
c i  2.27 178 48 2 227 2426 2036  8% 8 924486 252888 97%
c }  2.29 178 47 2 227 2475 2069  8% 8 924486 247735 95%
c 0  2.29 178 47 2 227 2475 2069  8% 8 924486 247735 95%
c 
c --- [ result ] -------------------------------------------------------------
c 
s UNSATISFIABLE
c 
c --- [ run-time profiling ] -------------------------------------------------
c 
c process time taken by individual solving procedures
c (percentage relative to process time for solving)
c 
c         1.80   98.90% search
c         1.78   97.80% unstable
c         0.02    1.10% lucky
c         0.00    0.00% simplify
c   =================================
c         1.82   79.41% solve
c 
c last line shows process time for solving
c (percentage relative to total process time)
c 
c --- [ statistics ] ---------------------------------------------------------
c 
c backtracked:                3108       125.58 %  of conflicts
c chronological:              1077        34.65 %  of backtracks
c conflicts:                  2475      1359.89    per second
c decisions:                 13919      7647.80    per second
c fixed:                     12105         4.66 %  of all variables
c learned:                    2297        92.81 %  per conflict
c minimized:                 18769        25.89 %  learned literals
c propagations:            5968923         3.28 M  per second
c reduced:                      25         1.01 %  per conflict
c rephased:                      1      2475.00    interval
c restarts:                    227        10.90    interval
c subsumed:                    199         0.01 %  of all clauses
c 
c seconds are measured in process time for solving
c 
c --- [ resources ] ----------------------------------------------------------
c 
c total process time since initialization:         2.29    seconds
c total real time since initialization:            2.29    seconds
c maximum resident set size of process:          177.55    MB
c 
c --- [ shutting down ] ------------------------------------------------------
c 
c exit 20
