c --- [ banner ] -------------------------------------------------------------
c 
c CaDiCaL Radically Simplified CDCL SAT Solver
c Copyright (c) 2016-2019 Armin Biere, JKU Linz
c 
c Version 1.0.3 cb89cbfa16f47cb7bf1ec6ad9855e7b6d5203c18
c g++ (GCC) 6.3.0 -Wall -Wextra -O3 -DNDEBUG
c Fri Aug 23 08:17:16 CDT 2019 Linux login1 4.4.103-6.38-default x86_64
c 
c --- [ config ] -------------------------------------------------------------
c 
c using 'unsat' configuration (target unsatisfiable instances)
c 
c --- [ proof tracing ] ------------------------------------------------------
c 
c opening file to write '/tmp/64_1058_0_six.drat'
c writing binary proof trace to '/tmp/64_1058_0_six.drat'
c 
c --- [ parsing input ] ------------------------------------------------------
c 
c reading DIMACS file from '/tmp/64_1058_0_six.cnf'
c opening file to read '/tmp/64_1058_0_six.cnf'
c found 'p cnf 50176 399279' header
c parsed 399279 clauses in 0.14 seconds process time
c 
c --- [ options ] ------------------------------------------------------------
c 
c   --stabilize=false              (different from default 'true')
c   --walk=false                   (different from default 'true')
c 
c --- [ solving ] ------------------------------------------------------------
c 
c time measured in process time since initialization
c 
c  seconds  reductions  redundant  irredundant
c         MB    restarts       trail       variables
c          level   conflicts       glue         remaining
c 
c *  0.14 45  0 0   0    0    0  0% 0 368308 48464 97%
c {  0.15 46  0 0   0    0    0  0% 0 368308 48464 97%
c -  0.21 47 67 1  35  303  197  6% 10 356024 48464 97%
c I  0.26 48 74 1  52 1002  672  8% 10 356024 48464 97%
c -  0.35 61 80 2  82 1234  783  9% 11 356024 48464 97%
c i  0.36 61 77 2  82 1613 1025  9% 11 356024 48213 96%
c -  0.48 61 76 3 100 2636 1225 11% 10 349739 48213 96%
c B  0.51 61 73 3 136 3007 1481 11% 10 349739 48213 96%
c i  0.57 61 74 3 209 3979 2193 11% 10 349739 48051 96%
c -  0.65 61 68 4 250 4490 1961 11% 10 345173 48051 96%
c d  0.80 62 67 4 260 5001 2310 11% 10 340513 45723 91%
c 2  0.94 62 67 4 260 5001 2308 11% 10 334692 45662 91%
c p  1.16 62 67 4 260 5001 9940 11% 10 334692 45579 91%
c d  1.20 62 67 4 260 5001 8689 11% 10 331016 45572 91%
c s  1.44 72 66 4 325 5855 9329 11% 10 330995 45568 91%
c v  1.68 72 66 4 325 5855 9329 11% 10 327736 45568 91%
c w  1.77 72 66 4 325 5855 9316 11% 10 327736 45568 91%
c t  1.81 72 66 4 325 5855 9307 11% 10 293323 45491 91%
c e  2.48 78 66 4 325 5855 1811 11% 10 273373 27775 55%
c F  2.72 82 64 4 327 6008 1937  3% 10 273373 27775 55%
c 
c  seconds  reductions  redundant   irredundant
c         MB    restarts       trail        variables
c          level   conflicts       glue          remaining
c 
c -  2.80 82 59 5 347 6800 1016  4% 10 273373 27775 55%
c -  2.98 82 49 6 471 9387 2441  4% 10 273373 27775 55%
c B  3.00 82 47 6 481 10009 2883  4% 9 273373 27775 55%
c -  3.22 82 44 7 625 12406 3466  6% 9 273373 27775 55%
c 3  3.54 82 42 7 677 15001 22459  7% 9 273373 27775 55%
c 2  3.59 82 42 7 677 15001 22456  7% 9 273373 27775 55%
c p  3.63 82 42 7 677 15001 24067  7% 9 273373 27775 55%
c #  3.66 82 42 7 677 15015 24077  7% 9 273373 27775 55%
c -  3.79 82 42 8 703 15854 4583  7% 9 273373 27775 55%
c i  4.10 82 41 8 858 18425 6658  7% 9 273373 27756 55%
c i  4.14 82 40 8 858 18644 6844  8% 9 273373 27751 55%
c s  4.23 82 40 8 888 19054 7145  7% 9 273373 27751 55%
c v  4.49 82 40 8 888 19054 7145  7% 9 257610 27751 55%
c w  4.58 82 40 8 888 19054 7049  7% 9 257610 27751 55%
c t  4.59 82 40 8 888 19054 7047  7% 9 257507 27751 55%
c e  4.74 82 40 8 888 19054 6913  7% 9 254296 27500 55%
c i  4.82 82 40 8 894 19354 7189  8% 9 254296 27475 55%
c -  4.92 82 40 9 901 19735 5091  8% 9 251653 27475 55%
c B  5.08 82 39 9 934 21016 6176  8% 9 251653 27475 55%
c -  5.52 82 36 10 1005 23937 6092  9% 9 251653 27475 55%
c 
c  seconds  reductions     redundant  irredundant
c         MB     restarts         trail       variables
c          level      conflicts       glue         remaining
c 
c O  6.16 82 33 10 1180 28018 9592  9% 9 251653 27475 55%
c -  6.29 82 33 11 1180 28562 7270  9% 9 251653 27475 55%
c 3  6.69 82 31 11 1243 30001 24779 10% 9 251653 27475 55%
c 2  6.74 82 31 11 1243 30001 24778 10% 9 251652 27475 55%
c p  6.80 82 31 11 1243 30001 37353 10% 9 251652 27475 55%
c i  7.12 82 30 11 1274 31681 38696 10% 9 251652 27469 55%
c i  7.12 82 30 11 1274 31697 38703 10% 9 251652 27442 55%
c -  7.55 61 28 12 1337 33604 8432 10% 8 248239 27442 55%
c i  7.74 61 27 12 1407 34604 9149 10% 8 248239 27329 54%
c i  7.74 61 27 12 1407 34619 9160 10% 8 248239 27315 54%
c i  7.74 61 27 12 1407 34627 9167 10% 8 248239 27278 54%
c i  7.75 61 27 12 1407 34686 9205 10% 8 248239 26694 53%
c i  7.75 61 27 12 1407 34701 9218 10% 8 248239 25809 51%
c }  7.75 61 27 12 1407 34703 9218 10% 8 248239 25072 50%
c 0  7.75 61 27 12 1407 34703 9218 10% 8 248239 25072 50%
c 
c --- [ result ] -------------------------------------------------------------
c 
s UNSATISFIABLE
c 
c --- [ run-time profiling ] -------------------------------------------------
c 
c process time taken by individual solving procedures
c (percentage relative to process time for solving)
c 
c         4.87   63.99% search
c         4.86   63.93% unstable
c         2.74   36.01% simplify
c         0.82   10.73% elim
c         0.61    8.04% vivify
c         0.32    4.21% probe
c         0.30    4.00% ternary
c         0.26    3.47% subsume
c         0.00    0.05% lucky
c   =================================
c         7.61   98.14% solve
c 
c last line shows process time for solving
c (percentage relative to total process time)
c 
c --- [ statistics ] ---------------------------------------------------------
c 
c backtracked:              124574       358.97 %  of conflicts
c chronological:             12056         9.68 %  of backtracks
c conflicts:                 34703      4561.38    per second
c decisions:                120037     15777.73    per second
c eliminated:                17967        35.81 %  of all variables
c fixed:                      4798         9.56 %  of all variables
c learned:                   31641        91.18 %  per conflict
c minimized:                502223        37.12 %  learned literals
c propagations:           25924657         3.41 M  per second
c reduced:                   14842        42.77 %  per conflict
c rephased:                      7      4957.57    interval
c restarts:                   1407        24.66    interval
c substituted:                2339         4.66 %  of all variables
c subsumed:                  29637         2.04 %  of all clauses
c strengthened:               5082         0.35 %  of all clauses
c ternary:                   46248         0.85 %  of resolved
c vivified:                  19571         1.35 %  of all clauses
c weakened:                 107747         4.20    average size
c 
c seconds are measured in process time for solving
c 
c --- [ resources ] ----------------------------------------------------------
c 
c total process time since initialization:         7.75    seconds
c total real time since initialization:            7.76    seconds
c maximum resident set size of process:           82.31    MB
c 
c --- [ shutting down ] ------------------------------------------------------
c 
c exit 20
