c --- [ banner ] -------------------------------------------------------------
c 
c CaDiCaL Radically Simplified CDCL SAT Solver
c Copyright (c) 2016-2019 Armin Biere, JKU Linz
c 
c Version 1.0.3 cb89cbfa16f47cb7bf1ec6ad9855e7b6d5203c18
c g++ (GCC) 6.3.0 -Wall -Wextra -O3 -DNDEBUG
c Fri Aug 23 08:17:16 CDT 2019 Linux login1 4.4.103-6.38-default x86_64
c 
c --- [ config ] -------------------------------------------------------------
c 
c using 'unsat' configuration (target unsatisfiable instances)
c 
c --- [ proof tracing ] ------------------------------------------------------
c 
c opening file to write '/tmp/64_811_0_six.drat'
c writing binary proof trace to '/tmp/64_811_0_six.drat'
c 
c --- [ parsing input ] ------------------------------------------------------
c 
c reading DIMACS file from '/tmp/64_811_0_six.cnf'
c opening file to read '/tmp/64_811_0_six.cnf'
c found 'p cnf 50176 399279' header
c parsed 399279 clauses in 0.22 seconds process time
c 
c --- [ options ] ------------------------------------------------------------
c 
c   --stabilize=false              (different from default 'true')
c   --walk=false                   (different from default 'true')
c 
c --- [ solving ] ------------------------------------------------------------
c 
c time measured in process time since initialization
c 
c  seconds  reductions  redundant  irredundant
c         MB    restarts       trail       variables
c          level   conflicts       glue         remaining
c 
c *  0.23 45  0 0   0    0    0  0% 0 368269 48252 96%
c {  0.23 46  0 0   0    0    0  0% 0 368269 48252 96%
c i  0.23 46 64 0   0   40   33  5% 3 368269 48242 96%
c i  0.24 47 65 0   2   84   69  7% 4 368269 48166 96%
c -  0.28 47 45 1  31  300  206  7% 9 347984 48146 96%
c i  0.31 47 43 1  56  759  463  7% 10 347984 48124 96%
c i  0.31 47 43 1  56  768  466  7% 10 347984 47505 95%
c i  0.31 47 43 1  56  773  468  7% 10 347984 47360 94%
c }  0.31 47 43 1  56  779  468  7% 10 347984 47310 94%
c 0  0.31 47 43 1  56  779  468  7% 10 347984 47310 94%
c 
c --- [ result ] -------------------------------------------------------------
c 
s UNSATISFIABLE
c 
c --- [ run-time profiling ] -------------------------------------------------
c 
c process time taken by individual solving procedures
c (percentage relative to process time for solving)
c 
c         0.08   95.45% search
c         0.08   95.45% unstable
c         0.00    0.00% simplify
c   =================================
c         0.09   28.21% solve
c 
c last line shows process time for solving
c (percentage relative to total process time)
c 
c --- [ statistics ] ---------------------------------------------------------
c 
c backtracked:                 913       117.20 %  of conflicts
c chronological:               280        30.67 %  of backtracks
c conflicts:                   779      8852.27    per second
c decisions:                  5696     64727.27    per second
c fixed:                      2866         5.71 %  of all variables
c learned:                     523        67.14 %  per conflict
c minimized:                  5677        25.05 %  learned literals
c propagations:             202730         2.30 M  per second
c restarts:                     56        13.91    interval
c subsumed:                     48         0.01 %  of all clauses
c 
c seconds are measured in process time for solving
c 
c --- [ resources ] ----------------------------------------------------------
c 
c total process time since initialization:         0.31    seconds
c total real time since initialization:            0.32    seconds
c maximum resident set size of process:           49.39    MB
c 
c --- [ shutting down ] ------------------------------------------------------
c 
c exit 20
