c --- [ banner ] -------------------------------------------------------------
c 
c CaDiCaL Radically Simplified CDCL SAT Solver
c Copyright (c) 2016-2019 Armin Biere, JKU Linz
c 
c Version 1.0.3 cb89cbfa16f47cb7bf1ec6ad9855e7b6d5203c18
c g++ (GCC) 6.3.0 -Wall -Wextra -O3 -DNDEBUG
c Fri Aug 23 08:17:16 CDT 2019 Linux login1 4.4.103-6.38-default x86_64
c 
c --- [ config ] -------------------------------------------------------------
c 
c using 'unsat' configuration (target unsatisfiable instances)
c 
c --- [ proof tracing ] ------------------------------------------------------
c 
c opening file to write '/tmp/50_1220_0_four.drat'
c writing binary proof trace to '/tmp/50_1220_0_four.drat'
c 
c --- [ parsing input ] ------------------------------------------------------
c 
c reading DIMACS file from '/tmp/50_1220_0_four.cnf'
c opening file to read '/tmp/50_1220_0_four.cnf'
c found 'p cnf 259840 1039924' header
c parsed 1039924 clauses in 0.45 seconds process time
c 
c --- [ options ] ------------------------------------------------------------
c 
c   --stabilize=false              (different from default 'true')
c   --walk=false                   (different from default 'true')
c 
c --- [ solving ] ------------------------------------------------------------
c 
c time measured in process time since initialization
c 
c  seconds   reductions  redundant   irredundant
c          MB    restarts       trail        variables
c           level   conflicts       glue           remaining
c 
c *  0.47 139  0 0   0    0    0  0% 0 1039424 254151 98%
c {  0.49 142  0 0   0    0    0  0% 0 1039424 254151 98%
c -  0.78 150 53 1  21  301  233  6% 8 924542 254151 98%
c i  0.96 150 51 1  52  738  586  6% 8 924542 253135 97%
c I  1.04 150 44 1  76 1002  800  6% 9 924542 253135 97%
c -  1.74 180 44 2  98 1480 1121  8% 8 909258 253135 97%
c i  1.85 180 46 2 116 1628 1252  8% 8 909258 253019 97%
c i  2.70 180 51 2 251 2237 1800  8% 10 909258 252686 97%
c i  2.95 180 52 2 295 2434 1983  8% 10 909258 252522 97%
c i  2.95 180 52 2 295 2435 1983  8% 10 909258 252475 97%
c i  2.98 180 51 2 297 2574 2088  8% 10 909258 252101 97%
c i  3.00 180 48 2 297 2726 2172  8% 9 909258 252051 97%
c i  3.00 180 48 2 297 2732 2177  8% 9 909258 252007 97%
c }  3.00 180 48 2 297 2746 2180  8% 9 909258 251735 97%
c 0  3.00 180 48 2 297 2746 2180  8% 9 909258 251735 97%
c 
c --- [ result ] -------------------------------------------------------------
c 
s UNSATISFIABLE
c 
c --- [ run-time profiling ] -------------------------------------------------
c 
c process time taken by individual solving procedures
c (percentage relative to process time for solving)
c 
c         2.53   99.22% search
c         2.51   98.43% unstable
c         0.02    0.78% lucky
c         0.00    0.00% simplify
c   =================================
c         2.55   84.93% solve
c 
c last line shows process time for solving
c (percentage relative to total process time)
c 
c --- [ statistics ] ---------------------------------------------------------
c 
c backtracked:                3379       123.05 %  of conflicts
c chronological:              1092        32.32 %  of backtracks
c conflicts:                  2746      1077.71    per second
c decisions:                 21362      8383.83    per second
c fixed:                      8105         3.12 %  of all variables
c learned:                    2459        89.55 %  per conflict
c minimized:                 15044        19.01 %  learned literals
c propagations:            7735547         3.04 M  per second
c reduced:                      72         2.62 %  per conflict
c rephased:                      1      2746.00    interval
c restarts:                    297         9.25    interval
c subsumed:                    167         0.01 %  of all clauses
c 
c seconds are measured in process time for solving
c 
c --- [ resources ] ----------------------------------------------------------
c 
c total process time since initialization:         3.00    seconds
c total real time since initialization:            3.00    seconds
c maximum resident set size of process:          180.38    MB
c 
c --- [ shutting down ] ------------------------------------------------------
c 
c exit 20
