c --- [ banner ] -------------------------------------------------------------
c 
c CaDiCaL Radically Simplified CDCL SAT Solver
c Copyright (c) 2016-2019 Armin Biere, JKU Linz
c 
c Version 1.0.3 cb89cbfa16f47cb7bf1ec6ad9855e7b6d5203c18
c g++ (GCC) 6.3.0 -Wall -Wextra -O3 -DNDEBUG
c Fri Aug 23 08:17:16 CDT 2019 Linux login1 4.4.103-6.38-default x86_64
c 
c --- [ config ] -------------------------------------------------------------
c 
c using 'unsat' configuration (target unsatisfiable instances)
c 
c --- [ proof tracing ] ------------------------------------------------------
c 
c opening file to write '/tmp/11_758_0_three.drat'
c writing binary proof trace to '/tmp/11_758_0_three.drat'
c 
c --- [ parsing input ] ------------------------------------------------------
c 
c reading DIMACS file from '/tmp/11_758_0_three.cnf'
c opening file to read '/tmp/11_758_0_three.cnf'
c found 'p cnf 39424 200377' header
c parsed 200377 clauses in 0.16 seconds process time
c 
c --- [ options ] ------------------------------------------------------------
c 
c   --stabilize=false              (different from default 'true')
c   --walk=false                   (different from default 'true')
c 
c --- [ solving ] ------------------------------------------------------------
c 
c time measured in process time since initialization
c 
c  seconds  reductions  redundant  irredundant
c         MB    restarts       trail       variables
c          level   conflicts       glue         remaining
c 
c *  0.16 26  0 0   0    0    0  0% 0 182487 38162 97%
c {  0.16 27  0 0   0    0    0  0% 0 182487 38162 97%
c -  0.24 28 57 1  16  303  253  9% 8 175852 38162 97%
c I  0.32 29 52 1  51 1010  851  9% 8 175852 38162 97%
c -  0.37 35 50 2  51 1050  742  9% 8 175852 38162 97%
c -  0.48 35 49 3 167 2170 1265  9% 8 175852 38162 97%
c B  0.56 35 47 3 181 3011 2026  9% 8 175852 38162 97%
c -  0.66 35 44 4 223 3664 1975  9% 8 175852 38162 97%
c s  0.84 32 39 4 268 4518 2709  9% 8 175852 38162 97%
c v  0.98 38 39 4 268 4518 2709  9% 8 173187 38162 97%
c w  1.03 38 39 4 268 4518 2709  9% 8 173187 38162 97%
c t  1.05 38 39 4 268 4518 2705  9% 8 159531 38162 97%
c e  1.84 39 39 4 268 4518   42  9% 8 140436 21486 54%
c s  1.91 43 39 4 268 4518   42  9% 8 140419 21486 54%
c 3  2.16 44 39 4 317 5000 8387  4% 8 140419 21486 54%
c p  2.22 44 39 4 317 5000 8495  4% 8 140419 21486 54%
c -  2.29 33 37 5 332 5532 1115  4% 8 140419 21486 54%
c F  2.32 33 36 5 354 6012 1523  4% 8 140419 21486 54%
c i  2.40 33 35 5 403 6922 2309  5% 8 140419 21483 54%
c -  2.47 38 33 6 417 7613 2293  5% 8 140047 21483 54%
c 
c  seconds  reductions  redundant  irredundant
c         MB    restarts       trail       variables
c          level   conflicts       glue         remaining
c 
c i  2.48 38 32 6 417 7688 2362  5% 8 140047 21479 54%
c i  2.51 38 31 6 438 8269 2868  5% 8 140047 21460 54%
c i  2.55 38 30 6 464 8803 3350  5% 8 140047 21451 54%
c i  2.55 38 30 6 464 8831 3362  5% 8 140047 21321 54%
c i  2.55 38 30 6 464 8832 3362  5% 8 140047 21259 54%
c i  2.55 38 30 6 464 8833 3362  5% 8 140047 21255 54%
c }  2.55 38 30 6 464 8847 3368  5% 8 140047 21249 54%
c 0  2.55 38 30 6 464 8847 3368  5% 8 140047 21249 54%
c 
c --- [ result ] -------------------------------------------------------------
c 
s UNSATISFIABLE
c 
c --- [ run-time profiling ] -------------------------------------------------
c 
c process time taken by individual solving procedures
c (percentage relative to process time for solving)
c 
c         1.33   55.61% simplify
c         1.06   44.39% search
c         1.06   44.39% unstable
c         0.82   34.51% elim
c         0.18    7.71% subsume
c         0.16    6.87% vivify
c         0.07    3.02% ternary
c         0.02    0.84% probe
c   =================================
c         2.39   93.57% solve
c 
c last line shows process time for solving
c (percentage relative to total process time)
c 
c --- [ statistics ] ---------------------------------------------------------
c 
c backtracked:               19418       219.49 %  of conflicts
c chronological:              3834        19.74 %  of backtracks
c conflicts:                  8847      3704.77    per second
c decisions:                 38528     16134.00    per second
c eliminated:                16676        42.30 %  of all variables
c fixed:                      1499         3.80 %  of all variables
c learned:                    8142        92.03 %  per conflict
c minimized:                 67213        26.65 %  learned literals
c propagations:            3305299         1.38 M  per second
c reduced:                    1712        19.35 %  per conflict
c rephased:                      3      2949.00    interval
c restarts:                    464        19.07    interval
c subsumed:                   4413         0.55 %  of all clauses
c strengthened:               2522         0.32 %  of all clauses
c ternary:                   11370         0.81 %  of resolved
c vivified:                   2737         0.34 %  of all clauses
c weakened:                  64975         3.57    average size
c 
c seconds are measured in process time for solving
c 
c --- [ resources ] ----------------------------------------------------------
c 
c total process time since initialization:         2.55    seconds
c total real time since initialization:            2.55    seconds
c maximum resident set size of process:           43.79    MB
c 
c --- [ shutting down ] ------------------------------------------------------
c 
c exit 20
