c --- [ banner ] -------------------------------------------------------------
c 
c CaDiCaL Radically Simplified CDCL SAT Solver
c Copyright (c) 2016-2019 Armin Biere, JKU Linz
c 
c Version 1.0.3 cb89cbfa16f47cb7bf1ec6ad9855e7b6d5203c18
c g++ (GCC) 6.3.0 -Wall -Wextra -O3 -DNDEBUG
c Fri Aug 23 08:17:16 CDT 2019 Linux login1 4.4.103-6.38-default x86_64
c 
c --- [ config ] -------------------------------------------------------------
c 
c using 'unsat' configuration (target unsatisfiable instances)
c 
c --- [ proof tracing ] ------------------------------------------------------
c 
c opening file to write '/tmp/11_833_0_three.drat'
c writing binary proof trace to '/tmp/11_833_0_three.drat'
c 
c --- [ parsing input ] ------------------------------------------------------
c 
c reading DIMACS file from '/tmp/11_833_0_three.cnf'
c opening file to read '/tmp/11_833_0_three.cnf'
c found 'p cnf 39424 200377' header
c parsed 200377 clauses in 0.08 seconds process time
c 
c --- [ options ] ------------------------------------------------------------
c 
c   --stabilize=false              (different from default 'true')
c   --walk=false                   (different from default 'true')
c 
c --- [ solving ] ------------------------------------------------------------
c 
c time measured in process time since initialization
c 
c  seconds  reductions  redundant  irredundant
c         MB    restarts       trail       variables
c          level   conflicts       glue         remaining
c 
c *  0.08 26  0 0   0    0    0  0% 0 182487 38097 97%
c {  0.08 27  0 0   0    0    0  0% 0 182487 38097 97%
c i  0.10 27 36 0   2   98   87  9% 6 182487 38073 97%
c i  0.10 27 35 0   2  101   89  9% 5 182487 38034 96%
c -  0.14 28 45 1  32  300  242  8% 7 173276 38034 96%
c I  0.20 29 55 1 115 1002  832  9% 9 173276 38034 96%
c -  0.26 34 57 2 115 1043  734 10% 9 173276 38034 96%
c -  0.39 35 55 3 165 2158 1290 10% 9 173276 38034 96%
c B  0.47 35 54 3 235 3004 2043 10% 9 173276 38034 96%
c -  0.56 35 50 4 279 3645 1871 10% 9 173276 38034 96%
c s  0.74 32 47 4 342 4521 2625 10% 9 173276 38034 96%
c v  0.86 37 47 4 342 4521 2625 10% 9 170388 38034 96%
c w  0.92 37 47 4 342 4521 2624 10% 9 170388 38034 96%
c t  0.94 37 47 4 342 4521 2624 10% 9 155622 38034 96%
c e  1.70 38 47 4 342 4521   41 10% 9 136011 20827 53%
c s  1.78 42 47 4 342 4521   41 10% 9 136000 20827 53%
c 3  2.02 43 45 4 344 5000 8104  4% 9 136000 20827 53%
c p  2.09 44 45 4 344 5000 8443  4% 9 136000 20827 53%
c -  2.16 33 44 5 358 5503 1088  5% 9 136000 20827 53%
c F  2.20 33 42 5 358 6006 1508  6% 9 136000 20827 53%
c 
c  seconds  reductions  redundant  irredundant
c         MB    restarts       trail       variables
c          level   conflicts       glue         remaining
c 
c i  2.22 33 40 5 367 6395 1853  5% 8 136000 20826 53%
c i  2.24 33 38 5 371 6751 2132  5% 8 136000 20823 53%
c i  2.24 33 38 5 371 6788 2162  5% 8 136000 20820 53%
c i  2.24 33 38 5 371 6838 2202  5% 8 136000 20817 53%
c i  2.24 33 38 5 371 6839 2202  5% 8 136000 20746 53%
c i  2.24 33 37 5 371 6873 2225  5% 8 136000 20654 52%
c i  2.24 33 37 5 371 6875 2225  5% 8 136000 20641 52%
c }  2.24 33 37 5 371 6879 2227  5% 8 136000 20484 52%
c 0  2.24 33 37 5 371 6879 2227  5% 8 136000 20484 52%
c 
c --- [ result ] -------------------------------------------------------------
c 
s UNSATISFIABLE
c 
c --- [ run-time profiling ] -------------------------------------------------
c 
c process time taken by individual solving procedures
c (percentage relative to process time for solving)
c 
c         1.30   60.07% simplify
c         0.86   39.93% search
c         0.86   39.74% unstable
c         0.80   37.15% elim
c         0.18    8.32% subsume
c         0.16    7.21% vivify
c         0.07    3.33% ternary
c         0.02    1.11% probe
c         0.00    0.18% lucky
c   =================================
c         2.16   96.43% solve
c 
c last line shows process time for solving
c (percentage relative to total process time)
c 
c --- [ statistics ] ---------------------------------------------------------
c 
c backtracked:               17487       254.21 %  of conflicts
c chronological:              3050        17.44 %  of backtracks
c conflicts:                  6879      3178.84    per second
c decisions:                 33260     15369.69    per second
c eliminated:                17207        43.65 %  of all variables
c fixed:                      1733         4.40 %  of all variables
c learned:                    6300        91.58 %  per conflict
c minimized:                 51539        26.34 %  learned literals
c propagations:            3096043         1.43 M  per second
c reduced:                    1297        18.85 %  per conflict
c rephased:                      3      2293.00    interval
c restarts:                    371        18.54    interval
c subsumed:                   4597         0.59 %  of all clauses
c strengthened:               2516         0.32 %  of all clauses
c ternary:                   10441         0.77 %  of resolved
c vivified:                   3005         0.38 %  of all clauses
c weakened:                  64874         3.57    average size
c 
c seconds are measured in process time for solving
c 
c --- [ resources ] ----------------------------------------------------------
c 
c total process time since initialization:         2.24    seconds
c total real time since initialization:            2.24    seconds
c maximum resident set size of process:           43.77    MB
c 
c --- [ shutting down ] ------------------------------------------------------
c 
c exit 20
