c --- [ banner ] -------------------------------------------------------------
c 
c CaDiCaL Radically Simplified CDCL SAT Solver
c Copyright (c) 2016-2019 Armin Biere, JKU Linz
c 
c Version 1.0.3 cb89cbfa16f47cb7bf1ec6ad9855e7b6d5203c18
c g++ (GCC) 6.3.0 -Wall -Wextra -O3 -DNDEBUG
c Fri Aug 23 08:17:16 CDT 2019 Linux login1 4.4.103-6.38-default x86_64
c 
c --- [ config ] -------------------------------------------------------------
c 
c using 'unsat' configuration (target unsatisfiable instances)
c 
c --- [ proof tracing ] ------------------------------------------------------
c 
c opening file to write '/tmp/22_409_0_six.drat'
c writing binary proof trace to '/tmp/22_409_0_six.drat'
c 
c --- [ parsing input ] ------------------------------------------------------
c 
c reading DIMACS file from '/tmp/22_409_0_six.cnf'
c opening file to read '/tmp/22_409_0_six.cnf'
c found 'p cnf 50176 399294' header
c parsed 399294 clauses in 0.24 seconds process time
c 
c --- [ options ] ------------------------------------------------------------
c 
c   --stabilize=false              (different from default 'true')
c   --walk=false                   (different from default 'true')
c 
c --- [ solving ] ------------------------------------------------------------
c 
c time measured in process time since initialization
c 
c  seconds  reductions  redundant  irredundant
c         MB    restarts       trail       variables
c          level   conflicts       glue         remaining
c 
c *  0.24 44  0 0   0    0    0  0% 0 361758 48224 96%
c {  0.24 45  0 0   0    0    0  0% 0 361758 48224 96%
c -  0.30 47 70 1  24  300  181  8% 8 349912 48224 96%
c I  0.38 48 83 1  81 1003  627 10% 11 349912 48224 96%
c -  0.51 60 82 2 109 1227  714 10% 12 349912 48224 96%
c -  0.68 60 62 3 137 2616 1251 10% 9 349912 48224 96%
c B  0.72 60 56 3 162 3008 1519 10% 9 349912 48224 96%
c i  0.84 60 51 3 183 4357 2503 11% 8 349912 48147 96%
c -  0.94 60 49 4 183 4470 1805 11% 8 347985 48147 96%
c d  1.15 61 46 4 199 5002 2223 11% 8 343303 45807 91%
c 2  1.35 61 46 4 199 5002 2223 11% 8 337451 45795 91%
c p  1.60 62 46 4 199 5002 14128 11% 8 337451 45549 91%
c d  1.66 62 46 4 199 5002 13368 11% 8 330456 45531 91%
c d  1.70 62 46 4 199 5002 13367 11% 8 330452 45530 91%
c i  1.75 62 45 4 218 5274 13592 11% 8 330452 45512 91%
c i  1.78 62 44 4 224 5591 13826 11% 8 330452 45507 91%
c i  1.78 62 44 4 224 5622 13849 11% 8 330452 45487 91%
c }  1.79 62 44 4 224 5636 13846 11% 8 330452 44909 90%
c 0  1.79 62 44 4 224 5636 13846 11% 8 330452 44909 90%
c 
c --- [ result ] -------------------------------------------------------------
c 
s UNSATISFIABLE
c 
c --- [ run-time profiling ] -------------------------------------------------
c 
c process time taken by individual solving procedures
c (percentage relative to process time for solving)
c 
c         0.86   55.15% search
c         0.85   54.90% unstable
c         0.70   44.85% simplify
c         0.26   16.49% probe
c         0.16   10.05% ternary
c         0.00    0.26% lucky
c   =================================
c         1.55   86.80% solve
c 
c last line shows process time for solving
c (percentage relative to total process time)
c 
c --- [ statistics ] ---------------------------------------------------------
c 
c backtracked:               20396       361.89 %  of conflicts
c chronological:              2165        10.61 %  of backtracks
c conflicts:                  5636      3631.44    per second
c decisions:                 29875     19249.36    per second
c fixed:                      2908         5.80 %  of all variables
c learned:                    4530        80.38 %  per conflict
c minimized:                 68770        31.08 %  learned literals
c propagations:            3903325         2.52 M  per second
c reduced:                    1009        17.90 %  per conflict
c rephased:                      2      2818.00    interval
c restarts:                    224        25.16    interval
c substituted:                2359         4.70 %  of all variables
c subsumed:                   6431         0.59 %  of all clauses
c weakened:                   4718         2.00    average size
c 
c seconds are measured in process time for solving
c 
c --- [ resources ] ----------------------------------------------------------
c 
c total process time since initialization:         1.79    seconds
c total real time since initialization:            1.79    seconds
c maximum resident set size of process:           69.40    MB
c 
c --- [ shutting down ] ------------------------------------------------------
c 
c exit 20
