c --- [ banner ] -------------------------------------------------------------
c 
c CaDiCaL Radically Simplified CDCL SAT Solver
c Copyright (c) 2016-2019 Armin Biere, JKU Linz
c 
c Version 1.0.3 cb89cbfa16f47cb7bf1ec6ad9855e7b6d5203c18
c g++ (GCC) 6.3.0 -Wall -Wextra -O3 -DNDEBUG
c Fri Aug 23 08:17:16 CDT 2019 Linux login1 4.4.103-6.38-default x86_64
c 
c --- [ config ] -------------------------------------------------------------
c 
c using 'unsat' configuration (target unsatisfiable instances)
c 
c --- [ proof tracing ] ------------------------------------------------------
c 
c opening file to write '/tmp/22_723_0_six.drat'
c writing binary proof trace to '/tmp/22_723_0_six.drat'
c 
c --- [ parsing input ] ------------------------------------------------------
c 
c reading DIMACS file from '/tmp/22_723_0_six.cnf'
c opening file to read '/tmp/22_723_0_six.cnf'
c found 'p cnf 50176 399294' header
c parsed 399294 clauses in 0.15 seconds process time
c 
c --- [ options ] ------------------------------------------------------------
c 
c   --stabilize=false              (different from default 'true')
c   --walk=false                   (different from default 'true')
c 
c --- [ solving ] ------------------------------------------------------------
c 
c time measured in process time since initialization
c 
c  seconds  reductions  redundant  irredundant
c         MB    restarts       trail       variables
c          level   conflicts       glue         remaining
c 
c *  0.16 44  0 0   0    0    0  0% 0 361758 48070 96%
c {  0.16 45  0 0   0    0    0  0% 0 361758 48070 96%
c -  0.22 46 64 1  19  300  227  9% 7 346416 48070 96%
c I  0.29 47 58 1 105 1002  686 11% 9 346416 48070 96%
c i  0.30 47 69 1 107 1112  764 11% 9 346416 48062 96%
c -  0.42 59 70 2 110 1223  770 11% 9 346256 48062 96%
c i  0.44 59 67 2 121 1287  820 11% 9 346256 48032 96%
c i  0.51 59 49 2 154 2212 1514 11% 9 346256 47960 96%
c -  0.62 59 49 3 186 2609 1354 11% 9 343451 47960 96%
c i  0.66 59 48 3 214 2870 1566 11% 9 343451 46712 93%
c i  0.66 59 48 3 214 2883 1572 11% 9 343451 46702 93%
c i  0.66 59 48 3 214 2922 1586 11% 9 343451 46370 92%
c }  0.66 59 47 3 214 2924 1586 11% 9 343451 46151 92%
c 0  0.66 59 47 3 214 2924 1586 11% 9 343451 46151 92%
c 
c --- [ result ] -------------------------------------------------------------
c 
s UNSATISFIABLE
c 
c --- [ run-time profiling ] -------------------------------------------------
c 
c process time taken by individual solving procedures
c (percentage relative to process time for solving)
c 
c         0.50   99.21% search
c         0.50   99.21% unstable
c         0.00    0.00% simplify
c   =================================
c         0.50   76.83% solve
c 
c last line shows process time for solving
c (percentage relative to total process time)
c 
c --- [ statistics ] ---------------------------------------------------------
c 
c backtracked:                3521       120.42 %  of conflicts
c chronological:              1096        31.13 %  of backtracks
c conflicts:                  2924      5801.59    per second
c decisions:                 18620     36944.44    per second
c fixed:                      4025         8.02 %  of all variables
c learned:                    2362        80.78 %  per conflict
c minimized:                 27361        25.37 %  learned literals
c propagations:            1480208         2.94 M  per second
c reduced:                     386        13.20 %  per conflict
c rephased:                      1      2924.00    interval
c restarts:                    214        13.66    interval
c subsumed:                    259         0.04 %  of all clauses
c 
c seconds are measured in process time for solving
c 
c --- [ resources ] ----------------------------------------------------------
c 
c total process time since initialization:         0.66    seconds
c total real time since initialization:            0.66    seconds
c maximum resident set size of process:           68.07    MB
c 
c --- [ shutting down ] ------------------------------------------------------
c 
c exit 20
