c --- [ banner ] -------------------------------------------------------------
c 
c CaDiCaL Radically Simplified CDCL SAT Solver
c Copyright (c) 2016-2019 Armin Biere, JKU Linz
c 
c Version 1.0.3 cb89cbfa16f47cb7bf1ec6ad9855e7b6d5203c18
c g++ (GCC) 6.3.0 -Wall -Wextra -O3 -DNDEBUG
c Fri Aug 23 08:17:16 CDT 2019 Linux login1 4.4.103-6.38-default x86_64
c 
c --- [ config ] -------------------------------------------------------------
c 
c using 'unsat' configuration (target unsatisfiable instances)
c 
c --- [ proof tracing ] ------------------------------------------------------
c 
c opening file to write '/tmp/52_472_0_three.drat'
c writing binary proof trace to '/tmp/52_472_0_three.drat'
c 
c --- [ parsing input ] ------------------------------------------------------
c 
c reading DIMACS file from '/tmp/52_472_0_three.cnf'
c opening file to read '/tmp/52_472_0_three.cnf'
c found 'p cnf 202048 780990' header
c parsed 780990 clauses in 0.29 seconds process time
c 
c --- [ options ] ------------------------------------------------------------
c 
c   --stabilize=false              (different from default 'true')
c   --walk=false                   (different from default 'true')
c 
c --- [ solving ] ------------------------------------------------------------
c 
c time measured in process time since initialization
c 
c  seconds  reductions  redundant  irredundant
c         MB    restarts       trail       variables
c          level   conflicts       glue          remaining
c 
c *  0.31 97  0 0   0    0    0  0% 0 780480 197112 98%
c {  0.32 99  0 0   0    0    0  0% 0 780480 197112 98%
c -  0.46 103 288 1   9  300  173  5% 4 689613 197112 98%
c I  0.80 108 76 1 149 1002  825  7% 7 689613 197112 98%
c -  1.26 126 65 2 202 1405 1191  8% 8 689613 197112 98%
c B  1.94 126 45 2 312 3003 2641  9% 8 689613 197112 98%
c -  2.12 126 45 3 320 3063 2155  9% 8 689613 197112 98%
c s  2.91 112 39 3 378 3971 2961  9% 8 689613 197112 98%
c w  3.84 139 39 3 378 3971 2957  9% 8 689613 197112 98%
c t  3.89 139 39 3 378 3971 2956  9% 8 689153 197112 98%
c e  5.40 132 39 3 378 3971   34  9% 8 169491 25820 13%
c s  5.55 141 39 3 378 3971   32  9% 8 169408 25820 13%
c e  5.72 141 39 3 378 3971   23  9% 8 169386 25788 13%
c 3  5.97 141 36 3 439 5002 2734  6% 8 169386 25788 13%
c 3  5.98 141 36 3 439 5002 2902  6% 8 169386 25788 13%
c d  6.01 141 36 3 439 5002 2864  6% 8 169386 25783 13%
c 2  6.02 141 36 3 439 5002 2854  6% 8 169386 25783 13%
c p  6.06 141 36 3 439 5002 4772  6% 8 169386 25783 13%
c -  6.12 141 35 4 466 5269 1248  6% 8 169386 25783 13%
c F  6.18 141 34 4 501 6007 1912  6% 8 169386 25783 13%
c 
c  seconds   reductions  redundant  irredundant
c          MB    restarts       trail       variables
c           level   conflicts       glue         remaining
c 
c -  6.28 141 32 5 552 7113 2178  6% 8 169386 25783 13%
c i  6.41 141 28 5 650 9207 3983  5% 8 169386 25748 13%
c -  6.44 141 28 6 650 9324 2651  5% 8 167526 25748 13%
c B  6.48 141 27 6 650 10008 3259  6% 8 167526 25748 13%
c i  6.48 141 27 6 650 10008 3259  6% 8 167526 25739 13%
c i  6.49 141 26 6 650 10057 3303  5% 8 167526 25732 13%
c i  6.51 141 26 6 658 10542 3747  6% 8 167526 25670 13%
c i  6.52 141 26 6 661 10695 3871  6% 8 167526 25658 13%
c i  6.52 141 26 6 661 10701 3876  6% 8 167526 25474 13%
c i  6.54 141 25 6 661 11042 4166  6% 8 167526 25254 12%
c i  6.54 141 25 6 661 11043 4166  6% 8 167526 25253 12%
c i  6.54 141 25 6 661 11046 4168  6% 8 167526 25241 12%
c i  6.54 141 25 6 661 11047 4168  6% 8 167526 25207 12%
c i  6.54 141 25 6 661 11050 4170  6% 8 167526 25202 12%
c i  6.54 141 25 6 661 11051 4170  6% 8 167526 25192 12%
c i  6.54 141 25 6 661 11059 4175  6% 8 167526 25161 12%
c }  6.54 141 25 6 661 11063 4172  6% 8 167526 24502 12%
c 0  6.54 141 25 6 661 11063 4172  6% 8 167526 24502 12%
c 
c --- [ result ] -------------------------------------------------------------
c 
s UNSATISFIABLE
c 
c --- [ run-time profiling ] -------------------------------------------------
c 
c process time taken by individual solving procedures
c (percentage relative to process time for solving)
c 
c         3.20   51.28% simplify
c         3.03   48.46% search
c         3.02   48.27% unstable
c         1.63   26.12% elim
c         0.84   13.38% vivify
c         0.53    8.51% subsume
c         0.06    0.96% ternary
c         0.04    0.64% probe
c         0.01    0.19% lucky
c   =================================
c         6.25   95.54% solve
c 
c last line shows process time for solving
c (percentage relative to total process time)
c 
c --- [ statistics ] ---------------------------------------------------------
c 
c backtracked:               24868       224.79 %  of conflicts
c chronological:              4497        18.08 %  of backtracks
c conflicts:                 11063      1770.65    per second
c decisions:                 41690      6672.54    per second
c eliminated:               171324        84.79 %  of all variables
c fixed:                      6217         3.08 %  of all variables
c learned:                   10482        94.75 %  per conflict
c minimized:                 87378        27.03 %  learned literals
c propagations:           14207029         2.27 M  per second
c reduced:                    2379        21.50 %  per conflict
c rephased:                      4      2765.75    interval
c restarts:                    661        16.74    interval
c substituted:                   5         0.00 %  of all variables
c subsumed:                   4225         0.18 %  of all clauses
c strengthened:              10060         0.44 %  of all clauses
c ternary:                    2214         0.30 %  of resolved
c vivified:                    147         0.01 %  of all clauses
c weakened:                 607400         2.84    average size
c 
c seconds are measured in process time for solving
c 
c --- [ resources ] ----------------------------------------------------------
c 
c total process time since initialization:         6.54    seconds
c total real time since initialization:            6.54    seconds
c maximum resident set size of process:          152.38    MB
c 
c --- [ shutting down ] ------------------------------------------------------
c 
c exit 20
