c --- [ banner ] -------------------------------------------------------------
c 
c CaDiCaL Radically Simplified CDCL SAT Solver
c Copyright (c) 2016-2019 Armin Biere, JKU Linz
c 
c Version 1.0.3 cb89cbfa16f47cb7bf1ec6ad9855e7b6d5203c18
c g++ (GCC) 6.3.0 -Wall -Wextra -O3 -DNDEBUG
c Fri Aug 23 08:17:16 CDT 2019 Linux login1 4.4.103-6.38-default x86_64
c 
c --- [ config ] -------------------------------------------------------------
c 
c using 'unsat' configuration (target unsatisfiable instances)
c 
c --- [ proof tracing ] ------------------------------------------------------
c 
c opening file to write '/tmp/59_694_0_three.drat'
c writing binary proof trace to '/tmp/59_694_0_three.drat'
c 
c --- [ parsing input ] ------------------------------------------------------
c 
c reading DIMACS file from '/tmp/59_694_0_three.cnf'
c opening file to read '/tmp/59_694_0_three.cnf'
c found 'p cnf 202048 780985' header
c parsed 780985 clauses in 0.33 seconds process time
c 
c --- [ options ] ------------------------------------------------------------
c 
c   --stabilize=false              (different from default 'true')
c   --walk=false                   (different from default 'true')
c 
c --- [ solving ] ------------------------------------------------------------
c 
c time measured in process time since initialization
c 
c  seconds  reductions  redundant  irredundant
c         MB    restarts       trail       variables
c          level   conflicts       glue          remaining
c 
c *  0.35 97  0 0   0    0    0  0% 0 780480 196984 97%
c {  0.37 100  0 0   0    0    0  0% 0 780480 196984 97%
c -  0.48 101 273 1   0  307  159  7% 3 686506 196984 97%
c I  1.10 106 80 1 149 1003  789  8% 7 686506 196984 97%
c i  1.15 106 73 1 149 1095  871  8% 7 686506 196883 97%
c -  1.60 125 61 2 163 1408 1146  9% 7 684933 196883 97%
c i  1.80 125 56 2 199 1590 1315  9% 7 684933 196792 97%
c i  2.07 125 42 2 289 2134 1813  9% 8 684933 196177 97%
c i  2.34 125 35 2 325 2743 2319  9% 8 684933 196127 97%
c i  2.41 125 33 2 325 2881 2426  9% 7 684933 195975 97%
c i  2.42 125 33 2 325 2905 2445  9% 7 684933 195974 97%
c i  2.43 125 33 2 325 2922 2455  9% 7 684933 195944 97%
c i  2.43 125 33 2 325 2923 2455  9% 7 684933 191248 95%
c i  2.45 125 32 2 325 2967 2489  9% 7 684933 191046 95%
c }  2.45 125 32 2 325 2980 2498  9% 7 684933 187878 93%
c 0  2.45 125 32 2 325 2980 2498  9% 7 684933 187878 93%
c 
c --- [ result ] -------------------------------------------------------------
c 
s UNSATISFIABLE
c 
c --- [ run-time profiling ] -------------------------------------------------
c 
c process time taken by individual solving procedures
c (percentage relative to process time for solving)
c 
c         2.10   99.25% search
c         2.08   98.30% unstable
c         0.02    0.94% lucky
c         0.00    0.00% simplify
c   =================================
c         2.12   86.46% solve
c 
c last line shows process time for solving
c (percentage relative to total process time)
c 
c --- [ statistics ] ---------------------------------------------------------
c 
c backtracked:                3844       128.99 %  of conflicts
c chronological:              1325        34.47 %  of backtracks
c conflicts:                  2980      1405.66    per second
c decisions:                 14338      6763.21    per second
c fixed:                     14170         7.01 %  of all variables
c learned:                    2874        96.44 %  per conflict
c minimized:                 26082        31.02 %  learned literals
c propagations:            8362433         3.94 M  per second
c reduced:                       3         0.10 %  per conflict
c rephased:                      1      2980.00    interval
c restarts:                    325         9.17    interval
c subsumed:                    356         0.02 %  of all clauses
c 
c seconds are measured in process time for solving
c 
c --- [ resources ] ----------------------------------------------------------
c 
c total process time since initialization:         2.45    seconds
c total real time since initialization:            2.45    seconds
c maximum resident set size of process:          124.81    MB
c 
c --- [ shutting down ] ------------------------------------------------------
c 
c exit 20
