c --- [ banner ] -------------------------------------------------------------
c 
c CaDiCaL Radically Simplified CDCL SAT Solver
c Copyright (c) 2016-2019 Armin Biere, JKU Linz
c 
c Version 1.0.3 cb89cbfa16f47cb7bf1ec6ad9855e7b6d5203c18
c g++ (GCC) 6.3.0 -Wall -Wextra -O3 -DNDEBUG
c Fri Aug 23 08:17:16 CDT 2019 Linux login1 4.4.103-6.38-default x86_64
c 
c --- [ config ] -------------------------------------------------------------
c 
c using 'unsat' configuration (target unsatisfiable instances)
c 
c --- [ proof tracing ] ------------------------------------------------------
c 
c opening file to write '/tmp/59_73_0_three.drat'
c writing binary proof trace to '/tmp/59_73_0_three.drat'
c 
c --- [ parsing input ] ------------------------------------------------------
c 
c reading DIMACS file from '/tmp/59_73_0_three.cnf'
c opening file to read '/tmp/59_73_0_three.cnf'
c found 'p cnf 202048 780985' header
c parsed 780985 clauses in 0.33 seconds process time
c 
c --- [ options ] ------------------------------------------------------------
c 
c   --stabilize=false              (different from default 'true')
c   --walk=false                   (different from default 'true')
c 
c --- [ solving ] ------------------------------------------------------------
c 
c time measured in process time since initialization
c 
c  seconds  reductions  redundant  irredundant
c         MB    restarts       trail       variables
c          level   conflicts       glue          remaining
c 
c *  0.35 97  0 0   0    0    0  0% 0 780480 197367 98%
c {  0.36 99  0 0   0    0    0  0% 0 780480 197367 98%
c -  0.48 101 224 1   0  300  159  6% 4 691263 197367 98%
c i  0.56 107 182 1   8  371  214  6% 4 691263 196884 97%
c i  0.67 107 126 1  44  500  332  7% 5 691263 196883 97%
c i  0.68 107 121 1  48  518  349  7% 6 691263 196829 97%
c I  1.32 107 70 1 150 1004  812  8% 7 691263 196829 97%
c i  1.42 107 61 1 166 1184  971  8% 7 691263 196170 97%
c -  2.00 124 58 2 208 1403 1141  9% 7 673944 196170 97%
c i  3.00 124 41 2 311 2539 2172 10% 8 673944 196104 97%
c i  3.00 124 40 2 311 2565 2191 10% 8 673944 196034 97%
c }  3.00 124 40 2 311 2571 2193 10% 8 673944 195881 97%
c 0  3.00 124 40 2 311 2571 2193 10% 8 673944 195881 97%
c 
c --- [ result ] -------------------------------------------------------------
c 
s UNSATISFIABLE
c 
c --- [ run-time profiling ] -------------------------------------------------
c 
c process time taken by individual solving procedures
c (percentage relative to process time for solving)
c 
c         2.65   99.40% search
c         2.64   98.80% unstable
c         0.02    0.60% lucky
c         0.00    0.00% simplify
c   =================================
c         2.67   88.93% solve
c 
c last line shows process time for solving
c (percentage relative to total process time)
c 
c --- [ statistics ] ---------------------------------------------------------
c 
c backtracked:                3353       130.42 %  of conflicts
c chronological:              1242        37.04 %  of backtracks
c conflicts:                  2571       963.64    per second
c decisions:                 16620      6229.39    per second
c fixed:                      6167         3.05 %  of all variables
c learned:                    2452        95.37 %  per conflict
c minimized:                 14732        22.61 %  learned literals
c propagations:            7317626         2.74 M  per second
c reduced:                       3         0.12 %  per conflict
c rephased:                      1      2571.00    interval
c restarts:                    311         8.27    interval
c subsumed:                    217         0.01 %  of all clauses
c 
c seconds are measured in process time for solving
c 
c --- [ resources ] ----------------------------------------------------------
c 
c total process time since initialization:         3.00    seconds
c total real time since initialization:            3.00    seconds
c maximum resident set size of process:          124.28    MB
c 
c --- [ shutting down ] ------------------------------------------------------
c 
c exit 20
