c --- [ banner ] -------------------------------------------------------------
c 
c CaDiCaL Radically Simplified CDCL SAT Solver
c Copyright (c) 2016-2019 Armin Biere, JKU Linz
c 
c Version 1.0.3 cb89cbfa16f47cb7bf1ec6ad9855e7b6d5203c18
c g++ (GCC) 6.3.0 -Wall -Wextra -O3 -DNDEBUG
c Fri Aug 23 08:17:16 CDT 2019 Linux login1 4.4.103-6.38-default x86_64
c 
c --- [ config ] -------------------------------------------------------------
c 
c using 'unsat' configuration (target unsatisfiable instances)
c 
c --- [ proof tracing ] ------------------------------------------------------
c 
c opening file to write '/tmp/25_52_0_four.drat'
c writing binary proof trace to '/tmp/25_52_0_four.drat'
c 
c --- [ parsing input ] ------------------------------------------------------
c 
c reading DIMACS file from '/tmp/25_52_0_four.cnf'
c opening file to read '/tmp/25_52_0_four.cnf'
c found 'p cnf 43008 265785' header
c parsed 265785 clauses in 0.14 seconds process time
c 
c --- [ options ] ------------------------------------------------------------
c 
c   --stabilize=false              (different from default 'true')
c   --walk=false                   (different from default 'true')
c 
c --- [ solving ] ------------------------------------------------------------
c 
c time measured in process time since initialization
c 
c  seconds  reductions  redundant  irredundant
c         MB    restarts       trail       variables
c          level   conflicts       glue         remaining
c 
c *  0.14 31  0 0   0    0    0  0% 0 241967 41514 97%
c {  0.15 31  0 0   0    0    0  0% 0 241967 41514 97%
c -  0.20 33 66 1  13  301  192 10% 8 233090 41514 97%
c I  0.27 34 60 1  82 1004  766  9% 9 233090 41514 97%
c -  0.35 42 57 2  82 1122  764 10% 9 233090 41514 97%
c -  0.50 43 50 3 181 2352 1357  9% 10 233090 41514 97%
c B  0.56 43 49 3 212 3007 1908 10% 10 233090 41514 97%
c -  0.71 43 46 4 254 3993 1921 10% 9 233090 41514 97%
c d  0.93 43 47 4 312 5000 2760 10% 9 229954 39946 93%
c 2  1.08 44 47 4 312 5000 2760 10% 9 227602 39946 93%
c p  1.22 47 47 4 312 5000 6144 10% 9 227602 39946 93%
c s  1.40 40 48 4 330 5087 6225 10% 9 227602 39946 93%
c v  1.67 48 48 4 330 5087 6225 10% 9 224171 39946 93%
c w  1.76 49 48 4 330 5087 6221 10% 9 224171 39946 93%
c t  1.79 49 48 4 330 5087 6220 10% 9 205603 39946 93%
c e  2.30 50 48 4 330 5087 2455 10% 9 188823 24078 56%
c s  2.38 53 48 4 330 5087 2452 10% 9 188823 24078 56%
c F  2.60 56 46 4 356 6008 3229 10% 9 188823 24078 56%
c -  2.63 57 46 5 356 6044 1319 10% 9 188823 24078 56%
c -  2.85 57 38 6 432 8344 2581  6% 9 188823 24078 56%
c 
c  seconds  reductions  redundant  irredundant
c         MB    restarts       trail       variables
c          level   conflicts       glue         remaining
c 
c i  2.85 57 38 6 432 8481 2684  6% 9 188823 23951 56%
c i  2.86 57 38 6 432 8506 2708  6% 9 188823 23935 56%
c }  2.86 57 38 6 432 8521 2718  6% 9 188823 23689 55%
c 0  2.86 57 38 6 432 8521 2718  6% 9 188823 23689 55%
c 
c --- [ result ] -------------------------------------------------------------
c 
s UNSATISFIABLE
c 
c --- [ run-time profiling ] -------------------------------------------------
c 
c process time taken by individual solving procedures
c (percentage relative to process time for solving)
c 
c         1.46   53.98% simplify
c         1.25   46.02% search
c         1.24   45.87% unstable
c         0.50   18.44% elim
c         0.32   11.80% vivify
c         0.19    7.08% subsume
c         0.14    5.01% probe
c         0.12    4.28% ternary
c         0.00    0.15% lucky
c   =================================
c         2.71   94.96% solve
c 
c last line shows process time for solving
c (percentage relative to total process time)
c 
c --- [ statistics ] ---------------------------------------------------------
c 
c backtracked:               28011       328.73 %  of conflicts
c chronological:              3408        12.17 %  of backtracks
c conflicts:                  8521      3141.96    per second
c decisions:                 43126     15901.92    per second
c eliminated:                15868        36.90 %  of all variables
c fixed:                      1883         4.38 %  of all variables
c learned:                    7588        89.05 %  per conflict
c minimized:                 71254        24.04 %  learned literals
c propagations:            4144823         1.53 M  per second
c reduced:                    2097        24.61 %  per conflict
c rephased:                      3      2840.33    interval
c restarts:                    432        19.72    interval
c substituted:                1568         3.65 %  of all variables
c subsumed:                   6461         0.76 %  of all clauses
c strengthened:               2581         0.30 %  of all clauses
c vivified:                   3602         0.42 %  of all clauses
c weakened:                  79442         3.71    average size
c 
c seconds are measured in process time for solving
c 
c --- [ resources ] ----------------------------------------------------------
c 
c total process time since initialization:         2.86    seconds
c total real time since initialization:            2.86    seconds
c maximum resident set size of process:           56.76    MB
c 
c --- [ shutting down ] ------------------------------------------------------
c 
c exit 20
