c --- [ banner ] -------------------------------------------------------------
c 
c CaDiCaL Radically Simplified CDCL SAT Solver
c Copyright (c) 2016-2019 Armin Biere, JKU Linz
c 
c Version 1.0.3 cb89cbfa16f47cb7bf1ec6ad9855e7b6d5203c18
c g++ (GCC) 6.3.0 -Wall -Wextra -O3 -DNDEBUG
c Fri Aug 23 08:17:16 CDT 2019 Linux login1 4.4.103-6.38-default x86_64
c 
c --- [ config ] -------------------------------------------------------------
c 
c using 'unsat' configuration (target unsatisfiable instances)
c 
c --- [ proof tracing ] ------------------------------------------------------
c 
c opening file to write '/tmp/25_821_0_four.drat'
c writing binary proof trace to '/tmp/25_821_0_four.drat'
c 
c --- [ parsing input ] ------------------------------------------------------
c 
c reading DIMACS file from '/tmp/25_821_0_four.cnf'
c opening file to read '/tmp/25_821_0_four.cnf'
c found 'p cnf 43008 265785' header
c parsed 265785 clauses in 0.11 seconds process time
c 
c --- [ options ] ------------------------------------------------------------
c 
c   --stabilize=false              (different from default 'true')
c   --walk=false                   (different from default 'true')
c 
c --- [ solving ] ------------------------------------------------------------
c 
c time measured in process time since initialization
c 
c  seconds  reductions  redundant  irredundant
c         MB    restarts       trail       variables
c          level   conflicts       glue         remaining
c 
c *  0.11 31  0 0   0    0    0  0% 0 241971 41554 97%
c {  0.11 31  0 0   0    0    0  0% 0 241971 41554 97%
c -  0.15 33 41 1   6  300  230  8% 7 233666 41554 97%
c I  0.21 34 38 1  50 1013  719  9% 8 233666 41554 97%
c -  0.29 42 40 2  67 1121  707  9% 8 233666 41554 97%
c -  0.45 42 41 3 153 2356 1315  9% 8 233666 41554 97%
c B  0.52 42 44 3 210 3015 1902 10% 8 233666 41554 97%
c -  0.69 42 43 4 297 4001 2053 10% 8 233666 41554 97%
c d  0.91 43 43 4 372 5000 2883 10% 8 230522 39982 93%
c 2  1.05 44 43 4 372 5000 2883 10% 8 228164 39982 93%
c p  1.31 47 43 4 372 5000 12254 10% 8 228164 39955 93%
c s  1.50 40 43 4 380 5085 12314 10% 8 228160 39955 93%
c v  1.78 48 43 4 380 5085 12314 10% 8 223975 39955 93%
c w  1.87 49 43 4 380 5085 12299 10% 8 223975 39955 93%
c t  1.90 49 43 4 380 5085 12297 10% 8 205567 39955 93%
c e  2.39 50 43 4 380 5085 4034 10% 8 188068 24135 56%
c s  2.46 52 43 4 380 5085 4024 10% 8 188068 24135 56%
c F  2.63 56 41 4 395 6017 4709  5% 8 188068 24135 56%
c -  2.66 56 41 5 395 6055 1154  5% 8 188068 24135 56%
c i  2.83 56 35 5 480 8203 2975  6% 8 188068 24134 56%
c 
c  seconds  reductions  redundant  irredundant
c         MB    restarts       trail       variables
c          level   conflicts       glue         remaining
c 
c i  2.83 56 35 5 480 8204 2975  6% 8 188068 24130 56%
c -  2.87 56 35 6 480 8348 2341  6% 8 187451 24130 56%
c i  2.92 56 34 6 483 8709 2645  6% 8 187451 24129 56%
c i  2.93 56 33 6 483 8758 2681  6% 8 187451 24120 56%
c i  2.93 56 33 6 483 8770 2688  6% 8 187451 23979 56%
c }  2.94 56 33 6 483 8848 2747  6% 8 187451 23696 55%
c 0  2.94 56 33 6 483 8848 2747  6% 8 187451 23696 55%
c 
c --- [ result ] -------------------------------------------------------------
c 
s UNSATISFIABLE
c 
c --- [ run-time profiling ] -------------------------------------------------
c 
c process time taken by individual solving procedures
c (percentage relative to process time for solving)
c 
c         1.57   55.45% simplify
c         1.26   44.55% search
c         1.26   44.41% unstable
c         0.49   17.26% elim
c         0.33   11.60% vivify
c         0.26    9.05% probe
c         0.20    7.07% subsume
c         0.11    3.82% ternary
c         0.00    0.14% lucky
c   =================================
c         2.83   96.32% solve
c 
c last line shows process time for solving
c (percentage relative to total process time)
c 
c --- [ statistics ] ---------------------------------------------------------
c 
c backtracked:               37988       429.34 %  of conflicts
c chronological:              3622         9.53 %  of backtracks
c conflicts:                  8848      3128.71    per second
c decisions:                 43588     15413.01    per second
c eliminated:                15820        36.78 %  of all variables
c fixed:                      1920         4.46 %  of all variables
c learned:                    7809        88.26 %  per conflict
c minimized:                 79990        27.57 %  learned literals
c propagations:            5074717         1.79 M  per second
c reduced:                    1770        20.00 %  per conflict
c rephased:                      3      2949.33    interval
c restarts:                    483        18.32    interval
c substituted:                1572         3.66 %  of all variables
c subsumed:                   7364         0.85 %  of all clauses
c strengthened:               2411         0.28 %  of all clauses
c vivified:                   4289         0.50 %  of all clauses
c weakened:                  77908         3.74    average size
c 
c seconds are measured in process time for solving
c 
c --- [ resources ] ----------------------------------------------------------
c 
c total process time since initialization:         2.94    seconds
c total real time since initialization:            2.94    seconds
c maximum resident set size of process:           56.09    MB
c 
c --- [ shutting down ] ------------------------------------------------------
c 
c exit 20
