c --- [ banner ] -------------------------------------------------------------
c 
c CaDiCaL Radically Simplified CDCL SAT Solver
c Copyright (c) 2016-2019 Armin Biere, JKU Linz
c 
c Version 1.0.3 cb89cbfa16f47cb7bf1ec6ad9855e7b6d5203c18
c g++ (GCC) 6.3.0 -Wall -Wextra -O3 -DNDEBUG
c Fri Aug 23 08:17:16 CDT 2019 Linux login1 4.4.103-6.38-default x86_64
c 
c --- [ config ] -------------------------------------------------------------
c 
c using 'unsat' configuration (target unsatisfiable instances)
c 
c --- [ proof tracing ] ------------------------------------------------------
c 
c opening file to write '/tmp/19_1147_0_four.drat'
c writing binary proof trace to '/tmp/19_1147_0_four.drat'
c 
c --- [ parsing input ] ------------------------------------------------------
c 
c reading DIMACS file from '/tmp/19_1147_0_four.cnf'
c opening file to read '/tmp/19_1147_0_four.cnf'
c found 'p cnf 259840 1039934' header
c parsed 1039934 clauses in 0.46 seconds process time
c 
c --- [ options ] ------------------------------------------------------------
c 
c   --stabilize=false              (different from default 'true')
c   --walk=false                   (different from default 'true')
c 
c --- [ solving ] ------------------------------------------------------------
c 
c time measured in process time since initialization
c 
c  seconds   reductions  redundant   irredundant
c          MB    restarts       trail        variables
c           level   conflicts       glue           remaining
c 
c *  0.48 139  0 0   0    0    0  0% 0 1039424 252055 97%
c {  0.50 142  0 0   0    0    0  0% 0 1039424 252055 97%
c -  0.71 147 317 1  13  300  186  6% 5 901136 252055 97%
c i  0.77 147 237 1  35  397  264  5% 5 901136 251833 97%
c i  0.77 147 231 1  37  406  264  5% 5 901136 251250 97%
c i  0.77 147 230 1  37  407  264  5% 5 901136 251130 97%
c i  0.77 147 226 1  37  411  266  5% 5 901136 250935 97%
c i  0.77 147 225 1  37  412  266  5% 5 901136 248263 96%
c }  0.77 147 224 1  37  415  266  5% 5 901136 247552 95%
c 0  0.77 147 224 1  37  415  266  5% 5 901136 247552 95%
c 
c --- [ result ] -------------------------------------------------------------
c 
s UNSATISFIABLE
c 
c --- [ run-time profiling ] -------------------------------------------------
c 
c process time taken by individual solving procedures
c (percentage relative to process time for solving)
c 
c         0.30   93.67% search
c         0.28   87.34% unstable
c         0.02    6.33% lucky
c         0.00    0.00% simplify
c   =================================
c         0.32   40.93% solve
c 
c last line shows process time for solving
c (percentage relative to total process time)
c 
c --- [ statistics ] ---------------------------------------------------------
c 
c backtracked:                 587       141.45 %  of conflicts
c chronological:               280        47.70 %  of backtracks
c conflicts:                   415      1313.29    per second
c decisions:                  3332     10544.30    per second
c fixed:                     12288         4.73 %  of all variables
c learned:                     384        92.53 %  per conflict
c minimized:                   543        13.45 %  learned literals
c propagations:             401923         1.27 M  per second
c restarts:                     37        11.22    interval
c subsumed:                    110         0.01 %  of all clauses
c 
c seconds are measured in process time for solving
c 
c --- [ resources ] ----------------------------------------------------------
c 
c total process time since initialization:         0.77    seconds
c total real time since initialization:            0.77    seconds
c maximum resident set size of process:          155.15    MB
c 
c --- [ shutting down ] ------------------------------------------------------
c 
c exit 20
