c --- [ banner ] -------------------------------------------------------------
c 
c CaDiCaL Radically Simplified CDCL SAT Solver
c Copyright (c) 2016-2019 Armin Biere, JKU Linz
c 
c Version 1.0.3 cb89cbfa16f47cb7bf1ec6ad9855e7b6d5203c18
c g++ (GCC) 6.3.0 -Wall -Wextra -O3 -DNDEBUG
c Fri Aug 23 08:17:16 CDT 2019 Linux login1 4.4.103-6.38-default x86_64
c 
c --- [ config ] -------------------------------------------------------------
c 
c using 'unsat' configuration (target unsatisfiable instances)
c 
c --- [ proof tracing ] ------------------------------------------------------
c 
c opening file to write '/tmp/19_401_0_four.drat'
c writing binary proof trace to '/tmp/19_401_0_four.drat'
c 
c --- [ parsing input ] ------------------------------------------------------
c 
c reading DIMACS file from '/tmp/19_401_0_four.cnf'
c opening file to read '/tmp/19_401_0_four.cnf'
c found 'p cnf 259840 1039934' header
c parsed 1039934 clauses in 0.46 seconds process time
c 
c --- [ options ] ------------------------------------------------------------
c 
c   --stabilize=false              (different from default 'true')
c   --walk=false                   (different from default 'true')
c 
c --- [ solving ] ------------------------------------------------------------
c 
c time measured in process time since initialization
c 
c  seconds   reductions  redundant   irredundant
c          MB    restarts       trail        variables
c           level   conflicts       glue           remaining
c 
c *  0.49 139  0 0   0    0    0  0% 0 1039424 252220 97%
c {  0.51 142  0 0   0    0    0  0% 0 1039424 252220 97%
c -  0.72 147 325 1  10  303  178  6% 4 903251 252220 97%
c i  1.08 147 97 1  79  868  652  7% 6 903251 250593 96%
c I  1.29 147 84 1  94 1003  775  8% 7 903251 250593 96%
c i  1.34 147 77 1 108 1060  828  8% 7 903251 250479 96%
c i  1.34 147 77 1 108 1063  830  8% 7 903251 250329 96%
c i  1.35 147 76 1 109 1071  837  8% 7 903251 249987 96%
c i  1.35 147 76 1 109 1072  837  8% 7 903251 249860 96%
c i  1.48 147 65 1 109 1245  986  9% 7 903251 247372 95%
c i  1.49 147 65 1 109 1253  992  9% 7 903251 246449 95%
c i  1.50 147 65 1 109 1254  992  9% 7 903251 240205 92%
c }  1.50 147 64 1 109 1258  994  9% 6 903251 238536 92%
c 0  1.50 147 64 1 109 1258  994  9% 6 903251 238536 92%
c 
c --- [ result ] -------------------------------------------------------------
c 
s UNSATISFIABLE
c 
c --- [ run-time profiling ] -------------------------------------------------
c 
c process time taken by individual solving procedures
c (percentage relative to process time for solving)
c 
c         1.02   97.69% search
c         1.00   95.77% unstable
c         0.02    1.92% lucky
c         0.00    0.00% simplify
c   =================================
c         1.04   69.15% solve
c 
c last line shows process time for solving
c (percentage relative to total process time)
c 
c --- [ statistics ] ---------------------------------------------------------
c 
c backtracked:                1611       128.06 %  of conflicts
c chronological:               628        38.98 %  of backtracks
c conflicts:                  1258      1209.62    per second
c decisions:                  6784      6523.08    per second
c fixed:                     21304         8.20 %  of all variables
c learned:                    1154        91.73 %  per conflict
c minimized:                  6285        23.15 %  learned literals
c propagations:            3027550         2.91 M  per second
c rephased:                      1      1258.00    interval
c restarts:                    109        11.54    interval
c subsumed:                    151         0.01 %  of all clauses
c 
c seconds are measured in process time for solving
c 
c --- [ resources ] ----------------------------------------------------------
c 
c total process time since initialization:         1.50    seconds
c total real time since initialization:            1.51    seconds
c maximum resident set size of process:          154.36    MB
c 
c --- [ shutting down ] ------------------------------------------------------
c 
c exit 20
