c --- [ banner ] -------------------------------------------------------------
c 
c CaDiCaL Radically Simplified CDCL SAT Solver
c Copyright (c) 2016-2019 Armin Biere, JKU Linz
c 
c Version 1.0.3 cb89cbfa16f47cb7bf1ec6ad9855e7b6d5203c18
c g++ (GCC) 6.3.0 -Wall -Wextra -O3 -DNDEBUG
c Fri Aug 23 08:17:16 CDT 2019 Linux login1 4.4.103-6.38-default x86_64
c 
c --- [ config ] -------------------------------------------------------------
c 
c using 'unsat' configuration (target unsatisfiable instances)
c 
c --- [ proof tracing ] ------------------------------------------------------
c 
c opening file to write '/tmp/19_936_0_four.drat'
c writing binary proof trace to '/tmp/19_936_0_four.drat'
c 
c --- [ parsing input ] ------------------------------------------------------
c 
c reading DIMACS file from '/tmp/19_936_0_four.cnf'
c opening file to read '/tmp/19_936_0_four.cnf'
c found 'p cnf 259840 1039934' header
c parsed 1039934 clauses in 0.45 seconds process time
c 
c --- [ options ] ------------------------------------------------------------
c 
c   --stabilize=false              (different from default 'true')
c   --walk=false                   (different from default 'true')
c 
c --- [ solving ] ------------------------------------------------------------
c 
c time measured in process time since initialization
c 
c  seconds   reductions  redundant   irredundant
c          MB    restarts       trail        variables
c           level   conflicts       glue           remaining
c 
c *  0.47 139  0 0   0    0    0  0% 0 1039424 253067 97%
c {  0.49 142  0 0   0    0    0  0% 0 1039424 253067 97%
c -  0.70 147 319 1  12  300  182  5% 5 911809 253067 97%
c I  1.20 147 90 1 145 1004  817  6% 8 911809 253067 97%
c -  1.74 178 68 2 176 1476 1204  8% 8 911809 253067 97%
c i  2.08 178 45 2 210 2261 1874  8% 8 911809 252953 97%
c i  2.19 178 43 2 220 2505 2089  8% 8 911809 251969 97%
c i  2.28 178 43 2 220 2643 2195  8% 7 911809 251861 97%
c i  2.36 178 41 2 220 2726 2269  8% 7 911809 251155 97%
c i  2.36 178 41 2 220 2740 2274  8% 7 911809 251101 97%
c i  2.37 178 41 2 220 2743 2275  8% 7 911809 250778 97%
c i  2.37 178 41 2 220 2746 2277  8% 7 911809 250734 96%
c i  2.38 178 41 2 220 2760 2284  8% 7 911809 249952 96%
c }  2.38 178 41 2 220 2763 2285  8% 7 911809 248955 96%
c 0  2.38 178 41 2 220 2763 2285  8% 7 911809 248955 96%
c 
c --- [ result ] -------------------------------------------------------------
c 
s UNSATISFIABLE
c 
c --- [ run-time profiling ] -------------------------------------------------
c 
c process time taken by individual solving procedures
c (percentage relative to process time for solving)
c 
c         1.91   98.96% search
c         1.89   97.93% unstable
c         0.02    1.04% lucky
c         0.00    0.00% simplify
c   =================================
c         1.93   81.18% solve
c 
c last line shows process time for solving
c (percentage relative to total process time)
c 
c --- [ statistics ] ---------------------------------------------------------
c 
c backtracked:                3418       123.71 %  of conflicts
c chronological:              1153        33.73 %  of backtracks
c conflicts:                  2763      1430.12    per second
c decisions:                 13897      7193.06    per second
c fixed:                     10885         4.19 %  of all variables
c learned:                    2518        91.13 %  per conflict
c minimized:                 18473        23.62 %  learned literals
c propagations:            6461673         3.34 M  per second
c reduced:                      22         0.80 %  per conflict
c rephased:                      1      2763.00    interval
c restarts:                    220        12.56    interval
c subsumed:                    200         0.01 %  of all clauses
c 
c seconds are measured in process time for solving
c 
c --- [ resources ] ----------------------------------------------------------
c 
c total process time since initialization:         2.38    seconds
c total real time since initialization:            2.38    seconds
c maximum resident set size of process:          177.82    MB
c 
c --- [ shutting down ] ------------------------------------------------------
c 
c exit 20
