c --- [ banner ] -------------------------------------------------------------
c 
c CaDiCaL Radically Simplified CDCL SAT Solver
c Copyright (c) 2016-2019 Armin Biere, JKU Linz
c 
c Version 1.0.3 cb89cbfa16f47cb7bf1ec6ad9855e7b6d5203c18
c g++ (GCC) 6.3.0 -Wall -Wextra -O3 -DNDEBUG
c Fri Aug 23 08:17:16 CDT 2019 Linux login1 4.4.103-6.38-default x86_64
c 
c --- [ config ] -------------------------------------------------------------
c 
c using 'unsat' configuration (target unsatisfiable instances)
c 
c --- [ proof tracing ] ------------------------------------------------------
c 
c opening file to write '/tmp/84_489_0_four.drat'
c writing binary proof trace to '/tmp/84_489_0_four.drat'
c 
c --- [ parsing input ] ------------------------------------------------------
c 
c reading DIMACS file from '/tmp/84_489_0_four.cnf'
c opening file to read '/tmp/84_489_0_four.cnf'
c found 'p cnf 259840 1039919' header
c parsed 1039919 clauses in 0.43 seconds process time
c 
c --- [ options ] ------------------------------------------------------------
c 
c   --stabilize=false              (different from default 'true')
c   --walk=false                   (different from default 'true')
c 
c --- [ solving ] ------------------------------------------------------------
c 
c time measured in process time since initialization
c 
c  seconds   reductions  redundant   irredundant
c          MB    restarts       trail        variables
c           level   conflicts       glue           remaining
c 
c *  0.44 139  0 0   0    0    0  0% 0 1039424 254746 98%
c {  0.47 142  0 0   0    0    0  0% 0 1039424 254746 98%
c -  0.68 148 241 1  16  303  194  5% 5 935012 254746 98%
c I  1.13 148 84 1 150 1005  829  7% 9 935012 254746 98%
c -  1.64 180 68 2 204 1488 1226  7% 9 935012 254746 98%
c B  2.32 180 51 2 284 3010 2471  9% 9 935012 254746 98%
c -  2.68 180 51 3 309 3264 2084  9% 9 935012 254746 98%
c s  3.64 161 49 3 388 4060 2784  8% 10 935012 254746 98%
c w  4.94 184 49 3 388 4060 2780  8% 10 935012 254062 98%
c t  5.00 184 49 3 388 4060 2780  8% 10 934358 254062 98%
c e  7.50 206 49 3 388 4060   40  8% 10 229478 28209 11%
c s  7.71 206 49 3 388 4060   40  8% 10 229244 28209 11%
c e  7.98 147 49 3 388 4060   37  8% 10 229244 28108 11%
c 3  8.28 159 47 3 459 5000 4227  6% 10 229244 28108 11%
c 3  8.29 159 47 3 459 5000 4461  6% 10 229244 28108 11%
c d  8.33 159 47 3 459 5000 4397  6% 10 229244 28100 11%
c 2  8.35 159 47 3 459 5000 4381  6% 10 229243 28100 11%
c p  8.42 159 47 3 459 5000 8859  6% 10 229243 28094 11%
c -  8.52 159 47 4 482 5628 1624  7% 10 228672 28094 11%
c F  8.54 159 46 4 482 6011 1956  7% 9 228672 28094 11%
c 
c  seconds   reductions  redundant  irredundant
c          MB    restarts       trail       variables
c           level   conflicts       glue         remaining
c 
c -  8.72 159 42 5 579 7668 2468  7% 9 228672 28094 11%
c B  8.94 159 38 5 649 10012 4511  7% 9 228672 28094 11%
c -  8.99 159 38 6 655 10118 3243  8% 9 228672 28094 11%
c -  9.37 159 36 7 808 12972 3955  9% 9 228672 28094 11%
c i  9.38 159 36 7 819 13047 4022  9% 9 228672 28082 11%
c i  9.42 159 36 7 842 13303 4251  9% 9 228672 28053 11%
c i  9.42 159 36 7 842 13304 4251  9% 9 228672 28047 11%
c d  9.64 159 34 7 882 15001 5676  9% 9 225022 27999 11%
c d  9.66 159 34 7 882 15001 5674  9% 9 224746 27862 11%
c 3  9.68 159 34 7 882 15001 7048  9% 9 224746 27862 11%
c 3  9.69 159 34 7 882 15001 7494  9% 9 224746 27862 11%
c d  9.73 159 34 7 882 15001 7226  9% 9 224746 27818 11%
c 2  9.75 159 34 7 882 15001 7136  9% 9 224744 27818 11%
c p  9.98 159 34 7 882 15001 15105  9% 9 224744 27785 11%
c d 10.01 159 34 7 882 15001 13938  9% 9 223003 27782 11%
c d 10.03 159 34 7 882 15001 13888  9% 9 222790 27692 11%
c # 10.04 159 34 7 882 15013 13899  9% 9 222790 27692 11%
c s 10.28 159 34 7 921 16172 14199 10% 9 222433 27692 11%
c v 10.50 159 34 7 921 16172 14199 10% 9 218283 27692 11%
c w 10.58 159 34 7 921 16172 13804 10% 9 218283 27691 11%
c 
c  seconds   reductions    redundant  irredundant
c          MB    restarts         trail       variables
c           level    conflicts        glue         remaining
c 
c t 10.61 159 34 7 921 16172 13592 10% 9 203245 27691 11%
c e 10.79 160 34 7 921 16172 7704 10% 9 196709 22764  9%
c s 10.87 160 34 7 921 16172 7609 10% 9 195701 22764  9%
c e 10.95 160 34 7 921 16172 7261 10% 9 195003 22640  9%
c - 11.08 160 34 8 921 16234 3266  3% 9 195003 22640  9%
c - 11.60 160 30 9 1021 19717 4526 11% 9 195003 22640  9%
c i 11.65 160 30 9 1021 20060 4788 11% 9 195003 22626  9%
c i 11.78 160 29 9 1032 20874 5488 11% 9 195003 22609  9%
c B 11.80 160 29 9 1033 21014 5603 11% 9 195003 22609  9%
c i 11.82 160 29 9 1033 21138 5689 11% 9 195003 22535  9%
c i 12.15 160 27 9 1061 23360 7529 11% 8 195003 22482  9%
c - 12.23 160 27 10 1061 23587 3696 11% 8 184521 22482  9%
c i 12.24 160 27 10 1061 23656 3745 11% 8 184521 22454  9%
c i 12.26 160 26 10 1061 23889 3947 11% 8 184521 22414  9%
c i 12.27 160 26 10 1061 23959 3986 11% 8 184521 22405  9%
c i 12.27 160 26 10 1061 24031 4036 11% 8 184521 22355  9%
c i 12.28 160 26 10 1061 24144 4115 10% 8 184521 22340  9%
c i 12.28 160 26 10 1061 24167 4134 10% 8 184521 22254  9%
c i 12.28 160 26 10 1061 24189 4146 10% 8 184521 22171  9%
c } 12.29 160 26 10 1061 24210 4164 10% 8 184521 21968  8%
c 
c  seconds   reductions     redundant  irredundant
c          MB     restarts         trail       variables
c           level      conflicts       glue         remaining
c 
c 0 12.29 160 26 10 1061 24210 4164 10% 8 184521 21968  8%
c 
c --- [ result ] -------------------------------------------------------------
c 
s UNSATISFIABLE
c 
c --- [ run-time profiling ] -------------------------------------------------
c 
c process time taken by individual solving procedures
c (percentage relative to process time for solving)
c 
c         6.01   50.71% simplify
c         5.83   49.19% search
c         5.81   48.99% unstable
c         2.96   25.00% elim
c         1.46   12.31% vivify
c         0.87    7.35% subsume
c         0.31    2.60% probe
c         0.13    1.11% ternary
c         0.02    0.20% lucky
c   =================================
c        11.86   96.48% solve
c 
c last line shows process time for solving
c (percentage relative to total process time)
c 
c --- [ statistics ] ---------------------------------------------------------
c 
c backtracked:               86071       355.52 %  of conflicts
c chronological:              9367        10.88 %  of backtracks
c conflicts:                 24210      2042.00    per second
c decisions:                 88513      7465.67    per second
c eliminated:               231003        88.90 %  of all variables
c fixed:                      6555         2.52 %  of all variables
c learned:                   22731        93.89 %  per conflict
c minimized:                266345        31.60 %  learned literals
c propagations:           27062456         2.28 M  per second
c reduced:                    8374        34.59 %  per conflict
c rephased:                      6      4035.00    interval
c restarts:                   1061        22.82    interval
c substituted:                 314         0.12 %  of all variables
c subsumed:                  15032         0.47 %  of all clauses
c strengthened:              22306         0.70 %  of all clauses
c ternary:                    6508         0.39 %  of resolved
c vivified:                   4995         0.16 %  of all clauses
c weakened:                 842238         2.91    average size
c 
c seconds are measured in process time for solving
c 
c --- [ resources ] ----------------------------------------------------------
c 
c total process time since initialization:        12.29    seconds
c total real time since initialization:           12.29    seconds
c maximum resident set size of process:          213.20    MB
c 
c --- [ shutting down ] ------------------------------------------------------
c 
c exit 20
