c --- [ banner ] -------------------------------------------------------------
c 
c CaDiCaL Radically Simplified CDCL SAT Solver
c Copyright (c) 2016-2019 Armin Biere, JKU Linz
c 
c Version 1.0.3 cb89cbfa16f47cb7bf1ec6ad9855e7b6d5203c18
c g++ (GCC) 6.3.0 -Wall -Wextra -O3 -DNDEBUG
c Fri Aug 23 08:17:16 CDT 2019 Linux login1 4.4.103-6.38-default x86_64
c 
c --- [ config ] -------------------------------------------------------------
c 
c using 'unsat' configuration (target unsatisfiable instances)
c 
c --- [ proof tracing ] ------------------------------------------------------
c 
c opening file to write '/tmp/17_1174_0_four.drat'
c writing binary proof trace to '/tmp/17_1174_0_four.drat'
c 
c --- [ parsing input ] ------------------------------------------------------
c 
c reading DIMACS file from '/tmp/17_1174_0_four.cnf'
c opening file to read '/tmp/17_1174_0_four.cnf'
c found 'p cnf 43008 265790' header
c parsed 265790 clauses in 0.14 seconds process time
c 
c --- [ options ] ------------------------------------------------------------
c 
c   --stabilize=false              (different from default 'true')
c   --walk=false                   (different from default 'true')
c 
c --- [ solving ] ------------------------------------------------------------
c 
c time measured in process time since initialization
c 
c  seconds  reductions  redundant  irredundant
c         MB    restarts       trail       variables
c          level   conflicts       glue         remaining
c 
c *  0.14 31  0 0   0    0    0  0% 0 240735 41397 96%
c {  0.14 31  0 0   0    0    0  0% 0 240735 41397 96%
c -  0.18 32 47 1   3  304  197  8% 7 230795 41397 96%
c I  0.23 33 48 1  70 1011  744  8% 9 230795 41397 96%
c -  0.30 42 45 2  70 1123  708  8% 9 230795 41397 96%
c i  0.33 42 36 2  70 1645 1120  9% 8 230795 41373 96%
c i  0.34 42 36 2  70 1786 1243  9% 8 230795 40970 95%
c i  0.34 42 36 2  70 1787 1243  9% 8 230795 40958 95%
c }  0.35 42 35 2  70 1873 1313  9% 7 230795 40197 93%
c 0  0.35 42 35 2  70 1873 1313  9% 7 230795 40197 93%
c 
c --- [ result ] -------------------------------------------------------------
c 
s UNSATISFIABLE
c 
c --- [ run-time profiling ] -------------------------------------------------
c 
c process time taken by individual solving procedures
c (percentage relative to process time for solving)
c 
c         0.20   98.08% search
c         0.20   98.08% unstable
c         0.00    0.00% simplify
c   =================================
c         0.21   59.77% solve
c 
c last line shows process time for solving
c (percentage relative to total process time)
c 
c --- [ statistics ] ---------------------------------------------------------
c 
c backtracked:                2208       117.89 %  of conflicts
c chronological:               763        34.56 %  of backtracks
c conflicts:                  1873      9004.81    per second
c decisions:                  8336     40076.92    per second
c fixed:                      2811         6.54 %  of all variables
c learned:                    1541        82.27 %  per conflict
c minimized:                 16109        27.49 %  learned literals
c propagations:             570354         2.74 M  per second
c reduced:                     106         5.66 %  per conflict
c rephased:                      1      1873.00    interval
c restarts:                     70        26.76    interval
c subsumed:                    118         0.02 %  of all clauses
c 
c seconds are measured in process time for solving
c 
c --- [ resources ] ----------------------------------------------------------
c 
c total process time since initialization:         0.35    seconds
c total real time since initialization:            0.35    seconds
c maximum resident set size of process:           41.85    MB
c 
c --- [ shutting down ] ------------------------------------------------------
c 
c exit 20
