c --- [ banner ] -------------------------------------------------------------
c 
c CaDiCaL Radically Simplified CDCL SAT Solver
c Copyright (c) 2016-2019 Armin Biere, JKU Linz
c 
c Version 1.0.3 cb89cbfa16f47cb7bf1ec6ad9855e7b6d5203c18
c g++ (GCC) 6.3.0 -Wall -Wextra -O3 -DNDEBUG
c Fri Aug 23 08:17:16 CDT 2019 Linux login1 4.4.103-6.38-default x86_64
c 
c --- [ config ] -------------------------------------------------------------
c 
c using 'unsat' configuration (target unsatisfiable instances)
c 
c --- [ proof tracing ] ------------------------------------------------------
c 
c opening file to write '/tmp/17_432_0_four.drat'
c writing binary proof trace to '/tmp/17_432_0_four.drat'
c 
c --- [ parsing input ] ------------------------------------------------------
c 
c reading DIMACS file from '/tmp/17_432_0_four.cnf'
c opening file to read '/tmp/17_432_0_four.cnf'
c found 'p cnf 43008 265790' header
c parsed 265790 clauses in 0.10 seconds process time
c 
c --- [ options ] ------------------------------------------------------------
c 
c   --stabilize=false              (different from default 'true')
c   --walk=false                   (different from default 'true')
c 
c --- [ solving ] ------------------------------------------------------------
c 
c time measured in process time since initialization
c 
c  seconds  reductions  redundant  irredundant
c         MB    restarts       trail       variables
c          level   conflicts       glue         remaining
c 
c *  0.10 31  0 0   0    0    0  0% 0 240730 41302 96%
c {  0.10 31  0 0   0    0    0  0% 0 240730 41302 96%
c -  0.14 32 43 1   7  302  230  9% 6 228492 41302 96%
c I  0.19 33 40 1  86 1002  757  8% 8 228492 41302 96%
c i  0.19 33 38 1  86 1049  786  8% 7 228492 41274 96%
c -  0.27 41 36 2  86 1118  718  8% 7 227918 41274 96%
c i  0.29 41 35 2  96 1386  929  8% 7 227918 41264 96%
c i  0.32 41 30 2  96 1765 1190  8% 7 227918 41234 96%
c }  0.33 41 29 2  96 1783 1196  8% 7 227918 40717 95%
c 0  0.33 41 29 2  96 1783 1196  8% 7 227918 40717 95%
c 
c --- [ result ] -------------------------------------------------------------
c 
s UNSATISFIABLE
c 
c --- [ run-time profiling ] -------------------------------------------------
c 
c process time taken by individual solving procedures
c (percentage relative to process time for solving)
c 
c         0.22  100.00% search
c         0.22  100.00% unstable
c         0.00    0.00% simplify
c   =================================
c         0.22   68.29% solve
c 
c last line shows process time for solving
c (percentage relative to total process time)
c 
c --- [ statistics ] ---------------------------------------------------------
c 
c backtracked:                2161       121.20 %  of conflicts
c chronological:               729        33.73 %  of backtracks
c conflicts:                  1783      7959.82    per second
c decisions:                  8387     37441.96    per second
c fixed:                      2291         5.33 %  of all variables
c learned:                    1488        83.45 %  per conflict
c minimized:                 13453        28.03 %  learned literals
c propagations:             587666         2.62 M  per second
c reduced:                     101         5.66 %  per conflict
c rephased:                      1      1783.00    interval
c restarts:                     96        18.57    interval
c subsumed:                    174         0.04 %  of all clauses
c 
c seconds are measured in process time for solving
c 
c --- [ resources ] ----------------------------------------------------------
c 
c total process time since initialization:         0.33    seconds
c total real time since initialization:            0.33    seconds
c maximum resident set size of process:           41.16    MB
c 
c --- [ shutting down ] ------------------------------------------------------
c 
c exit 20
