c --- [ banner ] -------------------------------------------------------------
c 
c CaDiCaL Radically Simplified CDCL SAT Solver
c Copyright (c) 2016-2019 Armin Biere, JKU Linz
c 
c Version 1.0.3 cb89cbfa16f47cb7bf1ec6ad9855e7b6d5203c18
c g++ (GCC) 6.3.0 -Wall -Wextra -O3 -DNDEBUG
c Fri Aug 23 08:17:16 CDT 2019 Linux login1 4.4.103-6.38-default x86_64
c 
c --- [ config ] -------------------------------------------------------------
c 
c using 'unsat' configuration (target unsatisfiable instances)
c 
c --- [ proof tracing ] ------------------------------------------------------
c 
c opening file to write '/tmp/17_606_0_four.drat'
c writing binary proof trace to '/tmp/17_606_0_four.drat'
c 
c --- [ parsing input ] ------------------------------------------------------
c 
c reading DIMACS file from '/tmp/17_606_0_four.cnf'
c opening file to read '/tmp/17_606_0_four.cnf'
c found 'p cnf 43008 265790' header
c parsed 265790 clauses in 0.21 seconds process time
c 
c --- [ options ] ------------------------------------------------------------
c 
c   --stabilize=false              (different from default 'true')
c   --walk=false                   (different from default 'true')
c 
c --- [ solving ] ------------------------------------------------------------
c 
c time measured in process time since initialization
c 
c  seconds  reductions  redundant  irredundant
c         MB    restarts       trail       variables
c          level   conflicts       glue         remaining
c 
c *  0.21 31  0 0   0    0    0  0% 0 240734 41409 96%
c {  0.21 31  0 0   0    0    0  0% 0 240734 41409 96%
c -  0.28 33 43 1  23  300  222  8% 6 230795 41409 96%
c I  0.39 34 57 1  85 1002  788  9% 8 230795 41409 96%
c -  0.48 42 58 2  88 1117  791  9% 8 230795 41409 96%
c -  0.68 42 45 3 203 2343 1371  9% 9 230795 41409 96%
c B  0.74 42 41 3 223 3003 1918  9% 9 230795 41409 96%
c -  0.91 42 38 4 298 3980 2074  9% 9 230795 41409 96%
c d  1.12 43 39 4 367 5001 2885  9% 9 227691 39857 93%
c 2  1.26 43 39 4 367 5001 2885  9% 9 225363 39857 93%
c p  1.53 45 39 4 367 5001 6013  9% 9 225363 39849 93%
c s  1.69 39 40 4 367 5079 6070  9% 9 225361 39849 93%
c v  1.94 47 40 4 367 5079 6070  9% 9 222294 39849 93%
c w  2.02 48 40 4 367 5079 6048  9% 9 222294 39835 93%
c t  2.05 48 40 4 367 5079 6044  9% 9 202733 39835 93%
c e  2.55 49 40 4 367 5079 1656  9% 9 184389 23468 55%
c s  2.62 52 40 4 367 5079 1652  9% 9 184389 23468 55%
c F  2.80 55 36 4 368 6004 2407  6% 8 184389 23468 55%
c -  2.83 55 35 5 368 6025 1171  6% 8 184389 23468 55%
c i  2.96 55 32 5 403 7389 2326  8% 8 184389 23438 54%
c 
c  seconds  reductions  redundant  irredundant
c         MB    restarts       trail       variables
c          level   conflicts       glue         remaining
c 
c }  2.96 55 32 5 403 7391 2326  8% 8 184389 23230 54%
c 0  2.96 55 32 5 403 7391 2326  8% 8 184389 23230 54%
c 
c --- [ result ] -------------------------------------------------------------
c 
s UNSATISFIABLE
c 
c --- [ run-time profiling ] -------------------------------------------------
c 
c process time taken by individual solving procedures
c (percentage relative to process time for solving)
c 
c         1.53   55.52% simplify
c         1.22   44.48% search
c         1.22   44.33% unstable
c         0.49   17.88% elim
c         0.28   10.32% vivify
c         0.26    9.59% probe
c         0.18    6.69% subsume
c         0.10    3.78% ternary
c         0.00    0.15% lucky
c   =================================
c         2.75   92.97% solve
c 
c last line shows process time for solving
c (percentage relative to total process time)
c 
c --- [ statistics ] ---------------------------------------------------------
c 
c backtracked:               36704       496.60 %  of conflicts
c chronological:              3022         8.23 %  of backtracks
c conflicts:                  7391      2685.68    per second
c decisions:                 32708     11885.17    per second
c eliminated:                16367        38.06 %  of all variables
c fixed:                      1859         4.32 %  of all variables
c learned:                    6540        88.49 %  per conflict
c minimized:                 65940        28.05 %  learned literals
c propagations:            3876647         1.41 M  per second
c reduced:                    1349        18.25 %  per conflict
c rephased:                      3      2463.67    interval
c restarts:                    403        18.34    interval
c substituted:                1552         3.61 %  of all variables
c subsumed:                   6148         0.72 %  of all clauses
c strengthened:               2945         0.35 %  of all clauses
c vivified:                   3180         0.37 %  of all clauses
c weakened:                  79663         3.74    average size
c 
c seconds are measured in process time for solving
c 
c --- [ resources ] ----------------------------------------------------------
c 
c total process time since initialization:         2.96    seconds
c total real time since initialization:            2.96    seconds
c maximum resident set size of process:           55.29    MB
c 
c --- [ shutting down ] ------------------------------------------------------
c 
c exit 20
