c --- [ banner ] -------------------------------------------------------------
c 
c CaDiCaL Radically Simplified CDCL SAT Solver
c Copyright (c) 2016-2019 Armin Biere, JKU Linz
c 
c Version 1.0.3 cb89cbfa16f47cb7bf1ec6ad9855e7b6d5203c18
c g++ (GCC) 6.3.0 -Wall -Wextra -O3 -DNDEBUG
c Fri Aug 23 08:17:16 CDT 2019 Linux login1 4.4.103-6.38-default x86_64
c 
c --- [ config ] -------------------------------------------------------------
c 
c using 'unsat' configuration (target unsatisfiable instances)
c 
c --- [ proof tracing ] ------------------------------------------------------
c 
c opening file to write '/tmp/17_740_0_four.drat'
c writing binary proof trace to '/tmp/17_740_0_four.drat'
c 
c --- [ parsing input ] ------------------------------------------------------
c 
c reading DIMACS file from '/tmp/17_740_0_four.cnf'
c opening file to read '/tmp/17_740_0_four.cnf'
c found 'p cnf 43008 265790' header
c parsed 265790 clauses in 0.15 seconds process time
c 
c --- [ options ] ------------------------------------------------------------
c 
c   --stabilize=false              (different from default 'true')
c   --walk=false                   (different from default 'true')
c 
c --- [ solving ] ------------------------------------------------------------
c 
c time measured in process time since initialization
c 
c  seconds  reductions  redundant  irredundant
c         MB    restarts       trail       variables
c          level   conflicts       glue         remaining
c 
c *  0.15 31  0 0   0    0    0  0% 0 240739 41437 96%
c {  0.15 31  0 0   0    0    0  0% 0 240739 41437 96%
c -  0.20 33 57 1  29  304  219  8% 7 231367 41437 96%
c i  0.26 34 47 1  81 1000  735  9% 8 231367 40986 95%
c I  0.26 34 47 1  81 1002  737  9% 8 231367 40986 95%
c i  0.26 34 46 1  95 1072  797  9% 8 231367 40878 95%
c -  0.34 41 45 2 101 1123  670  9% 8 220080 40878 95%
c i  0.38 41 41 2 144 1673 1143 10% 9 220080 40612 94%
c i  0.39 41 41 2 171 1789 1244 10% 9 220080 40602 94%
c i  0.39 41 40 2 171 1822 1257  9% 9 220080 40594 94%
c i  0.39 41 40 2 171 1823 1257  9% 9 220080 40362 94%
c i  0.39 41 40 2 171 1825 1258  9% 9 220080 40330 94%
c }  0.39 41 40 2 171 1829 1259  9% 9 220080 40125 93%
c 0  0.39 41 40 2 171 1829 1259  9% 9 220080 40125 93%
c 
c --- [ result ] -------------------------------------------------------------
c 
s UNSATISFIABLE
c 
c --- [ run-time profiling ] -------------------------------------------------
c 
c process time taken by individual solving procedures
c (percentage relative to process time for solving)
c 
c         0.24  100.00% search
c         0.24   98.33% unstable
c         0.00    1.67% lucky
c         0.00    0.00% simplify
c   =================================
c         0.24   61.86% solve
c 
c last line shows process time for solving
c (percentage relative to total process time)
c 
c --- [ statistics ] ---------------------------------------------------------
c 
c backtracked:                2261       123.62 %  of conflicts
c chronological:               776        34.32 %  of backtracks
c conflicts:                  1829      7620.83    per second
c decisions:                 12959     53995.83    per second
c fixed:                      2883         6.70 %  of all variables
c learned:                    1540        84.20 %  per conflict
c minimized:                 11901        21.60 %  learned literals
c propagations:             710851         2.96 M  per second
c reduced:                      56         3.06 %  per conflict
c rephased:                      1      1829.00    interval
c restarts:                    171        10.70    interval
c subsumed:                     97         0.02 %  of all clauses
c 
c seconds are measured in process time for solving
c 
c --- [ resources ] ----------------------------------------------------------
c 
c total process time since initialization:         0.39    seconds
c total real time since initialization:            0.39    seconds
c maximum resident set size of process:           41.42    MB
c 
c --- [ shutting down ] ------------------------------------------------------
c 
c exit 20
