c --- [ banner ] -------------------------------------------------------------
c 
c CaDiCaL Radically Simplified CDCL SAT Solver
c Copyright (c) 2016-2019 Armin Biere, JKU Linz
c 
c Version 1.0.3 cb89cbfa16f47cb7bf1ec6ad9855e7b6d5203c18
c g++ (GCC) 6.3.0 -Wall -Wextra -O3 -DNDEBUG
c Fri Aug 23 08:17:16 CDT 2019 Linux login1 4.4.103-6.38-default x86_64
c 
c --- [ config ] -------------------------------------------------------------
c 
c using 'unsat' configuration (target unsatisfiable instances)
c 
c --- [ proof tracing ] ------------------------------------------------------
c 
c opening file to write '/tmp/17_855_0_four.drat'
c writing binary proof trace to '/tmp/17_855_0_four.drat'
c 
c --- [ parsing input ] ------------------------------------------------------
c 
c reading DIMACS file from '/tmp/17_855_0_four.cnf'
c opening file to read '/tmp/17_855_0_four.cnf'
c found 'p cnf 43008 265790' header
c parsed 265790 clauses in 0.10 seconds process time
c 
c --- [ options ] ------------------------------------------------------------
c 
c   --stabilize=false              (different from default 'true')
c   --walk=false                   (different from default 'true')
c 
c --- [ solving ] ------------------------------------------------------------
c 
c time measured in process time since initialization
c 
c  seconds  reductions  redundant  irredundant
c         MB    restarts       trail       variables
c          level   conflicts       glue         remaining
c 
c *  0.10 31  0 0   0    0    0  0% 0 240730 41265 96%
c {  0.10 31  0 0   0    0    0  0% 0 240730 41265 96%
c -  0.15 33 43 1  20  300  220  8% 8 227917 41265 96%
c I  0.19 33 36 1  51 1004  786  8% 9 227917 41265 96%
c -  0.26 41 38 2  55 1114  755  8% 8 227917 41265 96%
c i  0.29 41 30 2  55 1646 1165  8% 7 227917 41247 96%
c i  0.29 41 29 2  55 1663 1179  8% 7 227917 41227 96%
c i  0.29 41 29 2  55 1672 1187  8% 7 227917 41169 96%
c i  0.30 41 29 2  55 1693 1206  8% 7 227917 41163 96%
c i  0.30 41 29 2  55 1698 1210  8% 7 227917 41088 96%
c }  0.30 41 29 2  55 1705 1214  8% 7 227917 40951 95%
c 0  0.30 41 29 2  55 1705 1214  8% 7 227917 40951 95%
c 
c --- [ result ] -------------------------------------------------------------
c 
s UNSATISFIABLE
c 
c --- [ run-time profiling ] -------------------------------------------------
c 
c process time taken by individual solving procedures
c (percentage relative to process time for solving)
c 
c         0.19  100.00% search
c         0.19  100.00% unstable
c         0.00    0.00% simplify
c   =================================
c         0.19   64.86% solve
c 
c last line shows process time for solving
c (percentage relative to total process time)
c 
c --- [ statistics ] ---------------------------------------------------------
c 
c backtracked:                2034       119.30 %  of conflicts
c chronological:               709        34.86 %  of backtracks
c conflicts:                  1705      8880.21    per second
c decisions:                  7193     37463.54    per second
c fixed:                      2057         4.78 %  of all variables
c learned:                    1429        83.81 %  per conflict
c minimized:                 13283        28.87 %  learned literals
c propagations:             514944         2.68 M  per second
c reduced:                     115         6.74 %  per conflict
c rephased:                      1      1705.00    interval
c restarts:                     55        31.00    interval
c subsumed:                     93         0.02 %  of all clauses
c 
c seconds are measured in process time for solving
c 
c --- [ resources ] ----------------------------------------------------------
c 
c total process time since initialization:         0.30    seconds
c total real time since initialization:            0.30    seconds
c maximum resident set size of process:           40.75    MB
c 
c --- [ shutting down ] ------------------------------------------------------
c 
c exit 20
