c --- [ banner ] -------------------------------------------------------------
c 
c CaDiCaL Radically Simplified CDCL SAT Solver
c Copyright (c) 2016-2019 Armin Biere, JKU Linz
c 
c Version 1.0.3 cb89cbfa16f47cb7bf1ec6ad9855e7b6d5203c18
c g++ (GCC) 6.3.0 -Wall -Wextra -O3 -DNDEBUG
c Fri Aug 23 08:17:16 CDT 2019 Linux login1 4.4.103-6.38-default x86_64
c 
c --- [ config ] -------------------------------------------------------------
c 
c using 'unsat' configuration (target unsatisfiable instances)
c 
c --- [ proof tracing ] ------------------------------------------------------
c 
c opening file to write '/tmp/32_1151_0_four.drat'
c writing binary proof trace to '/tmp/32_1151_0_four.drat'
c 
c --- [ parsing input ] ------------------------------------------------------
c 
c reading DIMACS file from '/tmp/32_1151_0_four.cnf'
c opening file to read '/tmp/32_1151_0_four.cnf'
c found 'p cnf 259840 1039924' header
c parsed 1039924 clauses in 0.35 seconds process time
c 
c --- [ options ] ------------------------------------------------------------
c 
c   --stabilize=false              (different from default 'true')
c   --walk=false                   (different from default 'true')
c 
c --- [ solving ] ------------------------------------------------------------
c 
c time measured in process time since initialization
c 
c  seconds   reductions  redundant   irredundant
c          MB    restarts       trail        variables
c           level   conflicts       glue           remaining
c 
c *  0.36 139  0 0   0    0    0  0% 0 1039424 254051 98%
c {  0.38 142  0 0   0    0    0  0% 0 1039424 254051 98%
c -  0.59 150 319 1  14  300  187  5% 5 924497 254051 98%
c I  0.82 150 90 1 130 1004  825  7% 9 924497 254051 98%
c -  1.25 181 72 2 172 1480 1211  9% 9 924497 254051 98%
c B  1.70 181 54 2 288 3009 2555  9% 9 924497 254051 98%
c -  1.92 181 52 3 290 3250 2145  9% 9 924497 254051 98%
c s  2.62 162 49 3 355 4066 2824  9% 9 924497 254051 98%
c w  3.57 179 49 3 355 4066 2823  9% 9 924497 254051 98%
c t  3.62 179 49 3 355 4066 2823  9% 9 923932 254051 98%
c e  5.68 197 49 3 355 4066   50  9% 9 229791 28246 11%
c s  5.84 197 49 3 355 4066   50  9% 9 229540 28246 11%
c e  6.04 197 49 3 355 4066   47  9% 9 229540 28165 11%
c 3  6.26 197 47 3 430 5004 3161  7% 10 229540 28165 11%
c 3  6.26 197 47 3 430 5004 3517  7% 10 229540 28165 11%
c d  6.29 197 47 3 430 5004 3457  7% 10 229540 28159 11%
c 2  6.30 197 47 3 430 5004 3445  7% 10 229540 28159 11%
c p  6.33 197 47 3 430 5004 5865  7% 10 229540 28159 11%
c -  6.41 197 47 4 452 5611 1531  9% 9 229540 28159 11%
c F  6.43 197 46 4 458 6010 1861  8% 9 229540 28159 11%
c 
c  seconds   reductions  redundant  irredundant
c          MB    restarts       trail       variables
c           level   conflicts       glue         remaining
c 
c -  6.57 197 40 5 499 7655 2399  9% 9 229540 28159 11%
c B  6.68 197 35 5 551 10013 4372  8% 9 229540 28159 11%
c -  6.71 197 35 6 567 10104 3108  8% 9 229540 28159 11%
c i  6.78 197 34 6 596 11078 3961  8% 9 229540 28110 11%
c i  6.78 197 34 6 596 11079 3961  8% 9 229540 28057 11%
c i  6.78 197 34 6 596 11080 3961  8% 9 229540 28056 11%
c i  6.78 197 34 6 596 11081 3961  8% 9 229540 27933 11%
c }  6.78 197 34 6 596 11109 3984  8% 9 229540 27289 11%
c 0  6.78 197 34 6 596 11109 3984  8% 9 229540 27289 11%
c 
c --- [ result ] -------------------------------------------------------------
c 
s UNSATISFIABLE
c 
c --- [ run-time profiling ] -------------------------------------------------
c 
c process time taken by individual solving procedures
c (percentage relative to process time for solving)
c 
c         3.79   58.93% simplify
c         2.63   40.88% search
c         2.61   40.63% unstable
c         2.20   34.23% elim
c         0.84   13.13% vivify
c         0.56    8.71% subsume
c         0.06    0.87% ternary
c         0.03    0.50% probe
c         0.02    0.25% lucky
c   =================================
c         6.43   94.81% solve
c 
c last line shows process time for solving
c (percentage relative to total process time)
c 
c --- [ statistics ] ---------------------------------------------------------
c 
c backtracked:               24621       221.63 %  of conflicts
c chronological:              4482        18.20 %  of backtracks
c conflicts:                 11109      1728.22    per second
c decisions:                 46771      7276.14    per second
c eliminated:               225886        86.93 %  of all variables
c fixed:                      6659         2.56 %  of all variables
c learned:                   10291        92.64 %  per conflict
c minimized:                 94896        23.11 %  learned literals
c propagations:           15753596         2.45 M  per second
c reduced:                    2846        25.62 %  per conflict
c rephased:                      4      2777.25    interval
c restarts:                    596        18.64    interval
c substituted:                   6         0.00 %  of all variables
c subsumed:                   6304         0.21 %  of all clauses
c strengthened:              15579         0.51 %  of all clauses
c ternary:                    3012         0.30 %  of resolved
c vivified:                    181         0.01 %  of all clauses
c weakened:                 812090         2.85    average size
c 
c seconds are measured in process time for solving
c 
c --- [ resources ] ----------------------------------------------------------
c 
c total process time since initialization:         6.78    seconds
c total real time since initialization:            6.78    seconds
c maximum resident set size of process:          210.06    MB
c 
c --- [ shutting down ] ------------------------------------------------------
c 
c exit 20
