c --- [ banner ] -------------------------------------------------------------
c 
c CaDiCaL Radically Simplified CDCL SAT Solver
c Copyright (c) 2016-2019 Armin Biere, JKU Linz
c 
c Version 1.0.3 cb89cbfa16f47cb7bf1ec6ad9855e7b6d5203c18
c g++ (GCC) 6.3.0 -Wall -Wextra -O3 -DNDEBUG
c Fri Aug 23 08:17:16 CDT 2019 Linux login1 4.4.103-6.38-default x86_64
c 
c --- [ config ] -------------------------------------------------------------
c 
c using 'unsat' configuration (target unsatisfiable instances)
c 
c --- [ proof tracing ] ------------------------------------------------------
c 
c opening file to write '/tmp/32_101_0_four.drat'
c writing binary proof trace to '/tmp/32_101_0_four.drat'
c 
c --- [ parsing input ] ------------------------------------------------------
c 
c reading DIMACS file from '/tmp/32_101_0_four.cnf'
c opening file to read '/tmp/32_101_0_four.cnf'
c found 'p cnf 259840 1039924' header
c parsed 1039924 clauses in 0.50 seconds process time
c 
c --- [ options ] ------------------------------------------------------------
c 
c   --stabilize=false              (different from default 'true')
c   --walk=false                   (different from default 'true')
c 
c --- [ solving ] ------------------------------------------------------------
c 
c time measured in process time since initialization
c 
c  seconds   reductions  redundant   irredundant
c          MB    restarts       trail        variables
c           level   conflicts       glue           remaining
c 
c *  0.52 139  0 0   0    0    0  0% 0 1039424 253919 98%
c {  0.54 142  0 0   0    0    0  0% 0 1039424 253919 98%
c -  0.74 147 289 1  13  300  195  5% 4 922396 253919 98%
c I  1.49 147 97 1 147 1002  829  7% 9 922396 253919 98%
c -  2.13 178 76 2 186 1478 1218  8% 9 922396 253919 98%
c B  3.00 178 54 2 292 3007 2562  8% 9 922396 253919 98%
c -  3.42 178 53 3 305 3248 2139  8% 9 922396 253919 98%
c s  4.56 159 53 3 361 4068 2867  8% 9 922396 253919 98%
c v  6.09 182 53 3 361 4068 2867  8% 9 922386 253919 98%
c w  6.52 182 53 3 361 4068 2855  8% 9 922386 253919 98%
c t  6.60 182 53 3 361 4068 2854  8% 9 921782 253867 98%
c e  9.75 198 53 3 361 4068   56  8% 9 228442 28108 11%
c s 10.06 198 53 3 361 4068   55  8% 9 228226 28108 11%
c e 10.47 198 53 3 361 4068   52  8% 9 228223 28024 11%
c 3 10.85 198 48 3 420 5002 3803  6% 9 228223 28024 11%
c 3 10.86 198 48 3 420 5002 4427  6% 9 228223 28024 11%
c d 10.92 198 48 3 420 5002 4315  6% 9 228223 28012 11%
c 2 10.95 198 48 3 420 5002 4291  6% 9 228223 28012 11%
c p 11.03 198 48 3 420 5002 6553  6% 9 228223 28012 11%
c - 11.18 146 47 4 456 5606 1580  6% 9 228223 28012 11%
c 
c  seconds   reductions  redundant  irredundant
c          MB    restarts       trail       variables
c           level   conflicts       glue         remaining
c 
c F 11.26 146 49 4 498 6008 1947  7% 9 228223 28012 11%
c i 11.33 146 47 4 500 6416 2297  8% 9 228223 27851 11%
c - 11.51 146 44 5 536 7643 2277  7% 9 220574 27851 11%
c i 11.52 146 44 5 536 7667 2299  8% 9 220574 27845 11%
c i 11.58 146 44 5 540 7942 2550  8% 9 220574 27830 11%
c i 11.72 146 42 5 582 9007 3493  8% 9 220574 27829 11%
c i 11.73 146 42 5 582 9131 3600  8% 9 220574 27821 11%
c B 11.83 146 41 5 604 10015 4380  8% 9 220574 27821 11%
c - 11.90 146 41 6 604 10063 3053  8% 9 218205 27821 11%
c i 11.91 146 40 6 604 10300 3237  8% 9 218205 27816 11%
c i 11.98 146 40 6 604 10623 3501  8% 9 218205 27724 11%
c i 11.98 146 40 6 604 10626 3503  8% 9 218205 27480 11%
c } 11.98 146 40 6 604 10632 3506  8% 9 218205 27380 11%
c 0 11.98 146 40 6 604 10632 3506  8% 9 218205 27380 11%
c 
c --- [ result ] -------------------------------------------------------------
c 
s UNSATISFIABLE
c 
c --- [ run-time profiling ] -------------------------------------------------
c 
c process time taken by individual solving procedures
c (percentage relative to process time for solving)
c 
c         6.58   57.26% simplify
c         4.89   42.60% search
c         4.87   42.42% unstable
c         3.45   30.06% elim
c         1.83   15.92% vivify
c         0.94    8.15% subsume
c         0.10    0.91% ternary
c         0.08    0.70% probe
c         0.02    0.17% lucky
c   =================================
c        11.48   95.83% solve
c 
c last line shows process time for solving
c (percentage relative to total process time)
c 
c --- [ statistics ] ---------------------------------------------------------
c 
c backtracked:               24053       226.23 %  of conflicts
c chronological:              4301        17.88 %  of backtracks
c conflicts:                 10632       925.81    per second
c decisions:                 50063      4359.37    per second
c eliminated:               225843        86.92 %  of all variables
c fixed:                      6605         2.54 %  of all variables
c learned:                    9917        93.28 %  per conflict
c minimized:                 88338        25.00 %  learned literals
c propagations:           15914131         1.39 M  per second
c reduced:                    2595        24.41 %  per conflict
c rephased:                      4      2658.00    interval
c restarts:                    604        17.60    interval
c substituted:                  12         0.00 %  of all variables
c subsumed:                   6258         0.20 %  of all clauses
c strengthened:              15434         0.50 %  of all clauses
c ternary:                    4042         0.36 %  of resolved
c vivified:                    100         0.00 %  of all clauses
c weakened:                 809492         2.84    average size
c 
c seconds are measured in process time for solving
c 
c --- [ resources ] ----------------------------------------------------------
c 
c total process time since initialization:        11.98    seconds
c total real time since initialization:           11.98    seconds
c maximum resident set size of process:          210.64    MB
c 
c --- [ shutting down ] ------------------------------------------------------
c 
c exit 20
