c --- [ banner ] -------------------------------------------------------------
c 
c CaDiCaL Radically Simplified CDCL SAT Solver
c Copyright (c) 2016-2019 Armin Biere, JKU Linz
c 
c Version 1.0.3 cb89cbfa16f47cb7bf1ec6ad9855e7b6d5203c18
c g++ (GCC) 6.3.0 -Wall -Wextra -O3 -DNDEBUG
c Fri Aug 23 08:17:16 CDT 2019 Linux login1 4.4.103-6.38-default x86_64
c 
c --- [ config ] -------------------------------------------------------------
c 
c using 'unsat' configuration (target unsatisfiable instances)
c 
c --- [ proof tracing ] ------------------------------------------------------
c 
c opening file to write '/tmp/32_316_0_four.drat'
c writing binary proof trace to '/tmp/32_316_0_four.drat'
c 
c --- [ parsing input ] ------------------------------------------------------
c 
c reading DIMACS file from '/tmp/32_316_0_four.cnf'
c opening file to read '/tmp/32_316_0_four.cnf'
c found 'p cnf 259840 1039924' header
c parsed 1039924 clauses in 0.45 seconds process time
c 
c --- [ options ] ------------------------------------------------------------
c 
c   --stabilize=false              (different from default 'true')
c   --walk=false                   (different from default 'true')
c 
c --- [ solving ] ------------------------------------------------------------
c 
c time measured in process time since initialization
c 
c  seconds   reductions  redundant   irredundant
c          MB    restarts       trail        variables
c           level   conflicts       glue           remaining
c 
c *  0.47 139  0 0   0    0    0  0% 0 1039424 253924 98%
c {  0.49 142  0 0   0    0    0  0% 0 1039424 253924 98%
c -  0.63 144 380 1   0  300  162  5% 3 922398 253924 98%
c I  1.24 144 113 1  92 1002  788  8% 9 922398 253924 98%
c -  1.88 175 84 2 147 1479 1165  7% 9 922398 253924 98%
c B  3.11 175 63 2 346 3003 2485  8% 10 922398 253924 98%
c -  3.62 175 63 3 381 3250 2133  9% 10 922398 253924 98%
c s  5.24 156 58 3 404 4073 2841 11% 10 922398 253924 98%
c w  6.89 179 58 3 404 4073 2839 11% 10 922398 253924 98%
c t  6.96 179 58 3 404 4073 2839 11% 10 921742 253924 98%
c e  9.71 201 58 3 404 4073   41 11% 10 229271 28252 11%
c s  9.94 201 58 3 404 4073   40 11% 10 228926 28252 11%
c e 10.25 203 58 3 404 4073   40 11% 10 228926 28139 11%
c 3 10.60 203 54 3 427 5001 3669  9% 10 228926 28139 11%
c 3 10.61 203 54 3 427 5001 3939  9% 10 228926 28139 11%
c d 10.66 203 54 3 427 5001 3897  9% 10 228926 28134 11%
c 2 10.68 203 54 3 427 5001 3887  9% 10 228926 28134 11%
c p 10.84 203 54 3 427 5001 6933  9% 10 228926 28131 11%
c - 10.95 203 52 4 448 5607 1541  8% 10 228781 28131 11%
c F 11.00 203 51 4 459 6009 1883  8% 10 228781 28131 11%
c 
c  seconds   reductions  redundant  irredundant
c          MB    restarts       trail       variables
c           level   conflicts       glue         remaining
c 
c i 11.00 203 50 4 459 6039 1910  8% 9 228781 28124 11%
c i 11.00 203 50 4 459 6050 1911  7% 9 228781 28060 11%
c i 11.22 203 42 4 477 7496 3205  9% 9 228781 28049 11%
c i 11.23 203 42 4 477 7644 3319  9% 9 228781 28043 11%
c - 11.28 143 42 5 477 7646 2197  9% 9 222621 28043 11%
c i 11.29 143 41 5 477 7719 2238  9% 9 222621 27937 11%
c } 11.30 143 41 5 477 7821 2309  9% 9 222621 27925 11%
c 0 11.30 143 41 5 477 7821 2309  9% 9 222621 27925 11%
c 
c --- [ result ] -------------------------------------------------------------
c 
s UNSATISFIABLE
c 
c --- [ run-time profiling ] -------------------------------------------------
c 
c process time taken by individual solving procedures
c (percentage relative to process time for solving)
c 
c         5.75   53.02% simplify
c         5.08   46.79% search
c         5.06   46.61% unstable
c         2.98   27.47% elim
c         1.52   13.97% vivify
c         0.86    7.89% subsume
c         0.16    1.44% probe
c         0.08    0.77% ternary
c         0.02    0.18% lucky
c   =================================
c        10.85   96.03% solve
c 
c last line shows process time for solving
c (percentage relative to total process time)
c 
c --- [ statistics ] ---------------------------------------------------------
c 
c backtracked:               28366       362.69 %  of conflicts
c chronological:              3328        11.73 %  of backtracks
c conflicts:                  7821       720.96    per second
c decisions:                 42741      3939.99    per second
c eliminated:               225785        86.89 %  of all variables
c fixed:                      6125         2.36 %  of all variables
c learned:                    7201        92.07 %  per conflict
c minimized:                 57182        21.82 %  learned literals
c propagations:           18655166         1.72 M  per second
c reduced:                    1246        15.93 %  per conflict
c rephased:                      3      2607.00    interval
c restarts:                    477        16.40    interval
c substituted:                   5         0.00 %  of all variables
c subsumed:                   5920         0.19 %  of all clauses
c strengthened:              15296         0.50 %  of all clauses
c ternary:                    3521         0.31 %  of resolved
c vivified:                    234         0.01 %  of all clauses
c weakened:                 810110         2.84    average size
c 
c seconds are measured in process time for solving
c 
c --- [ resources ] ----------------------------------------------------------
c 
c total process time since initialization:        11.30    seconds
c total real time since initialization:           11.30    seconds
c maximum resident set size of process:          212.34    MB
c 
c --- [ shutting down ] ------------------------------------------------------
c 
c exit 20
