c --- [ banner ] -------------------------------------------------------------
c 
c CaDiCaL Radically Simplified CDCL SAT Solver
c Copyright (c) 2016-2019 Armin Biere, JKU Linz
c 
c Version 1.0.3 cb89cbfa16f47cb7bf1ec6ad9855e7b6d5203c18
c g++ (GCC) 6.3.0 -Wall -Wextra -O3 -DNDEBUG
c Fri Aug 23 08:17:16 CDT 2019 Linux login1 4.4.103-6.38-default x86_64
c 
c --- [ config ] -------------------------------------------------------------
c 
c using 'unsat' configuration (target unsatisfiable instances)
c 
c --- [ proof tracing ] ------------------------------------------------------
c 
c opening file to write '/tmp/32_455_0_four.drat'
c writing binary proof trace to '/tmp/32_455_0_four.drat'
c 
c --- [ parsing input ] ------------------------------------------------------
c 
c reading DIMACS file from '/tmp/32_455_0_four.cnf'
c opening file to read '/tmp/32_455_0_four.cnf'
c found 'p cnf 259840 1039924' header
c parsed 1039924 clauses in 0.53 seconds process time
c 
c --- [ options ] ------------------------------------------------------------
c 
c   --stabilize=false              (different from default 'true')
c   --walk=false                   (different from default 'true')
c 
c --- [ solving ] ------------------------------------------------------------
c 
c time measured in process time since initialization
c 
c  seconds   reductions  redundant   irredundant
c          MB    restarts       trail        variables
c           level   conflicts       glue           remaining
c 
c *  0.54 139  0 0   0    0    0  0% 0 1039424 253921 98%
c {  0.56 142  0 0   0    0    0  0% 0 1039424 253921 98%
c -  0.84 149 323 1  14  300  180  5% 4 922400 253921 98%
c I  1.62 149 108 1 135 1014  823  7% 9 922400 253921 98%
c -  2.19 180 83 2 202 1482 1203  7% 10 922400 253921 98%
c B  3.13 180 60 2 352 3016 2542  8% 10 922400 253921 98%
c -  3.51 180 59 3 353 3251 2065  8% 10 922400 253921 98%
c s  4.78 199 60 3 410 4068 2773  9% 10 922400 253921 98%
c w  6.44 199 60 3 410 4068 2771  9% 10 922400 253921 98%
c t  6.51 199 60 3 410 4068 2771  9% 10 921802 253921 98%
c e  9.32 194 60 3 410 4068   52  9% 10 228848 28137 11%
c s  9.58 194 60 3 410 4068   49  9% 10 228675 28137 11%
c e  9.89 194 60 3 410 4068   41  9% 10 228675 28065 11%
c 3 10.24 194 56 3 445 5001 3565  8% 10 228675 28065 11%
c 3 10.26 194 56 3 445 5001 3835  8% 10 228675 28065 11%
c d 10.30 194 56 3 445 5001 3793  8% 10 228675 28060 11%
c 2 10.33 194 56 3 445 5001 3783  8% 10 228675 28060 11%
c p 10.40 194 56 3 445 5001 6168  8% 10 228675 28060 11%
c - 10.56 194 54 4 465 5608 1558  9% 10 228675 28060 11%
c F 10.64 194 53 4 471 6020 1936  9% 10 228675 28060 11%
c 
c  seconds   reductions  redundant  irredundant
c          MB    restarts       trail       variables
c           level   conflicts       glue         remaining
c 
c - 10.84 194 43 5 482 7646 2411  8% 9 228675 28060 11%
c B 11.29 194 43 5 666 10021 4570  9% 9 228675 28060 11%
c - 11.36 194 43 6 672 10097 3307  9% 9 228675 28060 11%
c i 11.54 194 42 6 726 11035 4154  9% 9 228675 28029 11%
c i 11.68 194 41 6 742 11670 4753 10% 9 228675 27959 11%
c i 11.69 194 41 6 744 11698 4777 10% 9 228675 27953 11%
c } 11.94 194 39 6 769 12586 5590 11% 9 228675 27503 11%
c 0 11.94 194 39 6 769 12586 5590 11% 9 228675 27503 11%
c 
c --- [ result ] -------------------------------------------------------------
c 
s UNSATISFIABLE
c 
c --- [ run-time profiling ] -------------------------------------------------
c 
c process time taken by individual solving procedures
c (percentage relative to process time for solving)
c 
c         5.78   50.68% simplify
c         5.61   49.18% search
c         5.59   49.00% unstable
c         3.04   26.67% elim
c         1.53   13.42% vivify
c         0.90    7.85% subsume
c         0.09    0.77% ternary
c         0.07    0.63% probe
c         0.02    0.18% lucky
c   =================================
c        11.41   95.58% solve
c 
c last line shows process time for solving
c (percentage relative to total process time)
c 
c --- [ statistics ] ---------------------------------------------------------
c 
c backtracked:               27058       214.98 %  of conflicts
c chronological:              5463        20.19 %  of backtracks
c conflicts:                 12586      1102.87    per second
c decisions:                 66921      5864.09    per second
c eliminated:               225856        86.92 %  of all variables
c fixed:                      6476         2.49 %  of all variables
c learned:                   11768        93.50 %  per conflict
c minimized:                117257        25.43 %  learned literals
c propagations:           19175686         1.68 M  per second
c reduced:                    2866        22.77 %  per conflict
c rephased:                      4      3146.50    interval
c restarts:                    769        16.37    interval
c substituted:                   5         0.00 %  of all variables
c subsumed:                   6251         0.20 %  of all clauses
c strengthened:              15839         0.52 %  of all clauses
c ternary:                    3340         0.32 %  of resolved
c vivified:                    163         0.01 %  of all clauses
c weakened:                 810324         2.84    average size
c 
c seconds are measured in process time for solving
c 
c --- [ resources ] ----------------------------------------------------------
c 
c total process time since initialization:        11.94    seconds
c total real time since initialization:           11.94    seconds
c maximum resident set size of process:          208.26    MB
c 
c --- [ shutting down ] ------------------------------------------------------
c 
c exit 20
