c --- [ banner ] -------------------------------------------------------------
c 
c CaDiCaL Radically Simplified CDCL SAT Solver
c Copyright (c) 2016-2019 Armin Biere, JKU Linz
c 
c Version 1.0.3 cb89cbfa16f47cb7bf1ec6ad9855e7b6d5203c18
c g++ (GCC) 6.3.0 -Wall -Wextra -O3 -DNDEBUG
c Fri Aug 23 08:17:16 CDT 2019 Linux login1 4.4.103-6.38-default x86_64
c 
c --- [ config ] -------------------------------------------------------------
c 
c using 'unsat' configuration (target unsatisfiable instances)
c 
c --- [ proof tracing ] ------------------------------------------------------
c 
c opening file to write '/tmp/24_257_0_four.drat'
c writing binary proof trace to '/tmp/24_257_0_four.drat'
c 
c --- [ parsing input ] ------------------------------------------------------
c 
c reading DIMACS file from '/tmp/24_257_0_four.cnf'
c opening file to read '/tmp/24_257_0_four.cnf'
c found 'p cnf 43008 265790' header
c parsed 265790 clauses in 0.18 seconds process time
c 
c --- [ options ] ------------------------------------------------------------
c 
c   --stabilize=false              (different from default 'true')
c   --walk=false                   (different from default 'true')
c 
c --- [ solving ] ------------------------------------------------------------
c 
c time measured in process time since initialization
c 
c  seconds  reductions  redundant  irredundant
c         MB    restarts       trail       variables
c          level   conflicts       glue         remaining
c 
c *  0.18 31  0 0   0    0    0  0% 0 240732 41410 96%
c {  0.18 31  0 0   0    0    0  0% 0 240732 41410 96%
c -  0.22 32 42 1  23  300  221  7% 8 230790 41410 96%
c i  0.24 32 30 1  23  431  323  7% 6 230790 41396 96%
c I  0.29 34 45 1 110 1002  782  9% 8 230790 41396 96%
c -  0.37 41 46 2 129 1118  770  9% 9 230216 41396 96%
c -  0.51 44 39 3 174 2344 1407 10% 8 230216 41396 96%
c }  0.53 44 37 3 182 2608 1614 10% 8 230216 40569 94%
c 0  0.53 44 37 3 182 2608 1614 10% 8 230216 40569 94%
c 
c --- [ result ] -------------------------------------------------------------
c 
s UNSATISFIABLE
c 
c --- [ run-time profiling ] -------------------------------------------------
c 
c process time taken by individual solving procedures
c (percentage relative to process time for solving)
c 
c         0.34   98.85% search
c         0.34   98.85% unstable
c         0.00    0.00% simplify
c   =================================
c         0.35   65.91% solve
c 
c last line shows process time for solving
c (percentage relative to total process time)
c 
c --- [ statistics ] ---------------------------------------------------------
c 
c backtracked:                3185       122.12 %  of conflicts
c chronological:              1087        34.13 %  of backtracks
c conflicts:                  2608      7494.25    per second
c decisions:                 16313     46876.44    per second
c fixed:                      2439         5.67 %  of all variables
c learned:                    2243        86.00 %  per conflict
c minimized:                 18709        24.58 %  learned literals
c propagations:            1069852         3.07 M  per second
c reduced:                     482        18.48 %  per conflict
c rephased:                      1      2608.00    interval
c restarts:                    182        14.33    interval
c subsumed:                    129         0.03 %  of all clauses
c 
c seconds are measured in process time for solving
c 
c --- [ resources ] ----------------------------------------------------------
c 
c total process time since initialization:         0.53    seconds
c total real time since initialization:            0.53    seconds
c maximum resident set size of process:           49.69    MB
c 
c --- [ shutting down ] ------------------------------------------------------
c 
c exit 20
