c --- [ banner ] -------------------------------------------------------------
c 
c CaDiCaL Radically Simplified CDCL SAT Solver
c Copyright (c) 2016-2019 Armin Biere, JKU Linz
c 
c Version 1.0.3 cb89cbfa16f47cb7bf1ec6ad9855e7b6d5203c18
c g++ (GCC) 6.3.0 -Wall -Wextra -O3 -DNDEBUG
c Fri Aug 23 08:17:16 CDT 2019 Linux login1 4.4.103-6.38-default x86_64
c 
c --- [ config ] -------------------------------------------------------------
c 
c using 'unsat' configuration (target unsatisfiable instances)
c 
c --- [ proof tracing ] ------------------------------------------------------
c 
c opening file to write '/tmp/80_1179_0_six.drat'
c writing binary proof trace to '/tmp/80_1179_0_six.drat'
c 
c --- [ parsing input ] ------------------------------------------------------
c 
c reading DIMACS file from '/tmp/80_1179_0_six.cnf'
c opening file to read '/tmp/80_1179_0_six.cnf'
c found 'p cnf 50176 399294' header
c parsed 399294 clauses in 0.15 seconds process time
c 
c --- [ options ] ------------------------------------------------------------
c 
c   --stabilize=false              (different from default 'true')
c   --walk=false                   (different from default 'true')
c 
c --- [ solving ] ------------------------------------------------------------
c 
c time measured in process time since initialization
c 
c  seconds  reductions  redundant  irredundant
c         MB    restarts       trail       variables
c          level   conflicts       glue         remaining
c 
c *  0.15 44  0 0   0    0    0  0% 0 361884 48238 96%
c {  0.16 45  0 0   0    0    0  0% 0 361884 48238 96%
c -  0.22 46 43 1  32  303  214  7% 8 351648 48238 96%
c i  0.26 47 37 1  48  874  622  8% 7 351648 48224 96%
c I  0.27 47 35 1  48 1010  697  8% 7 351648 48224 96%
c -  0.40 59 34 2  69 1230  646  8% 8 350776 48224 96%
c i  0.41 59 32 2  69 1252  658  8% 8 350776 48210 96%
c i  0.41 59 32 2  69 1254  659  8% 8 350776 48147 96%
c i  0.41 59 32 2  69 1255  659  8% 8 350776 47604 95%
c i  0.42 59 31 2  69 1404  743  8% 7 350776 47459 95%
c i  0.42 59 31 2  69 1407  745  8% 7 350776 47134 94%
c i  0.42 59 31 2  69 1408  745  8% 7 350776 47133 94%
c }  0.42 59 31 2  69 1411  746  8% 7 350776 46640 93%
c 0  0.42 59 31 2  69 1411  746  8% 7 350776 46640 93%
c 
c --- [ result ] -------------------------------------------------------------
c 
s UNSATISFIABLE
c 
c --- [ run-time profiling ] -------------------------------------------------
c 
c process time taken by individual solving procedures
c (percentage relative to process time for solving)
c 
c         0.27  100.00% search
c         0.27   98.53% unstable
c         0.00    1.47% lucky
c         0.00    0.00% simplify
c   =================================
c         0.27   64.15% solve
c 
c last line shows process time for solving
c (percentage relative to total process time)
c 
c --- [ statistics ] ---------------------------------------------------------
c 
c backtracked:                1662       117.79 %  of conflicts
c chronological:               518        31.17 %  of backtracks
c conflicts:                  1411      5187.50    per second
c decisions:                  6676     24544.12    per second
c fixed:                      3536         7.05 %  of all variables
c learned:                    1140        80.79 %  per conflict
c minimized:                 15261        33.47 %  learned literals
c propagations:             520112         1.91 M  per second
c reduced:                      51         3.61 %  per conflict
c rephased:                      1      1411.00    interval
c restarts:                     69        20.45    interval
c subsumed:                    215         0.03 %  of all clauses
c 
c seconds are measured in process time for solving
c 
c --- [ resources ] ----------------------------------------------------------
c 
c total process time since initialization:         0.42    seconds
c total real time since initialization:            0.42    seconds
c maximum resident set size of process:           59.11    MB
c 
c --- [ shutting down ] ------------------------------------------------------
c 
c exit 20
