c --- [ banner ] -------------------------------------------------------------
c 
c CaDiCaL Radically Simplified CDCL SAT Solver
c Copyright (c) 2016-2019 Armin Biere, JKU Linz
c 
c Version 1.0.3 cb89cbfa16f47cb7bf1ec6ad9855e7b6d5203c18
c g++ (GCC) 6.3.0 -Wall -Wextra -O3 -DNDEBUG
c Fri Aug 23 08:17:16 CDT 2019 Linux login1 4.4.103-6.38-default x86_64
c 
c --- [ config ] -------------------------------------------------------------
c 
c using 'unsat' configuration (target unsatisfiable instances)
c 
c --- [ proof tracing ] ------------------------------------------------------
c 
c opening file to write '/tmp/80_1270_0_six.drat'
c writing binary proof trace to '/tmp/80_1270_0_six.drat'
c 
c --- [ parsing input ] ------------------------------------------------------
c 
c reading DIMACS file from '/tmp/80_1270_0_six.cnf'
c opening file to read '/tmp/80_1270_0_six.cnf'
c found 'p cnf 50176 399294' header
c parsed 399294 clauses in 0.16 seconds process time
c 
c --- [ options ] ------------------------------------------------------------
c 
c   --stabilize=false              (different from default 'true')
c   --walk=false                   (different from default 'true')
c 
c --- [ solving ] ------------------------------------------------------------
c 
c time measured in process time since initialization
c 
c  seconds  reductions  redundant  irredundant
c         MB    restarts       trail       variables
c          level   conflicts       glue         remaining
c 
c *  0.16 44  0 0   0    0    0  0% 0 361874 47978 96%
c {  0.16 45  0 0   0    0    0  0% 0 361874 47978 96%
c i  0.17 46 42 0   5  147   87  8% 7 361874 47942 96%
c i  0.17 46 45 0   9  170  102  8% 7 361874 47598 95%
c i  0.18 46 57 0  14  250  156 10% 6 361874 47463 95%
c i  0.18 46 57 0  14  251  156 10% 6 361874 47446 95%
c -  0.22 46 62 1  14  301  171 10% 6 333082 47402 94%
c i  0.25 46 53 1  61  682  399 10% 9 333082 47377 94%
c i  0.25 46 53 1  62  683  399 10% 9 333082 47363 94%
c I  0.27 46 43 1  72 1006  610 10% 10 333082 47112 94%
c i  0.28 46 41 1  79 1099  658 10% 9 333082 47062 94%
c i  0.28 46 41 1  79 1106  653 10% 9 333082 47060 94%
c i  0.28 46 40 1  79 1107  653 10% 9 333082 47027 94%
c i  0.28 46 40 1  79 1108  653 10% 9 333082 46989 94%
c }  0.28 46 40 1  79 1113  654 10% 9 333082 46524 93%
c 0  0.28 46 40 1  79 1113  654 10% 9 333082 46524 93%
c 
c --- [ result ] -------------------------------------------------------------
c 
s UNSATISFIABLE
c 
c --- [ run-time profiling ] -------------------------------------------------
c 
c process time taken by individual solving procedures
c (percentage relative to process time for solving)
c 
c         0.12  100.00% search
c         0.12   96.67% unstable
c         0.00    3.33% lucky
c         0.00    0.00% simplify
c   =================================
c         0.12   43.48% solve
c 
c last line shows process time for solving
c (percentage relative to total process time)
c 
c --- [ statistics ] ---------------------------------------------------------
c 
c backtracked:                1302       116.98 %  of conflicts
c chronological:               406        31.18 %  of backtracks
c conflicts:                  1113      9275.00    per second
c decisions:                  7186     59883.33    per second
c fixed:                      3652         7.28 %  of all variables
c learned:                     800        71.88 %  per conflict
c minimized:                  7730        23.21 %  learned literals
c propagations:             372823         3.11 M  per second
c rephased:                      1      1113.00    interval
c restarts:                     79        14.09    interval
c subsumed:                    115         0.02 %  of all clauses
c 
c seconds are measured in process time for solving
c 
c --- [ resources ] ----------------------------------------------------------
c 
c total process time since initialization:         0.28    seconds
c total real time since initialization:            0.28    seconds
c maximum resident set size of process:           48.57    MB
c 
c --- [ shutting down ] ------------------------------------------------------
c 
c exit 20
