c --- [ banner ] -------------------------------------------------------------
c 
c CaDiCaL Radically Simplified CDCL SAT Solver
c Copyright (c) 2016-2019 Armin Biere, JKU Linz
c 
c Version 1.0.3 cb89cbfa16f47cb7bf1ec6ad9855e7b6d5203c18
c g++ (GCC) 6.3.0 -Wall -Wextra -O3 -DNDEBUG
c Fri Aug 23 08:17:16 CDT 2019 Linux login1 4.4.103-6.38-default x86_64
c 
c --- [ config ] -------------------------------------------------------------
c 
c using 'unsat' configuration (target unsatisfiable instances)
c 
c --- [ proof tracing ] ------------------------------------------------------
c 
c opening file to write '/tmp/80_1323_0_six.drat'
c writing binary proof trace to '/tmp/80_1323_0_six.drat'
c 
c --- [ parsing input ] ------------------------------------------------------
c 
c reading DIMACS file from '/tmp/80_1323_0_six.cnf'
c opening file to read '/tmp/80_1323_0_six.cnf'
c found 'p cnf 50176 399294' header
c parsed 399294 clauses in 0.27 seconds process time
c 
c --- [ options ] ------------------------------------------------------------
c 
c   --stabilize=false              (different from default 'true')
c   --walk=false                   (different from default 'true')
c 
c --- [ solving ] ------------------------------------------------------------
c 
c time measured in process time since initialization
c 
c  seconds  reductions  redundant  irredundant
c         MB    restarts       trail       variables
c          level   conflicts       glue         remaining
c 
c *  0.27 44  0 0   0    0    0  0% 0 361874 48083 96%
c {  0.27 45  0 0   0    0    0  0% 0 361874 48083 96%
c -  0.33 46 60 1  16  300  220  8% 12 347281 48083 96%
c I  0.38 47 56 1  37 1004  683 10% 10 347281 48083 96%
c -  0.50 59 46 2  40 1225  772  9% 9 347281 48083 96%
c i  0.52 59 46 2  49 1629 1056  9% 9 347281 48049 96%
c i  0.57 59 42 2  72 2381 1546  9% 9 347281 48013 96%
c i  0.57 59 42 2  72 2382 1546  9% 9 347281 47972 96%
c i  0.57 59 42 2  72 2384 1546  9% 9 347281 47954 96%
c -  0.66 59 40 3  72 2611 1277 10% 8 343790 47954 96%
c B  0.69 59 40 3 101 3006 1526 10% 9 343790 47954 96%
c i  0.73 59 37 3 105 3409 1802 10% 8 343790 47952 96%
c i  0.74 59 37 3 105 3418 1808 10% 8 343790 47948 96%
c i  0.74 59 37 3 105 3438 1827 10% 8 343790 47807 95%
c i  0.81 59 37 3 163 4225 2367 11% 8 343790 47561 95%
c i  0.82 59 36 3 173 4387 2479 11% 9 343790 47456 95%
c }  0.82 59 36 3 173 4391 2481 11% 8 343790 46908 93%
c 0  0.82 59 36 3 173 4391 2481 11% 8 343790 46908 93%
c 
c --- [ result ] -------------------------------------------------------------
c 
s UNSATISFIABLE
c 
c --- [ run-time profiling ] -------------------------------------------------
c 
c process time taken by individual solving procedures
c (percentage relative to process time for solving)
c 
c         0.56  100.00% search
c         0.55   99.28% unstable
c         0.00    0.72% lucky
c         0.00    0.00% simplify
c   =================================
c         0.56   67.48% solve
c 
c last line shows process time for solving
c (percentage relative to total process time)
c 
c --- [ statistics ] ---------------------------------------------------------
c 
c backtracked:                5085       115.81 %  of conflicts
c chronological:              1507        29.64 %  of backtracks
c conflicts:                  4391      7897.48    per second
c decisions:                 17672     31784.17    per second
c fixed:                      3268         6.51 %  of all variables
c learned:                    3455        78.68 %  per conflict
c minimized:                 47947        27.15 %  learned literals
c propagations:            1845846         3.32 M  per second
c reduced:                     480        10.93 %  per conflict
c rephased:                      2      2195.50    interval
c restarts:                    173        25.38    interval
c subsumed:                    474         0.06 %  of all clauses
c 
c seconds are measured in process time for solving
c 
c --- [ resources ] ----------------------------------------------------------
c 
c total process time since initialization:         0.82    seconds
c total real time since initialization:            0.82    seconds
c maximum resident set size of process:           68.18    MB
c 
c --- [ shutting down ] ------------------------------------------------------
c 
c exit 20
