c --- [ banner ] -------------------------------------------------------------
c 
c CaDiCaL Radically Simplified CDCL SAT Solver
c Copyright (c) 2016-2019 Armin Biere, JKU Linz
c 
c Version 1.0.3 cb89cbfa16f47cb7bf1ec6ad9855e7b6d5203c18
c g++ (GCC) 6.3.0 -Wall -Wextra -O3 -DNDEBUG
c Fri Aug 23 08:17:16 CDT 2019 Linux login1 4.4.103-6.38-default x86_64
c 
c --- [ config ] -------------------------------------------------------------
c 
c using 'unsat' configuration (target unsatisfiable instances)
c 
c --- [ proof tracing ] ------------------------------------------------------
c 
c opening file to write '/tmp/80_239_0_six.drat'
c writing binary proof trace to '/tmp/80_239_0_six.drat'
c 
c --- [ parsing input ] ------------------------------------------------------
c 
c reading DIMACS file from '/tmp/80_239_0_six.cnf'
c opening file to read '/tmp/80_239_0_six.cnf'
c found 'p cnf 50176 399294' header
c parsed 399294 clauses in 0.29 seconds process time
c 
c --- [ options ] ------------------------------------------------------------
c 
c   --stabilize=false              (different from default 'true')
c   --walk=false                   (different from default 'true')
c 
c --- [ solving ] ------------------------------------------------------------
c 
c time measured in process time since initialization
c 
c  seconds  reductions  redundant  irredundant
c         MB    restarts       trail       variables
c          level   conflicts       glue         remaining
c 
c *  0.29 44  0 0   0    0    0  0% 0 361846 48075 96%
c {  0.29 45  0 0   0    0    0  0% 0 361846 48075 96%
c i  0.30 45 55 0   3  102   85  8% 5 361846 47947 96%
c -  0.37 47 57 1  18  302  192  9% 8 343789 47947 96%
c i  0.42 47 46 1  38  766  490 10% 9 343789 47591 95%
c i  0.42 47 48 1  40  836  531 11% 9 343789 47407 94%
c I  0.43 47 45 1  45 1002  624 11% 9 343789 47407 94%
c i  0.45 47 41 1  55 1222  744 11% 9 343789 47348 94%
c -  0.58 58 41 2  56 1223  649 11% 9 332197 47348 94%
c i  0.61 58 44 2  65 1410  768 11% 8 332197 47344 94%
c i  0.61 58 43 2  65 1411  768 11% 8 332197 47340 94%
c }  0.61 58 43 2  65 1414  768 11% 8 332197 46589 93%
c 0  0.61 58 43 2  65 1414  768 11% 8 332197 46589 93%
c 
c --- [ result ] -------------------------------------------------------------
c 
s UNSATISFIABLE
c 
c --- [ run-time profiling ] -------------------------------------------------
c 
c process time taken by individual solving procedures
c (percentage relative to process time for solving)
c 
c         0.32   98.77% search
c         0.32   98.77% unstable
c         0.00    0.00% simplify
c   =================================
c         0.32   52.94% solve
c 
c last line shows process time for solving
c (percentage relative to total process time)
c 
c --- [ statistics ] ---------------------------------------------------------
c 
c backtracked:                1644       116.27 %  of conflicts
c chronological:               549        33.39 %  of backtracks
c conflicts:                  1414      4364.20    per second
c decisions:                  7244     22358.02    per second
c fixed:                      3587         7.15 %  of all variables
c learned:                     978        69.17 %  per conflict
c minimized:                 11831        26.85 %  learned literals
c propagations:             556954         1.72 M  per second
c reduced:                      70         4.95 %  per conflict
c rephased:                      1      1414.00    interval
c restarts:                     65        21.75    interval
c subsumed:                    105         0.01 %  of all clauses
c 
c seconds are measured in process time for solving
c 
c --- [ resources ] ----------------------------------------------------------
c 
c total process time since initialization:         0.61    seconds
c total real time since initialization:            0.62    seconds
c maximum resident set size of process:           58.34    MB
c 
c --- [ shutting down ] ------------------------------------------------------
c 
c exit 20
