c --- [ banner ] -------------------------------------------------------------
c 
c CaDiCaL Radically Simplified CDCL SAT Solver
c Copyright (c) 2016-2019 Armin Biere, JKU Linz
c 
c Version 1.0.3 cb89cbfa16f47cb7bf1ec6ad9855e7b6d5203c18
c g++ (GCC) 6.3.0 -Wall -Wextra -O3 -DNDEBUG
c Fri Aug 23 08:17:16 CDT 2019 Linux login1 4.4.103-6.38-default x86_64
c 
c --- [ config ] -------------------------------------------------------------
c 
c using 'unsat' configuration (target unsatisfiable instances)
c 
c --- [ proof tracing ] ------------------------------------------------------
c 
c opening file to write '/tmp/51_278_0_three.drat'
c writing binary proof trace to '/tmp/51_278_0_three.drat'
c 
c --- [ parsing input ] ------------------------------------------------------
c 
c reading DIMACS file from '/tmp/51_278_0_three.cnf'
c opening file to read '/tmp/51_278_0_three.cnf'
c found 'p cnf 202048 780975' header
c parsed 780975 clauses in 0.34 seconds process time
c 
c --- [ options ] ------------------------------------------------------------
c 
c   --stabilize=false              (different from default 'true')
c   --walk=false                   (different from default 'true')
c 
c --- [ solving ] ------------------------------------------------------------
c 
c time measured in process time since initialization
c 
c  seconds  reductions  redundant  irredundant
c         MB    restarts       trail       variables
c          level   conflicts       glue          remaining
c 
c *  0.35 97  0 0   0    0    0  0% 0 780480 198018 98%
c {  0.37 99  0 0   0    0    0  0% 0 780480 198018 98%
c -  0.58 105 101 1  36  301  225  4% 6 700726 198018 98%
c I  1.03 110 56 1 122 1003  855  8% 8 700726 198018 98%
c -  1.61 130 55 2 157 1408 1160 10% 8 700726 198018 98%
c i  2.06 130 43 2 212 2214 1883  9% 8 700726 198017 98%
c i  2.44 130 41 2 261 2735 2361  9% 9 700726 197929 98%
c i  2.56 130 40 2 279 3002 2616  9% 9 700726 197589 98%
c B  2.57 130 40 2 280 3004 2618  9% 9 700726 196560 97%
c -  2.79 129 39 3 285 3068 1928  9% 9 678177 196560 97%
c s  3.95 120 36 3 337 3958 2734 11% 8 678177 196560 97%
c w  5.18 139 36 3 337 3958 2717 11% 8 678177 196560 97%
c t  5.23 139 36 3 337 3958 2716 11% 8 677838 196560 97%
c e  6.97 141 36 3 337 3958   43 11% 8 166120 25591 13%
c s  7.13 146 36 3 337 3958   40 11% 8 166004 25591 13%
c e  7.33 146 36 3 337 3958   35 11% 8 165973 25560 13%
c d  7.68 147 36 3 418 5002  987  5% 9 165969 25557 13%
c 3  7.77 147 36 3 418 5002 3260  5% 9 165969 25557 13%
c 3  7.78 147 36 3 418 5002 3604  5% 9 165969 25557 13%
c d  7.85 147 36 3 418 5002 3584  5% 9 165969 25555 13%
c 
c  seconds   reductions  redundant  irredundant
c          MB    restarts       trail       variables
c           level   conflicts       glue         remaining
c 
c 2  7.89 147 36 3 418 5002 3580  5% 9 165968 25555 13%
c p  7.97 147 36 3 418 5002 4024  5% 9 165968 25555 13%
c -  8.06 147 36 4 427 5265 1263  5% 9 165968 25555 13%
c F  8.13 147 35 4 454 6005 1910  6% 9 165968 25555 13%
c -  8.29 147 36 5 534 7095 2143  6% 9 165968 25555 13%
c -  8.55 147 34 6 670 9294 2813  6% 9 165968 25555 13%
c B  8.64 147 34 6 694 10006 3456  6% 9 165968 25555 13%
c -  8.85 147 33 7 779 11856 3531  6% 8 165968 25555 13%
c s  9.28 147 32 7 954 14754 6042  6% 8 165946 25555 13%
c v  9.50 147 32 7 954 14754 6042  6% 8 160154 25555 13%
c w  9.62 147 32 7 954 14754 6026  6% 8 160154 25555 13%
c t  9.63 147 32 7 954 14754 6022  6% 8 149981 25555 13%
c e  9.80 147 32 7 954 14754 4284  6% 8 144251 20641 10%
c s  9.86 147 32 7 954 14754 4218  6% 8 143475 20641 10%
c e  9.93 147 32 7 954 14754 4193  6% 8 143450 20626 10%
c - 10.06 147 31 8 955 14785 3299  2% 8 143450 20626 10%
c d 10.12 147 31 8 955 15002 3491  8% 8 143448 20625 10%
c 3 10.18 147 31 8 955 15002 6886  8% 8 143448 20625 10%
c 3 10.19 147 31 8 955 15002 7289  8% 8 143448 20625 10%
c d 10.23 147 31 8 955 15002 6747  8% 8 143448 20535 10%
c 
c  seconds   reductions   redundant  irredundant
c          MB    restarts        trail       variables
c           level    conflicts       glue         remaining
c 
c 2 10.25 147 31 8 955 15002 6578  8% 8 143441 20534 10%
c p 10.29 147 31 8 955 15002 6908  8% 8 143441 20533 10%
c # 10.32 147 31 8 955 15009 6914  8% 8 143441 20533 10%
c - 10.68 147 29 9 1067 17908 4875  6% 8 143221 20533 10%
c i 10.84 147 28 9 1114 19391 6215  6% 8 143221 20529 10%
c B 11.04 147 26 9 1126 21015 7636  6% 8 143221 20529 10%
c i 11.07 147 26 9 1152 21338 7897  6% 8 143221 20523 10%
c - 11.12 147 26 10 1152 21376 5398  6% 8 142013 20523 10%
c i 11.24 147 26 10 1176 21897 5871  7% 8 142013 20520 10%
c i 11.25 147 26 10 1176 22130 6036  6% 8 142013 20509 10%
c } 11.25 147 26 10 1176 22135 6036  6% 8 142013 20493 10%
c 0 11.25 147 26 10 1176 22135 6036  6% 8 142013 20493 10%
c 
c --- [ result ] -------------------------------------------------------------
c 
s UNSATISFIABLE
c 
c --- [ run-time profiling ] -------------------------------------------------
c 
c process time taken by individual solving procedures
c (percentage relative to process time for solving)
c 
c         6.01   55.06% search
c         5.99   54.91% unstable
c         4.89   44.83% simplify
c         2.12   19.39% elim
c         1.43   13.12% vivify
c         0.72    6.56% subsume
c         0.18    1.65% ternary
c         0.12    1.14% probe
c         0.02    0.15% lucky
c   =================================
c        10.91   96.98% solve
c 
c last line shows process time for solving
c (percentage relative to total process time)
c 
c --- [ statistics ] ---------------------------------------------------------
c 
c backtracked:               60670       274.09 %  of conflicts
c chronological:              8789        14.49 %  of backtracks
c conflicts:                 22135      2028.50    per second
c decisions:                 85171      7805.26    per second
c eliminated:               175929        87.07 %  of all variables
c fixed:                      5530         2.74 %  of all variables
c learned:                   21214        95.84 %  per conflict
c minimized:                173426        27.29 %  learned literals
c propagations:           19838604         1.82 M  per second
c reduced:                    9012        40.71 %  per conflict
c rephased:                      6      3689.17    interval
c restarts:                   1176        18.82    interval
c substituted:                  96         0.05 %  of all variables
c subsumed:                  12606         0.54 %  of all clauses
c strengthened:              13249         0.56 %  of all clauses
c ternary:                    7837         0.34 %  of resolved
c vivified:                   6361         0.27 %  of all clauses
c weakened:                 622105         2.89    average size
c 
c seconds are measured in process time for solving
c 
c --- [ resources ] ----------------------------------------------------------
c 
c total process time since initialization:        11.25    seconds
c total real time since initialization:           11.26    seconds
c maximum resident set size of process:          155.65    MB
c 
c --- [ shutting down ] ------------------------------------------------------
c 
c exit 20
