c --- [ banner ] -------------------------------------------------------------
c 
c CaDiCaL Radically Simplified CDCL SAT Solver
c Copyright (c) 2016-2019 Armin Biere, JKU Linz
c 
c Version 1.0.3 cb89cbfa16f47cb7bf1ec6ad9855e7b6d5203c18
c g++ (GCC) 6.3.0 -Wall -Wextra -O3 -DNDEBUG
c Fri Aug 23 08:17:16 CDT 2019 Linux login1 4.4.103-6.38-default x86_64
c 
c --- [ config ] -------------------------------------------------------------
c 
c using 'unsat' configuration (target unsatisfiable instances)
c 
c --- [ proof tracing ] ------------------------------------------------------
c 
c opening file to write '/tmp/51_308_0_three.drat'
c writing binary proof trace to '/tmp/51_308_0_three.drat'
c 
c --- [ parsing input ] ------------------------------------------------------
c 
c reading DIMACS file from '/tmp/51_308_0_three.cnf'
c opening file to read '/tmp/51_308_0_three.cnf'
c found 'p cnf 202048 780975' header
c parsed 780975 clauses in 0.40 seconds process time
c 
c --- [ options ] ------------------------------------------------------------
c 
c   --stabilize=false              (different from default 'true')
c   --walk=false                   (different from default 'true')
c 
c --- [ solving ] ------------------------------------------------------------
c 
c time measured in process time since initialization
c 
c  seconds  reductions  redundant  irredundant
c         MB    restarts       trail       variables
c          level   conflicts       glue          remaining
c 
c *  0.42 97  0 0   0    0    0  0% 0 780480 197375 98%
c {  0.46 100  0 0   0    0    0  0% 0 780480 197375 98%
c -  0.68 104 195 1  13  301  182  5% 5 691270 197375 98%
c }  0.83 109 145 1  40  406  283  6% 6 691270 197331 98%
c 0  0.83 109 145 1  40  406  283  6% 6 691270 197331 98%
c 
c --- [ result ] -------------------------------------------------------------
c 
s UNSATISFIABLE
c 
c --- [ run-time profiling ] -------------------------------------------------
c 
c process time taken by individual solving procedures
c (percentage relative to process time for solving)
c 
c         0.41   93.58% search
c         0.38   86.24% unstable
c         0.03    7.34% lucky
c         0.00    0.00% simplify
c   =================================
c         0.44   52.40% solve
c 
c last line shows process time for solving
c (percentage relative to total process time)
c 
c --- [ statistics ] ---------------------------------------------------------
c 
c backtracked:                 578       142.36 %  of conflicts
c chronological:               282        48.79 %  of backtracks
c conflicts:                   406       931.19    per second
c decisions:                  3347      7676.61    per second
c fixed:                      4717         2.33 %  of all variables
c learned:                     390        96.06 %  per conflict
c minimized:                   538        11.90 %  learned literals
c propagations:             479692         1.10 M  per second
c restarts:                     40        10.15    interval
c subsumed:                    106         0.01 %  of all clauses
c 
c seconds are measured in process time for solving
c 
c --- [ resources ] ----------------------------------------------------------
c 
c total process time since initialization:         0.83    seconds
c total real time since initialization:            0.84    seconds
c maximum resident set size of process:          109.56    MB
c 
c --- [ shutting down ] ------------------------------------------------------
c 
c exit 20
