c --- [ banner ] -------------------------------------------------------------
c 
c CaDiCaL Radically Simplified CDCL SAT Solver
c Copyright (c) 2016-2019 Armin Biere, JKU Linz
c 
c Version 1.0.3 cb89cbfa16f47cb7bf1ec6ad9855e7b6d5203c18
c g++ (GCC) 6.3.0 -Wall -Wextra -O3 -DNDEBUG
c Fri Aug 23 08:17:16 CDT 2019 Linux login1 4.4.103-6.38-default x86_64
c 
c --- [ config ] -------------------------------------------------------------
c 
c using 'unsat' configuration (target unsatisfiable instances)
c 
c --- [ proof tracing ] ------------------------------------------------------
c 
c opening file to write '/tmp/51_678_0_three.drat'
c writing binary proof trace to '/tmp/51_678_0_three.drat'
c 
c --- [ parsing input ] ------------------------------------------------------
c 
c reading DIMACS file from '/tmp/51_678_0_three.cnf'
c opening file to read '/tmp/51_678_0_three.cnf'
c found 'p cnf 202048 780975' header
c parsed 780975 clauses in 0.33 seconds process time
c 
c --- [ options ] ------------------------------------------------------------
c 
c   --stabilize=false              (different from default 'true')
c   --walk=false                   (different from default 'true')
c 
c --- [ solving ] ------------------------------------------------------------
c 
c time measured in process time since initialization
c 
c  seconds  reductions  redundant  irredundant
c         MB    restarts       trail       variables
c          level   conflicts       glue          remaining
c 
c *  0.35 97  0 0   0    0    0  0% 0 780480 197696 98%
c {  0.36 100  0 0   0    0    0  0% 0 780480 197696 98%
c -  0.53 104 193 1  12  300  185  5% 4 695999 197696 98%
c i  0.63 109 136 1  40  417  293  5% 5 695999 197612 98%
c i  0.63 109 135 1  41  419  294  5% 5 695999 197611 98%
c I  0.90 109 57 1 161 1002  839  6% 7 695999 197611 98%
c -  1.35 127 50 2 217 1410 1177  7% 8 694434 197611 98%
c }  1.57 127 41 2 269 1947 1640  7% 8 694434 196641 97%
c 0  1.57 127 41 2 269 1947 1640  7% 8 694434 196641 97%
c 
c --- [ result ] -------------------------------------------------------------
c 
s UNSATISFIABLE
c 
c --- [ run-time profiling ] -------------------------------------------------
c 
c process time taken by individual solving procedures
c (percentage relative to process time for solving)
c 
c         1.22   98.71% search
c         1.20   97.41% unstable
c         0.02    1.29% lucky
c         0.00    0.00% simplify
c   =================================
c         1.24   78.83% solve
c 
c last line shows process time for solving
c (percentage relative to total process time)
c 
c --- [ statistics ] ---------------------------------------------------------
c 
c backtracked:                2566       131.79 %  of conflicts
c chronological:               917        35.74 %  of backtracks
c conflicts:                  1947      1575.24    per second
c decisions:                 12112      9799.35    per second
c fixed:                      5407         2.68 %  of all variables
c learned:                    1835        94.25 %  per conflict
c minimized:                 11754        24.91 %  learned literals
c propagations:            3965749         3.21 M  per second
c reduced:                      29         1.49 %  per conflict
c rephased:                      1      1947.00    interval
c restarts:                    269         7.24    interval
c subsumed:                    161         0.01 %  of all clauses
c 
c seconds are measured in process time for solving
c 
c --- [ resources ] ----------------------------------------------------------
c 
c total process time since initialization:         1.57    seconds
c total real time since initialization:            1.57    seconds
c maximum resident set size of process:          127.09    MB
c 
c --- [ shutting down ] ------------------------------------------------------
c 
c exit 20
