c --- [ banner ] -------------------------------------------------------------
c 
c CaDiCaL Radically Simplified CDCL SAT Solver
c Copyright (c) 2016-2019 Armin Biere, JKU Linz
c 
c Version 1.0.3 cb89cbfa16f47cb7bf1ec6ad9855e7b6d5203c18
c g++ (GCC) 6.3.0 -Wall -Wextra -O3 -DNDEBUG
c Fri Aug 23 08:17:16 CDT 2019 Linux login1 4.4.103-6.38-default x86_64
c 
c --- [ config ] -------------------------------------------------------------
c 
c using 'unsat' configuration (target unsatisfiable instances)
c 
c --- [ proof tracing ] ------------------------------------------------------
c 
c opening file to write '/tmp/51_64_0_three.drat'
c writing binary proof trace to '/tmp/51_64_0_three.drat'
c 
c --- [ parsing input ] ------------------------------------------------------
c 
c reading DIMACS file from '/tmp/51_64_0_three.cnf'
c opening file to read '/tmp/51_64_0_three.cnf'
c found 'p cnf 202048 780975' header
c parsed 780975 clauses in 0.39 seconds process time
c 
c --- [ options ] ------------------------------------------------------------
c 
c   --stabilize=false              (different from default 'true')
c   --walk=false                   (different from default 'true')
c 
c --- [ solving ] ------------------------------------------------------------
c 
c time measured in process time since initialization
c 
c  seconds  reductions  redundant  irredundant
c         MB    restarts       trail       variables
c          level   conflicts       glue          remaining
c 
c *  0.40 97  0 0   0    0    0  0% 0 780480 198196 98%
c {  0.42 99  0 0   0    0    0  0% 0 780480 198196 98%
c -  0.89 109 131 1  42  300  228  6% 7 703858 198196 98%
c I  1.49 114 72 1 149 1002  888  8% 10 703858 198196 98%
c -  1.98 136 67 2 169 1408 1180  8% 10 703858 198196 98%
c B  3.48 136 63 2 275 3003 2668 11% 10 703858 198196 98%
c -  3.78 136 63 3 282 3072 2043 11% 10 703858 198196 98%
c s  4.87 122 60 3 349 3957 2858 10% 10 703858 198196 98%
c w  6.36 141 60 3 349 3957 2854 10% 10 703858 198196 98%
c t  6.42 141 60 3 349 3957 2854 10% 10 703003 198196 98%
c e  8.48 143 60 3 349 3957   27 10% 10 174298 26227 13%
c s  8.65 152 60 3 349 3957   27 10% 10 174123 26227 13%
c e  8.87 152 60 3 349 3957   22 10% 10 174083 26181 13%
c 3  9.17 153 60 3 408 5000 2981  6% 10 174083 26181 13%
c 3  9.18 153 60 3 408 5000 3089  6% 10 174083 26181 13%
c d  9.22 153 60 3 408 5000 3045  6% 10 174083 26175 13%
c 2  9.24 153 60 3 408 5000 3033  6% 10 174083 26175 13%
c p  9.29 153 60 3 408 5000 3493  6% 10 174083 26175 13%
c -  9.36 153 59 4 415 5288 1344  6% 10 174083 26175 13%
c F  9.44 153 57 4 455 6007 2004  8% 10 174083 26175 13%
c 
c  seconds   reductions  redundant   irredundant
c          MB    restarts       trail        variables
c           level   conflicts       glue          remaining
c 
c -  9.64 153 58 5 591 7149 2202  8% 11 174083 26175 13%
c -  9.92 153 53 6 717 9382 2806  8% 10 174083 26175 13%
c B 10.00 153 53 6 750 10009 3403  8% 10 174083 26175 13%
c - 10.28 153 49 7 797 11987 3509  9% 10 174083 26175 13%
c s 10.65 153 47 7 966 14890 6096  8% 10 174038 26175 13%
c v 10.85 153 47 7 966 14890 6096  8% 10 163281 26175 13%
c w 10.97 153 47 7 966 14890 6094  8% 10 163281 26175 13%
c t 10.98 153 47 7 966 14890 6093  8% 10 155929 26175 13%
c e 11.12 153 47 7 966 14890 4209  8% 10 151884 22619 11%
c s 11.18 153 47 7 966 14890 4153  8% 10 151453 22619 11%
c e 11.23 153 47 7 966 14890 4150  8% 10 151406 22607 11%
c - 11.36 153 47 8 972 14966 3111  5% 10 151406 22607 11%
c 3 11.40 154 47 8 972 15001 5649  3% 10 151406 22607 11%
c 3 11.42 154 47 8 972 15001 6570  3% 10 151406 22607 11%
c d 11.46 154 47 8 972 15001 5584  3% 10 151406 22449 11%
c 2 11.47 154 47 8 972 15001 5411  3% 10 151397 22449 11%
c p 11.49 154 47 8 972 15001 5585  3% 10 151397 22449 11%
c # 11.51 154 47 8 972 15011 5595  3% 10 151397 22449 11%
c - 11.82 154 47 9 1190 18152 4644  7% 10 151397 22449 11%
c B 12.10 154 44 9 1293 21012 7240  6% 10 151397 22449 11%
c 
c  seconds   reductions     redundant   irredundant
c          MB     restarts         trail        variables
c           level      conflicts       glue          remaining
c 
c - 12.21 154 44 10 1371 21693 5327  6% 10 151397 22449 11%
c - 12.60 154 42 11 1526 25588 6015  6% 10 151397 22449 11%
c O 12.79 154 40 11 1595 28013 8223  6% 10 151397 22449 11%
c - 13.03 154 40 12 1685 29838 6688  6% 10 151397 22449 11%
c 3 13.11 154 40 12 1707 30002 9834  6% 10 151397 22449 11%
c 3 13.13 154 40 12 1707 30002 10854  6% 10 151397 22449 11%
c d 13.18 154 40 12 1707 30002 9646  6% 10 151397 22262 11%
c 2 13.19 154 40 12 1707 30002 9542  6% 10 151397 22262 11%
c p 13.22 154 40 12 1707 30002 9693  6% 10 151397 22262 11%
c s 13.42 154 39 12 1797 31354 9768  6% 10 149940 22262 11%
c v 13.70 154 39 12 1797 31354 9768  6% 10 135028 22262 11%
c w 13.86 154 39 12 1797 31354 9253  6% 10 135028 22262 11%
c t 13.87 154 39 12 1797 31354 9250  6% 10 134950 22262 11%
c e 13.96 154 39 12 1797 31354 9004  6% 10 134916 22247 11%
c s 14.01 154 39 12 1797 31354 8939  6% 10 134902 22247 11%
c e 14.05 154 39 12 1797 31354 8918  6% 10 134897 22245 11%
c - 14.36 154 38 13 1931 34441 7995  6% 10 134897 22245 11%
c B 14.56 154 38 13 2075 36014 9475  6% 10 134897 22245 11%
c - 14.94 154 38 14 2308 39187 8145  6% 10 134897 22245 11%
c - 15.56 154 38 15 2783 44278 8805  6% 10 134897 22245 11%
c 
c  seconds   reductions     redundant   irredundant
c          MB     restarts         trail        variables
c           level      conflicts       glue          remaining
c 
c I 15.66 154 38 15 2831 45016 9483  6% 10 134897 22245 11%
c - 16.37 154 38 16 3148 49703 9548  6% 10 134897 22245 11%
c 3 16.45 154 37 16 3148 50002 12958  6% 10 134897 22245 11%
c 3 16.47 154 37 16 3148 50002 14103  6% 10 134897 22245 11%
c d 16.52 154 37 16 3148 50002 13320  6% 10 134897 22132 11%
c 2 16.53 154 37 16 3148 50002 13263  6% 10 134897 22132 11%
c p 16.55 154 37 16 3148 50002 13339  6% 10 134897 22132 11%
c s 16.95 154 38 16 3368 52157 14247  6% 10 134441 22132 11%
c v 17.21 154 38 16 3368 52157 14247  6% 10 110742 22132 11%
c w 17.41 154 38 16 3368 52157 13633  6% 10 110742 22132 11%
c t 17.42 154 38 16 3368 52157 13627  6% 10 110742 22132 11%
c e 17.51 154 38 16 3368 52157 13173  6% 10 110476 21889 11%
c s 17.55 154 38 16 3368 52157 13114  6% 10 110471 21889 11%
c e 17.59 154 38 16 3368 52157 13109  6% 10 110471 21888 11%
c B 17.94 154 38 16 3505 55017 15806  6% 10 110471 21888 11%
c - 18.01 154 38 17 3522 55466 11152  6% 10 110471 21888 11%
c - 18.63 154 37 18 3886 61099 10908  6% 10 110471 21888 11%
c F 19.08 154 37 18 4188 66018 15400  6% 10 110471 21888 11%
c - 19.25 154 37 19 4241 67046 11370  6% 10 110471 21888 11%
c - 20.02 154 37 20 4631 73306 12315  6% 10 110471 21888 11%
c 
c  seconds   reductions      redundant   irredundant
c          MB     restarts          trail        variables
c           level      conflicts        glue          remaining
c 
c 3 20.22 154 37 20 4691 75002 17239  6% 10 110471 21888 11%
c 3 20.24 154 37 20 4691 75002 18868  6% 10 110471 21888 11%
c d 20.28 154 37 20 4691 75002 17554  6% 10 110471 21699 11%
c 2 20.29 154 37 20 4691 75002 17546  6% 10 110471 21699 11%
c p 20.32 154 37 20 4691 75002 17622  6% 10 110471 21699 11%
c s 20.45 154 37 20 4745 75517 17332  6% 10 109708 21699 11%
c v 20.79 154 37 20 4745 75517 17332  6% 10 102278 21699 11%
c w 21.00 154 37 20 4745 75517 16694  6% 10 102278 21699 11%
c e 21.14 154 37 20 4745 75517 13609  6% 10 101661 21233 11%
c s 21.20 154 37 20 4745 75517 13453  6% 10 101542 21233 11%
c e 21.24 154 37 20 4745 75517 13441  6% 10 101542 21228 11%
c B 21.53 154 37 20 4914 78020 15770  6% 10 101542 21228 11%
c - 21.78 154 37 21 5025 79880 12579  6% 10 101542 21228 11%
c - 22.42 154 37 22 5541 86523 13397  6% 10 101542 21228 11%
c # 22.90 154 36 22 5857 91022 17584  6% 10 101542 21228 11%
c - 23.18 154 36 23 6033 93468 14531  6% 10 101542 21228 11%
c f 24.12 154 36 24 6430 100715 10745  6% 10 101542 21228 11%
c s 24.41 154 36 24 6619 102614 12495  6% 10 101518 21228 11%
c v 24.71 154 36 24 6619 102614 12495  6% 10 97504 21228 11%
c w 24.84 154 36 24 6619 102614 12493  6% 10 97504 21228 11%
c 
c  seconds   reductions       redundant   irredundant
c          MB     restarts           trail       variables
c           level      conflicts         glue         remaining
c 
c e 24.91 154 36 24 6619 102614 11552  6% 10 97124 20967 10%
c s 24.94 154 36 24 6619 102614 11532  6% 10 97091 20967 10%
c 3 25.34 154 36 24 6729 105005 17044  6% 10 97091 20967 10%
c 3 25.36 154 36 24 6729 105005 17944  6% 10 97091 20967 10%
c d 25.40 154 36 24 6729 105005 17322  6% 10 97091 20885 10%
c 2 25.41 154 36 24 6729 105005 17319  6% 10 97091 20885 10%
c p 25.43 154 36 24 6729 105005 17367  6% 10 97091 20885 10%
c B 25.45 154 36 24 6734 105023 17384  6% 10 97091 20885 10%
c - 25.88 154 36 25 7008 108265 12742  6% 10 97091 20885 10%
c - 26.67 154 35 26 7469 116066 14055  6% 10 97091 20885 10%
c O 27.14 154 35 26 7840 120028 17735  6% 10 97091 20885 10%
c - 27.58 154 35 27 8031 124167 15537  6% 10 97091 20885 10%
c - 28.46 154 34 28 8630 132568 16505  6% 10 97091 20885 10%
c s 28.62 154 34 28 8670 133573 17289  6% 10 96758 20885 10%
c v 28.98 154 34 28 8670 133573 17289  6% 10 96571 20885 10%
c w 29.21 154 34 28 8670 133573 17271  6% 10 96571 20885 10%
c e 29.33 154 34 28 8670 133573 14864  6% 10 96348 20300 10%
c s 29.39 154 34 28 8670 133573 14768  6% 10 96297 20300 10%
c e 29.42 154 34 28 8670 133573 14734  6% 10 96295 20297 10%
c B 29.80 154 34 28 8790 136029 17028  7% 10 96295 20297 10%
c 
c  seconds   reductions       redundant   irredundant
c          MB     restarts           trail       variables
c           level      conflicts         glue         remaining
c 
c 3 30.28 154 34 28 9044 140005 23653  7% 10 96295 20296 10%
c 3 30.30 154 34 28 9044 140005 24650  7% 10 96295 20296 10%
c d 30.33 154 34 28 9044 140005 24191  7% 10 96295 20241 10%
c 2 30.35 154 34 28 9044 140005 24186  7% 10 96295 20241 10%
c p 30.37 154 34 28 9044 140005 24227  7% 10 96295 20241 10%
c - 30.52 154 34 29 9095 141270 17087  6% 10 96295 20241 10%
c - 31.51 154 34 30 9691 150272 18138  6% 10 96295 20241 10%
c I 31.83 154 34 30 9909 153030 20680  6% 10 96295 20241 10%
c - 32.71 154 33 31 10265 159572 19505  6% 10 96295 20241 10%
c i 32.84 154 33 31 10329 160772 20576  6% 10 96295 20240 10%
c - 33.90 154 32 32 10714 169172 20436  7% 10 96196 20240 10%
c s 34.04 154 32 32 10741 169514 20543  7% 10 95964 20240 10%
c v 34.39 154 32 32 10741 169514 20543  7% 10 95542 20240 10%
c w 34.70 154 32 32 10741 169514 20509  7% 10 95542 20240 10%
c t 34.70 154 32 32 10741 169514 20507  7% 10 95539 20240 10%
c e 34.77 154 32 32 10741 169514 18434  7% 10 95476 20113 10%
c s 34.83 154 32 32 10741 169514 18329  7% 10 95429 20113 10%
c e 34.86 154 32 32 10741 169514 18312  7% 10 95429 20112 10%
c B 35.03 154 32 32 10880 171031 19722  7% 10 95429 20112 10%
c - 36.24 154 32 33 11484 179073 21103  7% 10 95429 20112 10%
c 
c  seconds   reductions        redundant   irredundant
c          MB      restarts           trail       variables
c           level       conflicts         glue         remaining
c 
c 3 36.48 154 32 33 11528 180010 24351  7% 10 95429 20112 10%
c 3 36.52 154 32 33 11528 180010 25267  7% 10 95429 20112 10%
c d 36.57 154 32 33 11528 180010 25067  7% 10 95429 20088 10%
c 2 36.59 154 32 33 11528 180010 25057  7% 10 95429 20088 10%
c p 36.61 154 32 33 11528 180010 25100  7% 10 95429 20088 10%
c - 37.90 154 32 34 12276 189274 23019  7% 10 95429 20088 10%
c F 38.02 154 32 34 12359 190034 23735  7% 10 95429 20088 10%
c - 39.34 154 32 35 12999 199775 23910  7% 10 95429 20088 10%
c s 40.74 154 32 35 13604 209949 33181  7% 10 95326 20088 10%
c v 41.09 154 32 35 13604 209949 33181  7% 10 95199 20088 10%
c w 41.51 154 32 35 13604 209949 33121  7% 10 95199 20088 10%
c t 41.51 154 32 35 13604 209949 33120  7% 10 95199 20088 10%
c e 41.56 154 32 35 13604 209949 31961  7% 10 95104 20051 10%
c s 41.62 154 32 35 13604 209949 31838  7% 10 95091 20051 10%
c B 41.68 154 32 35 13621 210037 31922  7% 10 95091 20051 10%
c - 41.79 154 31 36 13651 210575 24009  7% 10 95091 20051 10%
c - 43.26 154 31 37 14454 221677 25365  7% 10 95091 20051 10%
c 3 43.79 154 31 37 14596 225012 30660  7% 10 95091 20051 10%
c 3 43.81 154 31 37 14596 225012 31587  7% 10 95091 20051 10%
c d 43.84 154 31 37 14596 225012 31397  7% 10 95091 20027 10%
c 
c  seconds   reductions        redundant   irredundant
c          MB      restarts           trail       variables
c           level       conflicts         glue         remaining
c 
c 2 43.86 154 31 37 14596 225012 31391  7% 10 95091 20027 10%
c p 43.88 154 31 37 14596 225012 31449  7% 10 95091 20027 10%
c # 44.87 154 31 37 15041 231038 37060  7% 10 95091 20027 10%
c - 45.22 154 31 38 15296 233082 27139  7% 10 95091 20027 10%
c - 46.99 154 30 39 16119 244782 28203  7% 10 95091 20027 10%
c B 48.22 154 30 39 16662 253039 35787  7% 10 95091 20027 10%
c s 48.54 154 30 39 16751 254862 37305  7% 10 94994 20027 10%
c v 48.90 154 30 39 16751 254862 37305  7% 10 94979 20027 10%
c w 49.51 154 30 39 16751 254862 37279  7% 10 94979 20027 10%
c e 49.66 154 30 39 16751 254862 32684  7% 10 95225 19851 10%
c s 49.72 154 30 39 16751 254862 32587  7% 10 95188 19851 10%
c e 49.76 154 30 39 16751 254862 32573  7% 10 95186 19849 10%
c - 50.08 154 30 40 16867 256784 25579  7% 10 95186 19849 10%
c - 52.02 154 30 41 17719 269084 28320  7% 10 95186 19849 10%
c 3 52.92 154 29 41 18099 275012 35887  7% 10 95186 19849 10%
c 3 52.93 154 29 41 18099 275012 36576  7% 10 95186 19849 10%
c d 52.97 154 29 41 18099 275012 36464  7% 10 95186 19835 10%
c 2 52.99 154 29 41 18099 275012 36456  7% 10 95186 19835 10%
c p 53.02 154 29 41 18099 275012 36510  7% 10 95186 19835 10%
c O 53.20 154 29 41 18122 276040 37393  7% 10 95186 19835 10%
c 
c  seconds   reductions        redundant   irredundant
c          MB      restarts           trail       variables
c           level       conflicts         glue         remaining
c 
c - 54.06 154 29 42 18397 281684 29883  7% 10 95186 19835 10%
c - 55.95 154 29 43 19073 294585 31229  7% 10 95186 19835 10%
c B 56.92 154 28 43 19401 300050 36148  7% 10 95186 19835 10%
c s 58.02 154 28 43 19603 304620 40019  7% 10 95115 19835 10%
c v 58.46 154 28 43 19603 304620 40019  7% 10 94860 19835 10%
c w 59.35 154 28 43 19603 304620 39939  7% 10 94860 19835 10%
c t 59.36 154 28 43 19603 304620 39937  7% 10 94860 19835 10%
c e 59.43 154 28 43 19603 304620 33783  7% 10 94743 19728 10%
c s 59.50 154 28 43 19603 304620 33674  7% 10 94724 19728 10%
c e 59.54 154 28 43 19603 304620 33599  7% 10 94721 19727 10%
c - 60.40 154 28 44 19717 307785 28209  7% 10 94721 19727 10%
c - 63.45 154 28 45 20593 321285 31493  7% 10 94721 19727 10%
c I 64.24 154 28 45 20879 325051 34942  7% 10 94721 19727 10%
c d 65.69 154 27 45 20939 330012 38561  7% 10 94707 19725 10%
c 3 65.74 154 27 45 20939 330012 40429  7% 10 94707 19725 10%
c 3 65.76 154 27 45 20939 330012 41212  7% 10 94707 19725 10%
c d 65.81 154 27 45 20939 330012 41082  7% 10 94707 19709 10%
c 2 65.83 154 27 45 20939 330012 41075  7% 10 94707 19708 10%
c p 65.87 154 27 45 20939 330012 41144  7% 10 94707 19708 10%
c - 66.92 154 27 46 21342 335085 32851  7% 10 94695 19708 10%
c 
c  seconds   reductions        redundant   irredundant
c          MB      restarts           trail       variables
c           level       conflicts         glue         remaining
c 
c - 69.70 154 27 47 22339 349187 34363  7% 10 94695 19708 10%
c B 70.05 154 27 47 22556 351056 36107  7% 10 94695 19708 10%
c s 71.52 154 27 47 23382 358946 43025  7% 10 94606 19708 10%
c v 71.98 154 27 47 23382 358946 43025  7% 10 94419 19708 10%
c w 73.11 154 27 47 23382 358946 42291  7% 10 94419 19698 10%
c t 73.12 154 27 47 23382 358946 42285  7% 10 94419 19698 10%
c e 73.20 154 27 47 23382 358946 39017  7% 10 93365 19235 10%
c s 73.28 154 27 47 23382 358946 38830  7% 10 93327 19235 10%
c e 73.32 154 27 47 23382 358946 38801  7% 10 93320 19228 10%
c - 74.33 154 27 48 23676 363587 31616  7% 10 93320 19228 10%
c F 76.84 154 27 48 24771 378057 45085  7% 10 93320 19228 10%
c - 76.94 154 27 49 24779 378287 34726  7% 10 93320 19228 10%
c 3 79.21 154 28 49 25730 390012 47474  7% 10 93320 19228 10%
c 3 79.23 154 28 49 25730 390012 48355  7% 10 93320 19228 10%
c d 79.28 154 28 49 25730 390012 48244  7% 10 93320 19214 10%
c 2 79.30 154 28 49 25730 390012 48226  7% 10 93319 19214 10%
c p 79.35 154 28 49 25730 390012 48329  7% 10 93319 19214 10%
c - 80.04 154 28 50 25976 393289 37040  7% 10 93319 19214 10%
c B 82.14 154 28 50 26840 406058 48866  7% 10 93319 19214 10%
c f 82.68 154 28 51 27033 408590 27479  7% 10 93319 19214 10%
c 
c  seconds   reductions        redundant   irredundant
c          MB      restarts           trail       variables
c           level       conflicts         glue         remaining
c 
c s 84.34 154 28 51 27743 418200 36340  7% 10 93233 19214 10%
c v 84.78 154 28 51 27743 418200 36340  7% 10 92705 19214 10%
c w 85.72 154 28 51 27743 418200 36314  7% 10 92705 19214 10%
c t 85.72 154 28 51 27743 418200 36314  7% 10 92693 19214 10%
c e 85.80 154 28 51 27743 418200 35484  7% 10 92703 19134  9%
c s 85.87 154 28 51 27743 418200 35401  7% 10 92695 19134  9%
c e 85.91 154 28 51 27743 418200 35396  7% 10 92692 19133  9%
c - 87.08 154 28 52 28070 424191 30726  7% 10 92692 19133  9%
c # 89.34 154 28 52 28859 435061 40823  7% 10 92692 19133  9%
c - 90.56 154 28 53 29203 440094 33545  7% 10 92692 19133  9%
c 3 93.59 154 28 53 30375 455012 49565  7% 10 92692 19132  9%
c 3 93.61 154 28 53 30375 455012 50441  7% 10 92692 19132  9%
c d 93.67 154 28 53 30375 455012 50350  7% 10 92692 19120  9%
c 2 93.69 154 28 53 30375 455012 50342  7% 10 92692 19120  9%
c p 93.73 154 28 53 30375 455012 50417  7% 10 92692 19120  9%
c - 94.14 154 28 54 30548 456294 35894  7% 10 92692 19120  9%
c B 96.06 154 28 54 31202 465065 44080  7% 10 92692 19120  9%
c - 97.83 154 28 55 31724 472795 37506  7% 10 92692 19120  9%
c s 99.90 154 27 55 32357 481942 45816  7% 10 92637 19120  9%
c v 100.33 154 27 55 32357 481942 45816  7% 10 92517 19120  9%
c 
c  seconds    reductions        redundant   irredundant
c           MB      restarts           trail       variables
c            level       conflicts         glue         remaining
c 
c w 101.58 154 27 55 32357 481942 45797  7% 10 92517 19120  9%
c t 101.59 154 27 55 32357 481942 45796  7% 10 92517 19120  9%
c e 101.64 154 27 55 32357 481942 45375  7% 10 92492 19107  9%
c s 101.74 154 27 55 32357 481942 45218  7% 10 92488 19107  9%
c - 103.51 154 27 56 32705 489595 39329  7% 10 92488 19107  9%
c O 104.96 154 27 56 33129 496068 45267  7% 10 92488 19107  9%
c - 107.17 154 27 57 33863 506699 40123  7% 10 92488 19107  9%
c - 111.46 155 26 58 35181 524100 41521  7% 10 92488 19107  9%
c d 111.68 155 26 58 35249 525014 42379  7% 10 92488 19106  9%
c 3 111.72 156 26 58 35249 525014 44080  7% 10 92488 19106  9%
c 3 111.74 156 26 58 35249 525014 44788  7% 10 92488 19106  9%
c d 111.78 156 26 58 35249 525014 44742  7% 10 92488 19100  9%
c 2 111.80 156 26 58 35249 525014 44739  7% 10 92488 19100  9%
c p 111.83 156 26 58 35249 525014 44816  7% 10 92488 19100  9%
c B 112.47 156 26 58 35435 528069 47629  7% 10 92488 19100  9%
c - 115.96 156 26 59 36338 541802 43128  7% 10 92488 19100  9%
c s 117.84 156 26 59 36983 550198 50750  7% 10 92459 19100  9%
c v 118.25 156 26 59 36983 550198 50750  7% 10 92452 19100  9%
c w 119.70 156 26 59 36983 550198 50681  7% 10 92452 19100  9%
c t 119.71 156 26 59 36983 550198 50679  7% 10 92452 19100  9%
c 
c  seconds    reductions        redundant   irredundant
c           MB      restarts           trail        variables
c            level       conflicts         glue          remaining
c 
c e 119.90 157 26 59 36983 550198 30093  7% 10 101567 15532  8%
c s 120.04 157 26 59 36983 550198 29889  7% 10 101394 15532  8%
c - 122.48 157 26 60 37914 559804 30828  9% 10 101394 15532  8%
c I 122.67 157 26 60 37967 561075 32008  9% 10 101394 15532  8%
c - 126.43 157 26 61 39422 578215 36697  8% 10 101394 15532  8%
c B 130.48 157 26 61 40976 595079 52259  8% 10 101394 15532  8%
c - 130.94 157 26 62 41138 596926 39855  8% 10 101394 15532  8%
c d 131.46 157 26 62 41369 600014 42743  8% 10 101394 15530  8%
c 3 131.50 157 26 62 41369 600014 44808  8% 10 101394 15530  8%
c 3 131.52 157 26 62 41369 600014 45684  8% 10 101394 15530  8%
c d 131.55 157 26 62 41369 600014 45111  8% 10 101394 15445  8%
c 2 131.56 157 26 62 41369 600014 45084  8% 10 101393 15445  8%
c p 131.60 157 26 62 41369 600014 45137  8% 10 101393 15445  8%
c - 134.90 157 26 63 42874 615939 42521  8% 10 101393 15445  8%
c F 137.70 157 26 63 43944 630080 55592  8% 10 101393 15445  8%
c - 138.73 157 25 64 44208 635255 44186  8% 10 101393 15445  8%
c s 139.16 157 25 64 44285 636813 45313  8% 10 101039 15445  8%
c v 139.73 157 25 64 44285 636813 45313  8% 10 98890 15445  8%
c w 140.96 157 25 64 44285 636813 45237  8% 10 98890 15445  8%
c t 140.97 157 25 64 44285 636813 45236  8% 10 98888 15445  8%
c 
c  seconds    reductions        redundant   irredundant
c           MB      restarts           trail        variables
c            level       conflicts         glue          remaining
c 
c e 141.20 157 25 64 44285 636813 26337  8% 10 112634 12351  6%
c s 141.37 157 25 64 44285 636813 25939  8% 10 111334 12351  6%
c e 141.46 157 25 64 44285 636813 25845  8% 10 111384 12341  6%
c - 144.27 157 25 65 45350 654873 34170  9% 10 111384 12341  6%
c B 146.12 157 25 65 46150 666081 44552  9% 10 111384 12341  6%
c - 148.46 157 25 66 46847 675601 39267  9% 10 111384 12341  6%
c 3 149.40 157 25 66 47195 680016 45275  9% 10 111384 12341  6%
c 3 149.42 157 25 66 47195 680016 45749  9% 10 111384 12341  6%
c d 149.46 157 25 66 47195 680016 44528  9% 10 111384 12139  6%
c 2 149.48 157 25 66 47195 680016 44527  9% 10 111384 12139  6%
c p 149.52 157 25 66 47195 680016 44571  9% 10 111384 12139  6%
c - 153.55 157 25 67 48489 696645 42454  9% 10 111384 12139  6%
c # 154.88 157 25 67 48843 703082 48292 10% 10 111384 12139  6%
c - 158.32 157 24 68 49915 718007 44809  9% 10 111384 12139  6%
c - 163.03 157 24 69 51469 739677 46810  9% 10 111384 12139  6%
c B 163.26 157 24 69 51491 741091 48113  9% 10 111384 12139  6%
c s 164.26 157 24 69 51840 744730 51029  9% 10 110477 12139  6%
c v 165.18 157 24 69 51840 744730 51029  9% 10 107623 12139  6%
c w 166.92 157 24 69 51840 744730 50910  9% 10 107623 12139  6%
c t 166.92 157 24 69 51840 744730 50909  9% 10 107623 12139  6%
c 
c  seconds    reductions        redundant   irredundant
c           MB      restarts           trail        variables
c            level       conflicts         glue          remaining
c 
c e 167.11 157 24 69 51840 744730 43312  9% 10 108624 11926  6%
c s 167.29 157 24 69 51840 744730 42986  9% 10 108500 11926  6%
c - 171.05 157 23 70 53052 761660 44710 10% 10 108500 11926  6%
c 3 171.72 157 23 70 53232 765018 48920 10% 10 108500 11926  6%
c 3 171.73 157 23 70 53232 765018 49010 10% 10 108500 11926  6%
c d 171.78 157 23 70 53232 765018 48631 10% 10 108500 11862  6%
c 2 171.79 157 23 70 53232 765018 48629 10% 10 108500 11862  6%
c p 171.83 157 23 70 53232 765018 48797 10% 10 108500 11862  6%
c O 174.81 157 23 70 53896 780092 62522 10% 10 108500 11862  6%
c - 175.86 157 23 71 54303 783718 47378 10% 10 108500 11862  6%
c - 180.75 157 23 72 56054 806085 48801  9% 10 108500 11862  6%
c B 183.54 157 22 72 56964 820094 61404  9% 10 108500 11862  6%
c - 185.27 157 22 73 57424 828760 49820  9% 10 108500 11862  6%
c - 190.07 157 22 74 59283 851746 51174  9% 10 108500 11862  6%
c 3 190.54 157 22 74 59363 855019 54920  9% 10 108500 11861  6%
c 3 190.56 157 22 74 59363 855019 55292  9% 10 108500 11861  6%
c p 190.63 157 22 74 59363 855019 55408  9% 10 108500 11842  6%
c s 191.84 157 22 74 59837 859410 58140  9% 10 108110 11842  6%
c v 192.72 157 22 74 59837 859410 58140  9% 10 107488 11842  6%
c w 194.47 157 22 74 59837 859410 57512  9% 10 107488 11842  6%
c 
c  seconds    reductions        redundant   irredundant
c           MB      restarts           trail        variables
c            level       conflicts         glue          remaining
c 
c t 194.48 157 22 74 59837 859410 57492  9% 10 107481 11842  6%
c e 194.97 116 22 74 59837 859410 36872  9% 10 138109 9479  5%
c s 195.26 116 22 74 59837 859410 36300  9% 10 136926 9479  5%
c e 195.43 116 22 74 59837 859410 35977  9% 10 137060 9468  5%
c I 195.87 116 22 74 59943 861095 37538 12% 10 137060 9468  5%
c - 198.23 116 22 75 61047 875043 39829  9% 10 137060 9468  5%
c i 198.71 116 22 75 61226 877698 42241  9% 10 137060 9467  5%
c - 203.06 116 22 76 62820 900964 48404 10% 10 136934 9467  5%
c B 203.38 116 22 76 62974 903100 50300  9% 10 136934 9467  5%
c - 207.58 116 22 77 64412 927219 52001  9% 10 136934 9467  5%
c F 211.08 116 22 77 65813 946105 69244  9% 10 136934 9467  5%
c d 211.95 116 21 77 66043 950019 72726  9% 10 136930 9463  5%
c 3 211.99 116 21 77 66043 950019 74257  9% 10 136930 9463  5%
c 3 212.01 116 21 77 66043 950019 74470  9% 10 136930 9463  5%
c d 212.06 116 21 77 66043 950019 74026  9% 10 136930 9389  5%
c 2 212.08 116 21 77 66043 950019 74021  9% 10 136928 9389  5%
c p 212.14 116 21 77 66043 950019 74787  9% 10 136928 9388  5%
c - 212.99 116 21 78 66247 953816 54709  9% 10 136752 9388  5%
c i 214.62 116 21 78 66618 962526 62112  9% 10 136752 9377  5%
c - 218.62 116 21 79 68240 980738 51194 10% 10 134327 9377  5%
c 
c  seconds    reductions        redundant   irredundant
c           MB      restarts           trail       variables
c            level       conflicts         glue         remaining
c 
c B 220.44 116 20 79 68694 990108 59348 10% 10 134327 9377  5%
c i 222.65 116 20 79 69290 1001323 69154 10% 10 134327 9375  5%
c s 223.85 116 20 79 69551 1005923 72076 10% 10 133550 9375  5%
c v 225.35 116 20 79 69551 1005923 72076 10% 10 125337 9375  5%
c w 227.82 116 20 79 69551 1005923 71273 10% 10 125337 9375  5%
c t 227.83 116 20 79 69551 1005923 71220 10% 10 125257 9375  5%
c e 228.08 116 20 79 69551 1005923 51400 10% 10 127568 8972  4%
c s 228.38 116 20 79 69551 1005923 50748 10% 10 127164 8972  4%
c e 228.52 116 20 79 69551 1005923 49933 10% 10 127209 8964  4%
c - 228.87 116 20 80 69599 1007814 34318 10% 10 127209 8964  4%
c - 232.84 116 20 81 71040 1034653 47035 10% 10 127209 8964  4%
c # 232.88 116 20 81 71040 1035115 47480 10% 10 127209 8964  4%
c i 234.08 116 20 81 71524 1044654 55779 10% 10 127209 8954  4%
c d 234.77 116 20 81 71678 1050021 55982 10% 10 125365 8951  4%
c 3 234.80 116 20 81 71678 1050021 56904 10% 10 125361 8949  4%
c 3 234.82 116 20 81 71678 1050021 57099 10% 10 125361 8949  4%
c 2 234.85 116 20 81 71678 1050021 57041 10% 10 125360 8939  4%
c p 234.89 116 20 81 71678 1050021 57479 10% 10 125360 8938  4%
c - 236.89 116 20 82 72621 1061825 49808 10% 10 125014 8938  4%
c i 238.80 116 19 82 73494 1075883 62427  9% 10 125014 8937  4%
c 
c  seconds    reductions         redundant   irredundant
c           MB      restarts            trail       variables
c            level        conflicts         glue         remaining
c 
c B 239.55 116 19 82 73802 1081117 66885  9% 10 125014 8937  4%
c - 240.93 116 19 83 74449 1089139 53518  9% 10 124902 8937  4%
c i 243.10 116 19 83 75243 1103695 65966 10% 10 124902 8936  4%
c - 244.85 116 18 84 75637 1116774 53949 10% 10 124777 8936  4%
c i 245.73 116 18 84 75749 1124414 60788 10% 10 124777 8815  4%
c O 246.25 116 18 84 75767 1128120 64042 10% 10 124777 8815  4%
c i 246.74 116 18 84 75783 1131546 66894 10% 10 124777 8709  4%
c i 246.76 116 18 84 75783 1131698 67018 10% 10 124777 8706  4%
c i 246.78 116 18 84 75783 1131929 67173 10% 10 124777 8702  4%
c i 246.79 116 18 84 75783 1131946 67184 10% 10 124777 8699  4%
c i 246.79 116 18 84 75783 1131994 67216 10% 10 124777 8696  4%
c i 246.79 116 18 84 75783 1132000 67220 10% 10 124777 8688  4%
c } 246.80 116 18 84 75783 1132002 67220 10% 10 124777 8600  4%
c 0 246.80 116 18 84 75783 1132002 67220 10% 10 124777 8600  4%
c 
c --- [ result ] -------------------------------------------------------------
c 
s UNSATISFIABLE
c 
c --- [ run-time profiling ] -------------------------------------------------
c 
c process time taken by individual solving procedures
c (percentage relative to process time for solving)
c 
c       207.45   84.19% search
c       207.43   84.18% unstable
c        38.94   15.80% simplify
c        25.04   10.16% vivify
c         5.71    2.32% elim
c         4.44    1.80% subsume
c         1.43    0.58% ternary
c         0.66    0.27% probe
c         0.02    0.01% lucky
c   =================================
c       246.41   99.84% solve
c 
c last line shows process time for solving
c (percentage relative to total process time)
c 
c --- [ statistics ] ---------------------------------------------------------
c 
c backtracked:             3430498       303.05 %  of conflicts
c chronological:            403445        11.76 %  of backtracks
c conflicts:               1132002      4594.01    per second
c decisions:               3928773     15944.18    per second
c eliminated:               187849        92.97 %  of all variables
c fixed:                      4230         2.09 %  of all variables
c flushed:                   34172         3.02 %  per conflict
c learned:                 1092089        96.47 %  per conflict
c minimized:              12450291        33.55 %  learned literals
c propagations:          411369589         1.67 M  per second
c reduced:                  780636        68.96 %  per conflict
c rephased:                     47     24085.15    interval
c restarts:                  75783        14.94    interval
c substituted:                1369         0.68 %  of all variables
c subsumed:                 166971         3.26 %  of all clauses
c strengthened:             136800         2.67 %  of all clauses
c ternary:                   67214         0.30 %  of resolved
c vivified:                 134059         2.62 %  of all clauses
c weakened:                 722889         3.05    average size
c 
c seconds are measured in process time for solving
c 
c --- [ resources ] ----------------------------------------------------------
c 
c total process time since initialization:       246.80    seconds
c total real time since initialization:          246.83    seconds
c maximum resident set size of process:          173.45    MB
c 
c --- [ shutting down ] ------------------------------------------------------
c 
c exit 20
