c --- [ banner ] -------------------------------------------------------------
c 
c CaDiCaL Radically Simplified CDCL SAT Solver
c Copyright (c) 2016-2019 Armin Biere, JKU Linz
c 
c Version 1.0.3 cb89cbfa16f47cb7bf1ec6ad9855e7b6d5203c18
c g++ (GCC) 6.3.0 -Wall -Wextra -O3 -DNDEBUG
c Fri Aug 23 08:17:16 CDT 2019 Linux login1 4.4.103-6.38-default x86_64
c 
c --- [ config ] -------------------------------------------------------------
c 
c using 'unsat' configuration (target unsatisfiable instances)
c 
c --- [ proof tracing ] ------------------------------------------------------
c 
c opening file to write '/tmp/81_1350_0_six.drat'
c writing binary proof trace to '/tmp/81_1350_0_six.drat'
c 
c --- [ parsing input ] ------------------------------------------------------
c 
c reading DIMACS file from '/tmp/81_1350_0_six.cnf'
c opening file to read '/tmp/81_1350_0_six.cnf'
c found 'p cnf 50176 399289' header
c parsed 399289 clauses in 0.16 seconds process time
c 
c --- [ options ] ------------------------------------------------------------
c 
c   --stabilize=false              (different from default 'true')
c   --walk=false                   (different from default 'true')
c 
c --- [ solving ] ------------------------------------------------------------
c 
c time measured in process time since initialization
c 
c  seconds  reductions  redundant  irredundant
c         MB    restarts       trail       variables
c          level   conflicts       glue         remaining
c 
c *  0.16 44  0 0   0    0    0  0% 0 363770 48190 96%
c {  0.17 45  0 0   0    0    0  0% 0 363770 48190 96%
c -  0.24 46 90 1  33  324  223  9% 11 349028 48190 96%
c i  0.31 47 90 1  75  951  690 11% 13 349028 48092 96%
c I  0.32 48 90 1  82 1004  732 11% 13 349028 48092 96%
c -  0.45 59 80 2  82 1249  799 11% 12 346218 48092 96%
c -  0.64 60 67 3 174 2634 1323 11% 13 346218 48092 96%
c B  0.67 60 70 3 186 3005 1574 11% 13 346218 48092 96%
c i  0.68 60 70 3 186 3073 1619 11% 13 346218 48053 96%
c i  0.68 60 70 3 186 3074 1619 11% 13 346218 47949 96%
c -  0.87 60 68 4 206 4485 1853 12% 12 342725 47949 96%
c d  1.08 61 71 4 242 5003 2267 12% 12 338119 45646 91%
c 2  1.27 61 71 4 242 5003 2264 12% 12 332364 45646 91%
c p  1.65 62 71 4 242 5003 5257 12% 12 332364 45519 91%
c s  2.06 70 73 4 274 5834 5898 12% 12 332364 45519 91%
c v  2.48 70 73 4 274 5834 5898 12% 12 328606 45519 91%
c w  2.60 70 73 4 274 5834 5868 12% 12 328606 45519 91%
c t  2.65 70 73 4 274 5834 5866 12% 12 293988 45519 91%
c e  3.43 67 73 4 274 5834 1632 12% 12 271488 27658 55%
c s  3.56 72 73 4 274 5834 1630 12% 12 271488 27658 55%
c 
c  seconds  reductions  redundant   irredundant
c         MB    restarts       trail        variables
c          level   conflicts       glue          remaining
c 
c F  3.77 75 73 4 290 6006 1768  9% 12 271488 27658 55%
c -  3.88 75 71 5 322 6787 1050  8% 12 271488 27658 55%
c i  3.99 75 67 5 353 8214 2154  7% 12 271488 27646 55%
c -  4.10 75 59 6 353 9371 2133  7% 11 270092 27646 55%
c i  4.12 76 58 6 358 9510 2223  7% 11 270092 27640 55%
c i  4.12 76 58 6 358 9549 2247  7% 11 270092 27607 55%
c i  4.12 76 57 6 358 9581 2264  7% 11 270092 27510 55%
c }  4.12 76 57 6 358 9590 2268  7% 11 270092 27347 55%
c 0  4.12 76 57 6 358 9590 2268  7% 11 270092 27347 55%
c 
c --- [ result ] -------------------------------------------------------------
c 
s UNSATISFIABLE
c 
c --- [ run-time profiling ] -------------------------------------------------
c 
c process time taken by individual solving procedures
c (percentage relative to process time for solving)
c 
c         2.38   60.20% simplify
c         1.58   39.80% search
c         1.57   39.70% unstable
c         0.77   19.39% elim
c         0.48   12.22% vivify
c         0.38    9.60% probe
c         0.32    7.98% subsume
c         0.15    3.74% ternary
c         0.00    0.10% lucky
c   =================================
c         3.96   96.02% solve
c 
c last line shows process time for solving
c (percentage relative to total process time)
c 
c --- [ statistics ] ---------------------------------------------------------
c 
c backtracked:               43001       448.39 %  of conflicts
c chronological:              3428         7.97 %  of backtracks
c conflicts:                  9590      2421.72    per second
c decisions:                 48174     12165.15    per second
c eliminated:                17861        35.60 %  of all variables
c fixed:                      2665         5.31 %  of all variables
c learned:                    8092        84.38 %  per conflict
c minimized:                115084        26.12 %  learned literals
c propagations:            6319416         1.60 M  per second
c reduced:                    2139        22.30 %  per conflict
c rephased:                      3      3196.67    interval
c restarts:                    358        26.79    interval
c substituted:                2303         4.59 %  of all variables
c subsumed:                  10924         0.87 %  of all clauses
c strengthened:               3143         0.25 %  of all clauses
c vivified:                   3919         0.31 %  of all clauses
c weakened:                 107359         4.09    average size
c 
c seconds are measured in process time for solving
c 
c --- [ resources ] ----------------------------------------------------------
c 
c total process time since initialization:         4.12    seconds
c total real time since initialization:            4.12    seconds
c maximum resident set size of process:           75.50    MB
c 
c --- [ shutting down ] ------------------------------------------------------
c 
c exit 20
