c --- [ banner ] -------------------------------------------------------------
c 
c CaDiCaL Radically Simplified CDCL SAT Solver
c Copyright (c) 2016-2019 Armin Biere, JKU Linz
c 
c Version 1.0.3 cb89cbfa16f47cb7bf1ec6ad9855e7b6d5203c18
c g++ (GCC) 6.3.0 -Wall -Wextra -O3 -DNDEBUG
c Fri Aug 23 08:17:16 CDT 2019 Linux login1 4.4.103-6.38-default x86_64
c 
c --- [ config ] -------------------------------------------------------------
c 
c using 'unsat' configuration (target unsatisfiable instances)
c 
c --- [ proof tracing ] ------------------------------------------------------
c 
c opening file to write '/tmp/6_1180_0_four.drat'
c writing binary proof trace to '/tmp/6_1180_0_four.drat'
c 
c --- [ parsing input ] ------------------------------------------------------
c 
c reading DIMACS file from '/tmp/6_1180_0_four.cnf'
c opening file to read '/tmp/6_1180_0_four.cnf'
c found 'p cnf 259840 1039934' header
c parsed 1039934 clauses in 0.45 seconds process time
c 
c --- [ options ] ------------------------------------------------------------
c 
c   --stabilize=false              (different from default 'true')
c   --walk=false                   (different from default 'true')
c 
c --- [ solving ] ------------------------------------------------------------
c 
c time measured in process time since initialization
c 
c  seconds   reductions  redundant   irredundant
c          MB    restarts       trail        variables
c           level   conflicts       glue           remaining
c 
c *  0.47 139  0 0   0    0    0  0% 0 1039424 252220 97%
c {  0.49 142  0 0   0    0    0  0% 0 1039424 252220 97%
c -  0.70 147 327 1   9  300  178  6% 4 903247 252220 97%
c I  1.26 147 87 1 115 1011  817  8% 7 903247 252220 97%
c i  1.31 147 79 1 115 1097  895  8% 6 903247 252106 97%
c i  1.35 147 76 1 115 1167  954  8% 6 903247 251998 97%
c i  1.36 147 74 1 115 1195  978  8% 6 903247 251884 97%
c i  1.36 147 74 1 115 1196  978  8% 6 903247 251796 97%
c i  1.37 147 74 1 115 1213  988  8% 6 903247 249142 96%
c i  1.37 147 73 1 115 1225  996  8% 6 903247 248216 96%
c i  1.37 147 73 1 115 1226  996  8% 6 903247 247171 95%
c }  1.37 147 73 1 115 1230  997  8% 6 903247 246878 95%
c 0  1.37 147 73 1 115 1230  997  8% 6 903247 246878 95%
c 
c --- [ result ] -------------------------------------------------------------
c 
s UNSATISFIABLE
c 
c --- [ run-time profiling ] -------------------------------------------------
c 
c process time taken by individual solving procedures
c (percentage relative to process time for solving)
c 
c         0.90   97.83% search
c         0.88   95.65% unstable
c         0.02    2.17% lucky
c         0.00    0.00% simplify
c   =================================
c         0.92   67.25% solve
c 
c last line shows process time for solving
c (percentage relative to total process time)
c 
c --- [ statistics ] ---------------------------------------------------------
c 
c backtracked:                1611       130.98 %  of conflicts
c chronological:               632        39.23 %  of backtracks
c conflicts:                  1230      1336.96    per second
c decisions:                  7872      8556.52    per second
c fixed:                     12962         4.99 %  of all variables
c learned:                    1142        92.85 %  per conflict
c minimized:                  4243        15.75 %  learned literals
c propagations:            2804173         3.05 M  per second
c rephased:                      1      1230.00    interval
c restarts:                    115        10.70    interval
c subsumed:                    136         0.01 %  of all clauses
c 
c seconds are measured in process time for solving
c 
c --- [ resources ] ----------------------------------------------------------
c 
c total process time since initialization:         1.37    seconds
c total real time since initialization:            1.37    seconds
c maximum resident set size of process:          154.38    MB
c 
c --- [ shutting down ] ------------------------------------------------------
c 
c exit 20
