c --- [ banner ] -------------------------------------------------------------
c 
c CaDiCaL Radically Simplified CDCL SAT Solver
c Copyright (c) 2016-2019 Armin Biere, JKU Linz
c 
c Version 1.0.3 cb89cbfa16f47cb7bf1ec6ad9855e7b6d5203c18
c g++ (GCC) 6.3.0 -Wall -Wextra -O3 -DNDEBUG
c Fri Aug 23 08:17:16 CDT 2019 Linux login1 4.4.103-6.38-default x86_64
c 
c --- [ config ] -------------------------------------------------------------
c 
c using 'unsat' configuration (target unsatisfiable instances)
c 
c --- [ proof tracing ] ------------------------------------------------------
c 
c opening file to write '/tmp/6_494_0_four.drat'
c writing binary proof trace to '/tmp/6_494_0_four.drat'
c 
c --- [ parsing input ] ------------------------------------------------------
c 
c reading DIMACS file from '/tmp/6_494_0_four.cnf'
c opening file to read '/tmp/6_494_0_four.cnf'
c found 'p cnf 259840 1039934' header
c parsed 1039934 clauses in 0.49 seconds process time
c 
c --- [ options ] ------------------------------------------------------------
c 
c   --stabilize=false              (different from default 'true')
c   --walk=false                   (different from default 'true')
c 
c --- [ solving ] ------------------------------------------------------------
c 
c time measured in process time since initialization
c 
c  seconds   reductions  redundant   irredundant
c          MB    restarts       trail        variables
c           level   conflicts       glue           remaining
c 
c *  0.50 139  0 0   0    0    0  0% 0 1039424 253200 97%
c {  0.52 142  0 0   0    0    0  0% 0 1039424 253200 97%
c -  0.72 147 323 1  11  300  181  5% 5 913904 253200 97%
c I  1.09 147 90 1 101 1004  793  7% 7 913904 253200 97%
c i  1.28 147 64 1 124 1474 1180  7% 7 913904 253172 97%
c -  1.60 178 64 2 124 1476 1022  7% 7 913374 253172 97%
c i  1.65 178 61 2 137 1560 1097  7% 8 913374 252295 97%
c i  1.97 178 43 2 154 2385 1786  8% 7 913374 252217 97%
c i  2.03 178 42 2 164 2495 1873  8% 7 913374 252169 97%
c i  2.03 178 42 2 164 2496 1873  8% 7 913374 249951 96%
c i  2.12 178 41 2 164 2594 1959  8% 7 913374 249572 96%
c i  2.14 178 40 2 164 2654 2009  8% 7 913374 249296 96%
c }  2.14 178 40 2 164 2663 2016  8% 7 913374 249267 96%
c 0  2.14 178 40 2 164 2663 2016  8% 7 913374 249267 96%
c 
c --- [ result ] -------------------------------------------------------------
c 
s UNSATISFIABLE
c 
c --- [ run-time profiling ] -------------------------------------------------
c 
c process time taken by individual solving procedures
c (percentage relative to process time for solving)
c 
c         1.64   99.03% search
c         1.62   97.83% unstable
c         0.02    1.21% lucky
c         0.00    0.00% simplify
c   =================================
c         1.66   77.24% solve
c 
c last line shows process time for solving
c (percentage relative to total process time)
c 
c --- [ statistics ] ---------------------------------------------------------
c 
c backtracked:                3236       121.52 %  of conflicts
c chronological:              1188        36.71 %  of backtracks
c conflicts:                  2663      1608.09    per second
c decisions:                 11052      6673.91    per second
c fixed:                     10573         4.07 %  of all variables
c learned:                    2428        91.18 %  per conflict
c minimized:                 18369        23.98 %  learned literals
c propagations:            5340140         3.22 M  per second
c reduced:                      23         0.86 %  per conflict
c rephased:                      1      2663.00    interval
c restarts:                    164        16.24    interval
c subsumed:                    243         0.01 %  of all clauses
c 
c seconds are measured in process time for solving
c 
c --- [ resources ] ----------------------------------------------------------
c 
c total process time since initialization:         2.14    seconds
c total real time since initialization:            2.14    seconds
c maximum resident set size of process:          177.60    MB
c 
c --- [ shutting down ] ------------------------------------------------------
c 
c exit 20
