c --- [ banner ] -------------------------------------------------------------
c 
c CaDiCaL Radically Simplified CDCL SAT Solver
c Copyright (c) 2016-2019 Armin Biere, JKU Linz
c 
c Version 1.0.3 cb89cbfa16f47cb7bf1ec6ad9855e7b6d5203c18
c g++ (GCC) 6.3.0 -Wall -Wextra -O3 -DNDEBUG
c Fri Aug 23 08:17:16 CDT 2019 Linux login1 4.4.103-6.38-default x86_64
c 
c --- [ config ] -------------------------------------------------------------
c 
c using 'unsat' configuration (target unsatisfiable instances)
c 
c --- [ proof tracing ] ------------------------------------------------------
c 
c opening file to write '/tmp/56_1276_0_four.drat'
c writing binary proof trace to '/tmp/56_1276_0_four.drat'
c 
c --- [ parsing input ] ------------------------------------------------------
c 
c reading DIMACS file from '/tmp/56_1276_0_four.cnf'
c opening file to read '/tmp/56_1276_0_four.cnf'
c found 'p cnf 43008 265775' header
c parsed 265775 clauses in 0.20 seconds process time
c 
c --- [ options ] ------------------------------------------------------------
c 
c   --stabilize=false              (different from default 'true')
c   --walk=false                   (different from default 'true')
c 
c --- [ solving ] ------------------------------------------------------------
c 
c time measured in process time since initialization
c 
c  seconds  reductions  redundant  irredundant
c         MB    restarts       trail       variables
c          level   conflicts       glue         remaining
c 
c *  0.20 31  0 0   0    0    0  0% 0 245533 41722 97%
c {  0.20 32  0 0   0    0    0  0% 0 245533 41722 97%
c -  0.26 33 34 1   0  300  226  7% 9 237120 41722 97%
c i  0.28 33 32 1   2  495  387  7% 8 237120 41709 97%
c I  0.34 34 52 1  46 1007  766  9% 9 237120 41709 97%
c i  0.35 34 52 1  46 1012  770  9% 9 237120 41696 97%
c -  0.44 43 53 2  46 1124  743  9% 9 235970 41696 97%
c -  0.63 43 58 3 139 2359 1337  9% 9 235970 41696 97%
c B  0.70 43 52 3 147 3009 1858  9% 9 235970 41696 97%
c -  0.84 43 50 4 175 4006 1909 10% 9 235970 41696 97%
c i  0.92 43 44 4 225 4993 2678  9% 8 235970 41632 97%
c d  1.04 44 44 4 225 5002 2645  9% 8 231484 40053 93%
c 2  1.20 44 44 4 225 5002 2644  9% 8 229117 40053 93%
c p  1.52 46 44 4 225 5002 13624  9% 8 229117 39650 92%
c d  1.56 46 44 4 225 5002 10575  9% 8 218970 39619 92%
c d  1.60 46 44 4 225 5002 10571  9% 8 218936 39607 92%
c i  1.60 46 44 4 225 5039 10597  9% 8 218936 39596 92%
c i  1.60 46 44 4 225 5048 10605  9% 8 218936 39502 92%
c }  1.60 46 44 4 225 5051 10606  9% 8 218936 39447 92%
c 0  1.60 46 44 4 225 5051 10606  9% 8 218936 39447 92%
c 
c --- [ result ] -------------------------------------------------------------
c 
s UNSATISFIABLE
c 
c --- [ run-time profiling ] -------------------------------------------------
c 
c process time taken by individual solving procedures
c (percentage relative to process time for solving)
c 
c         0.74   52.42% search
c         0.73   52.14% unstable
c         0.67   47.58% simplify
c         0.32   22.79% probe
c         0.12    8.55% ternary
c         0.00    0.28% lucky
c   =================================
c         1.40   87.53% solve
c 
c last line shows process time for solving
c (percentage relative to total process time)
c 
c --- [ statistics ] ---------------------------------------------------------
c 
c backtracked:               28554       565.31 %  of conflicts
c chronological:              2152         7.54 %  of backtracks
c conflicts:                  5051      3597.58    per second
c decisions:                 27040     19259.26    per second
c fixed:                      1939         4.51 %  of all variables
c learned:                    4326        85.65 %  per conflict
c minimized:                 40687        24.25 %  learned literals
c propagations:            3123113         2.22 M  per second
c reduced:                    1298        25.70 %  per conflict
c rephased:                      2      2525.50    interval
c restarts:                    225        22.45    interval
c substituted:                1622         3.77 %  of all variables
c subsumed:                   2671         0.36 %  of all clauses
c weakened:                   3244         2.00    average size
c 
c seconds are measured in process time for solving
c 
c --- [ resources ] ----------------------------------------------------------
c 
c total process time since initialization:         1.60    seconds
c total real time since initialization:            1.61    seconds
c maximum resident set size of process:           49.34    MB
c 
c --- [ shutting down ] ------------------------------------------------------
c 
c exit 20
