c --- [ banner ] -------------------------------------------------------------
c 
c CaDiCaL Radically Simplified CDCL SAT Solver
c Copyright (c) 2016-2019 Armin Biere, JKU Linz
c 
c Version 1.0.3 cb89cbfa16f47cb7bf1ec6ad9855e7b6d5203c18
c g++ (GCC) 6.3.0 -Wall -Wextra -O3 -DNDEBUG
c Fri Aug 23 08:17:16 CDT 2019 Linux login1 4.4.103-6.38-default x86_64
c 
c --- [ config ] -------------------------------------------------------------
c 
c using 'unsat' configuration (target unsatisfiable instances)
c 
c --- [ proof tracing ] ------------------------------------------------------
c 
c opening file to write '/tmp/56_354_0_four.drat'
c writing binary proof trace to '/tmp/56_354_0_four.drat'
c 
c --- [ parsing input ] ------------------------------------------------------
c 
c reading DIMACS file from '/tmp/56_354_0_four.cnf'
c opening file to read '/tmp/56_354_0_four.cnf'
c found 'p cnf 43008 265775' header
c parsed 265775 clauses in 0.09 seconds process time
c 
c --- [ options ] ------------------------------------------------------------
c 
c   --stabilize=false              (different from default 'true')
c   --walk=false                   (different from default 'true')
c 
c --- [ solving ] ------------------------------------------------------------
c 
c time measured in process time since initialization
c 
c  seconds  reductions  redundant  irredundant
c         MB    restarts       trail       variables
c          level   conflicts       glue         remaining
c 
c *  0.09 31  0 0   0    0    0  0% 0 245532 41654 97%
c {  0.09 32  0 0   0    0    0  0% 0 245532 41654 97%
c -  0.12 33 111 1  14  309  220 11% 9 235394 41654 97%
c I  0.16 35 77 1  63 1002  732 11% 10 235394 41654 97%
c i  0.16 35 77 1  63 1002  732 11% 10 235394 41536 97%
c -  0.21 42 70 2  63 1137  701 10% 10 232342 41536 97%
c i  0.28 43 71 2 117 2344 1652 11% 10 232342 41422 96%
c -  0.31 43 71 3 118 2369 1264 11% 10 229114 41402 96%
c B  0.36 43 67 3 166 3005 1800 11% 10 229114 41402 96%
c -  0.44 44 65 4 244 4003 1860 11% 10 229114 41402 96%
c d  0.57 45 60 4 274 5001 2712 10% 10 226017 39851 93%
c 2  0.63 45 60 4 274 5001 2711 10% 10 223689 39847 93%
c p  0.79 46 60 4 274 5001 4463 10% 10 223689 39815 93%
c d  0.81 46 60 4 274 5001 4282 10% 10 223067 39808 93%
c d  0.83 46 60 4 274 5001 4282 10% 10 223031 39802 93%
c s  0.92 42 62 4 274 5119 4377 11% 10 223021 39802 93%
c v  1.06 47 62 4 274 5119 4377 11% 10 220006 39802 93%
c w  1.10 48 62 4 274 5119 4369 11% 10 220006 39802 93%
c t  1.12 48 62 4 274 5119 4362 11% 10 199802 39802 93%
c e  1.44 48 62 4 274 5119 1214 11% 10 181578 23035 54%
c 
c  seconds  reductions  redundant   irredundant
c         MB    restarts       trail        variables
c          level   conflicts       glue          remaining
c 
c s  1.49 52 62 4 274 5119 1211 11% 10 181578 23035 54%
c F  1.58 54 56 4 289 6007 1963  3% 9 181578 23035 54%
c -  1.59 55 56 5 289 6046 1070  3% 9 181578 23035 54%
c -  1.71 56 50 6 412 8313 2473  6% 9 181578 23035 54%
c B  1.83 56 47 6 461 10008 3996  8% 9 181578 23035 54%
c -  1.88 56 46 7 573 10959 3446  7% 9 181578 23035 54%
c -  2.04 57 42 8 702 13982 4177  6% 9 181578 23035 54%
c 3  2.15 57 40 8 750 15001 15804  6% 9 181578 23035 54%
c 2  2.18 57 40 8 750 15001 15798  6% 9 181578 23035 54%
c p  2.19 57 40 8 750 15001 16980  6% 9 181578 23035 54%
c #  2.20 57 40 8 750 15009 16987  6% 9 181578 23035 54%
c i  2.29 57 37 8 774 16557 18277  6% 8 181578 23031 54%
c i  2.29 57 37 8 774 16571 18287  6% 8 181578 23026 54%
c i  2.30 57 37 8 774 16704 18388  6% 8 181578 22933 53%
c i  2.30 57 37 8 774 16708 18386  6% 8 181578 22624 53%
c i  2.30 57 37 8 774 16712 18389  6% 8 181578 22554 52%
c }  2.30 57 37 8 774 16714 18389  6% 8 181578 22350 52%
c 0  2.30 57 37 8 774 16714 18389  6% 8 181578 22350 52%
c 
c --- [ result ] -------------------------------------------------------------
c 
s UNSATISFIABLE
c 
c --- [ run-time profiling ] -------------------------------------------------
c 
c process time taken by individual solving procedures
c (percentage relative to process time for solving)
c 
c         1.16   52.72% search
c         1.16   52.72% unstable
c         1.04   47.28% simplify
c         0.32   14.67% elim
c         0.18    7.97% probe
c         0.15    6.88% vivify
c         0.12    5.62% subsume
c         0.11    4.89% ternary
c   =================================
c         2.21   96.17% solve
c 
c last line shows process time for solving
c (percentage relative to total process time)
c 
c --- [ statistics ] ---------------------------------------------------------
c 
c backtracked:               62988       376.86 %  of conflicts
c chronological:              6739        10.70 %  of backtracks
c conflicts:                 16714      7569.75    per second
c decisions:                 74443     33715.13    per second
c eliminated:                16767        38.99 %  of all variables
c fixed:                      2327         5.41 %  of all variables
c learned:                   15258        91.29 %  per conflict
c minimized:                148514        27.43 %  learned literals
c propagations:            7171812         3.25 M  per second
c reduced:                    5170        30.93 %  per conflict
c rephased:                      5      3342.80    interval
c restarts:                    774        21.59    interval
c substituted:                1564         3.64 %  of all variables
c subsumed:                   6770         0.75 %  of all clauses
c strengthened:               3376         0.37 %  of all clauses
c ternary:                   14419         0.76 %  of resolved
c vivified:                   3208         0.35 %  of all clauses
c weakened:                  80522         3.73    average size
c 
c seconds are measured in process time for solving
c 
c --- [ resources ] ----------------------------------------------------------
c 
c total process time since initialization:         2.30    seconds
c total real time since initialization:            2.30    seconds
c maximum resident set size of process:           56.53    MB
c 
c --- [ shutting down ] ------------------------------------------------------
c 
c exit 20
