c --- [ banner ] -------------------------------------------------------------
c 
c CaDiCaL Radically Simplified CDCL SAT Solver
c Copyright (c) 2016-2019 Armin Biere, JKU Linz
c 
c Version 1.0.3 cb89cbfa16f47cb7bf1ec6ad9855e7b6d5203c18
c g++ (GCC) 6.3.0 -Wall -Wextra -O3 -DNDEBUG
c Fri Aug 23 08:17:16 CDT 2019 Linux login1 4.4.103-6.38-default x86_64
c 
c --- [ config ] -------------------------------------------------------------
c 
c using 'unsat' configuration (target unsatisfiable instances)
c 
c --- [ proof tracing ] ------------------------------------------------------
c 
c opening file to write '/tmp/56_535_0_four.drat'
c writing binary proof trace to '/tmp/56_535_0_four.drat'
c 
c --- [ parsing input ] ------------------------------------------------------
c 
c reading DIMACS file from '/tmp/56_535_0_four.cnf'
c opening file to read '/tmp/56_535_0_four.cnf'
c found 'p cnf 43008 265775' header
c parsed 265775 clauses in 0.20 seconds process time
c 
c --- [ options ] ------------------------------------------------------------
c 
c   --stabilize=false              (different from default 'true')
c   --walk=false                   (different from default 'true')
c 
c --- [ solving ] ------------------------------------------------------------
c 
c time measured in process time since initialization
c 
c  seconds  reductions  redundant  irredundant
c         MB    restarts       trail       variables
c          level   conflicts       glue         remaining
c 
c *  0.21 31  0 0   0    0    0  0% 0 245529 41620 97%
c {  0.21 32  0 0   0    0    0  0% 0 245529 41620 97%
c -  0.30 34 69 1  48  310  272  8% 10 234820 41620 97%
c I  0.38 35 51 1 105 1002  792  7% 10 234820 41620 97%
c -  0.46 43 53 2 105 1132  735  7% 10 234820 41620 97%
c -  0.62 43 55 3 176 2365 1341  8% 10 234820 41620 97%
c B  0.68 43 55 3 211 3005 1864  9% 10 234820 41620 97%
c -  0.83 43 57 4 244 4011 1956 10% 10 234820 41620 97%
c d  1.05 44 56 4 288 5000 2802 10% 10 231660 40040 93%
c 2  1.19 44 56 4 288 5000 2802 10% 10 229290 40040 93%
c p  1.32 46 56 4 288 5000 6912 10% 10 229290 40040 93%
c s  1.50 41 56 4 288 5125 7004 10% 10 229287 40040 93%
c v  1.74 48 56 4 288 5125 7004 10% 10 225282 40040 93%
c w  1.83 49 56 4 288 5125 7000 10% 10 225282 40040 93%
c t  1.86 49 56 4 288 5125 6990 10% 10 207404 40040 93%
c e  2.35 50 56 4 288 5125 3053 10% 10 190972 24483 57%
c s  2.43 53 56 4 288 5125 3047 10% 10 190972 24483 57%
c F  2.60 57 50 4 291 6007 3784  6% 9 190972 24483 57%
c -  2.64 57 50 5 291 6067 1367  6% 9 190972 24483 57%
c -  2.84 57 45 6 394 8374 2521  6% 9 190972 24483 57%
c 
c  seconds  reductions   redundant  irredundant
c         MB    restarts        trail       variables
c          level    conflicts       glue         remaining
c 
c B  3.02 57 42 6 476 10009 3959  7% 9 190972 24483 57%
c -  3.14 58 40 7 490 11065 3523  7% 9 190972 24483 57%
c i  3.17 58 39 7 493 11396 3807  7% 9 190972 24462 57%
c i  3.22 58 38 7 501 11909 4226  7% 9 190972 24457 57%
c i  3.22 58 38 7 501 11951 4258  7% 9 190972 24045 56%
c }  3.22 58 38 7 501 11959 4255  7% 9 190972 23606 55%
c 0  3.22 58 38 7 501 11959 4255  7% 9 190972 23606 55%
c 
c --- [ result ] -------------------------------------------------------------
c 
s UNSATISFIABLE
c 
c --- [ run-time profiling ] -------------------------------------------------
c 
c process time taken by individual solving procedures
c (percentage relative to process time for solving)
c 
c         1.62   53.51% search
c         1.62   53.51% unstable
c         1.40   46.36% simplify
c         0.48   16.03% elim
c         0.29    9.54% vivify
c         0.20    6.62% subsume
c         0.13    4.24% probe
c         0.11    3.58% ternary
c   =================================
c         3.02   93.67% solve
c 
c last line shows process time for solving
c (percentage relative to total process time)
c 
c --- [ statistics ] ---------------------------------------------------------
c 
c backtracked:               33452       279.72 %  of conflicts
c chronological:              4862        14.53 %  of backtracks
c conflicts:                 11959      3959.93    per second
c decisions:                 52822     17490.73    per second
c eliminated:                15557        36.17 %  of all variables
c fixed:                      2265         5.27 %  of all variables
c learned:                   10781        90.15 %  per conflict
c minimized:                124352        28.97 %  learned literals
c propagations:            5290092         1.75 M  per second
c reduced:                    3501        29.28 %  per conflict
c rephased:                      4      2989.75    interval
c restarts:                    501        23.87    interval
c substituted:                1580         3.67 %  of all variables
c subsumed:                   7298         0.84 %  of all clauses
c strengthened:               2461         0.28 %  of all clauses
c vivified:                   4189         0.48 %  of all clauses
c weakened:                  78629         3.71    average size
c 
c seconds are measured in process time for solving
c 
c --- [ resources ] ----------------------------------------------------------
c 
c total process time since initialization:         3.22    seconds
c total real time since initialization:            3.22    seconds
c maximum resident set size of process:           57.84    MB
c 
c --- [ shutting down ] ------------------------------------------------------
c 
c exit 20
