c --- [ banner ] -------------------------------------------------------------
c 
c CaDiCaL Radically Simplified CDCL SAT Solver
c Copyright (c) 2016-2019 Armin Biere, JKU Linz
c 
c Version 1.0.3 cb89cbfa16f47cb7bf1ec6ad9855e7b6d5203c18
c g++ (GCC) 6.3.0 -Wall -Wextra -O3 -DNDEBUG
c Fri Aug 23 08:17:16 CDT 2019 Linux login1 4.4.103-6.38-default x86_64
c 
c --- [ config ] -------------------------------------------------------------
c 
c using 'unsat' configuration (target unsatisfiable instances)
c 
c --- [ proof tracing ] ------------------------------------------------------
c 
c opening file to write '/tmp/56_63_0_four.drat'
c writing binary proof trace to '/tmp/56_63_0_four.drat'
c 
c --- [ parsing input ] ------------------------------------------------------
c 
c reading DIMACS file from '/tmp/56_63_0_four.cnf'
c opening file to read '/tmp/56_63_0_four.cnf'
c found 'p cnf 43008 265775' header
c parsed 265775 clauses in 0.20 seconds process time
c 
c --- [ options ] ------------------------------------------------------------
c 
c   --stabilize=false              (different from default 'true')
c   --walk=false                   (different from default 'true')
c 
c --- [ solving ] ------------------------------------------------------------
c 
c time measured in process time since initialization
c 
c  seconds  reductions  redundant  irredundant
c         MB    restarts       trail       variables
c          level   conflicts       glue         remaining
c 
c *  0.20 31  0 0   0    0    0  0% 0 245535 41742 97%
c {  0.20 32  0 0   0    0    0  0% 0 245535 41742 97%
c -  0.23 33 32 1   8  300  218  6% 6 237698 41742 97%
c I  0.28 34 51 1  94 1002  736  7% 9 237698 41742 97%
c -  0.36 42 56 2 105 1125  732  7% 9 237698 41742 97%
c -  0.52 42 51 3 216 2363 1450  8% 9 237698 41742 97%
c B  0.57 42 54 3 268 3003 1973  8% 10 237698 41742 97%
c -  0.70 42 54 4 347 4014 2096  8% 10 237698 41742 97%
c d  0.89 43 49 4 381 5001 2930  8% 9 234498 40142 93%
c 2  1.02 44 49 4 381 5001 2930  8% 9 232098 40142 93%
c p  1.13 46 49 4 381 5001 4491  8% 9 232098 40142 93%
c s  1.28 41 50 4 390 5113 4593  8% 9 232096 40142 93%
c v  1.50 49 50 4 390 5113 4593  8% 9 227934 40142 93%
c w  1.58 49 50 4 390 5113 4588  8% 9 227934 40142 93%
c t  1.60 49 50 4 390 5113 4586  8% 9 211505 40142 93%
c e  2.08 48 50 4 390 5113 1700  8% 9 196061 25196 59%
c s  2.16 53 50 4 390 5113 1697  8% 9 196061 25196 59%
c F  2.33 54 49 4 430 6004 2433  5% 9 196061 25196 59%
c -  2.37 55 49 5 432 6084 1308  5% 9 196061 25196 59%
c -  2.55 55 46 6 487 8411 2551  6% 9 196061 25196 59%
c 
c  seconds  reductions   redundant  irredundant
c         MB    restarts        trail       variables
c          level    conflicts       glue         remaining
c 
c B  2.64 55 41 6 540 10005 3887  6% 9 196061 25196 59%
c i  2.65 55 41 6 565 10171 4031  6% 9 196061 25183 59%
c -  2.76 55 39 7 604 11125 3459  6% 9 194401 25183 59%
c -  3.13 55 34 8 742 14217 4495  7% 8 194401 25183 59%
c d  3.24 55 34 8 782 15004 5133  7% 8 194392 25179 59%
c 3  3.33 55 34 8 782 15004 17423  7% 8 194392 25179 59%
c 2  3.38 55 34 8 782 15004 17422  7% 8 194382 25173 59%
c p  3.44 56 34 8 782 15004 19424  7% 8 194382 25106 58%
c #  3.46 56 34 8 782 15006 19426  7% 8 194382 25106 58%
c i  3.76 56 32 8 876 16834 20987  7% 8 194382 25069 58%
c s  3.85 56 31 8 876 16954 14900  7% 8 193905 25069 58%
c v  4.05 56 31 8 876 16954 14900  7% 8 181674 25069 58%
c w  4.14 56 31 8 876 16954 13413  7% 8 181674 25069 58%
c t  4.15 56 31 8 876 16954 13404  7% 8 180650 25069 58%
c e  4.32 56 31 8 876 16954 9644  7% 8 173578 24079 56%
c s  4.36 56 31 8 876 16954 9571  7% 8 173390 24079 56%
c e  4.45 56 31 8 876 16954 9523  7% 8 173381 24071 56%
c -  4.60 56 31 9 894 17696 4771  7% 8 173381 24071 56%
c i  4.67 56 31 9 918 18380 5372  7% 8 173381 24050 56%
c i  4.92 56 31 9 1040 19611 6475  8% 8 173381 24033 56%
c 
c  seconds  reductions    redundant  irredundant
c         MB    restarts         trail       variables
c          level     conflicts       glue         remaining
c 
c B  5.24 56 30 9 1132 21009 7739  8% 8 173381 24033 56%
c -  5.39 43 30 10 1146 21413 5211  9% 8 169998 24033 56%
c -  6.33 48 27 11 1372 25474 6302  9% 8 169998 24033 56%
c i  6.50 48 27 11 1441 26070 6827  9% 8 169998 23997 56%
c i  6.90 48 25 11 1467 27760 8323 10% 8 169998 23906 56%
c i  6.91 48 25 11 1467 27776 8333 10% 8 169998 23902 56%
c O  6.96 48 25 11 1467 28010 8498 10% 8 169998 23902 56%
c i  7.01 48 25 11 1467 28287 8692 10% 8 169998 23889 56%
c i  7.07 48 24 11 1467 28530 8884 10% 8 169998 23695 55%
c i  7.09 48 24 11 1467 28565 8905 10% 8 169998 23678 55%
c i  7.09 48 24 11 1467 28580 8918 10% 8 169998 23545 55%
c i  7.10 48 24 11 1467 28599 8928 10% 8 169998 22671 53%
c i  7.10 48 24 11 1467 28603 8931 10% 8 169998 22430 52%
c }  7.18 48 24 11 1467 28654 2723 12% 8 130809 21534 50%
c 0  7.18 48 24 11 1467 28654 2723 12% 8 130809 21534 50%
c 
c --- [ result ] -------------------------------------------------------------
c 
s UNSATISFIABLE
c 
c --- [ run-time profiling ] -------------------------------------------------
c 
c process time taken by individual solving procedures
c (percentage relative to process time for solving)
c 
c         4.80   68.79% search
c         4.80   68.79% unstable
c         2.18   31.21% simplify
c         0.72   10.31% elim
c         0.52    7.45% vivify
c         0.30    4.35% subsume
c         0.19    2.75% ternary
c         0.17    2.46% probe
c   =================================
c         6.98   97.27% solve
c 
c last line shows process time for solving
c (percentage relative to total process time)
c 
c --- [ statistics ] ---------------------------------------------------------
c 
c backtracked:               98826       344.89 %  of conflicts
c chronological:             11091        11.22 %  of backtracks
c conflicts:                 28654      4102.81    per second
c decisions:                105800     15148.91    per second
c eliminated:                15944        37.07 %  of all variables
c fixed:                      3926         9.13 %  of all variables
c learned:                   26775        93.44 %  per conflict
c minimized:                339147        34.90 %  learned literals
c propagations:           17379447         2.49 M  per second
c reduced:                    9703        33.86 %  per conflict
c rephased:                      7      4093.43    interval
c restarts:                   1467        19.53    interval
c substituted:                1604         3.73 %  of all variables
c subsumed:                  28523         3.00 %  of all clauses
c strengthened:               7451         0.78 %  of all clauses
c ternary:                   18074         0.89 %  of resolved
c vivified:                  17183         1.81 %  of all clauses
c weakened:                  82766         4.02    average size
c 
c seconds are measured in process time for solving
c 
c --- [ resources ] ----------------------------------------------------------
c 
c total process time since initialization:         7.18    seconds
c total real time since initialization:            7.18    seconds
c maximum resident set size of process:           56.37    MB
c 
c --- [ shutting down ] ------------------------------------------------------
c 
c exit 20
