c --- [ banner ] -------------------------------------------------------------
c 
c CaDiCaL Radically Simplified CDCL SAT Solver
c Copyright (c) 2016-2019 Armin Biere, JKU Linz
c 
c Version 1.0.3 cb89cbfa16f47cb7bf1ec6ad9855e7b6d5203c18
c g++ (GCC) 6.3.0 -Wall -Wextra -O3 -DNDEBUG
c Fri Aug 23 08:17:16 CDT 2019 Linux login1 4.4.103-6.38-default x86_64
c 
c --- [ config ] -------------------------------------------------------------
c 
c using 'unsat' configuration (target unsatisfiable instances)
c 
c --- [ proof tracing ] ------------------------------------------------------
c 
c opening file to write '/tmp/68_11_0_four.drat'
c writing binary proof trace to '/tmp/68_11_0_four.drat'
c 
c --- [ parsing input ] ------------------------------------------------------
c 
c reading DIMACS file from '/tmp/68_11_0_four.cnf'
c opening file to read '/tmp/68_11_0_four.cnf'
c found 'p cnf 259840 1039929' header
c parsed 1039929 clauses in 0.47 seconds process time
c 
c --- [ options ] ------------------------------------------------------------
c 
c   --stabilize=false              (different from default 'true')
c   --walk=false                   (different from default 'true')
c 
c --- [ solving ] ------------------------------------------------------------
c 
c time measured in process time since initialization
c 
c  seconds   reductions  redundant   irredundant
c          MB    restarts       trail        variables
c           level   conflicts       glue           remaining
c 
c *  0.49 139  0 0   0    0    0  0% 0 1039424 252554 97%
c {  0.50 142  0 0   0    0    0  0% 0 1039424 252554 97%
c i  0.58 147 357 0  13  277  171  5% 5 1039424 251970 97%
c -  0.72 147 330 1  19  300  193  5% 5 898532 251970 97%
c i  1.01 147 155 1  87  597  461  6% 9 898532 251892 97%
c I  1.30 147 96 1 100 1002  817 10% 8 898532 251892 97%
c -  2.10 177 76 2 136 1472 1191 11% 8 896988 251892 97%
c i  2.37 177 70 2 155 1829 1491 12% 8 896988 250928 97%
c }  2.37 177 70 2 155 1837 1493 12% 8 896988 250848 97%
c 0  2.37 177 70 2 155 1837 1493 12% 8 896988 250848 97%
c 
c --- [ result ] -------------------------------------------------------------
c 
s UNSATISFIABLE
c 
c --- [ run-time profiling ] -------------------------------------------------
c 
c process time taken by individual solving procedures
c (percentage relative to process time for solving)
c 
c         1.88   98.95% search
c         1.87   98.11% unstable
c         0.02    0.84% lucky
c         0.00    0.00% simplify
c   =================================
c         1.90   80.27% solve
c 
c last line shows process time for solving
c (percentage relative to total process time)
c 
c --- [ statistics ] ---------------------------------------------------------
c 
c backtracked:                2306       125.53 %  of conflicts
c chronological:               858        37.21 %  of backtracks
c conflicts:                  1837       964.81    per second
c decisions:                 13064      6861.34    per second
c fixed:                      8992         3.46 %  of all variables
c learned:                    1679        91.40 %  per conflict
c minimized:                  8296        16.09 %  learned literals
c propagations:            5438077         2.86 M  per second
c reduced:                      45         2.45 %  per conflict
c rephased:                      1      1837.00    interval
c restarts:                    155        11.85    interval
c subsumed:                    138         0.01 %  of all clauses
c 
c seconds are measured in process time for solving
c 
c --- [ resources ] ----------------------------------------------------------
c 
c total process time since initialization:         2.37    seconds
c total real time since initialization:            2.37    seconds
c maximum resident set size of process:          176.70    MB
c 
c --- [ shutting down ] ------------------------------------------------------
c 
c exit 20
