c --- [ banner ] -------------------------------------------------------------
c 
c CaDiCaL Radically Simplified CDCL SAT Solver
c Copyright (c) 2016-2019 Armin Biere, JKU Linz
c 
c Version 1.0.3 cb89cbfa16f47cb7bf1ec6ad9855e7b6d5203c18
c g++ (GCC) 6.3.0 -Wall -Wextra -O3 -DNDEBUG
c Fri Aug 23 08:17:16 CDT 2019 Linux login1 4.4.103-6.38-default x86_64
c 
c --- [ config ] -------------------------------------------------------------
c 
c using 'unsat' configuration (target unsatisfiable instances)
c 
c --- [ proof tracing ] ------------------------------------------------------
c 
c opening file to write '/tmp/68_116_0_four.drat'
c writing binary proof trace to '/tmp/68_116_0_four.drat'
c 
c --- [ parsing input ] ------------------------------------------------------
c 
c reading DIMACS file from '/tmp/68_116_0_four.cnf'
c opening file to read '/tmp/68_116_0_four.cnf'
c found 'p cnf 259840 1039929' header
c parsed 1039929 clauses in 0.46 seconds process time
c 
c --- [ options ] ------------------------------------------------------------
c 
c   --stabilize=false              (different from default 'true')
c   --walk=false                   (different from default 'true')
c 
c --- [ solving ] ------------------------------------------------------------
c 
c time measured in process time since initialization
c 
c  seconds   reductions  redundant   irredundant
c          MB    restarts       trail        variables
c           level   conflicts       glue           remaining
c 
c *  0.48 139  0 0   0    0    0  0% 0 1039424 253319 97%
c {  0.50 142  0 0   0    0    0  0% 0 1039424 253319 97%
c -  0.72 148 315 1   9  301  185  5% 4 913968 253319 97%
c i  1.07 148 118 1  76  788  605  6% 8 913968 252666 97%
c i  1.17 148 95 1  90  956  750  7% 8 913968 252588 97%
c I  1.20 148 89 1  94 1004  791  7% 8 913968 252588 97%
c i  1.27 148 76 1  98 1154  893  7% 8 913968 252542 97%
c }  1.29 148 72 1  98 1225  940  7% 8 913968 252536 97%
c 0  1.29 148 72 1  98 1225  940  7% 8 913968 252536 97%
c 
c --- [ result ] -------------------------------------------------------------
c 
s UNSATISFIABLE
c 
c --- [ run-time profiling ] -------------------------------------------------
c 
c process time taken by individual solving procedures
c (percentage relative to process time for solving)
c 
c         0.81   97.58% search
c         0.79   95.17% unstable
c         0.02    2.42% lucky
c         0.00    0.00% simplify
c   =================================
c         0.83   64.29% solve
c 
c last line shows process time for solving
c (percentage relative to total process time)
c 
c --- [ statistics ] ---------------------------------------------------------
c 
c backtracked:                1558       127.18 %  of conflicts
c chronological:               591        37.93 %  of backtracks
c conflicts:                  1225      1479.47    per second
c decisions:                  7877      9513.29    per second
c fixed:                      7304         2.81 %  of all variables
c learned:                    1095        89.39 %  per conflict
c minimized:                  6215        21.90 %  learned literals
c propagations:            2492034         3.01 M  per second
c rephased:                      1      1225.00    interval
c restarts:                     98        12.50    interval
c subsumed:                    151         0.01 %  of all clauses
c 
c seconds are measured in process time for solving
c 
c --- [ resources ] ----------------------------------------------------------
c 
c total process time since initialization:         1.29    seconds
c total real time since initialization:            1.29    seconds
c maximum resident set size of process:          155.48    MB
c 
c --- [ shutting down ] ------------------------------------------------------
c 
c exit 20
