c --- [ banner ] -------------------------------------------------------------
c 
c CaDiCaL Radically Simplified CDCL SAT Solver
c Copyright (c) 2016-2019 Armin Biere, JKU Linz
c 
c Version 1.0.3 cb89cbfa16f47cb7bf1ec6ad9855e7b6d5203c18
c g++ (GCC) 6.3.0 -Wall -Wextra -O3 -DNDEBUG
c Fri Aug 23 08:17:16 CDT 2019 Linux login1 4.4.103-6.38-default x86_64
c 
c --- [ config ] -------------------------------------------------------------
c 
c using 'unsat' configuration (target unsatisfiable instances)
c 
c --- [ proof tracing ] ------------------------------------------------------
c 
c opening file to write '/tmp/68_47_0_four.drat'
c writing binary proof trace to '/tmp/68_47_0_four.drat'
c 
c --- [ parsing input ] ------------------------------------------------------
c 
c reading DIMACS file from '/tmp/68_47_0_four.cnf'
c opening file to read '/tmp/68_47_0_four.cnf'
c found 'p cnf 259840 1039929' header
c parsed 1039929 clauses in 0.46 seconds process time
c 
c --- [ options ] ------------------------------------------------------------
c 
c   --stabilize=false              (different from default 'true')
c   --walk=false                   (different from default 'true')
c 
c --- [ solving ] ------------------------------------------------------------
c 
c time measured in process time since initialization
c 
c  seconds   reductions  redundant   irredundant
c          MB    restarts       trail        variables
c           level   conflicts       glue           remaining
c 
c *  0.48 139  0 0   0    0    0  0% 0 1039424 252264 97%
c {  0.50 142  0 0   0    0    0  0% 0 1039424 252264 97%
c i  0.55 146 383 0   0  252  139  5% 4 1039424 252263 97%
c i  0.61 147 329 0   6  289  170  6% 4 1039424 252147 97%
c -  0.75 147 316 1   9  300  180  6% 4 899149 252147 97%
c i  0.80 147 256 1  25  378  239  6% 5 899149 252030 97%
c i  0.81 147 256 1  25  379  239  6% 5 899149 251671 97%
c i  0.94 147 138 1  74  620  415  5% 8 899149 251363 97%
c }  1.06 147 118 1  76  761  528  7% 7 899149 248072 95%
c 0  1.06 147 118 1  76  761  528  7% 7 899149 248072 95%
c 
c --- [ result ] -------------------------------------------------------------
c 
s UNSATISFIABLE
c 
c --- [ run-time profiling ] -------------------------------------------------
c 
c process time taken by individual solving procedures
c (percentage relative to process time for solving)
c 
c         0.58   96.67% search
c         0.56   93.33% unstable
c         0.02    3.33% lucky
c         0.00    0.00% simplify
c   =================================
c         0.60   56.60% solve
c 
c last line shows process time for solving
c (percentage relative to total process time)
c 
c --- [ statistics ] ---------------------------------------------------------
c 
c backtracked:                1000       131.41 %  of conflicts
c chronological:               409        40.90 %  of backtracks
c conflicts:                   761      1268.33    per second
c decisions:                  4932      8220.00    per second
c fixed:                     11768         4.53 %  of all variables
c learned:                     678        89.09 %  per conflict
c minimized:                  2422        18.08 %  learned literals
c propagations:            1146467         1.91 M  per second
c restarts:                     76        10.01    interval
c subsumed:                    143         0.01 %  of all clauses
c 
c seconds are measured in process time for solving
c 
c --- [ resources ] ----------------------------------------------------------
c 
c total process time since initialization:         1.06    seconds
c total real time since initialization:            1.06    seconds
c maximum resident set size of process:          154.51    MB
c 
c --- [ shutting down ] ------------------------------------------------------
c 
c exit 20
