c --- [ banner ] -------------------------------------------------------------
c 
c CaDiCaL Radically Simplified CDCL SAT Solver
c Copyright (c) 2016-2019 Armin Biere, JKU Linz
c 
c Version 1.0.3 cb89cbfa16f47cb7bf1ec6ad9855e7b6d5203c18
c g++ (GCC) 6.3.0 -Wall -Wextra -O3 -DNDEBUG
c Fri Aug 23 08:17:16 CDT 2019 Linux login1 4.4.103-6.38-default x86_64
c 
c --- [ config ] -------------------------------------------------------------
c 
c using 'unsat' configuration (target unsatisfiable instances)
c 
c --- [ proof tracing ] ------------------------------------------------------
c 
c opening file to write '/tmp/68_773_0_four.drat'
c writing binary proof trace to '/tmp/68_773_0_four.drat'
c 
c --- [ parsing input ] ------------------------------------------------------
c 
c reading DIMACS file from '/tmp/68_773_0_four.cnf'
c opening file to read '/tmp/68_773_0_four.cnf'
c found 'p cnf 259840 1039929' header
c parsed 1039929 clauses in 0.71 seconds process time
c 
c --- [ options ] ------------------------------------------------------------
c 
c   --stabilize=false              (different from default 'true')
c   --walk=false                   (different from default 'true')
c 
c --- [ solving ] ------------------------------------------------------------
c 
c time measured in process time since initialization
c 
c  seconds   reductions  redundant   irredundant
c          MB    restarts       trail        variables
c           level   conflicts       glue           remaining
c 
c *  0.74 139  0 0   0    0    0  0% 0 1039424 252945 97%
c {  0.76 142  0 0   0    0    0  0% 0 1039424 252945 97%
c -  1.08 148 296 1  15  300  195  6% 5 909714 252945 97%
c i  1.12 148 278 1  20  324  214  6% 6 909714 252260 97%
c i  1.34 148 196 1  52  448  331  7% 8 909714 252182 97%
c i  1.57 148 154 1  84  560  437  7% 9 909714 250964 97%
c i  2.12 148 92 1 100 1001  791 10% 8 909714 250755 97%
c I  2.12 148 92 1 100 1002  792 10% 8 909714 250755 97%
c i  2.13 148 91 1 100 1008  797  9% 8 909714 250749 97%
c i  2.13 148 91 1 100 1009  797  9% 8 909714 250691 96%
c }  2.13 148 88 1 100 1036  808  9% 8 909714 249000 96%
c 0  2.13 148 88 1 100 1036  808  9% 8 909714 249000 96%
c 
c --- [ result ] -------------------------------------------------------------
c 
s UNSATISFIABLE
c 
c --- [ run-time profiling ] -------------------------------------------------
c 
c process time taken by individual solving procedures
c (percentage relative to process time for solving)
c 
c         1.39   98.03% search
c         1.37   96.62% unstable
c         0.02    1.41% lucky
c         0.00    0.00% simplify
c   =================================
c         1.42   66.60% solve
c 
c last line shows process time for solving
c (percentage relative to total process time)
c 
c --- [ statistics ] ---------------------------------------------------------
c 
c backtracked:                1333       128.67 %  of conflicts
c chronological:               536        40.21 %  of backtracks
c conflicts:                  1036       729.58    per second
c decisions:                  8572      6036.62    per second
c fixed:                     10840         4.17 %  of all variables
c learned:                     952        91.89 %  per conflict
c minimized:                  4872        19.36 %  learned literals
c propagations:            2877119         2.03 M  per second
c rephased:                      1      1036.00    interval
c restarts:                    100        10.36    interval
c subsumed:                    137         0.01 %  of all clauses
c 
c seconds are measured in process time for solving
c 
c --- [ resources ] ----------------------------------------------------------
c 
c total process time since initialization:         2.13    seconds
c total real time since initialization:            2.13    seconds
c maximum resident set size of process:          155.62    MB
c 
c --- [ shutting down ] ------------------------------------------------------
c 
c exit 20
