c --- [ banner ] -------------------------------------------------------------
c 
c CaDiCaL Radically Simplified CDCL SAT Solver
c Copyright (c) 2016-2019 Armin Biere, JKU Linz
c 
c Version 1.0.3 cb89cbfa16f47cb7bf1ec6ad9855e7b6d5203c18
c g++ (GCC) 6.3.0 -Wall -Wextra -O3 -DNDEBUG
c Fri Aug 23 08:17:16 CDT 2019 Linux login1 4.4.103-6.38-default x86_64
c 
c --- [ config ] -------------------------------------------------------------
c 
c using 'unsat' configuration (target unsatisfiable instances)
c 
c --- [ proof tracing ] ------------------------------------------------------
c 
c opening file to write '/tmp/68_962_0_four.drat'
c writing binary proof trace to '/tmp/68_962_0_four.drat'
c 
c --- [ parsing input ] ------------------------------------------------------
c 
c reading DIMACS file from '/tmp/68_962_0_four.cnf'
c opening file to read '/tmp/68_962_0_four.cnf'
c found 'p cnf 259840 1039929' header
c parsed 1039929 clauses in 0.54 seconds process time
c 
c --- [ options ] ------------------------------------------------------------
c 
c   --stabilize=false              (different from default 'true')
c   --walk=false                   (different from default 'true')
c 
c --- [ solving ] ------------------------------------------------------------
c 
c time measured in process time since initialization
c 
c  seconds   reductions  redundant   irredundant
c          MB    restarts       trail        variables
c           level   conflicts       glue           remaining
c 
c *  0.56 139  0 0   0    0    0  0% 0 1039424 252352 97%
c {  0.57 141  0 0   0    0    0  0% 0 1039424 252352 97%
c -  0.83 148 295 1  14  300  194  6% 5 901288 252352 97%
c i  1.07 148 164 1  75  556  406  7% 9 901288 252204 97%
c i  1.22 148 142 1  99  705  524  7% 9 901288 252154 97%
c i  1.23 148 137 1  99  733  540  7% 9 901288 251954 97%
c i  1.23 148 136 1  99  740  542  7% 9 901288 251688 97%
c i  1.23 148 135 1  99  742  543  7% 9 901288 251509 97%
c }  1.23 148 135 1  99  744  543  7% 9 901288 251375 97%
c 0  1.23 148 135 1  99  744  543  7% 9 901288 251375 97%
c 
c --- [ result ] -------------------------------------------------------------
c 
s UNSATISFIABLE
c 
c --- [ run-time profiling ] -------------------------------------------------
c 
c process time taken by individual solving procedures
c (percentage relative to process time for solving)
c 
c         0.68   97.13% search
c         0.66   94.83% unstable
c         0.02    2.30% lucky
c         0.00    0.00% simplify
c   =================================
c         0.70   56.49% solve
c 
c last line shows process time for solving
c (percentage relative to total process time)
c 
c --- [ statistics ] ---------------------------------------------------------
c 
c backtracked:                1007       135.35 %  of conflicts
c chronological:               414        41.11 %  of backtracks
c conflicts:                   744      1068.97    per second
c decisions:                  9709     13949.71    per second
c fixed:                      8465         3.26 %  of all variables
c learned:                     671        90.19 %  per conflict
c minimized:                  1563        12.14 %  learned literals
c propagations:            1911578         2.75 M  per second
c restarts:                     99         7.52    interval
c subsumed:                    122         0.01 %  of all clauses
c 
c seconds are measured in process time for solving
c 
c --- [ resources ] ----------------------------------------------------------
c 
c total process time since initialization:         1.23    seconds
c total real time since initialization:            1.23    seconds
c maximum resident set size of process:          155.87    MB
c 
c --- [ shutting down ] ------------------------------------------------------
c 
c exit 20
