c --- [ banner ] -------------------------------------------------------------
c 
c CaDiCaL Radically Simplified CDCL SAT Solver
c Copyright (c) 2016-2019 Armin Biere, JKU Linz
c 
c Version 1.0.3 cb89cbfa16f47cb7bf1ec6ad9855e7b6d5203c18
c g++ (GCC) 6.3.0 -Wall -Wextra -O3 -DNDEBUG
c Fri Aug 23 08:17:16 CDT 2019 Linux login1 4.4.103-6.38-default x86_64
c 
c --- [ config ] -------------------------------------------------------------
c 
c using 'unsat' configuration (target unsatisfiable instances)
c 
c --- [ proof tracing ] ------------------------------------------------------
c 
c opening file to write '/tmp/44_1261_0_four.drat'
c writing binary proof trace to '/tmp/44_1261_0_four.drat'
c 
c --- [ parsing input ] ------------------------------------------------------
c 
c reading DIMACS file from '/tmp/44_1261_0_four.cnf'
c opening file to read '/tmp/44_1261_0_four.cnf'
c found 'p cnf 43008 265785' header
c parsed 265785 clauses in 0.09 seconds process time
c 
c --- [ options ] ------------------------------------------------------------
c 
c   --stabilize=false              (different from default 'true')
c   --walk=false                   (different from default 'true')
c 
c --- [ solving ] ------------------------------------------------------------
c 
c time measured in process time since initialization
c 
c  seconds  reductions  redundant  irredundant
c         MB    restarts       trail       variables
c          level   conflicts       glue         remaining
c 
c *  0.09 31  0 0   0    0    0  0% 0 242034 41526 97%
c {  0.09 31  0 0   0    0    0  0% 0 242034 41526 97%
c -  0.12 33 46 1  16  303  241  8% 8 233086 41526 97%
c I  0.16 34 63 1  96 1003  781  8% 9 233086 41526 97%
c -  0.20 42 61 2 110 1124  769  8% 10 233086 41526 97%
c -  0.29 42 48 3 163 2360 1336  8% 9 233086 41526 97%
c B  0.32 42 45 3 190 3009 1896  9% 9 233086 41526 97%
c -  0.41 43 40 4 220 4003 2055  9% 8 233086 41526 97%
c d  0.54 43 35 4 247 5002 2905  9% 8 229950 39958 93%
c 2  0.60 43 35 4 247 5002 2905  9% 8 227598 39958 93%
c p  0.72 46 35 4 247 5002 6007  9% 8 227598 39910 93%
c s  0.81 39 36 4 247 5087 6076  9% 8 227598 39910 93%
c v  0.96 48 36 4 247 5087 6076  9% 8 224458 39910 93%
c w  1.00 48 36 4 247 5087 6070  9% 8 224458 39910 93%
c t  1.01 48 36 4 247 5087 6069  9% 8 205736 39910 93%
c e  1.36 49 36 4 247 5087 1483  9% 8 188090 23952 56%
c s  1.41 53 36 4 247 5087 1471  9% 8 188090 23952 56%
c F  1.50 55 34 4 271 6013 2246  4% 8 188090 23952 56%
c -  1.52 55 34 5 271 6057 1150  4% 8 188090 23952 56%
c i  1.55 55 30 5 271 6775 1736  3% 8 188090 23951 56%
c 
c  seconds  reductions  redundant  irredundant
c         MB    restarts       trail       variables
c          level   conflicts       glue         remaining
c 
c i  1.55 55 30 5 271 6803 1747  3% 8 188090 23946 56%
c }  1.56 55 29 5 286 7047 1935  3% 8 188090 23942 56%
c 0  1.56 55 29 5 286 7047 1935  3% 8 188090 23942 56%
c 
c --- [ result ] -------------------------------------------------------------
c 
s UNSATISFIABLE
c 
c --- [ run-time profiling ] -------------------------------------------------
c 
c process time taken by individual solving procedures
c (percentage relative to process time for solving)
c 
c         0.90   60.87% simplify
c         0.58   39.13% search
c         0.57   38.86% unstable
c         0.34   23.37% elim
c         0.16   10.60% vivify
c         0.12    8.15% subsume
c         0.11    7.61% probe
c         0.05    3.53% ternary
c         0.00    0.27% lucky
c   =================================
c         1.47   94.36% solve
c 
c last line shows process time for solving
c (percentage relative to total process time)
c 
c --- [ statistics ] ---------------------------------------------------------
c 
c backtracked:               31579       448.12 %  of conflicts
c chronological:              2809         8.90 %  of backtracks
c conflicts:                  7047      4787.36    per second
c decisions:                 29699     20175.95    per second
c eliminated:                15958        37.10 %  of all variables
c fixed:                      1540         3.58 %  of all variables
c learned:                    6311        89.56 %  per conflict
c minimized:                 69564        29.41 %  learned literals
c propagations:            3430510         2.33 M  per second
c reduced:                    1375        19.51 %  per conflict
c rephased:                      3      2349.00    interval
c restarts:                    286        24.64    interval
c substituted:                1568         3.65 %  of all variables
c subsumed:                   6141         0.72 %  of all clauses
c strengthened:               2769         0.33 %  of all clauses
c vivified:                   3226         0.38 %  of all clauses
c weakened:                  79066         3.73    average size
c 
c seconds are measured in process time for solving
c 
c --- [ resources ] ----------------------------------------------------------
c 
c total process time since initialization:         1.56    seconds
c total real time since initialization:            1.56    seconds
c maximum resident set size of process:           54.70    MB
c 
c --- [ shutting down ] ------------------------------------------------------
c 
c exit 20
