c --- [ banner ] -------------------------------------------------------------
c 
c CaDiCaL Radically Simplified CDCL SAT Solver
c Copyright (c) 2016-2019 Armin Biere, JKU Linz
c 
c Version 1.0.3 cb89cbfa16f47cb7bf1ec6ad9855e7b6d5203c18
c g++ (GCC) 6.3.0 -Wall -Wextra -O3 -DNDEBUG
c Fri Aug 23 08:17:16 CDT 2019 Linux login1 4.4.103-6.38-default x86_64
c 
c --- [ config ] -------------------------------------------------------------
c 
c using 'unsat' configuration (target unsatisfiable instances)
c 
c --- [ proof tracing ] ------------------------------------------------------
c 
c opening file to write '/tmp/44_544_0_four.drat'
c writing binary proof trace to '/tmp/44_544_0_four.drat'
c 
c --- [ parsing input ] ------------------------------------------------------
c 
c reading DIMACS file from '/tmp/44_544_0_four.cnf'
c opening file to read '/tmp/44_544_0_four.cnf'
c found 'p cnf 43008 265785' header
c parsed 265785 clauses in 0.15 seconds process time
c 
c --- [ options ] ------------------------------------------------------------
c 
c   --stabilize=false              (different from default 'true')
c   --walk=false                   (different from default 'true')
c 
c --- [ solving ] ------------------------------------------------------------
c 
c time measured in process time since initialization
c 
c  seconds  reductions  redundant  irredundant
c         MB    restarts       trail       variables
c          level   conflicts       glue         remaining
c 
c *  0.15 31  0 0   0    0    0  0% 0 242028 41362 96%
c {  0.15 32  0 0   0    0    0  0% 0 242028 41362 96%
c i  0.16 32 27 0   0  106   76  7% 5 242028 41354 96%
c i  0.17 33 37 0   5  238  158  7% 7 242028 41346 96%
c -  0.19 33 35 1   7  301  184  7% 7 229318 41346 96%
c i  0.20 33 33 1  11  368  236  7% 7 229318 41188 96%
c i  0.20 33 33 1  11  369  236  7% 7 229318 40607 94%
c i  0.21 33 37 1  11  587  382  9% 6 229318 40214 94%
c i  0.21 33 37 1  11  590  378  9% 6 229318 40138 93%
c i  0.21 34 36 1  11  592  379  9% 6 229318 39702 92%
c }  0.21 34 36 1  11  597  381  9% 6 229318 39668 92%
c 0  0.21 34 36 1  11  597  381  9% 6 229318 39668 92%
c 
c --- [ result ] -------------------------------------------------------------
c 
s UNSATISFIABLE
c 
c --- [ run-time profiling ] -------------------------------------------------
c 
c process time taken by individual solving procedures
c (percentage relative to process time for solving)
c 
c         0.06   93.75% search
c         0.06   93.75% unstable
c         0.00    0.00% simplify
c   =================================
c         0.06   30.19% solve
c 
c last line shows process time for solving
c (percentage relative to total process time)
c 
c --- [ statistics ] ---------------------------------------------------------
c 
c backtracked:                 692       115.91 %  of conflicts
c chronological:               254        36.71 %  of backtracks
c conflicts:                   597      9328.12    per second
c decisions:                  2478     38718.75    per second
c fixed:                      3340         7.77 %  of all variables
c learned:                     454        76.05 %  per conflict
c minimized:                  2966        25.14 %  learned literals
c propagations:             155317         2.43 M  per second
c restarts:                     11        54.27    interval
c subsumed:                     44         0.01 %  of all clauses
c 
c seconds are measured in process time for solving
c 
c --- [ resources ] ----------------------------------------------------------
c 
c total process time since initialization:         0.21    seconds
c total real time since initialization:            0.21    seconds
c maximum resident set size of process:           34.41    MB
c 
c --- [ shutting down ] ------------------------------------------------------
c 
c exit 20
