c --- [ banner ] -------------------------------------------------------------
c 
c CaDiCaL Radically Simplified CDCL SAT Solver
c Copyright (c) 2016-2019 Armin Biere, JKU Linz
c 
c Version 1.0.3 cb89cbfa16f47cb7bf1ec6ad9855e7b6d5203c18
c g++ (GCC) 6.3.0 -Wall -Wextra -O3 -DNDEBUG
c Fri Aug 23 08:17:16 CDT 2019 Linux login1 4.4.103-6.38-default x86_64
c 
c --- [ config ] -------------------------------------------------------------
c 
c using 'unsat' configuration (target unsatisfiable instances)
c 
c --- [ proof tracing ] ------------------------------------------------------
c 
c opening file to write '/tmp/44_906_0_four.drat'
c writing binary proof trace to '/tmp/44_906_0_four.drat'
c 
c --- [ parsing input ] ------------------------------------------------------
c 
c reading DIMACS file from '/tmp/44_906_0_four.cnf'
c opening file to read '/tmp/44_906_0_four.cnf'
c found 'p cnf 43008 265785' header
c parsed 265785 clauses in 0.10 seconds process time
c 
c --- [ options ] ------------------------------------------------------------
c 
c   --stabilize=false              (different from default 'true')
c   --walk=false                   (different from default 'true')
c 
c --- [ solving ] ------------------------------------------------------------
c 
c time measured in process time since initialization
c 
c  seconds  reductions  redundant  irredundant
c         MB    restarts       trail       variables
c          level   conflicts       glue         remaining
c 
c *  0.10 31  0 0   0    0    0  0% 0 242031 41518 97%
c {  0.11 31  0 0   0    0    0  0% 0 242031 41518 97%
c -  0.15 33 43 1   7  300  232  8% 8 233086 41518 97%
c I  0.21 34 56 1  44 1004  735 11% 9 233086 41518 97%
c -  0.28 42 52 2  47 1128  676 10% 8 233086 41518 97%
c -  0.44 42 56 3 122 2362 1365 11% 9 233086 41518 97%
c i  0.47 42 51 3 129 2564 1529 11% 8 233086 41430 96%
c B  0.51 42 48 3 132 3006 1879 11% 8 233086 41430 96%
c -  0.65 42 40 4 171 4003 2002 10% 8 231190 41430 96%
c d  0.84 43 35 4 186 5002 2752 10% 8 228076 39874 93%
c 2  0.97 44 35 4 186 5002 2752 10% 8 225734 39864 93%
c p  1.22 46 35 4 186 5002 6440 10% 8 225734 39855 93%
c s  1.39 41 36 4 186 5087 6514 10% 8 225726 39855 93%
c v  1.70 48 36 4 186 5087 6514 10% 8 222323 39855 93%
c w  1.78 48 36 4 186 5087 6507 10% 8 222323 39840 93%
c t  1.81 49 36 4 186 5087 6504 10% 8 202854 39840 93%
c e  2.30 47 36 4 186 5087 1269 10% 8 185007 23541 55%
c s  2.37 54 36 4 186 5087 1261 10% 8 185007 23541 55%
c i  2.50 55 35 4 186 5456 1554  3% 8 185007 23537 55%
c i  2.51 55 34 4 186 5564 1639  3% 7 185007 23525 55%
c 
c  seconds  reductions  redundant  irredundant
c         MB    restarts       trail       variables
c          level   conflicts       glue         remaining
c 
c i  2.51 55 34 4 186 5567 1641  3% 7 185007 23257 54%
c }  2.51 55 34 4 186 5569 1641  3% 7 185007 22893 53%
c 0  2.51 55 34 4 186 5569 1641  3% 7 185007 22893 53%
c 
c --- [ result ] -------------------------------------------------------------
c 
s UNSATISFIABLE
c 
c --- [ run-time profiling ] -------------------------------------------------
c 
c process time taken by individual solving procedures
c (percentage relative to process time for solving)
c 
c         1.55   64.56% simplify
c         0.85   35.44% search
c         0.85   35.27% unstable
c         0.48   19.97% elim
c         0.34   14.31% vivify
c         0.24   10.15% probe
c         0.20    8.15% subsume
c         0.10    4.33% ternary
c         0.00    0.17% lucky
c   =================================
c         2.40   95.85% solve
c 
c last line shows process time for solving
c (percentage relative to total process time)
c 
c --- [ statistics ] ---------------------------------------------------------
c 
c backtracked:               32182       577.88 %  of conflicts
c chronological:              2283         7.09 %  of backtracks
c conflicts:                  5569      2316.56    per second
c decisions:                 21339      8876.46    per second
c eliminated:                16299        37.90 %  of all variables
c fixed:                      2260         5.25 %  of all variables
c learned:                    4899        87.97 %  per conflict
c minimized:                 54708        28.82 %  learned literals
c propagations:            3425664         1.42 M  per second
c reduced:                    1088        19.54 %  per conflict
c rephased:                      2      2784.50    interval
c restarts:                    186        29.94    interval
c substituted:                1556         3.62 %  of all variables
c subsumed:                   6379         0.75 %  of all clauses
c strengthened:               2605         0.31 %  of all clauses
c vivified:                   3535         0.42 %  of all clauses
c weakened:                  79231         3.73    average size
c 
c seconds are measured in process time for solving
c 
c --- [ resources ] ----------------------------------------------------------
c 
c total process time since initialization:         2.51    seconds
c total real time since initialization:            2.51    seconds
c maximum resident set size of process:           55.08    MB
c 
c --- [ shutting down ] ------------------------------------------------------
c 
c exit 20
