c --- [ banner ] -------------------------------------------------------------
c 
c CaDiCaL Radically Simplified CDCL SAT Solver
c Copyright (c) 2016-2019 Armin Biere, JKU Linz
c 
c Version 1.0.3 cb89cbfa16f47cb7bf1ec6ad9855e7b6d5203c18
c g++ (GCC) 6.3.0 -Wall -Wextra -O3 -DNDEBUG
c Fri Aug 23 08:17:16 CDT 2019 Linux login1 4.4.103-6.38-default x86_64
c 
c --- [ config ] -------------------------------------------------------------
c 
c using 'unsat' configuration (target unsatisfiable instances)
c 
c --- [ proof tracing ] ------------------------------------------------------
c 
c opening file to write '/tmp/21_833_0_three.drat'
c writing binary proof trace to '/tmp/21_833_0_three.drat'
c 
c --- [ parsing input ] ------------------------------------------------------
c 
c reading DIMACS file from '/tmp/21_833_0_three.cnf'
c opening file to read '/tmp/21_833_0_three.cnf'
c found 'p cnf 202048 780990' header
c parsed 780990 clauses in 0.33 seconds process time
c 
c --- [ options ] ------------------------------------------------------------
c 
c   --stabilize=false              (different from default 'true')
c   --walk=false                   (different from default 'true')
c 
c --- [ solving ] ------------------------------------------------------------
c 
c time measured in process time since initialization
c 
c  seconds  reductions  redundant  irredundant
c         MB    restarts       trail       variables
c          level   conflicts       glue          remaining
c 
c *  0.35 97  0 0   0    0    0  0% 0 780480 196912 97%
c {  0.36 99  0 0   0    0    0  0% 0 780480 196912 97%
c -  0.57 105 228 1  23  300  196  5% 5 686467 196912 97%
c }  0.71 110 102 1  55  572  416  6% 5 686467 191009 95%
c 0  0.71 110 102 1  55  572  416  6% 5 686467 191009 95%
c 
c --- [ result ] -------------------------------------------------------------
c 
s UNSATISFIABLE
c 
c --- [ run-time profiling ] -------------------------------------------------
c 
c process time taken by individual solving procedures
c (percentage relative to process time for solving)
c 
c         0.36   95.74% search
c         0.35   92.55% unstable
c         0.01    3.19% lucky
c         0.00    0.00% simplify
c   =================================
c         0.38   53.11% solve
c 
c last line shows process time for solving
c (percentage relative to total process time)
c 
c --- [ statistics ] ---------------------------------------------------------
c 
c backtracked:                 767       134.09 %  of conflicts
c chronological:               334        43.55 %  of backtracks
c conflicts:                   572      1521.28    per second
c decisions:                  3254      8654.26    per second
c fixed:                     11039         5.46 %  of all variables
c learned:                     543        94.93 %  per conflict
c minimized:                  1796        22.90 %  learned literals
c propagations:             713532         1.90 M  per second
c restarts:                     55        10.40    interval
c subsumed:                    126         0.01 %  of all clauses
c 
c seconds are measured in process time for solving
c 
c --- [ resources ] ----------------------------------------------------------
c 
c total process time since initialization:         0.71    seconds
c total real time since initialization:            0.71    seconds
c maximum resident set size of process:          110.26    MB
c 
c --- [ shutting down ] ------------------------------------------------------
c 
c exit 20
