c --- [ banner ] -------------------------------------------------------------
c 
c CaDiCaL Radically Simplified CDCL SAT Solver
c Copyright (c) 2016-2019 Armin Biere, JKU Linz
c 
c Version 1.0.3 cb89cbfa16f47cb7bf1ec6ad9855e7b6d5203c18
c g++ (GCC) 6.3.0 -Wall -Wextra -O3 -DNDEBUG
c Fri Aug 23 08:17:16 CDT 2019 Linux login1 4.4.103-6.38-default x86_64
c 
c --- [ config ] -------------------------------------------------------------
c 
c using 'unsat' configuration (target unsatisfiable instances)
c 
c --- [ proof tracing ] ------------------------------------------------------
c 
c opening file to write '/tmp/28_10_0_three.drat'
c writing binary proof trace to '/tmp/28_10_0_three.drat'
c 
c --- [ parsing input ] ------------------------------------------------------
c 
c reading DIMACS file from '/tmp/28_10_0_three.cnf'
c opening file to read '/tmp/28_10_0_three.cnf'
c found 'p cnf 39424 200377' header
c parsed 200377 clauses in 0.08 seconds process time
c 
c --- [ options ] ------------------------------------------------------------
c 
c   --stabilize=false              (different from default 'true')
c   --walk=false                   (different from default 'true')
c 
c --- [ solving ] ------------------------------------------------------------
c 
c time measured in process time since initialization
c 
c  seconds  reductions  redundant  irredundant
c         MB    restarts       trail       variables
c          level   conflicts       glue         remaining
c 
c *  0.08 26  0 0   0    0    0  0% 0 182433 38220 97%
c {  0.08 26  0 0   0    0    0  0% 0 182433 38220 97%
c -  0.12 27 56 1  10  300  251  8% 8 176716 38220 97%
c I  0.17 29 47 1  65 1003  824  8% 8 176716 38220 97%
c -  0.23 35 55 2  66 1048  723  8% 9 176716 38220 97%
c -  0.38 35 58 3 192 2172 1350  9% 9 176716 38220 97%
c B  0.44 35 58 3 208 3004 2058  9% 9 176716 38220 97%
c -  0.54 35 57 4 264 3671 1887  9% 9 176716 38220 97%
c s  0.72 32 51 4 297 4510 2604  9% 9 176716 38220 97%
c v  0.84 36 51 4 297 4510 2604  9% 9 173767 38220 97%
c w  0.91 36 51 4 297 4510 2568  9% 9 173767 38017 96%
c t  0.93 36 51 4 297 4510 2565  9% 9 160822 38017 96%
c e  1.67 38 51 4 297 4510   19  9% 9 137516 21451 54%
c s  1.74 42 51 4 297 4510   19  9% 9 137502 21451 54%
c 3  1.96 43 50 4 327 5001 7249  5% 9 137502 21451 54%
c p  2.02 44 50 4 327 5001 7487  5% 9 137502 21451 54%
c -  2.09 33 49 5 350 5543 1121  5% 9 137502 21451 54%
c F  2.11 33 46 5 351 6006 1515  5% 9 137502 21451 54%
c i  2.22 33 41 5 394 7500 2821  6% 8 137502 21446 54%
c i  2.22 33 41 5 394 7501 2821  6% 8 137502 21443 54%
c 
c  seconds  reductions  redundant  irredundant
c         MB    restarts       trail       variables
c          level   conflicts       glue         remaining
c 
c -  2.25 37 41 6 394 7591 2127  6% 8 136702 21443 54%
c i  2.41 37 41 6 535 9809 4117  6% 8 136702 21399 54%
c i  2.41 37 41 6 535 9815 4121  6% 8 136702 21396 54%
c -  2.46 37 41 7 535 9979 2695  6% 8 132878 21396 54%
c B  2.46 37 41 7 538 10007 2723  6% 8 132878 21396 54%
c i  2.47 37 41 7 541 10149 2850  6% 8 132878 21340 54%
c i  2.48 37 41 7 545 10246 2933  6% 8 132878 21338 54%
c i  2.59 37 39 7 564 11090 3713  7% 8 132878 21329 54%
c i  2.60 37 39 7 575 11153 3764  7% 8 132878 21248 54%
c -  2.81 37 35 8 585 12676 3419  9% 8 125420 21248 54%
c i  2.82 37 35 8 585 12772 3492  9% 8 125420 21114 54%
c i  2.82 37 35 8 585 12778 3496  9% 8 125420 21107 54%
c i  2.84 37 34 8 585 12988 3643  9% 8 125420 19794 50%
c }  2.84 37 34 8 585 12990 3643  9% 8 125420 16514 42%
c 0  2.84 37 34 8 585 12990 3643  9% 8 125420 16514 42%
c 
c --- [ result ] -------------------------------------------------------------
c 
s UNSATISFIABLE
c 
c --- [ run-time profiling ] -------------------------------------------------
c 
c process time taken by individual solving procedures
c (percentage relative to process time for solving)
c 
c         1.50   54.20% search
c         1.49   54.06% unstable
c         1.26   45.80% simplify
c         0.78   28.26% elim
c         0.17    6.23% subsume
c         0.17    6.09% vivify
c         0.06    2.32% ternary
c         0.02    0.72% probe
c         0.00    0.14% lucky
c   =================================
c         2.76   97.18% solve
c 
c last line shows process time for solving
c (percentage relative to total process time)
c 
c --- [ statistics ] ---------------------------------------------------------
c 
c backtracked:               24854       191.33 %  of conflicts
c chronological:              5626        22.64 %  of backtracks
c conflicts:                 12990      4706.52    per second
c decisions:                 59151     21431.52    per second
c eliminated:                16566        42.02 %  of all variables
c fixed:                      6344        16.09 %  of all variables
c learned:                   12119        93.29 %  per conflict
c minimized:                103787        28.21 %  learned literals
c propagations:            5689335         2.06 M  per second
c reduced:                    3960        30.48 %  per conflict
c rephased:                      4      3247.50    interval
c restarts:                    585        22.21    interval
c subsumed:                   5104         0.65 %  of all clauses
c strengthened:               2812         0.36 %  of all clauses
c ternary:                    8801         0.64 %  of resolved
c vivified:                   3064         0.39 %  of all clauses
c weakened:                  62297         3.61    average size
c 
c seconds are measured in process time for solving
c 
c --- [ resources ] ----------------------------------------------------------
c 
c total process time since initialization:         2.84    seconds
c total real time since initialization:            2.84    seconds
c maximum resident set size of process:           43.53    MB
c 
c --- [ shutting down ] ------------------------------------------------------
c 
c exit 20
