c --- [ banner ] -------------------------------------------------------------
c 
c CaDiCaL Radically Simplified CDCL SAT Solver
c Copyright (c) 2016-2019 Armin Biere, JKU Linz
c 
c Version 1.0.3 cb89cbfa16f47cb7bf1ec6ad9855e7b6d5203c18
c g++ (GCC) 6.3.0 -Wall -Wextra -O3 -DNDEBUG
c Fri Aug 23 08:17:16 CDT 2019 Linux login1 4.4.103-6.38-default x86_64
c 
c --- [ config ] -------------------------------------------------------------
c 
c using 'unsat' configuration (target unsatisfiable instances)
c 
c --- [ proof tracing ] ------------------------------------------------------
c 
c opening file to write '/tmp/60_774_0_four.drat'
c writing binary proof trace to '/tmp/60_774_0_four.drat'
c 
c --- [ parsing input ] ------------------------------------------------------
c 
c reading DIMACS file from '/tmp/60_774_0_four.cnf'
c opening file to read '/tmp/60_774_0_four.cnf'
c found 'p cnf 43008 265790' header
c parsed 265790 clauses in 0.14 seconds process time
c 
c --- [ options ] ------------------------------------------------------------
c 
c   --stabilize=false              (different from default 'true')
c   --walk=false                   (different from default 'true')
c 
c --- [ solving ] ------------------------------------------------------------
c 
c time measured in process time since initialization
c 
c  seconds  reductions  redundant  irredundant
c         MB    restarts       trail       variables
c          level   conflicts       glue         remaining
c 
c *  0.14 31  0 0   0    0    0  0% 0 240803 41413 96%
c {  0.15 31  0 0   0    0    0  0% 0 240803 41413 96%
c -  0.20 33 90 1  16  309  216  9% 11 231359 41413 96%
c I  0.24 33 42 1  31 1002  798  7% 9 231359 41413 96%
c -  0.32 42 40 2  34 1129  772  7% 9 231359 41413 96%
c -  0.44 42 39 3 102 2356 1284  8% 9 231359 41413 96%
c B  0.48 42 37 3 121 3005 1845  8% 8 231359 41413 96%
c -  0.61 42 32 4 144 3993 2032  8% 8 231359 41413 96%
c i  0.61 42 31 4 144 4048 2069  8% 8 231359 41389 96%
c d  0.80 43 30 4 187 5024 2613  9% 8 227677 39836 93%
c 2  0.93 44 30 4 187 5024 2613  9% 8 225344 39824 93%
c p  1.29 46 30 4 187 5024 8895  9% 8 225344 39647 92%
c d  1.32 46 30 4 187 5024 7753  9% 8 221080 39646 92%
c d  1.35 46 30 4 187 5024 7749  9% 8 221068 39642 92%
c s  1.49 51 31 4 187 5081 7794  9% 8 221065 39642 92%
c v  1.76 51 31 4 187 5081 7794  9% 8 218147 39642 92%
c w  1.84 51 31 4 187 5081 7767  9% 8 218147 39642 92%
c t  1.87 51 31 4 187 5081 7745  9% 8 197073 39642 92%
c e  2.37 48 31 4 187 5081 2396  9% 8 178810 22655 53%
c s  2.44 53 31 4 187 5081 2389  9% 8 178810 22655 53%
c 
c  seconds  reductions  redundant  irredundant
c         MB    restarts       trail       variables
c          level   conflicts       glue         remaining
c 
c F  2.64 54 29 4 214 6007 3185  6% 8 178810 22655 53%
c -  2.68 54 29 5 214 6039 1305  7% 8 178810 22655 53%
c i  2.70 54 28 5 216 6346 1554  6% 7 178810 22535 52%
c }  2.70 54 28 5 216 6350 1555  6% 7 178810 22194 52%
c 0  2.70 54 28 5 216 6350 1555  6% 7 178810 22194 52%
c 
c --- [ result ] -------------------------------------------------------------
c 
s UNSATISFIABLE
c 
c --- [ run-time profiling ] -------------------------------------------------
c 
c process time taken by individual solving procedures
c (percentage relative to process time for solving)
c 
c         1.67   65.36% simplify
c         0.88   34.64% search
c         0.88   34.48% unstable
c         0.49   19.28% elim
c         0.36   13.95% probe
c         0.31   12.07% vivify
c         0.18    7.05% subsume
c         0.10    3.92% ternary
c         0.00    0.16% lucky
c   =================================
c         2.55   94.66% solve
c 
c last line shows process time for solving
c (percentage relative to total process time)
c 
c --- [ statistics ] ---------------------------------------------------------
c 
c backtracked:               43129       679.20 %  of conflicts
c chronological:              2591         6.01 %  of backtracks
c conflicts:                  6350      2488.24    per second
c decisions:                 23687      9281.74    per second
c eliminated:                16987        39.50 %  of all variables
c fixed:                      2269         5.28 %  of all variables
c learned:                    5602        88.22 %  per conflict
c minimized:                 67511        31.14 %  learned literals
c propagations:            4313180         1.69 M  per second
c reduced:                    1303        20.52 %  per conflict
c rephased:                      3      2116.67    interval
c restarts:                    216        29.40    interval
c substituted:                1558         3.62 %  of all variables
c subsumed:                   6048         0.71 %  of all clauses
c strengthened:               3205         0.38 %  of all clauses
c vivified:                   3031         0.35 %  of all clauses
c weakened:                  80386         3.72    average size
c 
c seconds are measured in process time for solving
c 
c --- [ resources ] ----------------------------------------------------------
c 
c total process time since initialization:         2.70    seconds
c total real time since initialization:            2.70    seconds
c maximum resident set size of process:           54.46    MB
c 
c --- [ shutting down ] ------------------------------------------------------
c 
c exit 20
