c --- [ banner ] -------------------------------------------------------------
c 
c CaDiCaL Radically Simplified CDCL SAT Solver
c Copyright (c) 2016-2019 Armin Biere, JKU Linz
c 
c Version 1.0.3 cb89cbfa16f47cb7bf1ec6ad9855e7b6d5203c18
c g++ (GCC) 6.3.0 -Wall -Wextra -O3 -DNDEBUG
c Fri Aug 23 08:17:16 CDT 2019 Linux login1 4.4.103-6.38-default x86_64
c 
c --- [ config ] -------------------------------------------------------------
c 
c using 'unsat' configuration (target unsatisfiable instances)
c 
c --- [ proof tracing ] ------------------------------------------------------
c 
c opening file to write '/tmp/1_1030_0_six.drat'
c writing binary proof trace to '/tmp/1_1030_0_six.drat'
c 
c --- [ parsing input ] ------------------------------------------------------
c 
c reading DIMACS file from '/tmp/1_1030_0_six.cnf'
c opening file to read '/tmp/1_1030_0_six.cnf'
c found 'p cnf 50176 399294' header
c parsed 399294 clauses in 0.19 seconds process time
c 
c --- [ options ] ------------------------------------------------------------
c 
c   --stabilize=false              (different from default 'true')
c   --walk=false                   (different from default 'true')
c 
c --- [ solving ] ------------------------------------------------------------
c 
c time measured in process time since initialization
c 
c  seconds  reductions  redundant  irredundant
c         MB    restarts       trail       variables
c          level   conflicts       glue         remaining
c 
c *  0.19 44  0 0   0    0    0  0% 0 361746 48180 96%
c {  0.19 45  0 0   0    0    0  0% 0 361746 48180 96%
c -  0.26 47 82 1  28  300  196  8% 10 349038 48180 96%
c I  0.32 47 92 1  62 1014  619  9% 11 349038 48180 96%
c -  0.44 60 91 2  62 1235  686 10% 10 349038 48180 96%
c -  0.66 60 66 3 157 2623 1329 10% 10 349038 48180 96%
c B  0.69 60 61 3 169 3017 1612 10% 10 349038 48180 96%
c -  0.89 60 53 4 239 4477 1988  9% 10 349038 48180 96%
c d  1.11 61 51 4 239 5002 2426 10% 9 344346 45834 91%
c 2  1.31 61 51 4 239 5002 2426 10% 9 338481 45834 91%
c p  1.51 62 51 4 239 5002 8301 10% 9 338481 45834 91%
c i  1.58 62 50 4 244 5289 8512 10% 9 338481 45795 91%
c i  1.62 62 49 4 244 5715 8812 10% 9 338481 45773 91%
c i  1.62 62 49 4 244 5732 8824 10% 9 338481 45762 91%
c s  1.78 70 48 4 244 5819 8890 10% 9 338478 45762 91%
c v  2.24 70 48 4 244 5819 8890 10% 9 335187 45762 91%
c w  2.36 70 48 4 244 5819 8870 10% 9 335187 45762 91%
c t  2.40 70 48 4 244 5819 8868 10% 9 303796 45762 91%
c e  3.21 65 48 4 244 5819 3452 10% 9 283570 28784 57%
c s  3.32 70 48 4 244 5819 3452 10% 9 283570 28784 57%
c 
c  seconds  reductions  redundant  irredundant
c         MB    restarts       trail       variables
c          level   conflicts       glue         remaining
c 
c F  3.60 74 47 4 244 6018 3563  2% 9 283570 28784 57%
c -  3.72 74 47 5 247 6802 1347  7% 9 283570 28784 57%
c i  3.79 74 44 5 262 7753 2041  6% 8 283570 28764 57%
c i  3.79 74 44 5 262 7768 2044  6% 8 283570 28751 57%
c i  3.79 74 44 5 262 7769 2044  6% 8 283570 28731 57%
c i  3.79 74 44 5 262 7770 2044  6% 8 283570 28707 57%
c i  3.80 74 43 5 262 7797 2065  6% 8 283570 28504 57%
c i  3.80 74 43 5 262 7798 2065  6% 8 283570 27840 55%
c i  3.80 74 43 5 262 7809 2072  6% 8 283570 27763 55%
c }  3.80 74 43 5 262 7811 2072  6% 8 283570 27756 55%
c 0  3.80 74 43 5 262 7811 2072  6% 8 283570 27756 55%
c 
c --- [ result ] -------------------------------------------------------------
c 
s UNSATISFIABLE
c 
c --- [ run-time profiling ] -------------------------------------------------
c 
c process time taken by individual solving procedures
c (percentage relative to process time for solving)
c 
c         2.27   62.97% simplify
c         1.34   37.03% search
c         1.33   36.92% unstable
c         0.89   24.61% elim
c         0.50   13.97% vivify
c         0.25    6.87% subsume
c         0.20    5.43% probe
c         0.16    4.43% ternary
c         0.00    0.11% lucky
c   =================================
c         3.61   95.05% solve
c 
c last line shows process time for solving
c (percentage relative to total process time)
c 
c --- [ statistics ] ---------------------------------------------------------
c 
c backtracked:               27940       357.70 %  of conflicts
c chronological:              2880        10.31 %  of backtracks
c conflicts:                  7811      2164.91    per second
c decisions:                 34903      9673.78    per second
c eliminated:                16978        33.84 %  of all variables
c fixed:                      3096         6.17 %  of all variables
c learned:                    6518        83.45 %  per conflict
c minimized:                101202        29.62 %  learned literals
c propagations:            4393446         1.22 M  per second
c reduced:                    1364        17.46 %  per conflict
c rephased:                      3      2603.67    interval
c restarts:                    262        29.81    interval
c substituted:                2346         4.68 %  of all variables
c subsumed:                  10418         0.82 %  of all clauses
c strengthened:               3828         0.30 %  of all clauses
c vivified:                   3386         0.27 %  of all clauses
c weakened:                 108006         4.00    average size
c 
c seconds are measured in process time for solving
c 
c --- [ resources ] ----------------------------------------------------------
c 
c total process time since initialization:         3.80    seconds
c total real time since initialization:            3.80    seconds
c maximum resident set size of process:           73.88    MB
c 
c --- [ shutting down ] ------------------------------------------------------
c 
c exit 20
