c --- [ banner ] -------------------------------------------------------------
c 
c CaDiCaL Radically Simplified CDCL SAT Solver
c Copyright (c) 2016-2019 Armin Biere, JKU Linz
c 
c Version 1.0.3 cb89cbfa16f47cb7bf1ec6ad9855e7b6d5203c18
c g++ (GCC) 6.3.0 -Wall -Wextra -O3 -DNDEBUG
c Fri Aug 23 08:17:16 CDT 2019 Linux login1 4.4.103-6.38-default x86_64
c 
c --- [ config ] -------------------------------------------------------------
c 
c using 'unsat' configuration (target unsatisfiable instances)
c 
c --- [ proof tracing ] ------------------------------------------------------
c 
c opening file to write '/tmp/1_218_0_six.drat'
c writing binary proof trace to '/tmp/1_218_0_six.drat'
c 
c --- [ parsing input ] ------------------------------------------------------
c 
c reading DIMACS file from '/tmp/1_218_0_six.cnf'
c opening file to read '/tmp/1_218_0_six.cnf'
c found 'p cnf 50176 399294' header
c parsed 399294 clauses in 0.16 seconds process time
c 
c --- [ options ] ------------------------------------------------------------
c 
c   --stabilize=false              (different from default 'true')
c   --walk=false                   (different from default 'true')
c 
c --- [ solving ] ------------------------------------------------------------
c 
c time measured in process time since initialization
c 
c  seconds  reductions  redundant  irredundant
c         MB    restarts       trail       variables
c          level   conflicts       glue         remaining
c 
c *  0.16 44  0 0   0    0    0  0% 0 361766 48282 96%
c {  0.16 45  0 0   0    0    0  0% 0 361766 48282 96%
c -  0.24 46 68 1  28  300  196  8% 10 351660 48282 96%
c I  0.31 47 89 1  72 1002  752  9% 11 351660 48282 96%
c -  0.43 59 74 2  79 1229  842  9% 11 351660 48282 96%
c -  0.58 59 57 3 108 2621 1310  9% 9 351660 48282 96%
c B  0.61 59 55 3 127 3004 1568  9% 9 351660 48282 96%
c -  0.78 59 48 4 190 4483 1876  9% 9 351660 48282 96%
c d  0.97 61 42 4 190 5001 2254  9% 9 346932 45918 92%
c 2  1.16 60 42 4 190 5001 2254  9% 9 341022 45918 92%
c p  1.31 62 42 4 190 5001 5633  9% 9 341022 45918 92%
c s  1.58 69 44 4 235 5814 6246  9% 9 341022 45918 92%
c v  2.03 70 44 4 235 5814 6246  9% 9 337973 45918 92%
c w  2.15 70 44 4 235 5814 6244  9% 9 337973 45918 92%
c t  2.19 70 44 4 235 5814 6241  9% 9 307813 45918 92%
c e  2.98 65 44 4 235 5814 2931  9% 9 290435 29462 59%
c F  3.26 74 44 4 235 6005 3050  4% 9 290435 29462 59%
c -  3.36 74 43 5 237 6802 1282  5% 9 290435 29462 59%
c -  3.61 74 35 6 384 9435 2674  5% 8 290435 29462 59%
c B  3.65 74 36 6 402 10006 3114  5% 8 290435 29462 59%
c 
c  seconds  reductions   redundant  irredundant
c         MB    restarts        trail       variables
c          level    conflicts       glue         remaining
c 
c i  3.82 74 34 6 485 11934 4605  5% 8 290435 29382 59%
c -  3.93 74 34 7 549 12507 3103  5% 8 282238 29382 59%
c i  4.09 74 33 7 615 14492 4559  5% 8 282238 29309 58%
c i  4.10 74 32 7 619 14751 4746  5% 8 282238 29302 58%
c 3  4.25 74 33 7 645 15001 24752  5% 8 282238 29302 58%
c 2  4.33 74 33 7 645 15001 24743  5% 8 282238 29302 58%
c p  4.52 74 33 7 645 15001 33411  5% 8 282238 29178 58%
c #  4.56 74 33 7 646 15009 33417  5% 8 282238 29178 58%
c -  4.74 74 35 8 735 15992 4795  6% 8 269240 29178 58%
c s  5.06 76 33 8 873 19021 7094  6% 8 269240 29178 58%
c v  5.34 76 33 8 873 19021 7094  6% 8 261687 29178 58%
c w  5.43 76 33 8 873 19021 6981  6% 8 261687 29146 58%
c t  5.44 76 33 8 873 19021 6956  6% 8 251004 29146 58%
c e  5.74 77 33 8 873 19021 4952  6% 8 244663 25520 51%
c s  5.82 77 33 8 873 19021 4783  6% 8 243002 25520 51%
c e  5.94 77 33 8 873 19021 4732  6% 8 242927 25505 51%
c -  6.16 77 33 9 922 19855 3941  5% 8 242927 25505 51%
c B  6.27 77 33 9 987 21011 4889  6% 8 242927 25505 51%
c i  6.50 77 32 9 1120 23463 6886  6% 8 242927 25494 51%
c -  6.59 78 32 10 1143 24011 5605  6% 8 242079 25494 51%
c 
c  seconds  reductions     redundant  irredundant
c         MB     restarts         trail       variables
c          level      conflicts       glue         remaining
c 
c i  6.66 78 31 10 1168 24892 6311  6% 8 242079 25493 51%
c i  6.68 78 31 10 1168 25199 6542  6% 8 242079 25404 51%
c i  7.03 78 29 10 1214 27168 8140  8% 8 242079 25044 50%
c i  7.03 78 29 10 1214 27178 8139  8% 8 242079 24984 50%
c i  7.03 78 29 10 1214 27181 8141  8% 8 242079 24810 49%
c }  7.03 78 29 10 1214 27185 8142  8% 8 242079 23894 48%
c 0  7.03 78 29 10 1214 27185 8142  8% 8 242079 23894 48%
c 
c --- [ result ] -------------------------------------------------------------
c 
s UNSATISFIABLE
c 
c --- [ run-time profiling ] -------------------------------------------------
c 
c process time taken by individual solving procedures
c (percentage relative to process time for solving)
c 
c         3.46   50.41% search
c         3.46   50.35% unstable
c         3.41   49.59% simplify
c         1.20   17.40% elim
c         0.83   12.11% vivify
c         0.38    5.59% subsume
c         0.34    4.95% probe
c         0.28    4.07% ternary
c         0.00    0.06% lucky
c   =================================
c         6.87   97.78% solve
c 
c last line shows process time for solving
c (percentage relative to total process time)
c 
c --- [ statistics ] ---------------------------------------------------------
c 
c backtracked:               85098       313.03 %  of conflicts
c chronological:              9498        11.16 %  of backtracks
c conflicts:                 27185      3955.91    per second
c decisions:                107546     15649.88    per second
c eliminated:                20097        40.05 %  of all variables
c fixed:                      3821         7.62 %  of all variables
c learned:                   24399        89.75 %  per conflict
c minimized:                355790        32.42 %  learned literals
c propagations:           11460230         1.67 M  per second
c reduced:                    6493        23.88 %  per conflict
c rephased:                      6      4530.83    interval
c restarts:                   1214        22.39    interval
c substituted:                2364         4.71 %  of all variables
c subsumed:                  23351         1.64 %  of all clauses
c strengthened:               7292         0.51 %  of all clauses
c ternary:                   29547         1.01 %  of resolved
c vivified:                  10950         0.77 %  of all clauses
c weakened:                 136125         4.91    average size
c 
c seconds are measured in process time for solving
c 
c --- [ resources ] ----------------------------------------------------------
c 
c total process time since initialization:         7.03    seconds
c total real time since initialization:            7.03    seconds
c maximum resident set size of process:           77.75    MB
c 
c --- [ shutting down ] ------------------------------------------------------
c 
c exit 20
