c --- [ banner ] -------------------------------------------------------------
c 
c CaDiCaL Radically Simplified CDCL SAT Solver
c Copyright (c) 2016-2019 Armin Biere, JKU Linz
c 
c Version 1.0.3 cb89cbfa16f47cb7bf1ec6ad9855e7b6d5203c18
c g++ (GCC) 6.3.0 -Wall -Wextra -O3 -DNDEBUG
c Fri Aug 23 08:17:16 CDT 2019 Linux login1 4.4.103-6.38-default x86_64
c 
c --- [ config ] -------------------------------------------------------------
c 
c using 'unsat' configuration (target unsatisfiable instances)
c 
c --- [ proof tracing ] ------------------------------------------------------
c 
c opening file to write '/tmp/1_350_0_six.drat'
c writing binary proof trace to '/tmp/1_350_0_six.drat'
c 
c --- [ parsing input ] ------------------------------------------------------
c 
c reading DIMACS file from '/tmp/1_350_0_six.cnf'
c opening file to read '/tmp/1_350_0_six.cnf'
c found 'p cnf 50176 399294' header
c parsed 399294 clauses in 0.29 seconds process time
c 
c --- [ options ] ------------------------------------------------------------
c 
c   --stabilize=false              (different from default 'true')
c   --walk=false                   (different from default 'true')
c 
c --- [ solving ] ------------------------------------------------------------
c 
c time measured in process time since initialization
c 
c  seconds  reductions  redundant  irredundant
c         MB    restarts       trail       variables
c          level   conflicts       glue         remaining
c 
c *  0.30 44  0 0   0    0    0  0% 0 361756 48172 96%
c {  0.30 45  0 0   0    0    0  0% 0 361756 48172 96%
c -  0.38 46 60 1  38  302  206  7% 10 348166 48172 96%
c I  0.44 47 58 1 110 1008  709  9% 12 348166 48172 96%
c -  0.56 59 65 2 110 1228  782 10% 12 348166 48172 96%
c -  0.73 59 72 3 132 2628 1260 11% 11 348166 48172 96%
c B  0.77 59 70 3 145 3009 1514 11% 11 348166 48172 96%
c i  0.88 59 67 3 212 4457 2452 11% 11 348166 48113 96%
c -  0.95 59 67 4 212 4479 1617 11% 11 346421 48113 96%
c d  1.13 60 60 4 212 5007 2012 11% 10 341765 45785 91%
c 2  1.32 60 60 4 212 5007 2012 11% 10 335945 45785 91%
c p  1.64 62 60 4 212 5007 14391 11% 10 335945 45644 91%
c i  1.70 62 58 4 212 5102 14458 11% 10 335945 45622 91%
c i  1.73 62 54 4 212 5523 14741 11% 9 335945 45621 91%
c i  1.74 62 52 4 212 5650 14817 11% 9 335945 45582 91%
c }  1.74 62 52 4 212 5653 14818 11% 9 335945 45553 91%
c 0  1.74 62 52 4 212 5653 14818 11% 9 335945 45553 91%
c 
c --- [ result ] -------------------------------------------------------------
c 
s UNSATISFIABLE
c 
c --- [ run-time profiling ] -------------------------------------------------
c 
c process time taken by individual solving procedures
c (percentage relative to process time for solving)
c 
c         0.76   52.34% search
c         0.76   52.07% unstable
c         0.69   47.38% simplify
c         0.33   22.59% probe
c         0.14    9.92% ternary
c         0.00    0.28% lucky
c   =================================
c         1.45   83.26% solve
c 
c last line shows process time for solving
c (percentage relative to total process time)
c 
c --- [ statistics ] ---------------------------------------------------------
c 
c backtracked:               27569       487.69 %  of conflicts
c chronological:              2012         7.30 %  of backtracks
c conflicts:                  5653      3893.25    per second
c decisions:                 26070     17954.55    per second
c fixed:                      2295         4.57 %  of all variables
c learned:                    4402        77.87 %  per conflict
c minimized:                 57971        24.44 %  learned literals
c propagations:            3359893         2.31 M  per second
c reduced:                    1200        21.23 %  per conflict
c rephased:                      2      2826.50    interval
c restarts:                    212        26.67    interval
c substituted:                2328         4.64 %  of all variables
c subsumed:                   6392         0.59 %  of all clauses
c weakened:                   4656         2.00    average size
c 
c seconds are measured in process time for solving
c 
c --- [ resources ] ----------------------------------------------------------
c 
c total process time since initialization:         1.74    seconds
c total real time since initialization:            1.75    seconds
c maximum resident set size of process:           68.57    MB
c 
c --- [ shutting down ] ------------------------------------------------------
c 
c exit 20
