c --- [ banner ] -------------------------------------------------------------
c 
c CaDiCaL Radically Simplified CDCL SAT Solver
c Copyright (c) 2016-2019 Armin Biere, JKU Linz
c 
c Version 1.0.3 cb89cbfa16f47cb7bf1ec6ad9855e7b6d5203c18
c g++ (GCC) 6.3.0 -Wall -Wextra -O3 -DNDEBUG
c Fri Aug 23 08:17:16 CDT 2019 Linux login1 4.4.103-6.38-default x86_64
c 
c --- [ config ] -------------------------------------------------------------
c 
c using 'unsat' configuration (target unsatisfiable instances)
c 
c --- [ proof tracing ] ------------------------------------------------------
c 
c opening file to write '/tmp/1_793_0_six.drat'
c writing binary proof trace to '/tmp/1_793_0_six.drat'
c 
c --- [ parsing input ] ------------------------------------------------------
c 
c reading DIMACS file from '/tmp/1_793_0_six.cnf'
c opening file to read '/tmp/1_793_0_six.cnf'
c found 'p cnf 50176 399294' header
c parsed 399294 clauses in 0.16 seconds process time
c 
c --- [ options ] ------------------------------------------------------------
c 
c   --stabilize=false              (different from default 'true')
c   --walk=false                   (different from default 'true')
c 
c --- [ solving ] ------------------------------------------------------------
c 
c time measured in process time since initialization
c 
c  seconds  reductions  redundant  irredundant
c         MB    restarts       trail       variables
c          level   conflicts       glue         remaining
c 
c *  0.16 44  0 0   0    0    0  0% 0 361747 48088 96%
c {  0.16 45  0 0   0    0    0  0% 0 361747 48088 96%
c -  0.22 46 62 1  20  309  204  9% 8 346420 48088 96%
c I  0.29 47 83 1  57 1003  586 11% 12 346420 48088 96%
c -  0.46 60 99 2  99 1232  683 11% 13 346420 48088 96%
c -  0.67 60 79 3 186 2620 1287 10% 12 346420 48088 96%
c B  0.71 60 73 3 209 3011 1570 10% 12 346420 48088 96%
c -  0.93 60 69 4 243 4468 1969 11% 11 346420 48088 96%
c d  1.12 61 62 4 248 5017 2378 11% 11 341764 45760 91%
c 2  1.32 61 62 4 248 5017 2378 11% 11 335944 45760 91%
c p  1.48 62 62 4 248 5017 7287 11% 11 335944 45760 91%
c i  1.61 62 60 4 248 5643 7764 11% 10 335944 45750 91%
c i  1.61 62 60 4 248 5663 7780 11% 10 335944 45726 91%
c i  1.61 62 60 4 248 5687 7794 11% 10 335944 45678 91%
c i  1.61 62 60 4 248 5694 7800 11% 10 335944 45676 91%
c s  1.78 70 59 4 248 5823 7909 11% 10 335944 45676 91%
c v  2.22 70 59 4 248 5823 7909 11% 10 332217 45676 91%
c w  2.34 70 59 4 248 5823 7871 11% 10 332217 45564 91%
c t  2.38 70 59 4 248 5823 7870 11% 10 300032 45564 91%
c e  3.20 65 59 4 248 5823 2335 11% 10 274575 28052 56%
c 
c  seconds  reductions  redundant   irredundant
c         MB    restarts       trail        variables
c          level   conflicts       glue          remaining
c 
c F  3.51 73 58 4 259 6013 2457  2% 10 274575 28052 56%
c -  3.66 74 53 5 259 6778 1181  7% 9 274575 28052 56%
c }  3.70 74 52 5 259 6999 1355  8% 9 274575 27697 55%
c 0  3.70 74 52 5 259 6999 1355  8% 9 274575 27697 55%
c 
c --- [ result ] -------------------------------------------------------------
c 
s UNSATISFIABLE
c 
c --- [ run-time profiling ] -------------------------------------------------
c 
c process time taken by individual solving procedures
c (percentage relative to process time for solving)
c 
c         2.14   60.56% simplify
c         1.39   39.32% search
c         1.39   39.32% unstable
c         0.80   22.71% elim
c         0.49   13.79% vivify
c         0.26    7.23% subsume
c         0.17    4.75% probe
c         0.15    4.29% ternary
c   =================================
c         3.54   95.78% solve
c 
c last line shows process time for solving
c (percentage relative to total process time)
c 
c --- [ statistics ] ---------------------------------------------------------
c 
c backtracked:               28074       401.11 %  of conflicts
c chronological:              2775         9.88 %  of backtracks
c conflicts:                  6999      1977.12    per second
c decisions:                 43222     12209.60    per second
c eliminated:                17512        34.90 %  of all variables
c fixed:                      2639         5.26 %  of all variables
c learned:                    5836        83.38 %  per conflict
c minimized:                 86740        28.15 %  learned literals
c propagations:            4718422         1.33 M  per second
c reduced:                    1423        20.33 %  per conflict
c rephased:                      3      2333.00    interval
c restarts:                    259        27.02    interval
c substituted:                2328         4.64 %  of all variables
c subsumed:                  10654         0.85 %  of all clauses
c strengthened:               3883         0.31 %  of all clauses
c vivified:                   3805         0.30 %  of all clauses
c weakened:                 106475         4.07    average size
c 
c seconds are measured in process time for solving
c 
c --- [ resources ] ----------------------------------------------------------
c 
c total process time since initialization:         3.70    seconds
c total real time since initialization:            3.70    seconds
c maximum resident set size of process:           73.64    MB
c 
c --- [ shutting down ] ------------------------------------------------------
c 
c exit 20
