c --- [ banner ] -------------------------------------------------------------
c 
c CaDiCaL Radically Simplified CDCL SAT Solver
c Copyright (c) 2016-2019 Armin Biere, JKU Linz
c 
c Version 1.0.3 cb89cbfa16f47cb7bf1ec6ad9855e7b6d5203c18
c g++ (GCC) 6.3.0 -Wall -Wextra -O3 -DNDEBUG
c Fri Aug 23 08:17:16 CDT 2019 Linux login1 4.4.103-6.38-default x86_64
c 
c --- [ config ] -------------------------------------------------------------
c 
c using 'unsat' configuration (target unsatisfiable instances)
c 
c --- [ proof tracing ] ------------------------------------------------------
c 
c opening file to write '/tmp/3_189_0_three.drat'
c writing binary proof trace to '/tmp/3_189_0_three.drat'
c 
c --- [ parsing input ] ------------------------------------------------------
c 
c reading DIMACS file from '/tmp/3_189_0_three.cnf'
c opening file to read '/tmp/3_189_0_three.cnf'
c found 'p cnf 202048 780990' header
c parsed 780990 clauses in 0.48 seconds process time
c 
c --- [ options ] ------------------------------------------------------------
c 
c   --stabilize=false              (different from default 'true')
c   --walk=false                   (different from default 'true')
c 
c --- [ solving ] ------------------------------------------------------------
c 
c time measured in process time since initialization
c 
c  seconds  reductions  redundant  irredundant
c         MB    restarts       trail       variables
c          level   conflicts       glue          remaining
c 
c *  0.50 97  0 0   0    0    0  0% 0 780480 197311 98%
c {  0.51 99  0 0   0    0    0  0% 0 780480 197311 98%
c -  0.67 103 289 1  10  300  174  5% 4 691231 197311 98%
c I  1.19 108 76 1 166 1002  820  6% 7 691231 197311 98%
c -  1.67 126 59 2 225 1403 1166  7% 7 691231 197311 98%
c i  2.02 126 43 2 295 2092 1804  7% 7 691231 197222 98%
c B  2.48 126 36 2 374 3012 2651  8% 7 691231 197222 98%
c -  2.67 126 36 3 381 3059 2234  8% 7 689668 197222 98%
c s  3.68 112 32 3 452 3972 3038  8% 7 689668 197222 98%
c w  4.88 139 32 3 452 3972 3029  8% 7 689668 197105 98%
c t  4.93 139 32 3 452 3972 3027  8% 7 689140 197105 98%
c e  6.71 132 32 3 452 3972   21  8% 7 168763 25749 13%
c s  6.88 141 32 3 452 3972   21  8% 7 168663 25749 13%
c e  7.07 141 32 3 452 3972   21  8% 7 168646 25706 13%
c d  7.30 141 29 3 476 5002  903  3% 7 168642 25705 13%
c 3  7.35 142 29 3 476 5002 2530  3% 7 168642 25705 13%
c 3  7.36 142 29 3 476 5002 2782  3% 7 168642 25705 13%
c d  7.40 142 29 3 476 5002 2716  3% 7 168642 25698 13%
c 2  7.42 142 29 3 476 5002 2702  3% 7 168642 25698 13%
c p  7.54 142 29 3 476 5002 3734  3% 7 168642 25636 13%
c 
c  seconds   reductions  redundant  irredundant
c          MB    restarts       trail       variables
c           level   conflicts       glue         remaining
c 
c d  7.56 142 29 3 476 5002 3616  3% 7 165165 25635 13%
c d  7.57 142 29 3 476 5002 3600  3% 7 164822 25466 13%
c i  7.59 142 28 3 479 5196 3775  4% 7 164822 25458 13%
c i  7.59 142 28 3 479 5200 3775  4% 7 164822 25457 13%
c i  7.59 142 28 3 479 5220 3793  4% 7 164822 25445 13%
c i  7.59 142 28 3 479 5225 3797  4% 7 164822 25424 13%
c i  7.59 142 28 3 479 5226 3797  4% 7 164822 25249 12%
c }  7.59 142 28 3 479 5228 3797  4% 7 164822 25173 12%
c 0  7.59 142 28 3 479 5228 3797  4% 7 164822 25173 12%
c 
c --- [ result ] -------------------------------------------------------------
c 
s UNSATISFIABLE
c 
c --- [ run-time profiling ] -------------------------------------------------
c 
c process time taken by individual solving procedures
c (percentage relative to process time for solving)
c 
c         3.98   55.99% simplify
c         3.12   43.84% search
c         3.10   43.61% unstable
c         1.92   27.07% elim
c         1.10   15.42% vivify
c         0.61    8.61% subsume
c         0.12    1.69% probe
c         0.07    0.96% ternary
c         0.02    0.23% lucky
c   =================================
c         7.11   93.62% solve
c 
c last line shows process time for solving
c (percentage relative to total process time)
c 
c --- [ statistics ] ---------------------------------------------------------
c 
c backtracked:               24846       475.25 %  of conflicts
c chronological:              2173         8.75 %  of backtracks
c conflicts:                  5228       735.51    per second
c decisions:                 23800      3348.34    per second
c eliminated:               171399        84.83 %  of all variables
c fixed:                      5298         2.62 %  of all variables
c learned:                    4981        95.28 %  per conflict
c minimized:                 40030        28.28 %  learned literals
c propagations:           12636255         1.78 M  per second
c reduced:                     472         9.03 %  per conflict
c rephased:                      2      2614.00    interval
c restarts:                    479        10.91    interval
c substituted:                 178         0.09 %  of all variables
c subsumed:                   3941         0.17 %  of all clauses
c strengthened:              10012         0.44 %  of all clauses
c ternary:                    2179         0.29 %  of resolved
c vivified:                     65         0.00 %  of all clauses
c weakened:                 605954         2.84    average size
c 
c seconds are measured in process time for solving
c 
c --- [ resources ] ----------------------------------------------------------
c 
c total process time since initialization:         7.59    seconds
c total real time since initialization:            7.59    seconds
c maximum resident set size of process:          152.18    MB
c 
c --- [ shutting down ] ------------------------------------------------------
c 
c exit 20
