c --- [ banner ] -------------------------------------------------------------
c 
c CaDiCaL Radically Simplified CDCL SAT Solver
c Copyright (c) 2016-2019 Armin Biere, JKU Linz
c 
c Version 1.0.3 cb89cbfa16f47cb7bf1ec6ad9855e7b6d5203c18
c g++ (GCC) 6.3.0 -Wall -Wextra -O3 -DNDEBUG
c Fri Aug 23 08:17:16 CDT 2019 Linux login1 4.4.103-6.38-default x86_64
c 
c --- [ config ] -------------------------------------------------------------
c 
c using 'unsat' configuration (target unsatisfiable instances)
c 
c --- [ proof tracing ] ------------------------------------------------------
c 
c opening file to write '/tmp/3_695_0_three.drat'
c writing binary proof trace to '/tmp/3_695_0_three.drat'
c 
c --- [ parsing input ] ------------------------------------------------------
c 
c reading DIMACS file from '/tmp/3_695_0_three.cnf'
c opening file to read '/tmp/3_695_0_three.cnf'
c found 'p cnf 202048 780990' header
c parsed 780990 clauses in 0.32 seconds process time
c 
c --- [ options ] ------------------------------------------------------------
c 
c   --stabilize=false              (different from default 'true')
c   --walk=false                   (different from default 'true')
c 
c --- [ solving ] ------------------------------------------------------------
c 
c time measured in process time since initialization
c 
c  seconds  reductions  redundant  irredundant
c         MB    restarts       trail       variables
c          level   conflicts       glue          remaining
c 
c *  0.34 97  0 0   0    0    0  0% 0 780480 197025 98%
c {  0.36 99  0 0   0    0    0  0% 0 780480 197025 98%
c -  0.56 105 234 1  17  301  189  6% 4 688045 197025 98%
c I  0.97 110 70 1 112 1002  850  8% 7 688045 197025 98%
c -  1.38 128 52 2 132 1405 1169  8% 7 688045 197025 98%
c B  2.50 128 32 2 267 3004 2598  8% 7 688045 197025 98%
c -  2.80 128 32 3 270 3058 2130  8% 7 688045 197025 98%
c i  2.86 128 32 3 277 3102 2172  8% 7 688045 196999 98%
c s  4.16 114 28 3 376 3972 2916  9% 7 688045 196999 98%
c w  5.42 136 28 3 376 3972 2889  9% 7 688041 196692 97%
c t  5.47 136 28 3 376 3972 2889  9% 7 687452 196692 97%
c e  7.20 137 28 3 376 3972   22  9% 7 166760 25518 13%
c s  7.37 146 28 3 376 3972   21  9% 7 166646 25518 13%
c e  7.57 146 28 3 376 3972   17  9% 7 166627 25473 13%
c i  7.73 146 29 3 391 4095  133  5% 7 166627 25424 13%
c i  7.73 146 28 3 395 4136  157  4% 7 166627 25415 13%
c i  7.73 146 28 3 395 4146  163  4% 7 166627 25376 13%
c }  7.73 146 28 3 395 4208  210  4% 7 166627 25286 13%
c 0  7.73 146 28 3 395 4208  210  4% 7 166627 25286 13%
c 
c --- [ result ] -------------------------------------------------------------
c 
s UNSATISFIABLE
c 
c --- [ run-time profiling ] -------------------------------------------------
c 
c process time taken by individual solving procedures
c (percentage relative to process time for solving)
c 
c         3.70   50.00% simplify
c         3.69   49.78% search
c         3.67   49.57% unstable
c         1.88   25.43% elim
c         1.15   15.55% vivify
c         0.61    8.26% subsume
c         0.02    0.22% lucky
c   =================================
c         7.41   95.81% solve
c 
c last line shows process time for solving
c (percentage relative to total process time)
c 
c --- [ statistics ] ---------------------------------------------------------
c 
c backtracked:               13334       316.87 %  of conflicts
c chronological:              1850        13.87 %  of backtracks
c conflicts:                  4208       568.03    per second
c decisions:                 19659      2653.75    per second
c eliminated:               171219        84.74 %  of all variables
c fixed:                      5543         2.74 %  of all variables
c learned:                    3980        94.58 %  per conflict
c minimized:                 36479        29.24 %  learned literals
c propagations:           13377292         1.81 M  per second
c reduced:                     550        13.07 %  per conflict
c rephased:                      2      2104.00    interval
c restarts:                    395        10.65    interval
c subsumed:                   3835         0.17 %  of all clauses
c strengthened:               9995         0.44 %  of all clauses
c vivified:                     87         0.00 %  of all clauses
c weakened:                 601108         2.84    average size
c 
c seconds are measured in process time for solving
c 
c --- [ resources ] ----------------------------------------------------------
c 
c total process time since initialization:         7.73    seconds
c total real time since initialization:            7.74    seconds
c maximum resident set size of process:          157.07    MB
c 
c --- [ shutting down ] ------------------------------------------------------
c 
c exit 20
