c --- [ banner ] -------------------------------------------------------------
c 
c CaDiCaL Radically Simplified CDCL SAT Solver
c Copyright (c) 2016-2019 Armin Biere, JKU Linz
c 
c Version 1.0.3 cb89cbfa16f47cb7bf1ec6ad9855e7b6d5203c18
c g++ (GCC) 6.3.0 -Wall -Wextra -O3 -DNDEBUG
c Fri Aug 23 08:17:16 CDT 2019 Linux login1 4.4.103-6.38-default x86_64
c 
c --- [ config ] -------------------------------------------------------------
c 
c using 'unsat' configuration (target unsatisfiable instances)
c 
c --- [ proof tracing ] ------------------------------------------------------
c 
c opening file to write '/tmp/49_280_0_three.drat'
c writing binary proof trace to '/tmp/49_280_0_three.drat'
c 
c --- [ parsing input ] ------------------------------------------------------
c 
c reading DIMACS file from '/tmp/49_280_0_three.cnf'
c opening file to read '/tmp/49_280_0_three.cnf'
c found 'p cnf 39424 200377' header
c parsed 200377 clauses in 0.08 seconds process time
c 
c --- [ options ] ------------------------------------------------------------
c 
c   --stabilize=false              (different from default 'true')
c   --walk=false                   (different from default 'true')
c 
c --- [ solving ] ------------------------------------------------------------
c 
c time measured in process time since initialization
c 
c  seconds  reductions  redundant  irredundant
c         MB    restarts       trail       variables
c          level   conflicts       glue         remaining
c 
c *  0.08 26  0 0   0    0    0  0% 0 182489 38249 97%
c {  0.08 26  0 0   0    0    0  0% 0 182489 38249 97%
c -  0.12 27 38 1   7  301  243  7% 8 178001 38249 97%
c i  0.14 29 37 1  20  661  544  8% 7 178001 38098 97%
c I  0.17 29 41 1  56 1004  841  8% 8 178001 38098 97%
c -  0.23 35 43 2  60 1055  704  8% 7 175102 38098 97%
c -  0.40 35 57 3 241 2175 1299  9% 9 175102 38098 97%
c B  0.47 35 52 3 276 3005 2020  9% 9 175102 38098 97%
c -  0.56 35 47 4 299 3666 1894  9% 9 175102 38098 97%
c s  0.75 33 45 4 373 4509 2607  9% 9 175102 38098 97%
c v  0.89 36 45 4 373 4509 2607  9% 9 171920 38098 97%
c w  0.95 36 45 4 373 4509 2605  9% 9 171920 38098 97%
c t  0.98 36 45 4 373 4509 2604  9% 9 158105 38098 97%
c e  1.78 39 45 4 373 4509   40  9% 9 138900 21380 54%
c s  1.87 43 45 4 373 4509   39  9% 9 138892 21380 54%
c d  2.07 44 44 4 399 5000  477  6% 9 138881 21374 54%
c 3  2.14 44 44 4 399 5000 8459  6% 9 138881 21374 54%
c 2  2.17 44 44 4 399 5000 8459  6% 9 138879 21374 54%
c p  2.20 44 44 4 399 5000 8673  6% 9 138879 21374 54%
c -  2.27 45 42 5 431 5531 1161  5% 8 138879 21374 54%
c 
c  seconds  reductions  redundant  irredundant
c         MB    restarts       trail       variables
c          level   conflicts       glue         remaining
c 
c F  2.31 45 41 5 484 6006 1603  5% 9 138879 21374 54%
c -  2.45 45 40 6 643 7589 2394  5% 9 138879 21374 54%
c -  2.64 45 36 7 768 9989 3140  5% 9 138879 21374 54%
c B  2.64 45 36 7 768 10011 3161  5% 9 138879 21374 54%
c -  2.86 45 32 8 876 12731 3906  5% 8 138879 21374 54%
c i  2.99 45 30 8 925 14331 5257  5% 8 138879 21371 54%
c i  2.99 45 30 8 925 14347 5267  5% 8 138879 21355 54%
c i  2.99 45 29 8 925 14362 5272  5% 8 138879 21296 54%
c i  3.00 45 29 8 925 14443 5323  5% 8 138879 21200 54%
c }  3.00 45 29 8 925 14445 5323  5% 8 138879 21181 54%
c 0  3.00 45 29 8 925 14445 5323  5% 8 138879 21181 54%
c 
c --- [ result ] -------------------------------------------------------------
c 
s UNSATISFIABLE
c 
c --- [ run-time profiling ] -------------------------------------------------
c 
c process time taken by individual solving procedures
c (percentage relative to process time for solving)
c 
c         1.52   51.99% search
c         1.51   51.85% unstable
c         1.40   48.01% simplify
c         0.85   29.22% elim
c         0.19    6.58% subsume
c         0.18    6.17% vivify
c         0.08    2.61% ternary
c         0.02    0.82% probe
c         0.00    0.14% lucky
c   =================================
c         2.92   97.33% solve
c 
c last line shows process time for solving
c (percentage relative to total process time)
c 
c --- [ statistics ] ---------------------------------------------------------
c 
c backtracked:               27906       193.19 %  of conflicts
c chronological:              6040        21.64 %  of backtracks
c conflicts:                 14445      4953.70    per second
c decisions:                 73727     25283.61    per second
c eliminated:                16718        42.41 %  of all variables
c fixed:                      1519         3.85 %  of all variables
c learned:                   13494        93.42 %  per conflict
c minimized:                119668        27.93 %  learned literals
c propagations:            5322174         1.83 M  per second
c reduced:                    4743        32.83 %  per conflict
c rephased:                      4      3611.25    interval
c restarts:                    925        15.62    interval
c substituted:                   6         0.02 %  of all variables
c subsumed:                   5398         0.67 %  of all clauses
c strengthened:               2888         0.36 %  of all clauses
c ternary:                   11538         0.83 %  of resolved
c vivified:                   3319         0.41 %  of all clauses
c weakened:                  64301         3.57    average size
c 
c seconds are measured in process time for solving
c 
c --- [ resources ] ----------------------------------------------------------
c 
c total process time since initialization:         3.00    seconds
c total real time since initialization:            3.00    seconds
c maximum resident set size of process:           45.18    MB
c 
c --- [ shutting down ] ------------------------------------------------------
c 
c exit 20
