c --- [ banner ] -------------------------------------------------------------
c 
c CaDiCaL Radically Simplified CDCL SAT Solver
c Copyright (c) 2016-2019 Armin Biere, JKU Linz
c 
c Version 1.0.3 cb89cbfa16f47cb7bf1ec6ad9855e7b6d5203c18
c g++ (GCC) 6.3.0 -Wall -Wextra -O3 -DNDEBUG
c Fri Aug 23 08:17:16 CDT 2019 Linux login1 4.4.103-6.38-default x86_64
c 
c --- [ config ] -------------------------------------------------------------
c 
c using 'unsat' configuration (target unsatisfiable instances)
c 
c --- [ proof tracing ] ------------------------------------------------------
c 
c opening file to write '/tmp/49_271_0_three.drat'
c writing binary proof trace to '/tmp/49_271_0_three.drat'
c 
c --- [ parsing input ] ------------------------------------------------------
c 
c reading DIMACS file from '/tmp/49_271_0_three.cnf'
c opening file to read '/tmp/49_271_0_three.cnf'
c found 'p cnf 39424 200377' header
c parsed 200377 clauses in 0.16 seconds process time
c 
c --- [ options ] ------------------------------------------------------------
c 
c   --stabilize=false              (different from default 'true')
c   --walk=false                   (different from default 'true')
c 
c --- [ solving ] ------------------------------------------------------------
c 
c time measured in process time since initialization
c 
c  seconds  reductions  redundant  irredundant
c         MB    restarts       trail       variables
c          level   conflicts       glue         remaining
c 
c *  0.16 26  0 0   0    0    0  0% 0 182487 38117 97%
c {  0.16 27  0 0   0    0    0  0% 0 182487 38117 97%
c i  0.16 27 41 0   0   44   33  7% 4 182487 38107 97%
c i  0.17 27 39 0   0   46   34  7% 4 182487 38079 97%
c i  0.17 27 40 0   0   66   50  9% 4 182487 38018 96%
c i  0.18 27 21 0   0  143  108  7% 4 182487 37990 96%
c i  0.18 27 18 0   0  180  129  7% 4 182487 37989 96%
c i  0.18 27 17 0   0  190  132  7% 4 182487 37746 96%
c }  0.18 27 16 0   0  195  134  7% 4 182487 37011 94%
c 0  0.18 27 16 0   0  195  134  7% 4 182487 37011 94%
c 
c --- [ result ] -------------------------------------------------------------
c 
s UNSATISFIABLE
c 
c --- [ run-time profiling ] -------------------------------------------------
c 
c process time taken by individual solving procedures
c (percentage relative to process time for solving)
c 
c         0.03  100.00% search
c         0.02   85.71% unstable
c         0.00   14.29% lucky
c         0.00    0.00% simplify
c   =================================
c         0.03   15.22% solve
c 
c last line shows process time for solving
c (percentage relative to total process time)
c 
c --- [ statistics ] ---------------------------------------------------------
c 
c backtracked:                 248       127.18 %  of conflicts
c chronological:                96        38.71 %  of backtracks
c conflicts:                   195      6964.29    per second
c decisions:                   923     32964.29    per second
c fixed:                      2413         6.12 %  of all variables
c learned:                     170        87.18 %  per conflict
c minimized:                   642        28.76 %  learned literals
c propagations:              80737         2.88 M  per second
c subsumed:                     29         0.01 %  of all clauses
c 
c seconds are measured in process time for solving
c 
c --- [ resources ] ----------------------------------------------------------
c 
c total process time since initialization:         0.18    seconds
c total real time since initialization:            0.18    seconds
c maximum resident set size of process:           27.43    MB
c 
c --- [ shutting down ] ------------------------------------------------------
c 
c exit 20
