c --- [ banner ] -------------------------------------------------------------
c 
c CaDiCaL Radically Simplified CDCL SAT Solver
c Copyright (c) 2016-2019 Armin Biere, JKU Linz
c 
c Version 1.0.3 cb89cbfa16f47cb7bf1ec6ad9855e7b6d5203c18
c g++ (GCC) 6.3.0 -Wall -Wextra -O3 -DNDEBUG
c Fri Aug 23 08:17:16 CDT 2019 Linux login1 4.4.103-6.38-default x86_64
c 
c --- [ config ] -------------------------------------------------------------
c 
c using 'unsat' configuration (target unsatisfiable instances)
c 
c --- [ proof tracing ] ------------------------------------------------------
c 
c opening file to write '/tmp/36_401_0_four.drat'
c writing binary proof trace to '/tmp/36_401_0_four.drat'
c 
c --- [ parsing input ] ------------------------------------------------------
c 
c reading DIMACS file from '/tmp/36_401_0_four.cnf'
c opening file to read '/tmp/36_401_0_four.cnf'
c found 'p cnf 43008 265785' header
c parsed 265785 clauses in 0.20 seconds process time
c 
c --- [ options ] ------------------------------------------------------------
c 
c   --stabilize=false              (different from default 'true')
c   --walk=false                   (different from default 'true')
c 
c --- [ solving ] ------------------------------------------------------------
c 
c time measured in process time since initialization
c 
c  seconds  reductions  redundant  irredundant
c         MB    restarts       trail       variables
c          level   conflicts       glue         remaining
c 
c *  0.20 31  0 0   0    0    0  0% 0 241967 41378 96%
c {  0.21 31  0 0   0    0    0  0% 0 241967 41378 96%
c -  0.28 33 51 1   3  300  221  8% 6 229638 41378 96%
c i  0.30 33 60 1   7  365  269  9% 6 229638 41342 96%
c I  0.36 34 50 1  28 1004  717 10% 6 229638 41342 96%
c i  0.36 34 50 1  28 1007  719 10% 6 229638 40698 95%
c }  0.36 34 48 1  28 1036  742 10% 6 229638 40689 95%
c 0  0.36 34 48 1  28 1036  742 10% 6 229638 40689 95%
c 
c --- [ result ] -------------------------------------------------------------
c 
s UNSATISFIABLE
c 
c --- [ run-time profiling ] -------------------------------------------------
c 
c process time taken by individual solving procedures
c (percentage relative to process time for solving)
c 
c         0.16  100.00% search
c         0.16   97.50% unstable
c         0.00    2.50% lucky
c         0.00    0.00% simplify
c   =================================
c         0.16   43.96% solve
c 
c last line shows process time for solving
c (percentage relative to total process time)
c 
c --- [ statistics ] ---------------------------------------------------------
c 
c backtracked:                1232       118.92 %  of conflicts
c chronological:               459        37.26 %  of backtracks
c conflicts:                  1036      6475.00    per second
c decisions:                  4590     28687.50    per second
c fixed:                      2319         5.39 %  of all variables
c learned:                     826        79.73 %  per conflict
c minimized:                  7673        30.83 %  learned literals
c propagations:             354392         2.21 M  per second
c rephased:                      1      1036.00    interval
c restarts:                     28        37.00    interval
c subsumed:                     81         0.02 %  of all clauses
c 
c seconds are measured in process time for solving
c 
c --- [ resources ] ----------------------------------------------------------
c 
c total process time since initialization:         0.36    seconds
c total real time since initialization:            0.36    seconds
c maximum resident set size of process:           34.48    MB
c 
c --- [ shutting down ] ------------------------------------------------------
c 
c exit 20
