c --- [ banner ] -------------------------------------------------------------
c 
c CaDiCaL Radically Simplified CDCL SAT Solver
c Copyright (c) 2016-2019 Armin Biere, JKU Linz
c 
c Version 1.0.3 cb89cbfa16f47cb7bf1ec6ad9855e7b6d5203c18
c g++ (GCC) 6.3.0 -Wall -Wextra -O3 -DNDEBUG
c Fri Aug 23 08:17:16 CDT 2019 Linux login1 4.4.103-6.38-default x86_64
c 
c --- [ config ] -------------------------------------------------------------
c 
c using 'unsat' configuration (target unsatisfiable instances)
c 
c --- [ proof tracing ] ------------------------------------------------------
c 
c opening file to write '/tmp/36_734_0_four.drat'
c writing binary proof trace to '/tmp/36_734_0_four.drat'
c 
c --- [ parsing input ] ------------------------------------------------------
c 
c reading DIMACS file from '/tmp/36_734_0_four.cnf'
c opening file to read '/tmp/36_734_0_four.cnf'
c found 'p cnf 43008 265785' header
c parsed 265785 clauses in 0.12 seconds process time
c 
c --- [ options ] ------------------------------------------------------------
c 
c   --stabilize=false              (different from default 'true')
c   --walk=false                   (different from default 'true')
c 
c --- [ solving ] ------------------------------------------------------------
c 
c time measured in process time since initialization
c 
c  seconds  reductions  redundant  irredundant
c         MB    restarts       trail       variables
c          level   conflicts       glue         remaining
c 
c *  0.12 31  0 0   0    0    0  0% 0 241973 41528 97%
c {  0.12 31  0 0   0    0    0  0% 0 241973 41528 97%
c -  0.16 33 32 1   0  303  212 10% 6 233090 41528 97%
c I  0.24 34 54 1 122 1003  791  9% 9 233090 41528 97%
c -  0.32 42 50 2 122 1125  769  9% 8 233090 41528 97%
c i  0.38 42 46 2 157 1976 1449  9% 8 233090 41500 96%
c -  0.47 42 44 3 198 2355 1345  9% 9 232511 41500 96%
c B  0.54 42 45 3 299 3006 1911  9% 9 232511 41500 96%
c -  0.68 42 42 4 377 3994 2047  9% 9 232511 41500 96%
c i  0.70 42 41 4 383 4222 2238  9% 9 232511 41492 96%
c i  0.72 42 40 4 402 4589 2515  9% 9 232511 41470 96%
c }  0.72 42 40 4 402 4596 2519  9% 9 232511 41344 96%
c 0  0.72 42 40 4 402 4596 2519  9% 9 232511 41344 96%
c 
c --- [ result ] -------------------------------------------------------------
c 
s UNSATISFIABLE
c 
c --- [ run-time profiling ] -------------------------------------------------
c 
c process time taken by individual solving procedures
c (percentage relative to process time for solving)
c 
c         0.61  100.00% search
c         0.61  100.00% unstable
c         0.00    0.00% simplify
c   =================================
c         0.61   83.98% solve
c 
c last line shows process time for solving
c (percentage relative to total process time)
c 
c --- [ statistics ] ---------------------------------------------------------
c 
c backtracked:                5661       123.17 %  of conflicts
c chronological:              1877        33.16 %  of backtracks
c conflicts:                  4596      7559.21    per second
c decisions:                 29944     49250.00    per second
c fixed:                      1664         3.87 %  of all variables
c learned:                    3924        85.38 %  per conflict
c minimized:                 32739        21.35 %  learned literals
c propagations:            2065193         3.40 M  per second
c reduced:                    1232        26.81 %  per conflict
c rephased:                      2      2298.00    interval
c restarts:                    402        11.43    interval
c subsumed:                    168         0.03 %  of all clauses
c 
c seconds are measured in process time for solving
c 
c --- [ resources ] ----------------------------------------------------------
c 
c total process time since initialization:         0.72    seconds
c total real time since initialization:            0.73    seconds
c maximum resident set size of process:           48.51    MB
c 
c --- [ shutting down ] ------------------------------------------------------
c 
c exit 20
