c --- [ banner ] -------------------------------------------------------------
c 
c CaDiCaL Radically Simplified CDCL SAT Solver
c Copyright (c) 2016-2019 Armin Biere, JKU Linz
c 
c Version 1.0.3 cb89cbfa16f47cb7bf1ec6ad9855e7b6d5203c18
c g++ (GCC) 6.3.0 -Wall -Wextra -O3 -DNDEBUG
c Fri Aug 23 08:17:16 CDT 2019 Linux login1 4.4.103-6.38-default x86_64
c 
c --- [ config ] -------------------------------------------------------------
c 
c using 'unsat' configuration (target unsatisfiable instances)
c 
c --- [ proof tracing ] ------------------------------------------------------
c 
c opening file to write '/tmp/36_85_0_four.drat'
c writing binary proof trace to '/tmp/36_85_0_four.drat'
c 
c --- [ parsing input ] ------------------------------------------------------
c 
c reading DIMACS file from '/tmp/36_85_0_four.cnf'
c opening file to read '/tmp/36_85_0_four.cnf'
c found 'p cnf 43008 265785' header
c parsed 265785 clauses in 0.10 seconds process time
c 
c --- [ options ] ------------------------------------------------------------
c 
c   --stabilize=false              (different from default 'true')
c   --walk=false                   (different from default 'true')
c 
c --- [ solving ] ------------------------------------------------------------
c 
c time measured in process time since initialization
c 
c  seconds  reductions  redundant  irredundant
c         MB    restarts       trail       variables
c          level   conflicts       glue         remaining
c 
c *  0.10 31  0 0   0    0    0  0% 0 241973 41537 97%
c {  0.10 31  0 0   0    0    0  0% 0 241973 41537 97%
c -  0.15 33 53 1   8  300  217  9% 9 233091 41537 97%
c I  0.21 34 59 1  36 1004  753 11% 9 233091 41537 97%
c -  0.29 42 55 2  59 1122  725 10% 10 233091 41537 97%
c -  0.45 42 55 3 144 2353 1309 10% 10 233091 41537 97%
c B  0.50 42 50 3 154 3012 1824 10% 10 233091 41537 97%
c -  0.62 42 45 4 175 3994 1895 10% 9 233091 41537 97%
c d  0.80 43 41 4 193 5003 2736 10% 9 229955 39969 93%
c 2  0.94 43 41 4 193 5003 2736 10% 9 227603 39969 93%
c p  1.19 46 41 4 193 5003 7244 10% 9 227603 39830 93%
c s  1.36 40 41 4 205 5087 7309 10% 9 227600 39830 93%
c v  1.64 48 41 4 205 5087 7309 10% 9 224228 39830 93%
c w  1.72 48 41 4 205 5087 7294 10% 9 224228 39830 93%
c t  1.75 48 41 4 205 5087 7286 10% 9 205793 39830 93%
c e  2.24 49 41 4 205 5087 1641 10% 9 185788 23835 55%
c s  2.30 54 41 4 205 5087 1630 10% 9 185788 23835 55%
c F  2.46 55 38 4 269 6017 2383  4% 9 185788 23835 55%
c -  2.49 55 38 5 269 6047 1226  4% 9 185788 23835 55%
c i  2.52 55 36 5 289 6629 1680  4% 9 185788 23800 55%
c 
c  seconds  reductions  redundant  irredundant
c         MB    restarts       trail       variables
c          level   conflicts       glue         remaining
c 
c }  2.52 55 36 5 289 6647 1692  4% 9 185788 23459 55%
c 0  2.52 55 36 5 289 6647 1692  4% 9 185788 23459 55%
c 
c --- [ result ] -------------------------------------------------------------
c 
s UNSATISFIABLE
c 
c --- [ run-time profiling ] -------------------------------------------------
c 
c process time taken by individual solving procedures
c (percentage relative to process time for solving)
c 
c         1.52   62.71% simplify
c         0.90   37.13% search
c         0.90   37.13% unstable
c         0.48   19.64% elim
c         0.32   13.37% vivify
c         0.25   10.23% probe
c         0.18    7.43% subsume
c         0.11    4.46% ternary
c   =================================
c         2.42   96.04% solve
c 
c last line shows process time for solving
c (percentage relative to total process time)
c 
c --- [ statistics ] ---------------------------------------------------------
c 
c backtracked:               33345       501.65 %  of conflicts
c chronological:              2669         8.00 %  of backtracks
c conflicts:                  6647      2742.16    per second
c decisions:                 28347     11694.31    per second
c eliminated:                15995        37.19 %  of all variables
c fixed:                      1986         4.62 %  of all variables
c learned:                    5738        86.32 %  per conflict
c minimized:                 64533        27.00 %  learned literals
c propagations:            3469468         1.43 M  per second
c reduced:                    1438        21.63 %  per conflict
c rephased:                      3      2215.67    interval
c restarts:                    289        23.00    interval
c substituted:                1568         3.65 %  of all variables
c subsumed:                   6302         0.74 %  of all clauses
c strengthened:               2485         0.29 %  of all clauses
c vivified:                   3466         0.41 %  of all clauses
c weakened:                  78079         3.76    average size
c 
c seconds are measured in process time for solving
c 
c --- [ resources ] ----------------------------------------------------------
c 
c total process time since initialization:         2.52    seconds
c total real time since initialization:            2.53    seconds
c maximum resident set size of process:           55.46    MB
c 
c --- [ shutting down ] ------------------------------------------------------
c 
c exit 20
