c --- [ banner ] -------------------------------------------------------------
c 
c CaDiCaL Radically Simplified CDCL SAT Solver
c Copyright (c) 2016-2019 Armin Biere, JKU Linz
c 
c Version 1.0.3 cb89cbfa16f47cb7bf1ec6ad9855e7b6d5203c18
c g++ (GCC) 6.3.0 -Wall -Wextra -O3 -DNDEBUG
c Fri Aug 23 08:17:16 CDT 2019 Linux login1 4.4.103-6.38-default x86_64
c 
c --- [ config ] -------------------------------------------------------------
c 
c using 'unsat' configuration (target unsatisfiable instances)
c 
c --- [ proof tracing ] ------------------------------------------------------
c 
c opening file to write '/tmp/46_163_0_three.drat'
c writing binary proof trace to '/tmp/46_163_0_three.drat'
c 
c --- [ parsing input ] ------------------------------------------------------
c 
c reading DIMACS file from '/tmp/46_163_0_three.cnf'
c opening file to read '/tmp/46_163_0_three.cnf'
c found 'p cnf 39424 200372' header
c parsed 200372 clauses in 0.08 seconds process time
c 
c --- [ options ] ------------------------------------------------------------
c 
c   --stabilize=false              (different from default 'true')
c   --walk=false                   (different from default 'true')
c 
c --- [ solving ] ------------------------------------------------------------
c 
c time measured in process time since initialization
c 
c  seconds  reductions  redundant  irredundant
c         MB    restarts       trail       variables
c          level   conflicts       glue         remaining
c 
c *  0.08 26  0 0   0    0    0  0% 0 183921 38310 97%
c {  0.08 27  0 0   0    0    0  0% 0 183921 38310 97%
c -  0.11 28 50 1   7  312  245  8% 7 178864 38310 97%
c I  0.16 29 51 1  79 1004  843  9% 8 178864 38310 97%
c -  0.20 35 48 2  79 1063  782  9% 8 178864 38310 97%
c -  0.30 35 37 3 140 2190 1378  9% 7 178864 38310 97%
c i  0.34 35 33 3 158 2777 1885  9% 7 178864 38169 97%
c i  0.34 35 33 3 158 2778 1885  9% 7 178864 38016 96%
c i  0.35 35 32 3 158 2826 1921  8% 7 178864 37715 96%
c i  0.35 35 32 3 158 2829 1916  8% 7 178864 37542 95%
c i  0.35 35 32 3 158 2832 1917  8% 7 178864 37384 95%
c i  0.35 35 32 3 158 2833 1917  8% 7 178864 37203 94%
c }  0.35 35 32 3 158 2835 1917  8% 7 178864 36938 94%
c 0  0.35 35 32 3 158 2835 1917  8% 7 178864 36938 94%
c 
c --- [ result ] -------------------------------------------------------------
c 
s UNSATISFIABLE
c 
c --- [ run-time profiling ] -------------------------------------------------
c 
c process time taken by individual solving procedures
c (percentage relative to process time for solving)
c 
c         0.27  100.00% search
c         0.27  100.00% unstable
c         0.00    0.00% simplify
c   =================================
c         0.27   78.16% solve
c 
c last line shows process time for solving
c (percentage relative to total process time)
c 
c --- [ statistics ] ---------------------------------------------------------
c 
c backtracked:                3511       123.84 %  of conflicts
c chronological:              1313        37.40 %  of backtracks
c conflicts:                  2835     10422.79    per second
c decisions:                 13579     49922.79    per second
c fixed:                      2486         6.31 %  of all variables
c learned:                    2594        91.50 %  per conflict
c minimized:                 22667        28.01 %  learned literals
c propagations:            1259992         4.63 M  per second
c reduced:                     523        18.45 %  per conflict
c rephased:                      1      2835.00    interval
c restarts:                    158        17.94    interval
c subsumed:                    147         0.04 %  of all clauses
c 
c seconds are measured in process time for solving
c 
c --- [ resources ] ----------------------------------------------------------
c 
c total process time since initialization:         0.35    seconds
c total real time since initialization:            0.35    seconds
c maximum resident set size of process:           39.70    MB
c 
c --- [ shutting down ] ------------------------------------------------------
c 
c exit 20
