c --- [ banner ] -------------------------------------------------------------
c 
c CaDiCaL Radically Simplified CDCL SAT Solver
c Copyright (c) 2016-2019 Armin Biere, JKU Linz
c 
c Version 1.0.3 cb89cbfa16f47cb7bf1ec6ad9855e7b6d5203c18
c g++ (GCC) 6.3.0 -Wall -Wextra -O3 -DNDEBUG
c Fri Aug 23 08:17:16 CDT 2019 Linux login1 4.4.103-6.38-default x86_64
c 
c --- [ config ] -------------------------------------------------------------
c 
c using 'unsat' configuration (target unsatisfiable instances)
c 
c --- [ proof tracing ] ------------------------------------------------------
c 
c opening file to write '/tmp/46_314_0_three.drat'
c writing binary proof trace to '/tmp/46_314_0_three.drat'
c 
c --- [ parsing input ] ------------------------------------------------------
c 
c reading DIMACS file from '/tmp/46_314_0_three.cnf'
c opening file to read '/tmp/46_314_0_three.cnf'
c found 'p cnf 39424 200372' header
c parsed 200372 clauses in 0.08 seconds process time
c 
c --- [ options ] ------------------------------------------------------------
c 
c   --stabilize=false              (different from default 'true')
c   --walk=false                   (different from default 'true')
c 
c --- [ solving ] ------------------------------------------------------------
c 
c time measured in process time since initialization
c 
c  seconds  reductions  redundant  irredundant
c         MB    restarts       trail       variables
c          level   conflicts       glue         remaining
c 
c *  0.08 26  0 0   0    0    0  0% 0 183922 38310 97%
c {  0.08 27  0 0   0    0    0  0% 0 183922 38310 97%
c -  0.11 28 53 1  18  300  260  8% 7 178864 38310 97%
c I  0.15 29 41 1  72 1002  849  7% 8 178864 38310 97%
c -  0.19 34 42 2  72 1053  758  7% 8 178864 38310 97%
c i  0.21 35 39 2  87 1450 1063  7% 7 178864 38186 97%
c i  0.25 35 36 2 119 2114 1618  8% 7 178864 38152 97%
c -  0.28 34 36 3 119 2181 1052  8% 7 175278 38152 97%
c B  0.34 34 35 3 160 3005 1783  8% 7 175278 38152 97%
c -  0.42 34 34 4 251 3674 1907  9% 8 175278 38152 97%
c i  0.42 34 34 4 251 3677 1909  9% 8 175278 38119 97%
c i  0.42 34 34 4 251 3681 1912  9% 8 175278 37904 96%
c i  0.42 34 34 4 251 3689 1916  9% 8 175278 37855 96%
c i  0.42 34 34 4 251 3789 2005  9% 7 175278 37817 96%
c i  0.47 34 30 4 251 4381 2510  9% 7 175278 37204 94%
c i  0.47 34 30 4 251 4383 2511  9% 7 175278 37101 94%
c }  0.47 34 30 4 251 4385 2511  9% 7 175278 37082 94%
c 0  0.47 34 30 4 251 4385 2511  9% 7 175278 37082 94%
c 
c --- [ result ] -------------------------------------------------------------
c 
s UNSATISFIABLE
c 
c --- [ run-time profiling ] -------------------------------------------------
c 
c process time taken by individual solving procedures
c (percentage relative to process time for solving)
c 
c         0.39  100.00% search
c         0.39  100.00% unstable
c         0.00    0.00% simplify
c   =================================
c         0.39   83.76% solve
c 
c last line shows process time for solving
c (percentage relative to total process time)
c 
c --- [ statistics ] ---------------------------------------------------------
c 
c backtracked:                5489       125.18 %  of conflicts
c chronological:              2051        37.37 %  of backtracks
c conflicts:                  4385     11186.22    per second
c decisions:                 20900     53316.33    per second
c fixed:                      2342         5.94 %  of all variables
c learned:                    3982        90.81 %  per conflict
c minimized:                 37888        30.07 %  learned literals
c propagations:            1804321         4.60 M  per second
c reduced:                     929        21.19 %  per conflict
c rephased:                      2      2192.50    interval
c restarts:                    251        17.47    interval
c subsumed:                    232         0.06 %  of all clauses
c 
c seconds are measured in process time for solving
c 
c --- [ resources ] ----------------------------------------------------------
c 
c total process time since initialization:         0.47    seconds
c total real time since initialization:            0.47    seconds
c maximum resident set size of process:           39.26    MB
c 
c --- [ shutting down ] ------------------------------------------------------
c 
c exit 20
