c --- [ banner ] -------------------------------------------------------------
c 
c CaDiCaL Radically Simplified CDCL SAT Solver
c Copyright (c) 2016-2019 Armin Biere, JKU Linz
c 
c Version 1.0.3 cb89cbfa16f47cb7bf1ec6ad9855e7b6d5203c18
c g++ (GCC) 6.3.0 -Wall -Wextra -O3 -DNDEBUG
c Fri Aug 23 08:17:16 CDT 2019 Linux login1 4.4.103-6.38-default x86_64
c 
c --- [ config ] -------------------------------------------------------------
c 
c using 'unsat' configuration (target unsatisfiable instances)
c 
c --- [ proof tracing ] ------------------------------------------------------
c 
c opening file to write '/tmp/46_506_0_three.drat'
c writing binary proof trace to '/tmp/46_506_0_three.drat'
c 
c --- [ parsing input ] ------------------------------------------------------
c 
c reading DIMACS file from '/tmp/46_506_0_three.cnf'
c opening file to read '/tmp/46_506_0_three.cnf'
c found 'p cnf 39424 200372' header
c parsed 200372 clauses in 0.16 seconds process time
c 
c --- [ options ] ------------------------------------------------------------
c 
c   --stabilize=false              (different from default 'true')
c   --walk=false                   (different from default 'true')
c 
c --- [ solving ] ------------------------------------------------------------
c 
c time measured in process time since initialization
c 
c  seconds  reductions  redundant  irredundant
c         MB    restarts       trail       variables
c          level   conflicts       glue         remaining
c 
c *  0.17 26  0 0   0    0    0  0% 0 183921 38254 97%
c {  0.17 27  0 0   0    0    0  0% 0 183921 38254 97%
c -  0.23 28 50 1  16  301  251  8% 8 177576 38254 97%
c I  0.31 29 45 1  74 1002  878  9% 8 177576 38254 97%
c -  0.38 35 43 2  75 1052  798  9% 8 177576 38254 97%
c -  0.52 35 34 3 128 2176 1367  8% 7 177576 38254 97%
c i  0.60 35 32 3 183 2955 2053  8% 7 177576 38082 97%
c i  0.60 35 32 3 183 2956 2053  8% 7 177576 37811 96%
c }  0.60 35 31 3 183 2998 2085  8% 7 177576 37642 95%
c 0  0.60 35 31 3 183 2998 2085  8% 7 177576 37642 95%
c 
c --- [ result ] -------------------------------------------------------------
c 
s UNSATISFIABLE
c 
c --- [ run-time profiling ] -------------------------------------------------
c 
c process time taken by individual solving procedures
c (percentage relative to process time for solving)
c 
c         0.44  100.00% search
c         0.43   99.08% unstable
c         0.00    0.92% lucky
c         0.00    0.00% simplify
c   =================================
c         0.44   72.19% solve
c 
c last line shows process time for solving
c (percentage relative to total process time)
c 
c --- [ statistics ] ---------------------------------------------------------
c 
c backtracked:                3719       124.05 %  of conflicts
c chronological:              1363        36.65 %  of backtracks
c conflicts:                  2998      6876.15    per second
c decisions:                 14644     33587.16    per second
c fixed:                      1782         4.52 %  of all variables
c learned:                    2755        91.89 %  per conflict
c minimized:                 25395        28.70 %  learned literals
c propagations:            1252126         2.87 M  per second
c reduced:                     557        18.58 %  per conflict
c rephased:                      1      2998.00    interval
c restarts:                    183        16.38    interval
c subsumed:                    110         0.03 %  of all clauses
c 
c seconds are measured in process time for solving
c 
c --- [ resources ] ----------------------------------------------------------
c 
c total process time since initialization:         0.60    seconds
c total real time since initialization:            0.61    seconds
c maximum resident set size of process:           39.58    MB
c 
c --- [ shutting down ] ------------------------------------------------------
c 
c exit 20
