c --- [ banner ] -------------------------------------------------------------
c 
c CaDiCaL Radically Simplified CDCL SAT Solver
c Copyright (c) 2016-2019 Armin Biere, JKU Linz
c 
c Version 1.0.3 cb89cbfa16f47cb7bf1ec6ad9855e7b6d5203c18
c g++ (GCC) 6.3.0 -Wall -Wextra -O3 -DNDEBUG
c Fri Aug 23 08:17:16 CDT 2019 Linux login1 4.4.103-6.38-default x86_64
c 
c --- [ config ] -------------------------------------------------------------
c 
c using 'unsat' configuration (target unsatisfiable instances)
c 
c --- [ proof tracing ] ------------------------------------------------------
c 
c opening file to write '/tmp/46_749_0_three.drat'
c writing binary proof trace to '/tmp/46_749_0_three.drat'
c 
c --- [ parsing input ] ------------------------------------------------------
c 
c reading DIMACS file from '/tmp/46_749_0_three.cnf'
c opening file to read '/tmp/46_749_0_three.cnf'
c found 'p cnf 39424 200372' header
c parsed 200372 clauses in 0.08 seconds process time
c 
c --- [ options ] ------------------------------------------------------------
c 
c   --stabilize=false              (different from default 'true')
c   --walk=false                   (different from default 'true')
c 
c --- [ solving ] ------------------------------------------------------------
c 
c time measured in process time since initialization
c 
c  seconds  reductions  redundant  irredundant
c         MB    restarts       trail       variables
c          level   conflicts       glue         remaining
c 
c *  0.08 26  0 0   0    0    0  0% 0 183923 38282 97%
c {  0.08 27  0 0   0    0    0  0% 0 183923 38282 97%
c -  0.12 28 59 1  12  300  261  8% 8 178004 38282 97%
c i  0.13 29 48 1  26  442  371  7% 8 178004 38214 97%
c i  0.14 29 48 1  36  694  599  8% 8 178004 38198 97%
c i  0.17 29 53 1  61  983  838  9% 8 178004 38170 97%
c I  0.17 29 53 1  61 1003  858  9% 8 178004 38170 97%
c -  0.23 35 54 2  61 1050  761  9% 7 175700 38170 97%
c i  0.24 35 54 2  69 1259  938  9% 8 175700 37451 95%
c i  0.24 35 53 2  69 1275  939  9% 8 175700 37449 95%
c i  0.24 35 53 2  69 1300  955  9% 7 175700 37171 94%
c }  0.24 35 53 2  69 1302  955  9% 7 175700 37053 94%
c 0  0.24 35 53 2  69 1302  955  9% 7 175700 37053 94%
c 
c --- [ result ] -------------------------------------------------------------
c 
s UNSATISFIABLE
c 
c --- [ run-time profiling ] -------------------------------------------------
c 
c process time taken by individual solving procedures
c (percentage relative to process time for solving)
c 
c         0.16  100.00% search
c         0.16  100.00% unstable
c         0.00    0.00% simplify
c   =================================
c         0.16   67.21% solve
c 
c last line shows process time for solving
c (percentage relative to total process time)
c 
c --- [ statistics ] ---------------------------------------------------------
c 
c backtracked:                1619       124.35 %  of conflicts
c chronological:               619        38.23 %  of backtracks
c conflicts:                  1302      7939.02    per second
c decisions:                  7548     46024.39    per second
c fixed:                      2371         6.01 %  of all variables
c learned:                    1147        88.10 %  per conflict
c minimized:                  7624        21.91 %  learned literals
c propagations:             436184         2.66 M  per second
c reduced:                     122         9.37 %  per conflict
c rephased:                      1      1302.00    interval
c restarts:                     69        18.87    interval
c subsumed:                     42         0.01 %  of all clauses
c 
c seconds are measured in process time for solving
c 
c --- [ resources ] ----------------------------------------------------------
c 
c total process time since initialization:         0.24    seconds
c total real time since initialization:            0.25    seconds
c maximum resident set size of process:           34.83    MB
c 
c --- [ shutting down ] ------------------------------------------------------
c 
c exit 20
