c --- [ banner ] -------------------------------------------------------------
c 
c CaDiCaL Radically Simplified CDCL SAT Solver
c Copyright (c) 2016-2019 Armin Biere, JKU Linz
c 
c Version 1.0.3 cb89cbfa16f47cb7bf1ec6ad9855e7b6d5203c18
c g++ (GCC) 6.3.0 -Wall -Wextra -O3 -DNDEBUG
c Fri Aug 23 08:17:16 CDT 2019 Linux login1 4.4.103-6.38-default x86_64
c 
c --- [ config ] -------------------------------------------------------------
c 
c using 'unsat' configuration (target unsatisfiable instances)
c 
c --- [ proof tracing ] ------------------------------------------------------
c 
c opening file to write '/tmp/46_838_0_three.drat'
c writing binary proof trace to '/tmp/46_838_0_three.drat'
c 
c --- [ parsing input ] ------------------------------------------------------
c 
c reading DIMACS file from '/tmp/46_838_0_three.cnf'
c opening file to read '/tmp/46_838_0_three.cnf'
c found 'p cnf 39424 200372' header
c parsed 200372 clauses in 0.08 seconds process time
c 
c --- [ options ] ------------------------------------------------------------
c 
c   --stabilize=false              (different from default 'true')
c   --walk=false                   (different from default 'true')
c 
c --- [ solving ] ------------------------------------------------------------
c 
c time measured in process time since initialization
c 
c  seconds  reductions  redundant  irredundant
c         MB    restarts       trail       variables
c          level   conflicts       glue         remaining
c 
c *  0.08 26  0 0   0    0    0  0% 0 183923 38242 97%
c {  0.08 27  0 0   0    0    0  0% 0 183923 38242 97%
c i  0.10 28 34 0   4  263  223  8% 5 183923 38228 97%
c i  0.10 28 32 0   4  277  233  8% 5 183923 38212 97%
c -  0.11 28 36 1   5  300  230  8% 5 176290 38212 97%
c i  0.12 29 34 1  14  340  264  8% 5 176290 38144 97%
c i  0.12 29 34 1  25  409  317  7% 6 176290 38113 97%
c i  0.16 29 32 1 111  973  805  8% 8 176290 37456 95%
c i  0.16 29 32 1 111  980  810  8% 8 176290 37455 95%
c i  0.16 29 32 1 111  981  810  8% 8 176290 37297 95%
c i  0.16 29 32 1 111  989  814  8% 8 176290 37265 95%
c i  0.16 29 32 1 111 1000  819  8% 8 176290 37231 94%
c I  0.16 29 32 1 111 1003  821  8% 8 176290 37231 94%
c i  0.16 29 32 1 111 1003  821  8% 8 176290 37230 94%
c i  0.16 29 32 1 111 1006  822  8% 8 176290 37193 94%
c }  0.16 29 32 1 111 1008  822  8% 8 176290 37096 94%
c 0  0.16 29 32 1 111 1008  822  8% 8 176290 37096 94%
c 
c --- [ result ] -------------------------------------------------------------
c 
s UNSATISFIABLE
c 
c --- [ run-time profiling ] -------------------------------------------------
c 
c process time taken by individual solving procedures
c (percentage relative to process time for solving)
c 
c         0.08  100.00% search
c         0.08  100.00% unstable
c         0.00    0.00% simplify
c   =================================
c         0.08   51.28% solve
c 
c last line shows process time for solving
c (percentage relative to total process time)
c 
c --- [ statistics ] ---------------------------------------------------------
c 
c backtracked:                1288       127.78 %  of conflicts
c chronological:               460        35.71 %  of backtracks
c conflicts:                  1008     12600.00    per second
c decisions:                  5966     74575.00    per second
c fixed:                      2328         5.91 %  of all variables
c learned:                     894        88.69 %  per conflict
c minimized:                  6107        23.79 %  learned literals
c propagations:             400793         5.01 M  per second
c rephased:                      1      1008.00    interval
c restarts:                    111         9.08    interval
c subsumed:                     31         0.01 %  of all clauses
c 
c seconds are measured in process time for solving
c 
c --- [ resources ] ----------------------------------------------------------
c 
c total process time since initialization:         0.16    seconds
c total real time since initialization:            0.16    seconds
c maximum resident set size of process:           29.19    MB
c 
c --- [ shutting down ] ------------------------------------------------------
c 
c exit 20
