c --- [ banner ] -------------------------------------------------------------
c 
c CaDiCaL Radically Simplified CDCL SAT Solver
c Copyright (c) 2016-2019 Armin Biere, JKU Linz
c 
c Version 1.0.3 cb89cbfa16f47cb7bf1ec6ad9855e7b6d5203c18
c g++ (GCC) 6.3.0 -Wall -Wextra -O3 -DNDEBUG
c Fri Aug 23 08:17:16 CDT 2019 Linux login1 4.4.103-6.38-default x86_64
c 
c --- [ config ] -------------------------------------------------------------
c 
c using 'unsat' configuration (target unsatisfiable instances)
c 
c --- [ proof tracing ] ------------------------------------------------------
c 
c opening file to write '/tmp/46_812_0_three.drat'
c writing binary proof trace to '/tmp/46_812_0_three.drat'
c 
c --- [ parsing input ] ------------------------------------------------------
c 
c reading DIMACS file from '/tmp/46_812_0_three.cnf'
c opening file to read '/tmp/46_812_0_three.cnf'
c found 'p cnf 39424 200372' header
c parsed 200372 clauses in 0.08 seconds process time
c 
c --- [ options ] ------------------------------------------------------------
c 
c   --stabilize=false              (different from default 'true')
c   --walk=false                   (different from default 'true')
c 
c --- [ solving ] ------------------------------------------------------------
c 
c time measured in process time since initialization
c 
c  seconds  reductions  redundant  irredundant
c         MB    restarts       trail       variables
c          level   conflicts       glue         remaining
c 
c *  0.08 26  0 0   0    0    0  0% 0 183924 38264 97%
c {  0.08 27  0 0   0    0    0  0% 0 183924 38264 97%
c -  0.12 28 45 1  24  300  240  8% 7 177576 38264 97%
c I  0.17 29 40 1  64 1004  806  7% 8 177576 38264 97%
c -  0.22 35 38 2  64 1051  751  7% 7 177576 38264 97%
c i  0.28 35 32 2  99 2073 1589  7% 7 177576 38263 97%
c -  0.33 35 34 3 115 2178 1318  7% 7 177573 38263 97%
c i  0.34 35 33 3 116 2285 1398  7% 7 177573 38170 97%
c i  0.34 35 31 3 116 2360 1455  7% 7 177573 38147 97%
c i  0.34 35 31 3 116 2379 1471  7% 7 177573 38067 97%
c }  0.34 35 31 3 116 2381 1471  7% 7 177573 37896 96%
c 0  0.34 35 31 3 116 2381 1471  7% 7 177573 37896 96%
c 
c --- [ result ] -------------------------------------------------------------
c 
s UNSATISFIABLE
c 
c --- [ run-time profiling ] -------------------------------------------------
c 
c process time taken by individual solving procedures
c (percentage relative to process time for solving)
c 
c         0.26  100.00% search
c         0.26   98.48% unstable
c         0.00    1.52% lucky
c         0.00    0.00% simplify
c   =================================
c         0.26   76.74% solve
c 
c last line shows process time for solving
c (percentage relative to total process time)
c 
c --- [ statistics ] ---------------------------------------------------------
c 
c backtracked:                2917       122.51 %  of conflicts
c chronological:              1017        34.86 %  of backtracks
c conflicts:                  2381      9018.94    per second
c decisions:                 11313     42852.27    per second
c fixed:                      1528         3.88 %  of all variables
c learned:                    2081        87.40 %  per conflict
c minimized:                 17786        27.66 %  learned literals
c propagations:             701782         2.66 M  per second
c reduced:                     467        19.61 %  per conflict
c rephased:                      1      2381.00    interval
c restarts:                    116        20.53    interval
c subsumed:                    137         0.04 %  of all clauses
c 
c seconds are measured in process time for solving
c 
c --- [ resources ] ----------------------------------------------------------
c 
c total process time since initialization:         0.34    seconds
c total real time since initialization:            0.35    seconds
c maximum resident set size of process:           39.60    MB
c 
c --- [ shutting down ] ------------------------------------------------------
c 
c exit 20
