c --- [ banner ] -------------------------------------------------------------
c 
c CaDiCaL Radically Simplified CDCL SAT Solver
c Copyright (c) 2016-2019 Armin Biere, JKU Linz
c 
c Version 1.0.3 cb89cbfa16f47cb7bf1ec6ad9855e7b6d5203c18
c g++ (GCC) 6.3.0 -Wall -Wextra -O3 -DNDEBUG
c Fri Aug 23 08:17:16 CDT 2019 Linux login1 4.4.103-6.38-default x86_64
c 
c --- [ config ] -------------------------------------------------------------
c 
c using 'unsat' configuration (target unsatisfiable instances)
c 
c --- [ proof tracing ] ------------------------------------------------------
c 
c opening file to write '/tmp/55_108_0_four.drat'
c writing binary proof trace to '/tmp/55_108_0_four.drat'
c 
c --- [ parsing input ] ------------------------------------------------------
c 
c reading DIMACS file from '/tmp/55_108_0_four.cnf'
c opening file to read '/tmp/55_108_0_four.cnf'
c found 'p cnf 43008 265780' header
c parsed 265780 clauses in 0.21 seconds process time
c 
c --- [ options ] ------------------------------------------------------------
c 
c   --stabilize=false              (different from default 'true')
c   --walk=false                   (different from default 'true')
c 
c --- [ solving ] ------------------------------------------------------------
c 
c time measured in process time since initialization
c 
c  seconds  reductions  redundant  irredundant
c         MB    restarts       trail       variables
c          level   conflicts       glue         remaining
c 
c *  0.21 31  0 0   0    0    0  0% 0 243375 41600 97%
c {  0.22 32  0 0   0    0    0  0% 0 243375 41600 97%
c -  0.27 33 91 1  27  312  230 11% 10 234236 41600 97%
c I  0.36 35 81 1  47 1002  764 13% 10 234236 41600 97%
c -  0.44 43 81 2  61 1135  739 13% 10 234236 41600 97%
c }  0.51 43 65 2 113 2106 1521 11% 10 234236 41555 97%
c 0  0.51 43 65 2 113 2106 1521 11% 10 234236 41555 97%
c 
c --- [ result ] -------------------------------------------------------------
c 
s UNSATISFIABLE
c 
c --- [ run-time profiling ] -------------------------------------------------
c 
c process time taken by individual solving procedures
c (percentage relative to process time for solving)
c 
c         0.30   98.67% search
c         0.29   97.33% unstable
c         0.00    1.33% lucky
c         0.00    0.00% simplify
c   =================================
c         0.30   59.06% solve
c 
c last line shows process time for solving
c (percentage relative to total process time)
c 
c --- [ statistics ] ---------------------------------------------------------
c 
c backtracked:                2528       120.04 %  of conflicts
c chronological:               898        35.52 %  of backtracks
c conflicts:                  2106      7020.00    per second
c decisions:                 13782     45940.00    per second
c fixed:                      1453         3.38 %  of all variables
c learned:                    1773        84.19 %  per conflict
c minimized:                 14717        21.25 %  learned literals
c propagations:             967884         3.23 M  per second
c reduced:                     145         6.89 %  per conflict
c rephased:                      1      2106.00    interval
c restarts:                    113        18.64    interval
c subsumed:                    106         0.02 %  of all clauses
c 
c seconds are measured in process time for solving
c 
c --- [ resources ] ----------------------------------------------------------
c 
c total process time since initialization:         0.51    seconds
c total real time since initialization:            0.51    seconds
c maximum resident set size of process:           43.14    MB
c 
c --- [ shutting down ] ------------------------------------------------------
c 
c exit 20
