c --- [ banner ] -------------------------------------------------------------
c 
c CaDiCaL Radically Simplified CDCL SAT Solver
c Copyright (c) 2016-2019 Armin Biere, JKU Linz
c 
c Version 1.0.3 cb89cbfa16f47cb7bf1ec6ad9855e7b6d5203c18
c g++ (GCC) 6.3.0 -Wall -Wextra -O3 -DNDEBUG
c Fri Aug 23 08:17:16 CDT 2019 Linux login1 4.4.103-6.38-default x86_64
c 
c --- [ config ] -------------------------------------------------------------
c 
c using 'unsat' configuration (target unsatisfiable instances)
c 
c --- [ proof tracing ] ------------------------------------------------------
c 
c opening file to write '/tmp/55_232_0_four.drat'
c writing binary proof trace to '/tmp/55_232_0_four.drat'
c 
c --- [ parsing input ] ------------------------------------------------------
c 
c reading DIMACS file from '/tmp/55_232_0_four.cnf'
c opening file to read '/tmp/55_232_0_four.cnf'
c found 'p cnf 43008 265780' header
c parsed 265780 clauses in 0.10 seconds process time
c 
c --- [ options ] ------------------------------------------------------------
c 
c   --stabilize=false              (different from default 'true')
c   --walk=false                   (different from default 'true')
c 
c --- [ solving ] ------------------------------------------------------------
c 
c time measured in process time since initialization
c 
c  seconds  reductions  redundant  irredundant
c         MB    restarts       trail       variables
c          level   conflicts       glue         remaining
c 
c *  0.11 31  0 0   0    0    0  0% 0 243364 41410 96%
c {  0.11 32  0 0   0    0    0  0% 0 243364 41410 96%
c i  0.11 32 35 0   0   14   13  4% 3 243364 41409 96%
c -  0.16 33 71 1   5  301  202 14% 7 230784 41409 96%
c i  0.22 34 63 1  87  849  614 10% 10 230784 41359 96%
c i  0.22 34 63 1  87  850  614 10% 10 230784 41177 96%
c i  0.22 34 63 1  87  853  615 10% 10 230784 41081 96%
c i  0.22 34 63 1  87  854  615 10% 10 230784 40958 95%
c i  0.23 34 64 1  87  875  630 10% 10 230784 40825 95%
c i  0.23 34 65 1  89  928  659 11% 10 230784 40639 94%
c i  0.23 34 64 1  91  948  671 11% 10 230784 40619 94%
c i  0.23 34 63 1  94  963  678 11% 10 230784 40591 94%
c i  0.23 34 62 1  94  971  684 11% 10 230784 40397 94%
c }  0.23 34 62 1  94  974  685 11% 10 230784 40249 94%
c 0  0.23 34 62 1  94  974  685 11% 10 230784 40249 94%
c 
c --- [ result ] -------------------------------------------------------------
c 
s UNSATISFIABLE
c 
c --- [ run-time profiling ] -------------------------------------------------
c 
c process time taken by individual solving procedures
c (percentage relative to process time for solving)
c 
c         0.12   96.87% search
c         0.12   96.87% unstable
c         0.00    0.00% simplify
c   =================================
c         0.13   55.17% solve
c 
c last line shows process time for solving
c (percentage relative to total process time)
c 
c --- [ statistics ] ---------------------------------------------------------
c 
c backtracked:                1203       123.51 %  of conflicts
c chronological:               404        33.58 %  of backtracks
c conflicts:                   974      7609.38    per second
c decisions:                  8250     64453.12    per second
c fixed:                      2759         6.42 %  of all variables
c learned:                     727        74.64 %  per conflict
c minimized:                  4411        18.95 %  learned literals
c propagations:             451760         3.53 M  per second
c restarts:                     94        10.36    interval
c subsumed:                     29         0.01 %  of all clauses
c 
c seconds are measured in process time for solving
c 
c --- [ resources ] ----------------------------------------------------------
c 
c total process time since initialization:         0.23    seconds
c total real time since initialization:            0.23    seconds
c maximum resident set size of process:           35.09    MB
c 
c --- [ shutting down ] ------------------------------------------------------
c 
c exit 20
