c --- [ banner ] -------------------------------------------------------------
c 
c CaDiCaL Radically Simplified CDCL SAT Solver
c Copyright (c) 2016-2019 Armin Biere, JKU Linz
c 
c Version 1.0.3 cb89cbfa16f47cb7bf1ec6ad9855e7b6d5203c18
c g++ (GCC) 6.3.0 -Wall -Wextra -O3 -DNDEBUG
c Fri Aug 23 08:17:16 CDT 2019 Linux login1 4.4.103-6.38-default x86_64
c 
c --- [ config ] -------------------------------------------------------------
c 
c using 'unsat' configuration (target unsatisfiable instances)
c 
c --- [ proof tracing ] ------------------------------------------------------
c 
c opening file to write '/tmp/29_1046_0_six.drat'
c writing binary proof trace to '/tmp/29_1046_0_six.drat'
c 
c --- [ parsing input ] ------------------------------------------------------
c 
c reading DIMACS file from '/tmp/29_1046_0_six.cnf'
c opening file to read '/tmp/29_1046_0_six.cnf'
c found 'p cnf 50176 399294' header
c parsed 399294 clauses in 0.19 seconds process time
c 
c --- [ options ] ------------------------------------------------------------
c 
c   --stabilize=false              (different from default 'true')
c   --walk=false                   (different from default 'true')
c 
c --- [ solving ] ------------------------------------------------------------
c 
c time measured in process time since initialization
c 
c  seconds  reductions  redundant  irredundant
c         MB    restarts       trail       variables
c          level   conflicts       glue         remaining
c 
c *  0.19 44  0 0   0    0    0  0% 0 361759 48125 96%
c {  0.20 45  0 0   0    0    0  0% 0 361759 48125 96%
c -  0.28 46 51 1  10  314  216  8% 8 349033 48125 96%
c i  0.30 47 40 1  10  523  355  8% 7 349033 48097 96%
c }  0.30 47 37 1  10  560  383  8% 7 349033 47959 96%
c 0  0.30 47 37 1  10  560  383  8% 7 349033 47959 96%
c 
c --- [ result ] -------------------------------------------------------------
c 
s UNSATISFIABLE
c 
c --- [ run-time profiling ] -------------------------------------------------
c 
c process time taken by individual solving procedures
c (percentage relative to process time for solving)
c 
c         0.11  100.00% search
c         0.11   96.43% unstable
c         0.00    3.57% lucky
c         0.00    0.00% simplify
c   =================================
c         0.11   36.84% solve
c 
c last line shows process time for solving
c (percentage relative to total process time)
c 
c --- [ statistics ] ---------------------------------------------------------
c 
c backtracked:                 646       115.36 %  of conflicts
c chronological:               237        36.69 %  of backtracks
c conflicts:                   560      5000.00    per second
c decisions:                  2687     23991.07    per second
c fixed:                      2217         4.42 %  of all variables
c learned:                     424        75.71 %  per conflict
c minimized:                  3235        23.24 %  learned literals
c propagations:             187387         1.67 M  per second
c restarts:                     10        56.00    interval
c subsumed:                     39         0.01 %  of all clauses
c 
c seconds are measured in process time for solving
c 
c --- [ resources ] ----------------------------------------------------------
c 
c total process time since initialization:         0.30    seconds
c total real time since initialization:            0.31    seconds
c maximum resident set size of process:           48.81    MB
c 
c --- [ shutting down ] ------------------------------------------------------
c 
c exit 20
