c --- [ banner ] -------------------------------------------------------------
c 
c CaDiCaL Radically Simplified CDCL SAT Solver
c Copyright (c) 2016-2019 Armin Biere, JKU Linz
c 
c Version 1.0.3 cb89cbfa16f47cb7bf1ec6ad9855e7b6d5203c18
c g++ (GCC) 6.3.0 -Wall -Wextra -O3 -DNDEBUG
c Fri Aug 23 08:17:16 CDT 2019 Linux login1 4.4.103-6.38-default x86_64
c 
c --- [ config ] -------------------------------------------------------------
c 
c using 'unsat' configuration (target unsatisfiable instances)
c 
c --- [ proof tracing ] ------------------------------------------------------
c 
c opening file to write '/tmp/49_333_0_four.drat'
c writing binary proof trace to '/tmp/49_333_0_four.drat'
c 
c --- [ parsing input ] ------------------------------------------------------
c 
c reading DIMACS file from '/tmp/49_333_0_four.cnf'
c opening file to read '/tmp/49_333_0_four.cnf'
c found 'p cnf 43008 265785' header
c parsed 265785 clauses in 0.10 seconds process time
c 
c --- [ options ] ------------------------------------------------------------
c 
c   --stabilize=false              (different from default 'true')
c   --walk=false                   (different from default 'true')
c 
c --- [ solving ] ------------------------------------------------------------
c 
c time measured in process time since initialization
c 
c  seconds  reductions  redundant  irredundant
c         MB    restarts       trail       variables
c          level   conflicts       glue         remaining
c 
c *  0.10 31  0 0   0    0    0  0% 0 242130 41373 96%
c {  0.10 31  0 0   0    0    0  0% 0 242130 41373 96%
c -  0.14 32 38 1   9  309  218  8% 6 230217 41373 96%
c I  0.18 33 42 1  79 1005  698  7% 8 230217 41373 96%
c -  0.25 41 41 2 108 1127  725  7% 9 230217 41373 96%
c i  0.27 41 47 2 133 1366  894  8% 9 230217 41154 96%
c i  0.27 41 47 2 133 1367  894  8% 9 230217 41132 96%
c i  0.28 41 45 2 138 1555 1040  8% 9 230217 41104 96%
c i  0.29 41 47 2 147 1676 1140  8% 9 230217 41103 96%
c i  0.29 41 47 2 147 1677 1140  8% 9 230217 41095 96%
c -  0.38 41 46 3 191 2356 1297  9% 9 223717 41051 95%
c i  0.41 41 42 3 199 2846 1692  9% 8 223717 40977 95%
c i  0.42 41 41 3 199 2951 1767  9% 8 223717 40949 95%
c B  0.42 41 41 3 199 3007 1801  9% 8 223717 40949 95%
c }  0.43 41 40 3 199 3127 1897  9% 8 223717 40399 94%
c 0  0.43 41 40 3 199 3127 1897  9% 8 223717 40399 94%
c 
c --- [ result ] -------------------------------------------------------------
c 
s UNSATISFIABLE
c 
c --- [ run-time profiling ] -------------------------------------------------
c 
c process time taken by individual solving procedures
c (percentage relative to process time for solving)
c 
c         0.32  100.00% search
c         0.32  100.00% unstable
c         0.00    0.00% simplify
c   =================================
c         0.32   75.70% solve
c 
c last line shows process time for solving
c (percentage relative to total process time)
c 
c --- [ statistics ] ---------------------------------------------------------
c 
c backtracked:                3793       121.30 %  of conflicts
c chronological:              1293        34.09 %  of backtracks
c conflicts:                  3127      9651.23    per second
c decisions:                 16024     49456.79    per second
c fixed:                      2609         6.07 %  of all variables
c learned:                    2599        83.11 %  per conflict
c minimized:                 22953        24.99 %  learned literals
c propagations:            1025083         3.16 M  per second
c reduced:                     467        14.93 %  per conflict
c rephased:                      2      1563.50    interval
c restarts:                    199        15.71    interval
c subsumed:                    188         0.04 %  of all clauses
c 
c seconds are measured in process time for solving
c 
c --- [ resources ] ----------------------------------------------------------
c 
c total process time since initialization:         0.43    seconds
c total real time since initialization:            0.43    seconds
c maximum resident set size of process:           47.00    MB
c 
c --- [ shutting down ] ------------------------------------------------------
c 
c exit 20
