c --- [ banner ] -------------------------------------------------------------
c 
c CaDiCaL Radically Simplified CDCL SAT Solver
c Copyright (c) 2016-2019 Armin Biere, JKU Linz
c 
c Version 1.0.3 cb89cbfa16f47cb7bf1ec6ad9855e7b6d5203c18
c g++ (GCC) 6.3.0 -Wall -Wextra -O3 -DNDEBUG
c Fri Aug 23 08:17:16 CDT 2019 Linux login1 4.4.103-6.38-default x86_64
c 
c --- [ config ] -------------------------------------------------------------
c 
c using 'unsat' configuration (target unsatisfiable instances)
c 
c --- [ proof tracing ] ------------------------------------------------------
c 
c opening file to write '/tmp/49_321_0_four.drat'
c writing binary proof trace to '/tmp/49_321_0_four.drat'
c 
c --- [ parsing input ] ------------------------------------------------------
c 
c reading DIMACS file from '/tmp/49_321_0_four.cnf'
c opening file to read '/tmp/49_321_0_four.cnf'
c found 'p cnf 43008 265785' header
c parsed 265785 clauses in 0.11 seconds process time
c 
c --- [ options ] ------------------------------------------------------------
c 
c   --stabilize=false              (different from default 'true')
c   --walk=false                   (different from default 'true')
c 
c --- [ solving ] ------------------------------------------------------------
c 
c time measured in process time since initialization
c 
c  seconds  reductions  redundant  irredundant
c         MB    restarts       trail       variables
c          level   conflicts       glue         remaining
c 
c *  0.11 31  0 0   0    0    0  0% 0 242133 41496 96%
c {  0.12 31  0 0   0    0    0  0% 0 242133 41496 96%
c -  0.16 33 57 1  23  300  225  8% 9 232516 41496 96%
c I  0.22 34 57 1  60 1002  733  9% 8 232516 41496 96%
c -  0.29 42 53 2  60 1119  693  9% 8 232516 41496 96%
c -  0.43 42 46 3 153 2353 1361  9% 8 232516 41496 96%
c B  0.48 42 46 3 215 3003 1949  9% 8 232516 41496 96%
c -  0.66 43 51 4 338 3993 2113 10% 9 232516 41496 96%
c d  0.86 43 46 4 403 5001 2945 10% 9 229384 39931 93%
c 2  1.00 44 46 4 403 5001 2945 10% 9 227031 39900 93%
c p  1.34 46 46 4 403 5001 8136 10% 9 227031 39866 93%
c s  1.51 40 46 4 404 5091 8190 10% 9 227015 39866 93%
c v  1.81 48 46 4 404 5091 8190 10% 9 223222 39866 93%
c w  1.89 49 46 4 404 5091 8157 10% 9 223222 39453 92%
c t  1.92 49 46 4 404 5091 8153 10% 9 205015 39453 92%
c e  2.40 47 46 4 404 5091 1211 10% 9 177615 23144 54%
c s  2.47 52 46 4 404 5091 1209 10% 9 177615 23144 54%
c F  2.62 52 40 4 407 6007 1933  4% 8 177615 23144 54%
c -  2.65 53 40 5 407 6044  937  4% 8 177615 23144 54%
c i  2.66 53 39 5 407 6238 1084  4% 8 177615 23138 54%
c 
c  seconds  reductions  redundant  irredundant
c         MB    restarts       trail       variables
c          level   conflicts       glue         remaining
c 
c i  2.67 53 39 5 407 6263 1091  4% 8 177615 23137 54%
c i  2.67 53 39 5 407 6264 1091  4% 8 177615 23124 54%
c i  2.67 53 38 5 407 6316 1137  4% 8 177615 23118 54%
c i  2.67 53 38 5 407 6414 1208  4% 8 177615 23045 54%
c i  2.68 53 37 5 407 6572 1335  4% 8 177615 23008 53%
c i  2.68 53 37 5 407 6616 1365  4% 8 177615 22933 53%
c i  2.68 53 37 5 407 6617 1365  4% 8 177615 22786 53%
c i  2.68 53 37 5 407 6618 1365  4% 8 177615 22495 52%
c }  2.68 53 36 5 407 6622 1365  4% 8 177615 22447 52%
c 0  2.68 53 36 5 407 6622 1365  4% 8 177615 22447 52%
c 
c --- [ result ] -------------------------------------------------------------
c 
s UNSATISFIABLE
c 
c --- [ run-time profiling ] -------------------------------------------------
c 
c process time taken by individual solving procedures
c (percentage relative to process time for solving)
c 
c         1.63   63.40% simplify
c         0.94   36.60% search
c         0.94   36.45% unstable
c         0.47   18.38% elim
c         0.34   13.08% probe
c         0.33   12.93% vivify
c         0.19    7.48% subsume
c         0.11    4.21% ternary
c         0.00    0.16% lucky
c   =================================
c         2.57   95.82% solve
c 
c last line shows process time for solving
c (percentage relative to total process time)
c 
c --- [ statistics ] ---------------------------------------------------------
c 
c backtracked:               44745       675.70 %  of conflicts
c chronological:              2700         6.03 %  of backtracks
c conflicts:                  6622      2578.66    per second
c decisions:                 37730     14692.37    per second
c eliminated:                16309        37.92 %  of all variables
c fixed:                      2687         6.25 %  of all variables
c learned:                    5911        89.26 %  per conflict
c minimized:                 58148        26.68 %  learned literals
c propagations:            4338339         1.69 M  per second
c reduced:                    1234        18.63 %  per conflict
c rephased:                      3      2207.33    interval
c restarts:                    407        16.27    interval
c substituted:                1565         3.64 %  of all variables
c subsumed:                   6957         0.82 %  of all clauses
c strengthened:               2298         0.27 %  of all clauses
c vivified:                   3901         0.46 %  of all clauses
c weakened:                  74859         3.75    average size
c 
c seconds are measured in process time for solving
c 
c --- [ resources ] ----------------------------------------------------------
c 
c total process time since initialization:         2.68    seconds
c total real time since initialization:            2.68    seconds
c maximum resident set size of process:           52.59    MB
c 
c --- [ shutting down ] ------------------------------------------------------
c 
c exit 20
