c --- [ banner ] -------------------------------------------------------------
c 
c CaDiCaL Radically Simplified CDCL SAT Solver
c Copyright (c) 2016-2019 Armin Biere, JKU Linz
c 
c Version 1.0.3 cb89cbfa16f47cb7bf1ec6ad9855e7b6d5203c18
c g++ (GCC) 6.3.0 -Wall -Wextra -O3 -DNDEBUG
c Fri Aug 23 08:17:16 CDT 2019 Linux login1 4.4.103-6.38-default x86_64
c 
c --- [ config ] -------------------------------------------------------------
c 
c using 'unsat' configuration (target unsatisfiable instances)
c 
c --- [ proof tracing ] ------------------------------------------------------
c 
c opening file to write '/tmp/56_388_0_three.drat'
c writing binary proof trace to '/tmp/56_388_0_three.drat'
c 
c --- [ parsing input ] ------------------------------------------------------
c 
c reading DIMACS file from '/tmp/56_388_0_three.cnf'
c opening file to read '/tmp/56_388_0_three.cnf'
c found 'p cnf 39424 200377' header
c parsed 200377 clauses in 0.08 seconds process time
c 
c --- [ options ] ------------------------------------------------------------
c 
c   --stabilize=false              (different from default 'true')
c   --walk=false                   (different from default 'true')
c 
c --- [ solving ] ------------------------------------------------------------
c 
c time measured in process time since initialization
c 
c  seconds  reductions  redundant  irredundant
c         MB    restarts       trail       variables
c          level   conflicts       glue         remaining
c 
c *  0.08 26  0 0   0    0    0  0% 0 182481 38114 97%
c {  0.08 27  0 0   0    0    0  0% 0 182481 38114 97%
c i  0.09 27 40 0   0  105   90  8% 4 182481 38104 97%
c -  0.12 28 46 1  33  301  243  7% 8 174418 38104 97%
c i  0.14 29 51 1  34  440  356  9% 8 174418 38051 97%
c I  0.17 29 47 1  61 1003  850  9% 8 174418 38051 97%
c -  0.22 34 46 2  61 1047  769  9% 7 173407 38051 97%
c i  0.28 34 43 2 135 1636 1280  9% 8 173407 38004 96%
c i  0.28 34 42 2 141 1766 1371  9% 8 173407 37992 96%
c i  0.28 34 41 2 141 1804 1400  9% 7 173407 37959 96%
c i  0.28 34 41 2 141 1805 1400  9% 7 173407 37927 96%
c }  0.28 34 41 2 141 1807 1400  9% 7 173407 37093 94%
c 0  0.28 34 41 2 141 1807 1400  9% 7 173407 37093 94%
c 
c --- [ result ] -------------------------------------------------------------
c 
s UNSATISFIABLE
c 
c --- [ run-time profiling ] -------------------------------------------------
c 
c process time taken by individual solving procedures
c (percentage relative to process time for solving)
c 
c         0.20  100.00% search
c         0.20   98.04% unstable
c         0.00    1.96% lucky
c         0.00    0.00% simplify
c   =================================
c         0.20   71.83% solve
c 
c last line shows process time for solving
c (percentage relative to total process time)
c 
c --- [ statistics ] ---------------------------------------------------------
c 
c backtracked:                2279       126.12 %  of conflicts
c chronological:               848        37.21 %  of backtracks
c conflicts:                  1807      8857.84    per second
c decisions:                 11676     57235.29    per second
c fixed:                      2331         5.91 %  of all variables
c learned:                    1624        89.87 %  per conflict
c minimized:                 10125        22.35 %  learned literals
c propagations:             709507         3.48 M  per second
c reduced:                     121         6.70 %  per conflict
c rephased:                      1      1807.00    interval
c restarts:                    141        12.82    interval
c subsumed:                     90         0.02 %  of all clauses
c 
c seconds are measured in process time for solving
c 
c --- [ resources ] ----------------------------------------------------------
c 
c total process time since initialization:         0.28    seconds
c total real time since initialization:            0.29    seconds
c maximum resident set size of process:           34.24    MB
c 
c --- [ shutting down ] ------------------------------------------------------
c 
c exit 20
