c --- [ banner ] -------------------------------------------------------------
c 
c CaDiCaL Radically Simplified CDCL SAT Solver
c Copyright (c) 2016-2019 Armin Biere, JKU Linz
c 
c Version 1.0.3 cb89cbfa16f47cb7bf1ec6ad9855e7b6d5203c18
c g++ (GCC) 6.3.0 -Wall -Wextra -O3 -DNDEBUG
c Fri Aug 23 08:17:16 CDT 2019 Linux login1 4.4.103-6.38-default x86_64
c 
c --- [ config ] -------------------------------------------------------------
c 
c using 'unsat' configuration (target unsatisfiable instances)
c 
c --- [ proof tracing ] ------------------------------------------------------
c 
c opening file to write '/tmp/60_372_0_three.drat'
c writing binary proof trace to '/tmp/60_372_0_three.drat'
c 
c --- [ parsing input ] ------------------------------------------------------
c 
c reading DIMACS file from '/tmp/60_372_0_three.cnf'
c opening file to read '/tmp/60_372_0_three.cnf'
c found 'p cnf 202048 780980' header
c parsed 780980 clauses in 0.29 seconds process time
c 
c --- [ options ] ------------------------------------------------------------
c 
c   --stabilize=false              (different from default 'true')
c   --walk=false                   (different from default 'true')
c 
c --- [ solving ] ------------------------------------------------------------
c 
c time measured in process time since initialization
c 
c  seconds  reductions  redundant  irredundant
c         MB    restarts       trail       variables
c          level   conflicts       glue          remaining
c 
c *  0.31 97  0 0   0    0    0  0% 0 780480 197072 98%
c {  0.32 99  0 0   0    0    0  0% 0 780480 197072 98%
c -  0.42 100 337 1   0  301  155  5% 3 688070 197072 98%
c I  0.75 105 84 1 161 1002  792  6% 7 688070 197072 98%
c -  1.13 124 63 2 204 1405 1162  7% 7 688070 197072 98%
c i  1.24 124 52 2 216 1722 1440  7% 7 688070 195563 97%
c i  1.40 124 43 2 248 2149 1814  8% 7 688070 194578 96%
c i  1.42 124 41 2 248 2282 1925  8% 7 688070 194524 96%
c i  1.43 124 41 2 248 2290 1927  8% 7 688070 194412 96%
c i  1.43 124 41 2 248 2293 1929  8% 7 688070 194192 96%
c }  1.43 124 41 2 248 2296 1929  8% 7 688070 194065 96%
c 0  1.43 124 41 2 248 2296 1929  8% 7 688070 194065 96%
c 
c --- [ result ] -------------------------------------------------------------
c 
s UNSATISFIABLE
c 
c --- [ run-time profiling ] -------------------------------------------------
c 
c process time taken by individual solving procedures
c (percentage relative to process time for solving)
c 
c         1.12   98.59% search
c         1.11   97.54% unstable
c         0.01    1.06% lucky
c         0.00    0.00% simplify
c   =================================
c         1.14   79.55% solve
c 
c last line shows process time for solving
c (percentage relative to total process time)
c 
c --- [ statistics ] ---------------------------------------------------------
c 
c backtracked:                2965       129.14 %  of conflicts
c chronological:              1078        36.36 %  of backtracks
c conflicts:                  2296      2021.13    per second
c decisions:                 12946     11396.13    per second
c fixed:                      7983         3.95 %  of all variables
c learned:                    2176        94.77 %  per conflict
c minimized:                 13502        24.53 %  learned literals
c propagations:            5134389         4.52 M  per second
c reduced:                       1         0.04 %  per conflict
c rephased:                      1      2296.00    interval
c restarts:                    248         9.26    interval
c subsumed:                    239         0.02 %  of all clauses
c 
c seconds are measured in process time for solving
c 
c --- [ resources ] ----------------------------------------------------------
c 
c total process time since initialization:         1.43    seconds
c total real time since initialization:            1.43    seconds
c maximum resident set size of process:          124.10    MB
c 
c --- [ shutting down ] ------------------------------------------------------
c 
c exit 20
