c --- [ banner ] -------------------------------------------------------------
c 
c CaDiCaL Radically Simplified CDCL SAT Solver
c Copyright (c) 2016-2019 Armin Biere, JKU Linz
c 
c Version 1.0.3 cb89cbfa16f47cb7bf1ec6ad9855e7b6d5203c18
c g++ (GCC) 6.3.0 -Wall -Wextra -O3 -DNDEBUG
c Fri Aug 23 08:17:16 CDT 2019 Linux login1 4.4.103-6.38-default x86_64
c 
c --- [ config ] -------------------------------------------------------------
c 
c using 'unsat' configuration (target unsatisfiable instances)
c 
c --- [ proof tracing ] ------------------------------------------------------
c 
c opening file to write '/tmp/60_520_0_three.drat'
c writing binary proof trace to '/tmp/60_520_0_three.drat'
c 
c --- [ parsing input ] ------------------------------------------------------
c 
c reading DIMACS file from '/tmp/60_520_0_three.cnf'
c opening file to read '/tmp/60_520_0_three.cnf'
c found 'p cnf 202048 780980' header
c parsed 780980 clauses in 0.31 seconds process time
c 
c --- [ options ] ------------------------------------------------------------
c 
c   --stabilize=false              (different from default 'true')
c   --walk=false                   (different from default 'true')
c 
c --- [ solving ] ------------------------------------------------------------
c 
c time measured in process time since initialization
c 
c  seconds  reductions  redundant  irredundant
c         MB    restarts       trail       variables
c          level   conflicts       glue          remaining
c 
c *  0.32 97  0 0   0    0    0  0% 0 780480 197558 98%
c {  0.34 99  0 0   0    0    0  0% 0 780480 197558 98%
c -  0.52 105 242 1  13  301  180  7% 5 694404 197558 98%
c I  0.87 110 70 1 132 1003  817  7% 8 694404 197558 98%
c i  0.90 110 66 1 138 1080  886  7% 8 694404 197456 98%
c -  1.29 129 57 2 148 1406 1146  8% 8 692832 197456 98%
c i  1.34 129 54 2 148 1536 1257  8% 7 692832 194973 96%
c i  1.36 129 48 2 148 1713 1390  8% 7 692832 194669 96%
c }  1.36 129 48 2 148 1726 1398  8% 7 692832 192368 95%
c 0  1.36 129 48 2 148 1726 1398  8% 7 692832 192368 95%
c 
c --- [ result ] -------------------------------------------------------------
c 
s UNSATISFIABLE
c 
c --- [ run-time profiling ] -------------------------------------------------
c 
c process time taken by individual solving procedures
c (percentage relative to process time for solving)
c 
c         1.04   98.86% search
c         1.02   97.34% unstable
c         0.02    1.52% lucky
c         0.00    0.00% simplify
c   =================================
c         1.05   77.35% solve
c 
c last line shows process time for solving
c (percentage relative to total process time)
c 
c --- [ statistics ] ---------------------------------------------------------
c 
c backtracked:                2176       126.07 %  of conflicts
c chronological:               823        37.82 %  of backtracks
c conflicts:                  1726      1640.68    per second
c decisions:                  9733      9251.90    per second
c fixed:                      9680         4.79 %  of all variables
c learned:                    1612        93.40 %  per conflict
c minimized:                  8468        20.81 %  learned literals
c propagations:            3640314         3.46 M  per second
c reduced:                      25         1.45 %  per conflict
c rephased:                      1      1726.00    interval
c restarts:                    148        11.66    interval
c subsumed:                    175         0.01 %  of all clauses
c 
c seconds are measured in process time for solving
c 
c --- [ resources ] ----------------------------------------------------------
c 
c total process time since initialization:         1.36    seconds
c total real time since initialization:            1.36    seconds
c maximum resident set size of process:          128.79    MB
c 
c --- [ shutting down ] ------------------------------------------------------
c 
c exit 20
