c --- [ banner ] -------------------------------------------------------------
c 
c CaDiCaL Radically Simplified CDCL SAT Solver
c Copyright (c) 2016-2019 Armin Biere, JKU Linz
c 
c Version 1.0.3 cb89cbfa16f47cb7bf1ec6ad9855e7b6d5203c18
c g++ (GCC) 6.3.0 -Wall -Wextra -O3 -DNDEBUG
c Fri Aug 23 08:17:16 CDT 2019 Linux login1 4.4.103-6.38-default x86_64
c 
c --- [ config ] -------------------------------------------------------------
c 
c using 'unsat' configuration (target unsatisfiable instances)
c 
c --- [ proof tracing ] ------------------------------------------------------
c 
c opening file to write '/tmp/60_545_0_three.drat'
c writing binary proof trace to '/tmp/60_545_0_three.drat'
c 
c --- [ parsing input ] ------------------------------------------------------
c 
c reading DIMACS file from '/tmp/60_545_0_three.cnf'
c opening file to read '/tmp/60_545_0_three.cnf'
c found 'p cnf 202048 780980' header
c parsed 780980 clauses in 0.33 seconds process time
c 
c --- [ options ] ------------------------------------------------------------
c 
c   --stabilize=false              (different from default 'true')
c   --walk=false                   (different from default 'true')
c 
c --- [ solving ] ------------------------------------------------------------
c 
c time measured in process time since initialization
c 
c  seconds  reductions  redundant  irredundant
c         MB    restarts       trail       variables
c          level   conflicts       glue          remaining
c 
c *  0.34 97  0 0   0    0    0  0% 0 780480 197789 98%
c {  0.36 99  0 0   0    0    0  0% 0 780480 197789 98%
c -  0.55 105 242 1  13  301  180  7% 5 697564 197789 98%
c i  0.90 110 69 1 104  934  728  7% 7 697564 197753 98%
c I  0.91 110 64 1 104 1007  783  7% 7 697564 197753 98%
c i  0.94 110 61 1 106 1055  825  7% 7 697564 197660 98%
c i  1.12 110 50 1 118 1388 1125  8% 7 697564 197626 98%
c -  1.37 128 49 2 118 1407 1098  8% 7 694931 197626 98%
c i  1.38 128 49 2 118 1415 1102  8% 7 694931 197533 98%
c i  1.42 128 46 2 118 1531 1201  8% 7 694931 196216 97%
c i  1.43 128 46 2 118 1536 1204  8% 7 694931 191210 95%
c }  1.43 128 45 2 118 1538 1204  8% 7 694931 190074 94%
c 0  1.43 128 45 2 118 1538 1204  8% 7 694931 190074 94%
c 
c --- [ result ] -------------------------------------------------------------
c 
s UNSATISFIABLE
c 
c --- [ run-time profiling ] -------------------------------------------------
c 
c process time taken by individual solving procedures
c (percentage relative to process time for solving)
c 
c         1.09   98.91% search
c         1.07   97.45% unstable
c         0.02    1.45% lucky
c         0.00    0.00% simplify
c   =================================
c         1.10   77.03% solve
c 
c last line shows process time for solving
c (percentage relative to total process time)
c 
c --- [ statistics ] ---------------------------------------------------------
c 
c backtracked:                1949       126.72 %  of conflicts
c chronological:               716        36.74 %  of backtracks
c conflicts:                  1538      1398.18    per second
c decisions:                  7231      6573.64    per second
c fixed:                     11974         5.93 %  of all variables
c learned:                    1431        93.04 %  per conflict
c minimized:                  9933        25.50 %  learned literals
c propagations:            2951398         2.68 M  per second
c reduced:                      28         1.82 %  per conflict
c rephased:                      1      1538.00    interval
c restarts:                    118        13.03    interval
c subsumed:                    174         0.01 %  of all clauses
c 
c seconds are measured in process time for solving
c 
c --- [ resources ] ----------------------------------------------------------
c 
c total process time since initialization:         1.43    seconds
c total real time since initialization:            1.43    seconds
c maximum resident set size of process:          128.18    MB
c 
c --- [ shutting down ] ------------------------------------------------------
c 
c exit 20
