c --- [ banner ] -------------------------------------------------------------
c 
c CaDiCaL Radically Simplified CDCL SAT Solver
c Copyright (c) 2016-2019 Armin Biere, JKU Linz
c 
c Version 1.0.3 cb89cbfa16f47cb7bf1ec6ad9855e7b6d5203c18
c g++ (GCC) 6.3.0 -Wall -Wextra -O3 -DNDEBUG
c Fri Aug 23 08:17:16 CDT 2019 Linux login1 4.4.103-6.38-default x86_64
c 
c --- [ config ] -------------------------------------------------------------
c 
c using 'unsat' configuration (target unsatisfiable instances)
c 
c --- [ proof tracing ] ------------------------------------------------------
c 
c opening file to write '/tmp/4_1015_0_four.drat'
c writing binary proof trace to '/tmp/4_1015_0_four.drat'
c 
c --- [ parsing input ] ------------------------------------------------------
c 
c reading DIMACS file from '/tmp/4_1015_0_four.cnf'
c opening file to read '/tmp/4_1015_0_four.cnf'
c found 'p cnf 43008 265790' header
c parsed 265790 clauses in 0.10 seconds process time
c 
c --- [ options ] ------------------------------------------------------------
c 
c   --stabilize=false              (different from default 'true')
c   --walk=false                   (different from default 'true')
c 
c --- [ solving ] ------------------------------------------------------------
c 
c time measured in process time since initialization
c 
c  seconds  reductions  redundant  irredundant
c         MB    restarts       trail       variables
c          level   conflicts       glue         remaining
c 
c *  0.10 31  0 0   0    0    0  0% 0 240745 41611 97%
c {  0.10 31  0 0   0    0    0  0% 0 240745 41611 97%
c i  0.11 32 57 0   0   88   67  6% 5 240745 41589 97%
c -  0.14 32 44 1  28  309  234  6% 9 234816 41589 97%
c I  0.18 34 58 1  94 1002  784  8% 10 234816 41589 97%
c i  0.18 34 59 1  94 1020  799  8% 10 234816 41549 97%
c -  0.27 42 61 2 100 1133  780  9% 10 234058 41549 97%
c -  0.40 44 57 3 164 2371 1329  9% 10 234058 41549 97%
c B  0.44 44 50 3 172 3004 1860  9% 9 234058 41549 97%
c -  0.55 44 43 4 206 4014 2031  9% 9 234058 41549 97%
c d  0.73 45 44 4 259 5002 2841  9% 9 230904 39973 93%
c 2  0.87 44 44 4 259 5002 2840  9% 9 228543 39969 93%
c p  1.29 46 44 4 259 5002 8525  9% 9 228543 39692 92%
c d  1.32 46 44 4 259 5002 7140  9% 9 222064 39691 92%
c d  1.36 46 44 4 259 5002 7125  9% 9 222000 39674 92%
c s  1.48 51 44 4 273 5065 7160  9% 9 221989 39674 92%
c v  1.72 52 44 4 273 5065 7160  9% 9 219975 39674 92%
c w  1.80 52 44 4 273 5065 7146  9% 9 219975 39674 92%
c t  1.83 52 44 4 273 5065 7127  9% 9 199497 39674 92%
c e  2.30 50 44 4 273 5065 2127  9% 9 181432 22887 53%
c 
c  seconds  reductions  redundant  irredundant
c         MB    restarts       trail       variables
c          level   conflicts       glue         remaining
c 
c s  2.37 52 44 4 273 5065 2114  9% 9 181432 22887 53%
c F  2.50 52 40 4 285 6006 2835  3% 9 181432 22887 53%
c -  2.53 53 40 5 285 6067 1194  4% 9 181432 22887 53%
c -  2.65 53 33 6 317 8334 2404  4% 8 181432 22887 53%
c B  2.73 53 29 6 350 10007 3756  4% 8 181432 22887 53%
c i  2.74 53 28 6 377 10446 4051  4% 8 181432 22883 53%
c i  2.75 53 28 6 377 10570 4143  4% 8 181432 22879 53%
c -  2.80 56 27 7 416 10978 2543  4% 8 180379 22879 53%
c i  2.86 56 25 7 435 12109 3463  4% 8 180379 22878 53%
c i  2.86 56 25 7 435 12201 3500  4% 8 180379 22861 53%
c i  2.86 56 25 7 436 12306 3574  4% 8 180379 22813 53%
c }  2.89 56 25 7 486 12852 4031  4% 8 180379 22563 52%
c 0  2.89 56 25 7 486 12852 4031  4% 8 180379 22563 52%
c 
c --- [ result ] -------------------------------------------------------------
c 
s UNSATISFIABLE
c 
c --- [ run-time profiling ] -------------------------------------------------
c 
c process time taken by individual solving procedures
c (percentage relative to process time for solving)
c 
c         1.67   59.89% simplify
c         1.12   40.11% search
c         1.12   39.97% unstable
c         0.46   16.62% elim
c         0.42   15.04% probe
c         0.28    9.89% vivify
c         0.18    6.30% subsume
c         0.10    3.72% ternary
c         0.00    0.14% lucky
c   =================================
c         2.79   96.54% solve
c 
c last line shows process time for solving
c (percentage relative to total process time)
c 
c --- [ statistics ] ---------------------------------------------------------
c 
c backtracked:               57341       446.16 %  of conflicts
c chronological:              4486         7.82 %  of backtracks
c conflicts:                 12852      4603.15    per second
c decisions:                 43406     15546.56    per second
c eliminated:                16785        39.03 %  of all variables
c fixed:                      2066         4.80 %  of all variables
c learned:                   11655        90.69 %  per conflict
c minimized:                141473        32.70 %  learned literals
c propagations:            4854107         1.74 M  per second
c reduced:                    2956        23.00 %  per conflict
c rephased:                      4      3213.00    interval
c restarts:                    486        26.44    interval
c substituted:                1594         3.71 %  of all variables
c subsumed:                   6027         0.69 %  of all clauses
c strengthened:               3748         0.43 %  of all clauses
c vivified:                   2147         0.25 %  of all clauses
c weakened:                  81269         3.70    average size
c 
c seconds are measured in process time for solving
c 
c --- [ resources ] ----------------------------------------------------------
c 
c total process time since initialization:         2.89    seconds
c total real time since initialization:            2.89    seconds
c maximum resident set size of process:           56.36    MB
c 
c --- [ shutting down ] ------------------------------------------------------
c 
c exit 20
