c --- [ banner ] -------------------------------------------------------------
c 
c CaDiCaL Radically Simplified CDCL SAT Solver
c Copyright (c) 2016-2019 Armin Biere, JKU Linz
c 
c Version 1.0.3 cb89cbfa16f47cb7bf1ec6ad9855e7b6d5203c18
c g++ (GCC) 6.3.0 -Wall -Wextra -O3 -DNDEBUG
c Fri Aug 23 08:17:16 CDT 2019 Linux login1 4.4.103-6.38-default x86_64
c 
c --- [ config ] -------------------------------------------------------------
c 
c using 'unsat' configuration (target unsatisfiable instances)
c 
c --- [ proof tracing ] ------------------------------------------------------
c 
c opening file to write '/tmp/4_222_0_four.drat'
c writing binary proof trace to '/tmp/4_222_0_four.drat'
c 
c --- [ parsing input ] ------------------------------------------------------
c 
c reading DIMACS file from '/tmp/4_222_0_four.cnf'
c opening file to read '/tmp/4_222_0_four.cnf'
c found 'p cnf 43008 265790' header
c parsed 265790 clauses in 0.16 seconds process time
c 
c --- [ options ] ------------------------------------------------------------
c 
c   --stabilize=false              (different from default 'true')
c   --walk=false                   (different from default 'true')
c 
c --- [ solving ] ------------------------------------------------------------
c 
c time measured in process time since initialization
c 
c  seconds  reductions  redundant  irredundant
c         MB    restarts       trail       variables
c          level   conflicts       glue         remaining
c 
c *  0.16 31  0 0   0    0    0  0% 0 240742 41467 96%
c {  0.16 31  0 0   0    0    0  0% 0 240742 41467 96%
c -  0.20 33 38 1  43  303  247  7% 8 231943 41467 96%
c i  0.22 33 35 1  45  675  522  8% 7 231943 41093 96%
c }  0.22 33 35 1  45  678  523  8% 7 231943 41089 96%
c 0  0.22 33 35 1  45  678  523  8% 7 231943 41089 96%
c 
c --- [ result ] -------------------------------------------------------------
c 
s UNSATISFIABLE
c 
c --- [ run-time profiling ] -------------------------------------------------
c 
c process time taken by individual solving procedures
c (percentage relative to process time for solving)
c 
c         0.06  100.00% search
c         0.06   93.75% unstable
c         0.00    6.25% lucky
c         0.00    0.00% simplify
c   =================================
c         0.06   28.57% solve
c 
c last line shows process time for solving
c (percentage relative to total process time)
c 
c --- [ statistics ] ---------------------------------------------------------
c 
c backtracked:                 839       123.75 %  of conflicts
c chronological:               278        33.13 %  of backtracks
c conflicts:                   678     10593.75    per second
c decisions:                  3931     61421.88    per second
c fixed:                      1919         4.46 %  of all variables
c learned:                     578        85.25 %  per conflict
c minimized:                  4988        26.07 %  learned literals
c propagations:             167359         2.61 M  per second
c restarts:                     45        15.07    interval
c subsumed:                     53         0.01 %  of all clauses
c 
c seconds are measured in process time for solving
c 
c --- [ resources ] ----------------------------------------------------------
c 
c total process time since initialization:         0.22    seconds
c total real time since initialization:            0.22    seconds
c maximum resident set size of process:           34.27    MB
c 
c --- [ shutting down ] ------------------------------------------------------
c 
c exit 20
