c --- [ banner ] -------------------------------------------------------------
c 
c CaDiCaL Radically Simplified CDCL SAT Solver
c Copyright (c) 2016-2019 Armin Biere, JKU Linz
c 
c Version 1.0.3 cb89cbfa16f47cb7bf1ec6ad9855e7b6d5203c18
c g++ (GCC) 6.3.0 -Wall -Wextra -O3 -DNDEBUG
c Fri Aug 23 08:17:16 CDT 2019 Linux login1 4.4.103-6.38-default x86_64
c 
c --- [ config ] -------------------------------------------------------------
c 
c using 'unsat' configuration (target unsatisfiable instances)
c 
c --- [ proof tracing ] ------------------------------------------------------
c 
c opening file to write '/tmp/31_1099_0_four.drat'
c writing binary proof trace to '/tmp/31_1099_0_four.drat'
c 
c --- [ parsing input ] ------------------------------------------------------
c 
c reading DIMACS file from '/tmp/31_1099_0_four.cnf'
c opening file to read '/tmp/31_1099_0_four.cnf'
c found 'p cnf 43008 265785' header
c parsed 265785 clauses in 0.10 seconds process time
c 
c --- [ options ] ------------------------------------------------------------
c 
c   --stabilize=false              (different from default 'true')
c   --walk=false                   (different from default 'true')
c 
c --- [ solving ] ------------------------------------------------------------
c 
c time measured in process time since initialization
c 
c  seconds  reductions  redundant  irredundant
c         MB    restarts       trail       variables
c          level   conflicts       glue         remaining
c 
c *  0.10 31  0 0   0    0    0  0% 0 242034 41521 97%
c {  0.10 31  0 0   0    0    0  0% 0 242034 41521 97%
c -  0.14 33 57 1  14  302  199  9% 7 233087 41521 97%
c I  0.19 33 46 1  81 1002  815  8% 8 233087 41521 97%
c -  0.24 41 46 2  82 1123  827  8% 8 233087 41521 97%
c -  0.36 42 32 3 166 2354 1450  9% 8 233087 41521 97%
c B  0.42 42 33 3 233 3003 2012  9% 9 233087 41521 97%
c -  0.52 42 32 4 250 3995 2154 10% 8 233087 41521 97%
c i  0.56 42 30 4 282 4642 2697 10% 8 233087 41503 97%
c d  0.68 42 29 4 306 5004 2791 10% 8 229385 39939 93%
c 2  0.78 43 29 4 306 5004 2791 10% 8 227039 39939 93%
c p  1.07 46 29 4 306 5004 7430 10% 8 227039 39527 92%
c s  1.21 50 29 4 309 5087 7498 10% 8 227038 39527 92%
c v  1.40 51 29 4 309 5087 7498 10% 8 222905 39527 92%
c w  1.47 51 29 4 309 5087 7488 10% 8 222905 39527 92%
c t  1.49 52 29 4 309 5087 7487 10% 8 204819 39527 92%
c e  1.92 46 29 4 309 5087 1946 10% 8 177329 23102 54%
c s  1.98 51 29 4 309 5087 1943 10% 8 177329 23102 54%
c i  2.10 51 28 4 331 5853 2561  5% 8 177329 23089 54%
c F  2.10 52 28 4 331 6004 2676  5% 8 177329 23080 54%
c 
c  seconds  reductions  redundant  irredundant
c         MB    restarts       trail       variables
c          level   conflicts       glue         remaining
c 
c -  2.13 41 28 5 331 6048  933  5% 8 174970 23080 54%
c i  2.15 41 28 5 371 6321 1151  6% 8 174970 23058 54%
c i  2.15 41 28 5 371 6322 1151  6% 8 174970 23054 54%
c i  2.15 41 28 5 371 6323 1151  6% 8 174970 23051 54%
c i  2.15 41 28 5 371 6325 1152  6% 8 174970 23044 54%
c }  2.15 41 28 5 371 6327 1152  6% 8 174970 22908 53%
c 0  2.15 41 28 5 371 6327 1152  6% 8 174970 22908 53%
c 
c --- [ result ] -------------------------------------------------------------
c 
s UNSATISFIABLE
c 
c --- [ run-time profiling ] -------------------------------------------------
c 
c process time taken by individual solving procedures
c (percentage relative to process time for solving)
c 
c         1.32   64.26% simplify
c         0.73   35.74% search
c         0.73   35.74% unstable
c         0.42   20.51% elim
c         0.28   13.87% probe
c         0.22   10.94% vivify
c         0.15    7.23% subsume
c         0.08    3.91% ternary
c   =================================
c         2.05   95.34% solve
c 
c last line shows process time for solving
c (percentage relative to total process time)
c 
c --- [ statistics ] ---------------------------------------------------------
c 
c backtracked:               45375       717.16 %  of conflicts
c chronological:              2536         5.59 %  of backtracks
c conflicts:                  6327      3089.36    per second
c decisions:                 27194     13278.32    per second
c eliminated:                16425        38.19 %  of all variables
c fixed:                      2111         4.91 %  of all variables
c learned:                    5711        90.26 %  per conflict
c minimized:                 77681        30.82 %  learned literals
c propagations:            4176289         2.04 M  per second
c reduced:                    1317        20.82 %  per conflict
c rephased:                      3      2109.00    interval
c restarts:                    371        17.05    interval
c substituted:                1564         3.64 %  of all variables
c subsumed:                   6508         0.78 %  of all clauses
c strengthened:               1975         0.24 %  of all clauses
c vivified:                   3642         0.43 %  of all clauses
c weakened:                  74779         3.77    average size
c 
c seconds are measured in process time for solving
c 
c --- [ resources ] ----------------------------------------------------------
c 
c total process time since initialization:         2.15    seconds
c total real time since initialization:            2.15    seconds
c maximum resident set size of process:           53.43    MB
c 
c --- [ shutting down ] ------------------------------------------------------
c 
c exit 20
