c --- [ banner ] -------------------------------------------------------------
c 
c CaDiCaL Radically Simplified CDCL SAT Solver
c Copyright (c) 2016-2019 Armin Biere, JKU Linz
c 
c Version 1.0.3 cb89cbfa16f47cb7bf1ec6ad9855e7b6d5203c18
c g++ (GCC) 6.3.0 -Wall -Wextra -O3 -DNDEBUG
c Fri Aug 23 08:17:16 CDT 2019 Linux login1 4.4.103-6.38-default x86_64
c 
c --- [ config ] -------------------------------------------------------------
c 
c using 'unsat' configuration (target unsatisfiable instances)
c 
c --- [ proof tracing ] ------------------------------------------------------
c 
c opening file to write '/tmp/31_938_0_four.drat'
c writing binary proof trace to '/tmp/31_938_0_four.drat'
c 
c --- [ parsing input ] ------------------------------------------------------
c 
c reading DIMACS file from '/tmp/31_938_0_four.cnf'
c opening file to read '/tmp/31_938_0_four.cnf'
c found 'p cnf 43008 265785' header
c parsed 265785 clauses in 0.09 seconds process time
c 
c --- [ options ] ------------------------------------------------------------
c 
c   --stabilize=false              (different from default 'true')
c   --walk=false                   (different from default 'true')
c 
c --- [ solving ] ------------------------------------------------------------
c 
c time measured in process time since initialization
c 
c  seconds  reductions  redundant  irredundant
c         MB    restarts       trail       variables
c          level   conflicts       glue         remaining
c 
c *  0.09 31  0 0   0    0    0  0% 0 242043 41601 97%
c {  0.09 31  0 0   0    0    0  0% 0 242043 41601 97%
c -  0.12 33 43 1   6  326  232  8% 8 234817 41601 97%
c I  0.15 33 34 1  50 1002  777  8% 8 234817 41601 97%
c -  0.20 42 38 2  50 1149  784  8% 7 234817 41601 97%
c -  0.29 42 32 3 155 2382 1418  8% 8 234817 41601 97%
c B  0.32 42 30 3 183 3004 1935  8% 8 234817 41601 97%
c -  0.42 42 31 4 286 4027 2151  8% 8 234817 41601 97%
c d  0.54 43 28 4 312 5002 2966  8% 8 231657 40021 93%
c 2  0.60 44 28 4 312 5002 2966  8% 8 229287 40021 93%
c p  0.75 46 28 4 312 5002 6651  8% 8 229287 39999 93%
c s  0.86 40 29 4 313 5085 6705  8% 8 229285 39999 93%
c v  1.03 48 29 4 313 5085 6705  8% 8 225645 39999 93%
c w  1.09 48 29 4 313 5085 6678  8% 8 225645 39821 93%
c t  1.10 48 29 4 313 5085 6675  8% 8 208163 39821 93%
c e  1.50 47 29 4 313 5085 1759  8% 8 186506 24072 56%
c s  1.55 52 29 4 313 5085 1753  8% 8 186506 24072 56%
c i  1.71 53 30 4 358 5629 2224  8% 8 186506 24071 56%
c i  1.72 53 30 4 358 5787 2337  7% 8 186506 24043 56%
c F  1.72 53 30 4 387 6005 2529  6% 8 186506 24043 56%
c 
c  seconds  reductions  redundant  irredundant
c         MB    restarts       trail       variables
c          level   conflicts       glue         remaining
c 
c i  1.72 53 30 4 387 6016 2537  6% 8 186506 23997 56%
c i  1.72 53 30 4 387 6020 2540  6% 8 186506 23996 56%
c i  1.72 53 30 4 387 6031 2547  6% 8 186506 23986 56%
c -  1.75 53 30 5 387 6083  998  6% 8 178771 23986 56%
c i  1.84 53 29 5 418 7876 2480  7% 7 178771 23968 56%
c i  1.84 53 29 5 418 7896 2498  7% 7 178771 23885 56%
c i  1.84 53 29 5 418 7898 2499  7% 7 178771 23882 56%
c }  1.84 53 29 5 418 7901 2499  6% 7 178771 23207 54%
c 0  1.84 53 29 5 418 7901 2499  6% 7 178771 23207 54%
c 
c --- [ result ] -------------------------------------------------------------
c 
s UNSATISFIABLE
c 
c --- [ run-time profiling ] -------------------------------------------------
c 
c process time taken by individual solving procedures
c (percentage relative to process time for solving)
c 
c         1.07   60.82% simplify
c         0.69   39.18% search
c         0.68   38.95% unstable
c         0.42   24.15% elim
c         0.20   11.62% vivify
c         0.14    8.20% probe
c         0.13    7.52% subsume
c         0.05    2.96% ternary
c         0.00    0.23% lucky
c   =================================
c         1.76   95.23% solve
c 
c last line shows process time for solving
c (percentage relative to total process time)
c 
c --- [ statistics ] ---------------------------------------------------------
c 
c backtracked:               36826       466.09 %  of conflicts
c chronological:              3209         8.71 %  of backtracks
c conflicts:                  7901      4499.43    per second
c decisions:                 32384     18441.91    per second
c eliminated:                15749        36.62 %  of all variables
c fixed:                      2472         5.75 %  of all variables
c learned:                    7106        89.94 %  per conflict
c minimized:                 83072        30.95 %  learned literals
c propagations:            3965689         2.26 M  per second
c reduced:                    1294        16.38 %  per conflict
c rephased:                      3      2633.67    interval
c restarts:                    418        18.90    interval
c substituted:                1580         3.67 %  of all variables
c subsumed:                   6679         0.79 %  of all clauses
c strengthened:               2682         0.32 %  of all clauses
c vivified:                   3731         0.44 %  of all clauses
c weakened:                  76151         3.76    average size
c 
c seconds are measured in process time for solving
c 
c --- [ resources ] ----------------------------------------------------------
c 
c total process time since initialization:         1.84    seconds
c total real time since initialization:            1.84    seconds
c maximum resident set size of process:           53.14    MB
c 
c --- [ shutting down ] ------------------------------------------------------
c 
c exit 20
