c --- [ banner ] -------------------------------------------------------------
c 
c CaDiCaL Radically Simplified CDCL SAT Solver
c Copyright (c) 2016-2019 Armin Biere, JKU Linz
c 
c Version 1.0.3 cb89cbfa16f47cb7bf1ec6ad9855e7b6d5203c18
c g++ (GCC) 6.3.0 -Wall -Wextra -O3 -DNDEBUG
c Fri Aug 23 08:17:16 CDT 2019 Linux login1 4.4.103-6.38-default x86_64
c 
c --- [ config ] -------------------------------------------------------------
c 
c using 'unsat' configuration (target unsatisfiable instances)
c 
c --- [ proof tracing ] ------------------------------------------------------
c 
c opening file to write '/tmp/31_929_0_four.drat'
c writing binary proof trace to '/tmp/31_929_0_four.drat'
c 
c --- [ parsing input ] ------------------------------------------------------
c 
c reading DIMACS file from '/tmp/31_929_0_four.cnf'
c opening file to read '/tmp/31_929_0_four.cnf'
c found 'p cnf 43008 265785' header
c parsed 265785 clauses in 0.23 seconds process time
c 
c --- [ options ] ------------------------------------------------------------
c 
c   --stabilize=false              (different from default 'true')
c   --walk=false                   (different from default 'true')
c 
c --- [ solving ] ------------------------------------------------------------
c 
c time measured in process time since initialization
c 
c  seconds  reductions  redundant  irredundant
c         MB    restarts       trail       variables
c          level   conflicts       glue         remaining
c 
c *  0.23 31  0 0   0    0    0  0% 0 242037 41605 97%
c {  0.23 31  0 0   0    0    0  0% 0 242037 41605 97%
c -  0.32 33 46 1   9  300  232 10% 7 234813 41605 97%
c I  0.42 35 79 1 130 1012  798 10% 10 234813 41605 97%
c -  0.52 43 80 2 155 1122  783 10% 11 234813 41605 97%
c -  0.69 44 71 3 225 2358 1302 10% 11 234813 41605 97%
c B  0.75 44 66 3 246 3021 1836 10% 10 234813 41605 97%
c -  0.88 44 63 4 278 4003 1865 10% 10 234813 41605 97%
c d  1.09 44 55 4 298 5004 2688 10% 9 231653 40025 93%
c 2  1.22 45 55 4 298 5004 2688 10% 9 229283 40025 93%
c p  1.34 47 55 4 298 5004 4579 10% 9 229283 40025 93%
c s  1.52 41 57 4 299 5081 4651 10% 9 229283 40025 93%
c v  1.78 48 57 4 299 5081 4651 10% 9 225464 40025 93%
c w  1.87 49 57 4 299 5081 4651 10% 9 225464 40025 93%
c t  1.90 49 57 4 299 5081 4650 10% 9 207582 40025 93%
c e  2.40 51 57 4 299 5081 1575 10% 9 191590 24486 57%
c s  2.47 54 57 4 299 5081 1573 10% 9 191590 24486 57%
c F  2.67 57 54 4 348 6023 2365  5% 9 191590 24486 57%
c -  2.71 57 54 5 348 6062 1296  5% 9 191590 24486 57%
c -  2.91 58 47 6 364 8373 2556  6% 9 191590 24486 57%
c 
c  seconds  reductions   redundant  irredundant
c         MB    restarts        trail       variables
c          level    conflicts       glue         remaining
c 
c B  3.02 58 43 6 432 10024 3883  6% 9 191590 24486 57%
c -  3.12 58 41 7 464 11065 3421  6% 9 191590 24486 57%
c -  3.41 58 34 8 485 14143 4245  6% 8 191590 24486 57%
c i  3.48 58 33 8 519 14787 4767  6% 8 191590 24390 57%
c i  3.48 58 33 8 519 14788 4767  6% 8 191590 24375 57%
c 3  3.60 58 33 8 519 15005 17202  7% 8 191590 24373 57%
c 2  3.65 58 33 8 519 15005 17201  7% 8 191590 24373 57%
c p  3.94 58 33 8 519 15005 34083  7% 8 191590 24182 56%
c d  3.97 58 33 8 519 15005 26011  7% 8 176342 24177 56%
c d  3.99 58 33 8 519 15005 25915  7% 8 176259 24159 56%
c #  4.00 58 33 8 520 15026 25934  7% 8 176259 24159 56%
c i  4.02 58 33 8 523 15319 26130  7% 8 176259 24092 56%
c i  4.02 58 33 8 523 15323 26133  7% 8 176259 24065 56%
c i  4.05 58 32 8 529 15629 26403  7% 8 176259 23986 56%
c i  4.07 58 32 8 538 15771 26517  7% 8 176259 23964 56%
c i  4.08 58 32 8 542 15796 26536  7% 8 176259 23932 56%
c i  4.08 58 32 8 552 15899 26620  7% 8 176259 23896 56%
c i  4.11 58 31 8 554 16083 26764  7% 8 176259 23881 56%
c i  4.11 58 31 8 554 16084 26764  7% 8 176259 23870 56%
c i  4.11 58 31 8 554 16086 26765  7% 8 176259 23567 55%
c 
c  seconds  reductions    redundant  irredundant
c         MB    restarts         trail       variables
c          level    conflicts        glue         remaining
c 
c i  4.11 58 31 8 554 16087 26765  7% 8 176259 23556 55%
c }  4.11 58 31 8 554 16092 26768  7% 8 176259 23471 55%
c 0  4.11 58 31 8 554 16092 26768  7% 8 176259 23471 55%
c 
c --- [ result ] -------------------------------------------------------------
c 
s UNSATISFIABLE
c 
c --- [ run-time profiling ] -------------------------------------------------
c 
c process time taken by individual solving procedures
c (percentage relative to process time for solving)
c 
c         2.02   52.01% search
c         2.02   51.91% unstable
c         1.86   47.99% simplify
c         0.49   12.56% elim
c         0.41   10.50% probe
c         0.30    7.72% vivify
c         0.19    4.94% subsume
c         0.19    4.84% ternary
c         0.00    0.10% lucky
c   =================================
c         3.88   94.46% solve
c 
c last line shows process time for solving
c (percentage relative to total process time)
c 
c --- [ statistics ] ---------------------------------------------------------
c 
c backtracked:               69270       430.46 %  of conflicts
c chronological:              6046         8.73 %  of backtracks
c conflicts:                 16092      4143.15    per second
c decisions:                 63898     16451.60    per second
c eliminated:                15539        36.13 %  of all variables
c fixed:                      2395         5.57 %  of all variables
c learned:                   14411        89.55 %  per conflict
c minimized:                162620        29.21 %  learned literals
c propagations:            7127403         1.84 M  per second
c reduced:                    5337        33.17 %  per conflict
c rephased:                      5      3218.40    interval
c restarts:                    554        29.05    interval
c substituted:                1603         3.73 %  of all variables
c subsumed:                   7431         0.79 %  of all clauses
c strengthened:               2382         0.25 %  of all clauses
c ternary:                   16839         0.84 %  of resolved
c vivified:                   4047         0.43 %  of all clauses
c weakened:                  78703         3.70    average size
c 
c seconds are measured in process time for solving
c 
c --- [ resources ] ----------------------------------------------------------
c 
c total process time since initialization:         4.11    seconds
c total real time since initialization:            4.11    seconds
c maximum resident set size of process:           57.89    MB
c 
c --- [ shutting down ] ------------------------------------------------------
c 
c exit 20
