c --- [ banner ] -------------------------------------------------------------
c 
c CaDiCaL Radically Simplified CDCL SAT Solver
c Copyright (c) 2016-2019 Armin Biere, JKU Linz
c 
c Version 1.0.3 cb89cbfa16f47cb7bf1ec6ad9855e7b6d5203c18
c g++ (GCC) 6.3.0 -Wall -Wextra -O3 -DNDEBUG
c Fri Aug 23 08:17:16 CDT 2019 Linux login1 4.4.103-6.38-default x86_64
c 
c --- [ config ] -------------------------------------------------------------
c 
c using 'unsat' configuration (target unsatisfiable instances)
c 
c --- [ proof tracing ] ------------------------------------------------------
c 
c opening file to write '/tmp/54_671_0_six.drat'
c writing binary proof trace to '/tmp/54_671_0_six.drat'
c 
c --- [ parsing input ] ------------------------------------------------------
c 
c reading DIMACS file from '/tmp/54_671_0_six.cnf'
c opening file to read '/tmp/54_671_0_six.cnf'
c found 'p cnf 50176 399284' header
c parsed 399284 clauses in 0.15 seconds process time
c 
c --- [ options ] ------------------------------------------------------------
c 
c   --stabilize=false              (different from default 'true')
c   --walk=false                   (different from default 'true')
c 
c --- [ solving ] ------------------------------------------------------------
c 
c time measured in process time since initialization
c 
c  seconds  reductions  redundant  irredundant
c         MB    restarts       trail       variables
c          level   conflicts       glue         remaining
c 
c *  0.15 45  0 0   0    0    0  0% 0 366358 48261 96%
c {  0.16 45  0 0   0    0    0  0% 0 366358 48261 96%
c i  0.17 46 77 0   3   92   80  9% 5 366358 48199 96%
c -  0.23 47 84 1  43  301  222  9% 13 348163 48199 96%
c I  0.29 47 58 1  62 1004  626 10% 10 348163 48199 96%
c -  0.43 60 74 2  90 1227  651 10% 11 348163 48199 96%
c i  0.46 60 82 2 122 1485  812 10% 12 348163 48015 96%
c i  0.46 60 80 2 122 1517  827 10% 12 348163 47811 95%
c }  0.46 60 80 2 122 1519  827 10% 12 348163 47765 95%
c 0  0.46 60 80 2 122 1519  827 10% 12 348163 47765 95%
c 
c --- [ result ] -------------------------------------------------------------
c 
s UNSATISFIABLE
c 
c --- [ run-time profiling ] -------------------------------------------------
c 
c process time taken by individual solving procedures
c (percentage relative to process time for solving)
c 
c         0.31  100.00% search
c         0.31   98.72% unstable
c         0.00    1.28% lucky
c         0.00    0.00% simplify
c   =================================
c         0.31   67.24% solve
c 
c last line shows process time for solving
c (percentage relative to total process time)
c 
c --- [ statistics ] ---------------------------------------------------------
c 
c backtracked:                1807       118.96 %  of conflicts
c chronological:               529        29.28 %  of backtracks
c conflicts:                  1519      4868.59    per second
c decisions:                 16352     52410.26    per second
c fixed:                      2411         4.81 %  of all variables
c learned:                    1061        69.85 %  per conflict
c minimized:                  8878        18.32 %  learned literals
c propagations:             756391         2.42 M  per second
c reduced:                     124         8.16 %  per conflict
c rephased:                      1      1519.00    interval
c restarts:                    122        12.45    interval
c subsumed:                    105         0.01 %  of all clauses
c 
c seconds are measured in process time for solving
c 
c --- [ resources ] ----------------------------------------------------------
c 
c total process time since initialization:         0.46    seconds
c total real time since initialization:            0.46    seconds
c maximum resident set size of process:           60.14    MB
c 
c --- [ shutting down ] ------------------------------------------------------
c 
c exit 20
