c --- [ banner ] -------------------------------------------------------------
c 
c CaDiCaL Radically Simplified CDCL SAT Solver
c Copyright (c) 2016-2019 Armin Biere, JKU Linz
c 
c Version 1.0.3 cb89cbfa16f47cb7bf1ec6ad9855e7b6d5203c18
c g++ (GCC) 6.3.0 -Wall -Wextra -O3 -DNDEBUG
c Fri Aug 23 08:17:16 CDT 2019 Linux login1 4.4.103-6.38-default x86_64
c 
c --- [ config ] -------------------------------------------------------------
c 
c using 'unsat' configuration (target unsatisfiable instances)
c 
c --- [ proof tracing ] ------------------------------------------------------
c 
c opening file to write '/tmp/74_172_0_four.drat'
c writing binary proof trace to '/tmp/74_172_0_four.drat'
c 
c --- [ parsing input ] ------------------------------------------------------
c 
c reading DIMACS file from '/tmp/74_172_0_four.cnf'
c opening file to read '/tmp/74_172_0_four.cnf'
c found 'p cnf 259840 1039924' header
c parsed 1039924 clauses in 0.47 seconds process time
c 
c --- [ options ] ------------------------------------------------------------
c 
c   --stabilize=false              (different from default 'true')
c   --walk=false                   (different from default 'true')
c 
c --- [ solving ] ------------------------------------------------------------
c 
c time measured in process time since initialization
c 
c  seconds   reductions  redundant   irredundant
c          MB    restarts       trail        variables
c           level   conflicts       glue           remaining
c 
c *  0.49 139  0 0   0    0    0  0% 0 1039424 253188 97%
c {  0.51 142  0 0   0    0    0  0% 0 1039424 253188 97%
c -  0.76 148 296 1  16  300  195  6% 5 911871 253188 97%
c I  1.49 148 94 1 165 1002  825  8% 9 911871 253188 97%
c -  2.26 178 75 2 223 1475 1198  9% 9 911871 253188 97%
c i  2.66 179 71 2 249 1890 1559 11% 9 911871 253187 97%
c i  2.67 179 70 2 249 1933 1594 10% 9 911871 253071 97%
c i  2.69 179 69 2 249 1956 1613 10% 9 911871 253070 97%
c i  2.69 179 69 2 249 1957 1613 10% 9 911871 252284 97%
c i  2.76 179 64 2 249 2080 1717 10% 9 911871 251604 97%
c i  2.76 179 64 2 249 2081 1717 10% 9 911871 251602 97%
c i  2.79 179 62 2 249 2156 1778 10% 8 911871 250844 97%
c i  2.81 179 61 2 249 2183 1787 10% 8 911871 250439 96%
c }  2.82 179 61 2 249 2186 1787 10% 8 911871 250211 96%
c 0  2.82 179 61 2 249 2186 1787 10% 8 911871 250211 96%
c 
c --- [ result ] -------------------------------------------------------------
c 
s UNSATISFIABLE
c 
c --- [ run-time profiling ] -------------------------------------------------
c 
c process time taken by individual solving procedures
c (percentage relative to process time for solving)
c 
c         2.32   99.15% search
c         2.31   98.46% unstable
c         0.02    0.68% lucky
c         0.00    0.00% simplify
c   =================================
c         2.34   83.24% solve
c 
c last line shows process time for solving
c (percentage relative to total process time)
c 
c --- [ statistics ] ---------------------------------------------------------
c 
c backtracked:                2804       128.27 %  of conflicts
c chronological:              1014        36.16 %  of backtracks
c conflicts:                  2186       932.59    per second
c decisions:                 17575      7497.87    per second
c fixed:                      9629         3.71 %  of all variables
c learned:                    1999        91.45 %  per conflict
c minimized:                  9821        16.78 %  learned literals
c propagations:            7496269         3.20 M  per second
c reduced:                      41         1.88 %  per conflict
c rephased:                      1      2186.00    interval
c restarts:                    249         8.78    interval
c subsumed:                    162         0.01 %  of all clauses
c 
c seconds are measured in process time for solving
c 
c --- [ resources ] ----------------------------------------------------------
c 
c total process time since initialization:         2.82    seconds
c total real time since initialization:            2.81    seconds
c maximum resident set size of process:          178.57    MB
c 
c --- [ shutting down ] ------------------------------------------------------
c 
c exit 20
