c --- [ banner ] -------------------------------------------------------------
c 
c CaDiCaL Radically Simplified CDCL SAT Solver
c Copyright (c) 2016-2019 Armin Biere, JKU Linz
c 
c Version 1.0.3 cb89cbfa16f47cb7bf1ec6ad9855e7b6d5203c18
c g++ (GCC) 6.3.0 -Wall -Wextra -O3 -DNDEBUG
c Fri Aug 23 08:17:16 CDT 2019 Linux login1 4.4.103-6.38-default x86_64
c 
c --- [ config ] -------------------------------------------------------------
c 
c using 'unsat' configuration (target unsatisfiable instances)
c 
c --- [ proof tracing ] ------------------------------------------------------
c 
c opening file to write '/tmp/74_189_0_four.drat'
c writing binary proof trace to '/tmp/74_189_0_four.drat'
c 
c --- [ parsing input ] ------------------------------------------------------
c 
c reading DIMACS file from '/tmp/74_189_0_four.cnf'
c opening file to read '/tmp/74_189_0_four.cnf'
c found 'p cnf 259840 1039924' header
c parsed 1039924 clauses in 0.40 seconds process time
c 
c --- [ options ] ------------------------------------------------------------
c 
c   --stabilize=false              (different from default 'true')
c   --walk=false                   (different from default 'true')
c 
c --- [ solving ] ------------------------------------------------------------
c 
c time measured in process time since initialization
c 
c  seconds   reductions  redundant   irredundant
c          MB    restarts       trail        variables
c           level   conflicts       glue           remaining
c 
c *  0.42 139  0 0   0    0    0  0% 0 1039424 253186 97%
c {  0.44 142  0 0   0    0    0  0% 0 1039424 253186 97%
c -  0.61 146 316 1  10  300  180  5% 5 911871 253186 97%
c i  0.76 146 147 1  77  578  427  6% 8 911871 251474 97%
c i  0.76 146 147 1  77  579  427  6% 8 911871 251472 97%
c I  0.97 146 89 1 143 1004  794  7% 9 911871 251246 97%
c -  1.47 176 71 2 172 1475 1149  8% 9 885953 251246 97%
c i  1.97 176 49 2 231 2634 2177 10% 8 885953 251035 97%
c i  1.97 176 49 2 231 2644 2185 10% 8 885953 244833 94%
c i  1.99 176 48 2 231 2684 2223 10% 8 885953 244763 94%
c }  2.00 176 48 2 231 2704 2229 10% 8 885953 236596 91%
c 0  2.00 176 48 2 231 2704 2229 10% 8 885953 236596 91%
c 
c --- [ result ] -------------------------------------------------------------
c 
s UNSATISFIABLE
c 
c --- [ run-time profiling ] -------------------------------------------------
c 
c process time taken by individual solving procedures
c (percentage relative to process time for solving)
c 
c         1.58   98.99% search
c         1.56   97.99% unstable
c         0.02    1.01% lucky
c         0.00    0.00% simplify
c   =================================
c         1.59   79.76% solve
c 
c last line shows process time for solving
c (percentage relative to total process time)
c 
c --- [ statistics ] ---------------------------------------------------------
c 
c backtracked:                3392       125.44 %  of conflicts
c chronological:              1208        35.61 %  of backtracks
c conflicts:                  2704      1698.49    per second
c decisions:                 15523      9750.63    per second
c fixed:                     23244         8.95 %  of all variables
c learned:                    2451        90.64 %  per conflict
c minimized:                 17286        21.20 %  learned literals
c propagations:            8113316         5.10 M  per second
c reduced:                      23         0.85 %  per conflict
c rephased:                      1      2704.00    interval
c restarts:                    231        11.71    interval
c subsumed:                    186         0.01 %  of all clauses
c 
c seconds are measured in process time for solving
c 
c --- [ resources ] ----------------------------------------------------------
c 
c total process time since initialization:         2.00    seconds
c total real time since initialization:            2.00    seconds
c maximum resident set size of process:          175.98    MB
c 
c --- [ shutting down ] ------------------------------------------------------
c 
c exit 20
