c --- [ banner ] -------------------------------------------------------------
c 
c CaDiCaL Radically Simplified CDCL SAT Solver
c Copyright (c) 2016-2019 Armin Biere, JKU Linz
c 
c Version 1.0.3 cb89cbfa16f47cb7bf1ec6ad9855e7b6d5203c18
c g++ (GCC) 6.3.0 -Wall -Wextra -O3 -DNDEBUG
c Fri Aug 23 08:17:16 CDT 2019 Linux login1 4.4.103-6.38-default x86_64
c 
c --- [ config ] -------------------------------------------------------------
c 
c using 'unsat' configuration (target unsatisfiable instances)
c 
c --- [ proof tracing ] ------------------------------------------------------
c 
c opening file to write '/tmp/74_536_0_four.drat'
c writing binary proof trace to '/tmp/74_536_0_four.drat'
c 
c --- [ parsing input ] ------------------------------------------------------
c 
c reading DIMACS file from '/tmp/74_536_0_four.cnf'
c opening file to read '/tmp/74_536_0_four.cnf'
c found 'p cnf 259840 1039924' header
c parsed 1039924 clauses in 0.46 seconds process time
c 
c --- [ options ] ------------------------------------------------------------
c 
c   --stabilize=false              (different from default 'true')
c   --walk=false                   (different from default 'true')
c 
c --- [ solving ] ------------------------------------------------------------
c 
c time measured in process time since initialization
c 
c  seconds   reductions  redundant   irredundant
c          MB    restarts       trail        variables
c           level   conflicts       glue           remaining
c 
c *  0.47 139  0 0   0    0    0  0% 0 1039424 253217 97%
c {  0.49 142  0 0   0    0    0  0% 0 1039424 253217 97%
c i  0.59 148 329 0  10  289  170  5% 4 1039424 253101 97%
c -  0.72 148 310 1  14  305  184  5% 5 911819 253101 97%
c i  0.74 148 294 1  17  320  195  5% 5 911819 252940 97%
c i  0.81 148 254 1  28  367  234  6% 5 911819 252136 97%
c i  1.15 148 99 1 129  874  703  6% 8 911819 251876 97%
c i  1.25 148 90 1 137  987  802  7% 8 911819 251427 97%
c I  1.28 148 90 1 137 1003  815  7% 8 911819 251278 97%
c -  1.91 177 68 2 140 1481 1198  9% 8 885984 251278 97%
c i  1.96 177 62 2 140 1641 1336  9% 8 885984 251277 97%
c i  2.31 177 53 2 141 1926 1580 10% 7 885984 249854 96%
c }  2.37 177 52 2 141 1966 1615 10% 7 885984 248850 96%
c 0  2.37 177 52 2 141 1966 1615 10% 7 885984 248850 96%
c 
c --- [ result ] -------------------------------------------------------------
c 
s UNSATISFIABLE
c 
c --- [ run-time profiling ] -------------------------------------------------
c 
c process time taken by individual solving procedures
c (percentage relative to process time for solving)
c 
c         1.90   99.16% search
c         1.88   98.12% unstable
c         0.02    1.05% lucky
c         0.00    0.00% simplify
c   =================================
c         1.91   80.74% solve
c 
c last line shows process time for solving
c (percentage relative to total process time)
c 
c --- [ statistics ] ---------------------------------------------------------
c 
c backtracked:                2466       125.43 %  of conflicts
c chronological:               943        38.24 %  of backtracks
c conflicts:                  1966      1028.24    per second
c decisions:                 10936      5719.67    per second
c fixed:                     10990         4.23 %  of all variables
c learned:                    1848        94.00 %  per conflict
c minimized:                 15784        28.42 %  learned literals
c propagations:            5657025         2.96 M  per second
c reduced:                      26         1.32 %  per conflict
c rephased:                      1      1966.00    interval
c restarts:                    141        13.94    interval
c subsumed:                    198         0.01 %  of all clauses
c 
c seconds are measured in process time for solving
c 
c --- [ resources ] ----------------------------------------------------------
c 
c total process time since initialization:         2.37    seconds
c total real time since initialization:            2.37    seconds
c maximum resident set size of process:          177.40    MB
c 
c --- [ shutting down ] ------------------------------------------------------
c 
c exit 20
