c --- [ banner ] -------------------------------------------------------------
c 
c CaDiCaL Radically Simplified CDCL SAT Solver
c Copyright (c) 2016-2019 Armin Biere, JKU Linz
c 
c Version 1.0.3 cb89cbfa16f47cb7bf1ec6ad9855e7b6d5203c18
c g++ (GCC) 6.3.0 -Wall -Wextra -O3 -DNDEBUG
c Fri Aug 23 08:17:16 CDT 2019 Linux login1 4.4.103-6.38-default x86_64
c 
c --- [ config ] -------------------------------------------------------------
c 
c using 'unsat' configuration (target unsatisfiable instances)
c 
c --- [ proof tracing ] ------------------------------------------------------
c 
c opening file to write '/tmp/74_659_0_four.drat'
c writing binary proof trace to '/tmp/74_659_0_four.drat'
c 
c --- [ parsing input ] ------------------------------------------------------
c 
c reading DIMACS file from '/tmp/74_659_0_four.cnf'
c opening file to read '/tmp/74_659_0_four.cnf'
c found 'p cnf 259840 1039924' header
c parsed 1039924 clauses in 0.36 seconds process time
c 
c --- [ options ] ------------------------------------------------------------
c 
c   --stabilize=false              (different from default 'true')
c   --walk=false                   (different from default 'true')
c 
c --- [ solving ] ------------------------------------------------------------
c 
c time measured in process time since initialization
c 
c  seconds   reductions  redundant   irredundant
c          MB    restarts       trail        variables
c           level   conflicts       glue           remaining
c 
c *  0.38 139  0 0   0    0    0  0% 0 1039424 253794 98%
c {  0.40 142  0 0   0    0    0  0% 0 1039424 253794 98%
c -  0.62 148 298 1  14  300  193  5% 5 920303 253794 98%
c i  0.74 148 170 1  64  512  372  6% 8 920303 253437 98%
c I  0.94 148 98 1 150 1004  804  7% 9 920303 253437 98%
c -  1.45 179 79 2 217 1479 1178  8% 10 914032 253437 98%
c B  1.94 179 63 2 356 3005 2535  9% 10 914032 253437 98%
c -  2.23 186 61 3 356 3245 2124  9% 10 914032 253437 98%
c s  3.08 205 56 3 390 4070 2842 10% 10 914032 253437 98%
c v  3.85 205 56 3 390 4070 2842 10% 10 914031 253437 98%
c w  4.12 205 56 3 390 4070 2838 10% 10 914031 253437 98%
c t  4.18 205 56 3 390 4070 2838 10% 10 913522 253437 98%
c e  6.31 209 56 3 390 4070   31 10% 10 226505 28011 11%
c s  6.48 209 56 3 390 4070   31 10% 10 226191 28011 11%
c e  6.71 147 56 3 390 4070   31 10% 10 226191 27927 11%
c 3  6.97 165 51 3 404 5003 3520  8% 10 226191 27927 11%
c 3  6.98 166 51 3 404 5003 3808  8% 10 226191 27927 11%
c d  7.01 166 51 3 404 5003 3762  8% 10 226191 27922 11%
c 2  7.02 166 51 3 404 5003 3752  8% 10 226191 27922 11%
c p  7.06 166 51 3 404 5003 6292  8% 10 226191 27922 11%
c 
c  seconds   reductions  redundant  irredundant
c          MB    restarts       trail       variables
c           level   conflicts       glue         remaining
c 
c -  7.13 166 48 4 415 5599 1475  8% 9 226191 27922 11%
c F  7.14 166 46 4 417 6006 1830  7% 9 226191 27922 11%
c i  7.15 166 45 4 417 6166 1972  7% 9 226191 27917 11%
c i  7.20 166 40 4 423 7134 2810  7% 9 226191 27784 11%
c i  7.21 166 40 4 423 7173 2843  7% 9 226191 27744 11%
c i  7.23 166 39 4 423 7404 3050  7% 9 226191 27739 11%
c }  7.26 166 38 4 423 7634 3244  8% 9 226191 27715 11%
c 0  7.26 166 38 4 423 7634 3244  8% 9 226191 27715 11%
c 
c --- [ result ] -------------------------------------------------------------
c 
s UNSATISFIABLE
c 
c --- [ run-time profiling ] -------------------------------------------------
c 
c process time taken by individual solving procedures
c (percentage relative to process time for solving)
c 
c         4.07   59.01% simplify
c         2.81   40.70% search
c         2.78   40.35% unstable
c         2.30   33.39% elim
c         0.93   13.45% vivify
c         0.64    9.22% subsume
c         0.06    0.87% ternary
c         0.04    0.58% probe
c         0.02    0.35% lucky
c   =================================
c         6.90   95.09% solve
c 
c last line shows process time for solving
c (percentage relative to total process time)
c 
c --- [ statistics ] ---------------------------------------------------------
c 
c backtracked:               20947       274.39 %  of conflicts
c chronological:              3270        15.61 %  of backtracks
c conflicts:                  7634      1106.38    per second
c decisions:                 36200      5246.38    per second
c eliminated:               225510        86.79 %  of all variables
c fixed:                      6610         2.54 %  of all variables
c learned:                    7076        92.69 %  per conflict
c minimized:                 61047        23.86 %  learned literals
c propagations:           16442626         2.38 M  per second
c reduced:                     675         8.84 %  per conflict
c rephased:                      3      2544.67    interval
c restarts:                    423        18.05    interval
c substituted:                   5         0.00 %  of all variables
c subsumed:                   5919         0.19 %  of all clauses
c strengthened:              15613         0.51 %  of all clauses
c ternary:                    3453         0.31 %  of resolved
c vivified:                    164         0.01 %  of all clauses
c weakened:                 802601         2.84    average size
c 
c seconds are measured in process time for solving
c 
c --- [ resources ] ----------------------------------------------------------
c 
c total process time since initialization:         7.26    seconds
c total real time since initialization:            7.26    seconds
c maximum resident set size of process:          214.60    MB
c 
c --- [ shutting down ] ------------------------------------------------------
c 
c exit 20
