c --- [ banner ] -------------------------------------------------------------
c 
c CaDiCaL Radically Simplified CDCL SAT Solver
c Copyright (c) 2016-2019 Armin Biere, JKU Linz
c 
c Version 1.0.3 cb89cbfa16f47cb7bf1ec6ad9855e7b6d5203c18
c g++ (GCC) 6.3.0 -Wall -Wextra -O3 -DNDEBUG
c Fri Aug 23 08:17:16 CDT 2019 Linux login1 4.4.103-6.38-default x86_64
c 
c --- [ config ] -------------------------------------------------------------
c 
c using 'unsat' configuration (target unsatisfiable instances)
c 
c --- [ proof tracing ] ------------------------------------------------------
c 
c opening file to write '/tmp/74_975_0_four.drat'
c writing binary proof trace to '/tmp/74_975_0_four.drat'
c 
c --- [ parsing input ] ------------------------------------------------------
c 
c reading DIMACS file from '/tmp/74_975_0_four.cnf'
c opening file to read '/tmp/74_975_0_four.cnf'
c found 'p cnf 259840 1039924' header
c parsed 1039924 clauses in 0.45 seconds process time
c 
c --- [ options ] ------------------------------------------------------------
c 
c   --stabilize=false              (different from default 'true')
c   --walk=false                   (different from default 'true')
c 
c --- [ solving ] ------------------------------------------------------------
c 
c time measured in process time since initialization
c 
c  seconds   reductions  redundant   irredundant
c          MB    restarts       trail        variables
c           level   conflicts       glue           remaining
c 
c *  0.47 139  0 0   0    0    0  0% 0 1039424 254383 98%
c {  0.49 142  0 0   0    0    0  0% 0 1039424 254383 98%
c i  0.57 148 398 0   4  229  134  4% 4 1039424 253897 98%
c -  0.75 149 277 1  23  303  200  5% 6 920355 253897 98%
c I  1.22 149 94 1 130 1004  794  8% 9 920355 253897 98%
c -  1.78 180 72 2 156 1481 1137  8% 9 920355 253897 98%
c B  2.44 180 48 2 232 3006 2434  8% 9 920355 253897 98%
c i  2.48 180 47 2 237 3067 2482  8% 9 920355 253579 98%
c -  2.79 180 45 3 237 3253 1977  8% 9 915596 253579 98%
c s  3.81 208 40 3 289 4075 2651  8% 9 915596 253579 98%
c w  5.26 208 40 3 289 4075 2648  8% 9 915596 253579 98%
c t  5.32 208 40 3 289 4075 2648  8% 9 915211 253579 98%
c e  7.99 205 40 3 289 4075   35  8% 9 227304 28070 11%
c s  8.23 211 40 3 289 4075   34  8% 9 227125 28070 11%
c e  8.54 164 40 3 289 4075   30  8% 9 227125 28013 11%
c 3  8.92 164 44 3 414 5000 4793  7% 9 227125 28013 11%
c 3  8.93 164 44 3 414 5000 4811  7% 9 227125 28013 11%
c d  8.98 164 44 3 414 5000 4801  7% 9 227125 28012 11%
c 2  9.00 164 44 3 414 5000 4799  7% 9 227125 28012 11%
c p  9.07 164 44 3 414 5000 7140  7% 9 227125 28012 11%
c 
c  seconds   reductions  redundant  irredundant
c          MB    restarts       trail       variables
c           level   conflicts       glue         remaining
c 
c -  9.18 164 44 4 448 5608 1474  6% 9 227125 28012 11%
c F  9.23 164 44 4 490 6007 1826  6% 9 227125 28012 11%
c -  9.45 164 40 5 573 7642 2371  7% 9 227125 28012 11%
c i  9.70 164 39 5 657 9390 3886  7% 9 227125 27993 11%
c i  9.74 164 39 5 657 9596 4044  8% 9 227125 27965 11%
c B  9.77 164 38 5 658 10008 4394  7% 9 227125 27965 11%
c -  9.83 164 37 6 658 10087 2990  7% 9 223878 27965 11%
c }  9.84 164 37 6 658 10251 3095  7% 9 223878 27238 10%
c 0  9.84 164 37 6 658 10251 3095  7% 9 223878 27238 10%
c 
c --- [ result ] -------------------------------------------------------------
c 
s UNSATISFIABLE
c 
c --- [ run-time profiling ] -------------------------------------------------
c 
c process time taken by individual solving procedures
c (percentage relative to process time for solving)
c 
c         5.39   57.46% simplify
c         3.98   42.37% search
c         3.96   42.16% unstable
c         2.91   30.99% elim
c         1.32   14.11% vivify
c         0.85    9.08% subsume
c         0.09    0.94% ternary
c         0.08    0.81% probe
c         0.02    0.21% lucky
c   =================================
c         9.38   95.40% solve
c 
c last line shows process time for solving
c (percentage relative to total process time)
c 
c --- [ statistics ] ---------------------------------------------------------
c 
c backtracked:               22682       221.27 %  of conflicts
c chronological:              4171        18.39 %  of backtracks
c conflicts:                 10251      1092.39    per second
c decisions:                 51785      5518.44    per second
c eliminated:               225566        86.81 %  of all variables
c fixed:                      7035         2.71 %  of all variables
c learned:                    9436        92.05 %  per conflict
c minimized:                 80723        24.65 %  learned literals
c propagations:           13885414         1.48 M  per second
c reduced:                    2932        28.60 %  per conflict
c rephased:                      4      2562.75    interval
c restarts:                    658        15.58    interval
c substituted:                   1         0.00 %  of all variables
c subsumed:                   6358         0.21 %  of all clauses
c strengthened:              16023         0.52 %  of all clauses
c ternary:                    4289         0.35 %  of resolved
c vivified:                    108         0.00 %  of all clauses
c weakened:                 803810         2.84    average size
c 
c seconds are measured in process time for solving
c 
c --- [ resources ] ----------------------------------------------------------
c 
c total process time since initialization:         9.84    seconds
c total real time since initialization:            9.84    seconds
c maximum resident set size of process:          211.20    MB
c 
c --- [ shutting down ] ------------------------------------------------------
c 
c exit 20
