c --- [ banner ] -------------------------------------------------------------
c 
c CaDiCaL Radically Simplified CDCL SAT Solver
c Copyright (c) 2016-2019 Armin Biere, JKU Linz
c 
c Version 1.0.3 cb89cbfa16f47cb7bf1ec6ad9855e7b6d5203c18
c g++ (GCC) 6.3.0 -Wall -Wextra -O3 -DNDEBUG
c Fri Aug 23 08:17:16 CDT 2019 Linux login1 4.4.103-6.38-default x86_64
c 
c --- [ config ] -------------------------------------------------------------
c 
c using 'unsat' configuration (target unsatisfiable instances)
c 
c --- [ proof tracing ] ------------------------------------------------------
c 
c opening file to write '/tmp/40_22_0_six.drat'
c writing binary proof trace to '/tmp/40_22_0_six.drat'
c 
c --- [ parsing input ] ------------------------------------------------------
c 
c reading DIMACS file from '/tmp/40_22_0_six.cnf'
c opening file to read '/tmp/40_22_0_six.cnf'
c found 'p cnf 50176 399289' header
c parsed 399289 clauses in 0.21 seconds process time
c 
c --- [ options ] ------------------------------------------------------------
c 
c   --stabilize=false              (different from default 'true')
c   --walk=false                   (different from default 'true')
c 
c --- [ solving ] ------------------------------------------------------------
c 
c time measured in process time since initialization
c 
c  seconds  reductions  redundant  irredundant
c         MB    restarts       trail       variables
c          level   conflicts       glue         remaining
c 
c *  0.21 44  0 0   0    0    0  0% 0 363642 48212 96%
c {  0.22 45  0 0   0    0    0  0% 0 363642 48212 96%
c -  0.27 47 64 1  29  300  184  8% 12 349030 48212 96%
c I  0.32 47 66 1  43 1006  559 11% 10 349030 48212 96%
c i  0.33 47 58 1  43 1153  642 10% 9 349030 48196 96%
c i  0.33 48 58 1  43 1160  648 10% 9 349030 46822 93%
c -  0.44 58 55 2  43 1225  386 10% 9 319110 46822 93%
c i  0.44 58 53 2  43 1248  397 10% 8 319110 46671 93%
c i  0.44 58 53 2  43 1249  397 10% 8 319110 46579 93%
c i  0.44 58 51 2  43 1272  407 10% 8 319110 46375 92%
c i  0.44 58 51 2  43 1278  412 10% 8 319110 46305 92%
c }  0.44 58 50 2  43 1289  415 10% 8 319110 46264 92%
c 0  0.44 58 50 2  43 1289  415 10% 8 319110 46264 92%
c 
c --- [ result ] -------------------------------------------------------------
c 
s UNSATISFIABLE
c 
c --- [ run-time profiling ] -------------------------------------------------
c 
c process time taken by individual solving procedures
c (percentage relative to process time for solving)
c 
c         0.23   98.28% search
c         0.22   96.55% unstable
c         0.00    1.72% lucky
c         0.00    0.00% simplify
c   =================================
c         0.23   52.73% solve
c 
c last line shows process time for solving
c (percentage relative to total process time)
c 
c --- [ statistics ] ---------------------------------------------------------
c 
c backtracked:                1473       114.27 %  of conflicts
c chronological:               478        32.45 %  of backtracks
c conflicts:                  1289      5556.03    per second
c decisions:                  6449     27797.41    per second
c fixed:                      3912         7.80 %  of all variables
c learned:                     909        70.52 %  per conflict
c minimized:                 10999        27.26 %  learned literals
c propagations:             469616         2.02 M  per second
c reduced:                      37         2.87 %  per conflict
c rephased:                      1      1289.00    interval
c restarts:                     43        29.98    interval
c subsumed:                    177         0.02 %  of all clauses
c 
c seconds are measured in process time for solving
c 
c --- [ resources ] ----------------------------------------------------------
c 
c total process time since initialization:         0.44    seconds
c total real time since initialization:            0.44    seconds
c maximum resident set size of process:           58.20    MB
c 
c --- [ shutting down ] ------------------------------------------------------
c 
c exit 20
