c --- [ banner ] -------------------------------------------------------------
c 
c CaDiCaL Radically Simplified CDCL SAT Solver
c Copyright (c) 2016-2019 Armin Biere, JKU Linz
c 
c Version 1.0.3 cb89cbfa16f47cb7bf1ec6ad9855e7b6d5203c18
c g++ (GCC) 6.3.0 -Wall -Wextra -O3 -DNDEBUG
c Fri Aug 23 08:17:16 CDT 2019 Linux login1 4.4.103-6.38-default x86_64
c 
c --- [ config ] -------------------------------------------------------------
c 
c using 'unsat' configuration (target unsatisfiable instances)
c 
c --- [ proof tracing ] ------------------------------------------------------
c 
c opening file to write '/tmp/55_140_0_three.drat'
c writing binary proof trace to '/tmp/55_140_0_three.drat'
c 
c --- [ parsing input ] ------------------------------------------------------
c 
c reading DIMACS file from '/tmp/55_140_0_three.cnf'
c opening file to read '/tmp/55_140_0_three.cnf'
c found 'p cnf 202048 780980' header
c parsed 780980 clauses in 0.38 seconds process time
c 
c --- [ options ] ------------------------------------------------------------
c 
c   --stabilize=false              (different from default 'true')
c   --walk=false                   (different from default 'true')
c 
c --- [ solving ] ------------------------------------------------------------
c 
c time measured in process time since initialization
c 
c  seconds  reductions  redundant  irredundant
c         MB    restarts       trail       variables
c          level   conflicts       glue          remaining
c 
c *  0.40 97  0 0   0    0    0  0% 0 780480 196892 97%
c {  0.42 99  0 0   0    0    0  0% 0 780480 196892 97%
c -  0.59 103 287 1  10  302  175  5% 4 684947 196892 97%
c i  0.75 109 168 1  54  481  339  6% 6 684947 195522 97%
c i  0.75 109 167 1  54  483  340  6% 6 684947 195416 97%
c I  1.09 109 76 1 118 1004  817  8% 7 684947 195416 97%
c -  1.62 126 57 2 158 1403 1121  8% 7 664898 195416 97%
c i  1.70 126 51 2 164 1589 1294  9% 7 664898 195370 97%
c i  1.70 126 50 2 164 1613 1308  8% 7 664898 195369 97%
c }  1.70 126 50 2 164 1616 1309  8% 7 664898 195217 97%
c 0  1.70 126 50 2 164 1616 1309  8% 7 664898 195217 97%
c 
c --- [ result ] -------------------------------------------------------------
c 
s UNSATISFIABLE
c 
c --- [ run-time profiling ] -------------------------------------------------
c 
c process time taken by individual solving procedures
c (percentage relative to process time for solving)
c 
c         1.30   98.78% search
c         1.28   97.57% unstable
c         0.02    1.22% lucky
c         0.00    0.00% simplify
c   =================================
c         1.32   77.41% solve
c 
c last line shows process time for solving
c (percentage relative to total process time)
c 
c --- [ statistics ] ---------------------------------------------------------
c 
c backtracked:                2108       130.45 %  of conflicts
c chronological:               788        37.38 %  of backtracks
c conflicts:                  1616      1227.96    per second
c decisions:                 10341      7857.90    per second
c fixed:                      6831         3.38 %  of all variables
c learned:                    1537        95.11 %  per conflict
c minimized:                  8031        22.11 %  learned literals
c propagations:            3628195         2.76 M  per second
c reduced:                      12         0.74 %  per conflict
c rephased:                      1      1616.00    interval
c restarts:                    164         9.85    interval
c subsumed:                    160         0.01 %  of all clauses
c 
c seconds are measured in process time for solving
c 
c --- [ resources ] ----------------------------------------------------------
c 
c total process time since initialization:         1.70    seconds
c total real time since initialization:            1.70    seconds
c maximum resident set size of process:          125.69    MB
c 
c --- [ shutting down ] ------------------------------------------------------
c 
c exit 20
