c --- [ banner ] -------------------------------------------------------------
c 
c CaDiCaL Radically Simplified CDCL SAT Solver
c Copyright (c) 2016-2019 Armin Biere, JKU Linz
c 
c Version 1.0.3 cb89cbfa16f47cb7bf1ec6ad9855e7b6d5203c18
c g++ (GCC) 6.3.0 -Wall -Wextra -O3 -DNDEBUG
c Fri Aug 23 08:17:16 CDT 2019 Linux login1 4.4.103-6.38-default x86_64
c 
c --- [ config ] -------------------------------------------------------------
c 
c using 'unsat' configuration (target unsatisfiable instances)
c 
c --- [ proof tracing ] ------------------------------------------------------
c 
c opening file to write '/tmp/55_750_0_three.drat'
c writing binary proof trace to '/tmp/55_750_0_three.drat'
c 
c --- [ parsing input ] ------------------------------------------------------
c 
c reading DIMACS file from '/tmp/55_750_0_three.cnf'
c opening file to read '/tmp/55_750_0_three.cnf'
c found 'p cnf 202048 780980' header
c parsed 780980 clauses in 0.33 seconds process time
c 
c --- [ options ] ------------------------------------------------------------
c 
c   --stabilize=false              (different from default 'true')
c   --walk=false                   (different from default 'true')
c 
c --- [ solving ] ------------------------------------------------------------
c 
c time measured in process time since initialization
c 
c  seconds  reductions  redundant  irredundant
c         MB    restarts       trail       variables
c          level   conflicts       glue          remaining
c 
c *  0.34 97  0 0   0    0    0  0% 0 780480 197700 98%
c {  0.36 99  0 0   0    0    0  0% 0 780480 197700 98%
c -  0.54 104 237 1  11  300  180  5% 4 695998 197700 98%
c I  1.00 109 68 1 139 1003  826  7% 7 695998 197700 98%
c i  1.10 109 62 1 151 1168  965  7% 7 695998 197590 98%
c i  1.16 109 58 1 158 1296 1073  7% 7 695998 197231 98%
c -  1.50 127 56 2 175 1405 1123  8% 7 689153 197231 98%
c i  1.59 127 53 2 199 1519 1223  8% 7 689153 197004 98%
c i  1.60 127 53 2 203 1531 1234  8% 7 689153 196910 97%
c }  1.72 127 47 2 212 1763 1437  8% 7 689153 196402 97%
c 0  1.72 127 47 2 212 1763 1437  8% 7 689153 196402 97%
c 
c --- [ result ] -------------------------------------------------------------
c 
s UNSATISFIABLE
c 
c --- [ run-time profiling ] -------------------------------------------------
c 
c process time taken by individual solving procedures
c (percentage relative to process time for solving)
c 
c         1.38   98.85% search
c         1.36   97.70% unstable
c         0.02    1.15% lucky
c         0.00    0.00% simplify
c   =================================
c         1.39   80.93% solve
c 
c last line shows process time for solving
c (percentage relative to total process time)
c 
c --- [ statistics ] ---------------------------------------------------------
c 
c backtracked:                2297       130.29 %  of conflicts
c chronological:               827        36.00 %  of backtracks
c conflicts:                  1763      1266.52    per second
c decisions:                 11190      8038.79    per second
c fixed:                      5646         2.79 %  of all variables
c learned:                    1651        93.65 %  per conflict
c minimized:                  7876        20.16 %  learned literals
c propagations:            4179089         3.00 M  per second
c reduced:                      21         1.19 %  per conflict
c rephased:                      1      1763.00    interval
c restarts:                    212         8.32    interval
c subsumed:                    158         0.01 %  of all clauses
c 
c seconds are measured in process time for solving
c 
c --- [ resources ] ----------------------------------------------------------
c 
c total process time since initialization:         1.72    seconds
c total real time since initialization:            1.72    seconds
c maximum resident set size of process:          127.27    MB
c 
c --- [ shutting down ] ------------------------------------------------------
c 
c exit 20
