c --- [ banner ] -------------------------------------------------------------
c 
c CaDiCaL Radically Simplified CDCL SAT Solver
c Copyright (c) 2016-2019 Armin Biere, JKU Linz
c 
c Version 1.0.3 cb89cbfa16f47cb7bf1ec6ad9855e7b6d5203c18
c g++ (GCC) 6.3.0 -Wall -Wextra -O3 -DNDEBUG
c Fri Aug 23 08:17:16 CDT 2019 Linux login1 4.4.103-6.38-default x86_64
c 
c --- [ config ] -------------------------------------------------------------
c 
c using 'unsat' configuration (target unsatisfiable instances)
c 
c --- [ proof tracing ] ------------------------------------------------------
c 
c opening file to write '/tmp/11_145_0_six.drat'
c writing binary proof trace to '/tmp/11_145_0_six.drat'
c 
c --- [ parsing input ] ------------------------------------------------------
c 
c reading DIMACS file from '/tmp/11_145_0_six.cnf'
c opening file to read '/tmp/11_145_0_six.cnf'
c found 'p cnf 50176 399294' header
c parsed 399294 clauses in 0.30 seconds process time
c 
c --- [ options ] ------------------------------------------------------------
c 
c   --stabilize=false              (different from default 'true')
c   --walk=false                   (different from default 'true')
c 
c --- [ solving ] ------------------------------------------------------------
c 
c time measured in process time since initialization
c 
c  seconds  reductions  redundant  irredundant
c         MB    restarts       trail       variables
c          level   conflicts       glue         remaining
c 
c *  0.30 44  0 0   0    0    0  0% 0 361854 48146 96%
c {  0.30 45  0 0   0    0    0  0% 0 361854 48146 96%
c -  0.42 48 90 1  23  311  213 10% 9 349026 48146 96%
c I  0.47 48 61 1  67 1002  688  9% 10 349026 48146 96%
c -  0.60 60 55 2  80 1240  755  9% 10 349026 48146 96%
c -  0.78 60 37 3  95 2632 1379 10% 9 349026 48146 96%
c B  0.83 60 39 3 120 3005 1681 10% 9 349026 48146 96%
c -  1.08 60 37 4 207 4483 2185 10% 9 349026 48146 96%
c d  1.29 62 36 4 217 5001 2579 10% 8 344334 45800 91%
c 2  1.49 62 36 4 217 5001 2579 10% 8 338469 45800 91%
c p  1.72 62 36 4 217 5001 7811 10% 8 338469 45776 91%
c s  2.02 71 35 4 263 5821 8453 10% 8 338469 45776 91%
c v  2.45 71 35 4 263 5821 8453 10% 8 334540 45776 91%
c w  2.56 71 35 4 263 5821 8445 10% 8 334540 45776 91%
c t  2.60 71 35 4 263 5821 8443 10% 8 302934 45776 91%
c e  3.39 66 35 4 263 5821 2969 10% 8 283923 28803 57%
c F  3.70 75 34 4 263 6007 3121  4% 8 283923 28803 57%
c -  3.82 75 35 5 270 6806 1289  6% 8 283923 28803 57%
c i  3.91 75 31 5 305 7978 2216  5% 8 283923 28791 57%
c i  3.91 75 31 5 305 8020 2246  5% 8 283923 28778 57%
c 
c  seconds  reductions  redundant  irredundant
c         MB    restarts       trail       variables
c          level   conflicts       glue         remaining
c 
c i  3.92 75 31 5 305 8024 2249  5% 8 283923 28713 57%
c i  3.92 75 31 5 305 8025 2249  5% 8 283923 28691 57%
c i  3.92 75 31 5 305 8026 2249  5% 8 283923 28686 57%
c i  3.92 75 31 5 305 8027 2249  5% 8 283923 28663 57%
c }  3.92 75 31 5 305 8029 2249  5% 8 283923 28563 57%
c 0  3.92 75 31 5 305 8029 2249  5% 8 283923 28563 57%
c 
c --- [ result ] -------------------------------------------------------------
c 
s UNSATISFIABLE
c 
c --- [ run-time profiling ] -------------------------------------------------
c 
c process time taken by individual solving procedures
c (percentage relative to process time for solving)
c 
c         2.18   60.33% simplify
c         1.44   39.67% search
c         1.43   39.56% unstable
c         0.77   21.33% elim
c         0.48   13.26% vivify
c         0.28    7.62% subsume
c         0.22    6.19% probe
c         0.16    4.42% ternary
c         0.00    0.11% lucky
c   =================================
c         3.62   92.44% solve
c 
c last line shows process time for solving
c (percentage relative to total process time)
c 
c --- [ statistics ] ---------------------------------------------------------
c 
c backtracked:               30593       381.03 %  of conflicts
c chronological:              2853         9.33 %  of backtracks
c conflicts:                  8029      2217.96    per second
c decisions:                 32439      8961.05    per second
c eliminated:                16973        33.83 %  of all variables
c fixed:                      2294         4.57 %  of all variables
c learned:                    6912        86.09 %  per conflict
c minimized:                 94041        31.18 %  learned literals
c propagations:            5073639         1.40 M  per second
c reduced:                    1353        16.85 %  per conflict
c rephased:                      3      2676.33    interval
c restarts:                    305        26.32    interval
c substituted:                2346         4.68 %  of all variables
c subsumed:                  11019         0.87 %  of all clauses
c strengthened:               3901         0.31 %  of all clauses
c vivified:                   4024         0.32 %  of all clauses
c weakened:                 108682         4.00    average size
c 
c seconds are measured in process time for solving
c 
c --- [ resources ] ----------------------------------------------------------
c 
c total process time since initialization:         3.92    seconds
c total real time since initialization:            3.92    seconds
c maximum resident set size of process:           75.04    MB
c 
c --- [ shutting down ] ------------------------------------------------------
c 
c exit 20
