c --- [ banner ] -------------------------------------------------------------
c 
c CaDiCaL Radically Simplified CDCL SAT Solver
c Copyright (c) 2016-2019 Armin Biere, JKU Linz
c 
c Version 1.0.3 cb89cbfa16f47cb7bf1ec6ad9855e7b6d5203c18
c g++ (GCC) 6.3.0 -Wall -Wextra -O3 -DNDEBUG
c Fri Aug 23 08:17:16 CDT 2019 Linux login1 4.4.103-6.38-default x86_64
c 
c --- [ config ] -------------------------------------------------------------
c 
c using 'unsat' configuration (target unsatisfiable instances)
c 
c --- [ proof tracing ] ------------------------------------------------------
c 
c opening file to write '/tmp/11_1097_0_six.drat'
c writing binary proof trace to '/tmp/11_1097_0_six.drat'
c 
c --- [ parsing input ] ------------------------------------------------------
c 
c reading DIMACS file from '/tmp/11_1097_0_six.cnf'
c opening file to read '/tmp/11_1097_0_six.cnf'
c found 'p cnf 50176 399294' header
c parsed 399294 clauses in 0.17 seconds process time
c 
c --- [ options ] ------------------------------------------------------------
c 
c   --stabilize=false              (different from default 'true')
c   --walk=false                   (different from default 'true')
c 
c --- [ solving ] ------------------------------------------------------------
c 
c time measured in process time since initialization
c 
c  seconds  reductions  redundant  irredundant
c         MB    restarts       trail       variables
c          level   conflicts       glue         remaining
c 
c *  0.17 44  0 0   0    0    0  0% 0 361884 48037 96%
c {  0.18 45  0 0   0    0    0  0% 0 361884 48037 96%
c i  0.18 45 28 0   0   41   36  5% 3 361884 48036 96%
c -  0.24 46 60 1  33  300  203  8% 10 345529 48036 96%
c I  0.28 47 38 1  65 1002  719  8% 8 345529 48036 96%
c -  0.41 59 45 2  96 1223  789  8% 10 345529 48036 96%
c -  0.58 59 35 3 121 2611 1432  9% 8 345529 48036 96%
c B  0.62 59 34 3 136 3004 1740  9% 8 345529 48036 96%
c i  0.68 59 35 3 157 3669 2121 10% 9 345529 47936 96%
c i  0.70 59 35 3 172 3993 2276 10% 8 345529 47930 96%
c -  0.84 59 35 4 186 4460 1915 10% 8 342559 47930 96%
c d  1.02 60 31 4 194 5004 2334 10% 8 337955 45628 91%
c 2  1.22 60 31 4 194 5004 2334 10% 8 332205 45628 91%
c p  1.58 61 31 4 194 5004 6109 10% 8 332205 45281 90%
c s  1.87 70 32 4 272 5828 6764 10% 8 332205 45281 90%
c v  2.33 70 32 4 272 5828 6764 10% 8 329137 45281 90%
c w  2.44 70 32 4 272 5828 6754 10% 8 329137 45281 90%
c t  2.48 70 32 4 272 5828 6752 10% 8 295373 45281 90%
c e  3.27 65 32 4 272 5828 1844 10% 8 266208 27180 54%
c s  3.37 73 32 4 272 5828 1843 10% 8 266208 27180 54%
c 
c  seconds  reductions  redundant  irredundant
c         MB    restarts       trail       variables
c          level   conflicts       glue         remaining
c 
c F  3.55 73 31 4 290 6005 1953  3% 8 266208 27180 54%
c -  3.63 74 30 5 290 6768 1148  4% 8 266208 27180 54%
c i  3.77 74 31 5 342 8073 2168  9% 8 266208 27173 54%
c i  3.79 74 30 5 342 8294 2325  8% 8 266208 27122 54%
c i  3.79 74 30 5 342 8317 2335  8% 8 266208 27028 54%
c }  3.80 74 30 5 342 8350 2357  8% 8 266208 26341 52%
c 0  3.80 74 30 5 342 8350 2357  8% 8 266208 26341 52%
c 
c --- [ result ] -------------------------------------------------------------
c 
s UNSATISFIABLE
c 
c --- [ run-time profiling ] -------------------------------------------------
c 
c process time taken by individual solving procedures
c (percentage relative to process time for solving)
c 
c         2.30   63.47% simplify
c         1.32   36.53% search
c         1.32   36.42% unstable
c         0.77   21.30% elim
c         0.50   13.91% vivify
c         0.35    9.71% probe
c         0.25    6.84% subsume
c         0.16    4.30% ternary
c         0.00    0.11% lucky
c   =================================
c         3.62   95.47% solve
c 
c last line shows process time for solving
c (percentage relative to total process time)
c 
c --- [ statistics ] ---------------------------------------------------------
c 
c backtracked:               38530       461.44 %  of conflicts
c chronological:              2876         7.46 %  of backtracks
c conflicts:                  8350      2304.08    per second
c decisions:                 32760      9039.74    per second
c eliminated:                18101        36.08 %  of all variables
c fixed:                      3432         6.84 %  of all variables
c learned:                    7064        84.60 %  per conflict
c minimized:                114801        33.20 %  learned literals
c propagations:            5257633         1.45 M  per second
c reduced:                    1254        15.02 %  per conflict
c rephased:                      3      2783.33    interval
c restarts:                    342        24.42    interval
c substituted:                2302         4.59 %  of all variables
c subsumed:                  10199         0.82 %  of all clauses
c strengthened:               2917         0.23 %  of all clauses
c vivified:                   3142         0.25 %  of all clauses
c weakened:                 106926         4.11    average size
c 
c seconds are measured in process time for solving
c 
c --- [ resources ] ----------------------------------------------------------
c 
c total process time since initialization:         3.80    seconds
c total real time since initialization:            3.80    seconds
c maximum resident set size of process:           73.80    MB
c 
c --- [ shutting down ] ------------------------------------------------------
c 
c exit 20
