c --- [ banner ] -------------------------------------------------------------
c 
c CaDiCaL Radically Simplified CDCL SAT Solver
c Copyright (c) 2016-2019 Armin Biere, JKU Linz
c 
c Version 1.0.3 cb89cbfa16f47cb7bf1ec6ad9855e7b6d5203c18
c g++ (GCC) 6.3.0 -Wall -Wextra -O3 -DNDEBUG
c Fri Aug 23 08:17:16 CDT 2019 Linux login1 4.4.103-6.38-default x86_64
c 
c --- [ config ] -------------------------------------------------------------
c 
c using 'unsat' configuration (target unsatisfiable instances)
c 
c --- [ proof tracing ] ------------------------------------------------------
c 
c opening file to write '/tmp/59_1152_0_six.drat'
c writing binary proof trace to '/tmp/59_1152_0_six.drat'
c 
c --- [ parsing input ] ------------------------------------------------------
c 
c reading DIMACS file from '/tmp/59_1152_0_six.cnf'
c opening file to read '/tmp/59_1152_0_six.cnf'
c found 'p cnf 50176 399279' header
c parsed 399279 clauses in 0.15 seconds process time
c 
c --- [ options ] ------------------------------------------------------------
c 
c   --stabilize=false              (different from default 'true')
c   --walk=false                   (different from default 'true')
c 
c --- [ solving ] ------------------------------------------------------------
c 
c time measured in process time since initialization
c 
c  seconds  reductions  redundant  irredundant
c         MB    restarts       trail       variables
c          level   conflicts       glue         remaining
c 
c *  0.16 45  0 0   0    0    0  0% 0 368558 48504 97%
c {  0.16 46  0 0   0    0    0  0% 0 368558 48504 97%
c -  0.22 48 56 1  24  300  209  7% 9 355146 48504 97%
c I  0.30 49 76 1  64 1002  621 10% 10 355146 48504 97%
c -  0.43 61 77 2  88 1236  668 10% 11 355146 48504 97%
c -  0.62 61 65 3 174 2631 1219 10% 12 355146 48504 97%
c B  0.66 61 64 3 175 3006 1463 10% 12 355146 48504 97%
c -  0.86 61 60 4 211 4494 1872 11% 11 355146 48504 97%
c d  1.08 63 56 4 237 5003 2291 11% 11 350370 46116 92%
c 2  1.27 61 56 4 237 5003 2291 11% 11 344400 46116 92%
c p  1.50 63 56 4 237 5003 13237 11% 11 344400 46094 92%
c s  1.80 77 56 4 275 5867 13872 11% 11 344400 46094 92%
c v  2.23 77 56 4 275 5867 13872 11% 11 339917 46094 92%
c w  2.34 77 56 4 275 5867 13867 11% 11 339917 46094 92%
c t  2.38 77 56 4 275 5867 13863 11% 11 311490 46094 92%
c e  3.17 68 56 4 275 5867 6896 11% 11 293463 29883 60%
c F  3.49 78 55 4 275 6009 7005  6% 11 293463 29883 60%
c -  3.61 78 55 5 310 6819 1392  7% 11 293463 29883 60%
c i  3.67 78 52 5 329 7763 2042  6% 10 293463 29882 60%
c i  3.69 78 51 5 362 8055 2256  6% 10 293463 29833 59%
c 
c  seconds  reductions  redundant   irredundant
c         MB    restarts       trail        variables
c          level   conflicts       glue          remaining
c 
c -  3.86 78 45 6 376 9460 2524  7% 10 288174 29833 59%
c B  3.91 78 42 6 376 10012 3001  7% 9 288174 29833 59%
c i  4.02 78 40 6 417 11510 4126  7% 9 288174 29832 59%
c i  4.10 78 38 6 445 12392 4805  7% 9 288174 29822 59%
c -  4.18 78 38 7 445 12525 3484  7% 9 287263 29822 59%
c i  4.24 78 37 7 483 13084 3870  7% 9 287263 29821 59%
c i  4.24 78 37 7 483 13093 3876  7% 9 287263 29798 59%
c }  4.24 78 37 7 483 13098 3878  7% 9 287263 29559 59%
c 0  4.24 78 37 7 483 13098 3878  7% 9 287263 29559 59%
c 
c --- [ result ] -------------------------------------------------------------
c 
s UNSATISFIABLE
c 
c --- [ run-time profiling ] -------------------------------------------------
c 
c process time taken by individual solving procedures
c (percentage relative to process time for solving)
c 
c         2.18   53.33% simplify
c         1.90   46.58% search
c         1.90   46.58% unstable
c         0.78   18.98% elim
c         0.48   11.74% vivify
c         0.27    6.56% subsume
c         0.23    5.68% probe
c         0.16    3.82% ternary
c   =================================
c         4.09   96.42% solve
c 
c last line shows process time for solving
c (percentage relative to total process time)
c 
c --- [ statistics ] ---------------------------------------------------------
c 
c backtracked:               39709       303.17 %  of conflicts
c chronological:              4590        11.56 %  of backtracks
c conflicts:                 13098      3204.01    per second
c decisions:                 56934     13927.10    per second
c eliminated:                16211        32.31 %  of all variables
c fixed:                      2018         4.02 %  of all variables
c learned:                   11139        85.04 %  per conflict
c minimized:                189163        30.06 %  learned literals
c propagations:            6868215         1.68 M  per second
c reduced:                    2942        22.46 %  per conflict
c rephased:                      4      3274.50    interval
c restarts:                    483        27.12    interval
c substituted:                2388         4.76 %  of all variables
c subsumed:                  12347         0.95 %  of all clauses
c strengthened:               3635         0.28 %  of all clauses
c vivified:                   4596         0.35 %  of all clauses
c weakened:                 107743         4.00    average size
c 
c seconds are measured in process time for solving
c 
c --- [ resources ] ----------------------------------------------------------
c 
c total process time since initialization:         4.24    seconds
c total real time since initialization:            4.24    seconds
c maximum resident set size of process:           79.21    MB
c 
c --- [ shutting down ] ------------------------------------------------------
c 
c exit 20
