c --- [ banner ] -------------------------------------------------------------
c 
c CaDiCaL Radically Simplified CDCL SAT Solver
c Copyright (c) 2016-2019 Armin Biere, JKU Linz
c 
c Version 1.0.3 cb89cbfa16f47cb7bf1ec6ad9855e7b6d5203c18
c g++ (GCC) 6.3.0 -Wall -Wextra -O3 -DNDEBUG
c Fri Aug 23 08:17:16 CDT 2019 Linux login1 4.4.103-6.38-default x86_64
c 
c --- [ config ] -------------------------------------------------------------
c 
c using 'unsat' configuration (target unsatisfiable instances)
c 
c --- [ proof tracing ] ------------------------------------------------------
c 
c opening file to write '/tmp/59_219_0_six.drat'
c writing binary proof trace to '/tmp/59_219_0_six.drat'
c 
c --- [ parsing input ] ------------------------------------------------------
c 
c reading DIMACS file from '/tmp/59_219_0_six.cnf'
c opening file to read '/tmp/59_219_0_six.cnf'
c found 'p cnf 50176 399279' header
c parsed 399279 clauses in 0.15 seconds process time
c 
c --- [ options ] ------------------------------------------------------------
c 
c   --stabilize=false              (different from default 'true')
c   --walk=false                   (different from default 'true')
c 
c --- [ solving ] ------------------------------------------------------------
c 
c time measured in process time since initialization
c 
c  seconds  reductions  redundant  irredundant
c         MB    restarts       trail       variables
c          level   conflicts       glue         remaining
c 
c *  0.15 45  0 0   0    0    0  0% 0 368538 48568 97%
c {  0.16 46  0 0   0    0    0  0% 0 368538 48568 97%
c -  0.23 48 84 1  23  300  216 10% 10 356892 48568 97%
c I  0.28 48 65 1  57 1003  636  9% 11 356892 48568 97%
c -  0.40 60 68 2  73 1233  680  9% 11 356892 48568 97%
c -  0.58 61 49 3 139 2630 1235 10% 10 356892 48568 97%
c B  0.62 61 45 3 139 3004 1524 10% 10 356892 48568 97%
c -  0.85 61 48 4 192 4493 1996 10% 10 356892 48568 97%
c i  0.88 61 49 4 198 4759 2187 11% 10 356892 48538 97%
c i  0.88 61 49 4 198 4760 2187 11% 10 356892 48536 97%
c d  1.05 62 48 4 215 5000 2340 10% 10 351207 46135 92%
c 2  1.25 61 48 4 215 5000 2340 10% 10 345204 46117 92%
c p  1.57 63 48 4 215 5000 13663 10% 10 345204 45912 92%
c d  1.62 63 48 4 215 5000 13568 10% 10 338791 45885 91%
c s  1.92 76 52 4 272 5849 14147 10% 10 338778 45885 91%
c v  2.37 77 52 4 272 5849 14147 10% 10 335291 45885 91%
c w  2.48 77 52 4 272 5849 14134 10% 10 335291 45885 91%
c t  2.53 77 52 4 272 5849 14032 10% 10 305643 45885 91%
c e  3.30 67 52 4 272 5849 6883 10% 10 287507 29123 58%
c F  3.61 76 52 4 290 6007 6989  4% 10 287507 29123 58%
c 
c  seconds  reductions  redundant   irredundant
c         MB    restarts       trail        variables
c          level   conflicts       glue          remaining
c 
c -  3.71 77 50 5 331 6826 1168  5% 10 287507 29123 58%
c i  3.80 77 48 5 371 8059 2108  6% 10 287507 29117 58%
c i  3.84 77 46 5 404 8686 2591  6% 9 287507 29028 58%
c i  3.86 77 45 5 411 8941 2800  6% 9 287507 28932 58%
c -  3.95 77 43 6 417 9451 2109  6% 9 272713 28932 58%
c i  3.96 77 41 6 417 9685 2266  6% 9 272713 28925 58%
c i  3.96 77 41 6 417 9696 2272  6% 9 272713 28899 58%
c i  3.97 77 41 6 417 9715 2288  6% 9 272713 28732 57%
c i  3.98 77 41 6 417 9894 2404  6% 9 272713 28679 57%
c B  3.99 77 41 6 417 10009 2496  6% 9 272713 28679 57%
c i  4.00 77 41 6 417 10139 2602  6% 9 272713 28678 57%
c }  4.00 77 41 6 417 10143 2603  6% 9 272713 28556 57%
c 0  4.00 77 41 6 417 10143 2603  6% 9 272713 28556 57%
c 
c --- [ result ] -------------------------------------------------------------
c 
s UNSATISFIABLE
c 
c --- [ run-time profiling ] -------------------------------------------------
c 
c process time taken by individual solving procedures
c (percentage relative to process time for solving)
c 
c         2.32   60.46% simplify
c         1.52   39.54% search
c         1.52   39.44% unstable
c         0.76   19.88% elim
c         0.50   12.90% vivify
c         0.32    8.32% probe
c         0.26    6.87% subsume
c         0.16    4.16% ternary
c         0.00    0.10% lucky
c   =================================
c         3.84   96.20% solve
c 
c last line shows process time for solving
c (percentage relative to total process time)
c 
c --- [ statistics ] ---------------------------------------------------------
c 
c backtracked:               38923       383.74 %  of conflicts
c chronological:              3577         9.19 %  of backtracks
c conflicts:                 10143      2638.66    per second
c decisions:                 43938     11430.28    per second
c eliminated:                16762        33.41 %  of all variables
c fixed:                      2430         4.84 %  of all variables
c learned:                    8495        83.75 %  per conflict
c minimized:                132331        29.04 %  learned literals
c propagations:            6057973         1.58 M  per second
c reduced:                    1604        15.81 %  per conflict
c rephased:                      4      2535.75    interval
c restarts:                    417        24.32    interval
c substituted:                2428         4.84 %  of all variables
c subsumed:                  10993         0.85 %  of all clauses
c strengthened:               4227         0.32 %  of all clauses
c vivified:                   3590         0.28 %  of all clauses
c weakened:                 108150         4.03    average size
c 
c seconds are measured in process time for solving
c 
c --- [ resources ] ----------------------------------------------------------
c 
c total process time since initialization:         4.00    seconds
c total real time since initialization:            4.00    seconds
c maximum resident set size of process:           79.14    MB
c 
c --- [ shutting down ] ------------------------------------------------------
c 
c exit 20
