c --- [ banner ] -------------------------------------------------------------
c 
c CaDiCaL Radically Simplified CDCL SAT Solver
c Copyright (c) 2016-2019 Armin Biere, JKU Linz
c 
c Version 1.0.3 cb89cbfa16f47cb7bf1ec6ad9855e7b6d5203c18
c g++ (GCC) 6.3.0 -Wall -Wextra -O3 -DNDEBUG
c Fri Aug 23 08:17:16 CDT 2019 Linux login1 4.4.103-6.38-default x86_64
c 
c --- [ config ] -------------------------------------------------------------
c 
c using 'unsat' configuration (target unsatisfiable instances)
c 
c --- [ proof tracing ] ------------------------------------------------------
c 
c opening file to write '/tmp/59_749_0_six.drat'
c writing binary proof trace to '/tmp/59_749_0_six.drat'
c 
c --- [ parsing input ] ------------------------------------------------------
c 
c reading DIMACS file from '/tmp/59_749_0_six.cnf'
c opening file to read '/tmp/59_749_0_six.cnf'
c found 'p cnf 50176 399279' header
c parsed 399279 clauses in 0.15 seconds process time
c 
c --- [ options ] ------------------------------------------------------------
c 
c   --stabilize=false              (different from default 'true')
c   --walk=false                   (different from default 'true')
c 
c --- [ solving ] ------------------------------------------------------------
c 
c time measured in process time since initialization
c 
c  seconds  reductions  redundant  irredundant
c         MB    restarts       trail       variables
c          level   conflicts       glue         remaining
c 
c *  0.16 45  0 0   0    0    0  0% 0 368538 48568 97%
c {  0.16 46  0 0   0    0    0  0% 0 368538 48568 97%
c -  0.22 47 86 1  15  300  178  9% 10 356892 48568 97%
c I  0.30 48 77 1  72 1015  712 10% 12 356892 48568 97%
c -  0.42 61 66 2  77 1233  790 10% 11 356892 48568 97%
c -  0.64 61 77 3 142 2630 1306 11% 11 356892 48568 97%
c B  0.67 61 73 3 160 3019 1599 11% 11 356892 48568 97%
c -  0.89 61 69 4 252 4493 1975 11% 10 356892 48568 97%
c d  1.08 63 70 4 294 5004 2371 11% 10 352092 46168 92%
c 2  1.27 62 70 4 294 5004 2371 11% 10 346092 46168 92%
c p  1.54 64 70 4 294 5004 15345 11% 10 346092 46144 92%
c d  1.60 64 70 4 294 5004 15336 11% 10 344948 46135 92%
c s  1.87 78 72 4 342 5849 15955 11% 10 344937 46135 92%
c v  2.35 78 72 4 342 5849 15955 11% 10 340566 46135 92%
c w  2.46 78 72 4 342 5849 15950 11% 10 340566 46135 92%
c t  2.51 78 72 4 342 5849 15931 11% 10 312701 46135 92%
c e  3.26 69 72 4 342 5849 6786 11% 10 296040 30124 60%
c F  3.55 78 70 4 345 6021 6911  3% 10 296040 30124 60%
c -  3.66 78 65 5 390 6821 1269  5% 10 296040 30124 60%
c i  3.71 78 63 5 434 7385 1716  6% 10 296040 30118 60%
c 
c  seconds  reductions  redundant   irredundant
c         MB    restarts       trail        variables
c          level   conflicts       glue          remaining
c 
c i  3.71 78 63 5 434 7386 1716  6% 10 296040 30117 60%
c -  3.90 78 55 6 522 9469 2533  6% 10 294521 30111 60%
c B  3.92 78 52 6 522 10026 2949  6% 10 294521 30111 60%
c -  4.25 78 55 7 725 12555 3486  7% 10 294521 30111 60%
c 3  4.52 78 52 7 804 15010 25035  7% 10 294521 30111 60%
c 2  4.60 78 52 7 804 15010 25035  7% 10 294521 30110 60%
c p  4.66 78 52 7 804 15010 30919  7% 10 294521 30110 60%
c #  4.70 78 52 7 804 15028 30936  7% 10 294521 30110 60%
c -  4.86 78 50 8 822 16080 4571  7% 10 294394 30110 60%
c s  5.20 83 48 8 1010 19041 6992  7% 10 294394 30110 60%
c v  5.50 83 48 8 1010 19041 6992  7% 10 282967 30110 60%
c w  5.60 83 48 8 1010 19041 6967  7% 10 282967 30110 60%
c t  5.61 83 48 8 1010 19041 6967  7% 10 281985 30110 60%
c e  5.77 83 48 8 1010 19041 6503  7% 10 281548 29777 59%
c s  5.81 83 48 8 1010 19041 6377  7% 10 280883 29777 59%
c e  5.93 83 48 8 1010 19041 6292  7% 10 280853 29767 59%
c -  6.11 83 48 9 1045 20048 5319  7% 10 280853 29767 59%
c B  6.19 83 47 9 1109 21033 6128  7% 10 280853 29767 59%
c -  6.57 83 46 10 1395 24396 5912  7% 10 280853 29767 59%
c O  6.96 83 44 10 1561 28037 8827  7% 10 280853 29767 59%
c 
c  seconds  reductions     redundant   irredundant
c         MB     restarts         trail        variables
c          level      conflicts       glue          remaining
c 
c -  7.13 83 44 11 1624 29191 6569  7% 10 280853 29767 59%
c 3  7.32 83 43 11 1652 30013 27208  7% 10 280853 29767 59%
c 2  7.40 83 43 11 1652 30013 27207  7% 10 280847 29767 59%
c p  7.46 83 43 11 1652 30013 33456  7% 10 280847 29762 59%
c -  8.10 83 42 12 1814 34406 9059  7% 10 280263 29762 59%
c B  8.34 83 40 12 1843 36038 10381  8% 9 280263 29762 59%
c v  9.10 83 39 12 1898 38470 12412  8% 9 263910 29762 59%
c w  9.24 83 39 12 1898 38470 12381  8% 9 263910 29762 59%
c t  9.26 83 39 12 1898 38470 12380  8% 9 263882 29762 59%
c e  9.38 83 39 12 1898 38470 11582  8% 9 263818 29718 59%
c s  9.42 83 39 12 1898 38470 11352  8% 9 263707 29718 59%
c e  9.49 83 39 12 1898 38470 11227  8% 9 263705 29706 59%
c -  9.75 83 39 13 1972 40053 8929  8% 9 263705 29706 59%
c i 10.09 83 38 13 2009 42926 11350  8% 9 263705 29518 59%
c i 10.09 83 38 13 2009 42940 11358  8% 9 263705 29517 59%
c i 10.09 83 38 13 2009 42941 11358  8% 9 263705 29508 59%
c I 10.32 83 38 13 2080 45039 13083  8% 9 263705 29508 59%
c - 10.64 83 37 14 2121 46021 8543  8% 9 249759 29508 59%
c d 11.43 83 36 14 2263 50014 11913  8% 9 249756 29506 59%
c 3 11.53 83 36 14 2263 50014 30351  8% 9 249756 29506 59%
c 
c  seconds  reductions      redundant  irredundant
c         MB     restarts          trail       variables
c          level      conflicts        glue         remaining
c 
c 2 11.60 83 36 14 2263 50014 30346  8% 9 249754 29506 59%
c p 11.74 83 36 14 2263 50014 38372  8% 9 249754 29431 59%
c d 11.78 83 36 14 2263 50014 37743  8% 9 246337 29427 59%
c d 11.80 83 36 14 2263 50014 37730  8% 9 246332 29425 59%
c - 12.31 83 35 15 2292 52310 11298  9% 9 246332 29425 59%
c i 12.37 83 35 15 2292 52541 11472  9% 9 246332 29371 59%
c i 12.43 83 34 15 2292 52793 11673  9% 9 246332 29315 58%
c i 12.49 83 34 15 2292 52982 11843  9% 9 246332 29200 58%
c i 12.55 83 34 15 2295 53218 12021  9% 9 246332 29178 58%
c i 12.74 83 34 15 2295 53841 12494  9% 9 246332 29124 58%
c i 12.76 83 34 15 2295 53936 12574  9% 9 246332 29070 58%
c i 12.79 83 34 15 2295 54066 12666  9% 9 246332 28639 57%
c i 12.79 83 34 15 2295 54069 12668  9% 9 246332 28529 57%
c } 12.80 83 34 15 2295 54086 12675  9% 9 246332 26692 53%
c 0 12.80 83 34 15 2295 54086 12675  9% 9 246332 26692 53%
c 
c --- [ result ] -------------------------------------------------------------
c 
s UNSATISFIABLE
c 
c --- [ run-time profiling ] -------------------------------------------------
c 
c process time taken by individual solving procedures
c (percentage relative to process time for solving)
c 
c         7.91   62.58% search
c         7.91   62.54% unstable
c         4.73   37.39% simplify
c         1.34   10.60% vivify
c         1.21    9.55% elim
c         0.54    4.27% ternary
c         0.54    4.24% probe
c         0.44    3.51% subsume
c         0.00    0.03% lucky
c   =================================
c        12.64   98.81% solve
c 
c last line shows process time for solving
c (percentage relative to total process time)
c 
c --- [ statistics ] ---------------------------------------------------------
c 
c backtracked:              210154       388.56 %  of conflicts
c chronological:             19768         9.41 %  of backtracks
c conflicts:                 54086      4277.60    per second
c decisions:                223883     17706.66    per second
c eliminated:                16410        32.70 %  of all variables
c fixed:                      4657         9.28 %  of all variables
c learned:                   48925        90.46 %  per conflict
c minimized:                736203        32.21 %  learned literals
c propagations:           31621675         2.50 M  per second
c reduced:                   25398        46.96 %  per conflict
c rephased:                      9      6009.56    interval
c restarts:                   2295        23.57    interval
c substituted:                2417         4.82 %  of all variables
c subsumed:                  45132         2.79 %  of all clauses
c strengthened:               9369         0.58 %  of all clauses
c ternary:                   85956         1.00 %  of resolved
c vivified:                  33255         2.06 %  of all clauses
c weakened:                 111211         4.17    average size
c 
c seconds are measured in process time for solving
c 
c --- [ resources ] ----------------------------------------------------------
c 
c total process time since initialization:        12.80    seconds
c total real time since initialization:           12.80    seconds
c maximum resident set size of process:           83.38    MB
c 
c --- [ shutting down ] ------------------------------------------------------
c 
c exit 20
