c --- [ banner ] -------------------------------------------------------------
c 
c CaDiCaL Radically Simplified CDCL SAT Solver
c Copyright (c) 2016-2019 Armin Biere, JKU Linz
c 
c Version 1.0.3 cb89cbfa16f47cb7bf1ec6ad9855e7b6d5203c18
c g++ (GCC) 6.3.0 -Wall -Wextra -O3 -DNDEBUG
c Fri Aug 23 08:17:16 CDT 2019 Linux login1 4.4.103-6.38-default x86_64
c 
c --- [ config ] -------------------------------------------------------------
c 
c using 'unsat' configuration (target unsatisfiable instances)
c 
c --- [ proof tracing ] ------------------------------------------------------
c 
c opening file to write '/tmp/59_758_0_six.drat'
c writing binary proof trace to '/tmp/59_758_0_six.drat'
c 
c --- [ parsing input ] ------------------------------------------------------
c 
c reading DIMACS file from '/tmp/59_758_0_six.cnf'
c opening file to read '/tmp/59_758_0_six.cnf'
c found 'p cnf 50176 399279' header
c parsed 399279 clauses in 0.15 seconds process time
c 
c --- [ options ] ------------------------------------------------------------
c 
c   --stabilize=false              (different from default 'true')
c   --walk=false                   (different from default 'true')
c 
c --- [ solving ] ------------------------------------------------------------
c 
c time measured in process time since initialization
c 
c  seconds  reductions  redundant  irredundant
c         MB    restarts       trail       variables
c          level   conflicts       glue         remaining
c 
c *  0.15 45  0 0   0    0    0  0% 0 368568 48630 97%
c {  0.16 45  0 0   0    0    0  0% 0 368568 48630 97%
c -  0.22 47 92 1  23  303  214  8% 10 358640 48630 97%
c I  0.28 48 99 1  92 1002  740  9% 13 358640 48630 97%
c -  0.40 61 113 2  95 1235  824 10% 12 358640 48630 97%
c -  0.56 61 81 3 134 2636 1409 10% 10 358640 48630 97%
c B  0.60 61 74 3 134 3003 1694 10% 10 358640 48630 97%
c i  0.66 61 69 3 164 3610 2153 10% 10 358640 48616 97%
c i  0.66 61 69 3 164 3635 2161 10% 10 358640 48137 96%
c i  0.66 61 67 3 164 3688 2206 10% 9 358640 47323 94%
c i  0.66 61 65 3 164 3779 2277 10% 9 358640 46525 93%
c }  0.67 61 65 3 164 3789 2282 10% 9 358640 45848 91%
c 0  0.67 61 65 3 164 3789 2282 10% 9 358640 45848 91%
c 
c --- [ result ] -------------------------------------------------------------
c 
s UNSATISFIABLE
c 
c --- [ run-time profiling ] -------------------------------------------------
c 
c process time taken by individual solving procedures
c (percentage relative to process time for solving)
c 
c         0.52  100.00% search
c         0.51   99.22% unstable
c         0.00    0.78% lucky
c         0.00    0.00% simplify
c   =================================
c         0.52   77.25% solve
c 
c last line shows process time for solving
c (percentage relative to total process time)
c 
c --- [ statistics ] ---------------------------------------------------------
c 
c backtracked:                4444       117.29 %  of conflicts
c chronological:              1405        31.62 %  of backtracks
c conflicts:                  3789      7343.02    per second
c decisions:                 23960     46434.11    per second
c fixed:                      4328         8.63 %  of all variables
c learned:                    3192        84.24 %  per conflict
c minimized:                 49335        28.69 %  learned literals
c propagations:            1843956         3.57 M  per second
c reduced:                     550        14.52 %  per conflict
c rephased:                      2      1894.50    interval
c restarts:                    164        23.10    interval
c subsumed:                    355         0.05 %  of all clauses
c 
c seconds are measured in process time for solving
c 
c --- [ resources ] ----------------------------------------------------------
c 
c total process time since initialization:         0.67    seconds
c total real time since initialization:            0.67    seconds
c maximum resident set size of process:           70.56    MB
c 
c --- [ shutting down ] ------------------------------------------------------
c 
c exit 20
