c --- [ banner ] -------------------------------------------------------------
c 
c CaDiCaL Radically Simplified CDCL SAT Solver
c Copyright (c) 2016-2019 Armin Biere, JKU Linz
c 
c Version 1.0.3 cb89cbfa16f47cb7bf1ec6ad9855e7b6d5203c18
c g++ (GCC) 6.3.0 -Wall -Wextra -O3 -DNDEBUG
c Fri Aug 23 08:17:16 CDT 2019 Linux login1 4.4.103-6.38-default x86_64
c 
c --- [ config ] -------------------------------------------------------------
c 
c using 'unsat' configuration (target unsatisfiable instances)
c 
c --- [ proof tracing ] ------------------------------------------------------
c 
c opening file to write '/tmp/38_10_0_four.drat'
c writing binary proof trace to '/tmp/38_10_0_four.drat'
c 
c --- [ parsing input ] ------------------------------------------------------
c 
c reading DIMACS file from '/tmp/38_10_0_four.cnf'
c opening file to read '/tmp/38_10_0_four.cnf'
c found 'p cnf 259840 1039934' header
c parsed 1039934 clauses in 0.74 seconds process time
c 
c --- [ options ] ------------------------------------------------------------
c 
c   --stabilize=false              (different from default 'true')
c   --walk=false                   (different from default 'true')
c 
c --- [ solving ] ------------------------------------------------------------
c 
c time measured in process time since initialization
c 
c  seconds   reductions  redundant   irredundant
c          MB    restarts       trail        variables
c           level   conflicts       glue           remaining
c 
c *  0.76 139  0 0   0    0    0  0% 0 1039424 253462 98%
c {  0.78 142  0 0   0    0    0  0% 0 1039424 253462 98%
c -  1.05 149 282 1  21  308  204  6% 6 918098 253462 98%
c I  1.63 149 97 1 158 1002  814  7% 10 918098 253462 98%
c -  2.46 180 90 2 218 1486 1188  8% 10 918098 253462 98%
c B  3.42 180 58 2 244 3003 2515 10% 9 918098 253462 98%
c -  3.76 180 56 3 253 3252 2054 10% 9 918098 253462 98%
c s  4.76 161 47 3 277 4073 2676  9% 9 918098 253462 98%
c v  6.02 187 47 3 277 4073 2676  9% 9 918088 253462 98%
c w  6.36 187 47 3 277 4073 2671  9% 9 918088 253462 98%
c t  6.42 187 47 3 277 4073 2671  9% 9 917493 253462 98%
c e  9.09 206 47 3 277 4073   49  9% 9 227119 28004 11%
c s  9.33 206 47 3 277 4073   48  9% 9 226885 28004 11%
c e  9.64 148 47 3 277 4073   45  9% 9 226885 27924 11%
c 3  9.96 166 43 3 308 5002 3367  6% 8 226885 27924 11%
c 3  9.97 166 43 3 308 5002 3601  6% 8 226885 27924 11%
c d 10.02 166 43 3 308 5002 3523  6% 8 226885 27915 11%
c 2 10.04 166 43 3 308 5002 3505  6% 8 226885 27915 11%
c p 10.12 166 43 3 308 5002 6784  6% 8 226885 27909 11%
c i 10.15 166 42 3 308 5081 6853  6% 8 226885 27908 11%
c 
c  seconds   reductions  redundant  irredundant
c          MB    restarts       trail       variables
c           level   conflicts       glue         remaining
c 
c - 10.25 166 41 4 315 5608 1589  7% 8 226157 27908 11%
c F 10.29 166 39 4 315 6008 1928  7% 8 226157 27908 11%
c i 10.29 166 39 4 315 6023 1940  7% 8 226157 27901 11%
c i 10.29 166 39 4 315 6027 1941  7% 8 226157 27887 11%
c i 10.29 166 38 4 315 6037 1949  7% 8 226157 27718 11%
c i 10.29 166 38 4 315 6060 1964  7% 8 226157 27611 11%
c i 10.29 166 38 4 315 6061 1964  7% 8 226157 27560 11%
c i 10.29 166 38 4 315 6068 1966  7% 8 226157 27461 11%
c i 10.29 166 38 4 315 6071 1967  7% 8 226157 27318 11%
c i 10.30 166 38 4 315 6112 2003  7% 8 226157 27317 11%
c i 10.30 166 38 4 315 6147 2027  7% 8 226157 27276 10%
c i 10.30 166 38 4 315 6152 2029  7% 8 226157 27163 10%
c i 10.30 166 38 4 315 6155 2031  7% 8 226157 27031 10%
c i 10.30 166 38 4 315 6156 2031  7% 8 226157 26998 10%
c } 10.30 166 38 4 315 6159 2032  7% 8 226157 26973 10%
c 0 10.30 166 38 4 315 6159 2032  7% 8 226157 26973 10%
c 
c --- [ result ] -------------------------------------------------------------
c 
s UNSATISFIABLE
c 
c --- [ run-time profiling ] -------------------------------------------------
c 
c process time taken by individual solving procedures
c (percentage relative to process time for solving)
c 
c         5.58   58.34% simplify
c         3.96   41.45% search
c         3.94   41.24% unstable
c         2.90   30.28% elim
c         1.47   15.39% vivify
c         0.91    9.49% subsume
c         0.08    0.88% probe
c         0.08    0.79% ternary
c         0.02    0.21% lucky
c   =================================
c         9.56   92.82% solve
c 
c last line shows process time for solving
c (percentage relative to total process time)
c 
c --- [ statistics ] ---------------------------------------------------------
c 
c backtracked:               20204       328.04 %  of conflicts
c chronological:              2483        12.29 %  of backtracks
c conflicts:                  6159       643.98    per second
c decisions:                 30690      3208.91    per second
c eliminated:               225538        86.80 %  of all variables
c fixed:                      7320         2.82 %  of all variables
c learned:                    5638        91.54 %  per conflict
c minimized:                 45185        22.99 %  learned literals
c propagations:           14670039         1.53 M  per second
c reduced:                     721        11.71 %  per conflict
c rephased:                      3      2053.00    interval
c restarts:                    315        19.55    interval
c substituted:                   9         0.00 %  of all variables
c subsumed:                   6007         0.20 %  of all clauses
c strengthened:              15278         0.50 %  of all clauses
c ternary:                    3236         0.32 %  of resolved
c vivified:                    145         0.00 %  of all clauses
c weakened:                 806621         2.84    average size
c 
c seconds are measured in process time for solving
c 
c --- [ resources ] ----------------------------------------------------------
c 
c total process time since initialization:        10.30    seconds
c total real time since initialization:           10.31    seconds
c maximum resident set size of process:          212.66    MB
c 
c --- [ shutting down ] ------------------------------------------------------
c 
c exit 20
