c --- [ banner ] -------------------------------------------------------------
c 
c CaDiCaL Radically Simplified CDCL SAT Solver
c Copyright (c) 2016-2019 Armin Biere, JKU Linz
c 
c Version 1.0.3 cb89cbfa16f47cb7bf1ec6ad9855e7b6d5203c18
c g++ (GCC) 6.3.0 -Wall -Wextra -O3 -DNDEBUG
c Fri Aug 23 08:17:16 CDT 2019 Linux login1 4.4.103-6.38-default x86_64
c 
c --- [ config ] -------------------------------------------------------------
c 
c using 'unsat' configuration (target unsatisfiable instances)
c 
c --- [ proof tracing ] ------------------------------------------------------
c 
c opening file to write '/tmp/54_116_0_four.drat'
c writing binary proof trace to '/tmp/54_116_0_four.drat'
c 
c --- [ parsing input ] ------------------------------------------------------
c 
c reading DIMACS file from '/tmp/54_116_0_four.cnf'
c opening file to read '/tmp/54_116_0_four.cnf'
c found 'p cnf 43008 265785' header
c parsed 265785 clauses in 0.12 seconds process time
c 
c --- [ options ] ------------------------------------------------------------
c 
c   --stabilize=false              (different from default 'true')
c   --walk=false                   (different from default 'true')
c 
c --- [ solving ] ------------------------------------------------------------
c 
c time measured in process time since initialization
c 
c  seconds  reductions  redundant  irredundant
c         MB    restarts       trail       variables
c          level   conflicts       glue         remaining
c 
c *  0.12 31  0 0   0    0    0  0% 0 242133 41440 96%
c {  0.12 31  0 0   0    0    0  0% 0 242133 41440 96%
c -  0.15 32 30 1   0  301  208  6% 6 231366 41440 96%
c i  0.16 32 31 1   0  439  300  7% 6 231366 41120 96%
c i  0.16 32 31 1   0  442  300  6% 6 231366 41096 96%
c }  0.16 32 31 1   0  447  302  6% 6 231366 41045 95%
c 0  0.16 32 31 1   0  447  302  6% 6 231366 41045 95%
c 
c --- [ result ] -------------------------------------------------------------
c 
s UNSATISFIABLE
c 
c --- [ run-time profiling ] -------------------------------------------------
c 
c process time taken by individual solving procedures
c (percentage relative to process time for solving)
c 
c         0.04  100.00% search
c         0.04  100.00% unstable
c         0.00    0.00% simplify
c   =================================
c         0.04   27.50% solve
c 
c last line shows process time for solving
c (percentage relative to total process time)
c 
c --- [ statistics ] ---------------------------------------------------------
c 
c backtracked:                 518       115.88 %  of conflicts
c chronological:               185        35.71 %  of backtracks
c conflicts:                   447     10159.09    per second
c decisions:                  1583     35977.27    per second
c fixed:                      1963         4.56 %  of all variables
c learned:                     350        78.30 %  per conflict
c minimized:                  3360        32.63 %  learned literals
c propagations:              81543         1.85 M  per second
c subsumed:                     43         0.01 %  of all clauses
c 
c seconds are measured in process time for solving
c 
c --- [ resources ] ----------------------------------------------------------
c 
c total process time since initialization:         0.16    seconds
c total real time since initialization:            0.16    seconds
c maximum resident set size of process:           33.75    MB
c 
c --- [ shutting down ] ------------------------------------------------------
c 
c exit 20
