c --- [ banner ] -------------------------------------------------------------
c 
c CaDiCaL Radically Simplified CDCL SAT Solver
c Copyright (c) 2016-2019 Armin Biere, JKU Linz
c 
c Version 1.0.3 cb89cbfa16f47cb7bf1ec6ad9855e7b6d5203c18
c g++ (GCC) 6.3.0 -Wall -Wextra -O3 -DNDEBUG
c Fri Aug 23 08:17:16 CDT 2019 Linux login1 4.4.103-6.38-default x86_64
c 
c --- [ config ] -------------------------------------------------------------
c 
c using 'unsat' configuration (target unsatisfiable instances)
c 
c --- [ proof tracing ] ------------------------------------------------------
c 
c opening file to write '/tmp/54_948_0_four.drat'
c writing binary proof trace to '/tmp/54_948_0_four.drat'
c 
c --- [ parsing input ] ------------------------------------------------------
c 
c reading DIMACS file from '/tmp/54_948_0_four.cnf'
c opening file to read '/tmp/54_948_0_four.cnf'
c found 'p cnf 43008 265785' header
c parsed 265785 clauses in 0.10 seconds process time
c 
c --- [ options ] ------------------------------------------------------------
c 
c   --stabilize=false              (different from default 'true')
c   --walk=false                   (different from default 'true')
c 
c --- [ solving ] ------------------------------------------------------------
c 
c time measured in process time since initialization
c 
c  seconds  reductions  redundant  irredundant
c         MB    restarts       trail       variables
c          level   conflicts       glue         remaining
c 
c *  0.10 31  0 0   0    0    0  0% 0 242133 41525 97%
c {  0.10 31  0 0   0    0    0  0% 0 242133 41525 97%
c i  0.10 32 52 0   0   41   38  6% 3 242133 41497 96%
c i  0.11 32 44 0   0   85   61  7% 4 242133 41474 96%
c -  0.14 33 64 1  27  300  227  8% 7 231777 41441 96%
c I  0.18 33 45 1  60 1005  767  8% 8 231777 41441 96%
c -  0.24 41 48 2  60 1119  767  9% 8 231777 41441 96%
c -  0.35 41 35 3 111 2347 1417  9% 8 231777 41441 96%
c i  0.40 41 34 3 213 2991 1972  9% 8 231777 41431 96%
c B  0.40 41 34 3 214 3008 1986  8% 8 231777 41431 96%
c -  0.51 41 32 4 265 3987 2168  9% 8 231367 41431 96%
c d  0.68 42 29 4 323 5003 2978  9% 8 228255 39875 93%
c 2  0.80 43 29 4 323 5003 2978  9% 8 225921 39875 93%
c p  1.00 45 29 4 323 5003 6134  9% 8 225921 39808 93%
c d  1.03 46 29 4 323 5003 5980  9% 8 223369 39804 93%
c s  1.16 50 32 4 323 5088 6041  9% 8 223366 39804 93%
c v  1.36 51 32 4 323 5088 6041  9% 8 220340 39804 93%
c w  1.43 51 32 4 323 5088 6034  9% 8 220340 39804 93%
c t  1.48 51 32 4 323 5088 5920  9% 8 199654 39804 93%
c e  1.94 48 32 4 323 5088 1645  9% 8 182176 23127 54%
c 
c  seconds  reductions  redundant  irredundant
c         MB    restarts       trail       variables
c          level   conflicts       glue         remaining
c 
c s  2.00 50 32 4 323 5088 1629  9% 8 182176 23127 54%
c F  2.16 54 32 4 409 6009 2413  5% 8 182176 23127 54%
c -  2.19 54 31 5 409 6033 1611  5% 8 182176 23127 54%
c -  2.34 54 29 6 625 8301 2981  5% 8 182176 23127 54%
c B  2.47 54 29 6 765 10013 4448  5% 8 182176 23127 54%
c i  2.48 54 29 6 765 10072 4499  5% 8 182176 23108 54%
c i  2.48 54 28 6 765 10093 4514  5% 8 182176 23105 54%
c i  2.50 54 28 6 768 10278 4670  5% 8 182176 23042 54%
c i  2.50 54 28 6 768 10280 4671  5% 8 182176 23041 54%
c i  2.50 54 28 6 768 10281 4671  5% 8 182176 23027 54%
c i  2.50 54 28 6 768 10282 4671  5% 8 182176 23016 54%
c i  2.50 54 28 6 768 10314 4689  5% 8 182176 23006 53%
c }  2.50 54 28 6 768 10320 4692  5% 8 182176 22666 53%
c 0  2.51 54 28 6 768 10320 4692  5% 8 182176 22666 53%
c 
c --- [ result ] -------------------------------------------------------------
c 
s UNSATISFIABLE
c 
c --- [ run-time profiling ] -------------------------------------------------
c 
c process time taken by individual solving procedures
c (percentage relative to process time for solving)
c 
c         1.35   56.15% simplify
c         1.06   43.85% search
c         1.05   43.69% unstable
c         0.45   18.77% elim
c         0.23    9.63% vivify
c         0.20    8.14% probe
c         0.16    6.48% subsume
c         0.10    3.99% ternary
c   =================================
c         2.41   96.01% solve
c 
c last line shows process time for solving
c (percentage relative to total process time)
c 
c --- [ statistics ] ---------------------------------------------------------
c 
c backtracked:               38440       372.48 %  of conflicts
c chronological:              4206        10.94 %  of backtracks
c conflicts:                 10320      4285.71    per second
c decisions:                 46643     19370.02    per second
c eliminated:                16677        38.78 %  of all variables
c fixed:                      2105         4.89 %  of all variables
c learned:                    9363        90.73 %  per conflict
c minimized:                100947        29.63 %  learned literals
c propagations:            5191261         2.16 M  per second
c reduced:                    1851        17.94 %  per conflict
c rephased:                      4      2580.00    interval
c restarts:                    768        13.44    interval
c substituted:                1560         3.63 %  of all variables
c subsumed:                   6364         0.74 %  of all clauses
c strengthened:               2811         0.33 %  of all clauses
c vivified:                   3097         0.36 %  of all clauses
c weakened:                  80035         3.75    average size
c 
c seconds are measured in process time for solving
c 
c --- [ resources ] ----------------------------------------------------------
c 
c total process time since initialization:         2.51    seconds
c total real time since initialization:            2.51    seconds
c maximum resident set size of process:           53.87    MB
c 
c --- [ shutting down ] ------------------------------------------------------
c 
c exit 20
