c --- [ banner ] -------------------------------------------------------------
c 
c CaDiCaL Radically Simplified CDCL SAT Solver
c Copyright (c) 2016-2019 Armin Biere, JKU Linz
c 
c Version 1.0.3 cb89cbfa16f47cb7bf1ec6ad9855e7b6d5203c18
c g++ (GCC) 6.3.0 -Wall -Wextra -O3 -DNDEBUG
c Fri Aug 23 08:17:16 CDT 2019 Linux login1 4.4.103-6.38-default x86_64
c 
c --- [ config ] -------------------------------------------------------------
c 
c using 'unsat' configuration (target unsatisfiable instances)
c 
c --- [ proof tracing ] ------------------------------------------------------
c 
c opening file to write '/tmp/35_195_0_three.drat'
c writing binary proof trace to '/tmp/35_195_0_three.drat'
c 
c --- [ parsing input ] ------------------------------------------------------
c 
c reading DIMACS file from '/tmp/35_195_0_three.cnf'
c opening file to read '/tmp/35_195_0_three.cnf'
c found 'p cnf 202048 780980' header
c parsed 780980 clauses in 0.34 seconds process time
c 
c --- [ options ] ------------------------------------------------------------
c 
c   --stabilize=false              (different from default 'true')
c   --walk=false                   (different from default 'true')
c 
c --- [ solving ] ------------------------------------------------------------
c 
c time measured in process time since initialization
c 
c  seconds  reductions  redundant  irredundant
c         MB    restarts       trail       variables
c          level   conflicts       glue          remaining
c 
c *  0.35 97  0 0   0    0    0  0% 0 780480 197706 98%
c {  0.37 99  0 0   0    0    0  0% 0 780480 197706 98%
c -  0.54 104 291 1   5  300  174  5% 4 696000 197706 98%
c i  1.04 109 120 1 113  730  581  6% 8 696000 197705 98%
c i  1.04 109 119 1 114  732  582  6% 7 696000 197615 98%
c I  1.27 109 89 1 140 1002  832  7% 8 696000 197615 98%
c -  2.01 128 74 2 195 1405 1172  8% 8 694431 197615 98%
c i  2.18 128 73 2 206 1489 1252  8% 8 694431 197059 98%
c i  2.74 128 60 2 272 2213 1896  9% 9 694431 196805 97%
c i  2.78 128 58 2 273 2343 2009  9% 8 694431 196743 97%
c B  3.20 128 54 2 309 3005 2602  9% 8 694431 196743 97%
c -  3.46 127 54 3 313 3063 1966  9% 8 681304 196743 97%
c s  4.85 118 50 3 418 3963 2773  9% 9 681304 196743 97%
c v  5.89 133 50 3 418 3963 2773  9% 9 681294 196743 97%
c w  6.24 133 50 3 418 3963 2757  9% 9 681294 196675 97%
c t  6.30 133 50 3 418 3963 2757  9% 9 680947 196675 97%
c e  8.24 142 50 3 418 3963   39  9% 9 167009 25675 13%
c s  8.44 146 50 3 418 3963   37  9% 9 166888 25675 13%
c e  8.69 146 50 3 418 3963   31  9% 9 166867 25651 13%
c 3  9.09 146 51 3 543 5001 2785  8% 9 166867 25651 13%
c 
c  seconds   reductions  redundant  irredundant
c          MB    restarts       trail       variables
c           level   conflicts       glue         remaining
c 
c 3  9.10 146 51 3 543 5001 2845  8% 9 166867 25651 13%
c d  9.15 146 51 3 543 5001 2833  8% 9 166867 25649 13%
c 2  9.17 146 51 3 543 5001 2828  8% 9 166867 25649 13%
c p  9.26 146 51 3 543 5001 3613  8% 9 166867 25648 13%
c -  9.34 146 49 4 555 5264 1290  7% 9 166736 25648 13%
c F  9.41 146 45 4 566 6006 1977  6% 9 166736 25648 13%
c -  9.57 146 43 5 610 7099 2178  7% 9 166736 25648 13%
c -  9.98 146 39 6 796 9299 2930  7% 9 166736 25648 13%
c B 10.04 146 39 6 843 10007 3582  7% 9 166736 25648 13%
c - 10.35 146 38 7 951 11865 3570  7% 9 166736 25648 13%
c s 11.00 146 33 7 1008 14771 6017  8% 9 166713 25648 13%
c v 11.23 147 33 7 1008 14771 6017  8% 9 157957 25648 13%
c w 11.35 147 33 7 1008 14771 5993  8% 9 157957 25648 13%
c t 11.36 147 33 7 1008 14771 5990  8% 9 148188 25648 13%
c e 11.53 147 33 7 1008 14771 3363  8% 9 142827 20963 10%
c s 11.59 147 33 7 1008 14771 3255  8% 9 142235 20963 10%
c e 11.66 147 33 7 1008 14771 3243  8% 9 142186 20953 10%
c - 11.79 147 33 8 1008 14797 2469  1% 9 142186 20953 10%
c 3 11.93 147 33 8 1008 15001 5077 10% 9 142186 20953 10%
c 3 11.95 147 33 8 1008 15001 5842 10% 9 142186 20953 10%
c 
c  seconds   reductions    redundant  irredundant
c          MB    restarts         trail       variables
c           level     conflicts       glue         remaining
c 
c d 12.02 147 33 8 1008 15001 5022 10% 9 142186 20822 10%
c 2 12.04 147 33 8 1008 15001 4904 10% 9 142183 20822 10%
c p 12.09 147 33 8 1008 15001 6361 10% 9 142183 20822 10%
c # 12.12 147 33 8 1008 15008 6368 10% 9 142183 20822 10%
c i 12.42 147 31 8 1021 16109 7335 11% 8 142183 20819 10%
c i 12.42 147 31 8 1021 16154 7376 11% 8 142183 20816 10%
c i 12.49 147 30 8 1021 16484 7630 11% 8 142183 20813 10%
c i 12.51 147 30 8 1021 16568 7691 11% 8 142183 20788 10%
c i 12.51 147 30 8 1021 16572 7693 11% 8 142183 20779 10%
c i 12.51 147 29 8 1021 16587 7707 11% 8 142183 20774 10%
c i 12.52 147 29 8 1021 16599 7717 11% 8 142183 20641 10%
c i 12.52 147 29 8 1021 16604 7718 11% 8 142183 20250 10%
c i 12.55 147 29 8 1021 16765 7857 11% 8 142183 20242 10%
c i 12.56 147 29 8 1021 16771 7862 11% 8 142183 20188 10%
c i 12.56 147 29 8 1021 16775 7864 11% 8 142183 20180 10%
c } 12.56 147 29 8 1021 16778 7864 11% 8 142183 19712 10%
c 0 12.56 147 29 8 1021 16778 7864 11% 8 142183 19712 10%
c 
c --- [ result ] -------------------------------------------------------------
c 
s UNSATISFIABLE
c 
c --- [ run-time profiling ] -------------------------------------------------
c 
c process time taken by individual solving procedures
c (percentage relative to process time for solving)
c 
c         6.86   56.14% search
c         6.84   56.01% unstable
c         5.34   43.73% simplify
c         2.33   19.05% elim
c         1.60   13.06% vivify
c         0.83    6.78% subsume
c         0.20    1.60% ternary
c         0.14    1.11% probe
c         0.02    0.13% lucky
c   =================================
c        12.22   97.32% solve
c 
c last line shows process time for solving
c (percentage relative to total process time)
c 
c --- [ statistics ] ---------------------------------------------------------
c 
c backtracked:               61137       364.39 %  of conflicts
c chronological:              6871        11.24 %  of backtracks
c conflicts:                 16778      1373.00    per second
c decisions:                 78062      6388.05    per second
c eliminated:               175719        86.97 %  of all variables
c fixed:                      6484         3.21 %  of all variables
c learned:                   16026        95.52 %  per conflict
c minimized:                125549        26.57 %  learned literals
c propagations:           19383960         1.59 M  per second
c reduced:                    5183        30.89 %  per conflict
c rephased:                      5      3355.60    interval
c restarts:                   1021        16.43    interval
c substituted:                 133         0.07 %  of all variables
c subsumed:                  14846         0.63 %  of all clauses
c strengthened:              12991         0.55 %  of all clauses
c ternary:                    6469         0.34 %  of resolved
c vivified:                   9380         0.40 %  of all clauses
c weakened:                 621613         2.88    average size
c 
c seconds are measured in process time for solving
c 
c --- [ resources ] ----------------------------------------------------------
c 
c total process time since initialization:        12.56    seconds
c total real time since initialization:           12.56    seconds
c maximum resident set size of process:          156.09    MB
c 
c --- [ shutting down ] ------------------------------------------------------
c 
c exit 20
