c --- [ banner ] -------------------------------------------------------------
c 
c CaDiCaL Radically Simplified CDCL SAT Solver
c Copyright (c) 2016-2019 Armin Biere, JKU Linz
c 
c Version 1.0.3 cb89cbfa16f47cb7bf1ec6ad9855e7b6d5203c18
c g++ (GCC) 6.3.0 -Wall -Wextra -O3 -DNDEBUG
c Fri Aug 23 08:17:16 CDT 2019 Linux login1 4.4.103-6.38-default x86_64
c 
c --- [ config ] -------------------------------------------------------------
c 
c using 'unsat' configuration (target unsatisfiable instances)
c 
c --- [ proof tracing ] ------------------------------------------------------
c 
c opening file to write '/tmp/35_207_0_three.drat'
c writing binary proof trace to '/tmp/35_207_0_three.drat'
c 
c --- [ parsing input ] ------------------------------------------------------
c 
c reading DIMACS file from '/tmp/35_207_0_three.cnf'
c opening file to read '/tmp/35_207_0_three.cnf'
c found 'p cnf 202048 780980' header
c parsed 780980 clauses in 0.25 seconds process time
c 
c --- [ options ] ------------------------------------------------------------
c 
c   --stabilize=false              (different from default 'true')
c   --walk=false                   (different from default 'true')
c 
c --- [ solving ] ------------------------------------------------------------
c 
c time measured in process time since initialization
c 
c  seconds  reductions  redundant  irredundant
c         MB    restarts       trail       variables
c          level   conflicts       glue          remaining
c 
c *  0.26 97  0 0   0    0    0  0% 0 780480 197464 98%
c {  0.27 99  0 0   0    0    0  0% 0 780480 197464 98%
c -  0.38 103 290 1   7  300  172  5% 4 692834 197464 98%
c I  0.66 108 85 1 179 1003  823  7% 8 692834 197464 98%
c -  0.98 126 71 2 213 1404 1189  8% 8 692834 197464 98%
c B  1.57 126 52 2 359 3005 2664  9% 9 692834 197464 98%
c -  1.71 126 51 3 361 3063 2143  9% 9 692834 197464 98%
c s  2.36 112 45 3 424 3966 2971  9% 9 692834 197464 98%
c v  2.93 139 45 3 424 3966 2971  9% 9 692831 197464 98%
c w  3.13 139 45 3 424 3966 2969  9% 9 692831 197464 98%
c t  3.17 139 45 3 424 3966 2967  9% 9 692213 197464 98%
c e  4.43 132 45 3 424 3966   18  9% 9 170851 25983 13%
c s  4.54 141 45 3 424 3966   18  9% 9 170726 25983 13%
c e  4.67 141 45 3 424 3966   11  9% 9 170706 25910 13%
c 3  4.87 141 43 3 483 5001 3303  8% 9 170706 25910 13%
c d  4.90 141 43 3 483 5001 3297  8% 9 170706 25909 13%
c 2  4.91 141 43 3 483 5001 3295  8% 9 170706 25909 13%
c p  4.93 141 43 3 483 5001 4290  8% 9 170706 25909 13%
c -  4.98 141 44 4 547 5271 1244  7% 9 170706 25909 13%
c F  5.02 141 41 4 551 6012 1895  7% 9 170706 25909 13%
c 
c  seconds   reductions  redundant  irredundant
c          MB    restarts       trail       variables
c           level   conflicts       glue         remaining
c 
c -  5.09 141 36 5 556 7120 2078  7% 8 170706 25909 13%
c i  5.20 141 33 5 611 8638 3408  7% 8 170706 25908 13%
c i  5.20 141 33 5 611 8676 3432  7% 8 170706 25900 13%
c }  5.20 141 33 5 611 8718 3464  7% 8 170706 25874 13%
c 0  5.20 141 33 5 611 8718 3464  7% 8 170706 25874 13%
c 
c --- [ result ] -------------------------------------------------------------
c 
s UNSATISFIABLE
c 
c --- [ run-time profiling ] -------------------------------------------------
c 
c process time taken by individual solving procedures
c (percentage relative to process time for solving)
c 
c         2.61   52.75% simplify
c         2.33   47.01% search
c         2.32   46.85% unstable
c         1.36   27.38% elim
c         0.69   13.97% vivify
c         0.42    8.40% subsume
c         0.04    0.89% ternary
c         0.02    0.48% probe
c         0.01    0.16% lucky
c   =================================
c         4.95   95.16% solve
c 
c last line shows process time for solving
c (percentage relative to total process time)
c 
c --- [ statistics ] ---------------------------------------------------------
c 
c backtracked:               23718       272.06 %  of conflicts
c chronological:              3822        16.11 %  of backtracks
c conflicts:                  8718      1760.50    per second
c decisions:                 43134      8710.42    per second
c eliminated:               171554        84.91 %  of all variables
c fixed:                      4619         2.29 %  of all variables
c learned:                    8322        95.46 %  per conflict
c minimized:                 61198        24.44 %  learned literals
c propagations:           15767023         3.18 M  per second
c reduced:                    1379        15.82 %  per conflict
c rephased:                      3      2906.00    interval
c restarts:                    611        14.27    interval
c substituted:                   1         0.00 %  of all variables
c subsumed:                   3932         0.17 %  of all clauses
c strengthened:               9731         0.42 %  of all clauses
c ternary:                    2558         0.30 %  of resolved
c vivified:                    214         0.01 %  of all clauses
c weakened:                 610177         2.85    average size
c 
c seconds are measured in process time for solving
c 
c --- [ resources ] ----------------------------------------------------------
c 
c total process time since initialization:         5.20    seconds
c total real time since initialization:            5.21    seconds
c maximum resident set size of process:          152.32    MB
c 
c --- [ shutting down ] ------------------------------------------------------
c 
c exit 20
