c --- [ banner ] -------------------------------------------------------------
c 
c CaDiCaL Radically Simplified CDCL SAT Solver
c Copyright (c) 2016-2019 Armin Biere, JKU Linz
c 
c Version 1.0.3 cb89cbfa16f47cb7bf1ec6ad9855e7b6d5203c18
c g++ (GCC) 6.3.0 -Wall -Wextra -O3 -DNDEBUG
c Fri Aug 23 08:17:16 CDT 2019 Linux login1 4.4.103-6.38-default x86_64
c 
c --- [ config ] -------------------------------------------------------------
c 
c using 'unsat' configuration (target unsatisfiable instances)
c 
c --- [ proof tracing ] ------------------------------------------------------
c 
c opening file to write '/tmp/63_199_0_four.drat'
c writing binary proof trace to '/tmp/63_199_0_four.drat'
c 
c --- [ parsing input ] ------------------------------------------------------
c 
c reading DIMACS file from '/tmp/63_199_0_four.cnf'
c opening file to read '/tmp/63_199_0_four.cnf'
c found 'p cnf 43008 265775' header
c parsed 265775 clauses in 0.10 seconds process time
c 
c --- [ options ] ------------------------------------------------------------
c 
c   --stabilize=false              (different from default 'true')
c   --walk=false                   (different from default 'true')
c 
c --- [ solving ] ------------------------------------------------------------
c 
c time measured in process time since initialization
c 
c  seconds  reductions  redundant  irredundant
c         MB    restarts       trail       variables
c          level   conflicts       glue         remaining
c 
c *  0.10 31  0 0   0    0    0  0% 0 245041 41654 97%
c {  0.10 32  0 0   0    0    0  0% 0 245041 41654 97%
c i  0.12 33 77 0   8  288  175  9% 6 245041 41617 97%
c -  0.14 33 79 1   8  305  175  9% 7 234649 41595 97%
c I  0.19 34 56 1  96 1003  702  8% 9 234649 41595 97%
c -  0.26 42 51 2  98 1128  727  8% 9 234649 41595 97%
c -  0.38 42 46 3 169 2362 1320  9% 8 234649 41595 97%
c i  0.38 42 45 3 169 2378 1333  9% 8 234649 41571 97%
c i  0.39 42 45 3 177 2505 1440  9% 8 234649 41570 97%
c B  0.42 42 43 3 224 3004 1829  9% 8 234649 41570 97%
c i  0.50 42 43 3 287 3901 2523 11% 9 234649 41481 96%
c -  0.56 42 42 4 287 4012 1859 11% 9 231767 41481 96%
c d  0.74 43 42 4 335 5000 2663 11% 9 228643 39916 93%
c 2  0.87 44 42 4 335 5000 2662 11% 9 226294 39916 93%
c p  1.11 46 42 4 335 5000 11102 11% 9 226294 39247 91%
c s  1.26 41 43 4 336 5113 11209 11% 9 226290 39247 91%
c v  1.48 48 43 4 336 5113 11209 11% 9 222436 39247 91%
c w  1.55 48 43 4 336 5113 11133 11% 9 222436 39247 91%
c t  1.57 49 43 4 336 5113 11129 11% 9 204441 39247 91%
c e  2.02 47 43 4 336 5113 2016 11% 9 170251 22376 52%
c 
c  seconds  reductions  redundant  irredundant
c         MB    restarts       trail       variables
c          level   conflicts       glue         remaining
c 
c s  2.08 51 43 4 336 5113 2015 11% 9 170251 22376 52%
c F  2.22 51 39 4 344 6005 2769  3% 8 170251 22376 52%
c -  2.24 51 39 5 344 6061 1198  3% 8 170251 22376 52%
c -  2.34 52 33 6 348 8276 2566  4% 8 170251 22376 52%
c B  2.40 52 29 6 398 10006 4000  4% 8 170251 22376 52%
c -  2.47 53 28 7 448 10862 3441  4% 8 170251 22376 52%
c i  2.51 53 27 7 487 11959 4317  4% 7 170251 22304 52%
c i  2.51 53 27 7 487 12163 4433  4% 7 170251 22295 52%
c i  2.52 53 26 7 487 12278 4521  4% 7 170251 22268 52%
c i  2.52 53 26 7 487 12518 4703  4% 7 170251 22264 52%
c i  2.52 53 26 7 487 12546 4716  4% 7 170251 22260 52%
c i  2.52 53 26 7 487 12548 4716  4% 7 170251 22203 52%
c }  2.52 53 26 7 487 12554 4719  4% 7 170251 22176 52%
c 0  2.52 53 26 7 487 12554 4719  4% 7 170251 22176 52%
c 
c --- [ result ] -------------------------------------------------------------
c 
s UNSATISFIABLE
c 
c --- [ run-time profiling ] -------------------------------------------------
c 
c process time taken by individual solving procedures
c (percentage relative to process time for solving)
c 
c         1.38   56.84% simplify
c         1.04   43.00% search
c         1.04   43.00% unstable
c         0.44   18.12% elim
c         0.25   10.21% vivify
c         0.24    9.88% probe
c         0.17    6.92% subsume
c         0.09    3.79% ternary
c   =================================
c         2.43   96.20% solve
c 
c last line shows process time for solving
c (percentage relative to total process time)
c 
c --- [ statistics ] ---------------------------------------------------------
c 
c backtracked:               48338       385.04 %  of conflicts
c chronological:              4674         9.67 %  of backtracks
c conflicts:                 12554      5170.51    per second
c decisions:                 42005     17300.25    per second
c eliminated:                16871        39.23 %  of all variables
c fixed:                      2396         5.57 %  of all variables
c learned:                   11347        90.39 %  per conflict
c minimized:                121865        30.20 %  learned literals
c propagations:            5108664         2.10 M  per second
c reduced:                    3003        23.92 %  per conflict
c rephased:                      4      3138.50    interval
c restarts:                    487        25.78    interval
c substituted:                1565         3.64 %  of all variables
c subsumed:                   6978         0.81 %  of all clauses
c strengthened:               2051         0.24 %  of all clauses
c vivified:                   3411         0.40 %  of all clauses
c weakened:                  74085         3.79    average size
c 
c seconds are measured in process time for solving
c 
c --- [ resources ] ----------------------------------------------------------
c 
c total process time since initialization:         2.52    seconds
c total real time since initialization:            2.52    seconds
c maximum resident set size of process:           53.43    MB
c 
c --- [ shutting down ] ------------------------------------------------------
c 
c exit 20
