c --- [ banner ] -------------------------------------------------------------
c 
c CaDiCaL Radically Simplified CDCL SAT Solver
c Copyright (c) 2016-2019 Armin Biere, JKU Linz
c 
c Version 1.0.3 cb89cbfa16f47cb7bf1ec6ad9855e7b6d5203c18
c g++ (GCC) 6.3.0 -Wall -Wextra -O3 -DNDEBUG
c Fri Aug 23 08:17:16 CDT 2019 Linux login1 4.4.103-6.38-default x86_64
c 
c --- [ config ] -------------------------------------------------------------
c 
c using 'unsat' configuration (target unsatisfiable instances)
c 
c --- [ proof tracing ] ------------------------------------------------------
c 
c opening file to write '/tmp/63_480_0_four.drat'
c writing binary proof trace to '/tmp/63_480_0_four.drat'
c 
c --- [ parsing input ] ------------------------------------------------------
c 
c reading DIMACS file from '/tmp/63_480_0_four.cnf'
c opening file to read '/tmp/63_480_0_four.cnf'
c found 'p cnf 43008 265775' header
c parsed 265775 clauses in 0.09 seconds process time
c 
c --- [ options ] ------------------------------------------------------------
c 
c   --stabilize=false              (different from default 'true')
c   --walk=false                   (different from default 'true')
c 
c --- [ solving ] ------------------------------------------------------------
c 
c time measured in process time since initialization
c 
c  seconds  reductions  redundant  irredundant
c         MB    restarts       trail       variables
c          level   conflicts       glue         remaining
c 
c *  0.09 31  0 0   0    0    0  0% 0 245041 41670 97%
c {  0.09 32  0 0   0    0    0  0% 0 245041 41670 97%
c i  0.10 33 53 0  22  260  173  6% 8 245041 41642 97%
c -  0.12 33 48 1  25  300  206  6% 9 235391 41642 97%
c i  0.14 34 80 1  35  526  399 13% 10 235391 41609 97%
c I  0.16 34 63 1  54 1009  801 11% 9 235391 41609 97%
c -  0.21 42 58 2  58 1123  801 11% 9 234649 41609 97%
c -  0.31 43 53 3 123 2356 1336 10% 9 234649 41609 97%
c B  0.35 43 46 3 141 3011 1868 10% 9 234649 41609 97%
c i  0.37 43 46 3 158 3335 2131  9% 9 234649 41420 96%
c -  0.44 43 47 4 199 4000 1891 10% 9 230214 41420 96%
c d  0.58 43 46 4 268 5000 2701 10% 9 227118 39872 93%
c 2  0.65 43 46 4 268 5000 2698 10% 9 224796 39872 93%
c p  0.76 45 46 4 268 5000 4705 10% 9 224796 39862 93%
c s  0.86 42 47 4 280 5112 4786 10% 9 224796 39862 93%
c v  1.00 48 47 4 280 5112 4786 10% 9 221124 39862 93%
c w  1.04 48 47 4 280 5112 4780 10% 9 221124 39862 93%
c t  1.06 48 47 4 280 5112 4770 10% 9 200872 39862 93%
c e  1.42 54 47 4 280 5112 1194 10% 9 183293 23402 54%
c s  1.46 55 47 4 280 5112 1192 10% 9 183293 23402 54%
c 
c  seconds  reductions  redundant  irredundant
c         MB    restarts       trail       variables
c          level   conflicts       glue         remaining
c 
c F  1.57 58 45 4 321 6016 1962  6% 9 183293 23402 54%
c -  1.59 58 45 5 321 6045 1120  6% 9 183293 23402 54%
c -  1.72 58 40 6 488 8320 2480  6% 9 183293 23402 54%
c i  1.72 58 40 6 488 8337 2490  6% 9 183293 23385 54%
c B  1.82 58 38 6 631 10019 3984  6% 9 183293 23385 54%
c -  1.91 58 39 7 688 10974 3444  7% 9 181246 23385 54%
c i  1.91 58 39 7 688 10979 3448  7% 9 181246 23381 54%
c i  1.93 58 38 7 694 11466 3858  6% 9 181246 23356 54%
c i  2.01 58 34 7 714 13406 5461  6% 8 181246 23355 54%
c -  2.06 58 33 8 724 13997 3645  6% 8 178101 23355 54%
c i  2.07 58 32 8 724 14213 3792  6% 8 178101 23343 54%
c i  2.08 58 32 8 724 14283 3849  6% 8 178101 23340 54%
c i  2.08 58 32 8 724 14287 3851  6% 8 178101 23197 54%
c }  2.08 58 32 8 724 14336 3893  6% 8 178101 22273 52%
c 0  2.08 58 32 8 724 14336 3893  6% 8 178101 22273 52%
c 
c --- [ result ] -------------------------------------------------------------
c 
s UNSATISFIABLE
c 
c --- [ run-time profiling ] -------------------------------------------------
c 
c process time taken by individual solving procedures
c (percentage relative to process time for solving)
c 
c         1.08   54.22% search
c         1.08   54.22% unstable
c         0.91   45.78% simplify
c         0.36   17.87% elim
c         0.16    7.83% vivify
c         0.12    6.22% subsume
c         0.11    5.62% probe
c         0.05    2.61% ternary
c   =================================
c         1.99   95.77% solve
c 
c last line shows process time for solving
c (percentage relative to total process time)
c 
c --- [ statistics ] ---------------------------------------------------------
c 
c backtracked:               42878       299.09 %  of conflicts
c chronological:              5708        13.31 %  of backtracks
c conflicts:                 14336      7196.79    per second
c decisions:                 62316     31283.13    per second
c eliminated:                16460        38.27 %  of all variables
c fixed:                      2727         6.34 %  of all variables
c learned:                   13089        91.30 %  per conflict
c minimized:                143508        29.86 %  learned literals
c propagations:            6340249         3.18 M  per second
c reduced:                    4971        34.67 %  per conflict
c rephased:                      4      3584.00    interval
c restarts:                    724        19.80    interval
c substituted:                1548         3.60 %  of all variables
c subsumed:                   7328         0.85 %  of all clauses
c strengthened:               2765         0.32 %  of all clauses
c vivified:                   3878         0.45 %  of all clauses
c weakened:                  78765         3.77    average size
c 
c seconds are measured in process time for solving
c 
c --- [ resources ] ----------------------------------------------------------
c 
c total process time since initialization:         2.08    seconds
c total real time since initialization:            2.08    seconds
c maximum resident set size of process:           58.01    MB
c 
c --- [ shutting down ] ------------------------------------------------------
c 
c exit 20
