c --- [ banner ] -------------------------------------------------------------
c 
c CaDiCaL Radically Simplified CDCL SAT Solver
c Copyright (c) 2016-2019 Armin Biere, JKU Linz
c 
c Version 1.0.3 cb89cbfa16f47cb7bf1ec6ad9855e7b6d5203c18
c g++ (GCC) 6.3.0 -Wall -Wextra -O3 -DNDEBUG
c Fri Aug 23 08:17:16 CDT 2019 Linux login1 4.4.103-6.38-default x86_64
c 
c --- [ config ] -------------------------------------------------------------
c 
c using 'unsat' configuration (target unsatisfiable instances)
c 
c --- [ proof tracing ] ------------------------------------------------------
c 
c opening file to write '/tmp/63_537_0_four.drat'
c writing binary proof trace to '/tmp/63_537_0_four.drat'
c 
c --- [ parsing input ] ------------------------------------------------------
c 
c reading DIMACS file from '/tmp/63_537_0_four.cnf'
c opening file to read '/tmp/63_537_0_four.cnf'
c found 'p cnf 43008 265775' header
c parsed 265775 clauses in 0.10 seconds process time
c 
c --- [ options ] ------------------------------------------------------------
c 
c   --stabilize=false              (different from default 'true')
c   --walk=false                   (different from default 'true')
c 
c --- [ solving ] ------------------------------------------------------------
c 
c time measured in process time since initialization
c 
c  seconds  reductions  redundant  irredundant
c         MB    restarts       trail       variables
c          level   conflicts       glue         remaining
c 
c *  0.11 31  0 0   0    0    0  0% 0 245038 41612 97%
c {  0.11 32  0 0   0    0    0  0% 0 245038 41612 97%
c -  0.16 33 71 1  35  300  212  8% 9 234820 41612 97%
c I  0.21 34 69 1 114 1002  806 10% 11 234820 41612 97%
c -  0.28 42 72 2 116 1122  801 10% 11 234820 41612 97%
c -  0.42 42 65 3 163 2355 1299  9% 10 234820 41612 97%
c B  0.48 42 63 3 209 3004 1821 10% 10 234820 41612 97%
c -  0.61 42 62 4 243 4000 1883 10% 10 234820 41612 97%
c d  0.78 43 56 4 274 5001 2690 10% 9 231660 40032 93%
c 2  0.92 44 56 4 274 5001 2690 10% 9 229290 40032 93%
c p  1.05 46 56 4 274 5001 5599 10% 9 229290 40032 93%
c s  1.20 40 56 4 274 5116 5678 10% 9 229290 40032 93%
c v  1.50 48 56 4 274 5116 5678 10% 9 226052 40032 93%
c w  1.58 48 56 4 274 5116 5667 10% 9 226052 39986 93%
c t  1.61 49 56 4 274 5116 5663 10% 9 208185 39986 93%
c e  2.09 50 56 4 274 5116 1633 10% 9 190332 24321 57%
c s  2.16 53 56 4 274 5116 1624 10% 9 190332 24321 57%
c F  2.34 56 52 4 292 6005 2379  7% 9 190332 24321 57%
c i  2.34 56 52 4 292 6039 2405  6% 9 190332 24290 56%
c -  2.38 56 52 5 292 6056 1098  6% 9 186495 24286 56%
c 
c  seconds  reductions  redundant  irredundant
c         MB    restarts       trail       variables
c          level   conflicts       glue         remaining
c 
c i  2.40 56 50 5 308 6347 1356  6% 9 186495 24273 56%
c i  2.43 56 47 5 313 6923 1850  5% 9 186495 24242 56%
c i  2.43 56 47 5 313 6924 1850  5% 9 186495 24238 56%
c }  2.43 56 47 5 313 6926 1850  5% 9 186495 24073 56%
c 0  2.43 56 47 5 313 6926 1850  5% 9 186495 24073 56%
c 
c --- [ result ] -------------------------------------------------------------
c 
s UNSATISFIABLE
c 
c --- [ run-time profiling ] -------------------------------------------------
c 
c process time taken by individual solving procedures
c (percentage relative to process time for solving)
c 
c         1.41   60.76% simplify
c         0.91   39.07% search
c         0.91   39.07% unstable
c         0.47   20.31% elim
c         0.34   14.46% vivify
c         0.18    7.92% subsume
c         0.13    5.51% probe
c         0.11    4.65% ternary
c   =================================
c         2.32   95.72% solve
c 
c last line shows process time for solving
c (percentage relative to total process time)
c 
c --- [ statistics ] ---------------------------------------------------------
c 
c backtracked:               25086       362.20 %  of conflicts
c chronological:              2840        11.32 %  of backtracks
c conflicts:                  6926      2980.21    per second
c decisions:                 35349     15210.41    per second
c eliminated:                15665        36.42 %  of all variables
c fixed:                      1690         3.93 %  of all variables
c learned:                    6045        87.28 %  per conflict
c minimized:                 56741        24.40 %  learned literals
c propagations:            3227568         1.39 M  per second
c reduced:                    1459        21.07 %  per conflict
c rephased:                      3      2308.67    interval
c restarts:                    313        22.13    interval
c substituted:                1580         3.67 %  of all variables
c subsumed:                   6173         0.72 %  of all clauses
c strengthened:               2688         0.31 %  of all clauses
c vivified:                   3319         0.39 %  of all clauses
c weakened:                  78741         3.74    average size
c 
c seconds are measured in process time for solving
c 
c --- [ resources ] ----------------------------------------------------------
c 
c total process time since initialization:         2.43    seconds
c total real time since initialization:            2.43    seconds
c maximum resident set size of process:           56.35    MB
c 
c --- [ shutting down ] ------------------------------------------------------
c 
c exit 20
