c --- [ banner ] -------------------------------------------------------------
c 
c CaDiCaL Radically Simplified CDCL SAT Solver
c Copyright (c) 2016-2019 Armin Biere, JKU Linz
c 
c Version 1.0.3 cb89cbfa16f47cb7bf1ec6ad9855e7b6d5203c18
c g++ (GCC) 6.3.0 -Wall -Wextra -O3 -DNDEBUG
c Fri Aug 23 08:17:16 CDT 2019 Linux login1 4.4.103-6.38-default x86_64
c 
c --- [ config ] -------------------------------------------------------------
c 
c using 'unsat' configuration (target unsatisfiable instances)
c 
c --- [ proof tracing ] ------------------------------------------------------
c 
c opening file to write '/tmp/80_131_0_four.drat'
c writing binary proof trace to '/tmp/80_131_0_four.drat'
c 
c --- [ parsing input ] ------------------------------------------------------
c 
c reading DIMACS file from '/tmp/80_131_0_four.cnf'
c opening file to read '/tmp/80_131_0_four.cnf'
c found 'p cnf 43008 265780' header
c parsed 265780 clauses in 0.10 seconds process time
c 
c --- [ options ] ------------------------------------------------------------
c 
c   --stabilize=false              (different from default 'true')
c   --walk=false                   (different from default 'true')
c 
c --- [ solving ] ------------------------------------------------------------
c 
c time measured in process time since initialization
c 
c  seconds  reductions  redundant  irredundant
c         MB    restarts       trail       variables
c          level   conflicts       glue         remaining
c 
c *  0.10 31  0 0   0    0    0  0% 0 243890 41598 97%
c {  0.11 32  0 0   0    0    0  0% 0 243890 41598 97%
c -  0.16 33 40 1  33  303  247  7% 7 234816 41598 97%
c I  0.22 34 44 1  87 1002  743  9% 8 234816 41598 97%
c -  0.30 42 45 2  90 1125  732 10% 8 234816 41598 97%
c -  0.50 42 46 3 209 2358 1343  9% 9 234816 41598 97%
c B  0.58 42 42 3 221 3005 1874  9% 8 234816 41598 97%
c i  0.65 42 40 3 254 3666 2418 10% 8 234816 41582 97%
c -  0.73 42 39 4 288 4002 2028 10% 8 234242 41582 97%
c i  0.85 42 38 4 306 4946 2835 10% 8 234242 41572 97%
c i  0.85 42 38 4 306 4965 2850 10% 8 234242 41285 96%
c i  0.86 42 38 4 306 4971 2853 10% 8 234242 41265 96%
c i  0.86 42 38 4 306 4986 2867 10% 8 234242 41228 96%
c i  0.86 42 38 4 306 4991 2870 10% 8 234242 41227 96%
c d  0.96 43 38 4 306 5004 2390 10% 8 223947 39701 92%
c d  0.99 43 38 4 306 5004 2389 10% 8 223943 39700 92%
c 2  1.11 43 38 4 306 5004 2386 10% 8 221650 39695 92%
c p  1.13 44 38 4 306 5004 3480 10% 8 221650 38766 90%
c }  1.13 44 38 4 306 5004 3480 10% 8 221650 38766 90%
c 0  1.13 44 38 4 306 5004 3480 10% 8 221650 38766 90%
c 
c --- [ result ] -------------------------------------------------------------
c 
s UNSATISFIABLE
c 
c --- [ run-time profiling ] -------------------------------------------------
c 
c process time taken by individual solving procedures
c (percentage relative to process time for solving)
c 
c         0.76   73.54% search
c         0.75   73.15% unstable
c         0.27   26.46% simplify
c         0.11   10.89% ternary
c         0.02    2.33% probe
c         0.00    0.39% lucky
c   =================================
c         1.03   90.81% solve
c 
c last line shows process time for solving
c (percentage relative to total process time)
c 
c --- [ statistics ] ---------------------------------------------------------
c 
c backtracked:                6766       135.21 %  of conflicts
c chronological:              2143        31.67 %  of backtracks
c conflicts:                  5004      4867.70    per second
c decisions:                 26896     26163.42    per second
c fixed:                      2715         6.31 %  of all variables
c learned:                    4388        87.69 %  per conflict
c minimized:                 44480        25.55 %  learned literals
c propagations:            2468255         2.40 M  per second
c reduced:                    1173        23.44 %  per conflict
c rephased:                      2      2502.00    interval
c restarts:                    306        16.35    interval
c substituted:                1527         3.55 %  of all variables
c subsumed:                   2610         0.36 %  of all clauses
c weakened:                   3054         2.00    average size
c 
c seconds are measured in process time for solving
c 
c --- [ resources ] ----------------------------------------------------------
c 
c total process time since initialization:         1.13    seconds
c total real time since initialization:            1.13    seconds
c maximum resident set size of process:           48.52    MB
c 
c --- [ shutting down ] ------------------------------------------------------
c 
c exit 20
