c --- [ banner ] -------------------------------------------------------------
c 
c CaDiCaL Radically Simplified CDCL SAT Solver
c Copyright (c) 2016-2019 Armin Biere, JKU Linz
c 
c Version 1.0.3 cb89cbfa16f47cb7bf1ec6ad9855e7b6d5203c18
c g++ (GCC) 6.3.0 -Wall -Wextra -O3 -DNDEBUG
c Fri Aug 23 08:17:16 CDT 2019 Linux login1 4.4.103-6.38-default x86_64
c 
c --- [ config ] -------------------------------------------------------------
c 
c using 'unsat' configuration (target unsatisfiable instances)
c 
c --- [ proof tracing ] ------------------------------------------------------
c 
c opening file to write '/tmp/80_1054_0_four.drat'
c writing binary proof trace to '/tmp/80_1054_0_four.drat'
c 
c --- [ parsing input ] ------------------------------------------------------
c 
c reading DIMACS file from '/tmp/80_1054_0_four.cnf'
c opening file to read '/tmp/80_1054_0_four.cnf'
c found 'p cnf 43008 265780' header
c parsed 265780 clauses in 0.10 seconds process time
c 
c --- [ options ] ------------------------------------------------------------
c 
c   --stabilize=false              (different from default 'true')
c   --walk=false                   (different from default 'true')
c 
c --- [ solving ] ------------------------------------------------------------
c 
c time measured in process time since initialization
c 
c  seconds  reductions  redundant  irredundant
c         MB    restarts       trail       variables
c          level   conflicts       glue         remaining
c 
c *  0.10 31  0 0   0    0    0  0% 0 243899 41582 97%
c {  0.10 32  0 0   0    0    0  0% 0 243899 41582 97%
c -  0.14 33 37 1  30  300  246  7% 8 234242 41582 97%
c i  0.18 34 50 1  68  651  478  9% 9 234242 41554 97%
c i  0.19 34 50 1  80  703  515  9% 9 234242 41526 97%
c i  0.20 34 50 1 105  798  604  9% 9 234242 41506 97%
c i  0.20 34 50 1 106  799  604  9% 9 234242 41504 97%
c i  0.21 34 52 1 111 1001  750  9% 9 234242 41490 96%
c I  0.21 35 52 1 111 1002  751  9% 9 234242 41486 96%
c -  0.28 42 51 2 111 1121  758  9% 9 231926 41486 96%
c -  0.42 43 37 3 126 2350 1395 10% 8 231926 41486 96%
c i  0.45 43 36 3 151 2759 1738 10% 8 231926 41466 96%
c i  0.46 43 36 3 156 2893 1842 10% 8 231926 39897 93%
c i  0.46 43 35 3 156 2898 1846 10% 8 231926 39877 93%
c }  0.46 43 35 3 156 2905 1848 10% 8 231926 39669 92%
c 0  0.46 43 35 3 156 2905 1848 10% 8 231926 39669 92%
c 
c --- [ result ] -------------------------------------------------------------
c 
s UNSATISFIABLE
c 
c --- [ run-time profiling ] -------------------------------------------------
c 
c process time taken by individual solving procedures
c (percentage relative to process time for solving)
c 
c         0.36  100.00% search
c         0.36   98.89% unstable
c         0.00    1.11% lucky
c         0.00    0.00% simplify
c   =================================
c         0.36   78.26% solve
c 
c last line shows process time for solving
c (percentage relative to total process time)
c 
c --- [ statistics ] ---------------------------------------------------------
c 
c backtracked:                3512       120.90 %  of conflicts
c chronological:              1178        33.54 %  of backtracks
c conflicts:                  2905      8069.44    per second
c decisions:                 15327     42575.00    per second
c fixed:                      3339         7.76 %  of all variables
c learned:                    2521        86.78 %  per conflict
c minimized:                 29576        29.32 %  learned literals
c propagations:            1136766         3.16 M  per second
c reduced:                     470        16.18 %  per conflict
c rephased:                      1      2905.00    interval
c restarts:                    156        18.62    interval
c subsumed:                    192         0.04 %  of all clauses
c 
c seconds are measured in process time for solving
c 
c --- [ resources ] ----------------------------------------------------------
c 
c total process time since initialization:         0.46    seconds
c total real time since initialization:            0.46    seconds
c maximum resident set size of process:           48.75    MB
c 
c --- [ shutting down ] ------------------------------------------------------
c 
c exit 20
