c --- [ banner ] -------------------------------------------------------------
c 
c CaDiCaL Radically Simplified CDCL SAT Solver
c Copyright (c) 2016-2019 Armin Biere, JKU Linz
c 
c Version 1.0.3 cb89cbfa16f47cb7bf1ec6ad9855e7b6d5203c18
c g++ (GCC) 6.3.0 -Wall -Wextra -O3 -DNDEBUG
c Fri Aug 23 08:17:16 CDT 2019 Linux login1 4.4.103-6.38-default x86_64
c 
c --- [ config ] -------------------------------------------------------------
c 
c using 'unsat' configuration (target unsatisfiable instances)
c 
c --- [ proof tracing ] ------------------------------------------------------
c 
c opening file to write '/tmp/80_201_0_four.drat'
c writing binary proof trace to '/tmp/80_201_0_four.drat'
c 
c --- [ parsing input ] ------------------------------------------------------
c 
c reading DIMACS file from '/tmp/80_201_0_four.cnf'
c opening file to read '/tmp/80_201_0_four.cnf'
c found 'p cnf 43008 265780' header
c parsed 265780 clauses in 0.10 seconds process time
c 
c --- [ options ] ------------------------------------------------------------
c 
c   --stabilize=false              (different from default 'true')
c   --walk=false                   (different from default 'true')
c 
c --- [ solving ] ------------------------------------------------------------
c 
c time measured in process time since initialization
c 
c  seconds  reductions  redundant  irredundant
c         MB    restarts       trail       variables
c          level   conflicts       glue         remaining
c 
c *  0.10 31  0 0   0    0    0  0% 0 243893 41703 97%
c {  0.10 32  0 0   0    0    0  0% 0 243893 41703 97%
c -  0.16 33 59 1   7  325  268  9% 8 237117 41703 97%
c I  0.20 34 46 1  47 1005  783  8% 7 237117 41703 97%
c -  0.28 42 45 2  69 1150  783  8% 8 237117 41703 97%
c -  0.46 43 46 3 203 2387 1423  8% 9 237117 41703 97%
c B  0.53 43 47 3 255 3006 1945  9% 9 237117 41703 97%
c -  0.66 43 44 4 286 4036 2027  9% 9 237117 41703 97%
c i  0.71 43 41 4 317 4755 2600  9% 8 237117 41679 97%
c i  0.71 43 41 4 317 4756 2600  9% 8 237117 41623 97%
c i  0.71 43 41 4 317 4780 2611  9% 8 237117 41597 97%
c i  0.71 43 40 4 317 4841 2646  9% 8 237117 41572 97%
c i  0.71 43 40 4 317 4846 2650  9% 8 237117 41515 97%
c i  0.71 43 40 4 317 4847 2650  9% 8 237117 41144 96%
c }  0.71 43 40 4 317 4849 2650  9% 8 237117 41135 96%
c 0  0.71 43 40 4 317 4849 2650  9% 8 237117 41135 96%
c 
c --- [ result ] -------------------------------------------------------------
c 
s UNSATISFIABLE
c 
c --- [ run-time profiling ] -------------------------------------------------
c 
c process time taken by individual solving procedures
c (percentage relative to process time for solving)
c 
c         0.61  100.00% search
c         0.61   99.35% unstable
c         0.00    0.65% lucky
c         0.00    0.00% simplify
c   =================================
c         0.61   85.96% solve
c 
c last line shows process time for solving
c (percentage relative to total process time)
c 
c --- [ statistics ] ---------------------------------------------------------
c 
c backtracked:                5902       121.72 %  of conflicts
c chronological:              2045        34.65 %  of backtracks
c conflicts:                  4849      7923.20    per second
c decisions:                 28825     47099.67    per second
c fixed:                      1873         4.36 %  of all variables
c learned:                    4303        88.74 %  per conflict
c minimized:                 43151        24.88 %  learned literals
c propagations:            2148098         3.51 M  per second
c reduced:                    1332        27.47 %  per conflict
c rephased:                      2      2424.50    interval
c restarts:                    317        15.30    interval
c subsumed:                    314         0.06 %  of all clauses
c 
c seconds are measured in process time for solving
c 
c --- [ resources ] ----------------------------------------------------------
c 
c total process time since initialization:         0.71    seconds
c total real time since initialization:            0.71    seconds
c maximum resident set size of process:           49.11    MB
c 
c --- [ shutting down ] ------------------------------------------------------
c 
c exit 20
