c --- [ banner ] -------------------------------------------------------------
c 
c CaDiCaL Radically Simplified CDCL SAT Solver
c Copyright (c) 2016-2019 Armin Biere, JKU Linz
c 
c Version 1.0.3 cb89cbfa16f47cb7bf1ec6ad9855e7b6d5203c18
c g++ (GCC) 6.3.0 -Wall -Wextra -O3 -DNDEBUG
c Fri Aug 23 08:17:16 CDT 2019 Linux login1 4.4.103-6.38-default x86_64
c 
c --- [ config ] -------------------------------------------------------------
c 
c using 'unsat' configuration (target unsatisfiable instances)
c 
c --- [ proof tracing ] ------------------------------------------------------
c 
c opening file to write '/tmp/80_436_0_four.drat'
c writing binary proof trace to '/tmp/80_436_0_four.drat'
c 
c --- [ parsing input ] ------------------------------------------------------
c 
c reading DIMACS file from '/tmp/80_436_0_four.cnf'
c opening file to read '/tmp/80_436_0_four.cnf'
c found 'p cnf 43008 265780' header
c parsed 265780 clauses in 0.19 seconds process time
c 
c --- [ options ] ------------------------------------------------------------
c 
c   --stabilize=false              (different from default 'true')
c   --walk=false                   (different from default 'true')
c 
c --- [ solving ] ------------------------------------------------------------
c 
c time measured in process time since initialization
c 
c  seconds  reductions  redundant  irredundant
c         MB    restarts       trail       variables
c          level   conflicts       glue         remaining
c 
c *  0.19 31  0 0   0    0    0  0% 0 243890 41664 97%
c {  0.20 32  0 0   0    0    0  0% 0 243890 41664 97%
c -  0.26 33 35 1  15  300  242  7% 7 235968 41664 97%
c I  0.33 34 58 1  91 1018  761 10% 8 235968 41664 97%
c -  0.40 42 55 2  91 1123  731 10% 8 235968 41664 97%
c i  0.50 42 41 2 131 2159 1590 10% 8 235968 41638 97%
c -  0.60 42 39 3 158 2361 1404 10% 8 235394 41638 97%
c i  0.65 42 38 3 183 2634 1620 10% 8 235394 41332 96%
c }  0.65 42 38 3 183 2639 1621 10% 8 235394 40894 95%
c 0  0.65 42 38 3 183 2639 1621 10% 8 235394 40894 95%
c 
c --- [ result ] -------------------------------------------------------------
c 
s UNSATISFIABLE
c 
c --- [ run-time profiling ] -------------------------------------------------
c 
c process time taken by individual solving procedures
c (percentage relative to process time for solving)
c 
c         0.46  100.00% search
c         0.45   99.12% unstable
c         0.00    0.88% lucky
c         0.00    0.00% simplify
c   =================================
c         0.46   70.37% solve
c 
c last line shows process time for solving
c (percentage relative to total process time)
c 
c --- [ statistics ] ---------------------------------------------------------
c 
c backtracked:                3253       123.27 %  of conflicts
c chronological:              1123        34.52 %  of backtracks
c conflicts:                  2639      5787.28    per second
c decisions:                 15045     32993.42    per second
c fixed:                      2114         4.92 %  of all variables
c learned:                    2291        86.81 %  per conflict
c minimized:                 24532        27.77 %  learned literals
c propagations:            1249645         2.74 M  per second
c reduced:                     472        17.89 %  per conflict
c rephased:                      1      2639.00    interval
c restarts:                    183        14.42    interval
c subsumed:                    190         0.04 %  of all clauses
c 
c seconds are measured in process time for solving
c 
c --- [ resources ] ----------------------------------------------------------
c 
c total process time since initialization:         0.65    seconds
c total real time since initialization:            0.65    seconds
c maximum resident set size of process:           48.49    MB
c 
c --- [ shutting down ] ------------------------------------------------------
c 
c exit 20
