c --- [ banner ] -------------------------------------------------------------
c 
c CaDiCaL Radically Simplified CDCL SAT Solver
c Copyright (c) 2016-2019 Armin Biere, JKU Linz
c 
c Version 1.0.3 cb89cbfa16f47cb7bf1ec6ad9855e7b6d5203c18
c g++ (GCC) 6.3.0 -Wall -Wextra -O3 -DNDEBUG
c Fri Aug 23 08:17:16 CDT 2019 Linux login1 4.4.103-6.38-default x86_64
c 
c --- [ config ] -------------------------------------------------------------
c 
c using 'unsat' configuration (target unsatisfiable instances)
c 
c --- [ proof tracing ] ------------------------------------------------------
c 
c opening file to write '/tmp/80_728_0_four.drat'
c writing binary proof trace to '/tmp/80_728_0_four.drat'
c 
c --- [ parsing input ] ------------------------------------------------------
c 
c reading DIMACS file from '/tmp/80_728_0_four.cnf'
c opening file to read '/tmp/80_728_0_four.cnf'
c found 'p cnf 43008 265780' header
c parsed 265780 clauses in 0.10 seconds process time
c 
c --- [ options ] ------------------------------------------------------------
c 
c   --stabilize=false              (different from default 'true')
c   --walk=false                   (different from default 'true')
c 
c --- [ solving ] ------------------------------------------------------------
c 
c time measured in process time since initialization
c 
c  seconds  reductions  redundant  irredundant
c         MB    restarts       trail       variables
c          level   conflicts       glue         remaining
c 
c *  0.10 31  0 0   0    0    0  0% 0 243899 41506 97%
c {  0.10 32  0 0   0    0    0  0% 0 243899 41506 97%
c -  0.15 33 49 1   4  300  228  8% 6 232514 41506 97%
c i  0.17 33 35 1  23  495  383  7% 6 232514 41478 96%
c i  0.18 33 24 1  24  799  593  7% 5 232514 41470 96%
c i  0.18 33 24 1  24  822  605  7% 5 232514 41464 96%
c i  0.18 33 23 1  24  855  630  7% 5 232514 41462 96%
c i  0.18 33 23 1  24  873  643  7% 5 232514 41446 96%
c i  0.18 33 22 1  24  883  651  7% 5 232514 40890 95%
c i  0.18 33 22 1  24  884  651  7% 5 232514 40645 95%
c i  0.18 33 23 1  24  930  684  7% 5 232514 40344 94%
c I  0.19 33 27 1  24 1005  725  7% 5 232514 40344 94%
c }  0.19 33 26 1  30 1046  748  7% 5 232514 40272 94%
c 0  0.19 33 26 1  30 1046  748  7% 5 232514 40272 94%
c 
c --- [ result ] -------------------------------------------------------------
c 
s UNSATISFIABLE
c 
c --- [ run-time profiling ] -------------------------------------------------
c 
c process time taken by individual solving procedures
c (percentage relative to process time for solving)
c 
c         0.09  100.00% search
c         0.09  100.00% unstable
c         0.00    0.00% simplify
c   =================================
c         0.09   45.83% solve
c 
c last line shows process time for solving
c (percentage relative to total process time)
c 
c --- [ statistics ] ---------------------------------------------------------
c 
c backtracked:                1231       117.69 %  of conflicts
c chronological:               393        31.93 %  of backtracks
c conflicts:                  1046     11886.36    per second
c decisions:                  4305     48920.45    per second
c fixed:                      2736         6.36 %  of all variables
c learned:                     889        84.99 %  per conflict
c minimized:                  8507        35.19 %  learned literals
c propagations:             290068         3.30 M  per second
c rephased:                      1      1046.00    interval
c restarts:                     30        34.87    interval
c subsumed:                    132         0.03 %  of all clauses
c 
c seconds are measured in process time for solving
c 
c --- [ resources ] ----------------------------------------------------------
c 
c total process time since initialization:         0.19    seconds
c total real time since initialization:            0.19    seconds
c maximum resident set size of process:           34.72    MB
c 
c --- [ shutting down ] ------------------------------------------------------
c 
c exit 20
