c --- [ banner ] -------------------------------------------------------------
c 
c CaDiCaL Radically Simplified CDCL SAT Solver
c Copyright (c) 2016-2019 Armin Biere, JKU Linz
c 
c Version 1.0.3 cb89cbfa16f47cb7bf1ec6ad9855e7b6d5203c18
c g++ (GCC) 6.3.0 -Wall -Wextra -O3 -DNDEBUG
c Fri Aug 23 08:17:16 CDT 2019 Linux login1 4.4.103-6.38-default x86_64
c 
c --- [ config ] -------------------------------------------------------------
c 
c using 'unsat' configuration (target unsatisfiable instances)
c 
c --- [ proof tracing ] ------------------------------------------------------
c 
c opening file to write '/tmp/74_540_0_six.drat'
c writing binary proof trace to '/tmp/74_540_0_six.drat'
c 
c --- [ parsing input ] ------------------------------------------------------
c 
c reading DIMACS file from '/tmp/74_540_0_six.cnf'
c opening file to read '/tmp/74_540_0_six.cnf'
c found 'p cnf 50176 399289' header
c parsed 399289 clauses in 0.15 seconds process time
c 
c --- [ options ] ------------------------------------------------------------
c 
c   --stabilize=false              (different from default 'true')
c   --walk=false                   (different from default 'true')
c 
c --- [ solving ] ------------------------------------------------------------
c 
c time measured in process time since initialization
c 
c  seconds  reductions  redundant  irredundant
c         MB    restarts       trail       variables
c          level   conflicts       glue         remaining
c 
c *  0.15 44  0 0   0    0    0  0% 0 363728 48142 96%
c {  0.16 45  0 0   0    0    0  0% 0 363728 48142 96%
c -  0.21 46 49 1   8  301  213 10% 7 347284 48142 96%
c I  0.28 48 47 1  56 1006  722  9% 8 347284 48142 96%
c -  0.40 60 48 2  72 1226  777  9% 8 347284 48142 96%
c -  0.59 60 42 3 173 2615 1395 10% 9 347284 48142 96%
c B  0.63 60 43 3 239 3008 1640  9% 9 347284 48142 96%
c -  0.83 60 39 4 279 4468 2021 10% 9 347284 48142 96%
c i  0.86 60 38 4 295 4799 2257 10% 9 347284 48074 96%
c i  0.87 60 38 4 295 4805 2262 10% 9 347284 47975 96%
c d  1.02 61 37 4 295 5003 1845 10% 9 339011 45666 91%
c 2  1.22 61 37 4 295 5003 1845 10% 9 333241 45666 91%
c p  1.49 61 37 4 295 5003 11185 10% 9 333241 44767 89%
c d  1.54 61 37 4 295 5003 7849 10% 9 311430 44760 89%
c d  1.58 61 37 4 295 5003 7849 10% 9 311418 44756 89%
c i  1.76 63 37 4 296 5027 7860  2% 9 311418 44750 89%
c }  1.76 63 37 4 296 5029 7860  2% 9 311418 44560 89%
c 0  1.76 63 37 4 296 5029 7860  2% 9 311418 44560 89%
c 
c --- [ result ] -------------------------------------------------------------
c 
s UNSATISFIABLE
c 
c --- [ run-time profiling ] -------------------------------------------------
c 
c process time taken by individual solving procedures
c (percentage relative to process time for solving)
c 
c         0.90   56.22% search
c         0.90   55.97% unstable
c         0.70   43.78% simplify
c         0.28   17.16% probe
c         0.15    9.20% ternary
c         0.00    0.25% lucky
c   =================================
c         1.61   91.36% solve
c 
c last line shows process time for solving
c (percentage relative to total process time)
c 
c --- [ statistics ] ---------------------------------------------------------
c 
c backtracked:               24345       484.09 %  of conflicts
c chronological:              1881         7.73 %  of backtracks
c conflicts:                  5029      3127.49    per second
c decisions:                 27054     16824.63    per second
c fixed:                      3296         6.57 %  of all variables
c learned:                    4158        82.68 %  per conflict
c minimized:                 61775        28.63 %  learned literals
c propagations:            3581310         2.23 M  per second
c reduced:                    1137        22.61 %  per conflict
c rephased:                      2      2514.50    interval
c restarts:                    296        16.99    interval
c substituted:                2320         4.62 %  of all variables
c subsumed:                   6409         0.59 %  of all clauses
c weakened:                   4640         2.00    average size
c 
c seconds are measured in process time for solving
c 
c --- [ resources ] ----------------------------------------------------------
c 
c total process time since initialization:         1.76    seconds
c total real time since initialization:            1.76    seconds
c maximum resident set size of process:           71.84    MB
c 
c --- [ shutting down ] ------------------------------------------------------
c 
c exit 20
