c --- [ banner ] -------------------------------------------------------------
c 
c CaDiCaL Radically Simplified CDCL SAT Solver
c Copyright (c) 2016-2019 Armin Biere, JKU Linz
c 
c Version 1.0.3 cb89cbfa16f47cb7bf1ec6ad9855e7b6d5203c18
c g++ (GCC) 6.3.0 -Wall -Wextra -O3 -DNDEBUG
c Fri Aug 23 08:17:16 CDT 2019 Linux login1 4.4.103-6.38-default x86_64
c 
c --- [ config ] -------------------------------------------------------------
c 
c using 'unsat' configuration (target unsatisfiable instances)
c 
c --- [ proof tracing ] ------------------------------------------------------
c 
c opening file to write '/tmp/74_948_0_six.drat'
c writing binary proof trace to '/tmp/74_948_0_six.drat'
c 
c --- [ parsing input ] ------------------------------------------------------
c 
c reading DIMACS file from '/tmp/74_948_0_six.cnf'
c opening file to read '/tmp/74_948_0_six.cnf'
c found 'p cnf 50176 399289' header
c parsed 399289 clauses in 0.14 seconds process time
c 
c --- [ options ] ------------------------------------------------------------
c 
c   --stabilize=false              (different from default 'true')
c   --walk=false                   (different from default 'true')
c 
c --- [ solving ] ------------------------------------------------------------
c 
c time measured in process time since initialization
c 
c  seconds  reductions  redundant  irredundant
c         MB    restarts       trail       variables
c          level   conflicts       glue         remaining
c 
c *  0.14 44  0 0   0    0    0  0% 0 363718 48222 96%
c {  0.15 45  0 0   0    0    0  0% 0 363718 48222 96%
c i  0.15 46 42 0   0   85   62  7% 4 363718 48109 96%
c -  0.21 47 82 1  31  300  183  9% 10 346219 48081 96%
c i  0.26 48 82 1  57  764  508 12% 11 346219 48063 96%
c I  0.28 48 77 1  82 1002  671 11% 11 346219 48063 96%
c -  0.39 60 71 2  85 1223  764 11% 10 345537 48063 96%
c i  0.40 60 69 2  85 1345  850 11% 10 345537 47932 96%
c i  0.41 60 61 2  85 1605 1030 10% 9 345537 47509 95%
c }  0.41 60 59 2  85 1639 1054 10% 9 345537 47260 94%
c 0  0.41 60 59 2  85 1639 1054 10% 9 345537 47260 94%
c 
c --- [ result ] -------------------------------------------------------------
c 
s UNSATISFIABLE
c 
c --- [ run-time profiling ] -------------------------------------------------
c 
c process time taken by individual solving procedures
c (percentage relative to process time for solving)
c 
c         0.27  100.00% search
c         0.26   98.51% unstable
c         0.00    1.49% lucky
c         0.00    0.00% simplify
c   =================================
c         0.27   65.05% solve
c 
c last line shows process time for solving
c (percentage relative to total process time)
c 
c --- [ statistics ] ---------------------------------------------------------
c 
c backtracked:                1920       117.14 %  of conflicts
c chronological:               647        33.70 %  of backtracks
c conflicts:                  1639      6115.67    per second
c decisions:                 11277     42078.36    per second
c fixed:                      2916         5.81 %  of all variables
c learned:                    1247        76.08 %  per conflict
c minimized:                 10259        19.48 %  learned literals
c propagations:             703989         2.63 M  per second
c reduced:                      87         5.31 %  per conflict
c rephased:                      1      1639.00    interval
c restarts:                     85        19.28    interval
c subsumed:                    100         0.01 %  of all clauses
c 
c seconds are measured in process time for solving
c 
c --- [ resources ] ----------------------------------------------------------
c 
c total process time since initialization:         0.41    seconds
c total real time since initialization:            0.42    seconds
c maximum resident set size of process:           59.90    MB
c 
c --- [ shutting down ] ------------------------------------------------------
c 
c exit 20
