c --- [ banner ] -------------------------------------------------------------
c 
c CaDiCaL Radically Simplified CDCL SAT Solver
c Copyright (c) 2016-2019 Armin Biere, JKU Linz
c 
c Version 1.0.3 cb89cbfa16f47cb7bf1ec6ad9855e7b6d5203c18
c g++ (GCC) 6.3.0 -Wall -Wextra -O3 -DNDEBUG
c Fri Aug 23 08:17:16 CDT 2019 Linux login1 4.4.103-6.38-default x86_64
c 
c --- [ config ] -------------------------------------------------------------
c 
c using 'unsat' configuration (target unsatisfiable instances)
c 
c --- [ proof tracing ] ------------------------------------------------------
c 
c opening file to write '/tmp/22_768_0_three.drat'
c writing binary proof trace to '/tmp/22_768_0_three.drat'
c 
c --- [ parsing input ] ------------------------------------------------------
c 
c reading DIMACS file from '/tmp/22_768_0_three.cnf'
c opening file to read '/tmp/22_768_0_three.cnf'
c found 'p cnf 39424 200377' header
c parsed 200377 clauses in 0.16 seconds process time
c 
c --- [ options ] ------------------------------------------------------------
c 
c   --stabilize=false              (different from default 'true')
c   --walk=false                   (different from default 'true')
c 
c --- [ solving ] ------------------------------------------------------------
c 
c time measured in process time since initialization
c 
c  seconds  reductions  redundant  irredundant
c         MB    restarts       trail       variables
c          level   conflicts       glue         remaining
c 
c *  0.16 26  0 0   0    0    0  0% 0 182434 38192 97%
c {  0.16 27  0 0   0    0    0  0% 0 182434 38192 97%
c -  0.22 27 53 1   4  300  212  8% 7 176288 38192 97%
c I  0.30 29 43 1  35 1003  806  8% 7 176288 38192 97%
c -  0.37 34 43 2  38 1047  734  9% 7 176288 38192 97%
c -  0.50 35 38 3 157 2169 1376  9% 8 176288 38192 97%
c B  0.58 35 36 3 191 3006 2134  9% 8 176288 38192 97%
c -  0.67 35 36 4 259 3666 2065  9% 8 176288 38192 97%
c i  0.71 35 34 4 294 4065 2427  9% 8 176288 38191 97%
c i  0.71 35 34 4 294 4083 2436  9% 8 176288 38178 97%
c s  0.86 32 33 4 364 4514 2774  9% 8 176288 38178 97%
c v  0.98 38 33 4 364 4514 2774  9% 8 173221 38178 97%
c w  1.04 38 33 4 364 4514 2762  9% 8 173221 38146 97%
c t  1.06 38 33 4 364 4514 2758  9% 8 160025 38077 97%
c e  1.82 38 33 4 364 4514   55  9% 8 137910 21424 54%
c s  1.89 42 33 4 364 4514   55  9% 8 137895 21424 54%
c d  2.08 43 35 4 428 5001  477  4% 8 137890 21422 54%
c 3  2.13 43 35 4 428 5001 7998  4% 8 137890 21422 54%
c 2  2.16 44 35 4 428 5001 7998  4% 8 137888 21422 54%
c p  2.17 44 35 4 428 5001 8379  4% 8 137888 21422 54%
c 
c  seconds  reductions  redundant  irredundant
c         MB    restarts       trail       variables
c          level   conflicts       glue         remaining
c 
c -  2.22 44 35 5 448 5536 1136  5% 8 137888 21422 54%
c F  2.26 44 35 5 476 6010 1560  5% 8 137888 21422 54%
c i  2.27 44 34 5 476 6345 1852  5% 8 137888 21419 54%
c -  2.36 34 32 6 502 7590 2297  5% 8 137513 21419 54%
c i  2.50 34 31 6 710 9643 4102  5% 8 137513 21418 54%
c -  2.56 39 31 7 746 9982 3276  5% 8 137359 21418 54%
c B  2.56 39 31 7 750 10011 3296  5% 8 137359 21418 54%
c i  2.56 39 31 7 759 10111 3379  5% 8 137359 21417 54%
c -  2.82 39 31 8 989 12714 4173  6% 8 137254 21417 54%
c i  2.87 39 31 8 1055 13140 4554  6% 8 137254 21414 54%
c i  2.88 39 30 8 1055 13439 4806  6% 8 137254 21400 54%
c i  2.90 39 30 8 1055 13637 4965  6% 8 137254 21397 54%
c i  3.00 39 29 8 1081 14488 5717  6% 8 137254 21382 54%
c 3  3.11 39 29 8 1144 15004 13552  6% 8 137254 21382 54%
c 3  3.12 39 29 8 1144 15004 13636  6% 8 137254 21382 54%
c p  3.22 39 29 8 1144 15004 15156  6% 8 137254 21372 54%
c #  3.23 39 29 8 1145 15012 15164  6% 8 137254 21372 54%
c s  3.33 39 29 8 1166 15268 15355  6% 8 136973 21372 54%
c v  3.51 39 29 8 1166 15268 15355  6% 8 127655 21372 54%
c w  3.57 39 29 8 1166 15268 13001  6% 8 127655 21372 54%
c 
c  seconds  reductions     redundant  irredundant
c         MB    restarts          trail       variables
c          level     conflicts        glue         remaining
c 
c t  3.58 39 29 8 1166 15268 12997  6% 8 126883 21372 54%
c e  3.82 39 29 8 1166 15268 8347  6% 8 123110 20193 51%
c s  3.85 39 29 8 1166 15268 8221  6% 8 122136 20193 51%
c e  3.93 39 29 8 1166 15268 7175  6% 8 122323 19994 51%
c i  3.97 39 28 8 1190 15654 7476  6% 8 122323 19961 51%
c i  3.98 39 28 8 1190 15682 7494  6% 8 122323 19958 51%
c i  3.98 39 28 8 1190 15717 7516  6% 8 122323 19950 51%
c }  3.98 39 28 8 1190 15719 7516  6% 8 122323 19784 50%
c 0  3.98 39 28 8 1190 15719 7516  6% 8 122323 19784 50%
c 
c --- [ result ] -------------------------------------------------------------
c 
s UNSATISFIABLE
c 
c --- [ run-time profiling ] -------------------------------------------------
c 
c process time taken by individual solving procedures
c (percentage relative to process time for solving)
c 
c         2.09   54.76% simplify
c         1.73   45.24% search
c         1.72   45.13% unstable
c         1.11   29.11% elim
c         0.38    9.84% vivify
c         0.27    7.02% subsume
c         0.14    3.66% ternary
c         0.07    1.88% probe
c         0.00    0.10% lucky
c   =================================
c         3.82   96.08% solve
c 
c last line shows process time for solving
c (percentage relative to total process time)
c 
c --- [ statistics ] ---------------------------------------------------------
c 
c backtracked:               62465       397.39 %  of conflicts
c chronological:              6547        10.48 %  of backtracks
c conflicts:                 15719      4114.92    per second
c decisions:                 74762     19571.20    per second
c eliminated:                18031        45.74 %  of all variables
c fixed:                      1607         4.08 %  of all variables
c learned:                   14671        93.33 %  per conflict
c minimized:                137276        28.61 %  learned literals
c propagations:            5948866         1.56 M  per second
c reduced:                    4293        27.31 %  per conflict
c rephased:                      5      3143.80    interval
c restarts:                   1190        13.21    interval
c substituted:                   2         0.01 %  of all variables
c subsumed:                  17597         2.10 %  of all clauses
c strengthened:               7428         0.88 %  of all clauses
c ternary:                   21708         0.77 %  of resolved
c vivified:                  14098         1.68 %  of all clauses
c weakened:                  69363         4.07    average size
c 
c seconds are measured in process time for solving
c 
c --- [ resources ] ----------------------------------------------------------
c 
c total process time since initialization:         3.98    seconds
c total real time since initialization:            3.98    seconds
c maximum resident set size of process:           43.55    MB
c 
c --- [ shutting down ] ------------------------------------------------------
c 
c exit 20
