c --- [ banner ] -------------------------------------------------------------
c 
c CaDiCaL Radically Simplified CDCL SAT Solver
c Copyright (c) 2016-2019 Armin Biere, JKU Linz
c 
c Version 1.0.3 cb89cbfa16f47cb7bf1ec6ad9855e7b6d5203c18
c g++ (GCC) 6.3.0 -Wall -Wextra -O3 -DNDEBUG
c Fri Aug 23 08:17:16 CDT 2019 Linux login1 4.4.103-6.38-default x86_64
c 
c --- [ config ] -------------------------------------------------------------
c 
c using 'unsat' configuration (target unsatisfiable instances)
c 
c --- [ proof tracing ] ------------------------------------------------------
c 
c opening file to write '/tmp/22_751_0_three.drat'
c writing binary proof trace to '/tmp/22_751_0_three.drat'
c 
c --- [ parsing input ] ------------------------------------------------------
c 
c reading DIMACS file from '/tmp/22_751_0_three.cnf'
c opening file to read '/tmp/22_751_0_three.cnf'
c found 'p cnf 39424 200377' header
c parsed 200377 clauses in 0.15 seconds process time
c 
c --- [ options ] ------------------------------------------------------------
c 
c   --stabilize=false              (different from default 'true')
c   --walk=false                   (different from default 'true')
c 
c --- [ solving ] ------------------------------------------------------------
c 
c time measured in process time since initialization
c 
c  seconds  reductions  redundant  irredundant
c         MB    restarts       trail       variables
c          level   conflicts       glue         remaining
c 
c *  0.15 26  0 0   0    0    0  0% 0 182435 38248 97%
c {  0.15 26  0 0   0    0    0  0% 0 182435 38248 97%
c -  0.18 27 36 1  21  301  255  6% 7 177576 38248 97%
c I  0.23 29 44 1  44 1002  837  8% 7 177576 38248 97%
c -  0.29 35 44 2  47 1050  741  8% 7 177576 38248 97%
c i  0.30 35 41 2  50 1119  799  8% 7 177576 37998 96%
c i  0.35 35 39 2 150 1728 1343  8% 7 177576 37953 96%
c i  0.37 35 40 2 156 1965 1540  9% 7 177576 37889 96%
c -  0.42 34 39 3 202 2175 1277  8% 8 169503 37853 96%
c i  0.44 34 38 3 202 2381 1459  9% 7 169503 37791 96%
c i  0.44 34 38 3 202 2383 1460  9% 7 169503 37787 96%
c i  0.44 34 37 3 202 2444 1496  9% 7 169503 37672 96%
c i  0.44 34 37 3 202 2460 1499  8% 7 169503 37599 95%
c i  0.44 34 37 3 202 2461 1499  8% 7 169503 37408 95%
c }  0.44 34 37 3 202 2471 1505  8% 7 169503 37209 94%
c 0  0.44 34 37 3 202 2471 1505  8% 7 169503 37209 94%
c 
c --- [ result ] -------------------------------------------------------------
c 
s UNSATISFIABLE
c 
c --- [ run-time profiling ] -------------------------------------------------
c 
c process time taken by individual solving procedures
c (percentage relative to process time for solving)
c 
c         0.29  100.00% search
c         0.29   98.63% unstable
c         0.00    1.37% lucky
c         0.00    0.00% simplify
c   =================================
c         0.29   66.36% solve
c 
c last line shows process time for solving
c (percentage relative to total process time)
c 
c --- [ statistics ] ---------------------------------------------------------
c 
c backtracked:                3109       125.82 %  of conflicts
c chronological:              1109        35.67 %  of backtracks
c conflicts:                  2471      8462.33    per second
c decisions:                 13761     47126.71    per second
c fixed:                      2215         5.62 %  of all variables
c learned:                    2223        89.96 %  per conflict
c minimized:                 16893        25.67 %  learned literals
c propagations:             899666         3.08 M  per second
c reduced:                     476        19.26 %  per conflict
c rephased:                      1      2471.00    interval
c restarts:                    202        12.23    interval
c subsumed:                    129         0.03 %  of all clauses
c 
c seconds are measured in process time for solving
c 
c --- [ resources ] ----------------------------------------------------------
c 
c total process time since initialization:         0.44    seconds
c total real time since initialization:            0.44    seconds
c maximum resident set size of process:           39.23    MB
c 
c --- [ shutting down ] ------------------------------------------------------
c 
c exit 20
