c --- [ banner ] -------------------------------------------------------------
c 
c CaDiCaL Radically Simplified CDCL SAT Solver
c Copyright (c) 2016-2019 Armin Biere, JKU Linz
c 
c Version 1.0.3 cb89cbfa16f47cb7bf1ec6ad9855e7b6d5203c18
c g++ (GCC) 6.3.0 -Wall -Wextra -O3 -DNDEBUG
c Fri Aug 23 08:17:16 CDT 2019 Linux login1 4.4.103-6.38-default x86_64
c 
c --- [ config ] -------------------------------------------------------------
c 
c using 'unsat' configuration (target unsatisfiable instances)
c 
c --- [ proof tracing ] ------------------------------------------------------
c 
c opening file to write '/tmp/3_1218_0_six.drat'
c writing binary proof trace to '/tmp/3_1218_0_six.drat'
c 
c --- [ parsing input ] ------------------------------------------------------
c 
c reading DIMACS file from '/tmp/3_1218_0_six.cnf'
c opening file to read '/tmp/3_1218_0_six.cnf'
c found 'p cnf 50176 399294' header
c parsed 399294 clauses in 0.15 seconds process time
c 
c --- [ options ] ------------------------------------------------------------
c 
c   --stabilize=false              (different from default 'true')
c   --walk=false                   (different from default 'true')
c 
c --- [ solving ] ------------------------------------------------------------
c 
c time measured in process time since initialization
c 
c  seconds  reductions  redundant  irredundant
c         MB    restarts       trail       variables
c          level   conflicts       glue         remaining
c 
c *  0.15 44  0 0   0    0    0  0% 0 361757 48098 96%
c {  0.16 45  0 0   0    0    0  0% 0 361757 48098 96%
c -  0.21 46 51 1  13  301  183  8% 11 347290 48098 96%
c I  0.26 47 59 1  35 1007  603  9% 10 347290 48098 96%
c -  0.38 59 61 2  35 1226  652 10% 9 347290 48098 96%
c -  0.54 59 48 3  74 2612 1311 10% 9 347290 48098 96%
c B  0.57 59 47 3 108 3016 1563 10% 9 347290 48098 96%
c i  0.59 59 49 3 156 3338 1803 10% 9 347290 48097 96%
c i  0.60 59 48 3 158 3514 1913 10% 9 347290 48060 96%
c -  0.72 59 45 4 192 4460 1902 10% 9 346399 48060 96%
c }  0.76 59 46 4 204 4810 2173 10% 9 346399 47961 96%
c 0  0.76 59 46 4 204 4810 2173 10% 9 346399 47961 96%
c 
c --- [ result ] -------------------------------------------------------------
c 
s UNSATISFIABLE
c 
c --- [ run-time profiling ] -------------------------------------------------
c 
c process time taken by individual solving procedures
c (percentage relative to process time for solving)
c 
c         0.61  100.00% search
c         0.61   99.35% unstable
c         0.00    0.65% lucky
c         0.00    0.00% simplify
c   =================================
c         0.61   80.10% solve
c 
c last line shows process time for solving
c (percentage relative to total process time)
c 
c --- [ statistics ] ---------------------------------------------------------
c 
c backtracked:                5628       117.01 %  of conflicts
c chronological:              1799        31.97 %  of backtracks
c conflicts:                  4810      7859.48    per second
c decisions:                 21775     35580.07    per second
c fixed:                      2215         4.41 %  of all variables
c learned:                    3785        78.69 %  per conflict
c minimized:                 49809        26.70 %  learned literals
c propagations:            1996807         3.26 M  per second
c reduced:                    1158        24.07 %  per conflict
c rephased:                      2      2405.00    interval
c restarts:                    204        23.58    interval
c subsumed:                    443         0.06 %  of all clauses
c 
c seconds are measured in process time for solving
c 
c --- [ resources ] ----------------------------------------------------------
c 
c total process time since initialization:         0.76    seconds
c total real time since initialization:            0.77    seconds
c maximum resident set size of process:           68.44    MB
c 
c --- [ shutting down ] ------------------------------------------------------
c 
c exit 20
