c --- [ banner ] -------------------------------------------------------------
c 
c CaDiCaL Radically Simplified CDCL SAT Solver
c Copyright (c) 2016-2019 Armin Biere, JKU Linz
c 
c Version 1.0.3 cb89cbfa16f47cb7bf1ec6ad9855e7b6d5203c18
c g++ (GCC) 6.3.0 -Wall -Wextra -O3 -DNDEBUG
c Fri Aug 23 08:17:16 CDT 2019 Linux login1 4.4.103-6.38-default x86_64
c 
c --- [ config ] -------------------------------------------------------------
c 
c using 'unsat' configuration (target unsatisfiable instances)
c 
c --- [ proof tracing ] ------------------------------------------------------
c 
c opening file to write '/tmp/3_473_0_six.drat'
c writing binary proof trace to '/tmp/3_473_0_six.drat'
c 
c --- [ parsing input ] ------------------------------------------------------
c 
c reading DIMACS file from '/tmp/3_473_0_six.cnf'
c opening file to read '/tmp/3_473_0_six.cnf'
c found 'p cnf 50176 399294' header
c parsed 399294 clauses in 0.16 seconds process time
c 
c --- [ options ] ------------------------------------------------------------
c 
c   --stabilize=false              (different from default 'true')
c   --walk=false                   (different from default 'true')
c 
c --- [ solving ] ------------------------------------------------------------
c 
c time measured in process time since initialization
c 
c  seconds  reductions  redundant  irredundant
c         MB    restarts       trail       variables
c          level   conflicts       glue         remaining
c 
c *  0.16 44  0 0   0    0    0  0% 0 361746 48171 96%
c {  0.16 45  0 0   0    0    0  0% 0 361746 48171 96%
c -  0.22 47 73 1  19  314  189 11% 7 349035 48171 96%
c I  0.29 47 72 1  93 1004  701 11% 9 349035 48171 96%
c -  0.41 59 66 2 105 1246  804 11% 9 349035 48171 96%
c -  0.59 59 63 3 163 2635 1190 11% 9 349035 48171 96%
c B  0.64 59 63 3 207 3005 1460 11% 10 349035 48171 96%
c i  0.76 59 65 3 294 4209 2376 12% 10 349035 48141 96%
c -  0.85 59 64 4 314 4488 1975 12% 10 348156 48141 96%
c d  1.04 61 66 4 334 5003 2361 12% 10 343476 45801 91%
c 2  1.22 60 66 4 334 5003 2361 12% 10 337626 45801 91%
c p  1.44 62 66 4 334 5003 6872 12% 10 337626 45737 91%
c s  1.71 69 60 4 337 5819 7490 12% 9 337626 45737 91%
c v  2.10 70 60 4 337 5819 7490 12% 9 333821 45737 91%
c w  2.20 70 60 4 337 5819 7472 12% 9 333821 45737 91%
c t  2.25 70 60 4 337 5819 7470 12% 9 301983 45737 91%
c e  3.01 65 60 4 337 5819 3017 12% 9 281476 28592 57%
c s  3.12 70 60 4 337 5819 3017 12% 9 281476 28592 57%
c F  3.31 73 59 4 338 6010 3133  7% 9 281476 28592 57%
c -  3.41 74 53 5 346 6800 1227  5% 9 281476 28592 57%
c 
c  seconds  reductions  redundant  irredundant
c         MB    restarts       trail       variables
c          level   conflicts       glue         remaining
c 
c i  3.43 74 51 5 355 7094 1447  5% 9 281476 28586 57%
c i  3.46 74 51 5 375 7235 1560  5% 9 281476 28574 57%
c i  3.48 74 49 5 376 7433 1708  5% 9 281476 28568 57%
c i  3.53 74 46 5 431 8249 2317  6% 9 281476 28258 56%
c i  3.54 74 45 5 438 8517 2521  6% 9 281476 28243 56%
c }  3.55 74 44 5 438 8545 2541  6% 9 281476 28234 56%
c 0  3.55 74 44 5 438 8545 2541  6% 9 281476 28234 56%
c 
c --- [ result ] -------------------------------------------------------------
c 
s UNSATISFIABLE
c 
c --- [ run-time profiling ] -------------------------------------------------
c 
c process time taken by individual solving procedures
c (percentage relative to process time for solving)
c 
c         2.07   60.97% simplify
c         1.32   39.03% search
c         1.32   38.92% unstable
c         0.75   22.17% elim
c         0.44   12.97% vivify
c         0.25    7.43% subsume
c         0.22    6.37% probe
c         0.14    4.25% ternary
c         0.00    0.12% lucky
c   =================================
c         3.39   95.60% solve
c 
c last line shows process time for solving
c (percentage relative to total process time)
c 
c --- [ statistics ] ---------------------------------------------------------
c 
c backtracked:               32517       380.54 %  of conflicts
c chronological:              3200         9.84 %  of backtracks
c conflicts:                  8545      2519.16    per second
c decisions:                 44441     13101.71    per second
c eliminated:                17145        34.17 %  of all variables
c fixed:                      2457         4.90 %  of all variables
c learned:                    7099        83.08 %  per conflict
c minimized:                 93873        27.18 %  learned literals
c propagations:            5317936         1.57 M  per second
c reduced:                    1344        15.73 %  per conflict
c rephased:                      3      2848.33    interval
c restarts:                    438        19.51    interval
c substituted:                2340         4.66 %  of all variables
c subsumed:                  11008         0.87 %  of all clauses
c strengthened:               4172         0.33 %  of all clauses
c vivified:                   3948         0.31 %  of all clauses
c weakened:                 108319         4.00    average size
c 
c seconds are measured in process time for solving
c 
c --- [ resources ] ----------------------------------------------------------
c 
c total process time since initialization:         3.55    seconds
c total real time since initialization:            3.55    seconds
c maximum resident set size of process:           73.75    MB
c 
c --- [ shutting down ] ------------------------------------------------------
c 
c exit 20
