c --- [ banner ] -------------------------------------------------------------
c 
c CaDiCaL Radically Simplified CDCL SAT Solver
c Copyright (c) 2016-2019 Armin Biere, JKU Linz
c 
c Version 1.0.3 cb89cbfa16f47cb7bf1ec6ad9855e7b6d5203c18
c g++ (GCC) 6.3.0 -Wall -Wextra -O3 -DNDEBUG
c Fri Aug 23 08:17:16 CDT 2019 Linux login1 4.4.103-6.38-default x86_64
c 
c --- [ config ] -------------------------------------------------------------
c 
c using 'unsat' configuration (target unsatisfiable instances)
c 
c --- [ proof tracing ] ------------------------------------------------------
c 
c opening file to write '/tmp/3_687_0_six.drat'
c writing binary proof trace to '/tmp/3_687_0_six.drat'
c 
c --- [ parsing input ] ------------------------------------------------------
c 
c reading DIMACS file from '/tmp/3_687_0_six.cnf'
c opening file to read '/tmp/3_687_0_six.cnf'
c found 'p cnf 50176 399294' header
c parsed 399294 clauses in 0.27 seconds process time
c 
c --- [ options ] ------------------------------------------------------------
c 
c   --stabilize=false              (different from default 'true')
c   --walk=false                   (different from default 'true')
c 
c --- [ solving ] ------------------------------------------------------------
c 
c time measured in process time since initialization
c 
c  seconds  reductions  redundant  irredundant
c         MB    restarts       trail       variables
c          level   conflicts       glue         remaining
c 
c *  0.28 44  0 0   0    0    0  0% 0 361766 48014 96%
c {  0.28 45  0 0   0    0    0  0% 0 361766 48014 96%
c -  0.38 46 99 1  28  333  218  9% 8 344670 48014 96%
c i  0.40 46 67 1  38  593  366  9% 8 344670 47677 95%
c i  0.40 47 67 1  38  594  366  9% 8 344670 47534 95%
c i  0.43 47 67 1  55  837  494 10% 8 344670 47500 95%
c I  0.45 47 63 1  72 1002  601 10% 8 344670 47500 95%
c i  0.46 47 63 1  73 1077  648 11% 8 344670 47404 94%
c i  0.46 47 63 1  73 1078  648 11% 8 344670 47394 94%
c -  0.62 58 60 2  92 1255  585 11% 9 330482 47394 94%
c i  0.71 58 58 2 133 1958 1074 13% 9 330482 47203 94%
c i  0.73 58 53 2 145 2517 1421 12% 8 330482 47201 94%
c i  0.74 58 51 2 145 2624 1484 12% 8 330482 47177 94%
c -  0.80 58 51 3 145 2624 1060 12% 8 326532 47177 94%
c i  0.80 58 51 3 145 2625 1060 12% 8 326532 46799 93%
c i  0.80 58 51 3 145 2626 1060 12% 8 326532 46717 93%
c }  0.80 58 50 3 145 2629 1061 12% 8 326532 45774 91%
c 0  0.80 58 50 3 145 2629 1061 12% 8 326532 45774 91%
c 
c --- [ result ] -------------------------------------------------------------
c 
s UNSATISFIABLE
c 
c --- [ run-time profiling ] -------------------------------------------------
c 
c process time taken by individual solving procedures
c (percentage relative to process time for solving)
c 
c         0.53   98.51% search
c         0.52   97.76% unstable
c         0.00    0.75% lucky
c         0.00    0.00% simplify
c   =================================
c         0.54   66.34% solve
c 
c last line shows process time for solving
c (percentage relative to total process time)
c 
c --- [ statistics ] ---------------------------------------------------------
c 
c backtracked:                3071       116.81 %  of conflicts
c chronological:               967        31.49 %  of backtracks
c conflicts:                  2629      4904.85    per second
c decisions:                 15347     28632.46    per second
c fixed:                      4402         8.77 %  of all variables
c learned:                    2021        76.87 %  per conflict
c minimized:                 22861        26.63 %  learned literals
c propagations:            1089087         2.03 M  per second
c reduced:                     320        12.17 %  per conflict
c rephased:                      1      2629.00    interval
c restarts:                    145        18.13    interval
c subsumed:                    332         0.05 %  of all clauses
c 
c seconds are measured in process time for solving
c 
c --- [ resources ] ----------------------------------------------------------
c 
c total process time since initialization:         0.81    seconds
c total real time since initialization:            0.81    seconds
c maximum resident set size of process:           66.96    MB
c 
c --- [ shutting down ] ------------------------------------------------------
c 
c exit 20
