c --- [ banner ] -------------------------------------------------------------
c 
c CaDiCaL Radically Simplified CDCL SAT Solver
c Copyright (c) 2016-2019 Armin Biere, JKU Linz
c 
c Version 1.0.3 cb89cbfa16f47cb7bf1ec6ad9855e7b6d5203c18
c g++ (GCC) 6.3.0 -Wall -Wextra -O3 -DNDEBUG
c Fri Aug 23 08:17:16 CDT 2019 Linux login1 4.4.103-6.38-default x86_64
c 
c --- [ config ] -------------------------------------------------------------
c 
c using 'unsat' configuration (target unsatisfiable instances)
c 
c --- [ proof tracing ] ------------------------------------------------------
c 
c opening file to write '/tmp/29_418_0_four.drat'
c writing binary proof trace to '/tmp/29_418_0_four.drat'
c 
c --- [ parsing input ] ------------------------------------------------------
c 
c reading DIMACS file from '/tmp/29_418_0_four.cnf'
c opening file to read '/tmp/29_418_0_four.cnf'
c found 'p cnf 43008 265785' header
c parsed 265785 clauses in 0.11 seconds process time
c 
c --- [ options ] ------------------------------------------------------------
c 
c   --stabilize=false              (different from default 'true')
c   --walk=false                   (different from default 'true')
c 
c --- [ solving ] ------------------------------------------------------------
c 
c time measured in process time since initialization
c 
c  seconds  reductions  redundant  irredundant
c         MB    restarts       trail       variables
c          level   conflicts       glue         remaining
c 
c *  0.11 31  0 0   0    0    0  0% 0 241973 41366 96%
c {  0.12 32  0 0   0    0    0  0% 0 241973 41366 96%
c -  0.16 33 39 1  19  300  221  8% 6 229638 41366 96%
c i  0.20 33 31 1  87  834  659  8% 7 229638 41346 96%
c i  0.21 33 31 1  97  935  749  8% 7 229638 40437 94%
c I  0.22 33 30 1  98 1006  809  9% 7 229638 40437 94%
c -  0.30 40 31 2  99 1118  676  9% 7 212530 40437 94%
c i  0.33 40 28 2 148 1600 1079  9% 7 212530 40436 94%
c i  0.33 40 28 2 150 1624 1099  9% 7 212530 40426 94%
c i  0.35 40 28 2 188 1827 1269  9% 8 212530 40330 94%
c -  0.42 40 26 3 223 2313 1408 10% 8 210440 40330 94%
c i  0.42 40 26 3 236 2385 1474 10% 8 210440 40127 93%
c i  0.42 40 26 3 236 2397 1480 10% 8 210440 40093 93%
c i  0.42 40 26 3 236 2400 1482 10% 8 210440 40058 93%
c i  0.42 40 26 3 236 2402 1483 10% 8 210440 40057 93%
c i  0.42 40 26 3 236 2404 1484 10% 8 210440 40056 93%
c }  0.42 40 26 3 236 2407 1485 10% 8 210440 40014 93%
c 0  0.42 40 26 3 236 2407 1485 10% 8 210440 40014 93%
c 
c --- [ result ] -------------------------------------------------------------
c 
s UNSATISFIABLE
c 
c --- [ run-time profiling ] -------------------------------------------------
c 
c process time taken by individual solving procedures
c (percentage relative to process time for solving)
c 
c         0.31  100.00% search
c         0.31   98.72% unstable
c         0.00    1.28% lucky
c         0.00    0.00% simplify
c   =================================
c         0.31   73.58% solve
c 
c last line shows process time for solving
c (percentage relative to total process time)
c 
c --- [ statistics ] ---------------------------------------------------------
c 
c backtracked:                3039       126.26 %  of conflicts
c chronological:               961        31.62 %  of backtracks
c conflicts:                  2407      7714.74    per second
c decisions:                 13172     42217.95    per second
c fixed:                      2994         6.96 %  of all variables
c learned:                    2177        90.44 %  per conflict
c minimized:                 24059        31.82 %  learned literals
c propagations:            1006801         3.23 M  per second
c reduced:                     367        15.25 %  per conflict
c rephased:                      1      2407.00    interval
c restarts:                    236        10.20    interval
c subsumed:                    151         0.03 %  of all clauses
c 
c seconds are measured in process time for solving
c 
c --- [ resources ] ----------------------------------------------------------
c 
c total process time since initialization:         0.42    seconds
c total real time since initialization:            0.43    seconds
c maximum resident set size of process:           45.62    MB
c 
c --- [ shutting down ] ------------------------------------------------------
c 
c exit 20
