c --- [ banner ] -------------------------------------------------------------
c 
c CaDiCaL Radically Simplified CDCL SAT Solver
c Copyright (c) 2016-2019 Armin Biere, JKU Linz
c 
c Version 1.0.3 cb89cbfa16f47cb7bf1ec6ad9855e7b6d5203c18
c g++ (GCC) 6.3.0 -Wall -Wextra -O3 -DNDEBUG
c Fri Aug 23 08:17:16 CDT 2019 Linux login1 4.4.103-6.38-default x86_64
c 
c --- [ config ] -------------------------------------------------------------
c 
c using 'unsat' configuration (target unsatisfiable instances)
c 
c --- [ proof tracing ] ------------------------------------------------------
c 
c opening file to write '/tmp/29_696_0_four.drat'
c writing binary proof trace to '/tmp/29_696_0_four.drat'
c 
c --- [ parsing input ] ------------------------------------------------------
c 
c reading DIMACS file from '/tmp/29_696_0_four.cnf'
c opening file to read '/tmp/29_696_0_four.cnf'
c found 'p cnf 43008 265785' header
c parsed 265785 clauses in 0.14 seconds process time
c 
c --- [ options ] ------------------------------------------------------------
c 
c   --stabilize=false              (different from default 'true')
c   --walk=false                   (different from default 'true')
c 
c --- [ solving ] ------------------------------------------------------------
c 
c time measured in process time since initialization
c 
c  seconds  reductions  redundant  irredundant
c         MB    restarts       trail       variables
c          level   conflicts       glue         remaining
c 
c *  0.14 31  0 0   0    0    0  0% 0 241975 41529 97%
c {  0.14 31  0 0   0    0    0  0% 0 241975 41529 97%
c -  0.18 32 34 1  18  300  259  8% 7 233091 41529 97%
c I  0.25 34 37 1  60 1003  784  9% 7 233091 41529 97%
c i  0.26 34 38 1  64 1051  821  9% 7 233091 41503 97%
c -  0.34 42 36 2  67 1120  747  9% 7 232363 41499 96%
c }  0.35 42 34 2  67 1182  784  9% 7 232363 40888 95%
c 0  0.35 42 34 2  67 1182  784  9% 7 232363 40888 95%
c 
c --- [ result ] -------------------------------------------------------------
c 
s UNSATISFIABLE
c 
c --- [ run-time profiling ] -------------------------------------------------
c 
c process time taken by individual solving procedures
c (percentage relative to process time for solving)
c 
c         0.21  100.00% search
c         0.21  100.00% unstable
c         0.00    0.00% simplify
c   =================================
c         0.21   59.77% solve
c 
c last line shows process time for solving
c (percentage relative to total process time)
c 
c --- [ statistics ] ---------------------------------------------------------
c 
c backtracked:                1450       122.67 %  of conflicts
c chronological:               510        35.17 %  of backtracks
c conflicts:                  1182      5682.69    per second
c decisions:                  6144     29538.46    per second
c fixed:                      2120         4.93 %  of all variables
c learned:                     997        84.35 %  per conflict
c minimized:                  8471        25.45 %  learned literals
c propagations:             432523         2.08 M  per second
c reduced:                     128        10.83 %  per conflict
c rephased:                      1      1182.00    interval
c restarts:                     67        17.64    interval
c subsumed:                     81         0.02 %  of all clauses
c 
c seconds are measured in process time for solving
c 
c --- [ resources ] ----------------------------------------------------------
c 
c total process time since initialization:         0.35    seconds
c total real time since initialization:            0.35    seconds
c maximum resident set size of process:           42.16    MB
c 
c --- [ shutting down ] ------------------------------------------------------
c 
c exit 20
