c --- [ banner ] -------------------------------------------------------------
c 
c CaDiCaL Radically Simplified CDCL SAT Solver
c Copyright (c) 2016-2019 Armin Biere, JKU Linz
c 
c Version 1.0.3 cb89cbfa16f47cb7bf1ec6ad9855e7b6d5203c18
c g++ (GCC) 6.3.0 -Wall -Wextra -O3 -DNDEBUG
c Fri Aug 23 08:17:16 CDT 2019 Linux login1 4.4.103-6.38-default x86_64
c 
c --- [ config ] -------------------------------------------------------------
c 
c using 'unsat' configuration (target unsatisfiable instances)
c 
c --- [ proof tracing ] ------------------------------------------------------
c 
c opening file to write '/tmp/29_869_0_four.drat'
c writing binary proof trace to '/tmp/29_869_0_four.drat'
c 
c --- [ parsing input ] ------------------------------------------------------
c 
c reading DIMACS file from '/tmp/29_869_0_four.cnf'
c opening file to read '/tmp/29_869_0_four.cnf'
c found 'p cnf 43008 265785' header
c parsed 265785 clauses in 0.14 seconds process time
c 
c --- [ options ] ------------------------------------------------------------
c 
c   --stabilize=false              (different from default 'true')
c   --walk=false                   (different from default 'true')
c 
c --- [ solving ] ------------------------------------------------------------
c 
c time measured in process time since initialization
c 
c  seconds  reductions  redundant  irredundant
c         MB    restarts       trail       variables
c          level   conflicts       glue         remaining
c 
c *  0.14 31  0 0   0    0    0  0% 0 241973 41354 96%
c {  0.14 32  0 0   0    0    0  0% 0 241973 41354 96%
c -  0.20 33 68 1  20  300  185  9% 10 229636 41354 96%
c I  0.25 33 51 1  39 1007  748  9% 10 229636 41354 96%
c -  0.32 41 49 2  39 1116  736 10% 10 229636 41354 96%
c i  0.33 41 44 2  39 1295  876 10% 9 229636 41306 96%
c i  0.34 41 44 2  39 1296  876 10% 9 229636 41088 96%
c i  0.34 41 44 2  39 1301  880 10% 9 229636 40686 95%
c i  0.34 41 44 2  39 1317  894 10% 9 229636 40685 95%
c i  0.35 41 41 2  42 1501 1051 10% 9 229636 40581 94%
c i  0.35 41 41 2  42 1503 1052 10% 9 229636 40353 94%
c i  0.36 41 39 2  47 1744 1232 10% 9 229636 40133 93%
c i  0.36 41 38 2  47 1794 1261 10% 9 229636 39996 93%
c }  0.36 41 38 2  47 1800 1263 10% 9 229636 39914 93%
c 0  0.36 41 38 2  47 1800 1263 10% 9 229636 39914 93%
c 
c --- [ result ] -------------------------------------------------------------
c 
s UNSATISFIABLE
c 
c --- [ run-time profiling ] -------------------------------------------------
c 
c process time taken by individual solving procedures
c (percentage relative to process time for solving)
c 
c         0.23  100.00% search
c         0.22   98.25% unstable
c         0.00    1.75% lucky
c         0.00    0.00% simplify
c   =================================
c         0.23   62.64% solve
c 
c last line shows process time for solving
c (percentage relative to total process time)
c 
c --- [ statistics ] ---------------------------------------------------------
c 
c backtracked:                2095       116.39 %  of conflicts
c chronological:               690        32.94 %  of backtracks
c conflicts:                  1800      7894.74    per second
c decisions:                  7352     32245.61    per second
c fixed:                      3094         7.19 %  of all variables
c learned:                    1479        82.17 %  per conflict
c minimized:                 15686        25.73 %  learned literals
c propagations:             600354         2.63 M  per second
c reduced:                      93         5.17 %  per conflict
c rephased:                      1      1800.00    interval
c restarts:                     47        38.30    interval
c subsumed:                    111         0.02 %  of all clauses
c 
c seconds are measured in process time for solving
c 
c --- [ resources ] ----------------------------------------------------------
c 
c total process time since initialization:         0.36    seconds
c total real time since initialization:            0.36    seconds
c maximum resident set size of process:           41.43    MB
c 
c --- [ shutting down ] ------------------------------------------------------
c 
c exit 20
