c --- [ banner ] -------------------------------------------------------------
c 
c CaDiCaL Radically Simplified CDCL SAT Solver
c Copyright (c) 2016-2019 Armin Biere, JKU Linz
c 
c Version 1.0.3 cb89cbfa16f47cb7bf1ec6ad9855e7b6d5203c18
c g++ (GCC) 6.3.0 -Wall -Wextra -O3 -DNDEBUG
c Fri Aug 23 08:17:16 CDT 2019 Linux login1 4.4.103-6.38-default x86_64
c 
c --- [ config ] -------------------------------------------------------------
c 
c using 'unsat' configuration (target unsatisfiable instances)
c 
c --- [ proof tracing ] ------------------------------------------------------
c 
c opening file to write '/tmp/22_1084_0_four.drat'
c writing binary proof trace to '/tmp/22_1084_0_four.drat'
c 
c --- [ parsing input ] ------------------------------------------------------
c 
c reading DIMACS file from '/tmp/22_1084_0_four.cnf'
c opening file to read '/tmp/22_1084_0_four.cnf'
c found 'p cnf 259840 1039934' header
c parsed 1039934 clauses in 0.45 seconds process time
c 
c --- [ options ] ------------------------------------------------------------
c 
c   --stabilize=false              (different from default 'true')
c   --walk=false                   (different from default 'true')
c 
c --- [ solving ] ------------------------------------------------------------
c 
c time measured in process time since initialization
c 
c  seconds   reductions  redundant   irredundant
c          MB    restarts       trail        variables
c           level   conflicts       glue           remaining
c 
c *  0.47 139  0 0   0    0    0  0% 0 1039424 253344 98%
c {  0.49 142  0 0   0    0    0  0% 0 1039424 253344 98%
c -  0.69 146 318 1  13  301  185  5% 5 916006 253344 98%
c I  1.18 146 92 1 147 1003  803  7% 8 916006 253344 98%
c -  1.67 177 68 2 198 1487 1159  7% 9 916006 253344 98%
c B  2.64 177 46 2 250 3005 2513  9% 8 916006 253344 98%
c -  3.11 178 45 3 271 3252 2185  9% 8 916006 253344 98%
c s  4.35 159 41 3 383 4074 2860  9% 8 916006 253344 98%
c w  5.91 182 41 3 383 4074 2855  9% 8 916006 253344 98%
c t  5.98 182 41 3 383 4074 2853  9% 8 915390 253344 98%
c e  8.62 198 41 3 383 4074   50  9% 8 226855 28047 11%
c s  8.84 198 41 3 383 4074   50  9% 8 226645 28047 11%
c e  9.13 198 41 3 383 4074   43  9% 8 226645 27959 11%
c 3  9.44 146 39 3 497 5002 4176  4% 9 226645 27959 11%
c 3  9.44 146 39 3 497 5002 4236  4% 9 226645 27959 11%
c d  9.49 146 39 3 497 5002 4188  4% 9 226645 27953 11%
c 2  9.51 146 39 3 497 5002 4176  4% 9 226645 27953 11%
c p  9.58 146 39 3 497 5002 6717  4% 9 226645 27953 11%
c -  9.68 146 37 4 520 5609 1545  5% 8 226645 27953 11%
c F  9.71 146 37 4 532 6009 1907  6% 8 226645 27953 11%
c 
c  seconds   reductions  redundant  irredundant
c          MB    restarts       trail       variables
c           level   conflicts       glue         remaining
c 
c i  9.81 146 35 4 559 6836 2599  6% 8 226645 27950 11%
c i  9.90 146 33 4 561 7330 3036  7% 8 226645 27798 11%
c i  9.90 146 33 4 561 7338 3043  7% 8 226645 26821 10%
c i  9.90 146 33 4 561 7339 3043  7% 8 226645 26816 10%
c i  9.90 146 33 4 561 7341 3043  7% 8 226645 26545 10%
c i  9.90 146 33 4 561 7344 3045  7% 8 226645 26536 10%
c i  9.90 146 33 4 561 7352 3051  7% 8 226645 25136 10%
c i  9.90 146 33 4 561 7353 3051  7% 8 226645 24757 10%
c }  9.90 146 33 4 561 7356 3052  7% 8 226645 24696 10%
c 0  9.90 146 33 4 561 7356 3052  7% 8 226645 24696 10%
c 
c --- [ result ] -------------------------------------------------------------
c 
s UNSATISFIABLE
c 
c --- [ run-time profiling ] -------------------------------------------------
c 
c process time taken by individual solving procedures
c (percentage relative to process time for solving)
c 
c         5.36   56.73% simplify
c         4.07   43.06% search
c         4.05   42.85% unstable
c         2.85   30.14% elim
c         1.43   15.16% vivify
c         0.79    8.38% subsume
c         0.09    0.93% ternary
c         0.06    0.68% probe
c         0.02    0.21% lucky
c   =================================
c         9.45   95.43% solve
c 
c last line shows process time for solving
c (percentage relative to total process time)
c 
c --- [ statistics ] ---------------------------------------------------------
c 
c backtracked:               20591       279.92 %  of conflicts
c chronological:              3066        14.89 %  of backtracks
c conflicts:                  7356       778.58    per second
c decisions:                 34400      3640.98    per second
c eliminated:               225385        86.74 %  of all variables
c fixed:                      9753         3.75 %  of all variables
c learned:                    6792        92.33 %  per conflict
c minimized:                 57564        24.29 %  learned literals
c propagations:           15280706         1.62 M  per second
c reduced:                     587         7.98 %  per conflict
c rephased:                      3      2452.00    interval
c restarts:                    561        13.11    interval
c substituted:                   6         0.00 %  of all variables
c subsumed:                   5897         0.19 %  of all clauses
c strengthened:              14941         0.49 %  of all clauses
c ternary:                    3851         0.36 %  of resolved
c vivified:                     94         0.00 %  of all clauses
c weakened:                 804389         2.84    average size
c 
c seconds are measured in process time for solving
c 
c --- [ resources ] ----------------------------------------------------------
c 
c total process time since initialization:         9.90    seconds
c total real time since initialization:            9.90    seconds
c maximum resident set size of process:          208.93    MB
c 
c --- [ shutting down ] ------------------------------------------------------
c 
c exit 20
