c --- [ banner ] -------------------------------------------------------------
c 
c CaDiCaL Radically Simplified CDCL SAT Solver
c Copyright (c) 2016-2019 Armin Biere, JKU Linz
c 
c Version 1.0.3 cb89cbfa16f47cb7bf1ec6ad9855e7b6d5203c18
c g++ (GCC) 6.3.0 -Wall -Wextra -O3 -DNDEBUG
c Fri Aug 23 08:17:16 CDT 2019 Linux login1 4.4.103-6.38-default x86_64
c 
c --- [ config ] -------------------------------------------------------------
c 
c using 'unsat' configuration (target unsatisfiable instances)
c 
c --- [ proof tracing ] ------------------------------------------------------
c 
c opening file to write '/tmp/22_1159_0_four.drat'
c writing binary proof trace to '/tmp/22_1159_0_four.drat'
c 
c --- [ parsing input ] ------------------------------------------------------
c 
c reading DIMACS file from '/tmp/22_1159_0_four.cnf'
c opening file to read '/tmp/22_1159_0_four.cnf'
c found 'p cnf 259840 1039934' header
c parsed 1039934 clauses in 0.45 seconds process time
c 
c --- [ options ] ------------------------------------------------------------
c 
c   --stabilize=false              (different from default 'true')
c   --walk=false                   (different from default 'true')
c 
c --- [ solving ] ------------------------------------------------------------
c 
c time measured in process time since initialization
c 
c  seconds   reductions  redundant   irredundant
c          MB    restarts       trail        variables
c           level   conflicts       glue           remaining
c 
c *  0.46 139  0 0   0    0    0  0% 0 1039424 253352 98%
c {  0.48 142  0 0   0    0    0  0% 0 1039424 253352 98%
c -  0.69 147 292 1  14  300  194  5% 5 916010 253352 98%
c I  1.08 147 85 1 117 1002  833  7% 8 916010 253352 98%
c i  1.27 147 61 1 131 1453 1220  7% 7 916010 253054 97%
c -  1.61 177 61 2 131 1482 1169  7% 7 911261 253054 97%
c B  2.43 177 41 2 274 3005 2517  8% 8 911261 253054 97%
c -  2.82 184 40 3 274 3245 2225  8% 8 911261 253054 97%
c i  3.26 184 35 3 329 4003 2874  8% 8 911261 253026 97%
c s  3.95 166 34 3 329 4076 2903  8% 8 911261 253026 97%
c w  5.44 183 34 3 329 4076 2891  8% 8 911259 252964 97%
c t  5.50 183 34 3 329 4076 2891  8% 8 910683 252964 97%
c e  8.13 213 34 3 329 4076   29  8% 8 224411 27771 11%
c s  8.36 213 34 3 329 4076   29  8% 8 224212 27771 11%
c e  8.65 146 34 3 329 4076   27  8% 8 224212 27718 11%
c i  8.90 170 33 3 388 4989  817  5% 8 224212 27682 11%
c 3  8.96 170 33 3 388 5011 3269  5% 8 224212 27682 11%
c 3  8.98 170 33 3 388 5011 3395  5% 8 224212 27682 11%
c d  9.02 170 33 3 388 5011 3233  5% 8 222342 27677 11%
c 2  9.04 170 33 3 388 5011 3223  5% 8 222166 27589 11%
c 
c  seconds   reductions  redundant  irredundant
c          MB    restarts       trail       variables
c           level   conflicts       glue         remaining
c 
c p  9.22 170 33 3 388 5011 5055  5% 8 222166 27560 11%
c -  9.34 170 32 4 431 5596 1431  6% 8 220874 27560 11%
c F  9.39 170 32 4 456 6006 1794  6% 8 220874 27560 11%
c i  9.45 170 30 4 456 6618 2341  6% 8 220874 27552 11%
c -  9.64 170 27 5 491 7615 2397  7% 8 220303 27552 11%
c i  9.69 170 26 5 493 8062 2762  7% 8 220303 27514 11%
c i  9.72 170 25 5 493 8310 2965  7% 8 220303 27511 11%
c }  9.77 170 25 5 503 8728 3322  8% 7 220303 27188 10%
c 0  9.77 170 25 5 503 8728 3322  8% 7 220303 27188 10%
c 
c --- [ result ] -------------------------------------------------------------
c 
s UNSATISFIABLE
c 
c --- [ run-time profiling ] -------------------------------------------------
c 
c process time taken by individual solving procedures
c (percentage relative to process time for solving)
c 
c         5.45   58.45% simplify
c         3.86   41.37% search
c         3.84   41.16% unstable
c         2.85   30.56% elim
c         1.35   14.51% vivify
c         0.84    9.06% subsume
c         0.18    1.93% probe
c         0.08    0.86% ternary
c         0.02    0.21% lucky
c   =================================
c         9.32   95.41% solve
c 
c last line shows process time for solving
c (percentage relative to total process time)
c 
c --- [ statistics ] ---------------------------------------------------------
c 
c backtracked:               32884       376.76 %  of conflicts
c chronological:              3496        10.63 %  of backtracks
c conflicts:                  8728       936.48    per second
c decisions:                 31340      3362.66    per second
c eliminated:               225246        86.69 %  of all variables
c fixed:                      7313         2.81 %  of all variables
c learned:                    8168        93.58 %  per conflict
c minimized:                 90922        29.74 %  learned literals
c propagations:           14769460         1.58 M  per second
c reduced:                    1280        14.67 %  per conflict
c rephased:                      3      2909.33    interval
c restarts:                    503        17.35    interval
c substituted:                  93         0.04 %  of all variables
c subsumed:                   6203         0.20 %  of all clauses
c strengthened:              15685         0.52 %  of all clauses
c ternary:                    2998         0.30 %  of resolved
c vivified:                     87         0.00 %  of all clauses
c weakened:                 799185         2.83    average size
c 
c seconds are measured in process time for solving
c 
c --- [ resources ] ----------------------------------------------------------
c 
c total process time since initialization:         9.77    seconds
c total real time since initialization:            9.77    seconds
c maximum resident set size of process:          215.80    MB
c 
c --- [ shutting down ] ------------------------------------------------------
c 
c exit 20
