c --- [ banner ] -------------------------------------------------------------
c 
c CaDiCaL Radically Simplified CDCL SAT Solver
c Copyright (c) 2016-2019 Armin Biere, JKU Linz
c 
c Version 1.0.3 cb89cbfa16f47cb7bf1ec6ad9855e7b6d5203c18
c g++ (GCC) 6.3.0 -Wall -Wextra -O3 -DNDEBUG
c Fri Aug 23 08:17:16 CDT 2019 Linux login1 4.4.103-6.38-default x86_64
c 
c --- [ config ] -------------------------------------------------------------
c 
c using 'unsat' configuration (target unsatisfiable instances)
c 
c --- [ proof tracing ] ------------------------------------------------------
c 
c opening file to write '/tmp/22_281_0_four.drat'
c writing binary proof trace to '/tmp/22_281_0_four.drat'
c 
c --- [ parsing input ] ------------------------------------------------------
c 
c reading DIMACS file from '/tmp/22_281_0_four.cnf'
c opening file to read '/tmp/22_281_0_four.cnf'
c found 'p cnf 259840 1039934' header
c parsed 1039934 clauses in 0.45 seconds process time
c 
c --- [ options ] ------------------------------------------------------------
c 
c   --stabilize=false              (different from default 'true')
c   --walk=false                   (different from default 'true')
c 
c --- [ solving ] ------------------------------------------------------------
c 
c time measured in process time since initialization
c 
c  seconds   reductions  redundant   irredundant
c          MB    restarts       trail        variables
c           level   conflicts       glue           remaining
c 
c *  0.47 139  0 0   0    0    0  0% 0 1039424 252944 97%
c {  0.49 142  0 0   0    0    0  0% 0 1039424 252944 97%
c -  0.70 147 313 1  12  301  186  5% 4 911740 252944 97%
c I  1.22 147 91 1 126 1002  824  7% 8 911740 252944 97%
c -  1.72 178 68 2 143 1476 1213  7% 8 911740 252944 97%
c i  1.97 178 49 2 178 2116 1728  7% 8 911740 251756 97%
c i  2.21 178 45 2 178 2382 1949  8% 7 911740 251616 97%
c i  2.30 178 44 2 178 2503 2046  8% 7 911740 249612 96%
c i  2.30 178 43 2 178 2509 2051  8% 7 911740 249483 96%
c }  2.31 178 43 2 178 2526 2066  8% 7 911740 249267 96%
c 0  2.31 178 43 2 178 2526 2066  8% 7 911740 249267 96%
c 
c --- [ result ] -------------------------------------------------------------
c 
s UNSATISFIABLE
c 
c --- [ run-time profiling ] -------------------------------------------------
c 
c process time taken by individual solving procedures
c (percentage relative to process time for solving)
c 
c         1.84   98.92% search
c         1.82   98.06% unstable
c         0.02    0.86% lucky
c         0.00    0.00% simplify
c   =================================
c         1.86   80.45% solve
c 
c last line shows process time for solving
c (percentage relative to total process time)
c 
c --- [ statistics ] ---------------------------------------------------------
c 
c backtracked:                3134       124.07 %  of conflicts
c chronological:              1141        36.41 %  of backtracks
c conflicts:                  2526      1358.06    per second
c decisions:                 12686      6820.43    per second
c fixed:                     10573         4.07 %  of all variables
c learned:                    2319        91.81 %  per conflict
c minimized:                 16340        23.06 %  learned literals
c propagations:            5856143         3.15 M  per second
c reduced:                      24         0.95 %  per conflict
c rephased:                      1      2526.00    interval
c restarts:                    178        14.19    interval
c subsumed:                    224         0.01 %  of all clauses
c 
c seconds are measured in process time for solving
c 
c --- [ resources ] ----------------------------------------------------------
c 
c total process time since initialization:         2.31    seconds
c total real time since initialization:            2.31    seconds
c maximum resident set size of process:          178.12    MB
c 
c --- [ shutting down ] ------------------------------------------------------
c 
c exit 20
