c --- [ banner ] -------------------------------------------------------------
c 
c CaDiCaL Radically Simplified CDCL SAT Solver
c Copyright (c) 2016-2019 Armin Biere, JKU Linz
c 
c Version 1.0.3 cb89cbfa16f47cb7bf1ec6ad9855e7b6d5203c18
c g++ (GCC) 6.3.0 -Wall -Wextra -O3 -DNDEBUG
c Fri Aug 23 08:17:16 CDT 2019 Linux login1 4.4.103-6.38-default x86_64
c 
c --- [ config ] -------------------------------------------------------------
c 
c using 'unsat' configuration (target unsatisfiable instances)
c 
c --- [ proof tracing ] ------------------------------------------------------
c 
c opening file to write '/tmp/22_283_0_four.drat'
c writing binary proof trace to '/tmp/22_283_0_four.drat'
c 
c --- [ parsing input ] ------------------------------------------------------
c 
c reading DIMACS file from '/tmp/22_283_0_four.cnf'
c opening file to read '/tmp/22_283_0_four.cnf'
c found 'p cnf 259840 1039934' header
c parsed 1039934 clauses in 0.44 seconds process time
c 
c --- [ options ] ------------------------------------------------------------
c 
c   --stabilize=false              (different from default 'true')
c   --walk=false                   (different from default 'true')
c 
c --- [ solving ] ------------------------------------------------------------
c 
c time measured in process time since initialization
c 
c  seconds   reductions  redundant   irredundant
c          MB    restarts       trail        variables
c           level   conflicts       glue           remaining
c 
c *  0.46 139  0 0   0    0    0  0% 0 1039424 253344 98%
c {  0.47 141  0 0   0    0    0  0% 0 1039424 253344 98%
c -  0.66 146 292 1  13  300  187  5% 4 916006 253344 98%
c I  1.13 146 88 1 123 1002  805  7% 7 916006 253344 98%
c -  1.62 177 62 2 168 1478 1187  7% 8 916006 253344 98%
c B  2.57 177 42 2 328 3003 2543  8% 9 916006 253344 98%
c -  2.96 177 41 3 357 3243 2205  8% 9 916006 253344 98%
c s  4.13 158 36 3 375 4080 2888  9% 8 916006 253344 98%
c v  5.35 181 36 3 375 4080 2888  9% 8 916004 253344 98%
c w  5.67 181 36 3 375 4080 2879  9% 8 916004 253236 97%
c t  5.74 181 36 3 375 4080 2875  9% 8 915444 253236 97%
c e  8.42 197 36 3 375 4080   44  9% 8 225889 27894 11%
c s  8.65 197 36 3 375 4080   42  9% 8 225726 27894 11%
c e  8.94 197 36 3 375 4080   36  9% 8 225726 27833 11%
c 3  9.26 145 36 3 440 5002 4135  6% 8 225726 27833 11%
c d  9.31 145 36 3 440 5002 4129  6% 8 225726 27832 11%
c 2  9.33 145 36 3 440 5002 4127  6% 8 225726 27832 11%
c p  9.49 145 36 3 440 5002 6676  6% 8 225726 27816 11%
c d  9.51 145 36 3 440 5002 6334  6% 8 224415 27812 11%
c d  9.53 145 36 3 440 5002 6333  6% 8 224282 27749 11%
c 
c  seconds   reductions  redundant  irredundant
c          MB    restarts       trail       variables
c           level   conflicts       glue         remaining
c 
c -  9.62 145 34 4 477 5598 1690  5% 8 224282 27749 11%
c F  9.67 145 33 4 483 6004 2048  8% 8 224282 27749 11%
c i  9.70 145 32 4 483 6285 2265  8% 8 224282 27714 11%
c i  9.70 145 32 4 483 6286 2265  8% 8 224282 27304 11%
c i  9.70 145 32 4 483 6287 2265  8% 8 224282 27300 11%
c }  9.70 145 32 4 483 6293 2269  8% 8 224282 27058 10%
c 0  9.70 145 32 4 483 6293 2269  8% 8 224282 27058 10%
c 
c --- [ result ] -------------------------------------------------------------
c 
s UNSATISFIABLE
c 
c --- [ run-time profiling ] -------------------------------------------------
c 
c process time taken by individual solving procedures
c (percentage relative to process time for solving)
c 
c         5.58   60.26% simplify
c         3.66   39.52% search
c         3.65   39.40% unstable
c         2.90   31.32% elim
c         1.42   15.29% vivify
c         0.86    9.33% subsume
c         0.16    1.73% probe
c         0.08    0.86% ternary
c         0.01    0.13% lucky
c   =================================
c         9.26   95.46% solve
c 
c last line shows process time for solving
c (percentage relative to total process time)
c 
c --- [ statistics ] ---------------------------------------------------------
c 
c backtracked:               27586       438.36 %  of conflicts
c chronological:              2581         9.36 %  of backtracks
c conflicts:                  6293       679.59    per second
c decisions:                 27579      2978.29    per second
c eliminated:               225403        86.75 %  of all variables
c fixed:                      7311         2.81 %  of all variables
c learned:                    5799        92.15 %  per conflict
c minimized:                 51599        25.46 %  learned literals
c propagations:           14309717         1.55 M  per second
c reduced:                     585         9.30 %  per conflict
c rephased:                      3      2097.67    interval
c restarts:                    483        13.03    interval
c substituted:                  68         0.03 %  of all variables
c subsumed:                   6050         0.20 %  of all clauses
c strengthened:              15710         0.52 %  of all clauses
c ternary:                    3661         0.35 %  of resolved
c vivified:                     64         0.00 %  of all clauses
c weakened:                 802911         2.84    average size
c 
c seconds are measured in process time for solving
c 
c --- [ resources ] ----------------------------------------------------------
c 
c total process time since initialization:         9.70    seconds
c total real time since initialization:            9.70    seconds
c maximum resident set size of process:          209.84    MB
c 
c --- [ shutting down ] ------------------------------------------------------
c 
c exit 20
