c --- [ banner ] -------------------------------------------------------------
c 
c CaDiCaL Radically Simplified CDCL SAT Solver
c Copyright (c) 2016-2019 Armin Biere, JKU Linz
c 
c Version 1.0.3 cb89cbfa16f47cb7bf1ec6ad9855e7b6d5203c18
c g++ (GCC) 6.3.0 -Wall -Wextra -O3 -DNDEBUG
c Fri Aug 23 08:17:16 CDT 2019 Linux login1 4.4.103-6.38-default x86_64
c 
c --- [ config ] -------------------------------------------------------------
c 
c using 'unsat' configuration (target unsatisfiable instances)
c 
c --- [ proof tracing ] ------------------------------------------------------
c 
c opening file to write '/tmp/22_777_0_four.drat'
c writing binary proof trace to '/tmp/22_777_0_four.drat'
c 
c --- [ parsing input ] ------------------------------------------------------
c 
c reading DIMACS file from '/tmp/22_777_0_four.cnf'
c opening file to read '/tmp/22_777_0_four.cnf'
c found 'p cnf 259840 1039934' header
c parsed 1039934 clauses in 0.47 seconds process time
c 
c --- [ options ] ------------------------------------------------------------
c 
c   --stabilize=false              (different from default 'true')
c   --walk=false                   (different from default 'true')
c 
c --- [ solving ] ------------------------------------------------------------
c 
c time measured in process time since initialization
c 
c  seconds   reductions  redundant   irredundant
c          MB    restarts       trail        variables
c           level   conflicts       glue           remaining
c 
c *  0.49 139  0 0   0    0    0  0% 0 1039424 253068 97%
c {  0.51 142  0 0   0    0    0  0% 0 1039424 253068 97%
c -  0.74 147 317 1  13  300  186  5% 5 913833 253068 97%
c i  1.13 147 99 1 115  862  676  6% 7 913833 253042 97%
c I  1.24 147 85 1 124 1003  798  7% 7 913833 253042 97%
c -  1.85 178 64 2 173 1477 1181  8% 7 913309 253042 97%
c i  2.47 178 43 2 173 2078 1702  8% 6 913309 253014 97%
c i  2.47 178 43 2 173 2079 1702  8% 6 913309 246748 95%
c i  2.48 178 43 2 173 2087 1708  8% 6 913309 233500 90%
c }  3.12 169 43 2 173 2089  537  2% 6 737992 230004 89%
c 0  3.12 169 43 2 173 2089  537  2% 6 737992 230004 89%
c 
c --- [ result ] -------------------------------------------------------------
c 
s UNSATISFIABLE
c 
c --- [ run-time profiling ] -------------------------------------------------
c 
c process time taken by individual solving procedures
c (percentage relative to process time for solving)
c 
c         2.62   99.24% search
c         2.60   98.49% unstable
c         0.02    0.76% lucky
c         0.00    0.00% simplify
c   =================================
c         2.64   84.85% solve
c 
c last line shows process time for solving
c (percentage relative to total process time)
c 
c --- [ statistics ] ---------------------------------------------------------
c 
c backtracked:                2606       124.75 %  of conflicts
c chronological:               933        35.80 %  of backtracks
c conflicts:                  2089       790.09    per second
c decisions:                 10319      3902.80    per second
c fixed:                     29836        11.48 %  of all variables
c learned:                    1940        92.87 %  per conflict
c minimized:                 13942        25.47 %  learned literals
c propagations:            5882339         2.22 M  per second
c reduced:                      26         1.24 %  per conflict
c rephased:                      1      2089.00    interval
c restarts:                    173        12.08    interval
c subsumed:                    193         0.01 %  of all clauses
c 
c seconds are measured in process time for solving
c 
c --- [ resources ] ----------------------------------------------------------
c 
c total process time since initialization:         3.12    seconds
c total real time since initialization:            3.12    seconds
c maximum resident set size of process:          196.49    MB
c 
c --- [ shutting down ] ------------------------------------------------------
c 
c exit 20
