c --- [ banner ] -------------------------------------------------------------
c 
c CaDiCaL Radically Simplified CDCL SAT Solver
c Copyright (c) 2016-2019 Armin Biere, JKU Linz
c 
c Version 1.0.3 cb89cbfa16f47cb7bf1ec6ad9855e7b6d5203c18
c g++ (GCC) 6.3.0 -Wall -Wextra -O3 -DNDEBUG
c Fri Aug 23 08:17:16 CDT 2019 Linux login1 4.4.103-6.38-default x86_64
c 
c --- [ config ] -------------------------------------------------------------
c 
c using 'unsat' configuration (target unsatisfiable instances)
c 
c --- [ proof tracing ] ------------------------------------------------------
c 
c opening file to write '/tmp/68_1127_0_six.drat'
c writing binary proof trace to '/tmp/68_1127_0_six.drat'
c 
c --- [ parsing input ] ------------------------------------------------------
c 
c reading DIMACS file from '/tmp/68_1127_0_six.cnf'
c opening file to read '/tmp/68_1127_0_six.cnf'
c found 'p cnf 50176 399294' header
c parsed 399294 clauses in 0.16 seconds process time
c 
c --- [ options ] ------------------------------------------------------------
c 
c   --stabilize=false              (different from default 'true')
c   --walk=false                   (different from default 'true')
c 
c --- [ solving ] ------------------------------------------------------------
c 
c time measured in process time since initialization
c 
c  seconds  reductions  redundant  irredundant
c         MB    restarts       trail       variables
c          level   conflicts       glue         remaining
c 
c *  0.16 44  0 0   0    0    0  0% 0 361758 48018 96%
c {  0.16 45  0 0   0    0    0  0% 0 361758 48018 96%
c -  0.22 46 37 1   0  301  193  9% 7 345538 48018 96%
c I  0.28 46 53 1  52 1008  682 10% 10 345538 48018 96%
c -  0.41 58 50 2  63 1228  762 10% 10 345538 48018 96%
c i  0.52 58 47 2  96 2469 1649 11% 9 345538 47982 96%
c -  0.60 58 47 3 111 2612 1363 11% 9 344659 47982 96%
c i  0.61 58 47 3 116 2735 1457 11% 9 344659 47980 96%
c B  0.63 58 46 3 116 3010 1648 11% 9 344659 47980 96%
c i  0.64 58 44 3 116 3097 1725 11% 9 344659 47883 95%
c i  0.64 58 44 3 116 3118 1741 11% 9 344659 47875 95%
c i  0.64 58 44 3 116 3130 1748 11% 9 344659 47775 95%
c i  0.64 58 43 3 116 3138 1753 11% 9 344659 47733 95%
c i  0.64 58 43 3 116 3139 1753 11% 9 344659 47725 95%
c }  0.64 58 43 3 116 3153 1755 11% 9 344659 47687 95%
c 0  0.64 58 43 3 116 3153 1755 11% 9 344659 47687 95%
c 
c --- [ result ] -------------------------------------------------------------
c 
s UNSATISFIABLE
c 
c --- [ run-time profiling ] -------------------------------------------------
c 
c process time taken by individual solving procedures
c (percentage relative to process time for solving)
c 
c         0.49  100.00% search
c         0.48   99.18% unstable
c         0.00    0.82% lucky
c         0.00    0.00% simplify
c   =================================
c         0.49   75.78% solve
c 
c last line shows process time for solving
c (percentage relative to total process time)
c 
c --- [ statistics ] ---------------------------------------------------------
c 
c backtracked:                3691       117.06 %  of conflicts
c chronological:              1233        33.41 %  of backtracks
c conflicts:                  3153      6461.07    per second
c decisions:                 15225     31198.77    per second
c fixed:                      2489         4.96 %  of all variables
c learned:                    2570        81.51 %  per conflict
c minimized:                 32162        24.18 %  learned literals
c propagations:            1283501         2.63 M  per second
c reduced:                     472        14.97 %  per conflict
c rephased:                      2      1576.50    interval
c restarts:                    116        27.18    interval
c subsumed:                    333         0.05 %  of all clauses
c 
c seconds are measured in process time for solving
c 
c --- [ resources ] ----------------------------------------------------------
c 
c total process time since initialization:         0.64    seconds
c total real time since initialization:            0.65    seconds
c maximum resident set size of process:           66.86    MB
c 
c --- [ shutting down ] ------------------------------------------------------
c 
c exit 20
