c --- [ banner ] -------------------------------------------------------------
c 
c CaDiCaL Radically Simplified CDCL SAT Solver
c Copyright (c) 2016-2019 Armin Biere, JKU Linz
c 
c Version 1.0.3 cb89cbfa16f47cb7bf1ec6ad9855e7b6d5203c18
c g++ (GCC) 6.3.0 -Wall -Wextra -O3 -DNDEBUG
c Fri Aug 23 08:17:16 CDT 2019 Linux login1 4.4.103-6.38-default x86_64
c 
c --- [ config ] -------------------------------------------------------------
c 
c using 'unsat' configuration (target unsatisfiable instances)
c 
c --- [ proof tracing ] ------------------------------------------------------
c 
c opening file to write '/tmp/68_246_0_six.drat'
c writing binary proof trace to '/tmp/68_246_0_six.drat'
c 
c --- [ parsing input ] ------------------------------------------------------
c 
c reading DIMACS file from '/tmp/68_246_0_six.cnf'
c opening file to read '/tmp/68_246_0_six.cnf'
c found 'p cnf 50176 399294' header
c parsed 399294 clauses in 0.15 seconds process time
c 
c --- [ options ] ------------------------------------------------------------
c 
c   --stabilize=false              (different from default 'true')
c   --walk=false                   (different from default 'true')
c 
c --- [ solving ] ------------------------------------------------------------
c 
c time measured in process time since initialization
c 
c  seconds  reductions  redundant  irredundant
c         MB    restarts       trail       variables
c          level   conflicts       glue         remaining
c 
c *  0.16 44  0 0   0    0    0  0% 0 361729 47924 96%
c {  0.16 45  0 0   0    0    0  0% 0 361729 47924 96%
c -  0.22 46 45 1  16  300  229  9% 9 343790 47924 96%
c I  0.27 47 64 1  62 1019  734 11% 10 343790 47924 96%
c -  0.38 58 60 2  62 1221  775 11% 9 343790 47924 96%
c i  0.44 58 60 2 107 1839 1172 10% 10 343790 47849 95%
c i  0.45 58 59 2 107 1917 1221 11% 9 343790 46422 93%
c }  0.45 58 59 2 107 1919 1221 11% 9 343790 44844 89%
c 0  0.45 58 59 2 107 1919 1221 11% 9 343790 44844 89%
c 
c --- [ result ] -------------------------------------------------------------
c 
s UNSATISFIABLE
c 
c --- [ run-time profiling ] -------------------------------------------------
c 
c process time taken by individual solving procedures
c (percentage relative to process time for solving)
c 
c         0.29   98.65% search
c         0.29   98.65% unstable
c         0.00    0.00% simplify
c   =================================
c         0.30   66.07% solve
c 
c last line shows process time for solving
c (percentage relative to total process time)
c 
c --- [ statistics ] ---------------------------------------------------------
c 
c backtracked:                2270       118.29 %  of conflicts
c chronological:               758        33.39 %  of backtracks
c conflicts:                  1919      6483.11    per second
c decisions:                 11811     39902.03    per second
c fixed:                      5332        10.63 %  of all variables
c learned:                    1479        77.07 %  per conflict
c minimized:                 16547        22.71 %  learned literals
c propagations:             766485         2.59 M  per second
c reduced:                      91         4.74 %  per conflict
c rephased:                      1      1919.00    interval
c restarts:                    107        17.93    interval
c subsumed:                    163         0.02 %  of all clauses
c 
c seconds are measured in process time for solving
c 
c --- [ resources ] ----------------------------------------------------------
c 
c total process time since initialization:         0.45    seconds
c total real time since initialization:            0.45    seconds
c maximum resident set size of process:           58.48    MB
c 
c --- [ shutting down ] ------------------------------------------------------
c 
c exit 20
