c --- [ banner ] -------------------------------------------------------------
c 
c CaDiCaL Radically Simplified CDCL SAT Solver
c Copyright (c) 2016-2019 Armin Biere, JKU Linz
c 
c Version 1.0.3 cb89cbfa16f47cb7bf1ec6ad9855e7b6d5203c18
c g++ (GCC) 6.3.0 -Wall -Wextra -O3 -DNDEBUG
c Fri Aug 23 08:17:16 CDT 2019 Linux login1 4.4.103-6.38-default x86_64
c 
c --- [ config ] -------------------------------------------------------------
c 
c using 'unsat' configuration (target unsatisfiable instances)
c 
c --- [ proof tracing ] ------------------------------------------------------
c 
c opening file to write '/tmp/68_425_0_six.drat'
c writing binary proof trace to '/tmp/68_425_0_six.drat'
c 
c --- [ parsing input ] ------------------------------------------------------
c 
c reading DIMACS file from '/tmp/68_425_0_six.cnf'
c opening file to read '/tmp/68_425_0_six.cnf'
c found 'p cnf 50176 399294' header
c parsed 399294 clauses in 0.16 seconds process time
c 
c --- [ options ] ------------------------------------------------------------
c 
c   --stabilize=false              (different from default 'true')
c   --walk=false                   (different from default 'true')
c 
c --- [ solving ] ------------------------------------------------------------
c 
c time measured in process time since initialization
c 
c  seconds  reductions  redundant  irredundant
c         MB    restarts       trail       variables
c          level   conflicts       glue         remaining
c 
c *  0.16 44  0 0   0    0    0  0% 0 361739 47885 95%
c {  0.17 45  0 0   0    0    0  0% 0 361739 47885 95%
c i  0.18 46 34 0   0  172  112  8% 4 361739 47877 95%
c -  0.23 46 58 1  23  303  186  9% 7 342747 47877 95%
c i  0.26 47 70 1  55  613  341  9% 10 342747 47802 95%
c I  0.28 47 68 1  57 1003  598  9% 9 342747 47802 95%
c -  0.38 59 62 2  59 1223  681  9% 9 340830 47802 95%
c i  0.41 59 54 2  67 1647  958  8% 8 340830 47778 95%
c }  0.41 59 53 2  67 1659  966  8% 8 340830 47673 95%
c 0  0.41 59 53 2  67 1659  966  8% 8 340830 47673 95%
c 
c --- [ result ] -------------------------------------------------------------
c 
s UNSATISFIABLE
c 
c --- [ run-time profiling ] -------------------------------------------------
c 
c process time taken by individual solving procedures
c (percentage relative to process time for solving)
c 
c         0.25  100.00% search
c         0.24   98.39% unstable
c         0.00    1.61% lucky
c         0.00    0.00% simplify
c   =================================
c         0.25   60.19% solve
c 
c last line shows process time for solving
c (percentage relative to total process time)
c 
c --- [ statistics ] ---------------------------------------------------------
c 
c backtracked:                1939       116.88 %  of conflicts
c chronological:               564        29.09 %  of backtracks
c conflicts:                  1659      6689.52    per second
c decisions:                  9909     39955.65    per second
c fixed:                      2503         4.99 %  of all variables
c learned:                    1273        76.73 %  per conflict
c minimized:                 14652        27.62 %  learned literals
c propagations:             516646         2.08 M  per second
c reduced:                      70         4.22 %  per conflict
c rephased:                      1      1659.00    interval
c restarts:                     67        24.76    interval
c subsumed:                    232         0.03 %  of all clauses
c 
c seconds are measured in process time for solving
c 
c --- [ resources ] ----------------------------------------------------------
c 
c total process time since initialization:         0.41    seconds
c total real time since initialization:            0.41    seconds
c maximum resident set size of process:           58.79    MB
c 
c --- [ shutting down ] ------------------------------------------------------
c 
c exit 20
