c --- [ banner ] -------------------------------------------------------------
c 
c CaDiCaL Radically Simplified CDCL SAT Solver
c Copyright (c) 2016-2019 Armin Biere, JKU Linz
c 
c Version 1.0.3 cb89cbfa16f47cb7bf1ec6ad9855e7b6d5203c18
c g++ (GCC) 6.3.0 -Wall -Wextra -O3 -DNDEBUG
c Fri Aug 23 08:17:16 CDT 2019 Linux login1 4.4.103-6.38-default x86_64
c 
c --- [ config ] -------------------------------------------------------------
c 
c using 'unsat' configuration (target unsatisfiable instances)
c 
c --- [ proof tracing ] ------------------------------------------------------
c 
c opening file to write '/tmp/31_775_0_six.drat'
c writing binary proof trace to '/tmp/31_775_0_six.drat'
c 
c --- [ parsing input ] ------------------------------------------------------
c 
c reading DIMACS file from '/tmp/31_775_0_six.cnf'
c opening file to read '/tmp/31_775_0_six.cnf'
c found 'p cnf 50176 399284' header
c parsed 399284 clauses in 0.24 seconds process time
c 
c --- [ options ] ------------------------------------------------------------
c 
c   --stabilize=false              (different from default 'true')
c   --walk=false                   (different from default 'true')
c 
c --- [ solving ] ------------------------------------------------------------
c 
c time measured in process time since initialization
c 
c  seconds  reductions  redundant  irredundant
c         MB    restarts       trail       variables
c          level   conflicts       glue         remaining
c 
c *  0.25 44  0 0   0    0    0  0% 0 365615 48269 96%
c {  0.25 45  0 0   0    0    0  0% 0 365615 48269 96%
c -  0.32 48 58 1  19  300  233  8% 11 349037 48269 96%
c I  0.38 48 51 1  39 1002  725  8% 10 349037 48269 96%
c -  0.51 60 60 2  79 1229  767  8% 11 349037 48269 96%
c -  0.71 60 62 3 154 2617 1371 10% 11 349037 48269 96%
c B  0.75 60 62 3 162 3005 1666 10% 11 349037 48269 96%
c i  0.88 60 66 3 264 4333 2612 11% 11 349037 48241 96%
c -  0.97 60 66 4 264 4469 1939 11% 11 348165 48241 96%
c d  1.17 61 66 4 270 5004 2351 11% 10 343485 45901 91%
c 2  1.36 61 66 4 270 5004 2351 11% 10 337635 45901 91%
c p  1.53 62 66 4 270 5004 6335 11% 10 337635 45901 91%
c s  1.83 71 66 4 318 5845 6971 11% 10 337635 45901 91%
c v  2.30 71 66 4 318 5845 6971 11% 10 333818 45901 91%
c w  2.42 71 66 4 318 5845 6967 11% 10 333818 45901 91%
c t  2.47 71 66 4 318 5845 6967 11% 10 301671 45901 91%
c e  3.26 66 66 4 318 5845 2898 11% 10 282819 28691 57%
c s  3.38 71 66 4 318 5845 2898 11% 10 282819 28691 57%
c F  3.60 75 65 4 344 6006 3037  6% 10 282819 28691 57%
c -  3.69 75 60 5 344 6782 1156  6% 10 282819 28691 57%
c 
c  seconds  reductions  redundant   irredundant
c         MB    restarts       trail        variables
c          level   conflicts       glue          remaining
c 
c i  3.72 75 58 5 344 7028 1345  6% 10 282819 28647 57%
c }  3.72 75 58 5 344 7033 1347  6% 10 282819 28543 57%
c 0  3.72 75 58 5 344 7033 1347  6% 10 282819 28543 57%
c 
c --- [ result ] -------------------------------------------------------------
c 
s UNSATISFIABLE
c 
c --- [ run-time profiling ] -------------------------------------------------
c 
c process time taken by individual solving procedures
c (percentage relative to process time for solving)
c 
c         2.16   62.03% simplify
c         1.32   37.86% search
c         1.32   37.86% unstable
c         0.77   22.21% elim
c         0.52   15.07% vivify
c         0.28    8.06% subsume
c         0.17    4.83% probe
c         0.14    4.14% ternary
c   =================================
c         3.48   93.44% solve
c 
c last line shows process time for solving
c (percentage relative to total process time)
c 
c --- [ statistics ] ---------------------------------------------------------
c 
c backtracked:               28378       403.50 %  of conflicts
c chronological:              2716         9.57 %  of backtracks
c conflicts:                  7033      2023.30    per second
c decisions:                 42618     12260.64    per second
c eliminated:                17210        34.30 %  of all variables
c fixed:                      2083         4.15 %  of all variables
c learned:                    5901        83.90 %  per conflict
c minimized:                 74353        24.87 %  learned literals
c propagations:            4659667         1.34 M  per second
c reduced:                    1508        21.44 %  per conflict
c rephased:                      3      2344.33    interval
c restarts:                    344        20.44    interval
c substituted:                2340         4.66 %  of all variables
c subsumed:                  10785         0.85 %  of all clauses
c strengthened:               4189         0.33 %  of all clauses
c vivified:                   3926         0.31 %  of all clauses
c weakened:                 110108         4.05    average size
c 
c seconds are measured in process time for solving
c 
c --- [ resources ] ----------------------------------------------------------
c 
c total process time since initialization:         3.72    seconds
c total real time since initialization:            3.72    seconds
c maximum resident set size of process:           74.78    MB
c 
c --- [ shutting down ] ------------------------------------------------------
c 
c exit 20
