c --- [ banner ] -------------------------------------------------------------
c 
c CaDiCaL Radically Simplified CDCL SAT Solver
c Copyright (c) 2016-2019 Armin Biere, JKU Linz
c 
c Version 1.0.3 cb89cbfa16f47cb7bf1ec6ad9855e7b6d5203c18
c g++ (GCC) 6.3.0 -Wall -Wextra -O3 -DNDEBUG
c Fri Aug 23 08:17:16 CDT 2019 Linux login1 4.4.103-6.38-default x86_64
c 
c --- [ config ] -------------------------------------------------------------
c 
c using 'unsat' configuration (target unsatisfiable instances)
c 
c --- [ proof tracing ] ------------------------------------------------------
c 
c opening file to write '/tmp/85_1092_0_six.drat'
c writing binary proof trace to '/tmp/85_1092_0_six.drat'
c 
c --- [ parsing input ] ------------------------------------------------------
c 
c reading DIMACS file from '/tmp/85_1092_0_six.cnf'
c opening file to read '/tmp/85_1092_0_six.cnf'
c found 'p cnf 50176 399284' header
c parsed 399284 clauses in 0.15 seconds process time
c 
c --- [ options ] ------------------------------------------------------------
c 
c   --stabilize=false              (different from default 'true')
c   --walk=false                   (different from default 'true')
c 
c --- [ solving ] ------------------------------------------------------------
c 
c time measured in process time since initialization
c 
c  seconds  reductions  redundant  irredundant
c         MB    restarts       trail       variables
c          level   conflicts       glue         remaining
c 
c *  0.16 44  0 0   0    0    0  0% 0 366664 48488 97%
c {  0.16 45  0 0   0    0    0  0% 0 366664 48488 97%
c -  0.22 47 29 1   6  322  140  7% 4 356018 48488 97%
c i  0.25 48 48 1  67  752  453  8% 7 356018 48407 96%
c I  0.27 48 48 1  90 1003  634  8% 8 356018 48407 96%
c -  0.41 60 47 2 110 1254  752  9% 9 354081 48407 96%
c i  0.49 61 43 2 154 2471 1546  9% 9 354081 48399 96%
c }  0.50 61 40 2 154 2571 1627  9% 8 354081 48154 96%
c 0  0.50 61 40 2 154 2571 1627  9% 8 354081 48154 96%
c 
c --- [ result ] -------------------------------------------------------------
c 
s UNSATISFIABLE
c 
c --- [ run-time profiling ] -------------------------------------------------
c 
c process time taken by individual solving procedures
c (percentage relative to process time for solving)
c 
c         0.34   98.85% search
c         0.34   97.70% unstable
c         0.00    1.15% lucky
c         0.00    0.00% simplify
c   =================================
c         0.35   69.05% solve
c 
c last line shows process time for solving
c (percentage relative to total process time)
c 
c --- [ statistics ] ---------------------------------------------------------
c 
c backtracked:                3002       116.76 %  of conflicts
c chronological:               922        30.71 %  of backtracks
c conflicts:                  2571      7387.93    per second
c decisions:                 13340     38333.33    per second
c fixed:                      2022         4.03 %  of all variables
c learned:                    1916        74.52 %  per conflict
c minimized:                 21970        26.43 %  learned literals
c propagations:            1060668         3.05 M  per second
c reduced:                      39         1.52 %  per conflict
c rephased:                      1      2571.00    interval
c restarts:                    154        16.69    interval
c subsumed:                    220         0.03 %  of all clauses
c 
c seconds are measured in process time for solving
c 
c --- [ resources ] ----------------------------------------------------------
c 
c total process time since initialization:         0.50    seconds
c total real time since initialization:            0.50    seconds
c maximum resident set size of process:           60.53    MB
c 
c --- [ shutting down ] ------------------------------------------------------
c 
c exit 20
