c --- [ banner ] -------------------------------------------------------------
c 
c CaDiCaL Radically Simplified CDCL SAT Solver
c Copyright (c) 2016-2019 Armin Biere, JKU Linz
c 
c Version 1.0.3 cb89cbfa16f47cb7bf1ec6ad9855e7b6d5203c18
c g++ (GCC) 6.3.0 -Wall -Wextra -O3 -DNDEBUG
c Fri Aug 23 08:17:16 CDT 2019 Linux login1 4.4.103-6.38-default x86_64
c 
c --- [ config ] -------------------------------------------------------------
c 
c using 'unsat' configuration (target unsatisfiable instances)
c 
c --- [ proof tracing ] ------------------------------------------------------
c 
c opening file to write '/tmp/87_673_0_four.drat'
c writing binary proof trace to '/tmp/87_673_0_four.drat'
c 
c --- [ parsing input ] ------------------------------------------------------
c 
c reading DIMACS file from '/tmp/87_673_0_four.cnf'
c opening file to read '/tmp/87_673_0_four.cnf'
c found 'p cnf 259840 1039914' header
c parsed 1039914 clauses in 0.44 seconds process time
c 
c --- [ options ] ------------------------------------------------------------
c 
c   --stabilize=false              (different from default 'true')
c   --walk=false                   (different from default 'true')
c 
c --- [ solving ] ------------------------------------------------------------
c 
c time measured in process time since initialization
c 
c  seconds   reductions  redundant   irredundant
c          MB    restarts       trail        variables
c           level   conflicts       glue           remaining
c 
c *  0.45 139  0 0   0    0    0  0% 0 1039424 253861 98%
c {  0.47 142  0 0   0    0    0  0% 0 1039424 253861 98%
c i  0.48 142 118 0   0   75   46  3% 3 1039424 253711 98%
c -  0.77 151 48 1  38  301  236  5% 9 917705 253711 98%
c i  0.90 151 43 1  42  534  435  6% 8 917705 253552 98%
c I  1.10 151 42 1 105 1003  833  6% 10 917705 253552 98%
c -  1.49 182 38 2 117 1479 1122  6% 9 915062 253552 98%
c B  2.34 182 40 2 210 3004 2404  7% 9 915062 253552 98%
c -  2.70 189 41 3 226 3244 2060  7% 9 915062 253552 98%
c s  4.04 208 44 3 325 4069 2748  8% 9 915062 253552 98%
c v  5.14 208 44 3 325 4069 2748  8% 9 915050 253552 98%
c w  5.46 208 44 3 325 4069 2733  8% 9 915050 253552 98%
c t  5.51 208 44 3 325 4069 2733  8% 9 914555 253552 98%
c e  8.20 212 44 3 325 4069   38  8% 9 226530 27998 11%
c s  8.43 212 44 3 325 4069   36  8% 9 226311 27998 11%
c e  8.73 150 44 3 325 4069   31  8% 9 226311 27899 11%
c i  8.97 168 42 3 365 4859  710  6% 9 226311 27880 11%
c 3  9.07 168 42 3 386 5003 4550  7% 9 226311 27826 11%
c d  9.13 168 42 3 386 5003 4446  7% 9 221438 27809 11%
c 2  9.15 168 42 3 386 5003 4412  7% 9 221063 27623 11%
c 
c  seconds   reductions  redundant  irredundant
c          MB    restarts       trail       variables
c           level   conflicts       glue         remaining
c 
c p  9.34 168 42 3 386 5003 6016  7% 9 221063 27583 11%
c d  9.36 168 42 3 386 5003 5631  7% 9 219419 27575 11%
c d  9.38 168 42 3 386 5003 5617  7% 9 219139 27471 11%
c -  9.50 168 42 4 409 5598 1688  8% 9 219139 27471 11%
c F  9.57 168 42 4 444 6007 2059  8% 9 219139 27471 11%
c -  9.82 168 41 5 509 7611 2708  9% 9 219139 27471 11%
c B 10.16 168 39 5 642 10011 4797  9% 9 219139 27471 11%
c - 10.20 168 39 6 642 10024 3433  9% 9 219139 27471 11%
c i 10.48 168 36 6 644 11177 4423 10% 8 219139 27443 11%
c i 10.58 168 35 6 651 11766 4916 10% 8 219139 27442 11%
c i 10.58 168 35 6 651 11783 4918 10% 8 219139 27441 11%
c i 10.61 168 34 6 651 11887 4998 10% 8 219139 27361 11%
c i 10.61 168 34 6 651 11888 4998 10% 8 219139 27332 11%
c i 10.61 168 34 6 651 11889 4998 10% 8 219139 27327 11%
c i 10.64 168 34 6 652 12056 5147 10% 8 219139 27001 10%
c i 10.66 168 34 6 652 12150 5219 10% 8 219139 26998 10%
c i 10.67 168 34 6 652 12156 5224 10% 8 219139 26329 10%
c i 10.67 168 34 6 652 12159 5226 10% 8 219139 26029 10%
c } 10.67 168 34 6 652 12161 5226 10% 8 219139 25951 10%
c 0 10.67 168 34 6 652 12161 5226 10% 8 219139 25951 10%
c 
c --- [ result ] -------------------------------------------------------------
c 
s UNSATISFIABLE
c 
c --- [ run-time profiling ] -------------------------------------------------
c 
c process time taken by individual solving procedures
c (percentage relative to process time for solving)
c 
c         5.44   53.21% simplify
c         4.77   46.64% search
c         4.75   46.44% unstable
c         2.91   28.42% elim
c         1.29   12.63% vivify
c         0.81    7.90% subsume
c         0.18    1.80% probe
c         0.09    0.86% ternary
c         0.02    0.20% lucky
c   =================================
c        10.23   95.91% solve
c 
c last line shows process time for solving
c (percentage relative to total process time)
c 
c --- [ statistics ] ---------------------------------------------------------
c 
c backtracked:               41068       337.70 %  of conflicts
c chronological:              4826        11.75 %  of backtracks
c conflicts:                 12161      1188.53    per second
c decisions:                 51521      5035.28    per second
c eliminated:               225653        86.84 %  of all variables
c fixed:                      7921         3.05 %  of all variables
c learned:                   11430        93.99 %  per conflict
c minimized:                101729        27.82 %  learned literals
c propagations:           17545981         1.71 M  per second
c reduced:                    2794        22.98 %  per conflict
c rephased:                      4      3040.25    interval
c restarts:                    652        18.65    interval
c substituted:                 315         0.12 %  of all variables
c subsumed:                   6666         0.22 %  of all clauses
c strengthened:              15196         0.50 %  of all clauses
c ternary:                    4253         0.33 %  of resolved
c vivified:                    153         0.01 %  of all clauses
c weakened:                 804296         2.84    average size
c 
c seconds are measured in process time for solving
c 
c --- [ resources ] ----------------------------------------------------------
c 
c total process time since initialization:        10.67    seconds
c total real time since initialization:           10.67    seconds
c maximum resident set size of process:          217.58    MB
c 
c --- [ shutting down ] ------------------------------------------------------
c 
c exit 20
