c --- [ banner ] -------------------------------------------------------------
c 
c CaDiCaL Radically Simplified CDCL SAT Solver
c Copyright (c) 2016-2019 Armin Biere, JKU Linz
c 
c Version 1.0.3 cb89cbfa16f47cb7bf1ec6ad9855e7b6d5203c18
c g++ (GCC) 6.3.0 -Wall -Wextra -O3 -DNDEBUG
c Fri Aug 23 08:17:16 CDT 2019 Linux login1 4.4.103-6.38-default x86_64
c 
c --- [ config ] -------------------------------------------------------------
c 
c using 'unsat' configuration (target unsatisfiable instances)
c 
c --- [ proof tracing ] ------------------------------------------------------
c 
c opening file to write '/tmp/87_887_0_four.drat'
c writing binary proof trace to '/tmp/87_887_0_four.drat'
c 
c --- [ parsing input ] ------------------------------------------------------
c 
c reading DIMACS file from '/tmp/87_887_0_four.cnf'
c opening file to read '/tmp/87_887_0_four.cnf'
c found 'p cnf 259840 1039914' header
c parsed 1039914 clauses in 0.50 seconds process time
c 
c --- [ options ] ------------------------------------------------------------
c 
c   --stabilize=false              (different from default 'true')
c   --walk=false                   (different from default 'true')
c 
c --- [ solving ] ------------------------------------------------------------
c 
c time measured in process time since initialization
c 
c  seconds   reductions  redundant   irredundant
c          MB    restarts       trail        variables
c           level   conflicts       glue           remaining
c 
c *  0.52 139  0 0   0    0    0  0% 0 1039424 254137 98%
c {  0.54 141  0 0   0    0    0  0% 0 1039424 254137 98%
c i  0.57 144 98 0   0  128   76  4% 3 1039424 253844 98%
c -  0.81 148 54 1  35  301  224  4% 7 919804 253844 98%
c i  1.17 148 47 1 114  894  740  7% 10 919804 253579 98%
c i  1.17 148 47 1 114  895  740  7% 10 919804 253324 97%
c i  1.17 148 47 1 114  898  741  7% 10 919804 253178 97%
c i  1.17 148 47 1 114  899  741  7% 10 919804 253144 97%
c i  1.17 148 47 1 114  901  742  7% 10 919804 253143 97%
c I  1.22 148 47 1 116 1004  824  7% 9 919804 252527 97%
c i  1.22 148 47 1 116 1005  824  7% 9 919804 252417 97%
c }  1.23 148 46 1 116 1032  836  7% 9 919804 251917 97%
c 0  1.23 148 46 1 116 1032  836  7% 9 919804 251917 97%
c 
c --- [ result ] -------------------------------------------------------------
c 
s UNSATISFIABLE
c 
c --- [ run-time profiling ] -------------------------------------------------
c 
c process time taken by individual solving procedures
c (percentage relative to process time for solving)
c 
c         0.70   97.78% search
c         0.69   95.56% unstable
c         0.02    2.22% lucky
c         0.00    0.00% simplify
c   =================================
c         0.72   58.63% solve
c 
c last line shows process time for solving
c (percentage relative to total process time)
c 
c --- [ statistics ] ---------------------------------------------------------
c 
c backtracked:                1316       127.52 %  of conflicts
c chronological:               446        33.89 %  of backtracks
c conflicts:                  1032      1433.33    per second
c decisions:                  7138      9913.89    per second
c fixed:                      7923         3.05 %  of all variables
c learned:                     930        90.12 %  per conflict
c minimized:                  5146        18.65 %  learned literals
c propagations:            1845564         2.56 M  per second
c rephased:                      1      1032.00    interval
c restarts:                    116         8.90    interval
c subsumed:                     85         0.00 %  of all clauses
c 
c seconds are measured in process time for solving
c 
c --- [ resources ] ----------------------------------------------------------
c 
c total process time since initialization:         1.23    seconds
c total real time since initialization:            1.23    seconds
c maximum resident set size of process:          155.59    MB
c 
c --- [ shutting down ] ------------------------------------------------------
c 
c exit 20
