c --- [ banner ] -------------------------------------------------------------
c 
c CaDiCaL Radically Simplified CDCL SAT Solver
c Copyright (c) 2016-2019 Armin Biere, JKU Linz
c 
c Version 1.0.3 cb89cbfa16f47cb7bf1ec6ad9855e7b6d5203c18
c g++ (GCC) 6.3.0 -Wall -Wextra -O3 -DNDEBUG
c Fri Aug 23 08:17:16 CDT 2019 Linux login1 4.4.103-6.38-default x86_64
c 
c --- [ config ] -------------------------------------------------------------
c 
c using 'unsat' configuration (target unsatisfiable instances)
c 
c --- [ proof tracing ] ------------------------------------------------------
c 
c opening file to write '/tmp/17_432_0_four.drat'
c writing binary proof trace to '/tmp/17_432_0_four.drat'
c 
c --- [ parsing input ] ------------------------------------------------------
c 
c reading DIMACS file from '/tmp/17_432_0_four.cnf'
c opening file to read '/tmp/17_432_0_four.cnf'
c found 'p cnf 259840 1039934' header
c parsed 1039934 clauses in 0.59 seconds process time
c 
c --- [ options ] ------------------------------------------------------------
c 
c   --stabilize=false              (different from default 'true')
c   --walk=false                   (different from default 'true')
c 
c --- [ solving ] ------------------------------------------------------------
c 
c time measured in process time since initialization
c 
c  seconds   reductions  redundant   irredundant
c          MB    restarts       trail        variables
c           level   conflicts       glue           remaining
c 
c *  0.63 139  0 0   0    0    0  0% 0 1039424 251902 97%
c {  0.65 141  0 0   0    0    0  0% 0 1039424 251902 97%
c -  0.93 148 294 1  14  305  197  6% 6 901052 251902 97%
c i  0.99 148 203 1  39  411  275  6% 6 901052 251794 97%
c i  0.99 148 202 1  39  412  275  6% 6 901052 250073 96%
c i  1.34 148 87 1 132  924  724  7% 8 901052 249743 96%
c I  1.43 148 81 1 134 1007  795  8% 8 901052 249743 96%
c i  1.48 148 75 1 134 1088  828  8% 8 901052 248751 96%
c i  1.48 148 74 1 134 1093  832  8% 8 901052 248290 96%
c }  1.49 148 73 1 134 1113  842  8% 8 901052 247643 95%
c 0  1.49 148 73 1 134 1113  842  8% 8 901052 247643 95%
c 
c --- [ result ] -------------------------------------------------------------
c 
s UNSATISFIABLE
c 
c --- [ run-time profiling ] -------------------------------------------------
c 
c process time taken by individual solving procedures
c (percentage relative to process time for solving)
c 
c         0.86   95.98% search
c         0.84   93.30% unstable
c         0.02    2.68% lucky
c         0.00    0.00% simplify
c   =================================
c         0.90   60.22% solve
c 
c last line shows process time for solving
c (percentage relative to total process time)
c 
c --- [ statistics ] ---------------------------------------------------------
c 
c backtracked:                1454       130.64 %  of conflicts
c chronological:               567        39.00 %  of backtracks
c conflicts:                  1113      1242.19    per second
c decisions:                  7281      8126.12    per second
c fixed:                     12197         4.69 %  of all variables
c learned:                    1016        91.28 %  per conflict
c minimized:                  5810        21.79 %  learned literals
c propagations:            2180066         2.43 M  per second
c rephased:                      1      1113.00    interval
c restarts:                    134         8.31    interval
c subsumed:                    168         0.01 %  of all clauses
c 
c seconds are measured in process time for solving
c 
c --- [ resources ] ----------------------------------------------------------
c 
c total process time since initialization:         1.49    seconds
c total real time since initialization:            1.49    seconds
c maximum resident set size of process:          155.30    MB
c 
c --- [ shutting down ] ------------------------------------------------------
c 
c exit 20
