c --- [ banner ] -------------------------------------------------------------
c 
c CaDiCaL Radically Simplified CDCL SAT Solver
c Copyright (c) 2016-2019 Armin Biere, JKU Linz
c 
c Version 1.0.3 cb89cbfa16f47cb7bf1ec6ad9855e7b6d5203c18
c g++ (GCC) 6.3.0 -Wall -Wextra -O3 -DNDEBUG
c Fri Aug 23 08:17:16 CDT 2019 Linux login1 4.4.103-6.38-default x86_64
c 
c --- [ config ] -------------------------------------------------------------
c 
c using 'unsat' configuration (target unsatisfiable instances)
c 
c --- [ proof tracing ] ------------------------------------------------------
c 
c opening file to write '/tmp/17_669_0_four.drat'
c writing binary proof trace to '/tmp/17_669_0_four.drat'
c 
c --- [ parsing input ] ------------------------------------------------------
c 
c reading DIMACS file from '/tmp/17_669_0_four.cnf'
c opening file to read '/tmp/17_669_0_four.cnf'
c found 'p cnf 259840 1039934' header
c parsed 1039934 clauses in 0.50 seconds process time
c 
c --- [ options ] ------------------------------------------------------------
c 
c   --stabilize=false              (different from default 'true')
c   --walk=false                   (different from default 'true')
c 
c --- [ solving ] ------------------------------------------------------------
c 
c time measured in process time since initialization
c 
c  seconds   reductions  redundant   irredundant
c          MB    restarts       trail        variables
c           level   conflicts       glue           remaining
c 
c *  0.52 139  0 0   0    0    0  0% 0 1039424 252514 97%
c {  0.54 142  0 0   0    0    0  0% 0 1039424 252514 97%
c -  0.78 148 297 1  13  300  185  6% 4 905430 252514 97%
c i  1.13 148 120 1 110  727  561  6% 8 905430 251822 97%
c I  1.23 148 86 1 118 1005  799  7% 7 905430 251822 97%
c i  1.40 148 68 1 177 1383 1093  7% 8 905430 249649 96%
c -  1.80 176 65 2 187 1474  958  7% 8 868390 249649 96%
c i  1.83 177 63 2 187 1513  987  7% 8 868390 247216 95%
c i  1.83 177 63 2 187 1514  987  7% 8 868390 247081 95%
c i  1.84 177 62 2 187 1553 1012  7% 8 868390 247080 95%
c i  1.84 177 62 2 187 1556 1014  7% 8 868390 247010 95%
c i  1.84 177 61 2 187 1557 1014  7% 8 868390 246604 95%
c i  1.84 177 61 2 187 1563 1018  7% 8 868390 245503 94%
c }  1.84 177 61 2 187 1566 1018  7% 8 868390 245449 94%
c 0  1.84 177 61 2 187 1566 1018  7% 8 868390 245449 94%
c 
c --- [ result ] -------------------------------------------------------------
c 
s UNSATISFIABLE
c 
c --- [ run-time profiling ] -------------------------------------------------
c 
c process time taken by individual solving procedures
c (percentage relative to process time for solving)
c 
c         1.32   98.21% search
c         1.30   96.72% unstable
c         0.02    1.49% lucky
c         0.00    0.00% simplify
c   =================================
c         1.34   72.83% solve
c 
c last line shows process time for solving
c (percentage relative to total process time)
c 
c --- [ statistics ] ---------------------------------------------------------
c 
c backtracked:                2004       127.97 %  of conflicts
c chronological:               704        35.13 %  of backtracks
c conflicts:                  1566      1168.66    per second
c decisions:                 11203      8360.45    per second
c fixed:                     14391         5.54 %  of all variables
c learned:                    1400        89.40 %  per conflict
c minimized:                  6007        17.03 %  learned literals
c propagations:            3265431         2.44 M  per second
c reduced:                      12         0.77 %  per conflict
c rephased:                      1      1566.00    interval
c restarts:                    187         8.37    interval
c subsumed:                    158         0.01 %  of all clauses
c 
c seconds are measured in process time for solving
c 
c --- [ resources ] ----------------------------------------------------------
c 
c total process time since initialization:         1.84    seconds
c total real time since initialization:            1.84    seconds
c maximum resident set size of process:          176.67    MB
c 
c --- [ shutting down ] ------------------------------------------------------
c 
c exit 20
