c --- [ banner ] -------------------------------------------------------------
c 
c CaDiCaL Radically Simplified CDCL SAT Solver
c Copyright (c) 2016-2019 Armin Biere, JKU Linz
c 
c Version 1.0.3 cb89cbfa16f47cb7bf1ec6ad9855e7b6d5203c18
c g++ (GCC) 6.3.0 -Wall -Wextra -O3 -DNDEBUG
c Fri Aug 23 08:17:16 CDT 2019 Linux login1 4.4.103-6.38-default x86_64
c 
c --- [ config ] -------------------------------------------------------------
c 
c using 'unsat' configuration (target unsatisfiable instances)
c 
c --- [ proof tracing ] ------------------------------------------------------
c 
c opening file to write '/tmp/17_89_0_four.drat'
c writing binary proof trace to '/tmp/17_89_0_four.drat'
c 
c --- [ parsing input ] ------------------------------------------------------
c 
c reading DIMACS file from '/tmp/17_89_0_four.cnf'
c opening file to read '/tmp/17_89_0_four.cnf'
c found 'p cnf 259840 1039934' header
c parsed 1039934 clauses in 0.70 seconds process time
c 
c --- [ options ] ------------------------------------------------------------
c 
c   --stabilize=false              (different from default 'true')
c   --walk=false                   (different from default 'true')
c 
c --- [ solving ] ------------------------------------------------------------
c 
c time measured in process time since initialization
c 
c  seconds   reductions  redundant   irredundant
c          MB    restarts       trail        variables
c           level   conflicts       glue           remaining
c 
c *  0.72 139  0 0   0    0    0  0% 0 1039424 253218 97%
c {  0.74 141  0 0   0    0    0  0% 0 1039424 253218 97%
c -  1.08 148 298 1  16  300  189  6% 5 913914 253218 97%
c I  1.58 148 92 1  90 1002  794  8% 8 913914 253218 97%
c -  2.14 179 71 2 127 1480 1177  9% 7 913914 253218 97%
c i  3.50 179 40 2 139 2815 2348  9% 7 913914 253110 97%
c i  3.50 179 40 2 140 2820 2349  9% 7 913914 252465 97%
c i  3.62 179 38 2 140 2958 2458  9% 6 913914 252384 97%
c i  3.63 179 38 2 140 2962 2461  9% 6 913914 251523 97%
c i  3.64 179 38 2 140 2969 2466  9% 6 913914 251473 97%
c }  3.65 179 38 2 140 2974 2469  9% 6 913914 250679 96%
c 0  3.65 179 38 2 140 2974 2469  9% 6 913914 250679 96%
c 
c --- [ result ] -------------------------------------------------------------
c 
s UNSATISFIABLE
c 
c --- [ run-time profiling ] -------------------------------------------------
c 
c process time taken by individual solving procedures
c (percentage relative to process time for solving)
c 
c         2.93   99.32% search
c         2.91   98.78% unstable
c         0.02    0.54% lucky
c         0.00    0.00% simplify
c   =================================
c         2.95   80.72% solve
c 
c last line shows process time for solving
c (percentage relative to total process time)
c 
c --- [ statistics ] ---------------------------------------------------------
c 
c backtracked:                3595       120.88 %  of conflicts
c chronological:              1292        35.94 %  of backtracks
c conflicts:                  2974      1008.82    per second
c decisions:                 12619      4280.53    per second
c fixed:                      9161         3.53 %  of all variables
c learned:                    2738        92.06 %  per conflict
c minimized:                 28158        28.80 %  learned literals
c propagations:            9130214         3.10 M  per second
c reduced:                      27         0.91 %  per conflict
c rephased:                      1      2974.00    interval
c restarts:                    140        21.24    interval
c subsumed:                    236         0.01 %  of all clauses
c 
c seconds are measured in process time for solving
c 
c --- [ resources ] ----------------------------------------------------------
c 
c total process time since initialization:         3.65    seconds
c total real time since initialization:            3.66    seconds
c maximum resident set size of process:          178.92    MB
c 
c --- [ shutting down ] ------------------------------------------------------
c 
c exit 20
