c --- [ banner ] -------------------------------------------------------------
c 
c CaDiCaL Radically Simplified CDCL SAT Solver
c Copyright (c) 2016-2019 Armin Biere, JKU Linz
c 
c Version 1.0.3 cb89cbfa16f47cb7bf1ec6ad9855e7b6d5203c18
c g++ (GCC) 6.3.0 -Wall -Wextra -O3 -DNDEBUG
c Fri Aug 23 08:17:16 CDT 2019 Linux login1 4.4.103-6.38-default x86_64
c 
c --- [ config ] -------------------------------------------------------------
c 
c using 'unsat' configuration (target unsatisfiable instances)
c 
c --- [ proof tracing ] ------------------------------------------------------
c 
c opening file to write '/tmp/0_589_0_three.drat'
c writing binary proof trace to '/tmp/0_589_0_three.drat'
c 
c --- [ parsing input ] ------------------------------------------------------
c 
c reading DIMACS file from '/tmp/0_589_0_three.cnf'
c opening file to read '/tmp/0_589_0_three.cnf'
c found 'p cnf 39424 200382' header
c parsed 200382 clauses in 0.14 seconds process time
c 
c --- [ options ] ------------------------------------------------------------
c 
c   --stabilize=false              (different from default 'true')
c   --walk=false                   (different from default 'true')
c 
c --- [ solving ] ------------------------------------------------------------
c 
c time measured in process time since initialization
c 
c  seconds  reductions  redundant  irredundant
c         MB    restarts       trail       variables
c          level   conflicts       glue         remaining
c 
c *  0.14 26  0 0   0    0    0  0% 0 181508 38108 97%
c {  0.14 26  0 0   0    0    0  0% 0 181508 38108 97%
c -  0.19 28 45 1  23  302  265  8% 9 174580 38108 97%
c I  0.25 29 60 1  63 1006  888  9% 10 174580 38108 97%
c i  0.25 29 60 1  63 1006  888  9% 10 174580 38084 97%
c -  0.31 35 58 2  63 1047  762  9% 9 174148 38084 97%
c -  0.44 35 48 3  75 2163 1224 11% 8 174148 38084 97%
c i  0.46 35 47 3  88 2274 1321 11% 8 174148 38034 96%
c B  0.54 35 41 3 100 3010 1995 10% 8 174148 38034 96%
c i  0.55 35 40 3 101 3115 2091 10% 8 174148 38010 96%
c i  0.57 35 38 3 101 3271 2232 10% 8 174148 37785 96%
c i  0.57 35 38 3 101 3275 2234 10% 8 174148 36809 93%
c i  0.57 35 38 3 101 3276 2234 10% 8 174148 36652 93%
c }  0.57 35 38 3 101 3281 2237 10% 8 174148 36478 93%
c 0  0.57 35 38 3 101 3281 2237 10% 8 174148 36478 93%
c 
c --- [ result ] -------------------------------------------------------------
c 
s UNSATISFIABLE
c 
c --- [ run-time profiling ] -------------------------------------------------
c 
c process time taken by individual solving procedures
c (percentage relative to process time for solving)
c 
c         0.43  100.00% search
c         0.43  100.00% unstable
c         0.00    0.00% simplify
c   =================================
c         0.43   75.35% solve
c 
c last line shows process time for solving
c (percentage relative to total process time)
c 
c --- [ statistics ] ---------------------------------------------------------
c 
c backtracked:                4010       122.22 %  of conflicts
c chronological:              1483        36.98 %  of backtracks
c conflicts:                  3281      7665.89    per second
c decisions:                 13436     31392.52    per second
c fixed:                      2946         7.47 %  of all variables
c learned:                    2988        91.07 %  per conflict
c minimized:                 29159        26.55 %  learned literals
c propagations:            1459984         3.41 M  per second
c reduced:                     632        19.26 %  per conflict
c rephased:                      2      1640.50    interval
c restarts:                    101        32.49    interval
c subsumed:                    111         0.03 %  of all clauses
c 
c seconds are measured in process time for solving
c 
c --- [ resources ] ----------------------------------------------------------
c 
c total process time since initialization:         0.57    seconds
c total real time since initialization:            0.57    seconds
c maximum resident set size of process:           39.46    MB
c 
c --- [ shutting down ] ------------------------------------------------------
c 
c exit 20
