c --- [ banner ] -------------------------------------------------------------
c 
c CaDiCaL Radically Simplified CDCL SAT Solver
c Copyright (c) 2016-2019 Armin Biere, JKU Linz
c 
c Version 1.0.3 cb89cbfa16f47cb7bf1ec6ad9855e7b6d5203c18
c g++ (GCC) 6.3.0 -Wall -Wextra -O3 -DNDEBUG
c Fri Aug 23 08:17:16 CDT 2019 Linux login1 4.4.103-6.38-default x86_64
c 
c --- [ config ] -------------------------------------------------------------
c 
c using 'unsat' configuration (target unsatisfiable instances)
c 
c --- [ proof tracing ] ------------------------------------------------------
c 
c opening file to write '/tmp/22_199_0_four.drat'
c writing binary proof trace to '/tmp/22_199_0_four.drat'
c 
c --- [ parsing input ] ------------------------------------------------------
c 
c reading DIMACS file from '/tmp/22_199_0_four.cnf'
c opening file to read '/tmp/22_199_0_four.cnf'
c found 'p cnf 43008 265790' header
c parsed 265790 clauses in 0.16 seconds process time
c 
c --- [ options ] ------------------------------------------------------------
c 
c   --stabilize=false              (different from default 'true')
c   --walk=false                   (different from default 'true')
c 
c --- [ solving ] ------------------------------------------------------------
c 
c time measured in process time since initialization
c 
c  seconds  reductions  redundant  irredundant
c         MB    restarts       trail       variables
c          level   conflicts       glue         remaining
c 
c *  0.16 31  0 0   0    0    0  0% 0 240733 41432 96%
c {  0.16 31  0 0   0    0    0  0% 0 240733 41432 96%
c -  0.23 33 47 1  39  300  236  7% 8 231368 41432 96%
c i  0.26 33 43 1  61  624  467  8% 8 231368 41428 96%
c I  0.29 33 36 1  67 1002  764  9% 7 231368 41428 96%
c i  0.29 34 32 1  67 1087  837  9% 7 231368 41416 96%
c -  0.37 41 31 2  67 1118  731  9% 7 230648 41416 96%
c }  0.40 41 26 2  67 1451 1029  9% 6 230648 41339 96%
c 0  0.40 41 26 2  67 1451 1029  9% 6 230648 41339 96%
c 
c --- [ result ] -------------------------------------------------------------
c 
s UNSATISFIABLE
c 
c --- [ run-time profiling ] -------------------------------------------------
c 
c process time taken by individual solving procedures
c (percentage relative to process time for solving)
c 
c         0.24  100.00% search
c         0.24   98.36% unstable
c         0.00    1.64% lucky
c         0.00    0.00% simplify
c   =================================
c         0.24   60.40% solve
c 
c last line shows process time for solving
c (percentage relative to total process time)
c 
c --- [ statistics ] ---------------------------------------------------------
c 
c backtracked:                1734       119.50 %  of conflicts
c chronological:               582        33.56 %  of backtracks
c conflicts:                  1451      5946.72    per second
c decisions:                  7169     29381.15    per second
c fixed:                      1669         3.88 %  of all variables
c learned:                    1237        85.25 %  per conflict
c minimized:                 12563        28.17 %  learned literals
c propagations:             579494         2.37 M  per second
c reduced:                     102         7.03 %  per conflict
c rephased:                      1      1451.00    interval
c restarts:                     67        21.66    interval
c subsumed:                     68         0.01 %  of all clauses
c 
c seconds are measured in process time for solving
c 
c --- [ resources ] ----------------------------------------------------------
c 
c total process time since initialization:         0.40    seconds
c total real time since initialization:            0.41    seconds
c maximum resident set size of process:           41.38    MB
c 
c --- [ shutting down ] ------------------------------------------------------
c 
c exit 20
