c --- [ banner ] -------------------------------------------------------------
c 
c CaDiCaL Radically Simplified CDCL SAT Solver
c Copyright (c) 2016-2019 Armin Biere, JKU Linz
c 
c Version 1.0.3 cb89cbfa16f47cb7bf1ec6ad9855e7b6d5203c18
c g++ (GCC) 6.3.0 -Wall -Wextra -O3 -DNDEBUG
c Fri Aug 23 08:17:16 CDT 2019 Linux login1 4.4.103-6.38-default x86_64
c 
c --- [ config ] -------------------------------------------------------------
c 
c using 'unsat' configuration (target unsatisfiable instances)
c 
c --- [ proof tracing ] ------------------------------------------------------
c 
c opening file to write '/tmp/22_641_0_four.drat'
c writing binary proof trace to '/tmp/22_641_0_four.drat'
c 
c --- [ parsing input ] ------------------------------------------------------
c 
c reading DIMACS file from '/tmp/22_641_0_four.cnf'
c opening file to read '/tmp/22_641_0_four.cnf'
c found 'p cnf 43008 265790' header
c parsed 265790 clauses in 0.10 seconds process time
c 
c --- [ options ] ------------------------------------------------------------
c 
c   --stabilize=false              (different from default 'true')
c   --walk=false                   (different from default 'true')
c 
c --- [ solving ] ------------------------------------------------------------
c 
c time measured in process time since initialization
c 
c  seconds  reductions  redundant  irredundant
c         MB    restarts       trail       variables
c          level   conflicts       glue         remaining
c 
c *  0.11 31  0 0   0    0    0  0% 0 240737 41360 96%
c {  0.11 31  0 0   0    0    0  0% 0 240737 41360 96%
c -  0.15 33 37 1  12  302  200  7% 5 229642 41360 96%
c i  0.18 34 32 1  57  805  545  8% 7 229642 41080 96%
c i  0.20 34 32 1  76  957  667  8% 7 229642 41017 95%
c I  0.20 34 36 1  76 1004  707  8% 7 229642 41017 95%
c -  0.29 41 35 2  85 1121  665  8% 8 222569 41017 95%
c i  0.30 41 31 2  85 1262  786  8% 7 222569 41009 95%
c }  0.30 41 28 2  85 1413  893  8% 7 222569 40583 94%
c 0  0.30 41 28 2  85 1413  893  8% 7 222569 40583 94%
c 
c --- [ result ] -------------------------------------------------------------
c 
s UNSATISFIABLE
c 
c --- [ run-time profiling ] -------------------------------------------------
c 
c process time taken by individual solving procedures
c (percentage relative to process time for solving)
c 
c         0.20   98.00% search
c         0.20   98.00% unstable
c         0.00    0.00% simplify
c   =================================
c         0.20   65.79% solve
c 
c last line shows process time for solving
c (percentage relative to total process time)
c 
c --- [ statistics ] ---------------------------------------------------------
c 
c backtracked:                1696       120.03 %  of conflicts
c chronological:               577        34.02 %  of backtracks
c conflicts:                  1413      7065.00    per second
c decisions:                  6715     33575.00    per second
c fixed:                      2425         5.64 %  of all variables
c learned:                    1149        81.32 %  per conflict
c minimized:                  9786        26.86 %  learned literals
c propagations:             419681         2.10 M  per second
c reduced:                      66         4.67 %  per conflict
c rephased:                      1      1413.00    interval
c restarts:                     85        16.62    interval
c subsumed:                    116         0.02 %  of all clauses
c 
c seconds are measured in process time for solving
c 
c --- [ resources ] ----------------------------------------------------------
c 
c total process time since initialization:         0.30    seconds
c total real time since initialization:            0.31    seconds
c maximum resident set size of process:           41.23    MB
c 
c --- [ shutting down ] ------------------------------------------------------
c 
c exit 20
