c --- [ banner ] -------------------------------------------------------------
c 
c CaDiCaL Radically Simplified CDCL SAT Solver
c Copyright (c) 2016-2019 Armin Biere, JKU Linz
c 
c Version 1.0.3 cb89cbfa16f47cb7bf1ec6ad9855e7b6d5203c18
c g++ (GCC) 6.3.0 -Wall -Wextra -O3 -DNDEBUG
c Fri Aug 23 08:17:16 CDT 2019 Linux login1 4.4.103-6.38-default x86_64
c 
c --- [ config ] -------------------------------------------------------------
c 
c using 'unsat' configuration (target unsatisfiable instances)
c 
c --- [ proof tracing ] ------------------------------------------------------
c 
c opening file to write '/tmp/49_672_0_four.drat'
c writing binary proof trace to '/tmp/49_672_0_four.drat'
c 
c --- [ parsing input ] ------------------------------------------------------
c 
c reading DIMACS file from '/tmp/49_672_0_four.cnf'
c opening file to read '/tmp/49_672_0_four.cnf'
c found 'p cnf 259840 1039929' header
c parsed 1039929 clauses in 0.45 seconds process time
c 
c --- [ options ] ------------------------------------------------------------
c 
c   --stabilize=false              (different from default 'true')
c   --walk=false                   (different from default 'true')
c 
c --- [ solving ] ------------------------------------------------------------
c 
c time measured in process time since initialization
c 
c  seconds   reductions  redundant   irredundant
c          MB    restarts       trail        variables
c           level   conflicts       glue           remaining
c 
c *  0.47 139  0 0   0    0    0  0% 0 1039424 253215 97%
c {  0.49 143  0 0   0    0    0  0% 0 1039424 253215 97%
c -  0.69 147 233 1  13  301  185  6% 5 911880 253215 97%
c i  1.14 147 84 1 105  906  694  8% 9 911880 253067 97%
c I  1.18 147 78 1 105 1005  776  8% 8 911880 253067 97%
c -  1.71 177 60 2 122 1477 1175  8% 8 909248 253067 97%
c B  2.38 177 37 2 179 3008 2491  8% 8 909248 253067 97%
c -  2.77 185 38 3 211 3240 2130  8% 8 909248 253067 97%
c i  2.84 185 38 3 218 3397 2263  8% 8 909248 252846 97%
c i  3.03 185 36 3 266 3817 2625  8% 8 909248 252717 97%
c s  3.69 203 35 3 292 4075 2831  8% 8 909248 251408 97%
c v  4.74 203 35 3 292 4075 2831  8% 8 909184 251408 97%
c w  5.06 203 35 3 292 4075 2784  8% 8 909184 251346 97%
c t  5.12 203 35 3 292 4075 2784  8% 8 908647 251346 97%
c e  7.71 212 35 3 292 4075   38  8% 8 216731 27167 10%
c s  7.94 218 35 3 292 4075   38  8% 8 216468 27167 10%
c e  8.22 159 35 3 292 4075   33  8% 8 216465 27119 10%
c 3  8.51 159 32 3 339 5003 3248  6% 8 216465 27119 10%
c 3  8.52 159 32 3 339 5003 3374  6% 8 216465 27119 10%
c d  8.57 159 32 3 339 5003 3364  6% 8 216465 27118 10%
c 
c  seconds   reductions  redundant  irredundant
c          MB    restarts       trail       variables
c           level   conflicts       glue         remaining
c 
c 2  8.59 159 32 3 339 5003 3360  6% 8 216465 27118 10%
c p  8.78 159 32 3 339 5003 18219  6% 8 216465 26973 10%
c d  8.80 159 32 3 339 5003 17344  6% 8 209067 26969 10%
c d  8.83 159 32 3 339 5003 17300  6% 8 208497 26684 10%
c -  8.97 159 29 4 353 5590 2535  9% 8 208497 26684 10%
c i  8.98 159 29 4 353 5604 2548  9% 8 208497 26601 10%
c i  8.98 159 29 4 353 5624 2564  9% 8 208497 26600 10%
c i  9.04 159 28 4 353 5860 2764 10% 8 208497 26599 10%
c i  9.04 159 28 4 353 5882 2785 10% 8 208497 26527 10%
c }  9.04 159 28 4 353 5888 2785 10% 8 208497 26509 10%
c 0  9.04 159 28 4 353 5888 2785 10% 8 208497 26509 10%
c 
c --- [ result ] -------------------------------------------------------------
c 
s UNSATISFIABLE
c 
c --- [ run-time profiling ] -------------------------------------------------
c 
c process time taken by individual solving procedures
c (percentage relative to process time for solving)
c 
c         5.26   61.27% simplify
c         3.31   38.55% search
c         3.29   38.27% unstable
c         2.79   32.50% elim
c         1.25   14.53% vivify
c         0.78    9.12% subsume
c         0.19    2.23% probe
c         0.08    0.88% ternary
c         0.02    0.28% lucky
c   =================================
c         8.59   95.00% solve
c 
c last line shows process time for solving
c (percentage relative to total process time)
c 
c --- [ statistics ] ---------------------------------------------------------
c 
c backtracked:               23072       391.85 %  of conflicts
c chronological:              2347        10.17 %  of backtracks
c conflicts:                  5888       685.29    per second
c decisions:                 23337      2716.13    per second
c eliminated:               224227        86.29 %  of all variables
c fixed:                      8814         3.39 %  of all variables
c learned:                    5367        91.15 %  per conflict
c minimized:                 47720        25.67 %  learned literals
c propagations:           12943101         1.51 M  per second
c reduced:                     603        10.24 %  per conflict
c rephased:                      2      2944.00    interval
c restarts:                    353        16.68    interval
c substituted:                 290         0.11 %  of all variables
c subsumed:                   5763         0.19 %  of all clauses
c strengthened:              14474         0.48 %  of all clauses
c ternary:                    3030         0.29 %  of resolved
c vivified:                    114         0.00 %  of all clauses
c weakened:                 778297         2.83    average size
c 
c seconds are measured in process time for solving
c 
c --- [ resources ] ----------------------------------------------------------
c 
c total process time since initialization:         9.04    seconds
c total real time since initialization:            9.05    seconds
c maximum resident set size of process:          218.25    MB
c 
c --- [ shutting down ] ------------------------------------------------------
c 
c exit 20
