c --- [ banner ] -------------------------------------------------------------
c 
c CaDiCaL Radically Simplified CDCL SAT Solver
c Copyright (c) 2016-2019 Armin Biere, JKU Linz
c 
c Version 1.0.3 cb89cbfa16f47cb7bf1ec6ad9855e7b6d5203c18
c g++ (GCC) 6.3.0 -Wall -Wextra -O3 -DNDEBUG
c Fri Aug 23 08:17:16 CDT 2019 Linux login1 4.4.103-6.38-default x86_64
c 
c --- [ config ] -------------------------------------------------------------
c 
c using 'unsat' configuration (target unsatisfiable instances)
c 
c --- [ proof tracing ] ------------------------------------------------------
c 
c opening file to write '/tmp/49_759_0_four.drat'
c writing binary proof trace to '/tmp/49_759_0_four.drat'
c 
c --- [ parsing input ] ------------------------------------------------------
c 
c reading DIMACS file from '/tmp/49_759_0_four.cnf'
c opening file to read '/tmp/49_759_0_four.cnf'
c found 'p cnf 259840 1039929' header
c parsed 1039929 clauses in 0.65 seconds process time
c 
c --- [ options ] ------------------------------------------------------------
c 
c   --stabilize=false              (different from default 'true')
c   --walk=false                   (different from default 'true')
c 
c --- [ solving ] ------------------------------------------------------------
c 
c time measured in process time since initialization
c 
c  seconds   reductions  redundant   irredundant
c          MB    restarts       trail        variables
c           level   conflicts       glue           remaining
c 
c *  0.67 139  0 0   0    0    0  0% 0 1039424 252554 97%
c {  0.70 142  0 0   0    0    0  0% 0 1039424 252554 97%
c i  0.81 148 106 0  13  239  163  6% 6 1039424 252553 97%
c -  0.97 148 86 1  27  300  214  6% 7 905443 252553 97%
c i  1.07 148 67 1  50  452  340  7% 7 905443 252437 97%
c i  1.20 148 51 1  71  644  504  7% 7 905443 251761 97%
c i  1.28 148 47 1  96  773  620  7% 8 905443 251725 97%
c i  1.34 148 43 1 103  888  721  7% 7 905443 251429 97%
c i  1.35 148 42 1 103  894  725  7% 7 905443 251195 97%
c i  1.35 148 42 1 103  896  723  7% 7 905443 251036 97%
c i  1.35 148 41 1 103  905  731  7% 7 905443 250249 96%
c i  1.36 148 40 1 103  918  741  7% 7 905443 250091 96%
c }  1.36 148 39 1 103  945  756  7% 7 905443 248858 96%
c 0  1.36 148 39 1 103  945  756  7% 7 905443 248858 96%
c 
c --- [ result ] -------------------------------------------------------------
c 
s UNSATISFIABLE
c 
c --- [ run-time profiling ] -------------------------------------------------
c 
c process time taken by individual solving procedures
c (percentage relative to process time for solving)
c 
c         0.69   97.18% search
c         0.66   93.79% unstable
c         0.02    3.39% lucky
c         0.00    0.00% simplify
c   =================================
c         0.71   52.06% solve
c 
c last line shows process time for solving
c (percentage relative to total process time)
c 
c --- [ statistics ] ---------------------------------------------------------
c 
c backtracked:                1235       130.69 %  of conflicts
c chronological:               449        36.36 %  of backtracks
c conflicts:                   945      1334.75    per second
c decisions:                  6096      8610.17    per second
c fixed:                     10982         4.23 %  of all variables
c learned:                     863        91.32 %  per conflict
c minimized:                  4935        23.25 %  learned literals
c propagations:            2034893         2.87 M  per second
c restarts:                    103         9.17    interval
c subsumed:                     97         0.00 %  of all clauses
c 
c seconds are measured in process time for solving
c 
c --- [ resources ] ----------------------------------------------------------
c 
c total process time since initialization:         1.36    seconds
c total real time since initialization:            1.36    seconds
c maximum resident set size of process:          156.05    MB
c 
c --- [ shutting down ] ------------------------------------------------------
c 
c exit 20
