c --- [ banner ] -------------------------------------------------------------
c 
c CaDiCaL Radically Simplified CDCL SAT Solver
c Copyright (c) 2016-2019 Armin Biere, JKU Linz
c 
c Version 1.0.3 cb89cbfa16f47cb7bf1ec6ad9855e7b6d5203c18
c g++ (GCC) 6.3.0 -Wall -Wextra -O3 -DNDEBUG
c Fri Aug 23 08:17:16 CDT 2019 Linux login1 4.4.103-6.38-default x86_64
c 
c --- [ config ] -------------------------------------------------------------
c 
c using 'unsat' configuration (target unsatisfiable instances)
c 
c --- [ proof tracing ] ------------------------------------------------------
c 
c opening file to write '/tmp/49_879_0_four.drat'
c writing binary proof trace to '/tmp/49_879_0_four.drat'
c 
c --- [ parsing input ] ------------------------------------------------------
c 
c reading DIMACS file from '/tmp/49_879_0_four.cnf'
c opening file to read '/tmp/49_879_0_four.cnf'
c found 'p cnf 259840 1039929' header
c parsed 1039929 clauses in 0.48 seconds process time
c 
c --- [ options ] ------------------------------------------------------------
c 
c   --stabilize=false              (different from default 'true')
c   --walk=false                   (different from default 'true')
c 
c --- [ solving ] ------------------------------------------------------------
c 
c time measured in process time since initialization
c 
c  seconds   reductions  redundant   irredundant
c          MB    restarts       trail        variables
c           level   conflicts       glue           remaining
c 
c *  0.50 139  0 0   0    0    0  0% 0 1039424 252833 97%
c {  0.52 142  0 0   0    0    0  0% 0 1039424 252833 97%
c -  0.72 147 240 1  10  300  184  6% 5 907622 252833 97%
c i  0.80 147 188 1  31  386  258  6% 6 907622 252685 97%
c I  1.28 147 72 1 162 1003  811  6% 8 907622 252685 97%
c -  1.87 177 56 2 207 1474 1210  7% 8 904990 252685 97%
c i  2.62 177 34 2 302 2920 2455  7% 8 904990 252684 97%
c }  2.62 177 34 2 302 2929 2458  7% 8 904990 251694 97%
c 0  2.62 177 34 2 302 2929 2458  7% 8 904990 251694 97%
c 
c --- [ result ] -------------------------------------------------------------
c 
s UNSATISFIABLE
c 
c --- [ run-time profiling ] -------------------------------------------------
c 
c process time taken by individual solving procedures
c (percentage relative to process time for solving)
c 
c         2.12   98.88% search
c         2.10   97.76% unstable
c         0.02    1.12% lucky
c         0.00    0.00% simplify
c   =================================
c         2.14   81.83% solve
c 
c last line shows process time for solving
c (percentage relative to total process time)
c 
c --- [ statistics ] ---------------------------------------------------------
c 
c backtracked:                3725       127.18 %  of conflicts
c chronological:              1281        34.39 %  of backtracks
c conflicts:                  2929      1366.14    per second
c decisions:                 16461      7677.71    per second
c fixed:                      8146         3.14 %  of all variables
c learned:                    2717        92.76 %  per conflict
c minimized:                 23274        27.14 %  learned literals
c propagations:            7473377         3.49 M  per second
c reduced:                      20         0.68 %  per conflict
c rephased:                      1      2929.00    interval
c restarts:                    302         9.70    interval
c subsumed:                    236         0.01 %  of all clauses
c 
c seconds are measured in process time for solving
c 
c --- [ resources ] ----------------------------------------------------------
c 
c total process time since initialization:         2.62    seconds
c total real time since initialization:            2.62    seconds
c maximum resident set size of process:          177.07    MB
c 
c --- [ shutting down ] ------------------------------------------------------
c 
c exit 20
