c --- [ banner ] -------------------------------------------------------------
c 
c CaDiCaL Radically Simplified CDCL SAT Solver
c Copyright (c) 2016-2019 Armin Biere, JKU Linz
c 
c Version 1.0.3 cb89cbfa16f47cb7bf1ec6ad9855e7b6d5203c18
c g++ (GCC) 6.3.0 -Wall -Wextra -O3 -DNDEBUG
c Fri Aug 23 08:17:16 CDT 2019 Linux login1 4.4.103-6.38-default x86_64
c 
c --- [ config ] -------------------------------------------------------------
c 
c using 'unsat' configuration (target unsatisfiable instances)
c 
c --- [ proof tracing ] ------------------------------------------------------
c 
c opening file to write '/tmp/49_822_0_four.drat'
c writing binary proof trace to '/tmp/49_822_0_four.drat'
c 
c --- [ parsing input ] ------------------------------------------------------
c 
c reading DIMACS file from '/tmp/49_822_0_four.cnf'
c opening file to read '/tmp/49_822_0_four.cnf'
c found 'p cnf 259840 1039929' header
c parsed 1039929 clauses in 0.55 seconds process time
c 
c --- [ options ] ------------------------------------------------------------
c 
c   --stabilize=false              (different from default 'true')
c   --walk=false                   (different from default 'true')
c 
c --- [ solving ] ------------------------------------------------------------
c 
c time measured in process time since initialization
c 
c  seconds   reductions  redundant   irredundant
c          MB    restarts       trail        variables
c           level   conflicts       glue           remaining
c 
c *  0.57 139  0 0   0    0    0  0% 0 1039424 253104 97%
c {  0.60 142  0 0   0    0    0  0% 0 1039424 253104 97%
c -  0.79 146 252 1  11  301  180  6% 4 911822 253104 97%
c i  1.10 146 103 1  92  727  559  6% 7 911822 252860 97%
c i  1.20 146 75 1 111  979  758  6% 7 911822 252067 97%
c I  1.21 146 73 1 111 1003  781  6% 7 911822 252067 97%
c i  1.52 146 62 1 168 1364 1106  7% 8 911822 251739 97%
c -  1.93 176 60 2 172 1476 1176  7% 8 892320 251739 97%
c B  2.84 176 39 2 285 3004 2471  8% 8 892320 251739 97%
c -  3.23 183 39 3 311 3231 2189  8% 8 892320 251739 97%
c s  4.36 165 32 3 315 4076 2852  8% 8 892320 251739 97%
c v  5.52 181 32 3 315 4076 2852  8% 8 892308 251739 97%
c w  5.84 181 32 3 315 4076 2847  8% 8 892308 251739 97%
c t  5.90 181 32 3 315 4076 2846  8% 8 891873 251739 97%
c e  8.50 217 32 3 315 4076   39  8% 8 218165 27223 10%
c s  8.74 223 32 3 315 4076   39  8% 8 217972 27223 10%
c e  9.03 169 32 3 315 4076   37  8% 8 217972 27164 10%
c i  9.25 169 31 3 372 4683  556  5% 8 217972 27069 10%
c i  9.25 169 31 3 372 4694  562  4% 8 217972 26948 10%
c i  9.25 169 31 3 372 4695  562  4% 8 217972 26943 10%
c 
c  seconds   reductions  redundant  irredundant
c          MB    restarts       trail       variables
c           level   conflicts       glue         remaining
c 
c }  9.25 169 31 3 372 4697  562  4% 8 217972 26822 10%
c 0  9.25 169 31 3 372 4697  562  4% 8 217972 26822 10%
c 
c --- [ result ] -------------------------------------------------------------
c 
s UNSATISFIABLE
c 
c --- [ run-time profiling ] -------------------------------------------------
c 
c process time taken by individual solving procedures
c (percentage relative to process time for solving)
c 
c         5.06   58.16% simplify
c         3.62   41.56% search
c         3.59   41.29% unstable
c         2.82   32.41% elim
c         1.35   15.49% vivify
c         0.83    9.52% subsume
c         0.02    0.28% lucky
c   =================================
c         8.70   94.03% solve
c 
c last line shows process time for solving
c (percentage relative to total process time)
c 
c --- [ statistics ] ---------------------------------------------------------
c 
c backtracked:               11031       234.85 %  of conflicts
c chronological:              1933        17.52 %  of backtracks
c conflicts:                  4697       539.89    per second
c decisions:                 22241      2556.44    per second
c eliminated:               224575        86.43 %  of all variables
c fixed:                      8443         3.25 %  of all variables
c learned:                    4291        91.36 %  per conflict
c minimized:                 40381        27.49 %  learned literals
c propagations:           13626051         1.57 M  per second
c reduced:                     506        10.77 %  per conflict
c rephased:                      2      2348.50    interval
c restarts:                    372        12.63    interval
c subsumed:                   5814         0.19 %  of all clauses
c strengthened:              15124         0.51 %  of all clauses
c vivified:                     84         0.00 %  of all clauses
c weakened:                 783909         2.81    average size
c 
c seconds are measured in process time for solving
c 
c --- [ resources ] ----------------------------------------------------------
c 
c total process time since initialization:         9.26    seconds
c total real time since initialization:            9.26    seconds
c maximum resident set size of process:          222.99    MB
c 
c --- [ shutting down ] ------------------------------------------------------
c 
c exit 20
