c --- [ banner ] -------------------------------------------------------------
c 
c CaDiCaL Radically Simplified CDCL SAT Solver
c Copyright (c) 2016-2019 Armin Biere, JKU Linz
c 
c Version 1.0.3 cb89cbfa16f47cb7bf1ec6ad9855e7b6d5203c18
c g++ (GCC) 6.3.0 -Wall -Wextra -O3 -DNDEBUG
c Fri Aug 23 08:17:16 CDT 2019 Linux login1 4.4.103-6.38-default x86_64
c 
c --- [ config ] -------------------------------------------------------------
c 
c using 'unsat' configuration (target unsatisfiable instances)
c 
c --- [ proof tracing ] ------------------------------------------------------
c 
c opening file to write '/tmp/0_1197_0_four.drat'
c writing binary proof trace to '/tmp/0_1197_0_four.drat'
c 
c --- [ parsing input ] ------------------------------------------------------
c 
c reading DIMACS file from '/tmp/0_1197_0_four.cnf'
c opening file to read '/tmp/0_1197_0_four.cnf'
c found 'p cnf 43008 265790' header
c parsed 265790 clauses in 0.14 seconds process time
c 
c --- [ options ] ------------------------------------------------------------
c 
c   --stabilize=false              (different from default 'true')
c   --walk=false                   (different from default 'true')
c 
c --- [ solving ] ------------------------------------------------------------
c 
c time measured in process time since initialization
c 
c  seconds  reductions  redundant  irredundant
c         MB    restarts       trail       variables
c          level   conflicts       glue         remaining
c 
c *  0.14 31  0 0   0    0    0  0% 0 240738 41560 97%
c {  0.15 31  0 0   0    0    0  0% 0 240738 41560 97%
c -  0.18 32 43 1  17  308  233  8% 8 234254 41560 97%
c I  0.23 33 48 1  58 1003  733  8% 9 234254 41560 97%
c -  0.30 42 47 2  62 1129  727  8% 8 234254 41560 97%
c -  0.43 42 41 3 126 2361 1365  8% 8 234254 41560 97%
c B  0.48 42 38 3 134 3004 1889  9% 8 234254 41560 97%
c -  0.59 42 39 4 181 4004 2024  9% 8 234254 41560 97%
c d  0.75 43 35 4 191 5001 2795  8% 8 231102 39984 93%
c 2  0.88 43 35 4 191 5001 2795  8% 8 228738 39984 93%
c p  0.99 46 35 4 191 5001 4101  8% 8 228738 39984 93%
c s  1.14 38 34 4 191 5069 4144  8% 8 228738 39984 93%
c v  1.44 48 34 4 191 5069 4144  8% 8 225481 39984 93%
c w  1.52 48 34 4 191 5069 4129  8% 8 225481 39984 93%
c t  1.55 48 34 4 191 5069 4123  8% 8 207373 39984 93%
c e  2.06 49 34 4 191 5069 1579  8% 8 191318 24430 57%
c s  2.14 54 34 4 191 5069 1566  8% 8 191318 24430 57%
c i  2.31 55 34 4 238 5783 2146  5% 8 191318 24380 57%
c i  2.31 55 33 4 238 5797 2156  5% 8 191318 24377 57%
c i  2.32 55 33 4 238 5828 2176  5% 8 191318 24138 56%
c 
c  seconds  reductions  redundant  irredundant
c         MB    restarts       trail       variables
c          level   conflicts       glue         remaining
c 
c }  2.32 55 33 4 238 5830 2176  5% 8 191318 23970 56%
c 0  2.32 55 33 4 238 5830 2176  5% 8 191318 23970 56%
c 
c --- [ result ] -------------------------------------------------------------
c 
s UNSATISFIABLE
c 
c --- [ run-time profiling ] -------------------------------------------------
c 
c process time taken by individual solving procedures
c (percentage relative to process time for solving)
c 
c         1.41   64.83% simplify
c         0.76   35.17% search
c         0.76   34.99% unstable
c         0.50   23.02% elim
c         0.33   15.10% vivify
c         0.19    8.66% subsume
c         0.11    5.16% probe
c         0.10    4.60% ternary
c         0.00    0.18% lucky
c   =================================
c         2.17   93.78% solve
c 
c last line shows process time for solving
c (percentage relative to total process time)
c 
c --- [ statistics ] ---------------------------------------------------------
c 
c backtracked:               23880       409.61 %  of conflicts
c chronological:              2461        10.31 %  of backtracks
c conflicts:                  5830      2684.16    per second
c decisions:                 23602     10866.48    per second
c eliminated:                15554        36.17 %  of all variables
c fixed:                      1908         4.44 %  of all variables
c learned:                    5028        86.24 %  per conflict
c minimized:                 57263        28.98 %  learned literals
c propagations:            2727483         1.26 M  per second
c reduced:                    1157        19.85 %  per conflict
c rephased:                      2      2915.00    interval
c restarts:                    238        24.50    interval
c substituted:                1576         3.66 %  of all variables
c subsumed:                   6169         0.73 %  of all clauses
c strengthened:               2484         0.29 %  of all clauses
c vivified:                   3358         0.40 %  of all clauses
c weakened:                  79217         3.71    average size
c 
c seconds are measured in process time for solving
c 
c --- [ resources ] ----------------------------------------------------------
c 
c total process time since initialization:         2.32    seconds
c total real time since initialization:            2.32    seconds
c maximum resident set size of process:           54.99    MB
c 
c --- [ shutting down ] ------------------------------------------------------
c 
c exit 20
