c --- [ banner ] -------------------------------------------------------------
c 
c CaDiCaL Radically Simplified CDCL SAT Solver
c Copyright (c) 2016-2019 Armin Biere, JKU Linz
c 
c Version 1.0.3 cb89cbfa16f47cb7bf1ec6ad9855e7b6d5203c18
c g++ (GCC) 6.3.0 -Wall -Wextra -O3 -DNDEBUG
c Fri Aug 23 08:17:16 CDT 2019 Linux login1 4.4.103-6.38-default x86_64
c 
c --- [ config ] -------------------------------------------------------------
c 
c using 'unsat' configuration (target unsatisfiable instances)
c 
c --- [ proof tracing ] ------------------------------------------------------
c 
c opening file to write '/tmp/0_198_0_four.drat'
c writing binary proof trace to '/tmp/0_198_0_four.drat'
c 
c --- [ parsing input ] ------------------------------------------------------
c 
c reading DIMACS file from '/tmp/0_198_0_four.cnf'
c opening file to read '/tmp/0_198_0_four.cnf'
c found 'p cnf 43008 265790' header
c parsed 265790 clauses in 0.20 seconds process time
c 
c --- [ options ] ------------------------------------------------------------
c 
c   --stabilize=false              (different from default 'true')
c   --walk=false                   (different from default 'true')
c 
c --- [ solving ] ------------------------------------------------------------
c 
c time measured in process time since initialization
c 
c  seconds  reductions  redundant  irredundant
c         MB    restarts       trail       variables
c          level   conflicts       glue         remaining
c 
c *  0.21 31  0 0   0    0    0  0% 0 240728 41442 96%
c {  0.21 31  0 0   0    0    0  0% 0 240728 41442 96%
c -  0.29 33 51 1  20  300  228  8% 9 231374 41442 96%
c I  0.37 33 66 1  66 1008  770  8% 10 231374 41442 96%
c -  0.50 41 64 2  71 1124  715  8% 9 231374 41442 96%
c -  0.71 41 53 3 131 2351 1322  9% 9 231374 41442 96%
c B  0.77 41 50 3 151 3009 1859  9% 9 231374 41442 96%
c i  0.81 41 46 3 154 3478 2247  9% 8 231374 41410 96%
c i  0.84 41 43 3 155 3764 2495  9% 8 231374 41343 96%
c i  0.85 41 42 3 159 3931 2606  9% 8 231374 41295 96%
c -  0.91 41 42 4 162 3993 1785  9% 8 228519 41295 96%
c i  0.92 41 42 4 162 4017 1801  9% 8 228519 41283 96%
c }  0.92 41 42 4 162 4019 1801  9% 8 228519 40755 95%
c 0  0.92 41 42 4 162 4019 1801  9% 8 228519 40755 95%
c 
c --- [ result ] -------------------------------------------------------------
c 
s UNSATISFIABLE
c 
c --- [ run-time profiling ] -------------------------------------------------
c 
c process time taken by individual solving procedures
c (percentage relative to process time for solving)
c 
c         0.71   99.44% search
c         0.71   99.44% unstable
c         0.00    0.00% simplify
c   =================================
c         0.71   77.73% solve
c 
c last line shows process time for solving
c (percentage relative to total process time)
c 
c --- [ statistics ] ---------------------------------------------------------
c 
c backtracked:                4834       120.28 %  of conflicts
c chronological:              1728        35.75 %  of backtracks
c conflicts:                  4019      5644.66    per second
c decisions:                 19217     26990.17    per second
c fixed:                      2253         5.24 %  of all variables
c learned:                    3411        84.87 %  per conflict
c minimized:                 33484        25.60 %  learned literals
c propagations:            1517973         2.13 M  per second
c reduced:                    1083        26.95 %  per conflict
c rephased:                      2      2009.50    interval
c restarts:                    162        24.81    interval
c subsumed:                    221         0.05 %  of all clauses
c 
c seconds are measured in process time for solving
c 
c --- [ resources ] ----------------------------------------------------------
c 
c total process time since initialization:         0.92    seconds
c total real time since initialization:            0.92    seconds
c maximum resident set size of process:           47.60    MB
c 
c --- [ shutting down ] ------------------------------------------------------
c 
c exit 20
