c --- [ banner ] -------------------------------------------------------------
c 
c CaDiCaL Radically Simplified CDCL SAT Solver
c Copyright (c) 2016-2019 Armin Biere, JKU Linz
c 
c Version 1.0.3 cb89cbfa16f47cb7bf1ec6ad9855e7b6d5203c18
c g++ (GCC) 6.3.0 -Wall -Wextra -O3 -DNDEBUG
c Fri Aug 23 08:17:16 CDT 2019 Linux login1 4.4.103-6.38-default x86_64
c 
c --- [ config ] -------------------------------------------------------------
c 
c using 'unsat' configuration (target unsatisfiable instances)
c 
c --- [ proof tracing ] ------------------------------------------------------
c 
c opening file to write '/tmp/0_812_0_four.drat'
c writing binary proof trace to '/tmp/0_812_0_four.drat'
c 
c --- [ parsing input ] ------------------------------------------------------
c 
c reading DIMACS file from '/tmp/0_812_0_four.cnf'
c opening file to read '/tmp/0_812_0_four.cnf'
c found 'p cnf 43008 265790' header
c parsed 265790 clauses in 0.10 seconds process time
c 
c --- [ options ] ------------------------------------------------------------
c 
c   --stabilize=false              (different from default 'true')
c   --walk=false                   (different from default 'true')
c 
c --- [ solving ] ------------------------------------------------------------
c 
c time measured in process time since initialization
c 
c  seconds  reductions  redundant  irredundant
c         MB    restarts       trail       variables
c          level   conflicts       glue         remaining
c 
c *  0.10 31  0 0   0    0    0  0% 0 240729 41518 97%
c {  0.10 31  0 0   0    0    0  0% 0 240729 41518 97%
c -  0.14 32 68 1   3  301  220  8% 11 233102 41518 97%
c I  0.21 34 66 1  38 1003  796  9% 11 233102 41518 97%
c -  0.29 42 65 2  38 1122  747  9% 11 233102 41518 97%
c -  0.42 42 50 3  49 2353 1319  9% 9 233102 41518 97%
c B  0.48 42 47 3 115 3004 1891  9% 9 233102 41518 97%
c -  0.62 43 43 4 193 3996 2031  9% 9 233102 41518 97%
c d  0.81 43 41 4 248 5000 2913  9% 9 229966 39950 93%
c 2  0.95 44 41 4 248 5000 2913  9% 9 227614 39950 93%
c p  1.07 46 41 4 248 5000 4391  9% 9 227614 39950 93%
c s  1.24 40 42 4 248 5072 4454  9% 9 227614 39950 93%
c v  1.48 48 42 4 248 5072 4454  9% 9 224394 39950 93%
c w  1.57 48 42 4 248 5072 4448  9% 9 224394 39950 93%
c t  1.59 48 42 4 248 5072 4446  9% 9 205794 39950 93%
c e  2.07 50 42 4 248 5072 1587  9% 9 189052 24097 56%
c s  2.14 53 42 4 248 5072 1583  9% 9 189052 24097 56%
c F  2.30 56 40 4 278 6005 2364  4% 9 189052 24097 56%
c -  2.34 56 39 5 278 6047 1237  4% 9 189052 24097 56%
c i  2.38 56 36 5 278 6758 1789  5% 9 189052 24093 56%
c 
c  seconds  reductions  redundant  irredundant
c         MB    restarts       trail       variables
c          level   conflicts       glue         remaining
c 
c i  2.46 56 33 5 300 7973 2811  5% 8 189052 24092 56%
c i  2.47 56 32 5 303 8238 3017  5% 8 189052 24086 56%
c i  2.47 56 32 5 303 8245 3022  5% 8 189052 24069 56%
c i  2.48 56 32 5 303 8288 3048  5% 8 189052 24047 56%
c i  2.48 56 32 5 303 8289 3048  5% 8 189052 24035 56%
c i  2.48 56 32 5 303 8291 3049  5% 8 189052 23910 56%
c i  2.48 56 32 5 303 8292 3049  5% 8 189052 23623 55%
c i  2.48 56 32 5 303 8293 3049  5% 8 189052 23593 55%
c }  2.48 56 32 5 303 8296 3050  5% 8 189052 23584 55%
c 0  2.48 56 32 5 303 8296 3050  5% 8 189052 23584 55%
c 
c --- [ result ] -------------------------------------------------------------
c 
s UNSATISFIABLE
c 
c --- [ run-time profiling ] -------------------------------------------------
c 
c process time taken by individual solving procedures
c (percentage relative to process time for solving)
c 
c         1.36   57.41% simplify
c         1.01   42.42% search
c         1.01   42.42% unstable
c         0.46   19.53% elim
c         0.28   11.95% vivify
c         0.20    8.25% subsume
c         0.12    5.22% probe
c         0.11    4.55% ternary
c   =================================
c         2.38   95.96% solve
c 
c last line shows process time for solving
c (percentage relative to total process time)
c 
c --- [ statistics ] ---------------------------------------------------------
c 
c backtracked:               27108       326.76 %  of conflicts
c chronological:              3368        12.42 %  of backtracks
c conflicts:                  8296      3491.58    per second
c decisions:                 34316     14442.76    per second
c eliminated:                15853        36.86 %  of all variables
c fixed:                      2003         4.66 %  of all variables
c learned:                    7450        89.80 %  per conflict
c minimized:                 83723        29.31 %  learned literals
c propagations:            3505713         1.48 M  per second
c reduced:                    1504        18.13 %  per conflict
c rephased:                      3      2765.33    interval
c restarts:                    303        27.38    interval
c substituted:                1568         3.65 %  of all variables
c subsumed:                   6290         0.74 %  of all clauses
c strengthened:               2525         0.30 %  of all clauses
c vivified:                   3416         0.40 %  of all clauses
c weakened:                  79689         3.72    average size
c 
c seconds are measured in process time for solving
c 
c --- [ resources ] ----------------------------------------------------------
c 
c total process time since initialization:         2.48    seconds
c total real time since initialization:            2.48    seconds
c maximum resident set size of process:           56.25    MB
c 
c --- [ shutting down ] ------------------------------------------------------
c 
c exit 20
