c --- [ banner ] -------------------------------------------------------------
c 
c CaDiCaL Radically Simplified CDCL SAT Solver
c Copyright (c) 2016-2019 Armin Biere, JKU Linz
c 
c Version 1.0.3 cb89cbfa16f47cb7bf1ec6ad9855e7b6d5203c18
c g++ (GCC) 6.3.0 -Wall -Wextra -O3 -DNDEBUG
c Fri Aug 23 08:17:16 CDT 2019 Linux login1 4.4.103-6.38-default x86_64
c 
c --- [ config ] -------------------------------------------------------------
c 
c using 'unsat' configuration (target unsatisfiable instances)
c 
c --- [ proof tracing ] ------------------------------------------------------
c 
c opening file to write '/tmp/73_570_0_four.drat'
c writing binary proof trace to '/tmp/73_570_0_four.drat'
c 
c --- [ parsing input ] ------------------------------------------------------
c 
c reading DIMACS file from '/tmp/73_570_0_four.cnf'
c opening file to read '/tmp/73_570_0_four.cnf'
c found 'p cnf 259840 1039929' header
c parsed 1039929 clauses in 0.55 seconds process time
c 
c --- [ options ] ------------------------------------------------------------
c 
c   --stabilize=false              (different from default 'true')
c   --walk=false                   (different from default 'true')
c 
c --- [ solving ] ------------------------------------------------------------
c 
c time measured in process time since initialization
c 
c  seconds   reductions  redundant   irredundant
c          MB    restarts       trail        variables
c           level   conflicts       glue           remaining
c 
c *  0.57 139  0 0   0    0    0  0% 0 1039424 253068 97%
c {  0.59 142  0 0   0    0    0  0% 0 1039424 253068 97%
c -  0.81 147 310 1  11  300  188  5% 4 911805 253068 97%
c i  0.92 147 130 1  76  613  463  5% 6 911805 252952 97%
c I  1.18 147 80 1 141 1002  814  6% 7 911805 252952 97%
c i  1.28 147 65 1 173 1281 1060  6% 8 911805 252951 97%
c -  1.72 178 61 2 194 1484 1220  7% 8 909710 252951 97%
c B  2.29 178 35 2 277 3003 2508  7% 8 909710 252951 97%
c -  2.63 185 32 3 279 3248 2241  7% 8 909710 252951 97%
c i  2.67 185 31 3 279 3336 2311  7% 8 909710 252660 97%
c i  2.76 185 29 3 279 3550 2481  7% 7 909710 252391 97%
c i  2.77 185 29 3 279 3562 2481  7% 7 909710 252365 97%
c i  2.77 185 29 3 279 3564 2482  7% 7 909710 252321 97%
c i  2.79 185 28 3 279 3598 2513  7% 7 909710 251211 97%
c i  2.79 185 28 3 279 3599 2513  7% 7 909710 251134 97%
c i  2.79 185 28 3 279 3600 2513  7% 7 909710 243445 94%
c }  2.80 185 28 3 279 3607 2518  7% 7 909710 243086 94%
c 0  2.80 185 28 3 279 3607 2518  7% 7 909710 243086 94%
c 
c --- [ result ] -------------------------------------------------------------
c 
s UNSATISFIABLE
c 
c --- [ run-time profiling ] -------------------------------------------------
c 
c process time taken by individual solving procedures
c (percentage relative to process time for solving)
c 
c         2.23   99.11% search
c         2.21   98.22% unstable
c         0.02    0.89% lucky
c         0.00    0.00% simplify
c   =================================
c         2.25   80.40% solve
c 
c last line shows process time for solving
c (percentage relative to total process time)
c 
c --- [ statistics ] ---------------------------------------------------------
c 
c backtracked:                4397       121.90 %  of conflicts
c chronological:              1363        31.00 %  of backtracks
c conflicts:                  3607      1604.54    per second
c decisions:                 14245      6336.74    per second
c fixed:                     16754         6.45 %  of all variables
c learned:                    3373        93.51 %  per conflict
c minimized:                 36884        31.04 %  learned literals
c propagations:            7525629         3.35 M  per second
c reduced:                     496        13.75 %  per conflict
c rephased:                      2      1803.50    interval
c restarts:                    279        12.93    interval
c subsumed:                    349         0.02 %  of all clauses
c 
c seconds are measured in process time for solving
c 
c --- [ resources ] ----------------------------------------------------------
c 
c total process time since initialization:         2.80    seconds
c total real time since initialization:            2.79    seconds
c maximum resident set size of process:          208.50    MB
c 
c --- [ shutting down ] ------------------------------------------------------
c 
c exit 20
