c --- [ banner ] -------------------------------------------------------------
c 
c CaDiCaL Radically Simplified CDCL SAT Solver
c Copyright (c) 2016-2019 Armin Biere, JKU Linz
c 
c Version 1.0.3 cb89cbfa16f47cb7bf1ec6ad9855e7b6d5203c18
c g++ (GCC) 6.3.0 -Wall -Wextra -O3 -DNDEBUG
c Fri Aug 23 08:17:16 CDT 2019 Linux login1 4.4.103-6.38-default x86_64
c 
c --- [ config ] -------------------------------------------------------------
c 
c using 'unsat' configuration (target unsatisfiable instances)
c 
c --- [ proof tracing ] ------------------------------------------------------
c 
c opening file to write '/tmp/73_970_0_four.drat'
c writing binary proof trace to '/tmp/73_970_0_four.drat'
c 
c --- [ parsing input ] ------------------------------------------------------
c 
c reading DIMACS file from '/tmp/73_970_0_four.cnf'
c opening file to read '/tmp/73_970_0_four.cnf'
c found 'p cnf 259840 1039929' header
c parsed 1039929 clauses in 0.57 seconds process time
c 
c --- [ options ] ------------------------------------------------------------
c 
c   --stabilize=false              (different from default 'true')
c   --walk=false                   (different from default 'true')
c 
c --- [ solving ] ------------------------------------------------------------
c 
c time measured in process time since initialization
c 
c  seconds   reductions  redundant   irredundant
c          MB    restarts       trail        variables
c           level   conflicts       glue           remaining
c 
c *  0.59 139  0 0   0    0    0  0% 0 1039424 252935 97%
c {  0.60 142  0 0   0    0    0  0% 0 1039424 252935 97%
c -  0.82 147 307 1  12  304  189  5% 4 909710 252935 97%
c i  0.96 147 135 1  84  596  447  5% 7 909710 252658 97%
c I  1.27 147 88 1 142 1002  797  7% 8 909710 252658 97%
c -  1.86 177 65 2 181 1479 1193  7% 8 904989 252658 97%
c }  2.59 177 39 2 283 2696 2273  8% 8 904989 251742 97%
c 0  2.59 177 39 2 283 2696 2273  8% 8 904989 251742 97%
c 
c --- [ result ] -------------------------------------------------------------
c 
s UNSATISFIABLE
c 
c --- [ run-time profiling ] -------------------------------------------------
c 
c process time taken by individual solving procedures
c (percentage relative to process time for solving)
c 
c         2.00   99.01% search
c         1.99   98.22% unstable
c         0.02    0.79% lucky
c         0.00    0.00% simplify
c   =================================
c         2.02   78.09% solve
c 
c last line shows process time for solving
c (percentage relative to total process time)
c 
c --- [ statistics ] ---------------------------------------------------------
c 
c backtracked:                3396       125.96 %  of conflicts
c chronological:              1159        34.13 %  of backtracks
c conflicts:                  2696      1332.02    per second
c decisions:                 14624      7225.30    per second
c fixed:                      8098         3.12 %  of all variables
c learned:                    2487        92.25 %  per conflict
c minimized:                 20552        24.81 %  learned literals
c propagations:            6820453         3.37 M  per second
c reduced:                      21         0.78 %  per conflict
c rephased:                      1      2696.00    interval
c restarts:                    283         9.53    interval
c subsumed:                    190         0.01 %  of all clauses
c 
c seconds are measured in process time for solving
c 
c --- [ resources ] ----------------------------------------------------------
c 
c total process time since initialization:         2.59    seconds
c total real time since initialization:            2.60    seconds
c maximum resident set size of process:          177.01    MB
c 
c --- [ shutting down ] ------------------------------------------------------
c 
c exit 20
