c --- [ banner ] -------------------------------------------------------------
c 
c CaDiCaL Radically Simplified CDCL SAT Solver
c Copyright (c) 2016-2019 Armin Biere, JKU Linz
c 
c Version 1.0.3 cb89cbfa16f47cb7bf1ec6ad9855e7b6d5203c18
c g++ (GCC) 6.3.0 -Wall -Wextra -O3 -DNDEBUG
c Fri Aug 23 08:17:16 CDT 2019 Linux login1 4.4.103-6.38-default x86_64
c 
c --- [ config ] -------------------------------------------------------------
c 
c using 'unsat' configuration (target unsatisfiable instances)
c 
c --- [ proof tracing ] ------------------------------------------------------
c 
c opening file to write '/tmp/15_227_0_four.drat'
c writing binary proof trace to '/tmp/15_227_0_four.drat'
c 
c --- [ parsing input ] ------------------------------------------------------
c 
c reading DIMACS file from '/tmp/15_227_0_four.cnf'
c opening file to read '/tmp/15_227_0_four.cnf'
c found 'p cnf 43008 265790' header
c parsed 265790 clauses in 0.10 seconds process time
c 
c --- [ options ] ------------------------------------------------------------
c 
c   --stabilize=false              (different from default 'true')
c   --walk=false                   (different from default 'true')
c 
c --- [ solving ] ------------------------------------------------------------
c 
c time measured in process time since initialization
c 
c  seconds  reductions  redundant  irredundant
c         MB    restarts       trail       variables
c          level   conflicts       glue         remaining
c 
c *  0.10 31  0 0   0    0    0  0% 0 240729 41337 96%
c {  0.11 31  0 0   0    0    0  0% 0 240729 41337 96%
c -  0.15 32 61 1   5  303  231  7% 8 229071 41337 96%
c I  0.21 33 53 1  63 1005  779  9% 8 229071 41337 96%
c -  0.29 41 52 2  67 1118  756  9% 8 229071 41337 96%
c i  0.35 42 43 2  68 1935 1331 10% 7 229071 41245 96%
c i  0.35 42 43 2  68 1938 1333 10% 7 229071 41217 96%
c i  0.35 42 42 2  68 1988 1371 10% 7 229071 41189 96%
c i  0.36 42 42 2  68 2005 1385 10% 7 229071 41174 96%
c i  0.36 42 42 2  68 2006 1385 10% 7 229071 41118 96%
c }  0.36 42 41 2  68 2015 1392 10% 7 229071 40701 95%
c 0  0.36 42 41 2  68 2015 1392 10% 7 229071 40701 95%
c 
c --- [ result ] -------------------------------------------------------------
c 
s UNSATISFIABLE
c 
c --- [ run-time profiling ] -------------------------------------------------
c 
c process time taken by individual solving procedures
c (percentage relative to process time for solving)
c 
c         0.25  100.00% search
c         0.25   98.41% unstable
c         0.00    1.59% lucky
c         0.00    0.00% simplify
c   =================================
c         0.25   70.79% solve
c 
c last line shows process time for solving
c (percentage relative to total process time)
c 
c --- [ statistics ] ---------------------------------------------------------
c 
c backtracked:                2396       118.91 %  of conflicts
c chronological:               856        35.73 %  of backtracks
c conflicts:                  2015      7996.03    per second
c decisions:                  9107     36138.89    per second
c fixed:                      2307         5.36 %  of all variables
c learned:                    1614        80.10 %  per conflict
c minimized:                 13914        24.90 %  learned literals
c propagations:             660648         2.62 M  per second
c reduced:                     120         5.96 %  per conflict
c rephased:                      1      2015.00    interval
c restarts:                     68        29.63    interval
c subsumed:                     95         0.02 %  of all clauses
c 
c seconds are measured in process time for solving
c 
c --- [ resources ] ----------------------------------------------------------
c 
c total process time since initialization:         0.36    seconds
c total real time since initialization:            0.36    seconds
c maximum resident set size of process:           41.51    MB
c 
c --- [ shutting down ] ------------------------------------------------------
c 
c exit 20
