c --- [ banner ] -------------------------------------------------------------
c 
c CaDiCaL Radically Simplified CDCL SAT Solver
c Copyright (c) 2016-2019 Armin Biere, JKU Linz
c 
c Version 1.0.3 cb89cbfa16f47cb7bf1ec6ad9855e7b6d5203c18
c g++ (GCC) 6.3.0 -Wall -Wextra -O3 -DNDEBUG
c Fri Aug 23 08:17:16 CDT 2019 Linux login1 4.4.103-6.38-default x86_64
c 
c --- [ config ] -------------------------------------------------------------
c 
c using 'unsat' configuration (target unsatisfiable instances)
c 
c --- [ proof tracing ] ------------------------------------------------------
c 
c opening file to write '/tmp/15_633_0_four.drat'
c writing binary proof trace to '/tmp/15_633_0_four.drat'
c 
c --- [ parsing input ] ------------------------------------------------------
c 
c reading DIMACS file from '/tmp/15_633_0_four.cnf'
c opening file to read '/tmp/15_633_0_four.cnf'
c found 'p cnf 43008 265790' header
c parsed 265790 clauses in 0.10 seconds process time
c 
c --- [ options ] ------------------------------------------------------------
c 
c   --stabilize=false              (different from default 'true')
c   --walk=false                   (different from default 'true')
c 
c --- [ solving ] ------------------------------------------------------------
c 
c time measured in process time since initialization
c 
c  seconds  reductions  redundant  irredundant
c         MB    restarts       trail       variables
c          level   conflicts       glue         remaining
c 
c *  0.10 31  0 0   0    0    0  0% 0 240727 41316 96%
c {  0.10 31  0 0   0    0    0  0% 0 240727 41316 96%
c -  0.15 33 44 1  15  301  229  8% 8 229070 41316 96%
c I  0.20 33 38 1  67 1003  802  8% 7 229070 41316 96%
c -  0.28 41 36 2  71 1118  787  8% 8 229070 41316 96%
c i  0.32 41 32 2 109 1630 1205  8% 8 229070 41140 96%
c i  0.32 41 32 2 109 1631 1205  8% 8 229070 41116 96%
c i  0.33 41 32 2 116 1778 1313  8% 8 229070 41036 95%
c i  0.33 41 32 2 116 1800 1333  8% 8 229070 40908 95%
c i  0.33 41 32 2 116 1803 1335  8% 8 229070 40687 95%
c i  0.33 41 32 2 116 1804 1335  8% 8 229070 40050 93%
c i  0.33 41 32 2 116 1805 1335  8% 8 229070 39851 93%
c i  0.33 41 32 2 116 1812 1338  8% 8 229070 39801 93%
c i  0.33 41 32 2 116 1813 1338  8% 8 229070 39688 92%
c i  0.33 41 32 2 116 1814 1338  8% 8 229070 39514 92%
c i  0.33 41 32 2 116 1818 1339  8% 8 229070 39181 91%
c }  0.33 41 32 2 116 1820 1339  8% 8 229070 38735 90%
c 0  0.33 41 32 2 116 1820 1339  8% 8 229070 38735 90%
c 
c --- [ result ] -------------------------------------------------------------
c 
s UNSATISFIABLE
c 
c --- [ run-time profiling ] -------------------------------------------------
c 
c process time taken by individual solving procedures
c (percentage relative to process time for solving)
c 
c         0.23   98.28% search
c         0.23   98.28% unstable
c         0.00    0.00% simplify
c   =================================
c         0.23   69.88% solve
c 
c last line shows process time for solving
c (percentage relative to total process time)
c 
c --- [ statistics ] ---------------------------------------------------------
c 
c backtracked:                2230       122.53 %  of conflicts
c chronological:               764        34.26 %  of backtracks
c conflicts:                  1820      7844.83    per second
c decisions:                  9787     42185.34    per second
c fixed:                      4273         9.94 %  of all variables
c learned:                    1559        85.66 %  per conflict
c minimized:                 15299        28.73 %  learned literals
c propagations:             642086         2.77 M  per second
c reduced:                     111         6.10 %  per conflict
c rephased:                      1      1820.00    interval
c restarts:                    116        15.69    interval
c subsumed:                     96         0.02 %  of all clauses
c 
c seconds are measured in process time for solving
c 
c --- [ resources ] ----------------------------------------------------------
c 
c total process time since initialization:         0.33    seconds
c total real time since initialization:            0.33    seconds
c maximum resident set size of process:           41.35    MB
c 
c --- [ shutting down ] ------------------------------------------------------
c 
c exit 20
