c --- [ banner ] -------------------------------------------------------------
c 
c CaDiCaL Radically Simplified CDCL SAT Solver
c Copyright (c) 2016-2019 Armin Biere, JKU Linz
c 
c Version 1.0.3 cb89cbfa16f47cb7bf1ec6ad9855e7b6d5203c18
c g++ (GCC) 6.3.0 -Wall -Wextra -O3 -DNDEBUG
c Fri Aug 23 08:17:16 CDT 2019 Linux login1 4.4.103-6.38-default x86_64
c 
c --- [ config ] -------------------------------------------------------------
c 
c using 'unsat' configuration (target unsatisfiable instances)
c 
c --- [ proof tracing ] ------------------------------------------------------
c 
c opening file to write '/tmp/15_941_0_four.drat'
c writing binary proof trace to '/tmp/15_941_0_four.drat'
c 
c --- [ parsing input ] ------------------------------------------------------
c 
c reading DIMACS file from '/tmp/15_941_0_four.cnf'
c opening file to read '/tmp/15_941_0_four.cnf'
c found 'p cnf 43008 265790' header
c parsed 265790 clauses in 0.10 seconds process time
c 
c --- [ options ] ------------------------------------------------------------
c 
c   --stabilize=false              (different from default 'true')
c   --walk=false                   (different from default 'true')
c 
c --- [ solving ] ------------------------------------------------------------
c 
c time measured in process time since initialization
c 
c  seconds  reductions  redundant  irredundant
c         MB    restarts       trail       variables
c          level   conflicts       glue         remaining
c 
c *  0.10 31  0 0   0    0    0  0% 0 240734 41481 96%
c {  0.10 31  0 0   0    0    0  0% 0 240734 41481 96%
c -  0.15 33 102 1  15  300  208 10% 10 232521 41481 96%
c i  0.18 34 81 1  22  534  382 10% 9 232521 41473 96%
c i  0.18 34 80 1  22  556  399 10% 9 232521 41354 96%
c I  0.20 34 62 1  37 1007  756 10% 8 232521 41354 96%
c -  0.29 42 58 2  54 1119  728  9% 8 229900 41354 96%
c i  0.36 42 45 2 113 2247 1640  9% 8 229900 41314 96%
c i  0.36 42 45 2 113 2249 1641  9% 8 229900 41256 96%
c }  0.36 42 45 2 113 2252 1642  9% 8 229900 41116 96%
c 0  0.36 42 45 2 113 2252 1642  9% 8 229900 41116 96%
c 
c --- [ result ] -------------------------------------------------------------
c 
s UNSATISFIABLE
c 
c --- [ run-time profiling ] -------------------------------------------------
c 
c process time taken by individual solving procedures
c (percentage relative to process time for solving)
c 
c         0.26   98.46% search
c         0.26   98.46% unstable
c         0.00    0.00% simplify
c   =================================
c         0.26   72.22% solve
c 
c last line shows process time for solving
c (percentage relative to total process time)
c 
c --- [ statistics ] ---------------------------------------------------------
c 
c backtracked:                2732       121.31 %  of conflicts
c chronological:               989        36.20 %  of backtracks
c conflicts:                  2252      8661.54    per second
c decisions:                 11312     43507.69    per second
c fixed:                      1892         4.40 %  of all variables
c learned:                    1952        86.68 %  per conflict
c minimized:                 16646        24.02 %  learned literals
c propagations:             707017         2.72 M  per second
c reduced:                      93         4.13 %  per conflict
c rephased:                      1      2252.00    interval
c restarts:                    113        19.93    interval
c subsumed:                    185         0.04 %  of all clauses
c 
c seconds are measured in process time for solving
c 
c --- [ resources ] ----------------------------------------------------------
c 
c total process time since initialization:         0.36    seconds
c total real time since initialization:            0.36    seconds
c maximum resident set size of process:           42.04    MB
c 
c --- [ shutting down ] ------------------------------------------------------
c 
c exit 20
