c --- [ banner ] -------------------------------------------------------------
c 
c CaDiCaL Radically Simplified CDCL SAT Solver
c Copyright (c) 2016-2019 Armin Biere, JKU Linz
c 
c Version 1.0.3 cb89cbfa16f47cb7bf1ec6ad9855e7b6d5203c18
c g++ (GCC) 6.3.0 -Wall -Wextra -O3 -DNDEBUG
c Fri Aug 23 08:17:16 CDT 2019 Linux login1 4.4.103-6.38-default x86_64
c 
c --- [ config ] -------------------------------------------------------------
c 
c using 'unsat' configuration (target unsatisfiable instances)
c 
c --- [ proof tracing ] ------------------------------------------------------
c 
c opening file to write '/tmp/15_995_0_four.drat'
c writing binary proof trace to '/tmp/15_995_0_four.drat'
c 
c --- [ parsing input ] ------------------------------------------------------
c 
c reading DIMACS file from '/tmp/15_995_0_four.cnf'
c opening file to read '/tmp/15_995_0_four.cnf'
c found 'p cnf 43008 265790' header
c parsed 265790 clauses in 0.15 seconds process time
c 
c --- [ options ] ------------------------------------------------------------
c 
c   --stabilize=false              (different from default 'true')
c   --walk=false                   (different from default 'true')
c 
c --- [ solving ] ------------------------------------------------------------
c 
c time measured in process time since initialization
c 
c  seconds  reductions  redundant  irredundant
c         MB    restarts       trail       variables
c          level   conflicts       glue         remaining
c 
c *  0.15 31  0 0   0    0    0  0% 0 240734 41541 97%
c {  0.15 31  0 0   0    0    0  0% 0 240734 41541 97%
c -  0.20 33 44 1  26  300  240  7% 9 234249 41541 97%
c I  0.25 34 58 1  81 1009  795  8% 8 234249 41541 97%
c -  0.31 42 59 2  91 1121  731  8% 8 234249 41541 97%
c i  0.40 42 37 2 143 2265 1668  8% 8 234249 41294 96%
c i  0.40 42 36 2 144 2293 1687  8% 8 234249 41236 96%
c i  0.40 42 36 2 144 2299 1690  8% 8 234249 41144 96%
c }  0.40 42 36 2 144 2302 1690  8% 8 234249 40768 95%
c 0  0.40 42 36 2 144 2302 1690  8% 8 234249 40768 95%
c 
c --- [ result ] -------------------------------------------------------------
c 
s UNSATISFIABLE
c 
c --- [ run-time profiling ] -------------------------------------------------
c 
c process time taken by individual solving procedures
c (percentage relative to process time for solving)
c 
c         0.26  100.00% search
c         0.26  100.00% unstable
c         0.00    0.00% simplify
c   =================================
c         0.26   63.37% solve
c 
c last line shows process time for solving
c (percentage relative to total process time)
c 
c --- [ statistics ] ---------------------------------------------------------
c 
c backtracked:                2794       121.37 %  of conflicts
c chronological:               959        34.32 %  of backtracks
c conflicts:                  2302      8992.19    per second
c decisions:                 11518     44992.19    per second
c fixed:                      2240         5.21 %  of all variables
c learned:                    2015        87.53 %  per conflict
c minimized:                 24673        32.13 %  learned literals
c propagations:             871908         3.41 M  per second
c reduced:                     144         6.26 %  per conflict
c rephased:                      1      2302.00    interval
c restarts:                    144        15.99    interval
c subsumed:                    177         0.04 %  of all clauses
c 
c seconds are measured in process time for solving
c 
c --- [ resources ] ----------------------------------------------------------
c 
c total process time since initialization:         0.40    seconds
c total real time since initialization:            0.41    seconds
c maximum resident set size of process:           41.74    MB
c 
c --- [ shutting down ] ------------------------------------------------------
c 
c exit 20
