c --- [ banner ] -------------------------------------------------------------
c 
c CaDiCaL Radically Simplified CDCL SAT Solver
c Copyright (c) 2016-2019 Armin Biere, JKU Linz
c 
c Version 1.0.3 cb89cbfa16f47cb7bf1ec6ad9855e7b6d5203c18
c g++ (GCC) 6.3.0 -Wall -Wextra -O3 -DNDEBUG
c Fri Aug 23 08:17:16 CDT 2019 Linux login1 4.4.103-6.38-default x86_64
c 
c --- [ config ] -------------------------------------------------------------
c 
c using 'unsat' configuration (target unsatisfiable instances)
c 
c --- [ proof tracing ] ------------------------------------------------------
c 
c opening file to write '/tmp/46_682_0_three.drat'
c writing binary proof trace to '/tmp/46_682_0_three.drat'
c 
c --- [ parsing input ] ------------------------------------------------------
c 
c reading DIMACS file from '/tmp/46_682_0_three.cnf'
c opening file to read '/tmp/46_682_0_three.cnf'
c found 'p cnf 202048 780980' header
c parsed 780980 clauses in 0.32 seconds process time
c 
c --- [ options ] ------------------------------------------------------------
c 
c   --stabilize=false              (different from default 'true')
c   --walk=false                   (different from default 'true')
c 
c --- [ solving ] ------------------------------------------------------------
c 
c time measured in process time since initialization
c 
c  seconds  reductions  redundant  irredundant
c         MB    restarts       trail       variables
c          level   conflicts       glue          remaining
c 
c *  0.34 97  0 0   0    0    0  0% 0 780480 197770 98%
c {  0.35 99  0 0   0    0    0  0% 0 780480 197770 98%
c -  0.47 101 219 1   0  301  158  6% 3 697555 197770 98%
c I  0.90 106 66 1 131 1004  811  6% 7 697555 197770 98%
c i  0.92 107 60 1 131 1075  874  6% 7 697555 197280 98%
c i  0.99 107 55 1 139 1230  991  6% 7 697555 196474 97%
c }  0.99 107 54 1 139 1233  992  6% 7 697555 194917 96%
c 0  0.99 107 54 1 139 1233  992  6% 7 697555 194917 96%
c 
c --- [ result ] -------------------------------------------------------------
c 
s UNSATISFIABLE
c 
c --- [ run-time profiling ] -------------------------------------------------
c 
c process time taken by individual solving procedures
c (percentage relative to process time for solving)
c 
c         0.66   97.62% search
c         0.64   95.24% unstable
c         0.02    2.38% lucky
c         0.00    0.00% simplify
c   =================================
c         0.67   67.74% solve
c 
c last line shows process time for solving
c (percentage relative to total process time)
c 
c --- [ statistics ] ---------------------------------------------------------
c 
c backtracked:                1633       132.44 %  of conflicts
c chronological:               646        39.56 %  of backtracks
c conflicts:                  1233      1834.82    per second
c decisions:                  7622     11342.26    per second
c fixed:                      7131         3.53 %  of all variables
c learned:                    1171        94.97 %  per conflict
c minimized:                  5150        22.53 %  learned literals
c propagations:            2064704         3.07 M  per second
c rephased:                      1      1233.00    interval
c restarts:                    139         8.87    interval
c subsumed:                    176         0.01 %  of all clauses
c 
c seconds are measured in process time for solving
c 
c --- [ resources ] ----------------------------------------------------------
c 
c total process time since initialization:         0.99    seconds
c total real time since initialization:            0.99    seconds
c maximum resident set size of process:          107.24    MB
c 
c --- [ shutting down ] ------------------------------------------------------
c 
c exit 20
