c --- [ banner ] -------------------------------------------------------------
c 
c CaDiCaL Radically Simplified CDCL SAT Solver
c Copyright (c) 2016-2019 Armin Biere, JKU Linz
c 
c Version 1.0.3 cb89cbfa16f47cb7bf1ec6ad9855e7b6d5203c18
c g++ (GCC) 6.3.0 -Wall -Wextra -O3 -DNDEBUG
c Fri Aug 23 08:17:16 CDT 2019 Linux login1 4.4.103-6.38-default x86_64
c 
c --- [ config ] -------------------------------------------------------------
c 
c using 'unsat' configuration (target unsatisfiable instances)
c 
c --- [ proof tracing ] ------------------------------------------------------
c 
c opening file to write '/tmp/18_484_0_three.drat'
c writing binary proof trace to '/tmp/18_484_0_three.drat'
c 
c --- [ parsing input ] ------------------------------------------------------
c 
c reading DIMACS file from '/tmp/18_484_0_three.cnf'
c opening file to read '/tmp/18_484_0_three.cnf'
c found 'p cnf 39424 200377' header
c parsed 200377 clauses in 0.08 seconds process time
c 
c --- [ options ] ------------------------------------------------------------
c 
c   --stabilize=false              (different from default 'true')
c   --walk=false                   (different from default 'true')
c 
c --- [ solving ] ------------------------------------------------------------
c 
c time measured in process time since initialization
c 
c  seconds  reductions  redundant  irredundant
c         MB    restarts       trail       variables
c          level   conflicts       glue         remaining
c 
c *  0.08 26  0 0   0    0    0  0% 0 182432 38085 97%
c {  0.08 27  0 0   0    0    0  0% 0 182432 38085 97%
c -  0.13 28 49 1  21  307  260  9% 8 174143 38085 97%
c I  0.19 29 47 1  59 1002  856 10% 8 174143 38085 97%
c -  0.24 34 46 2  59 1051  765 10% 8 174143 38085 97%
c i  0.26 34 52 2  59 1282  939 11% 7 174143 38014 96%
c i  0.30 34 46 2  82 1780 1401 11% 7 174143 37902 96%
c }  0.30 34 46 2  82 1784 1401 11% 7 174143 37500 95%
c 0  0.30 34 46 2  82 1784 1401 11% 7 174143 37500 95%
c 
c --- [ result ] -------------------------------------------------------------
c 
s UNSATISFIABLE
c 
c --- [ run-time profiling ] -------------------------------------------------
c 
c process time taken by individual solving procedures
c (percentage relative to process time for solving)
c 
c         0.22  100.00% search
c         0.22   98.21% unstable
c         0.00    1.79% lucky
c         0.00    0.00% simplify
c   =================================
c         0.22   73.68% solve
c 
c last line shows process time for solving
c (percentage relative to total process time)
c 
c --- [ statistics ] ---------------------------------------------------------
c 
c backtracked:                2195       123.04 %  of conflicts
c chronological:               904        41.18 %  of backtracks
c conflicts:                  1784      7964.29    per second
c decisions:                  8596     38375.00    per second
c fixed:                      1924         4.88 %  of all variables
c learned:                    1597        89.52 %  per conflict
c minimized:                 12320        25.06 %  learned literals
c propagations:             755104         3.37 M  per second
c reduced:                     133         7.46 %  per conflict
c rephased:                      1      1784.00    interval
c restarts:                     82        21.76    interval
c subsumed:                     60         0.02 %  of all clauses
c 
c seconds are measured in process time for solving
c 
c --- [ resources ] ----------------------------------------------------------
c 
c total process time since initialization:         0.30    seconds
c total real time since initialization:            0.31    seconds
c maximum resident set size of process:           34.45    MB
c 
c --- [ shutting down ] ------------------------------------------------------
c 
c exit 20
