c --- [ banner ] -------------------------------------------------------------
c 
c CaDiCaL Radically Simplified CDCL SAT Solver
c Copyright (c) 2016-2019 Armin Biere, JKU Linz
c 
c Version 1.0.3 cb89cbfa16f47cb7bf1ec6ad9855e7b6d5203c18
c g++ (GCC) 6.3.0 -Wall -Wextra -O3 -DNDEBUG
c Fri Aug 23 08:17:16 CDT 2019 Linux login1 4.4.103-6.38-default x86_64
c 
c --- [ config ] -------------------------------------------------------------
c 
c using 'unsat' configuration (target unsatisfiable instances)
c 
c --- [ proof tracing ] ------------------------------------------------------
c 
c opening file to write '/tmp/18_731_0_three.drat'
c writing binary proof trace to '/tmp/18_731_0_three.drat'
c 
c --- [ parsing input ] ------------------------------------------------------
c 
c reading DIMACS file from '/tmp/18_731_0_three.cnf'
c opening file to read '/tmp/18_731_0_three.cnf'
c found 'p cnf 39424 200377' header
c parsed 200377 clauses in 0.13 seconds process time
c 
c --- [ options ] ------------------------------------------------------------
c 
c   --stabilize=false              (different from default 'true')
c   --walk=false                   (different from default 'true')
c 
c --- [ solving ] ------------------------------------------------------------
c 
c time measured in process time since initialization
c 
c  seconds  reductions  redundant  irredundant
c         MB    restarts       trail       variables
c          level   conflicts       glue         remaining
c 
c *  0.13 26  0 0   0    0    0  0% 0 182434 38141 97%
c {  0.13 26  0 0   0    0    0  0% 0 182434 38141 97%
c i  0.14 27 83 0   0   33   26  5% 3 182434 38133 97%
c i  0.14 27 67 0   0   59   28  5% 3 182434 38122 97%
c i  0.14 27 37 0   5  134   85  5% 5 182434 38070 97%
c -  0.18 28 62 1  24  305  213  8% 7 173836 38070 97%
c i  0.18 29 80 1  29  343  247  9% 7 173836 38054 97%
c I  0.24 29 48 1  89 1006  823  9% 7 173836 38054 97%
c -  0.30 34 46 2  89 1052  776  9% 7 173404 38054 97%
c i  0.32 35 41 2 114 1400 1077  9% 7 173404 37986 96%
c i  0.32 35 41 2 114 1421 1093  9% 7 173404 37899 96%
c i  0.32 35 41 2 114 1441 1106  8% 7 173404 37517 95%
c i  0.35 35 37 2 155 1911 1488  9% 7 173404 37447 95%
c -  0.40 34 35 3 183 2167 1131  9% 7 163035 37447 95%
c B  0.47 34 34 3 282 3009 1896  9% 8 163035 37447 95%
c i  0.50 34 33 3 297 3363 2209 10% 8 163035 37397 95%
c i  0.50 34 32 3 303 3457 2294 10% 7 163035 37276 95%
c -  0.55 34 31 4 306 3622 1866 10% 7 160180 37276 95%
c i  0.56 34 30 4 306 3878 2100 10% 7 160180 37102 94%
c i  0.57 34 30 4 307 4000 2192 10% 7 160180 37101 94%
c 
c  seconds  reductions  redundant  irredundant
c         MB    restarts       trail       variables
c          level   conflicts       glue         remaining
c 
c i  0.61 34 28 4 325 4482 2593 10% 7 160180 37093 94%
c i  0.61 34 28 4 325 4487 2596 10% 7 160180 36992 94%
c s  0.69 33 27 4 325 4517 2590 10% 7 160180 36992 94%
c v  0.81 36 27 4 325 4517 2590 10% 7 158400 36992 94%
c w  0.86 36 27 4 325 4517 2487 10% 7 158400 36380 92%
c t  0.89 36 27 4 325 4517 2481 10% 7 140389 36380 92%
c e  1.50 42 27 4 325 4517   16 10% 7 105045 16662 42%
c s  1.58 43 27 4 325 4517   16 10% 7 105037 16662 42%
c i  1.71 43 27 4 325 4543   36  3% 7 105037 16610 42%
c i  1.71 43 27 4 325 4575   60  3% 7 105037 16350 41%
c i  1.71 43 27 4 325 4582   65  3% 7 105037 16335 41%
c i  1.71 43 27 4 325 4588   69  3% 7 105037 16327 41%
c i  1.71 43 27 4 325 4592   72  3% 7 105037 16322 41%
c }  1.71 43 27 4 325 4594   72  3% 7 105037 16300 41%
c 0  1.71 43 27 4 325 4594   72  3% 7 105037 16300 41%
c 
c --- [ result ] -------------------------------------------------------------
c 
s UNSATISFIABLE
c 
c --- [ run-time profiling ] -------------------------------------------------
c 
c process time taken by individual solving procedures
c (percentage relative to process time for solving)
c 
c         0.97   61.68% simplify
c         0.64   40.61% elim
c         0.60   38.32% search
c         0.60   38.32% unstable
c         0.16    9.90% subsume
c         0.15    9.39% vivify
c   =================================
c         1.58   92.27% solve
c 
c last line shows process time for solving
c (percentage relative to total process time)
c 
c --- [ statistics ] ---------------------------------------------------------
c 
c backtracked:                9690       210.93 %  of conflicts
c chronological:              1993        20.57 %  of backtracks
c conflicts:                  4594      2914.97    per second
c decisions:                 22404     14215.74    per second
c eliminated:                19716        50.01 %  of all variables
c fixed:                      3408         8.64 %  of all variables
c learned:                    4222        91.90 %  per conflict
c minimized:                 39478        29.71 %  learned literals
c propagations:            2726310         1.73 M  per second
c reduced:                     964        20.98 %  per conflict
c rephased:                      2      2297.00    interval
c restarts:                    325        14.14    interval
c subsumed:                   3709         0.55 %  of all clauses
c strengthened:               2554         0.38 %  of all clauses
c vivified:                   1800         0.27 %  of all clauses
c weakened:                  60398         3.66    average size
c 
c seconds are measured in process time for solving
c 
c --- [ resources ] ----------------------------------------------------------
c 
c total process time since initialization:         1.71    seconds
c total real time since initialization:            1.71    seconds
c maximum resident set size of process:           42.82    MB
c 
c --- [ shutting down ] ------------------------------------------------------
c 
c exit 20
