c --- [ banner ] -------------------------------------------------------------
c 
c CaDiCaL Radically Simplified CDCL SAT Solver
c Copyright (c) 2016-2019 Armin Biere, JKU Linz
c 
c Version 1.0.3 cb89cbfa16f47cb7bf1ec6ad9855e7b6d5203c18
c g++ (GCC) 6.3.0 -Wall -Wextra -O3 -DNDEBUG
c Fri Aug 23 08:17:16 CDT 2019 Linux login1 4.4.103-6.38-default x86_64
c 
c --- [ config ] -------------------------------------------------------------
c 
c using 'unsat' configuration (target unsatisfiable instances)
c 
c --- [ proof tracing ] ------------------------------------------------------
c 
c opening file to write '/tmp/18_85_0_three.drat'
c writing binary proof trace to '/tmp/18_85_0_three.drat'
c 
c --- [ parsing input ] ------------------------------------------------------
c 
c reading DIMACS file from '/tmp/18_85_0_three.cnf'
c opening file to read '/tmp/18_85_0_three.cnf'
c found 'p cnf 39424 200377' header
c parsed 200377 clauses in 0.14 seconds process time
c 
c --- [ options ] ------------------------------------------------------------
c 
c   --stabilize=false              (different from default 'true')
c   --walk=false                   (different from default 'true')
c 
c --- [ solving ] ------------------------------------------------------------
c 
c time measured in process time since initialization
c 
c  seconds  reductions  redundant  irredundant
c         MB    restarts       trail       variables
c          level   conflicts       glue         remaining
c 
c *  0.14 26  0 0   0    0    0  0% 0 182433 38192 97%
c {  0.14 26  0 0   0    0    0  0% 0 182433 38192 97%
c i  0.17 28 67 0  21  216  165  8% 7 182433 38188 97%
c -  0.21 28 61 1  26  300  239  9% 7 176146 38188 97%
c I  0.28 29 41 1  87 1003  827  8% 8 176146 38188 97%
c -  0.37 34 40 2  87 1048  768  8% 8 176146 38188 97%
c -  0.54 34 32 3 140 2170 1377  9% 8 176146 38188 97%
c B  0.65 34 33 3 199 3004 2107  9% 8 176146 38188 97%
c i  0.72 34 32 3 219 3559 2577  9% 7 176146 37841 96%
c }  0.72 34 32 3 219 3573 2588  9% 7 176146 36372 92%
c 0  0.72 34 32 3 219 3573 2588  9% 7 176146 36372 92%
c 
c --- [ result ] -------------------------------------------------------------
c 
s UNSATISFIABLE
c 
c --- [ run-time profiling ] -------------------------------------------------
c 
c process time taken by individual solving procedures
c (percentage relative to process time for solving)
c 
c         0.58  100.00% search
c         0.57   99.31% unstable
c         0.00    0.69% lucky
c         0.00    0.00% simplify
c   =================================
c         0.58   80.45% solve
c 
c last line shows process time for solving
c (percentage relative to total process time)
c 
c --- [ statistics ] ---------------------------------------------------------
c 
c backtracked:                4422       123.76 %  of conflicts
c chronological:              1608        36.36 %  of backtracks
c conflicts:                  3573      6203.13    per second
c decisions:                 18684     32437.50    per second
c fixed:                      3052         7.74 %  of all variables
c learned:                    3222        90.18 %  per conflict
c minimized:                 30221        28.34 %  learned literals
c propagations:            1462720         2.54 M  per second
c reduced:                     473        13.24 %  per conflict
c rephased:                      2      1786.50    interval
c restarts:                    219        16.32    interval
c subsumed:                    155         0.04 %  of all clauses
c 
c seconds are measured in process time for solving
c 
c --- [ resources ] ----------------------------------------------------------
c 
c total process time since initialization:         0.72    seconds
c total real time since initialization:            0.72    seconds
c maximum resident set size of process:           38.88    MB
c 
c --- [ shutting down ] ------------------------------------------------------
c 
c exit 20
