c --- [ banner ] -------------------------------------------------------------
c 
c CaDiCaL Radically Simplified CDCL SAT Solver
c Copyright (c) 2016-2019 Armin Biere, JKU Linz
c 
c Version 1.0.3 cb89cbfa16f47cb7bf1ec6ad9855e7b6d5203c18
c g++ (GCC) 6.3.0 -Wall -Wextra -O3 -DNDEBUG
c Fri Aug 23 08:17:16 CDT 2019 Linux login1 4.4.103-6.38-default x86_64
c 
c --- [ config ] -------------------------------------------------------------
c 
c using 'unsat' configuration (target unsatisfiable instances)
c 
c --- [ proof tracing ] ------------------------------------------------------
c 
c opening file to write '/tmp/25_442_0_three.drat'
c writing binary proof trace to '/tmp/25_442_0_three.drat'
c 
c --- [ parsing input ] ------------------------------------------------------
c 
c reading DIMACS file from '/tmp/25_442_0_three.cnf'
c opening file to read '/tmp/25_442_0_three.cnf'
c found 'p cnf 202048 780980' header
c parsed 780980 clauses in 0.34 seconds process time
c 
c --- [ options ] ------------------------------------------------------------
c 
c   --stabilize=false              (different from default 'true')
c   --walk=false                   (different from default 'true')
c 
c --- [ solving ] ------------------------------------------------------------
c 
c time measured in process time since initialization
c 
c  seconds  reductions  redundant  irredundant
c         MB    restarts       trail       variables
c          level   conflicts       glue          remaining
c 
c *  0.35 97  0 0   0    0    0  0% 0 780480 197183 98%
c {  0.37 99  0 0   0    0    0  0% 0 780480 197183 98%
c -  0.52 103 314 1   5  303  168  5% 4 689646 197183 98%
c I  1.03 108 86 1 145 1003  815  7% 7 689646 197183 98%
c -  1.52 126 67 2 210 1407 1150  7% 8 689646 197183 98%
c B  2.36 126 45 2 316 3011 2603  8% 8 689646 197183 98%
c -  2.57 126 44 3 320 3062 2112  8% 8 689646 197183 98%
c s  3.79 112 40 3 387 3970 2891  9% 8 689646 197183 98%
c w  5.08 140 40 3 387 3970 2880  9% 8 689646 197145 98%
c t  5.14 140 40 3 387 3970 2880  9% 8 689043 197145 98%
c e  6.87 132 40 3 387 3970   17  9% 8 169174 25737 13%
c s  7.05 151 40 3 387 3970   16  9% 8 169087 25737 13%
c e  7.25 151 40 3 387 3970   16  9% 8 169078 25718 13%
c 3  7.55 151 38 3 474 5001 3141  6% 8 169078 25718 13%
c d  7.60 151 38 3 474 5001 3129  6% 8 169078 25716 13%
c 2  7.62 151 38 3 474 5001 3125  6% 8 169078 25716 13%
c p  7.70 151 38 3 474 5001 7492  6% 8 169078 25709 13%
c -  7.78 151 38 4 497 5268 1350  6% 8 168231 25709 13%
c i  7.80 151 36 4 497 5450 1502  6% 8 168231 25708 13%
c i  7.80 151 36 4 497 5451 1502  6% 8 168231 25699 13%
c 
c  seconds   reductions  redundant  irredundant
c          MB    restarts       trail       variables
c           level   conflicts       glue         remaining
c 
c i  7.80 151 36 4 497 5452 1502  6% 8 168231 25698 13%
c F  7.84 151 34 4 505 6012 2006  6% 8 168231 25698 13%
c i  7.90 151 31 4 508 6805 2701  6% 8 168231 25695 13%
c }  7.90 151 31 4 508 6836 2723  6% 8 168231 25342 13%
c 0  7.90 151 31 4 508 6836 2723  6% 8 168231 25342 13%
c 
c --- [ result ] -------------------------------------------------------------
c 
s UNSATISFIABLE
c 
c --- [ run-time profiling ] -------------------------------------------------
c 
c process time taken by individual solving procedures
c (percentage relative to process time for solving)
c 
c         3.94   52.09% simplify
c         3.61   47.75% search
c         3.60   47.54% unstable
c         1.88   24.85% elim
c         1.18   15.55% vivify
c         0.60    7.99% subsume
c         0.08    1.06% probe
c         0.07    0.95% ternary
c         0.02    0.21% lucky
c   =================================
c         7.56   95.70% solve
c 
c last line shows process time for solving
c (percentage relative to total process time)
c 
c --- [ statistics ] ---------------------------------------------------------
c 
c backtracked:               21747       318.12 %  of conflicts
c chronological:              2978        13.69 %  of backtracks
c conflicts:                  6836       903.75    per second
c decisions:                 33679      4452.54    per second
c eliminated:               171427        84.84 %  of all variables
c fixed:                      5277         2.61 %  of all variables
c learned:                    6436        94.15 %  per conflict
c minimized:                 45856        24.65 %  learned literals
c propagations:           14110945         1.87 M  per second
c reduced:                     563         8.24 %  per conflict
c rephased:                      3      2278.67    interval
c restarts:                    508        13.46    interval
c substituted:                   2         0.00 %  of all variables
c subsumed:                   3959         0.17 %  of all clauses
c strengthened:              10271         0.45 %  of all clauses
c ternary:                    2421         0.30 %  of resolved
c vivified:                    102         0.00 %  of all clauses
c weakened:                 607113         2.84    average size
c 
c seconds are measured in process time for solving
c 
c --- [ resources ] ----------------------------------------------------------
c 
c total process time since initialization:         7.90    seconds
c total real time since initialization:            7.90    seconds
c maximum resident set size of process:          153.07    MB
c 
c --- [ shutting down ] ------------------------------------------------------
c 
c exit 20
