c --- [ banner ] -------------------------------------------------------------
c 
c CaDiCaL Radically Simplified CDCL SAT Solver
c Copyright (c) 2016-2019 Armin Biere, JKU Linz
c 
c Version 1.0.3 cb89cbfa16f47cb7bf1ec6ad9855e7b6d5203c18
c g++ (GCC) 6.3.0 -Wall -Wextra -O3 -DNDEBUG
c Fri Aug 23 08:17:16 CDT 2019 Linux login1 4.4.103-6.38-default x86_64
c 
c --- [ config ] -------------------------------------------------------------
c 
c using 'unsat' configuration (target unsatisfiable instances)
c 
c --- [ proof tracing ] ------------------------------------------------------
c 
c opening file to write '/tmp/25_523_0_three.drat'
c writing binary proof trace to '/tmp/25_523_0_three.drat'
c 
c --- [ parsing input ] ------------------------------------------------------
c 
c reading DIMACS file from '/tmp/25_523_0_three.cnf'
c opening file to read '/tmp/25_523_0_three.cnf'
c found 'p cnf 202048 780980' header
c parsed 780980 clauses in 0.33 seconds process time
c 
c --- [ options ] ------------------------------------------------------------
c 
c   --stabilize=false              (different from default 'true')
c   --walk=false                   (different from default 'true')
c 
c --- [ solving ] ------------------------------------------------------------
c 
c time measured in process time since initialization
c 
c  seconds  reductions  redundant  irredundant
c         MB    restarts       trail       variables
c          level   conflicts       glue          remaining
c 
c *  0.34 97  0 0   0    0    0  0% 0 780480 197443 98%
c {  0.36 99  0 0   0    0    0  0% 0 780480 197443 98%
c -  0.54 104 291 1   9  300  174  5% 4 692820 197443 98%
c I  1.02 109 82 1 154 1002  831  7% 8 692820 197443 98%
c i  1.19 109 67 1 186 1346 1135  8% 7 692820 197355 98%
c -  1.45 127 64 2 186 1404 1166  8% 7 691258 197355 98%
c i  1.89 127 44 2 244 2462 2097  8% 7 691258 197255 98%
c i  2.14 127 41 2 306 2959 2531  8% 8 691258 197042 98%
c B  2.18 127 41 2 307 3011 2578  8% 8 691258 197042 98%
c i  2.19 127 40 2 309 3022 2587  8% 8 691258 196692 97%
c -  2.40 127 40 3 313 3059 1970  8% 8 681801 196692 97%
c i  2.42 127 40 3 316 3086 1995  8% 8 681801 196077 97%
c i  2.48 127 40 3 332 3169 2071  8% 8 681801 195916 97%
c i  2.56 127 40 3 350 3276 2170  8% 8 681801 195622 97%
c s  3.63 118 35 3 363 3967 2785 10% 7 681801 195585 97%
c w  4.75 133 35 3 363 3967 2752 10% 7 681727 195585 97%
c t  4.80 133 35 3 363 3967 2752 10% 7 681277 195585 97%
c e  6.47 141 35 3 363 3967   22 10% 7 162123 25177 12%
c s  6.63 145 35 3 363 3967   21 10% 7 162035 25177 12%
c e  6.82 145 35 3 363 3967   20 10% 7 162016 25152 12%
c 
c  seconds   reductions  redundant  irredundant
c          MB    restarts       trail       variables
c           level   conflicts       glue         remaining
c 
c i  7.00 145 34 3 407 4409  417  5% 8 162016 25143 12%
c }  7.00 146 34 3 407 4416  422  5% 8 162016 25077 12%
c 0  7.00 146 34 3 407 4416  422  5% 8 162016 25077 12%
c 
c --- [ result ] -------------------------------------------------------------
c 
s UNSATISFIABLE
c 
c --- [ run-time profiling ] -------------------------------------------------
c 
c process time taken by individual solving procedures
c (percentage relative to process time for solving)
c 
c         3.46   51.89% simplify
c         3.20   47.93% search
c         3.18   47.69% unstable
c         1.80   27.05% elim
c         1.02   15.24% vivify
c         0.59    8.82% subsume
c         0.02    0.24% lucky
c   =================================
c         6.67   95.26% solve
c 
c last line shows process time for solving
c (percentage relative to total process time)
c 
c --- [ statistics ] ---------------------------------------------------------
c 
c backtracked:               10949       247.94 %  of conflicts
c chronological:              1981        18.09 %  of backtracks
c conflicts:                  4416       662.27    per second
c decisions:                 24292      3643.07    per second
c eliminated:               170433        84.35 %  of all variables
c fixed:                      6538         3.24 %  of all variables
c learned:                    4174        94.52 %  per conflict
c minimized:                 32038        26.72 %  learned literals
c propagations:           12557081         1.88 M  per second
c reduced:                     560        12.68 %  per conflict
c rephased:                      2      2208.00    interval
c restarts:                    407        10.85    interval
c subsumed:                   3724         0.17 %  of all clauses
c strengthened:               9698         0.43 %  of all clauses
c vivified:                     79         0.00 %  of all clauses
c weakened:                 586493         2.83    average size
c 
c seconds are measured in process time for solving
c 
c --- [ resources ] ----------------------------------------------------------
c 
c total process time since initialization:         7.00    seconds
c total real time since initialization:            7.00    seconds
c maximum resident set size of process:          155.16    MB
c 
c --- [ shutting down ] ------------------------------------------------------
c 
c exit 20
