c --- [ banner ] -------------------------------------------------------------
c 
c CaDiCaL Radically Simplified CDCL SAT Solver
c Copyright (c) 2016-2019 Armin Biere, JKU Linz
c 
c Version 1.0.3 cb89cbfa16f47cb7bf1ec6ad9855e7b6d5203c18
c g++ (GCC) 6.3.0 -Wall -Wextra -O3 -DNDEBUG
c Fri Aug 23 08:17:16 CDT 2019 Linux login1 4.4.103-6.38-default x86_64
c 
c --- [ config ] -------------------------------------------------------------
c 
c using 'unsat' configuration (target unsatisfiable instances)
c 
c --- [ proof tracing ] ------------------------------------------------------
c 
c opening file to write '/tmp/59_472_0_three.drat'
c writing binary proof trace to '/tmp/59_472_0_three.drat'
c 
c --- [ parsing input ] ------------------------------------------------------
c 
c reading DIMACS file from '/tmp/59_472_0_three.cnf'
c opening file to read '/tmp/59_472_0_three.cnf'
c found 'p cnf 39424 200377' header
c parsed 200377 clauses in 0.12 seconds process time
c 
c --- [ options ] ------------------------------------------------------------
c 
c   --stabilize=false              (different from default 'true')
c   --walk=false                   (different from default 'true')
c 
c --- [ solving ] ------------------------------------------------------------
c 
c time measured in process time since initialization
c 
c  seconds  reductions  redundant  irredundant
c         MB    restarts       trail       variables
c          level   conflicts       glue         remaining
c 
c *  0.12 26  0 0   0    0    0  0% 0 182487 38156 97%
c {  0.12 27  0 0   0    0    0  0% 0 182487 38156 97%
c -  0.18 28 49 1  27  302  253 11% 8 175852 38156 97%
c I  0.23 29 39 1  75 1003  867  9% 8 175852 38156 97%
c -  0.29 35 39 2  75 1054  769  9% 8 175852 38156 97%
c i  0.41 35 38 2 130 2154 1722  9% 8 175852 38124 97%
c -  0.45 35 38 3 130 2174 1220  9% 8 175270 38124 97%
c i  0.50 35 36 3 131 2743 1708 10% 8 175270 38104 97%
c i  0.50 35 35 3 131 2810 1747 10% 8 175270 38090 97%
c i  0.50 35 35 3 131 2820 1755 10% 8 175270 38048 97%
c i  0.50 35 35 3 131 2822 1756 10% 8 175270 37952 96%
c i  0.50 35 35 3 131 2823 1756 10% 8 175270 37910 96%
c i  0.50 35 35 3 131 2834 1763 10% 8 175270 37716 96%
c }  0.50 35 34 3 131 2838 1764 10% 8 175270 37513 95%
c 0  0.50 35 34 3 131 2838 1764 10% 8 175270 37513 95%
c 
c --- [ result ] -------------------------------------------------------------
c 
s UNSATISFIABLE
c 
c --- [ run-time profiling ] -------------------------------------------------
c 
c process time taken by individual solving procedures
c (percentage relative to process time for solving)
c 
c         0.39  100.00% search
c         0.39  100.00% unstable
c         0.00    0.00% simplify
c   =================================
c         0.39   76.98% solve
c 
c last line shows process time for solving
c (percentage relative to total process time)
c 
c --- [ statistics ] ---------------------------------------------------------
c 
c backtracked:                3522       124.10 %  of conflicts
c chronological:              1367        38.81 %  of backtracks
c conflicts:                  2838      7314.43    per second
c decisions:                 13607     35069.59    per second
c fixed:                      1911         4.85 %  of all variables
c learned:                    2589        91.23 %  per conflict
c minimized:                 19761        25.50 %  learned literals
c propagations:            1351983         3.48 M  per second
c reduced:                     559        19.70 %  per conflict
c rephased:                      1      2838.00    interval
c restarts:                    131        21.66    interval
c subsumed:                    147         0.04 %  of all clauses
c 
c seconds are measured in process time for solving
c 
c --- [ resources ] ----------------------------------------------------------
c 
c total process time since initialization:         0.50    seconds
c total real time since initialization:            0.50    seconds
c maximum resident set size of process:           39.46    MB
c 
c --- [ shutting down ] ------------------------------------------------------
c 
c exit 20
