c --- [ banner ] -------------------------------------------------------------
c 
c CaDiCaL Radically Simplified CDCL SAT Solver
c Copyright (c) 2016-2019 Armin Biere, JKU Linz
c 
c Version 1.0.3 cb89cbfa16f47cb7bf1ec6ad9855e7b6d5203c18
c g++ (GCC) 6.3.0 -Wall -Wextra -O3 -DNDEBUG
c Fri Aug 23 08:17:16 CDT 2019 Linux login1 4.4.103-6.38-default x86_64
c 
c --- [ config ] -------------------------------------------------------------
c 
c using 'unsat' configuration (target unsatisfiable instances)
c 
c --- [ proof tracing ] ------------------------------------------------------
c 
c opening file to write '/tmp/78_864_0_six.drat'
c writing binary proof trace to '/tmp/78_864_0_six.drat'
c 
c --- [ parsing input ] ------------------------------------------------------
c 
c reading DIMACS file from '/tmp/78_864_0_six.cnf'
c opening file to read '/tmp/78_864_0_six.cnf'
c found 'p cnf 50176 399289' header
c parsed 399289 clauses in 0.15 seconds process time
c 
c --- [ options ] ------------------------------------------------------------
c 
c   --stabilize=false              (different from default 'true')
c   --walk=false                   (different from default 'true')
c 
c --- [ solving ] ------------------------------------------------------------
c 
c time measured in process time since initialization
c 
c  seconds  reductions  redundant  irredundant
c         MB    restarts       trail       variables
c          level   conflicts       glue         remaining
c 
c *  0.16 44  0 0   0    0    0  0% 0 363722 47897 95%
c {  0.16 45  0 0   0    0    0  0% 0 363722 47897 95%
c -  0.22 46 62 1  15  304  181 11% 8 342043 47897 95%
c }  0.26 46 54 1  54  851  556 10% 10 342043 47872 95%
c 0  0.26 46 54 1  54  851  556 10% 10 342043 47872 95%
c 
c --- [ result ] -------------------------------------------------------------
c 
s UNSATISFIABLE
c 
c --- [ run-time profiling ] -------------------------------------------------
c 
c process time taken by individual solving procedures
c (percentage relative to process time for solving)
c 
c         0.10   96.30% search
c         0.10   92.59% unstable
c         0.00    3.70% lucky
c         0.00    0.00% simplify
c   =================================
c         0.11   41.54% solve
c 
c last line shows process time for solving
c (percentage relative to total process time)
c 
c --- [ statistics ] ---------------------------------------------------------
c 
c backtracked:                 998       117.27 %  of conflicts
c chronological:               310        31.06 %  of backtracks
c conflicts:                   851      7879.63    per second
c decisions:                  5921     54824.07    per second
c fixed:                      2304         4.59 %  of all variables
c learned:                     603        70.86 %  per conflict
c minimized:                  4955        19.51 %  learned literals
c propagations:             392716         3.64 M  per second
c restarts:                     54        15.76    interval
c subsumed:                     46         0.01 %  of all clauses
c 
c seconds are measured in process time for solving
c 
c --- [ resources ] ----------------------------------------------------------
c 
c total process time since initialization:         0.26    seconds
c total real time since initialization:            0.26    seconds
c maximum resident set size of process:           48.88    MB
c 
c --- [ shutting down ] ------------------------------------------------------
c 
c exit 20
