c --- [ banner ] -------------------------------------------------------------
c 
c CaDiCaL Radically Simplified CDCL SAT Solver
c Copyright (c) 2016-2019 Armin Biere, JKU Linz
c 
c Version 1.0.3 cb89cbfa16f47cb7bf1ec6ad9855e7b6d5203c18
c g++ (GCC) 6.3.0 -Wall -Wextra -O3 -DNDEBUG
c Fri Aug 23 08:17:16 CDT 2019 Linux login1 4.4.103-6.38-default x86_64
c 
c --- [ config ] -------------------------------------------------------------
c 
c using 'unsat' configuration (target unsatisfiable instances)
c 
c --- [ proof tracing ] ------------------------------------------------------
c 
c opening file to write '/tmp/53_156_0_three.drat'
c writing binary proof trace to '/tmp/53_156_0_three.drat'
c 
c --- [ parsing input ] ------------------------------------------------------
c 
c reading DIMACS file from '/tmp/53_156_0_three.cnf'
c opening file to read '/tmp/53_156_0_three.cnf'
c found 'p cnf 202048 780985' header
c parsed 780985 clauses in 0.32 seconds process time
c 
c --- [ options ] ------------------------------------------------------------
c 
c   --stabilize=false              (different from default 'true')
c   --walk=false                   (different from default 'true')
c 
c --- [ solving ] ------------------------------------------------------------
c 
c time measured in process time since initialization
c 
c  seconds  reductions  redundant  irredundant
c         MB    restarts       trail       variables
c          level   conflicts       glue          remaining
c 
c *  0.34 97  0 0   0    0    0  0% 0 780480 196817 97%
c {  0.36 99  0 0   0    0    0  0% 0 780480 196817 97%
c -  0.54 104 223 1  24  300  199  5% 5 684904 196817 97%
c I  1.11 109 68 1 161 1005  851  8% 8 684904 196817 97%
c -  1.51 127 55 2 189 1401 1154  8% 8 684904 196817 97%
c i  1.58 127 51 2 190 1555 1282  8% 8 684904 196680 97%
c i  1.61 127 47 2 190 1680 1379  8% 8 684904 196103 97%
c }  1.73 127 43 2 193 1906 1584  8% 7 684904 195934 97%
c 0  1.73 127 43 2 193 1906 1584  8% 7 684904 195934 97%
c 
c --- [ result ] -------------------------------------------------------------
c 
s UNSATISFIABLE
c 
c --- [ run-time profiling ] -------------------------------------------------
c 
c process time taken by individual solving procedures
c (percentage relative to process time for solving)
c 
c         1.39   98.86% search
c         1.37   97.72% unstable
c         0.02    1.14% lucky
c         0.00    0.00% simplify
c   =================================
c         1.40   81.25% solve
c 
c last line shows process time for solving
c (percentage relative to total process time)
c 
c --- [ statistics ] ---------------------------------------------------------
c 
c backtracked:                2451       128.59 %  of conflicts
c chronological:               888        36.23 %  of backtracks
c conflicts:                  1906      1357.55    per second
c decisions:                 10983      7822.65    per second
c fixed:                      6114         3.03 %  of all variables
c learned:                    1797        94.28 %  per conflict
c minimized:                 11443        23.74 %  learned literals
c propagations:            4350703         3.10 M  per second
c reduced:                      49         2.57 %  per conflict
c rephased:                      1      1906.00    interval
c restarts:                    193         9.88    interval
c subsumed:                    160         0.01 %  of all clauses
c 
c seconds are measured in process time for solving
c 
c --- [ resources ] ----------------------------------------------------------
c 
c total process time since initialization:         1.73    seconds
c total real time since initialization:            1.73    seconds
c maximum resident set size of process:          126.95    MB
c 
c --- [ shutting down ] ------------------------------------------------------
c 
c exit 20
