c --- [ banner ] -------------------------------------------------------------
c 
c CaDiCaL Radically Simplified CDCL SAT Solver
c Copyright (c) 2016-2019 Armin Biere, JKU Linz
c 
c Version 1.0.3 cb89cbfa16f47cb7bf1ec6ad9855e7b6d5203c18
c g++ (GCC) 6.3.0 -Wall -Wextra -O3 -DNDEBUG
c Fri Aug 23 08:17:16 CDT 2019 Linux login1 4.4.103-6.38-default x86_64
c 
c --- [ config ] -------------------------------------------------------------
c 
c using 'unsat' configuration (target unsatisfiable instances)
c 
c --- [ proof tracing ] ------------------------------------------------------
c 
c opening file to write '/tmp/53_262_0_three.drat'
c writing binary proof trace to '/tmp/53_262_0_three.drat'
c 
c --- [ parsing input ] ------------------------------------------------------
c 
c reading DIMACS file from '/tmp/53_262_0_three.cnf'
c opening file to read '/tmp/53_262_0_three.cnf'
c found 'p cnf 202048 780985' header
c parsed 780985 clauses in 0.48 seconds process time
c 
c --- [ options ] ------------------------------------------------------------
c 
c   --stabilize=false              (different from default 'true')
c   --walk=false                   (different from default 'true')
c 
c --- [ solving ] ------------------------------------------------------------
c 
c time measured in process time since initialization
c 
c  seconds  reductions  redundant  irredundant
c         MB    restarts       trail       variables
c          level   conflicts       glue          remaining
c 
c *  0.50 97  0 0   0    0    0  0% 0 780480 197656 98%
c {  0.51 99  0 0   0    0    0  0% 0 780480 197656 98%
c -  0.66 103 290 1   3  300  173  5% 4 695973 197656 98%
c I  1.29 108 84 1 185 1003  826  7% 8 695973 197656 98%
c -  1.87 126 69 2 254 1407 1204  7% 8 695973 197656 98%
c B  2.97 126 54 2 351 3005 2666  9% 9 695973 197656 98%
c i  3.00 126 53 2 354 3058 2712  9% 9 695973 197574 98%
c -  3.18 127 53 3 354 3065 2077  9% 9 694411 197574 98%
c s  4.16 112 45 3 363 3970 2862  9% 8 694411 197574 98%
c w  5.44 135 45 3 363 3970 2858  9% 8 694411 197574 98%
c t  5.50 135 45 3 363 3970 2858  9% 8 693805 197574 98%
c e  7.27 135 45 3 363 3970   20  9% 8 171185 25969 13%
c s  7.44 154 45 3 363 3970   19  9% 8 171073 25969 13%
c e  7.64 154 45 3 363 3970   18  9% 8 171061 25943 13%
c 3  7.93 154 42 3 415 5000 3032  6% 8 171061 25943 13%
c 3  7.94 154 42 3 415 5000 3284  6% 8 171061 25943 13%
c d  7.98 154 42 3 415 5000 3244  6% 8 171061 25939 13%
c 2  8.00 154 42 3 415 5000 3236  6% 8 171061 25939 13%
c p  8.05 154 42 3 415 5000 4778  6% 8 171061 25939 13%
c -  8.13 154 41 4 432 5274 1338  6% 8 171061 25939 13%
c 
c  seconds   reductions  redundant  irredundant
c          MB    restarts       trail       variables
c           level   conflicts       glue         remaining
c 
c F  8.20 154 40 4 520 6009 2013  6% 8 171061 25939 13%
c -  8.32 154 37 5 580 7124 2248  6% 8 171061 25939 13%
c i  8.35 154 35 5 580 7429 2485  6% 8 171061 25878 13%
c i  8.40 154 33 5 584 8020 3008  6% 8 171061 25871 13%
c i  8.42 154 33 5 599 8279 3247  7% 8 171061 25864 13%
c -  8.56 154 32 6 690 9343 2707  7% 8 167816 25864 13%
c B  8.67 154 32 6 722 10010 3288  6% 8 167816 25864 13%
c i  8.93 154 30 6 779 11542 4628  7% 8 167816 25780 13%
c i  8.93 154 30 6 779 11550 4630  7% 8 167816 25774 13%
c i  8.95 154 29 6 779 11801 4819  7% 8 167816 25464 13%
c }  8.95 154 29 6 779 11803 4819  7% 8 167816 25261 13%
c 0  8.95 154 29 6 779 11803 4819  7% 8 167816 25261 13%
c 
c --- [ result ] -------------------------------------------------------------
c 
s UNSATISFIABLE
c 
c --- [ run-time profiling ] -------------------------------------------------
c 
c process time taken by individual solving procedures
c (percentage relative to process time for solving)
c 
c         4.46   52.67% search
c         4.44   52.48% unstable
c         4.00   47.19% simplify
c         1.91   22.58% elim
c         1.18   13.89% vivify
c         0.66    7.79% subsume
c         0.07    0.80% ternary
c         0.05    0.57% probe
c         0.02    0.19% lucky
c   =================================
c         8.47   94.59% solve
c 
c last line shows process time for solving
c (percentage relative to total process time)
c 
c --- [ statistics ] ---------------------------------------------------------
c 
c backtracked:               26781       226.90 %  of conflicts
c chronological:              5033        18.79 %  of backtracks
c conflicts:                 11803      1393.84    per second
c decisions:                 53809      6354.39    per second
c eliminated:               171631        84.95 %  of all variables
c fixed:                      5152         2.55 %  of all variables
c learned:                   11285        95.61 %  per conflict
c minimized:                 91365        26.57 %  learned literals
c propagations:           15492773         1.83 M  per second
c reduced:                    2306        19.54 %  per conflict
c rephased:                      4      2950.75    interval
c restarts:                    779        15.15    interval
c substituted:                   4         0.00 %  of all variables
c subsumed:                   4343         0.19 %  of all clauses
c strengthened:               9824         0.43 %  of all clauses
c ternary:                    2558         0.32 %  of resolved
c vivified:                    166         0.01 %  of all clauses
c weakened:                 611616         2.85    average size
c 
c seconds are measured in process time for solving
c 
c --- [ resources ] ----------------------------------------------------------
c 
c total process time since initialization:         8.95    seconds
c total real time since initialization:            8.95    seconds
c maximum resident set size of process:          156.12    MB
c 
c --- [ shutting down ] ------------------------------------------------------
c 
c exit 20
