c --- [ banner ] -------------------------------------------------------------
c 
c CaDiCaL Radically Simplified CDCL SAT Solver
c Copyright (c) 2016-2019 Armin Biere, JKU Linz
c 
c Version 1.0.3 cb89cbfa16f47cb7bf1ec6ad9855e7b6d5203c18
c g++ (GCC) 6.3.0 -Wall -Wextra -O3 -DNDEBUG
c Fri Aug 23 08:17:16 CDT 2019 Linux login1 4.4.103-6.38-default x86_64
c 
c --- [ config ] -------------------------------------------------------------
c 
c using 'unsat' configuration (target unsatisfiable instances)
c 
c --- [ proof tracing ] ------------------------------------------------------
c 
c opening file to write '/tmp/53_537_0_three.drat'
c writing binary proof trace to '/tmp/53_537_0_three.drat'
c 
c --- [ parsing input ] ------------------------------------------------------
c 
c reading DIMACS file from '/tmp/53_537_0_three.cnf'
c opening file to read '/tmp/53_537_0_three.cnf'
c found 'p cnf 202048 780985' header
c parsed 780985 clauses in 0.57 seconds process time
c 
c --- [ options ] ------------------------------------------------------------
c 
c   --stabilize=false              (different from default 'true')
c   --walk=false                   (different from default 'true')
c 
c --- [ solving ] ------------------------------------------------------------
c 
c time measured in process time since initialization
c 
c  seconds  reductions  redundant  irredundant
c         MB    restarts       trail       variables
c          level   conflicts       glue          remaining
c 
c *  0.59 97  0 0   0    0    0  0% 0 780480 197278 98%
c {  0.61 99  0 0   0    0    0  0% 0 780480 197278 98%
c -  0.84 106 232 1  15  303  189  6% 4 691220 197278 98%
c I  1.43 111 71 1 162 1004  842  8% 7 691220 197278 98%
c -  1.96 129 61 2 175 1406 1166  9% 7 691220 197278 98%
c i  2.12 129 55 2 198 1580 1330  9% 7 691220 196991 97%
c i  2.12 129 55 2 198 1583 1329  8% 7 691220 192480 95%
c }  2.13 129 54 2 198 1608 1344  9% 7 691220 191744 95%
c 0  2.13 129 54 2 198 1608 1344  9% 7 691220 191744 95%
c 
c --- [ result ] -------------------------------------------------------------
c 
s UNSATISFIABLE
c 
c --- [ run-time profiling ] -------------------------------------------------
c 
c process time taken by individual solving procedures
c (percentage relative to process time for solving)
c 
c         1.54   98.72% search
c         1.52   97.44% unstable
c         0.02    1.28% lucky
c         0.00    0.00% simplify
c   =================================
c         1.56   73.17% solve
c 
c last line shows process time for solving
c (percentage relative to total process time)
c 
c --- [ statistics ] ---------------------------------------------------------
c 
c backtracked:                2125       132.15 %  of conflicts
c chronological:               828        38.96 %  of backtracks
c conflicts:                  1608      1030.77    per second
c decisions:                 10935      7009.62    per second
c fixed:                     10304         5.10 %  of all variables
c learned:                    1508        93.78 %  per conflict
c minimized:                  8140        22.71 %  learned literals
c propagations:            4344140         2.78 M  per second
c reduced:                      28         1.74 %  per conflict
c rephased:                      1      1608.00    interval
c restarts:                    198         8.12    interval
c subsumed:                    133         0.01 %  of all clauses
c 
c seconds are measured in process time for solving
c 
c --- [ resources ] ----------------------------------------------------------
c 
c total process time since initialization:         2.13    seconds
c total real time since initialization:            2.13    seconds
c maximum resident set size of process:          128.86    MB
c 
c --- [ shutting down ] ------------------------------------------------------
c 
c exit 20
