c --- [ banner ] -------------------------------------------------------------
c 
c CaDiCaL Radically Simplified CDCL SAT Solver
c Copyright (c) 2016-2019 Armin Biere, JKU Linz
c 
c Version 1.0.3 cb89cbfa16f47cb7bf1ec6ad9855e7b6d5203c18
c g++ (GCC) 6.3.0 -Wall -Wextra -O3 -DNDEBUG
c Fri Aug 23 08:17:16 CDT 2019 Linux login1 4.4.103-6.38-default x86_64
c 
c --- [ config ] -------------------------------------------------------------
c 
c using 'unsat' configuration (target unsatisfiable instances)
c 
c --- [ proof tracing ] ------------------------------------------------------
c 
c opening file to write '/tmp/53_800_0_three.drat'
c writing binary proof trace to '/tmp/53_800_0_three.drat'
c 
c --- [ parsing input ] ------------------------------------------------------
c 
c reading DIMACS file from '/tmp/53_800_0_three.cnf'
c opening file to read '/tmp/53_800_0_three.cnf'
c found 'p cnf 202048 780985' header
c parsed 780985 clauses in 0.32 seconds process time
c 
c --- [ options ] ------------------------------------------------------------
c 
c   --stabilize=false              (different from default 'true')
c   --walk=false                   (different from default 'true')
c 
c --- [ solving ] ------------------------------------------------------------
c 
c time measured in process time since initialization
c 
c  seconds  reductions  redundant  irredundant
c         MB    restarts       trail       variables
c          level   conflicts       glue          remaining
c 
c *  0.33 97  0 0   0    0    0  0% 0 780480 197201 98%
c {  0.34 99  0 0   0    0    0  0% 0 780480 197201 98%
c -  0.52 104 227 1  24  302  194  5% 5 689661 197201 98%
c i  0.54 109 221 1  25  310  200  5% 5 689661 197111 98%
c i  0.56 109 196 1  37  348  236  5% 5 689661 196698 97%
c i  0.79 109 85 1  91  754  602  7% 6 689661 196664 97%
c i  0.79 109 85 1  91  755  602  7% 6 689661 193170 96%
c i  0.88 109 75 1 102  871  704  8% 6 689661 193168 96%
c }  0.90 109 68 1 102  957  771  8% 6 689661 192792 95%
c 0  0.90 109 68 1 102  957  771  8% 6 689661 192792 95%
c 
c --- [ result ] -------------------------------------------------------------
c 
s UNSATISFIABLE
c 
c --- [ run-time profiling ] -------------------------------------------------
c 
c process time taken by individual solving procedures
c (percentage relative to process time for solving)
c 
c         0.57   97.26% search
c         0.56   95.21% unstable
c         0.01    2.05% lucky
c         0.00    0.00% simplify
c   =================================
c         0.58   64.89% solve
c 
c last line shows process time for solving
c (percentage relative to total process time)
c 
c --- [ statistics ] ---------------------------------------------------------
c 
c backtracked:                1259       131.56 %  of conflicts
c chronological:               503        39.95 %  of backtracks
c conflicts:                   957      1638.70    per second
c decisions:                  5838      9996.58    per second
c fixed:                      9256         4.58 %  of all variables
c learned:                     904        94.46 %  per conflict
c minimized:                  3569        20.91 %  learned literals
c propagations:            1904909         3.26 M  per second
c restarts:                    102         9.38    interval
c subsumed:                    127         0.01 %  of all clauses
c 
c seconds are measured in process time for solving
c 
c --- [ resources ] ----------------------------------------------------------
c 
c total process time since initialization:         0.90    seconds
c total real time since initialization:            0.90    seconds
c maximum resident set size of process:          109.75    MB
c 
c --- [ shutting down ] ------------------------------------------------------
c 
c exit 20
