c --- [ banner ] -------------------------------------------------------------
c 
c CaDiCaL Radically Simplified CDCL SAT Solver
c Copyright (c) 2016-2019 Armin Biere, JKU Linz
c 
c Version 1.0.3 cb89cbfa16f47cb7bf1ec6ad9855e7b6d5203c18
c g++ (GCC) 6.3.0 -Wall -Wextra -O3 -DNDEBUG
c Fri Aug 23 08:17:16 CDT 2019 Linux login1 4.4.103-6.38-default x86_64
c 
c --- [ config ] -------------------------------------------------------------
c 
c using 'unsat' configuration (target unsatisfiable instances)
c 
c --- [ proof tracing ] ------------------------------------------------------
c 
c opening file to write '/tmp/53_94_0_three.drat'
c writing binary proof trace to '/tmp/53_94_0_three.drat'
c 
c --- [ parsing input ] ------------------------------------------------------
c 
c reading DIMACS file from '/tmp/53_94_0_three.cnf'
c opening file to read '/tmp/53_94_0_three.cnf'
c found 'p cnf 202048 780985' header
c parsed 780985 clauses in 0.33 seconds process time
c 
c --- [ options ] ------------------------------------------------------------
c 
c   --stabilize=false              (different from default 'true')
c   --walk=false                   (different from default 'true')
c 
c --- [ solving ] ------------------------------------------------------------
c 
c time measured in process time since initialization
c 
c  seconds  reductions  redundant  irredundant
c         MB    restarts       trail       variables
c          level   conflicts       glue          remaining
c 
c *  0.35 97  0 0   0    0    0  0% 0 780480 197201 98%
c {  0.36 99  0 0   0    0    0  0% 0 780480 197201 98%
c -  0.53 103 291 1   7  300  173  5% 4 689657 197201 98%
c i  0.86 108 119 1 104  681  530  6% 7 689657 197200 98%
c i  0.86 108 119 1 105  684  532  6% 7 689657 197110 98%
c i  0.86 108 118 1 105  685  532  6% 7 689657 196444 97%
c i  0.91 108 112 1 106  761  591  6% 7 689657 194689 96%
c i  0.92 108 102 1 108  824  638  6% 7 689657 194184 96%
c }  0.93 108 99 1 108  841  651  6% 7 689657 192048 95%
c 0  0.93 108 99 1 108  841  651  6% 7 689657 192048 95%
c 
c --- [ result ] -------------------------------------------------------------
c 
s UNSATISFIABLE
c 
c --- [ run-time profiling ] -------------------------------------------------
c 
c process time taken by individual solving procedures
c (percentage relative to process time for solving)
c 
c         0.58   97.32% search
c         0.57   95.30% unstable
c         0.01    2.01% lucky
c         0.00    0.00% simplify
c   =================================
c         0.60   64.22% solve
c 
c last line shows process time for solving
c (percentage relative to total process time)
c 
c --- [ statistics ] ---------------------------------------------------------
c 
c backtracked:                1145       136.15 %  of conflicts
c chronological:               485        42.36 %  of backtracks
c conflicts:                   841      1411.07    per second
c decisions:                  7767     13031.88    per second
c fixed:                     10000         4.95 %  of all variables
c learned:                     797        94.77 %  per conflict
c minimized:                  1895        15.44 %  learned literals
c propagations:            1472002         2.47 M  per second
c restarts:                    108         7.79    interval
c subsumed:                    140         0.01 %  of all clauses
c 
c seconds are measured in process time for solving
c 
c --- [ resources ] ----------------------------------------------------------
c 
c total process time since initialization:         0.93    seconds
c total real time since initialization:            0.93    seconds
c maximum resident set size of process:          108.91    MB
c 
c --- [ shutting down ] ------------------------------------------------------
c 
c exit 20
