c --- [ banner ] -------------------------------------------------------------
c 
c CaDiCaL Radically Simplified CDCL SAT Solver
c Copyright (c) 2016-2019 Armin Biere, JKU Linz
c 
c Version 1.0.3 cb89cbfa16f47cb7bf1ec6ad9855e7b6d5203c18
c g++ (GCC) 6.3.0 -Wall -Wextra -O3 -DNDEBUG
c Fri Aug 23 08:17:16 CDT 2019 Linux login1 4.4.103-6.38-default x86_64
c 
c --- [ config ] -------------------------------------------------------------
c 
c using 'unsat' configuration (target unsatisfiable instances)
c 
c --- [ proof tracing ] ------------------------------------------------------
c 
c opening file to write '/tmp/11_336_0_four.drat'
c writing binary proof trace to '/tmp/11_336_0_four.drat'
c 
c --- [ parsing input ] ------------------------------------------------------
c 
c reading DIMACS file from '/tmp/11_336_0_four.cnf'
c opening file to read '/tmp/11_336_0_four.cnf'
c found 'p cnf 43008 265790' header
c parsed 265790 clauses in 0.10 seconds process time
c 
c --- [ options ] ------------------------------------------------------------
c 
c   --stabilize=false              (different from default 'true')
c   --walk=false                   (different from default 'true')
c 
c --- [ solving ] ------------------------------------------------------------
c 
c time measured in process time since initialization
c 
c  seconds  reductions  redundant  irredundant
c         MB    restarts       trail       variables
c          level   conflicts       glue         remaining
c 
c *  0.10 31  0 0   0    0    0  0% 0 240804 41237 96%
c {  0.11 31  0 0   0    0    0  0% 0 240804 41237 96%
c -  0.14 32 43 1   8  312  205  8% 8 227909 41237 96%
c }  0.17 32 49 1  40  595  416  8% 9 227909 41209 96%
c 0  0.17 32 49 1  40  595  416  8% 9 227909 41209 96%
c 
c --- [ result ] -------------------------------------------------------------
c 
s UNSATISFIABLE
c 
c --- [ run-time profiling ] -------------------------------------------------
c 
c process time taken by individual solving procedures
c (percentage relative to process time for solving)
c 
c         0.06  100.00% search
c         0.06   93.75% unstable
c         0.00    6.25% lucky
c         0.00    0.00% simplify
c   =================================
c         0.06   38.10% solve
c 
c last line shows process time for solving
c (percentage relative to total process time)
c 
c --- [ statistics ] ---------------------------------------------------------
c 
c backtracked:                 709       119.16 %  of conflicts
c chronological:               249        35.12 %  of backtracks
c conflicts:                   595      9296.88    per second
c decisions:                  3230     50468.75    per second
c fixed:                      1799         4.18 %  of all variables
c learned:                     441        74.12 %  per conflict
c minimized:                  2796        21.30 %  learned literals
c propagations:             167764         2.62 M  per second
c restarts:                     40        14.88    interval
c subsumed:                     24         0.00 %  of all clauses
c 
c seconds are measured in process time for solving
c 
c --- [ resources ] ----------------------------------------------------------
c 
c total process time since initialization:         0.17    seconds
c total real time since initialization:            0.17    seconds
c maximum resident set size of process:           33.64    MB
c 
c --- [ shutting down ] ------------------------------------------------------
c 
c exit 20
