c --- [ banner ] -------------------------------------------------------------
c 
c CaDiCaL Radically Simplified CDCL SAT Solver
c Copyright (c) 2016-2019 Armin Biere, JKU Linz
c 
c Version 1.0.3 cb89cbfa16f47cb7bf1ec6ad9855e7b6d5203c18
c g++ (GCC) 6.3.0 -Wall -Wextra -O3 -DNDEBUG
c Fri Aug 23 08:17:16 CDT 2019 Linux login1 4.4.103-6.38-default x86_64
c 
c --- [ config ] -------------------------------------------------------------
c 
c using 'unsat' configuration (target unsatisfiable instances)
c 
c --- [ proof tracing ] ------------------------------------------------------
c 
c opening file to write '/tmp/6_1088_0_six.drat'
c writing binary proof trace to '/tmp/6_1088_0_six.drat'
c 
c --- [ parsing input ] ------------------------------------------------------
c 
c reading DIMACS file from '/tmp/6_1088_0_six.cnf'
c opening file to read '/tmp/6_1088_0_six.cnf'
c found 'p cnf 50176 399294' header
c parsed 399294 clauses in 0.17 seconds process time
c 
c --- [ options ] ------------------------------------------------------------
c 
c   --stabilize=false              (different from default 'true')
c   --walk=false                   (different from default 'true')
c 
c --- [ solving ] ------------------------------------------------------------
c 
c time measured in process time since initialization
c 
c  seconds  reductions  redundant  irredundant
c         MB    restarts       trail       variables
c          level   conflicts       glue         remaining
c 
c *  0.18 44  0 0   0    0    0  0% 0 361747 48168 96%
c {  0.18 45  0 0   0    0    0  0% 0 361747 48168 96%
c -  0.24 46 65 1  29  303  212  8% 13 349034 48168 96%
c I  0.30 47 89 1  57 1015  634 11% 14 349034 48168 96%
c -  0.42 60 85 2  58 1229  661 10% 12 349034 48168 96%
c -  0.61 60 58 3  94 2617 1285 11% 10 349034 48168 96%
c B  0.65 60 58 3 116 3017 1575 11% 10 349034 48168 96%
c -  0.88 60 48 4 196 4469 2117 11% 9 349034 48168 96%
c d  1.08 61 43 4 216 5000 2543 11% 9 344342 45822 91%
c 2  1.28 61 43 4 216 5000 2543 11% 9 338477 45822 91%
c p  1.46 63 43 4 216 5000 9592 11% 9 338477 45822 91%
c s  1.75 70 41 4 262 5818 10248 11% 9 338477 45822 91%
c v  2.18 70 41 4 262 5818 10248 11% 9 335000 45822 91%
c w  2.29 70 41 4 262 5818 10244 11% 9 335000 45822 91%
c t  2.33 70 41 4 262 5818 10243 11% 9 303417 45822 91%
c e  3.14 65 41 4 262 5818 4931 11% 9 285310 28955 58%
c F  3.44 74 40 4 268 6020 5018  5% 9 285310 28955 58%
c -  3.54 74 39 5 303 6785 1188  4% 9 285310 28955 58%
c i  3.55 74 39 5 303 6817 1211  4% 9 285310 28948 58%
c i  3.62 74 36 5 316 7879 1965  5% 9 285310 28941 58%
c 
c  seconds  reductions  redundant  irredundant
c         MB    restarts       trail       variables
c          level   conflicts       glue         remaining
c 
c i  3.62 74 36 5 316 7880 1965  5% 9 285310 28006 56%
c i  3.62 74 36 5 316 7885 1967  5% 9 285310 27592 55%
c }  3.62 74 36 5 316 7887 1967  5% 9 285310 27566 55%
c 0  3.62 74 36 5 316 7887 1967  5% 9 285310 27566 55%
c 
c --- [ result ] -------------------------------------------------------------
c 
s UNSATISFIABLE
c 
c --- [ run-time profiling ] -------------------------------------------------
c 
c process time taken by individual solving procedures
c (percentage relative to process time for solving)
c 
c         2.12   61.44% simplify
c         1.32   38.44% search
c         1.32   38.44% unstable
c         0.79   23.00% elim
c         0.47   13.70% vivify
c         0.26    7.43% subsume
c         0.18    5.23% probe
c         0.15    4.41% ternary
c   =================================
c         3.44   95.24% solve
c 
c last line shows process time for solving
c (percentage relative to total process time)
c 
c --- [ statistics ] ---------------------------------------------------------
c 
c backtracked:               28556       362.06 %  of conflicts
c chronological:              2801         9.81 %  of backtracks
c conflicts:                  7887      2290.07    per second
c decisions:                 33449      9712.25    per second
c eliminated:                16867        33.62 %  of all variables
c fixed:                      3397         6.77 %  of all variables
c learned:                    6582        83.45 %  per conflict
c minimized:                103938        30.35 %  learned literals
c propagations:            4786529         1.39 M  per second
c reduced:                    1218        15.44 %  per conflict
c rephased:                      3      2629.00    interval
c restarts:                    316        24.96    interval
c substituted:                2346         4.68 %  of all variables
c subsumed:                  10610         0.84 %  of all clauses
c strengthened:               3500         0.28 %  of all clauses
c vivified:                   3571         0.28 %  of all clauses
c weakened:                 109314         4.00    average size
c 
c seconds are measured in process time for solving
c 
c --- [ resources ] ----------------------------------------------------------
c 
c total process time since initialization:         3.62    seconds
c total real time since initialization:            3.62    seconds
c maximum resident set size of process:           74.05    MB
c 
c --- [ shutting down ] ------------------------------------------------------
c 
c exit 20
