c --- [ banner ] -------------------------------------------------------------
c 
c CaDiCaL Radically Simplified CDCL SAT Solver
c Copyright (c) 2016-2019 Armin Biere, JKU Linz
c 
c Version 1.0.3 cb89cbfa16f47cb7bf1ec6ad9855e7b6d5203c18
c g++ (GCC) 6.3.0 -Wall -Wextra -O3 -DNDEBUG
c Fri Aug 23 08:17:16 CDT 2019 Linux login1 4.4.103-6.38-default x86_64
c 
c --- [ config ] -------------------------------------------------------------
c 
c using 'unsat' configuration (target unsatisfiable instances)
c 
c --- [ proof tracing ] ------------------------------------------------------
c 
c opening file to write '/tmp/6_1113_0_six.drat'
c writing binary proof trace to '/tmp/6_1113_0_six.drat'
c 
c --- [ parsing input ] ------------------------------------------------------
c 
c reading DIMACS file from '/tmp/6_1113_0_six.cnf'
c opening file to read '/tmp/6_1113_0_six.cnf'
c found 'p cnf 50176 399294' header
c parsed 399294 clauses in 0.30 seconds process time
c 
c --- [ options ] ------------------------------------------------------------
c 
c   --stabilize=false              (different from default 'true')
c   --walk=false                   (different from default 'true')
c 
c --- [ solving ] ------------------------------------------------------------
c 
c time measured in process time since initialization
c 
c  seconds  reductions  redundant  irredundant
c         MB    restarts       trail       variables
c          level   conflicts       glue         remaining
c 
c *  0.30 44  0 0   0    0    0  0% 0 361756 47950 96%
c {  0.30 45  0 0   0    0    0  0% 0 361756 47950 96%
c -  0.36 46 66 1  26  302  189  8% 9 343794 47950 96%
c i  0.40 47 56 1  37  651  442  9% 8 343794 47922 96%
c I  0.42 47 37 1  46 1002  697  9% 7 343794 47922 96%
c i  0.42 47 37 1  46 1003  697  9% 7 343794 47887 95%
c -  0.54 59 45 2  62 1223  751  9% 8 342049 47887 95%
c i  0.59 59 47 2 132 1727 1079  9% 9 342049 47881 95%
c }  0.60 59 46 2 138 1863 1173  9% 8 342049 47220 94%
c 0  0.60 59 46 2 138 1863 1173  9% 8 342049 47220 94%
c 
c --- [ result ] -------------------------------------------------------------
c 
s UNSATISFIABLE
c 
c --- [ run-time profiling ] -------------------------------------------------
c 
c process time taken by individual solving procedures
c (percentage relative to process time for solving)
c 
c         0.30  100.00% search
c         0.29   98.65% unstable
c         0.00    1.35% lucky
c         0.00    0.00% simplify
c   =================================
c         0.30   49.66% solve
c 
c last line shows process time for solving
c (percentage relative to total process time)
c 
c --- [ statistics ] ---------------------------------------------------------
c 
c backtracked:                2215       118.89 %  of conflicts
c chronological:               680        30.70 %  of backtracks
c conflicts:                  1863      6293.92    per second
c decisions:                 11514     38898.65    per second
c fixed:                      2956         5.89 %  of all variables
c learned:                    1488        79.87 %  per conflict
c minimized:                 19809        33.36 %  learned literals
c propagations:             781504         2.64 M  per second
c reduced:                      57         3.06 %  per conflict
c rephased:                      1      1863.00    interval
c restarts:                    138        13.50    interval
c subsumed:                    218         0.03 %  of all clauses
c 
c seconds are measured in process time for solving
c 
c --- [ resources ] ----------------------------------------------------------
c 
c total process time since initialization:         0.60    seconds
c total real time since initialization:            0.60    seconds
c maximum resident set size of process:           58.74    MB
c 
c --- [ shutting down ] ------------------------------------------------------
c 
c exit 20
