c --- [ banner ] -------------------------------------------------------------
c 
c CaDiCaL Radically Simplified CDCL SAT Solver
c Copyright (c) 2016-2019 Armin Biere, JKU Linz
c 
c Version 1.0.3 cb89cbfa16f47cb7bf1ec6ad9855e7b6d5203c18
c g++ (GCC) 6.3.0 -Wall -Wextra -O3 -DNDEBUG
c Fri Aug 23 08:17:16 CDT 2019 Linux login1 4.4.103-6.38-default x86_64
c 
c --- [ config ] -------------------------------------------------------------
c 
c using 'unsat' configuration (target unsatisfiable instances)
c 
c --- [ proof tracing ] ------------------------------------------------------
c 
c opening file to write '/tmp/6_1124_0_six.drat'
c writing binary proof trace to '/tmp/6_1124_0_six.drat'
c 
c --- [ parsing input ] ------------------------------------------------------
c 
c reading DIMACS file from '/tmp/6_1124_0_six.cnf'
c opening file to read '/tmp/6_1124_0_six.cnf'
c found 'p cnf 50176 399294' header
c parsed 399294 clauses in 0.16 seconds process time
c 
c --- [ options ] ------------------------------------------------------------
c 
c   --stabilize=false              (different from default 'true')
c   --walk=false                   (different from default 'true')
c 
c --- [ solving ] ------------------------------------------------------------
c 
c time measured in process time since initialization
c 
c  seconds  reductions  redundant  irredundant
c         MB    restarts       trail       variables
c          level   conflicts       glue         remaining
c 
c *  0.16 44  0 0   0    0    0  0% 0 361756 48099 96%
c {  0.16 45  0 0   0    0    0  0% 0 361756 48099 96%
c -  0.23 46 87 1  12  324  179 11% 8 347287 48099 96%
c I  0.30 48 84 1  51 1003  608 11% 10 347287 48099 96%
c -  0.43 60 75 2  72 1252  701 10% 11 347287 48099 96%
c -  0.60 60 57 3 135 2638 1401 10% 10 347287 48099 96%
c B  0.64 60 54 3 160 3026 1700 10% 10 347287 48099 96%
c -  0.88 60 51 4 242 4486 2032 10% 10 347287 48099 96%
c d  1.08 61 46 4 246 5000 2434 10% 10 342619 45765 91%
c 2  1.26 60 46 4 246 5000 2434 10% 10 336784 45765 91%
c p  1.55 62 46 4 246 5000 7773 10% 10 336784 45743 91%
c s  1.82 69 46 4 278 5822 8342 10% 9 336781 45743 91%
c v  2.17 69 46 4 278 5822 8342 10% 9 333566 45743 91%
c w  2.28 69 46 4 278 5822 8339 10% 9 333566 45743 91%
c t  2.32 69 46 4 278 5822 8330 10% 9 301117 45743 91%
c e  3.08 64 46 4 278 5822 3592 10% 9 281985 28574 57%
c F  3.39 73 46 4 279 6028 3766  8% 9 281985 28574 57%
c -  3.53 73 44 5 287 6799 1450  8% 9 281985 28574 57%
c i  3.54 73 43 5 290 6860 1499  8% 9 281985 28573 57%
c i  3.61 73 41 5 301 7468 1956  9% 9 281985 28567 57%
c 
c  seconds  reductions  redundant  irredundant
c         MB    restarts       trail       variables
c          level   conflicts       glue         remaining
c 
c }  3.61 73 41 5 301 7481 1958  9% 9 281985 27692 55%
c 0  3.61 73 41 5 301 7481 1958  9% 9 281985 27692 55%
c 
c --- [ result ] -------------------------------------------------------------
c 
s UNSATISFIABLE
c 
c --- [ run-time profiling ] -------------------------------------------------
c 
c process time taken by individual solving procedures
c (percentage relative to process time for solving)
c 
c         2.08   60.32% simplify
c         1.37   39.68% search
c         1.36   39.56% unstable
c         0.75   21.81% elim
c         0.40   11.60% vivify
c         0.29    8.47% probe
c         0.23    6.61% subsume
c         0.14    4.18% ternary
c         0.00    0.12% lucky
c   =================================
c         3.45   95.57% solve
c 
c last line shows process time for solving
c (percentage relative to total process time)
c 
c --- [ statistics ] ---------------------------------------------------------
c 
c backtracked:               34486       460.98 %  of conflicts
c chronological:              2730         7.92 %  of backtracks
c conflicts:                  7481      2169.66    per second
c decisions:                 33654      9760.44    per second
c eliminated:                17169        34.22 %  of all variables
c fixed:                      2981         5.94 %  of all variables
c learned:                    6150        82.21 %  per conflict
c minimized:                 87797        27.25 %  learned literals
c propagations:            4758701         1.38 M  per second
c reduced:                    1294        17.30 %  per conflict
c rephased:                      3      2493.67    interval
c restarts:                    301        24.85    interval
c substituted:                2334         4.65 %  of all variables
c subsumed:                  10163         0.80 %  of all clauses
c strengthened:               3765         0.30 %  of all clauses
c vivified:                   3301         0.26 %  of all clauses
c weakened:                 109033         4.01    average size
c 
c seconds are measured in process time for solving
c 
c --- [ resources ] ----------------------------------------------------------
c 
c total process time since initialization:         3.61    seconds
c total real time since initialization:            3.61    seconds
c maximum resident set size of process:           73.08    MB
c 
c --- [ shutting down ] ------------------------------------------------------
c 
c exit 20
