c --- [ banner ] -------------------------------------------------------------
c 
c CaDiCaL Radically Simplified CDCL SAT Solver
c Copyright (c) 2016-2019 Armin Biere, JKU Linz
c 
c Version 1.0.3 cb89cbfa16f47cb7bf1ec6ad9855e7b6d5203c18
c g++ (GCC) 6.3.0 -Wall -Wextra -O3 -DNDEBUG
c Fri Aug 23 08:17:16 CDT 2019 Linux login1 4.4.103-6.38-default x86_64
c 
c --- [ config ] -------------------------------------------------------------
c 
c using 'unsat' configuration (target unsatisfiable instances)
c 
c --- [ proof tracing ] ------------------------------------------------------
c 
c opening file to write '/tmp/6_202_0_six.drat'
c writing binary proof trace to '/tmp/6_202_0_six.drat'
c 
c --- [ parsing input ] ------------------------------------------------------
c 
c reading DIMACS file from '/tmp/6_202_0_six.cnf'
c opening file to read '/tmp/6_202_0_six.cnf'
c found 'p cnf 50176 399294' header
c parsed 399294 clauses in 0.26 seconds process time
c 
c --- [ options ] ------------------------------------------------------------
c 
c   --stabilize=false              (different from default 'true')
c   --walk=false                   (different from default 'true')
c 
c --- [ solving ] ------------------------------------------------------------
c 
c time measured in process time since initialization
c 
c  seconds  reductions  redundant  irredundant
c         MB    restarts       trail       variables
c          level   conflicts       glue         remaining
c 
c *  0.26 44  0 0   0    0    0  0% 0 361756 48162 96%
c {  0.27 45  0 0   0    0    0  0% 0 361756 48162 96%
c -  0.34 46 65 1  36  300  210  8% 8 348162 48162 96%
c I  0.40 47 71 1  96 1002  689  9% 10 348162 48162 96%
c -  0.53 59 71 2 109 1226  793  9% 10 348162 48162 96%
c i  0.55 59 75 2 109 1472  973 10% 10 348162 48161 96%
c i  0.60 59 64 2 113 2086 1366 11% 9 348162 48043 96%
c -  0.70 59 55 3 142 2616 1196 11% 9 345532 48043 96%
c i  0.72 59 51 3 151 2976 1399 10% 9 345532 48025 96%
c }  0.72 59 51 3 151 2978 1399 10% 9 345532 47977 96%
c 0  0.72 59 51 3 151 2978 1399 10% 9 345532 47977 96%
c 
c --- [ result ] -------------------------------------------------------------
c 
s UNSATISFIABLE
c 
c --- [ run-time profiling ] -------------------------------------------------
c 
c process time taken by individual solving procedures
c (percentage relative to process time for solving)
c 
c         0.45  100.00% search
c         0.45   99.12% unstable
c         0.00    0.88% lucky
c         0.00    0.00% simplify
c   =================================
c         0.45   63.13% solve
c 
c last line shows process time for solving
c (percentage relative to total process time)
c 
c --- [ statistics ] ---------------------------------------------------------
c 
c backtracked:                3497       117.43 %  of conflicts
c chronological:              1100        31.46 %  of backtracks
c conflicts:                  2978      6588.50    per second
c decisions:                 16951     37502.21    per second
c fixed:                      2199         4.38 %  of all variables
c learned:                    2288        76.83 %  per conflict
c minimized:                 31688        28.31 %  learned literals
c propagations:            1190261         2.63 M  per second
c reduced:                     497        16.69 %  per conflict
c rephased:                      1      2978.00    interval
c restarts:                    151        19.72    interval
c subsumed:                    281         0.04 %  of all clauses
c 
c seconds are measured in process time for solving
c 
c --- [ resources ] ----------------------------------------------------------
c 
c total process time since initialization:         0.72    seconds
c total real time since initialization:            0.72    seconds
c maximum resident set size of process:           68.45    MB
c 
c --- [ shutting down ] ------------------------------------------------------
c 
c exit 20
