c --- [ banner ] -------------------------------------------------------------
c 
c CaDiCaL Radically Simplified CDCL SAT Solver
c Copyright (c) 2016-2019 Armin Biere, JKU Linz
c 
c Version 1.0.3 cb89cbfa16f47cb7bf1ec6ad9855e7b6d5203c18
c g++ (GCC) 6.3.0 -Wall -Wextra -O3 -DNDEBUG
c Fri Aug 23 08:17:16 CDT 2019 Linux login1 4.4.103-6.38-default x86_64
c 
c --- [ config ] -------------------------------------------------------------
c 
c using 'unsat' configuration (target unsatisfiable instances)
c 
c --- [ proof tracing ] ------------------------------------------------------
c 
c opening file to write '/tmp/6_502_0_six.drat'
c writing binary proof trace to '/tmp/6_502_0_six.drat'
c 
c --- [ parsing input ] ------------------------------------------------------
c 
c reading DIMACS file from '/tmp/6_502_0_six.cnf'
c opening file to read '/tmp/6_502_0_six.cnf'
c found 'p cnf 50176 399294' header
c parsed 399294 clauses in 0.19 seconds process time
c 
c --- [ options ] ------------------------------------------------------------
c 
c   --stabilize=false              (different from default 'true')
c   --walk=false                   (different from default 'true')
c 
c --- [ solving ] ------------------------------------------------------------
c 
c time measured in process time since initialization
c 
c  seconds  reductions  redundant  irredundant
c         MB    restarts       trail       variables
c          level   conflicts       glue         remaining
c 
c *  0.19 44  0 0   0    0    0  0% 0 361756 48244 96%
c {  0.20 45  0 0   0    0    0  0% 0 361756 48244 96%
c -  0.25 46 41 1   0  300  224  8% 6 350782 48244 96%
c I  0.32 47 56 1  85 1002  657  8% 10 350782 48244 96%
c -  0.44 60 57 2 100 1227  707  8% 10 350782 48244 96%
c -  0.63 60 63 3 174 2617 1289 10% 10 350782 48244 96%
c B  0.66 60 66 3 176 3008 1585 11% 10 350782 48244 96%
c -  0.86 60 57 4 242 4471 2021 11% 9 350782 48244 96%
c i  0.89 60 52 4 242 4808 2287 10% 9 350782 48240 96%
c i  0.89 60 51 4 242 4820 2298 10% 9 350782 48212 96%
c d  1.04 61 51 4 247 5000 2314 10% 9 345058 45861 91%
c 2  1.24 59 51 4 247 5000 2314 10% 9 339183 45861 91%
c p  1.59 63 51 4 247 5000 12220 10% 9 339183 45819 91%
c i  1.72 63 49 4 284 5689 12803 10% 9 339183 45741 91%
c s  1.89 69 49 4 290 5815 12905 10% 9 339178 45741 91%
c v  2.32 69 49 4 290 5815 12905 10% 9 335503 45741 91%
c w  2.44 69 49 4 290 5815 12888 10% 9 335503 45713 91%
c t  2.48 69 49 4 290 5815 12885 10% 9 304675 45713 91%
c e  3.29 64 49 4 290 5815 4713 10% 9 283124 28868 58%
c F  3.62 73 49 4 316 6010 4872  7% 9 283124 28868 58%
c 
c  seconds  reductions  redundant  irredundant
c         MB    restarts       trail       variables
c          level   conflicts       glue         remaining
c 
c -  3.74 73 47 5 352 6790 1312  6% 9 283124 28868 58%
c i  3.76 73 45 5 352 7029 1497  6% 8 283124 28862 58%
c i  3.82 73 41 5 355 7777 2061  8% 8 283124 28854 58%
c }  3.82 73 41 5 355 7836 2109  8% 8 283124 28833 57%
c 0  3.82 73 41 5 355 7836 2109  8% 8 283124 28833 57%
c 
c --- [ result ] -------------------------------------------------------------
c 
s UNSATISFIABLE
c 
c --- [ run-time profiling ] -------------------------------------------------
c 
c process time taken by individual solving procedures
c (percentage relative to process time for solving)
c 
c         2.30   63.22% simplify
c         1.34   36.78% search
c         1.33   36.67% unstable
c         0.80   21.92% elim
c         0.48   13.33% vivify
c         0.35    9.69% probe
c         0.25    6.83% subsume
c         0.16    4.30% ternary
c         0.00    0.11% lucky
c   =================================
c         3.63   94.98% solve
c 
c last line shows process time for solving
c (percentage relative to total process time)
c 
c --- [ statistics ] ---------------------------------------------------------
c 
c backtracked:               38510       491.45 %  of conflicts
c chronological:              2929         7.61 %  of backtracks
c conflicts:                  7836      2157.49    per second
c decisions:                 37885     10430.89    per second
c eliminated:                16845        33.57 %  of all variables
c fixed:                      2147         4.28 %  of all variables
c learned:                    6593        84.14 %  per conflict
c minimized:                 98809        28.48 %  learned literals
c propagations:            5163950         1.42 M  per second
c reduced:                    1236        15.77 %  per conflict
c rephased:                      3      2612.00    interval
c restarts:                    355        22.07    interval
c substituted:                2351         4.69 %  of all variables
c subsumed:                  10605         0.83 %  of all clauses
c strengthened:               4229         0.33 %  of all clauses
c vivified:                   3761         0.30 %  of all clauses
c weakened:                 106917         4.02    average size
c 
c seconds are measured in process time for solving
c 
c --- [ resources ] ----------------------------------------------------------
c 
c total process time since initialization:         3.82    seconds
c total real time since initialization:            3.83    seconds
c maximum resident set size of process:           73.29    MB
c 
c --- [ shutting down ] ------------------------------------------------------
c 
c exit 20
