c --- [ banner ] -------------------------------------------------------------
c 
c CaDiCaL Radically Simplified CDCL SAT Solver
c Copyright (c) 2016-2019 Armin Biere, JKU Linz
c 
c Version 1.0.3 cb89cbfa16f47cb7bf1ec6ad9855e7b6d5203c18
c g++ (GCC) 6.3.0 -Wall -Wextra -O3 -DNDEBUG
c Fri Aug 23 08:17:16 CDT 2019 Linux login1 4.4.103-6.38-default x86_64
c 
c --- [ config ] -------------------------------------------------------------
c 
c using 'unsat' configuration (target unsatisfiable instances)
c 
c --- [ proof tracing ] ------------------------------------------------------
c 
c opening file to write '/tmp/6_895_0_six.drat'
c writing binary proof trace to '/tmp/6_895_0_six.drat'
c 
c --- [ parsing input ] ------------------------------------------------------
c 
c reading DIMACS file from '/tmp/6_895_0_six.cnf'
c opening file to read '/tmp/6_895_0_six.cnf'
c found 'p cnf 50176 399294' header
c parsed 399294 clauses in 0.15 seconds process time
c 
c --- [ options ] ------------------------------------------------------------
c 
c   --stabilize=false              (different from default 'true')
c   --walk=false                   (different from default 'true')
c 
c --- [ solving ] ------------------------------------------------------------
c 
c time measured in process time since initialization
c 
c  seconds  reductions  redundant  irredundant
c         MB    restarts       trail       variables
c          level   conflicts       glue         remaining
c 
c *  0.15 44  0 0   0    0    0  0% 0 361757 48111 96%
c {  0.16 45  0 0   0    0    0  0% 0 361757 48111 96%
c -  0.21 46 35 1   7  329  192  8% 8 347291 48111 96%
c i  0.25 47 42 1  44  846  532  9% 8 347291 48067 96%
c I  0.26 47 44 1  44 1002  653 10% 8 347291 48067 96%
c i  0.26 47 39 1  44 1098  723  9% 7 347291 48041 96%
c i  0.27 47 38 1  45 1190  771  9% 7 347291 48001 96%
c -  0.36 58 37 2  49 1253  659  9% 8 344494 48001 96%
c i  0.38 58 38 2  66 1372  745  9% 8 344494 47993 96%
c i  0.38 58 38 2  66 1391  758  9% 8 344494 47932 96%
c }  0.38 58 37 2  66 1409  773  9% 8 344494 47931 96%
c 0  0.38 58 37 2  66 1409  773  9% 8 344494 47931 96%
c 
c --- [ result ] -------------------------------------------------------------
c 
s UNSATISFIABLE
c 
c --- [ run-time profiling ] -------------------------------------------------
c 
c process time taken by individual solving procedures
c (percentage relative to process time for solving)
c 
c         0.23  100.00% search
c         0.23   98.28% unstable
c         0.00    1.72% lucky
c         0.00    0.00% simplify
c   =================================
c         0.23   60.42% solve
c 
c last line shows process time for solving
c (percentage relative to total process time)
c 
c --- [ statistics ] ---------------------------------------------------------
c 
c backtracked:                1678       119.09 %  of conflicts
c chronological:               532        31.70 %  of backtracks
c conflicts:                  1409      6073.28    per second
c decisions:                  8100     34913.79    per second
c fixed:                      2245         4.47 %  of all variables
c learned:                    1128        80.06 %  per conflict
c minimized:                 13815        26.93 %  learned literals
c propagations:             499807         2.15 M  per second
c reduced:                      84         5.96 %  per conflict
c rephased:                      1      1409.00    interval
c restarts:                     66        21.35    interval
c subsumed:                    193         0.03 %  of all clauses
c 
c seconds are measured in process time for solving
c 
c --- [ resources ] ----------------------------------------------------------
c 
c total process time since initialization:         0.38    seconds
c total real time since initialization:            0.38    seconds
c maximum resident set size of process:           58.49    MB
c 
c --- [ shutting down ] ------------------------------------------------------
c 
c exit 20
