c --- [ banner ] -------------------------------------------------------------
c 
c CaDiCaL Radically Simplified CDCL SAT Solver
c Copyright (c) 2016-2019 Armin Biere, JKU Linz
c 
c Version 1.0.3 cb89cbfa16f47cb7bf1ec6ad9855e7b6d5203c18
c g++ (GCC) 6.3.0 -Wall -Wextra -O3 -DNDEBUG
c Fri Aug 23 08:17:16 CDT 2019 Linux login1 4.4.103-6.38-default x86_64
c 
c --- [ config ] -------------------------------------------------------------
c 
c using 'unsat' configuration (target unsatisfiable instances)
c 
c --- [ proof tracing ] ------------------------------------------------------
c 
c opening file to write '/tmp/16_60_0_three.drat'
c writing binary proof trace to '/tmp/16_60_0_three.drat'
c 
c --- [ parsing input ] ------------------------------------------------------
c 
c reading DIMACS file from '/tmp/16_60_0_three.cnf'
c opening file to read '/tmp/16_60_0_three.cnf'
c found 'p cnf 39424 200377' header
c parsed 200377 clauses in 0.09 seconds process time
c 
c --- [ options ] ------------------------------------------------------------
c 
c   --stabilize=false              (different from default 'true')
c   --walk=false                   (different from default 'true')
c 
c --- [ solving ] ------------------------------------------------------------
c 
c time measured in process time since initialization
c 
c  seconds  reductions  redundant  irredundant
c         MB    restarts       trail       variables
c          level   conflicts       glue         remaining
c 
c *  0.09 26  0 0   0    0    0  0% 0 182432 38158 97%
c {  0.09 26  0 0   0    0    0  0% 0 182432 38158 97%
c -  0.14 28 37 1  24  300  263  6% 8 175434 38158 97%
c I  0.20 29 42 1  67 1002  849 10% 8 175434 38158 97%
c -  0.26 35 42 2  74 1046  742 10% 8 175434 38158 97%
c -  0.38 35 41 3 144 2167 1338  9% 8 175434 38158 97%
c B  0.46 35 37 3 205 3004 2070 10% 8 175434 38158 97%
c i  0.52 35 35 3 218 3650 2620 10% 8 175434 38144 97%
c -  0.56 35 35 4 218 3659 1915 10% 8 175006 38144 97%
c i  0.57 35 35 4 218 3854 2074 10% 8 175006 38021 96%
c i  0.57 35 35 4 218 3857 2076 10% 8 175006 37991 96%
c i  0.57 35 35 4 218 3862 2080 10% 8 175006 37981 96%
c i  0.57 35 34 4 218 3863 2080 10% 8 175006 37957 96%
c i  0.57 35 34 4 218 3869 2085 10% 8 175006 37853 96%
c i  0.57 35 34 4 218 3871 2086 10% 8 175006 37294 95%
c i  0.57 35 34 4 218 3872 2086 10% 8 175006 37217 94%
c }  0.57 35 34 4 218 3874 2086 10% 8 175006 36999 94%
c 0  0.57 35 34 4 218 3874 2086 10% 8 175006 36999 94%
c 
c --- [ result ] -------------------------------------------------------------
c 
s UNSATISFIABLE
c 
c --- [ run-time profiling ] -------------------------------------------------
c 
c process time taken by individual solving procedures
c (percentage relative to process time for solving)
c 
c         0.48   99.17% search
c         0.48   99.17% unstable
c         0.00    0.00% simplify
c   =================================
c         0.48   84.62% solve
c 
c last line shows process time for solving
c (percentage relative to total process time)
c 
c --- [ statistics ] ---------------------------------------------------------
c 
c backtracked:                4795       123.77 %  of conflicts
c chronological:              1781        37.14 %  of backtracks
c conflicts:                  3874      8004.13    per second
c decisions:                 19169     39605.37    per second
c fixed:                      2425         6.15 %  of all variables
c learned:                    3523        90.94 %  per conflict
c minimized:                 30782        26.55 %  learned literals
c propagations:            1682932         3.48 M  per second
c reduced:                    1203        31.05 %  per conflict
c rephased:                      2      1937.00    interval
c restarts:                    218        17.77    interval
c subsumed:                    168         0.05 %  of all clauses
c 
c seconds are measured in process time for solving
c 
c --- [ resources ] ----------------------------------------------------------
c 
c total process time since initialization:         0.57    seconds
c total real time since initialization:            0.58    seconds
c maximum resident set size of process:           39.44    MB
c 
c --- [ shutting down ] ------------------------------------------------------
c 
c exit 20
