c --- [ banner ] -------------------------------------------------------------
c 
c CaDiCaL Radically Simplified CDCL SAT Solver
c Copyright (c) 2016-2019 Armin Biere, JKU Linz
c 
c Version 1.0.3 cb89cbfa16f47cb7bf1ec6ad9855e7b6d5203c18
c g++ (GCC) 6.3.0 -Wall -Wextra -O3 -DNDEBUG
c Fri Aug 23 08:17:16 CDT 2019 Linux login1 4.4.103-6.38-default x86_64
c 
c --- [ config ] -------------------------------------------------------------
c 
c using 'unsat' configuration (target unsatisfiable instances)
c 
c --- [ proof tracing ] ------------------------------------------------------
c 
c opening file to write '/tmp/10_90_0_three.drat'
c writing binary proof trace to '/tmp/10_90_0_three.drat'
c 
c --- [ parsing input ] ------------------------------------------------------
c 
c reading DIMACS file from '/tmp/10_90_0_three.cnf'
c opening file to read '/tmp/10_90_0_three.cnf'
c found 'p cnf 39424 200382' header
c parsed 200382 clauses in 0.14 seconds process time
c 
c --- [ options ] ------------------------------------------------------------
c 
c   --stabilize=false              (different from default 'true')
c   --walk=false                   (different from default 'true')
c 
c --- [ solving ] ------------------------------------------------------------
c 
c time measured in process time since initialization
c 
c  seconds  reductions  redundant  irredundant
c         MB    restarts       trail       variables
c          level   conflicts       glue         remaining
c 
c *  0.14 26  0 0   0    0    0  0% 0 181565 38034 96%
c {  0.15 26  0 0   0    0    0  0% 0 181565 38034 96%
c i  0.15 26 51 0   0   17   12  5% 3 181565 38026 96%
c i  0.15 27 43 0   0   21   14  5% 2 181565 37934 96%
c i  0.15 27 41 0   0   22   14  4% 2 181565 37933 96%
c i  0.15 27 21 0   0   93   54  5% 4 181565 37706 96%
c i  0.15 27 21 0   0   94   54  5% 4 181565 37398 95%
c }  0.15 27 20 0   0   96   54  5% 4 181565 37345 95%
c 0  0.15 27 20 0   0   96   54  5% 4 181565 37345 95%
c 
c --- [ result ] -------------------------------------------------------------
c 
s UNSATISFIABLE
c 
c --- [ run-time profiling ] -------------------------------------------------
c 
c process time taken by individual solving procedures
c (percentage relative to process time for solving)
c 
c         0.01  100.00% search
c         0.00   50.00% lucky
c         0.00   50.00% unstable
c         0.00    0.00% simplify
c   =================================
c         0.01    5.26% solve
c 
c last line shows process time for solving
c (percentage relative to total process time)
c 
c --- [ statistics ] ---------------------------------------------------------
c 
c backtracked:                 117       121.88 %  of conflicts
c chronological:                42        35.90 %  of backtracks
c conflicts:                    96     12000.00    per second
c decisions:                   585     73125.00    per second
c fixed:                      2079         5.27 %  of all variables
c learned:                      69        71.88 %  per conflict
c minimized:                   239        25.13 %  learned literals
c propagations:              12935         1.62 M  per second
c subsumed:                      9         0.00 %  of all clauses
c 
c seconds are measured in process time for solving
c 
c --- [ resources ] ----------------------------------------------------------
c 
c total process time since initialization:         0.15    seconds
c total real time since initialization:            0.15    seconds
c maximum resident set size of process:           26.71    MB
c 
c --- [ shutting down ] ------------------------------------------------------
c 
c exit 20
