c --- [ banner ] -------------------------------------------------------------
c 
c CaDiCaL Radically Simplified CDCL SAT Solver
c Copyright (c) 2016-2019 Armin Biere, JKU Linz
c 
c Version 1.0.3 cb89cbfa16f47cb7bf1ec6ad9855e7b6d5203c18
c g++ (GCC) 6.3.0 -Wall -Wextra -O3 -DNDEBUG
c Fri Aug 23 08:17:16 CDT 2019 Linux login1 4.4.103-6.38-default x86_64
c 
c --- [ config ] -------------------------------------------------------------
c 
c using 'unsat' configuration (target unsatisfiable instances)
c 
c --- [ proof tracing ] ------------------------------------------------------
c 
c opening file to write '/tmp/57_179_0_three.drat'
c writing binary proof trace to '/tmp/57_179_0_three.drat'
c 
c --- [ parsing input ] ------------------------------------------------------
c 
c reading DIMACS file from '/tmp/57_179_0_three.cnf'
c opening file to read '/tmp/57_179_0_three.cnf'
c found 'p cnf 202048 780980' header
c parsed 780980 clauses in 0.32 seconds process time
c 
c --- [ options ] ------------------------------------------------------------
c 
c   --stabilize=false              (different from default 'true')
c   --walk=false                   (different from default 'true')
c 
c --- [ solving ] ------------------------------------------------------------
c 
c time measured in process time since initialization
c 
c  seconds  reductions  redundant  irredundant
c         MB    restarts       trail       variables
c          level   conflicts       glue          remaining
c 
c *  0.33 97  0 0   0    0    0  0% 0 780480 197355 98%
c {  0.34 99  0 0   0    0    0  0% 0 780480 197355 98%
c -  0.46 101 318 1   0  306  157  6% 3 691261 197355 98%
c i  0.58 106 178 1  31  513  314  7% 5 691261 197163 98%
c i  0.59 106 158 1  39  556  350  6% 5 691261 196154 97%
c i  0.60 106 155 1  39  574  363  6% 5 691261 196028 97%
c i  0.60 106 154 1  39  578  366  6% 5 691261 195377 97%
c i  0.60 106 153 1  39  579  366  6% 5 691261 195203 97%
c }  0.60 106 152 1  39  584  369  6% 5 691261 195137 97%
c 0  0.60 106 152 1  39  584  369  6% 5 691261 195137 97%
c 
c --- [ result ] -------------------------------------------------------------
c 
s UNSATISFIABLE
c 
c --- [ run-time profiling ] -------------------------------------------------
c 
c process time taken by individual solving procedures
c (percentage relative to process time for solving)
c 
c         0.27   95.71% search
c         0.25   90.00% unstable
c         0.01    4.29% lucky
c         0.00    0.00% simplify
c   =================================
c         0.28   46.67% solve
c 
c last line shows process time for solving
c (percentage relative to total process time)
c 
c --- [ statistics ] ---------------------------------------------------------
c 
c backtracked:                 831       142.29 %  of conflicts
c chronological:               435        52.35 %  of backtracks
c conflicts:                   584      2085.71    per second
c decisions:                  3424     12228.57    per second
c fixed:                      6911         3.42 %  of all variables
c learned:                     556        95.21 %  per conflict
c minimized:                   873        16.83 %  learned literals
c propagations:             402750         1.44 M  per second
c restarts:                     39        14.97    interval
c subsumed:                    180         0.01 %  of all clauses
c 
c seconds are measured in process time for solving
c 
c --- [ resources ] ----------------------------------------------------------
c 
c total process time since initialization:         0.60    seconds
c total real time since initialization:            0.60    seconds
c maximum resident set size of process:          106.66    MB
c 
c --- [ shutting down ] ------------------------------------------------------
c 
c exit 20
