c --- [ banner ] -------------------------------------------------------------
c 
c CaDiCaL Radically Simplified CDCL SAT Solver
c Copyright (c) 2016-2019 Armin Biere, JKU Linz
c 
c Version 1.0.3 cb89cbfa16f47cb7bf1ec6ad9855e7b6d5203c18
c g++ (GCC) 6.3.0 -Wall -Wextra -O3 -DNDEBUG
c Fri Aug 23 08:17:16 CDT 2019 Linux login1 4.4.103-6.38-default x86_64
c 
c --- [ config ] -------------------------------------------------------------
c 
c using 'unsat' configuration (target unsatisfiable instances)
c 
c --- [ proof tracing ] ------------------------------------------------------
c 
c opening file to write '/tmp/57_111_0_three.drat'
c writing binary proof trace to '/tmp/57_111_0_three.drat'
c 
c --- [ parsing input ] ------------------------------------------------------
c 
c reading DIMACS file from '/tmp/57_111_0_three.cnf'
c opening file to read '/tmp/57_111_0_three.cnf'
c found 'p cnf 202048 780980' header
c parsed 780980 clauses in 0.33 seconds process time
c 
c --- [ options ] ------------------------------------------------------------
c 
c   --stabilize=false              (different from default 'true')
c   --walk=false                   (different from default 'true')
c 
c --- [ solving ] ------------------------------------------------------------
c 
c time measured in process time since initialization
c 
c  seconds  reductions  redundant  irredundant
c         MB    restarts       trail       variables
c          level   conflicts       glue          remaining
c 
c *  0.34 97  0 0   0    0    0  0% 0 780480 197284 98%
c {  0.36 99  0 0   0    0    0  0% 0 780480 197284 98%
c -  0.53 104 288 1  10  301  175  5% 4 691221 197284 98%
c I  1.02 109 81 1 166 1002  819  6% 8 691221 197284 98%
c -  1.58 127 66 2 216 1406 1163  8% 8 691221 197284 98%
c B  2.80 127 46 2 323 3003 2620  9% 8 691221 197284 98%
c -  3.05 128 46 3 324 3066 2091  9% 8 691221 197284 98%
c i  3.07 128 45 3 324 3103 2123  9% 8 691221 197111 98%
c i  3.08 128 44 3 324 3147 2157  9% 8 691221 197067 98%
c }  3.09 128 44 3 324 3150 2154  9% 8 691221 196507 97%
c 0  3.09 128 44 3 324 3150 2154  9% 8 691221 196507 97%
c 
c --- [ result ] -------------------------------------------------------------
c 
s UNSATISFIABLE
c 
c --- [ run-time profiling ] -------------------------------------------------
c 
c process time taken by individual solving procedures
c (percentage relative to process time for solving)
c 
c         2.75   99.57% search
c         2.73   98.99% unstable
c         0.02    0.58% lucky
c         0.00    0.00% simplify
c   =================================
c         2.76   89.38% solve
c 
c last line shows process time for solving
c (percentage relative to total process time)
c 
c --- [ statistics ] ---------------------------------------------------------
c 
c backtracked:                4027       127.84 %  of conflicts
c chronological:              1454        36.11 %  of backtracks
c conflicts:                  3150      1141.30    per second
c decisions:                 19839      7188.04    per second
c fixed:                      5541         2.74 %  of all variables
c learned:                    2967        94.19 %  per conflict
c minimized:                 18599        23.14 %  learned literals
c propagations:            7878625         2.85 M  per second
c reduced:                     607        19.27 %  per conflict
c rephased:                      2      1575.00    interval
c restarts:                    324         9.72    interval
c subsumed:                    203         0.01 %  of all clauses
c 
c seconds are measured in process time for solving
c 
c --- [ resources ] ----------------------------------------------------------
c 
c total process time since initialization:         3.09    seconds
c total real time since initialization:            3.09    seconds
c maximum resident set size of process:          145.49    MB
c 
c --- [ shutting down ] ------------------------------------------------------
c 
c exit 20
