c --- [ banner ] -------------------------------------------------------------
c 
c CaDiCaL Radically Simplified CDCL SAT Solver
c Copyright (c) 2016-2019 Armin Biere, JKU Linz
c 
c Version 1.0.3 cb89cbfa16f47cb7bf1ec6ad9855e7b6d5203c18
c g++ (GCC) 6.3.0 -Wall -Wextra -O3 -DNDEBUG
c Fri Aug 23 08:17:16 CDT 2019 Linux login1 4.4.103-6.38-default x86_64
c 
c --- [ config ] -------------------------------------------------------------
c 
c using 'unsat' configuration (target unsatisfiable instances)
c 
c --- [ proof tracing ] ------------------------------------------------------
c 
c opening file to write '/tmp/57_286_0_three.drat'
c writing binary proof trace to '/tmp/57_286_0_three.drat'
c 
c --- [ parsing input ] ------------------------------------------------------
c 
c reading DIMACS file from '/tmp/57_286_0_three.cnf'
c opening file to read '/tmp/57_286_0_three.cnf'
c found 'p cnf 202048 780980' header
c parsed 780980 clauses in 0.34 seconds process time
c 
c --- [ options ] ------------------------------------------------------------
c 
c   --stabilize=false              (different from default 'true')
c   --walk=false                   (different from default 'true')
c 
c --- [ solving ] ------------------------------------------------------------
c 
c time measured in process time since initialization
c 
c  seconds  reductions  redundant  irredundant
c         MB    restarts       trail       variables
c          level   conflicts       glue          remaining
c 
c *  0.35 97  0 0   0    0    0  0% 0 780480 197699 98%
c {  0.37 99  0 0   0    0    0  0% 0 780480 197699 98%
c i  0.41 102 316 0   0  274  147  4% 3 780480 197240 98%
c i  0.45 104 297 0   3  293  165  5% 4 780480 197136 98%
c -  0.57 103 288 1   7  302  174  5% 4 686014 197043 98%
c i  0.62 109 261 1  12  332  201  5% 4 686014 196834 97%
c i  0.62 109 260 1  13  334  202  5% 4 686014 196800 97%
c i  1.12 109 93 1 164  902  741  7% 8 686014 196758 97%
c i  1.12 109 91 1 164  920  753  7% 8 686014 195762 97%
c i  1.12 109 90 1 164  928  760  7% 8 686014 195171 97%
c }  1.12 109 87 1 164  950  773  7% 8 686014 194075 96%
c 0  1.12 109 87 1 164  950  773  7% 8 686014 194075 96%
c 
c --- [ result ] -------------------------------------------------------------
c 
s UNSATISFIABLE
c 
c --- [ run-time profiling ] -------------------------------------------------
c 
c process time taken by individual solving procedures
c (percentage relative to process time for solving)
c 
c         0.77   97.97% search
c         0.75   95.43% unstable
c         0.02    2.54% lucky
c         0.00    0.00% simplify
c   =================================
c         0.79   70.11% solve
c 
c last line shows process time for solving
c (percentage relative to total process time)
c 
c --- [ statistics ] ---------------------------------------------------------
c 
c backtracked:                1309       137.79 %  of conflicts
c chronological:               526        40.18 %  of backtracks
c conflicts:                   950      1205.58    per second
c decisions:                 10313     13087.56    per second
c fixed:                      7973         3.95 %  of all variables
c learned:                     910        95.79 %  per conflict
c minimized:                  2445        14.79 %  learned literals
c propagations:            2268477         2.88 M  per second
c restarts:                    164         5.79    interval
c subsumed:                    128         0.01 %  of all clauses
c 
c seconds are measured in process time for solving
c 
c --- [ resources ] ----------------------------------------------------------
c 
c total process time since initialization:         1.12    seconds
c total real time since initialization:            1.12    seconds
c maximum resident set size of process:          109.39    MB
c 
c --- [ shutting down ] ------------------------------------------------------
c 
c exit 20
