c --- [ banner ] -------------------------------------------------------------
c 
c CaDiCaL Radically Simplified CDCL SAT Solver
c Copyright (c) 2016-2019 Armin Biere, JKU Linz
c 
c Version 1.0.3 cb89cbfa16f47cb7bf1ec6ad9855e7b6d5203c18
c g++ (GCC) 6.3.0 -Wall -Wextra -O3 -DNDEBUG
c Fri Aug 23 08:17:16 CDT 2019 Linux login1 4.4.103-6.38-default x86_64
c 
c --- [ config ] -------------------------------------------------------------
c 
c using 'unsat' configuration (target unsatisfiable instances)
c 
c --- [ proof tracing ] ------------------------------------------------------
c 
c opening file to write '/tmp/38_291_0_four.drat'
c writing binary proof trace to '/tmp/38_291_0_four.drat'
c 
c --- [ parsing input ] ------------------------------------------------------
c 
c reading DIMACS file from '/tmp/38_291_0_four.cnf'
c opening file to read '/tmp/38_291_0_four.cnf'
c found 'p cnf 43008 265790' header
c parsed 265790 clauses in 0.21 seconds process time
c 
c --- [ options ] ------------------------------------------------------------
c 
c   --stabilize=false              (different from default 'true')
c   --walk=false                   (different from default 'true')
c 
c --- [ solving ] ------------------------------------------------------------
c 
c time measured in process time since initialization
c 
c  seconds  reductions  redundant  irredundant
c         MB    restarts       trail       variables
c          level   conflicts       glue         remaining
c 
c *  0.21 31  0 0   0    0    0  0% 0 240736 41446 96%
c {  0.21 31  0 0   0    0    0  0% 0 240736 41446 96%
c -  0.26 33 46 1  28  303  232  7% 8 231362 41446 96%
c I  0.32 34 52 1  99 1002  769  8% 9 231362 41446 96%
c -  0.41 42 50 2 108 1124  766  8% 9 231362 41446 96%
c -  0.58 42 41 3 158 2351 1388 10% 9 231362 41446 96%
c i  0.62 42 41 3 196 2818 1756 10% 9 231362 41281 96%
c B  0.64 42 41 3 214 3003 1911  9% 9 231362 41281 96%
c i  0.72 42 38 3 259 3968 2754 10% 9 231362 41270 96%
c -  0.78 42 37 4 259 3989 1751 10% 9 228152 41270 96%
c i  0.78 42 37 4 259 4047 1800 10% 9 228152 41202 96%
c i  0.78 42 37 4 259 4049 1801 10% 9 228152 40990 95%
c i  0.80 42 36 4 259 4159 1896 10% 8 228152 40972 95%
c i  0.80 42 36 4 259 4160 1896 10% 8 228152 40775 95%
c i  0.80 42 35 4 259 4225 1944 10% 8 228152 40516 94%
c i  0.80 42 35 4 259 4226 1944 10% 8 228152 40400 94%
c i  0.80 42 35 4 259 4230 1946 10% 8 228152 40263 94%
c i  0.80 42 35 4 259 4250 1963 10% 8 228152 39809 93%
c }  0.80 42 35 4 259 4252 1963 10% 8 228152 39619 92%
c 0  0.80 42 35 4 259 4252 1963 10% 8 228152 39619 92%
c 
c --- [ result ] -------------------------------------------------------------
c 
s UNSATISFIABLE
c 
c --- [ run-time profiling ] -------------------------------------------------
c 
c process time taken by individual solving procedures
c (percentage relative to process time for solving)
c 
c         0.60  100.00% search
c         0.59   99.33% unstable
c         0.00    0.67% lucky
c         0.00    0.00% simplify
c   =================================
c         0.60   74.13% solve
c 
c last line shows process time for solving
c (percentage relative to total process time)
c 
c --- [ statistics ] ---------------------------------------------------------
c 
c backtracked:                5184       121.92 %  of conflicts
c chronological:              1830        35.30 %  of backtracks
c conflicts:                  4252      7134.23    per second
c decisions:                 21116     35429.53    per second
c fixed:                      3389         7.88 %  of all variables
c learned:                    3765        88.55 %  per conflict
c minimized:                 41392        27.58 %  learned literals
c propagations:            1857332         3.12 M  per second
c reduced:                    1200        28.22 %  per conflict
c rephased:                      2      2126.00    interval
c restarts:                    259        16.42    interval
c subsumed:                    255         0.05 %  of all clauses
c 
c seconds are measured in process time for solving
c 
c --- [ resources ] ----------------------------------------------------------
c 
c total process time since initialization:         0.80    seconds
c total real time since initialization:            0.81    seconds
c maximum resident set size of process:           48.29    MB
c 
c --- [ shutting down ] ------------------------------------------------------
c 
c exit 20
