c --- [ banner ] -------------------------------------------------------------
c 
c CaDiCaL Radically Simplified CDCL SAT Solver
c Copyright (c) 2016-2019 Armin Biere, JKU Linz
c 
c Version 1.0.3 cb89cbfa16f47cb7bf1ec6ad9855e7b6d5203c18
c g++ (GCC) 6.3.0 -Wall -Wextra -O3 -DNDEBUG
c Fri Aug 23 08:17:16 CDT 2019 Linux login1 4.4.103-6.38-default x86_64
c 
c --- [ config ] -------------------------------------------------------------
c 
c using 'unsat' configuration (target unsatisfiable instances)
c 
c --- [ proof tracing ] ------------------------------------------------------
c 
c opening file to write '/tmp/38_436_0_four.drat'
c writing binary proof trace to '/tmp/38_436_0_four.drat'
c 
c --- [ parsing input ] ------------------------------------------------------
c 
c reading DIMACS file from '/tmp/38_436_0_four.cnf'
c opening file to read '/tmp/38_436_0_four.cnf'
c found 'p cnf 43008 265790' header
c parsed 265790 clauses in 0.10 seconds process time
c 
c --- [ options ] ------------------------------------------------------------
c 
c   --stabilize=false              (different from default 'true')
c   --walk=false                   (different from default 'true')
c 
c --- [ solving ] ------------------------------------------------------------
c 
c time measured in process time since initialization
c 
c  seconds  reductions  redundant  irredundant
c         MB    restarts       trail       variables
c          level   conflicts       glue         remaining
c 
c *  0.10 31  0 0   0    0    0  0% 0 240730 41510 97%
c {  0.10 31  0 0   0    0    0  0% 0 240730 41510 97%
c -  0.14 32 30 1   0  300  235  8% 6 233088 41510 97%
c I  0.21 34 51 1  51 1002  804  9% 8 233088 41510 97%
c -  0.28 42 50 2  51 1120  785 10% 8 233088 41510 97%
c -  0.41 42 43 3 147 2350 1353  9% 8 233088 41510 97%
c B  0.45 42 41 3 170 3004 1901  8% 8 233088 41510 97%
c i  0.51 42 40 3 246 3775 2566  8% 9 233088 41449 96%
c -  0.57 42 39 4 268 3995 2037  8% 9 231767 41449 96%
c i  0.58 42 36 4 270 4213 2211  8% 8 231767 41340 96%
c i  0.58 42 36 4 270 4225 2217  8% 8 231767 41330 96%
c d  0.72 43 33 4 302 5000 2726  8% 8 225980 39790 93%
c 2  0.85 43 33 4 302 5000 2726  8% 8 223670 39790 93%
c p  1.09 46 33 4 302 5000 6387  8% 8 223670 39715 92%
c d  1.12 46 33 4 302 5000 5527  8% 8 221685 39710 92%
c d  1.15 46 33 4 302 5000 5527  8% 8 221679 39708 92%
c s  1.27 50 33 4 317 5072 5586  8% 8 221673 39708 92%
c v  1.53 51 33 4 317 5072 5586  8% 8 219038 39708 92%
c w  1.61 51 33 4 317 5072 5574  8% 8 219038 39691 92%
c t  1.64 51 33 4 317 5072 5568  8% 8 197872 39691 92%
c 
c  seconds  reductions  redundant  irredundant
c         MB    restarts       trail       variables
c          level   conflicts       glue         remaining
c 
c e  2.15 48 33 4 317 5072 1122  8% 8 179897 22758 53%
c s  2.22 50 33 4 317 5072 1119  8% 8 179897 22758 53%
c F  2.39 54 31 4 336 6005 1882  3% 8 179897 22758 53%
c -  2.42 54 31 5 336 6044 1038  3% 8 179897 22758 53%
c i  2.46 54 26 5 336 7170 1902  3% 8 179897 22757 53%
c -  2.54 54 24 6 388 8305 2010  3% 8 179778 22757 53%
c B  2.63 54 21 6 470 10010 3435  3% 8 179778 22757 53%
c -  2.70 54 20 7 511 10940 3294  3% 8 179778 22757 53%
c i  2.73 54 19 7 527 11479 3684  3% 7 179778 22739 53%
c i  2.74 54 19 7 527 11520 3706  3% 7 179778 22694 53%
c i  2.74 54 19 7 527 11592 3755  3% 7 179778 22444 52%
c i  2.74 54 19 7 527 11594 3756  3% 7 179778 22431 52%
c i  2.74 54 19 7 527 11601 3761  3% 7 179778 22365 52%
c i  2.74 54 19 7 527 11609 3768  3% 7 179778 22292 52%
c i  2.74 54 19 7 527 11621 3773  3% 7 179778 22182 52%
c i  2.74 54 19 7 527 11622 3773  3% 7 179778 22098 51%
c }  2.74 54 19 7 527 11625 3774  3% 7 179778 21463 50%
c 0  2.74 54 19 7 527 11625 3774  3% 7 179778 21463 50%
c 
c --- [ result ] -------------------------------------------------------------
c 
s UNSATISFIABLE
c 
c --- [ run-time profiling ] -------------------------------------------------
c 
c process time taken by individual solving procedures
c (percentage relative to process time for solving)
c 
c         1.53   57.97% simplify
c         1.11   42.03% search
c         1.11   42.03% unstable
c         0.50   18.97% elim
c         0.30   11.38% vivify
c         0.24    8.95% probe
c         0.17    6.53% subsume
c         0.10    3.95% ternary
c   =================================
c         2.64   96.20% solve
c 
c last line shows process time for solving
c (percentage relative to total process time)
c 
c --- [ statistics ] ---------------------------------------------------------
c 
c backtracked:               39089       336.25 %  of conflicts
c chronological:              3938        10.07 %  of backtracks
c conflicts:                 11625      4410.09    per second
c decisions:                 39035     14808.42    per second
c eliminated:                16933        39.37 %  of all variables
c fixed:                      3065         7.13 %  of all variables
c learned:                   10705        92.09 %  per conflict
c minimized:                116152        32.83 %  learned literals
c propagations:            4292572         1.63 M  per second
c reduced:                    2588        22.26 %  per conflict
c rephased:                      4      2906.25    interval
c restarts:                    527        22.06    interval
c substituted:                1547         3.60 %  of all variables
c subsumed:                   6504         0.76 %  of all clauses
c strengthened:               3374         0.39 %  of all clauses
c vivified:                   2757         0.32 %  of all clauses
c weakened:                  80463         3.74    average size
c 
c seconds are measured in process time for solving
c 
c --- [ resources ] ----------------------------------------------------------
c 
c total process time since initialization:         2.74    seconds
c total real time since initialization:            2.74    seconds
c maximum resident set size of process:           54.49    MB
c 
c --- [ shutting down ] ------------------------------------------------------
c 
c exit 20
