c --- [ banner ] -------------------------------------------------------------
c 
c CaDiCaL Radically Simplified CDCL SAT Solver
c Copyright (c) 2016-2019 Armin Biere, JKU Linz
c 
c Version 1.0.3 cb89cbfa16f47cb7bf1ec6ad9855e7b6d5203c18
c g++ (GCC) 6.3.0 -Wall -Wextra -O3 -DNDEBUG
c Fri Aug 23 08:17:16 CDT 2019 Linux login1 4.4.103-6.38-default x86_64
c 
c --- [ config ] -------------------------------------------------------------
c 
c using 'unsat' configuration (target unsatisfiable instances)
c 
c --- [ proof tracing ] ------------------------------------------------------
c 
c opening file to write '/tmp/38_627_0_four.drat'
c writing binary proof trace to '/tmp/38_627_0_four.drat'
c 
c --- [ parsing input ] ------------------------------------------------------
c 
c reading DIMACS file from '/tmp/38_627_0_four.cnf'
c opening file to read '/tmp/38_627_0_four.cnf'
c found 'p cnf 43008 265790' header
c parsed 265790 clauses in 0.10 seconds process time
c 
c --- [ options ] ------------------------------------------------------------
c 
c   --stabilize=false              (different from default 'true')
c   --walk=false                   (different from default 'true')
c 
c --- [ solving ] ------------------------------------------------------------
c 
c time measured in process time since initialization
c 
c  seconds  reductions  redundant  irredundant
c         MB    restarts       trail       variables
c          level   conflicts       glue         remaining
c 
c *  0.10 31  0 0   0    0    0  0% 0 240731 41298 96%
c {  0.11 31  0 0   0    0    0  0% 0 240731 41298 96%
c i  0.12 32 29 0   1  168  126  9% 6 240731 41290 96%
c -  0.15 33 30 1   1  300  214  9% 6 228328 41290 96%
c i  0.16 33 26 1   1  457  316  8% 5 228328 40713 95%
c i  0.16 33 26 1   1  483  329  8% 6 228328 40573 94%
c }  0.16 33 24 1   5  527  348  8% 6 228328 40469 94%
c 0  0.16 33 24 1   5  527  348  8% 6 228328 40469 94%
c 
c --- [ result ] -------------------------------------------------------------
c 
s UNSATISFIABLE
c 
c --- [ run-time profiling ] -------------------------------------------------
c 
c process time taken by individual solving procedures
c (percentage relative to process time for solving)
c 
c         0.06  100.00% search
c         0.06   93.33% unstable
c         0.00    6.67% lucky
c         0.00    0.00% simplify
c   =================================
c         0.06   36.59% solve
c 
c last line shows process time for solving
c (percentage relative to total process time)
c 
c --- [ statistics ] ---------------------------------------------------------
c 
c backtracked:                 614       116.51 %  of conflicts
c chronological:               204        33.22 %  of backtracks
c conflicts:                   527      8783.33    per second
c decisions:                  1798     29966.67    per second
c fixed:                      2539         5.90 %  of all variables
c learned:                     423        80.27 %  per conflict
c minimized:                  3886        32.75 %  learned literals
c propagations:             126463         2.11 M  per second
c restarts:                      5       105.40    interval
c subsumed:                     52         0.01 %  of all clauses
c 
c seconds are measured in process time for solving
c 
c --- [ resources ] ----------------------------------------------------------
c 
c total process time since initialization:         0.16    seconds
c total real time since initialization:            0.16    seconds
c maximum resident set size of process:           34.23    MB
c 
c --- [ shutting down ] ------------------------------------------------------
c 
c exit 20
