c --- [ banner ] -------------------------------------------------------------
c 
c CaDiCaL Radically Simplified CDCL SAT Solver
c Copyright (c) 2016-2019 Armin Biere, JKU Linz
c 
c Version 1.0.3 cb89cbfa16f47cb7bf1ec6ad9855e7b6d5203c18
c g++ (GCC) 6.3.0 -Wall -Wextra -O3 -DNDEBUG
c Fri Aug 23 08:17:16 CDT 2019 Linux login1 4.4.103-6.38-default x86_64
c 
c --- [ config ] -------------------------------------------------------------
c 
c using 'unsat' configuration (target unsatisfiable instances)
c 
c --- [ proof tracing ] ------------------------------------------------------
c 
c opening file to write '/tmp/38_739_0_four.drat'
c writing binary proof trace to '/tmp/38_739_0_four.drat'
c 
c --- [ parsing input ] ------------------------------------------------------
c 
c reading DIMACS file from '/tmp/38_739_0_four.cnf'
c opening file to read '/tmp/38_739_0_four.cnf'
c found 'p cnf 43008 265790' header
c parsed 265790 clauses in 0.11 seconds process time
c 
c --- [ options ] ------------------------------------------------------------
c 
c   --stabilize=false              (different from default 'true')
c   --walk=false                   (different from default 'true')
c 
c --- [ solving ] ------------------------------------------------------------
c 
c time measured in process time since initialization
c 
c  seconds  reductions  redundant  irredundant
c         MB    restarts       trail       variables
c          level   conflicts       glue         remaining
c 
c *  0.11 31  0 0   0    0    0  0% 0 240739 41406 96%
c {  0.11 31  0 0   0    0    0  0% 0 240739 41406 96%
c i  0.11 32 47 0   0   49   40  7% 3 240739 41396 96%
c i  0.12 32 61 0   2   98   79  9% 6 240739 41392 96%
c i  0.12 32 61 0   2   99   79  9% 6 240739 41391 96%
c i  0.12 32 63 0   4  139  110  9% 7 240739 41354 96%
c -  0.15 33 57 1   8  300  197 10% 7 229744 41354 96%
c i  0.20 33 44 1  54  821  600  9% 8 229744 41336 96%
c I  0.21 33 40 1  54 1002  745 10% 8 229744 41336 96%
c i  0.21 34 39 1  54 1008  749  9% 8 229744 41310 96%
c -  0.29 41 40 2  54 1118  685 11% 7 228591 41310 96%
c i  0.30 42 38 2  54 1167  718 11% 7 228591 41292 96%
c i  0.30 42 38 2  54 1170  720 11% 7 228591 41282 96%
c i  0.30 42 37 2  54 1192  734 10% 7 228591 40563 94%
c i  0.30 42 37 2  54 1193  734 10% 7 228591 39830 93%
c i  0.30 42 37 2  54 1198  738 10% 7 228591 39828 93%
c i  0.30 42 37 2  54 1208  746 10% 7 228591 39814 93%
c }  0.30 42 36 2  54 1236  761 10% 7 228591 39768 92%
c 0  0.30 42 36 2  54 1236  761 10% 7 228591 39768 92%
c 
c --- [ result ] -------------------------------------------------------------
c 
s UNSATISFIABLE
c 
c --- [ run-time profiling ] -------------------------------------------------
c 
c process time taken by individual solving procedures
c (percentage relative to process time for solving)
c 
c         0.19  100.00% search
c         0.19  100.00% unstable
c         0.00    0.00% simplify
c   =================================
c         0.19   64.00% solve
c 
c last line shows process time for solving
c (percentage relative to total process time)
c 
c --- [ statistics ] ---------------------------------------------------------
c 
c backtracked:                1508       122.01 %  of conflicts
c chronological:               553        36.67 %  of backtracks
c conflicts:                  1236      6437.50    per second
c decisions:                  5901     30734.38    per second
c fixed:                      3240         7.53 %  of all variables
c learned:                    1009        81.63 %  per conflict
c minimized:                  8464        23.00 %  learned literals
c propagations:             496964         2.59 M  per second
c reduced:                      94         7.61 %  per conflict
c rephased:                      1      1236.00    interval
c restarts:                     54        22.89    interval
c subsumed:                     84         0.02 %  of all clauses
c 
c seconds are measured in process time for solving
c 
c --- [ resources ] ----------------------------------------------------------
c 
c total process time since initialization:         0.30    seconds
c total real time since initialization:            0.30    seconds
c maximum resident set size of process:           41.69    MB
c 
c --- [ shutting down ] ------------------------------------------------------
c 
c exit 20
