c --- [ banner ] -------------------------------------------------------------
c 
c CaDiCaL Radically Simplified CDCL SAT Solver
c Copyright (c) 2016-2019 Armin Biere, JKU Linz
c 
c Version 1.0.3 cb89cbfa16f47cb7bf1ec6ad9855e7b6d5203c18
c g++ (GCC) 6.3.0 -Wall -Wextra -O3 -DNDEBUG
c Fri Aug 23 08:17:16 CDT 2019 Linux login1 4.4.103-6.38-default x86_64
c 
c --- [ config ] -------------------------------------------------------------
c 
c using 'unsat' configuration (target unsatisfiable instances)
c 
c --- [ proof tracing ] ------------------------------------------------------
c 
c opening file to write '/tmp/76_477_0_four.drat'
c writing binary proof trace to '/tmp/76_477_0_four.drat'
c 
c --- [ parsing input ] ------------------------------------------------------
c 
c reading DIMACS file from '/tmp/76_477_0_four.cnf'
c opening file to read '/tmp/76_477_0_four.cnf'
c found 'p cnf 43008 265785' header
c parsed 265785 clauses in 0.10 seconds process time
c 
c --- [ options ] ------------------------------------------------------------
c 
c   --stabilize=false              (different from default 'true')
c   --walk=false                   (different from default 'true')
c 
c --- [ solving ] ------------------------------------------------------------
c 
c time measured in process time since initialization
c 
c  seconds  reductions  redundant  irredundant
c         MB    restarts       trail       variables
c          level   conflicts       glue         remaining
c 
c *  0.10 31  0 0   0    0    0  0% 0 242039 41339 96%
c {  0.10 32  0 0   0    0    0  0% 0 242039 41339 96%
c i  0.11 32 37 0  15  207  137  6% 6 242039 41301 96%
c -  0.13 33 35 1  33  300  203  6% 7 228313 41301 96%
c I  0.17 33 37 1  79 1004  735  8% 8 228313 41301 96%
c -  0.23 41 39 2  98 1116  762  8% 8 228313 41301 96%
c -  0.36 41 33 3 148 2338 1455  9% 8 228313 41301 96%
c i  0.38 41 33 3 163 2692 1745  9% 8 228313 41300 96%
c i  0.38 41 33 3 163 2693 1745  9% 8 228313 41289 96%
c }  0.38 41 33 3 163 2699 1746  9% 8 228313 40685 95%
c 0  0.38 41 33 3 163 2699 1746  9% 8 228313 40685 95%
c 
c --- [ result ] -------------------------------------------------------------
c 
s UNSATISFIABLE
c 
c --- [ run-time profiling ] -------------------------------------------------
c 
c process time taken by individual solving procedures
c (percentage relative to process time for solving)
c 
c         0.28  100.00% search
c         0.28  100.00% unstable
c         0.00    0.00% simplify
c   =================================
c         0.28   73.96% solve
c 
c last line shows process time for solving
c (percentage relative to total process time)
c 
c --- [ statistics ] ---------------------------------------------------------
c 
c backtracked:                3280       121.53 %  of conflicts
c chronological:              1084        33.05 %  of backtracks
c conflicts:                  2699      9503.52    per second
c decisions:                 14248     50169.01    per second
c fixed:                      2323         5.40 %  of all variables
c learned:                    2372        87.88 %  per conflict
c minimized:                 23341        26.93 %  learned literals
c propagations:            1104773         3.89 M  per second
c reduced:                     439        16.27 %  per conflict
c rephased:                      1      2699.00    interval
c restarts:                    163        16.56    interval
c subsumed:                    183         0.04 %  of all clauses
c 
c seconds are measured in process time for solving
c 
c --- [ resources ] ----------------------------------------------------------
c 
c total process time since initialization:         0.38    seconds
c total real time since initialization:            0.39    seconds
c maximum resident set size of process:           47.50    MB
c 
c --- [ shutting down ] ------------------------------------------------------
c 
c exit 20
