c --- [ banner ] -------------------------------------------------------------
c 
c CaDiCaL Radically Simplified CDCL SAT Solver
c Copyright (c) 2016-2019 Armin Biere, JKU Linz
c 
c Version 1.0.3 cb89cbfa16f47cb7bf1ec6ad9855e7b6d5203c18
c g++ (GCC) 6.3.0 -Wall -Wextra -O3 -DNDEBUG
c Fri Aug 23 08:17:16 CDT 2019 Linux login1 4.4.103-6.38-default x86_64
c 
c --- [ config ] -------------------------------------------------------------
c 
c using 'unsat' configuration (target unsatisfiable instances)
c 
c --- [ proof tracing ] ------------------------------------------------------
c 
c opening file to write '/tmp/76_430_0_four.drat'
c writing binary proof trace to '/tmp/76_430_0_four.drat'
c 
c --- [ parsing input ] ------------------------------------------------------
c 
c reading DIMACS file from '/tmp/76_430_0_four.cnf'
c opening file to read '/tmp/76_430_0_four.cnf'
c found 'p cnf 43008 265785' header
c parsed 265785 clauses in 0.12 seconds process time
c 
c --- [ options ] ------------------------------------------------------------
c 
c   --stabilize=false              (different from default 'true')
c   --walk=false                   (different from default 'true')
c 
c --- [ solving ] ------------------------------------------------------------
c 
c time measured in process time since initialization
c 
c  seconds  reductions  redundant  irredundant
c         MB    restarts       trail       variables
c          level   conflicts       glue         remaining
c 
c *  0.12 31  0 0   0    0    0  0% 0 242033 41493 96%
c {  0.13 31  0 0   0    0    0  0% 0 242033 41493 96%
c i  0.13 32 35 0   0   63   46  6% 3 242033 41465 96%
c i  0.13 32 34 0   0   66   47  6% 3 242033 41372 96%
c i  0.13 32 33 0   0   70   48  6% 3 242033 41364 96%
c -  0.17 33 46 1  33  300  241  9% 7 229476 41364 96%
c I  0.24 34 49 1 112 1002  839  9% 8 229476 41364 96%
c -  0.32 42 49 2 119 1116  829  9% 9 229476 41364 96%
c i  0.38 42 45 2 140 1928 1434 10% 8 229476 41243 96%
c i  0.38 42 44 2 140 1938 1439 10% 8 229476 41241 96%
c i  0.38 42 44 2 140 1939 1439 10% 8 229476 41157 96%
c }  0.38 42 44 2 140 1941 1439 10% 8 229476 40961 95%
c 0  0.38 42 44 2 140 1941 1439 10% 8 229476 40961 95%
c 
c --- [ result ] -------------------------------------------------------------
c 
s UNSATISFIABLE
c 
c --- [ run-time profiling ] -------------------------------------------------
c 
c process time taken by individual solving procedures
c (percentage relative to process time for solving)
c 
c         0.25  100.00% search
c         0.25   98.41% unstable
c         0.00    1.59% lucky
c         0.00    0.00% simplify
c   =================================
c         0.25   67.02% solve
c 
c last line shows process time for solving
c (percentage relative to total process time)
c 
c --- [ statistics ] ---------------------------------------------------------
c 
c backtracked:                2368       122.00 %  of conflicts
c chronological:               851        35.94 %  of backtracks
c conflicts:                  1941      7702.38    per second
c decisions:                 11529     45750.00    per second
c fixed:                      2047         4.76 %  of all variables
c learned:                    1644        84.70 %  per conflict
c minimized:                 10809        20.35 %  learned literals
c propagations:             755670         3.00 M  per second
c reduced:                     105         5.41 %  per conflict
c rephased:                      1      1941.00    interval
c restarts:                    140        13.86    interval
c subsumed:                     91         0.02 %  of all clauses
c 
c seconds are measured in process time for solving
c 
c --- [ resources ] ----------------------------------------------------------
c 
c total process time since initialization:         0.38    seconds
c total real time since initialization:            0.38    seconds
c maximum resident set size of process:           41.79    MB
c 
c --- [ shutting down ] ------------------------------------------------------
c 
c exit 20
