c --- [ banner ] -------------------------------------------------------------
c 
c CaDiCaL Radically Simplified CDCL SAT Solver
c Copyright (c) 2016-2019 Armin Biere, JKU Linz
c 
c Version 1.0.3 cb89cbfa16f47cb7bf1ec6ad9855e7b6d5203c18
c g++ (GCC) 6.3.0 -Wall -Wextra -O3 -DNDEBUG
c Fri Aug 23 08:17:16 CDT 2019 Linux login1 4.4.103-6.38-default x86_64
c 
c --- [ config ] -------------------------------------------------------------
c 
c using 'unsat' configuration (target unsatisfiable instances)
c 
c --- [ proof tracing ] ------------------------------------------------------
c 
c opening file to write '/tmp/38_106_0_three.drat'
c writing binary proof trace to '/tmp/38_106_0_three.drat'
c 
c --- [ parsing input ] ------------------------------------------------------
c 
c reading DIMACS file from '/tmp/38_106_0_three.cnf'
c opening file to read '/tmp/38_106_0_three.cnf'
c found 'p cnf 202048 780980' header
c parsed 780980 clauses in 0.55 seconds process time
c 
c --- [ options ] ------------------------------------------------------------
c 
c   --stabilize=false              (different from default 'true')
c   --walk=false                   (different from default 'true')
c 
c --- [ solving ] ------------------------------------------------------------
c 
c time measured in process time since initialization
c 
c  seconds  reductions  redundant  irredundant
c         MB    restarts       trail       variables
c          level   conflicts       glue          remaining
c 
c *  0.57 97  0 0   0    0    0  0% 0 780480 197583 98%
c {  0.60 99  0 0   0    0    0  0% 0 780480 197583 98%
c -  0.72 101 280 1   0  300  158  6% 3 694415 197583 98%
c i  0.82 106 180 1  22  487  292  6% 5 694415 197215 98%
c I  1.27 106 93 1 143 1003  768  7% 7 694415 197215 98%
c -  1.66 125 72 2 178 1404 1120  7% 7 688149 197215 98%
c B  2.90 125 49 2 397 3005 2604  8% 8 688149 197215 98%
c -  3.14 131 48 3 408 3057 2183  8% 8 688149 197215 98%
c s  4.32 116 46 3 490 3964 3012  9% 8 688149 197215 98%
c w  5.61 135 46 3 490 3964 3001  9% 8 688149 197215 98%
c t  5.66 135 46 3 490 3964 3001  9% 8 687534 197215 98%
c e  7.42 145 46 3 490 3964   31  9% 8 168767 25724 13%
c s  7.59 150 46 3 490 3964   30  9% 8 168688 25724 13%
c e  7.79 150 46 3 490 3964   28  9% 8 168674 25689 13%
c 3  8.17 150 45 3 610 5000 3207  8% 9 168674 25689 13%
c 3  8.18 150 45 3 610 5000 3327  8% 9 168674 25689 13%
c d  8.22 150 45 3 610 5000 3267  8% 9 168674 25679 13%
c 2  8.24 150 45 3 610 5000 3247  8% 9 168674 25679 13%
c p  8.29 150 45 3 610 5000 4013  8% 9 168674 25679 13%
c -  8.37 150 45 4 667 5266 1333  7% 9 168674 25679 13%
c 
c  seconds   reductions  redundant  irredundant
c          MB    restarts       trail       variables
c           level   conflicts       glue         remaining
c 
c F  8.44 150 44 4 703 6009 2004  7% 9 168674 25679 13%
c -  8.64 150 43 5 784 7106 2192  8% 9 168674 25679 13%
c i  8.78 150 40 5 862 8099 3084  8% 9 168674 25647 13%
c -  9.01 150 38 6 907 9315 2819  9% 9 166891 25647 13%
c B  9.13 150 38 6 983 10010 3474  9% 9 166891 25647 13%
c i  9.36 150 37 6 1069 11438 4762  9% 9 166891 25629 13%
c -  9.47 150 36 7 1084 11882 3617  9% 9 166050 25629 13%
c i  9.50 150 36 7 1115 12131 3847  9% 9 166050 25627 13%
c -  9.97 150 34 8 1263 14812 4352  9% 9 165908 25627 13%
c s 10.04 150 34 8 1263 14825 4195  9% 9 165815 25627 13%
c v 10.23 150 34 8 1263 14825 4195  9% 9 153697 25627 13%
c w 10.32 150 34 8 1263 14825 4137  9% 9 153697 25627 13%
c t 10.33 150 34 8 1263 14825 4122  9% 9 144230 25626 13%
c e 10.50 151 34 8 1263 14825 2393  9% 9 138233 20832 10%
c s 10.56 151 34 8 1263 14825 2296  9% 9 137547 20832 10%
c e 10.62 151 34 8 1263 14825 2208  9% 9 137418 20791 10%
c 3 10.78 151 33 8 1263 15000 5976  7% 9 137418 20791 10%
c 3 10.79 151 33 8 1263 15000 6352  7% 9 137418 20791 10%
c d 10.83 151 33 8 1263 15000 5226  7% 9 137418 20607 10%
c 2 10.84 151 33 8 1263 15000 5086  7% 9 137409 20607 10%
c 
c  seconds   reductions    redundant  irredundant
c          MB    restarts         trail       variables
c           level     conflicts       glue         remaining
c 
c p 10.90 151 33 8 1263 15000 6922  7% 9 137409 20596 10%
c # 10.92 151 33 8 1263 15012 6934  7% 9 137409 20596 10%
c i 11.18 151 30 8 1277 16628 8356 10% 8 137409 20528 10%
c - 11.43 151 29 9 1325 18105 4053 10% 8 131536 20528 10%
c i 11.51 151 29 9 1343 18735 4599 10% 8 131536 20518 10%
c i 11.58 151 28 9 1343 19164 4979 10% 8 131536 20513 10%
c i 11.68 151 28 9 1343 19855 5561 10% 8 131536 20470 10%
c i 11.68 151 28 9 1343 19865 5567 10% 8 131536 20389 10%
c } 11.68 151 28 9 1343 19873 5573 10% 8 131536 20375 10%
c 0 11.68 151 28 9 1343 19873 5573 10% 8 131536 20375 10%
c 
c --- [ result ] -------------------------------------------------------------
c 
s UNSATISFIABLE
c 
c --- [ run-time profiling ] -------------------------------------------------
c 
c process time taken by individual solving procedures
c (percentage relative to process time for solving)
c 
c         6.38   57.28% search
c         6.35   57.02% unstable
c         4.74   42.54% simplify
c         2.13   19.15% elim
c         1.45   13.01% vivify
c         0.70    6.32% subsume
c         0.14    1.26% ternary
c         0.11    1.01% probe
c         0.03    0.25% lucky
c   =================================
c        11.13   95.28% solve
c 
c last line shows process time for solving
c (percentage relative to total process time)
c 
c --- [ statistics ] ---------------------------------------------------------
c 
c backtracked:               75101       377.90 %  of conflicts
c chronological:              8470        11.28 %  of backtracks
c conflicts:                 19873      1785.21    per second
c decisions:                 87257      7838.39    per second
c eliminated:               176361        87.29 %  of all variables
c fixed:                      5118         2.53 %  of all variables
c learned:                   19040        95.81 %  per conflict
c minimized:                152502        27.64 %  learned literals
c propagations:           22863047         2.05 M  per second
c reduced:                    6446        32.44 %  per conflict
c rephased:                      5      3974.60    interval
c restarts:                   1343        14.80    interval
c substituted:                 194         0.10 %  of all variables
c subsumed:                  18896         0.80 %  of all clauses
c strengthened:              13277         0.56 %  of all clauses
c ternary:                    8208         0.36 %  of resolved
c vivified:                  12739         0.54 %  of all clauses
c weakened:                 629657         2.89    average size
c 
c seconds are measured in process time for solving
c 
c --- [ resources ] ----------------------------------------------------------
c 
c total process time since initialization:        11.68    seconds
c total real time since initialization:           11.68    seconds
c maximum resident set size of process:          155.67    MB
c 
c --- [ shutting down ] ------------------------------------------------------
c 
c exit 20
