c --- [ banner ] -------------------------------------------------------------
c 
c CaDiCaL Radically Simplified CDCL SAT Solver
c Copyright (c) 2016-2019 Armin Biere, JKU Linz
c 
c Version 1.0.3 cb89cbfa16f47cb7bf1ec6ad9855e7b6d5203c18
c g++ (GCC) 6.3.0 -Wall -Wextra -O3 -DNDEBUG
c Fri Aug 23 08:17:16 CDT 2019 Linux login1 4.4.103-6.38-default x86_64
c 
c --- [ config ] -------------------------------------------------------------
c 
c using 'unsat' configuration (target unsatisfiable instances)
c 
c --- [ proof tracing ] ------------------------------------------------------
c 
c opening file to write '/tmp/38_131_0_three.drat'
c writing binary proof trace to '/tmp/38_131_0_three.drat'
c 
c --- [ parsing input ] ------------------------------------------------------
c 
c reading DIMACS file from '/tmp/38_131_0_three.cnf'
c opening file to read '/tmp/38_131_0_three.cnf'
c found 'p cnf 202048 780980' header
c parsed 780980 clauses in 0.34 seconds process time
c 
c --- [ options ] ------------------------------------------------------------
c 
c   --stabilize=false              (different from default 'true')
c   --walk=false                   (different from default 'true')
c 
c --- [ solving ] ------------------------------------------------------------
c 
c time measured in process time since initialization
c 
c  seconds  reductions  redundant  irredundant
c         MB    restarts       trail       variables
c          level   conflicts       glue          remaining
c 
c *  0.35 97  0 0   0    0    0  0% 0 780480 197383 98%
c {  0.37 99  0 0   0    0    0  0% 0 780480 197383 98%
c -  0.48 101 280 1   0  300  158  6% 3 691271 197383 98%
c i  0.56 106 194 1  15  462  270  7% 4 691271 197112 98%
c i  0.62 106 163 1  31  521  324  7% 5 691271 196322 97%
c I  1.02 106 90 1 151 1005  773  7% 7 691271 196322 97%
c -  1.56 124 72 2 214 1414 1153  8% 8 675525 196322 97%
c B  2.73 124 49 2 435 3006 2607  9% 9 675525 196322 97%
c -  2.95 129 49 3 446 3060 2137  9% 9 675525 196322 97%
c s  4.13 115 47 3 528 3967 2940 10% 9 675525 196322 97%
c v  5.07 134 47 3 528 3967 2940 10% 9 675517 196322 97%
c w  5.34 134 47 3 528 3967 2922 10% 9 675517 195890 97%
c t  5.40 134 47 3 528 3967 2922 10% 9 675125 195890 97%
c e  7.09 138 47 3 528 3967   28 10% 9 162716 25171 12%
c s  7.24 143 47 3 528 3967   28 10% 9 162651 25171 12%
c e  7.44 143 47 3 528 3967   27 10% 9 162636 25148 12%
c 3  7.70 143 48 3 567 5000 2667  6% 9 162636 25148 12%
c 3  7.70 143 48 3 567 5000 2745  6% 9 162636 25148 12%
c d  7.74 143 48 3 567 5000 2697  6% 9 162636 25140 12%
c 2  7.76 143 48 3 567 5000 2681  6% 9 162636 25140 12%
c 
c  seconds   reductions  redundant  irredundant
c          MB    restarts       trail       variables
c           level   conflicts       glue         remaining
c 
c p  7.82 143 48 3 567 5000 3110  6% 9 162636 25139 12%
c -  7.89 143 47 4 580 5255 1214  6% 9 162509 25139 12%
c F  7.93 143 43 4 584 6007 1867  5% 9 162509 25139 12%
c -  8.03 143 37 5 590 7073 2040  5% 8 162509 25139 12%
c i  8.04 143 35 5 590 7334 2256  5% 8 162509 25116 12%
c i  8.08 143 34 5 593 7753 2607  6% 8 162509 25105 12%
c i  8.10 143 33 5 593 7936 2771  6% 8 162509 25098 12%
c i  8.11 143 33 5 593 7987 2815  6% 8 162509 25088 12%
c i  8.16 143 31 5 593 8802 3504  6% 8 162509 25084 12%
c }  8.17 143 30 5 593 8887 3570  6% 8 162509 24569 12%
c 0  8.17 143 30 5 593 8887 3570  6% 8 162509 24569 12%
c 
c --- [ result ] -------------------------------------------------------------
c 
s UNSATISFIABLE
c 
c --- [ run-time profiling ] -------------------------------------------------
c 
c process time taken by individual solving procedures
c (percentage relative to process time for solving)
c 
c         4.04   51.63% search
c         4.03   51.43% unstable
c         3.77   48.16% simplify
c         1.82   23.29% elim
c         1.11   14.20% vivify
c         0.59    7.56% subsume
c         0.07    0.87% ternary
c         0.06    0.72% probe
c         0.02    0.20% lucky
c   =================================
c         7.83   95.89% solve
c 
c last line shows process time for solving
c (percentage relative to total process time)
c 
c --- [ statistics ] ---------------------------------------------------------
c 
c backtracked:               23543       264.92 %  of conflicts
c chronological:              3619        15.37 %  of backtracks
c conflicts:                  8887      1134.70    per second
c decisions:                 38966      4975.23    per second
c eliminated:               170742        84.51 %  of all variables
c fixed:                      6729         3.33 %  of all variables
c learned:                    8495        95.59 %  per conflict
c minimized:                 60223        25.33 %  learned literals
c propagations:           14982781         1.91 M  per second
c reduced:                    1289        14.50 %  per conflict
c rephased:                      3      2962.33    interval
c restarts:                    593        14.99    interval
c substituted:                   8         0.00 %  of all variables
c subsumed:                   4154         0.18 %  of all clauses
c strengthened:               9804         0.43 %  of all clauses
c ternary:                    2161         0.26 %  of resolved
c vivified:                    195         0.01 %  of all clauses
c weakened:                 590237         2.82    average size
c 
c seconds are measured in process time for solving
c 
c --- [ resources ] ----------------------------------------------------------
c 
c total process time since initialization:         8.17    seconds
c total real time since initialization:            8.17    seconds
c maximum resident set size of process:          149.81    MB
c 
c --- [ shutting down ] ------------------------------------------------------
c 
c exit 20
