c --- [ banner ] -------------------------------------------------------------
c 
c CaDiCaL Radically Simplified CDCL SAT Solver
c Copyright (c) 2016-2019 Armin Biere, JKU Linz
c 
c Version 1.0.3 cb89cbfa16f47cb7bf1ec6ad9855e7b6d5203c18
c g++ (GCC) 6.3.0 -Wall -Wextra -O3 -DNDEBUG
c Fri Aug 23 08:17:16 CDT 2019 Linux login1 4.4.103-6.38-default x86_64
c 
c --- [ config ] -------------------------------------------------------------
c 
c using 'unsat' configuration (target unsatisfiable instances)
c 
c --- [ proof tracing ] ------------------------------------------------------
c 
c opening file to write '/tmp/38_399_0_three.drat'
c writing binary proof trace to '/tmp/38_399_0_three.drat'
c 
c --- [ parsing input ] ------------------------------------------------------
c 
c reading DIMACS file from '/tmp/38_399_0_three.cnf'
c opening file to read '/tmp/38_399_0_three.cnf'
c found 'p cnf 202048 780980' header
c parsed 780980 clauses in 0.52 seconds process time
c 
c --- [ options ] ------------------------------------------------------------
c 
c   --stabilize=false              (different from default 'true')
c   --walk=false                   (different from default 'true')
c 
c --- [ solving ] ------------------------------------------------------------
c 
c time measured in process time since initialization
c 
c  seconds  reductions  redundant  irredundant
c         MB    restarts       trail       variables
c          level   conflicts       glue          remaining
c 
c *  0.54 97  0 0   0    0    0  0% 0 780480 197123 98%
c {  0.56 100  0 0   0    0    0  0% 0 780480 197123 98%
c -  0.75 104 157 1   8  300  177  7% 4 688097 197123 98%
c i  0.97 109 108 1  53  471  341  7% 6 688097 196904 97%
c i  1.15 109 83 1 102  694  549  7% 7 688097 196659 97%
c i  1.15 109 81 1 105  708  558  7% 7 688097 195692 97%
c i  1.15 109 81 1 106  709  558  7% 7 688097 195573 97%
c i  1.15 109 80 1 107  715  563  7% 7 688097 194751 96%
c }  1.15 109 80 1 107  718  564  7% 7 688097 193791 96%
c 0  1.15 109 80 1 107  718  564  7% 7 688097 193791 96%
c 
c --- [ result ] -------------------------------------------------------------
c 
s UNSATISFIABLE
c 
c --- [ run-time profiling ] -------------------------------------------------
c 
c process time taken by individual solving procedures
c (percentage relative to process time for solving)
c 
c         0.61   96.84% search
c         0.59   93.04% unstable
c         0.02    3.80% lucky
c         0.00    0.00% simplify
c   =================================
c         0.63   54.86% solve
c 
c last line shows process time for solving
c (percentage relative to total process time)
c 
c --- [ statistics ] ---------------------------------------------------------
c 
c backtracked:                 992       138.16 %  of conflicts
c chronological:               427        43.04 %  of backtracks
c conflicts:                   718      1136.08    per second
c decisions:                  7339     11612.34    per second
c fixed:                      8257         4.09 %  of all variables
c learned:                     690        96.10 %  per conflict
c minimized:                  1368        12.45 %  learned literals
c propagations:            1455961         2.30 M  per second
c restarts:                    107         6.71    interval
c subsumed:                    119         0.01 %  of all clauses
c 
c seconds are measured in process time for solving
c 
c --- [ resources ] ----------------------------------------------------------
c 
c total process time since initialization:         1.15    seconds
c total real time since initialization:            1.15    seconds
c maximum resident set size of process:          109.99    MB
c 
c --- [ shutting down ] ------------------------------------------------------
c 
c exit 20
