c --- [ banner ] -------------------------------------------------------------
c 
c CaDiCaL Radically Simplified CDCL SAT Solver
c Copyright (c) 2016-2019 Armin Biere, JKU Linz
c 
c Version 1.0.3 cb89cbfa16f47cb7bf1ec6ad9855e7b6d5203c18
c g++ (GCC) 6.3.0 -Wall -Wextra -O3 -DNDEBUG
c Fri Aug 23 08:17:16 CDT 2019 Linux login1 4.4.103-6.38-default x86_64
c 
c --- [ config ] -------------------------------------------------------------
c 
c using 'unsat' configuration (target unsatisfiable instances)
c 
c --- [ proof tracing ] ------------------------------------------------------
c 
c opening file to write '/tmp/38_57_0_three.drat'
c writing binary proof trace to '/tmp/38_57_0_three.drat'
c 
c --- [ parsing input ] ------------------------------------------------------
c 
c reading DIMACS file from '/tmp/38_57_0_three.cnf'
c opening file to read '/tmp/38_57_0_three.cnf'
c found 'p cnf 202048 780980' header
c parsed 780980 clauses in 0.33 seconds process time
c 
c --- [ options ] ------------------------------------------------------------
c 
c   --stabilize=false              (different from default 'true')
c   --walk=false                   (different from default 'true')
c 
c --- [ solving ] ------------------------------------------------------------
c 
c time measured in process time since initialization
c 
c  seconds  reductions  redundant  irredundant
c         MB    restarts       trail       variables
c          level   conflicts       glue          remaining
c 
c *  0.35 97  0 0   0    0    0  0% 0 780480 197103 98%
c {  0.36 99  0 0   0    0    0  0% 0 780480 197103 98%
c -  0.53 104 104 1  14  301  190  6% 5 688087 197103 98%
c I  1.18 109 57 1 182 1004  866  7% 8 688087 197103 98%
c -  1.63 127 53 2 194 1403 1185  9% 8 688087 197103 98%
c B  2.82 127 39 2 284 3005 2651 10% 8 688087 197103 98%
c -  3.02 127 39 3 284 3062 2064 10% 8 688087 197103 98%
c s  4.10 113 36 3 366 3971 2880 10% 8 688087 197103 98%
c w  5.36 132 36 3 366 3971 2876 10% 8 688087 197103 98%
c t  5.42 132 36 3 366 3971 2876 10% 8 687485 197103 98%
c e  7.16 130 36 3 366 3971   29 10% 8 168785 25715 13%
c s  7.33 139 36 3 366 3971   28 10% 8 168679 25715 13%
c e  7.54 139 36 3 366 3971   27 10% 8 168662 25695 13%
c i  7.69 142 36 3 366 4046   92  5% 8 168662 25687 13%
c 3  7.83 142 35 3 390 5000 3057 10% 8 168662 25687 13%
c 3  7.84 142 35 3 390 5000 3213 10% 8 168662 25687 13%
c d  7.88 142 35 3 390 5000 3115 10% 8 168254 25674 13%
c d  7.90 142 35 3 390 5000 3115 10% 8 168219 25658 13%
c 2  7.90 142 35 3 390 5000 3089 10% 8 168217 25632 13%
c p  7.96 142 35 3 390 5000 4295 10% 8 168217 25632 13%
c 
c  seconds   reductions  redundant  irredundant
c          MB    restarts       trail       variables
c           level   conflicts       glue         remaining
c 
c -  8.02 142 34 4 399 5268 1338  8% 8 166792 25632 13%
c i  8.07 142 33 4 449 5870 1860  7% 8 166792 25631 13%
c i  8.08 142 32 4 449 5995 1970  6% 8 166792 25628 13%
c F  8.08 142 32 4 449 6007 1979  6% 8 166792 25628 13%
c i  8.08 142 32 4 449 6011 1980  6% 8 166792 25626 13%
c i  8.08 142 32 4 449 6035 1997  6% 8 166792 25371 13%
c i  8.08 142 32 4 449 6075 2027  6% 8 166792 25358 13%
c i  8.08 142 32 4 449 6076 2027  6% 8 166792 25355 13%
c i  8.08 142 32 4 449 6077 2027  6% 8 166792 25336 13%
c i  8.08 142 32 4 449 6078 2027  6% 8 166792 25219 12%
c }  8.08 142 32 4 449 6081 2028  6% 8 166792 25064 12%
c 0  8.08 142 32 4 449 6081 2028  6% 8 166792 25064 12%
c 
c --- [ result ] -------------------------------------------------------------
c 
s UNSATISFIABLE
c 
c --- [ run-time profiling ] -------------------------------------------------
c 
c process time taken by individual solving procedures
c (percentage relative to process time for solving)
c 
c         3.93   50.70% simplify
c         3.80   49.10% search
c         3.79   48.89% unstable
c         1.89   24.37% elim
c         1.16   15.02% vivify
c         0.61    7.90% subsume
c         0.08    0.98% ternary
c         0.06    0.72% probe
c         0.02    0.21% lucky
c   =================================
c         7.75   95.89% solve
c 
c last line shows process time for solving
c (percentage relative to total process time)
c 
c --- [ statistics ] ---------------------------------------------------------
c 
c backtracked:               21271       349.79 %  of conflicts
c chronological:              2648        12.45 %  of backtracks
c conflicts:                  6081       784.85    per second
c decisions:                 29822      3848.99    per second
c eliminated:               171408        84.84 %  of all variables
c fixed:                      5547         2.75 %  of all variables
c learned:                    5773        94.94 %  per conflict
c minimized:                 41882        24.24 %  learned literals
c propagations:           14298040         1.85 M  per second
c reduced:                     679        11.17 %  per conflict
c rephased:                      3      2027.00    interval
c restarts:                    449        13.54    interval
c substituted:                  29         0.01 %  of all variables
c subsumed:                   3796         0.17 %  of all clauses
c strengthened:              10240         0.45 %  of all clauses
c ternary:                    2623         0.30 %  of resolved
c vivified:                    144         0.01 %  of all clauses
c weakened:                 606225         2.84    average size
c 
c seconds are measured in process time for solving
c 
c --- [ resources ] ----------------------------------------------------------
c 
c total process time since initialization:         8.08    seconds
c total real time since initialization:            8.08    seconds
c maximum resident set size of process:          147.35    MB
c 
c --- [ shutting down ] ------------------------------------------------------
c 
c exit 20
