c --- [ banner ] -------------------------------------------------------------
c 
c CaDiCaL Radically Simplified CDCL SAT Solver
c Copyright (c) 2016-2019 Armin Biere, JKU Linz
c 
c Version 1.0.3 cb89cbfa16f47cb7bf1ec6ad9855e7b6d5203c18
c g++ (GCC) 6.3.0 -Wall -Wextra -O3 -DNDEBUG
c Fri Aug 23 08:17:16 CDT 2019 Linux login1 4.4.103-6.38-default x86_64
c 
c --- [ config ] -------------------------------------------------------------
c 
c using 'unsat' configuration (target unsatisfiable instances)
c 
c --- [ proof tracing ] ------------------------------------------------------
c 
c opening file to write '/tmp/2_122_0_three.drat'
c writing binary proof trace to '/tmp/2_122_0_three.drat'
c 
c --- [ parsing input ] ------------------------------------------------------
c 
c reading DIMACS file from '/tmp/2_122_0_three.cnf'
c opening file to read '/tmp/2_122_0_three.cnf'
c found 'p cnf 202048 780985' header
c parsed 780985 clauses in 0.33 seconds process time
c 
c --- [ options ] ------------------------------------------------------------
c 
c   --stabilize=false              (different from default 'true')
c   --walk=false                   (different from default 'true')
c 
c --- [ solving ] ------------------------------------------------------------
c 
c time measured in process time since initialization
c 
c  seconds  reductions  redundant  irredundant
c         MB    restarts       trail       variables
c          level   conflicts       glue          remaining
c 
c *  0.35 97  0 0   0    0    0  0% 0 780480 196636 97%
c {  0.36 99  0 0   0    0    0  0% 0 780480 196636 97%
c -  0.50 103 315 1   5  301  168  5% 4 683281 196636 97%
c I  0.86 108 81 1 164 1002  809  6% 8 683281 196636 97%
c -  1.35 125 65 2 203 1401 1173  7% 8 683281 196636 97%
c B  2.38 126 48 2 357 3004 2663  9% 9 683281 196636 97%
c -  2.58 126 48 3 357 3054 2116  9% 8 683281 196636 97%
c i  3.04 126 43 3 364 3738 2734 10% 8 683281 196548 97%
c i  3.14 126 41 3 364 3925 2903 10% 8 683281 196102 97%
c i  3.14 126 41 3 364 3927 2904 10% 8 683281 195738 97%
c i  3.14 126 40 3 364 3938 2914 10% 8 683281 195116 97%
c i  3.14 126 40 3 364 3940 2913 10% 8 683281 194520 96%
c }  3.14 126 40 3 364 3942 2913 10% 8 683281 190727 94%
c 0  3.14 126 40 3 364 3942 2913 10% 8 683281 190727 94%
c 
c --- [ result ] -------------------------------------------------------------
c 
s UNSATISFIABLE
c 
c --- [ run-time profiling ] -------------------------------------------------
c 
c process time taken by individual solving procedures
c (percentage relative to process time for solving)
c 
c         2.79   99.43% search
c         2.78   99.00% unstable
c         0.01    0.43% lucky
c         0.00    0.00% simplify
c   =================================
c         2.81   89.43% solve
c 
c last line shows process time for solving
c (percentage relative to total process time)
c 
c --- [ statistics ] ---------------------------------------------------------
c 
c backtracked:                4975       126.20 %  of conflicts
c chronological:              1733        34.83 %  of backtracks
c conflicts:                  3942      1403.85    per second
c decisions:                 23220      8269.23    per second
c fixed:                     11321         5.60 %  of all variables
c learned:                    3734        94.72 %  per conflict
c minimized:                 24868        22.51 %  learned literals
c propagations:            9732075         3.47 M  per second
c reduced:                     607        15.40 %  per conflict
c rephased:                      2      1971.00    interval
c restarts:                    364        10.83    interval
c subsumed:                    208         0.01 %  of all clauses
c 
c seconds are measured in process time for solving
c 
c --- [ resources ] ----------------------------------------------------------
c 
c total process time since initialization:         3.14    seconds
c total real time since initialization:            3.14    seconds
c maximum resident set size of process:          143.35    MB
c 
c --- [ shutting down ] ------------------------------------------------------
c 
c exit 20
