c --- [ banner ] -------------------------------------------------------------
c 
c CaDiCaL Radically Simplified CDCL SAT Solver
c Copyright (c) 2016-2019 Armin Biere, JKU Linz
c 
c Version 1.0.3 cb89cbfa16f47cb7bf1ec6ad9855e7b6d5203c18
c g++ (GCC) 6.3.0 -Wall -Wextra -O3 -DNDEBUG
c Fri Aug 23 08:17:16 CDT 2019 Linux login1 4.4.103-6.38-default x86_64
c 
c --- [ config ] -------------------------------------------------------------
c 
c using 'unsat' configuration (target unsatisfiable instances)
c 
c --- [ proof tracing ] ------------------------------------------------------
c 
c opening file to write '/tmp/2_690_0_three.drat'
c writing binary proof trace to '/tmp/2_690_0_three.drat'
c 
c --- [ parsing input ] ------------------------------------------------------
c 
c reading DIMACS file from '/tmp/2_690_0_three.cnf'
c opening file to read '/tmp/2_690_0_three.cnf'
c found 'p cnf 202048 780985' header
c parsed 780985 clauses in 0.55 seconds process time
c 
c --- [ options ] ------------------------------------------------------------
c 
c   --stabilize=false              (different from default 'true')
c   --walk=false                   (different from default 'true')
c 
c --- [ solving ] ------------------------------------------------------------
c 
c time measured in process time since initialization
c 
c  seconds  reductions  redundant  irredundant
c         MB    restarts       trail       variables
c          level   conflicts       glue          remaining
c 
c *  0.58 97  0 0   0    0    0  0% 0 780480 197034 98%
c {  0.60 99  0 0   0    0    0  0% 0 780480 197034 98%
c -  0.80 103 312 1   3  304  170  5% 4 688046 197034 98%
c I  1.31 108 85 1 158 1002  822  7% 8 688046 197034 98%
c -  1.80 126 65 2 177 1406 1165  7% 7 688046 197034 98%
c i  2.51 126 42 2 238 2561 2166  8% 7 688046 195689 97%
c i  2.51 126 42 2 238 2562 2166  8% 7 688046 195061 97%
c i  2.51 126 42 2 238 2566 2169  8% 7 688046 192791 95%
c }  2.52 126 42 2 238 2569 2169  8% 7 688046 190471 94%
c 0  2.52 126 42 2 238 2569 2169  8% 7 688046 190471 94%
c 
c --- [ result ] -------------------------------------------------------------
c 
s UNSATISFIABLE
c 
c --- [ run-time profiling ] -------------------------------------------------
c 
c process time taken by individual solving procedures
c (percentage relative to process time for solving)
c 
c         1.94   98.78% search
c         1.92   97.76% unstable
c         0.02    1.02% lucky
c         0.00    0.00% simplify
c   =================================
c         1.96   78.06% solve
c 
c last line shows process time for solving
c (percentage relative to total process time)
c 
c --- [ statistics ] ---------------------------------------------------------
c 
c backtracked:                3262       126.98 %  of conflicts
c chronological:              1149        35.22 %  of backtracks
c conflicts:                  2569      1308.04    per second
c decisions:                 14846      7559.06    per second
c fixed:                     11577         5.73 %  of all variables
c learned:                    2416        94.04 %  per conflict
c minimized:                 15510        23.06 %  learned literals
c propagations:            5185378         2.64 M  per second
c reduced:                      15         0.58 %  per conflict
c rephased:                      1      2569.00    interval
c restarts:                    238        10.79    interval
c subsumed:                    227         0.01 %  of all clauses
c 
c seconds are measured in process time for solving
c 
c --- [ resources ] ----------------------------------------------------------
c 
c total process time since initialization:         2.52    seconds
c total real time since initialization:            2.52    seconds
c maximum resident set size of process:          125.73    MB
c 
c --- [ shutting down ] ------------------------------------------------------
c 
c exit 20
