c --- [ banner ] -------------------------------------------------------------
c 
c CaDiCaL Radically Simplified CDCL SAT Solver
c Copyright (c) 2016-2019 Armin Biere, JKU Linz
c 
c Version 1.0.3 cb89cbfa16f47cb7bf1ec6ad9855e7b6d5203c18
c g++ (GCC) 6.3.0 -Wall -Wextra -O3 -DNDEBUG
c Fri Aug 23 08:17:16 CDT 2019 Linux login1 4.4.103-6.38-default x86_64
c 
c --- [ config ] -------------------------------------------------------------
c 
c using 'unsat' configuration (target unsatisfiable instances)
c 
c --- [ proof tracing ] ------------------------------------------------------
c 
c opening file to write '/tmp/2_806_0_three.drat'
c writing binary proof trace to '/tmp/2_806_0_three.drat'
c 
c --- [ parsing input ] ------------------------------------------------------
c 
c reading DIMACS file from '/tmp/2_806_0_three.cnf'
c opening file to read '/tmp/2_806_0_three.cnf'
c found 'p cnf 202048 780985' header
c parsed 780985 clauses in 0.45 seconds process time
c 
c --- [ options ] ------------------------------------------------------------
c 
c   --stabilize=false              (different from default 'true')
c   --walk=false                   (different from default 'true')
c 
c --- [ solving ] ------------------------------------------------------------
c 
c time measured in process time since initialization
c 
c  seconds  reductions  redundant  irredundant
c         MB    restarts       trail       variables
c          level   conflicts       glue          remaining
c 
c *  0.47 97  0 0   0    0    0  0% 0 780480 197318 98%
c {  0.48 99  0 0   0    0    0  0% 0 780480 197318 98%
c -  0.64 103 292 1   8  300  172  5% 4 691236 197318 98%
c I  1.20 108 79 1 169 1004  840  7% 7 691236 197318 98%
c -  1.67 126 70 2 191 1405 1199  8% 8 691236 197318 98%
c B  2.71 126 45 2 340 3005 2662  9% 8 691236 197318 98%
c -  2.92 126 45 3 344 3062 2116  9% 8 691236 197318 98%
c s  3.94 112 40 3 451 3968 2914  9% 8 691236 197318 98%
c w  5.19 134 40 3 451 3968 2904  9% 8 691236 197318 98%
c t  5.25 134 40 3 451 3968 2904  9% 8 690652 197318 98%
c e  7.28 135 40 3 451 3968   25  9% 8 170012 25849 13%
c s  7.49 144 40 3 451 3968   23  9% 8 169940 25849 13%
c e  7.76 144 40 3 451 3968   19  9% 8 169923 25830 13%
c 3  8.14 144 37 3 517 5002 2636  6% 8 169923 25830 13%
c 3  8.15 145 37 3 517 5002 3192  6% 8 169923 25830 13%
c d  8.20 145 37 3 517 5002 3074  6% 8 169923 25817 13%
c 2  8.23 145 37 3 517 5002 3048  6% 8 169923 25817 13%
c p  8.29 145 37 3 517 5002 3747  6% 8 169923 25817 13%
c -  8.39 145 37 4 517 5269 1286  7% 8 169923 25817 13%
c F  8.48 145 35 4 558 6007 1967  7% 8 169923 25817 13%
c 
c  seconds   reductions  redundant  irredundant
c          MB    restarts       trail       variables
c           level   conflicts       glue         remaining
c 
c i  8.55 145 34 4 589 6638 2521  7% 8 169923 25814 13%
c i  8.58 145 33 4 589 6859 2714  7% 8 169923 25764 13%
c i  8.58 145 33 4 589 6870 2721  7% 8 169923 25641 13%
c }  8.58 145 33 4 589 6875 2724  7% 8 169923 25411 13%
c 0  8.58 145 33 4 589 6875 2724  7% 8 169923 25411 13%
c 
c --- [ result ] -------------------------------------------------------------
c 
s UNSATISFIABLE
c 
c --- [ run-time profiling ] -------------------------------------------------
c 
c process time taken by individual solving procedures
c (percentage relative to process time for solving)
c 
c         4.36   53.67% simplify
c         3.74   46.09% search
c         3.73   45.94% unstable
c         2.25   27.72% elim
c         1.14   14.08% vivify
c         0.67    8.22% subsume
c         0.08    0.98% ternary
c         0.06    0.74% probe
c         0.01    0.15% lucky
c   =================================
c         8.12   94.73% solve
c 
c last line shows process time for solving
c (percentage relative to total process time)
c 
c --- [ statistics ] ---------------------------------------------------------
c 
c backtracked:               20572       299.23 %  of conflicts
c chronological:              2976        14.47 %  of backtracks
c conflicts:                  6875       846.26    per second
c decisions:                 34815      4285.45    per second
c eliminated:               171488        84.87 %  of all variables
c fixed:                      5136         2.54 %  of all variables
c learned:                    6508        94.66 %  per conflict
c minimized:                 45946        23.46 %  learned literals
c propagations:           13793993         1.70 M  per second
c reduced:                     609         8.86 %  per conflict
c rephased:                      3      2291.67    interval
c restarts:                    589        11.67    interval
c substituted:                  13         0.01 %  of all variables
c subsumed:                   3883         0.17 %  of all clauses
c strengthened:              10167         0.44 %  of all clauses
c ternary:                    2613         0.33 %  of resolved
c vivified:                    111         0.00 %  of all clauses
c weakened:                 608833         2.85    average size
c 
c seconds are measured in process time for solving
c 
c --- [ resources ] ----------------------------------------------------------
c 
c total process time since initialization:         8.58    seconds
c total real time since initialization:            8.58    seconds
c maximum resident set size of process:          155.33    MB
c 
c --- [ shutting down ] ------------------------------------------------------
c 
c exit 20
