c --- [ banner ] -------------------------------------------------------------
c 
c CaDiCaL Radically Simplified CDCL SAT Solver
c Copyright (c) 2016-2019 Armin Biere, JKU Linz
c 
c Version 1.0.3 cb89cbfa16f47cb7bf1ec6ad9855e7b6d5203c18
c g++ (GCC) 6.3.0 -Wall -Wextra -O3 -DNDEBUG
c Fri Aug 23 08:17:16 CDT 2019 Linux login1 4.4.103-6.38-default x86_64
c 
c --- [ config ] -------------------------------------------------------------
c 
c using 'unsat' configuration (target unsatisfiable instances)
c 
c --- [ proof tracing ] ------------------------------------------------------
c 
c opening file to write '/tmp/83_1177_0_six.drat'
c writing binary proof trace to '/tmp/83_1177_0_six.drat'
c 
c --- [ parsing input ] ------------------------------------------------------
c 
c reading DIMACS file from '/tmp/83_1177_0_six.cnf'
c opening file to read '/tmp/83_1177_0_six.cnf'
c found 'p cnf 50176 399279' header
c parsed 399279 clauses in 0.14 seconds process time
c 
c --- [ options ] ------------------------------------------------------------
c 
c   --stabilize=false              (different from default 'true')
c   --walk=false                   (different from default 'true')
c 
c --- [ solving ] ------------------------------------------------------------
c 
c time measured in process time since initialization
c 
c  seconds  reductions  redundant  irredundant
c         MB    restarts       trail       variables
c          level   conflicts       glue         remaining
c 
c *  0.14 45  0 0   0    0    0  0% 0 369070 48566 97%
c {  0.15 46  0 0   0    0    0  0% 0 369070 48566 97%
c -  0.20 47 50 1  27  300  208  5% 9 357768 48566 97%
c i  0.23 47 41 1  73  937  589  6% 10 357768 48518 97%
c I  0.24 47 42 1  73 1005  643  6% 10 357768 48518 97%
c i  0.24 47 42 1  73 1005  643  6% 10 357768 48517 97%
c i  0.24 47 41 1  73 1011  647  6% 10 357768 48355 96%
c -  0.34 59 43 2  73 1234  646  7% 9 353401 48355 96%
c i  0.40 59 62 2 151 2251 1340  8% 10 353401 48184 96%
c i  0.40 59 63 2 151 2259 1344  8% 10 353401 48164 96%
c }  0.40 59 63 2 151 2293 1352  8% 10 353401 47921 96%
c 0  0.40 59 63 2 151 2293 1352  8% 10 353401 47921 96%
c 
c --- [ result ] -------------------------------------------------------------
c 
s UNSATISFIABLE
c 
c --- [ run-time profiling ] -------------------------------------------------
c 
c process time taken by individual solving procedures
c (percentage relative to process time for solving)
c 
c         0.26  100.00% search
c         0.26   98.46% unstable
c         0.00    1.54% lucky
c         0.00    0.00% simplify
c   =================================
c         0.26   64.36% solve
c 
c last line shows process time for solving
c (percentage relative to total process time)
c 
c --- [ statistics ] ---------------------------------------------------------
c 
c backtracked:                2695       117.53 %  of conflicts
c chronological:               760        28.20 %  of backtracks
c conflicts:                  2293      8819.23    per second
c decisions:                 15420     59307.69    per second
c fixed:                      2255         4.49 %  of all variables
c learned:                    1821        79.42 %  per conflict
c minimized:                 24216        29.84 %  learned literals
c propagations:             742023         2.85 M  per second
c reduced:                      47         2.05 %  per conflict
c rephased:                      1      2293.00    interval
c restarts:                    151        15.19    interval
c subsumed:                    297         0.04 %  of all clauses
c 
c seconds are measured in process time for solving
c 
c --- [ resources ] ----------------------------------------------------------
c 
c total process time since initialization:         0.40    seconds
c total real time since initialization:            0.41    seconds
c maximum resident set size of process:           58.77    MB
c 
c --- [ shutting down ] ------------------------------------------------------
c 
c exit 20
