c --- [ banner ] -------------------------------------------------------------
c 
c CaDiCaL Radically Simplified CDCL SAT Solver
c Copyright (c) 2016-2019 Armin Biere, JKU Linz
c 
c Version 1.0.3 cb89cbfa16f47cb7bf1ec6ad9855e7b6d5203c18
c g++ (GCC) 6.3.0 -Wall -Wextra -O3 -DNDEBUG
c Fri Aug 23 08:17:16 CDT 2019 Linux login1 4.4.103-6.38-default x86_64
c 
c --- [ config ] -------------------------------------------------------------
c 
c using 'unsat' configuration (target unsatisfiable instances)
c 
c --- [ proof tracing ] ------------------------------------------------------
c 
c opening file to write '/tmp/83_369_0_six.drat'
c writing binary proof trace to '/tmp/83_369_0_six.drat'
c 
c --- [ parsing input ] ------------------------------------------------------
c 
c reading DIMACS file from '/tmp/83_369_0_six.cnf'
c opening file to read '/tmp/83_369_0_six.cnf'
c found 'p cnf 50176 399279' header
c parsed 399279 clauses in 0.16 seconds process time
c 
c --- [ options ] ------------------------------------------------------------
c 
c   --stabilize=false              (different from default 'true')
c   --walk=false                   (different from default 'true')
c 
c --- [ solving ] ------------------------------------------------------------
c 
c time measured in process time since initialization
c 
c  seconds  reductions  redundant  irredundant
c         MB    restarts       trail       variables
c          level   conflicts       glue         remaining
c 
c *  0.16 45  0 0   0    0    0  0% 0 369050 48582 97%
c {  0.16 46  0 0   0    0    0  0% 0 369050 48582 97%
c -  0.22 47 70 1  25  300  201  6% 9 357770 48582 97%
c I  0.28 48 51 1  52 1002  703  8% 8 357770 48582 97%
c -  0.40 60 47 2  81 1233  822  8% 9 357770 48582 97%
c -  0.61 60 49 3 245 2631 1615  9% 10 357770 48582 97%
c B  0.65 60 53 3 271 3006 1870  9% 10 357770 48582 97%
c i  0.70 60 52 3 305 3687 2343  9% 10 357770 48474 97%
c i  0.79 60 54 3 332 4113 2651 12% 10 357770 48444 97%
c i  0.80 60 56 3 341 4277 2779 12% 10 357770 48145 96%
c i  0.82 60 56 3 354 4408 2871 12% 10 357770 47765 95%
c -  0.91 59 57 4 357 4495 2015 12% 10 339044 47765 95%
c d  1.11 60 56 4 424 5000 2366 12% 11 334488 45487 91%
c 2  1.30 60 56 4 424 5000 2364 12% 11 328798 45487 91%
c p  1.56 60 56 4 424 5000 10427 12% 11 328798 45082 90%
c d  1.61 60 56 4 424 5000 8146 12% 11 319291 45072 90%
c s  2.02 75 57 4 495 5851 8807  9% 11 319275 45072 90%
c v  2.30 75 57 4 495 5851 8807  9% 11 315577 45072 90%
c w  2.38 75 57 4 495 5851 8764  9% 11 315577 45072 90%
c t  2.42 75 57 4 495 5851 8612  9% 11 280468 45071 90%
c 
c  seconds  reductions  redundant   irredundant
c         MB    restarts       trail        variables
c          level   conflicts       glue          remaining
c 
c e  3.04 75 57 4 495 5851 2062  9% 11 259869 26752 53%
c s  3.15 78 57 4 495 5851 2040  9% 11 259869 26752 53%
c F  3.22 78 57 4 506 6007 2151  8% 11 259869 26752 53%
c -  3.34 79 56 5 543 6792 1042  6% 10 259869 26752 53%
c -  3.68 79 54 6 670 9338 2422  7% 10 259869 26752 53%
c B  3.81 79 52 6 673 10009 2979 12% 10 259869 26752 53%
c -  4.09 83 48 7 710 12308 3531  9% 10 259869 26752 53%
c d  4.60 83 43 7 775 15002 5781 10% 9 259864 26751 53%
c 3  4.70 83 43 7 775 15002 22663 10% 9 259864 26751 53%
c 2  4.78 83 43 7 775 15002 22658 10% 9 259864 26750 53%
c p  4.84 83 43 7 775 15002 27594 10% 9 259864 26750 53%
c #  4.87 83 43 7 775 15011 27601 10% 9 259864 26750 53%
c -  5.05 83 42 8 794 15703 4812 10% 9 259862 26750 53%
c s  5.66 83 39 8 963 18974 7478  9% 9 259862 26750 53%
c v  6.02 83 39 8 963 18974 7478  9% 9 236759 26750 53%
c w  6.14 83 39 8 963 18974 7318  9% 9 236759 26750 53%
c t  6.15 83 39 8 963 18974 7315  9% 9 235425 26750 53%
c e  6.30 83 39 8 963 18974 7108  9% 9 235065 26481 53%
c s  6.34 83 39 8 963 18974 6787  9% 9 234146 26481 53%
c e  6.44 83 39 8 963 18974 6109  9% 9 234084 26450 53%
c 
c  seconds  reductions   redundant  irredundant
c         MB    restarts        trail       variables
c          level    conflicts       glue         remaining
c 
c -  6.64 83 39 9 975 19522 5026  9% 9 234084 26450 53%
c B  6.94 83 37 9 1020 21013 6278 10% 9 234084 26450 53%
c i  7.47 83 34 9 1024 23456 8326 10% 9 234084 26219 52%
c -  7.56 63 34 10 1024 23630 3728 10% 9 222084 26219 52%
c i  7.57 63 34 10 1024 23717 3783 10% 9 222084 26161 52%
c i  7.58 63 34 10 1024 23835 3863 10% 9 222084 25985 52%
c i  7.59 63 34 10 1024 23865 3879 10% 9 222084 25915 52%
c i  7.60 63 34 10 1024 23869 3882 10% 9 222084 25868 52%
c }  7.60 63 34 10 1024 23904 3900 10% 9 222084 25771 51%
c 0  7.60 63 34 10 1024 23904 3900 10% 9 222084 25771 51%
c 
c --- [ result ] -------------------------------------------------------------
c 
s UNSATISFIABLE
c 
c --- [ run-time profiling ] -------------------------------------------------
c 
c process time taken by individual solving procedures
c (percentage relative to process time for solving)
c 
c         4.53   60.88% search
c         4.53   60.83% unstable
c         2.91   39.12% simplify
c         0.86   11.50% elim
c         0.75   10.10% vivify
c         0.31    4.19% probe
c         0.29    3.92% subsume
c         0.28    3.76% ternary
c         0.00    0.05% lucky
c   =================================
c         7.44   97.95% solve
c 
c last line shows process time for solving
c (percentage relative to total process time)
c 
c --- [ statistics ] ---------------------------------------------------------
c 
c backtracked:              120821       505.44 %  of conflicts
c chronological:              8600         7.12 %  of backtracks
c conflicts:                 23904      3211.18    per second
c decisions:                 95185     12786.81    per second
c eliminated:                18619        37.11 %  of all variables
c fixed:                      3497         6.97 %  of all variables
c learned:                   21860        91.45 %  per conflict
c minimized:                326840        34.01 %  learned literals
c propagations:           17923855         2.41 M  per second
c reduced:                    7980        33.38 %  per conflict
c rephased:                      6      3984.00    interval
c restarts:                   1024        23.34    interval
c substituted:                2289         4.56 %  of all variables
c subsumed:                  37551         2.77 %  of all clauses
c strengthened:               6607         0.49 %  of all clauses
c ternary:                   23838         0.88 %  of resolved
c vivified:                  27565         2.03 %  of all clauses
c weakened:                 104933         4.21    average size
c 
c seconds are measured in process time for solving
c 
c --- [ resources ] ----------------------------------------------------------
c 
c total process time since initialization:         7.60    seconds
c total real time since initialization:            7.60    seconds
c maximum resident set size of process:           83.56    MB
c 
c --- [ shutting down ] ------------------------------------------------------
c 
c exit 20
