c --- [ banner ] -------------------------------------------------------------
c 
c CaDiCaL Radically Simplified CDCL SAT Solver
c Copyright (c) 2016-2019 Armin Biere, JKU Linz
c 
c Version 1.0.3 cb89cbfa16f47cb7bf1ec6ad9855e7b6d5203c18
c g++ (GCC) 6.3.0 -Wall -Wextra -O3 -DNDEBUG
c Fri Aug 23 08:17:16 CDT 2019 Linux login1 4.4.103-6.38-default x86_64
c 
c --- [ config ] -------------------------------------------------------------
c 
c using 'unsat' configuration (target unsatisfiable instances)
c 
c --- [ proof tracing ] ------------------------------------------------------
c 
c opening file to write '/tmp/83_616_0_six.drat'
c writing binary proof trace to '/tmp/83_616_0_six.drat'
c 
c --- [ parsing input ] ------------------------------------------------------
c 
c reading DIMACS file from '/tmp/83_616_0_six.cnf'
c opening file to read '/tmp/83_616_0_six.cnf'
c found 'p cnf 50176 399279' header
c parsed 399279 clauses in 0.27 seconds process time
c 
c --- [ options ] ------------------------------------------------------------
c 
c   --stabilize=false              (different from default 'true')
c   --walk=false                   (different from default 'true')
c 
c --- [ solving ] ------------------------------------------------------------
c 
c time measured in process time since initialization
c 
c  seconds  reductions  redundant  irredundant
c         MB    restarts       trail       variables
c          level   conflicts       glue         remaining
c 
c *  0.27 45  0 0   0    0    0  0% 0 369011 48277 96%
c {  0.27 46  0 0   0    0    0  0% 0 369011 48277 96%
c -  0.34 47 58 1  19  301  177  8% 8 350781 48277 96%
c i  0.34 47 58 1  19  303  178  8% 8 350781 48265 96%
c I  0.39 48 41 1  64 1002  577  8% 10 350781 48265 96%
c -  0.51 60 36 2  76 1228  654  8% 9 350581 48265 96%
c i  0.53 60 35 2  95 1494  834  8% 10 350581 47798 95%
c i  0.53 60 35 2  95 1495  834  8% 10 350581 47768 95%
c i  0.54 60 35 2  95 1687  965  8% 9 350581 47754 95%
c i  0.54 60 35 2  95 1707  979  8% 9 350581 47714 95%
c i  0.56 60 36 2  96 1995 1142  9% 9 350581 46485 93%
c i  0.56 60 36 2  96 1996 1142  9% 9 350581 46471 93%
c i  0.56 60 36 2  96 2002 1143  9% 9 350581 46354 92%
c }  0.56 60 35 2  96 2066 1179  9% 8 350581 46029 92%
c 0  0.56 60 35 2  96 2066 1179  9% 8 350581 46029 92%
c 
c --- [ result ] -------------------------------------------------------------
c 
s UNSATISFIABLE
c 
c --- [ run-time profiling ] -------------------------------------------------
c 
c process time taken by individual solving procedures
c (percentage relative to process time for solving)
c 
c         0.30  100.00% search
c         0.29   98.65% unstable
c         0.00    1.35% lucky
c         0.00    0.00% simplify
c   =================================
c         0.30   52.48% solve
c 
c last line shows process time for solving
c (percentage relative to total process time)
c 
c --- [ statistics ] ---------------------------------------------------------
c 
c backtracked:                2380       115.20 %  of conflicts
c chronological:               675        28.36 %  of backtracks
c conflicts:                  2066      6979.73    per second
c decisions:                  9296     31405.41    per second
c fixed:                      4147         8.26 %  of all variables
c learned:                    1578        76.38 %  per conflict
c minimized:                 25029        32.69 %  learned literals
c propagations:             647805         2.19 M  per second
c reduced:                      66         3.19 %  per conflict
c rephased:                      1      2066.00    interval
c restarts:                     96        21.52    interval
c subsumed:                    317         0.04 %  of all clauses
c 
c seconds are measured in process time for solving
c 
c --- [ resources ] ----------------------------------------------------------
c 
c total process time since initialization:         0.56    seconds
c total real time since initialization:            0.57    seconds
c maximum resident set size of process:           60.06    MB
c 
c --- [ shutting down ] ------------------------------------------------------
c 
c exit 20
