c --- [ banner ] -------------------------------------------------------------
c 
c CaDiCaL Radically Simplified CDCL SAT Solver
c Copyright (c) 2016-2019 Armin Biere, JKU Linz
c 
c Version 1.0.3 cb89cbfa16f47cb7bf1ec6ad9855e7b6d5203c18
c g++ (GCC) 6.3.0 -Wall -Wextra -O3 -DNDEBUG
c Fri Aug 23 08:17:16 CDT 2019 Linux login1 4.4.103-6.38-default x86_64
c 
c --- [ config ] -------------------------------------------------------------
c 
c using 'unsat' configuration (target unsatisfiable instances)
c 
c --- [ proof tracing ] ------------------------------------------------------
c 
c opening file to write '/tmp/83_925_0_six.drat'
c writing binary proof trace to '/tmp/83_925_0_six.drat'
c 
c --- [ parsing input ] ------------------------------------------------------
c 
c reading DIMACS file from '/tmp/83_925_0_six.cnf'
c opening file to read '/tmp/83_925_0_six.cnf'
c found 'p cnf 50176 399279' header
c parsed 399279 clauses in 0.26 seconds process time
c 
c --- [ options ] ------------------------------------------------------------
c 
c   --stabilize=false              (different from default 'true')
c   --walk=false                   (different from default 'true')
c 
c --- [ solving ] ------------------------------------------------------------
c 
c time measured in process time since initialization
c 
c  seconds  reductions  redundant  irredundant
c         MB    restarts       trail       variables
c          level   conflicts       glue         remaining
c 
c *  0.27 45  0 0   0    0    0  0% 0 369015 48159 96%
c {  0.27 46  0 0   0    0    0  0% 0 369015 48159 96%
c -  0.34 47 57 1  11  300  163  7% 10 348161 48159 96%
c I  0.39 47 52 1  43 1006  559  8% 11 348161 48159 96%
c -  0.54 59 53 2  50 1226  665  9% 12 348161 48159 96%
c i  0.65 59 53 2  75 2560 1652  9% 9 348161 48158 96%
c i  0.65 59 53 2  75 2561 1652  9% 9 348161 48102 96%
c -  0.75 59 51 3  75 2615 1294  9% 9 346405 48102 96%
c B  0.78 59 50 3  79 3010 1477  9% 9 346405 48102 96%
c i  0.82 59 47 3  84 3363 1748  9% 9 346405 48060 96%
c i  0.82 59 47 3  84 3364 1748  9% 9 346405 48020 96%
c i  0.85 59 46 3  93 3660 1999 10% 9 346405 47958 96%
c }  0.85 59 45 3  95 3743 2040  9% 9 346405 47956 96%
c 0  0.85 59 45 3  95 3743 2040  9% 9 346405 47956 96%
c 
c --- [ result ] -------------------------------------------------------------
c 
s UNSATISFIABLE
c 
c --- [ run-time profiling ] -------------------------------------------------
c 
c process time taken by individual solving procedures
c (percentage relative to process time for solving)
c 
c         0.58   99.32% search
c         0.58   98.64% unstable
c         0.00    0.68% lucky
c         0.00    0.00% simplify
c   =================================
c         0.59   69.01% solve
c 
c last line shows process time for solving
c (percentage relative to total process time)
c 
c --- [ statistics ] ---------------------------------------------------------
c 
c backtracked:                4288       114.56 %  of conflicts
c chronological:              1303        30.39 %  of backtracks
c conflicts:                  3743      6365.65    per second
c decisions:                 14611     24848.64    per second
c fixed:                      2220         4.42 %  of all variables
c learned:                    2926        78.17 %  per conflict
c minimized:                 45256        29.56 %  learned literals
c propagations:            1345822         2.29 M  per second
c reduced:                     427        11.41 %  per conflict
c rephased:                      2      1871.50    interval
c restarts:                     95        39.40    interval
c subsumed:                    410         0.06 %  of all clauses
c 
c seconds are measured in process time for solving
c 
c --- [ resources ] ----------------------------------------------------------
c 
c total process time since initialization:         0.85    seconds
c total real time since initialization:            0.85    seconds
c maximum resident set size of process:           67.91    MB
c 
c --- [ shutting down ] ------------------------------------------------------
c 
c exit 20
