c --- [ banner ] -------------------------------------------------------------
c 
c CaDiCaL Radically Simplified CDCL SAT Solver
c Copyright (c) 2016-2019 Armin Biere, JKU Linz
c 
c Version 1.0.3 cb89cbfa16f47cb7bf1ec6ad9855e7b6d5203c18
c g++ (GCC) 6.3.0 -Wall -Wextra -O3 -DNDEBUG
c Fri Aug 23 08:17:16 CDT 2019 Linux login1 4.4.103-6.38-default x86_64
c 
c --- [ config ] -------------------------------------------------------------
c 
c using 'unsat' configuration (target unsatisfiable instances)
c 
c --- [ proof tracing ] ------------------------------------------------------
c 
c opening file to write '/tmp/35_156_0_six.drat'
c writing binary proof trace to '/tmp/35_156_0_six.drat'
c 
c --- [ parsing input ] ------------------------------------------------------
c 
c reading DIMACS file from '/tmp/35_156_0_six.cnf'
c opening file to read '/tmp/35_156_0_six.cnf'
c found 'p cnf 50176 399294' header
c parsed 399294 clauses in 0.15 seconds process time
c 
c --- [ options ] ------------------------------------------------------------
c 
c   --stabilize=false              (different from default 'true')
c   --walk=false                   (different from default 'true')
c 
c --- [ solving ] ------------------------------------------------------------
c 
c time measured in process time since initialization
c 
c  seconds  reductions  redundant  irredundant
c         MB    restarts       trail       variables
c          level   conflicts       glue         remaining
c 
c *  0.15 44  0 0   0    0    0  0% 0 361746 48061 96%
c {  0.16 45  0 0   0    0    0  0% 0 361746 48061 96%
c i  0.16 45 67 0   0   83   59  6% 4 361746 48025 96%
c i  0.18 46 65 0  22  295  166  8% 8 361746 47995 96%
c -  0.21 46 62 1  23  314  173  8% 8 344657 47995 96%
c i  0.22 46 59 1  23  329  180  8% 8 344657 47994 96%
c i  0.22 46 57 1  23  346  194  8% 7 344657 47962 96%
c i  0.22 46 57 1  23  352  195  8% 7 344657 47926 96%
c i  0.22 46 55 1  23  356  198  8% 7 344657 47916 95%
c i  0.23 46 62 1  23  421  234 10% 7 344657 47892 95%
c i  0.23 47 60 1  24  451  257  9% 7 344657 47876 95%
c i  0.23 47 58 1  25  462  260  9% 7 344657 47372 94%
c }  0.23 47 58 1  25  472  262  9% 7 344657 47336 94%
c 0  0.23 47 58 1  25  472  262  9% 7 344657 47336 94%
c 
c --- [ result ] -------------------------------------------------------------
c 
s UNSATISFIABLE
c 
c --- [ run-time profiling ] -------------------------------------------------
c 
c process time taken by individual solving procedures
c (percentage relative to process time for solving)
c 
c         0.08  100.00% search
c         0.08   95.00% unstable
c         0.00    5.00% lucky
c         0.00    0.00% simplify
c   =================================
c         0.08   34.48% solve
c 
c last line shows process time for solving
c (percentage relative to total process time)
c 
c --- [ statistics ] ---------------------------------------------------------
c 
c backtracked:                 555       117.58 %  of conflicts
c chronological:               168        30.27 %  of backtracks
c conflicts:                   472      5900.00    per second
c decisions:                  3867     48337.50    per second
c fixed:                      2840         5.66 %  of all variables
c learned:                     315        66.74 %  per conflict
c minimized:                  1588        17.61 %  learned literals
c propagations:             154903         1.94 M  per second
c restarts:                     25        18.88    interval
c subsumed:                     44         0.01 %  of all clauses
c 
c seconds are measured in process time for solving
c 
c --- [ resources ] ----------------------------------------------------------
c 
c total process time since initialization:         0.23    seconds
c total real time since initialization:            0.23    seconds
c maximum resident set size of process:           49.08    MB
c 
c --- [ shutting down ] ------------------------------------------------------
c 
c exit 20
