c --- [ banner ] -------------------------------------------------------------
c 
c CaDiCaL Radically Simplified CDCL SAT Solver
c Copyright (c) 2016-2019 Armin Biere, JKU Linz
c 
c Version 1.0.3 cb89cbfa16f47cb7bf1ec6ad9855e7b6d5203c18
c g++ (GCC) 6.3.0 -Wall -Wextra -O3 -DNDEBUG
c Fri Aug 23 08:17:16 CDT 2019 Linux login1 4.4.103-6.38-default x86_64
c 
c --- [ config ] -------------------------------------------------------------
c 
c using 'unsat' configuration (target unsatisfiable instances)
c 
c --- [ proof tracing ] ------------------------------------------------------
c 
c opening file to write '/tmp/35_576_0_six.drat'
c writing binary proof trace to '/tmp/35_576_0_six.drat'
c 
c --- [ parsing input ] ------------------------------------------------------
c 
c reading DIMACS file from '/tmp/35_576_0_six.cnf'
c opening file to read '/tmp/35_576_0_six.cnf'
c found 'p cnf 50176 399294' header
c parsed 399294 clauses in 0.16 seconds process time
c 
c --- [ options ] ------------------------------------------------------------
c 
c   --stabilize=false              (different from default 'true')
c   --walk=false                   (different from default 'true')
c 
c --- [ solving ] ------------------------------------------------------------
c 
c time measured in process time since initialization
c 
c  seconds  reductions  redundant  irredundant
c         MB    restarts       trail       variables
c          level   conflicts       glue         remaining
c 
c *  0.16 44  0 0   0    0    0  0% 0 361737 48017 96%
c {  0.16 45  0 0   0    0    0  0% 0 361737 48017 96%
c -  0.23 46 68 1  24  307  210  9% 8 345541 48017 96%
c i  0.27 47 73 1  78  791  509  9% 10 345541 48016 96%
c i  0.27 47 72 1  78  793  510  9% 10 345541 47980 96%
c i  0.27 47 72 1  78  821  514  9% 10 345541 47742 95%
c i  0.27 47 70 1  78  833  525  9% 10 345541 47497 95%
c I  0.28 47 65 1  78 1008  627  9% 9 345541 47497 95%
c i  0.28 48 65 1  78 1011  629  9% 9 345541 47461 95%
c i  0.28 48 63 1  78 1038  650  9% 9 345541 47416 94%
c i  0.29 48 59 1  78 1199  712  9% 9 345541 47307 94%
c i  0.29 48 59 1  78 1201  708  9% 9 345541 47273 94%
c -  0.41 59 57 2  78 1233  467  9% 9 329098 47273 94%
c i  0.41 59 56 2  78 1237  470  9% 9 329098 47213 94%
c i  0.41 59 56 2  78 1238  470  9% 9 329098 47153 94%
c i  0.42 59 54 2  78 1264  487  9% 9 329098 47147 94%
c }  0.42 59 54 2  78 1270  486  9% 8 329098 46815 93%
c 0  0.42 59 54 2  78 1270  486  9% 8 329098 46815 93%
c 
c --- [ result ] -------------------------------------------------------------
c 
s UNSATISFIABLE
c 
c --- [ run-time profiling ] -------------------------------------------------
c 
c process time taken by individual solving procedures
c (percentage relative to process time for solving)
c 
c         0.26  100.00% search
c         0.26   98.46% unstable
c         0.00    1.54% lucky
c         0.00    0.00% simplify
c   =================================
c         0.26   62.50% solve
c 
c last line shows process time for solving
c (percentage relative to total process time)
c 
c --- [ statistics ] ---------------------------------------------------------
c 
c backtracked:                1496       117.80 %  of conflicts
c chronological:               470        31.42 %  of backtracks
c conflicts:                  1270      4884.62    per second
c decisions:                  8663     33319.23    per second
c fixed:                      3361         6.70 %  of all variables
c learned:                     860        67.72 %  per conflict
c minimized:                  6978        21.38 %  learned literals
c propagations:             412748         1.59 M  per second
c reduced:                      94         7.40 %  per conflict
c rephased:                      1      1270.00    interval
c restarts:                     78        16.28    interval
c subsumed:                     97         0.01 %  of all clauses
c 
c seconds are measured in process time for solving
c 
c --- [ resources ] ----------------------------------------------------------
c 
c total process time since initialization:         0.42    seconds
c total real time since initialization:            0.42    seconds
c maximum resident set size of process:           58.73    MB
c 
c --- [ shutting down ] ------------------------------------------------------
c 
c exit 20
