c --- [ banner ] -------------------------------------------------------------
c 
c CaDiCaL Radically Simplified CDCL SAT Solver
c Copyright (c) 2016-2019 Armin Biere, JKU Linz
c 
c Version 1.0.3 cb89cbfa16f47cb7bf1ec6ad9855e7b6d5203c18
c g++ (GCC) 6.3.0 -Wall -Wextra -O3 -DNDEBUG
c Fri Aug 23 08:17:16 CDT 2019 Linux login1 4.4.103-6.38-default x86_64
c 
c --- [ config ] -------------------------------------------------------------
c 
c using 'unsat' configuration (target unsatisfiable instances)
c 
c --- [ proof tracing ] ------------------------------------------------------
c 
c opening file to write '/tmp/3_78_0_four.drat'
c writing binary proof trace to '/tmp/3_78_0_four.drat'
c 
c --- [ parsing input ] ------------------------------------------------------
c 
c reading DIMACS file from '/tmp/3_78_0_four.cnf'
c opening file to read '/tmp/3_78_0_four.cnf'
c found 'p cnf 259840 1039934' header
c parsed 1039934 clauses in 0.46 seconds process time
c 
c --- [ options ] ------------------------------------------------------------
c 
c   --stabilize=false              (different from default 'true')
c   --walk=false                   (different from default 'true')
c 
c --- [ solving ] ------------------------------------------------------------
c 
c time measured in process time since initialization
c 
c  seconds   reductions  redundant   irredundant
c          MB    restarts       trail        variables
c           level   conflicts       glue           remaining
c 
c *  0.48 139  0 0   0    0    0  0% 0 1039424 253351 98%
c {  0.50 142  0 0   0    0    0  0% 0 1039424 253351 98%
c -  0.71 147 321 1  12  300  180  5% 5 916005 253351 98%
c I  1.10 147 90 1 106 1004  783  6% 8 916005 253351 98%
c -  1.58 178 66 2 123 1477 1151  6% 8 916005 253351 98%
c B  2.46 178 45 2 223 3005 2503  8% 8 916005 253351 98%
c -  2.90 178 45 3 237 3244 2186  8% 9 916005 253351 98%
c i  2.90 178 45 3 237 3248 2189  8% 9 916005 253243 97%
c s  4.05 160 38 3 271 4074 2914  9% 8 916005 253243 97%
c w  5.53 186 38 3 271 4074 2907  9% 8 915997 253243 97%
c t  5.58 186 38 3 271 4074 2907  9% 8 915495 253243 97%
c e  8.27 199 38 3 271 4074   34  9% 8 226015 27946 11%
c s  8.51 199 38 3 271 4074   33  9% 8 225818 27946 11%
c e  8.84 146 38 3 271 4074   31  9% 8 225818 27865 11%
c 3  9.19 158 36 3 327 5000 4099  7% 8 225818 27865 11%
c d  9.25 158 36 3 327 5000 4093  7% 8 225818 27864 11%
c 2  9.27 158 36 3 327 5000 4091  7% 8 225818 27864 11%
c p  9.34 158 36 3 327 5000 4678  7% 8 225818 27864 11%
c -  9.49 158 35 4 368 5600 1462  7% 8 225818 27864 11%
c F  9.54 158 35 4 391 6006 1820  7% 8 225818 27864 11%
c 
c  seconds   reductions  redundant  irredundant
c          MB    restarts       trail       variables
c           level   conflicts       glue         remaining
c 
c -  9.78 158 33 5 453 7631 2387  7% 8 225818 27864 11%
c i  9.84 158 31 5 459 8102 2798  7% 8 225818 27863 11%
c i  9.99 158 29 5 479 8824 3400  8% 8 225818 27821 11%
c i 10.04 158 29 5 490 9058 3602  8% 8 225818 27017 10%
c i 10.04 158 29 5 490 9059 3602  8% 8 225818 26992 10%
c i 10.04 158 29 5 490 9060 3602  8% 8 225818 26941 10%
c i 10.11 158 28 5 490 9282 3794  9% 8 225818 26923 10%
c i 10.12 158 28 5 490 9304 3804  9% 8 225818 26910 10%
c } 10.13 158 28 5 490 9367 3857  9% 8 225818 26905 10%
c 0 10.13 158 28 5 490 9367 3857  9% 8 225818 26905 10%
c 
c --- [ result ] -------------------------------------------------------------
c 
s UNSATISFIABLE
c 
c --- [ run-time profiling ] -------------------------------------------------
c 
c process time taken by individual solving procedures
c (percentage relative to process time for solving)
c 
c         5.42   56.02% simplify
c         4.23   43.77% search
c         4.21   43.57% unstable
c         2.94   30.37% elim
c         1.35   13.94% vivify
c         0.84    8.69% subsume
c         0.08    0.83% ternary
c         0.07    0.70% probe
c         0.02    0.21% lucky
c   =================================
c         9.67   95.42% solve
c 
c last line shows process time for solving
c (percentage relative to total process time)
c 
c --- [ statistics ] ---------------------------------------------------------
c 
c backtracked:               22103       235.97 %  of conflicts
c chronological:              3930        17.78 %  of backtracks
c conflicts:                  9367       968.87    per second
c decisions:                 36709      3796.96    per second
c eliminated:               225378        86.74 %  of all variables
c fixed:                      7556         2.91 %  of all variables
c learned:                    8728        93.18 %  per conflict
c minimized:                 97663        29.27 %  learned literals
c propagations:           14130542         1.46 M  per second
c reduced:                    1346        14.37 %  per conflict
c rephased:                      3      3122.33    interval
c restarts:                    490        19.12    interval
c substituted:                   1         0.00 %  of all variables
c subsumed:                   6235         0.20 %  of all clauses
c strengthened:              15186         0.50 %  of all clauses
c ternary:                    3585         0.35 %  of resolved
c vivified:                     97         0.00 %  of all clauses
c weakened:                 802694         2.84    average size
c 
c seconds are measured in process time for solving
c 
c --- [ resources ] ----------------------------------------------------------
c 
c total process time since initialization:        10.13    seconds
c total real time since initialization:           10.13    seconds
c maximum resident set size of process:          211.07    MB
c 
c --- [ shutting down ] ------------------------------------------------------
c 
c exit 20
