c --- [ banner ] -------------------------------------------------------------
c 
c CaDiCaL Radically Simplified CDCL SAT Solver
c Copyright (c) 2016-2019 Armin Biere, JKU Linz
c 
c Version 1.0.3 cb89cbfa16f47cb7bf1ec6ad9855e7b6d5203c18
c g++ (GCC) 6.3.0 -Wall -Wextra -O3 -DNDEBUG
c Fri Aug 23 08:17:16 CDT 2019 Linux login1 4.4.103-6.38-default x86_64
c 
c --- [ config ] -------------------------------------------------------------
c 
c using 'unsat' configuration (target unsatisfiable instances)
c 
c --- [ proof tracing ] ------------------------------------------------------
c 
c opening file to write '/tmp/7_1133_0_six.drat'
c writing binary proof trace to '/tmp/7_1133_0_six.drat'
c 
c --- [ parsing input ] ------------------------------------------------------
c 
c reading DIMACS file from '/tmp/7_1133_0_six.cnf'
c opening file to read '/tmp/7_1133_0_six.cnf'
c found 'p cnf 50176 399289' header
c parsed 399289 clauses in 0.20 seconds process time
c 
c --- [ options ] ------------------------------------------------------------
c 
c   --stabilize=false              (different from default 'true')
c   --walk=false                   (different from default 'true')
c 
c --- [ solving ] ------------------------------------------------------------
c 
c time measured in process time since initialization
c 
c  seconds  reductions  redundant  irredundant
c         MB    restarts       trail       variables
c          level   conflicts       glue         remaining
c 
c *  0.20 44  0 0   0    0    0  0% 0 363624 48117 96%
c {  0.21 45  0 0   0    0    0  0% 0 363624 48117 96%
c -  0.27 46 65 1   6  312  193 10% 8 347287 48117 96%
c I  0.34 47 60 1  61 1002  656 10% 10 347287 48117 96%
c -  0.47 59 58 2  72 1240  743 11% 10 347287 48117 96%
c i  0.52 60 56 2  96 1855 1153 10% 9 347287 48081 96%
c i  0.56 60 53 2 105 2188 1388 11% 9 347287 48080 96%
c -  0.66 60 52 3 127 2631 1270 10% 9 346402 48080 96%
c i  0.68 60 51 3 163 2922 1431 10% 9 346402 48044 96%
c B  0.70 60 50 3 163 3019 1493 10% 9 346402 48044 96%
c i  0.70 60 50 3 163 3052 1521 10% 9 346402 48034 96%
c i  0.75 60 49 3 174 3497 1814 11% 9 346402 48030 96%
c i  0.77 60 46 3 174 3754 1971 11% 9 346402 48010 96%
c i  0.77 60 46 3 174 3756 1972 11% 8 346402 45847 91%
c i  0.77 60 46 3 174 3757 1972 11% 8 346402 45551 91%
c }  0.77 60 46 3 174 3759 1972 11% 8 346402 45200 90%
c 0  0.77 60 46 3 174 3759 1972 11% 8 346402 45200 90%
c 
c --- [ result ] -------------------------------------------------------------
c 
s UNSATISFIABLE
c 
c --- [ run-time profiling ] -------------------------------------------------
c 
c process time taken by individual solving procedures
c (percentage relative to process time for solving)
c 
c         0.56  100.00% search
c         0.56   99.29% unstable
c         0.00    0.71% lucky
c         0.00    0.00% simplify
c   =================================
c         0.56   73.44% solve
c 
c last line shows process time for solving
c (percentage relative to total process time)
c 
c --- [ statistics ] ---------------------------------------------------------
c 
c backtracked:                4411       117.35 %  of conflicts
c chronological:              1371        31.08 %  of backtracks
c conflicts:                  3759      6664.89    per second
c decisions:                 18068     32035.46    per second
c fixed:                      4976         9.92 %  of all variables
c learned:                    2859        76.06 %  per conflict
c minimized:                 33159        24.56 %  learned literals
c propagations:            1741534         3.09 M  per second
c reduced:                     448        11.92 %  per conflict
c rephased:                      2      1879.50    interval
c restarts:                    174        21.60    interval
c subsumed:                    418         0.06 %  of all clauses
c 
c seconds are measured in process time for solving
c 
c --- [ resources ] ----------------------------------------------------------
c 
c total process time since initialization:         0.77    seconds
c total real time since initialization:            0.77    seconds
c maximum resident set size of process:           68.85    MB
c 
c --- [ shutting down ] ------------------------------------------------------
c 
c exit 20
