c --- [ banner ] -------------------------------------------------------------
c 
c CaDiCaL Radically Simplified CDCL SAT Solver
c Copyright (c) 2016-2019 Armin Biere, JKU Linz
c 
c Version 1.0.3 cb89cbfa16f47cb7bf1ec6ad9855e7b6d5203c18
c g++ (GCC) 6.3.0 -Wall -Wextra -O3 -DNDEBUG
c Fri Aug 23 08:17:16 CDT 2019 Linux login1 4.4.103-6.38-default x86_64
c 
c --- [ config ] -------------------------------------------------------------
c 
c using 'unsat' configuration (target unsatisfiable instances)
c 
c --- [ proof tracing ] ------------------------------------------------------
c 
c opening file to write '/tmp/7_113_0_six.drat'
c writing binary proof trace to '/tmp/7_113_0_six.drat'
c 
c --- [ parsing input ] ------------------------------------------------------
c 
c reading DIMACS file from '/tmp/7_113_0_six.cnf'
c opening file to read '/tmp/7_113_0_six.cnf'
c found 'p cnf 50176 399289' header
c parsed 399289 clauses in 0.23 seconds process time
c 
c --- [ options ] ------------------------------------------------------------
c 
c   --stabilize=false              (different from default 'true')
c   --walk=false                   (different from default 'true')
c 
c --- [ solving ] ------------------------------------------------------------
c 
c time measured in process time since initialization
c 
c  seconds  reductions  redundant  irredundant
c         MB    restarts       trail       variables
c          level   conflicts       glue         remaining
c 
c *  0.23 44  0 0   0    0    0  0% 0 363642 48350 96%
c {  0.24 45  0 0   0    0    0  0% 0 363642 48350 96%
c -  0.30 47 96 1  15  300  209 11% 9 352528 48350 96%
c I  0.38 48 95 1  72 1002  690 11% 11 352528 48350 96%
c -  0.52 60 97 2  87 1228  769 11% 11 352528 48350 96%
c -  0.70 60 79 3 174 2634 1165 11% 12 352528 48350 96%
c B  0.73 60 80 3 187 3003 1419 11% 12 352528 48350 96%
c -  0.94 60 83 4 283 4490 1842 11% 12 352528 48350 96%
c d  1.14 62 84 4 314 5011 2215 11% 12 347788 45980 92%
c 2  1.33 61 84 4 314 5011 2215 11% 12 341863 45980 92%
c p  1.50 63 84 4 314 5011 5665 11% 12 341863 45980 92%
c s  1.80 71 78 4 332 5822 6269 11% 12 341859 45980 92%
c v  2.20 71 78 4 332 5822 6269 11% 12 337905 45980 92%
c w  2.32 71 78 4 332 5822 6266 11% 12 337905 45980 92%
c t  2.36 71 78 4 332 5822 6264 11% 12 308109 45980 92%
c e  3.13 66 78 4 332 5822 2604 11% 12 290833 29560 59%
c F  3.44 75 77 4 352 6005 2756  5% 12 290833 29560 59%
c -  3.57 75 73 5 375 6810 1225  7% 11 290833 29560 59%
c -  3.85 75 63 6 467 9453 2482  8% 11 290833 29560 59%
c B  3.90 76 62 6 503 10006 2882  7% 11 290833 29560 59%
c 
c  seconds  reductions   redundant   irredundant
c         MB    restarts        trail        variables
c          level    conflicts       glue          remaining
c 
c -  4.20 76 58 7 571 12526 3384  8% 10 290833 29560 59%
c #  4.42 76 57 7 771 15008 5327  7% 10 290833 29560 59%
c d  4.44 76 57 7 771 15011 5325  7% 10 290832 29559 59%
c 3  4.56 76 57 7 771 15011 25440  7% 10 290832 29559 59%
c 2  4.64 76 57 7 771 15011 25439  7% 10 290832 29559 59%
c p  4.72 76 57 7 771 15011 28507  7% 10 290832 29549 59%
c -  4.89 76 55 8 787 16038 4701  7% 10 289687 29549 59%
c s  5.23 76 50 8 876 19018 6914  8% 10 289687 29549 59%
c v  5.50 76 50 8 876 19018 6914  8% 10 273565 29549 59%
c w  5.61 76 50 8 876 19018 6869  8% 10 273565 29549 59%
c t  5.62 76 50 8 876 19018 6866  8% 10 273099 29549 59%
c e  5.79 76 50 8 876 19018 6395  8% 10 272907 29383 59%
c s  5.83 76 50 8 876 19018 6235  8% 10 272054 29383 59%
c e  5.94 76 50 8 876 19018 6228  8% 10 272009 29361 59%
c -  6.12 76 50 9 937 19987 5080  7% 10 272009 29361 59%
c B  6.23 76 50 9 1012 21009 5903  7% 10 272009 29361 59%
c -  6.68 76 49 10 1119 24294 6015  8% 10 272009 29361 59%
c O  7.12 76 47 10 1298 28013 9006  8% 10 272009 29361 59%
c -  7.34 76 47 11 1372 29029 7012  8% 10 272009 29361 59%
c 3  7.60 76 47 11 1450 30011 27968  8% 10 272009 29361 59%
c 
c  seconds  reductions      redundant   irredundant
c         MB     restarts          trail        variables
c          level      conflicts        glue          remaining
c 
c 2  7.67 76 47 11 1450 30011 27956  8% 10 272006 29361 59%
c p  7.77 76 47 11 1450 30011 30923  8% 10 272006 29350 58%
c -  8.44 76 46 12 1705 34194 9128  8% 10 270659 29350 58%
c B  8.66 76 45 12 1757 36015 10657  8% 10 270659 29350 58%
c s  9.16 76 45 12 1854 38293 12355  9% 10 270173 29350 58%
c v  9.53 76 45 12 1854 38293 12355  9% 10 254862 29350 58%
c w  9.70 76 45 12 1854 38293 12304  9% 10 254862 29350 58%
c t  9.71 76 45 12 1854 38293 12299  9% 10 254561 29350 58%
c e  9.87 76 45 12 1854 38293 9543  9% 10 254271 29114 58%
c s  9.96 77 45 12 1854 38293 9404  9% 10 254212 29114 58%
c e 10.04 77 45 12 1854 38293 9351  9% 10 254210 29099 58%
c - 10.36 77 45 13 1921 39780 7975  9% 10 254210 29099 58%
c I 11.18 77 44 13 2191 45016 12323  9% 10 254210 29099 58%
c - 11.33 77 44 14 2233 45684 9595  9% 10 254210 29099 58%
c 3 12.10 77 43 14 2447 50011 31818  9% 10 254210 29099 58%
c p 12.25 77 43 14 2447 50011 37114  9% 10 254210 29090 58%
c - 12.68 77 42 15 2570 52009 11199  9% 10 253200 29090 58%
c i 13.07 77 42 15 2751 54401 13204  9% 10 253200 29086 58%
c B 13.19 77 42 15 2783 55019 13734  9% 10 253200 29086 58%
c - 13.95 77 40 16 2894 58748 12243  9% 10 252772 29086 58%
c 
c  seconds  reductions      redundant  irredundant
c         MB     restarts          trail       variables
c          level      conflicts        glue         remaining
c 
c i 14.04 77 40 16 2894 59141 12552  9% 9 252772 29066 58%
c i 14.46 77 39 16 3013 61493 14499  9% 9 252772 29065 58%
c s 14.91 77 38 16 3122 63310 15803  9% 9 252644 29065 58%
c v 15.33 77 38 16 3122 63310 15803  9% 9 222751 29065 58%
c w 15.56 77 38 16 3122 63310 15674  9% 9 222751 29054 58%
c t 15.58 77 38 16 3122 63310 15669  9% 9 222630 29054 58%
c e 15.75 77 38 16 3122 63310 10641  9% 9 218607 28494 57%
c s 15.82 77 38 16 3122 63310 10516  9% 9 218525 28494 57%
c e 15.92 77 38 16 3122 63310 10302  9% 9 218034 28452 57%
c - 16.41 77 38 17 3220 65901 9740  9% 9 218034 28452 57%
c F 16.42 77 38 17 3238 66020 9815  9% 9 218034 28452 57%
c - 17.73 77 37 18 3610 73129 12434  9% 9 218034 28452 57%
c d 18.13 77 37 18 3709 75011 14008  9% 9 218033 28451 57%
c 3 18.22 77 37 18 3709 75011 32427  9% 9 218033 28451 57%
c 2 18.29 77 37 18 3709 75011 32425  9% 9 218033 28451 57%
c p 18.43 77 37 18 3709 75011 38723  9% 9 218033 28406 57%
c B 19.00 77 36 18 3935 78024 41291  9% 9 218033 28406 57%
c i 19.12 77 36 18 3946 78718 41845  9% 9 218033 28382 57%
c - 19.50 77 36 19 4002 80759 14531  9% 9 212382 28382 57%
c i 21.00 77 34 19 4167 88469 20871  9% 9 212382 28348 56%
c 
c  seconds  reductions      redundant  irredundant
c         MB     restarts          trail       variables
c          level      conflicts        glue         remaining
c 
c - 21.11 77 34 20 4167 88722 11136  9% 9 209414 28348 56%
c i 21.20 77 34 20 4167 89195 11498  9% 9 209414 28347 56%
c i 21.34 77 34 20 4169 89806 11947  9% 9 209414 28341 56%
c i 21.36 77 34 20 4169 89859 11985  9% 9 209414 28277 56%
c i 21.40 77 33 20 4169 90123 12206  9% 9 209414 28214 56%
c i 21.42 77 33 20 4169 90212 12264  9% 9 209414 28049 56%
c i 21.43 77 33 20 4169 90215 12266  9% 9 209414 27970 56%
c } 21.43 77 33 20 4169 90220 12269  9% 9 209414 25426 51%
c 0 21.43 77 33 20 4169 90220 12269  9% 9 209414 25426 51%
c 
c --- [ result ] -------------------------------------------------------------
c 
s UNSATISFIABLE
c 
c --- [ run-time profiling ] -------------------------------------------------
c 
c process time taken by individual solving procedures
c (percentage relative to process time for solving)
c 
c        15.06   71.03% search
c        15.05   71.01% unstable
c         6.14   28.97% simplify
c         1.92    9.04% vivify
c         1.53    7.23% elim
c         0.80    3.76% subsume
c         0.66    3.09% ternary
c         0.57    2.68% probe
c         0.00    0.02% lucky
c   =================================
c        21.20   98.92% solve
c 
c last line shows process time for solving
c (percentage relative to total process time)
c 
c --- [ statistics ] ---------------------------------------------------------
c 
c backtracked:              392304       434.83 %  of conflicts
c chronological:             33798         8.62 %  of backtracks
c conflicts:                 90220      4256.46    per second
c decisions:                373438     17618.32    per second
c eliminated:                17457        34.79 %  of all variables
c fixed:                      4921         9.81 %  of all variables
c learned:                   82182        91.09 %  per conflict
c minimized:               1313302        34.19 %  learned literals
c propagations:           55510775         2.62 M  per second
c reduced:                   42974        47.63 %  per conflict
c rephased:                     12      7518.33    interval
c restarts:                   4169        21.64    interval
c substituted:                2372         4.73 %  of all variables
c subsumed:                  83296         4.92 %  of all clauses
c strengthened:              14474         0.86 %  of all clauses
c ternary:                  108410         1.00 %  of resolved
c vivified:                  67448         3.98 %  of all clauses
c weakened:                 114917         4.38    average size
c 
c seconds are measured in process time for solving
c 
c --- [ resources ] ----------------------------------------------------------
c 
c total process time since initialization:        21.43    seconds
c total real time since initialization:           21.43    seconds
c maximum resident set size of process:           77.48    MB
c 
c --- [ shutting down ] ------------------------------------------------------
c 
c exit 20
