c --- [ banner ] -------------------------------------------------------------
c 
c CaDiCaL Radically Simplified CDCL SAT Solver
c Copyright (c) 2016-2019 Armin Biere, JKU Linz
c 
c Version 1.0.3 cb89cbfa16f47cb7bf1ec6ad9855e7b6d5203c18
c g++ (GCC) 6.3.0 -Wall -Wextra -O3 -DNDEBUG
c Fri Aug 23 08:17:16 CDT 2019 Linux login1 4.4.103-6.38-default x86_64
c 
c --- [ config ] -------------------------------------------------------------
c 
c using 'unsat' configuration (target unsatisfiable instances)
c 
c --- [ proof tracing ] ------------------------------------------------------
c 
c opening file to write '/tmp/7_293_0_six.drat'
c writing binary proof trace to '/tmp/7_293_0_six.drat'
c 
c --- [ parsing input ] ------------------------------------------------------
c 
c reading DIMACS file from '/tmp/7_293_0_six.cnf'
c opening file to read '/tmp/7_293_0_six.cnf'
c found 'p cnf 50176 399289' header
c parsed 399289 clauses in 0.15 seconds process time
c 
c --- [ options ] ------------------------------------------------------------
c 
c   --stabilize=false              (different from default 'true')
c   --walk=false                   (different from default 'true')
c 
c --- [ solving ] ------------------------------------------------------------
c 
c time measured in process time since initialization
c 
c  seconds  reductions  redundant  irredundant
c         MB    restarts       trail       variables
c          level   conflicts       glue         remaining
c 
c *  0.15 44  0 0   0    0    0  0% 0 363636 48148 96%
c {  0.16 45  0 0   0    0    0  0% 0 363636 48148 96%
c -  0.22 47 70 1  26  300  180  8% 9 348162 48148 96%
c I  0.27 48 63 1  59 1004  636  9% 12 348162 48148 96%
c -  0.42 60 66 2  65 1231  712 10% 12 348162 48148 96%
c -  0.63 60 51 3  75 2619 1369 12% 10 348162 48148 96%
c B  0.67 60 50 3  94 3005 1663 12% 10 348162 48148 96%
c i  0.73 60 45 3 107 3657 2136 11% 9 348162 48134 96%
c }  0.74 60 45 3 107 3695 2165 11% 9 348162 48111 96%
c 0  0.74 60 45 3 107 3695 2165 11% 9 348162 48111 96%
c 
c --- [ result ] -------------------------------------------------------------
c 
s UNSATISFIABLE
c 
c --- [ run-time profiling ] -------------------------------------------------
c 
c process time taken by individual solving procedures
c (percentage relative to process time for solving)
c 
c         0.58   99.32% search
c         0.58   99.32% unstable
c         0.00    0.00% simplify
c   =================================
c         0.58   79.35% solve
c 
c last line shows process time for solving
c (percentage relative to total process time)
c 
c --- [ statistics ] ---------------------------------------------------------
c 
c backtracked:                4300       116.37 %  of conflicts
c chronological:              1423        33.09 %  of backtracks
c conflicts:                  3695      6327.05    per second
c decisions:                 15815     27080.48    per second
c fixed:                      2065         4.12 %  of all variables
c learned:                    2938        79.51 %  per conflict
c minimized:                 40441        25.46 %  learned literals
c propagations:            1814547         3.11 M  per second
c reduced:                     436        11.80 %  per conflict
c rephased:                      2      1847.50    interval
c restarts:                    107        34.53    interval
c subsumed:                    335         0.05 %  of all clauses
c 
c seconds are measured in process time for solving
c 
c --- [ resources ] ----------------------------------------------------------
c 
c total process time since initialization:         0.74    seconds
c total real time since initialization:            0.74    seconds
c maximum resident set size of process:           69.04    MB
c 
c --- [ shutting down ] ------------------------------------------------------
c 
c exit 20
