c --- [ banner ] -------------------------------------------------------------
c 
c CaDiCaL Radically Simplified CDCL SAT Solver
c Copyright (c) 2016-2019 Armin Biere, JKU Linz
c 
c Version 1.0.3 cb89cbfa16f47cb7bf1ec6ad9855e7b6d5203c18
c g++ (GCC) 6.3.0 -Wall -Wextra -O3 -DNDEBUG
c Fri Aug 23 08:17:16 CDT 2019 Linux login1 4.4.103-6.38-default x86_64
c 
c --- [ config ] -------------------------------------------------------------
c 
c using 'unsat' configuration (target unsatisfiable instances)
c 
c --- [ proof tracing ] ------------------------------------------------------
c 
c opening file to write '/tmp/7_800_0_six.drat'
c writing binary proof trace to '/tmp/7_800_0_six.drat'
c 
c --- [ parsing input ] ------------------------------------------------------
c 
c reading DIMACS file from '/tmp/7_800_0_six.cnf'
c opening file to read '/tmp/7_800_0_six.cnf'
c found 'p cnf 50176 399289' header
c parsed 399289 clauses in 0.25 seconds process time
c 
c --- [ options ] ------------------------------------------------------------
c 
c   --stabilize=false              (different from default 'true')
c   --walk=false                   (different from default 'true')
c 
c --- [ solving ] ------------------------------------------------------------
c 
c time measured in process time since initialization
c 
c  seconds  reductions  redundant  irredundant
c         MB    restarts       trail       variables
c          level   conflicts       glue         remaining
c 
c *  0.25 44  0 0   0    0    0  0% 0 363623 48262 96%
c {  0.25 45  0 0   0    0    0  0% 0 363623 48262 96%
c -  0.33 47 83 1  12  307  216 10% 10 350780 48262 96%
c I  0.38 47 46 1  53 1003  672  7% 9 350780 48262 96%
c -  0.50 59 63 2  59 1235  695  8% 10 350780 48262 96%
c -  0.71 59 64 3 141 2625 1253 10% 10 350780 48262 96%
c B  0.74 59 60 3 147 3004 1520 10% 10 350780 48262 96%
c -  0.95 59 56 4 234 4481 1939 10% 10 350780 48262 96%
c d  1.16 61 52 4 278 5000 2335 10% 10 346064 45904 91%
c 2  1.35 60 52 4 278 5000 2335 10% 10 340169 45904 91%
c p  1.53 63 52 4 278 5000 7332 10% 10 340169 45904 91%
c s  1.86 69 52 4 315 5829 7968 11% 10 340169 45904 91%
c v  2.32 69 52 4 315 5829 7968 11% 10 336491 45904 91%
c w  2.43 70 52 4 315 5829 7965 11% 10 336491 45904 91%
c t  2.47 70 52 4 315 5829 7962 11% 10 305797 45904 91%
c e  3.23 64 52 4 315 5829 3306 11% 10 288024 29242 58%
c F  3.52 73 52 4 324 6009 3438  3% 10 288024 29242 58%
c -  3.63 74 50 5 353 6798 1346  6% 10 288024 29242 58%
c i  3.76 74 49 5 369 7613 1992  9% 9 288024 29223 58%
c -  4.00 74 41 6 375 9427 2630  8% 9 285571 29223 58%
c 
c  seconds  reductions   redundant  irredundant
c         MB    restarts        trail       variables
c          level    conflicts       glue         remaining
c 
c B  4.04 74 40 6 397 10011 3066  7% 9 285571 29223 58%
c i  4.07 74 39 6 416 10496 3425  7% 9 285571 29217 58%
c i  4.08 74 39 6 416 10570 3480  7% 9 285571 29216 58%
c i  4.15 74 38 6 416 11039 3806  7% 9 285571 29209 58%
c i  4.15 74 38 6 416 11071 3823  7% 9 285571 29184 58%
c i  4.15 74 38 6 416 11072 3823  7% 9 285571 29065 58%
c }  4.15 74 38 6 416 11076 3825  7% 9 285571 27264 54%
c 0  4.15 74 38 6 416 11076 3825  7% 9 285571 27264 54%
c 
c --- [ result ] -------------------------------------------------------------
c 
s UNSATISFIABLE
c 
c --- [ run-time profiling ] -------------------------------------------------
c 
c process time taken by individual solving procedures
c (percentage relative to process time for solving)
c 
c         2.10   53.79% simplify
c         1.80   46.21% search
c         1.80   46.11% unstable
c         0.75   19.16% elim
c         0.51   13.01% vivify
c         0.25    6.35% subsume
c         0.18    4.51% probe
c         0.15    3.89% ternary
c         0.00    0.10% lucky
c   =================================
c         3.90   94.03% solve
c 
c last line shows process time for solving
c (percentage relative to total process time)
c 
c --- [ statistics ] ---------------------------------------------------------
c 
c backtracked:               32404       292.56 %  of conflicts
c chronological:              3994        12.33 %  of backtracks
c conflicts:                 11076      2837.09    per second
c decisions:                 48681     12469.52    per second
c eliminated:                16662        33.21 %  of all variables
c fixed:                      3892         7.76 %  of all variables
c learned:                    9368        84.58 %  per conflict
c minimized:                147197        31.43 %  learned literals
c propagations:            6191262         1.59 M  per second
c reduced:                    1831        16.53 %  per conflict
c rephased:                      4      2769.00    interval
c restarts:                    416        26.62    interval
c substituted:                2358         4.70 %  of all variables
c subsumed:                  11233         0.88 %  of all clauses
c strengthened:               3984         0.31 %  of all clauses
c vivified:                   3779         0.30 %  of all clauses
c weakened:                 109023         3.98    average size
c 
c seconds are measured in process time for solving
c 
c --- [ resources ] ----------------------------------------------------------
c 
c total process time since initialization:         4.15    seconds
c total real time since initialization:            4.16    seconds
c maximum resident set size of process:           73.73    MB
c 
c --- [ shutting down ] ------------------------------------------------------
c 
c exit 20
