c --- [ banner ] -------------------------------------------------------------
c 
c CaDiCaL Radically Simplified CDCL SAT Solver
c Copyright (c) 2016-2019 Armin Biere, JKU Linz
c 
c Version 1.0.3 cb89cbfa16f47cb7bf1ec6ad9855e7b6d5203c18
c g++ (GCC) 6.3.0 -Wall -Wextra -O3 -DNDEBUG
c Fri Aug 23 08:17:16 CDT 2019 Linux login1 4.4.103-6.38-default x86_64
c 
c --- [ config ] -------------------------------------------------------------
c 
c using 'unsat' configuration (target unsatisfiable instances)
c 
c --- [ proof tracing ] ------------------------------------------------------
c 
c opening file to write '/tmp/9_710_0_three.drat'
c writing binary proof trace to '/tmp/9_710_0_three.drat'
c 
c --- [ parsing input ] ------------------------------------------------------
c 
c reading DIMACS file from '/tmp/9_710_0_three.cnf'
c opening file to read '/tmp/9_710_0_three.cnf'
c found 'p cnf 202048 780980' header
c parsed 780980 clauses in 0.33 seconds process time
c 
c --- [ options ] ------------------------------------------------------------
c 
c   --stabilize=false              (different from default 'true')
c   --walk=false                   (different from default 'true')
c 
c --- [ solving ] ------------------------------------------------------------
c 
c time measured in process time since initialization
c 
c  seconds  reductions  redundant  irredundant
c         MB    restarts       trail       variables
c          level   conflicts       glue          remaining
c 
c *  0.35 97  0 0   0    0    0  0% 0 780480 197456 98%
c {  0.36 99  0 0   0    0    0  0% 0 780480 197456 98%
c -  0.55 105 291 1   7  300  173  5% 4 692828 197456 98%
c I  1.20 110 84 1 201 1004  837  7% 8 692828 197456 98%
c -  1.80 128 69 2 258 1409 1193  7% 8 692828 197456 98%
c i  2.42 128 53 2 333 2126 1825  8% 8 692828 197430 98%
c B  3.14 128 47 2 421 3005 2620  9% 8 692828 197430 98%
c -  3.38 128 47 3 421 3065 2086  9% 8 692306 197430 98%
c s  4.75 114 39 3 447 3966 2895 11% 8 692306 197430 98%
c v  5.82 141 39 3 447 3966 2895 11% 8 692304 197430 98%
c w  6.10 141 39 3 447 3966 2890 11% 8 692304 197430 98%
c t  6.16 141 39 3 447 3966 2890 11% 8 691578 197430 98%
c e  7.87 138 39 3 447 3966   13 11% 8 170425 25889 13%
c s  8.05 156 39 3 447 3966   13 11% 8 170296 25889 13%
c e  8.26 156 39 3 447 3966   10 11% 8 170277 25857 13%
c i  8.47 157 39 3 485 4541  516  7% 8 170277 25851 13%
c d  8.53 157 37 3 523 5003  922  6% 8 169830 25848 13%
c 3  8.58 157 37 3 523 5003 2714  6% 8 169770 25818 13%
c 3  8.59 157 37 3 523 5003 2840  6% 8 169770 25818 13%
c d  8.64 157 37 3 523 5003 2798  6% 8 169770 25813 13%
c 
c  seconds   reductions  redundant  irredundant
c          MB    restarts       trail       variables
c           level   conflicts       glue         remaining
c 
c 2  8.65 157 37 3 523 5003 2788  6% 8 169767 25813 13%
c p  8.74 157 37 3 523 5003 5428  6% 8 169767 25800 13%
c -  8.82 157 37 4 545 5274 1233  5% 8 169205 25800 13%
c F  8.87 157 35 4 571 6006 1899  5% 8 169205 25800 13%
c -  9.01 157 35 5 658 7116 2202  6% 8 169205 25800 13%
c i  9.03 157 34 5 674 7349 2365  5% 8 169205 25757 13%
c i  9.10 157 33 5 702 8203 3126  6% 8 169205 25742 13%
c i  9.19 157 33 5 743 9090 3920  6% 8 169205 25662 13%
c -  9.24 157 33 6 763 9328 2426  6% 8 163428 25662 13%
c B  9.33 157 32 6 775 10009 3026  7% 8 163428 25662 13%
c i  9.42 157 30 6 793 11100 4005  7% 8 163428 25655 13%
c i  9.42 157 30 6 793 11102 4006  7% 8 163428 25648 13%
c -  9.51 157 29 7 821 11875 3328  7% 8 162630 25648 13%
c }  9.53 157 28 7 821 12100 3509  7% 8 162630 24905 12%
c 0  9.54 157 28 7 821 12100 3509  7% 8 162630 24905 12%
c 
c --- [ result ] -------------------------------------------------------------
c 
s UNSATISFIABLE
c 
c --- [ run-time profiling ] -------------------------------------------------
c 
c process time taken by individual solving procedures
c (percentage relative to process time for solving)
c 
c         5.11   55.54% search
c         5.09   55.32% unstable
c         4.08   44.29% simplify
c         1.86   20.21% elim
c         1.25   13.56% vivify
c         0.66    7.17% subsume
c         0.09    0.96% probe
c         0.07    0.78% ternary
c         0.02    0.17% lucky
c   =================================
c         9.20   96.52% solve
c 
c last line shows process time for solving
c (percentage relative to total process time)
c 
c --- [ statistics ] ---------------------------------------------------------
c 
c backtracked:               31086       256.91 %  of conflicts
c chronological:              4935        15.88 %  of backtracks
c conflicts:                 12100      1314.65    per second
c decisions:                 55193      5996.63    per second
c eliminated:               171573        84.92 %  of all variables
c fixed:                      5532         2.74 %  of all variables
c learned:                   11503        95.07 %  per conflict
c minimized:                101019        28.35 %  learned literals
c propagations:           18288828         1.99 M  per second
c reduced:                    3615        29.88 %  per conflict
c rephased:                      4      3025.00    interval
c restarts:                    821        14.74    interval
c substituted:                  38         0.02 %  of all variables
c subsumed:                   4276         0.19 %  of all clauses
c strengthened:               9806         0.43 %  of all clauses
c ternary:                    2144         0.27 %  of resolved
c vivified:                    184         0.01 %  of all clauses
c weakened:                 609829         2.85    average size
c 
c seconds are measured in process time for solving
c 
c --- [ resources ] ----------------------------------------------------------
c 
c total process time since initialization:         9.54    seconds
c total real time since initialization:            9.54    seconds
c maximum resident set size of process:          156.78    MB
c 
c --- [ shutting down ] ------------------------------------------------------
c 
c exit 20
