c --- [ banner ] -------------------------------------------------------------
c 
c CaDiCaL Radically Simplified CDCL SAT Solver
c Copyright (c) 2016-2019 Armin Biere, JKU Linz
c 
c Version 1.0.3 cb89cbfa16f47cb7bf1ec6ad9855e7b6d5203c18
c g++ (GCC) 6.3.0 -Wall -Wextra -O3 -DNDEBUG
c Fri Aug 23 08:17:16 CDT 2019 Linux login1 4.4.103-6.38-default x86_64
c 
c --- [ config ] -------------------------------------------------------------
c 
c using 'unsat' configuration (target unsatisfiable instances)
c 
c --- [ proof tracing ] ------------------------------------------------------
c 
c opening file to write '/tmp/10_1184_0_four.drat'
c writing binary proof trace to '/tmp/10_1184_0_four.drat'
c 
c --- [ parsing input ] ------------------------------------------------------
c 
c reading DIMACS file from '/tmp/10_1184_0_four.cnf'
c opening file to read '/tmp/10_1184_0_four.cnf'
c found 'p cnf 43008 265780' header
c parsed 265780 clauses in 0.10 seconds process time
c 
c --- [ options ] ------------------------------------------------------------
c 
c   --stabilize=false              (different from default 'true')
c   --walk=false                   (different from default 'true')
c 
c --- [ solving ] ------------------------------------------------------------
c 
c time measured in process time since initialization
c 
c  seconds  reductions  redundant  irredundant
c         MB    restarts       trail       variables
c          level   conflicts       glue         remaining
c 
c *  0.11 31  0 0   0    0    0  0% 0 243280 41610 97%
c {  0.11 32  0 0   0    0    0  0% 0 243280 41610 97%
c -  0.16 33 32 1   5  300  244  8% 6 234818 41610 97%
c I  0.20 34 36 1 100 1003  777  7% 8 234818 41610 97%
c -  0.28 42 36 2 110 1125  754  7% 8 234818 41610 97%
c i  0.31 42 35 2 138 1433  984  8% 8 234818 41570 97%
c -  0.44 42 42 3 231 2359 1428  9% 9 233484 41550 97%
c i  0.50 42 42 3 264 2932 1910  9% 9 233484 41528 97%
c i  0.50 42 42 3 264 2933 1910  9% 9 233484 41197 96%
c i  0.50 42 42 3 264 2934 1910  9% 9 233484 41179 96%
c i  0.50 42 41 3 265 2946 1918  9% 9 233484 41126 96%
c }  0.50 42 42 3 265 2978 1940  9% 8 233484 41122 96%
c 0  0.50 42 42 3 265 2978 1940  9% 8 233484 41122 96%
c 
c --- [ result ] -------------------------------------------------------------
c 
s UNSATISFIABLE
c 
c --- [ run-time profiling ] -------------------------------------------------
c 
c process time taken by individual solving procedures
c (percentage relative to process time for solving)
c 
c         0.40  100.00% search
c         0.39   98.99% unstable
c         0.00    0.00% simplify
c   =================================
c         0.40   78.57% solve
c 
c last line shows process time for solving
c (percentage relative to total process time)
c 
c --- [ statistics ] ---------------------------------------------------------
c 
c backtracked:                3671       123.27 %  of conflicts
c chronological:              1174        31.98 %  of backtracks
c conflicts:                  2978      7520.20    per second
c decisions:                 17352     43818.18    per second
c fixed:                      1886         4.39 %  of all variables
c learned:                    2574        86.43 %  per conflict
c minimized:                 25034        27.16 %  learned literals
c propagations:            1239202         3.13 M  per second
c reduced:                     451        15.14 %  per conflict
c rephased:                      1      2978.00    interval
c restarts:                    265        11.24    interval
c subsumed:                    175         0.04 %  of all clauses
c 
c seconds are measured in process time for solving
c 
c --- [ resources ] ----------------------------------------------------------
c 
c total process time since initialization:         0.50    seconds
c total real time since initialization:            0.50    seconds
c maximum resident set size of process:           47.95    MB
c 
c --- [ shutting down ] ------------------------------------------------------
c 
c exit 20
