c --- [ banner ] -------------------------------------------------------------
c 
c CaDiCaL Radically Simplified CDCL SAT Solver
c Copyright (c) 2016-2019 Armin Biere, JKU Linz
c 
c Version 1.0.3 cb89cbfa16f47cb7bf1ec6ad9855e7b6d5203c18
c g++ (GCC) 6.3.0 -Wall -Wextra -O3 -DNDEBUG
c Fri Aug 23 08:17:16 CDT 2019 Linux login1 4.4.103-6.38-default x86_64
c 
c --- [ config ] -------------------------------------------------------------
c 
c using 'unsat' configuration (target unsatisfiable instances)
c 
c --- [ proof tracing ] ------------------------------------------------------
c 
c opening file to write '/tmp/10_456_0_four.drat'
c writing binary proof trace to '/tmp/10_456_0_four.drat'
c 
c --- [ parsing input ] ------------------------------------------------------
c 
c reading DIMACS file from '/tmp/10_456_0_four.cnf'
c opening file to read '/tmp/10_456_0_four.cnf'
c found 'p cnf 43008 265780' header
c parsed 265780 clauses in 0.10 seconds process time
c 
c --- [ options ] ------------------------------------------------------------
c 
c   --stabilize=false              (different from default 'true')
c   --walk=false                   (different from default 'true')
c 
c --- [ solving ] ------------------------------------------------------------
c 
c time measured in process time since initialization
c 
c  seconds  reductions  redundant  irredundant
c         MB    restarts       trail       variables
c          level   conflicts       glue         remaining
c 
c *  0.10 31  0 0   0    0    0  0% 0 243273 41532 97%
c {  0.10 32  0 0   0    0    0  0% 0 243273 41532 97%
c -  0.15 33 41 1  31  300  234  7% 9 232516 41532 97%
c I  0.22 34 75 1  87 1014  750 11% 10 232516 41532 97%
c -  0.30 42 69 2  87 1120  704 11% 9 232516 41532 97%
c -  0.44 42 53 3 150 2349 1326  9% 9 232516 41532 97%
c B  0.49 42 50 3 206 3018 1892  9% 9 232516 41532 97%
c -  0.64 43 50 4 255 3989 1877 10% 9 232516 41532 97%
c d  0.87 43 52 4 375 5002 2760 10% 10 229388 39968 93%
c 2  1.01 43 52 4 375 5002 2760 10% 10 227042 39968 93%
c p  1.23 46 52 4 375 5002 4984 10% 10 227042 39963 93%
c s  1.40 39 52 4 375 5101 5070 10% 10 227042 39963 93%
c v  1.70 48 52 4 375 5101 5070 10% 10 223595 39963 93%
c w  1.79 49 52 4 375 5101 5068 10% 10 223595 39963 93%
c t  1.82 49 52 4 375 5101 5062 10% 10 204639 39963 93%
c e  2.27 50 52 4 375 5101 1642 10% 10 187565 23886 56%
c s  2.34 53 52 4 375 5101 1640 10% 10 187565 23886 56%
c F  2.50 56 52 4 444 6022 2407  7% 10 187565 23886 56%
c -  2.53 56 51 5 444 6039 1126  7% 10 187565 23886 56%
c -  2.70 56 44 6 523 8333 2430  5% 9 187565 23886 56%
c 
c  seconds  reductions   redundant  irredundant
c         MB    restarts        trail       variables
c          level    conflicts       glue         remaining
c 
c B  2.83 56 40 6 549 10023 3891  6% 9 187565 23886 56%
c -  2.95 57 40 7 565 11007 3314  6% 9 187565 23886 56%
c i  2.96 57 40 7 573 11265 3519  6% 9 187565 23858 55%
c i  2.96 57 40 7 573 11273 3525  6% 9 187565 23803 55%
c i  3.02 57 36 7 573 12667 4690  6% 9 187565 23786 55%
c i  3.02 57 36 7 573 12674 4696  6% 9 187565 23777 55%
c }  3.02 57 36 7 573 12677 4697  6% 9 187565 23593 55%
c 0  3.02 57 36 7 573 12677 4697  6% 9 187565 23593 55%
c 
c --- [ result ] -------------------------------------------------------------
c 
s UNSATISFIABLE
c 
c --- [ run-time profiling ] -------------------------------------------------
c 
c process time taken by individual solving procedures
c (percentage relative to process time for solving)
c 
c         1.49   50.89% simplify
c         1.44   49.11% search
c         1.43   48.97% unstable
c         0.44   15.18% elim
c         0.34   11.63% vivify
c         0.22    7.66% probe
c         0.19    6.43% subsume
c         0.11    3.69% ternary
c         0.00    0.14% lucky
c   =================================
c         2.92   96.69% solve
c 
c last line shows process time for solving
c (percentage relative to total process time)
c 
c --- [ statistics ] ---------------------------------------------------------
c 
c backtracked:               41160       324.68 %  of conflicts
c chronological:              4984        12.11 %  of backtracks
c conflicts:                 12677      4335.50    per second
c decisions:                 57241     19576.27    per second
c eliminated:                16077        37.38 %  of all variables
c fixed:                      1774         4.12 %  of all variables
c learned:                   11389        89.84 %  per conflict
c minimized:                120054        27.09 %  learned literals
c propagations:            4989497         1.71 M  per second
c reduced:                    3523        27.79 %  per conflict
c rephased:                      4      3169.25    interval
c restarts:                    573        22.12    interval
c substituted:                1564         3.64 %  of all variables
c subsumed:                   6837         0.79 %  of all clauses
c strengthened:               2749         0.32 %  of all clauses
c vivified:                   3643         0.42 %  of all clauses
c weakened:                  79592         3.72    average size
c 
c seconds are measured in process time for solving
c 
c --- [ resources ] ----------------------------------------------------------
c 
c total process time since initialization:         3.02    seconds
c total real time since initialization:            3.03    seconds
c maximum resident set size of process:           57.21    MB
c 
c --- [ shutting down ] ------------------------------------------------------
c 
c exit 20
