c --- [ banner ] -------------------------------------------------------------
c 
c CaDiCaL Radically Simplified CDCL SAT Solver
c Copyright (c) 2016-2019 Armin Biere, JKU Linz
c 
c Version 1.0.3 cb89cbfa16f47cb7bf1ec6ad9855e7b6d5203c18
c g++ (GCC) 6.3.0 -Wall -Wextra -O3 -DNDEBUG
c Fri Aug 23 08:17:16 CDT 2019 Linux login1 4.4.103-6.38-default x86_64
c 
c --- [ config ] -------------------------------------------------------------
c 
c using 'unsat' configuration (target unsatisfiable instances)
c 
c --- [ proof tracing ] ------------------------------------------------------
c 
c opening file to write '/tmp/10_621_0_four.drat'
c writing binary proof trace to '/tmp/10_621_0_four.drat'
c 
c --- [ parsing input ] ------------------------------------------------------
c 
c reading DIMACS file from '/tmp/10_621_0_four.cnf'
c opening file to read '/tmp/10_621_0_four.cnf'
c found 'p cnf 43008 265780' header
c parsed 265780 clauses in 0.10 seconds process time
c 
c --- [ options ] ------------------------------------------------------------
c 
c   --stabilize=false              (different from default 'true')
c   --walk=false                   (different from default 'true')
c 
c --- [ solving ] ------------------------------------------------------------
c 
c time measured in process time since initialization
c 
c  seconds  reductions  redundant  irredundant
c         MB    restarts       trail       variables
c          level   conflicts       glue         remaining
c 
c *  0.10 31  0 0   0    0    0  0% 0 243268 41558 97%
c {  0.10 32  0 0   0    0    0  0% 0 243268 41558 97%
c -  0.15 33 44 1   9  309  222  7% 7 233666 41558 97%
c I  0.20 34 31 1  33 1002  728  8% 7 233666 41558 97%
c -  0.28 42 29 2  33 1132  723  8% 7 233666 41558 97%
c i  0.30 42 29 2  36 1248  817  9% 7 233666 41534 97%
c i  0.38 42 31 2 128 2152 1539  9% 7 233666 41491 96%
c i  0.40 42 30 2 132 2321 1662  9% 7 233666 41463 96%
c -  0.45 42 30 3 138 2366 1200  9% 7 231364 41461 96%
c i  0.46 42 29 3 138 2417 1242  9% 7 231364 41365 96%
c i  0.46 42 29 3 138 2418 1242  9% 7 231364 41331 96%
c i  0.46 42 29 3 138 2511 1320  9% 7 231364 41257 96%
c i  0.47 42 29 3 147 2615 1406  9% 7 231364 40641 94%
c i  0.48 42 28 3 162 2691 1467  9% 7 231364 39857 93%
c }  0.50 42 28 3 217 2946 1670  9% 7 231364 39353 92%
c 0  0.50 42 28 3 217 2946 1670  9% 7 231364 39353 92%
c 
c --- [ result ] -------------------------------------------------------------
c 
s UNSATISFIABLE
c 
c --- [ run-time profiling ] -------------------------------------------------
c 
c process time taken by individual solving procedures
c (percentage relative to process time for solving)
c 
c         0.39   98.99% search
c         0.39   98.99% unstable
c         0.00    0.00% simplify
c   =================================
c         0.40   79.84% solve
c 
c last line shows process time for solving
c (percentage relative to total process time)
c 
c --- [ statistics ] ---------------------------------------------------------
c 
c backtracked:                3565       121.01 %  of conflicts
c chronological:              1137        31.89 %  of backtracks
c conflicts:                  2946      7439.39    per second
c decisions:                 13702     34601.01    per second
c fixed:                      3655         8.50 %  of all variables
c learned:                    2438        82.76 %  per conflict
c minimized:                 25925        29.10 %  learned literals
c propagations:            1247463         3.15 M  per second
c reduced:                     389        13.20 %  per conflict
c rephased:                      1      2946.00    interval
c restarts:                    217        13.58    interval
c subsumed:                    151         0.03 %  of all clauses
c 
c seconds are measured in process time for solving
c 
c --- [ resources ] ----------------------------------------------------------
c 
c total process time since initialization:         0.50    seconds
c total real time since initialization:            0.50    seconds
c maximum resident set size of process:           48.45    MB
c 
c --- [ shutting down ] ------------------------------------------------------
c 
c exit 20
