c --- [ banner ] -------------------------------------------------------------
c 
c CaDiCaL Radically Simplified CDCL SAT Solver
c Copyright (c) 2016-2019 Armin Biere, JKU Linz
c 
c Version 1.0.3 cb89cbfa16f47cb7bf1ec6ad9855e7b6d5203c18
c g++ (GCC) 6.3.0 -Wall -Wextra -O3 -DNDEBUG
c Fri Aug 23 08:17:16 CDT 2019 Linux login1 4.4.103-6.38-default x86_64
c 
c --- [ config ] -------------------------------------------------------------
c 
c using 'unsat' configuration (target unsatisfiable instances)
c 
c --- [ proof tracing ] ------------------------------------------------------
c 
c opening file to write '/tmp/64_716_0_four.drat'
c writing binary proof trace to '/tmp/64_716_0_four.drat'
c 
c --- [ parsing input ] ------------------------------------------------------
c 
c reading DIMACS file from '/tmp/64_716_0_four.cnf'
c opening file to read '/tmp/64_716_0_four.cnf'
c found 'p cnf 43008 265790' header
c parsed 265790 clauses in 0.12 seconds process time
c 
c --- [ options ] ------------------------------------------------------------
c 
c   --stabilize=false              (different from default 'true')
c   --walk=false                   (different from default 'true')
c 
c --- [ solving ] ------------------------------------------------------------
c 
c time measured in process time since initialization
c 
c  seconds  reductions  redundant  irredundant
c         MB    restarts       trail       variables
c          level   conflicts       glue         remaining
c 
c *  0.12 31  0 0   0    0    0  0% 0 240731 41478 96%
c {  0.12 31  0 0   0    0    0  0% 0 240731 41478 96%
c -  0.16 32 39 1  13  302  193  9% 8 232514 41478 96%
c I  0.22 34 39 1  30 1003  745  9% 8 232514 41478 96%
c -  0.30 42 39 2  30 1128  735  9% 8 232514 41478 96%
c -  0.45 42 38 3 116 2360 1358  9% 8 232514 41478 96%
c B  0.50 42 36 3 173 3006 1895  9% 8 232514 41478 96%
c -  0.66 42 36 4 228 3999 2077  9% 8 232514 41478 96%
c d  0.89 43 35 4 269 5003 2936  9% 8 229386 39914 93%
c 2  1.03 43 35 4 269 5003 2936  9% 8 227040 39914 93%
c p  1.26 46 35 4 269 5003 6105  9% 8 227040 39892 93%
c s  1.43 39 35 4 269 5075 6172  9% 8 227037 39892 93%
c v  1.69 48 35 4 269 5075 6172  9% 8 223479 39892 93%
c w  1.78 49 35 4 269 5075 6163  9% 8 223479 39892 93%
c t  1.80 49 35 4 269 5075 6163  9% 8 204646 39892 93%
c e  2.32 49 35 4 269 5075 1607  9% 8 187207 23925 56%
c s  2.40 52 35 4 269 5075 1599  9% 8 187207 23925 56%
c i  2.54 55 35 4 278 5380 1840  3% 8 187207 23921 56%
c F  2.60 55 34 4 289 6009 2358  7% 8 187207 23921 56%
c -  2.64 55 34 5 289 6049 1156  7% 8 186703 23921 56%
c 
c  seconds  reductions  redundant  irredundant
c         MB    restarts       trail       variables
c          level   conflicts       glue         remaining
c 
c i  2.74 55 31 5 301 6968 1936  5% 8 186703 23905 56%
c i  2.76 55 30 5 316 7207 2132  5% 8 186703 23832 55%
c i  2.76 55 30 5 316 7208 2132  5% 8 186703 23203 54%
c }  2.76 55 30 5 316 7211 2132  5% 8 186703 22497 52%
c 0  2.76 55 30 5 316 7211 2132  5% 8 186703 22497 52%
c 
c --- [ result ] -------------------------------------------------------------
c 
s UNSATISFIABLE
c 
c --- [ run-time profiling ] -------------------------------------------------
c 
c process time taken by individual solving procedures
c (percentage relative to process time for solving)
c 
c         1.53   58.03% simplify
c         1.11   41.97% search
c         1.11   41.97% unstable
c         0.51   19.24% elim
c         0.30   11.52% vivify
c         0.23    8.64% probe
c         0.19    7.27% subsume
c         0.10    3.94% ternary
c   =================================
c         2.64   95.65% solve
c 
c last line shows process time for solving
c (percentage relative to total process time)
c 
c --- [ statistics ] ---------------------------------------------------------
c 
c backtracked:               34195       474.21 %  of conflicts
c chronological:              3007         8.79 %  of backtracks
c conflicts:                  7211      2731.44    per second
c decisions:                 28986     10979.55    per second
c eliminated:                15967        37.13 %  of all variables
c fixed:                      2980         6.93 %  of all variables
c learned:                    6470        89.72 %  per conflict
c minimized:                 76410        29.66 %  learned literals
c propagations:            3859951         1.46 M  per second
c reduced:                    1312        18.19 %  per conflict
c rephased:                      3      2403.67    interval
c restarts:                    316        22.82    interval
c substituted:                1564         3.64 %  of all variables
c subsumed:                   6617         0.78 %  of all clauses
c strengthened:               2304         0.27 %  of all clauses
c vivified:                   3646         0.43 %  of all clauses
c weakened:                  78574         3.72    average size
c 
c seconds are measured in process time for solving
c 
c --- [ resources ] ----------------------------------------------------------
c 
c total process time since initialization:         2.76    seconds
c total real time since initialization:            2.76    seconds
c maximum resident set size of process:           55.41    MB
c 
c --- [ shutting down ] ------------------------------------------------------
c 
c exit 20
