c --- [ banner ] -------------------------------------------------------------
c 
c CaDiCaL Radically Simplified CDCL SAT Solver
c Copyright (c) 2016-2019 Armin Biere, JKU Linz
c 
c Version 1.0.3 cb89cbfa16f47cb7bf1ec6ad9855e7b6d5203c18
c g++ (GCC) 6.3.0 -Wall -Wextra -O3 -DNDEBUG
c Fri Aug 23 08:17:16 CDT 2019 Linux login1 4.4.103-6.38-default x86_64
c 
c --- [ config ] -------------------------------------------------------------
c 
c using 'unsat' configuration (target unsatisfiable instances)
c 
c --- [ proof tracing ] ------------------------------------------------------
c 
c opening file to write '/tmp/64_889_0_four.drat'
c writing binary proof trace to '/tmp/64_889_0_four.drat'
c 
c --- [ parsing input ] ------------------------------------------------------
c 
c reading DIMACS file from '/tmp/64_889_0_four.cnf'
c opening file to read '/tmp/64_889_0_four.cnf'
c found 'p cnf 43008 265790' header
c parsed 265790 clauses in 0.15 seconds process time
c 
c --- [ options ] ------------------------------------------------------------
c 
c   --stabilize=false              (different from default 'true')
c   --walk=false                   (different from default 'true')
c 
c --- [ solving ] ------------------------------------------------------------
c 
c time measured in process time since initialization
c 
c  seconds  reductions  redundant  irredundant
c         MB    restarts       trail       variables
c          level   conflicts       glue         remaining
c 
c *  0.16 31  0 0   0    0    0  0% 0 240735 41424 96%
c {  0.16 31  0 0   0    0    0  0% 0 240735 41424 96%
c -  0.20 32 43 1  12  300  242  9% 6 230790 41424 96%
c i  0.24 33 48 1  69  756  618  9% 8 230790 41352 96%
c i  0.24 33 41 1  73  905  719  8% 7 230790 41307 96%
c i  0.24 33 40 1  73  920  730  8% 7 230790 41297 96%
c }  0.25 33 38 1  73  986  780  8% 7 230790 41050 95%
c 0  0.25 34 38 1  73  986  780  8% 7 230790 41050 95%
c 
c --- [ result ] -------------------------------------------------------------
c 
s UNSATISFIABLE
c 
c --- [ run-time profiling ] -------------------------------------------------
c 
c process time taken by individual solving procedures
c (percentage relative to process time for solving)
c 
c         0.09   95.83% search
c         0.09   95.83% unstable
c         0.00    0.00% simplify
c   =================================
c         0.10   38.71% solve
c 
c last line shows process time for solving
c (percentage relative to total process time)
c 
c --- [ statistics ] ---------------------------------------------------------
c 
c backtracked:                1214       123.12 %  of conflicts
c chronological:               459        37.81 %  of backtracks
c conflicts:                   986     10270.83    per second
c decisions:                  5974     62229.17    per second
c fixed:                      1958         4.55 %  of all variables
c learned:                     860        87.22 %  per conflict
c minimized:                  6465        24.88 %  learned literals
c propagations:             351711         3.66 M  per second
c restarts:                     73        13.51    interval
c subsumed:                     76         0.02 %  of all clauses
c 
c seconds are measured in process time for solving
c 
c --- [ resources ] ----------------------------------------------------------
c 
c total process time since initialization:         0.25    seconds
c total real time since initialization:            0.25    seconds
c maximum resident set size of process:           34.07    MB
c 
c --- [ shutting down ] ------------------------------------------------------
c 
c exit 20
