c --- [ banner ] -------------------------------------------------------------
c 
c CaDiCaL Radically Simplified CDCL SAT Solver
c Copyright (c) 2016-2019 Armin Biere, JKU Linz
c 
c Version 1.0.3 cb89cbfa16f47cb7bf1ec6ad9855e7b6d5203c18
c g++ (GCC) 6.3.0 -Wall -Wextra -O3 -DNDEBUG
c Fri Aug 23 08:17:16 CDT 2019 Linux login1 4.4.103-6.38-default x86_64
c 
c --- [ config ] -------------------------------------------------------------
c 
c using 'unsat' configuration (target unsatisfiable instances)
c 
c --- [ proof tracing ] ------------------------------------------------------
c 
c opening file to write '/tmp/64_978_0_four.drat'
c writing binary proof trace to '/tmp/64_978_0_four.drat'
c 
c --- [ parsing input ] ------------------------------------------------------
c 
c reading DIMACS file from '/tmp/64_978_0_four.cnf'
c opening file to read '/tmp/64_978_0_four.cnf'
c found 'p cnf 43008 265790' header
c parsed 265790 clauses in 0.14 seconds process time
c 
c --- [ options ] ------------------------------------------------------------
c 
c   --stabilize=false              (different from default 'true')
c   --walk=false                   (different from default 'true')
c 
c --- [ solving ] ------------------------------------------------------------
c 
c time measured in process time since initialization
c 
c  seconds  reductions  redundant  irredundant
c         MB    restarts       trail       variables
c          level   conflicts       glue         remaining
c 
c *  0.14 31  0 0   0    0    0  0% 0 240731 41537 97%
c {  0.14 31  0 0   0    0    0  0% 0 240731 41537 97%
c -  0.21 32 60 1  13  306  228  9% 9 233665 41537 97%
c i  0.22 33 56 1  16  359  260  8% 8 233665 41536 97%
c i  0.22 33 54 1  16  413  295  8% 8 233665 41508 97%
c i  0.24 33 44 1  44  880  648  8% 8 233665 41450 96%
c I  0.26 34 46 1  45 1008  737  9% 8 233665 41420 96%
c -  0.35 42 44 2  46 1137  697  9% 7 230790 41420 96%
c i  0.43 42 45 2 146 2195 1534  9% 8 230790 41414 96%
c i  0.43 42 44 2 146 2240 1562  9% 8 230790 41413 96%
c i  0.43 42 43 2 146 2245 1561  9% 8 230790 41388 96%
c i  0.43 42 43 2 146 2246 1561  9% 8 230790 41361 96%
c }  0.43 42 43 2 146 2248 1561  9% 8 230790 41140 96%
c 0  0.43 42 43 2 146 2248 1561  9% 8 230790 41140 96%
c 
c --- [ result ] -------------------------------------------------------------
c 
s UNSATISFIABLE
c 
c --- [ run-time profiling ] -------------------------------------------------
c 
c process time taken by individual solving procedures
c (percentage relative to process time for solving)
c 
c         0.29  100.00% search
c         0.28   98.61% unstable
c         0.00    1.39% lucky
c         0.00    0.00% simplify
c   =================================
c         0.29   67.29% solve
c 
c last line shows process time for solving
c (percentage relative to total process time)
c 
c --- [ statistics ] ---------------------------------------------------------
c 
c backtracked:                2732       121.53 %  of conflicts
c chronological:               958        35.07 %  of backtracks
c conflicts:                  2248      7805.56    per second
c decisions:                 13760     47777.78    per second
c fixed:                      1868         4.34 %  of all variables
c learned:                    1813        80.65 %  per conflict
c minimized:                 13521        21.57 %  learned literals
c propagations:             786896         2.73 M  per second
c reduced:                     137         6.09 %  per conflict
c rephased:                      1      2248.00    interval
c restarts:                    146        15.40    interval
c subsumed:                    104         0.02 %  of all clauses
c 
c seconds are measured in process time for solving
c 
c --- [ resources ] ----------------------------------------------------------
c 
c total process time since initialization:         0.43    seconds
c total real time since initialization:            0.43    seconds
c maximum resident set size of process:           41.93    MB
c 
c --- [ shutting down ] ------------------------------------------------------
c 
c exit 20
