c --- [ banner ] -------------------------------------------------------------
c 
c CaDiCaL Radically Simplified CDCL SAT Solver
c Copyright (c) 2016-2019 Armin Biere, JKU Linz
c 
c Version 1.0.3 cb89cbfa16f47cb7bf1ec6ad9855e7b6d5203c18
c g++ (GCC) 6.3.0 -Wall -Wextra -O3 -DNDEBUG
c Fri Aug 23 08:17:16 CDT 2019 Linux login1 4.4.103-6.38-default x86_64
c 
c --- [ config ] -------------------------------------------------------------
c 
c using 'unsat' configuration (target unsatisfiable instances)
c 
c --- [ proof tracing ] ------------------------------------------------------
c 
c opening file to write '/tmp/28_553_0_four.drat'
c writing binary proof trace to '/tmp/28_553_0_four.drat'
c 
c --- [ parsing input ] ------------------------------------------------------
c 
c reading DIMACS file from '/tmp/28_553_0_four.cnf'
c opening file to read '/tmp/28_553_0_four.cnf'
c found 'p cnf 259840 1039934' header
c parsed 1039934 clauses in 0.80 seconds process time
c 
c --- [ options ] ------------------------------------------------------------
c 
c   --stabilize=false              (different from default 'true')
c   --walk=false                   (different from default 'true')
c 
c --- [ solving ] ------------------------------------------------------------
c 
c time measured in process time since initialization
c 
c  seconds   reductions  redundant   irredundant
c          MB    restarts       trail        variables
c           level   conflicts       glue           remaining
c 
c *  0.82 139  0 0   0    0    0  0% 0 1039424 252794 97%
c {  0.85 142  0 0   0    0    0  0% 0 1039424 252794 97%
c -  1.08 147 327 1  10  300  180  6% 4 909640 252794 97%
c I  1.66 147 113 1 150 1002  801  9% 10 909640 252794 97%
c i  1.79 147 82 1 153 1413 1133  8% 9 909640 252389 97%
c i  1.79 147 82 1 153 1414 1133  8% 9 909640 252274 97%
c i  1.79 147 82 1 153 1415 1133  8% 9 909640 252033 97%
c i  1.79 147 82 1 153 1417 1134  8% 9 909640 251990 97%
c -  2.14 177 78 2 153 1475 1038  8% 9 894417 251866 97%
c B  2.79 177 44 2 195 3004 2323  8% 8 894417 251866 97%
c -  3.21 184 43 3 241 3231 1988  8% 8 894417 251866 97%
c i  3.26 184 42 3 243 3348 2087  8% 8 894417 251684 97%
c i  3.52 184 37 3 273 3875 2531  8% 8 894417 251212 97%
c s  4.41 202 36 3 273 4080 2665  9% 8 894417 251212 97%
c v  5.52 202 36 3 273 4080 2665  9% 8 894343 251212 97%
c w  5.82 202 36 3 273 4080 2649  9% 8 894343 250112 96%
c t  5.88 202 36 3 273 4080 2649  9% 8 893887 250112 96%
c e  8.39 206 36 3 273 4080   38  9% 8 211329 26614 10%
c s  8.60 212 36 3 273 4080   38  9% 8 211211 26614 10%
c e  8.89 157 36 3 273 4080   38  9% 8 211210 26575 10%
c 
c  seconds   reductions  redundant  irredundant
c          MB    restarts       trail       variables
c           level   conflicts       glue         remaining
c 
c 3  9.16 157 33 3 302 5002 3855  5% 8 211210 26575 10%
c 2  9.22 157 33 3 302 5002 3854  5% 8 211210 26575 10%
c p  9.43 157 33 3 302 5002 5275  5% 8 211210 26554 10%
c d  9.45 157 33 3 302 5002 5081  5% 8 209483 26551 10%
c d  9.47 157 33 3 302 5002 5074  5% 8 209366 26495 10%
c i  9.52 157 32 3 317 5522 5520  5% 8 209366 26489 10%
c i  9.52 157 32 3 317 5528 5523  5% 8 209366 26336 10%
c i  9.52 157 32 3 317 5530 5524  5% 8 209366 26042 10%
c }  9.52 157 32 3 317 5532 5524  5% 8 209366 26012 10%
c 0  9.52 157 32 3 317 5532 5524  5% 8 209366 26012 10%
c 
c --- [ result ] -------------------------------------------------------------
c 
s UNSATISFIABLE
c 
c --- [ run-time profiling ] -------------------------------------------------
c 
c process time taken by individual solving procedures
c (percentage relative to process time for solving)
c 
c         5.26   60.32% simplify
c         3.44   39.40% search
c         3.41   39.08% unstable
c         2.71   31.10% elim
c         1.29   14.77% vivify
c         0.83    9.54% subsume
c         0.21    2.39% probe
c         0.08    0.92% ternary
c         0.03    0.32% lucky
c   =================================
c         8.72   91.64% solve
c 
c last line shows process time for solving
c (percentage relative to total process time)
c 
c --- [ statistics ] ---------------------------------------------------------
c 
c backtracked:               32732       591.68 %  of conflicts
c chronological:              2178         6.65 %  of backtracks
c conflicts:                  5532       634.40    per second
c decisions:                 24811      2845.30    per second
c eliminated:               223537        86.03 %  of all variables
c fixed:                     10232         3.94 %  of all variables
c learned:                    5045        91.20 %  per conflict
c minimized:                 44290        25.51 %  learned literals
c propagations:           13620913         1.56 M  per second
c reduced:                     564        10.20 %  per conflict
c rephased:                      2      2766.00    interval
c restarts:                    317        17.45    interval
c substituted:                  59         0.02 %  of all variables
c subsumed:                   5914         0.20 %  of all clauses
c strengthened:              15250         0.51 %  of all clauses
c ternary:                    3543         0.30 %  of resolved
c vivified:                    124         0.00 %  of all clauses
c weakened:                 766657         2.81    average size
c 
c seconds are measured in process time for solving
c 
c --- [ resources ] ----------------------------------------------------------
c 
c total process time since initialization:         9.52    seconds
c total real time since initialization:            9.52    seconds
c maximum resident set size of process:          211.84    MB
c 
c --- [ shutting down ] ------------------------------------------------------
c 
c exit 20
