c --- [ banner ] -------------------------------------------------------------
c 
c CaDiCaL Radically Simplified CDCL SAT Solver
c Copyright (c) 2016-2019 Armin Biere, JKU Linz
c 
c Version 1.0.3 cb89cbfa16f47cb7bf1ec6ad9855e7b6d5203c18
c g++ (GCC) 6.3.0 -Wall -Wextra -O3 -DNDEBUG
c Fri Aug 23 08:17:16 CDT 2019 Linux login1 4.4.103-6.38-default x86_64
c 
c --- [ config ] -------------------------------------------------------------
c 
c using 'unsat' configuration (target unsatisfiable instances)
c 
c --- [ proof tracing ] ------------------------------------------------------
c 
c opening file to write '/tmp/6_16_0_three.drat'
c writing binary proof trace to '/tmp/6_16_0_three.drat'
c 
c --- [ parsing input ] ------------------------------------------------------
c 
c reading DIMACS file from '/tmp/6_16_0_three.cnf'
c opening file to read '/tmp/6_16_0_three.cnf'
c found 'p cnf 202048 780985' header
c parsed 780985 clauses in 0.34 seconds process time
c 
c --- [ options ] ------------------------------------------------------------
c 
c   --stabilize=false              (different from default 'true')
c   --walk=false                   (different from default 'true')
c 
c --- [ solving ] ------------------------------------------------------------
c 
c time measured in process time since initialization
c 
c  seconds  reductions  redundant  irredundant
c         MB    restarts       trail       variables
c          level   conflicts       glue          remaining
c 
c *  0.35 97  0 0   0    0    0  0% 0 780480 197398 98%
c {  0.36 99  0 0   0    0    0  0% 0 780480 197398 98%
c -  0.58 105 292 1  10  304  174  6% 4 692798 197398 98%
c I  1.21 110 90 1 187 1004  827  7% 8 692798 197398 98%
c -  1.82 130 77 2 239 1416 1185  8% 9 692798 197398 98%
c B  2.81 130 53 2 313 3006 2616  9% 9 692798 197398 98%
c -  3.05 131 52 3 313 3075 2083  9% 9 692798 197398 98%
c s  4.12 116 45 3 346 3967 2887 10% 8 692798 197398 98%
c v  5.15 138 45 3 346 3967 2887 10% 8 692797 197398 98%
c w  5.45 138 45 3 346 3967 2885 10% 8 692797 197398 98%
c t  5.50 138 45 3 346 3967 2885 10% 8 692200 197398 98%
c e  7.32 139 45 3 346 3967   25 10% 8 170640 25923 13%
c s  7.48 148 45 3 346 3967   25 10% 8 170573 25923 13%
c e  7.68 148 45 3 346 3967   21 10% 8 170564 25894 13%
c i  7.92 149 44 3 438 4908  882  6% 8 170564 25893 13%
c 3  7.99 149 43 3 439 5003 3312  6% 9 170564 25893 13%
c 3  8.00 149 43 3 439 5003 3360  6% 9 170564 25893 13%
c d  8.04 149 43 3 439 5003 3324  6% 9 170427 25891 13%
c d  8.05 149 43 3 439 5003 3315  6% 9 170402 25885 13%
c 2  8.06 149 43 3 439 5003 3311  6% 9 170393 25885 13%
c 
c  seconds   reductions  redundant  irredundant
c          MB    restarts       trail       variables
c           level   conflicts       glue         remaining
c 
c p  8.11 149 43 3 439 5003 3969  6% 9 170393 25885 13%
c -  8.18 149 43 4 465 5283 1242  5% 9 170393 25885 13%
c F  8.24 149 41 4 521 6009 1896  5% 9 170393 25885 13%
c -  8.39 149 40 5 608 7130 2182  6% 9 170393 25885 13%
c -  8.63 149 35 6 689 9346 2914  6% 8 170393 25885 13%
c i  8.64 149 35 6 689 9426 2979  6% 8 170393 25879 13%
c i  8.64 149 34 6 689 9445 2986  6% 8 170393 25806 13%
c i  8.64 149 34 6 689 9487 3014  6% 8 170393 25703 13%
c }  8.64 149 34 6 689 9491 3015  6% 8 170393 25688 13%
c 0  8.64 149 34 6 689 9491 3015  6% 8 170393 25688 13%
c 
c --- [ result ] -------------------------------------------------------------
c 
s UNSATISFIABLE
c 
c --- [ run-time profiling ] -------------------------------------------------
c 
c process time taken by individual solving procedures
c (percentage relative to process time for solving)
c 
c         4.20   50.51% search
c         4.18   50.36% unstable
c         4.10   49.30% simplify
c         1.95   23.50% elim
c         1.23   14.78% vivify
c         0.67    8.09% subsume
c         0.07    0.82% ternary
c         0.05    0.63% probe
c         0.01    0.14% lucky
c   =================================
c         8.31   96.11% solve
c 
c last line shows process time for solving
c (percentage relative to total process time)
c 
c --- [ statistics ] ---------------------------------------------------------
c 
c backtracked:               24540       258.56 %  of conflicts
c chronological:              4092        16.67 %  of backtracks
c conflicts:                  9491      1142.39    per second
c decisions:                 49318      5936.21    per second
c eliminated:               171504        84.88 %  of all variables
c fixed:                      4848         2.40 %  of all variables
c learned:                    9029        95.13 %  per conflict
c minimized:                 68299        25.14 %  learned literals
c propagations:           14326247         1.72 M  per second
c reduced:                    2604        27.44 %  per conflict
c rephased:                      3      3163.67    interval
c restarts:                    689        13.78    interval
c substituted:                   8         0.00 %  of all variables
c subsumed:                   3952         0.17 %  of all clauses
c strengthened:              10056         0.44 %  of all clauses
c ternary:                    2625         0.32 %  of resolved
c vivified:                    189         0.01 %  of all clauses
c weakened:                 610216         2.85    average size
c 
c seconds are measured in process time for solving
c 
c --- [ resources ] ----------------------------------------------------------
c 
c total process time since initialization:         8.64    seconds
c total real time since initialization:            8.65    seconds
c maximum resident set size of process:          159.75    MB
c 
c --- [ shutting down ] ------------------------------------------------------
c 
c exit 20
