c --- [ banner ] -------------------------------------------------------------
c 
c CaDiCaL Radically Simplified CDCL SAT Solver
c Copyright (c) 2016-2019 Armin Biere, JKU Linz
c 
c Version 1.0.3 cb89cbfa16f47cb7bf1ec6ad9855e7b6d5203c18
c g++ (GCC) 6.3.0 -Wall -Wextra -O3 -DNDEBUG
c Fri Aug 23 08:17:16 CDT 2019 Linux login1 4.4.103-6.38-default x86_64
c 
c --- [ config ] -------------------------------------------------------------
c 
c using 'unsat' configuration (target unsatisfiable instances)
c 
c --- [ proof tracing ] ------------------------------------------------------
c 
c opening file to write '/tmp/6_260_0_three.drat'
c writing binary proof trace to '/tmp/6_260_0_three.drat'
c 
c --- [ parsing input ] ------------------------------------------------------
c 
c reading DIMACS file from '/tmp/6_260_0_three.cnf'
c opening file to read '/tmp/6_260_0_three.cnf'
c found 'p cnf 202048 780985' header
c parsed 780985 clauses in 0.33 seconds process time
c 
c --- [ options ] ------------------------------------------------------------
c 
c   --stabilize=false              (different from default 'true')
c   --walk=false                   (different from default 'true')
c 
c --- [ solving ] ------------------------------------------------------------
c 
c time measured in process time since initialization
c 
c  seconds  reductions  redundant  irredundant
c         MB    restarts       trail       variables
c          level   conflicts       glue          remaining
c 
c *  0.35 97  0 0   0    0    0  0% 0 780480 197200 98%
c {  0.36 99  0 0   0    0    0  0% 0 780480 197200 98%
c -  0.51 103 292 1   3  300  171  5% 4 689654 197200 98%
c I  1.02 108 80 1  92 1002  810  7% 8 689654 197200 98%
c -  1.58 126 67 2 125 1403 1155  8% 8 689654 197200 98%
c B  2.65 127 43 2 214 3005 2625  9% 8 689654 197200 98%
c -  2.86 127 42 3 214 3057 2112  9% 8 689654 197200 98%
c i  3.00 127 39 3 221 3314 2315  9% 8 689654 197112 98%
c i  3.00 127 39 3 221 3318 2317  9% 8 689654 197030 98%
c i  3.00 127 39 3 221 3326 2314  9% 8 689654 196922 97%
c }  3.00 127 39 3 221 3331 2315  9% 8 689654 196574 97%
c 0  3.00 127 39 3 221 3331 2315  9% 8 689654 196574 97%
c 
c --- [ result ] -------------------------------------------------------------
c 
s UNSATISFIABLE
c 
c --- [ run-time profiling ] -------------------------------------------------
c 
c process time taken by individual solving procedures
c (percentage relative to process time for solving)
c 
c         2.66   99.40% search
c         2.64   98.95% unstable
c         0.01    0.45% lucky
c         0.00    0.00% simplify
c   =================================
c         2.67   88.95% solve
c 
c last line shows process time for solving
c (percentage relative to total process time)
c 
c --- [ statistics ] ---------------------------------------------------------
c 
c backtracked:                4142       124.35 %  of conflicts
c chronological:              1467        35.42 %  of backtracks
c conflicts:                  3331      1246.63    per second
c decisions:                 18260      6833.83    per second
c fixed:                      5474         2.71 %  of all variables
c learned:                    3123        93.76 %  per conflict
c minimized:                 24582        24.94 %  learned literals
c propagations:            8423409         3.15 M  per second
c reduced:                     577        17.32 %  per conflict
c rephased:                      2      1665.50    interval
c restarts:                    221        15.07    interval
c subsumed:                    226         0.01 %  of all clauses
c 
c seconds are measured in process time for solving
c 
c --- [ resources ] ----------------------------------------------------------
c 
c total process time since initialization:         3.00    seconds
c total real time since initialization:            3.01    seconds
c maximum resident set size of process:          144.70    MB
c 
c --- [ shutting down ] ------------------------------------------------------
c 
c exit 20
