c --- [ banner ] -------------------------------------------------------------
c 
c CaDiCaL Radically Simplified CDCL SAT Solver
c Copyright (c) 2016-2019 Armin Biere, JKU Linz
c 
c Version 1.0.3 cb89cbfa16f47cb7bf1ec6ad9855e7b6d5203c18
c g++ (GCC) 6.3.0 -Wall -Wextra -O3 -DNDEBUG
c Fri Aug 23 08:17:16 CDT 2019 Linux login1 4.4.103-6.38-default x86_64
c 
c --- [ config ] -------------------------------------------------------------
c 
c using 'unsat' configuration (target unsatisfiable instances)
c 
c --- [ proof tracing ] ------------------------------------------------------
c 
c opening file to write '/tmp/6_547_0_three.drat'
c writing binary proof trace to '/tmp/6_547_0_three.drat'
c 
c --- [ parsing input ] ------------------------------------------------------
c 
c reading DIMACS file from '/tmp/6_547_0_three.cnf'
c opening file to read '/tmp/6_547_0_three.cnf'
c found 'p cnf 202048 780985' header
c parsed 780985 clauses in 0.34 seconds process time
c 
c --- [ options ] ------------------------------------------------------------
c 
c   --stabilize=false              (different from default 'true')
c   --walk=false                   (different from default 'true')
c 
c --- [ solving ] ------------------------------------------------------------
c 
c time measured in process time since initialization
c 
c  seconds  reductions  redundant  irredundant
c         MB    restarts       trail       variables
c          level   conflicts       glue          remaining
c 
c *  0.36 97  0 0   0    0    0  0% 0 780480 197561 98%
c {  0.37 99  0 0   0    0    0  0% 0 780480 197561 98%
c -  0.58 104 231 1  23  300  197  5% 5 694403 197561 98%
c I  1.22 109 78 1 150 1007  848  8% 8 694403 197561 98%
c -  1.64 127 61 2 161 1404 1170  8% 8 694403 197561 98%
c i  1.93 128 46 2 162 1992 1681  9% 7 694403 197366 98%
c }  1.93 128 46 2 162 1995 1682  9% 7 694403 197116 98%
c 0  1.93 128 46 2 162 1995 1682  9% 7 694403 197116 98%
c 
c --- [ result ] -------------------------------------------------------------
c 
s UNSATISFIABLE
c 
c --- [ run-time profiling ] -------------------------------------------------
c 
c process time taken by individual solving procedures
c (percentage relative to process time for solving)
c 
c         1.57   99.24% search
c         1.56   98.23% unstable
c         0.02    1.01% lucky
c         0.00    0.00% simplify
c   =================================
c         1.58   82.16% solve
c 
c last line shows process time for solving
c (percentage relative to total process time)
c 
c --- [ statistics ] ---------------------------------------------------------
c 
c backtracked:                2503       125.46 %  of conflicts
c chronological:               925        36.96 %  of backtracks
c conflicts:                  1995      1259.47    per second
c decisions:                 11502      7261.36    per second
c fixed:                      4932         2.44 %  of all variables
c learned:                    1875        93.98 %  per conflict
c minimized:                 10992        21.71 %  learned literals
c propagations:            4586742         2.90 M  per second
c reduced:                      47         2.36 %  per conflict
c rephased:                      1      1995.00    interval
c restarts:                    162        12.31    interval
c subsumed:                    144         0.01 %  of all clauses
c 
c seconds are measured in process time for solving
c 
c --- [ resources ] ----------------------------------------------------------
c 
c total process time since initialization:         1.93    seconds
c total real time since initialization:            1.93    seconds
c maximum resident set size of process:          127.62    MB
c 
c --- [ shutting down ] ------------------------------------------------------
c 
c exit 20
