c --- [ banner ] -------------------------------------------------------------
c 
c CaDiCaL Radically Simplified CDCL SAT Solver
c Copyright (c) 2016-2019 Armin Biere, JKU Linz
c 
c Version 1.0.3 cb89cbfa16f47cb7bf1ec6ad9855e7b6d5203c18
c g++ (GCC) 6.3.0 -Wall -Wextra -O3 -DNDEBUG
c Fri Aug 23 08:17:16 CDT 2019 Linux login1 4.4.103-6.38-default x86_64
c 
c --- [ config ] -------------------------------------------------------------
c 
c using 'unsat' configuration (target unsatisfiable instances)
c 
c --- [ proof tracing ] ------------------------------------------------------
c 
c opening file to write '/tmp/6_563_0_three.drat'
c writing binary proof trace to '/tmp/6_563_0_three.drat'
c 
c --- [ parsing input ] ------------------------------------------------------
c 
c reading DIMACS file from '/tmp/6_563_0_three.cnf'
c opening file to read '/tmp/6_563_0_three.cnf'
c found 'p cnf 202048 780985' header
c parsed 780985 clauses in 0.33 seconds process time
c 
c --- [ options ] ------------------------------------------------------------
c 
c   --stabilize=false              (different from default 'true')
c   --walk=false                   (different from default 'true')
c 
c --- [ solving ] ------------------------------------------------------------
c 
c time measured in process time since initialization
c 
c  seconds  reductions  redundant  irredundant
c         MB    restarts       trail       variables
c          level   conflicts       glue          remaining
c 
c *  0.34 97  0 0   0    0    0  0% 0 780480 197302 98%
c {  0.36 99  0 0   0    0    0  0% 0 780480 197302 98%
c -  0.56 104 294 1   9  300  174  5% 4 691227 197302 98%
c I  1.10 110 86 1 140 1003  838  8% 8 691227 197302 98%
c -  1.53 128 72 2 166 1403 1175  8% 8 691227 197302 98%
c B  2.78 128 51 2 293 3004 2612 10% 8 691227 197302 98%
c -  2.97 128 51 3 293 3058 2092 10% 8 691227 197302 98%
c s  4.19 114 46 3 366 3968 2894 10% 9 691227 197302 98%
c w  5.92 133 46 3 366 3968 2886 10% 9 691227 197302 98%
c t  6.00 133 46 3 366 3968 2886 10% 9 690593 197302 98%
c e  8.08 127 46 3 366 3968   23 10% 9 170031 25854 13%
c s  8.30 146 46 3 366 3968   22 10% 9 169908 25854 13%
c e  8.64 147 46 3 366 3968   17 10% 9 169890 25811 13%
c 3  9.07 148 40 3 394 5011 3130  6% 8 169890 25811 13%
c d  9.13 148 40 3 394 5011 3124  6% 8 169890 25810 13%
c 2  9.15 148 40 3 394 5011 3122  6% 8 169890 25810 13%
c p  9.22 148 40 3 394 5011 3732  6% 8 169890 25810 13%
c -  9.31 148 39 4 398 5269 1221  6% 8 169890 25810 13%
c F  9.42 148 37 4 475 6006 1893  6% 8 169890 25810 13%
c -  9.63 148 35 5 584 7117 2303  6% 9 169890 25810 13%
c 
c  seconds   reductions  redundant  irredundant
c          MB    restarts       trail       variables
c           level   conflicts       glue         remaining
c 
c i  9.87 148 29 5 626 9113 4000  6% 8 169890 25704 13%
c i  9.88 148 29 5 626 9148 4030  6% 8 169890 25701 13%
c }  9.88 148 29 5 626 9156 4033  6% 8 169890 25522 13%
c 0  9.88 148 29 5 626 9156 4033  6% 8 169890 25522 13%
c 
c --- [ result ] -------------------------------------------------------------
c 
s UNSATISFIABLE
c 
c --- [ run-time profiling ] -------------------------------------------------
c 
c process time taken by individual solving procedures
c (percentage relative to process time for solving)
c 
c         4.99   52.28% simplify
c         4.54   47.55% search
c         4.53   47.42% unstable
c         2.33   24.42% elim
c         1.62   17.01% vivify
c         0.70    7.33% subsume
c         0.09    0.92% ternary
c         0.07    0.75% probe
c         0.01    0.13% lucky
c   =================================
c         9.55   96.68% solve
c 
c last line shows process time for solving
c (percentage relative to total process time)
c 
c --- [ statistics ] ---------------------------------------------------------
c 
c backtracked:               24681       269.56 %  of conflicts
c chronological:              3907        15.83 %  of backtracks
c conflicts:                  9156       958.94    per second
c decisions:                 41220      4317.13    per second
c eliminated:               171491        84.88 %  of all variables
c fixed:                      5034         2.49 %  of all variables
c learned:                    8717        95.21 %  per conflict
c minimized:                 81490        28.91 %  learned literals
c propagations:           15963802         1.67 M  per second
c reduced:                    1195        13.05 %  per conflict
c rephased:                      3      3052.00    interval
c restarts:                    626        14.63    interval
c substituted:                   1         0.00 %  of all variables
c subsumed:                   4122         0.18 %  of all clauses
c strengthened:               9731         0.43 %  of all clauses
c ternary:                    2404         0.30 %  of resolved
c vivified:                    190         0.01 %  of all clauses
c weakened:                 608853         2.85    average size
c 
c seconds are measured in process time for solving
c 
c --- [ resources ] ----------------------------------------------------------
c 
c total process time since initialization:         9.88    seconds
c total real time since initialization:            9.88    seconds
c maximum resident set size of process:          148.81    MB
c 
c --- [ shutting down ] ------------------------------------------------------
c 
c exit 20
