c --- [ banner ] -------------------------------------------------------------
c 
c CaDiCaL Radically Simplified CDCL SAT Solver
c Copyright (c) 2016-2019 Armin Biere, JKU Linz
c 
c Version 1.0.3 cb89cbfa16f47cb7bf1ec6ad9855e7b6d5203c18
c g++ (GCC) 6.3.0 -Wall -Wextra -O3 -DNDEBUG
c Fri Aug 23 08:17:16 CDT 2019 Linux login1 4.4.103-6.38-default x86_64
c 
c --- [ config ] -------------------------------------------------------------
c 
c using 'unsat' configuration (target unsatisfiable instances)
c 
c --- [ proof tracing ] ------------------------------------------------------
c 
c opening file to write '/tmp/6_677_0_three.drat'
c writing binary proof trace to '/tmp/6_677_0_three.drat'
c 
c --- [ parsing input ] ------------------------------------------------------
c 
c reading DIMACS file from '/tmp/6_677_0_three.cnf'
c opening file to read '/tmp/6_677_0_three.cnf'
c found 'p cnf 202048 780985' header
c parsed 780985 clauses in 0.35 seconds process time
c 
c --- [ options ] ------------------------------------------------------------
c 
c   --stabilize=false              (different from default 'true')
c   --walk=false                   (different from default 'true')
c 
c --- [ solving ] ------------------------------------------------------------
c 
c time measured in process time since initialization
c 
c  seconds  reductions  redundant  irredundant
c         MB    restarts       trail       variables
c          level   conflicts       glue          remaining
c 
c *  0.36 97  0 0   0    0    0  0% 0 780480 197214 98%
c {  0.38 99  0 0   0    0    0  0% 0 780480 197214 98%
c -  0.54 104 292 1   9  301  174  5% 4 689664 197214 98%
c i  0.86 109 156 1  71  551  413  7% 7 689664 196583 97%
c I  1.11 109 86 1  80 1009  821  8% 7 689664 196583 97%
c i  1.17 109 72 1  86 1201  969  8% 7 689664 195976 97%
c i  1.18 109 71 1  86 1206  973  8% 7 689664 195942 97%
c i  1.20 109 68 1  86 1280 1028  8% 7 689664 195778 97%
c i  1.20 109 67 1  86 1281 1028  8% 7 689664 194794 96%
c }  1.20 109 67 1  86 1296 1038  8% 6 689664 194774 96%
c 0  1.20 109 67 1  86 1296 1038  8% 6 689664 194774 96%
c 
c --- [ result ] -------------------------------------------------------------
c 
s UNSATISFIABLE
c 
c --- [ run-time profiling ] -------------------------------------------------
c 
c process time taken by individual solving procedures
c (percentage relative to process time for solving)
c 
c         0.84   98.59% search
c         0.82   96.71% unstable
c         0.02    1.88% lucky
c         0.00    0.00% simplify
c   =================================
c         0.85   70.76% solve
c 
c last line shows process time for solving
c (percentage relative to total process time)
c 
c --- [ statistics ] ---------------------------------------------------------
c 
c backtracked:                1645       126.93 %  of conflicts
c chronological:               656        39.88 %  of backtracks
c conflicts:                  1296      1521.13    per second
c decisions:                  9083     10660.80    per second
c fixed:                      7274         3.60 %  of all variables
c learned:                    1235        95.29 %  per conflict
c minimized:                  6543        24.80 %  learned literals
c propagations:            2717345         3.19 M  per second
c rephased:                      1      1296.00    interval
c restarts:                     86        15.07    interval
c subsumed:                    191         0.01 %  of all clauses
c 
c seconds are measured in process time for solving
c 
c --- [ resources ] ----------------------------------------------------------
c 
c total process time since initialization:         1.20    seconds
c total real time since initialization:            1.21    seconds
c maximum resident set size of process:          109.45    MB
c 
c --- [ shutting down ] ------------------------------------------------------
c 
c exit 20
