c --- [ banner ] -------------------------------------------------------------
c 
c CaDiCaL Radically Simplified CDCL SAT Solver
c Copyright (c) 2016-2019 Armin Biere, JKU Linz
c 
c Version 1.0.3 cb89cbfa16f47cb7bf1ec6ad9855e7b6d5203c18
c g++ (GCC) 6.3.0 -Wall -Wextra -O3 -DNDEBUG
c Fri Aug 23 08:17:16 CDT 2019 Linux login1 4.4.103-6.38-default x86_64
c 
c --- [ config ] -------------------------------------------------------------
c 
c using 'unsat' configuration (target unsatisfiable instances)
c 
c --- [ proof tracing ] ------------------------------------------------------
c 
c opening file to write '/tmp/51_198_0_six.drat'
c writing binary proof trace to '/tmp/51_198_0_six.drat'
c 
c --- [ parsing input ] ------------------------------------------------------
c 
c reading DIMACS file from '/tmp/51_198_0_six.cnf'
c opening file to read '/tmp/51_198_0_six.cnf'
c found 'p cnf 50176 399284' header
c parsed 399284 clauses in 0.34 seconds process time
c 
c --- [ options ] ------------------------------------------------------------
c 
c   --stabilize=false              (different from default 'true')
c   --walk=false                   (different from default 'true')
c 
c --- [ solving ] ------------------------------------------------------------
c 
c time measured in process time since initialization
c 
c  seconds  reductions  redundant  irredundant
c         MB    restarts       trail       variables
c          level   conflicts       glue         remaining
c 
c *  0.35 45  0 0   0    0    0  0% 0 365748 48323 96%
c {  0.35 45  0 0   0    0    0  0% 0 365748 48323 96%
c -  0.44 47 97 1  25  306  187  9% 11 351653 48323 96%
c I  0.52 48 81 1  77 1002  638  9% 12 351653 48323 96%
c -  0.68 61 90 2 116 1233  712 10% 12 351653 48323 96%
c -  0.90 61 93 3 167 2624 1309 12% 11 351653 48323 96%
c B  0.94 61 90 3 177 3003 1606 12% 11 351653 48323 96%
c -  1.17 61 79 4 275 4479 1994 11% 11 351653 48323 96%
c d  1.37 63 79 4 307 5001 2348 11% 11 346925 45959 92%
c 2  1.56 62 79 4 307 5001 2348 11% 11 341015 45959 92%
c p  1.72 64 79 4 307 5001 6812 11% 11 341015 45959 92%
c s  2.00 71 76 4 331 5842 7439 11% 11 341015 45959 92%
c v  2.46 71 76 4 331 5842 7439 11% 11 336815 45959 92%
c w  2.60 71 76 4 331 5842 7439 11% 11 336815 45959 92%
c t  2.64 71 76 4 331 5842 7436 11% 11 306579 45959 92%
c e  3.48 67 76 4 331 5842 2986 11% 11 288732 29306 58%
c F  3.81 75 76 4 337 6004 3123  6% 11 288732 29306 58%
c -  3.93 76 71 5 341 6798 1109  8% 11 288732 29306 58%
c -  4.32 76 63 6 487 9427 2621  9% 10 288732 29306 58%
c B  4.35 76 59 6 493 10008 3018  8% 10 288732 29306 58%
c 
c  seconds  reductions   redundant   irredundant
c         MB    restarts        trail        variables
c          level    conflicts       glue          remaining
c 
c i  4.54 76 55 6 538 12065 4651  8% 10 288732 29300 58%
c -  4.68 76 53 7 543 12495 3462  8% 10 287908 29300 58%
c i  4.78 76 48 7 587 14213 4736  7% 9 287908 29293 58%
c i  4.79 76 47 7 587 14452 4874  7% 9 287908 29292 58%
c 3  4.95 76 45 7 592 15001 25377  7% 9 287908 29292 58%
c 2  5.04 76 45 7 592 15001 25375  7% 9 287908 29292 58%
c p  5.23 76 45 7 592 15001 36216  7% 9 287908 29198 58%
c d  5.27 76 45 7 592 15001 32958  7% 9 279986 29196 58%
c d  5.30 76 45 7 592 15001 32929  7% 9 279985 29195 58%
c #  5.30 76 45 7 592 15010 32936  7% 9 279985 29195 58%
c i  5.31 76 44 7 592 15184 33071  7% 9 279985 29194 58%
c i  5.32 76 44 7 592 15347 33159  7% 9 279985 29187 58%
c i  5.32 76 44 7 592 15353 33163  7% 9 279985 29184 58%
c i  5.34 76 43 7 594 15513 33293  7% 9 279985 29178 58%
c i  5.34 76 43 7 594 15514 33293  7% 9 279985 28969 58%
c }  5.34 76 43 7 594 15516 33293  7% 9 279985 28686 57%
c 0  5.34 76 43 7 594 15516 33293  7% 9 279985 28686 57%
c 
c --- [ result ] -------------------------------------------------------------
c 
s UNSATISFIABLE
c 
c --- [ run-time profiling ] -------------------------------------------------
c 
c process time taken by individual solving procedures
c (percentage relative to process time for solving)
c 
c         2.68   53.61% simplify
c         2.31   46.31% search
c         2.31   46.23% unstable
c         0.82   16.51% elim
c         0.54   10.74% vivify
c         0.34    6.89% probe
c         0.31    6.17% ternary
c         0.27    5.45% subsume
c         0.00    0.08% lucky
c   =================================
c         4.99   93.55% solve
c 
c last line shows process time for solving
c (percentage relative to total process time)
c 
c --- [ statistics ] ---------------------------------------------------------
c 
c backtracked:               57728       372.05 %  of conflicts
c chronological:              5619         9.73 %  of backtracks
c conflicts:                 15516      3108.17    per second
c decisions:                 78177     15660.46    per second
c eliminated:                16653        33.19 %  of all variables
c fixed:                      2470         4.92 %  of all variables
c learned:                   13526        87.17 %  per conflict
c minimized:                201971        29.90 %  learned literals
c propagations:            8037741         1.61 M  per second
c reduced:                    3462        22.31 %  per conflict
c rephased:                      5      3103.20    interval
c restarts:                    594        26.12    interval
c substituted:                2367         4.72 %  of all variables
c subsumed:                  12390         0.90 %  of all clauses
c strengthened:               4062         0.30 %  of all clauses
c ternary:                   29526         0.99 %  of resolved
c vivified:                   4429         0.32 %  of all clauses
c weakened:                 109034         4.01    average size
c 
c seconds are measured in process time for solving
c 
c --- [ resources ] ----------------------------------------------------------
c 
c total process time since initialization:         5.34    seconds
c total real time since initialization:            5.34    seconds
c maximum resident set size of process:           75.94    MB
c 
c --- [ shutting down ] ------------------------------------------------------
c 
c exit 20
