c --- [ banner ] -------------------------------------------------------------
c 
c CaDiCaL Radically Simplified CDCL SAT Solver
c Copyright (c) 2016-2019 Armin Biere, JKU Linz
c 
c Version 1.0.3 cb89cbfa16f47cb7bf1ec6ad9855e7b6d5203c18
c g++ (GCC) 6.3.0 -Wall -Wextra -O3 -DNDEBUG
c Fri Aug 23 08:17:16 CDT 2019 Linux login1 4.4.103-6.38-default x86_64
c 
c --- [ config ] -------------------------------------------------------------
c 
c using 'unsat' configuration (target unsatisfiable instances)
c 
c --- [ proof tracing ] ------------------------------------------------------
c 
c opening file to write '/tmp/51_173_0_six.drat'
c writing binary proof trace to '/tmp/51_173_0_six.drat'
c 
c --- [ parsing input ] ------------------------------------------------------
c 
c reading DIMACS file from '/tmp/51_173_0_six.cnf'
c opening file to read '/tmp/51_173_0_six.cnf'
c found 'p cnf 50176 399284' header
c parsed 399284 clauses in 0.15 seconds process time
c 
c --- [ options ] ------------------------------------------------------------
c 
c   --stabilize=false              (different from default 'true')
c   --walk=false                   (different from default 'true')
c 
c --- [ solving ] ------------------------------------------------------------
c 
c time measured in process time since initialization
c 
c  seconds  reductions  redundant  irredundant
c         MB    restarts       trail       variables
c          level   conflicts       glue         remaining
c 
c *  0.15 45  0 0   0    0    0  0% 0 365758 48267 96%
c {  0.16 45  0 0   0    0    0  0% 0 365758 48267 96%
c -  0.24 47 101 1  20  300  194 12% 11 349905 48267 96%
c I  0.30 48 93 1  41 1002  687 11% 11 349905 48267 96%
c -  0.43 60 85 2  54 1232  738 11% 11 349905 48267 96%
c -  0.61 60 71 3 134 2621 1249  9% 11 349905 48267 96%
c B  0.66 60 73 3 198 3006 1550  9% 11 349905 48267 96%
c -  0.92 60 76 4 318 4475 1916 10% 11 349905 48267 96%
c d  1.13 61 75 4 399 5011 2331 10% 11 345201 45915 92%
c 2  1.32 60 75 4 399 5011 2331 10% 11 339321 45915 92%
c p  1.48 63 75 4 399 5011 9353 10% 11 339321 45915 92%
c s  1.79 70 74 4 411 5845 9960 11% 11 339320 45915 92%
c v  2.24 70 74 4 411 5845 9960 11% 11 335318 45915 92%
c w  2.36 70 74 4 411 5845 9955 11% 11 335318 45915 92%
c t  2.40 70 74 4 411 5845 9950 11% 11 303952 45915 92%
c e  3.16 65 74 4 411 5845 3937 11% 11 285929 28956 58%
c s  3.29 70 74 4 411 5845 3936 11% 11 285929 28956 58%
c F  3.47 74 73 4 412 6012 4034  5% 11 285929 28956 58%
c -  3.61 74 69 5 422 6790 1254  9% 11 285929 28956 58%
c i  3.64 74 66 5 422 7175 1546  8% 11 285929 28815 57%
c 
c  seconds  reductions  redundant   irredundant
c         MB    restarts       trail        variables
c          level   conflicts       glue          remaining
c 
c i  3.65 74 65 5 422 7359 1649  8% 11 285929 28811 57%
c i  3.65 74 65 5 422 7370 1656  8% 11 285929 28701 57%
c }  3.65 74 64 5 422 7375 1657  8% 11 285929 28679 57%
c 0  3.65 74 64 5 422 7375 1657  8% 11 285929 28679 57%
c 
c --- [ result ] -------------------------------------------------------------
c 
s UNSATISFIABLE
c 
c --- [ run-time profiling ] -------------------------------------------------
c 
c process time taken by individual solving procedures
c (percentage relative to process time for solving)
c 
c         2.10   60.18% simplify
c         1.39   39.82% search
c         1.39   39.70% unstable
c         0.74   21.28% elim
c         0.50   14.42% vivify
c         0.28    8.12% subsume
c         0.16    4.69% probe
c         0.14    4.12% ternary
c         0.00    0.11% lucky
c   =================================
c         3.50   95.83% solve
c 
c last line shows process time for solving
c (percentage relative to total process time)
c 
c --- [ statistics ] ---------------------------------------------------------
c 
c backtracked:               29290       397.15 %  of conflicts
c chronological:              2758         9.42 %  of backtracks
c conflicts:                  7375      2109.55    per second
c decisions:                 54534     15598.97    per second
c eliminated:                16959        33.80 %  of all variables
c fixed:                      2186         4.36 %  of all variables
c learned:                    6097        82.67 %  per conflict
c minimized:                 71307        23.22 %  learned literals
c propagations:            5038959         1.44 M  per second
c reduced:                    1358        18.41 %  per conflict
c rephased:                      3      2458.33    interval
c restarts:                    422        17.48    interval
c substituted:                2352         4.69 %  of all variables
c subsumed:                  11029         0.86 %  of all clauses
c strengthened:               4308         0.34 %  of all clauses
c vivified:                   4186         0.33 %  of all clauses
c weakened:                 109273         4.02    average size
c 
c seconds are measured in process time for solving
c 
c --- [ resources ] ----------------------------------------------------------
c 
c total process time since initialization:         3.65    seconds
c total real time since initialization:            3.65    seconds
c maximum resident set size of process:           73.91    MB
c 
c --- [ shutting down ] ------------------------------------------------------
c 
c exit 20
