c --- [ banner ] -------------------------------------------------------------
c 
c CaDiCaL Radically Simplified CDCL SAT Solver
c Copyright (c) 2016-2019 Armin Biere, JKU Linz
c 
c Version 1.0.3 cb89cbfa16f47cb7bf1ec6ad9855e7b6d5203c18
c g++ (GCC) 6.3.0 -Wall -Wextra -O3 -DNDEBUG
c Fri Aug 23 08:17:16 CDT 2019 Linux login1 4.4.103-6.38-default x86_64
c 
c --- [ config ] -------------------------------------------------------------
c 
c using 'unsat' configuration (target unsatisfiable instances)
c 
c --- [ proof tracing ] ------------------------------------------------------
c 
c opening file to write '/tmp/51_389_0_six.drat'
c writing binary proof trace to '/tmp/51_389_0_six.drat'
c 
c --- [ parsing input ] ------------------------------------------------------
c 
c reading DIMACS file from '/tmp/51_389_0_six.cnf'
c opening file to read '/tmp/51_389_0_six.cnf'
c found 'p cnf 50176 399284' header
c parsed 399284 clauses in 0.15 seconds process time
c 
c --- [ options ] ------------------------------------------------------------
c 
c   --stabilize=false              (different from default 'true')
c   --walk=false                   (different from default 'true')
c 
c --- [ solving ] ------------------------------------------------------------
c 
c time measured in process time since initialization
c 
c  seconds  reductions  redundant  irredundant
c         MB    restarts       trail       variables
c          level   conflicts       glue         remaining
c 
c *  0.15 45  0 0   0    0    0  0% 0 365779 48225 96%
c {  0.15 45  0 0   0    0    0  0% 0 365779 48225 96%
c -  0.20 47 48 1  20  303  165  6% 9 349035 48225 96%
c i  0.23 47 69 1  68  687  420  7% 14 349035 48189 96%
c i  0.23 47 67 1  71  707  432  7% 13 349035 48181 96%
c i  0.23 47 67 1  71  711  433  7% 13 349035 48179 96%
c i  0.23 47 67 1  71  716  435  7% 13 349035 48113 96%
c }  0.23 47 65 1  71  758  451  7% 13 349035 48077 96%
c 0  0.23 47 65 1  71  758  451  7% 13 349035 48077 96%
c 
c --- [ result ] -------------------------------------------------------------
c 
s UNSATISFIABLE
c 
c --- [ run-time profiling ] -------------------------------------------------
c 
c process time taken by individual solving procedures
c (percentage relative to process time for solving)
c 
c         0.08   95.24% search
c         0.08   95.24% unstable
c         0.00    0.00% simplify
c   =================================
c         0.08   36.21% solve
c 
c last line shows process time for solving
c (percentage relative to total process time)
c 
c --- [ statistics ] ---------------------------------------------------------
c 
c backtracked:                 910       120.05 %  of conflicts
c chronological:               269        29.56 %  of backtracks
c conflicts:                   758      9023.81    per second
c decisions:                  6035     71845.24    per second
c fixed:                      2099         4.18 %  of all variables
c learned:                     535        70.58 %  per conflict
c minimized:                  5841        24.04 %  learned literals
c propagations:             236377         2.81 M  per second
c restarts:                     71        10.68    interval
c subsumed:                     80         0.01 %  of all clauses
c 
c seconds are measured in process time for solving
c 
c --- [ resources ] ----------------------------------------------------------
c 
c total process time since initialization:         0.23    seconds
c total real time since initialization:            0.24    seconds
c maximum resident set size of process:           49.31    MB
c 
c --- [ shutting down ] ------------------------------------------------------
c 
c exit 20
