c --- [ banner ] -------------------------------------------------------------
c 
c CaDiCaL Radically Simplified CDCL SAT Solver
c Copyright (c) 2016-2019 Armin Biere, JKU Linz
c 
c Version 1.0.3 cb89cbfa16f47cb7bf1ec6ad9855e7b6d5203c18
c g++ (GCC) 6.3.0 -Wall -Wextra -O3 -DNDEBUG
c Fri Aug 23 08:17:16 CDT 2019 Linux login1 4.4.103-6.38-default x86_64
c 
c --- [ config ] -------------------------------------------------------------
c 
c using 'unsat' configuration (target unsatisfiable instances)
c 
c --- [ proof tracing ] ------------------------------------------------------
c 
c opening file to write '/tmp/51_563_0_six.drat'
c writing binary proof trace to '/tmp/51_563_0_six.drat'
c 
c --- [ parsing input ] ------------------------------------------------------
c 
c reading DIMACS file from '/tmp/51_563_0_six.cnf'
c opening file to read '/tmp/51_563_0_six.cnf'
c found 'p cnf 50176 399284' header
c parsed 399284 clauses in 0.19 seconds process time
c 
c --- [ options ] ------------------------------------------------------------
c 
c   --stabilize=false              (different from default 'true')
c   --walk=false                   (different from default 'true')
c 
c --- [ solving ] ------------------------------------------------------------
c 
c time measured in process time since initialization
c 
c  seconds  reductions  redundant  irredundant
c         MB    restarts       trail       variables
c          level   conflicts       glue         remaining
c 
c *  0.19 45  0 0   0    0    0  0% 0 365749 48215 96%
c {  0.20 45  0 0   0    0    0  0% 0 365749 48215 96%
c -  0.27 47 72 1  43  304  227  8% 11 349033 48215 96%
c I  0.32 47 64 1  77 1004  702  8% 12 349033 48215 96%
c -  0.44 59 65 2  77 1233  774  8% 11 349033 48215 96%
c -  0.62 59 58 3 134 2624 1293  9% 11 349033 48215 96%
c B  0.65 59 55 3 148 3006 1554  9% 10 349033 48215 96%
c -  0.87 59 63 4 269 4475 1923 10% 11 349033 48215 96%
c d  1.08 60 63 4 304 5010 2336 10% 11 344341 45869 91%
c 2  1.28 60 63 4 304 5010 2336 10% 11 338476 45869 91%
c p  1.48 62 63 4 304 5010 11235 10% 11 338476 45869 91%
c s  1.80 70 61 4 330 5848 11886 10% 11 338476 45869 91%
c v  2.26 70 61 4 330 5848 11886 10% 11 334914 45869 91%
c w  2.38 70 61 4 330 5848 11884 10% 11 334914 45869 91%
c t  2.43 70 61 4 330 5848 11882 10% 11 303079 45869 91%
c e  3.27 65 61 4 330 5848 5388 10% 11 284588 28818 57%
c F  3.66 74 60 4 337 6012 5527  6% 11 284588 28818 57%
c -  3.84 74 56 5 359 6793 1287  9% 11 284588 28818 57%
c i  3.93 74 55 5 368 7387 1717  9% 10 284588 28743 57%
c i  3.93 74 55 5 368 7405 1728  9% 10 284588 28733 57%
c 
c  seconds  reductions  redundant   irredundant
c         MB    restarts       trail        variables
c          level   conflicts       glue          remaining
c 
c }  3.93 74 55 5 368 7440 1747  9% 10 284588 28261 56%
c 0  3.93 74 55 5 368 7440 1747  9% 10 284588 28261 56%
c 
c --- [ result ] -------------------------------------------------------------
c 
s UNSATISFIABLE
c 
c --- [ run-time profiling ] -------------------------------------------------
c 
c process time taken by individual solving procedures
c (percentage relative to process time for solving)
c 
c         2.26   60.43% simplify
c         1.48   39.57% search
c         1.48   39.47% unstable
c         0.83   22.25% elim
c         0.52   14.01% vivify
c         0.27    7.27% subsume
c         0.20    5.24% probe
c         0.16    4.17% ternary
c         0.00    0.11% lucky
c   =================================
c         3.74   95.12% solve
c 
c last line shows process time for solving
c (percentage relative to total process time)
c 
c --- [ statistics ] ---------------------------------------------------------
c 
c backtracked:               28270       379.97 %  of conflicts
c chronological:              2800         9.90 %  of backtracks
c conflicts:                  7440      1989.30    per second
c decisions:                 40759     10898.13    per second
c eliminated:                17051        33.98 %  of all variables
c fixed:                      2518         5.02 %  of all variables
c learned:                    6118        82.23 %  per conflict
c minimized:                 85224        25.99 %  learned literals
c propagations:            4881624         1.31 M  per second
c reduced:                    1423        19.13 %  per conflict
c rephased:                      3      2480.00    interval
c restarts:                    368        20.22    interval
c substituted:                2346         4.68 %  of all variables
c subsumed:                  10612         0.83 %  of all clauses
c strengthened:               3761         0.29 %  of all clauses
c vivified:                   3646         0.28 %  of all clauses
c weakened:                 109735         4.02    average size
c 
c seconds are measured in process time for solving
c 
c --- [ resources ] ----------------------------------------------------------
c 
c total process time since initialization:         3.93    seconds
c total real time since initialization:            3.93    seconds
c maximum resident set size of process:           73.89    MB
c 
c --- [ shutting down ] ------------------------------------------------------
c 
c exit 20
