c --- [ banner ] -------------------------------------------------------------
c 
c CaDiCaL Radically Simplified CDCL SAT Solver
c Copyright (c) 2016-2019 Armin Biere, JKU Linz
c 
c Version 1.0.3 cb89cbfa16f47cb7bf1ec6ad9855e7b6d5203c18
c g++ (GCC) 6.3.0 -Wall -Wextra -O3 -DNDEBUG
c Fri Aug 23 08:17:16 CDT 2019 Linux login1 4.4.103-6.38-default x86_64
c 
c --- [ config ] -------------------------------------------------------------
c 
c using 'unsat' configuration (target unsatisfiable instances)
c 
c --- [ proof tracing ] ------------------------------------------------------
c 
c opening file to write '/tmp/42_1278_0_four.drat'
c writing binary proof trace to '/tmp/42_1278_0_four.drat'
c 
c --- [ parsing input ] ------------------------------------------------------
c 
c reading DIMACS file from '/tmp/42_1278_0_four.cnf'
c opening file to read '/tmp/42_1278_0_four.cnf'
c found 'p cnf 259840 1039929' header
c parsed 1039929 clauses in 0.47 seconds process time
c 
c --- [ options ] ------------------------------------------------------------
c 
c   --stabilize=false              (different from default 'true')
c   --walk=false                   (different from default 'true')
c 
c --- [ solving ] ------------------------------------------------------------
c 
c time measured in process time since initialization
c 
c  seconds   reductions  redundant   irredundant
c          MB    restarts       trail        variables
c           level   conflicts       glue           remaining
c 
c *  0.49 139  0 0   0    0    0  0% 0 1039424 253324 97%
c {  0.51 142  0 0   0    0    0  0% 0 1039424 253324 97%
c -  0.72 147 319 1   8  301  181  5% 4 913966 253324 97%
c i  0.94 147 132 1  79  616  459  5% 6 913966 253200 97%
c i  1.16 147 80 1 122  989  770  6% 7 913966 250544 96%
c i  1.16 147 80 1 122  990  770  6% 6 913966 250510 96%
c I  1.16 147 79 1 122 1002  781  6% 6 913966 250510 96%
c }  1.16 147 78 1 122 1004  781  6% 6 913966 249858 96%
c 0  1.16 147 78 1 122 1004  781  6% 6 913966 249858 96%
c 
c --- [ result ] -------------------------------------------------------------
c 
s UNSATISFIABLE
c 
c --- [ run-time profiling ] -------------------------------------------------
c 
c process time taken by individual solving procedures
c (percentage relative to process time for solving)
c 
c         0.68   97.13% search
c         0.66   94.25% unstable
c         0.02    2.87% lucky
c         0.00    0.00% simplify
c   =================================
c         0.70   59.79% solve
c 
c last line shows process time for solving
c (percentage relative to total process time)
c 
c --- [ statistics ] ---------------------------------------------------------
c 
c backtracked:                1335       132.97 %  of conflicts
c chronological:               550        41.20 %  of backtracks
c conflicts:                  1004      1442.53    per second
c decisions:                  6155      8843.39    per second
c fixed:                      9982         3.84 %  of all variables
c learned:                     927        92.33 %  per conflict
c minimized:                  3132        18.48 %  learned literals
c propagations:            1894432         2.72 M  per second
c rephased:                      1      1004.00    interval
c restarts:                    122         8.23    interval
c subsumed:                    142         0.01 %  of all clauses
c 
c seconds are measured in process time for solving
c 
c --- [ resources ] ----------------------------------------------------------
c 
c total process time since initialization:         1.16    seconds
c total real time since initialization:            1.17    seconds
c maximum resident set size of process:          154.76    MB
c 
c --- [ shutting down ] ------------------------------------------------------
c 
c exit 20
