c --- [ banner ] -------------------------------------------------------------
c 
c CaDiCaL Radically Simplified CDCL SAT Solver
c Copyright (c) 2016-2019 Armin Biere, JKU Linz
c 
c Version 1.0.3 cb89cbfa16f47cb7bf1ec6ad9855e7b6d5203c18
c g++ (GCC) 6.3.0 -Wall -Wextra -O3 -DNDEBUG
c Fri Aug 23 08:17:16 CDT 2019 Linux login1 4.4.103-6.38-default x86_64
c 
c --- [ config ] -------------------------------------------------------------
c 
c using 'unsat' configuration (target unsatisfiable instances)
c 
c --- [ proof tracing ] ------------------------------------------------------
c 
c opening file to write '/tmp/42_582_0_four.drat'
c writing binary proof trace to '/tmp/42_582_0_four.drat'
c 
c --- [ parsing input ] ------------------------------------------------------
c 
c reading DIMACS file from '/tmp/42_582_0_four.cnf'
c opening file to read '/tmp/42_582_0_four.cnf'
c found 'p cnf 259840 1039929' header
c parsed 1039929 clauses in 0.44 seconds process time
c 
c --- [ options ] ------------------------------------------------------------
c 
c   --stabilize=false              (different from default 'true')
c   --walk=false                   (different from default 'true')
c 
c --- [ solving ] ------------------------------------------------------------
c 
c time measured in process time since initialization
c 
c  seconds   reductions  redundant   irredundant
c          MB    restarts       trail        variables
c           level   conflicts       glue           remaining
c 
c *  0.46 139  0 0   0    0    0  0% 0 1039424 252954 97%
c {  0.47 142  0 0   0    0    0  0% 0 1039424 252954 97%
c -  0.68 147 287 1  16  301  193  5% 5 909716 252954 97%
c I  1.16 147 78 1 149 1002  821  6% 8 909716 252954 97%
c -  1.83 177 61 2 209 1478 1197  7% 8 909716 252954 97%
c i  2.58 177 40 2 273 2781 2349  8% 8 909716 252830 97%
c B  2.81 177 40 2 319 3008 2542  8% 8 909716 252830 97%
c -  3.15 177 38 3 335 3242 2245  8% 9 907622 252830 97%
c i  3.20 177 38 3 344 3281 2280  8% 9 907622 252714 97%
c s  4.26 203 37 3 382 4078 2940  9% 9 907622 252714 97%
c v  5.44 203 37 3 382 4078 2940  9% 9 907578 252714 97%
c w  5.76 203 37 3 382 4078 2936  9% 9 907578 252714 97%
c t  5.82 203 37 3 382 4078 2936  9% 9 907125 252714 97%
c e  8.42 198 37 3 382 4078   52  9% 9 222962 27696 11%
c s  8.66 204 37 3 382 4078   51  9% 9 222736 27696 11%
c e  8.96 204 37 3 382 4078   48  9% 9 222736 27609 11%
c i  9.14 146 37 3 385 4125   86  4% 9 222736 27571 11%
c 3  9.26 146 36 3 430 5000 3321  6% 9 222736 27557 11%
c 3  9.27 146 36 3 430 5000 3484  6% 9 222736 27557 11%
c d  9.32 146 36 3 430 5000 3442  6% 9 220336 27552 11%
c 
c  seconds   reductions  redundant  irredundant
c          MB    restarts       trail       variables
c           level   conflicts       glue         remaining
c 
c 2  9.34 146 36 3 430 5000 3432  6% 9 220110 27439 11%
c p  9.49 146 36 3 430 5000 5524  6% 9 220110 27424 11%
c d  9.51 146 36 3 430 5000 5374  6% 9 218703 27422 11%
c d  9.53 146 36 3 430 5000 5373  6% 9 218531 27337 11%
c -  9.62 146 35 4 471 5591 1606  6% 9 218531 27337 11%
c F  9.68 146 34 4 483 6009 1959  6% 8 218531 27337 11%
c i  9.77 146 31 4 505 7044 2864  7% 8 218531 27325 11%
c i  9.77 146 30 4 505 7108 2899  7% 8 218531 27300 11%
c i  9.77 146 30 4 505 7109 2899  7% 8 218531 27177 10%
c i  9.77 146 30 4 505 7113 2902  7% 8 218531 27170 10%
c }  9.78 146 30 4 505 7116 2902  7% 8 218531 26708 10%
c 0  9.78 146 30 4 505 7116 2902  7% 8 218531 26708 10%
c 
c --- [ result ] -------------------------------------------------------------
c 
s UNSATISFIABLE
c 
c --- [ run-time profiling ] -------------------------------------------------
c 
c process time taken by individual solving procedures
c (percentage relative to process time for solving)
c 
c         5.37   57.47% simplify
c         3.95   42.31% search
c         3.94   42.14% unstable
c         2.83   30.32% elim
c         1.37   14.69% vivify
c         0.77    8.27% subsume
c         0.14    1.54% probe
c         0.08    0.90% ternary
c         0.02    0.17% lucky
c   =================================
c         9.34   95.54% solve
c 
c last line shows process time for solving
c (percentage relative to total process time)
c 
c --- [ statistics ] ---------------------------------------------------------
c 
c backtracked:               26420       371.28 %  of conflicts
c chronological:              2870        10.86 %  of backtracks
c conflicts:                  7116       761.88    per second
c decisions:                 29538      3162.53    per second
c eliminated:               225104        86.63 %  of all variables
c fixed:                      7823         3.01 %  of all variables
c learned:                    6593        92.65 %  per conflict
c minimized:                 57234        24.06 %  learned literals
c propagations:           13933303         1.49 M  per second
c reduced:                     534         7.50 %  per conflict
c rephased:                      3      2372.00    interval
c restarts:                    505        14.09    interval
c substituted:                 205         0.08 %  of all variables
c subsumed:                   5984         0.20 %  of all clauses
c strengthened:              14759         0.49 %  of all clauses
c ternary:                    3099         0.30 %  of resolved
c vivified:                    119         0.00 %  of all clauses
c weakened:                 795718         2.83    average size
c 
c seconds are measured in process time for solving
c 
c --- [ resources ] ----------------------------------------------------------
c 
c total process time since initialization:         9.78    seconds
c total real time since initialization:            9.77    seconds
c maximum resident set size of process:          204.27    MB
c 
c --- [ shutting down ] ------------------------------------------------------
c 
c exit 20
