c --- [ banner ] -------------------------------------------------------------
c 
c CaDiCaL Radically Simplified CDCL SAT Solver
c Copyright (c) 2016-2019 Armin Biere, JKU Linz
c 
c Version 1.0.3 cb89cbfa16f47cb7bf1ec6ad9855e7b6d5203c18
c g++ (GCC) 6.3.0 -Wall -Wextra -O3 -DNDEBUG
c Fri Aug 23 08:17:16 CDT 2019 Linux login1 4.4.103-6.38-default x86_64
c 
c --- [ config ] -------------------------------------------------------------
c 
c using 'unsat' configuration (target unsatisfiable instances)
c 
c --- [ proof tracing ] ------------------------------------------------------
c 
c opening file to write '/tmp/42_594_0_four.drat'
c writing binary proof trace to '/tmp/42_594_0_four.drat'
c 
c --- [ parsing input ] ------------------------------------------------------
c 
c reading DIMACS file from '/tmp/42_594_0_four.cnf'
c opening file to read '/tmp/42_594_0_four.cnf'
c found 'p cnf 259840 1039929' header
c parsed 1039929 clauses in 0.45 seconds process time
c 
c --- [ options ] ------------------------------------------------------------
c 
c   --stabilize=false              (different from default 'true')
c   --walk=false                   (different from default 'true')
c 
c --- [ solving ] ------------------------------------------------------------
c 
c time measured in process time since initialization
c 
c  seconds   reductions  redundant   irredundant
c          MB    restarts       trail        variables
c           level   conflicts       glue           remaining
c 
c *  0.47 139  0 0   0    0    0  0% 0 1039424 253452 98%
c {  0.48 141  0 0   0    0    0  0% 0 1039424 253452 98%
c -  0.69 147 287 1  16  301  193  5% 5 916063 253452 98%
c i  0.94 147 129 1  91  633  487  6% 7 916063 253451 98%
c i  0.94 147 128 1  92  638  489  6% 7 916063 252556 97%
c i  0.97 147 119 1  96  697  540  6% 7 916063 252155 97%
c I  1.12 147 83 1 111 1002  790  8% 7 916063 251204 97%
c i  1.18 147 71 1 111 1184  915  8% 7 916063 243444 94%
c i  1.18 147 71 1 111 1186  916  8% 7 916063 243442 94%
c i  1.18 147 71 1 111 1197  924  8% 7 916063 242055 93%
c i  1.19 147 70 1 111 1216  938  8% 7 916063 241936 93%
c i  1.19 147 70 1 111 1217  938  8% 7 916063 241860 93%
c i  1.19 147 70 1 111 1229  941  8% 7 916063 241638 93%
c i  1.19 147 69 1 111 1234  943  8% 7 916063 241459 93%
c i  1.19 147 69 1 111 1238  944  8% 7 916063 241169 93%
c }  1.19 147 69 1 111 1245  939  8% 7 916063 241043 93%
c 0  1.19 147 69 1 111 1245  939  8% 7 916063 241043 93%
c 
c --- [ result ] -------------------------------------------------------------
c 
s UNSATISFIABLE
c 
c --- [ run-time profiling ] -------------------------------------------------
c 
c process time taken by individual solving procedures
c (percentage relative to process time for solving)
c 
c         0.72   97.84% search
c         0.71   95.68% unstable
c         0.02    2.16% lucky
c         0.00    0.00% simplify
c   =================================
c         0.74   62.08% solve
c 
c last line shows process time for solving
c (percentage relative to total process time)
c 
c --- [ statistics ] ---------------------------------------------------------
c 
c backtracked:                1596       128.19 %  of conflicts
c chronological:               591        37.03 %  of backtracks
c conflicts:                  1245      1682.43    per second
c decisions:                  7806     10548.65    per second
c fixed:                     18797         7.23 %  of all variables
c learned:                    1111        89.24 %  per conflict
c minimized:                  5026        17.98 %  learned literals
c propagations:            2431761         3.29 M  per second
c rephased:                      1      1245.00    interval
c restarts:                    111        11.22    interval
c subsumed:                    156         0.01 %  of all clauses
c 
c seconds are measured in process time for solving
c 
c --- [ resources ] ----------------------------------------------------------
c 
c total process time since initialization:         1.19    seconds
c total real time since initialization:            1.19    seconds
c maximum resident set size of process:          154.27    MB
c 
c --- [ shutting down ] ------------------------------------------------------
c 
c exit 20
