c --- [ banner ] -------------------------------------------------------------
c 
c CaDiCaL Radically Simplified CDCL SAT Solver
c Copyright (c) 2016-2019 Armin Biere, JKU Linz
c 
c Version 1.0.3 cb89cbfa16f47cb7bf1ec6ad9855e7b6d5203c18
c g++ (GCC) 6.3.0 -Wall -Wextra -O3 -DNDEBUG
c Fri Aug 23 08:17:16 CDT 2019 Linux login1 4.4.103-6.38-default x86_64
c 
c --- [ config ] -------------------------------------------------------------
c 
c using 'unsat' configuration (target unsatisfiable instances)
c 
c --- [ proof tracing ] ------------------------------------------------------
c 
c opening file to write '/tmp/21_1271_0_four.drat'
c writing binary proof trace to '/tmp/21_1271_0_four.drat'
c 
c --- [ parsing input ] ------------------------------------------------------
c 
c reading DIMACS file from '/tmp/21_1271_0_four.cnf'
c opening file to read '/tmp/21_1271_0_four.cnf'
c found 'p cnf 43008 265790' header
c parsed 265790 clauses in 0.17 seconds process time
c 
c --- [ options ] ------------------------------------------------------------
c 
c   --stabilize=false              (different from default 'true')
c   --walk=false                   (different from default 'true')
c 
c --- [ solving ] ------------------------------------------------------------
c 
c time measured in process time since initialization
c 
c  seconds  reductions  redundant  irredundant
c         MB    restarts       trail       variables
c          level   conflicts       glue         remaining
c 
c *  0.17 31  0 0   0    0    0  0% 0 240737 41542 97%
c {  0.17 31  0 0   0    0    0  0% 0 240737 41542 97%
c -  0.21 32 39 1  24  300  236  7% 9 233672 41542 97%
c I  0.26 34 49 1  39 1002  766  9% 8 233672 41542 97%
c -  0.33 42 45 2  39 1121  746  9% 8 233672 41542 97%
c -  0.45 42 36 3  77 2352 1292  8% 7 233672 41542 97%
c B  0.51 42 37 3 146 3003 1850  9% 7 233672 41542 97%
c i  0.60 42 35 3 236 3888 2619  9% 8 233672 41512 97%
c -  0.66 42 36 4 240 3997 1893  9% 8 232944 41512 97%
c d  0.87 43 33 4 323 5003 2740  9% 8 229810 39945 93%
c 2  1.00 43 33 4 323 5003 2740  9% 8 227461 39945 93%
c p  1.14 45 33 4 323 5003 10408  9% 8 227461 38351 89%
c }  1.14 45 33 4 323 5003 10408  9% 8 227461 38351 89%
c 0  1.14 45 33 4 323 5003 10408  9% 8 227461 38351 89%
c 
c --- [ result ] -------------------------------------------------------------
c 
s UNSATISFIABLE
c 
c --- [ run-time profiling ] -------------------------------------------------
c 
c process time taken by individual solving procedures
c (percentage relative to process time for solving)
c 
c         0.60   61.32% search
c         0.60   61.32% unstable
c         0.38   38.68% simplify
c         0.14   14.40% probe
c         0.10   10.70% ternary
c   =================================
c         0.97   84.97% solve
c 
c last line shows process time for solving
c (percentage relative to total process time)
c 
c --- [ statistics ] ---------------------------------------------------------
c 
c backtracked:               16251       324.83 %  of conflicts
c chronological:              2177        13.40 %  of backtracks
c conflicts:                  5003      5147.12    per second
c decisions:                 23481     24157.41    per second
c fixed:                      3090         7.18 %  of all variables
c learned:                    4419        88.33 %  per conflict
c minimized:                 50791        29.19 %  learned literals
c propagations:            2559673         2.63 M  per second
c reduced:                    1160        23.19 %  per conflict
c rephased:                      2      2501.50    interval
c restarts:                    323        15.49    interval
c substituted:                1567         3.64 %  of all variables
c subsumed:                   2663         0.36 %  of all clauses
c weakened:                   3134         2.00    average size
c 
c seconds are measured in process time for solving
c 
c --- [ resources ] ----------------------------------------------------------
c 
c total process time since initialization:         1.14    seconds
c total real time since initialization:            1.15    seconds
c maximum resident set size of process:           48.17    MB
c 
c --- [ shutting down ] ------------------------------------------------------
c 
c exit 20
