c --- [ banner ] -------------------------------------------------------------
c 
c CaDiCaL Radically Simplified CDCL SAT Solver
c Copyright (c) 2016-2019 Armin Biere, JKU Linz
c 
c Version 1.0.3 cb89cbfa16f47cb7bf1ec6ad9855e7b6d5203c18
c g++ (GCC) 6.3.0 -Wall -Wextra -O3 -DNDEBUG
c Fri Aug 23 08:17:16 CDT 2019 Linux login1 4.4.103-6.38-default x86_64
c 
c --- [ config ] -------------------------------------------------------------
c 
c using 'unsat' configuration (target unsatisfiable instances)
c 
c --- [ proof tracing ] ------------------------------------------------------
c 
c opening file to write '/tmp/21_1010_0_four.drat'
c writing binary proof trace to '/tmp/21_1010_0_four.drat'
c 
c --- [ parsing input ] ------------------------------------------------------
c 
c reading DIMACS file from '/tmp/21_1010_0_four.cnf'
c opening file to read '/tmp/21_1010_0_four.cnf'
c found 'p cnf 43008 265790' header
c parsed 265790 clauses in 0.10 seconds process time
c 
c --- [ options ] ------------------------------------------------------------
c 
c   --stabilize=false              (different from default 'true')
c   --walk=false                   (different from default 'true')
c 
c --- [ solving ] ------------------------------------------------------------
c 
c time measured in process time since initialization
c 
c  seconds  reductions  redundant  irredundant
c         MB    restarts       trail       variables
c          level   conflicts       glue         remaining
c 
c *  0.10 31  0 0   0    0    0  0% 0 240740 41552 97%
c {  0.10 31  0 0   0    0    0  0% 0 240740 41552 97%
c -  0.14 33 58 1  33  307  221  7% 9 233672 41552 97%
c I  0.17 34 39 1  66 1002  749  7% 8 233672 41552 97%
c -  0.22 42 37 2  66 1135  740  7% 7 233672 41552 97%
c -  0.34 42 32 3 148 2366 1423  7% 8 233672 41552 97%
c B  0.39 42 32 3 215 3003 1966  8% 8 233672 41552 97%
c -  0.50 42 35 4 318 4008 2115  8% 8 233672 41552 97%
c d  0.66 43 36 4 394 5003 2987  8% 8 230528 39980 93%
c 2  0.76 44 36 4 394 5003 2987  8% 8 228170 39980 93%
c p  1.00 46 36 4 394 5003 5185  8% 8 228170 39764 92%
c d  1.04 46 36 4 394 5003 4644  8% 8 222413 39761 92%
c d  1.06 46 36 4 394 5003 4618  8% 8 222390 39756 92%
c s  1.17 40 37 4 405 5069 4677  8% 8 222384 39756 92%
c v  1.36 47 37 4 405 5069 4677  8% 8 219802 39756 92%
c w  1.42 48 37 4 405 5069 4660  8% 8 219802 39756 92%
c t  1.44 48 37 4 405 5069 4637  8% 8 199449 39755 92%
c e  1.85 49 37 4 405 5069 1228  8% 8 181319 22971 53%
c s  1.90 52 37 4 405 5069 1212  8% 8 181319 22971 53%
c F  2.05 55 36 4 492 6012 2029  6% 8 181319 22971 53%
c 
c  seconds  reductions  redundant  irredundant
c         MB    restarts       trail       variables
c          level   conflicts       glue         remaining
c 
c -  2.07 55 36 5 493 6060 1378  5% 8 181319 22971 53%
c i  2.08 56 36 5 493 6128 1428  5% 8 181319 22970 53%
c i  2.13 56 34 5 511 6982 2098  5% 8 181319 22951 53%
c -  2.22 56 32 6 603 8325 2347  5% 8 179133 22951 53%
c i  2.22 56 32 6 627 8467 2468  5% 8 179133 22947 53%
c i  2.22 56 32 6 627 8471 2471  5% 8 179133 22942 53%
c i  2.23 56 32 6 627 8504 2495  5% 8 179133 22865 53%
c }  2.23 56 32 6 627 8515 2500  5% 8 179133 22418 52%
c 0  2.23 56 32 6 627 8515 2500  5% 8 179133 22418 52%
c 
c --- [ result ] -------------------------------------------------------------
c 
s UNSATISFIABLE
c 
c --- [ run-time profiling ] -------------------------------------------------
c 
c process time taken by individual solving procedures
c (percentage relative to process time for solving)
c 
c         1.27   59.47% simplify
c         0.86   40.53% search
c         0.86   40.34% unstable
c         0.40   18.57% elim
c         0.24   11.44% probe
c         0.21    9.94% vivify
c         0.15    6.94% subsume
c         0.07    3.38% ternary
c         0.00    0.19% lucky
c   =================================
c         2.13   95.69% solve
c 
c last line shows process time for solving
c (percentage relative to total process time)
c 
c --- [ statistics ] ---------------------------------------------------------
c 
c backtracked:               49394       580.08 %  of conflicts
c chronological:              3456         7.00 %  of backtracks
c conflicts:                  8515      3993.90    per second
c decisions:                 44142     20704.50    per second
c eliminated:                16784        39.03 %  of all variables
c fixed:                      2226         5.18 %  of all variables
c learned:                    7642        89.75 %  per conflict
c minimized:                 80474        28.75 %  learned literals
c propagations:            4396557         2.06 M  per second
c reduced:                    1698        19.94 %  per conflict
c rephased:                      3      2838.33    interval
c restarts:                    627        13.58    interval
c substituted:                1580         3.67 %  of all variables
c subsumed:                   5846         0.68 %  of all clauses
c strengthened:               3561         0.42 %  of all clauses
c vivified:                   2705         0.32 %  of all clauses
c weakened:                  80602         3.72    average size
c 
c seconds are measured in process time for solving
c 
c --- [ resources ] ----------------------------------------------------------
c 
c total process time since initialization:         2.23    seconds
c total real time since initialization:            2.23    seconds
c maximum resident set size of process:           55.56    MB
c 
c --- [ shutting down ] ------------------------------------------------------
c 
c exit 20
