c --- [ banner ] -------------------------------------------------------------
c 
c CaDiCaL Radically Simplified CDCL SAT Solver
c Copyright (c) 2016-2019 Armin Biere, JKU Linz
c 
c Version 1.0.3 cb89cbfa16f47cb7bf1ec6ad9855e7b6d5203c18
c g++ (GCC) 6.3.0 -Wall -Wextra -O3 -DNDEBUG
c Fri Aug 23 08:17:16 CDT 2019 Linux login1 4.4.103-6.38-default x86_64
c 
c --- [ config ] -------------------------------------------------------------
c 
c using 'unsat' configuration (target unsatisfiable instances)
c 
c --- [ proof tracing ] ------------------------------------------------------
c 
c opening file to write '/tmp/21_898_0_four.drat'
c writing binary proof trace to '/tmp/21_898_0_four.drat'
c 
c --- [ parsing input ] ------------------------------------------------------
c 
c reading DIMACS file from '/tmp/21_898_0_four.cnf'
c opening file to read '/tmp/21_898_0_four.cnf'
c found 'p cnf 43008 265790' header
c parsed 265790 clauses in 0.18 seconds process time
c 
c --- [ options ] ------------------------------------------------------------
c 
c   --stabilize=false              (different from default 'true')
c   --walk=false                   (different from default 'true')
c 
c --- [ solving ] ------------------------------------------------------------
c 
c time measured in process time since initialization
c 
c  seconds  reductions  redundant  irredundant
c         MB    restarts       trail       variables
c          level   conflicts       glue         remaining
c 
c *  0.18 31  0 0   0    0    0  0% 0 240732 41486 96%
c {  0.18 31  0 0   0    0    0  0% 0 240732 41486 96%
c -  0.25 33 38 1  18  300  239  7% 7 232520 41486 96%
c I  0.32 34 47 1  50 1005  699  8% 8 232520 41486 96%
c -  0.44 42 51 2  50 1122  664  8% 7 232520 41486 96%
c -  0.64 42 42 3  94 2351 1318  9% 7 232520 41486 96%
c i  0.66 42 40 3 101 2494 1440  9% 7 232520 41480 96%
c B  0.72 42 38 3 138 3007 1858  9% 7 232520 41480 96%
c i  0.80 42 35 3 201 3730 2477  9% 7 232520 41431 96%
c -  0.87 42 34 4 229 3991 1912  9% 7 231219 41431 96%
c i  0.93 42 31 4 284 4634 2449  9% 7 231219 41411 96%
c i  0.94 42 31 4 291 4733 2507  9% 7 231219 41399 96%
c i  0.94 42 30 4 291 4751 2512  9% 7 231219 41323 96%
c }  0.95 42 30 4 291 4790 2549  9% 7 231219 40911 95%
c 0  0.95 42 30 4 291 4790 2549  9% 7 231219 40911 95%
c 
c --- [ result ] -------------------------------------------------------------
c 
s UNSATISFIABLE
c 
c --- [ run-time profiling ] -------------------------------------------------
c 
c process time taken by individual solving procedures
c (percentage relative to process time for solving)
c 
c         0.77  100.00% search
c         0.77   99.48% unstable
c         0.00    0.52% lucky
c         0.00    0.00% simplify
c   =================================
c         0.77   81.43% solve
c 
c last line shows process time for solving
c (percentage relative to total process time)
c 
c --- [ statistics ] ---------------------------------------------------------
c 
c backtracked:                5821       121.52 %  of conflicts
c chronological:              2000        34.36 %  of backtracks
c conflicts:                  4790      6204.66    per second
c decisions:                 22597     29270.73    per second
c fixed:                      2097         4.88 %  of all variables
c learned:                    4102        85.64 %  per conflict
c minimized:                 45471        29.24 %  learned literals
c propagations:            1896357         2.46 M  per second
c reduced:                    1027        21.44 %  per conflict
c rephased:                      2      2395.00    interval
c restarts:                    291        16.46    interval
c subsumed:                    289         0.06 %  of all clauses
c 
c seconds are measured in process time for solving
c 
c --- [ resources ] ----------------------------------------------------------
c 
c total process time since initialization:         0.95    seconds
c total real time since initialization:            0.95    seconds
c maximum resident set size of process:           48.50    MB
c 
c --- [ shutting down ] ------------------------------------------------------
c 
c exit 20
