c --- [ banner ] -------------------------------------------------------------
c 
c CaDiCaL Radically Simplified CDCL SAT Solver
c Copyright (c) 2016-2019 Armin Biere, JKU Linz
c 
c Version 1.0.3 cb89cbfa16f47cb7bf1ec6ad9855e7b6d5203c18
c g++ (GCC) 6.3.0 -Wall -Wextra -O3 -DNDEBUG
c Fri Aug 23 08:17:16 CDT 2019 Linux login1 4.4.103-6.38-default x86_64
c 
c --- [ config ] -------------------------------------------------------------
c 
c using 'unsat' configuration (target unsatisfiable instances)
c 
c --- [ proof tracing ] ------------------------------------------------------
c 
c opening file to write '/tmp/41_273_0_four.drat'
c writing binary proof trace to '/tmp/41_273_0_four.drat'
c 
c --- [ parsing input ] ------------------------------------------------------
c 
c reading DIMACS file from '/tmp/41_273_0_four.cnf'
c opening file to read '/tmp/41_273_0_four.cnf'
c found 'p cnf 259840 1039929' header
c parsed 1039929 clauses in 0.45 seconds process time
c 
c --- [ options ] ------------------------------------------------------------
c 
c   --stabilize=false              (different from default 'true')
c   --walk=false                   (different from default 'true')
c 
c --- [ solving ] ------------------------------------------------------------
c 
c time measured in process time since initialization
c 
c  seconds   reductions  redundant   irredundant
c          MB    restarts       trail        variables
c           level   conflicts       glue           remaining
c 
c *  0.47 139  0 0   0    0    0  0% 0 1039424 252847 97%
c {  0.49 142  0 0   0    0    0  0% 0 1039424 252847 97%
c }  0.59 148 300 0  14  298  185  5% 5 1039424 252792 97%
c 0  0.59 148 300 0  14  298  185  5% 5 1039424 252792 97%
c 
c --- [ result ] -------------------------------------------------------------
c 
s UNSATISFIABLE
c 
c --- [ run-time profiling ] -------------------------------------------------
c 
c process time taken by individual solving procedures
c (percentage relative to process time for solving)
c 
c         0.12   83.33% search
c         0.10   72.22% unstable
c         0.02   11.11% lucky
c         0.00    0.00% simplify
c   =================================
c         0.14   24.32% solve
c 
c last line shows process time for solving
c (percentage relative to total process time)
c 
c --- [ statistics ] ---------------------------------------------------------
c 
c backtracked:                 430       144.30 %  of conflicts
c chronological:               242        56.28 %  of backtracks
c conflicts:                   298      2069.44    per second
c decisions:                  2657     18451.39    per second
c fixed:                      7048         2.71 %  of all variables
c learned:                     288        96.64 %  per conflict
c minimized:                   103         4.85 %  learned literals
c propagations:             199233         1.38 M  per second
c restarts:                     14        21.29    interval
c subsumed:                    102         0.00 %  of all clauses
c 
c seconds are measured in process time for solving
c 
c --- [ resources ] ----------------------------------------------------------
c 
c total process time since initialization:         0.59    seconds
c total real time since initialization:            0.59    seconds
c maximum resident set size of process:          148.02    MB
c 
c --- [ shutting down ] ------------------------------------------------------
c 
c exit 20
