c --- [ banner ] -------------------------------------------------------------
c 
c CaDiCaL Radically Simplified CDCL SAT Solver
c Copyright (c) 2016-2019 Armin Biere, JKU Linz
c 
c Version 1.0.3 cb89cbfa16f47cb7bf1ec6ad9855e7b6d5203c18
c g++ (GCC) 6.3.0 -Wall -Wextra -O3 -DNDEBUG
c Fri Aug 23 08:17:16 CDT 2019 Linux login1 4.4.103-6.38-default x86_64
c 
c --- [ config ] -------------------------------------------------------------
c 
c using 'unsat' configuration (target unsatisfiable instances)
c 
c --- [ proof tracing ] ------------------------------------------------------
c 
c opening file to write '/tmp/41_472_0_four.drat'
c writing binary proof trace to '/tmp/41_472_0_four.drat'
c 
c --- [ parsing input ] ------------------------------------------------------
c 
c reading DIMACS file from '/tmp/41_472_0_four.cnf'
c opening file to read '/tmp/41_472_0_four.cnf'
c found 'p cnf 259840 1039929' header
c parsed 1039929 clauses in 0.51 seconds process time
c 
c --- [ options ] ------------------------------------------------------------
c 
c   --stabilize=false              (different from default 'true')
c   --walk=false                   (different from default 'true')
c 
c --- [ solving ] ------------------------------------------------------------
c 
c time measured in process time since initialization
c 
c  seconds   reductions  redundant   irredundant
c          MB    restarts       trail        variables
c           level   conflicts       glue           remaining
c 
c *  0.53 139  0 0   0    0    0  0% 0 1039424 253489 98%
c {  0.55 142  0 0   0    0    0  0% 0 1039424 253489 98%
c -  0.76 147 320 1  10  300  181  5% 4 916083 253489 98%
c i  0.79 147 313 1  11  309  188  5% 5 916083 253488 98%
c i  0.80 147 309 1  12  312  190  5% 4 916083 253263 97%
c I  1.23 147 84 1 126 1002  790  7% 7 916083 253263 97%
c -  1.85 178 62 2 188 1478 1178  7% 8 911907 253263 97%
c B  2.79 178 43 2 323 3006 2502  8% 8 911907 253263 97%
c i  2.92 178 42 2 353 3227 2709  8% 8 911907 252984 97%
c -  3.21 178 42 3 354 3247 2116  8% 8 907701 252984 97%
c s  4.28 204 38 3 361 4072 2799  8% 8 907701 252984 97%
c v  5.50 204 38 3 361 4072 2799  8% 8 907699 252984 97%
c w  5.82 204 38 3 361 4072 2795  8% 8 907699 252952 97%
c t  5.89 204 38 3 361 4072 2795  8% 8 907097 252952 97%
c e  8.86 207 38 3 361 4072   44  8% 8 223714 27738 11%
c s  9.16 207 38 3 361 4072   44  8% 8 223465 27738 11%
c e  9.56 207 38 3 361 4072   40  8% 8 223465 27669 11%
c i  9.81 213 36 3 372 4549  444  4% 8 223465 27666 11%
c 3  9.92 213 35 3 373 5000 4066  5% 8 223465 27666 11%
c 3  9.94 213 35 3 373 5000 4408  5% 8 223465 27666 11%
c 
c  seconds   reductions  redundant  irredundant
c          MB    restarts       trail       variables
c           level   conflicts       glue         remaining
c 
c d 10.00 213 35 3 373 5000 4284  5% 8 223320 27656 11%
c 2 10.03 213 35 3 373 5000 4263  5% 8 223310 27651 11%
c p 10.13 213 35 3 373 5000 6509  5% 8 223310 27651 11%
c - 10.27 146 33 4 396 5596 1477  5% 8 223310 27651 11%
c i 10.32 146 32 4 419 5999 1829  6% 8 223310 27644 11%
c F 10.32 146 32 4 419 6007 1832  6% 8 223310 27644 11%
c i 10.32 146 32 4 419 6068 1883  6% 8 223310 27624 11%
c i 10.33 146 32 4 419 6084 1896  5% 8 223310 27505 11%
c i 10.34 146 31 4 419 6326 2100  5% 7 223310 27497 11%
c i 10.40 146 29 4 427 6803 2498  6% 7 223310 27478 11%
c i 10.40 146 29 4 427 6827 2520  6% 7 223310 27476 11%
c i 10.40 146 29 4 427 6866 2547  6% 7 223310 27464 11%
c i 10.41 146 29 4 427 6879 2549  6% 7 223310 27405 11%
c i 10.41 146 29 4 427 6883 2551  6% 7 223310 27404 11%
c } 10.41 146 29 4 427 6887 2552  6% 7 223310 27303 11%
c 0 10.41 146 29 4 427 6887 2552  6% 7 223310 27303 11%
c 
c --- [ result ] -------------------------------------------------------------
c 
s UNSATISFIABLE
c 
c --- [ run-time profiling ] -------------------------------------------------
c 
c process time taken by individual solving procedures
c (percentage relative to process time for solving)
c 
c         5.96   60.20% simplify
c         3.92   39.60% search
c         3.90   39.39% unstable
c         3.30   33.37% elim
c         1.41   14.26% vivify
c         0.86    8.73% subsume
c         0.10    1.05% ternary
c         0.10    1.01% probe
c         0.02    0.20% lucky
c   =================================
c         9.90   95.12% solve
c 
c last line shows process time for solving
c (percentage relative to total process time)
c 
c --- [ statistics ] ---------------------------------------------------------
c 
c backtracked:               19877       288.62 %  of conflicts
c chronological:              2821        14.19 %  of backtracks
c conflicts:                  6887       695.66    per second
c decisions:                 28990      2928.28    per second
c eliminated:               225283        86.70 %  of all variables
c fixed:                      7239         2.79 %  of all variables
c learned:                    6386        92.73 %  per conflict
c minimized:                 56601        26.03 %  learned literals
c propagations:           14743709         1.49 M  per second
c reduced:                     533         7.74 %  per conflict
c rephased:                      3      2295.67    interval
c restarts:                    427        16.13    interval
c substituted:                  15         0.01 %  of all variables
c subsumed:                   6089         0.20 %  of all clauses
c strengthened:              15334         0.51 %  of all clauses
c ternary:                    4094         0.35 %  of resolved
c vivified:                     52         0.00 %  of all clauses
c weakened:                 796683         2.83    average size
c 
c seconds are measured in process time for solving
c 
c --- [ resources ] ----------------------------------------------------------
c 
c total process time since initialization:        10.41    seconds
c total real time since initialization:           10.41    seconds
c maximum resident set size of process:          213.38    MB
c 
c --- [ shutting down ] ------------------------------------------------------
c 
c exit 20
