c --- [ banner ] -------------------------------------------------------------
c 
c CaDiCaL Radically Simplified CDCL SAT Solver
c Copyright (c) 2016-2019 Armin Biere, JKU Linz
c 
c Version 1.0.3 cb89cbfa16f47cb7bf1ec6ad9855e7b6d5203c18
c g++ (GCC) 6.3.0 -Wall -Wextra -O3 -DNDEBUG
c Fri Aug 23 08:17:16 CDT 2019 Linux login1 4.4.103-6.38-default x86_64
c 
c --- [ config ] -------------------------------------------------------------
c 
c using 'unsat' configuration (target unsatisfiable instances)
c 
c --- [ proof tracing ] ------------------------------------------------------
c 
c opening file to write '/tmp/7_100_0_three.drat'
c writing binary proof trace to '/tmp/7_100_0_three.drat'
c 
c --- [ parsing input ] ------------------------------------------------------
c 
c reading DIMACS file from '/tmp/7_100_0_three.cnf'
c opening file to read '/tmp/7_100_0_three.cnf'
c found 'p cnf 202048 780980' header
c parsed 780980 clauses in 0.35 seconds process time
c 
c --- [ options ] ------------------------------------------------------------
c 
c   --stabilize=false              (different from default 'true')
c   --walk=false                   (different from default 'true')
c 
c --- [ solving ] ------------------------------------------------------------
c 
c time measured in process time since initialization
c 
c  seconds  reductions  redundant  irredundant
c         MB    restarts       trail       variables
c          level   conflicts       glue          remaining
c 
c *  0.37 97  0 0   0    0    0  0% 0 780480 197815 98%
c {  0.38 99  0 0   0    0    0  0% 0 780480 197815 98%
c -  0.54 103 318 1   5  300  166  5% 4 697567 197815 98%
c I  1.23 109 105 1 160 1002  824  8% 9 697567 197815 98%
c -  1.77 128 86 2 168 1406 1172 10% 8 697567 197815 98%
c B  2.44 128 51 2 232 3003 2603  8% 8 697567 197815 98%
c -  2.66 128 51 3 234 3067 1992  9% 8 697567 197815 98%
c s  3.87 114 46 3 312 3961 2791  9% 8 697567 197815 98%
c w  5.28 136 46 3 312 3961 2777  9% 8 697567 197815 98%
c t  5.34 136 46 3 312 3961 2777  9% 8 697000 197815 98%
c e  7.48 141 46 3 312 3961   24  9% 8 172241 26068 13%
c s  7.69 150 46 3 312 3961   23  9% 8 172137 26068 13%
c e  7.95 150 46 3 312 3961   23  9% 8 172117 26044 13%
c i  8.25 151 46 3 418 4653  651  7% 9 172117 25977 13%
c 3  8.36 151 45 3 466 5002 3270  6% 9 172117 25977 13%
c 3  8.37 151 45 3 466 5002 3396  6% 9 172117 25977 13%
c d  8.42 151 45 3 466 5002 3195  6% 9 168007 25956 13%
c d  8.44 151 45 3 466 5002 3195  6% 9 167623 25766 13%
c 2  8.45 151 45 3 466 5002 3153  6% 9 167617 25765 13%
c p  8.53 151 45 3 466 5002 4079  6% 9 167617 25765 13%
c 
c  seconds   reductions  redundant  irredundant
c          MB    restarts       trail       variables
c           level   conflicts       glue         remaining
c 
c -  8.63 151 45 4 473 5279 1272  7% 9 167361 25765 13%
c F  8.75 151 43 4 508 6005 1931  7% 9 167361 25765 13%
c -  8.94 151 40 5 550 7116 2203  8% 8 167361 25765 13%
c -  9.31 151 36 6 696 9318 2986  8% 8 167361 25765 13%
c i  9.40 151 36 6 726 9902 3508  8% 8 167361 25685 13%
c B  9.42 151 36 6 732 10006 3603  8% 8 167361 25685 13%
c -  9.89 151 34 7 879 11887 3716  9% 9 163551 25685 13%
c - 10.58 151 33 8 1020 14800 4485  9% 8 163551 25685 13%
c s 10.68 151 32 8 1024 14862 4404  9% 8 163437 25685 13%
c v 10.90 151 32 8 1024 14862 4404  9% 8 152939 25685 13%
c w 11.02 151 32 8 1024 14862 4351  9% 8 152939 25682 13%
c t 11.04 151 32 8 1024 14862 4343  9% 8 141843 25680 13%
c e 11.24 151 32 8 1024 14862 1903  9% 8 134622 19993 10%
c s 11.31 152 32 8 1024 14862 1853  9% 8 133838 19993 10%
c e 11.38 152 32 8 1024 14862 1837  9% 8 133794 19968 10%
c 3 11.56 152 32 8 1037 15002 5850  7% 9 133794 19968 10%
c 3 11.58 152 32 8 1037 15002 6269  7% 9 133794 19968 10%
c d 11.62 152 32 8 1037 15002 5331  7% 9 133794 19814 10%
c 2 11.64 152 32 8 1037 15002 5217  7% 9 133789 19814 10%
c p 11.68 152 32 8 1037 15002 5619  7% 9 133789 19813 10%
c 
c  seconds   reductions    redundant  irredundant
c          MB    restarts         trail       variables
c           level     conflicts       glue         remaining
c 
c # 11.70 152 32 8 1037 15009 5625  7% 9 133789 19813 10%
c - 12.27 152 30 9 1198 18077 4559  8% 8 133680 19813 10%
c B 12.86 152 28 9 1319 21011 7207  9% 8 133680 19813 10%
c - 12.98 152 28 10 1367 21456 5321  9% 8 133680 19813 10%
c - 13.84 152 25 11 1438 25174 5978  9% 8 133680 19813 10%
c i 13.84 152 25 11 1438 25230 6027  9% 8 133680 19809 10%
c i 13.95 152 25 11 1440 25666 6397  9% 8 133680 19806 10%
c i 14.35 152 24 11 1478 27267 7738  9% 8 133680 19803 10%
c i 14.38 152 24 11 1478 27399 7838  9% 8 133680 19789 10%
c i 14.46 152 23 11 1478 27634 8027  9% 8 133680 19607 10%
c i 14.52 152 23 11 1478 27835 8183 10% 8 133680 19531 10%
c i 14.52 152 23 11 1478 27839 8186 10% 8 133680 19528 10%
c i 14.52 152 23 11 1478 27840 8186 10% 8 133680 19438 10%
c } 14.52 152 23 11 1478 27844 8188 10% 8 133680 19408 10%
c 0 14.52 152 23 11 1478 27844 8188 10% 8 133680 19408 10%
c 
c --- [ result ] -------------------------------------------------------------
c 
s UNSATISFIABLE
c 
c --- [ run-time profiling ] -------------------------------------------------
c 
c process time taken by individual solving procedures
c (percentage relative to process time for solving)
c 
c         8.57   60.49% search
c         8.56   60.40% unstable
c         5.58   39.40% simplify
c         2.57   18.15% elim
c         1.61   11.37% vivify
c         0.86    6.10% subsume
c         0.17    1.19% ternary
c         0.11    0.79% probe
c         0.01    0.08% lucky
c   =================================
c        14.17   97.58% solve
c 
c last line shows process time for solving
c (percentage relative to total process time)
c 
c --- [ statistics ] ---------------------------------------------------------
c 
c backtracked:               77537       278.47 %  of conflicts
c chronological:             10537        13.59 %  of backtracks
c conflicts:                 27844      1964.72    per second
c decisions:                102349      7221.92    per second
c eliminated:               177483        87.84 %  of all variables
c fixed:                      4792         2.37 %  of all variables
c learned:                   26689        95.85 %  per conflict
c minimized:                258596        30.79 %  learned literals
c propagations:           26006056         1.84 M  per second
c reduced:                   11160        40.08 %  per conflict
c rephased:                      6      4640.67    interval
c restarts:                   1478        18.84    interval
c substituted:                 365         0.18 %  of all variables
c subsumed:                  18124         0.76 %  of all clauses
c strengthened:              13896         0.58 %  of all clauses
c ternary:                    8541         0.38 %  of resolved
c vivified:                  11045         0.46 %  of all clauses
c weakened:                 641667         2.91    average size
c 
c seconds are measured in process time for solving
c 
c --- [ resources ] ----------------------------------------------------------
c 
c total process time since initialization:        14.52    seconds
c total real time since initialization:           14.53    seconds
c maximum resident set size of process:          157.32    MB
c 
c --- [ shutting down ] ------------------------------------------------------
c 
c exit 20
