c --- [ banner ] -------------------------------------------------------------
c 
c CaDiCaL Radically Simplified CDCL SAT Solver
c Copyright (c) 2016-2019 Armin Biere, JKU Linz
c 
c Version 1.0.3 cb89cbfa16f47cb7bf1ec6ad9855e7b6d5203c18
c g++ (GCC) 6.3.0 -Wall -Wextra -O3 -DNDEBUG
c Fri Aug 23 08:17:16 CDT 2019 Linux login1 4.4.103-6.38-default x86_64
c 
c --- [ config ] -------------------------------------------------------------
c 
c using 'unsat' configuration (target unsatisfiable instances)
c 
c --- [ proof tracing ] ------------------------------------------------------
c 
c opening file to write '/tmp/7_327_0_three.drat'
c writing binary proof trace to '/tmp/7_327_0_three.drat'
c 
c --- [ parsing input ] ------------------------------------------------------
c 
c reading DIMACS file from '/tmp/7_327_0_three.cnf'
c opening file to read '/tmp/7_327_0_three.cnf'
c found 'p cnf 202048 780980' header
c parsed 780980 clauses in 0.36 seconds process time
c 
c --- [ options ] ------------------------------------------------------------
c 
c   --stabilize=false              (different from default 'true')
c   --walk=false                   (different from default 'true')
c 
c --- [ solving ] ------------------------------------------------------------
c 
c time measured in process time since initialization
c 
c  seconds  reductions  redundant  irredundant
c         MB    restarts       trail       variables
c          level   conflicts       glue          remaining
c 
c *  0.38 97  0 0   0    0    0  0% 0 780480 196932 97%
c {  0.39 99  0 0   0    0    0  0% 0 780480 196932 97%
c -  0.56 104 292 1   9  300  172  5% 4 686472 196932 97%
c I  1.23 109 88 1 158 1002  845  8% 8 686472 196932 97%
c -  1.81 127 75 2 212 1401 1203  8% 9 686472 196932 97%
c B  2.70 127 53 2 299 3003 2667 10% 8 686472 196932 97%
c -  2.90 127 53 3 304 3055 2059 10% 8 686472 196932 97%
c s  4.07 113 49 3 396 3975 2899 10% 9 686472 196932 97%
c w  5.42 136 49 3 396 3975 2898 10% 9 686472 196932 97%
c t  5.48 136 49 3 396 3975 2898 10% 9 685937 196932 97%
c e  7.22 137 49 3 396 3975   24 10% 9 168083 25632 13%
c s  7.39 146 49 3 396 3975   24 10% 9 167975 25632 13%
c e  7.59 146 49 3 396 3975   21 10% 9 167962 25603 13%
c 3  7.89 147 45 3 440 5001 2529  7% 9 167962 25603 13%
c 3  7.90 147 45 3 440 5001 2673  7% 9 167962 25603 13%
c d  7.94 147 45 3 440 5001 2609  7% 9 167962 25595 13%
c 2  7.95 147 45 3 440 5001 2593  7% 9 167962 25595 13%
c p  8.00 147 45 3 440 5001 3674  7% 9 167962 25595 13%
c -  8.07 147 43 4 440 5258 1279  6% 8 167962 25595 13%
c F  8.17 147 41 4 489 6004 1972  8% 9 167962 25595 13%
c 
c  seconds   reductions  redundant  irredundant
c          MB    restarts       trail       variables
c           level   conflicts       glue         remaining
c 
c i  8.19 147 41 4 498 6191 2135  8% 9 167962 25586 13%
c i  8.19 147 41 4 499 6194 2135  8% 9 167962 25506 13%
c i  8.20 147 40 4 500 6254 2180  8% 8 167962 25496 13%
c i  8.24 147 39 4 510 6727 2577  8% 8 167962 25462 13%
c i  8.24 147 39 4 510 6734 2580  8% 8 167962 25285 13%
c i  8.24 147 39 4 510 6739 2582  8% 8 167962 25140 12%
c i  8.24 147 39 4 510 6742 2584  8% 8 167962 25136 12%
c }  8.24 147 39 4 510 6744 2584  8% 8 167962 25013 12%
c 0  8.24 147 39 4 510 6744 2584  8% 8 167962 25013 12%
c 
c --- [ result ] -------------------------------------------------------------
c 
s UNSATISFIABLE
c 
c --- [ run-time profiling ] -------------------------------------------------
c 
c process time taken by individual solving procedures
c (percentage relative to process time for solving)
c 
c         4.03   51.17% simplify
c         3.83   48.63% search
c         3.82   48.48% unstable
c         1.88   23.81% elim
c         1.25   15.89% vivify
c         0.66    8.38% subsume
c         0.07    0.86% ternary
c         0.05    0.66% probe
c         0.01    0.15% lucky
c   =================================
c         7.88   95.58% solve
c 
c last line shows process time for solving
c (percentage relative to total process time)
c 
c --- [ statistics ] ---------------------------------------------------------
c 
c backtracked:               21224       314.71 %  of conflicts
c chronological:              3074        14.48 %  of backtracks
c conflicts:                  6744       855.84    per second
c decisions:                 37799      4796.83    per second
c eliminated:               171329        84.80 %  of all variables
c fixed:                      5698         2.82 %  of all variables
c learned:                    6437        95.45 %  per conflict
c minimized:                 43939        22.68 %  learned literals
c propagations:           14483319         1.84 M  per second
c reduced:                     674         9.99 %  per conflict
c rephased:                      3      2248.00    interval
c restarts:                    510        13.22    interval
c substituted:                   8         0.00 %  of all variables
c subsumed:                   3896         0.17 %  of all clauses
c strengthened:              10484         0.46 %  of all clauses
c ternary:                    2070         0.27 %  of resolved
c vivified:                    220         0.01 %  of all clauses
c weakened:                 604869         2.84    average size
c 
c seconds are measured in process time for solving
c 
c --- [ resources ] ----------------------------------------------------------
c 
c total process time since initialization:         8.24    seconds
c total real time since initialization:            8.24    seconds
c maximum resident set size of process:          152.96    MB
c 
c --- [ shutting down ] ------------------------------------------------------
c 
c exit 20
