c --- [ banner ] -------------------------------------------------------------
c 
c CaDiCaL Radically Simplified CDCL SAT Solver
c Copyright (c) 2016-2019 Armin Biere, JKU Linz
c 
c Version 1.0.3 cb89cbfa16f47cb7bf1ec6ad9855e7b6d5203c18
c g++ (GCC) 6.3.0 -Wall -Wextra -O3 -DNDEBUG
c Fri Aug 23 08:17:16 CDT 2019 Linux login1 4.4.103-6.38-default x86_64
c 
c --- [ config ] -------------------------------------------------------------
c 
c using 'unsat' configuration (target unsatisfiable instances)
c 
c --- [ proof tracing ] ------------------------------------------------------
c 
c opening file to write '/tmp/7_547_0_three.drat'
c writing binary proof trace to '/tmp/7_547_0_three.drat'
c 
c --- [ parsing input ] ------------------------------------------------------
c 
c reading DIMACS file from '/tmp/7_547_0_three.cnf'
c opening file to read '/tmp/7_547_0_three.cnf'
c found 'p cnf 202048 780980' header
c parsed 780980 clauses in 0.32 seconds process time
c 
c --- [ options ] ------------------------------------------------------------
c 
c   --stabilize=false              (different from default 'true')
c   --walk=false                   (different from default 'true')
c 
c --- [ solving ] ------------------------------------------------------------
c 
c time measured in process time since initialization
c 
c  seconds  reductions  redundant  irredundant
c         MB    restarts       trail       variables
c          level   conflicts       glue          remaining
c 
c *  0.34 97  0 0   0    0    0  0% 0 780480 197804 98%
c {  0.35 99  0 0   0    0    0  0% 0 780480 197804 98%
c -  0.52 104 236 1  12  300  181  5% 4 697565 197804 98%
c I  0.98 109 68 1 146 1002  837  6% 7 697565 197804 98%
c -  1.46 127 59 2 169 1406 1189  8% 8 697565 197804 98%
c B  2.70 127 44 2 339 3005 2678  8% 8 697565 197804 98%
c -  2.95 127 44 3 339 3066 2208  8% 8 697565 197804 98%
c s  4.22 113 37 3 374 3961 3004  8% 8 697565 197804 98%
c w  5.72 140 37 3 374 3961 3003  8% 8 697565 197804 98%
c t  5.78 140 37 3 374 3961 3003  8% 8 696899 197804 98%
c e  7.73 133 37 3 374 3961   24  8% 8 172406 26088 13%
c s  7.94 142 37 3 374 3961   24  8% 8 172304 26088 13%
c e  8.20 142 37 3 374 3961   23  8% 8 172286 26051 13%
c 3  8.59 142 39 3 490 5001 3050  6% 9 172286 26051 13%
c 3  8.60 142 39 3 490 5001 3386  6% 9 172286 26051 13%
c d  8.66 142 39 3 490 5001 3302  6% 9 172286 26041 13%
c 2  8.68 142 39 3 490 5001 3282  6% 9 172286 26041 13%
c p  8.74 142 39 3 490 5001 3988  6% 9 172286 26041 13%
c -  8.86 142 40 4 556 5280 1299  6% 9 172286 26041 13%
c F  8.94 142 39 4 641 6007 1946  5% 9 172286 26041 13%
c 
c  seconds   reductions  redundant  irredundant
c          MB    restarts       trail       variables
c           level   conflicts       glue         remaining
c 
c -  9.11 142 36 5 658 7136 2133  5% 9 172286 26041 13%
c -  9.38 142 31 6 727 9363 2819  5% 8 172286 26041 13%
c B  9.42 142 29 6 727 10008 3329  5% 8 172286 26041 13%
c i  9.45 142 29 6 727 10202 3481  5% 8 172286 26032 13%
c i  9.45 142 29 6 727 10216 3493  5% 8 172286 25995 13%
c }  9.45 142 29 6 727 10231 3501  5% 8 172286 25988 13%
c 0  9.45 142 29 6 727 10231 3501  5% 8 172286 25988 13%
c 
c --- [ result ] -------------------------------------------------------------
c 
s UNSATISFIABLE
c 
c --- [ run-time profiling ] -------------------------------------------------
c 
c process time taken by individual solving procedures
c (percentage relative to process time for solving)
c 
c         4.56   49.98% simplify
c         4.55   49.89% search
c         4.54   49.72% unstable
c         2.14   23.45% elim
c         1.38   15.12% vivify
c         0.74    8.11% subsume
c         0.08    0.92% ternary
c         0.06    0.66% probe
c         0.02    0.18% lucky
c   =================================
c         9.12   96.57% solve
c 
c last line shows process time for solving
c (percentage relative to total process time)
c 
c --- [ statistics ] ---------------------------------------------------------
c 
c backtracked:               24939       243.76 %  of conflicts
c chronological:              4177        16.75 %  of backtracks
c conflicts:                 10231      1121.33    per second
c decisions:                 48053      5266.66    per second
c eliminated:               171753        85.01 %  of all variables
c fixed:                      4297         2.13 %  of all variables
c learned:                    9727        95.07 %  per conflict
c minimized:                 80345        27.04 %  learned literals
c propagations:           14493729         1.59 M  per second
c reduced:                    2535        24.78 %  per conflict
c rephased:                      4      2557.75    interval
c restarts:                    727        14.07    interval
c substituted:                  10         0.00 %  of all variables
c subsumed:                   4210         0.18 %  of all clauses
c strengthened:               9949         0.43 %  of all clauses
c ternary:                    2714         0.32 %  of resolved
c vivified:                    170         0.01 %  of all clauses
c weakened:                 614426         2.85    average size
c 
c seconds are measured in process time for solving
c 
c --- [ resources ] ----------------------------------------------------------
c 
c total process time since initialization:         9.45    seconds
c total real time since initialization:            9.45    seconds
c maximum resident set size of process:          153.67    MB
c 
c --- [ shutting down ] ------------------------------------------------------
c 
c exit 20
