c --- [ banner ] -------------------------------------------------------------
c 
c CaDiCaL Radically Simplified CDCL SAT Solver
c Copyright (c) 2016-2019 Armin Biere, JKU Linz
c 
c Version 1.0.3 cb89cbfa16f47cb7bf1ec6ad9855e7b6d5203c18
c g++ (GCC) 6.3.0 -Wall -Wextra -O3 -DNDEBUG
c Fri Aug 23 08:17:16 CDT 2019 Linux login1 4.4.103-6.38-default x86_64
c 
c --- [ config ] -------------------------------------------------------------
c 
c using 'unsat' configuration (target unsatisfiable instances)
c 
c --- [ proof tracing ] ------------------------------------------------------
c 
c opening file to write '/tmp/34_693_0_six.drat'
c writing binary proof trace to '/tmp/34_693_0_six.drat'
c 
c --- [ parsing input ] ------------------------------------------------------
c 
c reading DIMACS file from '/tmp/34_693_0_six.cnf'
c opening file to read '/tmp/34_693_0_six.cnf'
c found 'p cnf 50176 399294' header
c parsed 399294 clauses in 0.15 seconds process time
c 
c --- [ options ] ------------------------------------------------------------
c 
c   --stabilize=false              (different from default 'true')
c   --walk=false                   (different from default 'true')
c 
c --- [ solving ] ------------------------------------------------------------
c 
c time measured in process time since initialization
c 
c  seconds  reductions  redundant  irredundant
c         MB    restarts       trail       variables
c          level   conflicts       glue         remaining
c 
c *  0.15 44  0 0   0    0    0  0% 0 361757 47930 96%
c {  0.16 45  0 0   0    0    0  0% 0 361757 47930 96%
c i  0.16 45 40 0   0   68   46  7% 3 361757 47920 96%
c -  0.22 46 69 1  14  311  188 10% 7 342752 47920 96%
c I  0.26 46 58 1  86 1003  615  9% 11 342752 47920 96%
c i  0.26 46 58 1  86 1004  615  9% 11 342752 47884 95%
c -  0.39 58 60 2 113 1233  718  9% 11 341873 47884 95%
c -  0.54 58 44 3 128 2613 1395 10% 9 341873 47884 95%
c B  0.57 58 42 3 134 3005 1686 10% 9 341873 47884 95%
c i  0.64 58 45 3 226 3999 2394 10% 9 341873 47876 95%
c i  0.64 58 44 3 233 4114 2461 10% 9 341873 47756 95%
c i  0.64 58 44 3 233 4116 2462 10% 9 341873 47373 94%
c }  0.64 58 44 3 233 4118 2462 10% 9 341873 47366 94%
c 0  0.64 58 44 3 233 4118 2462 10% 9 341873 47366 94%
c 
c --- [ result ] -------------------------------------------------------------
c 
s UNSATISFIABLE
c 
c --- [ run-time profiling ] -------------------------------------------------
c 
c process time taken by individual solving procedures
c (percentage relative to process time for solving)
c 
c         0.49  100.00% search
c         0.49   99.19% unstable
c         0.00    0.81% lucky
c         0.00    0.00% simplify
c   =================================
c         0.49   76.40% solve
c 
c last line shows process time for solving
c (percentage relative to total process time)
c 
c --- [ statistics ] ---------------------------------------------------------
c 
c backtracked:                4871       118.29 %  of conflicts
c chronological:              1453        29.83 %  of backtracks
c conflicts:                  4118      8369.92    per second
c decisions:                 22671     46079.27    per second
c fixed:                      2810         5.60 %  of all variables
c learned:                    3389        82.30 %  per conflict
c minimized:                 46029        28.24 %  learned literals
c propagations:            1594852         3.24 M  per second
c reduced:                     450        10.93 %  per conflict
c rephased:                      2      2059.00    interval
c restarts:                    233        17.67    interval
c subsumed:                    469         0.06 %  of all clauses
c 
c seconds are measured in process time for solving
c 
c --- [ resources ] ----------------------------------------------------------
c 
c total process time since initialization:         0.64    seconds
c total real time since initialization:            0.65    seconds
c maximum resident set size of process:           67.16    MB
c 
c --- [ shutting down ] ------------------------------------------------------
c 
c exit 20
