c --- [ banner ] -------------------------------------------------------------
c 
c CaDiCaL Radically Simplified CDCL SAT Solver
c Copyright (c) 2016-2019 Armin Biere, JKU Linz
c 
c Version 1.0.3 cb89cbfa16f47cb7bf1ec6ad9855e7b6d5203c18
c g++ (GCC) 6.3.0 -Wall -Wextra -O3 -DNDEBUG
c Fri Aug 23 08:17:16 CDT 2019 Linux login1 4.4.103-6.38-default x86_64
c 
c --- [ config ] -------------------------------------------------------------
c 
c using 'unsat' configuration (target unsatisfiable instances)
c 
c --- [ proof tracing ] ------------------------------------------------------
c 
c opening file to write '/tmp/21_1255_0_six.drat'
c writing binary proof trace to '/tmp/21_1255_0_six.drat'
c 
c --- [ parsing input ] ------------------------------------------------------
c 
c reading DIMACS file from '/tmp/21_1255_0_six.cnf'
c opening file to read '/tmp/21_1255_0_six.cnf'
c found 'p cnf 50176 399294' header
c parsed 399294 clauses in 0.15 seconds process time
c 
c --- [ options ] ------------------------------------------------------------
c 
c   --stabilize=false              (different from default 'true')
c   --walk=false                   (different from default 'true')
c 
c --- [ solving ] ------------------------------------------------------------
c 
c time measured in process time since initialization
c 
c  seconds  reductions  redundant  irredundant
c         MB    restarts       trail       variables
c          level   conflicts       glue         remaining
c 
c *  0.16 44  0 0   0    0    0  0% 0 361760 48078 96%
c {  0.16 45  0 0   0    0    0  0% 0 361760 48078 96%
c -  0.22 46 57 1  21  316  196  8% 8 346418 48078 96%
c I  0.26 46 54 1  65 1002  638  8% 9 346418 48078 96%
c -  0.38 58 51 2  67 1246  718  9% 8 346418 48078 96%
c i  0.38 58 51 2  67 1289  727  8% 8 346418 47675 95%
c i  0.43 58 50 2 144 1922 1184  9% 9 346418 47603 95%
c i  0.45 58 45 2 148 2258 1400  9% 9 346418 47602 95%
c i  0.47 58 43 2 200 2554 1621  9% 10 346418 47593 95%
c -  0.55 57 42 3 202 2631 1241  9% 10 333827 47593 95%
c B  0.57 57 40 3 210 3005 1550  9% 9 333827 47593 95%
c i  0.68 57 34 3 284 4451 2687 10% 9 333827 47591 95%
c i  0.68 57 33 3 284 4455 2690 10% 9 333827 47577 95%
c -  0.75 60 33 4 284 4460 2148 10% 9 332955 47577 95%
c d  0.92 61 30 4 284 5001 2584 10% 9 328483 45341 90%
c 2  1.10 60 30 4 284 5001 2581 10% 9 322898 45341 90%
c p  1.32 60 30 4 284 5001 12810 10% 9 322898 45229 90%
c i  1.39 60 29 4 298 5253 12971 10% 9 322898 45190 90%
c i  1.40 60 29 4 298 5304 13011 10% 9 322898 45187 90%
c i  1.40 60 29 4 298 5325 13023 10% 9 322898 45181 90%
c 
c  seconds  reductions   redundant  irredundant
c         MB    restarts        trail       variables
c          level   conflicts        glue         remaining
c 
c i  1.40 60 29 4 298 5340 13033 10% 9 322898 45149 90%
c i  1.40 60 29 4 298 5345 13036 10% 9 322898 44585 89%
c i  1.58 71 29 4 298 5346 3242  0% 9 304126 44572 89%
c }  1.58 71 29 4 298 5348 3242  1% 9 304126 43866 87%
c 0  1.58 71 29 4 298 5348 3242  1% 9 304126 43866 87%
c 
c --- [ result ] -------------------------------------------------------------
c 
s UNSATISFIABLE
c 
c --- [ run-time profiling ] -------------------------------------------------
c 
c process time taken by individual solving procedures
c (percentage relative to process time for solving)
c 
c         0.85   59.66% search
c         0.85   59.66% unstable
c         0.57   40.06% simplify
c         0.22   15.41% probe
c         0.14   10.08% ternary
c   =================================
c         1.43   90.38% solve
c 
c last line shows process time for solving
c (percentage relative to total process time)
c 
c --- [ statistics ] ---------------------------------------------------------
c 
c backtracked:               19777       369.80 %  of conflicts
c chronological:              1806         9.13 %  of backtracks
c conflicts:                  5348      3745.10    per second
c decisions:                 24987     17497.90    per second
c fixed:                      4074         8.12 %  of all variables
c learned:                    4506        84.26 %  per conflict
c minimized:                 87222        32.89 %  learned literals
c propagations:            3198021         2.24 M  per second
c reduced:                     925        17.30 %  per conflict
c rephased:                      2      2674.00    interval
c restarts:                    298        17.95    interval
c substituted:                2236         4.46 %  of all variables
c subsumed:                   6211         0.58 %  of all clauses
c weakened:                   4472         2.00    average size
c 
c seconds are measured in process time for solving
c 
c --- [ resources ] ----------------------------------------------------------
c 
c total process time since initialization:         1.58    seconds
c total real time since initialization:            1.58    seconds
c maximum resident set size of process:           71.00    MB
c 
c --- [ shutting down ] ------------------------------------------------------
c 
c exit 20
