c --- [ banner ] -------------------------------------------------------------
c 
c CaDiCaL Radically Simplified CDCL SAT Solver
c Copyright (c) 2016-2019 Armin Biere, JKU Linz
c 
c Version 1.0.3 cb89cbfa16f47cb7bf1ec6ad9855e7b6d5203c18
c g++ (GCC) 6.3.0 -Wall -Wextra -O3 -DNDEBUG
c Fri Aug 23 08:17:16 CDT 2019 Linux login1 4.4.103-6.38-default x86_64
c 
c --- [ config ] -------------------------------------------------------------
c 
c using 'unsat' configuration (target unsatisfiable instances)
c 
c --- [ proof tracing ] ------------------------------------------------------
c 
c opening file to write '/tmp/21_304_0_six.drat'
c writing binary proof trace to '/tmp/21_304_0_six.drat'
c 
c --- [ parsing input ] ------------------------------------------------------
c 
c reading DIMACS file from '/tmp/21_304_0_six.cnf'
c opening file to read '/tmp/21_304_0_six.cnf'
c found 'p cnf 50176 399294' header
c parsed 399294 clauses in 0.29 seconds process time
c 
c --- [ options ] ------------------------------------------------------------
c 
c   --stabilize=false              (different from default 'true')
c   --walk=false                   (different from default 'true')
c 
c --- [ solving ] ------------------------------------------------------------
c 
c time measured in process time since initialization
c 
c  seconds  reductions  redundant  irredundant
c         MB    restarts       trail       variables
c          level   conflicts       glue         remaining
c 
c *  0.29 44  0 0   0    0    0  0% 0 361766 48198 96%
c {  0.29 45  0 0   0    0    0  0% 0 361766 48198 96%
c -  0.35 46 52 1  35  309  209  7% 10 349042 48198 96%
c I  0.39 47 52 1  69 1003  618  9% 10 349042 48198 96%
c -  0.51 59 45 2  71 1234  686  8% 10 349042 48198 96%
c i  0.54 59 39 2  73 1682  940  8% 9 349042 48052 96%
c -  0.68 59 39 3 131 2623 1141  9% 9 342558 47948 96%
c B  0.73 59 41 3 170 3004 1412 10% 9 342558 47948 96%
c i  0.80 59 39 3 212 3714 1947 10% 9 342558 47912 95%
c i  0.86 59 40 3 239 4361 2447 10% 9 342558 47803 95%
c -  0.94 59 39 4 239 4476 1910 10% 9 339915 47803 95%
c d  1.12 60 42 4 254 5004 2293 11% 9 335347 45519 91%
c 2  1.30 60 42 4 254 5004 2292 11% 9 329642 45519 91%
c p  1.57 61 42 4 254 5004 15036 11% 9 329642 45435 91%
c d  1.62 61 42 4 254 5004 14846 11% 9 326463 45412 91%
c s  1.84 70 42 4 273 5819 15352 10% 9 326447 45412 91%
c v  2.26 70 42 4 273 5819 15352 10% 9 323583 45412 91%
c w  2.36 70 42 4 273 5819 15337 10% 9 323583 45390 90%
c t  2.41 70 42 4 273 5819 15336 10% 9 286842 45387 90%
c e  3.27 75 42 4 273 5819 6102 10% 9 264350 26721 53%
c 
c  seconds  reductions  redundant  irredundant
c         MB    restarts       trail       variables
c          level   conflicts       glue         remaining
c 
c s  3.37 76 42 4 273 5819 6101 10% 9 264350 26721 53%
c F  3.62 79 41 4 284 6005 6226  6% 9 264350 26721 53%
c -  3.72 79 41 5 294 6774 1158  6% 9 264350 26721 53%
c i  3.79 79 41 5 337 7686 1842  6% 8 264350 26720 53%
c i  3.79 79 40 5 337 7713 1857  6% 8 264350 26714 53%
c i  3.79 79 40 5 337 7727 1870  6% 8 264350 26672 53%
c i  3.80 79 39 5 337 7868 1967  6% 8 264350 26507 53%
c i  3.80 79 39 5 337 7869 1967  6% 8 264350 26481 53%
c }  3.80 79 39 5 337 7871 1967  6% 8 264350 26337 52%
c 0  3.80 79 39 5 337 7871 1967  6% 8 264350 26337 52%
c 
c --- [ result ] -------------------------------------------------------------
c 
s UNSATISFIABLE
c 
c --- [ run-time profiling ] -------------------------------------------------
c 
c process time taken by individual solving procedures
c (percentage relative to process time for solving)
c 
c         2.32   66.17% simplify
c         1.19   33.83% search
c         1.18   33.71% unstable
c         0.93   26.42% elim
c         0.46   12.98% vivify
c         0.26    7.52% probe
c         0.23    6.49% subsume
c         0.14    3.87% ternary
c         0.00    0.11% lucky
c   =================================
c         3.51   92.42% solve
c 
c last line shows process time for solving
c (percentage relative to total process time)
c 
c --- [ statistics ] ---------------------------------------------------------
c 
c backtracked:               33728       428.51 %  of conflicts
c chronological:              2842         8.43 %  of backtracks
c conflicts:                  7871      2241.17    per second
c decisions:                 34698      9879.84    per second
c eliminated:                18666        37.20 %  of all variables
c fixed:                      2866         5.71 %  of all variables
c learned:                    6450        81.95 %  per conflict
c minimized:                 92281        29.27 %  learned literals
c propagations:            5302505         1.51 M  per second
c reduced:                     959        12.18 %  per conflict
c rephased:                      3      2623.67    interval
c restarts:                    337        23.36    interval
c substituted:                2307         4.60 %  of all variables
c subsumed:                  10180         0.80 %  of all clauses
c strengthened:               4789         0.38 %  of all clauses
c vivified:                   2943         0.23 %  of all clauses
c weakened:                 109874         4.13    average size
c 
c seconds are measured in process time for solving
c 
c --- [ resources ] ----------------------------------------------------------
c 
c total process time since initialization:         3.80    seconds
c total real time since initialization:            3.80    seconds
c maximum resident set size of process:           79.17    MB
c 
c --- [ shutting down ] ------------------------------------------------------
c 
c exit 20
