c --- [ banner ] -------------------------------------------------------------
c 
c CaDiCaL Radically Simplified CDCL SAT Solver
c Copyright (c) 2016-2019 Armin Biere, JKU Linz
c 
c Version 1.0.3 cb89cbfa16f47cb7bf1ec6ad9855e7b6d5203c18
c g++ (GCC) 6.3.0 -Wall -Wextra -O3 -DNDEBUG
c Fri Aug 23 08:17:16 CDT 2019 Linux login1 4.4.103-6.38-default x86_64
c 
c --- [ config ] -------------------------------------------------------------
c 
c using 'unsat' configuration (target unsatisfiable instances)
c 
c --- [ proof tracing ] ------------------------------------------------------
c 
c opening file to write '/tmp/21_408_0_six.drat'
c writing binary proof trace to '/tmp/21_408_0_six.drat'
c 
c --- [ parsing input ] ------------------------------------------------------
c 
c reading DIMACS file from '/tmp/21_408_0_six.cnf'
c opening file to read '/tmp/21_408_0_six.cnf'
c found 'p cnf 50176 399294' header
c parsed 399294 clauses in 0.21 seconds process time
c 
c --- [ options ] ------------------------------------------------------------
c 
c   --stabilize=false              (different from default 'true')
c   --walk=false                   (different from default 'true')
c 
c --- [ solving ] ------------------------------------------------------------
c 
c time measured in process time since initialization
c 
c  seconds  reductions  redundant  irredundant
c         MB    restarts       trail       variables
c          level   conflicts       glue         remaining
c 
c *  0.21 44  0 0   0    0    0  0% 0 361746 48230 96%
c {  0.21 45  0 0   0    0    0  0% 0 361746 48230 96%
c -  0.28 47 82 1  44  302  231  9% 13 349914 48230 96%
c I  0.33 47 84 1  78 1014  666 10% 13 349914 48230 96%
c -  0.45 59 81 2  78 1233  706 11% 12 349914 48230 96%
c -  0.64 60 71 3 119 2624 1271 12% 11 349914 48230 96%
c B  0.70 60 66 3 131 3015 1587 12% 10 349914 48230 96%
c i  0.70 60 65 3 131 3052 1619 12% 10 349914 48200 96%
c i  0.82 60 57 3 172 4471 2657 10% 10 349914 48128 96%
c -  0.89 59 58 4 174 4482 1879 10% 10 347102 48128 96%
c d  1.08 60 56 4 205 5003 2261 10% 10 342436 45795 91%
c 2  1.26 60 56 4 205 5003 2261 10% 10 336606 45795 91%
c p  1.48 62 56 4 205 5003 6838 10% 10 336606 45733 91%
c s  1.75 70 59 4 216 5814 7439 11% 10 336602 45733 91%
c v  2.20 70 59 4 216 5814 7439 11% 10 333103 45733 91%
c w  2.33 70 59 4 216 5814 7427 11% 10 333103 45733 91%
c t  2.37 70 59 4 216 5814 7425 11% 10 300826 45733 91%
c e  3.18 67 59 4 216 5814 3451 11% 10 279694 28377 57%
c F  3.47 75 59 4 216 6017 3584  4% 10 279694 28377 57%
c -  3.58 75 55 5 232 6794 1235  6% 10 279694 28377 57%
c 
c  seconds  reductions  redundant  irredundant
c         MB    restarts       trail       variables
c          level   conflicts       glue         remaining
c 
c -  3.79 75 43 6 308 9401 2650  6% 9 279694 28377 57%
c B  3.83 75 42 6 376 10019 3099  5% 9 279694 28377 57%
c -  4.18 75 40 7 453 12443 3734  7% 9 279694 28377 57%
c i  4.24 75 39 7 453 13062 4216  7% 9 279694 28358 57%
c i  4.24 75 39 7 453 13215 4316  7% 9 279694 28178 56%
c }  4.24 75 39 7 453 13226 4323  7% 9 279694 27774 55%
c 0  4.24 75 39 7 453 13226 4323  7% 9 279694 27774 55%
c 
c --- [ result ] -------------------------------------------------------------
c 
s UNSATISFIABLE
c 
c --- [ run-time profiling ] -------------------------------------------------
c 
c process time taken by individual solving procedures
c (percentage relative to process time for solving)
c 
c         2.14   53.12% simplify
c         1.89   46.88% search
c         1.89   46.78% unstable
c         0.80   19.72% elim
c         0.50   12.39% vivify
c         0.24    5.95% subsume
c         0.21    5.25% probe
c         0.14    3.57% ternary
c         0.00    0.10% lucky
c   =================================
c         4.04   95.10% solve
c 
c last line shows process time for solving
c (percentage relative to total process time)
c 
c --- [ statistics ] ---------------------------------------------------------
c 
c backtracked:               37842       286.12 %  of conflicts
c chronological:              4744        12.54 %  of backtracks
c conflicts:                 13226      3277.01    per second
c decisions:                 54179     13423.93    per second
c eliminated:                17356        34.59 %  of all variables
c fixed:                      2713         5.41 %  of all variables
c learned:                   11516        87.07 %  per conflict
c minimized:                173116        28.70 %  learned literals
c propagations:            6812648         1.69 M  per second
c reduced:                    3193        24.14 %  per conflict
c rephased:                      4      3306.50    interval
c restarts:                    453        29.20    interval
c substituted:                2333         4.65 %  of all variables
c subsumed:                  11368         0.89 %  of all clauses
c strengthened:               4361         0.34 %  of all clauses
c vivified:                   3624         0.28 %  of all clauses
c weakened:                 109202         4.03    average size
c 
c seconds are measured in process time for solving
c 
c --- [ resources ] ----------------------------------------------------------
c 
c total process time since initialization:         4.24    seconds
c total real time since initialization:            4.24    seconds
c maximum resident set size of process:           75.45    MB
c 
c --- [ shutting down ] ------------------------------------------------------
c 
c exit 20
