c --- [ banner ] -------------------------------------------------------------
c 
c CaDiCaL Radically Simplified CDCL SAT Solver
c Copyright (c) 2016-2019 Armin Biere, JKU Linz
c 
c Version 1.0.3 cb89cbfa16f47cb7bf1ec6ad9855e7b6d5203c18
c g++ (GCC) 6.3.0 -Wall -Wextra -O3 -DNDEBUG
c Fri Aug 23 08:17:16 CDT 2019 Linux login1 4.4.103-6.38-default x86_64
c 
c --- [ config ] -------------------------------------------------------------
c 
c using 'unsat' configuration (target unsatisfiable instances)
c 
c --- [ proof tracing ] ------------------------------------------------------
c 
c opening file to write '/tmp/14_281_0_four.drat'
c writing binary proof trace to '/tmp/14_281_0_four.drat'
c 
c --- [ parsing input ] ------------------------------------------------------
c 
c reading DIMACS file from '/tmp/14_281_0_four.cnf'
c opening file to read '/tmp/14_281_0_four.cnf'
c found 'p cnf 259840 1039919' header
c parsed 1039919 clauses in 0.44 seconds process time
c 
c --- [ options ] ------------------------------------------------------------
c 
c   --stabilize=false              (different from default 'true')
c   --walk=false                   (different from default 'true')
c 
c --- [ solving ] ------------------------------------------------------------
c 
c time measured in process time since initialization
c 
c  seconds   reductions  redundant   irredundant
c          MB    restarts       trail        variables
c           level   conflicts       glue           remaining
c 
c *  0.46 139  0 0   0    0    0  0% 0 1039424 253926 98%
c {  0.48 142  0 0   0    0    0  0% 0 1039424 253926 98%
c -  0.71 149 312 1   9  300  187  5% 4 922397 253926 98%
c I  1.15 149 89 1 146 1004  806  6% 9 922397 253926 98%
c -  1.82 180 69 2 172 1479 1167  8% 9 922397 253926 98%
c B  2.95 180 54 2 298 3008 2494 10% 9 922397 253926 98%
c -  3.28 180 52 3 299 3247 2132  9% 9 922397 253926 98%
c i  3.57 180 46 3 303 3737 2561 10% 9 922397 253243 97%
c }  3.59 180 45 3 303 3808 2616  9% 9 922397 252767 97%
c 0  3.59 180 45 3 303 3808 2616  9% 9 922397 252767 97%
c 
c --- [ result ] -------------------------------------------------------------
c 
s UNSATISFIABLE
c 
c --- [ run-time profiling ] -------------------------------------------------
c 
c process time taken by individual solving procedures
c (percentage relative to process time for solving)
c 
c         3.13   99.49% search
c         3.11   98.86% unstable
c         0.02    0.64% lucky
c         0.00    0.00% simplify
c   =================================
c         3.15   87.64% solve
c 
c last line shows process time for solving
c (percentage relative to total process time)
c 
c --- [ statistics ] ---------------------------------------------------------
c 
c backtracked:                4716       123.84 %  of conflicts
c chronological:              1566        33.21 %  of backtracks
c conflicts:                  3808      1209.66    per second
c decisions:                 20808      6609.91    per second
c fixed:                      7073         2.72 %  of all variables
c learned:                    3463        90.94 %  per conflict
c minimized:                 28143        22.34 %  learned literals
c propagations:           11398881         3.62 M  per second
c reduced:                     590        15.49 %  per conflict
c rephased:                      2      1904.00    interval
c restarts:                    303        12.57    interval
c subsumed:                    256         0.01 %  of all clauses
c 
c seconds are measured in process time for solving
c 
c --- [ resources ] ----------------------------------------------------------
c 
c total process time since initialization:         3.59    seconds
c total real time since initialization:            3.59    seconds
c maximum resident set size of process:          203.90    MB
c 
c --- [ shutting down ] ------------------------------------------------------
c 
c exit 20
