c --- [ banner ] -------------------------------------------------------------
c 
c CaDiCaL Radically Simplified CDCL SAT Solver
c Copyright (c) 2016-2019 Armin Biere, JKU Linz
c 
c Version 1.0.3 cb89cbfa16f47cb7bf1ec6ad9855e7b6d5203c18
c g++ (GCC) 6.3.0 -Wall -Wextra -O3 -DNDEBUG
c Fri Aug 23 08:17:16 CDT 2019 Linux login1 4.4.103-6.38-default x86_64
c 
c --- [ config ] -------------------------------------------------------------
c 
c using 'unsat' configuration (target unsatisfiable instances)
c 
c --- [ proof tracing ] ------------------------------------------------------
c 
c opening file to write '/tmp/14_608_0_four.drat'
c writing binary proof trace to '/tmp/14_608_0_four.drat'
c 
c --- [ parsing input ] ------------------------------------------------------
c 
c reading DIMACS file from '/tmp/14_608_0_four.cnf'
c opening file to read '/tmp/14_608_0_four.cnf'
c found 'p cnf 259840 1039919' header
c parsed 1039919 clauses in 0.54 seconds process time
c 
c --- [ options ] ------------------------------------------------------------
c 
c   --stabilize=false              (different from default 'true')
c   --walk=false                   (different from default 'true')
c 
c --- [ solving ] ------------------------------------------------------------
c 
c time measured in process time since initialization
c 
c  seconds   reductions  redundant   irredundant
c          MB    restarts       trail        variables
c           level   conflicts       glue           remaining
c 
c *  0.56 139  0 0   0    0    0  0% 0 1039424 253277 97%
c {  0.57 142  0 0   0    0    0  0% 0 1039424 253277 97%
c -  0.83 149 309 1  19  301  195  5% 5 913943 253277 97%
c I  1.52 149 90 1 142 1002  817  8% 9 913943 253277 97%
c -  2.20 180 71 2 195 1479 1183  8% 9 913943 253277 97%
c B  3.06 180 50 2 295 3003 2488  9% 9 913943 253277 97%
c -  3.56 180 48 3 318 3243 2169  9% 9 913943 253277 97%
c i  3.90 180 46 3 318 3652 2521  9% 9 913943 253166 97%
c }  3.92 180 45 3 318 3682 2544  9% 9 913943 252369 97%
c 0  3.92 180 45 3 318 3682 2544  9% 9 913943 252369 97%
c 
c --- [ result ] -------------------------------------------------------------
c 
s UNSATISFIABLE
c 
c --- [ run-time profiling ] -------------------------------------------------
c 
c process time taken by individual solving procedures
c (percentage relative to process time for solving)
c 
c         3.36   99.41% search
c         3.35   98.94% unstable
c         0.02    0.47% lucky
c         0.00    0.00% simplify
c   =================================
c         3.38   86.33% solve
c 
c last line shows process time for solving
c (percentage relative to total process time)
c 
c --- [ statistics ] ---------------------------------------------------------
c 
c backtracked:                4586       124.55 %  of conflicts
c chronological:              1562        34.06 %  of backtracks
c conflicts:                  3682      1088.06    per second
c decisions:                 21315      6298.76    per second
c fixed:                      7471         2.88 %  of all variables
c learned:                    3351        91.01 %  per conflict
c minimized:                 24693        21.06 %  learned literals
c propagations:           11747301         3.47 M  per second
c reduced:                     590        16.02 %  per conflict
c rephased:                      2      1841.00    interval
c restarts:                    318        11.58    interval
c subsumed:                    214         0.01 %  of all clauses
c 
c seconds are measured in process time for solving
c 
c --- [ resources ] ----------------------------------------------------------
c 
c total process time since initialization:         3.92    seconds
c total real time since initialization:            3.92    seconds
c maximum resident set size of process:          203.43    MB
c 
c --- [ shutting down ] ------------------------------------------------------
c 
c exit 20
