c --- [ banner ] -------------------------------------------------------------
c 
c CaDiCaL Radically Simplified CDCL SAT Solver
c Copyright (c) 2016-2019 Armin Biere, JKU Linz
c 
c Version 1.0.3 cb89cbfa16f47cb7bf1ec6ad9855e7b6d5203c18
c g++ (GCC) 6.3.0 -Wall -Wextra -O3 -DNDEBUG
c Fri Aug 23 08:17:16 CDT 2019 Linux login1 4.4.103-6.38-default x86_64
c 
c --- [ config ] -------------------------------------------------------------
c 
c using 'unsat' configuration (target unsatisfiable instances)
c 
c --- [ proof tracing ] ------------------------------------------------------
c 
c opening file to write '/tmp/14_693_0_four.drat'
c writing binary proof trace to '/tmp/14_693_0_four.drat'
c 
c --- [ parsing input ] ------------------------------------------------------
c 
c reading DIMACS file from '/tmp/14_693_0_four.cnf'
c opening file to read '/tmp/14_693_0_four.cnf'
c found 'p cnf 259840 1039919' header
c parsed 1039919 clauses in 0.58 seconds process time
c 
c --- [ options ] ------------------------------------------------------------
c 
c   --stabilize=false              (different from default 'true')
c   --walk=false                   (different from default 'true')
c 
c --- [ solving ] ------------------------------------------------------------
c 
c time measured in process time since initialization
c 
c  seconds   reductions  redundant   irredundant
c          MB    restarts       trail        variables
c           level   conflicts       glue           remaining
c 
c *  0.61 139  0 0   0    0    0  0% 0 1039424 254358 98%
c {  0.63 141  0 0   0    0    0  0% 0 1039424 254358 98%
c -  0.93 149 319 1  13  301  186  5% 5 928712 254358 98%
c i  0.97 149 309 1  16  313  197  5% 5 928712 254216 98%
c I  1.74 149 103 1 157 1002  804  7% 9 928712 254216 98%
c -  2.56 180 77 2 207 1489 1206  9% 10 926610 254216 98%
c B  3.81 180 58 2 300 3004 2545 10% 10 926610 254216 98%
c -  4.29 187 56 3 336 3260 2141 10% 10 926610 254216 98%
c s  5.82 168 49 3 383 4067 2847 10% 10 926610 254216 98%
c w  7.59 185 49 3 383 4067 2845 10% 10 926610 254216 98%
c t  7.67 186 49 3 383 4067 2844 10% 10 925912 254216 98%
c e 10.57 216 49 3 383 4067   24 10% 10 230543 28330 11%
c s 10.85 222 49 3 383 4067   23 10% 10 230252 28330 11%
c e 11.19 222 49 3 383 4067   23 10% 10 230252 28232 11%
c 3 11.55 159 47 3 452 5001 4841  6% 10 230252 28232 11%
c d 11.61 159 47 3 452 5001 4829  6% 10 230252 28230 11%
c 2 11.64 159 47 3 452 5001 4825  6% 10 230252 28230 11%
c p 11.72 159 47 3 452 5001 6735  6% 10 230252 28230 11%
c - 11.85 159 45 4 469 5622 1512  6% 10 230252 28230 11%
c F 11.89 159 44 4 478 6007 1848  6% 9 230252 28230 11%
c 
c  seconds   reductions  redundant  irredundant
c          MB    restarts       trail       variables
c           level   conflicts       glue         remaining
c 
c - 12.14 159 40 5 504 7665 2459  8% 9 230252 28230 11%
c B 12.36 159 36 5 582 10008 4468  8% 9 230252 28230 11%
c - 12.43 159 36 6 595 10118 3152  8% 9 230252 28230 11%
c - 12.93 159 34 7 729 12980 4040  9% 9 230252 28230 11%
c i 13.01 159 33 7 741 14068 4979  9% 9 230252 28229 11%
c d 13.16 159 32 7 770 15001 5663  9% 9 230106 28227 11%
c d 13.19 159 32 7 770 15001 5660  9% 9 230090 28219 11%
c 3 13.21 159 32 7 770 15001 6406  9% 9 230090 28219 11%
c 3 13.22 159 32 7 770 15001 6747  9% 9 230090 28219 11%
c d 13.27 159 32 7 770 15001 6618  9% 9 230090 28197 11%
c 2 13.30 159 32 7 770 15001 6574  9% 9 230087 28197 11%
c p 13.58 159 32 7 770 15001 20173  9% 9 230087 28150 11%
c d 13.61 159 32 7 770 15001 19888  9% 9 226769 28137 11%
c d 13.64 159 32 7 770 15001 19888  9% 9 226525 28015 11%
c # 13.64 159 32 7 770 15010 19896  9% 9 226525 28015 11%
c i 13.68 159 31 7 771 15316 20167  9% 9 226525 28008 11%
c i 13.68 159 31 7 771 15317 20167  9% 9 226525 27987 11%
c s 13.87 159 31 7 773 16181 20433  9% 8 226239 27987 11%
c v 14.18 159 31 7 773 16181 20433  9% 8 223622 27987 11%
c w 14.28 159 31 7 773 16181 20134  9% 8 223622 27916 11%
c 
c  seconds   reductions    redundant  irredundant
c          MB    restarts         trail       variables
c           level    conflicts        glue         remaining
c 
c t 14.31 159 31 7 773 16181 19586  9% 8 210893 27911 11%
c e 14.54 160 31 7 773 16181 9202  9% 8 197836 23128  9%
c s 14.64 160 31 7 773 16181 9105  9% 8 197031 23128  9%
c e 14.74 160 31 7 773 16181 8976  9% 8 196758 23065  9%
c - 14.92 160 31 8 786 16249 2960  6% 8 196758 23065  9%
c i 15.18 160 29 8 866 18341 4756  7% 8 196758 23063  9%
c i 15.18 160 29 8 866 18342 4756  7% 8 196758 23059  9%
c - 15.55 160 28 9 870 19743 4085  9% 8 195946 23059  9%
c B 15.76 160 27 9 885 21011 5176  9% 8 195946 23059  9%
c i 15.76 160 27 9 885 21031 5185  9% 8 195946 23029  9%
c i 15.77 160 27 9 885 21065 5203  9% 8 195946 23025  9%
c } 15.77 160 27 9 885 21069 5204  9% 8 195946 22613  9%
c 0 15.77 160 27 9 885 21069 5204  9% 8 195946 22613  9%
c 
c --- [ result ] -------------------------------------------------------------
c 
s UNSATISFIABLE
c 
c --- [ run-time profiling ] -------------------------------------------------
c 
c process time taken by individual solving procedures
c (percentage relative to process time for solving)
c 
c         7.63   50.26% search
c         7.61   50.11% unstable
c         7.53   49.58% simplify
c         3.47   22.87% elim
c         2.01   13.22% vivify
c         1.17    7.72% subsume
c         0.36    2.37% probe
c         0.16    1.03% ternary
c         0.02    0.16% lucky
c   =================================
c        15.18   96.30% solve
c 
c last line shows process time for solving
c (percentage relative to total process time)
c 
c --- [ statistics ] ---------------------------------------------------------
c 
c backtracked:               68628       325.73 %  of conflicts
c chronological:              7962        11.60 %  of backtracks
c conflicts:                 21069      1387.58    per second
c decisions:                 75115      4946.98    per second
c eliminated:               230828        88.83 %  of all variables
c fixed:                      6230         2.40 %  of all variables
c learned:                   19735        93.67 %  per conflict
c minimized:                212920        27.93 %  learned literals
c propagations:           23724768         1.56 M  per second
c reduced:                    6369        30.23 %  per conflict
c rephased:                      6      3511.50    interval
c restarts:                    885        23.81    interval
c substituted:                 169         0.07 %  of all variables
c subsumed:                  12167         0.38 %  of all clauses
c strengthened:              22629         0.71 %  of all clauses
c ternary:                    5872         0.38 %  of resolved
c vivified:                   3136         0.10 %  of all clauses
c weakened:                 840308         2.89    average size
c 
c seconds are measured in process time for solving
c 
c --- [ resources ] ----------------------------------------------------------
c 
c total process time since initialization:        15.77    seconds
c total real time since initialization:           15.78    seconds
c maximum resident set size of process:          221.97    MB
c 
c --- [ shutting down ] ------------------------------------------------------
c 
c exit 20
