c --- [ banner ] -------------------------------------------------------------
c 
c CaDiCaL Radically Simplified CDCL SAT Solver
c Copyright (c) 2016-2019 Armin Biere, JKU Linz
c 
c Version 1.0.3 cb89cbfa16f47cb7bf1ec6ad9855e7b6d5203c18
c g++ (GCC) 6.3.0 -Wall -Wextra -O3 -DNDEBUG
c Fri Aug 23 08:17:16 CDT 2019 Linux login1 4.4.103-6.38-default x86_64
c 
c --- [ config ] -------------------------------------------------------------
c 
c using 'unsat' configuration (target unsatisfiable instances)
c 
c --- [ proof tracing ] ------------------------------------------------------
c 
c opening file to write '/tmp/14_763_0_four.drat'
c writing binary proof trace to '/tmp/14_763_0_four.drat'
c 
c --- [ parsing input ] ------------------------------------------------------
c 
c reading DIMACS file from '/tmp/14_763_0_four.cnf'
c opening file to read '/tmp/14_763_0_four.cnf'
c found 'p cnf 259840 1039919' header
c parsed 1039919 clauses in 0.44 seconds process time
c 
c --- [ options ] ------------------------------------------------------------
c 
c   --stabilize=false              (different from default 'true')
c   --walk=false                   (different from default 'true')
c 
c --- [ solving ] ------------------------------------------------------------
c 
c time measured in process time since initialization
c 
c  seconds   reductions  redundant   irredundant
c          MB    restarts       trail        variables
c           level   conflicts       glue           remaining
c 
c *  0.46 139  0 0   0    0    0  0% 0 1039424 253279 97%
c {  0.49 142  0 0   0    0    0  0% 0 1039424 253279 97%
c -  0.80 148 291 1  15  310  200  6% 6 913943 253279 97%
c I  1.65 148 94 1 123 1002  807  7% 9 913943 253279 97%
c -  2.39 179 75 2 160 1487 1186  8% 9 913943 253279 97%
c B  3.43 179 56 2 271 3005 2485  9% 10 913943 253279 97%
c -  3.81 179 53 3 274 3251 2066  9% 9 913943 253279 97%
c s  5.02 161 45 3 291 4074 2710  8% 9 913943 253279 97%
c v  6.35 183 45 3 291 4074 2710  8% 9 913935 253279 97%
c w  6.77 184 45 3 291 4074 2705  8% 9 913935 253251 97%
c t  6.84 184 45 3 291 4074 2705  8% 9 913485 253251 97%
c e  9.98 200 45 3 291 4074   48  8% 9 225744 27896 11%
c s 10.26 200 45 3 291 4074   47  8% 9 225563 27896 11%
c e 10.62 148 45 3 291 4074   42  8% 9 225563 27834 11%
c 3 10.96 172 41 3 323 5002 3386  5% 9 225563 27834 11%
c 3 10.98 172 41 3 323 5002 3560  5% 9 225563 27834 11%
c d 11.03 172 41 3 323 5002 3490  5% 9 225563 27825 11%
c 2 11.06 172 41 3 323 5002 3472  5% 9 225563 27825 11%
c p 11.16 172 41 3 323 5002 6711  5% 9 225563 27817 11%
c - 11.29 172 39 4 348 5604 1612  5% 9 224997 27817 11%
c 
c  seconds   reductions  redundant  irredundant
c          MB    restarts       trail       variables
c           level   conflicts       glue         remaining
c 
c F 11.36 172 38 4 415 6006 1981  5% 9 224997 27817 11%
c - 11.61 172 35 5 495 7633 2539  6% 9 224997 27817 11%
c i 11.83 172 31 5 525 9343 3968  6% 8 224997 27812 11%
c i 11.83 172 31 5 525 9351 3971  6% 8 224997 27619 11%
c i 11.95 172 30 5 533 9884 4442  7% 8 224997 27594 11%
c i 11.96 172 30 5 533 9949 4499  7% 8 224997 27569 11%
c B 11.99 172 30 5 533 10007 4552  7% 8 224997 27569 11%
c - 12.06 172 30 6 533 10066 2711  7% 8 213825 27569 11%
c i 12.20 172 30 6 570 10647 3215  7% 8 213825 27561 11%
c i 12.22 172 29 6 570 10763 3289  7% 8 213825 27546 11%
c i 12.22 172 29 6 570 10768 3292  7% 8 213825 27499 11%
c } 12.34 172 29 6 570 11207 3662  8% 8 213825 27134 10%
c 0 12.34 172 29 6 570 11207 3662  8% 8 213825 27134 10%
c 
c --- [ result ] -------------------------------------------------------------
c 
s UNSATISFIABLE
c 
c --- [ run-time profiling ] -------------------------------------------------
c 
c process time taken by individual solving procedures
c (percentage relative to process time for solving)
c 
c         6.41   53.92% simplify
c         5.46   45.91% search
c         5.44   45.71% unstable
c         3.40   28.59% elim
c         1.60   13.49% vivify
c         1.04    8.71% subsume
c         0.11    0.91% probe
c         0.09    0.77% ternary
c         0.02    0.20% lucky
c   =================================
c        11.89   96.37% solve
c 
c last line shows process time for solving
c (percentage relative to total process time)
c 
c --- [ statistics ] ---------------------------------------------------------
c 
c backtracked:               25045       223.48 %  of conflicts
c chronological:              4462        17.82 %  of backtracks
c conflicts:                 11207       942.40    per second
c decisions:                 45736      3845.95    per second
c eliminated:               225417        86.75 %  of all variables
c fixed:                      7280         2.80 %  of all variables
c learned:                   10421        92.99 %  per conflict
c minimized:                108589        28.26 %  learned literals
c propagations:           15211973         1.28 M  per second
c reduced:                    2541        22.67 %  per conflict
c rephased:                      4      2801.75    interval
c restarts:                    570        19.66    interval
c substituted:                   9         0.00 %  of all variables
c subsumed:                   6368         0.21 %  of all clauses
c strengthened:              15949         0.52 %  of all clauses
c ternary:                    3172         0.29 %  of resolved
c vivified:                    145         0.00 %  of all clauses
c weakened:                 802368         2.84    average size
c 
c seconds are measured in process time for solving
c 
c --- [ resources ] ----------------------------------------------------------
c 
c total process time since initialization:        12.34    seconds
c total real time since initialization:           12.34    seconds
c maximum resident set size of process:          210.68    MB
c 
c --- [ shutting down ] ------------------------------------------------------
c 
c exit 20
