c --- [ banner ] -------------------------------------------------------------
c 
c CaDiCaL Radically Simplified CDCL SAT Solver
c Copyright (c) 2016-2019 Armin Biere, JKU Linz
c 
c Version 1.0.3 cb89cbfa16f47cb7bf1ec6ad9855e7b6d5203c18
c g++ (GCC) 6.3.0 -Wall -Wextra -O3 -DNDEBUG
c Fri Aug 23 08:17:16 CDT 2019 Linux login1 4.4.103-6.38-default x86_64
c 
c --- [ config ] -------------------------------------------------------------
c 
c using 'unsat' configuration (target unsatisfiable instances)
c 
c --- [ proof tracing ] ------------------------------------------------------
c 
c opening file to write '/tmp/39_169_0_three.drat'
c writing binary proof trace to '/tmp/39_169_0_three.drat'
c 
c --- [ parsing input ] ------------------------------------------------------
c 
c reading DIMACS file from '/tmp/39_169_0_three.cnf'
c opening file to read '/tmp/39_169_0_three.cnf'
c found 'p cnf 39424 200377' header
c parsed 200377 clauses in 0.16 seconds process time
c 
c --- [ options ] ------------------------------------------------------------
c 
c   --stabilize=false              (different from default 'true')
c   --walk=false                   (different from default 'true')
c 
c --- [ solving ] ------------------------------------------------------------
c 
c time measured in process time since initialization
c 
c  seconds  reductions  redundant  irredundant
c         MB    restarts       trail       variables
c          level   conflicts       glue         remaining
c 
c *  0.16 26  0 0   0    0    0  0% 0 182553 38132 97%
c {  0.16 26  0 0   0    0    0  0% 0 182553 38132 97%
c i  0.17 27 48 0   1  176  125  8% 8 182553 38119 97%
c i  0.17 27 32 0   1  256  197  7% 7 182553 38118 97%
c -  0.19 27 31 1   1  300  230  7% 6 174570 38118 97%
c i  0.21 29 41 1  10  440  350  8% 7 174570 38094 97%
c i  0.22 29 41 1  18  560  454  8% 7 174570 38015 96%
c i  0.22 29 38 1  22  705  580  8% 7 174570 38014 96%
c i  0.23 29 37 1  22  767  624  8% 7 174570 37974 96%
c I  0.24 29 40 1  29 1008  835  9% 7 174570 37952 96%
c i  0.24 29 39 1  29 1009  835  9% 7 174570 37877 96%
c -  0.30 34 39 2  31 1045  755  9% 7 169933 37877 96%
c i  0.40 34 40 2 136 2108 1708 10% 7 169933 37867 96%
c i  0.40 34 39 2 136 2119 1714 10% 7 169933 37859 96%
c i  0.40 34 39 2 136 2121 1714 10% 7 169933 37849 96%
c i  0.40 34 39 2 136 2139 1722 10% 7 169933 37813 96%
c i  0.40 34 39 2 136 2142 1724 10% 7 169933 37783 96%
c }  0.40 34 39 2 136 2147 1726 10% 7 169933 37491 95%
c 0  0.40 34 39 2 136 2147 1726 10% 7 169933 37491 95%
c 
c --- [ result ] -------------------------------------------------------------
c 
s UNSATISFIABLE
c 
c --- [ run-time profiling ] -------------------------------------------------
c 
c process time taken by individual solving procedures
c (percentage relative to process time for solving)
c 
c         0.25  100.00% search
c         0.25  100.00% unstable
c         0.00    0.00% simplify
c   =================================
c         0.25   61.39% solve
c 
c last line shows process time for solving
c (percentage relative to total process time)
c 
c --- [ statistics ] ---------------------------------------------------------
c 
c backtracked:                2642       123.06 %  of conflicts
c chronological:               990        37.47 %  of backtracks
c conflicts:                  2147      8657.26    per second
c decisions:                 10678     43056.45    per second
c fixed:                      1933         4.90 %  of all variables
c learned:                    1930        89.89 %  per conflict
c minimized:                 14989        24.63 %  learned literals
c propagations:             869750         3.51 M  per second
c reduced:                     101         4.70 %  per conflict
c rephased:                      1      2147.00    interval
c restarts:                    136        15.79    interval
c subsumed:                     78         0.02 %  of all clauses
c 
c seconds are measured in process time for solving
c 
c --- [ resources ] ----------------------------------------------------------
c 
c total process time since initialization:         0.40    seconds
c total real time since initialization:            0.41    seconds
c maximum resident set size of process:           34.29    MB
c 
c --- [ shutting down ] ------------------------------------------------------
c 
c exit 20
