c --- [ banner ] -------------------------------------------------------------
c 
c CaDiCaL Radically Simplified CDCL SAT Solver
c Copyright (c) 2016-2019 Armin Biere, JKU Linz
c 
c Version 1.0.3 cb89cbfa16f47cb7bf1ec6ad9855e7b6d5203c18
c g++ (GCC) 6.3.0 -Wall -Wextra -O3 -DNDEBUG
c Fri Aug 23 08:17:16 CDT 2019 Linux login1 4.4.103-6.38-default x86_64
c 
c --- [ config ] -------------------------------------------------------------
c 
c using 'unsat' configuration (target unsatisfiable instances)
c 
c --- [ proof tracing ] ------------------------------------------------------
c 
c opening file to write '/tmp/39_102_0_three.drat'
c writing binary proof trace to '/tmp/39_102_0_three.drat'
c 
c --- [ parsing input ] ------------------------------------------------------
c 
c reading DIMACS file from '/tmp/39_102_0_three.cnf'
c opening file to read '/tmp/39_102_0_three.cnf'
c found 'p cnf 39424 200377' header
c parsed 200377 clauses in 0.10 seconds process time
c 
c --- [ options ] ------------------------------------------------------------
c 
c   --stabilize=false              (different from default 'true')
c   --walk=false                   (different from default 'true')
c 
c --- [ solving ] ------------------------------------------------------------
c 
c time measured in process time since initialization
c 
c  seconds  reductions  redundant  irredundant
c         MB    restarts       trail       variables
c          level   conflicts       glue         remaining
c 
c *  0.10 26  0 0   0    0    0  0% 0 182554 38135 97%
c {  0.10 26  0 0   0    0    0  0% 0 182554 38135 97%
c i  0.11 27 51 0   0   17   12  4% 3 182554 38127 97%
c i  0.11 27 43 0   0   21   14  4% 2 182554 38037 96%
c i  0.11 27 41 0   0   22   14  4% 2 182554 38036 96%
c i  0.11 27 22 0   0   83   46  5% 3 182554 37932 96%
c }  0.11 27 21 0   0   86   47  5% 3 182554 37621 95%
c 0  0.11 27 21 0   0   86   47  5% 3 182554 37621 95%
c 
c --- [ result ] -------------------------------------------------------------
c 
s UNSATISFIABLE
c 
c --- [ run-time profiling ] -------------------------------------------------
c 
c process time taken by individual solving procedures
c (percentage relative to process time for solving)
c 
c         0.00  100.00% search
c         0.00  100.00% unstable
c         0.00    0.00% simplify
c   =================================
c         0.00    3.70% solve
c 
c last line shows process time for solving
c (percentage relative to total process time)
c 
c --- [ statistics ] ---------------------------------------------------------
c 
c backtracked:                 107       124.42 %  of conflicts
c chronological:                38        35.51 %  of backtracks
c conflicts:                    86     21500.00    per second
c decisions:                   564    141000.00    per second
c fixed:                      1803         4.57 %  of all variables
c learned:                      61        70.93 %  per conflict
c minimized:                   239        30.88 %  learned literals
c propagations:              10713         2.68 M  per second
c subsumed:                      9         0.00 %  of all clauses
c 
c seconds are measured in process time for solving
c 
c --- [ resources ] ----------------------------------------------------------
c 
c total process time since initialization:         0.11    seconds
c total real time since initialization:            0.11    seconds
c maximum resident set size of process:           26.86    MB
c 
c --- [ shutting down ] ------------------------------------------------------
c 
c exit 20
