c --- [ banner ] -------------------------------------------------------------
c 
c CaDiCaL Radically Simplified CDCL SAT Solver
c Copyright (c) 2016-2019 Armin Biere, JKU Linz
c 
c Version 1.0.3 cb89cbfa16f47cb7bf1ec6ad9855e7b6d5203c18
c g++ (GCC) 6.3.0 -Wall -Wextra -O3 -DNDEBUG
c Fri Aug 23 08:17:16 CDT 2019 Linux login1 4.4.103-6.38-default x86_64
c 
c --- [ config ] -------------------------------------------------------------
c 
c using 'unsat' configuration (target unsatisfiable instances)
c 
c --- [ proof tracing ] ------------------------------------------------------
c 
c opening file to write '/tmp/79_1150_0_six.drat'
c writing binary proof trace to '/tmp/79_1150_0_six.drat'
c 
c --- [ parsing input ] ------------------------------------------------------
c 
c reading DIMACS file from '/tmp/79_1150_0_six.cnf'
c opening file to read '/tmp/79_1150_0_six.cnf'
c found 'p cnf 50176 399284' header
c parsed 399284 clauses in 0.16 seconds process time
c 
c --- [ options ] ------------------------------------------------------------
c 
c   --stabilize=false              (different from default 'true')
c   --walk=false                   (different from default 'true')
c 
c --- [ solving ] ------------------------------------------------------------
c 
c time measured in process time since initialization
c 
c  seconds  reductions  redundant  irredundant
c         MB    restarts       trail       variables
c          level   conflicts       glue         remaining
c 
c *  0.16 45  0 0   0    0    0  0% 0 365614 48258 96%
c {  0.16 45  0 0   0    0    0  0% 0 365614 48258 96%
c -  0.23 47 65 1  14  303  193 10% 8 349898 48258 96%
c I  0.30 47 70 1  67 1002  670 11% 10 349898 48258 96%
c -  0.42 59 65 2  67 1240  698 11% 10 349898 48258 96%
c i  0.47 59 53 2 102 1935 1213 11% 9 349898 47555 95%
c -  0.59 58 51 3 173 2633 1275 11% 11 333095 47555 95%
c i  0.62 58 53 3 184 2837 1417 11% 11 333095 47249 94%
c }  0.62 58 53 3 184 2839 1417 11% 11 333095 47225 94%
c 0  0.62 58 53 3 184 2839 1417 11% 11 333095 47225 94%
c 
c --- [ result ] -------------------------------------------------------------
c 
s UNSATISFIABLE
c 
c --- [ run-time profiling ] -------------------------------------------------
c 
c process time taken by individual solving procedures
c (percentage relative to process time for solving)
c 
c         0.45   99.12% search
c         0.45   99.12% unstable
c         0.00    0.00% simplify
c   =================================
c         0.46   74.03% solve
c 
c last line shows process time for solving
c (percentage relative to total process time)
c 
c --- [ statistics ] ---------------------------------------------------------
c 
c backtracked:                3356       118.21 %  of conflicts
c chronological:              1019        30.36 %  of backtracks
c conflicts:                  2839      6225.88    per second
c decisions:                 17566     38521.93    per second
c fixed:                      2951         5.88 %  of all variables
c learned:                    2218        78.13 %  per conflict
c minimized:                 26970        23.28 %  learned literals
c propagations:            1273875         2.79 M  per second
c reduced:                     458        16.13 %  per conflict
c rephased:                      1      2839.00    interval
c restarts:                    184        15.43    interval
c subsumed:                    291         0.04 %  of all clauses
c 
c seconds are measured in process time for solving
c 
c --- [ resources ] ----------------------------------------------------------
c 
c total process time since initialization:         0.62    seconds
c total real time since initialization:            0.62    seconds
c maximum resident set size of process:           68.10    MB
c 
c --- [ shutting down ] ------------------------------------------------------
c 
c exit 20
