c --- [ banner ] -------------------------------------------------------------
c 
c CaDiCaL Radically Simplified CDCL SAT Solver
c Copyright (c) 2016-2019 Armin Biere, JKU Linz
c 
c Version 1.0.3 cb89cbfa16f47cb7bf1ec6ad9855e7b6d5203c18
c g++ (GCC) 6.3.0 -Wall -Wextra -O3 -DNDEBUG
c Fri Aug 23 08:17:16 CDT 2019 Linux login1 4.4.103-6.38-default x86_64
c 
c --- [ config ] -------------------------------------------------------------
c 
c using 'unsat' configuration (target unsatisfiable instances)
c 
c --- [ proof tracing ] ------------------------------------------------------
c 
c opening file to write '/tmp/79_466_0_six.drat'
c writing binary proof trace to '/tmp/79_466_0_six.drat'
c 
c --- [ parsing input ] ------------------------------------------------------
c 
c reading DIMACS file from '/tmp/79_466_0_six.cnf'
c opening file to read '/tmp/79_466_0_six.cnf'
c found 'p cnf 50176 399284' header
c parsed 399284 clauses in 0.15 seconds process time
c 
c --- [ options ] ------------------------------------------------------------
c 
c   --stabilize=false              (different from default 'true')
c   --walk=false                   (different from default 'true')
c 
c --- [ solving ] ------------------------------------------------------------
c 
c time measured in process time since initialization
c 
c  seconds  reductions  redundant  irredundant
c         MB    restarts       trail       variables
c          level   conflicts       glue         remaining
c 
c *  0.15 44  0 0   0    0    0  0% 0 365595 48362 96%
c {  0.16 45  0 0   0    0    0  0% 0 365595 48362 96%
c i  0.16 46 45 0   0   45   39  6% 3 365595 48280 96%
c i  0.16 46 44 0   3  177  107  6% 5 365595 48186 96%
c i  0.16 46 43 0   3  199  122  6% 5 365595 48158 96%
c i  0.17 46 41 0   3  233  133  6% 5 365595 48156 96%
c i  0.17 46 40 0   3  239  136  6% 5 365595 48154 96%
c i  0.17 46 40 0   3  242  138  6% 5 365595 48153 96%
c i  0.17 46 39 0   3  245  139  6% 5 365595 48152 96%
c i  0.17 46 38 0   3  248  141  6% 5 365595 48151 96%
c i  0.17 46 38 0   3  249  141  6% 5 365595 48139 96%
c i  0.17 46 37 0   3  262  148  5% 4 365595 48138 96%
c i  0.17 46 37 0   3  263  148  5% 4 365595 48136 96%
c i  0.17 46 36 0   3  270  151  5% 4 365595 48135 96%
c i  0.17 46 35 0   3  273  153  5% 4 365595 48134 96%
c }  0.17 46 35 0   3  288  153  5% 4 365595 48034 96%
c 0  0.17 46 35 0   3  288  153  5% 4 365595 48034 96%
c 
c --- [ result ] -------------------------------------------------------------
c 
s UNSATISFIABLE
c 
c --- [ run-time profiling ] -------------------------------------------------
c 
c process time taken by individual solving procedures
c (percentage relative to process time for solving)
c 
c         0.02  100.00% search
c         0.01   75.00% unstable
c         0.00   25.00% lucky
c         0.00    0.00% simplify
c   =================================
c         0.02    9.52% solve
c 
c last line shows process time for solving
c (percentage relative to total process time)
c 
c --- [ statistics ] ---------------------------------------------------------
c 
c backtracked:                 326       113.19 %  of conflicts
c chronological:               138        42.33 %  of backtracks
c conflicts:                   288     18000.00    per second
c decisions:                  1798    112375.00    per second
c fixed:                      2142         4.27 %  of all variables
c learned:                     207        71.88 %  per conflict
c minimized:                   580        18.69 %  learned literals
c propagations:              45312         2.83 M  per second
c restarts:                      3        96.00    interval
c subsumed:                     37         0.01 %  of all clauses
c 
c seconds are measured in process time for solving
c 
c --- [ resources ] ----------------------------------------------------------
c 
c total process time since initialization:         0.17    seconds
c total real time since initialization:            0.17    seconds
c maximum resident set size of process:           46.34    MB
c 
c --- [ shutting down ] ------------------------------------------------------
c 
c exit 20
