c --- [ banner ] -------------------------------------------------------------
c 
c CaDiCaL Radically Simplified CDCL SAT Solver
c Copyright (c) 2016-2019 Armin Biere, JKU Linz
c 
c Version 1.0.3 cb89cbfa16f47cb7bf1ec6ad9855e7b6d5203c18
c g++ (GCC) 6.3.0 -Wall -Wextra -O3 -DNDEBUG
c Fri Aug 23 08:17:16 CDT 2019 Linux login1 4.4.103-6.38-default x86_64
c 
c --- [ config ] -------------------------------------------------------------
c 
c using 'unsat' configuration (target unsatisfiable instances)
c 
c --- [ proof tracing ] ------------------------------------------------------
c 
c opening file to write '/tmp/24_349_0_three.drat'
c writing binary proof trace to '/tmp/24_349_0_three.drat'
c 
c --- [ parsing input ] ------------------------------------------------------
c 
c reading DIMACS file from '/tmp/24_349_0_three.cnf'
c opening file to read '/tmp/24_349_0_three.cnf'
c found 'p cnf 202048 780985' header
c parsed 780985 clauses in 0.33 seconds process time
c 
c --- [ options ] ------------------------------------------------------------
c 
c   --stabilize=false              (different from default 'true')
c   --walk=false                   (different from default 'true')
c 
c --- [ solving ] ------------------------------------------------------------
c 
c time measured in process time since initialization
c 
c  seconds  reductions  redundant  irredundant
c         MB    restarts       trail       variables
c          level   conflicts       glue          remaining
c 
c *  0.34 97  0 0   0    0    0  0% 0 780480 197291 98%
c {  0.36 99  0 0   0    0    0  0% 0 780480 197291 98%
c -  0.52 104 236 1  10  303  180  6% 4 691223 197291 98%
c I  0.94 109 66 1 158 1003  829  6% 7 691223 197291 98%
c -  1.38 127 55 2 183 1408 1161  7% 7 691223 197291 98%
c i  1.61 127 48 2 228 1869 1567  8% 7 691223 196959 97%
c B  2.28 127 39 2 304 3005 2620  9% 8 691223 196959 97%
c -  2.49 127 38 3 307 3066 2095  9% 8 685975 196959 97%
c s  3.50 118 34 3 381 3969 2914  9% 8 685975 196959 97%
c v  4.44 133 34 3 381 3969 2914  9% 8 685966 196959 97%
c w  4.69 133 34 3 381 3969 2909  9% 8 685966 196959 97%
c t  4.74 133 34 3 381 3969 2909  9% 8 685598 196959 97%
c e  6.45 141 34 3 381 3969   24  9% 8 168468 25764 13%
c s  6.61 145 34 3 381 3969   23  9% 8 168406 25764 13%
c e  6.81 145 34 3 381 3969   23  9% 8 168403 25735 13%
c i  7.06 145 33 3 435 4828  781  6% 8 168403 25730 13%
c i  7.06 145 32 3 435 4883  812  6% 8 168403 25676 13%
c i  7.06 145 32 3 435 4884  812  6% 8 168403 25670 13%
c i  7.06 145 32 3 435 4997  892  5% 8 168403 25669 13%
c 3  7.12 145 32 3 435 5001 3181  5% 8 168403 25669 13%
c 
c  seconds   reductions  redundant  irredundant
c          MB    restarts       trail       variables
c           level   conflicts       glue         remaining
c 
c d  7.17 145 32 3 435 5001 3085  5% 8 165734 25668 13%
c d  7.18 145 32 3 435 5001 3073  5% 8 165468 25543 13%
c 2  7.19 145 32 3 435 5001 3071  5% 8 165456 25543 13%
c p  7.20 145 32 3 435 5001 3782  5% 8 165456 25314 13%
c }  7.20 145 32 3 435 5001 3782  5% 8 165456 25314 13%
c 0  7.20 145 32 3 435 5001 3782  5% 8 165456 25314 13%
c 
c --- [ result ] -------------------------------------------------------------
c 
s UNSATISFIABLE
c 
c --- [ run-time profiling ] -------------------------------------------------
c 
c process time taken by individual solving procedures
c (percentage relative to process time for solving)
c 
c         3.72   54.16% simplify
c         3.14   45.61% search
c         3.12   45.43% unstable
c         1.86   26.99% elim
c         1.09   15.82% vivify
c         0.59    8.55% subsume
c         0.07    0.99% ternary
c         0.02    0.23% probe
c         0.01    0.17% lucky
c   =================================
c         6.88   95.45% solve
c 
c last line shows process time for solving
c (percentage relative to total process time)
c 
c --- [ statistics ] ---------------------------------------------------------
c 
c backtracked:               13501       269.97 %  of conflicts
c chronological:              2161        16.01 %  of backtracks
c conflicts:                  5001       727.31    per second
c decisions:                 24242      3525.60    per second
c eliminated:               171224        84.74 %  of all variables
c fixed:                      5384         2.66 %  of all variables
c learned:                    4733        94.64 %  per conflict
c minimized:                 33860        23.84 %  learned literals
c propagations:           12327501         1.79 M  per second
c reduced:                     584        11.68 %  per conflict
c rephased:                      2      2500.50    interval
c restarts:                    435        11.50    interval
c substituted:                 126         0.06 %  of all variables
c subsumed:                   3889         0.17 %  of all clauses
c strengthened:               9961         0.44 %  of all clauses
c ternary:                    2487         0.32 %  of resolved
c vivified:                    114         0.01 %  of all clauses
c weakened:                 604265         2.84    average size
c 
c seconds are measured in process time for solving
c 
c --- [ resources ] ----------------------------------------------------------
c 
c total process time since initialization:         7.20    seconds
c total real time since initialization:            7.21    seconds
c maximum resident set size of process:          155.66    MB
c 
c --- [ shutting down ] ------------------------------------------------------
c 
c exit 20
