c --- [ banner ] -------------------------------------------------------------
c 
c CaDiCaL Radically Simplified CDCL SAT Solver
c Copyright (c) 2016-2019 Armin Biere, JKU Linz
c 
c Version 1.0.3 cb89cbfa16f47cb7bf1ec6ad9855e7b6d5203c18
c g++ (GCC) 6.3.0 -Wall -Wextra -O3 -DNDEBUG
c Fri Aug 23 08:17:16 CDT 2019 Linux login1 4.4.103-6.38-default x86_64
c 
c --- [ config ] -------------------------------------------------------------
c 
c using 'unsat' configuration (target unsatisfiable instances)
c 
c --- [ proof tracing ] ------------------------------------------------------
c 
c opening file to write '/tmp/16_1137_0_four.drat'
c writing binary proof trace to '/tmp/16_1137_0_four.drat'
c 
c --- [ parsing input ] ------------------------------------------------------
c 
c reading DIMACS file from '/tmp/16_1137_0_four.cnf'
c opening file to read '/tmp/16_1137_0_four.cnf'
c found 'p cnf 43008 265790' header
c parsed 265790 clauses in 0.12 seconds process time
c 
c --- [ options ] ------------------------------------------------------------
c 
c   --stabilize=false              (different from default 'true')
c   --walk=false                   (different from default 'true')
c 
c --- [ solving ] ------------------------------------------------------------
c 
c time measured in process time since initialization
c 
c  seconds  reductions  redundant  irredundant
c         MB    restarts       trail       variables
c          level   conflicts       glue         remaining
c 
c *  0.12 31  0 0   0    0    0  0% 0 240740 41603 97%
c {  0.12 31  0 0   0    0    0  0% 0 240740 41603 97%
c -  0.16 33 61 1  21  300  240  7% 7 235399 41603 97%
c I  0.20 33 36 1  45 1002  813  8% 7 235399 41603 97%
c -  0.28 42 39 2  59 1123  782  8% 8 235399 41603 97%
c i  0.33 42 44 2 110 1776 1298  8% 8 235399 41593 97%
c -  0.42 42 52 3 134 2357 1334  9% 8 235241 41593 97%
c B  0.46 42 49 3 173 3003 1869  9% 8 235241 41593 97%
c i  0.48 42 47 3 177 3214 2040  9% 8 235241 41488 96%
c -  0.58 42 47 4 230 4002 1984  9% 8 233093 41488 96%
c i  0.63 42 46 4 283 4497 2385  9% 8 233093 41476 96%
c i  0.64 42 44 4 292 4666 2511  9% 8 233093 41402 96%
c d  0.76 42 44 4 301 5000 2582  9% 8 228258 39846 93%
c 2  0.90 44 44 4 301 5000 2582  9% 8 225924 39846 93%
c p  1.16 45 44 4 301 5000 18008  9% 8 225924 39627 92%
c s  1.29 42 44 4 311 5071 18058  9% 8 225914 39627 92%
c v  1.48 49 44 4 311 5071 18058  9% 8 222668 39627 92%
c w  1.55 49 44 4 311 5071 18027  9% 8 222668 39627 92%
c t  1.57 49 44 4 311 5071 18023  9% 8 203418 39627 92%
c e  2.00 48 44 4 311 5071 6374  9% 8 180504 23306 54%
c 
c  seconds  reductions  redundant  irredundant
c         MB    restarts       trail       variables
c          level   conflicts       glue         remaining
c 
c s  2.06 53 44 4 311 5071 6364  9% 8 180504 23306 54%
c F  2.20 54 39 4 317 6004 7002  3% 8 180504 23306 54%
c -  2.22 54 39 5 317 6053 1245  3% 8 180504 23306 54%
c i  2.27 54 33 5 497 7444 2417  4% 8 180504 23302 54%
c i  2.29 54 31 5 501 8007 2878  4% 8 180504 23301 54%
c i  2.30 54 30 5 501 8253 3094  4% 7 180504 23299 54%
c i  2.30 54 30 5 501 8273 3103  4% 7 180504 23298 54%
c i  2.30 54 30 5 501 8285 3110  4% 7 180504 23148 54%
c i  2.30 54 29 5 501 8286 3110  4% 7 180504 23130 54%
c }  2.30 54 29 5 501 8294 3114  4% 7 180504 23122 54%
c 0  2.30 54 29 5 501 8294 3114  4% 7 180504 23122 54%
c 
c --- [ result ] -------------------------------------------------------------
c 
s UNSATISFIABLE
c 
c --- [ run-time profiling ] -------------------------------------------------
c 
c process time taken by individual solving procedures
c (percentage relative to process time for solving)
c 
c         1.37   62.82% simplify
c         0.81   37.18% search
c         0.81   37.00% unstable
c         0.46   20.88% elim
c         0.26   12.09% probe
c         0.22   10.07% vivify
c         0.15    6.78% subsume
c         0.10    4.76% ternary
c         0.00    0.18% lucky
c   =================================
c         2.18   94.96% solve
c 
c last line shows process time for solving
c (percentage relative to total process time)
c 
c --- [ statistics ] ---------------------------------------------------------
c 
c backtracked:               36687       442.33 %  of conflicts
c chronological:              3413         9.30 %  of backtracks
c conflicts:                  8294      3797.62    per second
c decisions:                 35100     16071.43    per second
c eliminated:                16321        37.95 %  of all variables
c fixed:                      2009         4.67 %  of all variables
c learned:                    7435        89.64 %  per conflict
c minimized:                 86075        31.14 %  learned literals
c propagations:            4055473         1.86 M  per second
c reduced:                    1284        15.48 %  per conflict
c rephased:                      3      2764.67    interval
c restarts:                    501        16.55    interval
c substituted:                1556         3.62 %  of all variables
c subsumed:                   6522         0.75 %  of all clauses
c strengthened:               2682         0.31 %  of all clauses
c vivified:                   3309         0.38 %  of all clauses
c weakened:                  76266         3.74    average size
c 
c seconds are measured in process time for solving
c 
c --- [ resources ] ----------------------------------------------------------
c 
c total process time since initialization:         2.30    seconds
c total real time since initialization:            2.30    seconds
c maximum resident set size of process:           54.37    MB
c 
c --- [ shutting down ] ------------------------------------------------------
c 
c exit 20
