c --- [ banner ] -------------------------------------------------------------
c 
c CaDiCaL Radically Simplified CDCL SAT Solver
c Copyright (c) 2016-2019 Armin Biere, JKU Linz
c 
c Version 1.0.3 cb89cbfa16f47cb7bf1ec6ad9855e7b6d5203c18
c g++ (GCC) 6.3.0 -Wall -Wextra -O3 -DNDEBUG
c Fri Aug 23 08:17:16 CDT 2019 Linux login1 4.4.103-6.38-default x86_64
c 
c --- [ config ] -------------------------------------------------------------
c 
c using 'unsat' configuration (target unsatisfiable instances)
c 
c --- [ proof tracing ] ------------------------------------------------------
c 
c opening file to write '/tmp/16_90_0_four.drat'
c writing binary proof trace to '/tmp/16_90_0_four.drat'
c 
c --- [ parsing input ] ------------------------------------------------------
c 
c reading DIMACS file from '/tmp/16_90_0_four.cnf'
c opening file to read '/tmp/16_90_0_four.cnf'
c found 'p cnf 43008 265790' header
c parsed 265790 clauses in 0.21 seconds process time
c 
c --- [ options ] ------------------------------------------------------------
c 
c   --stabilize=false              (different from default 'true')
c   --walk=false                   (different from default 'true')
c 
c --- [ solving ] ------------------------------------------------------------
c 
c time measured in process time since initialization
c 
c  seconds  reductions  redundant  irredundant
c         MB    restarts       trail       variables
c          level   conflicts       glue         remaining
c 
c *  0.21 31  0 0   0    0    0  0% 0 240734 41462 96%
c {  0.22 31  0 0   0    0    0  0% 0 240734 41462 96%
c -  0.29 33 59 1  20  301  213  9% 6 231946 41462 96%
c I  0.38 34 66 1  78 1002  733  9% 8 231946 41462 96%
c -  0.49 42 63 2  92 1128  745  9% 8 231946 41462 96%
c -  0.69 42 54 3 171 2358 1359 11% 8 231946 41462 96%
c B  0.74 42 49 3 221 3004 1896 11% 8 231946 41462 96%
c i  0.82 42 46 3 260 3847 2557 11% 8 231946 41450 96%
c -  0.88 42 45 4 260 3997 1956 11% 8 231776 41450 96%
c i  0.88 42 45 4 260 4009 1966 11% 8 231776 41436 96%
c i  0.88 42 45 4 260 4018 1972 11% 8 231776 41376 96%
c }  0.88 42 44 4 260 4028 1980 11% 8 231776 40415 94%
c 0  0.88 42 44 4 260 4028 1980 11% 8 231776 40415 94%
c 
c --- [ result ] -------------------------------------------------------------
c 
s UNSATISFIABLE
c 
c --- [ run-time profiling ] -------------------------------------------------
c 
c process time taken by individual solving procedures
c (percentage relative to process time for solving)
c 
c         0.67  100.00% search
c         0.67   99.40% unstable
c         0.00    0.60% lucky
c         0.00    0.00% simplify
c   =================================
c         0.67   76.02% solve
c 
c last line shows process time for solving
c (percentage relative to total process time)
c 
c --- [ statistics ] ---------------------------------------------------------
c 
c backtracked:                4914       122.00 %  of conflicts
c chronological:              1690        34.39 %  of backtracks
c conflicts:                  4028      5994.05    per second
c decisions:                 20431     30403.27    per second
c fixed:                      2593         6.03 %  of all variables
c learned:                    3376        83.81 %  per conflict
c minimized:                 31530        25.69 %  learned literals
c propagations:            1696325         2.52 M  per second
c reduced:                    1122        27.86 %  per conflict
c rephased:                      2      2014.00    interval
c restarts:                    260        15.49    interval
c subsumed:                    235         0.05 %  of all clauses
c 
c seconds are measured in process time for solving
c 
c --- [ resources ] ----------------------------------------------------------
c 
c total process time since initialization:         0.88    seconds
c total real time since initialization:            0.88    seconds
c maximum resident set size of process:           48.06    MB
c 
c --- [ shutting down ] ------------------------------------------------------
c 
c exit 20
