c --- [ banner ] -------------------------------------------------------------
c 
c CaDiCaL Radically Simplified CDCL SAT Solver
c Copyright (c) 2016-2019 Armin Biere, JKU Linz
c 
c Version 1.0.3 cb89cbfa16f47cb7bf1ec6ad9855e7b6d5203c18
c g++ (GCC) 6.3.0 -Wall -Wextra -O3 -DNDEBUG
c Fri Aug 23 08:17:16 CDT 2019 Linux login1 4.4.103-6.38-default x86_64
c 
c --- [ config ] -------------------------------------------------------------
c 
c using 'unsat' configuration (target unsatisfiable instances)
c 
c --- [ proof tracing ] ------------------------------------------------------
c 
c opening file to write '/tmp/20_1300_0_four.drat'
c writing binary proof trace to '/tmp/20_1300_0_four.drat'
c 
c --- [ parsing input ] ------------------------------------------------------
c 
c reading DIMACS file from '/tmp/20_1300_0_four.cnf'
c opening file to read '/tmp/20_1300_0_four.cnf'
c found 'p cnf 43008 265785' header
c parsed 265785 clauses in 0.11 seconds process time
c 
c --- [ options ] ------------------------------------------------------------
c 
c   --stabilize=false              (different from default 'true')
c   --walk=false                   (different from default 'true')
c 
c --- [ solving ] ------------------------------------------------------------
c 
c time measured in process time since initialization
c 
c  seconds  reductions  redundant  irredundant
c         MB    restarts       trail       variables
c          level   conflicts       glue         remaining
c 
c *  0.11 31  0 0   0    0    0  0% 0 241973 41605 97%
c {  0.11 31  0 0   0    0    0  0% 0 241973 41605 97%
c -  0.16 33 37 1   0  303  208  8% 8 234815 41605 97%
c I  0.21 33 41 1  36 1003  730  8% 8 234815 41605 97%
c -  0.30 42 44 2  52 1126  730  8% 8 234815 41605 97%
c -  0.46 42 45 3 107 2359 1338 10% 8 234815 41605 97%
c B  0.52 42 45 3 119 3008 1855 10% 8 234815 41605 97%
c -  0.66 42 44 4 205 4004 2035 10% 9 234815 41605 97%
c d  0.88 43 49 4 336 5000 2915 10% 9 231655 40025 93%
c 2  1.02 44 49 4 336 5000 2915 10% 9 229285 40025 93%
c p  1.16 47 49 4 336 5000 5717 10% 9 229285 40025 93%
c s  1.31 41 49 4 336 5087 5790 10% 9 229285 40025 93%
c v  1.58 49 49 4 336 5087 5790 10% 9 225578 40025 93%
c w  1.67 49 49 4 336 5087 5786 10% 9 225578 40025 93%
c t  1.70 49 49 4 336 5087 5785 10% 9 207660 40025 93%
c e  2.21 50 49 4 336 5087 2096 10% 9 191865 24528 57%
c s  2.28 55 49 4 336 5087 2089 10% 9 191865 24528 57%
c F  2.50 56 48 4 390 6009 2855  8% 9 191865 24528 57%
c -  2.54 57 47 5 390 6060 1242  7% 9 191865 24528 57%
c -  2.78 57 40 6 464 8371 2567  7% 9 191865 24528 57%
c 
c  seconds  reductions   redundant  irredundant
c         MB    restarts        trail       variables
c          level    conflicts       glue         remaining
c 
c B  2.93 57 37 6 483 10011 3981  7% 9 191865 24528 57%
c i  2.99 57 37 6 505 10454 4375  7% 9 191865 24524 57%
c i  2.99 57 37 6 505 10459 4379  7% 9 191865 24158 56%
c i  2.99 57 37 6 505 10460 4379  7% 9 191865 23727 55%
c }  2.99 57 37 6 505 10462 4379  7% 9 191865 23588 55%
c 0  2.99 57 37 6 505 10462 4379  7% 9 191865 23588 55%
c 
c --- [ result ] -------------------------------------------------------------
c 
s UNSATISFIABLE
c 
c --- [ run-time profiling ] -------------------------------------------------
c 
c process time taken by individual solving procedures
c (percentage relative to process time for solving)
c 
c         1.44   50.07% search
c         1.44   50.07% unstable
c         1.44   49.79% simplify
c         0.50   17.34% elim
c         0.32   10.96% vivify
c         0.18    6.38% subsume
c         0.14    4.72% probe
c         0.11    3.88% ternary
c   =================================
c         2.88   96.39% solve
c 
c last line shows process time for solving
c (percentage relative to total process time)
c 
c --- [ statistics ] ---------------------------------------------------------
c 
c backtracked:               30655       293.01 %  of conflicts
c chronological:              4228        13.79 %  of backtracks
c conflicts:                 10462      3627.60    per second
c decisions:                 48685     16881.07    per second
c eliminated:                15497        36.03 %  of all variables
c fixed:                      2343         5.45 %  of all variables
c learned:                    9446        90.29 %  per conflict
c minimized:                 98714        26.60 %  learned literals
c propagations:            4925158         1.71 M  per second
c reduced:                    2098        20.05 %  per conflict
c rephased:                      4      2615.50    interval
c restarts:                    505        20.72    interval
c substituted:                1580         3.67 %  of all variables
c subsumed:                   6756         0.79 %  of all clauses
c strengthened:               2521         0.29 %  of all clauses
c vivified:                   3876         0.45 %  of all clauses
c weakened:                  78451         3.70    average size
c 
c seconds are measured in process time for solving
c 
c --- [ resources ] ----------------------------------------------------------
c 
c total process time since initialization:         2.99    seconds
c total real time since initialization:            3.00    seconds
c maximum resident set size of process:           56.85    MB
c 
c --- [ shutting down ] ------------------------------------------------------
c 
c exit 20
