c --- [ banner ] -------------------------------------------------------------
c 
c CaDiCaL Radically Simplified CDCL SAT Solver
c Copyright (c) 2016-2019 Armin Biere, JKU Linz
c 
c Version 1.0.3 cb89cbfa16f47cb7bf1ec6ad9855e7b6d5203c18
c g++ (GCC) 6.3.0 -Wall -Wextra -O3 -DNDEBUG
c Fri Aug 23 08:17:16 CDT 2019 Linux login1 4.4.103-6.38-default x86_64
c 
c --- [ config ] -------------------------------------------------------------
c 
c using 'unsat' configuration (target unsatisfiable instances)
c 
c --- [ proof tracing ] ------------------------------------------------------
c 
c opening file to write '/tmp/20_264_0_four.drat'
c writing binary proof trace to '/tmp/20_264_0_four.drat'
c 
c --- [ parsing input ] ------------------------------------------------------
c 
c reading DIMACS file from '/tmp/20_264_0_four.cnf'
c opening file to read '/tmp/20_264_0_four.cnf'
c found 'p cnf 43008 265785' header
c parsed 265785 clauses in 0.11 seconds process time
c 
c --- [ options ] ------------------------------------------------------------
c 
c   --stabilize=false              (different from default 'true')
c   --walk=false                   (different from default 'true')
c 
c --- [ solving ] ------------------------------------------------------------
c 
c time measured in process time since initialization
c 
c  seconds  reductions  redundant  irredundant
c         MB    restarts       trail       variables
c          level   conflicts       glue         remaining
c 
c *  0.11 31  0 0   0    0    0  0% 0 241974 41468 96%
c {  0.11 31  0 0   0    0    0  0% 0 241974 41468 96%
c -  0.16 33 47 1  21  300  255  7% 9 231942 41468 96%
c I  0.27 35 89 1 102 1009  789 11% 10 231942 41468 96%
c -  0.36 43 81 2 102 1120  731 11% 10 231942 41468 96%
c -  0.50 43 56 3 124 2350 1319 11% 9 231942 41468 96%
c B  0.54 43 49 3 141 3010 1843 11% 9 231942 41468 96%
c -  0.67 43 42 4 159 3989 1986 11% 9 231942 41468 96%
c i  0.70 43 40 4 160 4314 2252 11% 9 231942 41146 96%
c i  0.70 43 40 4 160 4315 2252 11% 9 231942 41114 96%
c i  0.70 43 40 4 160 4316 2252 11% 9 231942 41112 96%
c i  0.70 43 40 4 160 4317 2252 11% 9 231942 41043 95%
c i  0.70 43 39 4 160 4339 2271 11% 9 231942 40948 95%
c i  0.75 43 37 4 160 4819 2646 11% 8 231942 40666 95%
c i  0.76 43 36 4 160 4970 2753 11% 8 231942 40223 94%
c d  0.87 44 36 4 160 5000 2286 11% 8 206633 38816 90%
c d  0.90 44 36 4 160 5000 2284 11% 8 206509 38803 90%
c 2  1.01 44 36 4 160 5000 2283 11% 8 204423 38559 90%
c p  1.21 44 36 4 160 5000 23081 11% 8 204423 38281 89%
c d  1.25 45 36 4 160 5000 22103 11% 8 196458 38273 89%
c 
c  seconds  reductions   redundant  irredundant
c         MB    restarts        trail       variables
c          level   conflicts        glue         remaining
c 
c d  1.28 45 36 4 160 5000 22102 11% 8 196448 38269 89%
c i  1.41 43 36 4 160 5022 22115  5% 8 196448 38265 89%
c i  1.42 43 36 4 160 5028 22118  4% 8 196448 38232 89%
c }  1.42 43 36 4 160 5030 22118  4% 8 196448 38066 89%
c 0  1.42 43 36 4 160 5030 22118  4% 8 196448 38066 89%
c 
c --- [ result ] -------------------------------------------------------------
c 
s UNSATISFIABLE
c 
c --- [ run-time profiling ] -------------------------------------------------
c 
c process time taken by individual solving procedures
c (percentage relative to process time for solving)
c 
c         0.80   61.16% search
c         0.80   60.86% unstable
c         0.51   38.84% simplify
c         0.20   15.60% probe
c         0.10    7.95% ternary
c         0.00    0.31% lucky
c   =================================
c         1.31   92.37% solve
c 
c last line shows process time for solving
c (percentage relative to total process time)
c 
c --- [ statistics ] ---------------------------------------------------------
c 
c backtracked:               18218       362.19 %  of conflicts
c chronological:              1976        10.85 %  of backtracks
c conflicts:                  5030      3845.57    per second
c decisions:                 22846     17466.36    per second
c fixed:                      3510         8.16 %  of all variables
c learned:                    4410        87.67 %  per conflict
c minimized:                 57523        29.05 %  learned literals
c propagations:            3410909         2.61 M  per second
c reduced:                    1298        25.81 %  per conflict
c rephased:                      2      2515.00    interval
c restarts:                    160        31.44    interval
c substituted:                1432         3.33 %  of all variables
c subsumed:                   2395         0.32 %  of all clauses
c weakened:                   2864         2.00    average size
c 
c seconds are measured in process time for solving
c 
c --- [ resources ] ----------------------------------------------------------
c 
c total process time since initialization:         1.42    seconds
c total real time since initialization:            1.42    seconds
c maximum resident set size of process:           50.20    MB
c 
c --- [ shutting down ] ------------------------------------------------------
c 
c exit 20
