c --- [ banner ] -------------------------------------------------------------
c 
c CaDiCaL Radically Simplified CDCL SAT Solver
c Copyright (c) 2016-2019 Armin Biere, JKU Linz
c 
c Version 1.0.3 cb89cbfa16f47cb7bf1ec6ad9855e7b6d5203c18
c g++ (GCC) 6.3.0 -Wall -Wextra -O3 -DNDEBUG
c Fri Aug 23 08:17:16 CDT 2019 Linux login1 4.4.103-6.38-default x86_64
c 
c --- [ config ] -------------------------------------------------------------
c 
c using 'unsat' configuration (target unsatisfiable instances)
c 
c --- [ proof tracing ] ------------------------------------------------------
c 
c opening file to write '/tmp/45_573_0_three.drat'
c writing binary proof trace to '/tmp/45_573_0_three.drat'
c 
c --- [ parsing input ] ------------------------------------------------------
c 
c reading DIMACS file from '/tmp/45_573_0_three.cnf'
c opening file to read '/tmp/45_573_0_three.cnf'
c found 'p cnf 39424 200367' header
c parsed 200367 clauses in 0.18 seconds process time
c 
c --- [ options ] ------------------------------------------------------------
c 
c   --stabilize=false              (different from default 'true')
c   --walk=false                   (different from default 'true')
c 
c --- [ solving ] ------------------------------------------------------------
c 
c time measured in process time since initialization
c 
c  seconds  reductions  redundant  irredundant
c         MB    restarts       trail       variables
c          level   conflicts       glue         remaining
c 
c *  0.18 26  0 0   0    0    0  0% 0 185092 38392 97%
c {  0.18 27  0 0   0    0    0  0% 0 185092 38392 97%
c -  0.25 29 93 1   9  317  261 11% 11 180154 38392 97%
c I  0.33 30 77 1  40 1008  845 11% 11 180154 38392 97%
c -  0.39 36 83 2  40 1070  731 11% 11 180154 38392 97%
c -  0.53 36 64 3  83 2203 1275  9% 10 180154 38392 97%
c B  0.62 36 65 3 123 3011 1981 10% 10 180154 38392 97%
c -  0.74 36 66 4 125 3710 1857 12% 10 180154 38392 97%
c s  0.96 32 64 4 156 4539 2596 11% 10 180154 38392 97%
c v  1.09 37 64 4 156 4539 2596 11% 10 176372 38392 97%
c w  1.17 37 64 4 156 4539 2596 11% 10 176372 38392 97%
c t  1.19 37 64 4 156 4539 2596 11% 10 164622 38392 97%
c e  2.03 39 64 4 156 4539   32 11% 10 147097 22883 58%
c s  2.13 43 64 4 156 4539   32 11% 10 147091 22883 58%
c 3  2.41 44 63 4 199 5001 8722  5% 10 147091 22883 58%
c p  2.48 45 63 4 199 5001 9016  5% 10 147091 22883 58%
c -  2.56 34 62 5 266 5593 1090  4% 10 147091 22883 58%
c F  2.60 34 63 5 319 6015 1484  4% 10 147091 22883 58%
c -  2.75 39 59 6 417 7695 2302  6% 10 147091 22883 58%
c B  2.92 39 54 6 528 10017 4423  6% 10 147091 22883 58%
c 
c  seconds  reductions   redundant   irredundant
c         MB    restarts        trail        variables
c          level    conflicts       glue          remaining
c 
c -  2.96 39 54 7 528 10146 3128  6% 10 147091 22883 58%
c -  3.21 39 52 8 626 12949 3773  6% 10 147091 22883 58%
c 3  3.46 39 51 8 776 15002 14750  6% 10 147091 22883 58%
c p  3.53 39 51 8 776 15002 15113  6% 10 147091 22883 58%
c #  3.55 39 51 8 776 15021 15130  6% 10 147091 22883 58%
c s  3.65 40 51 8 788 15277 15304  6% 10 146778 22883 58%
c v  3.85 41 51 8 788 15277 15304  6% 10 132197 22883 58%
c w  3.92 41 51 8 788 15277 10892  6% 10 132197 22883 58%
c t  3.93 41 51 8 788 15277 10892  6% 10 132173 22883 58%
c e  4.17 41 51 8 788 15277 7859  6% 10 132561 22477 57%
c s  4.20 41 51 8 788 15277 7792  6% 10 131525 22477 57%
c e  4.27 41 51 8 788 15277 6470  6% 10 131771 22230 56%
c -  4.40 41 50 9 828 16101 2921  6% 10 131771 22230 56%
c -  4.68 41 47 10 979 19460 4292  6% 10 131771 22230 56%
c B  4.79 41 47 10 1065 21022 5681  6% 10 131771 22230 56%
c -  4.99 41 46 11 1220 23163 5211  6% 10 131771 22230 56%
c -  5.38 41 46 12 1527 27194 6085  6% 10 131771 22230 56%
c O  5.44 41 45 12 1541 28023 6824  6% 10 131771 22230 56%
c 3  5.74 41 46 12 1698 30005 15097  6% 10 131771 22230 56%
c 2  5.78 41 46 12 1698 30005 15097  6% 10 131770 22230 56%
c 
c  seconds  reductions      redundant   irredundant
c         MB     restarts          trail        variables
c          level      conflicts        glue          remaining
c 
c p  5.80 41 46 12 1698 30005 15349  6% 10 131770 22230 56%
c s  5.97 41 46 12 1761 30682 13470  6% 10 131588 22230 56%
c v  6.19 41 46 12 1761 30682 13470  6% 10 116577 22230 56%
c w  6.30 41 46 12 1761 30682 12245  6% 10 116577 22230 56%
c e  6.40 41 46 12 1761 30682 10306  6% 10 116716 22077 56%
c s  6.45 41 46 12 1761 30682 10213  6% 10 116693 22077 56%
c e  6.49 41 46 12 1761 30682 10172  6% 10 116699 22071 56%
c -  6.62 41 46 13 1828 31561 7236  6% 10 116699 22071 56%
c B  7.00 41 44 13 2071 36026 11283  6% 10 116699 22071 56%
c -  7.03 41 44 14 2071 36043 7132  6% 10 116699 22071 56%
c -  7.50 41 43 15 2334 40846 7877  6% 10 116699 22071 56%
c I  7.86 41 43 15 2634 45029 11735  6% 10 116699 22071 56%
c -  7.96 41 43 16 2668 45969 8643  6% 10 116699 22071 56%
c s  8.45 41 42 16 2970 49904 12161  6% 10 116694 22071 56%
c v  8.71 41 42 16 2970 49904 12161  6% 10 102284 22071 56%
c w  8.84 41 42 16 2970 49904 12148  6% 10 102284 22071 56%
c e  8.92 41 42 16 2970 49904 12106  6% 10 102293 22056 56%
c s  8.95 41 42 16 2970 49904 12042  6% 10 102286 22056 56%
c e  8.98 41 42 16 2970 49904 12042  6% 10 102283 22055 56%
c 3  9.08 41 42 16 2993 50005 17669  6% 10 102283 22055 56%
c 
c  seconds  reductions      redundant   irredundant
c         MB     restarts          trail        variables
c          level      conflicts        glue          remaining
c 
c p  9.14 41 42 16 2993 50005 17795  6% 10 102283 22055 56%
c -  9.32 41 42 17 3107 51411 9691  6% 10 102283 22055 56%
c B  9.62 41 42 17 3278 55030 13007  6% 10 102283 22055 56%
c -  9.83 41 41 18 3377 56863 9972  6% 10 102283 22055 56%
c - 10.50 41 40 19 3717 62619 10750  6% 10 102283 22055 56%
c F 10.85 41 40 19 3898 66031 13858  6% 10 102283 22055 56%
c - 11.16 41 39 20 4031 68678 11515  6% 10 102283 22055 56%
c s 11.60 41 39 20 4192 72040 14511  6% 10 102281 22055 56%
c v 11.92 41 39 20 4192 72040 14511  6% 10 95133 22055 56%
c w 12.13 41 39 20 4192 72040 14505  6% 10 95133 22055 56%
c e 12.22 41 39 20 4192 72040 14435  6% 10 95162 22015 56%
c s 12.26 41 39 20 4192 72040 14401  6% 10 95156 22015 56%
c 3 12.70 41 39 20 4371 75005 22164  6% 10 95156 22015 56%
c p 12.78 41 39 20 4371 75005 22287  6% 10 95156 22015 56%
c - 12.84 41 39 21 4371 75041 12503  6% 10 95156 22015 56%
c B 13.15 41 38 21 4543 78032 15238  6% 10 95156 22015 56%
c - 13.56 41 38 22 4778 81644 13255  6% 10 95156 22015 56%
c - 14.43 41 38 23 5378 88545 14298  6% 10 95156 22015 56%
c # 14.77 41 38 23 5536 91033 16623  6% 10 95156 22015 56%
c - 15.32 41 38 24 5780 95745 15238  6% 10 95156 22015 56%
c 
c  seconds  reductions      redundant   irredundant
c         MB     restarts          trail       variables
c          level      conflicts        glue         remaining
c 
c s 15.58 41 38 24 5861 97382 16658  6% 10 95154 22015 56%
c v 15.95 41 38 24 5861 97382 16658  6% 10 95048 22015 56%
c w 16.15 41 38 24 5861 97382 16651  6% 10 95048 22015 56%
c e 16.38 41 38 24 5861 97382 13502  6% 10 95475 21523 55%
c s 16.44 41 38 24 5861 97382 13449  6% 10 95411 21523 55%
c e 16.48 41 38 24 5861 97382 13437  6% 10 95417 21520 55%
c f 17.20 41 37 25 6154 103246 10724  6% 10 95417 21520 55%
c 3 17.48 41 37 25 6277 105005 16905  6% 10 95417 21520 55%
c p 17.55 41 37 25 6277 105005 17023  6% 10 95417 21520 55%
c B 17.58 41 37 25 6280 105034 17048  6% 10 95417 21520 55%
c - 18.24 41 37 26 6581 111047 13643  6% 10 95417 21520 55%
c - 19.20 41 36 27 7015 119148 14808  6% 10 95417 21520 55%
c O 19.31 41 36 27 7055 120044 15617  6% 9 95417 21520 55%
c s 20.44 41 36 27 7589 127463 22320  6% 9 95390 21520 55%
c v 20.89 41 36 27 7589 127463 22320  6% 9 95203 21520 55%
c w 21.18 41 36 27 7589 127463 22281  6% 9 95203 21520 55%
c e 21.30 41 36 27 7589 127463 21515  6% 9 95189 21385 54%
c s 21.36 41 36 27 7589 127463 21384  6% 9 94966 21385 54%
c e 21.43 41 36 27 7589 127463 19394  6% 9 94846 21330 54%
c - 21.52 41 36 28 7600 127553 14728  6% 9 94846 21330 54%
c 
c  seconds  reductions       redundant   irredundant
c         MB     restarts           trail       variables
c          level      conflicts         glue         remaining
c 
c B 22.52 41 35 28 8218 136046 22424  6% 10 94846 21330 54%
c - 22.58 41 35 29 8228 136253 16495  6% 10 94846 21330 54%
c 3 23.22 41 35 29 8656 140007 24486  6% 10 94846 21330 54%
c p 23.30 41 35 29 8656 140007 24748  6% 10 94846 21330 54%
c - 24.27 41 35 30 9089 145254 18247  6% 10 94846 21330 54%
c I 25.45 41 35 30 9738 153047 25417  6% 10 94846 21330 54%
c - 25.72 41 35 31 9858 154554 19169  6% 10 94846 21330 54%
c s 26.79 41 35 31 10430 161907 25791  6% 10 94809 21330 54%
c v 27.28 41 35 31 10430 161907 25791  6% 10 94642 21330 54%
c w 27.65 41 35 31 10430 161907 25749  6% 10 94642 21330 54%
c t 27.66 41 35 31 10430 161907 25747  6% 10 94641 21330 54%
c e 27.74 41 35 31 10430 161907 23616  6% 10 94193 21034 53%
c s 27.81 41 35 31 10430 161907 23503  6% 10 94181 21034 53%
c e 27.86 41 35 31 10430 161907 22383  6% 10 94152 21016 53%
c - 28.28 41 35 32 10631 164154 18209  6% 10 94152 21016 53%
c B 29.15 41 35 32 11424 171049 24582  6% 10 94152 21016 53%
c - 29.56 41 35 33 11673 174054 20427  6% 10 94152 21016 53%
c 3 30.44 41 35 33 12265 180007 30412  6% 10 94152 21016 53%
c p 30.50 41 35 33 12265 180007 30591  6% 10 94152 21016 53%
c - 31.15 41 35 34 12581 184256 22174  6% 10 94152 21016 53%
c 
c  seconds  reductions        redundant   irredundant
c         MB      restarts           trail       variables
c          level       conflicts         glue         remaining
c 
c F 31.87 41 35 34 12996 190050 27548  6% 10 94152 21016 53%
c - 32.52 41 35 35 13356 194756 23133  6% 10 94152 21016 53%
c s 33.38 41 34 35 13790 200858 28655  6% 10 94133 21016 53%
c v 33.75 41 34 35 13790 200858 28655  6% 10 93977 21016 53%
c w 34.06 41 34 35 13790 200858 28645  6% 10 93977 21016 53%
c t 34.07 41 34 35 13790 200858 28642  6% 10 93976 21016 53%
c e 34.11 41 34 35 13790 200858 28456  6% 10 93997 20994 53%
c s 34.16 41 34 35 13790 200858 28347  6% 10 93985 20994 53%
c e 34.19 41 34 35 13790 200858 28347  6% 10 93987 20993 53%
c - 34.85 41 34 36 14153 205557 24049  6% 10 93987 20993 53%
c B 35.47 41 34 36 14493 210052 28207  6% 10 93987 20993 53%
c - 36.41 41 34 37 15171 216659 25121  6% 10 93987 20993 53%
c 3 37.64 41 33 37 15726 225008 37437  6% 10 93987 20993 53%
c 2 37.68 41 33 37 15726 225008 37436  6% 10 93987 20993 53%
c p 37.70 41 33 37 15726 225008 37764  6% 10 93987 20993 53%
c - 38.28 41 33 38 15993 228061 26517  6% 10 93987 20993 53%
c # 38.71 41 33 38 16228 231054 29272  6% 10 93987 20993 53%
c - 39.90 41 33 39 16890 239761 27450  6% 10 93987 20993 53%
c i 40.56 41 33 39 17266 244029 31430  6% 10 93987 20992 53%
c s 40.64 41 33 39 17266 244113 31446  6% 10 93980 20992 53%
c 
c  seconds  reductions        redundant   irredundant
c         MB      restarts           trail       variables
c          level       conflicts         glue         remaining
c 
c v 41.01 41 33 39 17266 244113 31446  6% 10 93802 20992 53%
c w 41.43 41 33 39 17266 244113 31384  6% 10 93802 20992 53%
c t 41.44 41 33 39 17266 244113 31383  6% 10 93801 20992 53%
c e 41.49 41 33 39 17266 244113 25184  6% 10 93826 20896 53%
c s 41.54 41 33 39 17266 244113 25111  6% 10 93813 20896 53%
c e 41.57 41 33 39 17266 244113 25110  6% 10 93815 20895 53%
c - 42.57 43 32 40 17678 251762 25121  6% 10 93815 20895 53%
c B 42.76 43 32 40 17768 253056 26328  6% 10 93815 20895 53%
c - 44.29 43 32 41 18551 264062 27871  6% 10 93815 20895 53%
c 3 46.08 43 32 41 19431 275009 42817  6% 10 93815 20895 53%
c p 46.16 43 32 41 19431 275009 42954  6% 10 93815 20895 53%
c O 46.38 43 32 41 19540 276058 43944  6% 10 93815 20895 53%
c - 46.56 43 32 42 19641 276665 29836  6% 10 93815 20895 53%
c - 48.76 43 31 43 20575 289565 31055  6% 10 93815 20895 53%
c s 49.20 43 31 43 20710 291780 32982  6% 10 93812 20895 53%
c v 49.54 43 31 43 20710 291780 32982  6% 10 93718 20895 53%
c w 50.08 43 31 43 20710 291780 32965  6% 10 93718 20895 53%
c t 50.08 43 31 43 20710 291780 32965  6% 10 93715 20895 53%
c e 50.12 43 31 43 20710 291780 32886  6% 10 93721 20888 53%
c s 50.18 43 31 43 20710 291780 32799  6% 10 93720 20888 53%
c 
c  seconds  reductions        redundant   irredundant
c         MB      restarts           trail       variables
c          level       conflicts         glue         remaining
c 
c B 51.58 43 31 43 21277 300060 40442  6% 10 93720 20888 53%
c - 52.09 49 31 44 21513 302766 32393  6% 10 93720 20888 53%
c i 52.89 49 30 44 21827 307461 36694  6% 10 93720 20887 53%
c - 54.56 43 30 45 22412 316266 33519  6% 10 93655 20887 53%
c I 56.19 43 30 45 23212 325063 41652  6% 10 93655 20887 53%
c 3 57.19 43 30 45 23577 330010 51157  6% 10 93653 20886 53%
c p 57.26 43 30 45 23577 330010 51262  6% 10 93653 20886 53%
c - 57.34 49 30 46 23583 330066 34804  6% 10 93653 20886 53%
c s 60.02 49 29 46 24611 343757 47080  7% 10 93650 20886 53%
c v 60.38 49 29 46 24611 343757 47080  7% 10 93623 20886 53%
c w 61.22 49 29 46 24611 343757 47061  7% 10 93623 20886 53%
c e 61.38 49 29 46 24611 343757 38439  7% 10 100861 18363 47%
c s 61.47 49 29 46 24611 343757 38292  7% 10 100793 18363 47%
c e 61.52 49 29 46 24611 343757 38228  7% 10 100794 18361 47%
c - 61.74 43 29 47 24689 344166 29259  6% 10 100794 18361 47%
c B 63.03 44 28 47 25157 351064 35591  9% 10 100794 18361 47%
c - 64.43 44 28 48 25843 358615 33226  8% 10 100794 18361 47%
c - 66.95 49 27 49 26702 373366 35067  9% 10 100794 18361 47%
c F 67.79 49 27 49 26970 378066 39425  9% 10 100794 18361 47%
c - 69.94 44 27 50 28123 388419 37047  9% 10 100794 18361 47%
c 
c  seconds  reductions        redundant   irredundant
c         MB      restarts           trail        variables
c          level       conflicts         glue          remaining
c 
c 3 70.36 44 27 50 28286 390010 44101  9% 10 100794 18361 47%
c p 70.42 44 27 50 28286 390010 44232  9% 10 100794 18360 47%
c f 73.27 44 26 51 29434 403771 30273  9% 10 100700 18360 47%
c B 73.70 44 26 51 29718 406067 32411  9% 10 100700 18360 47%
c s 74.08 44 26 51 29864 407633 33744  9% 10 100687 18360 47%
c v 74.54 44 26 51 29864 407633 33744  9% 10 99241 18360 47%
c w 75.25 44 26 51 29864 407633 33665  9% 10 99241 18360 47%
c t 75.25 44 26 51 29864 407633 33665  9% 10 99239 18360 47%
c e 75.33 44 26 51 29864 407633 28586  9% 10 99433 18289 46%
c s 75.39 44 26 51 29864 407633 28460  9% 10 99421 18289 46%
c - 77.74 44 26 52 30741 419418 30984  9% 10 99421 18289 46%
c # 80.67 44 25 52 31762 435068 44964  9% 10 99421 18289 46%
c - 80.75 44 25 53 31769 435319 33830  9% 10 99421 18289 46%
c i 82.93 44 25 53 32491 446104 43478  9% 10 99421 18284 46%
c - 84.15 44 25 54 32866 451520 33021  9% 10 98931 18284 46%
c d 84.86 44 24 54 33032 455010 36093 10% 10 98929 18283 46%
c 3 84.91 44 24 54 33032 455010 41000 10% 10 98929 18283 46%
c 2 84.95 44 24 54 33032 455010 40999 10% 10 98929 18283 46%
c p 84.98 44 24 54 33032 455010 41298 10% 10 98929 18283 46%
c B 86.57 44 24 54 33408 465070 50445 10% 10 98929 18283 46%
c 
c  seconds  reductions        redundant   irredundant
c         MB      restarts           trail       variables
c          level       conflicts         glue         remaining
c 
c - 87.18 44 24 55 33539 468021 35966 10% 10 98929 18283 46%
c s 88.70 44 24 55 33835 476026 42418 10% 10 98888 18283 46%
c v 89.22 44 24 55 33835 476026 42418 10% 10 98518 18283 46%
c w 90.16 44 24 55 33835 476026 42199 10% 10 98518 18283 46%
c t 90.17 44 24 55 33835 476026 42191 10% 10 98512 18283 46%
c e 90.45 44 24 55 33835 476026 17532 10% 10 120780 13791 35%
c s 90.60 44 24 55 33835 476026 17177 10% 10 119603 13791 35%
c e 90.75 44 24 55 33835 476026 9864 10% 10 119609 13734 35%
c - 91.78 44 24 56 34342 484821 15595  9% 10 119609 13734 35%
c O 93.26 44 25 56 34958 496073 26030 10% 10 119609 13734 35%
c - 94.39 51 25 57 35438 503250 26024 10% 10 119609 13734 35%
c - 97.45 44 25 58 36717 522004 31058  9% 10 119609 13734 35%
c 3 97.98 44 25 58 36897 525010 34332  9% 10 119609 13734 35%
c 2 98.01 44 25 58 36897 525010 34331  9% 10 119609 13734 35%
c p 98.04 44 25 58 36897 525010 34468  9% 10 119609 13734 35%
c B 98.46 44 25 58 37026 528076 37303  9% 10 119609 13734 35%
c - 101.20 51 25 59 38292 541080 34500  9% 10 119609 13734 35%
c - 104.72 44 24 60 39636 560479 36758  9% 10 119609 13734 35%
c I 104.78 44 24 60 39659 561077 37287  9% 10 119609 13734 35%
c s 106.32 46 24 60 40037 569704 44900  9% 10 119387 13734 35%
c 
c  seconds   reductions        redundant   irredundant
c          MB      restarts           trail        variables
c           level       conflicts         glue          remaining
c 
c v 107.48 47 24 60 40037 569704 44900  9% 10 113069 13734 35%
c w 108.81 47 24 60 40037 569704 44864  9% 10 113069 13734 35%
c t 108.82 47 24 60 40037 569704 44863  9% 10 113055 13734 35%
c e 109.19 47 24 60 40037 569704 37212  9% 10 115667 13324 34%
c s 109.34 47 24 60 40037 569704 36998  9% 10 115388 13324 34%
c e 109.42 47 24 60 40037 569704 36908  9% 10 115418 13320 34%
c - 111.57 47 24 61 41067 580202 35145  9% 10 115418 13320 34%
c B 114.39 47 24 61 42206 595078 48723  9% 10 115418 13320 34%
c - 115.43 47 24 62 42569 599960 38400  9% 10 115418 13320 34%
c 3 115.48 47 24 62 42569 600010 39112  9% 10 115418 13320 34%
c 2 115.52 47 24 62 42569 600010 39263  9% 10 115418 13320 34%
c p 115.55 47 24 62 42569 600010 39421  9% 10 115418 13320 34%
c - 119.25 47 23 63 43753 620036 40433  9% 10 115418 13320 34%
c F 121.12 47 22 63 44038 630081 49213 10% 10 115418 13320 34%
c - 123.18 47 21 64 44558 640432 40818 10% 10 115418 13320 34%
c i 125.08 47 21 64 44839 650948 49593 10% 10 115418 13318 34%
c i 126.79 47 21 64 45680 659051 56868 10% 10 115418 13317 34%
c - 127.36 47 21 65 45941 661146 33361 10% 10 114965 13317 34%
c B 128.27 47 21 65 46309 666082 37953 10% 10 114965 13317 34%
c s 128.98 47 20 65 46452 669391 40515 10% 10 114826 13317 34%
c 
c  seconds   reductions        redundant   irredundant
c          MB      restarts           trail        variables
c           level       conflicts         glue          remaining
c 
c v 130.16 47 20 65 46452 669391 40515 10% 10 114151 13317 34%
c w 131.66 47 20 65 46452 669391 40465 10% 10 114151 13317 34%
c t 131.67 47 20 65 46452 669391 40454 10% 10 114139 13317 34%
c e 131.81 47 20 65 46452 669391 34652 10% 10 114168 12878 33%
c s 131.94 47 20 65 46452 669391 34500 10% 10 114120 12878 33%
c 3 134.24 47 20 65 47410 680010 44547 10% 10 114120 12878 33%
c 3 134.25 47 20 65 47410 680010 44644 10% 10 114120 12878 33%
c 2 134.28 47 20 65 47410 680010 44643 10% 10 114120 12878 33%
c p 134.32 47 20 65 47410 680010 44799 10% 10 114120 12878 33%
c - 134.80 47 20 66 47615 682145 36988 10% 10 114120 12878 33%
c # 138.88 47 20 66 49019 703083 55434 10% 10 114120 12878 33%
c - 139.00 47 20 67 49019 703397 41462  9% 10 114120 12878 33%
c i 139.67 47 19 67 49145 706978 44227  9% 10 114120 12873 33%
c - 143.26 47 19 68 50264 724970 36908 10% 10 113208 12873 33%
c i 143.99 47 19 68 50461 728585 39873 10% 10 113208 12870 33%
c B 146.44 47 19 68 51263 741086 50842 10% 10 113208 12870 33%
c - 147.66 47 18 69 51548 746788 41065 10% 10 112666 12870 33%
c i 148.19 47 18 69 51595 750002 43537 10% 10 112666 12835 33%
c i 148.72 47 18 69 51657 752920 45970 10% 10 112666 12826 33%
c i 148.81 47 18 69 51657 753377 46343 10% 10 112666 12800 32%
c 
c  seconds   reductions        redundant   irredundant
c          MB      restarts           trail        variables
c           level       conflicts         glue          remaining
c 
c i 149.47 47 18 69 51657 757080 49319 10% 10 112666 12797 32%
c i 149.69 47 18 69 51657 758304 50218 10% 10 112666 12782 32%
c i 149.76 47 18 69 51657 758670 50461 10% 10 112666 12748 32%
c i 149.76 47 18 69 51657 758671 50461 10% 10 112666 12745 32%
c i 149.81 47 17 69 51657 758953 50675 10% 10 112666 12703 32%
c i 149.82 47 17 69 51657 759001 50716 10% 10 112666 12696 32%
c } 149.83 47 17 69 51657 759027 50737 10% 10 112666 11123 28%
c 0 149.83 47 17 69 51657 759027 50737 10% 10 112666 11123 28%
c 
c --- [ result ] -------------------------------------------------------------
c 
s UNSATISFIABLE
c 
c --- [ run-time profiling ] -------------------------------------------------
c 
c process time taken by individual solving procedures
c (percentage relative to process time for solving)
c 
c       126.00   84.20% search
c       126.00   84.20% unstable
c        23.65   15.80% simplify
c        14.94    9.98% vivify
c         3.66    2.45% elim
c         2.60    1.74% subsume
c         1.06    0.71% ternary
c         0.46    0.31% probe
c         0.00    0.00% lucky
c   =================================
c       149.65   99.88% solve
c 
c last line shows process time for solving
c (percentage relative to total process time)
c 
c --- [ statistics ] ---------------------------------------------------------
c 
c backtracked:             2513117       331.10 %  of conflicts
c chronological:            284349        11.31 %  of backtracks
c conflicts:                759027      5071.95    per second
c decisions:               2807666     18761.30    per second
c eliminated:                25496        64.67 %  of all variables
c fixed:                      2803         7.11 %  of all variables
c flushed:                   29682         3.91 %  per conflict
c learned:                  727594        95.86 %  per conflict
c minimized:               9772050        36.54 %  learned literals
c propagations:          318885479         2.13 M  per second
c reduced:                  489526        64.49 %  per conflict
c rephased:                     38     19974.39    interval
c restarts:                  51657        14.69    interval
c substituted:                   2         0.01 %  of all variables
c subsumed:                 125163         4.59 %  of all clauses
c strengthened:              85953         3.15 %  of all clauses
c ternary:                   94538         0.46 %  of resolved
c vivified:                 104119         3.82 %  of all clauses
c weakened:                 128537         5.00    average size
c 
c seconds are measured in process time for solving
c 
c --- [ resources ] ----------------------------------------------------------
c 
c total process time since initialization:       149.83    seconds
c total real time since initialization:          149.84    seconds
c maximum resident set size of process:           51.43    MB
c 
c --- [ shutting down ] ------------------------------------------------------
c 
c exit 20
