c --- [ banner ] -------------------------------------------------------------
c 
c CaDiCaL Radically Simplified CDCL SAT Solver
c Copyright (c) 2016-2019 Armin Biere, JKU Linz
c 
c Version 1.0.3 cb89cbfa16f47cb7bf1ec6ad9855e7b6d5203c18
c g++ (GCC) 6.3.0 -Wall -Wextra -O3 -DNDEBUG
c Fri Aug 23 08:17:16 CDT 2019 Linux login1 4.4.103-6.38-default x86_64
c 
c --- [ config ] -------------------------------------------------------------
c 
c using 'unsat' configuration (target unsatisfiable instances)
c 
c --- [ proof tracing ] ------------------------------------------------------
c 
c opening file to write '/tmp/45_58_0_three.drat'
c writing binary proof trace to '/tmp/45_58_0_three.drat'
c 
c --- [ parsing input ] ------------------------------------------------------
c 
c reading DIMACS file from '/tmp/45_58_0_three.cnf'
c opening file to read '/tmp/45_58_0_three.cnf'
c found 'p cnf 39424 200367' header
c parsed 200367 clauses in 0.07 seconds process time
c 
c --- [ options ] ------------------------------------------------------------
c 
c   --stabilize=false              (different from default 'true')
c   --walk=false                   (different from default 'true')
c 
c --- [ solving ] ------------------------------------------------------------
c 
c time measured in process time since initialization
c 
c  seconds  reductions  redundant  irredundant
c         MB    restarts       trail       variables
c          level   conflicts       glue         remaining
c 
c *  0.07 26  0 0   0    0    0  0% 0 185092 38342 97%
c {  0.07 27  0 0   0    0    0  0% 0 185092 38342 97%
c -  0.09 28 36 1  20  300  248  6% 6 179298 38342 97%
c I  0.13 29 38 1  88 1003  859  7% 7 179298 38342 97%
c -  0.15 35 39 2  89 1052  796  7% 7 179298 38342 97%
c -  0.24 35 45 3 195 2181 1372  8% 8 179298 38342 97%
c i  0.26 35 43 3 225 2535 1671  8% 8 179298 38284 97%
c i  0.28 35 42 3 243 2998 2077  8% 8 179298 38272 97%
c B  0.28 35 42 3 243 3007 2086  8% 8 179298 38272 97%
c -  0.34 35 41 4 293 3685 1971  8% 8 177854 38272 97%
c s  0.49 32 49 4 413 4547 2710  8% 8 177854 38272 97%
c v  0.58 37 49 4 413 4547 2710  8% 8 174654 38272 97%
c w  0.62 37 49 4 413 4547 2676  8% 8 174654 38220 97%
c t  0.63 37 49 4 413 4547 2674  8% 8 162007 38212 97%
c e  1.27 39 49 4 413 4547   33  8% 8 142419 22067 56%
c s  1.32 43 49 4 413 4547   33  8% 8 142410 22067 56%
c 3  1.46 45 47 4 420 5000 8283  8% 8 142410 22067 56%
c 2  1.48 45 47 4 420 5000 8281  8% 8 142410 22067 56%
c p  1.50 45 47 4 420 5000 8755  8% 8 142410 22067 56%
c -  1.54 45 47 5 452 5560 1072  7% 8 142410 22067 56%
c 
c  seconds  reductions  redundant  irredundant
c         MB    restarts       trail       variables
c          level   conflicts       glue         remaining
c 
c F  1.57 45 47 5 503 6008 1489  7% 8 142410 22067 56%
c i  1.60 45 47 5 590 6725 2142  6% 8 142410 22066 56%
c i  1.60 45 47 5 590 6734 2150  6% 8 142410 22064 56%
c i  1.61 45 47 5 610 6991 2370  6% 8 142410 22061 56%
c i  1.64 45 47 5 663 7604 2918  6% 9 142410 22043 56%
c -  1.66 35 47 6 664 7636 2199  6% 8 139659 22043 56%
c i  1.66 35 47 6 664 7659 2216  6% 8 139659 22038 56%
c B  1.78 35 41 6 772 10010 4342  6% 8 139659 22038 56%
c -  1.80 40 41 7 772 10045 3075  6% 8 139261 22038 56%
c -  1.97 40 37 8 886 12791 3895  6% 8 139261 22038 56%
c i  2.06 40 35 8 927 13936 4888  6% 8 139261 22004 56%
c i  2.06 40 35 8 927 13960 4898  6% 8 139261 21953 56%
c 3  2.20 40 32 8 946 15000 13954  6% 8 139261 21953 56%
c 2  2.22 40 32 8 946 15000 13953  6% 8 139258 21953 56%
c p  2.28 40 32 8 946 15000 14678  6% 8 139258 21942 56%
c d  2.30 40 32 8 946 15000 13831  6% 8 134112 21939 56%
c d  2.30 40 32 8 946 15000 13831  6% 8 134110 21938 56%
c #  2.31 40 32 8 946 15015 13843  6% 8 134110 21938 56%
c s  2.38 40 32 8 958 15311 14085  7% 8 133692 21938 56%
c v  2.50 40 32 8 958 15311 14085  7% 8 126885 21938 56%
c 
c  seconds  reductions    redundant  irredundant
c         MB    restarts         trail       variables
c          level    conflicts        glue         remaining
c 
c w  2.54 40 32 8 958 15311 12047  7% 8 126885 21938 56%
c t  2.55 40 32 8 958 15311 12026  7% 8 123282 21938 56%
c e  2.75 40 32 8 958 15311 6702  7% 8 120972 19299 49%
c -  2.87 42 31 9 990 15880 2490  7% 8 120972 19299 49%
c i  2.88 42 31 9 994 16153 2714  6% 8 120972 19292 49%
c i  2.90 42 30 9 998 16435 2973  8% 8 120972 19280 49%
c -  3.19 42 28 10 1079 19132 3897 11% 8 118489 19277 49%
c i  3.26 42 27 10 1087 19686 4352 10% 8 118489 19274 49%
c i  3.30 42 27 10 1087 20057 4659 10% 8 118489 19270 49%
c i  3.34 42 26 10 1087 20384 4924 10% 8 118489 19267 49%
c i  3.36 42 26 10 1087 20547 5061 10% 8 118489 19265 49%
c i  3.37 42 26 10 1087 20571 5082 10% 8 118489 19261 49%
c i  3.39 42 26 10 1087 20764 5214 10% 8 118489 19177 49%
c i  3.39 42 26 10 1087 20766 5215 10% 8 118489 19104 48%
c }  3.39 42 26 10 1087 20772 5218 10% 8 118489 17998 46%
c 0  3.39 42 26 10 1087 20772 5218 10% 8 118489 17998 46%
c 
c --- [ result ] -------------------------------------------------------------
c 
s UNSATISFIABLE
c 
c --- [ run-time profiling ] -------------------------------------------------
c 
c process time taken by individual solving procedures
c (percentage relative to process time for solving)
c 
c         1.78   53.67% search
c         1.78   53.55% unstable
c         1.54   46.33% simplify
c         0.85   25.63% elim
c         0.26    7.82% vivify
c         0.18    5.29% subsume
c         0.11    3.25% ternary
c         0.07    2.05% probe
c         0.00    0.12% lucky
c   =================================
c         3.32   98.00% solve
c 
c last line shows process time for solving
c (percentage relative to total process time)
c 
c --- [ statistics ] ---------------------------------------------------------
c 
c backtracked:               70743       340.57 %  of conflicts
c chronological:              8488        12.00 %  of backtracks
c conflicts:                 20772      6249.10    per second
c decisions:                 88573     26646.51    per second
c eliminated:                18784        47.65 %  of all variables
c fixed:                      2638         6.69 %  of all variables
c learned:                   19631        94.51 %  per conflict
c minimized:                186182        31.56 %  learned literals
c propagations:            9736906         2.93 M  per second
c reduced:                    6170        29.70 %  per conflict
c rephased:                      5      4154.40    interval
c restarts:                   1087        19.11    interval
c substituted:                   4         0.01 %  of all variables
c subsumed:                  15475         1.77 %  of all clauses
c strengthened:               5649         0.65 %  of all clauses
c ternary:                   22597         0.78 %  of resolved
c vivified:                  12281         1.40 %  of all clauses
c weakened:                  75422         4.05    average size
c 
c seconds are measured in process time for solving
c 
c --- [ resources ] ----------------------------------------------------------
c 
c total process time since initialization:         3.39    seconds
c total real time since initialization:            3.40    seconds
c maximum resident set size of process:           44.75    MB
c 
c --- [ shutting down ] ------------------------------------------------------
c 
c exit 20
