c --- [ banner ] -------------------------------------------------------------
c 
c CaDiCaL Radically Simplified CDCL SAT Solver
c Copyright (c) 2016-2019 Armin Biere, JKU Linz
c 
c Version 1.0.3 cb89cbfa16f47cb7bf1ec6ad9855e7b6d5203c18
c g++ (GCC) 6.3.0 -Wall -Wextra -O3 -DNDEBUG
c Fri Aug 23 08:17:16 CDT 2019 Linux login1 4.4.103-6.38-default x86_64
c 
c --- [ config ] -------------------------------------------------------------
c 
c using 'unsat' configuration (target unsatisfiable instances)
c 
c --- [ proof tracing ] ------------------------------------------------------
c 
c opening file to write '/tmp/6_1215_0_four.drat'
c writing binary proof trace to '/tmp/6_1215_0_four.drat'
c 
c --- [ parsing input ] ------------------------------------------------------
c 
c reading DIMACS file from '/tmp/6_1215_0_four.cnf'
c opening file to read '/tmp/6_1215_0_four.cnf'
c found 'p cnf 43008 265790' header
c parsed 265790 clauses in 0.10 seconds process time
c 
c --- [ options ] ------------------------------------------------------------
c 
c   --stabilize=false              (different from default 'true')
c   --walk=false                   (different from default 'true')
c 
c --- [ solving ] ------------------------------------------------------------
c 
c time measured in process time since initialization
c 
c  seconds  reductions  redundant  irredundant
c         MB    restarts       trail       variables
c          level   conflicts       glue         remaining
c 
c *  0.10 31  0 0   0    0    0  0% 0 240737 41540 97%
c {  0.10 31  0 0   0    0    0  0% 0 240737 41540 97%
c -  0.14 33 47 1  11  300  234  8% 8 233668 41540 97%
c I  0.20 34 51 1  44 1002  743  8% 9 233668 41540 97%
c -  0.26 42 53 2  55 1123  733  9% 9 233668 41540 97%
c -  0.38 42 31 3  95 2357 1358  8% 8 233668 41540 97%
c B  0.42 42 28 3 113 3004 1892  8% 8 233668 41540 97%
c -  0.54 42 26 4 196 3999 2080  8% 8 233668 41540 97%
c i  0.58 42 24 4 246 4615 2589  8% 8 233668 41536 97%
c i  0.58 42 24 4 246 4623 2587  8% 8 233668 41350 96%
c i  0.58 42 24 4 246 4681 2622  8% 8 233668 41324 96%
c i  0.58 42 24 4 246 4684 2623  8% 8 233668 40949 95%
c i  0.58 42 24 4 246 4686 2624  8% 8 233668 40837 95%
c i  0.58 42 24 4 246 4694 2628  8% 8 233668 40772 95%
c }  0.58 42 24 4 246 4698 2630  8% 8 233668 40465 94%
c 0  0.58 42 24 4 246 4698 2630  8% 8 233668 40465 94%
c 
c --- [ result ] -------------------------------------------------------------
c 
s UNSATISFIABLE
c 
c --- [ run-time profiling ] -------------------------------------------------
c 
c process time taken by individual solving procedures
c (percentage relative to process time for solving)
c 
c         0.48  100.00% search
c         0.48   99.17% unstable
c         0.00    0.83% lucky
c         0.00    0.00% simplify
c   =================================
c         0.48   82.88% solve
c 
c last line shows process time for solving
c (percentage relative to total process time)
c 
c --- [ statistics ] ---------------------------------------------------------
c 
c backtracked:                5687       121.05 %  of conflicts
c chronological:              1867        32.83 %  of backtracks
c conflicts:                  4698      9706.61    per second
c decisions:                 19248     39768.60    per second
c fixed:                      2543         5.91 %  of all variables
c learned:                    4131        87.93 %  per conflict
c minimized:                 54358        31.94 %  learned literals
c propagations:            1710104         3.53 M  per second
c reduced:                    1132        24.10 %  per conflict
c rephased:                      2      2349.00    interval
c restarts:                    246        19.10    interval
c subsumed:                    362         0.07 %  of all clauses
c 
c seconds are measured in process time for solving
c 
c --- [ resources ] ----------------------------------------------------------
c 
c total process time since initialization:         0.58    seconds
c total real time since initialization:            0.59    seconds
c maximum resident set size of process:           48.53    MB
c 
c --- [ shutting down ] ------------------------------------------------------
c 
c exit 20
