c --- [ banner ] -------------------------------------------------------------
c 
c CaDiCaL Radically Simplified CDCL SAT Solver
c Copyright (c) 2016-2019 Armin Biere, JKU Linz
c 
c Version 1.0.3 cb89cbfa16f47cb7bf1ec6ad9855e7b6d5203c18
c g++ (GCC) 6.3.0 -Wall -Wextra -O3 -DNDEBUG
c Fri Aug 23 08:17:16 CDT 2019 Linux login1 4.4.103-6.38-default x86_64
c 
c --- [ config ] -------------------------------------------------------------
c 
c using 'unsat' configuration (target unsatisfiable instances)
c 
c --- [ proof tracing ] ------------------------------------------------------
c 
c opening file to write '/tmp/6_290_0_four.drat'
c writing binary proof trace to '/tmp/6_290_0_four.drat'
c 
c --- [ parsing input ] ------------------------------------------------------
c 
c reading DIMACS file from '/tmp/6_290_0_four.cnf'
c opening file to read '/tmp/6_290_0_four.cnf'
c found 'p cnf 43008 265790' header
c parsed 265790 clauses in 0.15 seconds process time
c 
c --- [ options ] ------------------------------------------------------------
c 
c   --stabilize=false              (different from default 'true')
c   --walk=false                   (different from default 'true')
c 
c --- [ solving ] ------------------------------------------------------------
c 
c time measured in process time since initialization
c 
c  seconds  reductions  redundant  irredundant
c         MB    restarts       trail       variables
c          level   conflicts       glue         remaining
c 
c *  0.15 31  0 0   0    0    0  0% 0 240731 41499 96%
c {  0.15 31  0 0   0    0    0  0% 0 240731 41499 96%
c -  0.20 32 78 1   1  304  216 10% 7 232517 41499 96%
c I  0.26 34 65 1  66 1002  727  9% 9 232517 41499 96%
c -  0.34 42 59 2  66 1123  723  9% 9 232517 41499 96%
c -  0.48 42 48 3 134 2352 1368  9% 9 232517 41499 96%
c B  0.53 42 45 3 158 3005 1879 10% 9 232517 41499 96%
c -  0.68 42 44 4 215 3992 2068 10% 9 232517 41499 96%
c d  0.88 43 43 4 253 5021 2901 10% 9 229389 39935 93%
c 2  1.01 44 43 4 253 5021 2901 10% 9 227043 39935 93%
c p  1.14 46 43 4 253 5021 4593 10% 9 227043 39935 93%
c s  1.30 40 43 4 253 5075 4634 10% 9 227043 39935 93%
c v  1.53 48 43 4 253 5075 4634 10% 9 223728 39935 93%
c w  1.62 48 43 4 253 5075 4634 10% 9 223728 39935 93%
c t  1.64 49 43 4 253 5075 4634 10% 9 204810 39935 93%
c e  2.12 50 43 4 253 5075 1557 10% 9 187985 23955 56%
c s  2.19 52 43 4 253 5075 1546 10% 9 187985 23955 56%
c F  2.38 56 42 4 323 6006 2337  7% 9 187985 23955 56%
c -  2.42 56 42 5 323 6042 1341  7% 9 187985 23955 56%
c -  2.58 56 33 6 373 8335 2566  5% 8 187985 23955 56%
c 
c  seconds  reductions   redundant  irredundant
c         MB    restarts        trail       variables
c          level    conflicts       glue         remaining
c 
c B  2.72 56 30 6 509 10010 3993  5% 8 187985 23955 56%
c i  2.72 56 29 6 509 10181 4117  5% 8 187985 23946 56%
c i  2.74 56 30 6 511 10397 4308  5% 8 187985 23938 56%
c i  2.74 56 29 6 513 10452 4348  5% 8 187985 23911 56%
c i  2.75 56 29 6 513 10538 4408  5% 8 187985 23886 56%
c -  2.82 56 29 7 528 11010 2481  5% 8 182161 23886 56%
c i  2.83 56 29 7 528 11148 2588  5% 8 182161 23856 55%
c i  2.84 56 29 7 528 11199 2620  5% 8 182161 23463 55%
c }  2.84 56 29 7 528 11203 2620  5% 8 182161 23417 54%
c 0  2.84 56 29 7 528 11203 2620  5% 8 182161 23417 54%
c 
c --- [ result ] -------------------------------------------------------------
c 
s UNSATISFIABLE
c 
c --- [ run-time profiling ] -------------------------------------------------
c 
c process time taken by individual solving procedures
c (percentage relative to process time for solving)
c 
c         1.35   50.15% search
c         1.34   50.00% unstable
c         1.34   49.85% simplify
c         0.46   17.26% elim
c         0.27   10.12% vivify
c         0.19    6.99% subsume
c         0.12    4.61% probe
c         0.10    3.87% ternary
c         0.00    0.15% lucky
c   =================================
c         2.69   94.78% solve
c 
c last line shows process time for solving
c (percentage relative to total process time)
c 
c --- [ statistics ] ---------------------------------------------------------
c 
c backtracked:               30971       276.45 %  of conflicts
c chronological:              4507        14.55 %  of backtracks
c conflicts:                 11203      4167.78    per second
c decisions:                 47820     17790.18    per second
c eliminated:                15980        37.16 %  of all variables
c fixed:                      2047         4.76 %  of all variables
c learned:                   10084        90.01 %  per conflict
c minimized:                107737        28.98 %  learned literals
c propagations:            4400763         1.64 M  per second
c reduced:                    2606        23.26 %  per conflict
c rephased:                      4      2800.75    interval
c restarts:                    528        21.22    interval
c substituted:                1564         3.64 %  of all variables
c subsumed:                   6757         0.79 %  of all clauses
c strengthened:               2730         0.32 %  of all clauses
c vivified:                   3489         0.41 %  of all clauses
c weakened:                  79572         3.72    average size
c 
c seconds are measured in process time for solving
c 
c --- [ resources ] ----------------------------------------------------------
c 
c total process time since initialization:         2.84    seconds
c total real time since initialization:            2.84    seconds
c maximum resident set size of process:           55.70    MB
c 
c --- [ shutting down ] ------------------------------------------------------
c 
c exit 20
