c --- [ banner ] -------------------------------------------------------------
c 
c CaDiCaL Radically Simplified CDCL SAT Solver
c Copyright (c) 2016-2019 Armin Biere, JKU Linz
c 
c Version 1.0.3 cb89cbfa16f47cb7bf1ec6ad9855e7b6d5203c18
c g++ (GCC) 6.3.0 -Wall -Wextra -O3 -DNDEBUG
c Fri Aug 23 08:17:16 CDT 2019 Linux login1 4.4.103-6.38-default x86_64
c 
c --- [ config ] -------------------------------------------------------------
c 
c using 'unsat' configuration (target unsatisfiable instances)
c 
c --- [ proof tracing ] ------------------------------------------------------
c 
c opening file to write '/tmp/6_340_0_four.drat'
c writing binary proof trace to '/tmp/6_340_0_four.drat'
c 
c --- [ parsing input ] ------------------------------------------------------
c 
c reading DIMACS file from '/tmp/6_340_0_four.cnf'
c opening file to read '/tmp/6_340_0_four.cnf'
c found 'p cnf 43008 265790' header
c parsed 265790 clauses in 0.12 seconds process time
c 
c --- [ options ] ------------------------------------------------------------
c 
c   --stabilize=false              (different from default 'true')
c   --walk=false                   (different from default 'true')
c 
c --- [ solving ] ------------------------------------------------------------
c 
c time measured in process time since initialization
c 
c  seconds  reductions  redundant  irredundant
c         MB    restarts       trail       variables
c          level   conflicts       glue         remaining
c 
c *  0.12 31  0 0   0    0    0  0% 0 240731 41485 96%
c {  0.12 31  0 0   0    0    0  0% 0 240731 41485 96%
c -  0.18 33 59 1  10  300  225  9% 8 232515 41485 96%
c I  0.23 33 46 1  29 1011  766  9% 8 232515 41485 96%
c -  0.32 42 50 2  39 1120  718  9% 8 232515 41485 96%
c -  0.49 42 46 3 170 2350 1366  9% 9 232515 41485 96%
c B  0.56 42 44 3 228 3013 1948  9% 9 232515 41485 96%
c -  0.72 42 42 4 281 3994 2145  9% 9 232515 41485 96%
c d  0.93 43 39 4 297 5000 3035  9% 8 229387 39921 93%
c 2  1.07 43 39 4 297 5000 3035  9% 8 227041 39921 93%
c p  1.21 46 39 4 297 5000 6044  9% 8 227041 39921 93%
c s  1.40 39 39 4 297 5074 6103  9% 8 227041 39921 93%
c v  1.68 48 39 4 297 5074 6103  9% 8 223367 39921 93%
c w  1.78 49 39 4 297 5074 6103  9% 8 223367 39921 93%
c t  1.81 49 39 4 297 5074 6102  9% 8 204457 39921 93%
c e  2.33 49 39 4 297 5074 2266  9% 8 187887 23986 56%
c s  2.40 52 39 4 297 5074 2262  9% 8 187887 23986 56%
c F  2.59 55 37 4 309 6014 3062  6% 8 187887 23986 56%
c -  2.62 55 37 5 309 6043 1385  6% 8 187887 23986 56%
c i  2.66 56 35 5 311 6619 1866  6% 8 187887 23982 56%
c 
c  seconds  reductions  redundant  irredundant
c         MB    restarts       trail       variables
c          level   conflicts       glue         remaining
c 
c i  2.67 56 35 5 311 6697 1930  5% 8 187887 23981 56%
c i  2.70 56 33 5 311 7117 2270  6% 8 187887 23973 56%
c }  2.70 56 33 5 311 7119 2270  6% 8 187887 23747 55%
c 0  2.70 56 33 5 311 7119 2270  6% 8 187887 23747 55%
c 
c --- [ result ] -------------------------------------------------------------
c 
s UNSATISFIABLE
c 
c --- [ run-time profiling ] -------------------------------------------------
c 
c process time taken by individual solving procedures
c (percentage relative to process time for solving)
c 
c         1.48   57.52% simplify
c         1.10   42.48% search
c         1.09   42.33% unstable
c         0.51   19.84% elim
c         0.33   12.87% vivify
c         0.20    7.91% subsume
c         0.14    5.58% probe
c         0.11    4.19% ternary
c         0.00    0.16% lucky
c   =================================
c         2.58   95.56% solve
c 
c last line shows process time for solving
c (percentage relative to total process time)
c 
c --- [ statistics ] ---------------------------------------------------------
c 
c backtracked:               26744       375.67 %  of conflicts
c chronological:              2984        11.16 %  of backtracks
c conflicts:                  7119      2759.30    per second
c decisions:                 29478     11425.58    per second
c eliminated:                15935        37.05 %  of all variables
c fixed:                      1762         4.10 %  of all variables
c learned:                    6298        88.47 %  per conflict
c minimized:                 71522        28.49 %  learned literals
c propagations:            3770550         1.46 M  per second
c reduced:                    1280        17.98 %  per conflict
c rephased:                      3      2373.00    interval
c restarts:                    311        22.89    interval
c substituted:                1564         3.64 %  of all variables
c subsumed:                   6585         0.78 %  of all clauses
c strengthened:               2290         0.27 %  of all clauses
c vivified:                   3780         0.45 %  of all clauses
c weakened:                  79057         3.71    average size
c 
c seconds are measured in process time for solving
c 
c --- [ resources ] ----------------------------------------------------------
c 
c total process time since initialization:         2.70    seconds
c total real time since initialization:            2.70    seconds
c maximum resident set size of process:           55.54    MB
c 
c --- [ shutting down ] ------------------------------------------------------
c 
c exit 20
