c --- [ banner ] -------------------------------------------------------------
c 
c CaDiCaL Radically Simplified CDCL SAT Solver
c Copyright (c) 2016-2019 Armin Biere, JKU Linz
c 
c Version 1.0.3 cb89cbfa16f47cb7bf1ec6ad9855e7b6d5203c18
c g++ (GCC) 6.3.0 -Wall -Wextra -O3 -DNDEBUG
c Fri Aug 23 08:17:16 CDT 2019 Linux login1 4.4.103-6.38-default x86_64
c 
c --- [ config ] -------------------------------------------------------------
c 
c using 'unsat' configuration (target unsatisfiable instances)
c 
c --- [ proof tracing ] ------------------------------------------------------
c 
c opening file to write '/tmp/6_557_0_four.drat'
c writing binary proof trace to '/tmp/6_557_0_four.drat'
c 
c --- [ parsing input ] ------------------------------------------------------
c 
c reading DIMACS file from '/tmp/6_557_0_four.cnf'
c opening file to read '/tmp/6_557_0_four.cnf'
c found 'p cnf 43008 265790' header
c parsed 265790 clauses in 0.18 seconds process time
c 
c --- [ options ] ------------------------------------------------------------
c 
c   --stabilize=false              (different from default 'true')
c   --walk=false                   (different from default 'true')
c 
c --- [ solving ] ------------------------------------------------------------
c 
c time measured in process time since initialization
c 
c  seconds  reductions  redundant  irredundant
c         MB    restarts       trail       variables
c          level   conflicts       glue         remaining
c 
c *  0.18 31  0 0   0    0    0  0% 0 240731 41406 96%
c {  0.18 31  0 0   0    0    0  0% 0 240731 41406 96%
c i  0.19 32 33 0   0   92   63  6% 5 240731 41398 96%
c i  0.20 33 27 0   0  195  141  8% 4 240731 41390 96%
c -  0.23 33 33 1   9  306  218  8% 6 230474 41390 96%
c i  0.25 33 35 1  54  636  437  8% 8 230474 41376 96%
c i  0.26 33 31 1  54  774  541  8% 7 230474 41321 96%
c i  0.26 33 31 1  54  775  541  8% 7 230474 41052 95%
c i  0.26 33 31 1  54  776  541  8% 7 230474 41002 95%
c i  0.26 33 31 1  54  777  541  8% 7 230474 40944 95%
c i  0.28 34 29 1  54  937  671  9% 7 230474 40399 94%
c i  0.28 34 29 1  54  983  699  9% 7 230474 40377 94%
c }  0.28 34 28 1  54 1001  711  9% 7 230474 40316 94%
c 0  0.28 34 28 1  54 1001  711  9% 7 230474 40316 94%
c 
c --- [ result ] -------------------------------------------------------------
c 
s UNSATISFIABLE
c 
c --- [ run-time profiling ] -------------------------------------------------
c 
c process time taken by individual solving procedures
c (percentage relative to process time for solving)
c 
c         0.10  100.00% search
c         0.10  100.00% unstable
c         0.00    0.00% simplify
c   =================================
c         0.10   34.29% solve
c 
c last line shows process time for solving
c (percentage relative to total process time)
c 
c --- [ statistics ] ---------------------------------------------------------
c 
c backtracked:                1214       121.28 %  of conflicts
c chronological:               445        36.66 %  of backtracks
c conflicts:                  1001     10427.08    per second
c decisions:                  4710     49062.50    per second
c fixed:                      2692         6.26 %  of all variables
c learned:                     815        81.42 %  per conflict
c minimized:                  7184        30.36 %  learned literals
c propagations:             355308         3.70 M  per second
c restarts:                     54        18.54    interval
c subsumed:                     92         0.02 %  of all clauses
c 
c seconds are measured in process time for solving
c 
c --- [ resources ] ----------------------------------------------------------
c 
c total process time since initialization:         0.28    seconds
c total real time since initialization:            0.28    seconds
c maximum resident set size of process:           34.40    MB
c 
c --- [ shutting down ] ------------------------------------------------------
c 
c exit 20
