c --- [ banner ] -------------------------------------------------------------
c 
c CaDiCaL Radically Simplified CDCL SAT Solver
c Copyright (c) 2016-2019 Armin Biere, JKU Linz
c 
c Version 1.0.3 cb89cbfa16f47cb7bf1ec6ad9855e7b6d5203c18
c g++ (GCC) 6.3.0 -Wall -Wextra -O3 -DNDEBUG
c Fri Aug 23 08:17:16 CDT 2019 Linux login1 4.4.103-6.38-default x86_64
c 
c --- [ config ] -------------------------------------------------------------
c 
c using 'unsat' configuration (target unsatisfiable instances)
c 
c --- [ proof tracing ] ------------------------------------------------------
c 
c opening file to write '/tmp/6_683_0_four.drat'
c writing binary proof trace to '/tmp/6_683_0_four.drat'
c 
c --- [ parsing input ] ------------------------------------------------------
c 
c reading DIMACS file from '/tmp/6_683_0_four.cnf'
c opening file to read '/tmp/6_683_0_four.cnf'
c found 'p cnf 43008 265790' header
c parsed 265790 clauses in 0.14 seconds process time
c 
c --- [ options ] ------------------------------------------------------------
c 
c   --stabilize=false              (different from default 'true')
c   --walk=false                   (different from default 'true')
c 
c --- [ solving ] ------------------------------------------------------------
c 
c time measured in process time since initialization
c 
c  seconds  reductions  redundant  irredundant
c         MB    restarts       trail       variables
c          level   conflicts       glue         remaining
c 
c *  0.14 31  0 0   0    0    0  0% 0 240740 41456 96%
c {  0.14 31  0 0   0    0    0  0% 0 240740 41456 96%
c -  0.18 32 46 1  20  301  216  7% 8 231366 41456 96%
c I  0.23 33 43 1  56 1002  739  8% 8 231366 41456 96%
c -  0.30 41 42 2  56 1119  749  8% 8 231366 41456 96%
c -  0.42 42 39 3 138 2346 1390  8% 8 231366 41456 96%
c B  0.47 42 38 3 169 3003 1909  8% 8 231366 41456 96%
c -  0.59 42 31 4 178 3985 2078  8% 8 231366 41456 96%
c i  0.63 42 26 4 178 4551 2535  8% 7 231366 41427 96%
c i  0.65 42 26 4 187 4932 2807  8% 7 231366 41369 96%
c d  0.74 42 25 4 187 5002 2446  8% 7 226222 39827 93%
c 2  0.88 43 25 4 187 5002 2445  8% 7 223912 39827 93%
c p  1.26 45 25 4 187 5002 8676  8% 7 223912 39427 92%
c s  1.40 50 25 4 187 5076 8698  8% 7 223904 39427 92%
c v  1.64 50 25 4 187 5076 8698  8% 7 221571 39427 92%
c w  1.71 50 25 4 187 5076 8683  8% 7 221571 39427 92%
c t  1.74 50 25 4 187 5076 8683  8% 7 202034 39427 92%
c e  2.22 46 25 4 187 5076 2157  8% 7 175976 22637 53%
c s  2.30 50 25 4 187 5076 2147  8% 7 175976 22637 53%
c i  2.44 51 24 4 187 5433 2442  3% 7 175976 22628 53%
c 
c  seconds  reductions  redundant  irredundant
c         MB    restarts       trail       variables
c          level   conflicts       glue         remaining
c 
c i  2.46 51 24 4 187 5810 2765  4% 7 175976 22621 53%
c i  2.46 51 24 4 187 5814 2767  4% 7 175976 22589 53%
c i  2.47 51 23 4 187 5847 2798  4% 7 175976 22281 52%
c i  2.47 51 23 4 187 5848 2798  4% 7 175976 22277 52%
c i  2.47 51 23 4 187 5851 2800  4% 7 175976 22234 52%
c i  2.47 51 23 4 187 5856 2803  4% 7 175976 22228 52%
c i  2.47 51 23 4 187 5859 2804  4% 7 175976 22183 52%
c i  2.47 51 23 4 187 5860 2804  4% 7 175976 22105 51%
c }  2.47 51 23 4 187 5862 2804  4% 7 175976 21981 51%
c 0  2.47 51 23 4 187 5862 2804  4% 7 175976 21981 51%
c 
c --- [ result ] -------------------------------------------------------------
c 
s UNSATISFIABLE
c 
c --- [ run-time profiling ] -------------------------------------------------
c 
c process time taken by individual solving procedures
c (percentage relative to process time for solving)
c 
c         1.58   67.70% simplify
c         0.75   32.30% search
c         0.75   32.13% unstable
c         0.47   20.27% elim
c         0.38   16.32% probe
c         0.27   11.68% vivify
c         0.18    7.56% subsume
c         0.10    4.30% ternary
c         0.00    0.17% lucky
c   =================================
c         2.33   94.33% solve
c 
c last line shows process time for solving
c (percentage relative to total process time)
c 
c --- [ statistics ] ---------------------------------------------------------
c 
c backtracked:               43320       739.00 %  of conflicts
c chronological:              2252         5.20 %  of backtracks
c conflicts:                  5862      2518.04    per second
c decisions:                 21557      9259.88    per second
c eliminated:                16790        39.04 %  of all variables
c fixed:                      2695         6.27 %  of all variables
c learned:                    5167        88.14 %  per conflict
c minimized:                 66511        33.24 %  learned literals
c propagations:            3630229         1.56 M  per second
c reduced:                    1095        18.68 %  per conflict
c rephased:                      2      2931.00    interval
c restarts:                    187        31.35    interval
c substituted:                1542         3.59 %  of all variables
c subsumed:                   5398         0.64 %  of all clauses
c strengthened:               2867         0.34 %  of all clauses
c vivified:                   2394         0.28 %  of all clauses
c weakened:                  76821         3.74    average size
c 
c seconds are measured in process time for solving
c 
c --- [ resources ] ----------------------------------------------------------
c 
c total process time since initialization:         2.47    seconds
c total real time since initialization:            2.47    seconds
c maximum resident set size of process:           52.76    MB
c 
c --- [ shutting down ] ------------------------------------------------------
c 
c exit 20
