c --- [ banner ] -------------------------------------------------------------
c 
c CaDiCaL Radically Simplified CDCL SAT Solver
c Copyright (c) 2016-2019 Armin Biere, JKU Linz
c 
c Version 1.0.3 cb89cbfa16f47cb7bf1ec6ad9855e7b6d5203c18
c g++ (GCC) 6.3.0 -Wall -Wextra -O3 -DNDEBUG
c Fri Aug 23 08:17:16 CDT 2019 Linux login1 4.4.103-6.38-default x86_64
c 
c --- [ config ] -------------------------------------------------------------
c 
c using 'unsat' configuration (target unsatisfiable instances)
c 
c --- [ proof tracing ] ------------------------------------------------------
c 
c opening file to write '/tmp/33_508_0_six.drat'
c writing binary proof trace to '/tmp/33_508_0_six.drat'
c 
c --- [ parsing input ] ------------------------------------------------------
c 
c reading DIMACS file from '/tmp/33_508_0_six.cnf'
c opening file to read '/tmp/33_508_0_six.cnf'
c found 'p cnf 50176 399284' header
c parsed 399284 clauses in 0.15 seconds process time
c 
c --- [ options ] ------------------------------------------------------------
c 
c   --stabilize=false              (different from default 'true')
c   --walk=false                   (different from default 'true')
c 
c --- [ solving ] ------------------------------------------------------------
c 
c time measured in process time since initialization
c 
c  seconds  reductions  redundant  irredundant
c         MB    restarts       trail       variables
c          level   conflicts       glue         remaining
c 
c *  0.16 45  0 0   0    0    0  0% 0 365604 48289 96%
c {  0.16 45  0 0   0    0    0  0% 0 365604 48289 96%
c -  0.22 47 83 1  24  304  167  8% 9 350777 48289 96%
c I  0.27 48 106 1  63 1002  624 12% 11 350777 48289 96%
c -  0.39 60 94 2  73 1251  716 11% 11 350777 48289 96%
c -  0.60 60 62 3 145 2643 1310 11% 11 350777 48289 96%
c B  0.63 60 58 3 152 3006 1558 11% 10 350777 48289 96%
c -  0.84 60 56 4 251 4497 1926 11% 11 350777 48289 96%
c d  1.03 61 56 4 303 5001 2299 11% 11 346061 45931 92%
c 2  1.20 60 56 4 303 5001 2299 11% 11 340166 45931 92%
c p  1.38 62 56 4 303 5001 17170 11% 11 340166 45931 92%
c s  1.69 70 68 4 337 5842 17824 11% 11 340163 45931 92%
c v  2.12 70 68 4 337 5842 17824 11% 11 336115 45931 92%
c w  2.24 70 68 4 337 5842 17818 11% 11 336115 45931 92%
c t  2.29 70 68 4 337 5842 17815 11% 11 305326 45931 92%
c e  3.03 64 68 4 337 5842 9641 11% 11 287231 29192 58%
c s  3.16 73 68 4 337 5842 9639 11% 11 287231 29192 58%
c F  3.38 73 67 4 354 6011 9781  9% 11 287231 29192 58%
c i  3.47 73 62 4 354 6781 10377  9% 10 287231 29108 58%
c i  3.48 73 62 4 354 6793 10386  9% 10 287231 29107 58%
c 
c  seconds  reductions   redundant   irredundant
c         MB    restarts        trail        variables
c          level   conflicts        glue          remaining
c 
c i  3.48 73 62 4 354 6796 10388  9% 10 287231 28607 57%
c i  3.48 73 62 4 354 6813 10402  9% 10 287231 28481 57%
c }  3.48 73 62 4 354 6817 10403  9% 10 287231 28251 56%
c 0  3.48 73 62 4 354 6817 10403  9% 10 287231 28251 56%
c 
c --- [ result ] -------------------------------------------------------------
c 
s UNSATISFIABLE
c 
c --- [ run-time profiling ] -------------------------------------------------
c 
c process time taken by individual solving procedures
c (percentage relative to process time for solving)
c 
c         2.07   62.21% simplify
c         1.25   37.67% search
c         1.25   37.67% unstable
c         0.73   22.02% elim
c         0.49   14.80% vivify
c         0.28    8.30% subsume
c         0.18    5.42% probe
c         0.13    3.97% ternary
c   =================================
c         3.32   95.63% solve
c 
c last line shows process time for solving
c (percentage relative to total process time)
c 
c --- [ statistics ] ---------------------------------------------------------
c 
c backtracked:               28881       423.66 %  of conflicts
c chronological:              2494         8.64 %  of backtracks
c conflicts:                  6817      2050.84    per second
c decisions:                 37943     11414.86    per second
c eliminated:                16739        33.36 %  of all variables
c fixed:                      2828         5.64 %  of all variables
c learned:                    5427        79.61 %  per conflict
c minimized:                 74770        23.90 %  learned literals
c propagations:            5521775         1.66 M  per second
c reduced:                    1121        16.44 %  per conflict
c rephased:                      3      2272.33    interval
c restarts:                    354        19.26    interval
c substituted:                2358         4.70 %  of all variables
c subsumed:                  10868         0.84 %  of all clauses
c strengthened:               4178         0.32 %  of all clauses
c vivified:                   4159         0.32 %  of all clauses
c weakened:                 108858         4.00    average size
c 
c seconds are measured in process time for solving
c 
c --- [ resources ] ----------------------------------------------------------
c 
c total process time since initialization:         3.48    seconds
c total real time since initialization:            3.48    seconds
c maximum resident set size of process:           73.41    MB
c 
c --- [ shutting down ] ------------------------------------------------------
c 
c exit 20
