c --- [ banner ] -------------------------------------------------------------
c 
c CaDiCaL Radically Simplified CDCL SAT Solver
c Copyright (c) 2016-2019 Armin Biere, JKU Linz
c 
c Version 1.0.3 cb89cbfa16f47cb7bf1ec6ad9855e7b6d5203c18
c g++ (GCC) 6.3.0 -Wall -Wextra -O3 -DNDEBUG
c Fri Aug 23 08:17:16 CDT 2019 Linux login1 4.4.103-6.38-default x86_64
c 
c --- [ config ] -------------------------------------------------------------
c 
c using 'unsat' configuration (target unsatisfiable instances)
c 
c --- [ proof tracing ] ------------------------------------------------------
c 
c opening file to write '/tmp/33_785_0_six.drat'
c writing binary proof trace to '/tmp/33_785_0_six.drat'
c 
c --- [ parsing input ] ------------------------------------------------------
c 
c reading DIMACS file from '/tmp/33_785_0_six.cnf'
c opening file to read '/tmp/33_785_0_six.cnf'
c found 'p cnf 50176 399284' header
c parsed 399284 clauses in 0.15 seconds process time
c 
c --- [ options ] ------------------------------------------------------------
c 
c   --stabilize=false              (different from default 'true')
c   --walk=false                   (different from default 'true')
c 
c --- [ solving ] ------------------------------------------------------------
c 
c time measured in process time since initialization
c 
c  seconds  reductions  redundant  irredundant
c         MB    restarts       trail       variables
c          level   conflicts       glue         remaining
c 
c *  0.16 45  0 0   0    0    0  0% 0 365615 48210 96%
c {  0.16 45  0 0   0    0    0  0% 0 365615 48210 96%
c -  0.21 47 58 1  16  304  203  7% 9 348160 48210 96%
c I  0.27 47 73 1  57 1003  666 10% 11 348160 48210 96%
c -  0.38 60 72 2  57 1229  738 10% 11 348160 48210 96%
c i  0.43 60 53 2  75 1796 1165 10% 10 348160 48202 96%
c i  0.46 60 43 2  86 2290 1529 10% 10 348160 48190 96%
c i  0.46 60 42 2  88 2334 1562 10% 10 348160 48186 96%
c i  0.46 60 42 2  88 2337 1564 10% 10 348160 48185 96%
c i  0.47 60 41 2  88 2380 1598 10% 10 348160 48143 96%
c -  0.54 60 41 3  98 2617 1286 10% 10 346251 48143 96%
c B  0.58 60 39 3 128 3020 1601 11% 9 346251 48143 96%
c i  0.60 60 37 3 136 3262 1759 11% 9 346251 48105 96%
c i  0.64 60 33 3 146 3990 2323 11% 9 346251 48101 96%
c i  0.67 60 29 3 147 4356 2593 11% 9 346251 48075 96%
c i  0.68 60 29 3 147 4438 2638 11% 9 346251 48045 96%
c -  0.75 59 29 4 147 4468  924 11% 9 343456 48045 96%
c i  0.76 59 29 4 148 4542  966 11% 8 343456 45969 92%
c }  0.76 59 29 4 148 4545  967 11% 8 343456 45717 91%
c 0  0.76 59 29 4 148 4545  967 11% 8 343456 45717 91%
c 
c --- [ result ] -------------------------------------------------------------
c 
s UNSATISFIABLE
c 
c --- [ run-time profiling ] -------------------------------------------------
c 
c process time taken by individual solving procedures
c (percentage relative to process time for solving)
c 
c         0.60   99.34% search
c         0.60   99.34% unstable
c         0.00    0.00% simplify
c   =================================
c         0.60   79.89% solve
c 
c last line shows process time for solving
c (percentage relative to total process time)
c 
c --- [ statistics ] ---------------------------------------------------------
c 
c backtracked:                5315       116.94 %  of conflicts
c chronological:              1590        29.92 %  of backtracks
c conflicts:                  4545      7524.83    per second
c decisions:                 17988     29781.46    per second
c fixed:                      4459         8.89 %  of all variables
c learned:                    3908        85.98 %  per conflict
c minimized:                 82416        35.92 %  learned literals
c propagations:            1947774         3.22 M  per second
c reduced:                     717        15.78 %  per conflict
c rephased:                      2      2272.50    interval
c restarts:                    148        30.71    interval
c subsumed:                    623         0.08 %  of all clauses
c 
c seconds are measured in process time for solving
c 
c --- [ resources ] ----------------------------------------------------------
c 
c total process time since initialization:         0.76    seconds
c total real time since initialization:            0.76    seconds
c maximum resident set size of process:           68.89    MB
c 
c --- [ shutting down ] ------------------------------------------------------
c 
c exit 20
