c --- [ banner ] -------------------------------------------------------------
c 
c CaDiCaL Radically Simplified CDCL SAT Solver
c Copyright (c) 2016-2019 Armin Biere, JKU Linz
c 
c Version 1.0.3 cb89cbfa16f47cb7bf1ec6ad9855e7b6d5203c18
c g++ (GCC) 6.3.0 -Wall -Wextra -O3 -DNDEBUG
c Fri Aug 23 08:17:16 CDT 2019 Linux login1 4.4.103-6.38-default x86_64
c 
c --- [ config ] -------------------------------------------------------------
c 
c using 'unsat' configuration (target unsatisfiable instances)
c 
c --- [ proof tracing ] ------------------------------------------------------
c 
c opening file to write '/tmp/33_45_0_three.drat'
c writing binary proof trace to '/tmp/33_45_0_three.drat'
c 
c --- [ parsing input ] ------------------------------------------------------
c 
c reading DIMACS file from '/tmp/33_45_0_three.cnf'
c opening file to read '/tmp/33_45_0_three.cnf'
c found 'p cnf 202048 780980' header
c parsed 780980 clauses in 0.35 seconds process time
c 
c --- [ options ] ------------------------------------------------------------
c 
c   --stabilize=false              (different from default 'true')
c   --walk=false                   (different from default 'true')
c 
c --- [ solving ] ------------------------------------------------------------
c 
c time measured in process time since initialization
c 
c  seconds  reductions  redundant  irredundant
c         MB    restarts       trail       variables
c          level   conflicts       glue          remaining
c 
c *  0.37 97  0 0   0    0    0  0% 0 780480 197087 98%
c {  0.38 99  0 0   0    0    0  0% 0 780480 197087 98%
c -  0.57 104 237 1  12  300  178  6% 4 688083 197087 98%
c I  1.03 109 71 1 125 1005  818  7% 7 688083 197087 98%
c -  1.62 128 61 2 186 1402 1162  8% 8 688083 197087 98%
c B  2.54 128 39 2 299 3006 2628  9% 8 688083 197087 98%
c -  2.74 128 39 3 299 3056 2152  9% 8 688083 197087 98%
c s  3.71 113 32 3 334 3973 2969  9% 8 688083 197087 98%
c v  4.65 132 32 3 334 3973 2969  9% 8 688081 197087 98%
c w  4.90 132 32 3 334 3973 2960  9% 8 688081 197061 98%
c t  4.95 132 32 3 334 3973 2957  9% 8 687499 197061 98%
c e  6.72 136 32 3 334 3973   26  9% 8 168484 25664 13%
c s  6.89 145 32 3 334 3973   26  9% 8 168395 25664 13%
c e  7.09 146 32 3 334 3973   26  9% 8 168376 25640 13%
c 3  7.47 146 34 3 461 5000 2815  8% 8 168376 25640 13%
c 3  7.48 146 34 3 461 5000 3091  8% 8 168376 25640 13%
c d  7.52 146 34 3 461 5000 3023  8% 8 168376 25632 13%
c 2  7.54 146 34 3 461 5000 3006  8% 8 168376 25632 13%
c p  7.59 146 34 3 461 5000 4122  8% 8 168376 25631 13%
c -  7.67 146 34 4 468 5261 1312  7% 8 168370 25631 13%
c 
c  seconds   reductions  redundant  irredundant
c          MB    restarts       trail       variables
c           level   conflicts       glue         remaining
c 
c i  7.70 146 34 4 469 5422 1464  7% 8 168370 25580 13%
c i  7.70 146 33 4 469 5460 1497  7% 8 168370 25525 13%
c i  7.70 146 33 4 469 5469 1503  7% 8 168370 25501 13%
c i  7.71 146 33 4 469 5567 1579  7% 8 168370 25377 13%
c i  7.71 146 33 4 469 5577 1586  7% 8 168370 25376 13%
c }  7.71 146 33 4 469 5579 1586  7% 8 168370 25278 13%
c 0  7.71 146 33 4 469 5579 1586  7% 8 168370 25278 13%
c 
c --- [ result ] -------------------------------------------------------------
c 
s UNSATISFIABLE
c 
c --- [ run-time profiling ] -------------------------------------------------
c 
c process time taken by individual solving procedures
c (percentage relative to process time for solving)
c 
c         3.86   52.45% simplify
c         3.48   47.28% search
c         3.47   47.12% unstable
c         1.90   25.87% elim
c         1.09   14.84% vivify
c         0.61    8.32% subsume
c         0.07    0.98% ternary
c         0.06    0.76% probe
c         0.01    0.16% lucky
c   =================================
c         7.36   95.49% solve
c 
c last line shows process time for solving
c (percentage relative to total process time)
c 
c --- [ statistics ] ---------------------------------------------------------
c 
c backtracked:               19258       345.19 %  of conflicts
c chronological:              2446        12.70 %  of backtracks
c conflicts:                  5579       758.02    per second
c decisions:                 30357      4124.59    per second
c eliminated:               171421        84.84 %  of all variables
c fixed:                      5341         2.64 %  of all variables
c learned:                    5299        94.98 %  per conflict
c minimized:                 43663        25.22 %  learned literals
c propagations:           13291844         1.81 M  per second
c reduced:                     538         9.64 %  per conflict
c rephased:                      2      2789.50    interval
c restarts:                    469        11.90    interval
c substituted:                   8         0.00 %  of all variables
c subsumed:                   3884         0.17 %  of all clauses
c strengthened:              10773         0.47 %  of all clauses
c ternary:                    2437         0.30 %  of resolved
c vivified:                    164         0.01 %  of all clauses
c weakened:                 605831         2.84    average size
c 
c seconds are measured in process time for solving
c 
c --- [ resources ] ----------------------------------------------------------
c 
c total process time since initialization:         7.71    seconds
c total real time since initialization:            7.71    seconds
c maximum resident set size of process:          152.64    MB
c 
c --- [ shutting down ] ------------------------------------------------------
c 
c exit 20
