c --- [ banner ] -------------------------------------------------------------
c 
c CaDiCaL Radically Simplified CDCL SAT Solver
c Copyright (c) 2016-2019 Armin Biere, JKU Linz
c 
c Version 1.0.3 cb89cbfa16f47cb7bf1ec6ad9855e7b6d5203c18
c g++ (GCC) 6.3.0 -Wall -Wextra -O3 -DNDEBUG
c Fri Aug 23 08:17:16 CDT 2019 Linux login1 4.4.103-6.38-default x86_64
c 
c --- [ config ] -------------------------------------------------------------
c 
c using 'unsat' configuration (target unsatisfiable instances)
c 
c --- [ proof tracing ] ------------------------------------------------------
c 
c opening file to write '/tmp/33_86_0_three.drat'
c writing binary proof trace to '/tmp/33_86_0_three.drat'
c 
c --- [ parsing input ] ------------------------------------------------------
c 
c reading DIMACS file from '/tmp/33_86_0_three.cnf'
c opening file to read '/tmp/33_86_0_three.cnf'
c found 'p cnf 202048 780980' header
c parsed 780980 clauses in 0.34 seconds process time
c 
c --- [ options ] ------------------------------------------------------------
c 
c   --stabilize=false              (different from default 'true')
c   --walk=false                   (different from default 'true')
c 
c --- [ solving ] ------------------------------------------------------------
c 
c time measured in process time since initialization
c 
c  seconds  reductions  redundant  irredundant
c         MB    restarts       trail       variables
c          level   conflicts       glue          remaining
c 
c *  0.35 97  0 0   0    0    0  0% 0 780480 197476 98%
c {  0.37 99  0 0   0    0    0  0% 0 780480 197476 98%
c -  0.52 103 317 1   3  300  166  5% 4 692838 197476 98%
c i  0.62 108 250 1  23  375  234  5% 5 692838 197386 98%
c i  0.62 108 247 1  23  378  236  5% 5 692838 197288 98%
c i  0.75 108 155 1  62  531  376  5% 6 692838 197259 98%
c i  0.80 108 148 1  69  557  400  6% 6 692838 197155 98%
c i  0.96 108 103 1 115  831  620  6% 7 692838 196483 97%
c I  1.01 108 84 1 117 1002  763  6% 7 692838 196483 97%
c i  1.10 108 74 1 137 1144  894  7% 7 692838 195347 97%
c i  1.10 108 74 1 137 1151  900  7% 7 692838 195346 97%
c i  1.28 108 64 1 151 1355 1075  7% 7 692838 195262 97%
c -  1.58 125 61 2 151 1405 1062  7% 7 662769 195262 97%
c i  1.60 125 60 2 151 1431 1084  7% 7 662769 194871 96%
c i  1.60 125 60 2 151 1433 1085  7% 7 662769 194313 96%
c }  1.60 125 60 2 151 1436 1086  7% 7 662769 190451 94%
c 0  1.60 125 60 2 151 1436 1086  7% 7 662769 190451 94%
c 
c --- [ result ] -------------------------------------------------------------
c 
s UNSATISFIABLE
c 
c --- [ run-time profiling ] -------------------------------------------------
c 
c process time taken by individual solving procedures
c (percentage relative to process time for solving)
c 
c         1.25   98.73% search
c         1.23   97.47% unstable
c         0.02    1.27% lucky
c         0.00    0.00% simplify
c   =================================
c         1.26   79.00% solve
c 
c last line shows process time for solving
c (percentage relative to total process time)
c 
c --- [ statistics ] ---------------------------------------------------------
c 
c backtracked:                1898       132.17 %  of conflicts
c chronological:               752        39.62 %  of backtracks
c conflicts:                  1436      1136.08    per second
c decisions:                  9668      7648.73    per second
c fixed:                     11597         5.74 %  of all variables
c learned:                    1348        93.87 %  per conflict
c minimized:                  7378        26.31 %  learned literals
c propagations:            3145346         2.49 M  per second
c reduced:                      15         1.04 %  per conflict
c rephased:                      1      1436.00    interval
c restarts:                    151         9.51    interval
c subsumed:                    204         0.01 %  of all clauses
c 
c seconds are measured in process time for solving
c 
c --- [ resources ] ----------------------------------------------------------
c 
c total process time since initialization:         1.60    seconds
c total real time since initialization:            1.60    seconds
c maximum resident set size of process:          125.39    MB
c 
c --- [ shutting down ] ------------------------------------------------------
c 
c exit 20
