c --- [ banner ] -------------------------------------------------------------
c 
c CaDiCaL Radically Simplified CDCL SAT Solver
c Copyright (c) 2016-2019 Armin Biere, JKU Linz
c 
c Version 1.0.3 cb89cbfa16f47cb7bf1ec6ad9855e7b6d5203c18
c g++ (GCC) 6.3.0 -Wall -Wextra -O3 -DNDEBUG
c Fri Aug 23 08:17:16 CDT 2019 Linux login1 4.4.103-6.38-default x86_64
c 
c --- [ config ] -------------------------------------------------------------
c 
c using 'unsat' configuration (target unsatisfiable instances)
c 
c --- [ proof tracing ] ------------------------------------------------------
c 
c opening file to write '/tmp/21_110_0_three.drat'
c writing binary proof trace to '/tmp/21_110_0_three.drat'
c 
c --- [ parsing input ] ------------------------------------------------------
c 
c reading DIMACS file from '/tmp/21_110_0_three.cnf'
c opening file to read '/tmp/21_110_0_three.cnf'
c found 'p cnf 39424 200382' header
c parsed 200382 clauses in 0.08 seconds process time
c 
c --- [ options ] ------------------------------------------------------------
c 
c   --stabilize=false              (different from default 'true')
c   --walk=false                   (different from default 'true')
c 
c --- [ solving ] ------------------------------------------------------------
c 
c time measured in process time since initialization
c 
c  seconds  reductions  redundant  irredundant
c         MB    restarts       trail       variables
c          level   conflicts       glue         remaining
c 
c *  0.08 26  0 0   0    0    0  0% 0 181508 38102 97%
c {  0.08 26  0 0   0    0    0  0% 0 181508 38102 97%
c -  0.13 28 38 1   8  300  264  8% 7 174572 38102 97%
c I  0.19 29 42 1  74 1002  847  9% 8 174572 38102 97%
c -  0.25 34 42 2  81 1045  735  9% 8 174572 38102 97%
c i  0.30 34 40 2 103 1560 1167  9% 7 174572 38101 97%
c }  0.30 34 40 2 103 1563 1168  9% 7 174572 37217 94%
c 0  0.30 34 40 2 103 1563 1168  9% 7 174572 37217 94%
c 
c --- [ result ] -------------------------------------------------------------
c 
s UNSATISFIABLE
c 
c --- [ run-time profiling ] -------------------------------------------------
c 
c process time taken by individual solving procedures
c (percentage relative to process time for solving)
c 
c         0.22  100.00% search
c         0.21   98.15% unstable
c         0.00    1.85% lucky
c         0.00    0.00% simplify
c   =================================
c         0.22   72.97% solve
c 
c last line shows process time for solving
c (percentage relative to total process time)
c 
c --- [ statistics ] ---------------------------------------------------------
c 
c backtracked:                1947       124.57 %  of conflicts
c chronological:               730        37.49 %  of backtracks
c conflicts:                  1563      7236.11    per second
c decisions:                  8566     39657.41    per second
c fixed:                      2207         5.60 %  of all variables
c learned:                    1409        90.15 %  per conflict
c minimized:                 11490        28.32 %  learned literals
c propagations:             612484         2.84 M  per second
c reduced:                     149         9.53 %  per conflict
c rephased:                      1      1563.00    interval
c restarts:                    103        15.17    interval
c subsumed:                     90         0.02 %  of all clauses
c 
c seconds are measured in process time for solving
c 
c --- [ resources ] ----------------------------------------------------------
c 
c total process time since initialization:         0.30    seconds
c total real time since initialization:            0.30    seconds
c maximum resident set size of process:           34.20    MB
c 
c --- [ shutting down ] ------------------------------------------------------
c 
c exit 20
