c --- [ banner ] -------------------------------------------------------------
c 
c CaDiCaL Radically Simplified CDCL SAT Solver
c Copyright (c) 2016-2019 Armin Biere, JKU Linz
c 
c Version 1.0.3 cb89cbfa16f47cb7bf1ec6ad9855e7b6d5203c18
c g++ (GCC) 6.3.0 -Wall -Wextra -O3 -DNDEBUG
c Fri Aug 23 08:17:16 CDT 2019 Linux login1 4.4.103-6.38-default x86_64
c 
c --- [ config ] -------------------------------------------------------------
c 
c using 'unsat' configuration (target unsatisfiable instances)
c 
c --- [ proof tracing ] ------------------------------------------------------
c 
c opening file to write '/tmp/24_119_0_three.drat'
c writing binary proof trace to '/tmp/24_119_0_three.drat'
c 
c --- [ parsing input ] ------------------------------------------------------
c 
c reading DIMACS file from '/tmp/24_119_0_three.cnf'
c opening file to read '/tmp/24_119_0_three.cnf'
c found 'p cnf 39424 200377' header
c parsed 200377 clauses in 0.10 seconds process time
c 
c --- [ options ] ------------------------------------------------------------
c 
c   --stabilize=false              (different from default 'true')
c   --walk=false                   (different from default 'true')
c 
c --- [ solving ] ------------------------------------------------------------
c 
c time measured in process time since initialization
c 
c  seconds  reductions  redundant  irredundant
c         MB    restarts       trail       variables
c          level   conflicts       glue         remaining
c 
c *  0.10 26  0 0   0    0    0  0% 0 182478 38044 96%
c {  0.11 27  0 0   0    0    0  0% 0 182478 38044 96%
c -  0.15 27 44 1  12  302  238  7% 7 173280 38044 96%
c i  0.15 29 42 1  12  336  267  8% 7 173280 38036 96%
c i  0.15 29 42 1  14  353  279  7% 7 173280 37988 96%
c i  0.17 29 36 1  14  539  434  8% 6 173280 37970 96%
c }  0.17 29 36 1  14  541  434  8% 6 173280 37872 96%
c 0  0.17 29 36 1  14  541  434  8% 6 173280 37872 96%
c 
c --- [ result ] -------------------------------------------------------------
c 
s UNSATISFIABLE
c 
c --- [ run-time profiling ] -------------------------------------------------
c 
c process time taken by individual solving procedures
c (percentage relative to process time for solving)
c 
c         0.06  100.00% search
c         0.06   93.75% unstable
c         0.00    6.25% lucky
c         0.00    0.00% simplify
c   =================================
c         0.06   38.10% solve
c 
c last line shows process time for solving
c (percentage relative to total process time)
c 
c --- [ statistics ] ---------------------------------------------------------
c 
c backtracked:                 664       122.74 %  of conflicts
c chronological:               241        36.30 %  of backtracks
c conflicts:                   541      8453.13    per second
c decisions:                  2545     39765.63    per second
c fixed:                      1552         3.94 %  of all variables
c learned:                     456        84.29 %  per conflict
c minimized:                  2903        24.41 %  learned literals
c propagations:             171270         2.68 M  per second
c restarts:                     14        38.64    interval
c subsumed:                     18         0.00 %  of all clauses
c 
c seconds are measured in process time for solving
c 
c --- [ resources ] ----------------------------------------------------------
c 
c total process time since initialization:         0.17    seconds
c total real time since initialization:            0.17    seconds
c maximum resident set size of process:           28.74    MB
c 
c --- [ shutting down ] ------------------------------------------------------
c 
c exit 20
