c --- [ banner ] -------------------------------------------------------------
c 
c CaDiCaL Radically Simplified CDCL SAT Solver
c Copyright (c) 2016-2019 Armin Biere, JKU Linz
c 
c Version 1.0.3 cb89cbfa16f47cb7bf1ec6ad9855e7b6d5203c18
c g++ (GCC) 6.3.0 -Wall -Wextra -O3 -DNDEBUG
c Fri Aug 23 08:17:16 CDT 2019 Linux login1 4.4.103-6.38-default x86_64
c 
c --- [ config ] -------------------------------------------------------------
c 
c using 'unsat' configuration (target unsatisfiable instances)
c 
c --- [ proof tracing ] ------------------------------------------------------
c 
c opening file to write '/tmp/24_579_0_three.drat'
c writing binary proof trace to '/tmp/24_579_0_three.drat'
c 
c --- [ parsing input ] ------------------------------------------------------
c 
c reading DIMACS file from '/tmp/24_579_0_three.cnf'
c opening file to read '/tmp/24_579_0_three.cnf'
c found 'p cnf 39424 200377' header
c parsed 200377 clauses in 0.08 seconds process time
c 
c --- [ options ] ------------------------------------------------------------
c 
c   --stabilize=false              (different from default 'true')
c   --walk=false                   (different from default 'true')
c 
c --- [ solving ] ------------------------------------------------------------
c 
c time measured in process time since initialization
c 
c  seconds  reductions  redundant  irredundant
c         MB    restarts       trail       variables
c          level   conflicts       glue         remaining
c 
c *  0.08 26  0 0   0    0    0  0% 0 182483 38212 97%
c {  0.08 26  0 0   0    0    0  0% 0 182483 38212 97%
c -  0.12 28 44 1  14  303  239  7% 8 176716 38212 97%
c i  0.15 29 37 1  28  792  630  7% 7 176716 38148 97%
c I  0.16 29 37 1  41 1002  821  7% 7 176716 38148 97%
c -  0.22 34 37 2  41 1051  692  8% 7 175000 38148 97%
c i  0.22 34 36 2  41 1081  714  8% 7 175000 38132 97%
c i  0.23 34 33 2  41 1184  797  8% 7 175000 38124 97%
c i  0.23 34 32 2  41 1209  816  8% 7 175000 37748 96%
c i  0.23 34 32 2  41 1212  818  8% 7 175000 37644 95%
c i  0.23 34 32 2  41 1213  818  8% 7 175000 37528 95%
c }  0.23 34 32 2  41 1216  819  8% 7 175000 37386 95%
c 0  0.23 34 32 2  41 1216  819  8% 7 175000 37386 95%
c 
c --- [ result ] -------------------------------------------------------------
c 
s UNSATISFIABLE
c 
c --- [ run-time profiling ] -------------------------------------------------
c 
c process time taken by individual solving procedures
c (percentage relative to process time for solving)
c 
c         0.15  100.00% search
c         0.15   97.37% unstable
c         0.00    2.63% lucky
c         0.00    0.00% simplify
c   =================================
c         0.15   65.52% solve
c 
c last line shows process time for solving
c (percentage relative to total process time)
c 
c --- [ statistics ] ---------------------------------------------------------
c 
c backtracked:                1488       122.37 %  of conflicts
c chronological:               554        37.23 %  of backtracks
c conflicts:                  1216      8000.00    per second
c decisions:                  6032     39684.21    per second
c fixed:                      2038         5.17 %  of all variables
c learned:                    1069        87.91 %  per conflict
c minimized:                  8170        28.05 %  learned literals
c propagations:             369041         2.43 M  per second
c reduced:                      97         7.98 %  per conflict
c rephased:                      1      1216.00    interval
c restarts:                     41        29.66    interval
c subsumed:                     79         0.02 %  of all clauses
c 
c seconds are measured in process time for solving
c 
c --- [ resources ] ----------------------------------------------------------
c 
c total process time since initialization:         0.23    seconds
c total real time since initialization:            0.24    seconds
c maximum resident set size of process:           34.29    MB
c 
c --- [ shutting down ] ------------------------------------------------------
c 
c exit 20
