c --- [ banner ] -------------------------------------------------------------
c 
c CaDiCaL Radically Simplified CDCL SAT Solver
c Copyright (c) 2016-2019 Armin Biere, JKU Linz
c 
c Version 1.0.3 cb89cbfa16f47cb7bf1ec6ad9855e7b6d5203c18
c g++ (GCC) 6.3.0 -Wall -Wextra -O3 -DNDEBUG
c Fri Aug 23 08:17:16 CDT 2019 Linux login1 4.4.103-6.38-default x86_64
c 
c --- [ config ] -------------------------------------------------------------
c 
c using 'unsat' configuration (target unsatisfiable instances)
c 
c --- [ proof tracing ] ------------------------------------------------------
c 
c opening file to write '/tmp/58_1186_0_four.drat'
c writing binary proof trace to '/tmp/58_1186_0_four.drat'
c 
c --- [ parsing input ] ------------------------------------------------------
c 
c reading DIMACS file from '/tmp/58_1186_0_four.cnf'
c opening file to read '/tmp/58_1186_0_four.cnf'
c found 'p cnf 43008 265775' header
c parsed 265775 clauses in 0.21 seconds process time
c 
c --- [ options ] ------------------------------------------------------------
c 
c   --stabilize=false              (different from default 'true')
c   --walk=false                   (different from default 'true')
c 
c --- [ solving ] ------------------------------------------------------------
c 
c time measured in process time since initialization
c 
c  seconds  reductions  redundant  irredundant
c         MB    restarts       trail       variables
c          level   conflicts       glue         remaining
c 
c *  0.21 31  0 0   0    0    0  0% 0 245208 41712 97%
c {  0.21 32  0 0   0    0    0  0% 0 245208 41712 97%
c -  0.26 33 59 1  30  301  194  7% 8 236542 41712 97%
c I  0.30 34 35 1  59 1002  710  7% 8 236542 41712 97%
c -  0.38 42 37 2  73 1131  715  7% 8 236542 41712 97%
c i  0.44 42 44 2 101 1819 1262  8% 8 236542 41583 97%
c -  0.54 42 39 3 117 2370 1359  9% 8 233495 41583 97%
c B  0.59 42 38 3 148 3006 1865  9% 8 233495 41583 97%
c i  0.62 42 37 3 169 3285 2064  9% 8 233495 41541 97%
c i  0.66 42 36 3 211 3823 2502  9% 8 233495 41519 97%
c i  0.68 42 37 3 225 3995 2663  9% 8 233495 41503 97%
c -  0.73 42 36 4 229 4011 1998  9% 8 230267 41437 96%
c i  0.78 42 36 4 271 4567 2422  9% 8 230267 41296 96%
c i  0.78 42 36 4 271 4591 2438  9% 8 230267 41239 96%
c i  0.78 42 36 4 271 4594 2439  9% 8 230267 41209 96%
c i  0.79 42 35 4 271 4684 2515  9% 8 230267 41195 96%
c i  0.79 42 35 4 271 4685 2515  9% 8 230267 41085 96%
c i  0.79 42 35 4 271 4686 2515  9% 8 230267 41048 95%
c }  0.79 42 35 4 271 4695 2522  9% 8 230267 41004 95%
c 0  0.79 42 35 4 271 4695 2522  9% 8 230267 41004 95%
c 
c --- [ result ] -------------------------------------------------------------
c 
s UNSATISFIABLE
c 
c --- [ run-time profiling ] -------------------------------------------------
c 
c process time taken by individual solving procedures
c (percentage relative to process time for solving)
c 
c         0.58  100.00% search
c         0.58   99.32% unstable
c         0.00    0.68% lucky
c         0.00    0.00% simplify
c   =================================
c         0.58   73.74% solve
c 
c last line shows process time for solving
c (percentage relative to total process time)
c 
c --- [ statistics ] ---------------------------------------------------------
c 
c backtracked:                5704       121.49 %  of conflicts
c chronological:              1928        33.80 %  of backtracks
c conflicts:                  4695      8039.38    per second
c decisions:                 21934     37558.22    per second
c fixed:                      2004         4.66 %  of all variables
c learned:                    3962        84.39 %  per conflict
c minimized:                 47175        29.92 %  learned literals
c propagations:            1851135         3.17 M  per second
c reduced:                    1029        21.92 %  per conflict
c rephased:                      2      2347.50    interval
c restarts:                    271        17.32    interval
c subsumed:                    329         0.07 %  of all clauses
c 
c seconds are measured in process time for solving
c 
c --- [ resources ] ----------------------------------------------------------
c 
c total process time since initialization:         0.79    seconds
c total real time since initialization:            0.79    seconds
c maximum resident set size of process:           48.36    MB
c 
c --- [ shutting down ] ------------------------------------------------------
c 
c exit 20
