c --- [ banner ] -------------------------------------------------------------
c 
c CaDiCaL Radically Simplified CDCL SAT Solver
c Copyright (c) 2016-2019 Armin Biere, JKU Linz
c 
c Version 1.0.3 cb89cbfa16f47cb7bf1ec6ad9855e7b6d5203c18
c g++ (GCC) 6.3.0 -Wall -Wextra -O3 -DNDEBUG
c Fri Aug 23 08:17:16 CDT 2019 Linux login1 4.4.103-6.38-default x86_64
c 
c --- [ config ] -------------------------------------------------------------
c 
c using 'unsat' configuration (target unsatisfiable instances)
c 
c --- [ proof tracing ] ------------------------------------------------------
c 
c opening file to write '/tmp/58_1267_0_four.drat'
c writing binary proof trace to '/tmp/58_1267_0_four.drat'
c 
c --- [ parsing input ] ------------------------------------------------------
c 
c reading DIMACS file from '/tmp/58_1267_0_four.cnf'
c opening file to read '/tmp/58_1267_0_four.cnf'
c found 'p cnf 43008 265775' header
c parsed 265775 clauses in 0.10 seconds process time
c 
c --- [ options ] ------------------------------------------------------------
c 
c   --stabilize=false              (different from default 'true')
c   --walk=false                   (different from default 'true')
c 
c --- [ solving ] ------------------------------------------------------------
c 
c time measured in process time since initialization
c 
c  seconds  reductions  redundant  irredundant
c         MB    restarts       trail       variables
c          level   conflicts       glue         remaining
c 
c *  0.10 31  0 0   0    0    0  0% 0 245210 41714 97%
c {  0.10 32  0 0   0    0    0  0% 0 245210 41714 97%
c -  0.14 34 90 1  18  305  228 12% 11 236542 41714 97%
c I  0.19 34 61 1  41 1008  747  9% 11 236542 41714 97%
c -  0.24 42 61 2  44 1130  719  9% 11 236542 41714 97%
c -  0.36 43 55 3  81 2367 1288 10% 10 236542 41714 97%
c B  0.41 43 57 3 130 3009 1794 10% 10 236542 41714 97%
c -  0.52 43 58 4 178 4015 1871 10% 10 236542 41714 97%
c d  0.70 43 60 4 205 5000 2719 11% 10 233358 40122 93%
c 2  0.80 44 60 4 205 5000 2719 11% 10 230970 40122 93%
c p  0.91 46 60 4 205 5000 7760 11% 10 230970 40122 93%
c s  1.06 39 60 4 211 5111 7855 11% 10 230970 40122 93%
c v  1.26 49 60 4 211 5111 7855 11% 10 226635 40122 93%
c w  1.33 49 60 4 211 5111 7854 11% 10 226635 40122 93%
c t  1.36 49 60 4 211 5111 7850 11% 10 209461 40122 93%
c e  1.79 50 60 4 211 5111 3096 11% 10 193692 24847 58%
c s  1.85 55 60 4 211 5111 3090 11% 10 193692 24847 58%
c F  2.00 56 60 4 271 6012 3848  7% 10 193692 24847 58%
c -  2.03 57 59 5 271 6075 1179  7% 10 193692 24847 58%
c i  2.18 57 51 5 312 8201 2958  7% 9 193692 24843 58%
c 
c  seconds  reductions  redundant   irredundant
c         MB    restarts       trail        variables
c          level   conflicts       glue          remaining
c 
c -  2.22 57 51 6 349 8392 2438  7% 10 193224 24843 58%
c i  2.22 57 51 6 367 8465 2503  7% 10 193224 24826 58%
c B  2.32 57 47 6 416 10016 3802  7% 9 193224 24822 58%
c -  2.42 57 45 7 453 11096 3316  7% 9 190948 24822 58%
c i  2.52 57 40 7 482 13191 5014  6% 9 190948 24816 58%
c i  2.52 57 40 7 482 13198 5017  6% 9 190948 24812 58%
c }  2.59 57 39 7 494 13833 5526  6% 9 190948 24745 58%
c 0  2.59 57 39 7 494 13833 5526  6% 9 190948 24745 58%
c 
c --- [ result ] -------------------------------------------------------------
c 
s UNSATISFIABLE
c 
c --- [ run-time profiling ] -------------------------------------------------
c 
c process time taken by individual solving procedures
c (percentage relative to process time for solving)
c 
c         1.32   52.97% search
c         1.32   52.81% unstable
c         1.17   47.03% simplify
c         0.42   17.01% elim
c         0.24    9.47% vivify
c         0.16    6.58% subsume
c         0.10    4.17% probe
c         0.08    3.21% ternary
c         0.00    0.16% lucky
c   =================================
c         2.49   96.29% solve
c 
c last line shows process time for solving
c (percentage relative to total process time)
c 
c --- [ statistics ] ---------------------------------------------------------
c 
c backtracked:               35873       259.33 %  of conflicts
c chronological:              5579        15.55 %  of backtracks
c conflicts:                 13833      5550.96    per second
c decisions:                 55716     22357.95    per second
c eliminated:                15275        35.52 %  of all variables
c fixed:                      1396         3.25 %  of all variables
c learned:                   12385        89.53 %  per conflict
c minimized:                132117        27.71 %  learned literals
c propagations:            5827029         2.34 M  per second
c reduced:                    3438        24.85 %  per conflict
c rephased:                      4      3458.25    interval
c restarts:                    494        28.00    interval
c substituted:                1592         3.70 %  of all variables
c subsumed:                   7774         0.89 %  of all clauses
c strengthened:               2591         0.30 %  of all clauses
c vivified:                   4522         0.52 %  of all clauses
c weakened:                  78102         3.71    average size
c 
c seconds are measured in process time for solving
c 
c --- [ resources ] ----------------------------------------------------------
c 
c total process time since initialization:         2.59    seconds
c total real time since initialization:            2.59    seconds
c maximum resident set size of process:           56.91    MB
c 
c --- [ shutting down ] ------------------------------------------------------
c 
c exit 20
