c --- [ banner ] -------------------------------------------------------------
c 
c CaDiCaL Radically Simplified CDCL SAT Solver
c Copyright (c) 2016-2019 Armin Biere, JKU Linz
c 
c Version 1.0.3 cb89cbfa16f47cb7bf1ec6ad9855e7b6d5203c18
c g++ (GCC) 6.3.0 -Wall -Wextra -O3 -DNDEBUG
c Fri Aug 23 08:17:16 CDT 2019 Linux login1 4.4.103-6.38-default x86_64
c 
c --- [ config ] -------------------------------------------------------------
c 
c using 'unsat' configuration (target unsatisfiable instances)
c 
c --- [ proof tracing ] ------------------------------------------------------
c 
c opening file to write '/tmp/58_1212_0_four.drat'
c writing binary proof trace to '/tmp/58_1212_0_four.drat'
c 
c --- [ parsing input ] ------------------------------------------------------
c 
c reading DIMACS file from '/tmp/58_1212_0_four.cnf'
c opening file to read '/tmp/58_1212_0_four.cnf'
c found 'p cnf 43008 265775' header
c parsed 265775 clauses in 0.21 seconds process time
c 
c --- [ options ] ------------------------------------------------------------
c 
c   --stabilize=false              (different from default 'true')
c   --walk=false                   (different from default 'true')
c 
c --- [ solving ] ------------------------------------------------------------
c 
c time measured in process time since initialization
c 
c  seconds  reductions  redundant  irredundant
c         MB    restarts       trail       variables
c          level   conflicts       glue         remaining
c 
c *  0.21 31  0 0   0    0    0  0% 0 245204 41708 97%
c {  0.21 32  0 0   0    0    0  0% 0 245204 41708 97%
c -  0.28 33 81 1  21  301  216  9% 10 236542 41708 97%
c I  0.38 34 77 1  76 1004  743  9% 11 236542 41708 97%
c -  0.50 43 72 2  77 1125  723  9% 11 236542 41708 97%
c -  0.75 43 71 3 136 2362 1323 10% 10 236542 41708 97%
c B  0.85 43 72 3 188 3010 1897 11% 10 236542 41708 97%
c -  0.98 43 69 4 252 4010 1961 11% 10 236542 41708 97%
c d  1.17 44 70 4 302 5001 2797 11% 10 233358 40116 93%
c 2  1.30 44 70 4 302 5001 2797 11% 10 230970 40116 93%
c p  1.41 47 70 4 302 5001 5246 11% 10 230970 40116 93%
c s  1.59 40 72 4 307 5112 5337 11% 10 230970 40116 93%
c v  1.90 49 72 4 307 5112 5337 11% 10 226580 40116 93%
c w  2.00 49 72 4 307 5112 5334 11% 10 226580 40116 93%
c t  2.03 49 72 4 307 5112 5332 11% 10 209564 40116 93%
c e  2.52 50 72 4 307 5112 1739 11% 10 193674 24822 58%
c s  2.58 53 72 4 307 5112 1736 11% 10 193674 24822 58%
c F  2.76 56 69 4 355 6011 2484  6% 10 193674 24822 58%
c -  2.80 57 69 5 359 6071 1157  7% 10 193674 24822 58%
c -  3.03 57 60 6 513 8387 2487  7% 10 193674 24822 58%
c 
c  seconds  reductions   redundant   irredundant
c         MB    restarts        trail        variables
c          level    conflicts       glue          remaining
c 
c B  3.16 57 58 6 574 10012 3840  7% 10 193674 24822 58%
c -  3.30 58 55 7 627 11091 3260  7% 10 193674 24822 58%
c -  3.59 58 49 8 806 14179 4101  6% 10 193674 24822 58%
c 3  3.76 58 49 8 865 15002 17045  6% 10 193674 24822 58%
c 2  3.82 58 49 8 865 15002 17043  6% 10 193674 24822 58%
c p  3.88 58 49 8 865 15002 18046  6% 10 193674 24822 58%
c #  3.91 58 49 8 865 15013 18053  6% 10 193674 24822 58%
c s  4.33 58 46 8 959 16971 14251  7% 9 192905 24822 58%
c v  4.55 58 46 8 959 16971 14251  7% 9 176581 24822 58%
c w  4.64 58 46 8 959 16971 12569  7% 9 176581 24822 58%
c t  4.65 58 46 8 959 16971 12566  7% 9 176537 24822 58%
c e  4.76 58 46 8 959 16971 12401  7% 9 176477 24797 58%
c s  4.81 58 46 8 959 16971 12309  7% 9 176395 24797 58%
c e  4.86 58 46 8 959 16971 12260  7% 9 176382 24788 58%
c -  5.01 58 46 9 1023 17658 7323  7% 9 176382 24788 58%
c B  5.37 58 45 9 1240 21015 10229  7% 9 176382 24788 58%
c -  5.48 58 44 10 1252 21400 6224  7% 9 176382 24788 58%
c -  5.85 58 42 11 1386 25513 6587  7% 9 176382 24788 58%
c O  6.12 58 42 11 1519 28016 8794  7% 9 176382 24788 58%
c -  6.38 58 40 12 1603 30006 7354  7% 9 176382 24788 58%
c 
c  seconds  reductions      redundant  irredundant
c         MB     restarts          trail       variables
c          level      conflicts        glue         remaining
c 
c 3  6.45 58 40 12 1603 30006 19611  7% 9 176382 24788 58%
c 2  6.50 58 40 12 1603 30006 19609  7% 9 176382 24788 58%
c p  6.53 58 40 12 1603 30006 20662  7% 9 176382 24788 58%
c s  7.16 58 39 12 1860 33959 18724  7% 9 176352 24788 58%
c v  7.41 58 39 12 1860 33959 18724  7% 9 161740 24788 58%
c w  7.55 58 39 12 1860 33959 17221  7% 9 161740 24788 58%
c t  7.56 58 39 12 1860 33959 17221  7% 9 161739 24788 58%
c e  7.65 58 39 12 1860 33959 16735  7% 9 161702 24747 58%
c s  7.71 58 39 12 1860 33959 16631  7% 9 161685 24747 58%
c e  7.76 58 39 12 1860 33959 16600  7% 9 161685 24741 58%
c -  7.92 58 39 13 1899 34868 10281  7% 9 161685 24741 58%
c B  8.02 58 38 13 1914 36019 11266  7% 9 161685 24741 58%
c -  8.56 58 38 14 2196 39944 9412  7% 9 161685 24741 58%
c I  9.25 58 37 14 2565 45022 13961  7% 9 161685 24741 58%
c -  9.33 58 37 15 2574 45383 10201  7% 9 161685 24741 58%
c 3 10.08 58 36 15 2776 50006 25968  7% 9 161685 24741 58%
c p 10.16 58 36 15 2776 50006 27012  7% 9 161685 24737 58%
c - 10.48 58 36 16 2844 51184 11396  8% 9 161265 24737 58%
c i 10.86 58 36 16 2921 52854 12884  8% 9 161265 24735 58%
c B 11.28 58 35 16 3104 55030 14836  8% 9 161265 24735 58%
c 
c  seconds  reductions      redundant  irredundant
c         MB     restarts          trail       variables
c          level      conflicts        glue         remaining
c 
c s 11.48 58 35 16 3137 55625 15288  8% 9 161245 24735 58%
c v 11.95 58 35 16 3137 55625 15288  8% 9 140941 24735 58%
c w 12.19 58 35 16 3137 55625 15227  8% 9 140941 24735 58%
c t 12.20 58 35 16 3137 55625 15225  8% 9 140937 24735 58%
c e 12.31 58 35 16 3137 55625 14176  8% 9 140754 24632 57%
c s 12.36 58 35 16 3137 55625 14081  8% 9 140722 24632 57%
c e 12.41 58 35 16 3137 55625 14061  8% 9 140721 24627 57%
c - 12.76 58 35 17 3210 57342 11415  8% 9 140721 24627 57%
c - 13.65 58 35 18 3592 63544 12111  8% 9 140721 24627 57%
c F 14.09 58 34 18 3701 66031 14305  8% 9 140721 24627 57%
c - 14.89 58 34 19 3967 70093 13157  8% 9 140721 24627 57%
c 3 16.12 58 33 19 4287 75007 30573  8% 9 140721 24627 57%
c 2 16.18 58 33 19 4287 75007 30572  8% 9 140720 24627 57%
c p 16.22 58 33 19 4287 75007 32764  8% 9 140720 24627 57%
c - 16.79 58 33 20 4443 76983 14927  8% 9 140720 24627 57%
c B 16.98 58 33 20 4540 78032 15870  8% 9 140720 24627 57%
c s 17.67 58 33 20 4763 80776 18253  8% 9 140680 24627 57%
c v 18.18 58 33 20 4763 80776 18253  8% 9 123051 24627 57%
c w 18.43 58 33 20 4763 80776 18210  8% 9 123051 24627 57%
c t 18.44 58 33 20 4763 80776 18208  8% 9 123044 24627 57%
c 
c  seconds  reductions      redundant  irredundant
c         MB     restarts          trail       variables
c          level      conflicts        glue         remaining
c 
c e 18.78 58 33 20 4763 80776 12266  8% 9 122607 23858 55%
c s 18.83 58 33 20 4763 80776 12180  8% 9 122040 23858 55%
c e 18.89 58 33 20 4763 80776 12131  8% 9 122039 23846 55%
c - 19.36 59 33 21 4894 84219 12089  8% 9 122039 23846 55%
c # 20.19 59 32 21 5168 91039 18098  8% 9 122039 23846 55%
c - 20.31 59 32 22 5208 91389 14198  8% 9 122039 23846 55%
c - 21.56 59 32 23 5521 98885 15750  8% 9 122039 23846 55%
c 3 22.75 59 31 23 5928 105007 29855  8% 9 122039 23846 55%
c p 22.85 59 31 23 5928 105007 31462  8% 9 122039 23846 55%
c B 22.88 59 31 23 5928 105040 31494  8% 9 122039 23846 55%
c f 23.19 59 31 24 5995 106710 13365  8% 9 122039 23846 55%
c s 23.70 59 31 24 6028 109043 15367  8% 9 121966 23846 55%
c v 24.12 59 31 24 6028 109043 15367  8% 9 121712 23846 55%
c w 24.35 59 31 24 6028 109043 15354  8% 9 121712 23846 55%
c e 24.43 59 31 24 6028 109043 15140  8% 9 121613 23745 55%
c s 24.46 59 31 24 6028 109043 15103  8% 9 121576 23745 55%
c - 25.58 59 30 25 6213 114858 14675  8% 9 121576 23745 55%
c i 25.66 59 30 25 6213 115285 14966  8% 9 121576 23720 55%
c O 26.28 59 30 25 6396 120041 19161  8% 9 121576 23720 55%
c - 26.83 59 29 26 6527 123319 14648  8% 9 119448 23720 55%
c 
c  seconds  reductions       redundant  irredundant
c         MB     restarts           trail       variables
c          level      conflicts         glue         remaining
c 
c - 27.98 59 29 27 6872 132045 16376  8% 9 119448 23720 55%
c B 28.66 59 29 27 7026 136045 19990  8% 9 119448 23720 55%
c d 29.40 59 28 27 7206 140010 23490  8% 9 119442 23718 55%
c 3 29.45 59 28 27 7206 140010 32075  8% 9 119442 23718 55%
c 2 29.49 59 28 27 7206 140010 32072  8% 9 119442 23716 55%
c p 29.53 59 28 27 7206 140010 36243  8% 9 119442 23714 55%
c - 29.78 59 28 28 7229 141093 18677  8% 9 119187 23714 55%
c s 30.12 59 28 28 7267 142040 18897  9% 9 119144 23714 55%
c v 30.50 59 28 28 7267 142040 18897  9% 9 118929 23714 55%
c w 30.71 59 28 28 7267 142040 18792  9% 9 118929 23714 55%
c t 30.72 59 28 28 7267 142040 18782  9% 9 118777 23714 55%
c e 30.84 59 28 28 7267 142040 16166  9% 9 118103 23070 54%
c s 30.89 59 28 28 7267 142040 15909  9% 9 118055 23070 54%
c e 30.92 59 28 28 7267 142040 13213  9% 9 118055 23047 54%
c i 32.10 59 27 28 7576 150037 20200  9% 9 118055 23006 53%
c - 32.19 59 27 29 7591 150459 12365  9% 9 114802 23006 53%
c I 32.59 59 27 29 7653 153046 14676  9% 9 114802 23006 53%
c i 32.98 59 27 29 7757 155615 16977  9% 9 114802 22965 53%
c i 33.56 59 27 29 7909 158974 19838  9% 9 114802 22943 53%
c - 33.78 59 27 30 7981 159998 13928  9% 9 112066 22943 53%
c 
c  seconds  reductions       redundant  irredundant
c         MB     restarts           trail       variables
c          level      conflicts         glue         remaining
c 
c i 35.49 59 26 30 8407 169506 22338  9% 9 112066 22926 53%
c - 35.57 59 26 31 8407 169760 16036  9% 9 110919 22926 53%
c i 35.62 59 26 31 8407 169973 16201  9% 9 110919 22780 53%
c } 35.64 59 26 31 8407 170119 16317  9% 9 110919 22519 52%
c 0 35.64 59 26 31 8407 170119 16317  9% 9 110919 22519 52%
c 
c --- [ result ] -------------------------------------------------------------
c 
s UNSATISFIABLE
c 
c --- [ run-time profiling ] -------------------------------------------------
c 
c process time taken by individual solving procedures
c (percentage relative to process time for solving)
c 
c        27.63   77.99% search
c        27.63   77.98% unstable
c         7.80   22.01% simplify
c         3.60   10.17% vivify
c         1.56    4.41% elim
c         1.02    2.88% subsume
c         0.62    1.74% ternary
c         0.36    1.00% probe
c         0.00    0.01% lucky
c   =================================
c        35.43   99.41% solve
c 
c last line shows process time for solving
c (percentage relative to total process time)
c 
c --- [ statistics ] ---------------------------------------------------------
c 
c backtracked:              865277       508.63 %  of conflicts
c chronological:             68254         7.89 %  of backtracks
c conflicts:                170119      4801.82    per second
c decisions:                602514     17006.72    per second
c eliminated:                17032        39.60 %  of all variables
c fixed:                      1863         4.33 %  of all variables
c flushed:                   10200         6.00 %  per conflict
c learned:                  159216        93.59 %  per conflict
c minimized:               2204395        36.46 %  learned literals
c propagations:           98507580         2.78 M  per second
c reduced:                   91017        53.50 %  per conflict
c rephased:                     17     10007.00    interval
c restarts:                   8407        20.24    interval
c substituted:                1594         3.71 %  of all variables
c subsumed:                 103152         7.43 %  of all clauses
c strengthened:              27982         2.01 %  of all clauses
c ternary:                   85689         0.85 %  of resolved
c vivified:                  82760         5.96 %  of all clauses
c weakened:                  84962         4.22    average size
c 
c seconds are measured in process time for solving
c 
c --- [ resources ] ----------------------------------------------------------
c 
c total process time since initialization:        35.64    seconds
c total real time since initialization:           35.64    seconds
c maximum resident set size of process:           58.65    MB
c 
c --- [ shutting down ] ------------------------------------------------------
c 
c exit 20
