c --- [ banner ] -------------------------------------------------------------
c 
c CaDiCaL Radically Simplified CDCL SAT Solver
c Copyright (c) 2016-2019 Armin Biere, JKU Linz
c 
c Version 1.0.3 cb89cbfa16f47cb7bf1ec6ad9855e7b6d5203c18
c g++ (GCC) 6.3.0 -Wall -Wextra -O3 -DNDEBUG
c Fri Aug 23 08:17:16 CDT 2019 Linux login1 4.4.103-6.38-default x86_64
c 
c --- [ config ] -------------------------------------------------------------
c 
c using 'unsat' configuration (target unsatisfiable instances)
c 
c --- [ proof tracing ] ------------------------------------------------------
c 
c opening file to write '/tmp/58_35_0_four.drat'
c writing binary proof trace to '/tmp/58_35_0_four.drat'
c 
c --- [ parsing input ] ------------------------------------------------------
c 
c reading DIMACS file from '/tmp/58_35_0_four.cnf'
c opening file to read '/tmp/58_35_0_four.cnf'
c found 'p cnf 43008 265775' header
c parsed 265775 clauses in 0.16 seconds process time
c 
c --- [ options ] ------------------------------------------------------------
c 
c   --stabilize=false              (different from default 'true')
c   --walk=false                   (different from default 'true')
c 
c --- [ solving ] ------------------------------------------------------------
c 
c time measured in process time since initialization
c 
c  seconds  reductions  redundant  irredundant
c         MB    restarts       trail       variables
c          level   conflicts       glue         remaining
c 
c *  0.16 31  0 0   0    0    0  0% 0 245210 41742 97%
c {  0.17 32  0 0   0    0    0  0% 0 245210 41742 97%
c -  0.24 34 59 1  36  318  254  8% 10 237118 41742 97%
c I  0.32 35 64 1  75 1002  792 10% 10 237118 41742 97%
c -  0.40 43 66 2  79 1142  757 10% 9 237118 41742 97%
c -  0.56 43 71 3 198 2379 1349  9% 10 237118 41742 97%
c B  0.64 43 72 3 270 3003 1888 10% 10 237118 41742 97%
c -  0.82 43 71 4 371 4030 1990 10% 11 237118 41742 97%
c d  1.05 44 72 4 445 5004 2791 10% 11 233926 40146 93%
c 2  1.19 45 72 4 445 5004 2791 10% 11 231532 40146 93%
c p  1.31 47 72 4 445 5004 5753 10% 11 231532 40146 93%
c s  1.50 41 73 4 468 5109 5848 10% 11 231532 40146 93%
c v  1.78 49 73 4 468 5109 5848 10% 11 227414 40146 93%
c w  1.90 49 73 4 468 5109 5847 10% 11 227414 40146 93%
c t  1.92 49 73 4 468 5109 5843 10% 11 210680 40146 93%
c e  2.42 49 73 4 468 5109 2082 10% 11 195068 24981 58%
c s  2.50 54 73 4 468 5109 2080 10% 11 195068 24981 58%
c F  2.72 55 69 4 522 6004 2834  8% 11 195068 24981 58%
c -  2.77 56 69 5 532 6092 1132  9% 11 195068 24981 58%
c -  3.04 57 62 6 689 8414 2468  8% 11 195068 24981 58%
c 
c  seconds  reductions   redundant   irredundant
c         MB    restarts        trail        variables
c          level    conflicts       glue          remaining
c 
c B  3.20 57 55 6 719 10005 3874  8% 10 195068 24981 58%
c -  3.33 57 53 7 754 11123 3300  8% 10 195068 24981 58%
c -  3.73 57 50 8 935 14219 4178  8% 10 195068 24981 58%
c 3  3.91 57 50 8 977 15004 15847  8% 10 195068 24981 58%
c p  4.01 57 50 8 977 15004 17472  8% 10 195068 24977 58%
c #  4.04 57 50 8 977 15006 17474  8% 10 195068 24977 58%
c s  4.35 57 47 8 1013 16971 15432  8% 10 194395 24977 58%
c v  4.59 57 47 8 1013 16971 15432  8% 10 177705 24977 58%
c w  4.69 57 47 8 1013 16971 13353  8% 10 177705 24977 58%
c t  4.70 57 47 8 1013 16971 13352  8% 10 177544 24977 58%
c e  4.84 57 47 8 1013 16971 12171  8% 10 176938 24914 58%
c s  4.91 57 47 8 1013 16971 12095  8% 10 176849 24914 58%
c e  4.98 57 47 8 1013 16971 11907  8% 10 176830 24896 58%
c -  5.11 57 45 9 1033 17703 6937  8% 10 176830 24896 58%
c B  5.46 57 44 9 1132 21007 9841  8% 10 176830 24896 58%
c -  5.54 57 43 10 1148 21448 5862  8% 10 176830 24896 58%
c -  5.98 57 41 11 1330 25564 6513  8% 9 176830 24896 58%
c O  6.34 57 40 11 1401 28015 8657  8% 9 176830 24896 58%
c d  6.62 57 39 11 1483 30005 10423  8% 9 176830 24895 58%
c 3  6.70 57 39 11 1483 30005 21374  8% 9 176830 24895 58%
c 
c  seconds  reductions      redundant  irredundant
c         MB     restarts          trail       variables
c          level      conflicts        glue         remaining
c 
c 2  6.75 57 39 11 1483 30005 21368  8% 9 176830 24895 58%
c p  6.80 57 39 11 1483 30005 22570  8% 9 176830 24895 58%
c -  6.87 57 39 12 1484 30057 7260  8% 9 176830 24895 58%
c s  7.50 57 38 12 1613 33942 10601  8% 9 176782 24895 58%
c v  7.77 57 38 12 1613 33942 10601  8% 9 162609 24895 58%
c w  7.94 57 38 12 1613 33942 10582  8% 9 162609 24895 58%
c t  7.94 57 38 12 1613 33942 10582  8% 9 162588 24895 58%
c e  8.04 57 38 12 1613 33942 10488  8% 9 162569 24872 58%
c s  8.10 57 38 12 1613 33942 10390  8% 9 162555 24872 58%
c e  8.14 57 38 12 1613 33942 10294  8% 9 162555 24862 58%
c -  8.36 57 37 13 1656 34927 8143  8% 9 162555 24862 58%
c B  8.54 57 37 13 1733 36016 9109  8% 9 162555 24862 58%
c -  9.10 57 36 14 1874 40014 8928  8% 9 162555 24862 58%
c I  9.88 57 35 14 2106 45017 13412  8% 9 162555 24862 58%
c - 10.01 45 35 15 2112 45465 9786  8% 9 162555 24862 58%
c 3 10.79 45 34 15 2399 50005 25060  8% 9 162555 24862 58%
c p 10.88 45 34 15 2399 50005 26555  8% 9 162555 24858 58%
c - 11.18 50 34 16 2491 51281 11045  8% 9 162208 24858 58%
c B 11.79 50 32 16 2684 55018 14222  8% 9 162208 24858 58%
c s 11.95 50 32 16 2713 55614 14627  8% 9 162182 24858 58%
c 
c  seconds  reductions      redundant  irredundant
c         MB     restarts          trail       variables
c          level      conflicts        glue         remaining
c 
c v 12.38 50 32 16 2713 55614 14627  8% 9 145525 24858 58%
c w 12.56 50 32 16 2713 55614 14541  8% 9 145525 24858 58%
c t 12.57 50 32 16 2713 55614 14538  8% 9 145509 24858 58%
c e 12.67 50 32 16 2713 55614 12481  8% 9 145433 24797 58%
c s 12.71 50 32 16 2713 55614 12384  8% 9 145406 24797 58%
c e 12.76 50 32 16 2713 55614 10291  8% 9 145220 24766 58%
c - 12.97 50 32 17 2768 57453 8972  8% 9 145220 24766 58%
c - 14.08 50 31 18 3034 63727 11093  9% 9 145220 24766 58%
c F 14.39 50 31 18 3120 66020 13075  9% 9 145220 24766 58%
c - 15.02 50 30 19 3288 70350 12288  9% 9 145220 24766 58%
c 3 15.72 50 29 19 3601 75006 30577  8% 9 145220 24766 58%
c 2 15.76 50 29 19 3601 75006 30575  8% 9 145220 24766 58%
c p 15.82 50 29 19 3601 75006 32564  8% 9 145220 24764 58%
c - 16.20 50 29 20 3710 77322 14042  8% 9 145060 24764 58%
c B 16.35 50 29 20 3759 78021 14662  8% 9 145060 24764 58%
c s 16.98 50 29 20 4058 81133 17282  9% 9 145023 24764 58%
c v 17.38 50 29 20 4058 81133 17282  9% 9 127931 24764 58%
c w 17.56 50 29 20 4058 81133 17229  9% 9 127931 24764 58%
c t 17.56 50 29 20 4058 81133 17228  9% 9 127914 24764 58%
c e 17.66 50 29 20 4058 81133 15391  9% 9 127818 24687 57%
c 
c  seconds  reductions      redundant  irredundant
c         MB     restarts          trail       variables
c          level      conflicts        glue         remaining
c 
c s 17.70 50 29 20 4058 81133 15294  9% 9 127794 24687 57%
c e 17.74 50 29 20 4058 81133 15167  9% 9 127794 24683 57%
c - 18.37 50 28 21 4234 84639 13728  9% 9 127794 24683 57%
c i 18.80 50 28 21 4302 88206 16769  9% 9 127794 24670 57%
c # 19.13 50 28 21 4407 91022 19227  9% 9 127794 24670 57%
c - 19.30 50 27 22 4423 91942 13277  9% 9 126696 24670 57%
c - 20.46 50 26 23 4647 99553 15637  9% 9 126696 24670 57%
c i 21.29 50 25 23 4692 104745 19726  9% 9 126696 24666 57%
c d 21.36 50 25 23 4692 105014 17991  9% 9 126316 24664 57%
c 3 21.42 50 25 23 4692 105014 27381  9% 9 126316 24664 57%
c 2 21.46 50 25 23 4692 105014 27377  9% 9 126315 24664 57%
c p 21.51 50 25 23 4692 105014 33534  9% 9 126315 24660 57%
c B 21.54 50 25 23 4692 105026 33545  9% 9 126315 24660 57%
c i 21.74 50 25 23 4692 106298 34565  9% 9 126315 24522 57%
c i 21.78 50 25 23 4692 106538 34744  9% 9 126315 23571 55%
c } 21.78 50 25 23 4692 106540 34744  9% 9 126315 23428 54%
c 0 21.78 50 25 23 4692 106540 34744  9% 9 126315 23428 54%
c 
c --- [ result ] -------------------------------------------------------------
c 
s UNSATISFIABLE
c 
c --- [ run-time profiling ] -------------------------------------------------
c 
c process time taken by individual solving procedures
c (percentage relative to process time for solving)
c 
c        16.09   74.46% search
c        16.09   74.44% unstable
c         5.52   25.54% simplify
c         2.21   10.24% vivify
c         1.12    5.18% elim
c         0.72    3.35% subsume
c         0.55    2.55% ternary
c         0.35    1.61% probe
c         0.00    0.02% lucky
c   =================================
c        21.61   99.25% solve
c 
c last line shows process time for solving
c (percentage relative to total process time)
c 
c --- [ statistics ] ---------------------------------------------------------
c 
c backtracked:              487100       457.20 %  of conflicts
c chronological:             40625         8.34 %  of backtracks
c conflicts:                106540      4929.67    per second
c decisions:                364740     16876.74    per second
c eliminated:                15450        35.92 %  of all variables
c fixed:                      2531         5.88 %  of all variables
c learned:                  100091        93.95 %  per conflict
c minimized:               1529330        38.05 %  learned literals
c propagations:           62810276         2.91 M  per second
c reduced:                   59882        56.21 %  per conflict
c rephased:                     14      7610.00    interval
c restarts:                   4692        22.71    interval
c substituted:                1599         3.72 %  of all variables
c subsumed:                  85984         6.98 %  of all clauses
c strengthened:              17263         1.40 %  of all clauses
c ternary:                   71845         0.82 %  of resolved
c vivified:                  74339         6.04 %  of all clauses
c weakened:                  78998         3.85    average size
c 
c seconds are measured in process time for solving
c 
c --- [ resources ] ----------------------------------------------------------
c 
c total process time since initialization:        21.78    seconds
c total real time since initialization:           21.78    seconds
c maximum resident set size of process:           57.48    MB
c 
c --- [ shutting down ] ------------------------------------------------------
c 
c exit 20
