c --- [ banner ] -------------------------------------------------------------
c 
c CaDiCaL Radically Simplified CDCL SAT Solver
c Copyright (c) 2016-2019 Armin Biere, JKU Linz
c 
c Version 1.0.3 cb89cbfa16f47cb7bf1ec6ad9855e7b6d5203c18
c g++ (GCC) 6.3.0 -Wall -Wextra -O3 -DNDEBUG
c Fri Aug 23 08:17:16 CDT 2019 Linux login1 4.4.103-6.38-default x86_64
c 
c --- [ config ] -------------------------------------------------------------
c 
c using 'unsat' configuration (target unsatisfiable instances)
c 
c --- [ proof tracing ] ------------------------------------------------------
c 
c opening file to write '/tmp/58_396_0_four.drat'
c writing binary proof trace to '/tmp/58_396_0_four.drat'
c 
c --- [ parsing input ] ------------------------------------------------------
c 
c reading DIMACS file from '/tmp/58_396_0_four.cnf'
c opening file to read '/tmp/58_396_0_four.cnf'
c found 'p cnf 43008 265775' header
c parsed 265775 clauses in 0.10 seconds process time
c 
c --- [ options ] ------------------------------------------------------------
c 
c   --stabilize=false              (different from default 'true')
c   --walk=false                   (different from default 'true')
c 
c --- [ solving ] ------------------------------------------------------------
c 
c time measured in process time since initialization
c 
c  seconds  reductions  redundant  irredundant
c         MB    restarts       trail       variables
c          level   conflicts       glue         remaining
c 
c *  0.10 31  0 0   0    0    0  0% 0 245198 41728 97%
c {  0.10 32  0 0   0    0    0  0% 0 245198 41728 97%
c -  0.16 34 104 1  12  307  252 11% 10 237118 41728 97%
c I  0.24 35 92 1  34 1002  820 14% 10 237118 41728 97%
c -  0.33 44 95 2  47 1131  786 14% 10 237118 41728 97%
c -  0.52 44 81 3 167 2371 1346 12% 11 237118 41728 97%
c B  0.62 44 78 3 206 3003 1916 12% 11 237118 41728 97%
c -  0.79 44 81 4 291 4023 1976 13% 11 237118 41728 97%
c d  1.00 45 80 4 380 5000 2845 12% 11 233926 40132 93%
c 2  1.15 45 80 4 380 5000 2845 12% 11 231532 40132 93%
c p  1.26 47 80 4 380 5000 4408 12% 11 231532 40132 93%
c s  1.45 41 79 4 388 5110 4497 12% 11 231532 40132 93%
c v  1.76 49 79 4 388 5110 4497 12% 11 226677 40132 93%
c w  1.86 49 79 4 388 5110 4497 12% 11 226677 40132 93%
c t  1.89 49 79 4 388 5110 4496 12% 11 209967 40132 93%
c e  2.38 49 79 4 388 5110 1168 12% 11 194288 24992 58%
c s  2.44 51 79 4 388 5110 1167 12% 11 194288 24992 58%
c F  2.60 55 76 4 417 6004 1946  7% 11 194288 24992 58%
c -  2.64 55 75 5 417 6085 1224  7% 11 194288 24992 58%
c -  2.89 56 70 6 601 8405 2515  7% 11 194288 24992 58%
c 
c  seconds  reductions   redundant   irredundant
c         MB    restarts        trail        variables
c          level    conflicts       glue          remaining
c 
c B  3.04 56 71 6 662 10007 3918  8% 11 194288 24992 58%
c -  3.20 56 71 7 743 11110 3284  8% 11 194288 24992 58%
c -  3.52 56 67 8 982 14203 3976  7% 11 194288 24992 58%
c 3  3.64 56 64 8 1005 15000 16996  7% 11 194288 24992 58%
c 2  3.70 56 64 8 1005 15000 16995  7% 11 194288 24992 58%
c p  3.73 56 64 8 1005 15000 17345  7% 11 194288 24992 58%
c #  3.76 56 64 8 1005 15009 17353  7% 11 194288 24992 58%
c s  4.01 56 62 8 1103 16946 13510  7% 11 193520 24992 58%
c v  4.23 56 62 8 1103 16946 13510  7% 11 176540 24992 58%
c w  4.34 56 62 8 1103 16946 11812  7% 11 176540 24992 58%
c t  4.34 56 62 8 1103 16946 11812  7% 11 176507 24992 58%
c e  4.46 56 62 8 1103 16946 11720  7% 11 176483 24978 58%
c s  4.51 56 62 8 1103 16946 11602  7% 11 176413 24978 58%
c e  4.57 56 62 8 1103 16946 11442  7% 11 176409 24955 58%
c -  4.69 56 60 9 1130 17682 6744  7% 11 176409 24955 58%
c B  4.92 56 59 9 1292 21012 9503  6% 11 176409 24955 58%
c -  4.98 56 58 10 1313 21421 5381  6% 11 176409 24955 58%
c -  5.38 56 59 11 1580 25537 5978  6% 11 176409 24955 58%
c O  5.66 56 59 11 1743 28014 8199  7% 11 176409 24955 58%
c 3  5.92 56 59 11 1840 30000 22066  7% 11 176409 24955 58%
c 
c  seconds  reductions      redundant   irredundant
c         MB     restarts          trail        variables
c          level      conflicts        glue          remaining
c 
c 2  5.96 56 59 11 1840 30000 22064  7% 11 176409 24955 58%
c p  6.00 56 59 11 1840 30000 22310  7% 11 176409 24955 58%
c -  6.06 57 59 12 1840 30024 6764  7% 11 176409 24955 58%
c s  6.46 57 57 12 2105 33876 10022  6% 11 176361 24955 58%
c v  6.72 57 57 12 2105 33876 10022  6% 11 160849 24955 58%
c w  6.86 57 57 12 2105 33876 10015  6% 11 160849 24955 58%
c e  6.96 57 57 12 2105 33876 9884  6% 11 160838 24926 58%
c s  7.01 57 57 12 2105 33876 9820  6% 11 160818 24926 58%
c e  7.06 57 57 12 2105 33876 9786  6% 11 160818 24919 58%
c -  7.24 57 57 13 2240 34885 7431  6% 11 160818 24919 58%
c B  7.37 57 57 13 2367 36018 8409  6% 11 160818 24919 58%
c -  7.78 57 56 14 2511 39951 7995  6% 11 160818 24919 58%
c I  8.24 57 55 14 2754 45019 12447  6% 10 160818 24919 58%
c -  8.32 57 55 15 2778 45380 8715  6% 10 160818 24919 58%
c 3  8.86 57 54 15 2999 50000 24677  6% 10 160818 24919 58%
c p  8.94 57 54 15 2999 50000 25014  6% 10 160818 24919 58%
c -  9.12 57 54 16 3049 51174 10044  6% 10 160818 24919 58%
c B  9.51 57 52 16 3232 55021 13458  6% 10 160818 24919 58%
c s  9.65 57 52 16 3254 55397 13716  6% 10 160800 24919 58%
c v  9.93 57 52 16 3254 55397 13716  6% 10 143047 24919 58%
c 
c  seconds  reductions      redundant   irredundant
c         MB     restarts          trail        variables
c          level      conflicts        glue          remaining
c 
c w 10.10 57 52 16 3254 55397 13697  6% 10 143047 24919 58%
c e 10.19 57 52 16 3254 55397 13560  6% 10 143040 24902 58%
c s 10.24 57 52 16 3254 55397 13488  6% 10 143029 24902 58%
c e 10.27 57 52 16 3254 55397 13469  6% 10 143029 24896 58%
c - 10.53 57 53 17 3402 57326 10664  6% 10 143029 24896 58%
c - 11.20 44 51 18 3796 63565 11093  6% 10 143029 24896 58%
c F 11.44 44 51 18 3890 66022 13239  7% 10 143029 24896 58%
c - 11.95 49 50 19 4206 70150 11921  7% 10 143029 24896 58%
c 3 12.42 50 50 19 4375 75001 29653  7% 10 143029 24896 58%
c p 12.50 50 50 19 4375 75001 29814  7% 10 143029 24896 58%
c - 12.77 55 49 20 4452 77083 13166  7% 10 143029 24896 58%
c B 12.86 55 49 20 4497 78023 13993  7% 10 143029 24896 58%
c s 13.14 55 49 20 4589 80622 16205  7% 10 143017 24896 58%
c v 13.45 55 49 20 4589 80622 16205  7% 10 140497 24896 58%
c w 13.66 55 49 20 4589 80622 16175  7% 10 140497 24896 58%
c e 13.73 55 49 20 4589 80622 16120  7% 10 140496 24886 58%
c s 13.77 55 49 20 4589 80622 16058  7% 10 140486 24886 58%
c e 13.81 55 49 20 4589 80622 16032  7% 10 140486 24879 58%
c - 14.30 55 48 21 4765 84362 13923  7% 10 140486 24879 58%
c # 14.99 55 48 21 5058 91025 19844  7% 10 140486 24879 58%
c 
c  seconds  reductions      redundant   irredundant
c         MB     restarts          trail        variables
c          level      conflicts        glue          remaining
c 
c - 15.13 55 48 22 5127 91936 14977  7% 10 140486 24879 58%
c - 15.97 55 47 23 5566 99854 15943  7% 10 140486 24879 58%
c 3 16.69 55 47 23 5804 105003 31853  7% 10 140486 24879 58%
c p 16.77 55 47 23 5804 105003 31997  7% 10 140486 24879 58%
c B 16.80 55 47 23 5804 105026 32018  7% 10 140486 24879 58%
c f 17.15 55 46 24 5976 108116 12250  7% 10 140486 24879 58%
c s 17.53 55 46 24 6141 110594 14389  7% 10 140474 24879 58%
c v 17.89 55 46 24 6141 110594 14389  7% 10 124017 24879 58%
c w 18.03 55 46 24 6141 110594 14358  7% 10 124017 24879 58%
c e 18.28 55 46 24 6141 110594 11657  7% 10 123567 24152 56%
c s 18.32 55 46 24 6141 110594 11629  7% 10 123044 24152 56%
c e 18.37 55 46 24 6141 110594 11615  7% 10 123044 24139 56%
c - 18.92 55 46 25 6351 116732 12632  7% 10 123044 24139 56%
c O 19.24 55 45 25 6507 120028 15570  7% 10 123044 24139 56%
c - 19.70 55 45 26 6721 125234 14586  7% 10 123044 24139 56%
c - 20.49 55 45 27 7144 134063 16128  7% 10 123044 24139 56%
c B 20.72 55 45 27 7254 136029 17886  7% 10 123044 24139 56%
c 3 21.14 55 44 27 7543 140010 29573  7% 10 123044 24139 56%
c p 21.21 55 44 27 7543 140010 29697  7% 10 123044 24139 56%
c - 21.60 55 44 28 7742 143223 17770  7% 10 123044 24139 56%
c 
c  seconds  reductions       redundant   irredundant
c         MB     restarts           trail        variables
c          level      conflicts         glue          remaining
c 
c s 21.70 55 44 28 7747 143492 17851  7% 10 122988 24139 56%
c v 22.01 55 44 28 7747 143492 17851  7% 10 122966 24139 56%
c w 22.18 55 44 28 7747 143492 17818  7% 10 122966 24139 56%
c e 22.22 55 44 28 7747 143492 17775  7% 10 122952 24129 56%
c s 22.27 55 44 28 7747 143492 17676  7% 10 122940 24129 56%
c - 23.27 55 44 29 8221 152708 19057  7% 10 122940 24129 56%
c I 23.31 55 44 29 8238 153030 19337  7% 10 122940 24129 56%
c - 24.22 55 43 30 8671 162516 20012  7% 10 122940 24129 56%
c B 24.96 55 42 30 9045 171032 27578  7% 10 122940 24129 56%
c - 25.13 55 42 31 9090 172650 21219  7% 10 122940 24129 56%
c 3 25.98 55 41 31 9455 180010 35941  7% 10 122940 24129 56%
c p 26.06 55 41 31 9455 180010 36060  7% 10 122940 24129 56%
c s 26.34 55 41 31 9532 181078 36114  7% 10 122938 24129 56%
c v 26.69 55 41 31 9532 181078 36114  7% 10 122928 24129 56%
c w 26.95 55 41 31 9532 181078 35497  7% 10 122928 24129 56%
c e 27.08 55 41 31 9532 181078 35330  7% 10 122910 24097 56%
c s 27.13 55 41 31 9532 181078 35166  7% 10 122903 24097 56%
c e 27.16 55 41 31 9532 181078 35157  7% 10 122906 24094 56%
c - 27.46 55 41 32 9658 183111 23311  7% 10 122906 24094 56%
c F 28.18 55 41 32 10035 190033 29443  7% 10 122906 24094 56%
c 
c  seconds  reductions        redundant   irredundant
c         MB      restarts           trail        variables
c          level       conflicts         glue          remaining
c 
c - 28.64 55 40 33 10143 193897 24121  7% 10 122906 24094 56%
c - 29.98 55 40 34 10761 205020 25444  7% 10 122906 24094 56%
c B 30.68 55 40 34 11071 210034 29850  7% 10 122906 24094 56%
c - 31.64 55 40 35 11468 216460 26582  7% 10 122906 24094 56%
c s 32.70 55 39 35 12010 223393 32727  7% 10 122892 24094 56%
c v 33.11 55 39 35 12010 223393 32727  7% 10 122883 24094 56%
c w 33.61 55 39 35 12010 223393 32701  7% 10 122883 24094 56%
c e 33.67 55 39 35 12010 223393 32673  7% 10 122869 24087 56%
c s 33.73 55 39 35 12010 223393 32577  7% 10 122869 24087 56%
c 3 34.09 55 39 35 12066 225010 42835  7% 10 122869 24087 56%
c p 34.17 55 39 35 12066 225010 42932  7% 10 122869 24087 56%
c - 34.68 55 39 36 12258 228228 28192  7% 10 122869 24087 56%
c # 35.06 55 39 36 12437 231035 30736  7% 10 122869 24087 56%
c - 36.40 56 38 37 12945 240320 29377  7% 10 122869 24087 56%
c - 38.27 56 38 38 13816 252739 30929  7% 10 122869 24087 56%
c B 38.32 56 38 38 13840 253037 31196  7% 10 122869 24087 56%
c - 40.52 56 37 39 14922 265485 32411  7% 10 122869 24087 56%
c s 41.28 56 37 39 15188 270413 36672  7% 10 122869 24087 56%
c w 42.16 56 37 39 15188 270413 36644  7% 10 122869 24087 56%
c e 42.31 56 37 39 15188 270413 28862  7% 10 123745 23649 55%
c 
c  seconds  reductions        redundant   irredundant
c         MB      restarts           trail        variables
c          level       conflicts         glue          remaining
c 
c s 42.37 56 37 39 15188 270413 28706  7% 10 123628 23649 55%
c 3 43.28 56 37 39 15549 275010 40431  7% 10 123628 23649 55%
c p 43.37 56 37 39 15549 275010 40524  7% 10 123628 23649 55%
c O 43.60 56 37 39 15632 276041 41459  7% 10 123628 23649 55%
c - 44.07 56 37 40 15852 278558 28577  7% 10 123628 23649 55%
c - 46.35 56 37 41 16966 291992 31676  7% 10 123628 23649 55%
c B 47.61 56 36 41 17621 300042 38892  7% 10 123628 23649 55%
c - 48.67 57 36 42 18098 305753 33326  7% 10 123628 23649 55%
c - 50.92 57 36 43 19066 319842 34884  7% 10 123628 23649 55%
c s 51.61 57 35 43 19300 322909 37493  7% 10 123626 23649 55%
c v 51.97 57 35 43 19300 322909 37493  7% 10 123448 23649 55%
c w 52.54 57 35 43 19300 322909 37464  7% 10 123448 23649 55%
c e 52.74 57 35 43 19300 322909 33435  7% 10 124255 23174 54%
c s 52.81 57 35 43 19300 322909 33342  7% 10 124177 23174 54%
c I 53.28 57 35 43 19502 325043 35306  7% 10 124177 23174 54%
c 3 54.24 57 35 43 19890 330012 47845  7% 10 124177 23174 54%
c p 54.32 57 35 43 19890 330012 47929  7% 10 124177 23174 54%
c - 55.26 57 35 44 20183 334257 34632  8% 10 124177 23174 54%
c - 58.18 58 34 45 21269 349027 36432  8% 10 124177 23174 54%
c B 58.54 58 34 45 21454 351047 38249  8% 10 124177 23174 54%
c 
c  seconds  reductions        redundant   irredundant
c         MB      restarts           trail        variables
c          level       conflicts         glue          remaining
c 
c - 61.08 58 34 46 22415 364127 38242  8% 10 124177 23174 54%
c F 63.62 58 33 46 23445 378050 50763  8% 10 124177 23174 54%
c - 63.98 58 33 47 23555 379552 39738  8% 10 124177 23174 54%
c s 64.33 58 33 47 23635 381035 40947  8% 10 124127 23174 54%
c v 64.75 58 33 47 23635 381035 40947  8% 10 124023 23174 54%
c w 65.55 58 33 47 23635 381035 40916  8% 10 124023 23174 54%
c e 66.48 58 33 47 23635 381035 26535  8% 10 151759 18816 44%
c s 66.66 58 33 47 23635 381035 26439  8% 10 149461 18816 44%
c e 66.82 46 33 47 23635 381035 26427  8% 10 149511 18809 44%
c 3 68.56 46 33 47 24201 390013 39760 11% 10 149511 18809 44%
c p 68.64 46 33 47 24201 390013 39832 11% 10 149511 18809 44%
c - 69.75 47 33 48 24653 395306 32422 11% 10 149511 18809 44%
c B 71.79 47 33 48 25445 406053 42197 11% 10 149511 18809 44%
c f 73.17 47 32 49 25982 412575 29272 10% 10 149511 18809 44%
c - 76.86 47 32 50 27608 430195 34221 10% 10 149511 18809 44%
c # 77.82 47 32 50 28072 435060 38664 10% 10 149511 18809 44%
c - 80.91 47 32 51 29366 448168 37324 10% 10 149511 18809 44%
c 3 82.47 47 32 51 29931 455013 49793 10% 10 149511 18809 44%
c p 82.56 47 32 51 29931 455013 49851 10% 10 149511 18809 44%
c s 83.58 50 31 51 30146 458796 51134 10% 10 148928 18809 44%
c 
c  seconds  reductions        redundant   irredundant
c         MB      restarts           trail        variables
c          level       conflicts         glue          remaining
c 
c v 84.35 50 31 51 30146 458796 51134 10% 10 145994 18809 44%
c w 85.63 50 31 51 30146 458796 50612 10% 10 145994 18809 44%
c t 85.64 50 31 51 30146 458796 50612 10% 10 145991 18809 44%
c e 85.77 50 31 51 30146 458796 49954 10% 10 146409 18716 44%
c s 85.94 50 31 51 30146 458796 49547 10% 10 146374 18716 44%
c B 87.64 50 31 51 30770 465063 55303 10% 10 146374 18716 44%
c - 88.05 50 31 52 30943 466494 41400 10% 10 146374 18716 44%
c - 92.06 50 31 53 32553 485024 42295 10% 10 146374 18716 44%
c O 94.74 50 30 53 33454 496064 52302 10% 10 146374 18716 44%
c - 96.75 50 30 54 34113 503908 43814 10% 10 146374 18716 44%
c - 101.32 50 30 55 35498 523140 44709 10% 10 146374 18716 44%
c 3 101.80 50 30 55 35620 525015 52022 10% 10 146374 18716 44%
c p 101.89 50 30 55 35620 525015 52071 10% 10 146374 18716 44%
c B 102.58 50 30 55 35931 528069 54877 10% 10 146374 18716 44%
c s 106.55 50 30 55 37110 541881 65958 10% 10 146364 18716 44%
c v 107.45 50 30 55 37110 541881 65958 10% 10 146196 18716 44%
c w 109.14 50 30 55 37110 541881 65460 10% 10 146196 18716 44%
c e 109.65 55 30 55 37110 541881 31786 10% 10 181700 15777 37%
c s 109.90 55 30 55 37110 541881 31580 10% 10 180587 15777 37%
c e 110.08 57 30 55 37110 541881 31511 10% 10 180675 15771 37%
c 
c  seconds   reductions        redundant   irredundant
c          MB      restarts           trail        variables
c           level       conflicts         glue          remaining
c 
c - 110.28 52 30 56 37118 542721 24616  9% 10 180675 15771 37%
c I 113.05 52 29 56 37850 561070 41084 11% 10 180675 15771 37%
c - 113.43 62 29 57 37916 564215 35104 11% 10 180675 15771 37%
c - 118.26 63 29 58 39459 586085 40609 11% 10 180675 15771 37%
c B 120.11 63 29 58 40108 595071 48705 11% 10 180675 15771 37%
c 3 121.27 63 28 58 40469 600016 54165 11% 10 180675 15771 37%
c 3 121.28 63 28 58 40469 600016 54334 11% 10 180675 15771 37%
c p 121.38 63 28 58 40469 600016 54381 11% 10 180675 15771 37%
c - 123.43 63 28 59 41268 608332 43932 11% 10 180675 15771 37%
c F 128.21 63 29 59 43242 630072 63717 11% 10 180675 15771 37%
c - 128.48 63 28 60 43247 630957 46387 11% 10 180675 15771 37%
c s 132.50 63 28 60 44576 647423 61045 11% 10 180500 15771 37%
c v 133.94 63 28 60 44576 647423 61045 11% 10 176374 15771 37%
c w 135.77 63 28 60 44576 647423 61031 11% 10 176374 15771 37%
c t 135.77 63 28 60 44576 647423 61030 11% 10 176374 15771 37%
c e 136.29 64 28 60 44576 647423 50743 11% 10 181274 15363 36%
c s 136.57 64 28 60 44576 647423 50580 11% 10 180905 15363 36%
c - 138.58 55 28 61 45111 653960 42835 11% 10 180905 15363 36%
c B 141.22 55 28 61 45939 666073 53786 12% 11 180905 15363 36%
c - 144.13 65 28 62 46949 677350 48192 11% 11 180905 15363 36%
c 
c  seconds   reductions        redundant   irredundant
c          MB      restarts           trail        variables
c           level       conflicts         glue          remaining
c 
c 3 144.71 66 28 62 47121 680018 51130 11% 11 180905 15363 36%
c 3 144.72 66 28 62 47121 680018 51284 11% 11 180905 15363 36%
c p 144.81 66 28 62 47121 680018 51335 11% 11 180905 15363 36%
c - 149.96 66 28 63 48680 701115 51315 11% 11 180905 15363 36%
c # 150.38 66 28 63 48759 703075 53080 11% 11 180905 15363 36%
c - 156.27 66 28 64 50739 725259 53569 11% 11 180905 15363 36%
c B 160.62 66 28 64 52138 741076 68132 11% 11 180905 15363 36%
c - 163.28 66 28 65 52971 749779 55741 11% 11 180905 15363 36%
c s 166.40 66 28 65 53888 761270 65944 11% 11 180674 15363 36%
c v 167.91 66 28 65 53888 761270 65944 11% 11 180242 15363 36%
c w 170.39 66 28 65 53888 761270 65922 11% 11 180242 15363 36%
c e 171.04 66 28 65 53888 761270 59809 11% 11 184414 15028 35%
c s 171.34 67 28 65 53888 761270 59632 11% 11 184219 15028 35%
c 3 172.61 67 28 65 54204 765019 63719 12% 11 184219 15028 35%
c 3 172.62 67 28 65 54204 765019 63924 12% 11 184219 15028 35%
c p 172.73 67 28 65 54204 765019 64118 12% 11 184219 15028 35%
c - 175.58 67 28 66 55058 774677 54487 11% 11 184219 15028 35%
c O 176.90 67 28 66 55486 780077 59395 11% 11 184219 15028 35%
c - 182.33 67 27 67 56922 800113 57656 12% 11 184219 15028 35%
c B 187.52 67 26 67 58077 820078 75815 12% 11 184219 15028 35%
c 
c  seconds   reductions        redundant   irredundant
c          MB      restarts           trail        variables
c           level       conflicts         glue          remaining
c 
c - 189.28 67 27 68 58488 825927 59650 12% 11 184219 15028 35%
c - 196.57 67 26 69 60465 852119 61428 12% 11 184219 15028 35%
c 3 197.38 67 26 69 60736 855020 64642 12% 11 184219 15028 35%
c p 197.48 67 26 69 60736 855020 65063 12% 11 184219 15028 35%
c I 199.19 67 26 69 61321 861080 70573 12% 11 184219 15028 35%
c - 204.85 68 26 70 62844 878691 63073 12% 11 184219 15028 35%
c s 206.68 68 26 70 63308 884204 67960 12% 11 184130 15028 35%
c v 208.61 68 26 70 63308 884204 67960 12% 11 183702 15028 35%
c w 211.74 68 26 70 63308 884204 67950 12% 11 183702 15028 35%
c e 211.94 68 26 70 63308 884204 65223 12% 11 183266 14739 34%
c s 212.26 68 26 70 63308 884204 65082 12% 11 183262 14739 34%
c B 217.84 68 26 70 64710 903081 82088 12% 11 183262 14739 34%
c - 218.58 57 26 71 64830 905644 63481 12% 11 183262 14739 34%
c i 219.33 57 25 71 64900 908703 66079 12% 11 183262 14738 34%
c - 226.80 69 25 72 67075 932926 64082 12% 11 183135 14738 34%
c F 230.19 69 25 72 68164 946084 76020 12% 11 183135 14738 34%
c 3 231.32 69 25 72 68420 950020 80451 12% 11 183135 14738 34%
c 3 231.33 69 25 72 68420 950020 80670 12% 11 183135 14738 34%
c p 231.44 69 25 72 68420 950020 80884 12% 11 183135 14738 34%
c - 234.73 81 25 73 69245 960580 66525 12% 11 183135 14738 34%
c 
c  seconds   reductions        redundant   irredundant
c          MB      restarts           trail        variables
c           level       conflicts         glue          remaining
c 
c - 242.16 69 25 74 70886 988613 67677 12% 11 183135 14738 34%
c B 242.49 69 25 74 71005 990086 69012 12% 11 183135 14738 34%
c s 250.14 69 25 74 72925 1015108 91710 12% 11 183112 14738 34%
c v 251.80 69 25 74 72925 1015108 91710 12% 11 183052 14738 34%
c w 255.94 69 25 74 72925 1015108 91700 12% 11 183052 14738 34%
c e 256.06 69 25 74 72925 1015108 91399 12% 11 183087 14726 34%
c s 256.32 69 25 74 72925 1015108 91284 12% 11 183077 14726 34%
c - 257.21 82 25 75 73070 1017028 69606 12% 11 183077 14726 34%
c # 262.58 82 25 75 74565 1035087 86078 12% 11 183077 14726 34%
c - 265.40 69 24 76 75072 1045818 70734 12% 11 183077 14726 34%
c 3 266.36 69 24 76 75231 1050022 75290 12% 11 183077 14726 34%
c 3 266.37 69 24 76 75231 1050022 75537 12% 11 183077 14726 34%
c p 266.48 69 24 76 75231 1050022 75828 12% 11 183077 14726 34%
c - 274.02 82 24 77 76887 1074988 72230 12% 11 183077 14726 34%
c B 275.71 82 23 77 77155 1081090 77501 12% 11 183077 14726 34%
c - 283.25 69 23 78 78904 1104538 73221 12% 11 183077 14726 34%
c O 290.31 69 23 78 80632 1128091 94246 12% 11 183077 14726 34%
c - 292.56 82 23 79 81212 1134462 74605 12% 11 183077 14726 34%
c s 298.67 82 23 79 82405 1153277 91186 12% 11 183071 14726 34%
c v 300.41 82 23 79 82405 1153277 91186 12% 11 182745 14726 34%
c 
c  seconds   reductions         redundant   irredundant
c          MB      restarts            trail        variables
c           level        conflicts         glue          remaining
c 
c w 305.27 82 23 79 82405 1153277 91158 12% 11 182745 14726 34%
c t 305.28 82 23 79 82405 1153277 91157 12% 11 182745 14726 34%
c e 305.39 82 23 79 82405 1153277 83259 12% 11 182889 14700 34%
c s 305.65 82 23 79 82405 1153277 83142 12% 11 182881 14700 34%
c 3 306.43 82 23 79 82553 1155023 85564 12% 11 182881 14700 34%
c 3 306.44 82 23 79 82553 1155023 85838 12% 11 182881 14700 34%
c p 306.57 82 23 79 82553 1155023 85913 12% 11 182881 14700 34%
c - 309.43 69 23 80 83171 1164766 71097 12% 11 182881 14700 34%
c B 312.57 69 23 80 83687 1176093 81082 12% 11 182881 14700 34%
c - 318.70 82 23 81 85086 1195436 74398 12% 11 182881 14700 34%
c I 328.00 82 23 81 87132 1225095 100931 12% 11 182881 14700 34%
c - 328.46 69 23 82 87227 1226485 77374 12% 11 182881 14700 34%
c - 338.55 82 22 83 89522 1257912 78541 12% 11 182881 14700 34%
c 3 340.89 82 22 83 89738 1265024 85100 12% 11 182881 14700 34%
c 3 340.90 82 22 83 89738 1265024 85326 12% 11 182881 14700 34%
c p 341.02 82 22 83 89738 1265024 85415 12% 11 182881 14700 34%
c B 344.22 82 22 83 90219 1275102 94144 12% 11 182881 14700 34%
c - 349.17 69 21 84 91059 1289718 78869 12% 11 182881 14700 34%
c s 352.45 69 22 84 91579 1298760 86725 12% 11 182879 14700 34%
c v 354.25 69 22 84 91579 1298760 86725 12% 11 182750 14700 34%
c 
c  seconds   reductions         redundant   irredundant
c          MB      restarts            trail        variables
c           level        conflicts         glue          remaining
c 
c w 359.33 69 22 84 91579 1298760 86620 12% 11 182750 14700 34%
c t 359.34 69 22 84 91579 1298760 86618 12% 11 182750 14700 34%
c e 359.42 69 22 84 91579 1298760 86617 12% 11 182746 14698 34%
c s 359.69 69 22 84 91579 1298760 86409 12% 11 182737 14698 34%
c f 367.21 72 22 85 92882 1321905 61467 12% 11 182737 14698 34%
c F 368.24 72 22 85 93242 1326105 65322 12% 11 182737 14698 34%
c - 376.83 72 22 86 95445 1354460 67875 12% 11 182737 14698 34%
c B 383.91 72 22 86 97034 1378106 88915 12% 11 182737 14698 34%
c 3 384.60 72 22 86 97204 1380024 91470 12% 11 182737 14698 34%
c 3 384.61 72 22 86 97204 1380024 91679 12% 11 182737 14698 34%
c p 384.74 72 22 86 97204 1380024 91854 12% 11 182737 14696 34%
c - 387.26 73 22 87 97583 1387394 72088 12% 11 182485 14696 34%
c - 397.32 58 22 88 99723 1420690 74900 12% 11 182485 14696 34%
c # 400.49 58 22 88 100595 1431107 84128 12% 11 182485 14696 34%
c s 407.26 68 22 88 102124 1451478 101816 12% 11 182466 14696 34%
c v 408.95 68 22 88 102124 1451478 101816 12% 11 182357 14696 34%
c w 415.03 68 22 88 102124 1451478 101651 12% 11 182357 14696 34%
c t 415.04 68 22 88 102124 1451478 101649 12% 11 182357 14696 34%
c e 415.16 68 22 88 102124 1451478 91904 12% 11 182486 14673 34%
c s 415.62 68 22 88 102124 1451478 91464 12% 11 182463 14673 34%
c 
c  seconds   reductions          redundant   irredundant
c          MB      restarts             trail        variables
c           level         conflicts         glue          remaining
c 
c - 416.60 60 22 89 102238 1454365 71854 12% 11 182463 14673 34%
c B 425.54 60 22 89 104063 1485109 99051 12% 11 182463 14673 34%
c - 426.66 73 22 90 104295 1488417 76893 12% 11 182463 14673 34%
c 3 430.06 73 22 90 105016 1500024 88368 12% 11 182463 14673 34%
c 3 430.07 73 22 90 105016 1500024 88799 12% 11 182463 14673 34%
c p 430.21 73 22 90 105016 1500024 89287 12% 11 182463 14668 34%
c - 437.94 61 21 91 106441 1522847 78305 12% 11 181645 14668 34%
c O 443.05 61 21 91 107420 1540110 93455 12% 11 181645 14668 34%
c - 451.63 74 21 92 108617 1557602 79650 12% 11 181645 14668 34%
c - 464.44 61 20 93 110597 1592735 80658 13% 11 181645 14668 34%
c B 465.38 61 20 93 110838 1596112 83789 13% 11 181645 14668 34%
c s 470.54 68 20 93 111701 1611479 96637 13% 11 181600 14668 34%
c v 472.12 68 20 93 111701 1611479 96637 13% 11 180561 14668 34%
c w 477.18 68 20 93 111701 1611479 96339 13% 11 180561 14668 34%
c t 477.19 68 20 93 111701 1611479 96334 13% 11 180558 14668 34%
c e 477.35 68 20 93 111701 1611479 94350 13% 11 180875 14558 34%
c s 477.73 69 20 93 111701 1611479 93565 13% 11 180790 14558 34%
c e 477.85 69 20 93 111701 1611479 69734 13% 11 180776 14527 34%
c 3 482.01 69 20 93 112602 1625025 83149 13% 11 180776 14527 34%
c 3 482.02 69 20 93 112602 1625025 83520 13% 11 180776 14527 34%
c 
c  seconds   reductions          redundant   irredundant
c          MB      restarts             trail        variables
c           level         conflicts         glue          remaining
c 
c 2 482.08 69 20 93 112602 1625025 83518 13% 11 180776 14527 34%
c p 482.16 69 20 93 112602 1625025 84898 13% 11 180776 14527 34%
c - 483.40 74 20 94 112866 1628248 68399 13% 11 180776 14527 34%
c I 489.52 74 20 94 113779 1653113 90577 13% 11 180776 14527 34%
c - 492.15 74 20 95 113989 1664076 76106 13% 11 180776 14527 34%
c - 502.46 75 20 96 115905 1700281 80164 12% 11 180776 14527 34%
c B 505.62 75 20 96 116580 1711114 89689 13% 11 180776 14527 34%
c - 513.03 88 20 97 118269 1736864 81889 12% 11 180776 14527 34%
c d 518.06 88 20 97 119090 1755025 97143 12% 11 180760 14526 34%
c 3 518.09 88 20 97 119090 1755025 98341 12% 11 180760 14526 34%
c 3 518.10 88 20 97 119090 1755025 98645 12% 11 180760 14526 34%
c 2 518.16 88 20 97 119090 1755025 98642 12% 11 180759 14526 34%
c p 518.24 88 20 97 119090 1755025 100509 12% 11 180759 14520 34%
c F 523.32 88 20 97 120120 1770117 113866 12% 11 180759 14520 34%
c - 524.72 75 20 98 120445 1773823 83666 12% 11 180171 14520 34%
c s 526.68 75 20 98 120868 1778802 86356 12% 11 179896 14520 34%
c v 528.10 75 20 98 120868 1778802 86356 12% 11 177991 14520 34%
c w 531.94 75 20 98 120868 1778802 85118 12% 11 177991 14520 34%
c t 531.95 75 20 98 120868 1778802 85088 12% 11 177966 14516 34%
c e 532.16 75 20 98 120868 1778802 52907 12% 11 178871 14341 33%
c 
c  seconds   reductions          redundant   irredundant
c          MB      restarts             trail        variables
c           level         conflicts         glue          remaining
c 
c s 532.49 75 20 98 120868 1778802 52500 12% 11 178637 14341 33%
c e 532.58 75 20 98 120868 1778802 52483 12% 11 178690 14337 33%
c - 538.69 75 21 99 122461 1811117 67209 12% 11 178690 14337 33%
c B 542.76 75 21 99 123509 1830118 84548 12% 11 178690 14337 33%
c - 547.52 75 21 100 124789 1848680 77472 11% 11 178690 14337 33%
c - 557.90 85 20 101 127105 1886618 81484 12% 10 178690 14337 33%
c d 558.93 85 20 101 127461 1890026 80383 12% 10 178682 14333 33%
c 3 558.98 85 20 101 127461 1890026 81959 12% 10 178682 14333 33%
c 3 558.99 85 20 101 127461 1890026 82408 12% 10 178682 14333 33%
c 2 559.04 85 20 101 127461 1890026 82408 12% 10 178681 14331 33%
c p 559.11 85 20 101 127461 1890026 84677 12% 10 178681 14328 33%
c # 559.46 85 20 101 127565 1891120 85656 12% 10 178681 14328 33%
c - 569.86 85 20 102 129696 1924933 82443 12% 11 177821 14328 33%
c B 577.83 85 19 102 131101 1953123 106430 12% 10 177821 14328 33%
c s 578.40 85 19 102 131111 1953507 105048 12% 10 177580 14328 33%
c v 580.26 85 19 102 131111 1953507 105048 12% 10 173568 14328 33%
c w 584.42 85 19 102 131111 1953507 104509 12% 10 173568 14328 33%
c t 584.43 85 19 102 131111 1953507 104486 12% 10 173545 14318 33%
c e 584.76 86 19 102 131111 1953507 54592 12% 10 175043 13932 32%
c s 585.12 86 19 102 131111 1953507 53783 12% 10 174641 13932 32%
c 
c  seconds    reductions          redundant   irredundant
c          MB       restarts             trail        variables
c           level          conflicts         glue          remaining
c 
c e 585.28 86 19 102 131111 1953507 52508 12% 10 174672 13925 32%
c - 587.34 86 19 103 131500 1963557 51214 13% 10 174672 13925 32%
c - 596.26 86 20 104 133757 2002314 72461 13% 10 174672 13925 32%
c O 599.95 86 20 104 134554 2016125 84806 13% 10 174672 13925 32%
c 3 603.95 86 19 104 135254 2030027 98622 13% 10 174672 13925 32%
c 3 603.96 86 19 104 135254 2030027 99108 13% 10 174672 13925 32%
c 2 604.02 86 19 104 135254 2030027 99099 13% 10 174672 13925 32%
c p 604.15 86 19 104 135254 2030027 103350 13% 10 174672 13915 32%
c i 606.70 86 19 104 135602 2039640 111625 13% 10 174672 13913 32%
c - 607.24 86 19 105 135684 2041446 76376 13% 10 172576 13913 32%
c i 612.55 86 18 105 136662 2060466 92207 14% 10 172576 13907 32%
c i 614.39 86 18 105 136920 2067086 97469 14% 10 172576 13807 32%
c i 614.84 86 18 105 136934 2068898 98999 14% 10 172576 13804 32%
c i 615.88 86 17 105 136954 2073213 102551 14% 10 172576 13800 32%
c i 616.67 86 17 105 136984 2076249 104978 14% 10 172576 13770 32%
c i 616.77 86 17 105 136984 2076639 105259 14% 10 172576 13594 32%
c i 616.78 86 17 105 136984 2076650 105262 14% 10 172576 13587 32%
c } 616.91 86 17 105 136984 2077193 105704 14% 10 172576 13571 32%
c 0 616.91 86 17 105 136984 2077193 105704 14% 10 172576 13571 32%
c 
c --- [ result ] -------------------------------------------------------------
c 
s UNSATISFIABLE
c 
c --- [ run-time profiling ] -------------------------------------------------
c 
c process time taken by individual solving procedures
c (percentage relative to process time for solving)
c 
c       525.21   85.15% search
c       525.21   85.15% unstable
c        91.60   14.85% simplify
c        68.90   11.17% vivify
c         9.73    1.58% subsume
c         7.29    1.18% elim
c         2.05    0.33% ternary
c         1.50    0.24% probe
c   =================================
c       616.81   99.98% solve
c 
c last line shows process time for solving
c (percentage relative to total process time)
c 
c --- [ statistics ] ---------------------------------------------------------
c 
c backtracked:             6572241       316.40 %  of conflicts
c chronological:            729101        11.09 %  of backtracks
c conflicts:               2077193      3367.65    per second
c decisions:               7107167     11522.49    per second
c eliminated:                26165        60.84 %  of all variables
c fixed:                      1671         3.89 %  of all variables
c flushed:                   75722         3.65 %  per conflict
c learned:                 1980319        95.34 %  per conflict
c minimized:              38560181        41.96 %  learned literals
c propagations:         1105268413         1.79 M  per second
c reduced:                 1436464        69.15 %  per conflict
c rephased:                     63     32971.32    interval
c restarts:                 136984        15.16    interval
c substituted:                1601         3.72 %  of all variables
c subsumed:                 262867         4.54 %  of all clauses
c strengthened:             229891         3.97 %  of all clauses
c ternary:                  166203         0.50 %  of resolved
c vivified:                 173521         3.00 %  of all clauses
c weakened:                 182374         7.21    average size
c 
c seconds are measured in process time for solving
c 
c --- [ resources ] ----------------------------------------------------------
c 
c total process time since initialization:       616.91    seconds
c total real time since initialization:          616.88    seconds
c maximum resident set size of process:           88.47    MB
c 
c --- [ shutting down ] ------------------------------------------------------
c 
c exit 20
