c --- [ banner ] -------------------------------------------------------------
c 
c CaDiCaL Radically Simplified CDCL SAT Solver
c Copyright (c) 2016-2019 Armin Biere, JKU Linz
c 
c Version 1.0.3 cb89cbfa16f47cb7bf1ec6ad9855e7b6d5203c18
c g++ (GCC) 6.3.0 -Wall -Wextra -O3 -DNDEBUG
c Fri Aug 23 08:17:16 CDT 2019 Linux login1 4.4.103-6.38-default x86_64
c 
c --- [ config ] -------------------------------------------------------------
c 
c using 'unsat' configuration (target unsatisfiable instances)
c 
c --- [ proof tracing ] ------------------------------------------------------
c 
c opening file to write '/tmp/58_534_0_four.drat'
c writing binary proof trace to '/tmp/58_534_0_four.drat'
c 
c --- [ parsing input ] ------------------------------------------------------
c 
c reading DIMACS file from '/tmp/58_534_0_four.cnf'
c opening file to read '/tmp/58_534_0_four.cnf'
c found 'p cnf 43008 265775' header
c parsed 265775 clauses in 0.10 seconds process time
c 
c --- [ options ] ------------------------------------------------------------
c 
c   --stabilize=false              (different from default 'true')
c   --walk=false                   (different from default 'true')
c 
c --- [ solving ] ------------------------------------------------------------
c 
c time measured in process time since initialization
c 
c  seconds  reductions  redundant  irredundant
c         MB    restarts       trail       variables
c          level   conflicts       glue         remaining
c 
c *  0.10 31  0 0   0    0    0  0% 0 245198 41702 97%
c {  0.10 32  0 0   0    0    0  0% 0 245198 41702 97%
c -  0.15 33 46 1   4  305  217  9% 8 236542 41702 97%
c I  0.20 34 37 1  17 1002  730  9% 8 236542 41702 97%
c -  0.30 42 36 2  31 1134  748  9% 8 236542 41702 97%
c -  0.46 42 34 3 106 2370 1383  9% 8 236542 41702 97%
c B  0.52 42 33 3 139 3003 1875  9% 8 236542 41702 97%
c i  0.58 42 32 3 172 3498 2284  9% 8 236542 41587 97%
c i  0.58 42 32 3 172 3501 2286  9% 8 236542 41340 96%
c i  0.59 42 32 3 172 3645 2392  9% 8 236542 40655 95%
c i  0.59 42 31 3 172 3674 2413  9% 8 236542 40639 94%
c i  0.60 42 31 3 172 3757 2479  9% 8 236542 40615 94%
c }  0.60 42 31 3 172 3760 2480  9% 8 236542 40279 94%
c 0  0.60 42 31 3 172 3760 2480  9% 8 236542 40279 94%
c 
c --- [ result ] -------------------------------------------------------------
c 
s UNSATISFIABLE
c 
c --- [ run-time profiling ] -------------------------------------------------
c 
c process time taken by individual solving procedures
c (percentage relative to process time for solving)
c 
c         0.50  100.00% search
c         0.50  100.00% unstable
c         0.00    0.00% simplify
c   =================================
c         0.50   82.67% solve
c 
c last line shows process time for solving
c (percentage relative to total process time)
c 
c --- [ statistics ] ---------------------------------------------------------
c 
c backtracked:                4508       119.89 %  of conflicts
c chronological:              1570        34.83 %  of backtracks
c conflicts:                  3760      7580.65    per second
c decisions:                 15069     30381.05    per second
c fixed:                      2729         6.35 %  of all variables
c learned:                    3219        85.61 %  per conflict
c minimized:                 39073        29.14 %  learned literals
c propagations:            1684200         3.40 M  per second
c reduced:                     497        13.22 %  per conflict
c rephased:                      2      1880.00    interval
c restarts:                    172        21.86    interval
c subsumed:                    236         0.05 %  of all clauses
c 
c seconds are measured in process time for solving
c 
c --- [ resources ] ----------------------------------------------------------
c 
c total process time since initialization:         0.60    seconds
c total real time since initialization:            0.60    seconds
c maximum resident set size of process:           48.51    MB
c 
c --- [ shutting down ] ------------------------------------------------------
c 
c exit 20
