c --- [ banner ] -------------------------------------------------------------
c 
c CaDiCaL Radically Simplified CDCL SAT Solver
c Copyright (c) 2016-2019 Armin Biere, JKU Linz
c 
c Version 1.0.3 cb89cbfa16f47cb7bf1ec6ad9855e7b6d5203c18
c g++ (GCC) 6.3.0 -Wall -Wextra -O3 -DNDEBUG
c Fri Aug 23 08:17:16 CDT 2019 Linux login1 4.4.103-6.38-default x86_64
c 
c --- [ config ] -------------------------------------------------------------
c 
c using 'unsat' configuration (target unsatisfiable instances)
c 
c --- [ proof tracing ] ------------------------------------------------------
c 
c opening file to write '/tmp/29_305_0_three.drat'
c writing binary proof trace to '/tmp/29_305_0_three.drat'
c 
c --- [ parsing input ] ------------------------------------------------------
c 
c reading DIMACS file from '/tmp/29_305_0_three.cnf'
c opening file to read '/tmp/29_305_0_three.cnf'
c found 'p cnf 39424 200382' header
c parsed 200382 clauses in 0.14 seconds process time
c 
c --- [ options ] ------------------------------------------------------------
c 
c   --stabilize=false              (different from default 'true')
c   --walk=false                   (different from default 'true')
c 
c --- [ solving ] ------------------------------------------------------------
c 
c time measured in process time since initialization
c 
c  seconds  reductions  redundant  irredundant
c         MB    restarts       trail       variables
c          level   conflicts       glue         remaining
c 
c *  0.14 26  0 0   0    0    0  0% 0 181509 38033 96%
c {  0.14 26  0 0   0    0    0  0% 0 181509 38033 96%
c i  0.15 27 39 0   0  115   92  7% 4 181509 38023 96%
c -  0.20 27 36 1  10  300  186  7% 7 173131 38023 96%
c i  0.21 29 33 1  17  420  282  7% 6 173131 37912 96%
c i  0.21 29 33 1  17  421  282  7% 6 173131 37833 96%
c i  0.21 29 33 1  17  424  283  7% 6 173131 37809 96%
c i  0.21 29 30 1  17  464  319  7% 6 173131 37762 96%
c }  0.22 29 27 1  17  518  349  7% 6 173131 36976 94%
c 0  0.22 29 27 1  17  518  349  7% 6 173131 36976 94%
c 
c --- [ result ] -------------------------------------------------------------
c 
s UNSATISFIABLE
c 
c --- [ run-time profiling ] -------------------------------------------------
c 
c process time taken by individual solving procedures
c (percentage relative to process time for solving)
c 
c         0.08  100.00% search
c         0.07   94.74% unstable
c         0.00    5.26% lucky
c         0.00    0.00% simplify
c   =================================
c         0.08   35.19% solve
c 
c last line shows process time for solving
c (percentage relative to total process time)
c 
c --- [ statistics ] ---------------------------------------------------------
c 
c backtracked:                 636       122.78 %  of conflicts
c chronological:               249        39.15 %  of backtracks
c conflicts:                   518      6815.79    per second
c decisions:                  2740     36052.63    per second
c fixed:                      2448         6.21 %  of all variables
c learned:                     427        82.43 %  per conflict
c minimized:                  2931        28.85 %  learned literals
c propagations:             131986         1.74 M  per second
c restarts:                     17        30.47    interval
c subsumed:                     51         0.01 %  of all clauses
c 
c seconds are measured in process time for solving
c 
c --- [ resources ] ----------------------------------------------------------
c 
c total process time since initialization:         0.22    seconds
c total real time since initialization:            0.22    seconds
c maximum resident set size of process:           28.63    MB
c 
c --- [ shutting down ] ------------------------------------------------------
c 
c exit 20
