c --- [ banner ] -------------------------------------------------------------
c 
c CaDiCaL Radically Simplified CDCL SAT Solver
c Copyright (c) 2016-2019 Armin Biere, JKU Linz
c 
c Version 1.0.3 cb89cbfa16f47cb7bf1ec6ad9855e7b6d5203c18
c g++ (GCC) 6.3.0 -Wall -Wextra -O3 -DNDEBUG
c Fri Aug 23 08:17:16 CDT 2019 Linux login1 4.4.103-6.38-default x86_64
c 
c --- [ config ] -------------------------------------------------------------
c 
c using 'unsat' configuration (target unsatisfiable instances)
c 
c --- [ proof tracing ] ------------------------------------------------------
c 
c opening file to write '/tmp/26_987_0_four.drat'
c writing binary proof trace to '/tmp/26_987_0_four.drat'
c 
c --- [ parsing input ] ------------------------------------------------------
c 
c reading DIMACS file from '/tmp/26_987_0_four.cnf'
c opening file to read '/tmp/26_987_0_four.cnf'
c found 'p cnf 259840 1039934' header
c parsed 1039934 clauses in 0.46 seconds process time
c 
c --- [ options ] ------------------------------------------------------------
c 
c   --stabilize=false              (different from default 'true')
c   --walk=false                   (different from default 'true')
c 
c --- [ solving ] ------------------------------------------------------------
c 
c time measured in process time since initialization
c 
c  seconds   reductions  redundant   irredundant
c          MB    restarts       trail        variables
c           level   conflicts       glue           remaining
c 
c *  0.47 139  0 0   0    0    0  0% 0 1039424 253870 98%
c {  0.49 142  0 0   0    0    0  0% 0 1039424 253870 98%
c -  0.66 145 376 1   2  301  166  5% 4 922362 253870 98%
c I  1.37 145 126 1 133 1004  793  8% 10 922362 253870 98%
c -  1.95 176 96 2 140 1488 1181  8% 9 922362 253870 98%
c B  2.54 176 53 2 178 3007 2441  7% 8 922362 253870 98%
c -  2.87 176 51 3 178 3261 2095  7% 8 922362 253870 98%
c i  3.08 176 47 3 193 3845 2555  8% 8 922362 253722 98%
c s  3.94 157 45 3 199 4073 2720  8% 8 922362 253722 98%
c v  5.15 180 45 3 199 4073 2720  8% 8 922336 253722 98%
c w  5.50 180 45 3 199 4073 2701  8% 8 922336 252736 97%
c t  5.56 180 45 3 199 4073 2701  8% 8 921780 252736 97%
c e  8.24 208 45 3 199 4073   44  8% 8 222755 27602 11%
c s  8.48 208 45 3 199 4073   44  8% 8 222560 27602 11%
c e  8.79 208 45 3 199 4073   41  8% 8 222560 27540 11%
c 3  9.11 156 42 3 235 5000 3849  5% 8 222560 27540 11%
c d  9.17 156 42 3 235 5000 3825  5% 8 222560 27536 11%
c 2  9.19 156 42 3 235 5000 3817  5% 8 222560 27517 11%
c p  9.36 156 42 3 235 5000 6480  5% 8 222560 27473 11%
c d  9.38 156 42 3 235 5000 6394  5% 8 219889 27471 11%
c 
c  seconds   reductions  redundant  irredundant
c          MB    restarts       trail       variables
c           level   conflicts       glue         remaining
c 
c d  9.40 156 42 3 235 5000 6392  5% 8 219632 27357 11%
c -  9.49 156 39 4 245 5619 1553  6% 8 219632 27357 11%
c F  9.52 156 38 4 283 6009 1887  5% 8 219632 27357 11%
c -  9.68 156 33 5 412 7631 2502  6% 8 219632 27357 11%
c i  9.73 156 33 5 444 8003 2823  6% 8 219632 27302 11%
c i  9.74 156 33 5 447 8034 2851  6% 8 219632 27256 10%
c i  9.77 156 32 5 461 8506 3271  6% 8 219632 27252 10%
c i  9.78 156 31 5 461 8602 3335  6% 8 219632 27181 10%
c i  9.78 156 31 5 461 8614 3340  6% 8 219632 27073 10%
c i  9.79 156 31 5 461 8713 3416  6% 8 219632 27035 10%
c i  9.79 156 31 5 461 8714 3416  6% 8 219632 26633 10%
c }  9.79 156 31 5 461 8718 3418  6% 8 219632 26626 10%
c 0  9.79 156 31 5 461 8718 3418  6% 8 219632 26626 10%
c 
c --- [ result ] -------------------------------------------------------------
c 
s UNSATISFIABLE
c 
c --- [ run-time profiling ] -------------------------------------------------
c 
c process time taken by individual solving procedures
c (percentage relative to process time for solving)
c 
c         5.66   60.63% simplify
c         3.66   39.20% search
c         3.64   38.99% unstable
c         2.90   31.11% elim
c         1.42   15.25% vivify
c         0.91    9.73% subsume
c         0.16    1.76% probe
c         0.08    0.90% ternary
c         0.02    0.21% lucky
c   =================================
c         9.34   95.34% solve
c 
c last line shows process time for solving
c (percentage relative to total process time)
c 
c --- [ statistics ] ---------------------------------------------------------
c 
c backtracked:               30881       354.22 %  of conflicts
c chronological:              3385        10.96 %  of backtracks
c conflicts:                  8718       933.80    per second
c decisions:                 36760      3937.45    per second
c eliminated:               225196        86.67 %  of all variables
c fixed:                      7898         3.04 %  of all variables
c learned:                    8066        92.52 %  per conflict
c minimized:                 75317        26.50 %  learned literals
c propagations:           12211929         1.31 M  per second
c reduced:                    1343        15.40 %  per conflict
c rephased:                      3      2906.00    interval
c restarts:                    461        18.91    interval
c substituted:                 120         0.05 %  of all variables
c subsumed:                   6331         0.21 %  of all clauses
c strengthened:              15790         0.52 %  of all clauses
c ternary:                    3354         0.33 %  of resolved
c vivified:                    100         0.00 %  of all clauses
c weakened:                 796780         2.84    average size
c 
c seconds are measured in process time for solving
c 
c --- [ resources ] ----------------------------------------------------------
c 
c total process time since initialization:         9.79    seconds
c total real time since initialization:            9.79    seconds
c maximum resident set size of process:          212.74    MB
c 
c --- [ shutting down ] ------------------------------------------------------
c 
c exit 20
