c --- [ banner ] -------------------------------------------------------------
c 
c CaDiCaL Radically Simplified CDCL SAT Solver
c Copyright (c) 2016-2019 Armin Biere, JKU Linz
c 
c Version 1.0.3 cb89cbfa16f47cb7bf1ec6ad9855e7b6d5203c18
c g++ (GCC) 6.3.0 -Wall -Wextra -O3 -DNDEBUG
c Fri Aug 23 08:17:16 CDT 2019 Linux login1 4.4.103-6.38-default x86_64
c 
c --- [ config ] -------------------------------------------------------------
c 
c using 'unsat' configuration (target unsatisfiable instances)
c 
c --- [ proof tracing ] ------------------------------------------------------
c 
c opening file to write '/tmp/30_155_0_three.drat'
c writing binary proof trace to '/tmp/30_155_0_three.drat'
c 
c --- [ parsing input ] ------------------------------------------------------
c 
c reading DIMACS file from '/tmp/30_155_0_three.cnf'
c opening file to read '/tmp/30_155_0_three.cnf'
c found 'p cnf 202048 780985' header
c parsed 780985 clauses in 0.33 seconds process time
c 
c --- [ options ] ------------------------------------------------------------
c 
c   --stabilize=false              (different from default 'true')
c   --walk=false                   (different from default 'true')
c 
c --- [ solving ] ------------------------------------------------------------
c 
c time measured in process time since initialization
c 
c  seconds  reductions  redundant  irredundant
c         MB    restarts       trail       variables
c          level   conflicts       glue          remaining
c 
c *  0.34 97  0 0   0    0    0  0% 0 780480 196703 97%
c {  0.36 99  0 0   0    0    0  0% 0 780480 196703 97%
c -  0.57 104 229 1  26  302  201  6% 6 683326 196703 97%
c i  0.62 110 189 1  41  362  256  6% 6 683326 196613 97%
c i  0.62 110 188 1  42  364  257  6% 6 683326 195568 97%
c i  0.66 110 142 1  55  453  327  6% 6 683326 195567 97%
c i  0.66 110 137 1  55  461  334  6% 6 683326 195565 97%
c i  0.66 110 134 1  55  468  339  6% 6 683326 195559 97%
c i  0.66 110 134 1  55  469  339  6% 6 683326 195448 97%
c i  0.66 110 133 1  55  470  339  6% 6 683326 194450 96%
c }  0.66 110 133 1  55  475  339  6% 6 683326 194199 96%
c 0  0.66 110 133 1  55  475  339  6% 6 683326 194199 96%
c 
c --- [ result ] -------------------------------------------------------------
c 
s UNSATISFIABLE
c 
c --- [ run-time profiling ] -------------------------------------------------
c 
c process time taken by individual solving procedures
c (percentage relative to process time for solving)
c 
c         0.31   95.12% search
c         0.30   90.24% unstable
c         0.02    4.88% lucky
c         0.00    0.00% simplify
c   =================================
c         0.33   50.00% solve
c 
c last line shows process time for solving
c (percentage relative to total process time)
c 
c --- [ statistics ] ---------------------------------------------------------
c 
c backtracked:                 663       139.58 %  of conflicts
c chronological:               308        46.46 %  of backtracks
c conflicts:                   475      1448.17    per second
c decisions:                  3513     10710.37    per second
c fixed:                      7849         3.88 %  of all variables
c learned:                     450        94.74 %  per conflict
c minimized:                   636        11.44 %  learned literals
c propagations:             597761         1.82 M  per second
c restarts:                     55         8.64    interval
c subsumed:                    103         0.01 %  of all clauses
c 
c seconds are measured in process time for solving
c 
c --- [ resources ] ----------------------------------------------------------
c 
c total process time since initialization:         0.66    seconds
c total real time since initialization:            0.66    seconds
c maximum resident set size of process:          110.36    MB
c 
c --- [ shutting down ] ------------------------------------------------------
c 
c exit 20
