c --- [ banner ] -------------------------------------------------------------
c 
c CaDiCaL Radically Simplified CDCL SAT Solver
c Copyright (c) 2016-2019 Armin Biere, JKU Linz
c 
c Version 1.0.3 cb89cbfa16f47cb7bf1ec6ad9855e7b6d5203c18
c g++ (GCC) 6.3.0 -Wall -Wextra -O3 -DNDEBUG
c Fri Aug 23 08:17:16 CDT 2019 Linux login1 4.4.103-6.38-default x86_64
c 
c --- [ config ] -------------------------------------------------------------
c 
c using 'unsat' configuration (target unsatisfiable instances)
c 
c --- [ proof tracing ] ------------------------------------------------------
c 
c opening file to write '/tmp/30_454_0_three.drat'
c writing binary proof trace to '/tmp/30_454_0_three.drat'
c 
c --- [ parsing input ] ------------------------------------------------------
c 
c reading DIMACS file from '/tmp/30_454_0_three.cnf'
c opening file to read '/tmp/30_454_0_three.cnf'
c found 'p cnf 202048 780985' header
c parsed 780985 clauses in 0.27 seconds process time
c 
c --- [ options ] ------------------------------------------------------------
c 
c   --stabilize=false              (different from default 'true')
c   --walk=false                   (different from default 'true')
c 
c --- [ solving ] ------------------------------------------------------------
c 
c time measured in process time since initialization
c 
c  seconds  reductions  redundant  irredundant
c         MB    restarts       trail       variables
c          level   conflicts       glue          remaining
c 
c *  0.29 97  0 0   0    0    0  0% 0 780480 196710 97%
c {  0.30 99  0 0   0    0    0  0% 0 780480 196710 97%
c -  0.48 104 290 1   5  300  174  6% 4 683328 196710 97%
c i  0.64 109 139 1  73  553  416  6% 6 683328 196620 97%
c i  0.66 109 130 1  79  596  454  6% 6 683328 194774 96%
c i  0.67 109 118 1  86  658  506  6% 6 683328 192797 95%
c i  0.67 109 113 1  86  689  531  6% 6 683328 192429 95%
c i  0.67 109 113 1  86  692  532  6% 6 683328 191336 95%
c }  0.67 109 113 1  86  694  532  6% 6 683328 190125 94%
c 0  0.67 109 113 1  86  694  532  6% 6 683328 190125 94%
c 
c --- [ result ] -------------------------------------------------------------
c 
s UNSATISFIABLE
c 
c --- [ run-time profiling ] -------------------------------------------------
c 
c process time taken by individual solving procedures
c (percentage relative to process time for solving)
c 
c         0.38   96.00% search
c         0.37   92.00% unstable
c         0.02    4.00% lucky
c         0.00    0.00% simplify
c   =================================
c         0.40   59.52% solve
c 
c last line shows process time for solving
c (percentage relative to total process time)
c 
c --- [ statistics ] ---------------------------------------------------------
c 
c backtracked:                 960       138.33 %  of conflicts
c chronological:               432        45.00 %  of backtracks
c conflicts:                   694      1735.00    per second
c decisions:                  6812     17030.00    per second
c fixed:                     11923         5.90 %  of all variables
c learned:                     669        96.40 %  per conflict
c minimized:                  1200        12.96 %  learned literals
c propagations:            1122381         2.81 M  per second
c restarts:                     86         8.07    interval
c subsumed:                    129         0.01 %  of all clauses
c 
c seconds are measured in process time for solving
c 
c --- [ resources ] ----------------------------------------------------------
c 
c total process time since initialization:         0.67    seconds
c total real time since initialization:            0.68    seconds
c maximum resident set size of process:          109.60    MB
c 
c --- [ shutting down ] ------------------------------------------------------
c 
c exit 20
