c --- [ banner ] -------------------------------------------------------------
c 
c CaDiCaL Radically Simplified CDCL SAT Solver
c Copyright (c) 2016-2019 Armin Biere, JKU Linz
c 
c Version 1.0.3 cb89cbfa16f47cb7bf1ec6ad9855e7b6d5203c18
c g++ (GCC) 6.3.0 -Wall -Wextra -O3 -DNDEBUG
c Fri Aug 23 08:17:16 CDT 2019 Linux login1 4.4.103-6.38-default x86_64
c 
c --- [ config ] -------------------------------------------------------------
c 
c using 'unsat' configuration (target unsatisfiable instances)
c 
c --- [ proof tracing ] ------------------------------------------------------
c 
c opening file to write '/tmp/30_738_0_three.drat'
c writing binary proof trace to '/tmp/30_738_0_three.drat'
c 
c --- [ parsing input ] ------------------------------------------------------
c 
c reading DIMACS file from '/tmp/30_738_0_three.cnf'
c opening file to read '/tmp/30_738_0_three.cnf'
c found 'p cnf 202048 780985' header
c parsed 780985 clauses in 0.47 seconds process time
c 
c --- [ options ] ------------------------------------------------------------
c 
c   --stabilize=false              (different from default 'true')
c   --walk=false                   (different from default 'true')
c 
c --- [ solving ] ------------------------------------------------------------
c 
c time measured in process time since initialization
c 
c  seconds  reductions  redundant  irredundant
c         MB    restarts       trail       variables
c          level   conflicts       glue          remaining
c 
c *  0.49 97  0 0   0    0    0  0% 0 780480 197402 98%
c {  0.51 99  0 0   0    0    0  0% 0 780480 197402 98%
c -  0.63 100 352 1   0  301  154  5% 3 692794 197402 98%
c i  0.66 105 312 1   0  343  181  5% 3 692794 197318 98%
c i  0.66 106 311 1   0  344  181  5% 3 692794 196795 97%
c i  0.81 106 159 1  43  560  366  5% 5 692794 196757 97%
c i  1.06 106 97 1 118  929  683  6% 7 692794 196711 97%
c I  1.11 106 89 1 136 1004  751  6% 7 692794 196711 97%
c i  1.27 106 70 1 181 1338 1042  6% 7 692794 194803 96%
c -  1.56 122 67 2 181 1405  973  6% 7 659484 194803 96%
c i  1.62 122 58 2 181 1592 1121  6% 7 659484 194451 96%
c i  1.63 122 58 2 181 1596 1122  6% 7 659484 194450 96%
c i  1.63 122 58 2 181 1597 1122  6% 7 659484 194308 96%
c i  1.80 122 54 2 194 1812 1320  7% 7 659484 193990 96%
c i  1.80 122 54 2 194 1813 1320  7% 7 659484 193941 96%
c }  2.00 122 51 2 194 2004 1484 10% 7 659484 192247 95%
c 0  2.00 122 51 2 194 2004 1484 10% 7 659484 192247 95%
c 
c --- [ result ] -------------------------------------------------------------
c 
s UNSATISFIABLE
c 
c --- [ run-time profiling ] -------------------------------------------------
c 
c process time taken by individual solving procedures
c (percentage relative to process time for solving)
c 
c         1.50   98.69% search
c         1.49   97.64% unstable
c         0.02    1.05% lucky
c         0.00    0.00% simplify
c   =================================
c         1.52   76.35% solve
c 
c last line shows process time for solving
c (percentage relative to total process time)
c 
c --- [ statistics ] ---------------------------------------------------------
c 
c backtracked:                2588       129.14 %  of conflicts
c chronological:               946        36.55 %  of backtracks
c conflicts:                  2004      1314.96    per second
c decisions:                 11974      7856.96    per second
c fixed:                      9801         4.85 %  of all variables
c learned:                    1865        93.06 %  per conflict
c minimized:                 11594        26.80 %  learned literals
c propagations:            4058077         2.66 M  per second
c reduced:                       3         0.15 %  per conflict
c rephased:                      1      2004.00    interval
c restarts:                    194        10.33    interval
c subsumed:                    248         0.02 %  of all clauses
c 
c seconds are measured in process time for solving
c 
c --- [ resources ] ----------------------------------------------------------
c 
c total process time since initialization:         2.00    seconds
c total real time since initialization:            2.00    seconds
c maximum resident set size of process:          122.58    MB
c 
c --- [ shutting down ] ------------------------------------------------------
c 
c exit 20
