c --- [ banner ] -------------------------------------------------------------
c 
c CaDiCaL Radically Simplified CDCL SAT Solver
c Copyright (c) 2016-2019 Armin Biere, JKU Linz
c 
c Version 1.0.3 cb89cbfa16f47cb7bf1ec6ad9855e7b6d5203c18
c g++ (GCC) 6.3.0 -Wall -Wextra -O3 -DNDEBUG
c Fri Aug 23 08:17:16 CDT 2019 Linux login1 4.4.103-6.38-default x86_64
c 
c --- [ config ] -------------------------------------------------------------
c 
c using 'unsat' configuration (target unsatisfiable instances)
c 
c --- [ proof tracing ] ------------------------------------------------------
c 
c opening file to write '/tmp/26_251_0_three.drat'
c writing binary proof trace to '/tmp/26_251_0_three.drat'
c 
c --- [ parsing input ] ------------------------------------------------------
c 
c reading DIMACS file from '/tmp/26_251_0_three.cnf'
c opening file to read '/tmp/26_251_0_three.cnf'
c found 'p cnf 39424 200382' header
c parsed 200382 clauses in 0.08 seconds process time
c 
c --- [ options ] ------------------------------------------------------------
c 
c   --stabilize=false              (different from default 'true')
c   --walk=false                   (different from default 'true')
c 
c --- [ solving ] ------------------------------------------------------------
c 
c time measured in process time since initialization
c 
c  seconds  reductions  redundant  irredundant
c         MB    restarts       trail       variables
c          level   conflicts       glue         remaining
c 
c *  0.08 26  0 0   0    0    0  0% 0 181511 38179 97%
c {  0.08 26  0 0   0    0    0  0% 0 181511 38179 97%
c -  0.14 28 72 1  37  304  267  8% 8 176287 38179 97%
c I  0.18 29 50 1  55 1003  864  7% 8 176287 38179 97%
c -  0.24 35 51 2  55 1053  765  7% 8 176287 38179 97%
c -  0.35 35 41 3  89 2174 1330  8% 7 176287 38179 97%
c B  0.42 35 37 3 106 3004 2052  9% 7 176287 38179 97%
c -  0.52 35 35 4 185 3669 2043  9% 7 176287 38179 97%
c i  0.53 35 34 4 214 3836 2184  8% 7 176287 38122 97%
c s  0.70 32 32 4 306 4499 2752  9% 8 176287 38122 97%
c v  0.86 38 32 4 306 4499 2752  9% 8 173535 38122 97%
c w  0.92 38 32 4 306 4499 2729  9% 8 173535 38076 97%
c t  0.95 38 32 4 306 4499 2719  9% 8 160300 38076 97%
c e  1.72 38 32 4 306 4499   40  9% 8 139312 21536 55%
c s  1.80 42 32 4 306 4499   39  9% 8 139300 21536 55%
c 3  2.06 43 31 4 362 5000 7916  4% 8 139300 21536 55%
c p  2.13 44 31 4 362 5000 9415  4% 8 139300 21525 55%
c -  2.22 44 32 5 407 5539 1207  5% 8 138179 21525 55%
c F  2.25 44 31 5 407 6008 1612  6% 8 138179 21525 55%
c i  2.26 44 31 5 407 6226 1775  5% 8 138179 21524 55%
c 
c  seconds  reductions  redundant  irredundant
c         MB    restarts       trail       variables
c          level   conflicts       glue         remaining
c 
c i  2.26 44 30 5 407 6233 1776  5% 8 138179 21505 55%
c }  2.26 44 30 5 407 6236 1776  5% 8 138179 21474 54%
c 0  2.26 44 30 5 407 6236 1776  5% 8 138179 21474 54%
c 
c --- [ result ] -------------------------------------------------------------
c 
s UNSATISFIABLE
c 
c --- [ run-time profiling ] -------------------------------------------------
c 
c process time taken by individual solving procedures
c (percentage relative to process time for solving)
c 
c         1.37   62.64% simplify
c         0.82   37.36% search
c         0.81   37.18% unstable
c         0.81   37.18% elim
c         0.19    8.61% vivify
c         0.18    8.42% subsume
c         0.07    3.11% ternary
c         0.04    1.65% probe
c         0.00    0.18% lucky
c   =================================
c         2.18   96.47% solve
c 
c last line shows process time for solving
c (percentage relative to total process time)
c 
c --- [ statistics ] ---------------------------------------------------------
c 
c backtracked:               18487       296.46 %  of conflicts
c chronological:              2868        15.51 %  of backtracks
c conflicts:                  6236      2855.31    per second
c decisions:                 30374     13907.51    per second
c eliminated:                16540        41.95 %  of all variables
c fixed:                      1410         3.58 %  of all variables
c learned:                    5776        92.62 %  per conflict
c minimized:                 53524        29.62 %  learned literals
c propagations:            3000102         1.37 M  per second
c reduced:                    1168        18.73 %  per conflict
c rephased:                      3      2078.67    interval
c restarts:                    407        15.32    interval
c subsumed:                   4417         0.56 %  of all clauses
c strengthened:               2553         0.32 %  of all clauses
c ternary:                   10143         0.73 %  of resolved
c vivified:                   2831         0.36 %  of all clauses
c weakened:                  63224         3.58    average size
c 
c seconds are measured in process time for solving
c 
c --- [ resources ] ----------------------------------------------------------
c 
c total process time since initialization:         2.26    seconds
c total real time since initialization:            2.27    seconds
c maximum resident set size of process:           43.73    MB
c 
c --- [ shutting down ] ------------------------------------------------------
c 
c exit 20
