c --- [ banner ] -------------------------------------------------------------
c 
c CaDiCaL Radically Simplified CDCL SAT Solver
c Copyright (c) 2016-2019 Armin Biere, JKU Linz
c 
c Version 1.0.3 cb89cbfa16f47cb7bf1ec6ad9855e7b6d5203c18
c g++ (GCC) 6.3.0 -Wall -Wextra -O3 -DNDEBUG
c Fri Aug 23 08:17:16 CDT 2019 Linux login1 4.4.103-6.38-default x86_64
c 
c --- [ config ] -------------------------------------------------------------
c 
c using 'unsat' configuration (target unsatisfiable instances)
c 
c --- [ proof tracing ] ------------------------------------------------------
c 
c opening file to write '/tmp/26_42_0_three.drat'
c writing binary proof trace to '/tmp/26_42_0_three.drat'
c 
c --- [ parsing input ] ------------------------------------------------------
c 
c reading DIMACS file from '/tmp/26_42_0_three.cnf'
c opening file to read '/tmp/26_42_0_three.cnf'
c found 'p cnf 39424 200382' header
c parsed 200382 clauses in 0.16 seconds process time
c 
c --- [ options ] ------------------------------------------------------------
c 
c   --stabilize=false              (different from default 'true')
c   --walk=false                   (different from default 'true')
c 
c --- [ solving ] ------------------------------------------------------------
c 
c time measured in process time since initialization
c 
c  seconds  reductions  redundant  irredundant
c         MB    restarts       trail       variables
c          level   conflicts       glue         remaining
c 
c *  0.16 26  0 0   0    0    0  0% 0 181507 38029 96%
c {  0.16 26  0 0   0    0    0  0% 0 181507 38029 96%
c -  0.23 28 37 1  18  301  240  8% 7 173283 38029 96%
c i  0.29 29 31 1  48  994  769  8% 6 173283 37597 95%
c }  0.29 29 31 1  48  999  772  8% 6 173283 37571 95%
c 0  0.29 29 31 1  48  999  772  8% 6 173283 37571 95%
c 
c --- [ result ] -------------------------------------------------------------
c 
s UNSATISFIABLE
c 
c --- [ run-time profiling ] -------------------------------------------------
c 
c process time taken by individual solving procedures
c (percentage relative to process time for solving)
c 
c         0.13  100.00% search
c         0.13   96.97% unstable
c         0.00    3.03% lucky
c         0.00    0.00% simplify
c   =================================
c         0.13   45.21% solve
c 
c last line shows process time for solving
c (percentage relative to total process time)
c 
c --- [ statistics ] ---------------------------------------------------------
c 
c backtracked:                1212       121.32 %  of conflicts
c chronological:               441        36.39 %  of backtracks
c conflicts:                   999      7568.18    per second
c decisions:                  4865     36856.06    per second
c fixed:                      1853         4.70 %  of all variables
c learned:                     832        83.28 %  per conflict
c minimized:                  6965        28.56 %  learned literals
c propagations:             297580         2.25 M  per second
c restarts:                     48        20.81    interval
c subsumed:                     58         0.02 %  of all clauses
c 
c seconds are measured in process time for solving
c 
c --- [ resources ] ----------------------------------------------------------
c 
c total process time since initialization:         0.29    seconds
c total real time since initialization:            0.29    seconds
c maximum resident set size of process:           28.88    MB
c 
c --- [ shutting down ] ------------------------------------------------------
c 
c exit 20
