c --- [ banner ] -------------------------------------------------------------
c 
c CaDiCaL Radically Simplified CDCL SAT Solver
c Copyright (c) 2016-2019 Armin Biere, JKU Linz
c 
c Version 1.0.3 cb89cbfa16f47cb7bf1ec6ad9855e7b6d5203c18
c g++ (GCC) 6.3.0 -Wall -Wextra -O3 -DNDEBUG
c Fri Aug 23 08:17:16 CDT 2019 Linux login1 4.4.103-6.38-default x86_64
c 
c --- [ config ] -------------------------------------------------------------
c 
c using 'unsat' configuration (target unsatisfiable instances)
c 
c --- [ proof tracing ] ------------------------------------------------------
c 
c opening file to write '/tmp/17_144_0_three.drat'
c writing binary proof trace to '/tmp/17_144_0_three.drat'
c 
c --- [ parsing input ] ------------------------------------------------------
c 
c reading DIMACS file from '/tmp/17_144_0_three.cnf'
c opening file to read '/tmp/17_144_0_three.cnf'
c found 'p cnf 202048 780990' header
c parsed 780990 clauses in 0.34 seconds process time
c 
c --- [ options ] ------------------------------------------------------------
c 
c   --stabilize=false              (different from default 'true')
c   --walk=false                   (different from default 'true')
c 
c --- [ solving ] ------------------------------------------------------------
c 
c time measured in process time since initialization
c 
c  seconds  reductions  redundant  irredundant
c         MB    restarts       trail       variables
c          level   conflicts       glue          remaining
c 
c *  0.35 97  0 0   0    0    0  0% 0 780480 196493 97%
c {  0.37 99  0 0   0    0    0  0% 0 780480 196493 97%
c -  0.60 104 226 1  24  300  203  6% 5 681701 196493 97%
c i  0.79 110 99 1  79  598  478  8% 6 681701 196463 97%
c i  0.81 110 90 1  79  669  541  8% 6 681701 196331 97%
c }  0.82 110 88 1  79  686  549  8% 6 681701 192133 95%
c 0  0.82 110 88 1  79  686  549  8% 6 681701 192133 95%
c 
c --- [ result ] -------------------------------------------------------------
c 
s UNSATISFIABLE
c 
c --- [ run-time profiling ] -------------------------------------------------
c 
c process time taken by individual solving procedures
c (percentage relative to process time for solving)
c 
c         0.47   96.69% search
c         0.45   92.56% unstable
c         0.02    3.31% lucky
c         0.00    0.00% simplify
c   =================================
c         0.48   59.02% solve
c 
c last line shows process time for solving
c (percentage relative to total process time)
c 
c --- [ statistics ] ---------------------------------------------------------
c 
c backtracked:                 936       136.44 %  of conflicts
c chronological:               416        44.44 %  of backtracks
c conflicts:                   686      1417.36    per second
c decisions:                  4425      9142.56    per second
c fixed:                      9915         4.91 %  of all variables
c learned:                     666        97.08 %  per conflict
c minimized:                  2106        17.63 %  learned literals
c propagations:            1144149         2.36 M  per second
c restarts:                     79         8.68    interval
c subsumed:                    114         0.01 %  of all clauses
c 
c seconds are measured in process time for solving
c 
c --- [ resources ] ----------------------------------------------------------
c 
c total process time since initialization:         0.82    seconds
c total real time since initialization:            0.82    seconds
c maximum resident set size of process:          110.21    MB
c 
c --- [ shutting down ] ------------------------------------------------------
c 
c exit 20
