c --- [ banner ] -------------------------------------------------------------
c 
c CaDiCaL Radically Simplified CDCL SAT Solver
c Copyright (c) 2016-2019 Armin Biere, JKU Linz
c 
c Version 1.0.3 cb89cbfa16f47cb7bf1ec6ad9855e7b6d5203c18
c g++ (GCC) 6.3.0 -Wall -Wextra -O3 -DNDEBUG
c Fri Aug 23 08:17:16 CDT 2019 Linux login1 4.4.103-6.38-default x86_64
c 
c --- [ config ] -------------------------------------------------------------
c 
c using 'unsat' configuration (target unsatisfiable instances)
c 
c --- [ proof tracing ] ------------------------------------------------------
c 
c opening file to write '/tmp/17_220_0_three.drat'
c writing binary proof trace to '/tmp/17_220_0_three.drat'
c 
c --- [ parsing input ] ------------------------------------------------------
c 
c reading DIMACS file from '/tmp/17_220_0_three.cnf'
c opening file to read '/tmp/17_220_0_three.cnf'
c found 'p cnf 202048 780990' header
c parsed 780990 clauses in 0.33 seconds process time
c 
c --- [ options ] ------------------------------------------------------------
c 
c   --stabilize=false              (different from default 'true')
c   --walk=false                   (different from default 'true')
c 
c --- [ solving ] ------------------------------------------------------------
c 
c time measured in process time since initialization
c 
c  seconds  reductions  redundant  irredundant
c         MB    restarts       trail       variables
c          level   conflicts       glue          remaining
c 
c *  0.34 97  0 0   0    0    0  0% 0 780480 196607 97%
c {  0.36 99  0 0   0    0    0  0% 0 780480 196607 97%
c -  0.46 100 416 1   0  300  153  6% 3 683270 196607 97%
c }  0.71 105 125 1  55  841  613  7% 5 683270 194605 96%
c 0  0.71 105 125 1  55  841  613  7% 5 683270 194605 96%
c 
c --- [ result ] -------------------------------------------------------------
c 
s UNSATISFIABLE
c 
c --- [ run-time profiling ] -------------------------------------------------
c 
c process time taken by individual solving procedures
c (percentage relative to process time for solving)
c 
c         0.37   95.83% search
c         0.36   92.71% unstable
c         0.01    3.13% lucky
c         0.00    0.00% simplify
c   =================================
c         0.38   53.93% solve
c 
c last line shows process time for solving
c (percentage relative to total process time)
c 
c --- [ statistics ] ---------------------------------------------------------
c 
c backtracked:                1131       134.48 %  of conflicts
c chronological:               541        47.83 %  of backtracks
c conflicts:                   841      2190.10    per second
c decisions:                  4852     12635.42    per second
c fixed:                      7443         3.68 %  of all variables
c learned:                     796        94.65 %  per conflict
c minimized:                  2286        19.69 %  learned literals
c propagations:             875440         2.28 M  per second
c restarts:                     55        15.29    interval
c subsumed:                    182         0.01 %  of all clauses
c 
c seconds are measured in process time for solving
c 
c --- [ resources ] ----------------------------------------------------------
c 
c total process time since initialization:         0.71    seconds
c total real time since initialization:            0.71    seconds
c maximum resident set size of process:          105.93    MB
c 
c --- [ shutting down ] ------------------------------------------------------
c 
c exit 20
