c --- [ banner ] -------------------------------------------------------------
c 
c CaDiCaL Radically Simplified CDCL SAT Solver
c Copyright (c) 2016-2019 Armin Biere, JKU Linz
c 
c Version 1.0.3 cb89cbfa16f47cb7bf1ec6ad9855e7b6d5203c18
c g++ (GCC) 6.3.0 -Wall -Wextra -O3 -DNDEBUG
c Fri Aug 23 08:17:16 CDT 2019 Linux login1 4.4.103-6.38-default x86_64
c 
c --- [ config ] -------------------------------------------------------------
c 
c using 'unsat' configuration (target unsatisfiable instances)
c 
c --- [ proof tracing ] ------------------------------------------------------
c 
c opening file to write '/tmp/17_372_0_three.drat'
c writing binary proof trace to '/tmp/17_372_0_three.drat'
c 
c --- [ parsing input ] ------------------------------------------------------
c 
c reading DIMACS file from '/tmp/17_372_0_three.cnf'
c opening file to read '/tmp/17_372_0_three.cnf'
c found 'p cnf 202048 780990' header
c parsed 780990 clauses in 0.32 seconds process time
c 
c --- [ options ] ------------------------------------------------------------
c 
c   --stabilize=false              (different from default 'true')
c   --walk=false                   (different from default 'true')
c 
c --- [ solving ] ------------------------------------------------------------
c 
c time measured in process time since initialization
c 
c  seconds  reductions  redundant  irredundant
c         MB    restarts       trail       variables
c          level   conflicts       glue          remaining
c 
c *  0.34 97  0 0   0    0    0  0% 0 780480 196375 97%
c {  0.35 99  0 0   0    0    0  0% 0 780480 196375 97%
c -  0.50 103 291 1   5  300  172  5% 4 680114 196375 97%
c i  0.70 108 134 1  65  573  427  7% 6 680114 196374 97%
c i  0.76 108 112 1  66  693  535  7% 6 680114 194397 96%
c i  0.77 108 111 1  66  694  535  7% 6 680114 194281 96%
c i  0.77 108 110 1  66  702  538  7% 6 680114 194219 96%
c i  0.78 108 100 1  66  769  591  7% 6 680114 192714 95%
c i  0.78 108 100 1  66  770  591  7% 6 680114 192527 95%
c i  0.79 108 98 1  66  779  595  7% 6 680114 192389 95%
c }  0.80 108 93 1  66  811  622  7% 6 680114 189839 94%
c 0  0.80 108 93 1  66  811  622  7% 6 680114 189839 94%
c 
c --- [ result ] -------------------------------------------------------------
c 
s UNSATISFIABLE
c 
c --- [ run-time profiling ] -------------------------------------------------
c 
c process time taken by individual solving procedures
c (percentage relative to process time for solving)
c 
c         0.46   96.61% search
c         0.44   94.07% unstable
c         0.01    2.54% lucky
c         0.00    0.00% simplify
c   =================================
c         0.47   59.30% solve
c 
c last line shows process time for solving
c (percentage relative to total process time)
c 
c --- [ statistics ] ---------------------------------------------------------
c 
c backtracked:                1072       132.18 %  of conflicts
c chronological:               476        44.40 %  of backtracks
c conflicts:                   811      1718.22    per second
c decisions:                  6006     12724.58    per second
c fixed:                     12209         6.04 %  of all variables
c learned:                     775        95.56 %  per conflict
c minimized:                  2529        19.97 %  learned literals
c propagations:            1222403         2.59 M  per second
c restarts:                     66        12.29    interval
c subsumed:                    145         0.01 %  of all clauses
c 
c seconds are measured in process time for solving
c 
c --- [ resources ] ----------------------------------------------------------
c 
c total process time since initialization:         0.80    seconds
c total real time since initialization:            0.80    seconds
c maximum resident set size of process:          108.34    MB
c 
c --- [ shutting down ] ------------------------------------------------------
c 
c exit 20
