c --- [ banner ] -------------------------------------------------------------
c 
c CaDiCaL Radically Simplified CDCL SAT Solver
c Copyright (c) 2016-2019 Armin Biere, JKU Linz
c 
c Version 1.0.3 cb89cbfa16f47cb7bf1ec6ad9855e7b6d5203c18
c g++ (GCC) 6.3.0 -Wall -Wextra -O3 -DNDEBUG
c Fri Aug 23 08:17:16 CDT 2019 Linux login1 4.4.103-6.38-default x86_64
c 
c --- [ config ] -------------------------------------------------------------
c 
c using 'unsat' configuration (target unsatisfiable instances)
c 
c --- [ proof tracing ] ------------------------------------------------------
c 
c opening file to write '/tmp/64_1197_0_four.drat'
c writing binary proof trace to '/tmp/64_1197_0_four.drat'
c 
c --- [ parsing input ] ------------------------------------------------------
c 
c reading DIMACS file from '/tmp/64_1197_0_four.cnf'
c opening file to read '/tmp/64_1197_0_four.cnf'
c found 'p cnf 259840 1039934' header
c parsed 1039934 clauses in 0.66 seconds process time
c 
c --- [ options ] ------------------------------------------------------------
c 
c   --stabilize=false              (different from default 'true')
c   --walk=false                   (different from default 'true')
c 
c --- [ solving ] ------------------------------------------------------------
c 
c time measured in process time since initialization
c 
c  seconds   reductions  redundant   irredundant
c          MB    restarts       trail        variables
c           level   conflicts       glue           remaining
c 
c *  0.69 139  0 0   0    0    0  0% 0 1039424 253737 98%
c {  0.71 142  0 0   0    0    0  0% 0 1039424 253737 98%
c -  0.95 147 315 1  13  307  186  5% 5 920274 253737 98%
c I  1.54 147 90 1 124 1009  817  6% 8 920274 253737 98%
c -  2.29 178 69 2 177 1490 1217  7% 8 920274 253737 98%
c B  3.61 178 46 2 239 3010 2554  8% 8 920274 253737 98%
c -  4.19 178 44 3 273 3258 2228  8% 8 920274 253737 98%
c s  5.68 159 38 3 318 4072 2942  8% 8 920274 253737 98%
c w  7.36 182 38 3 318 4072 2935  8% 8 920274 252805 97%
c t  7.44 182 38 3 318 4072 2935  8% 8 919609 252805 97%
c e 10.26 207 38 3 318 4072   26  8% 8 223252 27684 11%
c s 10.51 207 38 3 318 4072   24  8% 8 222998 27684 11%
c e 10.86 207 38 3 318 4072   20  8% 8 222998 27625 11%
c i 11.12 145 36 3 356 4717  573  8% 8 222998 27621 11%
c i 11.12 145 36 3 356 4724  577  7% 8 222998 27586 11%
c 3 11.26 145 37 3 389 5001 3924  8% 8 222998 27586 11%
c 3 11.28 145 37 3 389 5001 4066  8% 8 222998 27586 11%
c d 11.33 145 37 3 389 5001 3955  8% 8 220515 27574 11%
c 2 11.36 145 37 3 389 5001 3930  8% 8 220317 27476 11%
c p 11.44 145 37 3 389 5001 6817  8% 8 220317 27474 11%
c 
c  seconds   reductions  redundant  irredundant
c          MB    restarts       trail       variables
c           level   conflicts       glue         remaining
c 
c - 11.59 145 36 4 433 5615 1454  8% 8 220024 27474 11%
c F 11.62 145 35 4 458 6014 1806  7% 8 220024 27474 11%
c - 11.92 145 32 5 561 7629 2523  8% 8 220024 27474 11%
c i 12.10 145 28 5 626 9354 3979  7% 8 220024 27416 11%
c i 12.10 145 28 5 626 9357 3976  7% 8 220024 27397 11%
c i 12.16 145 28 5 633 9754 4300  8% 8 220024 27168 10%
c } 12.16 145 28 5 633 9766 4306  8% 8 220024 25742 10%
c 0 12.16 145 28 5 633 9766 4306  8% 8 220024 25742 10%
c 
c --- [ result ] -------------------------------------------------------------
c 
s UNSATISFIABLE
c 
c --- [ run-time profiling ] -------------------------------------------------
c 
c process time taken by individual solving procedures
c (percentage relative to process time for solving)
c 
c         5.90   51.34% simplify
c         5.57   48.45% search
c         5.54   48.21% unstable
c         3.07   26.71% elim
c         1.53   13.32% vivify
c         0.96    8.31% subsume
c         0.10    0.83% ternary
c         0.08    0.70% probe
c         0.02    0.21% lucky
c   =================================
c        11.50   94.54% solve
c 
c last line shows process time for solving
c (percentage relative to total process time)
c 
c --- [ statistics ] ---------------------------------------------------------
c 
c backtracked:               24536       251.24 %  of conflicts
c chronological:              3983        16.23 %  of backtracks
c conflicts:                  9766       849.22    per second
c decisions:                 40781      3546.17    per second
c eliminated:               225180        86.66 %  of all variables
c fixed:                      8808         3.39 %  of all variables
c learned:                    9142        93.61 %  per conflict
c minimized:                 93981        27.74 %  learned literals
c propagations:           17401157         1.51 M  per second
c reduced:                    1267        12.97 %  per conflict
c rephased:                      3      3255.33    interval
c restarts:                    633        15.43    interval
c substituted:                 110         0.04 %  of all variables
c subsumed:                   6186         0.20 %  of all clauses
c strengthened:              15713         0.52 %  of all clauses
c ternary:                    3824         0.32 %  of resolved
c vivified:                     85         0.00 %  of all clauses
c weakened:                 796950         2.84    average size
c 
c seconds are measured in process time for solving
c 
c --- [ resources ] ----------------------------------------------------------
c 
c total process time since initialization:        12.16    seconds
c total real time since initialization:           12.17    seconds
c maximum resident set size of process:          211.98    MB
c 
c --- [ shutting down ] ------------------------------------------------------
c 
c exit 20
