c --- [ banner ] -------------------------------------------------------------
c 
c CaDiCaL Radically Simplified CDCL SAT Solver
c Copyright (c) 2016-2019 Armin Biere, JKU Linz
c 
c Version 1.0.3 cb89cbfa16f47cb7bf1ec6ad9855e7b6d5203c18
c g++ (GCC) 6.3.0 -Wall -Wextra -O3 -DNDEBUG
c Fri Aug 23 08:17:16 CDT 2019 Linux login1 4.4.103-6.38-default x86_64
c 
c --- [ config ] -------------------------------------------------------------
c 
c using 'unsat' configuration (target unsatisfiable instances)
c 
c --- [ proof tracing ] ------------------------------------------------------
c 
c opening file to write '/tmp/64_37_0_four.drat'
c writing binary proof trace to '/tmp/64_37_0_four.drat'
c 
c --- [ parsing input ] ------------------------------------------------------
c 
c reading DIMACS file from '/tmp/64_37_0_four.cnf'
c opening file to read '/tmp/64_37_0_four.cnf'
c found 'p cnf 259840 1039934' header
c parsed 1039934 clauses in 0.48 seconds process time
c 
c --- [ options ] ------------------------------------------------------------
c 
c   --stabilize=false              (different from default 'true')
c   --walk=false                   (different from default 'true')
c 
c --- [ solving ] ------------------------------------------------------------
c 
c time measured in process time since initialization
c 
c  seconds   reductions  redundant   irredundant
c          MB    restarts       trail        variables
c           level   conflicts       glue           remaining
c 
c *  0.50 139  0 0   0    0    0  0% 0 1039424 252697 97%
c {  0.52 142  0 0   0    0    0  0% 0 1039424 252697 97%
c -  0.77 148 294 1  15  301  197  6% 5 907552 252697 97%
c I  1.30 148 92 1 143 1004  814  7% 10 907552 252697 97%
c i  1.43 148 79 1 163 1240 1034  7% 10 907552 252111 97%
c -  1.87 178 71 2 173 1480 1199  7% 10 900628 252111 97%
c i  2.43 178 53 2 225 2545 2102  8% 9 900628 252073 97%
c B  2.62 178 47 2 228 3005 2485  9% 9 900628 252073 97%
c -  3.02 185 44 3 228 3239 2076  9% 9 900088 252073 97%
c i  3.44 185 39 3 285 3940 2701  9% 9 900088 251949 97%
c i  3.44 185 39 3 285 3944 2702  9% 9 900088 250030 96%
c i  3.44 185 39 3 285 3946 2703  9% 9 900088 249958 96%
c s  4.09 166 39 3 285 4084 2796  9% 9 900088 249922 96%
c v  5.22 192 39 3 285 4084 2796  9% 9 899960 249922 96%
c w  5.55 192 39 3 285 4084 2741  9% 9 899960 249808 96%
c t  5.61 192 39 3 285 4084 2741  9% 9 899494 249808 96%
c e  8.18 213 39 3 285 4084   37  9% 9 210351 26606 10%
c s  8.40 219 39 3 285 4084   35  9% 9 210183 26606 10%
c e  8.70 158 39 3 285 4084   34  9% 9 210052 26545 10%
c i  8.86 158 38 3 285 4167   88  1% 9 210052 26531 10%
c 
c  seconds   reductions  redundant  irredundant
c          MB    restarts       trail       variables
c           level   conflicts       glue         remaining
c 
c i  8.86 158 38 3 285 4168   88  1% 9 210052 26454 10%
c i  8.86 158 38 3 285 4176   93  1% 9 210052 26451 10%
c i  8.86 158 38 3 285 4177   93  1% 9 210052 26445 10%
c }  8.86 158 38 3 285 4179   93  1% 9 210052 26441 10%
c 0  8.86 158 38 3 285 4179   93  1% 9 210052 26441 10%
c 
c --- [ result ] -------------------------------------------------------------
c 
s UNSATISFIABLE
c 
c --- [ run-time profiling ] -------------------------------------------------
c 
c process time taken by individual solving procedures
c (percentage relative to process time for solving)
c 
c         4.96   59.24% simplify
c         3.40   40.53% search
c         3.38   40.29% unstable
c         2.78   33.22% elim
c         1.33   15.85% vivify
c         0.79    9.45% subsume
c         0.02    0.24% lucky
c   =================================
c         8.38   94.58% solve
c 
c last line shows process time for solving
c (percentage relative to total process time)
c 
c --- [ statistics ] ---------------------------------------------------------
c 
c backtracked:                9708       232.30 %  of conflicts
c chronological:              1720        17.72 %  of backtracks
c conflicts:                  4179       498.69    per second
c decisions:                 21494      2564.92    per second
c eliminated:               223262        85.92 %  of all variables
c fixed:                     10137         3.90 %  of all variables
c learned:                    3808        91.12 %  per conflict
c minimized:                 37879        24.99 %  learned literals
c propagations:           12781918         1.53 M  per second
c reduced:                     651        15.58 %  per conflict
c rephased:                      2      2089.50    interval
c restarts:                    285        14.66    interval
c subsumed:                   5586         0.19 %  of all clauses
c strengthened:              14329         0.48 %  of all clauses
c vivified:                    146         0.00 %  of all clauses
c weakened:                 762440         2.82    average size
c 
c seconds are measured in process time for solving
c 
c --- [ resources ] ----------------------------------------------------------
c 
c total process time since initialization:         8.86    seconds
c total real time since initialization:            8.86    seconds
c maximum resident set size of process:          218.86    MB
c 
c --- [ shutting down ] ------------------------------------------------------
c 
c exit 20
