c --- [ banner ] -------------------------------------------------------------
c 
c CaDiCaL Radically Simplified CDCL SAT Solver
c Copyright (c) 2016-2019 Armin Biere, JKU Linz
c 
c Version 1.0.3 cb89cbfa16f47cb7bf1ec6ad9855e7b6d5203c18
c g++ (GCC) 6.3.0 -Wall -Wextra -O3 -DNDEBUG
c Fri Aug 23 08:17:16 CDT 2019 Linux login1 4.4.103-6.38-default x86_64
c 
c --- [ config ] -------------------------------------------------------------
c 
c using 'unsat' configuration (target unsatisfiable instances)
c 
c --- [ proof tracing ] ------------------------------------------------------
c 
c opening file to write '/tmp/37_198_0_four.drat'
c writing binary proof trace to '/tmp/37_198_0_four.drat'
c 
c --- [ parsing input ] ------------------------------------------------------
c 
c reading DIMACS file from '/tmp/37_198_0_four.cnf'
c opening file to read '/tmp/37_198_0_four.cnf'
c found 'p cnf 259840 1039934' header
c parsed 1039934 clauses in 0.46 seconds process time
c 
c --- [ options ] ------------------------------------------------------------
c 
c   --stabilize=false              (different from default 'true')
c   --walk=false                   (different from default 'true')
c 
c --- [ solving ] ------------------------------------------------------------
c 
c time measured in process time since initialization
c 
c  seconds   reductions  redundant   irredundant
c          MB    restarts       trail        variables
c           level   conflicts       glue           remaining
c 
c *  0.48 139  0 0   0    0    0  0% 0 1039424 252922 97%
c {  0.50 141  0 0   0    0    0  0% 0 1039424 252922 97%
c -  0.69 146 313 1  10  300  180  5% 4 911729 252922 97%
c I  1.19 146 87 1 124 1002  793  7% 8 911729 252922 97%
c -  1.91 176 65 2 180 1479 1203  7% 8 911729 252922 97%
c B  3.03 177 43 2 317 3004 2568  8% 9 911729 252922 97%
c -  3.44 177 41 3 319 3242 2280  9% 9 911729 252922 97%
c s  4.81 158 36 3 372 4080 3000  9% 8 911729 252922 97%
c v  6.11 190 36 3 372 4080 3000  9% 8 911721 252922 97%
c w  6.44 190 36 3 372 4080 2994  9% 8 911721 252814 97%
c t  6.51 190 36 3 372 4080 2994  9% 8 911028 252814 97%
c e  9.23 201 36 3 372 4080   24  9% 8 224130 27737 11%
c s  9.47 201 36 3 372 4080   24  9% 8 223892 27737 11%
c e  9.78 201 36 3 372 4080   23  9% 8 223892 27668 11%
c 3 10.18 201 34 3 404 5005 3524  9% 8 223892 27668 11%
c 3 10.19 201 34 3 404 5005 3608  9% 8 223892 27668 11%
c d 10.24 201 34 3 404 5005 3596  9% 8 223892 27666 11%
c 2 10.26 201 34 3 404 5005 3590  9% 8 223892 27665 11%
c p 10.34 201 34 3 404 5005 5968  9% 8 223892 27665 11%
c - 10.47 145 32 4 404 5595 1424  9% 8 223754 27665 11%
c 
c  seconds   reductions  redundant  irredundant
c          MB    restarts       trail       variables
c           level   conflicts       glue         remaining
c 
c F 10.56 145 31 4 409 6006 1790 10% 8 223754 27665 11%
c i 10.62 145 30 4 423 6574 2269  9% 8 223754 27663 11%
c i 10.71 145 28 4 423 7028 2682 10% 8 223754 27578 11%
c i 10.72 145 28 4 423 7030 2683 10% 8 223754 26437 10%
c i 10.72 145 28 4 423 7105 2735 10% 8 223754 26428 10%
c i 10.73 145 28 4 423 7107 2730 10% 8 223754 26059 10%
c } 10.73 145 28 4 423 7115 2731 10% 8 223754 25345 10%
c 0 10.73 145 28 4 423 7115 2731 10% 8 223754 25345 10%
c 
c --- [ result ] -------------------------------------------------------------
c 
s UNSATISFIABLE
c 
c --- [ run-time profiling ] -------------------------------------------------
c 
c process time taken by individual solving procedures
c (percentage relative to process time for solving)
c 
c         5.64   54.93% simplify
c         4.61   44.88% search
c         4.59   44.72% unstable
c         2.96   28.79% elim
c         1.49   14.53% vivify
c         0.87    8.45% subsume
c         0.09    0.90% ternary
c         0.08    0.74% probe
c         0.02    0.16% lucky
c   =================================
c        10.27   95.71% solve
c 
c last line shows process time for solving
c (percentage relative to total process time)
c 
c --- [ statistics ] ---------------------------------------------------------
c 
c backtracked:               20967       294.69 %  of conflicts
c chronological:              2987        14.25 %  of backtracks
c conflicts:                  7115       692.93    per second
c decisions:                 28671      2792.27    per second
c eliminated:               225146        86.65 %  of all variables
c fixed:                      9347         3.60 %  of all variables
c learned:                    6622        93.07 %  per conflict
c minimized:                 76615        28.41 %  learned literals
c propagations:           17552108         1.71 M  per second
c reduced:                     520         7.31 %  per conflict
c rephased:                      3      2371.67    interval
c restarts:                    423        16.82    interval
c substituted:                   2         0.00 %  of all variables
c subsumed:                   5997         0.20 %  of all clauses
c strengthened:              15803         0.52 %  of all clauses
c ternary:                    3212         0.31 %  of resolved
c vivified:                     92         0.00 %  of all clauses
c weakened:                 799110         2.83    average size
c 
c seconds are measured in process time for solving
c 
c --- [ resources ] ----------------------------------------------------------
c 
c total process time since initialization:        10.73    seconds
c total real time since initialization:           10.73    seconds
c maximum resident set size of process:          213.45    MB
c 
c --- [ shutting down ] ------------------------------------------------------
c 
c exit 20
