c --- [ banner ] -------------------------------------------------------------
c 
c CaDiCaL Radically Simplified CDCL SAT Solver
c Copyright (c) 2016-2019 Armin Biere, JKU Linz
c 
c Version 1.0.3 cb89cbfa16f47cb7bf1ec6ad9855e7b6d5203c18
c g++ (GCC) 6.3.0 -Wall -Wextra -O3 -DNDEBUG
c Fri Aug 23 08:17:16 CDT 2019 Linux login1 4.4.103-6.38-default x86_64
c 
c --- [ config ] -------------------------------------------------------------
c 
c using 'unsat' configuration (target unsatisfiable instances)
c 
c --- [ proof tracing ] ------------------------------------------------------
c 
c opening file to write '/tmp/52_489_0_six.drat'
c writing binary proof trace to '/tmp/52_489_0_six.drat'
c 
c --- [ parsing input ] ------------------------------------------------------
c 
c reading DIMACS file from '/tmp/52_489_0_six.cnf'
c opening file to read '/tmp/52_489_0_six.cnf'
c found 'p cnf 50176 399289' header
c parsed 399289 clauses in 0.16 seconds process time
c 
c --- [ options ] ------------------------------------------------------------
c 
c   --stabilize=false              (different from default 'true')
c   --walk=false                   (different from default 'true')
c 
c --- [ solving ] ------------------------------------------------------------
c 
c time measured in process time since initialization
c 
c  seconds  reductions  redundant  irredundant
c         MB    restarts       trail       variables
c          level   conflicts       glue         remaining
c 
c *  0.16 44  0 0   0    0    0  0% 0 363872 48117 96%
c {  0.16 45  0 0   0    0    0  0% 0 363872 48117 96%
c i  0.16 45 64 0   0   40   33  5% 3 363872 48109 96%
c i  0.18 46 100 0  15  186  106  8% 9 363872 48044 96%
c -  0.23 47 104 1  28  300  177 10% 11 345364 48044 96%
c I  0.28 47 88 1  55 1019  683 10% 10 345364 48044 96%
c -  0.41 59 74 2  64 1222  782 11% 10 345364 48044 96%
c -  0.58 59 50 3 103 2606 1358 11% 9 345364 48044 96%
c B  0.61 59 48 3 108 3020 1653 11% 9 345364 48044 96%
c i  0.76 59 43 3 158 4406 2696 11% 9 345364 47977 96%
c -  0.84 59 43 4 158 4452 1722 11% 9 344157 47977 96%
c i  0.86 59 42 4 158 4527 1764 11% 9 344157 47963 96%
c i  0.86 59 42 4 158 4530 1766 11% 9 344157 47844 95%
c i  0.86 59 42 4 158 4531 1766 11% 9 344157 47741 95%
c i  0.86 59 42 4 158 4532 1766 11% 9 344157 47240 94%
c i  0.86 59 42 4 158 4534 1767 11% 9 344157 46905 93%
c }  0.86 59 42 4 158 4537 1768 11% 9 344157 45581 91%
c 0  0.86 59 42 4 158 4537 1768 11% 9 344157 45581 91%
c 
c --- [ result ] -------------------------------------------------------------
c 
s UNSATISFIABLE
c 
c --- [ run-time profiling ] -------------------------------------------------
c 
c process time taken by individual solving procedures
c (percentage relative to process time for solving)
c 
c         0.70  100.00% search
c         0.69   99.43% unstable
c         0.00    0.57% lucky
c         0.00    0.00% simplify
c   =================================
c         0.70   81.31% solve
c 
c last line shows process time for solving
c (percentage relative to total process time)
c 
c --- [ statistics ] ---------------------------------------------------------
c 
c backtracked:                5313       117.10 %  of conflicts
c chronological:              1782        33.54 %  of backtracks
c conflicts:                  4537      6518.68    per second
c decisions:                 20871     29987.07    per second
c fixed:                      4595         9.16 %  of all variables
c learned:                    3667        80.82 %  per conflict
c minimized:                 55255        28.95 %  learned literals
c propagations:            2161405         3.11 M  per second
c reduced:                     882        19.44 %  per conflict
c rephased:                      2      2268.50    interval
c restarts:                    158        28.72    interval
c subsumed:                    432         0.06 %  of all clauses
c 
c seconds are measured in process time for solving
c 
c --- [ resources ] ----------------------------------------------------------
c 
c total process time since initialization:         0.86    seconds
c total real time since initialization:            0.86    seconds
c maximum resident set size of process:           68.47    MB
c 
c --- [ shutting down ] ------------------------------------------------------
c 
c exit 20
