c --- [ banner ] -------------------------------------------------------------
c 
c CaDiCaL Radically Simplified CDCL SAT Solver
c Copyright (c) 2016-2019 Armin Biere, JKU Linz
c 
c Version 1.0.3 cb89cbfa16f47cb7bf1ec6ad9855e7b6d5203c18
c g++ (GCC) 6.3.0 -Wall -Wextra -O3 -DNDEBUG
c Fri Aug 23 08:17:16 CDT 2019 Linux login1 4.4.103-6.38-default x86_64
c 
c --- [ config ] -------------------------------------------------------------
c 
c using 'unsat' configuration (target unsatisfiable instances)
c 
c --- [ proof tracing ] ------------------------------------------------------
c 
c opening file to write '/tmp/52_892_0_six.drat'
c writing binary proof trace to '/tmp/52_892_0_six.drat'
c 
c --- [ parsing input ] ------------------------------------------------------
c 
c reading DIMACS file from '/tmp/52_892_0_six.cnf'
c opening file to read '/tmp/52_892_0_six.cnf'
c found 'p cnf 50176 399289' header
c parsed 399289 clauses in 0.20 seconds process time
c 
c --- [ options ] ------------------------------------------------------------
c 
c   --stabilize=false              (different from default 'true')
c   --walk=false                   (different from default 'true')
c 
c --- [ solving ] ------------------------------------------------------------
c 
c time measured in process time since initialization
c 
c  seconds  reductions  redundant  irredundant
c         MB    restarts       trail       variables
c          level   conflicts       glue         remaining
c 
c *  0.20 44  0 0   0    0    0  0% 0 363863 48025 96%
c {  0.20 45  0 0   0    0    0  0% 0 363863 48025 96%
c -  0.26 46 63 1  30  314  214  8% 11 344669 48025 96%
c i  0.28 47 64 1  37  544  360  9% 11 344669 47981 96%
c I  0.32 48 56 1  61 1003  654 10% 10 344669 47981 96%
c -  0.45 59 64 2  66 1239  731 11% 10 343615 47981 96%
c i  0.51 59 63 2  96 1890 1175 11% 10 343615 47965 96%
c i  0.52 59 62 2 101 2016 1264 11% 9 343615 46920 94%
c }  0.53 59 60 2 108 2101 1313 11% 10 343615 46878 93%
c 0  0.53 59 60 2 108 2101 1313 11% 10 343615 46878 93%
c 
c --- [ result ] -------------------------------------------------------------
c 
s UNSATISFIABLE
c 
c --- [ run-time profiling ] -------------------------------------------------
c 
c process time taken by individual solving procedures
c (percentage relative to process time for solving)
c 
c         0.33  100.00% search
c         0.32   98.78% unstable
c         0.00    1.22% lucky
c         0.00    0.00% simplify
c   =================================
c         0.33   62.12% solve
c 
c last line shows process time for solving
c (percentage relative to total process time)
c 
c --- [ statistics ] ---------------------------------------------------------
c 
c backtracked:                2468       117.47 %  of conflicts
c chronological:               836        33.87 %  of backtracks
c conflicts:                  2101      6405.49    per second
c decisions:                 12961     39515.24    per second
c fixed:                      3298         6.57 %  of all variables
c learned:                    1570        74.73 %  per conflict
c minimized:                 12305        17.98 %  learned literals
c propagations:             828480         2.53 M  per second
c reduced:                      84         4.00 %  per conflict
c rephased:                      1      2101.00    interval
c restarts:                    108        19.45    interval
c subsumed:                    169         0.02 %  of all clauses
c 
c seconds are measured in process time for solving
c 
c --- [ resources ] ----------------------------------------------------------
c 
c total process time since initialization:         0.53    seconds
c total real time since initialization:            0.53    seconds
c maximum resident set size of process:           59.49    MB
c 
c --- [ shutting down ] ------------------------------------------------------
c 
c exit 20
