c --- [ banner ] -------------------------------------------------------------
c 
c CaDiCaL Radically Simplified CDCL SAT Solver
c Copyright (c) 2016-2019 Armin Biere, JKU Linz
c 
c Version 1.0.3 cb89cbfa16f47cb7bf1ec6ad9855e7b6d5203c18
c g++ (GCC) 6.3.0 -Wall -Wextra -O3 -DNDEBUG
c Fri Aug 23 08:17:16 CDT 2019 Linux login1 4.4.103-6.38-default x86_64
c 
c --- [ config ] -------------------------------------------------------------
c 
c using 'unsat' configuration (target unsatisfiable instances)
c 
c --- [ proof tracing ] ------------------------------------------------------
c 
c opening file to write '/tmp/42_369_0_three.drat'
c writing binary proof trace to '/tmp/42_369_0_three.drat'
c 
c --- [ parsing input ] ------------------------------------------------------
c 
c reading DIMACS file from '/tmp/42_369_0_three.cnf'
c opening file to read '/tmp/42_369_0_three.cnf'
c found 'p cnf 202048 780980' header
c parsed 780980 clauses in 0.49 seconds process time
c 
c --- [ options ] ------------------------------------------------------------
c 
c   --stabilize=false              (different from default 'true')
c   --walk=false                   (different from default 'true')
c 
c --- [ solving ] ------------------------------------------------------------
c 
c time measured in process time since initialization
c 
c  seconds  reductions  redundant  irredundant
c         MB    restarts       trail       variables
c          level   conflicts       glue          remaining
c 
c *  0.50 97  0 0   0    0    0  0% 0 780480 197177 98%
c {  0.53 99  0 0   0    0    0  0% 0 780480 197177 98%
c -  0.73 104 198 1  14  300  187  6% 5 688126 197177 98%
c i  1.05 110 74 1 115  888  723  7% 8 688126 197087 98%
c I  1.11 110 66 1 136 1006  834  7% 8 688126 197087 98%
c i  1.29 110 60 1 139 1274 1086  7% 8 688126 196896 97%
c -  1.62 127 57 2 148 1402 1171  7% 8 683423 196896 97%
c i  2.05 127 46 2 176 1987 1701  9% 8 683423 196854 97%
c i  2.07 127 44 2 176 2051 1760  9% 8 683423 196503 97%
c }  2.07 127 44 2 176 2053 1760  9% 8 683423 190613 94%
c 0  2.07 127 44 2 176 2053 1760  9% 8 683423 190613 94%
c 
c --- [ result ] -------------------------------------------------------------
c 
s UNSATISFIABLE
c 
c --- [ run-time profiling ] -------------------------------------------------
c 
c process time taken by individual solving procedures
c (percentage relative to process time for solving)
c 
c         1.56   98.99% search
c         1.54   97.47% unstable
c         0.02    1.52% lucky
c         0.00    0.00% simplify
c   =================================
c         1.58   76.40% solve
c 
c last line shows process time for solving
c (percentage relative to total process time)
c 
c --- [ statistics ] ---------------------------------------------------------
c 
c backtracked:                2626       127.91 %  of conflicts
c chronological:               949        36.14 %  of backtracks
c conflicts:                  2053      1299.37    per second
c decisions:                 11075      7009.49    per second
c fixed:                     11435         5.66 %  of all variables
c learned:                    1945        94.74 %  per conflict
c minimized:                 11591        22.47 %  learned literals
c propagations:            4006431         2.54 M  per second
c reduced:                      26         1.27 %  per conflict
c rephased:                      1      2053.00    interval
c restarts:                    176        11.66    interval
c subsumed:                    150         0.01 %  of all clauses
c 
c seconds are measured in process time for solving
c 
c --- [ resources ] ----------------------------------------------------------
c 
c total process time since initialization:         2.07    seconds
c total real time since initialization:            2.07    seconds
c maximum resident set size of process:          127.44    MB
c 
c --- [ shutting down ] ------------------------------------------------------
c 
c exit 20
