c --- [ banner ] -------------------------------------------------------------
c 
c CaDiCaL Radically Simplified CDCL SAT Solver
c Copyright (c) 2016-2019 Armin Biere, JKU Linz
c 
c Version 1.0.3 cb89cbfa16f47cb7bf1ec6ad9855e7b6d5203c18
c g++ (GCC) 6.3.0 -Wall -Wextra -O3 -DNDEBUG
c Fri Aug 23 08:17:16 CDT 2019 Linux login1 4.4.103-6.38-default x86_64
c 
c --- [ config ] -------------------------------------------------------------
c 
c using 'unsat' configuration (target unsatisfiable instances)
c 
c --- [ proof tracing ] ------------------------------------------------------
c 
c opening file to write '/tmp/42_526_0_three.drat'
c writing binary proof trace to '/tmp/42_526_0_three.drat'
c 
c --- [ parsing input ] ------------------------------------------------------
c 
c reading DIMACS file from '/tmp/42_526_0_three.cnf'
c opening file to read '/tmp/42_526_0_three.cnf'
c found 'p cnf 202048 780980' header
c parsed 780980 clauses in 0.32 seconds process time
c 
c --- [ options ] ------------------------------------------------------------
c 
c   --stabilize=false              (different from default 'true')
c   --walk=false                   (different from default 'true')
c 
c --- [ solving ] ------------------------------------------------------------
c 
c time measured in process time since initialization
c 
c  seconds  reductions  redundant  irredundant
c         MB    restarts       trail       variables
c          level   conflicts       glue          remaining
c 
c *  0.34 97  0 0   0    0    0  0% 0 780480 197279 98%
c {  0.35 99  0 0   0    0    0  0% 0 780480 197279 98%
c -  0.53 104 187 1  13  300  186  6% 4 689697 197279 98%
c i  0.80 109 115 1  72  525  388  7% 7 689697 197155 98%
c I  1.36 110 81 1 174 1003  830  9% 8 689697 197155 98%
c -  1.85 129 69 2 225 1405 1185  9% 8 687593 197155 98%
c B  2.90 129 52 2 421 3011 2647  9% 9 687593 197155 98%
c -  3.10 129 51 3 425 3058 2060  8% 9 687593 197155 98%
c s  4.11 120 48 3 463 3970 2882  9% 9 687593 197155 98%
c v  5.16 137 48 3 463 3970 2882  9% 9 687589 197155 98%
c w  5.44 137 48 3 463 3970 2875  9% 9 687589 197155 98%
c t  5.49 137 48 3 463 3970 2875  9% 9 686961 197155 98%
c e  7.25 146 48 3 463 3970   20  9% 9 168844 25749 13%
c s  7.41 151 48 3 463 3970   20  9% 9 168744 25749 13%
c e  7.60 151 48 3 463 3970   18  9% 9 168723 25722 13%
c d  7.82 151 45 3 601 5000  954  4% 9 168715 25719 13%
c 3  7.87 151 45 3 601 5000 2898  4% 9 168715 25719 13%
c 3  7.88 151 45 3 601 5000 3120  4% 9 168715 25719 13%
c d  7.92 151 45 3 601 5000 3030  4% 9 168715 25706 13%
c 2  7.94 151 45 3 601 5000 3004  4% 9 168713 25706 13%
c 
c  seconds   reductions  redundant  irredundant
c          MB    restarts       trail       variables
c           level   conflicts       glue         remaining
c 
c p  8.02 151 45 3 601 5000 3949  4% 9 168713 25705 13%
c -  8.08 151 45 4 612 5262 1277  5% 9 168463 25705 13%
c F  8.14 151 41 4 633 6015 1933  5% 9 168463 25705 13%
c i  8.26 151 39 4 658 6999 2829  6% 8 168463 25698 13%
c i  8.26 151 39 4 658 7000 2829  6% 8 168463 25695 13%
c -  8.30 151 38 5 659 7101 2178  6% 8 167908 25695 13%
c i  8.41 151 35 5 681 7890 2850  6% 8 167908 25677 13%
c i  8.64 151 32 5 703 9264 4058  8% 8 167908 25665 13%
c i  8.64 151 32 5 703 9265 4058  8% 8 167908 25603 13%
c i  8.64 151 32 5 703 9277 4068  8% 8 167908 25241 12%
c }  8.64 151 32 5 703 9280 4069  8% 8 167908 24876 12%
c 0  8.64 151 32 5 703 9280 4069  8% 8 167908 24876 12%
c 
c --- [ result ] -------------------------------------------------------------
c 
s UNSATISFIABLE
c 
c --- [ run-time profiling ] -------------------------------------------------
c 
c process time taken by individual solving procedures
c (percentage relative to process time for solving)
c 
c         4.29   51.56% search
c         4.27   51.32% unstable
c         4.02   48.25% simplify
c         1.89   22.68% elim
c         1.23   14.80% vivify
c         0.61    7.35% subsume
c         0.08    0.96% probe
c         0.07    0.82% ternary
c         0.02    0.19% lucky
c   =================================
c         8.32   96.30% solve
c 
c last line shows process time for solving
c (percentage relative to total process time)
c 
c --- [ statistics ] ---------------------------------------------------------
c 
c backtracked:               28625       308.46 %  of conflicts
c chronological:              4042        14.12 %  of backtracks
c conflicts:                  9280      1114.85    per second
c decisions:                 49311      5923.95    per second
c eliminated:               171433        84.85 %  of all variables
c fixed:                      5723         2.83 %  of all variables
c learned:                    8837        95.23 %  per conflict
c minimized:                 65412        25.60 %  learned literals
c propagations:           15878494         1.91 M  per second
c reduced:                    1365        14.71 %  per conflict
c rephased:                      3      3093.33    interval
c restarts:                    703        13.20    interval
c substituted:                  16         0.01 %  of all variables
c subsumed:                   4033         0.18 %  of all clauses
c strengthened:               9648         0.42 %  of all clauses
c ternary:                    2522         0.29 %  of resolved
c vivified:                    159         0.01 %  of all clauses
c weakened:                 605621         2.84    average size
c 
c seconds are measured in process time for solving
c 
c --- [ resources ] ----------------------------------------------------------
c 
c total process time since initialization:         8.64    seconds
c total real time since initialization:            8.64    seconds
c maximum resident set size of process:          156.60    MB
c 
c --- [ shutting down ] ------------------------------------------------------
c 
c exit 20
