c --- [ banner ] -------------------------------------------------------------
c 
c CaDiCaL Radically Simplified CDCL SAT Solver
c Copyright (c) 2016-2019 Armin Biere, JKU Linz
c 
c Version 1.0.3 cb89cbfa16f47cb7bf1ec6ad9855e7b6d5203c18
c g++ (GCC) 6.3.0 -Wall -Wextra -O3 -DNDEBUG
c Fri Aug 23 08:17:16 CDT 2019 Linux login1 4.4.103-6.38-default x86_64
c 
c --- [ config ] -------------------------------------------------------------
c 
c using 'unsat' configuration (target unsatisfiable instances)
c 
c --- [ proof tracing ] ------------------------------------------------------
c 
c opening file to write '/tmp/42_76_0_three.drat'
c writing binary proof trace to '/tmp/42_76_0_three.drat'
c 
c --- [ parsing input ] ------------------------------------------------------
c 
c reading DIMACS file from '/tmp/42_76_0_three.cnf'
c opening file to read '/tmp/42_76_0_three.cnf'
c found 'p cnf 202048 780980' header
c parsed 780980 clauses in 0.33 seconds process time
c 
c --- [ options ] ------------------------------------------------------------
c 
c   --stabilize=false              (different from default 'true')
c   --walk=false                   (different from default 'true')
c 
c --- [ solving ] ------------------------------------------------------------
c 
c time measured in process time since initialization
c 
c  seconds  reductions  redundant  irredundant
c         MB    restarts       trail       variables
c          level   conflicts       glue          remaining
c 
c *  0.35 97  0 0   0    0    0  0% 0 780480 197731 98%
c {  0.36 99  0 0   0    0    0  0% 0 780480 197731 98%
c -  0.48 101 273 1   0  301  157  6% 3 696011 197731 98%
c i  0.53 106 210 1   6  426  234  7% 4 696011 197458 98%
c I  1.11 106 96 1 158 1002  779  7% 8 696011 197458 98%
c i  1.29 106 89 1 201 1171  942  7% 8 696011 196880 97%
c -  1.73 125 83 2 236 1406 1161  8% 9 682889 196880 97%
c B  2.86 125 55 2 388 3007 2623  9% 9 682889 196880 97%
c -  3.04 125 55 3 388 3058 2096  9% 9 682889 196880 97%
c s  4.54 116 50 3 462 3962 2932 10% 9 682889 196880 97%
c v  5.55 135 50 3 462 3962 2932 10% 9 682873 196880 97%
c w  5.83 135 50 3 462 3962 2930 10% 9 682873 196880 97%
c t  5.89 135 50 3 462 3962 2930 10% 9 682385 196880 97%
c e  7.60 136 50 3 462 3962   24 10% 9 167329 25649 13%
c s  7.77 140 50 3 462 3962   24 10% 9 167216 25649 13%
c e  7.98 140 50 3 462 3962   24 10% 9 167194 25599 13%
c 3  8.26 141 47 3 494 5000 2970  7% 9 167194 25599 13%
c 3  8.27 141 47 3 494 5000 3096  7% 9 167194 25599 13%
c d  8.31 141 47 3 494 5000 3016  7% 9 167194 25587 13%
c 2  8.33 141 47 3 494 5000 2991  7% 9 167194 25587 13%
c 
c  seconds   reductions  redundant  irredundant
c          MB    restarts       trail       variables
c           level   conflicts       glue         remaining
c 
c p  8.41 141 47 3 494 5000 3242  7% 9 167194 25584 13%
c d  8.43 141 47 3 494 5000 3234  7% 9 166744 25580 13%
c d  8.45 141 47 3 494 5000 3234  7% 9 166728 25572 13%
c -  8.52 141 48 4 531 5259 1246  7% 9 166728 25572 13%
c F  8.58 141 46 4 599 6008 1911  6% 9 166728 25572 13%
c -  8.73 141 45 5 711 7092 2141  6% 9 166728 25572 13%
c -  8.89 141 38 6 791 9292 2827  5% 9 166728 25572 13%
c B  8.96 141 38 6 832 10010 3470  5% 9 166728 25572 13%
c -  9.18 141 37 7 963 11859 3540  6% 9 166728 25572 13%
c i  9.30 141 36 7 1024 12988 4570  6% 9 166728 25569 13%
c -  9.57 141 35 8 1153 14791 4312  6% 9 166240 25569 13%
c s  9.63 141 35 8 1153 14795 4220  6% 9 166126 25569 13%
c v  9.82 141 35 8 1153 14795 4220  6% 9 158564 25569 13%
c w  9.90 141 35 8 1153 14795 4199  6% 9 158564 25569 13%
c t  9.91 141 35 8 1153 14795 4191  6% 9 148869 25569 13%
c e 10.05 142 35 8 1153 14795 3019  6% 9 143446 20886 10%
c s 10.10 142 35 8 1153 14795 2974  6% 9 142816 20886 10%
c e 10.16 142 35 8 1153 14795 2948  6% 9 142777 20879 10%
c 3 10.30 142 35 8 1163 15000 5592  5% 9 142777 20879 10%
c 3 10.31 142 35 8 1163 15000 6043  5% 9 142777 20879 10%
c 
c  seconds   reductions    redundant  irredundant
c          MB    restarts         trail       variables
c           level     conflicts       glue         remaining
c 
c d 10.35 142 35 8 1163 15000 5398  5% 9 142777 20775 10%
c 2 10.36 142 35 8 1163 15000 5265  5% 9 142770 20775 10%
c p 10.38 142 35 8 1163 15000 5444  5% 9 142770 20775 10%
c # 10.40 142 35 8 1163 15012 5456  5% 9 142770 20775 10%
c - 10.68 142 33 9 1278 18086 5035  7% 9 142770 20775 10%
c B 10.94 142 31 9 1382 21014 7642  6% 9 142770 20775 10%
c - 11.02 142 31 10 1408 21551 5315  6% 9 142770 20775 10%
c - 11.54 142 29 11 1545 25361 6111  7% 9 142770 20775 10%
c O 11.91 142 27 11 1753 28016 8462  7% 9 142770 20775 10%
c - 12.23 142 26 12 1810 29518 6864  7% 9 142770 20775 10%
c d 12.31 142 26 12 1827 30000 7092  7% 9 142767 20774 10%
c 3 12.35 142 26 12 1827 30000 9455  7% 9 142767 20774 10%
c 3 12.36 142 26 12 1827 30000 10205  7% 9 142767 20774 10%
c d 12.40 142 26 12 1827 30000 9410  7% 9 142767 20648 10%
c 2 12.42 142 26 12 1827 30000 9329  7% 9 142767 20648 10%
c p 12.44 142 26 12 1827 30000 10185  7% 9 142767 20648 10%
c i 12.73 142 25 12 1838 31376 11343  7% 8 142767 20638 10%
c s 12.80 142 25 12 1838 31437 10254  7% 8 141752 20638 10%
c v 13.06 142 25 12 1838 31437 10254  7% 8 122408 20638 10%
c w 13.19 142 25 12 1838 31437 9772  7% 8 122408 20638 10%
c 
c  seconds   reductions     redundant  irredundant
c          MB     restarts         trail       variables
c           level      conflicts       glue         remaining
c 
c t 13.20 142 25 12 1838 31437 9761  7% 8 122088 20638 10%
c e 13.31 142 25 12 1838 31437 8767  7% 8 120748 20364 10%
c s 13.35 142 25 12 1838 31437 8633  7% 8 120706 20364 10%
c e 13.40 142 25 12 1838 31437 8596  7% 8 120695 20356 10%
c i 13.49 142 25 12 1854 31955 9019  7% 8 120695 20353 10%
c i 13.52 142 24 12 1854 32105 9129  7% 8 120695 20352 10%
c i 13.53 142 24 12 1854 32171 9176  7% 8 120695 20332 10%
c } 13.54 142 24 12 1854 32201 9196  7% 8 120695 20014 10%
c 0 13.54 142 24 12 1854 32201 9196  7% 8 120695 20014 10%
c 
c --- [ result ] -------------------------------------------------------------
c 
s UNSATISFIABLE
c 
c --- [ run-time profiling ] -------------------------------------------------
c 
c process time taken by individual solving procedures
c (percentage relative to process time for solving)
c 
c         7.70   58.29% search
c         7.68   58.16% unstable
c         5.49   41.59% simplify
c         2.22   16.81% elim
c         1.79   13.57% vivify
c         0.85    6.45% subsume
c         0.20    1.48% ternary
c         0.13    1.00% probe
c         0.02    0.12% lucky
c   =================================
c        13.20   97.55% solve
c 
c last line shows process time for solving
c (percentage relative to total process time)
c 
c --- [ statistics ] ---------------------------------------------------------
c 
c backtracked:              151866       471.62 %  of conflicts
c chronological:             12546         8.26 %  of backtracks
c conflicts:                 32201      2438.73    per second
c decisions:                128959      9766.66    per second
c eliminated:               176253        87.23 %  of all variables
c fixed:                      5526         2.73 %  of all variables
c learned:                   30924        96.03 %  per conflict
c minimized:                279751        30.30 %  learned literals
c propagations:           26296528         1.99 M  per second
c reduced:                   15444        47.96 %  per conflict
c rephased:                      7      4600.14    interval
c restarts:                   1854        17.37    interval
c substituted:                 255         0.13 %  of all variables
c subsumed:                  36677         1.54 %  of all clauses
c strengthened:              16471         0.69 %  of all clauses
c ternary:                   10950         0.34 %  of resolved
c vivified:                  28212         1.18 %  of all clauses
c weakened:                 625786         2.89    average size
c 
c seconds are measured in process time for solving
c 
c --- [ resources ] ----------------------------------------------------------
c 
c total process time since initialization:        13.54    seconds
c total real time since initialization:           13.54    seconds
c maximum resident set size of process:          151.05    MB
c 
c --- [ shutting down ] ------------------------------------------------------
c 
c exit 20
