c --- [ banner ] -------------------------------------------------------------
c 
c CaDiCaL Radically Simplified CDCL SAT Solver
c Copyright (c) 2016-2019 Armin Biere, JKU Linz
c 
c Version 1.0.3 cb89cbfa16f47cb7bf1ec6ad9855e7b6d5203c18
c g++ (GCC) 6.3.0 -Wall -Wextra -O3 -DNDEBUG
c Fri Aug 23 08:17:16 CDT 2019 Linux login1 4.4.103-6.38-default x86_64
c 
c --- [ config ] -------------------------------------------------------------
c 
c using 'unsat' configuration (target unsatisfiable instances)
c 
c --- [ proof tracing ] ------------------------------------------------------
c 
c opening file to write '/tmp/42_702_0_three.drat'
c writing binary proof trace to '/tmp/42_702_0_three.drat'
c 
c --- [ parsing input ] ------------------------------------------------------
c 
c reading DIMACS file from '/tmp/42_702_0_three.cnf'
c opening file to read '/tmp/42_702_0_three.cnf'
c found 'p cnf 202048 780980' header
c parsed 780980 clauses in 0.33 seconds process time
c 
c --- [ options ] ------------------------------------------------------------
c 
c   --stabilize=false              (different from default 'true')
c   --walk=false                   (different from default 'true')
c 
c --- [ solving ] ------------------------------------------------------------
c 
c time measured in process time since initialization
c 
c  seconds  reductions  redundant  irredundant
c         MB    restarts       trail       variables
c          level   conflicts       glue          remaining
c 
c *  0.35 97  0 0   0    0    0  0% 0 780480 197376 98%
c {  0.36 99  0 0   0    0    0  0% 0 780480 197376 98%
c -  0.60 105 109 1  31  301  218  5% 6 691270 197376 98%
c i  0.85 110 59 1  89  719  601  7% 8 691270 197286 98%
c i  0.85 111 59 1  89  723  604  7% 8 691270 197285 98%
c i  0.86 111 59 1  89  727  606  7% 8 691270 197094 98%
c i  0.86 111 59 1  89  732  608  7% 8 691270 196617 97%
c I  0.94 111 51 1  89 1003  839  7% 7 691270 196523 97%
c -  1.39 128 41 2  92 1405 1097  7% 7 678667 196523 97%
c i  1.50 128 33 2 107 1758 1409  7% 7 678667 196481 97%
c i  1.53 128 30 2 107 1883 1505  7% 7 678667 196435 97%
c i  2.09 128 31 2 300 2945 2491  7% 8 678667 196399 97%
c B  2.13 128 31 2 302 3007 2548  7% 8 678667 196399 97%
c -  2.32 128 31 3 302 3054 2000  7% 8 677061 196399 97%
c i  2.34 128 30 3 302 3119 2058  7% 7 677061 196394 97%
c i  2.37 128 29 3 302 3260 2169  7% 7 677061 196230 97%
c i  2.38 128 29 3 302 3268 2173  7% 7 677061 196135 97%
c i  2.38 128 29 3 302 3297 2194  7% 7 677061 191327 95%
c i  2.39 128 29 3 302 3321 2215  7% 7 677061 191066 95%
c i  2.39 128 29 3 302 3322 2215  7% 7 677061 190210 94%
c 
c  seconds   reductions  redundant  irredundant
c          MB    restarts       trail       variables
c           level   conflicts       glue          remaining
c 
c }  2.39 128 29 3 302 3324 2215  7% 7 677061 186183 92%
c 0  2.39 128 29 3 302 3324 2215  7% 7 677061 186183 92%
c 
c --- [ result ] -------------------------------------------------------------
c 
s UNSATISFIABLE
c 
c --- [ run-time profiling ] -------------------------------------------------
c 
c process time taken by individual solving procedures
c (percentage relative to process time for solving)
c 
c         2.04   99.22% search
c         2.03   98.45% unstable
c         0.02    0.78% lucky
c         0.00    0.00% simplify
c   =================================
c         2.06   86.12% solve
c 
c last line shows process time for solving
c (percentage relative to total process time)
c 
c --- [ statistics ] ---------------------------------------------------------
c 
c backtracked:                4113       123.74 %  of conflicts
c chronological:              1317        32.02 %  of backtracks
c conflicts:                  3324      1613.59    per second
c decisions:                 16611      8063.59    per second
c fixed:                     15865         7.85 %  of all variables
c learned:                    3134        94.28 %  per conflict
c minimized:                 24791        28.76 %  learned literals
c propagations:            7254728         3.52 M  per second
c reduced:                     536        16.13 %  per conflict
c rephased:                      2      1662.00    interval
c restarts:                    302        11.01    interval
c subsumed:                    243         0.02 %  of all clauses
c 
c seconds are measured in process time for solving
c 
c --- [ resources ] ----------------------------------------------------------
c 
c total process time since initialization:         2.39    seconds
c total real time since initialization:            2.39    seconds
c maximum resident set size of process:          145.55    MB
c 
c --- [ shutting down ] ------------------------------------------------------
c 
c exit 20
