c --- [ banner ] -------------------------------------------------------------
c 
c CaDiCaL Radically Simplified CDCL SAT Solver
c Copyright (c) 2016-2019 Armin Biere, JKU Linz
c 
c Version 1.0.3 cb89cbfa16f47cb7bf1ec6ad9855e7b6d5203c18
c g++ (GCC) 6.3.0 -Wall -Wextra -O3 -DNDEBUG
c Fri Aug 23 08:17:16 CDT 2019 Linux login1 4.4.103-6.38-default x86_64
c 
c --- [ config ] -------------------------------------------------------------
c 
c using 'unsat' configuration (target unsatisfiable instances)
c 
c --- [ proof tracing ] ------------------------------------------------------
c 
c opening file to write '/tmp/14_1103_0_four.drat'
c writing binary proof trace to '/tmp/14_1103_0_four.drat'
c 
c --- [ parsing input ] ------------------------------------------------------
c 
c reading DIMACS file from '/tmp/14_1103_0_four.cnf'
c opening file to read '/tmp/14_1103_0_four.cnf'
c found 'p cnf 43008 265775' header
c parsed 265775 clauses in 0.14 seconds process time
c 
c --- [ options ] ------------------------------------------------------------
c 
c   --stabilize=false              (different from default 'true')
c   --walk=false                   (different from default 'true')
c 
c --- [ solving ] ------------------------------------------------------------
c 
c time measured in process time since initialization
c 
c  seconds  reductions  redundant  irredundant
c         MB    restarts       trail       variables
c          level   conflicts       glue         remaining
c 
c *  0.14 31  0 0   0    0    0  0% 0 244515 41773 97%
c {  0.15 32  0 0   0    0    0  0% 0 244515 41773 97%
c -  0.21 34 90 1   9  308  248 11% 11 238263 41773 97%
c I  0.31 35 86 1  40 1005  810 12% 11 238263 41773 97%
c -  0.39 43 81 2  40 1136  755 12% 10 238263 41773 97%
c -  0.56 43 67 3  82 2375 1338 11% 10 238263 41773 97%
c B  0.62 43 64 3  92 3010 1883 11% 9 238263 41773 97%
c -  0.76 43 61 4 166 4027 1958 10% 9 238263 41773 97%
c d  0.98 44 56 4 285 5005 2809  9% 10 235055 40169 93%
c 2  1.13 45 56 4 285 5005 2809  9% 10 232649 40169 93%
c p  1.28 47 56 4 285 5005 5633  9% 10 232649 40151 93%
c s  1.45 41 56 4 296 5102 5718  9% 10 232649 40151 93%
c v  1.72 49 56 4 296 5102 5718  9% 10 228294 40151 93%
c w  1.81 49 56 4 296 5102 5712  9% 10 228294 40151 93%
c t  1.84 49 56 4 296 5102 5710  9% 10 212154 40151 93%
c e  2.35 49 56 4 296 5102 2202  9% 10 196511 25303 59%
c s  2.43 54 56 4 296 5102 2199  9% 10 196511 25303 59%
c F  2.61 55 54 4 354 6016 2970  6% 10 196511 25303 59%
c -  2.65 55 54 5 355 6097 1229  7% 10 196511 25303 59%
c -  2.92 55 60 6 694 8431 2577  6% 10 196511 25303 59%
c 
c  seconds  reductions   redundant   irredundant
c         MB    restarts        trail        variables
c          level    conflicts       glue          remaining
c 
c B  3.06 56 60 6 841 10018 3943  6% 10 196511 25303 59%
c -  3.18 56 59 7 865 11148 3295  6% 10 196511 25303 59%
c -  3.46 56 55 8 1022 14252 3993  6% 10 196511 25303 59%
c 3  3.61 56 53 8 1051 15005 16496  6% 10 196511 25303 59%
c p  3.70 56 53 8 1051 15005 17826  6% 10 196511 25303 59%
c #  3.73 56 53 8 1052 15020 17840  6% 10 196511 25303 59%
c s  4.02 57 51 8 1137 16932 13538  6% 10 195848 25303 59%
c v  4.25 57 51 8 1137 16932 13538  6% 10 180759 25303 59%
c w  4.34 57 51 8 1137 16932 12376  6% 10 180759 25303 59%
c t  4.35 57 51 8 1137 16932 12375  6% 10 180670 25303 59%
c e  4.48 57 51 8 1137 16932 11971  6% 10 180576 25265 59%
c s  4.54 57 51 8 1137 16932 11855  6% 10 180503 25265 59%
c e  4.60 57 51 8 1137 16932 11634  6% 10 180488 25242 59%
c -  4.74 57 50 9 1146 17744 6719  6% 10 180488 25242 59%
c B  5.06 57 49 9 1370 21022 9577  6% 10 180488 25242 59%
c -  5.16 57 49 10 1428 21515 5869  6% 10 180488 25242 59%
c -  5.56 57 48 11 1648 25675 6343  6% 10 180488 25242 59%
c O  5.82 57 48 11 1776 28023 8368  7% 10 180488 25242 59%
c 3  6.10 57 47 11 1917 30007 21157  7% 10 180488 25242 59%
c 2  6.18 57 47 11 1917 30007 21198  7% 10 180488 25242 59%
c 
c  seconds  reductions      redundant   irredundant
c         MB     restarts          trail        variables
c          level      conflicts        glue          remaining
c 
c p  6.21 57 47 11 1917 30007 22479  7% 10 180488 25242 59%
c -  6.30 57 47 12 1939 30198 7242  7% 10 180488 25242 59%
c s  6.82 57 46 12 2217 33961 10510  7% 10 180463 25242 59%
c v  7.10 58 46 12 2217 33961 10510  7% 10 165696 25242 59%
c w  7.25 58 46 12 2217 33961 10495  7% 10 165696 25242 59%
c t  7.26 58 46 12 2217 33961 10495  7% 10 165690 25242 59%
c e  7.36 58 46 12 2217 33961 10330  7% 10 165672 25206 59%
c s  7.41 58 46 12 2217 33961 10239  7% 10 165654 25206 59%
c e  7.46 58 46 12 2217 33961 10204  7% 10 165654 25198 59%
c -  7.68 58 45 13 2307 35099 8181  7% 10 165654 25198 59%
c B  7.79 58 45 13 2370 36025 9011  7% 10 165654 25198 59%
c -  8.31 58 44 14 2566 40220 8885  7% 10 165654 25198 59%
c I  8.83 58 43 14 2805 45026 13061  7% 10 165654 25198 59%
c -  8.96 58 43 15 2865 45708 9410  7% 10 165654 25198 59%
c 3  9.57 58 43 15 3180 50007 24246  7% 10 165654 25198 59%
c 3  9.58 58 43 15 3180 50007 24941  7% 10 165654 25198 59%
c p  9.68 58 43 15 3180 50007 26287  7% 10 165654 25196 59%
c -  9.96 58 43 16 3265 51560 10807  7% 10 165429 25196 59%
c B 10.37 58 42 16 3410 55027 13886  7% 10 165429 25196 59%
c s 10.54 58 42 16 3445 55696 14392  7% 10 165410 25196 59%
c 
c  seconds  reductions      redundant   irredundant
c         MB     restarts          trail        variables
c          level      conflicts        glue          remaining
c 
c v 10.84 58 42 16 3445 55696 14392  7% 10 146449 25196 59%
c w 10.97 58 42 16 3445 55696 14346  7% 10 146449 25196 59%
c t 10.98 58 42 16 3445 55696 14344  7% 10 146447 25196 59%
c e 11.08 58 42 16 3445 55696 13509  7% 10 146410 25157 58%
c s 11.12 58 42 16 3445 55696 13446  7% 10 146393 25157 58%
c e 11.16 58 42 16 3445 55696 12805  7% 10 146185 25126 58%
c - 11.46 58 42 17 3563 57774 10556  7% 10 146185 25126 58%
c - 12.26 58 42 18 3974 64070 11570  8% 10 146185 25126 58%
c F 12.50 58 42 18 4068 66029 13274  8% 10 146185 25126 58%
c - 13.10 58 41 19 4312 70711 12525  8% 10 146185 25126 58%
c 3 13.72 58 40 19 4636 75007 30307  8% 10 146185 25126 58%
c 2 13.77 58 40 19 4636 75007 30306  8% 10 146185 25126 58%
c p 13.80 58 40 19 4636 75007 31907  8% 10 146185 25126 58%
c - 14.29 62 40 20 4790 77704 14375  8% 10 146185 25126 58%
c B 14.36 62 40 20 4790 78030 14677  8% 10 146185 25126 58%
c s 14.97 62 40 20 4896 81103 17384  8% 10 146172 25126 58%
c v 15.38 62 40 20 4896 81103 17384  8% 10 140348 25126 58%
c w 15.61 62 40 20 4896 81103 17353  8% 10 140348 25126 58%
c t 15.62 62 40 20 4896 81103 17352  8% 10 140343 25126 58%
c e 15.70 62 40 20 4896 81103 17108  8% 10 140309 25083 58%
c 
c  seconds  reductions      redundant   irredundant
c         MB     restarts          trail        variables
c          level      conflicts        glue          remaining
c 
c s 15.74 62 40 20 4896 81103 17022  8% 10 140295 25083 58%
c e 15.78 62 40 20 4896 81103 17012  8% 10 140294 25078 58%
c - 16.27 67 39 21 5043 85043 14969  8% 10 140294 25078 58%
c # 16.95 67 39 21 5365 91035 20322  8% 10 140294 25078 58%
c - 17.18 67 38 22 5439 92613 15821  8% 10 140294 25078 58%
c f 18.11 51 38 23 5784 100529 11960  8% 10 140294 25078 58%
c 3 18.79 51 37 23 5969 105007 27505  8% 10 140294 25078 58%
c p 18.86 51 37 23 5969 105007 29354  8% 10 140294 25078 58%
c B 18.88 51 37 23 5969 105041 29386  8% 10 140294 25078 58%
c - 19.56 51 37 24 6177 108790 14723  8% 10 140294 25078 58%
c s 20.04 51 37 24 6281 110911 16475  8% 10 140287 25078 58%
c v 20.42 51 37 24 6281 110911 16475  8% 10 123967 25078 58%
c w 20.60 51 37 24 6281 110911 16453  8% 10 123967 25078 58%
c e 20.84 51 37 24 6281 110911 14506  8% 10 123442 24282 56%
c s 20.90 51 37 24 6281 110911 14378  8% 10 122907 24282 56%
c e 20.96 51 37 24 6281 110911 14325  8% 10 122904 24266 56%
c - 21.94 51 36 25 6442 117392 15784  8% 9 122904 24266 56%
c O 22.28 51 35 25 6463 120044 18116  8% 9 122904 24266 56%
c - 23.24 51 34 26 6775 125891 16837  8% 9 122904 24266 56%
c - 24.67 56 33 27 7179 134716 17980  8% 9 122904 24266 56%
c 
c  seconds  reductions       redundant  irredundant
c         MB     restarts           trail       variables
c          level      conflicts         glue         remaining
c 
c B 24.92 56 33 27 7230 136046 19133  8% 9 122904 24266 56%
c 3 25.47 56 32 27 7406 140008 31399  8% 9 122904 24266 56%
c p 25.56 56 32 27 7406 140008 36359  8% 9 122904 24262 56%
c i 26.08 56 32 27 7568 143164 39061  8% 9 122904 24246 56%
c s 26.25 56 32 27 7610 143685 38530  8% 9 122754 24245 56%
c v 26.72 56 32 27 7610 143685 38530  8% 9 120515 24245 56%
c w 26.95 56 32 27 7610 143685 37802  8% 9 120515 24245 56%
c t 26.96 56 32 27 7610 143685 37796  8% 9 120514 24245 56%
c e 27.05 56 32 27 7610 143685 32156  8% 9 119640 23568 55%
c s 27.12 56 32 27 7610 143685 31549  8% 9 119587 23568 55%
c e 27.17 56 32 27 7610 143685 31407  8% 9 119337 23543 55%
c - 27.26 56 32 28 7618 143869 15214  8% 9 119337 23543 55%
c I 28.32 56 32 28 7963 153047 23398  8% 9 119337 23543 55%
c - 28.38 56 32 29 7963 153237 17648  8% 9 119337 23543 55%
c - 29.84 56 32 30 8365 162928 19543  9% 9 119337 23543 55%
c B 31.10 56 31 30 8923 171051 26881  9% 9 119337 23543 55%
c - 31.44 56 31 31 9058 172943 21622  9% 9 119337 23543 55%
c d 32.63 56 31 31 9424 180008 27956  9% 9 119336 23542 55%
c 3 32.70 56 31 31 9424 180008 36419  9% 9 119336 23542 55%
c 2 32.74 56 31 31 9424 180008 36403  9% 9 119335 23541 55%
c 
c  seconds  reductions       redundant  irredundant
c         MB     restarts           trail       variables
c          level      conflicts         glue         remaining
c 
c p 32.79 56 31 31 9424 180008 42502  9% 9 119335 23539 55%
c s 33.11 56 31 31 9538 181155 42456  9% 9 119317 23539 55%
c v 33.50 56 31 31 9538 181155 42456  9% 9 118927 23539 55%
c w 33.83 56 31 31 9538 181155 42413  9% 9 118927 23539 55%
c t 33.84 56 31 31 9538 181155 42404  9% 9 118914 23539 55%
c e 33.91 56 31 31 9538 181155 41246  9% 9 118751 23437 54%
c s 33.97 56 31 31 9538 181155 40487  9% 9 118734 23437 54%
c e 34.02 56 31 31 9538 181155 40431  9% 9 118728 23435 54%
c - 34.54 56 31 32 9692 183280 23173  9% 9 118728 23435 54%
c F 35.76 56 30 32 10157 190060 29269  9% 9 118728 23435 54%
c - 36.53 56 30 33 10342 193920 24131  9% 9 118728 23435 54%
c i 37.42 56 29 33 10375 199034 28463  9% 9 118728 23401 54%
c - 38.63 56 29 34 10666 204880 20675  9% 9 116362 23401 54%
c i 39.32 56 29 34 10820 208539 23981  9% 9 116362 23398 54%
c B 39.65 56 29 34 10913 210061 25338  9% 9 116362 23398 54%
c - 41.10 56 28 35 11308 216071 24177  9% 9 116332 23398 54%
c s 42.83 56 27 35 11610 223294 29874  9% 9 116308 23398 54%
c v 43.23 56 27 35 11610 223294 29874  9% 9 116056 23398 54%
c w 43.68 56 27 35 11610 223294 29646  9% 9 116056 23390 54%
c t 43.69 56 27 35 11610 223294 29583  9% 9 115851 23390 54%
c 
c  seconds  reductions        redundant  irredundant
c         MB      restarts           trail       variables
c          level       conflicts         glue         remaining
c 
c e 43.78 56 27 35 11610 223294 23323  9% 9 114436 22567 52%
c s 43.82 56 27 35 11610 223294 23171  9% 9 114388 22567 52%
c e 43.87 56 27 35 11610 223294 23156  9% 9 114379 22562 52%
c 3 44.44 56 27 35 11805 225008 32545 12% 9 114379 22562 52%
c 2 44.48 56 27 35 11805 225008 32538 12% 9 114379 22562 52%
c p 44.54 56 27 35 11805 225008 36916 12% 9 114379 22558 52%
c d 44.56 56 27 35 11805 225008 36881 12% 9 114140 22556 52%
c d 44.58 56 27 35 11805 225008 36818 12% 9 114127 22554 52%
c i 45.03 56 27 35 11814 227108 38558 12% 9 114127 22553 52%
c - 45.18 56 27 36 11831 227580 21502 12% 9 114075 22553 52%
c # 46.03 56 26 36 12078 231062 24511 13% 9 114075 22553 52%
c i 47.23 56 26 36 12208 236181 28709 13% 9 114075 22549 52%
c i 47.50 56 26 36 12218 237141 29390 13% 9 114075 22467 52%
c i 47.64 56 26 36 12218 237683 29837 13% 9 114075 22459 52%
c i 47.76 56 26 36 12218 238074 30101 13% 9 114075 22203 52%
c i 47.82 56 25 36 12218 238319 30259 13% 9 114075 21906 51%
c i 47.82 56 25 36 12218 238320 30259 13% 9 114075 21850 51%
c i 47.82 56 25 36 12218 238340 30271 13% 9 114075 21663 50%
c i 47.82 56 25 36 12218 238341 30271 13% 9 114075 20998 49%
c i 47.82 56 25 36 12218 238343 30272 13% 9 114075 20959 49%
c 
c  seconds  reductions        redundant  irredundant
c         MB      restarts           trail       variables
c          level       conflicts         glue         remaining
c 
c i 47.82 56 25 36 12218 238345 30273 13% 9 114075 20948 49%
c i 47.82 56 25 36 12218 238348 30275 13% 9 114075 20942 49%
c i 47.82 56 25 36 12218 238349 30275 13% 9 114075 20748 48%
c } 47.82 56 25 36 12218 238352 30276 13% 9 114075 20678 48%
c 0 47.82 56 25 36 12218 238352 30276 13% 9 114075 20678 48%
c 
c --- [ result ] -------------------------------------------------------------
c 
s UNSATISFIABLE
c 
c --- [ run-time profiling ] -------------------------------------------------
c 
c process time taken by individual solving procedures
c (percentage relative to process time for solving)
c 
c        37.84   79.36% search
c        37.84   79.35% unstable
c         9.84   20.64% simplify
c         4.77   10.01% vivify
c         1.73    3.62% elim
c         1.28    2.69% subsume
c         0.81    1.69% ternary
c         0.46    0.97% probe
c         0.00    0.01% lucky
c   =================================
c        47.68   99.70% solve
c 
c last line shows process time for solving
c (percentage relative to total process time)
c 
c --- [ statistics ] ---------------------------------------------------------
c 
c backtracked:             1142686       479.41 %  of conflicts
c chronological:             93880         8.22 %  of backtracks
c conflicts:                238352      4998.99    per second
c decisions:                895594     18783.43    per second
c eliminated:                17513        40.72 %  of all variables
c fixed:                      3208         7.46 %  of all variables
c flushed:                   10803         4.53 %  per conflict
c learned:                  223713        93.86 %  per conflict
c minimized:               3416094        37.23 %  learned literals
c propagations:          143569261         3.01 M  per second
c reduced:                  138171        57.97 %  per conflict
c rephased:                     21     11350.10    interval
c restarts:                  12218        19.51    interval
c substituted:                1609         3.74 %  of all variables
c subsumed:                 107416         6.70 %  of all clauses
c strengthened:              34669         2.16 %  of all clauses
c ternary:                  111289         0.84 %  of resolved
c vivified:                  86325         5.38 %  of all clauses
c weakened:                  87615         4.43    average size
c 
c seconds are measured in process time for solving
c 
c --- [ resources ] ----------------------------------------------------------
c 
c total process time since initialization:        47.82    seconds
c total real time since initialization:           47.83    seconds
c maximum resident set size of process:           67.40    MB
c 
c --- [ shutting down ] ------------------------------------------------------
c 
c exit 20
