c --- [ banner ] -------------------------------------------------------------
c 
c CaDiCaL Radically Simplified CDCL SAT Solver
c Copyright (c) 2016-2019 Armin Biere, JKU Linz
c 
c Version 1.0.3 cb89cbfa16f47cb7bf1ec6ad9855e7b6d5203c18
c g++ (GCC) 6.3.0 -Wall -Wextra -O3 -DNDEBUG
c Fri Aug 23 08:17:16 CDT 2019 Linux login1 4.4.103-6.38-default x86_64
c 
c --- [ config ] -------------------------------------------------------------
c 
c using 'unsat' configuration (target unsatisfiable instances)
c 
c --- [ proof tracing ] ------------------------------------------------------
c 
c opening file to write '/tmp/14_963_0_four.drat'
c writing binary proof trace to '/tmp/14_963_0_four.drat'
c 
c --- [ parsing input ] ------------------------------------------------------
c 
c reading DIMACS file from '/tmp/14_963_0_four.cnf'
c opening file to read '/tmp/14_963_0_four.cnf'
c found 'p cnf 43008 265775' header
c parsed 265775 clauses in 0.18 seconds process time
c 
c --- [ options ] ------------------------------------------------------------
c 
c   --stabilize=false              (different from default 'true')
c   --walk=false                   (different from default 'true')
c 
c --- [ solving ] ------------------------------------------------------------
c 
c time measured in process time since initialization
c 
c  seconds  reductions  redundant  irredundant
c         MB    restarts       trail       variables
c          level   conflicts       glue         remaining
c 
c *  0.18 31  0 0   0    0    0  0% 0 244518 41643 97%
c {  0.18 32  0 0   0    0    0  0% 0 244518 41643 97%
c -  0.24 33 53 1  14  300  185  8% 8 234811 41643 97%
c I  0.29 34 65 1  68 1004  695  9% 9 234811 41643 97%
c -  0.37 42 68 2  83 1122  691  9% 9 234811 41643 97%
c -  0.56 42 66 3 177 2356 1317 10% 10 234811 41643 97%
c B  0.63 42 61 3 228 3005 1850  9% 10 234811 41643 97%
c -  0.76 42 63 4 290 4003 1871  9% 10 234811 41643 97%
c d  0.96 43 61 4 319 5002 2689 10% 10 231651 40063 93%
c 2  1.13 44 61 4 319 5002 2689 10% 10 229281 40063 93%
c p  1.26 46 61 4 319 5002 4900 10% 10 229281 40063 93%
c s  1.43 40 61 4 337 5109 4993 10% 10 229281 40063 93%
c v  1.69 48 61 4 337 5109 4993 10% 10 225465 40063 93%
c w  1.78 48 61 4 337 5109 4990 10% 10 225465 40063 93%
c t  1.80 48 61 4 337 5109 4987 10% 10 207570 40063 93%
c e  2.29 50 61 4 337 5109 1758 10% 10 191512 24480 57%
c s  2.37 53 61 4 337 5109 1755 10% 10 191512 24480 57%
c F  2.56 56 60 4 408 6006 2493  5% 10 191512 24480 57%
c -  2.60 56 59 5 408 6059 1184  5% 10 191512 24480 57%
c -  2.93 56 51 6 532 8367 2516  8% 10 191512 24480 57%
c 
c  seconds  reductions   redundant   irredundant
c         MB    restarts        trail        variables
c          level    conflicts       glue          remaining
c 
c B  3.08 56 49 6 610 10009 3916  8% 10 191512 24480 57%
c -  3.21 57 48 7 692 11061 3321  7% 10 191512 24480 57%
c -  3.57 57 43 8 781 14141 4188  7% 9 191512 24480 57%
c 3  3.74 57 42 8 791 15006 16694  7% 9 191512 24480 57%
c p  3.83 57 42 8 791 15006 17788  7% 9 191512 24476 57%
c #  3.86 57 42 8 791 15011 17793  7% 9 191512 24476 57%
c s  4.17 58 40 8 909 16981 14986  7% 9 190669 24476 57%
c v  4.40 58 40 8 909 16981 14986  7% 9 173223 24476 57%
c w  4.49 58 40 8 909 16981 12741  7% 9 173223 24476 57%
c t  4.50 58 40 8 909 16981 12740  7% 9 173167 24476 57%
c e  4.63 58 40 8 909 16981 12459  7% 9 172744 24373 57%
c s  4.69 58 40 8 909 16981 12341  7% 9 172661 24373 57%
c e  4.74 58 40 8 909 16981 12214  7% 9 172652 24362 57%
c -  4.85 58 39 9 909 17604 7538  7% 9 172652 24362 57%
c B  5.20 58 36 9 1033 21012 10437  7% 9 172652 24362 57%
c i  5.22 58 36 9 1047 21191 10584  7% 9 172652 24361 57%
c -  5.27 58 36 10 1049 21316 6088  7% 9 172540 24361 57%
c -  5.91 58 35 11 1256 25397 6767  8% 9 172540 24361 57%
c O  6.42 58 34 11 1433 28014 9039  8% 9 172540 24361 57%
c i  6.42 58 34 11 1433 28014 9039  8% 9 172540 24360 57%
c 
c  seconds  reductions     redundant  irredundant
c         MB     restarts         trail       variables
c          level      conflicts       glue         remaining
c 
c -  6.83 58 32 12 1463 29850 7485  8% 9 172424 24360 57%
c d  6.88 58 32 12 1463 30008 7583  8% 9 172414 24357 57%
c 3  6.95 58 32 12 1463 30008 18453  8% 9 172414 24357 57%
c 2  7.00 58 32 12 1463 30008 18451  8% 9 172413 24351 57%
c p  7.09 58 32 12 1463 30008 21367  8% 9 172413 24303 57%
c d  7.12 58 32 12 1463 30008 20693  8% 9 169847 24296 56%
c d  7.14 58 32 12 1463 30008 20689  8% 9 169841 24293 56%
c i  7.30 58 31 12 1464 30806 21346  9% 9 169841 24284 56%
c s  7.68 58 32 12 1719 33935 20145  8% 9 169703 24284 56%
c v  7.97 58 32 12 1719 33935 20145  8% 9 151207 24284 56%
c w  8.14 58 32 12 1719 33935 17816  8% 9 151207 24282 56%
c t  8.14 58 32 12 1719 33935 17766  8% 9 150602 24282 56%
c e  8.27 58 32 12 1719 33935 14045  8% 9 147759 23619 55%
c s  8.32 58 32 12 1719 33935 13910  8% 9 147647 23619 55%
c e  8.40 58 32 12 1719 33935 13532  8% 9 147589 23594 55%
c i  8.44 58 32 12 1747 34073 13637  8% 9 147589 23593 55%
c -  8.51 58 32 13 1757 34673 6995  8% 9 147489 23593 55%
c B  8.67 58 32 13 1858 36018 8174  8% 9 147489 23593 55%
c -  9.00 58 32 14 2077 39581 7492  8% 9 147489 23593 55%
c i  9.50 58 32 14 2323 43817 11283  8% 9 147489 23591 55%
c 
c  seconds  reductions     redundant  irredundant
c         MB     restarts         trail       variables
c          level      conflicts       glue         remaining
c 
c -  9.66 58 32 15 2339 44840 8760  8% 9 147376 23591 55%
c I  9.68 58 32 15 2341 45021 8920  8% 9 147376 23591 55%
c i  9.68 58 32 15 2341 45261 9099  8% 9 147376 23588 55%
c 3 10.54 58 31 15 2636 50008 23262  8% 9 147376 23588 55%
c 2 10.58 58 31 15 2636 50008 23248  8% 9 147374 23588 55%
c p 10.62 58 31 15 2636 50008 24050  8% 9 147374 23585 55%
c - 10.77 58 31 16 2651 50449 9881  8% 9 146840 23585 55%
c B 11.52 58 30 16 2911 55024 13960  8% 9 146840 23585 55%
c s 11.62 58 30 16 2919 55096 13715  8% 9 146742 23585 55%
c v 11.93 58 30 16 2919 55096 13715  8% 9 134991 23585 55%
c w 12.10 58 30 16 2919 55096 13678  8% 9 134991 23585 55%
c t 12.11 58 30 16 2919 55096 13672  8% 9 134611 23585 55%
c e 12.20 58 30 16 2919 55096 11970  8% 9 134330 23356 54%
c s 12.25 58 30 16 2919 55096 11880  8% 9 134295 23356 54%
c e 12.28 58 30 16 2919 55096 11835  8% 9 134275 23348 54%
c - 12.52 58 30 17 2985 56400 9923  8% 9 134275 23348 54%
c - 13.47 58 28 18 3259 62494 10983  8% 9 134275 23348 54%
c F 14.23 58 27 18 3400 66025 14029  8% 9 134275 23348 54%
c - 14.83 58 26 19 3562 68923 12162  8% 9 134275 23348 54%
c i 14.85 58 26 19 3562 68999 12211  8% 9 134275 23343 54%
c 
c  seconds  reductions      redundant  irredundant
c         MB     restarts          trail       variables
c          level      conflicts        glue         remaining
c 
c i 15.02 58 26 19 3569 69805 12868  9% 8 134275 23306 54%
c i 15.16 58 25 19 3571 70599 13511  9% 8 134275 23287 54%
c i 15.16 58 25 19 3571 70621 13530  9% 8 134275 23268 54%
c i 15.17 58 25 19 3571 70691 13578  9% 8 134275 23262 54%
c i 15.26 58 25 19 3572 71222 13985  9% 8 134275 22672 53%
c i 15.26 58 25 19 3572 71223 13985  9% 8 134275 22540 52%
c } 15.26 58 25 19 3572 71228 13986  9% 8 134275 22273 52%
c 0 15.26 58 25 19 3572 71228 13986  9% 8 134275 22273 52%
c 
c --- [ result ] -------------------------------------------------------------
c 
s UNSATISFIABLE
c 
c --- [ run-time profiling ] -------------------------------------------------
c 
c process time taken by individual solving procedures
c (percentage relative to process time for solving)
c 
c        10.89   72.22% search
c        10.88   72.19% unstable
c         4.19   27.78% simplify
c         1.48    9.82% vivify
c         0.97    6.42% elim
c         0.60    4.01% subsume
c         0.38    2.55% ternary
c         0.30    2.02% probe
c         0.00    0.03% lucky
c   =================================
c        15.08   98.82% solve
c 
c last line shows process time for solving
c (percentage relative to total process time)
c 
c --- [ statistics ] ---------------------------------------------------------
c 
c backtracked:              334333       469.38 %  of conflicts
c chronological:             27812         8.32 %  of backtracks
c conflicts:                 71228      4724.60    per second
c decisions:                270582     17947.86    per second
c eliminated:                16622        38.65 %  of all variables
c fixed:                      2520         5.86 %  of all variables
c learned:                   66036        92.71 %  per conflict
c minimized:                873673        35.06 %  learned literals
c propagations:           39687656         2.63 M  per second
c reduced:                   37040        52.00 %  per conflict
c rephased:                     11      6475.27    interval
c restarts:                   3572        19.94    interval
c substituted:                1593         3.70 %  of all variables
c subsumed:                  73173         6.72 %  of all clauses
c strengthened:              17313         1.59 %  of all clauses
c ternary:                   42300         0.78 %  of resolved
c vivified:                  57574         5.29 %  of all clauses
c weakened:                  84117         3.99    average size
c 
c seconds are measured in process time for solving
c 
c --- [ resources ] ----------------------------------------------------------
c 
c total process time since initialization:        15.26    seconds
c total real time since initialization:           15.26    seconds
c maximum resident set size of process:           58.28    MB
c 
c --- [ shutting down ] ------------------------------------------------------
c 
c exit 20
