c --- [ banner ] -------------------------------------------------------------
c 
c CaDiCaL Radically Simplified CDCL SAT Solver
c Copyright (c) 2016-2019 Armin Biere, JKU Linz
c 
c Version 1.0.3 cb89cbfa16f47cb7bf1ec6ad9855e7b6d5203c18
c g++ (GCC) 6.3.0 -Wall -Wextra -O3 -DNDEBUG
c Fri Aug 23 08:17:16 CDT 2019 Linux login1 4.4.103-6.38-default x86_64
c 
c --- [ config ] -------------------------------------------------------------
c 
c using 'unsat' configuration (target unsatisfiable instances)
c 
c --- [ proof tracing ] ------------------------------------------------------
c 
c opening file to write '/tmp/8_700_0_three.drat'
c writing binary proof trace to '/tmp/8_700_0_three.drat'
c 
c --- [ parsing input ] ------------------------------------------------------
c 
c reading DIMACS file from '/tmp/8_700_0_three.cnf'
c opening file to read '/tmp/8_700_0_three.cnf'
c found 'p cnf 202048 780985' header
c parsed 780985 clauses in 0.32 seconds process time
c 
c --- [ options ] ------------------------------------------------------------
c 
c   --stabilize=false              (different from default 'true')
c   --walk=false                   (different from default 'true')
c 
c --- [ solving ] ------------------------------------------------------------
c 
c time measured in process time since initialization
c 
c  seconds  reductions  redundant  irredundant
c         MB    restarts       trail       variables
c          level   conflicts       glue          remaining
c 
c *  0.34 97  0 0   0    0    0  0% 0 780480 196508 97%
c {  0.35 99  0 0   0    0    0  0% 0 780480 196508 97%
c -  0.47 101 312 1   0  303  168  5% 4 681695 196508 97%
c i  0.63 107 133 1  61  599  436  6% 6 681695 196335 97%
c i  0.63 107 133 1  61  600  436  6% 6 681695 195184 97%
c }  0.63 107 131 1  61  607  438  6% 6 681695 195160 97%
c 0  0.63 107 131 1  61  607  438  6% 6 681695 195160 97%
c 
c --- [ result ] -------------------------------------------------------------
c 
s UNSATISFIABLE
c 
c --- [ run-time profiling ] -------------------------------------------------
c 
c process time taken by individual solving procedures
c (percentage relative to process time for solving)
c 
c         0.29   94.81% search
c         0.28   90.91% unstable
c         0.01    3.90% lucky
c         0.00    0.00% simplify
c   =================================
c         0.31   48.73% solve
c 
c last line shows process time for solving
c (percentage relative to total process time)
c 
c --- [ statistics ] ---------------------------------------------------------
c 
c backtracked:                 843       138.88 %  of conflicts
c chronological:               390        46.26 %  of backtracks
c conflicts:                   607      1970.78    per second
c decisions:                  4991     16204.55    per second
c fixed:                      6888         3.41 %  of all variables
c learned:                     579        95.39 %  per conflict
c minimized:                  1531        19.04 %  learned literals
c propagations:             680250         2.21 M  per second
c restarts:                     61         9.95    interval
c subsumed:                    139         0.01 %  of all clauses
c 
c seconds are measured in process time for solving
c 
c --- [ resources ] ----------------------------------------------------------
c 
c total process time since initialization:         0.63    seconds
c total real time since initialization:            0.63    seconds
c maximum resident set size of process:          107.25    MB
c 
c --- [ shutting down ] ------------------------------------------------------
c 
c exit 20
