c --- [ banner ] -------------------------------------------------------------
c 
c CaDiCaL Radically Simplified CDCL SAT Solver
c Copyright (c) 2016-2019 Armin Biere, JKU Linz
c 
c Version 1.0.3 cb89cbfa16f47cb7bf1ec6ad9855e7b6d5203c18
c g++ (GCC) 6.3.0 -Wall -Wextra -O3 -DNDEBUG
c Fri Aug 23 08:17:16 CDT 2019 Linux login1 4.4.103-6.38-default x86_64
c 
c --- [ config ] -------------------------------------------------------------
c 
c using 'unsat' configuration (target unsatisfiable instances)
c 
c --- [ proof tracing ] ------------------------------------------------------
c 
c opening file to write '/tmp/8_846_0_three.drat'
c writing binary proof trace to '/tmp/8_846_0_three.drat'
c 
c --- [ parsing input ] ------------------------------------------------------
c 
c reading DIMACS file from '/tmp/8_846_0_three.cnf'
c opening file to read '/tmp/8_846_0_three.cnf'
c found 'p cnf 202048 780985' header
c parsed 780985 clauses in 0.33 seconds process time
c 
c --- [ options ] ------------------------------------------------------------
c 
c   --stabilize=false              (different from default 'true')
c   --walk=false                   (different from default 'true')
c 
c --- [ solving ] ------------------------------------------------------------
c 
c time measured in process time since initialization
c 
c  seconds  reductions  redundant  irredundant
c         MB    restarts       trail       variables
c          level   conflicts       glue          remaining
c 
c *  0.34 97  0 0   0    0    0  0% 0 780480 197912 98%
c {  0.36 99  0 0   0    0    0  0% 0 780480 197912 98%
c -  0.47 100 336 1   0  301  155  5% 3 699142 197912 98%
c i  0.60 105 172 1  35  506  341  5% 5 699142 197692 98%
c i  0.68 106 125 1  72  678  495  5% 5 699142 197293 98%
c i  0.76 106 93 1 106  878  669  5% 6 699142 197267 98%
c i  0.76 106 92 1 106  879  669  5% 6 699142 196416 97%
c I  0.82 106 77 1 130 1002  790  5% 6 699142 196416 97%
c i  0.92 106 67 1 153 1140  910  6% 6 699142 196348 97%
c i  0.92 106 67 1 153 1145  914  6% 6 699142 196296 97%
c }  0.93 106 67 1 153 1150  916  6% 6 699142 194261 96%
c 0  0.93 106 67 1 153 1150  916  6% 6 699142 194261 96%
c 
c --- [ result ] -------------------------------------------------------------
c 
s UNSATISFIABLE
c 
c --- [ run-time profiling ] -------------------------------------------------
c 
c process time taken by individual solving procedures
c (percentage relative to process time for solving)
c 
c         0.58   97.99% search
c         0.57   95.30% unstable
c         0.02    2.68% lucky
c         0.00    0.00% simplify
c   =================================
c         0.60   64.22% solve
c 
c last line shows process time for solving
c (percentage relative to total process time)
c 
c --- [ statistics ] ---------------------------------------------------------
c 
c backtracked:                1575       136.96 %  of conflicts
c chronological:               636        40.38 %  of backtracks
c conflicts:                  1150      1929.53    per second
c decisions:                  7457     12511.74    per second
c fixed:                      7787         3.85 %  of all variables
c learned:                    1108        96.35 %  per conflict
c minimized:                  4143        21.37 %  learned literals
c propagations:            1705045         2.86 M  per second
c rephased:                      1      1150.00    interval
c restarts:                    153         7.52    interval
c subsumed:                    185         0.01 %  of all clauses
c 
c seconds are measured in process time for solving
c 
c --- [ resources ] ----------------------------------------------------------
c 
c total process time since initialization:         0.93    seconds
c total real time since initialization:            0.93    seconds
c maximum resident set size of process:          105.91    MB
c 
c --- [ shutting down ] ------------------------------------------------------
c 
c exit 20
