c --- [ banner ] -------------------------------------------------------------
c 
c CaDiCaL Radically Simplified CDCL SAT Solver
c Copyright (c) 2016-2019 Armin Biere, JKU Linz
c 
c Version 1.0.3 cb89cbfa16f47cb7bf1ec6ad9855e7b6d5203c18
c g++ (GCC) 6.3.0 -Wall -Wextra -O3 -DNDEBUG
c Fri Aug 23 08:17:16 CDT 2019 Linux login1 4.4.103-6.38-default x86_64
c 
c --- [ config ] -------------------------------------------------------------
c 
c using 'unsat' configuration (target unsatisfiable instances)
c 
c --- [ proof tracing ] ------------------------------------------------------
c 
c opening file to write '/tmp/33_503_0_three.drat'
c writing binary proof trace to '/tmp/33_503_0_three.drat'
c 
c --- [ parsing input ] ------------------------------------------------------
c 
c reading DIMACS file from '/tmp/33_503_0_three.cnf'
c opening file to read '/tmp/33_503_0_three.cnf'
c found 'p cnf 39424 200372' header
c parsed 200372 clauses in 0.08 seconds process time
c 
c --- [ options ] ------------------------------------------------------------
c 
c   --stabilize=false              (different from default 'true')
c   --walk=false                   (different from default 'true')
c 
c --- [ solving ] ------------------------------------------------------------
c 
c time measured in process time since initialization
c 
c  seconds  reductions  redundant  irredundant
c         MB    restarts       trail       variables
c          level   conflicts       glue         remaining
c 
c *  0.08 26  0 0   0    0    0  0% 0 183403 38102 97%
c {  0.08 26  0 0   0    0    0  0% 0 183403 38102 97%
c -  0.13 28 59 1  24  300  260  8% 8 174138 38102 97%
c I  0.21 29 58 1  84 1002  866  9% 9 174138 38102 97%
c -  0.27 35 57 2  84 1045  753  9% 9 174138 38102 97%
c -  0.40 35 51 3 142 2164 1286 10% 8 174138 38102 97%
c B  0.50 35 48 3 188 3004 2045 10% 9 174138 38102 97%
c -  0.58 35 41 4 193 3653 1943  9% 8 174138 38102 97%
c i  0.67 35 36 4 220 4445 2651 10% 8 174138 38001 96%
c s  0.79 32 36 4 220 4537 2714 10% 8 174138 38001 96%
c v  0.92 39 36 4 220 4537 2714 10% 8 171181 38001 96%
c w  0.98 39 36 4 220 4537 2662 10% 8 171181 37463 95%
c t  1.00 39 36 4 220 4537 2662 10% 8 157843 37463 95%
c e  1.72 38 36 4 220 4537   30 10% 8 125994 20030 51%
c s  1.80 42 36 4 220 4537   28 10% 8 125959 20030 51%
c e  1.85 42 36 4 220 4537   28 10% 8 125958 20029 51%
c i  1.99 42 36 4 223 4683  146  5% 8 125958 19934 51%
c }  2.00 42 36 4 223 4883  310  7% 8 125958 19787 50%
c 0  2.00 42 36 4 223 4883  310  7% 8 125958 19787 50%
c 
c --- [ result ] -------------------------------------------------------------
c 
s UNSATISFIABLE
c 
c --- [ run-time profiling ] -------------------------------------------------
c 
c process time taken by individual solving procedures
c (percentage relative to process time for solving)
c 
c         1.14   59.04% simplify
c         0.79   40.96% search
c         0.78   40.75% unstable
c         0.76   39.71% elim
c         0.19    9.77% subsume
c         0.16    8.52% vivify
c         0.00    0.21% lucky
c   =================================
c         1.92   96.01% solve
c 
c last line shows process time for solving
c (percentage relative to total process time)
c 
c --- [ statistics ] ---------------------------------------------------------
c 
c backtracked:               13088       268.03 %  of conflicts
c chronological:              2341        17.89 %  of backtracks
c conflicts:                  4883      2537.94    per second
c decisions:                 25178     13086.28    per second
c eliminated:                17434        44.22 %  of all variables
c fixed:                      2203         5.59 %  of all variables
c learned:                    4523        92.63 %  per conflict
c minimized:                 41301        27.99 %  learned literals
c propagations:            2761153         1.44 M  per second
c reduced:                    1271        26.03 %  per conflict
c rephased:                      2      2441.50    interval
c restarts:                    223        21.90    interval
c subsumed:                   4677         0.65 %  of all clauses
c strengthened:               2801         0.39 %  of all clauses
c vivified:                   3073         0.43 %  of all clauses
c weakened:                  60485         3.66    average size
c 
c seconds are measured in process time for solving
c 
c --- [ resources ] ----------------------------------------------------------
c 
c total process time since initialization:         2.00    seconds
c total real time since initialization:            2.01    seconds
c maximum resident set size of process:           43.01    MB
c 
c --- [ shutting down ] ------------------------------------------------------
c 
c exit 20
