c --- [ banner ] -------------------------------------------------------------
c 
c CaDiCaL Radically Simplified CDCL SAT Solver
c Copyright (c) 2016-2019 Armin Biere, JKU Linz
c 
c Version 1.0.3 cb89cbfa16f47cb7bf1ec6ad9855e7b6d5203c18
c g++ (GCC) 6.3.0 -Wall -Wextra -O3 -DNDEBUG
c Fri Aug 23 08:17:16 CDT 2019 Linux login1 4.4.103-6.38-default x86_64
c 
c --- [ config ] -------------------------------------------------------------
c 
c using 'unsat' configuration (target unsatisfiable instances)
c 
c --- [ proof tracing ] ------------------------------------------------------
c 
c opening file to write '/tmp/33_715_0_three.drat'
c writing binary proof trace to '/tmp/33_715_0_three.drat'
c 
c --- [ parsing input ] ------------------------------------------------------
c 
c reading DIMACS file from '/tmp/33_715_0_three.cnf'
c opening file to read '/tmp/33_715_0_three.cnf'
c found 'p cnf 39424 200372' header
c parsed 200372 clauses in 0.08 seconds process time
c 
c --- [ options ] ------------------------------------------------------------
c 
c   --stabilize=false              (different from default 'true')
c   --walk=false                   (different from default 'true')
c 
c --- [ solving ] ------------------------------------------------------------
c 
c time measured in process time since initialization
c 
c  seconds  reductions  redundant  irredundant
c         MB    restarts       trail       variables
c          level   conflicts       glue         remaining
c 
c *  0.08 26  0 0   0    0    0  0% 0 183404 38218 97%
c {  0.08 27  0 0   0    0    0  0% 0 183404 38218 97%
c i  0.09 27 76 0   6  150  101  9% 7 183404 38217 97%
c i  0.10 28 61 0  30  269  199  8% 8 183404 38176 97%
c i  0.10 28 61 0  30  270  199  8% 8 183404 38031 96%
c -  0.12 28 54 1  30  302  219  7% 8 172681 38031 96%
c I  0.19 29 53 1  89 1002  816 10% 9 172681 38031 96%
c -  0.24 34 53 2  89 1044  729  9% 9 172681 38031 96%
c -  0.38 35 48 3 152 2158 1285 10% 8 172681 38031 96%
c i  0.38 35 47 3 155 2239 1335 10% 8 172681 38021 96%
c B  0.45 35 48 3 196 3003 2024 10% 8 172681 38021 96%
c -  0.54 35 49 4 234 3642 1896 10% 8 172533 38021 96%
c s  0.74 31 46 4 255 4526 2687 11% 8 172533 38021 96%
c v  0.87 37 46 4 255 4526 2687 11% 8 169882 38021 96%
c w  0.94 38 46 4 255 4526 2684 11% 8 169882 38021 96%
c t  0.96 38 46 4 255 4526 2682 11% 8 154959 38021 96%
c e  1.74 38 46 4 255 4526   53 11% 8 135354 20791 53%
c s  1.82 42 46 4 255 4526   51 11% 8 135326 20791 53%
c d  2.02 43 46 4 330 5000  489  5% 8 135314 20785 53%
c 3  2.08 43 46 4 330 5000 8430  5% 8 135314 20785 53%
c 
c  seconds  reductions  redundant  irredundant
c         MB    restarts       trail       variables
c          level   conflicts       glue         remaining
c 
c 2  2.12 43 46 4 330 5000 8430  5% 8 135306 20785 53%
c p  2.15 43 46 4 330 5000 8913  5% 8 135306 20783 53%
c -  2.22 43 45 5 366 5505 1090  5% 8 135044 20783 53%
c F  2.25 43 44 5 380 6005 1507  5% 8 135044 20783 53%
c -  2.43 44 40 6 482 7539 2320  6% 8 135044 20783 53%
c i  2.61 44 37 6 604 9367 3971  6% 8 135044 20770 53%
c }  2.62 44 36 6 619 9534 4104  6% 8 135044 20734 53%
c 0  2.62 44 36 6 619 9534 4104  6% 8 135044 20734 53%
c 
c --- [ result ] -------------------------------------------------------------
c 
s UNSATISFIABLE
c 
c --- [ run-time profiling ] -------------------------------------------------
c 
c process time taken by individual solving procedures
c (percentage relative to process time for solving)
c 
c         1.36   53.30% simplify
c         1.19   46.70% search
c         1.19   46.70% unstable
c         0.82   32.23% elim
c         0.18    7.23% subsume
c         0.18    6.92% vivify
c         0.07    2.83% ternary
c         0.03    1.26% probe
c   =================================
c         2.54   96.95% solve
c 
c last line shows process time for solving
c (percentage relative to total process time)
c 
c --- [ statistics ] ---------------------------------------------------------
c 
c backtracked:               22156       232.39 %  of conflicts
c chronological:              4253        19.20 %  of backtracks
c conflicts:                  9534      3747.64    per second
c decisions:                 48153     18928.07    per second
c eliminated:                17230        43.70 %  of all variables
c fixed:                      1454         3.69 %  of all variables
c learned:                    8854        92.87 %  per conflict
c minimized:                 73442        26.55 %  learned literals
c propagations:            4179246         1.64 M  per second
c reduced:                    1754        18.40 %  per conflict
c rephased:                      3      3178.00    interval
c restarts:                    619        15.40    interval
c substituted:                   6         0.02 %  of all variables
c subsumed:                   4480         0.57 %  of all clauses
c strengthened:               2626         0.33 %  of all clauses
c ternary:                   11001         0.81 %  of resolved
c vivified:                   2754         0.35 %  of all clauses
c weakened:                  64381         3.58    average size
c 
c seconds are measured in process time for solving
c 
c --- [ resources ] ----------------------------------------------------------
c 
c total process time since initialization:         2.62    seconds
c total real time since initialization:            2.63    seconds
c maximum resident set size of process:           43.55    MB
c 
c --- [ shutting down ] ------------------------------------------------------
c 
c exit 20
