c --- [ banner ] -------------------------------------------------------------
c 
c CaDiCaL Radically Simplified CDCL SAT Solver
c Copyright (c) 2016-2019 Armin Biere, JKU Linz
c 
c Version 1.0.3 cb89cbfa16f47cb7bf1ec6ad9855e7b6d5203c18
c g++ (GCC) 6.3.0 -Wall -Wextra -O3 -DNDEBUG
c Fri Aug 23 08:17:16 CDT 2019 Linux login1 4.4.103-6.38-default x86_64
c 
c --- [ config ] -------------------------------------------------------------
c 
c using 'unsat' configuration (target unsatisfiable instances)
c 
c --- [ proof tracing ] ------------------------------------------------------
c 
c opening file to write '/tmp/30_1274_0_six.drat'
c writing binary proof trace to '/tmp/30_1274_0_six.drat'
c 
c --- [ parsing input ] ------------------------------------------------------
c 
c reading DIMACS file from '/tmp/30_1274_0_six.cnf'
c opening file to read '/tmp/30_1274_0_six.cnf'
c found 'p cnf 50176 399289' header
c parsed 399289 clauses in 0.23 seconds process time
c 
c --- [ options ] ------------------------------------------------------------
c 
c   --stabilize=false              (different from default 'true')
c   --walk=false                   (different from default 'true')
c 
c --- [ solving ] ------------------------------------------------------------
c 
c time measured in process time since initialization
c 
c  seconds  reductions  redundant  irredundant
c         MB    restarts       trail       variables
c          level   conflicts       glue         remaining
c 
c *  0.23 44  0 0   0    0    0  0% 0 363644 48229 96%
c {  0.23 45  0 0   0    0    0  0% 0 363644 48229 96%
c -  0.29 46 58 1  15  302  209  9% 10 349903 48229 96%
c I  0.35 48 50 1  49 1002  692 10% 9 349903 48229 96%
c -  0.47 60 54 2  90 1230  749 10% 10 349903 48229 96%
c -  0.62 60 48 3 150 2619 1302 10% 10 349903 48229 96%
c B  0.66 60 49 3 200 3004 1603 10% 10 349903 48229 96%
c -  0.85 60 52 4 289 4471 2020 11% 10 349903 48229 96%
c d  1.03 62 51 4 308 5001 2445 11% 10 345199 45877 91%
c 2  1.22 60 51 4 308 5001 2445 11% 10 339319 45877 91%
c p  1.52 63 51 4 308 5001 31753 11% 10 339319 45803 91%
c s  1.81 77 50 4 340 5830 32371 11% 10 339310 45803 91%
c v  2.26 77 50 4 340 5830 32371 11% 10 335664 45803 91%
c w  2.38 77 50 4 340 5830 32360 11% 10 335664 45803 91%
c t  2.42 77 50 4 340 5830 32357 11% 10 304582 45803 91%
c e  3.20 67 50 4 340 5830 12228 11% 10 284176 28893 58%
c s  3.31 76 50 4 340 5830 12227 11% 10 284174 28893 58%
c F  3.57 76 49 4 340 6009 12350  5% 10 284174 28893 58%
c i  3.60 76 45 4 340 6616 12824  6% 10 284174 28880 58%
c -  3.66 76 44 5 340 6790 1304  5% 10 282553 28880 58%
c 
c  seconds  reductions  redundant   irredundant
c         MB    restarts       trail        variables
c          level   conflicts       glue          remaining
c 
c i  3.67 76 44 5 340 6843 1336  5% 10 282553 28879 58%
c i  3.67 76 43 5 340 6890 1363  5% 9 282553 28860 58%
c }  3.67 76 43 5 340 6907 1371  5% 9 282553 28857 58%
c 0  3.67 76 43 5 340 6907 1371  5% 9 282553 28857 58%
c 
c --- [ result ] -------------------------------------------------------------
c 
s UNSATISFIABLE
c 
c --- [ run-time profiling ] -------------------------------------------------
c 
c process time taken by individual solving procedures
c (percentage relative to process time for solving)
c 
c         2.33   67.71% simplify
c         1.11   32.29% search
c         1.11   32.17% unstable
c         0.86   24.85% elim
c         0.50   14.52% vivify
c         0.30    8.83% probe
c         0.26    7.55% subsume
c         0.15    4.30% ternary
c         0.00    0.12% lucky
c   =================================
c         3.44   93.79% solve
c 
c last line shows process time for solving
c (percentage relative to total process time)
c 
c --- [ statistics ] ---------------------------------------------------------
c 
c backtracked:               33483       484.77 %  of conflicts
c chronological:              2468         7.37 %  of backtracks
c conflicts:                  6907      2005.52    per second
c decisions:                 34889     10130.37    per second
c eliminated:                16910        33.70 %  of all variables
c fixed:                      2057         4.10 %  of all variables
c learned:                    5855        84.77 %  per conflict
c minimized:                 90342        26.94 %  learned literals
c propagations:            5030846         1.46 M  per second
c reduced:                    1323        19.15 %  per conflict
c rephased:                      3      2302.33    interval
c restarts:                    340        20.31    interval
c substituted:                2352         4.69 %  of all variables
c subsumed:                  10625         0.81 %  of all clauses
c strengthened:               3964         0.30 %  of all clauses
c vivified:                   3719         0.28 %  of all clauses
c weakened:                 107352         4.02    average size
c 
c seconds are measured in process time for solving
c 
c --- [ resources ] ----------------------------------------------------------
c 
c total process time since initialization:         3.67    seconds
c total real time since initialization:            3.67    seconds
c maximum resident set size of process:           78.98    MB
c 
c --- [ shutting down ] ------------------------------------------------------
c 
c exit 20
