c --- [ banner ] -------------------------------------------------------------
c 
c CaDiCaL Radically Simplified CDCL SAT Solver
c Copyright (c) 2016-2019 Armin Biere, JKU Linz
c 
c Version 1.0.3 cb89cbfa16f47cb7bf1ec6ad9855e7b6d5203c18
c g++ (GCC) 6.3.0 -Wall -Wextra -O3 -DNDEBUG
c Fri Aug 23 08:17:16 CDT 2019 Linux login1 4.4.103-6.38-default x86_64
c 
c --- [ config ] -------------------------------------------------------------
c 
c using 'unsat' configuration (target unsatisfiable instances)
c 
c --- [ proof tracing ] ------------------------------------------------------
c 
c opening file to write '/tmp/30_377_0_six.drat'
c writing binary proof trace to '/tmp/30_377_0_six.drat'
c 
c --- [ parsing input ] ------------------------------------------------------
c 
c reading DIMACS file from '/tmp/30_377_0_six.cnf'
c opening file to read '/tmp/30_377_0_six.cnf'
c found 'p cnf 50176 399289' header
c parsed 399289 clauses in 0.15 seconds process time
c 
c --- [ options ] ------------------------------------------------------------
c 
c   --stabilize=false              (different from default 'true')
c   --walk=false                   (different from default 'true')
c 
c --- [ solving ] ------------------------------------------------------------
c 
c time measured in process time since initialization
c 
c  seconds  reductions  redundant  irredundant
c         MB    restarts       trail       variables
c          level   conflicts       glue         remaining
c 
c *  0.15 44  0 0   0    0    0  0% 0 363634 48072 96%
c {  0.16 45  0 0   0    0    0  0% 0 363634 48072 96%
c -  0.21 47 67 1  24  301  165  8% 10 346410 48072 96%
c I  0.28 48 70 1  73 1002  673 10% 11 346410 48072 96%
c -  0.40 60 70 2  73 1225  715 10% 10 346410 48072 96%
c i  0.53 60 50 2 109 2614 1680 12% 10 346410 48030 96%
c -  0.60 60 50 3 109 2614 1172 12% 10 345538 48030 96%
c B  0.65 60 54 3 114 3004 1476 12% 9 345538 48030 96%
c i  0.67 60 51 3 119 3306 1675 12% 9 345538 47993 96%
c i  0.76 60 51 3 202 4309 2342 12% 10 345538 47921 96%
c i  0.77 60 51 3 208 4428 2415 12% 10 345538 47840 95%
c -  0.84 58 51 4 208 4463 1749 12% 10 340817 47840 95%
c i  0.87 58 50 4 251 4987 2000 12% 10 340817 47670 95%
c d  1.00 59 50 4 251 5000 2007 12% 10 332611 45405 90%
c 2  1.18 61 50 4 251 5000 2007 12% 10 326956 45405 90%
c p  1.39 61 50 4 251 5000 14209 12% 10 326956 45317 90%
c i  1.44 61 51 4 251 5059 14244 12% 10 326956 45284 90%
c s  1.71 69 49 4 277 5839 14834 12% 10 326956 45284 90%
c v  2.11 70 49 4 277 5839 14834 12% 10 323844 45284 90%
c w  2.22 70 49 4 277 5839 14816 12% 10 323844 45284 90%
c 
c  seconds  reductions   redundant   irredundant
c         MB    restarts        trail        variables
c          level   conflicts        glue          remaining
c 
c t  2.27 70 49 4 277 5839 14810 12% 10 286658 45284 90%
c e  3.04 66 49 4 277 5839 4990 12% 10 262777 26625 53%
c s  3.17 75 49 4 277 5839 4977 12% 10 262777 26625 53%
c i  3.36 75 49 4 277 5909 5028  6% 10 262777 26619 53%
c i  3.36 75 49 4 277 5966 5064  4% 10 262777 26594 53%
c F  3.36 75 48 4 277 6005 5090  4% 10 262777 26594 53%
c i  3.36 75 48 4 277 6035 5107  3% 10 262777 26593 53%
c i  3.36 75 48 4 280 6088 5141  3% 10 262777 26587 53%
c i  3.36 75 48 4 280 6089 5141  3% 10 262777 26344 53%
c i  3.36 75 48 4 280 6090 5141  3% 10 262777 26247 52%
c i  3.36 75 48 4 280 6091 5141  3% 10 262777 26240 52%
c }  3.36 75 48 4 280 6099 5144  3% 10 262777 26193 52%
c 0  3.36 75 48 4 280 6099 5144  3% 10 262777 26193 52%
c 
c --- [ result ] -------------------------------------------------------------
c 
s UNSATISFIABLE
c 
c --- [ run-time profiling ] -------------------------------------------------
c 
c process time taken by individual solving procedures
c (percentage relative to process time for solving)
c 
c         2.10   65.46% simplify
c         1.11   34.54% search
c         1.10   34.41% unstable
c         0.76   23.69% elim
c         0.45   13.97% vivify
c         0.28    8.85% subsume
c         0.21    6.61% probe
c         0.14    4.36% ternary
c         0.00    0.12% lucky
c   =================================
c         3.21   95.48% solve
c 
c last line shows process time for solving
c (percentage relative to total process time)
c 
c --- [ statistics ] ---------------------------------------------------------
c 
c backtracked:               25664       420.79 %  of conflicts
c chronological:              2133         8.31 %  of backtracks
c conflicts:                  6099      1901.18    per second
c decisions:                 30606      9540.52    per second
c eliminated:                18659        37.19 %  of all variables
c fixed:                      3059         6.10 %  of all variables
c learned:                    4832        79.23 %  per conflict
c minimized:                 69908        25.69 %  learned literals
c propagations:            5162214         1.61 M  per second
c reduced:                    1064        17.45 %  per conflict
c rephased:                      3      2033.00    interval
c restarts:                    280        21.78    interval
c substituted:                2265         4.51 %  of all variables
c subsumed:                  10095         0.80 %  of all clauses
c strengthened:               4258         0.34 %  of all clauses
c vivified:                   3178         0.25 %  of all clauses
c weakened:                 108291         4.08    average size
c 
c seconds are measured in process time for solving
c 
c --- [ resources ] ----------------------------------------------------------
c 
c total process time since initialization:         3.36    seconds
c total real time since initialization:            3.36    seconds
c maximum resident set size of process:           75.25    MB
c 
c --- [ shutting down ] ------------------------------------------------------
c 
c exit 20
