c --- [ banner ] -------------------------------------------------------------
c 
c CaDiCaL Radically Simplified CDCL SAT Solver
c Copyright (c) 2016-2019 Armin Biere, JKU Linz
c 
c Version 1.0.3 cb89cbfa16f47cb7bf1ec6ad9855e7b6d5203c18
c g++ (GCC) 6.3.0 -Wall -Wextra -O3 -DNDEBUG
c Fri Aug 23 08:17:16 CDT 2019 Linux login1 4.4.103-6.38-default x86_64
c 
c --- [ config ] -------------------------------------------------------------
c 
c using 'unsat' configuration (target unsatisfiable instances)
c 
c --- [ proof tracing ] ------------------------------------------------------
c 
c opening file to write '/tmp/30_981_0_six.drat'
c writing binary proof trace to '/tmp/30_981_0_six.drat'
c 
c --- [ parsing input ] ------------------------------------------------------
c 
c reading DIMACS file from '/tmp/30_981_0_six.cnf'
c opening file to read '/tmp/30_981_0_six.cnf'
c found 'p cnf 50176 399289' header
c parsed 399289 clauses in 0.16 seconds process time
c 
c --- [ options ] ------------------------------------------------------------
c 
c   --stabilize=false              (different from default 'true')
c   --walk=false                   (different from default 'true')
c 
c --- [ solving ] ------------------------------------------------------------
c 
c time measured in process time since initialization
c 
c  seconds  reductions  redundant  irredundant
c         MB    restarts       trail       variables
c          level   conflicts       glue         remaining
c 
c *  0.16 44  0 0   0    0    0  0% 0 363624 48257 96%
c {  0.16 45  0 0   0    0    0  0% 0 363624 48257 96%
c -  0.22 47 97 1  18  309  224 11% 13 350777 48257 96%
c I  0.29 47 86 1  56 1002  738 11% 13 350777 48257 96%
c -  0.41 59 78 2  56 1238  774 11% 12 350777 48257 96%
c i  0.51 59 57 2  65 2402 1599 12% 10 350777 48217 96%
c i  0.51 59 57 2  65 2403 1599 12% 10 350777 48189 96%
c i  0.51 59 57 2  65 2405 1600 12% 10 350777 48187 96%
c -  0.61 59 61 3  74 2635 1190 12% 10 349024 48187 96%
c i  0.62 59 61 3  74 2699 1225 12% 10 349024 48179 96%
c B  0.64 59 59 3  91 3005 1456 12% 10 349024 48179 96%
c -  0.90 62 56 4 159 4489 1932 12% 10 348854 48179 96%
c d  1.09 63 53 4 204 5000 2286 12% 10 344140 45827 91%
c 2  1.30 61 53 4 204 5000 2285 12% 10 338265 45815 91%
c p  1.55 62 53 4 204 5000 18820 12% 10 338265 45459 91%
c d  1.60 63 53 4 204 5000 15799 12% 10 326916 45436 91%
c d  1.64 63 53 4 204 5000 15778 12% 10 326881 45418 91%
c i  1.66 63 52 4 209 5174 15890 12% 10 326881 45118 90%
c i  1.67 63 52 4 209 5233 15914 12% 10 326881 44837 89%
c i  1.67 63 52 4 209 5234 15914 12% 10 326881 44806 89%
c 
c  seconds  reductions   redundant   irredundant
c         MB    restarts        trail        variables
c          level   conflicts        glue          remaining
c 
c }  1.67 63 52 4 209 5236 15914 12% 10 326881 44773 89%
c 0  1.67 63 52 4 209 5236 15914 12% 10 326881 44773 89%
c 
c --- [ result ] -------------------------------------------------------------
c 
s UNSATISFIABLE
c 
c --- [ run-time profiling ] -------------------------------------------------
c 
c process time taken by individual solving procedures
c (percentage relative to process time for solving)
c 
c         0.82   53.97% search
c         0.81   53.70% unstable
c         0.70   46.03% simplify
c         0.25   16.67% probe
c         0.16   10.58% ternary
c         0.00    0.26% lucky
c   =================================
c         1.51   90.65% solve
c 
c last line shows process time for solving
c (percentage relative to total process time)
c 
c --- [ statistics ] ---------------------------------------------------------
c 
c backtracked:               17707       338.18 %  of conflicts
c chronological:              2056        11.61 %  of backtracks
c conflicts:                  5236      3462.96    per second
c decisions:                 27583     18242.72    per second
c fixed:                      3010         6.00 %  of all variables
c learned:                    4253        81.23 %  per conflict
c minimized:                 58266        24.07 %  learned literals
c propagations:            3693632         2.44 M  per second
c reduced:                    1120        21.39 %  per conflict
c rephased:                      2      2618.00    interval
c restarts:                    209        25.05    interval
c substituted:                2393         4.77 %  of all variables
c subsumed:                   6364         0.57 %  of all clauses
c weakened:                   4786         2.00    average size
c 
c seconds are measured in process time for solving
c 
c --- [ resources ] ----------------------------------------------------------
c 
c total process time since initialization:         1.67    seconds
c total real time since initialization:            1.67    seconds
c maximum resident set size of process:           71.46    MB
c 
c --- [ shutting down ] ------------------------------------------------------
c 
c exit 20
