c --- [ banner ] -------------------------------------------------------------
c 
c CaDiCaL Radically Simplified CDCL SAT Solver
c Copyright (c) 2016-2019 Armin Biere, JKU Linz
c 
c Version 1.0.3 cb89cbfa16f47cb7bf1ec6ad9855e7b6d5203c18
c g++ (GCC) 6.3.0 -Wall -Wextra -O3 -DNDEBUG
c Fri Aug 23 08:17:16 CDT 2019 Linux login1 4.4.103-6.38-default x86_64
c 
c --- [ config ] -------------------------------------------------------------
c 
c using 'unsat' configuration (target unsatisfiable instances)
c 
c --- [ proof tracing ] ------------------------------------------------------
c 
c opening file to write '/tmp/66_661_0_three.drat'
c writing binary proof trace to '/tmp/66_661_0_three.drat'
c 
c --- [ parsing input ] ------------------------------------------------------
c 
c reading DIMACS file from '/tmp/66_661_0_three.cnf'
c opening file to read '/tmp/66_661_0_three.cnf'
c found 'p cnf 39424 200362' header
c parsed 200362 clauses in 0.08 seconds process time
c 
c --- [ options ] ------------------------------------------------------------
c 
c   --stabilize=false              (different from default 'true')
c   --walk=false                   (different from default 'true')
c 
c --- [ solving ] ------------------------------------------------------------
c 
c time measured in process time since initialization
c 
c  seconds  reductions  redundant  irredundant
c         MB    restarts       trail       variables
c          level   conflicts       glue         remaining
c 
c *  0.08 26  0 0   0    0    0  0% 0 186530 38348 97%
c {  0.08 27  0 0   0    0    0  0% 0 186530 38348 97%
c i  0.08 27 73 0   0    7    6  3% 2 186530 38336 97%
c -  0.12 28 54 1   3  302  254  8% 10 179136 38336 97%
c i  0.13 30 53 1   3  327  271  8% 9 179136 38291 97%
c i  0.17 30 69 1  39  750  605  9% 10 179136 38148 97%
c I  0.20 30 70 1  46 1002  824 10% 9 179136 38148 97%
c -  0.25 35 67 2  46 1053  701 10% 9 175268 38148 97%
c -  0.38 36 55 3  95 2172 1266 11% 9 175268 38148 97%
c B  0.47 36 57 3 176 3003 2023 10% 9 175268 38148 97%
c -  0.59 36 57 4 228 3664 1909 11% 9 175268 38148 97%
c s  0.78 34 52 4 279 4568 2688 10% 9 175268 38148 97%
c v  0.90 39 52 4 279 4568 2688 10% 9 171870 38148 97%
c w  0.96 39 52 4 279 4568 2686 10% 9 171870 38148 97%
c t  0.98 39 52 4 279 4568 2685 10% 9 158003 38140 97%
c e  1.72 40 52 4 279 4568   39 10% 9 138896 21490 55%
c s  1.80 45 52 4 279 4568   39 10% 9 138885 21490 55%
c 3  2.02 46 51 4 305 5001 8347  6% 9 138882 21490 55%
c p  2.08 46 51 4 305 5001 8830  6% 9 138882 21489 55%
c -  2.14 46 50 5 339 5529 1060  5% 9 138777 21489 55%
c 
c  seconds  reductions  redundant  irredundant
c         MB    restarts       trail       variables
c          level   conflicts       glue         remaining
c 
c F  2.18 46 50 5 397 6005 1470  5% 9 138777 21489 55%
c -  2.30 46 46 6 495 7585 2219  5% 9 138777 21489 55%
c -  2.48 46 40 7 558 9984 2949  6% 9 138777 21489 55%
c B  2.48 46 40 7 558 10010 2966  6% 9 138777 21489 55%
c -  2.71 46 38 8 742 12725 3764  7% 9 138777 21489 55%
c d  2.94 46 38 8 915 15001 5870  7% 9 138771 21486 54%
c 3  2.99 37 38 8 915 15001 13847  7% 9 138771 21486 54%
c 2  3.02 38 38 8 915 15001 13847  7% 9 138770 21482 54%
c p  3.05 38 38 8 915 15001 15219  7% 9 138770 21482 54%
c #  3.06 38 38 8 917 15014 15230  7% 9 138770 21482 54%
c s  3.15 40 38 8 965 15337 15504  7% 9 138448 21482 54%
c v  3.34 40 38 8 965 15337 15504  7% 9 124400 21482 54%
c w  3.39 40 38 8 965 15337 11772  7% 9 124400 21482 54%
c t  3.40 40 38 8 965 15337 11766  7% 9 124346 21482 54%
c e  3.62 40 38 8 965 15337 7888  7% 9 124291 21024 53%
c s  3.64 40 38 8 965 15337 7759  7% 9 123284 21024 53%
c e  3.71 40 38 8 965 15337 6701  7% 9 123484 20797 53%
c -  3.79 40 38 9 992 15813 2811  7% 9 123484 20797 53%
c -  4.10 40 37 10 1251 19087 4358  7% 9 123484 20797 53%
c B  4.31 40 37 10 1396 21017 6134  7% 9 123484 20797 53%
c 
c  seconds  reductions     redundant  irredundant
c         MB     restarts         trail       variables
c          level      conflicts       glue         remaining
c 
c -  4.49 40 36 11 1527 22689 5429  7% 9 123484 20797 53%
c i  4.53 40 35 11 1531 23370 5999  7% 9 123484 20784 53%
c -  4.87 40 34 12 1796 26618 5519  7% 9 121916 20784 53%
c O  5.05 40 34 12 1880 28019 6768  7% 9 121916 20784 53%
c d  5.31 40 33 12 2005 30001 8550  8% 9 121912 20782 53%
c 3  5.36 40 33 12 2005 30001 14503  8% 9 121912 20782 53%
c 2  5.39 40 33 12 2005 30001 14501  8% 9 121910 20781 53%
c p  5.42 40 33 12 2005 30001 16096  8% 9 121910 20781 53%
c s  5.55 40 33 12 2041 30759 16780  8% 9 121909 20781 53%
c v  5.78 40 33 12 2041 30759 16780  8% 9 107154 20781 53%
c w  5.86 40 33 12 2041 30759 14172  8% 9 107154 20781 53%
c t  5.86 40 33 12 2041 30759 14164  8% 9 106633 20781 53%
c e  5.94 40 33 12 2041 30759 12820  8% 9 106068 20258 51%
c s  5.97 40 33 12 2041 30759 12640  8% 9 105755 20258 51%
c e  6.03 40 33 12 2041 30759 11060  8% 9 105917 20092 51%
c -  6.08 40 33 13 2053 30855 5452  8% 9 105917 20092 51%
c -  6.58 40 31 14 2326 35160 6825  8% 9 105917 20092 51%
c B  6.70 40 31 14 2375 36020 7610  8% 9 105917 20092 51%
c -  7.35 40 30 15 2723 39772 7782  8% 9 105917 20092 51%
c -  8.16 40 29 16 3180 44693 8826  9% 9 105917 20092 51%
c 
c  seconds  reductions     redundant  irredundant
c         MB     restarts         trail       variables
c          level      conflicts       glue         remaining
c 
c I  8.20 40 29 16 3220 45021 9137  9% 9 105917 20092 51%
c -  9.06 40 29 17 3691 49920 9831  9% 9 105917 20092 51%
c s  9.11 40 29 17 3691 49946 9655  9% 9 105825 20092 51%
c v  9.47 40 29 17 3691 49946 9655  9% 9 88463 20092 51%
c w  9.60 40 29 17 3691 49946 9596  9% 9 88463 20092 51%
c t  9.60 40 29 17 3691 49946 9587  9% 9 88413 20091 51%
c e  9.68 40 29 17 3691 49946 7438  9% 9 88283 19793 50%
c s  9.72 40 29 17 3691 49946 7314  9% 9 88242 19793 50%
c e  9.74 40 29 17 3691 49946 7303  9% 9 88242 19784 50%
c 3  9.80 40 29 17 3691 50003 11784  9% 9 88242 19784 50%
c p  9.84 40 29 17 3691 50003 13312  9% 9 88242 19784 50%
c B 10.40 40 28 17 3965 55023 17886  9% 9 88242 19784 50%
c - 10.49 40 28 18 4013 55457 10155  9% 9 88242 19784 50%
c - 11.25 40 26 19 4222 61161 10635  9% 9 88242 19784 50%
c F 11.90 40 26 19 4523 66025 15006  9% 9 88242 19784 50%
c i 12.05 40 25 19 4596 67054 15964  9% 9 88242 19781 50%
c - 12.10 40 25 20 4598 67163 11300  9% 9 88049 19781 50%
c s 12.69 40 25 20 4784 71518 15190  9% 9 88030 19781 50%
c v 13.04 40 25 20 4784 71518 15190  9% 9 86934 19781 50%
c w 13.18 40 25 20 4784 71518 15187  9% 9 86934 19781 50%
c 
c  seconds  reductions      redundant  irredundant
c         MB     restarts          trail      variables
c          level      conflicts        glue        remaining
c 
c t 13.18 40 25 20 4784 71518 15185  9% 9 86918 19781 50%
c e 13.29 40 25 20 4784 71518 12979  9% 9 87049 19165 49%
c s 13.32 40 25 20 4784 71518 12911  9% 9 86957 19165 49%
c e 13.35 40 25 20 4784 71518 12905  9% 9 86965 19156 49%
c - 13.65 40 25 21 4903 73465 11340 10% 9 86965 19156 49%
c 3 13.86 40 25 21 4994 75004 16660 10% 9 86965 19156 49%
c 2 13.88 40 25 21 4994 75004 16658 10% 9 86965 19156 49%
c p 13.90 40 25 21 4994 75004 18129 10% 9 86965 19156 49%
c B 14.23 40 25 21 5122 78026 20892  9% 9 86965 19156 49%
c - 14.49 40 24 22 5171 80065 13290  9% 9 86965 19156 49%
c - 15.33 40 24 23 5513 86965 14121  9% 9 86965 19156 49%
c # 15.82 40 24 23 5696 91027 17806  9% 9 86965 19156 49%
c - 16.28 40 23 24 5960 94166 15177  9% 9 86965 19156 49%
c i 16.33 40 23 24 5972 94609 15543  9% 9 86965 19152 49%
c i 16.59 40 23 24 6060 96510 17100  9% 9 86965 19123 49%
c s 16.78 40 23 24 6111 97710 18132  9% 9 86953 19123 49%
c v 17.11 40 23 24 6111 97710 18132  9% 9 84780 19123 49%
c w 17.26 40 23 24 6111 97710 17081  9% 9 84780 19123 49%
c t 17.26 40 23 24 6111 97710 17063  9% 9 84780 19123 49%
c e 17.32 40 23 24 6111 97710 14478  9% 9 83643 18137 46%
c 
c  seconds  reductions      redundant  irredundant
c         MB     restarts          trail      variables
c          level      conflicts        glue        remaining
c 
c s 17.36 40 23 24 6111 97710 14335  9% 9 83589 18137 46%
c e 17.39 40 23 24 6111 97710 14202  9% 9 83588 18127 46%
c f 17.94 40 23 25 6316 101666 9825  9% 9 83588 18127 46%
c 3 18.34 40 22 25 6368 105005 16349  9% 9 83588 18127 46%
c 2 18.36 40 22 25 6368 105005 16330  9% 9 83587 18127 46%
c p 18.38 40 22 25 6368 105005 18665  9% 9 83587 18127 46%
c B 18.39 40 22 25 6375 105028 18686  9% 9 83587 18127 46%
c i 18.82 40 22 25 6436 108712 21842  9% 9 83587 18120 46%
c - 18.94 40 22 26 6436 109466 10655  9% 9 82963 18120 46%
c i 18.97 40 22 26 6436 109704 10818  9% 9 82963 18117 46%
c i 19.07 40 21 26 6436 110592 11555  9% 9 82963 18114 46%
c i 19.10 40 21 26 6436 110929 11819  9% 9 82963 18093 46%
c i 19.13 40 21 26 6436 111127 11994  9% 9 82963 18054 46%
c i 19.19 40 21 26 6436 111671 12426  9% 9 82963 18051 46%
c i 19.19 40 21 26 6436 111672 12426  9% 9 82963 18042 46%
c i 19.19 40 21 26 6436 111708 12454  9% 9 82963 17951 46%
c i 19.19 40 21 26 6436 111729 12468  9% 9 82963 17865 45%
c i 19.19 40 21 26 6436 111732 12470  9% 9 82963 17835 45%
c i 19.19 40 21 26 6436 111737 12473  9% 9 82963 17774 45%
c i 19.19 40 21 26 6436 111747 12479  9% 9 82963 17608 45%
c 
c  seconds  reductions       redundant  irredundant
c         MB     restarts           trail      variables
c          level      conflicts         glue        remaining
c 
c } 19.20 40 21 26 6436 111750 12480  9% 9 82963 16502 42%
c 0 19.20 40 21 26 6436 111750 12480  9% 9 82963 16502 42%
c 
c --- [ result ] -------------------------------------------------------------
c 
s UNSATISFIABLE
c 
c --- [ run-time profiling ] -------------------------------------------------
c 
c process time taken by individual solving procedures
c (percentage relative to process time for solving)
c 
c        14.29   74.76% search
c        14.29   74.76% unstable
c         4.82   25.24% simplify
c         2.08   10.88% vivify
c         1.52    7.97% elim
c         0.53    2.78% subsume
c         0.31    1.63% ternary
c         0.12    0.65% probe
c   =================================
c        19.12   99.58% solve
c 
c last line shows process time for solving
c (percentage relative to total process time)
c 
c --- [ statistics ] ---------------------------------------------------------
c 
c backtracked:              565832       506.34 %  of conflicts
c chronological:             43303         7.65 %  of backtracks
c conflicts:                111750      5845.89    per second
c decisions:                386125     20199.05    per second
c eliminated:                19952        50.61 %  of all variables
c fixed:                      2965         7.52 %  of all variables
c flushed:                    5573         4.99 %  per conflict
c learned:                  106690        95.47 %  per conflict
c minimized:               1250620        36.18 %  learned literals
c propagations:           67106753         3.51 M  per second
c reduced:                   57783        51.71 %  per conflict
c rephased:                     14      7982.14    interval
c restarts:                   6436        17.36    interval
c substituted:                   5         0.01 %  of all variables
c subsumed:                  68122         6.03 %  of all clauses
c strengthened:              22076         1.95 %  of all clauses
c ternary:                   46046         0.65 %  of resolved
c vivified:                  63970         5.66 %  of all clauses
c weakened:                  77607         4.48    average size
c 
c seconds are measured in process time for solving
c 
c --- [ resources ] ----------------------------------------------------------
c 
c total process time since initialization:        19.20    seconds
c total real time since initialization:           19.20    seconds
c maximum resident set size of process:           46.25    MB
c 
c --- [ shutting down ] ------------------------------------------------------
c 
c exit 20
