c --- [ banner ] -------------------------------------------------------------
c 
c CaDiCaL Radically Simplified CDCL SAT Solver
c Copyright (c) 2016-2019 Armin Biere, JKU Linz
c 
c Version 1.0.3 cb89cbfa16f47cb7bf1ec6ad9855e7b6d5203c18
c g++ (GCC) 6.3.0 -Wall -Wextra -O3 -DNDEBUG
c Fri Aug 23 08:17:16 CDT 2019 Linux login1 4.4.103-6.38-default x86_64
c 
c --- [ config ] -------------------------------------------------------------
c 
c using 'unsat' configuration (target unsatisfiable instances)
c 
c --- [ proof tracing ] ------------------------------------------------------
c 
c opening file to write '/tmp/44_1249_0_four.drat'
c writing binary proof trace to '/tmp/44_1249_0_four.drat'
c 
c --- [ parsing input ] ------------------------------------------------------
c 
c reading DIMACS file from '/tmp/44_1249_0_four.cnf'
c opening file to read '/tmp/44_1249_0_four.cnf'
c found 'p cnf 259840 1039929' header
c parsed 1039929 clauses in 0.62 seconds process time
c 
c --- [ options ] ------------------------------------------------------------
c 
c   --stabilize=false              (different from default 'true')
c   --walk=false                   (different from default 'true')
c 
c --- [ solving ] ------------------------------------------------------------
c 
c time measured in process time since initialization
c 
c  seconds   reductions  redundant   irredundant
c          MB    restarts       trail        variables
c           level   conflicts       glue           remaining
c 
c *  0.64 139  0 0   0    0    0  0% 0 1039424 253563 98%
c {  0.66 142  0 0   0    0    0  0% 0 1039424 253563 98%
c -  0.90 148 298 1  15  301  192  5% 6 918152 253563 98%
c I  1.46 148 99 1 115 1002  821  8% 10 918152 253563 98%
c -  2.13 178 77 2 141 1478 1193  9% 9 918152 253563 98%
c B  3.16 179 48 2 160 3003 2533 10% 8 918152 253563 98%
c -  3.68 179 45 3 173 3246 2046 10% 8 918152 253563 98%
c s  5.08 160 38 3 212 4081 2751 10% 8 918152 253563 98%
c w  6.91 183 38 3 212 4081 2749 10% 8 918152 253563 98%
c t  6.99 183 38 3 212 4081 2749 10% 8 917577 253563 98%
c e 10.05 205 38 3 212 4081   47 10% 8 227744 28135 11%
c s 10.34 205 38 3 212 4081   45 10% 8 227450 28135 11%
c e 10.74 205 38 3 212 4081   38 10% 8 227450 28034 11%
c 3 11.16 146 37 3 277 5001 3384  8% 8 227450 28034 11%
c 3 11.17 146 37 3 277 5001 3510  8% 8 227450 28034 11%
c d 11.23 146 37 3 277 5001 3462  8% 8 227450 28028 11%
c 2 11.26 146 37 3 277 5001 3450  8% 8 227450 28028 11%
c p 11.43 146 37 3 277 5001 6371  8% 8 227450 28020 11%
c - 11.56 146 35 4 307 5601 1530  7% 8 226859 28020 11%
c F 11.62 146 35 4 353 6004 1877  7% 8 226859 28020 11%
c 
c  seconds   reductions  redundant  irredundant
c          MB    restarts       trail       variables
c           level   conflicts       glue         remaining
c 
c - 11.84 146 32 5 435 7637 2478  7% 8 226859 28020 11%
c i 11.89 146 30 5 435 8161 2930  7% 8 226859 27991 11%
c i 11.91 146 30 5 443 8328 3062  7% 8 226859 27982 11%
c i 11.91 146 30 5 443 8388 3111  7% 8 226859 27976 11%
c i 11.91 146 30 5 443 8393 3115  7% 8 226859 27954 11%
c } 11.91 146 30 5 443 8401 3119  7% 8 226859 27626 11%
c 0 11.91 146 30 5 443 8401 3119  7% 8 226859 27626 11%
c 
c --- [ result ] -------------------------------------------------------------
c 
s UNSATISFIABLE
c 
c --- [ run-time profiling ] -------------------------------------------------
c 
c process time taken by individual solving procedures
c (percentage relative to process time for solving)
c 
c         6.53   57.81% simplify
c         4.74   42.01% search
c         4.72   41.83% unstable
c         3.35   29.68% elim
c         1.68   14.88% vivify
c         1.04    9.25% subsume
c         0.16    1.45% probe
c         0.10    0.89% ternary
c         0.02    0.18% lucky
c   =================================
c        11.29   94.80% solve
c 
c last line shows process time for solving
c (percentage relative to total process time)
c 
c --- [ statistics ] ---------------------------------------------------------
c 
c backtracked:               25852       307.73 %  of conflicts
c chronological:              3312        12.81 %  of backtracks
c conflicts:                  8401       743.98    per second
c decisions:                 33393      2957.23    per second
c eliminated:               225529        86.80 %  of all variables
c fixed:                      6679         2.57 %  of all variables
c learned:                    7788        92.70 %  per conflict
c minimized:                 74459        24.21 %  learned literals
c propagations:           14902001         1.32 M  per second
c reduced:                    1515        18.03 %  per conflict
c rephased:                      3      2800.33    interval
c restarts:                    443        18.96    interval
c substituted:                   6         0.00 %  of all variables
c subsumed:                   5972         0.20 %  of all clauses
c strengthened:              15796         0.52 %  of all clauses
c ternary:                    3063         0.29 %  of resolved
c vivified:                     87         0.00 %  of all clauses
c weakened:                 806282         2.84    average size
c 
c seconds are measured in process time for solving
c 
c --- [ resources ] ----------------------------------------------------------
c 
c total process time since initialization:        11.91    seconds
c total real time since initialization:           11.92    seconds
c maximum resident set size of process:          211.57    MB
c 
c --- [ shutting down ] ------------------------------------------------------
c 
c exit 20
