c --- [ banner ] -------------------------------------------------------------
c 
c CaDiCaL Radically Simplified CDCL SAT Solver
c Copyright (c) 2016-2019 Armin Biere, JKU Linz
c 
c Version 1.0.3 cb89cbfa16f47cb7bf1ec6ad9855e7b6d5203c18
c g++ (GCC) 6.3.0 -Wall -Wextra -O3 -DNDEBUG
c Fri Aug 23 08:17:16 CDT 2019 Linux login1 4.4.103-6.38-default x86_64
c 
c --- [ config ] -------------------------------------------------------------
c 
c using 'unsat' configuration (target unsatisfiable instances)
c 
c --- [ proof tracing ] ------------------------------------------------------
c 
c opening file to write '/tmp/44_1259_0_four.drat'
c writing binary proof trace to '/tmp/44_1259_0_four.drat'
c 
c --- [ parsing input ] ------------------------------------------------------
c 
c reading DIMACS file from '/tmp/44_1259_0_four.cnf'
c opening file to read '/tmp/44_1259_0_four.cnf'
c found 'p cnf 259840 1039929' header
c parsed 1039929 clauses in 0.44 seconds process time
c 
c --- [ options ] ------------------------------------------------------------
c 
c   --stabilize=false              (different from default 'true')
c   --walk=false                   (different from default 'true')
c 
c --- [ solving ] ------------------------------------------------------------
c 
c time measured in process time since initialization
c 
c  seconds   reductions  redundant   irredundant
c          MB    restarts       trail        variables
c           level   conflicts       glue           remaining
c 
c *  0.46 139  0 0   0    0    0  0% 0 1039424 253561 98%
c {  0.48 142  0 0   0    0    0  0% 0 1039424 253561 98%
c -  0.77 150 292 1  17  300  197  6% 5 918152 253561 98%
c I  1.17 150 86 1 129 1002  800  7% 9 918152 253561 98%
c -  1.65 180 61 2 138 1478 1190  7% 8 918152 253561 98%
c B  2.35 181 36 2 214 3005 2490  7% 8 918152 253561 98%
c -  2.74 181 36 3 245 3244 2166  7% 8 918152 253561 98%
c s  3.85 162 31 3 313 4071 2846  7% 8 918152 253561 98%
c w  5.33 188 31 3 313 4071 2843  7% 8 918152 253561 98%
c t  5.39 189 31 3 313 4071 2843  7% 8 917627 253561 98%
c e  8.05 201 31 3 313 4071   39  7% 8 227569 28069 11%
c s  8.28 202 31 3 313 4071   39  7% 8 227337 28069 11%
c e  8.55 202 31 3 313 4071   38  7% 8 227337 28014 11%
c 3  8.84 202 33 3 348 5001 3369  7% 8 227337 28014 11%
c 3  8.85 202 33 3 348 5001 3517  7% 8 227337 28014 11%
c d  8.90 202 33 3 348 5001 3471  7% 8 227337 28009 11%
c 2  8.92 202 33 3 348 5001 3461  7% 8 227337 28009 11%
c p  9.02 202 33 3 348 5001 7425  7% 8 227337 27971 11%
c -  9.14 149 31 4 384 5599 1569  7% 8 225011 27971 11%
c F  9.18 149 31 4 402 6007 1945  7% 8 225011 27971 11%
c 
c  seconds   reductions  redundant  irredundant
c          MB    restarts       trail       variables
c           level   conflicts       glue         remaining
c 
c i  9.22 149 30 4 413 6422 2301  7% 8 225011 27965 11%
c i  9.22 149 30 4 413 6479 2335  7% 8 225011 27925 11%
c }  9.24 149 29 4 421 6630 2468  7% 8 225011 27456 11%
c 0  9.24 149 29 4 421 6630 2468  7% 8 225011 27456 11%
c 
c --- [ result ] -------------------------------------------------------------
c 
s UNSATISFIABLE
c 
c --- [ run-time profiling ] -------------------------------------------------
c 
c process time taken by individual solving procedures
c (percentage relative to process time for solving)
c 
c         5.34   60.74% simplify
c         3.43   39.04% search
c         3.41   38.81% unstable
c         2.86   32.53% elim
c         1.35   15.38% vivify
c         0.81    9.24% subsume
c         0.10    1.14% probe
c         0.08    0.86% ternary
c         0.02    0.23% lucky
c   =================================
c         8.79   95.19% solve
c 
c last line shows process time for solving
c (percentage relative to total process time)
c 
c --- [ statistics ] ---------------------------------------------------------
c 
c backtracked:               21373       322.37 %  of conflicts
c chronological:              2635        12.33 %  of backtracks
c conflicts:                  6630       754.09    per second
c decisions:                 26933      3063.35    per second
c eliminated:               225547        86.80 %  of all variables
c fixed:                      6832         2.63 %  of all variables
c learned:                    6138        92.58 %  per conflict
c minimized:                 64718        28.87 %  learned literals
c propagations:           13449417         1.53 M  per second
c reduced:                     579         8.73 %  per conflict
c rephased:                      3      2210.00    interval
c restarts:                    421        15.75    interval
c substituted:                   5         0.00 %  of all variables
c subsumed:                   6121         0.20 %  of all clauses
c strengthened:              15780         0.52 %  of all clauses
c ternary:                    3166         0.29 %  of resolved
c vivified:                     78         0.00 %  of all clauses
c weakened:                 806324         2.84    average size
c 
c seconds are measured in process time for solving
c 
c --- [ resources ] ----------------------------------------------------------
c 
c total process time since initialization:         9.24    seconds
c total real time since initialization:            9.24    seconds
c maximum resident set size of process:          213.82    MB
c 
c --- [ shutting down ] ------------------------------------------------------
c 
c exit 20
