c --- [ banner ] -------------------------------------------------------------
c 
c CaDiCaL Radically Simplified CDCL SAT Solver
c Copyright (c) 2016-2019 Armin Biere, JKU Linz
c 
c Version 1.0.3 cb89cbfa16f47cb7bf1ec6ad9855e7b6d5203c18
c g++ (GCC) 6.3.0 -Wall -Wextra -O3 -DNDEBUG
c Fri Aug 23 08:17:16 CDT 2019 Linux login1 4.4.103-6.38-default x86_64
c 
c --- [ config ] -------------------------------------------------------------
c 
c using 'unsat' configuration (target unsatisfiable instances)
c 
c --- [ proof tracing ] ------------------------------------------------------
c 
c opening file to write '/tmp/18_325_0_six.drat'
c writing binary proof trace to '/tmp/18_325_0_six.drat'
c 
c --- [ parsing input ] ------------------------------------------------------
c 
c reading DIMACS file from '/tmp/18_325_0_six.cnf'
c opening file to read '/tmp/18_325_0_six.cnf'
c found 'p cnf 50176 399289' header
c parsed 399289 clauses in 0.27 seconds process time
c 
c --- [ options ] ------------------------------------------------------------
c 
c   --stabilize=false              (different from default 'true')
c   --walk=false                   (different from default 'true')
c 
c --- [ solving ] ------------------------------------------------------------
c 
c time measured in process time since initialization
c 
c  seconds  reductions  redundant  irredundant
c         MB    restarts       trail       variables
c          level   conflicts       glue         remaining
c 
c *  0.27 44  0 0   0    0    0  0% 0 363642 48268 96%
c {  0.27 45  0 0   0    0    0  0% 0 363642 48268 96%
c -  0.33 46 70 1  21  317  197  8% 8 349910 48268 96%
c I  0.41 47 87 1  75 1004  646 11% 10 349910 48268 96%
c -  0.53 60 77 2 109 1250  731 11% 11 349910 48268 96%
c -  0.71 60 65 3 161 2639 1235 10% 11 349910 48268 96%
c B  0.75 60 64 3 167 3005 1498 10% 11 349910 48268 96%
c -  0.95 60 58 4 206 4491 1912 10% 10 349910 48268 96%
c d  1.14 61 55 4 252 5000 2305 10% 10 345206 45916 92%
c 2  1.34 61 55 4 252 5000 2305 10% 10 339326 45916 92%
c p  1.52 63 55 4 252 5000 9581 10% 10 339326 45916 92%
c s  1.86 70 57 4 271 5827 10187 11% 10 339324 45916 92%
c v  2.31 70 57 4 271 5827 10187 11% 10 335662 45916 92%
c w  2.43 70 57 4 271 5827 10160 11% 10 335662 45797 91%
c t  2.47 70 57 4 271 5827 10158 11% 10 304638 45797 91%
c e  3.28 65 57 4 271 5827 4033 11% 10 283725 28874 58%
c F  3.59 74 56 4 281 6010 4165  4% 10 283725 28874 58%
c -  3.72 74 55 5 387 6816 1157  5% 11 283725 28874 58%
c -  3.95 74 42 6 402 9433 2449  6% 10 283725 28874 58%
c B  4.01 74 43 6 458 10014 2868  6% 10 283725 28874 58%
c 
c  seconds  reductions   redundant  irredundant
c         MB    restarts        trail       variables
c          level    conflicts       glue         remaining
c 
c i  4.16 74 40 6 500 11615 4114  6% 9 283725 28861 58%
c i  4.16 74 40 6 500 11637 4131  6% 9 283725 28860 58%
c i  4.16 74 40 6 500 11638 4131  6% 9 283725 28850 57%
c }  4.16 74 40 6 500 11654 4140  6% 9 283725 28445 57%
c 0  4.16 74 40 6 500 11654 4140  6% 9 283725 28445 57%
c 
c --- [ result ] -------------------------------------------------------------
c 
s UNSATISFIABLE
c 
c --- [ run-time profiling ] -------------------------------------------------
c 
c process time taken by individual solving procedures
c (percentage relative to process time for solving)
c 
c         2.16   55.54% simplify
c         1.73   44.46% search
c         1.73   44.35% unstable
c         0.79   20.33% elim
c         0.51   13.04% vivify
c         0.26    6.67% subsume
c         0.18    4.72% probe
c         0.15    3.90% ternary
c         0.00    0.10% lucky
c   =================================
c         3.90   93.56% solve
c 
c last line shows process time for solving
c (percentage relative to total process time)
c 
c --- [ statistics ] ---------------------------------------------------------
c 
c backtracked:               33530       287.71 %  of conflicts
c chronological:              4124        12.30 %  of backtracks
c conflicts:                 11654      2991.27    per second
c decisions:                 55322     14199.69    per second
c eliminated:                16923        33.73 %  of all variables
c fixed:                      2456         4.89 %  of all variables
c learned:                    9897        84.92 %  per conflict
c minimized:                153995        29.63 %  learned literals
c propagations:            5968630         1.53 M  per second
c reduced:                    1913        16.41 %  per conflict
c rephased:                      4      2913.50    interval
c restarts:                    500        23.31    interval
c substituted:                2352         4.69 %  of all variables
c subsumed:                  11282         0.88 %  of all clauses
c strengthened:               3840         0.30 %  of all clauses
c vivified:                   3821         0.30 %  of all clauses
c weakened:                 107460         4.02    average size
c 
c seconds are measured in process time for solving
c 
c --- [ resources ] ----------------------------------------------------------
c 
c total process time since initialization:         4.16    seconds
c total real time since initialization:            4.17    seconds
c maximum resident set size of process:           74.19    MB
c 
c --- [ shutting down ] ------------------------------------------------------
c 
c exit 20
