c --- [ banner ] -------------------------------------------------------------
c 
c CaDiCaL Radically Simplified CDCL SAT Solver
c Copyright (c) 2016-2019 Armin Biere, JKU Linz
c 
c Version 1.0.3 cb89cbfa16f47cb7bf1ec6ad9855e7b6d5203c18
c g++ (GCC) 6.3.0 -Wall -Wextra -O3 -DNDEBUG
c Fri Aug 23 08:17:16 CDT 2019 Linux login1 4.4.103-6.38-default x86_64
c 
c --- [ config ] -------------------------------------------------------------
c 
c using 'unsat' configuration (target unsatisfiable instances)
c 
c --- [ proof tracing ] ------------------------------------------------------
c 
c opening file to write '/tmp/61_1289_0_four.drat'
c writing binary proof trace to '/tmp/61_1289_0_four.drat'
c 
c --- [ parsing input ] ------------------------------------------------------
c 
c reading DIMACS file from '/tmp/61_1289_0_four.cnf'
c opening file to read '/tmp/61_1289_0_four.cnf'
c found 'p cnf 43008 265785' header
c parsed 265785 clauses in 0.10 seconds process time
c 
c --- [ options ] ------------------------------------------------------------
c 
c   --stabilize=false              (different from default 'true')
c   --walk=false                   (different from default 'true')
c 
c --- [ solving ] ------------------------------------------------------------
c 
c time measured in process time since initialization
c 
c  seconds  reductions  redundant  irredundant
c         MB    restarts       trail       variables
c          level   conflicts       glue         remaining
c 
c *  0.10 31  0 0   0    0    0  0% 0 242048 41535 97%
c {  0.10 31  0 0   0    0    0  0% 0 242048 41535 97%
c -  0.14 32 43 1  18  301  236  6% 9 234239 41535 97%
c I  0.22 34 55 1  86 1006  785  8% 10 234239 41535 97%
c -  0.30 42 63 2  86 1122  752  9% 10 234239 41535 97%
c -  0.47 42 67 3 171 2356 1355 11% 10 234239 41535 97%
c i  0.50 42 68 3 178 2516 1488 11% 10 234239 41514 97%
c i  0.50 42 68 3 178 2517 1488 11% 10 234239 41430 96%
c i  0.52 42 64 3 178 2856 1754 11% 9 234239 41404 96%
c i  0.52 42 64 3 178 2863 1757 11% 9 234239 41380 96%
c i  0.52 42 64 3 178 2869 1761 11% 9 234239 41373 96%
c }  0.52 42 63 3 178 2874 1759 10% 9 234239 41230 96%
c 0  0.52 42 63 3 178 2874 1759 10% 9 234239 41230 96%
c 
c --- [ result ] -------------------------------------------------------------
c 
s UNSATISFIABLE
c 
c --- [ run-time profiling ] -------------------------------------------------
c 
c process time taken by individual solving procedures
c (percentage relative to process time for solving)
c 
c         0.42  100.00% search
c         0.42  100.00% unstable
c         0.00    0.00% simplify
c   =================================
c         0.42   80.15% solve
c 
c last line shows process time for solving
c (percentage relative to total process time)
c 
c --- [ statistics ] ---------------------------------------------------------
c 
c backtracked:                3521       122.51 %  of conflicts
c chronological:              1255        35.64 %  of backtracks
c conflicts:                  2874      6842.86    per second
c decisions:                 19227     45778.57    per second
c fixed:                      1778         4.13 %  of all variables
c learned:                    2477        86.19 %  per conflict
c minimized:                 18604        20.41 %  learned literals
c propagations:            1167784         2.78 M  per second
c reduced:                     556        19.35 %  per conflict
c rephased:                      1      2874.00    interval
c restarts:                    178        16.15    interval
c subsumed:                    156         0.03 %  of all clauses
c 
c seconds are measured in process time for solving
c 
c --- [ resources ] ----------------------------------------------------------
c 
c total process time since initialization:         0.52    seconds
c total real time since initialization:            0.52    seconds
c maximum resident set size of process:           48.56    MB
c 
c --- [ shutting down ] ------------------------------------------------------
c 
c exit 20
