c --- [ banner ] -------------------------------------------------------------
c 
c CaDiCaL Radically Simplified CDCL SAT Solver
c Copyright (c) 2016-2019 Armin Biere, JKU Linz
c 
c Version 1.0.3 cb89cbfa16f47cb7bf1ec6ad9855e7b6d5203c18
c g++ (GCC) 6.3.0 -Wall -Wextra -O3 -DNDEBUG
c Fri Aug 23 08:17:16 CDT 2019 Linux login1 4.4.103-6.38-default x86_64
c 
c --- [ config ] -------------------------------------------------------------
c 
c using 'unsat' configuration (target unsatisfiable instances)
c 
c --- [ proof tracing ] ------------------------------------------------------
c 
c opening file to write '/tmp/35_1298_0_four.drat'
c writing binary proof trace to '/tmp/35_1298_0_four.drat'
c 
c --- [ parsing input ] ------------------------------------------------------
c 
c reading DIMACS file from '/tmp/35_1298_0_four.cnf'
c opening file to read '/tmp/35_1298_0_four.cnf'
c found 'p cnf 259840 1039934' header
c parsed 1039934 clauses in 0.62 seconds process time
c 
c --- [ options ] ------------------------------------------------------------
c 
c   --stabilize=false              (different from default 'true')
c   --walk=false                   (different from default 'true')
c 
c --- [ solving ] ------------------------------------------------------------
c 
c time measured in process time since initialization
c 
c  seconds   reductions  redundant   irredundant
c          MB    restarts       trail        variables
c           level   conflicts       glue           remaining
c 
c *  0.64 139  0 0   0    0    0  0% 0 1039424 253716 98%
c {  0.66 142  0 0   0    0    0  0% 0 1039424 253716 98%
c -  0.95 149 303 1  26  301  199  5% 6 920257 253716 98%
c I  1.23 149 84 1 112 1002  814  6% 8 920257 253716 98%
c -  1.69 180 58 2 123 1479 1195  6% 8 920257 253716 98%
c B  2.46 180 43 2 298 3004 2501  7% 9 920257 253716 98%
c -  2.86 180 42 3 314 3248 2209  7% 9 920257 253716 98%
c s  3.92 161 37 3 371 4070 2892  7% 8 920257 253716 98%
c w  5.40 184 37 3 371 4070 2886  7% 8 920257 253716 98%
c t  5.46 185 37 3 371 4070 2885  7% 8 919636 253716 98%
c e  8.15 201 37 3 371 4070   32  7% 8 228230 28108 11%
c s  8.39 201 37 3 371 4070   30  7% 8 228046 28108 11%
c e  8.68 201 37 3 371 4070   27  7% 8 228046 28057 11%
c 3  9.00 148 36 3 417 5001 3336  7% 8 228046 28057 11%
c 3  9.01 148 36 3 417 5001 3444  7% 8 228046 28057 11%
c d  9.06 148 36 3 417 5001 3402  7% 8 228046 28052 11%
c 2  9.08 148 36 3 417 5001 3392  7% 8 228046 28052 11%
c p  9.15 148 36 3 417 5001 5976  7% 8 228046 28052 11%
c -  9.28 148 36 4 457 5606 1474  6% 8 228046 28052 11%
c F  9.31 148 35 4 479 6005 1822  6% 9 228046 28052 11%
c 
c  seconds   reductions  redundant  irredundant
c          MB    restarts       trail       variables
c           level   conflicts       glue         remaining
c 
c -  9.48 148 30 5 516 7643 2465  6% 8 228046 28052 11%
c i  9.54 148 28 5 521 8396 3087  6% 8 228046 28049 11%
c i  9.58 148 27 5 537 8935 3525  6% 8 228046 28037 11%
c i  9.58 148 27 5 537 8937 3526  6% 8 228046 28036 11%
c i  9.58 148 27 5 537 8952 3538  6% 8 228046 27543 11%
c i  9.58 148 27 5 537 8953 3538  6% 8 228046 27533 11%
c i  9.58 148 27 5 537 8955 3539  6% 8 228046 27354 11%
c }  9.58 148 27 5 537 8957 3539  6% 8 228046 27162 10%
c 0  9.58 148 27 5 537 8957 3539  6% 8 228046 27162 10%
c 
c --- [ result ] -------------------------------------------------------------
c 
s UNSATISFIABLE
c 
c --- [ run-time profiling ] -------------------------------------------------
c 
c process time taken by individual solving procedures
c (percentage relative to process time for solving)
c 
c         5.36   59.81% simplify
c         3.58   39.96% search
c         3.56   39.74% unstable
c         2.90   32.34% elim
c         1.34   14.99% vivify
c         0.82    9.19% subsume
c         0.09    0.98% ternary
c         0.06    0.71% probe
c         0.02    0.22% lucky
c   =================================
c         8.97   93.57% solve
c 
c last line shows process time for solving
c (percentage relative to total process time)
c 
c --- [ statistics ] ---------------------------------------------------------
c 
c backtracked:               20767       231.85 %  of conflicts
c chronological:              3503        16.87 %  of backtracks
c conflicts:                  8957       998.77    per second
c decisions:                 34271      3821.48    per second
c eliminated:               225659        86.85 %  of all variables
c fixed:                      7014         2.70 %  of all variables
c learned:                    8290        92.55 %  per conflict
c minimized:                 86416        28.48 %  learned literals
c propagations:           12673128         1.41 M  per second
c reduced:                    1278        14.27 %  per conflict
c rephased:                      3      2985.67    interval
c restarts:                    537        16.68    interval
c substituted:                   5         0.00 %  of all variables
c subsumed:                   6309         0.21 %  of all clauses
c strengthened:              15531         0.51 %  of all clauses
c ternary:                    3031         0.30 %  of resolved
c vivified:                     73         0.00 %  of all clauses
c weakened:                 808203         2.84    average size
c 
c seconds are measured in process time for solving
c 
c --- [ resources ] ----------------------------------------------------------
c 
c total process time since initialization:         9.58    seconds
c total real time since initialization:            9.58    seconds
c maximum resident set size of process:          213.21    MB
c 
c --- [ shutting down ] ------------------------------------------------------
c 
c exit 20
