c --- [ banner ] -------------------------------------------------------------
c 
c CaDiCaL Radically Simplified CDCL SAT Solver
c Copyright (c) 2016-2019 Armin Biere, JKU Linz
c 
c Version 1.0.3 cb89cbfa16f47cb7bf1ec6ad9855e7b6d5203c18
c g++ (GCC) 6.3.0 -Wall -Wextra -O3 -DNDEBUG
c Fri Aug 23 08:17:16 CDT 2019 Linux login1 4.4.103-6.38-default x86_64
c 
c --- [ config ] -------------------------------------------------------------
c 
c using 'unsat' configuration (target unsatisfiable instances)
c 
c --- [ proof tracing ] ------------------------------------------------------
c 
c opening file to write '/tmp/35_184_0_four.drat'
c writing binary proof trace to '/tmp/35_184_0_four.drat'
c 
c --- [ parsing input ] ------------------------------------------------------
c 
c reading DIMACS file from '/tmp/35_184_0_four.cnf'
c opening file to read '/tmp/35_184_0_four.cnf'
c found 'p cnf 259840 1039934' header
c parsed 1039934 clauses in 0.46 seconds process time
c 
c --- [ options ] ------------------------------------------------------------
c 
c   --stabilize=false              (different from default 'true')
c   --walk=false                   (different from default 'true')
c 
c --- [ solving ] ------------------------------------------------------------
c 
c time measured in process time since initialization
c 
c  seconds   reductions  redundant   irredundant
c          MB    restarts       trail        variables
c           level   conflicts       glue           remaining
c 
c *  0.48 139  0 0   0    0    0  0% 0 1039424 253224 97%
c {  0.50 142  0 0   0    0    0  0% 0 1039424 253224 97%
c i  0.55 146 309 0   6  281  170  5% 4 1039424 252873 97%
c -  0.69 146 289 1  12  302  187  5% 4 907643 252873 97%
c i  0.96 146 139 1  68  597  452  7% 7 907643 252005 97%
c I  1.28 146 85 1 131 1004  818  8% 8 907643 251885 97%
c -  1.95 176 65 2 176 1477 1191  9% 8 894414 251885 97%
c i  2.23 176 50 2 187 1932 1575  9% 7 894414 251739 97%
c i  2.24 176 49 2 187 1948 1586  9% 7 894414 251691 97%
c i  2.24 176 49 2 187 1949 1586  9% 7 894414 251473 97%
c }  2.25 176 48 2 187 1982 1611  9% 7 894414 249685 96%
c 0  2.25 176 48 2 187 1982 1611  9% 7 894414 249685 96%
c 
c --- [ result ] -------------------------------------------------------------
c 
s UNSATISFIABLE
c 
c --- [ run-time profiling ] -------------------------------------------------
c 
c process time taken by individual solving procedures
c (percentage relative to process time for solving)
c 
c         1.77   98.88% search
c         1.75   97.77% unstable
c         0.02    1.12% lucky
c         0.00    0.00% simplify
c   =================================
c         1.79   79.72% solve
c 
c last line shows process time for solving
c (percentage relative to total process time)
c 
c --- [ statistics ] ---------------------------------------------------------
c 
c backtracked:                2495       125.88 %  of conflicts
c chronological:               897        35.95 %  of backtracks
c conflicts:                  1982      1106.03    per second
c decisions:                 11616      6482.14    per second
c fixed:                     10155         3.91 %  of all variables
c learned:                    1830        92.33 %  per conflict
c minimized:                 12261        22.59 %  learned literals
c propagations:            5002923         2.79 M  per second
c reduced:                      28         1.41 %  per conflict
c rephased:                      1      1982.00    interval
c restarts:                    187        10.60    interval
c subsumed:                    180         0.01 %  of all clauses
c 
c seconds are measured in process time for solving
c 
c --- [ resources ] ----------------------------------------------------------
c 
c total process time since initialization:         2.25    seconds
c total real time since initialization:            2.25    seconds
c maximum resident set size of process:          175.99    MB
c 
c --- [ shutting down ] ------------------------------------------------------
c 
c exit 20
