c --- [ banner ] -------------------------------------------------------------
c 
c CaDiCaL Radically Simplified CDCL SAT Solver
c Copyright (c) 2016-2019 Armin Biere, JKU Linz
c 
c Version 1.0.3 cb89cbfa16f47cb7bf1ec6ad9855e7b6d5203c18
c g++ (GCC) 6.3.0 -Wall -Wextra -O3 -DNDEBUG
c Fri Aug 23 08:17:16 CDT 2019 Linux login1 4.4.103-6.38-default x86_64
c 
c --- [ config ] -------------------------------------------------------------
c 
c using 'unsat' configuration (target unsatisfiable instances)
c 
c --- [ proof tracing ] ------------------------------------------------------
c 
c opening file to write '/tmp/35_392_0_four.drat'
c writing binary proof trace to '/tmp/35_392_0_four.drat'
c 
c --- [ parsing input ] ------------------------------------------------------
c 
c reading DIMACS file from '/tmp/35_392_0_four.cnf'
c opening file to read '/tmp/35_392_0_four.cnf'
c found 'p cnf 259840 1039934' header
c parsed 1039934 clauses in 0.66 seconds process time
c 
c --- [ options ] ------------------------------------------------------------
c 
c   --stabilize=false              (different from default 'true')
c   --walk=false                   (different from default 'true')
c 
c --- [ solving ] ------------------------------------------------------------
c 
c time measured in process time since initialization
c 
c  seconds   reductions  redundant   irredundant
c          MB    restarts       trail        variables
c           level   conflicts       glue           remaining
c 
c *  0.68 139  0 0   0    0    0  0% 0 1039424 253354 98%
c {  0.71 142  0 0   0    0    0  0% 0 1039424 253354 98%
c -  0.96 148 298 1  12  300  193  5% 6 916011 253354 98%
c i  1.08 148 231 1  34  401  281  6% 7 916011 252745 97%
c I  1.36 148 89 1 116 1002  774  6% 9 916011 252745 97%
c -  1.96 178 68 2 134 1478 1147  7% 8 905550 252745 97%
c i  2.46 178 48 2 204 2235 1792  8% 8 905550 252711 97%
c i  2.46 178 48 2 204 2240 1796  8% 8 905550 252585 97%
c i  2.46 178 48 2 204 2241 1796  8% 8 905550 252037 97%
c }  2.46 178 48 2 204 2243 1796  8% 8 905550 251513 97%
c 0  2.46 178 48 2 204 2243 1796  8% 8 905550 251513 97%
c 
c --- [ result ] -------------------------------------------------------------
c 
s UNSATISFIABLE
c 
c --- [ run-time profiling ] -------------------------------------------------
c 
c process time taken by individual solving procedures
c (percentage relative to process time for solving)
c 
c         1.78   98.45% search
c         1.75   97.12% unstable
c         0.02    1.33% lucky
c         0.00    0.00% simplify
c   =================================
c         1.80   73.33% solve
c 
c last line shows process time for solving
c (percentage relative to total process time)
c 
c --- [ statistics ] ---------------------------------------------------------
c 
c backtracked:                2799       124.79 %  of conflicts
c chronological:              1006        35.94 %  of backtracks
c conflicts:                  2243      1243.35    per second
c decisions:                 13244      7341.46    per second
c fixed:                      8327         3.20 %  of all variables
c learned:                    2026        90.33 %  per conflict
c minimized:                 13798        22.22 %  learned literals
c propagations:            5379371         2.98 M  per second
c reduced:                      41         1.83 %  per conflict
c rephased:                      1      2243.00    interval
c restarts:                    204        11.00    interval
c subsumed:                    182         0.01 %  of all clauses
c 
c seconds are measured in process time for solving
c 
c --- [ resources ] ----------------------------------------------------------
c 
c total process time since initialization:         2.46    seconds
c total real time since initialization:            2.46    seconds
c maximum resident set size of process:          178.13    MB
c 
c --- [ shutting down ] ------------------------------------------------------
c 
c exit 20
