c --- [ banner ] -------------------------------------------------------------
c 
c CaDiCaL Radically Simplified CDCL SAT Solver
c Copyright (c) 2016-2019 Armin Biere, JKU Linz
c 
c Version 1.0.3 cb89cbfa16f47cb7bf1ec6ad9855e7b6d5203c18
c g++ (GCC) 6.3.0 -Wall -Wextra -O3 -DNDEBUG
c Fri Aug 23 08:17:16 CDT 2019 Linux login1 4.4.103-6.38-default x86_64
c 
c --- [ config ] -------------------------------------------------------------
c 
c using 'unsat' configuration (target unsatisfiable instances)
c 
c --- [ proof tracing ] ------------------------------------------------------
c 
c opening file to write '/tmp/35_985_0_four.drat'
c writing binary proof trace to '/tmp/35_985_0_four.drat'
c 
c --- [ parsing input ] ------------------------------------------------------
c 
c reading DIMACS file from '/tmp/35_985_0_four.cnf'
c opening file to read '/tmp/35_985_0_four.cnf'
c found 'p cnf 259840 1039934' header
c parsed 1039934 clauses in 0.54 seconds process time
c 
c --- [ options ] ------------------------------------------------------------
c 
c   --stabilize=false              (different from default 'true')
c   --walk=false                   (different from default 'true')
c 
c --- [ solving ] ------------------------------------------------------------
c 
c time measured in process time since initialization
c 
c  seconds   reductions  redundant   irredundant
c          MB    restarts       trail        variables
c           level   conflicts       glue           remaining
c 
c *  0.56 139  0 0   0    0    0  0% 0 1039424 253848 98%
c {  0.58 142  0 0   0    0    0  0% 0 1039424 253848 98%
c -  0.81 147 321 1   9  300  181  5% 4 922358 253848 98%
c I  1.36 147 100 1 119 1002  793  7% 9 922358 253848 98%
c -  1.89 178 72 2 150 1479 1175  6% 9 922358 253848 98%
c B  2.96 178 49 2 235 3006 2478  8% 9 922358 253848 98%
c -  3.39 178 47 3 249 3247 2109  8% 9 922358 253848 98%
c s  4.66 159 41 3 295 4068 2819  8% 9 922358 253848 98%
c v  5.96 182 41 3 295 4068 2819  8% 9 922357 253848 98%
c w  6.29 183 41 3 295 4068 2817  8% 9 922357 253848 98%
c t  6.36 183 41 3 295 4068 2816  8% 9 921734 253848 98%
c e  9.07 204 41 3 295 4068   29  8% 9 229118 28233 11%
c s  9.32 204 41 3 295 4068   28  8% 9 228832 28233 11%
c e  9.62 146 41 3 295 4068   26  8% 9 228832 28156 11%
c i  9.86 171 39 3 340 4816  651  5% 8 228832 28148 11%
c 3  9.94 171 39 3 358 5000 4644  6% 9 228832 28148 11%
c 3  9.95 171 39 3 358 5000 4662  6% 9 228832 28148 11%
c d 10.00 171 39 3 358 5000 4602  6% 9 228243 28147 11%
c 2 10.02 171 39 3 358 5000 4600  6% 9 228163 28107 11%
c p 10.08 171 39 3 358 5000 5287  6% 9 228163 28107 11%
c 
c  seconds   reductions  redundant  irredundant
c          MB    restarts       trail       variables
c           level   conflicts       glue         remaining
c 
c - 10.20 171 37 4 374 5604 1409  6% 8 228163 28107 11%
c F 10.25 171 37 4 416 6007 1773  6% 8 228163 28107 11%
c i 10.36 171 32 4 445 7311 2862  6% 8 228163 28084 11%
c - 10.44 171 31 5 453 7641 2042  6% 8 226884 28084 11%
c i 10.58 171 28 5 488 8879 3079  7% 8 226884 28006 11%
c i 10.58 171 27 5 488 8883 3073  7% 8 226884 27998 11%
c } 10.58 171 27 5 488 8890 3078  7% 8 226884 27404 11%
c 0 10.58 171 27 5 488 8890 3078  7% 8 226884 27404 11%
c 
c --- [ result ] -------------------------------------------------------------
c 
s UNSATISFIABLE
c 
c --- [ run-time profiling ] -------------------------------------------------
c 
c process time taken by individual solving procedures
c (percentage relative to process time for solving)
c 
c         5.66   56.36% simplify
c         4.36   43.44% search
c         4.34   43.24% unstable
c         2.94   29.25% elim
c         1.50   14.91% vivify
c         0.93    9.25% subsume
c         0.08    0.84% ternary
c         0.06    0.60% probe
c         0.02    0.20% lucky
c   =================================
c        10.04   94.86% solve
c 
c last line shows process time for solving
c (percentage relative to total process time)
c 
c --- [ statistics ] ---------------------------------------------------------
c 
c backtracked:               22339       251.28 %  of conflicts
c chronological:              3484        15.60 %  of backtracks
c conflicts:                  8890       885.81    per second
c decisions:                 36637      3650.56    per second
c eliminated:               225692        86.86 %  of all variables
c fixed:                      6703         2.58 %  of all variables
c learned:                    8186        92.08 %  per conflict
c minimized:                 85332        28.16 %  learned literals
c propagations:           15219981         1.52 M  per second
c reduced:                    1166        13.12 %  per conflict
c rephased:                      3      2963.33    interval
c restarts:                    488        18.22    interval
c substituted:                  41         0.02 %  of all variables
c subsumed:                   6200         0.20 %  of all clauses
c strengthened:              14819         0.49 %  of all clauses
c ternary:                    4233         0.35 %  of resolved
c vivified:                    117         0.00 %  of all clauses
c weakened:                 810007         2.84    average size
c 
c seconds are measured in process time for solving
c 
c --- [ resources ] ----------------------------------------------------------
c 
c total process time since initialization:        10.58    seconds
c total real time since initialization:           10.58    seconds
c maximum resident set size of process:          215.34    MB
c 
c --- [ shutting down ] ------------------------------------------------------
c 
c exit 20
