c --- [ banner ] -------------------------------------------------------------
c 
c CaDiCaL Radically Simplified CDCL SAT Solver
c Copyright (c) 2016-2019 Armin Biere, JKU Linz
c 
c Version 1.0.3 cb89cbfa16f47cb7bf1ec6ad9855e7b6d5203c18
c g++ (GCC) 6.3.0 -Wall -Wextra -O3 -DNDEBUG
c Fri Aug 23 08:17:16 CDT 2019 Linux login1 4.4.103-6.38-default x86_64
c 
c --- [ config ] -------------------------------------------------------------
c 
c using 'unsat' configuration (target unsatisfiable instances)
c 
c --- [ proof tracing ] ------------------------------------------------------
c 
c opening file to write '/tmp/25_1038_0_four.drat'
c writing binary proof trace to '/tmp/25_1038_0_four.drat'
c 
c --- [ parsing input ] ------------------------------------------------------
c 
c reading DIMACS file from '/tmp/25_1038_0_four.cnf'
c opening file to read '/tmp/25_1038_0_four.cnf'
c found 'p cnf 259840 1039929' header
c parsed 1039929 clauses in 0.70 seconds process time
c 
c --- [ options ] ------------------------------------------------------------
c 
c   --stabilize=false              (different from default 'true')
c   --walk=false                   (different from default 'true')
c 
c --- [ solving ] ------------------------------------------------------------
c 
c time measured in process time since initialization
c 
c  seconds   reductions  redundant   irredundant
c          MB    restarts       trail        variables
c           level   conflicts       glue           remaining
c 
c *  0.72 139  0 0   0    0    0  0% 0 1039424 253716 98%
c {  0.74 142  0 0   0    0    0  0% 0 1039424 253716 98%
c -  1.03 149 302 1  17  300  191  6% 6 920260 253716 98%
c I  1.57 149 90 1 109 1004  786  7% 9 920260 253716 98%
c -  2.32 180 66 2 144 1478 1165  7% 9 920260 253716 98%
c B  3.42 180 47 2 277 3008 2480  8% 10 920260 253716 98%
c -  3.77 180 45 3 280 3252 2089  9% 10 920260 253716 98%
c s  5.17 199 45 3 303 4069 2794 10% 9 920260 253716 98%
c v  6.43 199 45 3 303 4069 2794 10% 9 920256 253716 98%
c w  6.79 199 45 3 303 4069 2789 10% 9 920256 253716 98%
c t  6.86 199 45 3 303 4069 2789 10% 9 919741 253716 98%
c e  9.77 194 45 3 303 4069   41 10% 9 228240 28137 11%
c s 10.02 195 45 3 303 4069   36 10% 9 228020 28137 11%
c e 10.34 195 45 3 303 4069   35 10% 9 228017 28054 11%
c i 10.58 195 46 3 315 4510  420  8% 9 228017 28040 11%
c 3 10.70 195 45 3 355 5001 3591  6% 9 228017 28040 11%
c 3 10.71 195 45 3 355 5001 3779  6% 9 228017 28040 11%
c d 10.76 195 45 3 355 5001 3734  6% 9 227271 28035 11%
c 2 10.79 195 45 3 355 5001 3724  6% 9 227197 27999 11%
c p 10.88 195 45 3 355 5001 8344  6% 9 227197 27998 11%
c 
c  seconds   reductions  redundant  irredundant
c          MB    restarts       trail       variables
c           level   conflicts       glue         remaining
c 
c i 10.94 195 45 3 359 5307 8601  7% 9 227197 27997 11%
c i 10.94 195 45 3 359 5309 8602  7% 9 227197 27986 11%
c - 11.03 195 44 4 359 5608 1441  7% 9 225175 27970 11%
c i 11.04 195 43 4 359 5722 1528  7% 9 225175 27959 11%
c } 11.04 195 43 4 359 5733 1536  7% 9 225175 27465 11%
c 0 11.04 195 43 4 359 5733 1536  7% 9 225175 27465 11%
c 
c --- [ result ] -------------------------------------------------------------
c 
s UNSATISFIABLE
c 
c --- [ run-time profiling ] -------------------------------------------------
c 
c process time taken by individual solving procedures
c (percentage relative to process time for solving)
c 
c         5.88   56.87% simplify
c         4.44   42.94% search
c         4.42   42.75% unstable
c         3.15   30.48% elim
c         1.48   14.35% vivify
c         0.90    8.70% subsume
c         0.09    0.89% probe
c         0.09    0.85% ternary
c         0.02    0.19% lucky
c   =================================
c        10.34   93.66% solve
c 
c last line shows process time for solving
c (percentage relative to total process time)
c 
c --- [ statistics ] ---------------------------------------------------------
c 
c backtracked:               19229       335.41 %  of conflicts
c chronological:              2425        12.61 %  of backtracks
c conflicts:                  5733       554.45    per second
c decisions:                 27667      2675.73    per second
c eliminated:               225662        86.85 %  of all variables
c fixed:                      6672         2.57 %  of all variables
c learned:                    5218        91.02 %  per conflict
c minimized:                 49322        24.35 %  learned literals
c propagations:           14777784         1.43 M  per second
c reduced:                     644        11.23 %  per conflict
c rephased:                      2      2866.50    interval
c restarts:                    359        15.97    interval
c substituted:                  41         0.02 %  of all variables
c subsumed:                   5870         0.19 %  of all clauses
c strengthened:              15438         0.51 %  of all clauses
c ternary:                    3423         0.31 %  of resolved
c vivified:                    142         0.00 %  of all clauses
c weakened:                 808362         2.84    average size
c 
c seconds are measured in process time for solving
c 
c --- [ resources ] ----------------------------------------------------------
c 
c total process time since initialization:        11.04    seconds
c total real time since initialization:           11.04    seconds
c maximum resident set size of process:          208.42    MB
c 
c --- [ shutting down ] ------------------------------------------------------
c 
c exit 20
