c --- [ banner ] -------------------------------------------------------------
c 
c CaDiCaL Radically Simplified CDCL SAT Solver
c Copyright (c) 2016-2019 Armin Biere, JKU Linz
c 
c Version 1.0.3 cb89cbfa16f47cb7bf1ec6ad9855e7b6d5203c18
c g++ (GCC) 6.3.0 -Wall -Wextra -O3 -DNDEBUG
c Fri Aug 23 08:17:16 CDT 2019 Linux login1 4.4.103-6.38-default x86_64
c 
c --- [ config ] -------------------------------------------------------------
c 
c using 'unsat' configuration (target unsatisfiable instances)
c 
c --- [ proof tracing ] ------------------------------------------------------
c 
c opening file to write '/tmp/25_142_0_four.drat'
c writing binary proof trace to '/tmp/25_142_0_four.drat'
c 
c --- [ parsing input ] ------------------------------------------------------
c 
c reading DIMACS file from '/tmp/25_142_0_four.cnf'
c opening file to read '/tmp/25_142_0_four.cnf'
c found 'p cnf 259840 1039929' header
c parsed 1039929 clauses in 0.46 seconds process time
c 
c --- [ options ] ------------------------------------------------------------
c 
c   --stabilize=false              (different from default 'true')
c   --walk=false                   (different from default 'true')
c 
c --- [ solving ] ------------------------------------------------------------
c 
c time measured in process time since initialization
c 
c  seconds   reductions  redundant   irredundant
c          MB    restarts       trail        variables
c           level   conflicts       glue           remaining
c 
c *  0.48 139  0 0   0    0    0  0% 0 1039424 253336 97%
c {  0.50 142  0 0   0    0    0  0% 0 1039424 253336 97%
c -  0.78 149 313 1  22  303  201  5% 6 916006 253336 97%
c I  1.23 149 91 1 138 1002  826  8% 9 916006 253336 97%
c -  1.98 180 75 2 193 1483 1218  8% 10 916006 253336 97%
c B  2.77 180 51 2 270 3005 2564  9% 10 916006 253336 97%
c -  3.18 180 51 3 300 3249 2145  9% 10 916006 253336 97%
c s  4.16 161 48 3 330 4075 2846  9% 9 916006 253336 97%
c w  5.72 188 48 3 330 4075 2845  9% 9 916006 253336 97%
c t  5.78 188 48 3 330 4075 2845  9% 9 915411 253336 97%
c e  8.46 201 48 3 330 4075   36  9% 9 226396 27952 11%
c s  8.70 201 48 3 330 4075   36  9% 9 226156 27952 11%
c e  9.00 148 48 3 330 4075   31  9% 9 226156 27852 11%
c 3  9.35 173 47 3 375 5001 3388  7% 10 226156 27852 11%
c 3  9.36 173 47 3 375 5001 3442  7% 10 226156 27852 11%
c d  9.41 173 47 3 375 5001 3436  7% 10 226156 27851 11%
c 2  9.43 173 47 3 375 5001 3434  7% 10 226156 27851 11%
c p  9.50 173 47 3 375 5001 7225  7% 10 226156 27849 11%
c -  9.67 173 46 4 452 5605 1479  8% 10 225859 27849 11%
c F  9.72 173 46 4 484 6006 1841  8% 10 225859 27849 11%
c 
c  seconds   reductions  redundant  irredundant
c          MB    restarts       trail       variables
c           level   conflicts       glue         remaining
c 
c i  9.98 173 42 4 526 7600 3248  9% 9 225859 27839 11%
c - 10.02 173 42 5 526 7636 2390  9% 9 225312 27839 11%
c i 10.20 173 35 5 526 8903 3471  9% 9 225312 27809 11%
c i 10.26 173 35 5 535 9444 3922  9% 9 225312 27793 11%
c B 10.35 173 34 5 544 10009 4401  9% 9 225312 27793 11%
c - 10.41 173 34 6 550 10077 2716  9% 9 222814 27793 11%
c i 10.71 173 31 6 594 12104 4518 10% 8 222814 27672 11%
c i 10.71 173 31 6 594 12105 4518 10% 8 222814 27523 11%
c i 10.78 173 30 6 613 12598 4895 10% 8 222814 27024 10%
c i 10.78 173 30 6 613 12600 4893 10% 8 222814 27001 10%
c i 10.79 173 30 6 613 12633 4919 10% 8 222814 26964 10%
c i 10.79 173 30 6 613 12639 4921 10% 8 222814 25812 10%
c } 10.79 173 30 6 613 12642 4922 10% 8 222814 25773 10%
c 0 10.79 173 30 6 613 12642 4922 10% 8 222814 25773 10%
c 
c --- [ result ] -------------------------------------------------------------
c 
s UNSATISFIABLE
c 
c --- [ run-time profiling ] -------------------------------------------------
c 
c process time taken by individual solving procedures
c (percentage relative to process time for solving)
c 
c         5.43   52.57% simplify
c         4.88   47.23% search
c         4.86   47.04% unstable
c         2.90   28.11% elim
c         1.42   13.78% vivify
c         0.81    7.82% subsume
c         0.08    0.81% ternary
c         0.07    0.66% probe
c         0.02    0.19% lucky
c   =================================
c        10.33   95.77% solve
c 
c last line shows process time for solving
c (percentage relative to total process time)
c 
c --- [ statistics ] ---------------------------------------------------------
c 
c backtracked:               26674       211.00 %  of conflicts
c chronological:              5247        19.67 %  of backtracks
c conflicts:                 12642      1223.58    per second
c decisions:                 50708      4907.86    per second
c eliminated:               225484        86.78 %  of all variables
c fixed:                      8582         3.30 %  of all variables
c learned:                   11770        93.10 %  per conflict
c minimized:                135869        28.00 %  learned literals
c propagations:           17898934         1.73 M  per second
c reduced:                    2808        22.21 %  per conflict
c rephased:                      4      3160.50    interval
c restarts:                    613        20.62    interval
c substituted:                   1         0.00 %  of all variables
c subsumed:                   6320         0.21 %  of all clauses
c strengthened:              15670         0.51 %  of all clauses
c ternary:                    3026         0.29 %  of resolved
c vivified:                    156         0.01 %  of all clauses
c weakened:                 804822         2.84    average size
c 
c seconds are measured in process time for solving
c 
c --- [ resources ] ----------------------------------------------------------
c 
c total process time since initialization:        10.79    seconds
c total real time since initialization:           10.79    seconds
c maximum resident set size of process:          213.22    MB
c 
c --- [ shutting down ] ------------------------------------------------------
c 
c exit 20
