c --- [ banner ] -------------------------------------------------------------
c 
c CaDiCaL Radically Simplified CDCL SAT Solver
c Copyright (c) 2016-2019 Armin Biere, JKU Linz
c 
c Version 1.0.3 cb89cbfa16f47cb7bf1ec6ad9855e7b6d5203c18
c g++ (GCC) 6.3.0 -Wall -Wextra -O3 -DNDEBUG
c Fri Aug 23 08:17:16 CDT 2019 Linux login1 4.4.103-6.38-default x86_64
c 
c --- [ config ] -------------------------------------------------------------
c 
c using 'unsat' configuration (target unsatisfiable instances)
c 
c --- [ proof tracing ] ------------------------------------------------------
c 
c opening file to write '/tmp/25_460_0_four.drat'
c writing binary proof trace to '/tmp/25_460_0_four.drat'
c 
c --- [ parsing input ] ------------------------------------------------------
c 
c reading DIMACS file from '/tmp/25_460_0_four.cnf'
c opening file to read '/tmp/25_460_0_four.cnf'
c found 'p cnf 259840 1039929' header
c parsed 1039929 clauses in 0.46 seconds process time
c 
c --- [ options ] ------------------------------------------------------------
c 
c   --stabilize=false              (different from default 'true')
c   --walk=false                   (different from default 'true')
c 
c --- [ solving ] ------------------------------------------------------------
c 
c time measured in process time since initialization
c 
c  seconds   reductions  redundant   irredundant
c          MB    restarts       trail        variables
c           level   conflicts       glue           remaining
c 
c *  0.48 139  0 0   0    0    0  0% 0 1039424 253458 98%
c {  0.50 142  0 0   0    0    0  0% 0 1039424 253458 98%
c -  0.76 148 318 1  12  301  185  5% 5 918099 253458 98%
c I  1.30 148 91 1 121 1002  805  7% 8 918099 253458 98%
c -  1.84 179 63 2 129 1478 1185  8% 7 918099 253458 98%
c i  2.31 179 44 2 196 2284 1870  8% 7 918099 253346 98%
c i  2.54 179 42 2 207 2563 2101  8% 7 918099 253238 97%
c }  2.62 179 40 2 207 2677 2190  8% 7 918099 248656 96%
c 0  2.62 179 40 2 207 2677 2190  8% 7 918099 248656 96%
c 
c --- [ result ] -------------------------------------------------------------
c 
s UNSATISFIABLE
c 
c --- [ run-time profiling ] -------------------------------------------------
c 
c process time taken by individual solving procedures
c (percentage relative to process time for solving)
c 
c         2.14   99.07% search
c         2.12   98.14% unstable
c         0.02    0.93% lucky
c         0.00    0.00% simplify
c   =================================
c         2.16   82.29% solve
c 
c last line shows process time for solving
c (percentage relative to total process time)
c 
c --- [ statistics ] ---------------------------------------------------------
c 
c backtracked:                3322       124.09 %  of conflicts
c chronological:              1205        36.27 %  of backtracks
c conflicts:                  2677      1241.65    per second
c decisions:                 14166      6570.50    per second
c fixed:                     11184         4.30 %  of all variables
c learned:                    2427        90.66 %  per conflict
c minimized:                 16981        22.04 %  learned literals
c propagations:            7014677         3.25 M  per second
c reduced:                      36         1.34 %  per conflict
c rephased:                      1      2677.00    interval
c restarts:                    207        12.93    interval
c subsumed:                    198         0.01 %  of all clauses
c 
c seconds are measured in process time for solving
c 
c --- [ resources ] ----------------------------------------------------------
c 
c total process time since initialization:         2.62    seconds
c total real time since initialization:            2.62    seconds
c maximum resident set size of process:          179.27    MB
c 
c --- [ shutting down ] ------------------------------------------------------
c 
c exit 20
