c --- [ banner ] -------------------------------------------------------------
c 
c CaDiCaL Radically Simplified CDCL SAT Solver
c Copyright (c) 2016-2019 Armin Biere, JKU Linz
c 
c Version 1.0.3 cb89cbfa16f47cb7bf1ec6ad9855e7b6d5203c18
c g++ (GCC) 6.3.0 -Wall -Wextra -O3 -DNDEBUG
c Fri Aug 23 08:17:16 CDT 2019 Linux login1 4.4.103-6.38-default x86_64
c 
c --- [ config ] -------------------------------------------------------------
c 
c using 'unsat' configuration (target unsatisfiable instances)
c 
c --- [ proof tracing ] ------------------------------------------------------
c 
c opening file to write '/tmp/25_1135_0_six.drat'
c writing binary proof trace to '/tmp/25_1135_0_six.drat'
c 
c --- [ parsing input ] ------------------------------------------------------
c 
c reading DIMACS file from '/tmp/25_1135_0_six.cnf'
c opening file to read '/tmp/25_1135_0_six.cnf'
c found 'p cnf 50176 399289' header
c parsed 399289 clauses in 0.15 seconds process time
c 
c --- [ options ] ------------------------------------------------------------
c 
c   --stabilize=false              (different from default 'true')
c   --walk=false                   (different from default 'true')
c 
c --- [ solving ] ------------------------------------------------------------
c 
c time measured in process time since initialization
c 
c  seconds  reductions  redundant  irredundant
c         MB    restarts       trail       variables
c          level   conflicts       glue         remaining
c 
c *  0.16 44  0 0   0    0    0  0% 0 363632 48274 96%
c {  0.16 45  0 0   0    0    0  0% 0 363632 48274 96%
c -  0.23 47 84 1  30  303  232  9% 12 350778 48274 96%
c I  0.28 48 106 1  55 1005  646 11% 12 350778 48274 96%
c -  0.42 60 94 2  56 1230  655 11% 12 350778 48274 96%
c -  0.60 60 70 3  86 2621 1189 11% 11 350778 48274 96%
c B  0.62 60 69 3  92 3006 1447 11% 10 350778 48274 96%
c -  0.82 60 66 4 171 4476 1776 11% 11 350778 48274 96%
c d  1.03 62 62 4 185 5001 2183 11% 10 346062 45916 92%
c 2  1.23 61 62 4 185 5001 2183 11% 10 340167 45916 92%
c p  1.42 63 62 4 185 5001 9295 11% 10 340167 45916 92%
c s  1.69 70 62 4 209 5834 9875 11% 10 340167 45916 92%
c v  2.12 71 62 4 209 5834 9875 11% 10 336954 45916 92%
c w  2.24 71 62 4 209 5834 9868 11% 10 336954 45890 91%
c t  2.28 71 62 4 209 5834 9864 11% 10 306386 45890 91%
c e  3.07 66 62 4 209 5834 4684 11% 10 287918 29217 58%
c F  3.38 74 62 4 227 6014 4828  7% 10 287918 29217 58%
c -  3.50 75 57 5 257 6794 1172  5% 10 287918 29217 58%
c -  3.73 75 46 6 348 9424 2426  6% 9 287918 29217 58%
c B  3.78 75 44 6 352 10015 2828  6% 9 287918 29217 58%
c 
c  seconds  reductions   redundant  irredundant
c         MB    restarts        trail       variables
c          level    conflicts       glue         remaining
c 
c i  3.86 75 43 6 365 10692 3335  6% 9 287918 29210 58%
c -  4.07 83 39 7 391 12495 3311  6% 9 286268 29204 58%
c i  4.10 84 39 7 399 12658 3449  6% 9 286268 29198 58%
c }  4.16 84 37 7 407 13675 4114  7% 9 286268 29053 58%
c 0  4.16 84 37 7 407 13675 4114  7% 9 286268 29053 58%
c 
c --- [ result ] -------------------------------------------------------------
c 
s UNSATISFIABLE
c 
c --- [ run-time profiling ] -------------------------------------------------
c 
c process time taken by individual solving procedures
c (percentage relative to process time for solving)
c 
c         2.12   52.74% simplify
c         1.89   47.16% search
c         1.89   47.06% unstable
c         0.78   19.44% elim
c         0.48   12.06% vivify
c         0.24    5.88% subsume
c         0.19    4.79% probe
c         0.16    3.89% ternary
c         0.00    0.10% lucky
c   =================================
c         4.01   96.35% solve
c 
c last line shows process time for solving
c (percentage relative to total process time)
c 
c --- [ statistics ] ---------------------------------------------------------
c 
c backtracked:               34486       252.18 %  of conflicts
c chronological:              4743        13.75 %  of backtracks
c conflicts:                 13675      3408.52    per second
c decisions:                 53130     13242.77    per second
c eliminated:                16673        33.23 %  of all variables
c fixed:                      2092         4.17 %  of all variables
c learned:                   11546        84.43 %  per conflict
c minimized:                174024        29.20 %  learned literals
c propagations:            6101337         1.52 M  per second
c reduced:                    3295        24.10 %  per conflict
c rephased:                      4      3418.75    interval
c restarts:                    407        33.60    interval
c substituted:                2358         4.70 %  of all variables
c subsumed:                  11281         0.88 %  of all clauses
c strengthened:               3867         0.30 %  of all clauses
c vivified:                   3314         0.26 %  of all clauses
c weakened:                 108645         3.99    average size
c 
c seconds are measured in process time for solving
c 
c --- [ resources ] ----------------------------------------------------------
c 
c total process time since initialization:         4.16    seconds
c total real time since initialization:            4.16    seconds
c maximum resident set size of process:           83.54    MB
c 
c --- [ shutting down ] ------------------------------------------------------
c 
c exit 20
