c --- [ banner ] -------------------------------------------------------------
c 
c CaDiCaL Radically Simplified CDCL SAT Solver
c Copyright (c) 2016-2019 Armin Biere, JKU Linz
c 
c Version 1.0.3 cb89cbfa16f47cb7bf1ec6ad9855e7b6d5203c18
c g++ (GCC) 6.3.0 -Wall -Wextra -O3 -DNDEBUG
c Fri Aug 23 08:17:16 CDT 2019 Linux login1 4.4.103-6.38-default x86_64
c 
c --- [ config ] -------------------------------------------------------------
c 
c using 'unsat' configuration (target unsatisfiable instances)
c 
c --- [ proof tracing ] ------------------------------------------------------
c 
c opening file to write '/tmp/25_1197_0_six.drat'
c writing binary proof trace to '/tmp/25_1197_0_six.drat'
c 
c --- [ parsing input ] ------------------------------------------------------
c 
c reading DIMACS file from '/tmp/25_1197_0_six.cnf'
c opening file to read '/tmp/25_1197_0_six.cnf'
c found 'p cnf 50176 399289' header
c parsed 399289 clauses in 0.15 seconds process time
c 
c --- [ options ] ------------------------------------------------------------
c 
c   --stabilize=false              (different from default 'true')
c   --walk=false                   (different from default 'true')
c 
c --- [ solving ] ------------------------------------------------------------
c 
c time measured in process time since initialization
c 
c  seconds  reductions  redundant  irredundant
c         MB    restarts       trail       variables
c          level   conflicts       glue         remaining
c 
c *  0.16 44  0 0   0    0    0  0% 0 363634 48186 96%
c {  0.16 45  0 0   0    0    0  0% 0 363634 48186 96%
c -  0.22 47 61 1  38  301  213  8% 10 349034 48186 96%
c I  0.31 48 82 1  98 1003  751 11% 12 349034 48186 96%
c -  0.44 60 80 2  98 1226  803 12% 11 349034 48186 96%
c -  0.64 60 48 3 129 2620 1358 11% 9 349034 48186 96%
c i  0.65 60 47 3 129 2687 1409 10% 9 349034 48172 96%
c i  0.65 60 46 3 129 2740 1447 10% 9 349034 47961 96%
c i  0.65 60 46 3 129 2745 1451 10% 8 349034 47757 95%
c i  0.66 60 45 3 129 2758 1460 10% 8 349034 47619 95%
c i  0.66 60 45 3 129 2769 1469 10% 8 349034 47533 95%
c i  0.66 60 45 3 129 2772 1467 10% 8 349034 47518 95%
c i  0.66 60 45 3 129 2774 1467 10% 8 349034 45366 90%
c }  0.66 60 45 3 129 2780 1468 10% 8 349034 45015 90%
c 0  0.66 60 45 3 129 2780 1468 10% 8 349034 45015 90%
c 
c --- [ result ] -------------------------------------------------------------
c 
s UNSATISFIABLE
c 
c --- [ run-time profiling ] -------------------------------------------------
c 
c process time taken by individual solving procedures
c (percentage relative to process time for solving)
c 
c         0.50   99.21% search
c         0.50   99.21% unstable
c         0.00    0.00% simplify
c   =================================
c         0.51   76.97% solve
c 
c last line shows process time for solving
c (percentage relative to total process time)
c 
c --- [ statistics ] ---------------------------------------------------------
c 
c backtracked:                3280       117.99 %  of conflicts
c chronological:              1043        31.80 %  of backtracks
c conflicts:                  2780      5472.44    per second
c decisions:                 16074     31641.73    per second
c fixed:                      5161        10.29 %  of all variables
c learned:                    2323        83.56 %  per conflict
c minimized:                 33149        27.92 %  learned literals
c propagations:            1512348         2.98 M  per second
c reduced:                     542        19.50 %  per conflict
c rephased:                      1      2780.00    interval
c restarts:                    129        21.55    interval
c subsumed:                    304         0.04 %  of all clauses
c 
c seconds are measured in process time for solving
c 
c --- [ resources ] ----------------------------------------------------------
c 
c total process time since initialization:         0.66    seconds
c total real time since initialization:            0.66    seconds
c maximum resident set size of process:           69.46    MB
c 
c --- [ shutting down ] ------------------------------------------------------
c 
c exit 20
