c --- [ banner ] -------------------------------------------------------------
c 
c CaDiCaL Radically Simplified CDCL SAT Solver
c Copyright (c) 2016-2019 Armin Biere, JKU Linz
c 
c Version 1.0.3 cb89cbfa16f47cb7bf1ec6ad9855e7b6d5203c18
c g++ (GCC) 6.3.0 -Wall -Wextra -O3 -DNDEBUG
c Fri Aug 23 08:17:16 CDT 2019 Linux login1 4.4.103-6.38-default x86_64
c 
c --- [ config ] -------------------------------------------------------------
c 
c using 'unsat' configuration (target unsatisfiable instances)
c 
c --- [ proof tracing ] ------------------------------------------------------
c 
c opening file to write '/tmp/25_426_0_six.drat'
c writing binary proof trace to '/tmp/25_426_0_six.drat'
c 
c --- [ parsing input ] ------------------------------------------------------
c 
c reading DIMACS file from '/tmp/25_426_0_six.cnf'
c opening file to read '/tmp/25_426_0_six.cnf'
c found 'p cnf 50176 399289' header
c parsed 399289 clauses in 0.16 seconds process time
c 
c --- [ options ] ------------------------------------------------------------
c 
c   --stabilize=false              (different from default 'true')
c   --walk=false                   (different from default 'true')
c 
c --- [ solving ] ------------------------------------------------------------
c 
c time measured in process time since initialization
c 
c  seconds  reductions  redundant  irredundant
c         MB    restarts       trail       variables
c          level   conflicts       glue         remaining
c 
c *  0.16 44  0 0   0    0    0  0% 0 363623 48100 96%
c {  0.16 45  0 0   0    0    0  0% 0 363623 48100 96%
c -  0.22 46 66 1  18  316  232  8% 11 346414 48100 96%
c I  0.30 48 75 1  45 1004  679 14% 11 346414 48100 96%
c -  0.44 60 70 2  82 1239  766 13% 10 346414 48100 96%
c -  0.61 60 64 3 128 2624 1217 12% 9 346414 48100 96%
c B  0.65 60 59 3 154 3005 1516 12% 9 346414 48100 96%
c -  0.88 60 50 4 200 4471 2056 12% 9 346414 48100 96%
c i  0.94 60 48 4 232 4931 2386 12% 9 346414 48058 96%
c d  1.08 61 48 4 232 5002 2429 12% 9 340898 45736 91%
c 2  1.27 61 48 4 232 5002 2429 12% 9 335093 45736 91%
c p  1.50 63 48 4 232 5002 31197 12% 9 335093 45410 91%
c d  1.56 63 48 4 232 5002 26843 12% 9 325374 45395 90%
c d  1.60 63 48 4 232 5002 26843 12% 9 325365 45392 90%
c i  1.66 63 48 4 268 5373 27121 12% 9 325365 45303 90%
c i  1.66 63 48 4 274 5417 27150 12% 9 325365 45190 90%
c i  1.66 63 48 4 274 5426 27156 12% 9 325365 45146 90%
c }  1.86 64 48 4 274 5429 18438  0% 9 320060 45102 90%
c 0  1.86 64 48 4 274 5429 18438  0% 9 320060 45102 90%
c 
c --- [ result ] -------------------------------------------------------------
c 
s UNSATISFIABLE
c 
c --- [ run-time profiling ] -------------------------------------------------
c 
c process time taken by individual solving procedures
c (percentage relative to process time for solving)
c 
c         1.04   61.27% search
c         1.04   60.80% unstable
c         0.66   38.73% simplify
c         0.24   13.85% probe
c         0.15    8.69% ternary
c         0.00    0.23% lucky
c   =================================
c         1.70   91.61% solve
c 
c last line shows process time for solving
c (percentage relative to total process time)
c 
c --- [ statistics ] ---------------------------------------------------------
c 
c backtracked:               18142       334.17 %  of conflicts
c chronological:              2064        11.38 %  of backtracks
c conflicts:                  5429      3186.03    per second
c decisions:                 30330     17799.30    per second
c fixed:                      2734         5.45 %  of all variables
c learned:                    4413        81.29 %  per conflict
c minimized:                 62540        25.92 %  learned literals
c propagations:            4007910         2.35 M  per second
c reduced:                    1137        20.94 %  per conflict
c rephased:                      2      2714.50    interval
c restarts:                    274        19.81    interval
c substituted:                2340         4.66 %  of all variables
c subsumed:                   6314         0.56 %  of all clauses
c weakened:                   4680         2.00    average size
c 
c seconds are measured in process time for solving
c 
c --- [ resources ] ----------------------------------------------------------
c 
c total process time since initialization:         1.86    seconds
c total real time since initialization:            1.86    seconds
c maximum resident set size of process:           72.77    MB
c 
c --- [ shutting down ] ------------------------------------------------------
c 
c exit 20
