c --- [ banner ] -------------------------------------------------------------
c 
c CaDiCaL Radically Simplified CDCL SAT Solver
c Copyright (c) 2016-2019 Armin Biere, JKU Linz
c 
c Version 1.0.3 cb89cbfa16f47cb7bf1ec6ad9855e7b6d5203c18
c g++ (GCC) 6.3.0 -Wall -Wextra -O3 -DNDEBUG
c Fri Aug 23 08:17:16 CDT 2019 Linux login1 4.4.103-6.38-default x86_64
c 
c --- [ config ] -------------------------------------------------------------
c 
c using 'unsat' configuration (target unsatisfiable instances)
c 
c --- [ proof tracing ] ------------------------------------------------------
c 
c opening file to write '/tmp/25_898_0_six.drat'
c writing binary proof trace to '/tmp/25_898_0_six.drat'
c 
c --- [ parsing input ] ------------------------------------------------------
c 
c reading DIMACS file from '/tmp/25_898_0_six.cnf'
c opening file to read '/tmp/25_898_0_six.cnf'
c found 'p cnf 50176 399289' header
c parsed 399289 clauses in 0.22 seconds process time
c 
c --- [ options ] ------------------------------------------------------------
c 
c   --stabilize=false              (different from default 'true')
c   --walk=false                   (different from default 'true')
c 
c --- [ solving ] ------------------------------------------------------------
c 
c time measured in process time since initialization
c 
c  seconds  reductions  redundant  irredundant
c         MB    restarts       trail       variables
c          level   conflicts       glue         remaining
c 
c *  0.23 44  0 0   0    0    0  0% 0 363643 48186 96%
c {  0.23 45  0 0   0    0    0  0% 0 363643 48186 96%
c -  0.30 47 67 1  37  301  233  8% 11 349034 48186 96%
c I  0.35 47 62 1  52 1002  713 11% 9 349034 48186 96%
c i  0.36 47 56 1  52 1091  773 11% 8 349034 48144 96%
c -  0.49 59 56 2  55 1232  730 11% 9 348162 48144 96%
c -  0.68 59 43 3 105 2619 1284 11% 9 348162 48144 96%
c B  0.72 59 46 3 153 3003 1571 11% 9 348162 48144 96%
c -  0.93 59 43 4 247 4469 2026 11% 9 348162 48144 96%
c i  0.97 59 43 4 252 4906 2344 11% 9 348162 48134 96%
c d  1.12 60 43 4 254 5000 2419 11% 9 343268 45780 91%
c 2  1.31 61 43 4 254 5000 2419 11% 9 337433 45444 91%
c p  1.54 61 43 4 254 5000 16783 11% 9 337433 45140 90%
c d  1.59 61 43 4 254 5000 15583 11% 9 320541 45139 90%
c d  1.64 61 43 4 254 5000 15576 11% 9 320533 45134 90%
c s  2.00 75 42 4 282 5836 16187  7% 9 320506 45134 90%
c v  2.26 75 42 4 282 5836 16187  7% 9 317595 45134 90%
c w  2.35 75 42 4 282 5836 16178  7% 9 317595 45134 90%
c t  2.40 75 42 4 282 5836 16113  7% 9 288165 45134 90%
c e  2.96 76 42 4 282 5836 5628  7% 9 264474 26999 54%
c 
c  seconds  reductions  redundant  irredundant
c         MB    restarts       trail       variables
c          level   conflicts       glue         remaining
c 
c s  3.07 83 42 4 282 5836 5617  7% 9 264474 26999 54%
c F  3.21 83 42 4 283 6006 5756  6% 9 264474 26999 54%
c i  3.25 83 38 4 289 6738 6294  4% 9 264474 26998 54%
c -  3.34 83 38 5 296 6788 1270  4% 9 264368 26998 54%
c i  3.36 83 37 5 339 7272 1593  4% 9 264368 26513 53%
c i  3.38 83 36 5 341 7553 1815  4% 8 264368 26490 53%
c i  3.41 83 35 5 349 8139 2245  4% 8 264368 26474 53%
c i  3.42 83 35 5 349 8264 2322  4% 8 264368 26388 53%
c i  3.43 83 33 5 349 8504 2490  4% 8 264368 26381 53%
c i  3.44 83 33 5 349 8567 2532  4% 8 264368 26314 52%
c i  3.44 83 33 5 349 8586 2543  4% 8 264368 26308 52%
c }  3.44 83 33 5 349 8597 2546  4% 8 264368 26123 52%
c 0  3.44 83 33 5 349 8597 2546  4% 8 264368 26123 52%
c 
c --- [ result ] -------------------------------------------------------------
c 
s UNSATISFIABLE
c 
c --- [ run-time profiling ] -------------------------------------------------
c 
c process time taken by individual solving procedures
c (percentage relative to process time for solving)
c 
c         1.84   57.41% simplify
c         1.36   42.47% search
c         1.36   42.34% unstable
c         0.63   19.68% elim
c         0.30    9.46% vivify
c         0.23    7.10% probe
c         0.21    6.48% subsume
c         0.15    4.61% ternary
c         0.00    0.12% lucky
c   =================================
c         3.21   93.48% solve
c 
c last line shows process time for solving
c (percentage relative to total process time)
c 
c --- [ statistics ] ---------------------------------------------------------
c 
c backtracked:               27003       314.10 %  of conflicts
c chronological:              2901        10.74 %  of backtracks
c conflicts:                  8597      2676.53    per second
c decisions:                 37757     11754.98    per second
c eliminated:                18135        36.14 %  of all variables
c fixed:                      3558         7.09 %  of all variables
c learned:                    7330        85.26 %  per conflict
c minimized:                106375        28.50 %  learned literals
c propagations:            5939414         1.85 M  per second
c reduced:                    1187        13.81 %  per conflict
c rephased:                      3      2865.67    interval
c restarts:                    349        24.63    interval
c substituted:                2360         4.70 %  of all variables
c subsumed:                  10838         0.85 %  of all clauses
c strengthened:               3597         0.28 %  of all clauses
c vivified:                   2987         0.23 %  of all clauses
c weakened:                 107573         4.04    average size
c 
c seconds are measured in process time for solving
c 
c --- [ resources ] ----------------------------------------------------------
c 
c total process time since initialization:         3.44    seconds
c total real time since initialization:            3.44    seconds
c maximum resident set size of process:           83.04    MB
c 
c --- [ shutting down ] ------------------------------------------------------
c 
c exit 20
