c --- [ banner ] -------------------------------------------------------------
c 
c CaDiCaL Radically Simplified CDCL SAT Solver
c Copyright (c) 2016-2019 Armin Biere, JKU Linz
c 
c Version 1.0.3 cb89cbfa16f47cb7bf1ec6ad9855e7b6d5203c18
c g++ (GCC) 6.3.0 -Wall -Wextra -O3 -DNDEBUG
c Fri Aug 23 08:17:16 CDT 2019 Linux login1 4.4.103-6.38-default x86_64
c 
c --- [ config ] -------------------------------------------------------------
c 
c using 'unsat' configuration (target unsatisfiable instances)
c 
c --- [ proof tracing ] ------------------------------------------------------
c 
c opening file to write '/tmp/78_305_0_four.drat'
c writing binary proof trace to '/tmp/78_305_0_four.drat'
c 
c --- [ parsing input ] ------------------------------------------------------
c 
c reading DIMACS file from '/tmp/78_305_0_four.cnf'
c opening file to read '/tmp/78_305_0_four.cnf'
c found 'p cnf 259840 1039934' header
c parsed 1039934 clauses in 0.43 seconds process time
c 
c --- [ options ] ------------------------------------------------------------
c 
c   --stabilize=false              (different from default 'true')
c   --walk=false                   (different from default 'true')
c 
c --- [ solving ] ------------------------------------------------------------
c 
c time measured in process time since initialization
c 
c  seconds   reductions  redundant   irredundant
c          MB    restarts       trail        variables
c           level   conflicts       glue           remaining
c 
c *  0.45 139  0 0   0    0    0  0% 0 1039424 253193 97%
c {  0.48 142  0 0   0    0    0  0% 0 1039424 253193 97%
c -  0.67 147 244 1  12  301  180  6% 5 911873 253193 97%
c i  0.71 147 180 1  33  395  263  5% 6 911873 253077 97%
c i  0.71 147 178 1  34  398  265  5% 6 911873 252826 97%
c i  0.72 147 166 1  38  420  284  5% 6 911873 252543 97%
c i  0.72 147 162 1  38  429  290  5% 6 911873 252046 97%
c i  0.88 147 94 1  78  690  513  6% 6 911873 250811 97%
c i  0.94 147 79 1 104  842  648  7% 7 911873 250775 97%
c i  0.94 147 79 1 104  843  648  7% 7 911873 250665 96%
c i  0.95 147 75 1 109  871  670  7% 7 911873 246746 95%
c I  0.98 147 67 1 119 1002  770  7% 7 911873 246746 95%
c i  1.05 147 60 1 144 1236  974  8% 7 911873 245718 95%
c i  1.06 147 60 1 144 1248  978  8% 7 911873 244720 94%
c i  1.06 147 60 1 144 1249  978  8% 7 911873 244719 94%
c }  1.06 147 60 1 144 1252  979  8% 7 911873 244067 94%
c 0  1.06 147 60 1 144 1252  979  8% 7 911873 244067 94%
c 
c --- [ result ] -------------------------------------------------------------
c 
s UNSATISFIABLE
c 
c --- [ run-time profiling ] -------------------------------------------------
c 
c process time taken by individual solving procedures
c (percentage relative to process time for solving)
c 
c         0.60   97.42% search
c         0.58   93.55% unstable
c         0.02    3.87% lucky
c         0.00    0.00% simplify
c   =================================
c         0.62   58.71% solve
c 
c last line shows process time for solving
c (percentage relative to total process time)
c 
c --- [ statistics ] ---------------------------------------------------------
c 
c backtracked:                1631       130.27 %  of conflicts
c chronological:               633        38.81 %  of backtracks
c conflicts:                  1252      2019.35    per second
c decisions:                  6767     10914.52    per second
c fixed:                     15773         6.07 %  of all variables
c learned:                    1170        93.45 %  per conflict
c minimized:                  4790        19.81 %  learned literals
c propagations:            2184950         3.52 M  per second
c rephased:                      1      1252.00    interval
c restarts:                    144         8.69    interval
c subsumed:                    179         0.01 %  of all clauses
c 
c seconds are measured in process time for solving
c 
c --- [ resources ] ----------------------------------------------------------
c 
c total process time since initialization:         1.06    seconds
c total real time since initialization:            1.06    seconds
c maximum resident set size of process:          154.90    MB
c 
c --- [ shutting down ] ------------------------------------------------------
c 
c exit 20
