c --- [ banner ] -------------------------------------------------------------
c 
c CaDiCaL Radically Simplified CDCL SAT Solver
c Copyright (c) 2016-2019 Armin Biere, JKU Linz
c 
c Version 1.0.3 cb89cbfa16f47cb7bf1ec6ad9855e7b6d5203c18
c g++ (GCC) 6.3.0 -Wall -Wextra -O3 -DNDEBUG
c Fri Aug 23 08:17:16 CDT 2019 Linux login1 4.4.103-6.38-default x86_64
c 
c --- [ config ] -------------------------------------------------------------
c 
c using 'unsat' configuration (target unsatisfiable instances)
c 
c --- [ proof tracing ] ------------------------------------------------------
c 
c opening file to write '/tmp/78_335_0_four.drat'
c writing binary proof trace to '/tmp/78_335_0_four.drat'
c 
c --- [ parsing input ] ------------------------------------------------------
c 
c reading DIMACS file from '/tmp/78_335_0_four.cnf'
c opening file to read '/tmp/78_335_0_four.cnf'
c found 'p cnf 259840 1039934' header
c parsed 1039934 clauses in 0.45 seconds process time
c 
c --- [ options ] ------------------------------------------------------------
c 
c   --stabilize=false              (different from default 'true')
c   --walk=false                   (different from default 'true')
c 
c --- [ solving ] ------------------------------------------------------------
c 
c time measured in process time since initialization
c 
c  seconds   reductions  redundant   irredundant
c          MB    restarts       trail        variables
c           level   conflicts       glue           remaining
c 
c *  0.47 139  0 0   0    0    0  0% 0 1039424 251923 97%
c {  0.49 142  0 0   0    0    0  0% 0 1039424 251923 97%
c -  0.68 146 236 1  15  300  190  6% 5 897006 251923 97%
c i  0.73 146 184 1  32  378  257  6% 5 897006 251807 97%
c i  0.75 146 162 1  41  419  293  6% 6 897006 251777 97%
c i  0.75 146 162 1  42  420  293  6% 6 897006 251729 97%
c i  0.77 146 153 1  48  440  309  6% 6 897006 251728 97%
c i  0.78 146 150 1  49  446  314  6% 6 897006 251581 97%
c }  0.78 146 148 1  50  450  315  6% 6 897006 251107 97%
c 0  0.78 146 148 1  50  450  315  6% 6 897006 251107 97%
c 
c --- [ result ] -------------------------------------------------------------
c 
s UNSATISFIABLE
c 
c --- [ run-time profiling ] -------------------------------------------------
c 
c process time taken by individual solving procedures
c (percentage relative to process time for solving)
c 
c         0.30   93.83% search
c         0.28   87.65% unstable
c         0.02    6.17% lucky
c         0.00    0.00% simplify
c   =================================
c         0.32   41.75% solve
c 
c last line shows process time for solving
c (percentage relative to total process time)
c 
c --- [ statistics ] ---------------------------------------------------------
c 
c backtracked:                 637       141.56 %  of conflicts
c chronological:               294        46.15 %  of backtracks
c conflicts:                   450      1388.89    per second
c decisions:                  2994      9240.74    per second
c fixed:                      8733         3.36 %  of all variables
c learned:                     426        94.67 %  per conflict
c minimized:                   591        11.92 %  learned literals
c propagations:             452059         1.40 M  per second
c restarts:                     50         9.00    interval
c subsumed:                    105         0.01 %  of all clauses
c 
c seconds are measured in process time for solving
c 
c --- [ resources ] ----------------------------------------------------------
c 
c total process time since initialization:         0.78    seconds
c total real time since initialization:            0.78    seconds
c maximum resident set size of process:          153.53    MB
c 
c --- [ shutting down ] ------------------------------------------------------
c 
c exit 20
