c --- [ banner ] -------------------------------------------------------------
c 
c CaDiCaL Radically Simplified CDCL SAT Solver
c Copyright (c) 2016-2019 Armin Biere, JKU Linz
c 
c Version 1.0.3 cb89cbfa16f47cb7bf1ec6ad9855e7b6d5203c18
c g++ (GCC) 6.3.0 -Wall -Wextra -O3 -DNDEBUG
c Fri Aug 23 08:17:16 CDT 2019 Linux login1 4.4.103-6.38-default x86_64
c 
c --- [ config ] -------------------------------------------------------------
c 
c using 'unsat' configuration (target unsatisfiable instances)
c 
c --- [ proof tracing ] ------------------------------------------------------
c 
c opening file to write '/tmp/78_914_0_four.drat'
c writing binary proof trace to '/tmp/78_914_0_four.drat'
c 
c --- [ parsing input ] ------------------------------------------------------
c 
c reading DIMACS file from '/tmp/78_914_0_four.cnf'
c opening file to read '/tmp/78_914_0_four.cnf'
c found 'p cnf 259840 1039934' header
c parsed 1039934 clauses in 0.67 seconds process time
c 
c --- [ options ] ------------------------------------------------------------
c 
c   --stabilize=false              (different from default 'true')
c   --walk=false                   (different from default 'true')
c 
c --- [ solving ] ------------------------------------------------------------
c 
c time measured in process time since initialization
c 
c  seconds   reductions  redundant   irredundant
c          MB    restarts       trail        variables
c           level   conflicts       glue           remaining
c 
c *  0.69 139  0 0   0    0    0  0% 0 1039424 253344 98%
c {  0.71 142  0 0   0    0    0  0% 0 1039424 253344 98%
c -  0.90 146 294 1  14  304  185  5% 5 913980 253344 98%
c i  0.98 146 273 1  21  329  206  5% 5 913980 253228 97%
c i  1.01 146 236 1  32  382  251  5% 6 913980 253227 97%
c i  1.09 146 175 1  56  494  343  6% 6 913980 253226 97%
c I  1.65 146 84 1 132 1004  805  7% 7 913980 253226 97%
c -  2.32 176 59 2 155 1482 1177  7% 7 911881 253226 97%
c i  2.37 176 56 2 157 1575 1254  8% 7 911881 252832 97%
c i  3.14 176 40 2 300 2800 2302  8% 8 911881 252802 97%
c B  3.28 176 39 2 325 3005 2482  8% 8 911881 252802 97%
c -  3.66 176 37 3 333 3247 2205  9% 8 905072 252802 97%
c s  4.94 165 33 3 436 4074 2900  9% 8 905072 252802 97%
c v  6.18 181 33 3 436 4074 2900  9% 8 905051 252802 97%
c w  6.50 182 33 3 436 4074 2889  9% 8 905051 252762 97%
c t  6.56 182 33 3 436 4074 2885  9% 8 904491 252762 97%
c e  9.22 212 33 3 436 4074   53  9% 8 223079 27708 11%
c s  9.48 212 33 3 436 4074   51  9% 8 222819 27708 11%
c e  9.78 151 33 3 436 4074   51  9% 8 222815 27648 11%
c i  9.98 163 33 3 436 4395  324  7% 8 222815 27647 11%
c 
c  seconds   reductions  redundant  irredundant
c          MB    restarts       trail       variables
c           level   conflicts       glue         remaining
c 
c 3 10.10 163 32 3 472 5001 4484  7% 8 222815 27647 11%
c 3 10.11 163 32 3 472 5001 4546  7% 8 222815 27647 11%
c d 10.15 163 32 3 472 5001 4532  7% 8 222681 27645 11%
c 2 10.18 163 32 3 472 5001 4528  7% 8 222673 27641 11%
c p 10.29 163 32 3 472 5001 7607  7% 8 222673 27602 11%
c d 10.31 163 32 3 472 5001 6991  7% 8 220398 27600 11%
c d 10.33 163 32 3 472 5001 6991  7% 8 220132 27467 11%
c i 10.37 163 30 3 479 5507 7419  6% 8 220132 27454 11%
c i 10.37 163 30 3 479 5541 7430  6% 8 220132 27416 11%
c i 10.37 163 30 3 479 5559 7442  6% 8 220132 27402 11%
c i 10.38 163 30 3 479 5578 7454  6% 8 220132 27376 11%
c i 10.38 163 30 3 479 5592 7464  6% 8 220132 27310 11%
c i 10.38 163 30 3 479 5594 7465  6% 8 220132 27203 10%
c } 10.38 163 30 3 479 5596 7465  6% 8 220132 27138 10%
c 0 10.38 163 30 3 479 5596 7465  6% 8 220132 27138 10%
c 
c --- [ result ] -------------------------------------------------------------
c 
s UNSATISFIABLE
c 
c --- [ run-time profiling ] -------------------------------------------------
c 
c process time taken by individual solving procedures
c (percentage relative to process time for solving)
c 
c         5.55   57.17% simplify
c         4.14   42.62% search
c         4.12   42.42% unstable
c         2.90   29.84% elim
c         1.42   14.67% vivify
c         0.87    8.94% subsume
c         0.11    1.15% probe
c         0.08    0.82% ternary
c         0.02    0.21% lucky
c   =================================
c         9.70   93.52% solve
c 
c last line shows process time for solving
c (percentage relative to total process time)
c 
c --- [ statistics ] ---------------------------------------------------------
c 
c backtracked:               23176       414.15 %  of conflicts
c chronological:              2225         9.60 %  of backtracks
c conflicts:                  5596       576.67    per second
c decisions:                 26250      2705.07    per second
c eliminated:               225114        86.64 %  of all variables
c fixed:                      7447         2.87 %  of all variables
c learned:                    5147        91.98 %  per conflict
c minimized:                 49290        27.12 %  learned literals
c propagations:           15859365         1.63 M  per second
c reduced:                     507         9.06 %  per conflict
c rephased:                      2      2798.00    interval
c restarts:                    479        11.68    interval
c substituted:                 141         0.05 %  of all variables
c subsumed:                   5974         0.20 %  of all clauses
c strengthened:              14709         0.49 %  of all clauses
c ternary:                    4124         0.34 %  of resolved
c vivified:                     79         0.00 %  of all clauses
c weakened:                 794379         2.83    average size
c 
c seconds are measured in process time for solving
c 
c --- [ resources ] ----------------------------------------------------------
c 
c total process time since initialization:        10.38    seconds
c total real time since initialization:           10.38    seconds
c maximum resident set size of process:          214.30    MB
c 
c --- [ shutting down ] ------------------------------------------------------
c 
c exit 20
