c --- [ banner ] -------------------------------------------------------------
c 
c CaDiCaL Radically Simplified CDCL SAT Solver
c Copyright (c) 2016-2019 Armin Biere, JKU Linz
c 
c Version 1.0.3 cb89cbfa16f47cb7bf1ec6ad9855e7b6d5203c18
c g++ (GCC) 6.3.0 -Wall -Wextra -O3 -DNDEBUG
c Fri Aug 23 08:17:16 CDT 2019 Linux login1 4.4.103-6.38-default x86_64
c 
c --- [ config ] -------------------------------------------------------------
c 
c using 'unsat' configuration (target unsatisfiable instances)
c 
c --- [ proof tracing ] ------------------------------------------------------
c 
c opening file to write '/tmp/57_1095_0_six.drat'
c writing binary proof trace to '/tmp/57_1095_0_six.drat'
c 
c --- [ parsing input ] ------------------------------------------------------
c 
c reading DIMACS file from '/tmp/57_1095_0_six.cnf'
c opening file to read '/tmp/57_1095_0_six.cnf'
c found 'p cnf 50176 399279' header
c parsed 399279 clauses in 0.15 seconds process time
c 
c --- [ options ] ------------------------------------------------------------
c 
c   --stabilize=false              (different from default 'true')
c   --walk=false                   (different from default 'true')
c 
c --- [ solving ] ------------------------------------------------------------
c 
c time measured in process time since initialization
c 
c  seconds  reductions  redundant  irredundant
c         MB    restarts       trail       variables
c          level   conflicts       glue         remaining
c 
c *  0.15 45  0 0   0    0    0  0% 0 369040 48516 97%
c {  0.16 46  0 0   0    0    0  0% 0 369040 48516 97%
c -  0.22 48 119 1  22  312  200 11% 13 356024 48516 97%
c I  0.29 48 85 1  45 1002  645 14% 13 356024 48516 97%
c -  0.42 61 104 2  75 1275  715 14% 13 356024 48516 97%
c -  0.58 62 82 3 106 2672 1261 11% 11 356024 48516 97%
c B  0.62 62 80 3 127 3007 1513 11% 11 356024 48516 97%
c i  0.71 62 83 3 227 4228 2371 11% 11 356024 48512 97%
c -  0.80 62 77 4 231 4534 1904 10% 11 355874 48512 97%
c d  0.98 63 78 4 238 5000 2237 10% 11 351088 46119 92%
c 2  1.16 62 78 4 238 5000 2237 10% 11 345108 46119 92%
c p  1.46 64 78 4 238 5000 12916 10% 11 345108 46090 92%
c d  1.50 64 78 4 238 5000 12659 10% 11 344094 46087 92%
c d  1.55 64 78 4 238 5000 12653 10% 11 344090 46086 92%
c s  1.74 72 72 4 255 5860 13248 10% 11 344079 46086 92%
c v  2.10 73 72 4 255 5860 13248 10% 11 340488 46086 92%
c w  2.21 73 72 4 255 5860 13235 10% 11 340488 46086 92%
c t  2.25 73 72 4 255 5860 13184 10% 11 312400 46086 92%
c e  2.96 67 72 4 255 5860 7599 10% 11 295779 30145 60%
c s  3.06 76 72 4 255 5860 7594 10% 11 295779 30145 60%
c 
c  seconds  reductions  redundant   irredundant
c         MB    restarts       trail        variables
c          level   conflicts       glue          remaining
c 
c e  3.14 77 72 4 255 5860 7578 10% 11 295778 30144 60%
c F  3.32 80 71 4 274 6009 7702  5% 11 295778 30144 60%
c -  3.45 80 67 5 290 6860 1299  8% 10 295778 30144 60%
c i  3.52 80 59 5 382 8194 2265  6% 10 295778 30005 60%
c i  3.60 80 53 5 385 9412 3149  7% 10 295778 29987 60%
c i  3.60 80 53 5 385 9447 3168  7% 10 295778 29684 59%
c i  3.60 80 53 5 385 9452 3172  7% 10 295778 29662 59%
c i  3.60 80 53 5 385 9454 3172  7% 10 295778 29566 59%
c i  3.60 80 53 5 385 9459 3174  7% 10 295778 29466 59%
c i  3.60 80 53 5 385 9460 3174  7% 10 295778 29283 58%
c i  3.60 80 53 5 385 9461 3174  7% 10 295778 29209 58%
c }  3.60 80 53 5 385 9463 3174  7% 10 295778 28910 58%
c 0  3.60 80 53 5 385 9463 3174  7% 10 295778 28910 58%
c 
c --- [ result ] -------------------------------------------------------------
c 
s UNSATISFIABLE
c 
c --- [ run-time profiling ] -------------------------------------------------
c 
c process time taken by individual solving procedures
c (percentage relative to process time for solving)
c 
c         2.16   62.65% simplify
c         1.29   37.35% search
c         1.28   37.24% unstable
c         0.78   22.62% elim
c         0.40   11.60% vivify
c         0.30    8.58% probe
c         0.23    6.61% subsume
c         0.14    4.06% ternary
c         0.00    0.12% lucky
c   =================================
c         3.45   95.78% solve
c 
c last line shows process time for solving
c (percentage relative to total process time)
c 
c --- [ statistics ] ---------------------------------------------------------
c 
c backtracked:               41421       437.72 %  of conflicts
c chronological:              3461         8.36 %  of backtracks
c conflicts:                  9463      2744.49    per second
c decisions:                 51251     14863.98    per second
c eliminated:                15942        31.77 %  of all variables
c fixed:                      2927         5.83 %  of all variables
c learned:                    8008        84.62 %  per conflict
c minimized:                101001        24.65 %  learned literals
c propagations:            5068062         1.47 M  per second
c reduced:                    1412        14.92 %  per conflict
c rephased:                      3      3154.33    interval
c restarts:                    385        24.58    interval
c substituted:                2397         4.78 %  of all variables
c subsumed:                  10940         0.84 %  of all clauses
c strengthened:               3184         0.24 %  of all clauses
c vivified:                   3718         0.29 %  of all clauses
c weakened:                 107938         3.99    average size
c 
c seconds are measured in process time for solving
c 
c --- [ resources ] ----------------------------------------------------------
c 
c total process time since initialization:         3.60    seconds
c total real time since initialization:            3.60    seconds
c maximum resident set size of process:           80.50    MB
c 
c --- [ shutting down ] ------------------------------------------------------
c 
c exit 20
