c --- [ banner ] -------------------------------------------------------------
c 
c CaDiCaL Radically Simplified CDCL SAT Solver
c Copyright (c) 2016-2019 Armin Biere, JKU Linz
c 
c Version 1.0.3 cb89cbfa16f47cb7bf1ec6ad9855e7b6d5203c18
c g++ (GCC) 6.3.0 -Wall -Wextra -O3 -DNDEBUG
c Fri Aug 23 08:17:16 CDT 2019 Linux login1 4.4.103-6.38-default x86_64
c 
c --- [ config ] -------------------------------------------------------------
c 
c using 'unsat' configuration (target unsatisfiable instances)
c 
c --- [ proof tracing ] ------------------------------------------------------
c 
c opening file to write '/tmp/57_1008_0_six.drat'
c writing binary proof trace to '/tmp/57_1008_0_six.drat'
c 
c --- [ parsing input ] ------------------------------------------------------
c 
c reading DIMACS file from '/tmp/57_1008_0_six.cnf'
c opening file to read '/tmp/57_1008_0_six.cnf'
c found 'p cnf 50176 399279' header
c parsed 399279 clauses in 0.15 seconds process time
c 
c --- [ options ] ------------------------------------------------------------
c 
c   --stabilize=false              (different from default 'true')
c   --walk=false                   (different from default 'true')
c 
c --- [ solving ] ------------------------------------------------------------
c 
c time measured in process time since initialization
c 
c  seconds  reductions  redundant  irredundant
c         MB    restarts       trail       variables
c          level   conflicts       glue         remaining
c 
c *  0.15 45  0 0   0    0    0  0% 0 369040 48514 97%
c {  0.16 46  0 0   0    0    0  0% 0 369040 48514 97%
c -  0.22 47 93 1  31  300  187  8% 12 356024 48514 97%
c I  0.29 49 87 1  69 1003  622 13% 14 356024 48514 97%
c -  0.42 62 96 2  91 1233  665 13% 14 356024 48514 97%
c -  0.61 62 100 3 140 2629 1143 13% 13 356024 48514 97%
c B  0.64 62 87 3 157 3025 1402 12% 13 356024 48514 97%
c -  0.82 62 82 4 173 4494 1685 11% 12 356024 48514 97%
c d  1.00 63 81 4 179 5001 1984 12% 12 351224 46113 92%
c 2  1.20 62 81 4 179 5001 1984 12% 12 345212 46101 92%
c p  1.37 64 81 4 179 5001 9167 12% 12 345212 46101 92%
c s  1.68 72 75 4 199 5855 9801 12% 12 345212 46101 92%
c v  2.17 72 75 4 199 5855 9801 12% 12 341393 46101 92%
c w  2.29 72 75 4 199 5855 9795 12% 12 341393 46101 92%
c t  2.33 72 75 4 199 5855 9793 12% 12 313437 46101 92%
c e  3.10 67 75 4 199 5855 5069 12% 12 296191 30171 60%
c s  3.21 72 75 4 199 5855 5064 12% 12 296191 30171 60%
c F  3.51 76 76 4 206 6028 5200 18% 12 296191 30171 60%
c i  3.56 76 70 4 206 6656 5647  7% 11 296191 30170 60%
c -  3.62 76 70 5 214 6821 1217  8% 11 296066 30170 60%
c 
c  seconds  reductions  redundant   irredundant
c         MB    restarts       trail        variables
c          level   conflicts       glue          remaining
c 
c -  3.86 78 59 6 288 9473 2512  7% 11 296066 30170 60%
c B  3.90 78 57 6 290 10032 2909  8% 10 296066 30170 60%
c i  4.03 78 55 6 367 11629 4116  8% 10 296066 30164 60%
c -  4.20 78 53 7 370 12563 3428  9% 10 295310 30164 60%
c i  4.23 78 52 7 385 12830 3630  8% 10 295310 30157 60%
c i  4.24 78 52 7 385 12942 3718  8% 10 295310 30151 60%
c i  4.24 78 52 7 385 12943 3718  8% 10 295310 29992 60%
c i  4.24 78 52 7 385 12946 3720  8% 10 295310 29965 60%
c i  4.24 78 52 7 385 12947 3720  8% 10 295310 29945 60%
c }  4.24 78 52 7 385 12955 3722  8% 10 295310 29650 59%
c 0  4.24 78 52 7 385 12955 3722  8% 10 295310 29650 59%
c 
c --- [ result ] -------------------------------------------------------------
c 
s UNSATISFIABLE
c 
c --- [ run-time profiling ] -------------------------------------------------
c 
c process time taken by individual solving procedures
c (percentage relative to process time for solving)
c 
c         2.24   54.64% simplify
c         1.86   45.36% search
c         1.85   45.26% unstable
c         0.85   20.72% elim
c         0.53   13.00% vivify
c         0.26    6.35% subsume
c         0.16    4.01% probe
c         0.16    3.91% ternary
c         0.00    0.10% lucky
c   =================================
c         4.09   96.42% solve
c 
c last line shows process time for solving
c (percentage relative to total process time)
c 
c --- [ statistics ] ---------------------------------------------------------
c 
c backtracked:               34502       266.32 %  of conflicts
c chronological:              4586        13.29 %  of backtracks
c conflicts:                 12955      3165.93    per second
c decisions:                 59101     14443.06    per second
c eliminated:                15930        31.75 %  of all variables
c fixed:                      2195         4.37 %  of all variables
c learned:                   10786        83.26 %  per conflict
c minimized:                163885        27.17 %  learned literals
c propagations:            6273233         1.53 M  per second
c reduced:                    3348        25.84 %  per conflict
c rephased:                      4      3238.75    interval
c restarts:                    385        33.65    interval
c substituted:                2401         4.79 %  of all variables
c subsumed:                  11547         0.89 %  of all clauses
c strengthened:               3064         0.24 %  of all clauses
c vivified:                   4005         0.31 %  of all clauses
c weakened:                 108086         3.99    average size
c 
c seconds are measured in process time for solving
c 
c --- [ resources ] ----------------------------------------------------------
c 
c total process time since initialization:         4.24    seconds
c total real time since initialization:            4.25    seconds
c maximum resident set size of process:           78.20    MB
c 
c --- [ shutting down ] ------------------------------------------------------
c 
c exit 20
