c --- [ banner ] -------------------------------------------------------------
c 
c CaDiCaL Radically Simplified CDCL SAT Solver
c Copyright (c) 2016-2019 Armin Biere, JKU Linz
c 
c Version 1.0.3 cb89cbfa16f47cb7bf1ec6ad9855e7b6d5203c18
c g++ (GCC) 6.3.0 -Wall -Wextra -O3 -DNDEBUG
c Fri Aug 23 08:17:16 CDT 2019 Linux login1 4.4.103-6.38-default x86_64
c 
c --- [ config ] -------------------------------------------------------------
c 
c using 'unsat' configuration (target unsatisfiable instances)
c 
c --- [ proof tracing ] ------------------------------------------------------
c 
c opening file to write '/tmp/57_1196_0_six.drat'
c writing binary proof trace to '/tmp/57_1196_0_six.drat'
c 
c --- [ parsing input ] ------------------------------------------------------
c 
c reading DIMACS file from '/tmp/57_1196_0_six.cnf'
c opening file to read '/tmp/57_1196_0_six.cnf'
c found 'p cnf 50176 399279' header
c parsed 399279 clauses in 0.15 seconds process time
c 
c --- [ options ] ------------------------------------------------------------
c 
c   --stabilize=false              (different from default 'true')
c   --walk=false                   (different from default 'true')
c 
c --- [ solving ] ------------------------------------------------------------
c 
c time measured in process time since initialization
c 
c  seconds  reductions  redundant  irredundant
c         MB    restarts       trail       variables
c          level   conflicts       glue         remaining
c 
c *  0.16 45  0 0   0    0    0  0% 0 369032 48442 97%
c {  0.16 46  0 0   0    0    0  0% 0 369032 48442 97%
c i  0.16 46 43 0   0   61   52  6% 3 369032 48434 97%
c -  0.22 47 63 1  32  300  209  7% 11 354106 48434 97%
c I  0.28 48 79 1  50 1003  610 10% 10 354106 48434 97%
c -  0.42 60 87 2  65 1236  657 10% 10 354106 48434 97%
c -  0.62 61 65 3 122 2637 1283 10% 10 354106 48434 97%
c B  0.65 61 60 3 132 3005 1529 10% 10 354106 48434 97%
c -  0.83 61 52 4 168 4497 1813 10% 10 354106 48434 97%
c d  1.02 62 49 4 215 5000 2214 10% 10 349344 46053 92%
c 2  1.20 61 49 4 215 5000 2214 10% 10 343394 46053 92%
c p  1.58 64 49 4 215 5000 17856 10% 10 343394 45918 92%
c s  1.84 77 49 4 243 5859 18456 10% 10 343377 45918 92%
c v  2.32 77 49 4 243 5859 18456 10% 10 339633 45918 92%
c w  2.43 77 49 4 243 5859 18438 10% 10 339633 45917 92%
c t  2.48 77 49 4 243 5859 18434 10% 10 311098 45917 92%
c e  3.26 68 49 4 243 5859 6945 10% 10 288370 29460 59%
c s  3.37 76 49 4 243 5859 6944 10% 10 288370 29460 59%
c F  3.63 77 48 4 245 6023 7069  5% 10 288370 29460 59%
c -  3.73 77 48 5 263 6823 1360  7% 10 288370 29460 59%
c 
c  seconds  reductions  redundant  irredundant
c         MB    restarts       trail       variables
c          level   conflicts       glue         remaining
c 
c i  3.82 77 43 5 316 8022 2228  5% 9 288370 29376 59%
c i  3.82 77 43 5 316 8027 2230  5% 9 288370 29366 59%
c i  3.88 77 40 5 331 9086 3040  6% 9 288370 29360 59%
c i  3.88 77 40 5 331 9113 3058  6% 9 288370 29354 59%
c -  3.97 77 38 6 332 9450 2163  6% 9 279463 29354 59%
c B  4.01 77 38 6 360 10032 2612  6% 9 279463 29354 59%
c i  4.02 77 37 6 360 10103 2651  6% 9 279463 29269 58%
c i  4.02 77 37 6 360 10114 2657  6% 9 279463 29260 58%
c i  4.02 77 37 6 360 10117 2658  6% 9 279463 29033 58%
c }  4.02 77 37 6 360 10120 2658  6% 9 279463 28857 58%
c 0  4.02 77 37 6 360 10120 2658  6% 9 279463 28857 58%
c 
c --- [ result ] -------------------------------------------------------------
c 
s UNSATISFIABLE
c 
c --- [ run-time profiling ] -------------------------------------------------
c 
c process time taken by individual solving procedures
c (percentage relative to process time for solving)
c 
c         2.41   62.42% simplify
c         1.45   37.47% search
c         1.44   37.37% unstable
c         0.85   22.05% elim
c         0.52   13.46% vivify
c         0.37    9.63% probe
c         0.26    6.63% subsume
c         0.15    3.83% ternary
c         0.00    0.10% lucky
c   =================================
c         3.86   96.22% solve
c 
c last line shows process time for solving
c (percentage relative to total process time)
c 
c --- [ statistics ] ---------------------------------------------------------
c 
c backtracked:               43863       433.43 %  of conflicts
c chronological:              3489         7.95 %  of backtracks
c conflicts:                 10120      2619.05    per second
c decisions:                 41908     10845.76    per second
c eliminated:                16457        32.80 %  of all variables
c fixed:                      2481         4.94 %  of all variables
c learned:                    8576        84.74 %  per conflict
c minimized:                135136        29.75 %  learned literals
c propagations:            5546546         1.44 M  per second
c reduced:                    1837        18.15 %  per conflict
c rephased:                      4      2530.00    interval
c restarts:                    360        28.11    interval
c substituted:                2381         4.75 %  of all variables
c subsumed:                  11339         0.87 %  of all clauses
c strengthened:               3489         0.27 %  of all clauses
c vivified:                   3789         0.29 %  of all clauses
c weakened:                 106839         4.02    average size
c 
c seconds are measured in process time for solving
c 
c --- [ resources ] ----------------------------------------------------------
c 
c total process time since initialization:         4.02    seconds
c total real time since initialization:            4.02    seconds
c maximum resident set size of process:           79.12    MB
c 
c --- [ shutting down ] ------------------------------------------------------
c 
c exit 20
