c --- [ banner ] -------------------------------------------------------------
c 
c CaDiCaL Radically Simplified CDCL SAT Solver
c Copyright (c) 2016-2019 Armin Biere, JKU Linz
c 
c Version 1.0.3 cb89cbfa16f47cb7bf1ec6ad9855e7b6d5203c18
c g++ (GCC) 6.3.0 -Wall -Wextra -O3 -DNDEBUG
c Fri Aug 23 08:17:16 CDT 2019 Linux login1 4.4.103-6.38-default x86_64
c 
c --- [ config ] -------------------------------------------------------------
c 
c using 'unsat' configuration (target unsatisfiable instances)
c 
c --- [ proof tracing ] ------------------------------------------------------
c 
c opening file to write '/tmp/57_258_0_six.drat'
c writing binary proof trace to '/tmp/57_258_0_six.drat'
c 
c --- [ parsing input ] ------------------------------------------------------
c 
c reading DIMACS file from '/tmp/57_258_0_six.cnf'
c opening file to read '/tmp/57_258_0_six.cnf'
c found 'p cnf 50176 399279' header
c parsed 399279 clauses in 0.16 seconds process time
c 
c --- [ options ] ------------------------------------------------------------
c 
c   --stabilize=false              (different from default 'true')
c   --walk=false                   (different from default 'true')
c 
c --- [ solving ] ------------------------------------------------------------
c 
c time measured in process time since initialization
c 
c  seconds  reductions  redundant  irredundant
c         MB    restarts       trail       variables
c          level   conflicts       glue         remaining
c 
c *  0.16 45  0 0   0    0    0  0% 0 369012 48254 96%
c {  0.16 46  0 0   0    0    0  0% 0 369012 48254 96%
c -  0.22 47 65 1  10  303  192  9% 9 349910 48254 96%
c I  0.29 48 87 1  60 1011  654 10% 11 349910 48254 96%
c -  0.40 60 82 2  70 1230  690 10% 11 349910 48254 96%
c -  0.56 60 67 3 145 2621 1256 10% 10 349910 48254 96%
c B  0.59 60 61 3 153 3012 1560 10% 10 349910 48254 96%
c -  0.76 60 58 4 200 4478 1899 10% 10 349910 48254 96%
c d  0.95 61 60 4 231 5000 2294 10% 10 345206 45902 91%
c 2  1.14 61 60 4 231 5000 2294 10% 10 339326 45902 91%
c p  1.53 63 60 4 231 5000 7105 10% 10 339326 45776 91%
c i  1.62 63 61 4 251 5388 7414 10% 10 339326 45774 91%
c s  1.80 71 57 4 251 5872 7776 10% 10 339326 45774 91%
c v  2.24 71 57 4 251 5872 7776 10% 10 336020 45774 91%
c w  2.35 71 57 4 251 5872 7763 10% 10 336020 45631 91%
c t  2.39 71 57 4 251 5872 7760 10% 10 306054 45631 91%
c e  3.21 66 57 4 251 5872 3673 10% 10 275769 28236 56%
c F  3.50 75 56 4 251 6014 3793  6% 10 275769 28236 56%
c -  3.59 75 57 5 284 6798 1590  6% 10 275769 28236 56%
c i  3.66 75 56 5 387 7755 2293  5% 10 275769 28230 56%
c 
c  seconds  reductions  redundant   irredundant
c         MB    restarts       trail        variables
c          level   conflicts       glue          remaining
c 
c i  3.67 75 55 5 387 8032 2464  4% 10 275769 28224 56%
c }  3.67 75 55 5 387 8058 2471  4% 9 275769 28071 56%
c 0  3.67 75 55 5 387 8058 2471  4% 9 275769 28071 56%
c 
c --- [ result ] -------------------------------------------------------------
c 
s UNSATISFIABLE
c 
c --- [ run-time profiling ] -------------------------------------------------
c 
c process time taken by individual solving procedures
c (percentage relative to process time for solving)
c 
c         2.33   66.40% simplify
c         1.18   33.60% search
c         1.18   33.49% unstable
c         0.80   22.89% elim
c         0.48   13.78% vivify
c         0.40   11.28% probe
c         0.24    6.83% subsume
c         0.15    4.21% ternary
c         0.00    0.11% lucky
c   =================================
c         3.51   95.64% solve
c 
c last line shows process time for solving
c (percentage relative to total process time)
c 
c --- [ statistics ] ---------------------------------------------------------
c 
c backtracked:               44030       546.41 %  of conflicts
c chronological:              2925         6.64 %  of backtracks
c conflicts:                  8058      2294.42    per second
c decisions:                 41605     11846.53    per second
c eliminated:                17389        34.66 %  of all variables
c fixed:                      2364         4.71 %  of all variables
c learned:                    6517        80.88 %  per conflict
c minimized:                 96030        28.03 %  learned literals
c propagations:            4723252         1.34 M  per second
c reduced:                    1351        16.77 %  per conflict
c rephased:                      3      2686.00    interval
c restarts:                    387        20.82    interval
c substituted:                2352         4.69 %  of all variables
c subsumed:                  10322         0.81 %  of all clauses
c strengthened:               3697         0.29 %  of all clauses
c vivified:                   3400         0.27 %  of all clauses
c weakened:                 107520         4.09    average size
c 
c seconds are measured in process time for solving
c 
c --- [ resources ] ----------------------------------------------------------
c 
c total process time since initialization:         3.67    seconds
c total real time since initialization:            3.67    seconds
c maximum resident set size of process:           74.75    MB
c 
c --- [ shutting down ] ------------------------------------------------------
c 
c exit 20
