c --- [ banner ] -------------------------------------------------------------
c 
c CaDiCaL Radically Simplified CDCL SAT Solver
c Copyright (c) 2016-2019 Armin Biere, JKU Linz
c 
c Version 1.0.3 cb89cbfa16f47cb7bf1ec6ad9855e7b6d5203c18
c g++ (GCC) 6.3.0 -Wall -Wextra -O3 -DNDEBUG
c Fri Aug 23 08:17:16 CDT 2019 Linux login1 4.4.103-6.38-default x86_64
c 
c --- [ config ] -------------------------------------------------------------
c 
c using 'unsat' configuration (target unsatisfiable instances)
c 
c --- [ proof tracing ] ------------------------------------------------------
c 
c opening file to write '/tmp/23_510_0_six.drat'
c writing binary proof trace to '/tmp/23_510_0_six.drat'
c 
c --- [ parsing input ] ------------------------------------------------------
c 
c reading DIMACS file from '/tmp/23_510_0_six.cnf'
c opening file to read '/tmp/23_510_0_six.cnf'
c found 'p cnf 50176 399289' header
c parsed 399289 clauses in 0.15 seconds process time
c 
c --- [ options ] ------------------------------------------------------------
c 
c   --stabilize=false              (different from default 'true')
c   --walk=false                   (different from default 'true')
c 
c --- [ solving ] ------------------------------------------------------------
c 
c time measured in process time since initialization
c 
c  seconds  reductions  redundant  irredundant
c         MB    restarts       trail       variables
c          level   conflicts       glue         remaining
c 
c *  0.15 44  0 0   0    0    0  0% 0 363612 48224 96%
c {  0.16 45  0 0   0    0    0  0% 0 363612 48224 96%
c -  0.22 47 109 1  36  300  190  9% 11 349910 48224 96%
c I  0.32 49 113 1  76 1006  623 14% 12 349910 48224 96%
c -  0.44 61 98 2  84 1226  706 13% 12 349910 48224 96%
c -  0.61 61 60 3 128 2615 1343 11% 10 349910 48224 96%
c B  0.65 61 61 3 142 3009 1644 11% 10 349910 48224 96%
c -  0.85 61 59 4 170 4468 1898 11% 10 349910 48224 96%
c d  1.06 62 59 4 171 5012 2304 11% 9 345206 45872 91%
c 2  1.26 62 59 4 171 5012 2304 11% 9 339326 45872 91%
c p  1.60 63 59 4 171 5012 9527 11% 9 339326 45845 91%
c i  1.69 63 56 4 171 5414 9823 11% 9 339326 45823 91%
c i  1.70 63 55 4 171 5450 9847 11% 9 339326 45817 91%
c s  1.93 71 55 4 187 5831 10146 11% 9 339323 45817 91%
c v  2.41 72 55 4 187 5831 10146 11% 9 335463 45817 91%
c w  2.54 72 55 4 187 5831 10128 11% 9 335463 45817 91%
c t  2.58 72 55 4 187 5831 10128 11% 9 304585 45817 91%
c e  3.38 67 55 4 187 5831 3601 11% 9 284091 28930 58%
c s  3.53 72 55 4 187 5831 3594 11% 9 284091 28930 58%
c F  3.75 75 55 4 192 6011 3730  8% 9 284091 28930 58%
c 
c  seconds  reductions  redundant  irredundant
c         MB    restarts       trail       variables
c          level   conflicts       glue         remaining
c 
c -  3.86 76 51 5 225 6783 1325  5% 9 284091 28930 58%
c i  3.90 76 48 5 235 7355 1685  5% 9 284091 28813 57%
c i  3.90 76 48 5 235 7362 1689  5% 9 284091 28706 57%
c i  3.91 76 48 5 235 7394 1715  5% 9 284091 28180 56%
c i  3.91 76 48 5 235 7395 1715  5% 9 284091 27788 55%
c i  3.91 76 48 5 235 7396 1715  5% 9 284091 27786 55%
c }  3.91 76 48 5 235 7400 1716  5% 9 284091 27766 55%
c 0  3.91 76 48 5 235 7400 1716  5% 9 284091 27766 55%
c 
c --- [ result ] -------------------------------------------------------------
c 
s UNSATISFIABLE
c 
c --- [ run-time profiling ] -------------------------------------------------
c 
c process time taken by individual solving procedures
c (percentage relative to process time for solving)
c 
c         2.40   64.00% simplify
c         1.35   36.00% search
c         1.35   35.89% unstable
c         0.79   21.09% elim
c         0.53   14.16% vivify
c         0.33    8.84% probe
c         0.32    8.41% subsume
c         0.16    4.26% ternary
c         0.00    0.11% lucky
c   =================================
c         3.76   96.11% solve
c 
c last line shows process time for solving
c (percentage relative to total process time)
c 
c --- [ statistics ] ---------------------------------------------------------
c 
c backtracked:               37357       504.82 %  of conflicts
c chronological:              2620         7.01 %  of backtracks
c conflicts:                  7400      1970.18    per second
c decisions:                 34674      9231.63    per second
c eliminated:                16887        33.66 %  of all variables
c fixed:                      3171         6.32 %  of all variables
c learned:                    6189        83.64 %  per conflict
c minimized:                 98560        29.83 %  learned literals
c propagations:            5208183         1.39 M  per second
c reduced:                    1456        19.68 %  per conflict
c rephased:                      3      2466.67    interval
c restarts:                    235        31.49    interval
c substituted:                2352         4.69 %  of all variables
c subsumed:                  10983         0.86 %  of all clauses
c strengthened:               3695         0.29 %  of all clauses
c vivified:                   3964         0.31 %  of all clauses
c weakened:                 108024         4.01    average size
c 
c seconds are measured in process time for solving
c 
c --- [ resources ] ----------------------------------------------------------
c 
c total process time since initialization:         3.91    seconds
c total real time since initialization:            3.91    seconds
c maximum resident set size of process:           75.73    MB
c 
c --- [ shutting down ] ------------------------------------------------------
c 
c exit 20
