c --- [ banner ] -------------------------------------------------------------
c 
c CaDiCaL Radically Simplified CDCL SAT Solver
c Copyright (c) 2016-2019 Armin Biere, JKU Linz
c 
c Version 1.0.3 cb89cbfa16f47cb7bf1ec6ad9855e7b6d5203c18
c g++ (GCC) 6.3.0 -Wall -Wextra -O3 -DNDEBUG
c Fri Aug 23 08:17:16 CDT 2019 Linux login1 4.4.103-6.38-default x86_64
c 
c --- [ config ] -------------------------------------------------------------
c 
c using 'unsat' configuration (target unsatisfiable instances)
c 
c --- [ proof tracing ] ------------------------------------------------------
c 
c opening file to write '/tmp/57_140_0_four.drat'
c writing binary proof trace to '/tmp/57_140_0_four.drat'
c 
c --- [ parsing input ] ------------------------------------------------------
c 
c reading DIMACS file from '/tmp/57_140_0_four.cnf'
c opening file to read '/tmp/57_140_0_four.cnf'
c found 'p cnf 43008 265780' header
c parsed 265780 clauses in 0.10 seconds process time
c 
c --- [ options ] ------------------------------------------------------------
c 
c   --stabilize=false              (different from default 'true')
c   --walk=false                   (different from default 'true')
c 
c --- [ solving ] ------------------------------------------------------------
c 
c time measured in process time since initialization
c 
c  seconds  reductions  redundant  irredundant
c         MB    restarts       trail       variables
c          level   conflicts       glue         remaining
c 
c *  0.10 31  0 0   0    0    0  0% 0 243968 41658 97%
c {  0.10 32  0 0   0    0    0  0% 0 243968 41658 97%
c i  0.11 32 44 0   0   49   38  6% 5 243968 41613 97%
c -  0.15 33 58 1  17  302  203  8% 8 234821 41613 97%
c i  0.17 34 51 1  29  594  399  9% 7 234821 40985 95%
c }  0.18 34 48 1  39  683  449  9% 7 234821 40335 94%
c 0  0.18 34 48 1  39  683  449  9% 7 234821 40335 94%
c 
c --- [ result ] -------------------------------------------------------------
c 
s UNSATISFIABLE
c 
c --- [ run-time profiling ] -------------------------------------------------
c 
c process time taken by individual solving procedures
c (percentage relative to process time for solving)
c 
c         0.07  100.00% search
c         0.07  100.00% unstable
c         0.00    0.00% simplify
c   =================================
c         0.07   40.91% solve
c 
c last line shows process time for solving
c (percentage relative to total process time)
c 
c --- [ statistics ] ---------------------------------------------------------
c 
c backtracked:                 837       122.55 %  of conflicts
c chronological:               315        37.63 %  of backtracks
c conflicts:                   683      9486.11    per second
c decisions:                  4045     56180.56    per second
c fixed:                      2673         6.22 %  of all variables
c learned:                     509        74.52 %  per conflict
c minimized:                  4301        26.07 %  learned literals
c propagations:             225219         3.13 M  per second
c restarts:                     39        17.51    interval
c subsumed:                     56         0.01 %  of all clauses
c 
c seconds are measured in process time for solving
c 
c --- [ resources ] ----------------------------------------------------------
c 
c total process time since initialization:         0.18    seconds
c total real time since initialization:            0.18    seconds
c maximum resident set size of process:           34.50    MB
c 
c --- [ shutting down ] ------------------------------------------------------
c 
c exit 20
