c --- [ banner ] -------------------------------------------------------------
c 
c CaDiCaL Radically Simplified CDCL SAT Solver
c Copyright (c) 2016-2019 Armin Biere, JKU Linz
c 
c Version 1.0.3 cb89cbfa16f47cb7bf1ec6ad9855e7b6d5203c18
c g++ (GCC) 6.3.0 -Wall -Wextra -O3 -DNDEBUG
c Fri Aug 23 08:17:16 CDT 2019 Linux login1 4.4.103-6.38-default x86_64
c 
c --- [ config ] -------------------------------------------------------------
c 
c using 'unsat' configuration (target unsatisfiable instances)
c 
c --- [ proof tracing ] ------------------------------------------------------
c 
c opening file to write '/tmp/57_832_0_four.drat'
c writing binary proof trace to '/tmp/57_832_0_four.drat'
c 
c --- [ parsing input ] ------------------------------------------------------
c 
c reading DIMACS file from '/tmp/57_832_0_four.cnf'
c opening file to read '/tmp/57_832_0_four.cnf'
c found 'p cnf 43008 265780' header
c parsed 265780 clauses in 0.10 seconds process time
c 
c --- [ options ] ------------------------------------------------------------
c 
c   --stabilize=false              (different from default 'true')
c   --walk=false                   (different from default 'true')
c 
c --- [ solving ] ------------------------------------------------------------
c 
c time measured in process time since initialization
c 
c  seconds  reductions  redundant  irredundant
c         MB    restarts       trail       variables
c          level   conflicts       glue         remaining
c 
c *  0.10 31  0 0   0    0    0  0% 0 243964 41606 97%
c {  0.10 32  0 0   0    0    0  0% 0 243964 41606 97%
c -  0.14 33 35 1  14  313  200  7% 8 234816 41606 97%
c i  0.18 33 48 1  35  702  498 10% 8 234816 41333 96%
c i  0.18 34 45 1  35  783  561 10% 8 234816 41332 96%
c i  0.19 34 42 1  35  870  627 10% 7 234816 41322 96%
c i  0.19 34 40 1  35  916  666 10% 7 234816 41292 96%
c i  0.20 34 38 1  35  991  728 10% 7 234816 41279 96%
c I  0.20 34 38 1  35 1010  736 10% 7 234816 41211 96%
c i  0.20 34 38 1  35 1010  736 10% 7 234816 41060 95%
c i  0.20 34 38 1  35 1011  736 10% 7 234816 41036 95%
c i  0.20 34 36 1  35 1054  767 10% 7 234816 41013 95%
c }  0.20 34 36 1  35 1086  777 10% 7 234816 40557 94%
c 0  0.20 34 36 1  35 1086  777 10% 7 234816 40557 94%
c 
c --- [ result ] -------------------------------------------------------------
c 
s UNSATISFIABLE
c 
c --- [ run-time profiling ] -------------------------------------------------
c 
c process time taken by individual solving procedures
c (percentage relative to process time for solving)
c 
c         0.10   96.15% search
c         0.10   96.15% unstable
c         0.00    0.00% simplify
c   =================================
c         0.10   50.98% solve
c 
c last line shows process time for solving
c (percentage relative to total process time)
c 
c --- [ statistics ] ---------------------------------------------------------
c 
c backtracked:                1274       117.31 %  of conflicts
c chronological:               462        36.26 %  of backtracks
c conflicts:                  1086     10442.31    per second
c decisions:                  4569     43932.69    per second
c fixed:                      2451         5.70 %  of all variables
c learned:                     843        77.62 %  per conflict
c minimized:                  6321        20.59 %  learned literals
c propagations:             398791         3.83 M  per second
c rephased:                      1      1086.00    interval
c restarts:                     35        31.03    interval
c subsumed:                     57         0.01 %  of all clauses
c 
c seconds are measured in process time for solving
c 
c --- [ resources ] ----------------------------------------------------------
c 
c total process time since initialization:         0.21    seconds
c total real time since initialization:            0.21    seconds
c maximum resident set size of process:           34.20    MB
c 
c --- [ shutting down ] ------------------------------------------------------
c 
c exit 20
