c --- [ banner ] -------------------------------------------------------------
c 
c CaDiCaL Radically Simplified CDCL SAT Solver
c Copyright (c) 2016-2019 Armin Biere, JKU Linz
c 
c Version 1.0.3 cb89cbfa16f47cb7bf1ec6ad9855e7b6d5203c18
c g++ (GCC) 6.3.0 -Wall -Wextra -O3 -DNDEBUG
c Fri Aug 23 08:17:16 CDT 2019 Linux login1 4.4.103-6.38-default x86_64
c 
c --- [ config ] -------------------------------------------------------------
c 
c using 'unsat' configuration (target unsatisfiable instances)
c 
c --- [ proof tracing ] ------------------------------------------------------
c 
c opening file to write '/tmp/35_557_0_four.drat'
c writing binary proof trace to '/tmp/35_557_0_four.drat'
c 
c --- [ parsing input ] ------------------------------------------------------
c 
c reading DIMACS file from '/tmp/35_557_0_four.cnf'
c opening file to read '/tmp/35_557_0_four.cnf'
c found 'p cnf 43008 265790' header
c parsed 265790 clauses in 0.10 seconds process time
c 
c --- [ options ] ------------------------------------------------------------
c 
c   --stabilize=false              (different from default 'true')
c   --walk=false                   (different from default 'true')
c 
c --- [ solving ] ------------------------------------------------------------
c 
c time measured in process time since initialization
c 
c  seconds  reductions  redundant  irredundant
c         MB    restarts       trail       variables
c          level   conflicts       glue         remaining
c 
c *  0.10 31  0 0   0    0    0  0% 0 240733 41422 96%
c {  0.11 31  0 0   0    0    0  0% 0 240733 41422 96%
c i  0.11 32 33 0   0   76   53  6% 4 240733 41414 96%
c -  0.16 33 44 1  29  300  225  7% 7 231204 41414 96%
c I  0.22 33 39 1  81 1004  805  9% 8 231204 41414 96%
c -  0.29 41 37 2  81 1122  826  9% 8 231204 41414 96%
c -  0.44 41 33 3 156 2349 1478 10% 8 231204 41414 96%
c B  0.52 41 33 3 244 3005 2067 10% 8 231204 41414 96%
c -  0.65 41 29 4 292 3985 2195  9% 8 231204 41414 96%
c i  0.70 41 27 4 305 4521 2647 10% 8 231204 41413 96%
c i  0.71 41 27 4 305 4614 2717 10% 8 231204 41401 96%
c i  0.72 41 26 4 305 4698 2783 10% 7 231204 41107 96%
c i  0.75 41 26 4 305 4981 3024 10% 7 231204 41106 96%
c d  0.85 42 25 4 305 5003 2899 10% 7 221663 39596 92%
c 2  0.98 43 25 4 305 5003 2899 10% 7 219401 39596 92%
c p  1.31 45 25 4 305 5003 11326 10% 7 219401 39183 91%
c d  1.35 45 25 4 305 5003 8197 10% 7 211425 39166 91%
c d  1.38 45 25 4 305 5003 8197 10% 7 211408 39161 91%
c i  1.38 45 25 4 305 5020 8201 10% 7 211408 39109 91%
c i  1.39 45 25 4 305 5043 8212 10% 7 211408 38993 91%
c 
c  seconds  reductions  redundant  irredundant
c         MB    restarts       trail       variables
c          level   conflicts       glue         remaining
c 
c i  1.39 45 25 4 305 5046 8214 10% 7 211408 38803 90%
c i  1.39 45 25 4 305 5047 8214 10% 7 211408 38711 90%
c i  1.39 45 25 4 305 5049 8214 10% 7 211408 38354 89%
c }  1.39 45 25 4 305 5054 8217 10% 7 211408 38236 89%
c 0  1.39 45 25 4 305 5054 8217 10% 7 211408 38236 89%
c 
c --- [ result ] -------------------------------------------------------------
c 
s UNSATISFIABLE
c 
c --- [ run-time profiling ] -------------------------------------------------
c 
c process time taken by individual solving procedures
c (percentage relative to process time for solving)
c 
c         0.66   51.09% search
c         0.65   50.78% unstable
c         0.63   48.91% simplify
c         0.32   25.23% probe
c         0.10    8.10% ternary
c         0.00    0.31% lucky
c   =================================
c         1.28   92.51% solve
c 
c last line shows process time for solving
c (percentage relative to total process time)
c 
c --- [ statistics ] ---------------------------------------------------------
c 
c backtracked:               29138       576.53 %  of conflicts
c chronological:              2121         7.28 %  of backtracks
c conflicts:                  5054      3936.14    per second
c decisions:                 22801     17757.79    per second
c fixed:                      3240         7.53 %  of all variables
c learned:                    4562        90.27 %  per conflict
c minimized:                 57135        31.51 %  learned literals
c propagations:            3601804         2.81 M  per second
c reduced:                    1172        23.19 %  per conflict
c rephased:                      2      2527.00    interval
c restarts:                    305        16.57    interval
c substituted:                1532         3.56 %  of all variables
c subsumed:                   2578         0.36 %  of all clauses
c weakened:                   3064         2.00    average size
c 
c seconds are measured in process time for solving
c 
c --- [ resources ] ----------------------------------------------------------
c 
c total process time since initialization:         1.39    seconds
c total real time since initialization:            1.39    seconds
c maximum resident set size of process:           47.51    MB
c 
c --- [ shutting down ] ------------------------------------------------------
c 
c exit 20
