c --- [ banner ] -------------------------------------------------------------
c 
c CaDiCaL Radically Simplified CDCL SAT Solver
c Copyright (c) 2016-2019 Armin Biere, JKU Linz
c 
c Version 1.0.3 cb89cbfa16f47cb7bf1ec6ad9855e7b6d5203c18
c g++ (GCC) 6.3.0 -Wall -Wextra -O3 -DNDEBUG
c Fri Aug 23 08:17:16 CDT 2019 Linux login1 4.4.103-6.38-default x86_64
c 
c --- [ config ] -------------------------------------------------------------
c 
c using 'unsat' configuration (target unsatisfiable instances)
c 
c --- [ proof tracing ] ------------------------------------------------------
c 
c opening file to write '/tmp/35_708_0_four.drat'
c writing binary proof trace to '/tmp/35_708_0_four.drat'
c 
c --- [ parsing input ] ------------------------------------------------------
c 
c reading DIMACS file from '/tmp/35_708_0_four.cnf'
c opening file to read '/tmp/35_708_0_four.cnf'
c found 'p cnf 43008 265790' header
c parsed 265790 clauses in 0.10 seconds process time
c 
c --- [ options ] ------------------------------------------------------------
c 
c   --stabilize=false              (different from default 'true')
c   --walk=false                   (different from default 'true')
c 
c --- [ solving ] ------------------------------------------------------------
c 
c time measured in process time since initialization
c 
c  seconds  reductions  redundant  irredundant
c         MB    restarts       trail       variables
c          level   conflicts       glue         remaining
c 
c *  0.10 31  0 0   0    0    0  0% 0 240733 41554 97%
c {  0.11 31  0 0   0    0    0  0% 0 240733 41554 97%
c -  0.15 33 44 1  27  300  216  6% 8 234238 41554 97%
c I  0.20 34 44 1  85 1006  790  8% 8 234238 41554 97%
c -  0.28 42 42 2  85 1121  782  8% 8 234238 41554 97%
c -  0.44 42 36 3 163 2355 1484  9% 8 234238 41554 97%
c i  0.49 42 33 3 171 2967 1988  9% 8 234238 41532 97%
c B  0.50 42 33 3 171 3007 2019  9% 8 234238 41532 97%
c -  0.62 42 35 4 235 4000 2131 10% 8 233659 41532 97%
c i  0.71 42 30 4 240 4969 2920 10% 8 233659 41506 97%
c d  0.81 43 30 4 240 5000 2503 10% 8 229945 39937 93%
c 2  0.94 43 30 4 240 5000 2503 10% 8 227589 39909 93%
c p  1.29 46 30 4 240 5000 5829 10% 8 227589 39822 93%
c s  1.43 39 30 4 240 5072 5887 10% 8 227585 39822 93%
c v  1.71 48 30 4 240 5072 5887 10% 8 224591 39822 93%
c w  1.79 48 30 4 240 5072 5869 10% 8 224591 39822 93%
c t  1.81 48 30 4 240 5072 5865 10% 8 206141 39822 93%
c e  2.32 47 30 4 240 5072 1445 10% 8 186031 23833 55%
c s  2.39 52 30 4 240 5072 1429 10% 8 186031 23833 55%
c i  2.61 53 29 4 246 5481 1787  5% 7 186031 23815 55%
c 
c  seconds  reductions  redundant  irredundant
c         MB    restarts       trail       variables
c          level   conflicts       glue         remaining
c 
c i  2.61 53 29 4 246 5500 1803  5% 7 186031 23650 55%
c }  2.63 53 29 4 246 5594 1878  6% 7 186031 23540 55%
c 0  2.63 53 29 4 246 5594 1878  6% 7 186031 23540 55%
c 
c --- [ result ] -------------------------------------------------------------
c 
s UNSATISFIABLE
c 
c --- [ run-time profiling ] -------------------------------------------------
c 
c process time taken by individual solving procedures
c (percentage relative to process time for solving)
c 
c         1.66   65.61% simplify
c         0.87   34.39% search
c         0.86   34.23% unstable
c         0.55   21.71% elim
c         0.35   13.95% probe
c         0.31   12.36% vivify
c         0.18    6.97% subsume
c         0.10    3.96% ternary
c         0.00    0.16% lucky
c   =================================
c         2.52   96.04% solve
c 
c last line shows process time for solving
c (percentage relative to total process time)
c 
c --- [ statistics ] ---------------------------------------------------------
c 
c backtracked:               40904       731.21 %  of conflicts
c chronological:              2306         5.64 %  of backtracks
c conflicts:                  5594      2216.32    per second
c decisions:                 22826      9043.58    per second
c eliminated:                15989        37.18 %  of all variables
c fixed:                      1910         4.44 %  of all variables
c learned:                    5042        90.13 %  per conflict
c minimized:                 62258        31.13 %  learned literals
c propagations:            3749108         1.49 M  per second
c reduced:                    1176        21.02 %  per conflict
c rephased:                      2      2797.00    interval
c restarts:                    246        22.74    interval
c substituted:                1569         3.65 %  of all variables
c subsumed:                   5924         0.70 %  of all clauses
c strengthened:               2958         0.35 %  of all clauses
c vivified:                   3070         0.36 %  of all clauses
c weakened:                  77482         3.75    average size
c 
c seconds are measured in process time for solving
c 
c --- [ resources ] ----------------------------------------------------------
c 
c total process time since initialization:         2.63    seconds
c total real time since initialization:            2.63    seconds
c maximum resident set size of process:           53.38    MB
c 
c --- [ shutting down ] ------------------------------------------------------
c 
c exit 20
