c --- [ banner ] -------------------------------------------------------------
c 
c CaDiCaL Radically Simplified CDCL SAT Solver
c Copyright (c) 2016-2019 Armin Biere, JKU Linz
c 
c Version 1.0.3 cb89cbfa16f47cb7bf1ec6ad9855e7b6d5203c18
c g++ (GCC) 6.3.0 -Wall -Wextra -O3 -DNDEBUG
c Fri Aug 23 08:17:16 CDT 2019 Linux login1 4.4.103-6.38-default x86_64
c 
c --- [ config ] -------------------------------------------------------------
c 
c using 'unsat' configuration (target unsatisfiable instances)
c 
c --- [ proof tracing ] ------------------------------------------------------
c 
c opening file to write '/tmp/35_902_0_four.drat'
c writing binary proof trace to '/tmp/35_902_0_four.drat'
c 
c --- [ parsing input ] ------------------------------------------------------
c 
c reading DIMACS file from '/tmp/35_902_0_four.cnf'
c opening file to read '/tmp/35_902_0_four.cnf'
c found 'p cnf 43008 265790' header
c parsed 265790 clauses in 0.10 seconds process time
c 
c --- [ options ] ------------------------------------------------------------
c 
c   --stabilize=false              (different from default 'true')
c   --walk=false                   (different from default 'true')
c 
c --- [ solving ] ------------------------------------------------------------
c 
c time measured in process time since initialization
c 
c  seconds  reductions  redundant  irredundant
c         MB    restarts       trail       variables
c          level   conflicts       glue         remaining
c 
c *  0.10 31  0 0   0    0    0  0% 0 240733 41557 97%
c {  0.11 31  0 0   0    0    0  0% 0 240733 41557 97%
c -  0.15 33 43 1  30  300  231  7% 7 234239 41557 97%
c I  0.22 34 57 1  97 1003  812 10% 8 234239 41557 97%
c -  0.30 42 56 2 104 1121  809  9% 8 234239 41557 97%
c -  0.50 42 48 3 204 2356 1378  9% 9 234239 41557 97%
c B  0.58 42 44 3 222 3005 1958 10% 8 234239 41557 97%
c -  0.75 42 46 4 330 3999 2097 10% 9 234239 41557 97%
c d  1.02 43 45 4 385 5000 2944 10% 9 231087 39981 93%
c 2  1.16 43 45 4 385 5000 2944 10% 9 228723 39981 93%
c p  1.29 46 45 4 385 5000 4969 10% 9 228723 39981 93%
c s  1.53 40 46 4 385 5069 5018 10% 9 228723 39981 93%
c v  1.79 49 46 4 385 5069 5018 10% 9 224581 39981 93%
c w  1.87 49 46 4 385 5069 5015 10% 9 224581 39981 93%
c t  1.90 49 46 4 385 5069 5013 10% 9 206455 39981 93%
c e  2.39 49 46 4 385 5069 1693 10% 9 190316 24377 57%
c s  2.46 54 46 4 385 5069 1681 10% 9 190316 24377 57%
c F  2.63 55 44 4 484 6011 2524  5% 9 190316 24377 57%
c -  2.67 56 44 5 490 6053 1336  5% 9 190316 24377 57%
c i  2.80 56 42 5 553 7497 2595  7% 8 190316 24364 57%
c 
c  seconds  reductions  redundant  irredundant
c         MB    restarts       trail       variables
c          level   conflicts       glue         remaining
c 
c -  2.89 56 38 6 562 8358 2399  6% 8 188665 24364 57%
c B  2.97 56 35 6 639 10013 3720  5% 8 188665 24364 57%
c -  3.12 56 35 7 679 11044 3309  6% 8 188665 24364 57%
c i  3.15 56 34 7 684 11299 3517  6% 8 188665 24337 57%
c i  3.15 56 34 7 684 11305 3522  6% 8 188665 24326 57%
c }  3.17 56 34 7 684 11452 3624  6% 8 188665 24211 56%
c 0  3.17 56 34 7 684 11452 3624  6% 8 188665 24211 56%
c 
c --- [ result ] -------------------------------------------------------------
c 
s UNSATISFIABLE
c 
c --- [ run-time profiling ] -------------------------------------------------
c 
c process time taken by individual solving procedures
c (percentage relative to process time for solving)
c 
c         1.59   51.96% search
c         1.59   51.83% unstable
c         1.47   48.04% simplify
c         0.48   15.67% elim
c         0.30    9.79% vivify
c         0.26    8.49% subsume
c         0.13    4.18% probe
c         0.12    3.79% ternary
c         0.00    0.13% lucky
c   =================================
c         3.06   96.72% solve
c 
c last line shows process time for solving
c (percentage relative to total process time)
c 
c --- [ statistics ] ---------------------------------------------------------
c 
c backtracked:               33170       289.64 %  of conflicts
c chronological:              4560        13.75 %  of backtracks
c conflicts:                 11452      3737.60    per second
c decisions:                 56471     18430.48    per second
c eliminated:                15604        36.28 %  of all variables
c fixed:                      1617         3.76 %  of all variables
c learned:                   10462        91.36 %  per conflict
c minimized:                115608        29.66 %  learned literals
c propagations:            5486284         1.79 M  per second
c reduced:                    3404        29.72 %  per conflict
c rephased:                      4      2863.00    interval
c restarts:                    684        16.74    interval
c substituted:                1576         3.66 %  of all variables
c subsumed:                   7462         0.87 %  of all clauses
c strengthened:               2174         0.25 %  of all clauses
c vivified:                   4337         0.51 %  of all clauses
c weakened:                  78478         3.71    average size
c 
c seconds are measured in process time for solving
c 
c --- [ resources ] ----------------------------------------------------------
c 
c total process time since initialization:         3.17    seconds
c total real time since initialization:            3.17    seconds
c maximum resident set size of process:           56.04    MB
c 
c --- [ shutting down ] ------------------------------------------------------
c 
c exit 20
