c --- [ banner ] -------------------------------------------------------------
c 
c CaDiCaL Radically Simplified CDCL SAT Solver
c Copyright (c) 2016-2019 Armin Biere, JKU Linz
c 
c Version 1.0.3 cb89cbfa16f47cb7bf1ec6ad9855e7b6d5203c18
c g++ (GCC) 6.3.0 -Wall -Wextra -O3 -DNDEBUG
c Fri Aug 23 08:17:16 CDT 2019 Linux login1 4.4.103-6.38-default x86_64
c 
c --- [ config ] -------------------------------------------------------------
c 
c using 'unsat' configuration (target unsatisfiable instances)
c 
c --- [ proof tracing ] ------------------------------------------------------
c 
c opening file to write '/tmp/82_1312_0_six.drat'
c writing binary proof trace to '/tmp/82_1312_0_six.drat'
c 
c --- [ parsing input ] ------------------------------------------------------
c 
c reading DIMACS file from '/tmp/82_1312_0_six.cnf'
c opening file to read '/tmp/82_1312_0_six.cnf'
c found 'p cnf 50176 399284' header
c parsed 399284 clauses in 0.28 seconds process time
c 
c --- [ options ] ------------------------------------------------------------
c 
c   --stabilize=false              (different from default 'true')
c   --walk=false                   (different from default 'true')
c 
c --- [ solving ] ------------------------------------------------------------
c 
c time measured in process time since initialization
c 
c  seconds  reductions  redundant  irredundant
c         MB    restarts       trail       variables
c          level   conflicts       glue         remaining
c 
c *  0.29 45  0 0   0    0    0  0% 0 366544 48345 96%
c {  0.29 45  0 0   0    0    0  0% 0 366544 48345 96%
c -  0.35 47 53 1  29  302  190  7% 10 352525 48345 96%
c I  0.40 48 61 1  71 1002  628  8% 11 352525 48345 96%
c -  0.53 60 74 2  71 1230  708  9% 10 352525 48345 96%
c i  0.55 60 72 2  77 1454  859  9% 9 352525 48293 96%
c -  0.74 60 58 3 115 2624 1373 11% 9 351481 48293 96%
c i  0.76 60 56 3 137 2800 1514 10% 9 351481 48259 96%
c B  0.78 60 52 3 137 3005 1680 10% 9 351481 48259 96%
c i  0.80 60 51 3 172 3210 1849 10% 9 351481 48164 96%
c i  0.83 60 48 3 182 3463 2042 10% 9 351481 47404 94%
c -  0.99 59 45 4 306 4480 1843 11% 9 330134 47404 94%
c d  1.21 61 44 4 314 5006 2179 11% 9 325700 45187 90%
c 2  1.40 60 44 4 314 5006 2175 11% 9 320165 45187 90%
c p  1.64 61 44 4 314 5006 9531 11% 9 320165 44169 88%
c d  1.69 61 44 4 314 5006 7310 11% 9 299943 44160 88%
c d  1.73 61 44 4 314 5006 7300 11% 9 299887 44143 88%
c s  2.08 72 41 4 328 5849 7887  6% 9 299869 44143 88%
c v  2.36 72 41 4 328 5849 7887  6% 9 297691 44143 88%
c w  2.45 72 41 4 328 5849 7836  6% 9 297691 43683 87%
c 
c  seconds  reductions  redundant  irredundant
c         MB    restarts       trail       variables
c          level   conflicts       glue         remaining
c 
c t  2.50 72 41 4 328 5849 7824  6% 9 269840 43683 87%
c e  3.02 73 41 4 328 5849 1546  6% 9 236777 24916 50%
c s  3.14 73 41 4 328 5849 1540  6% 9 236777 24916 50%
c F  3.19 73 40 4 341 6006 1639  5% 9 236777 24916 50%
c -  3.30 77 38 5 359 6759  901  4% 9 236777 24916 50%
c i  3.38 77 32 5 394 8474 2174  4% 8 236777 24851 50%
c i  3.41 77 31 5 394 8893 2483  4% 8 236777 24844 50%
c i  3.41 77 31 5 394 8894 2483  4% 8 236777 24793 49%
c i  3.41 77 31 5 394 8895 2483  4% 8 236777 24785 49%
c i  3.41 77 31 5 394 8898 2485  4% 8 236777 24606 49%
c i  3.41 77 30 5 400 9019 2541  4% 8 236777 24520 49%
c }  3.50 78 30 5 403 9042 1353  7% 8 217956 24321 48%
c 0  3.50 78 30 5 403 9042 1353  7% 8 217956 24321 48%
c 
c --- [ result ] -------------------------------------------------------------
c 
s UNSATISFIABLE
c 
c --- [ run-time profiling ] -------------------------------------------------
c 
c process time taken by individual solving procedures
c (percentage relative to process time for solving)
c 
c         1.79   55.67% simplify
c         1.42   44.33% search
c         1.42   44.21% unstable
c         0.52   16.19% elim
c         0.33   10.21% vivify
c         0.23    7.22% probe
c         0.21    6.60% subsume
c         0.16    4.86% ternary
c         0.00    0.12% lucky
c   =================================
c         3.21   91.77% solve
c 
c last line shows process time for solving
c (percentage relative to total process time)
c 
c --- [ statistics ] ---------------------------------------------------------
c 
c backtracked:               29672       328.16 %  of conflicts
c chronological:              3033        10.22 %  of backtracks
c conflicts:                  9042      2815.07    per second
c decisions:                 36425     11340.29    per second
c eliminated:                18758        37.38 %  of all variables
c fixed:                      4854         9.67 %  of all variables
c learned:                    7743        85.63 %  per conflict
c minimized:                111916        30.72 %  learned literals
c propagations:            5916364         1.84 M  per second
c reduced:                     957        10.58 %  per conflict
c rephased:                      3      3014.00    interval
c restarts:                    403        22.44    interval
c substituted:                2243         4.47 %  of all variables
c subsumed:                   9949         0.81 %  of all clauses
c strengthened:               1716         0.14 %  of all clauses
c vivified:                   2334         0.19 %  of all clauses
c weakened:                  99250         4.13    average size
c 
c seconds are measured in process time for solving
c 
c --- [ resources ] ----------------------------------------------------------
c 
c total process time since initialization:         3.50    seconds
c total real time since initialization:            3.50    seconds
c maximum resident set size of process:           77.69    MB
c 
c --- [ shutting down ] ------------------------------------------------------
c 
c exit 20
