c --- [ banner ] -------------------------------------------------------------
c 
c CaDiCaL Radically Simplified CDCL SAT Solver
c Copyright (c) 2016-2019 Armin Biere, JKU Linz
c 
c Version 1.0.3 cb89cbfa16f47cb7bf1ec6ad9855e7b6d5203c18
c g++ (GCC) 6.3.0 -Wall -Wextra -O3 -DNDEBUG
c Fri Aug 23 08:17:16 CDT 2019 Linux login1 4.4.103-6.38-default x86_64
c 
c --- [ config ] -------------------------------------------------------------
c 
c using 'unsat' configuration (target unsatisfiable instances)
c 
c --- [ proof tracing ] ------------------------------------------------------
c 
c opening file to write '/tmp/82_1195_0_six.drat'
c writing binary proof trace to '/tmp/82_1195_0_six.drat'
c 
c --- [ parsing input ] ------------------------------------------------------
c 
c reading DIMACS file from '/tmp/82_1195_0_six.cnf'
c opening file to read '/tmp/82_1195_0_six.cnf'
c found 'p cnf 50176 399284' header
c parsed 399284 clauses in 0.18 seconds process time
c 
c --- [ options ] ------------------------------------------------------------
c 
c   --stabilize=false              (different from default 'true')
c   --walk=false                   (different from default 'true')
c 
c --- [ solving ] ------------------------------------------------------------
c 
c time measured in process time since initialization
c 
c  seconds  reductions  redundant  irredundant
c         MB    restarts       trail       variables
c          level   conflicts       glue         remaining
c 
c *  0.18 44  0 0   0    0    0  0% 0 366565 48334 96%
c {  0.18 45  0 0   0    0    0  0% 0 366565 48334 96%
c i  0.18 45 37 0   0   64   51  5% 3 366565 48257 96%
c -  0.23 46 48 1  22  304  203  7% 9 349904 48257 96%
c i  0.28 47 57 1  70  924  584  9% 10 349904 47959 96%
c I  0.29 47 55 1  74 1002  641  8% 10 349904 47959 96%
c -  0.42 59 56 2  83 1233  685  9% 10 343588 47959 96%
c i  0.46 59 59 2 108 1713 1001 10% 10 343588 47911 95%
c i  0.48 59 46 2 111 2229 1391  9% 9 343588 47887 95%
c i  0.49 59 45 2 111 2279 1418  9% 9 343588 47861 95%
c i  0.49 59 44 2 111 2295 1430  9% 9 343588 47837 95%
c i  0.49 59 44 2 111 2296 1430  9% 9 343588 47322 94%
c i  0.49 59 44 2 111 2298 1431  9% 9 343588 47305 94%
c i  0.49 59 44 2 111 2301 1433  9% 9 343588 47293 94%
c i  0.49 59 44 2 111 2302 1433  9% 9 343588 47008 94%
c i  0.49 59 43 2 111 2307 1437  9% 9 343588 46734 93%
c i  0.49 59 43 2 111 2308 1437  9% 9 343588 46704 93%
c }  0.49 59 43 2 111 2321 1441  9% 8 343588 46703 93%
c 0  0.49 59 43 2 111 2321 1441  9% 8 343588 46703 93%
c 
c --- [ result ] -------------------------------------------------------------
c 
s UNSATISFIABLE
c 
c --- [ run-time profiling ] -------------------------------------------------
c 
c process time taken by individual solving procedures
c (percentage relative to process time for solving)
c 
c         0.32  100.00% search
c         0.31   98.73% unstable
c         0.00    1.27% lucky
c         0.00    0.00% simplify
c   =================================
c         0.32   64.23% solve
c 
c last line shows process time for solving
c (percentage relative to total process time)
c 
c --- [ statistics ] ---------------------------------------------------------
c 
c backtracked:                2727       117.49 %  of conflicts
c chronological:               847        31.06 %  of backtracks
c conflicts:                  2321      7344.94    per second
c decisions:                 11222     35512.66    per second
c fixed:                      3473         6.92 %  of all variables
c learned:                    1784        76.86 %  per conflict
c minimized:                 22206        25.48 %  learned literals
c propagations:             784390         2.48 M  per second
c reduced:                      82         3.53 %  per conflict
c rephased:                      1      2321.00    interval
c restarts:                    111        20.91    interval
c subsumed:                    244         0.03 %  of all clauses
c 
c seconds are measured in process time for solving
c 
c --- [ resources ] ----------------------------------------------------------
c 
c total process time since initialization:         0.49    seconds
c total real time since initialization:            0.49    seconds
c maximum resident set size of process:           59.29    MB
c 
c --- [ shutting down ] ------------------------------------------------------
c 
c exit 20
