c --- [ banner ] -------------------------------------------------------------
c 
c CaDiCaL Radically Simplified CDCL SAT Solver
c Copyright (c) 2016-2019 Armin Biere, JKU Linz
c 
c Version 1.0.3 cb89cbfa16f47cb7bf1ec6ad9855e7b6d5203c18
c g++ (GCC) 6.3.0 -Wall -Wextra -O3 -DNDEBUG
c Fri Aug 23 08:17:16 CDT 2019 Linux login1 4.4.103-6.38-default x86_64
c 
c --- [ config ] -------------------------------------------------------------
c 
c using 'unsat' configuration (target unsatisfiable instances)
c 
c --- [ proof tracing ] ------------------------------------------------------
c 
c opening file to write '/tmp/82_25_0_six.drat'
c writing binary proof trace to '/tmp/82_25_0_six.drat'
c 
c --- [ parsing input ] ------------------------------------------------------
c 
c reading DIMACS file from '/tmp/82_25_0_six.cnf'
c opening file to read '/tmp/82_25_0_six.cnf'
c found 'p cnf 50176 399284' header
c parsed 399284 clauses in 0.18 seconds process time
c 
c --- [ options ] ------------------------------------------------------------
c 
c   --stabilize=false              (different from default 'true')
c   --walk=false                   (different from default 'true')
c 
c --- [ solving ] ------------------------------------------------------------
c 
c time measured in process time since initialization
c 
c  seconds  reductions  redundant  irredundant
c         MB    restarts       trail       variables
c          level   conflicts       glue         remaining
c 
c *  0.18 45  0 0   0    0    0  0% 0 366554 48281 96%
c {  0.18 45  0 0   0    0    0  0% 0 366554 48281 96%
c i  0.18 46 32 0   0   86   72  5% 4 366554 48273 96%
c -  0.24 46 66 1  27  301  213  7% 9 349739 48273 96%
c I  0.31 48 83 1  74 1003  704 10% 11 349739 48273 96%
c -  0.44 60 69 2  77 1236  770 10% 10 349739 48273 96%
c -  0.63 60 64 3 187 2628 1356 10% 10 349739 48273 96%
c B  0.68 60 62 3 202 3010 1653 10% 10 349739 48273 96%
c i  0.78 60 58 3 232 4246 2497 11% 10 349739 48200 96%
c }  0.79 60 54 3 232 4487 2675 10% 9 349739 47661 95%
c 0  0.79 60 54 3 232 4487 2675 10% 9 349739 47661 95%
c 
c --- [ result ] -------------------------------------------------------------
c 
s UNSATISFIABLE
c 
c --- [ run-time profiling ] -------------------------------------------------
c 
c process time taken by individual solving procedures
c (percentage relative to process time for solving)
c 
c         0.62   99.35% search
c         0.61   98.71% unstable
c         0.00    0.65% lucky
c         0.00    0.00% simplify
c   =================================
c         0.62   77.89% solve
c 
c last line shows process time for solving
c (percentage relative to total process time)
c 
c --- [ statistics ] ---------------------------------------------------------
c 
c backtracked:                5304       118.21 %  of conflicts
c chronological:              1727        32.56 %  of backtracks
c conflicts:                  4487      7237.10    per second
c decisions:                 30131     48598.39    per second
c fixed:                      2515         5.01 %  of all variables
c learned:                    3661        81.59 %  per conflict
c minimized:                 48422        25.57 %  learned literals
c propagations:            1994584         3.22 M  per second
c reduced:                     491        10.94 %  per conflict
c rephased:                      2      2243.50    interval
c restarts:                    232        19.34    interval
c subsumed:                    490         0.07 %  of all clauses
c 
c seconds are measured in process time for solving
c 
c --- [ resources ] ----------------------------------------------------------
c 
c total process time since initialization:         0.80    seconds
c total real time since initialization:            0.80    seconds
c maximum resident set size of process:           69.42    MB
c 
c --- [ shutting down ] ------------------------------------------------------
c 
c exit 20
