c --- [ banner ] -------------------------------------------------------------
c 
c CaDiCaL Radically Simplified CDCL SAT Solver
c Copyright (c) 2016-2019 Armin Biere, JKU Linz
c 
c Version 1.0.3 cb89cbfa16f47cb7bf1ec6ad9855e7b6d5203c18
c g++ (GCC) 6.3.0 -Wall -Wextra -O3 -DNDEBUG
c Fri Aug 23 08:17:16 CDT 2019 Linux login1 4.4.103-6.38-default x86_64
c 
c --- [ config ] -------------------------------------------------------------
c 
c using 'unsat' configuration (target unsatisfiable instances)
c 
c --- [ proof tracing ] ------------------------------------------------------
c 
c opening file to write '/tmp/82_879_0_six.drat'
c writing binary proof trace to '/tmp/82_879_0_six.drat'
c 
c --- [ parsing input ] ------------------------------------------------------
c 
c reading DIMACS file from '/tmp/82_879_0_six.cnf'
c opening file to read '/tmp/82_879_0_six.cnf'
c found 'p cnf 50176 399284' header
c parsed 399284 clauses in 0.16 seconds process time
c 
c --- [ options ] ------------------------------------------------------------
c 
c   --stabilize=false              (different from default 'true')
c   --walk=false                   (different from default 'true')
c 
c --- [ solving ] ------------------------------------------------------------
c 
c time measured in process time since initialization
c 
c  seconds  reductions  redundant  irredundant
c         MB    restarts       trail       variables
c          level   conflicts       glue         remaining
c 
c *  0.16 45  0 0   0    0    0  0% 0 366546 48194 96%
c {  0.16 45  0 0   0    0    0  0% 0 366546 48194 96%
c -  0.22 47 59 1  22  307  185  8% 12 349032 48194 96%
c i  0.23 47 38 1  24  463  273  7% 9 349032 48188 96%
c i  0.23 47 36 1  24  495  292  7% 9 349032 48187 96%
c i  0.25 47 41 1  26  736  460  8% 9 349032 48162 96%
c i  0.26 47 37 1  41  948  584  8% 9 349032 48080 96%
c i  0.26 47 36 1  43  979  609  8% 9 349032 47934 96%
c }  0.26 47 36 1  43  982  610  8% 9 349032 47927 96%
c 0  0.26 47 36 1  43  982  610  8% 9 349032 47927 96%
c 
c --- [ result ] -------------------------------------------------------------
c 
s UNSATISFIABLE
c 
c --- [ run-time profiling ] -------------------------------------------------
c 
c process time taken by individual solving procedures
c (percentage relative to process time for solving)
c 
c         0.10  100.00% search
c         0.10   96.15% unstable
c         0.00    3.85% lucky
c         0.00    0.00% simplify
c   =================================
c         0.10   40.00% solve
c 
c last line shows process time for solving
c (percentage relative to total process time)
c 
c --- [ statistics ] ---------------------------------------------------------
c 
c backtracked:                1117       113.75 %  of conflicts
c chronological:               334        29.90 %  of backtracks
c conflicts:                   982      9442.31    per second
c decisions:                  4593     44163.46    per second
c fixed:                      2249         4.48 %  of all variables
c learned:                     705        71.79 %  per conflict
c minimized:                  7647        25.20 %  learned literals
c propagations:             294675         2.83 M  per second
c restarts:                     43        22.84    interval
c subsumed:                     89         0.01 %  of all clauses
c 
c seconds are measured in process time for solving
c 
c --- [ resources ] ----------------------------------------------------------
c 
c total process time since initialization:         0.26    seconds
c total real time since initialization:            0.26    seconds
c maximum resident set size of process:           49.18    MB
c 
c --- [ shutting down ] ------------------------------------------------------
c 
c exit 20
