c --- [ banner ] -------------------------------------------------------------
c 
c CaDiCaL Radically Simplified CDCL SAT Solver
c Copyright (c) 2016-2019 Armin Biere, JKU Linz
c 
c Version 1.0.3 cb89cbfa16f47cb7bf1ec6ad9855e7b6d5203c18
c g++ (GCC) 6.3.0 -Wall -Wextra -O3 -DNDEBUG
c Fri Aug 23 08:17:16 CDT 2019 Linux login1 4.4.103-6.38-default x86_64
c 
c --- [ config ] -------------------------------------------------------------
c 
c using 'unsat' configuration (target unsatisfiable instances)
c 
c --- [ proof tracing ] ------------------------------------------------------
c 
c opening file to write '/tmp/40_466_0_four.drat'
c writing binary proof trace to '/tmp/40_466_0_four.drat'
c 
c --- [ parsing input ] ------------------------------------------------------
c 
c reading DIMACS file from '/tmp/40_466_0_four.cnf'
c opening file to read '/tmp/40_466_0_four.cnf'
c found 'p cnf 43008 265785' header
c parsed 265785 clauses in 0.18 seconds process time
c 
c --- [ options ] ------------------------------------------------------------
c 
c   --stabilize=false              (different from default 'true')
c   --walk=false                   (different from default 'true')
c 
c --- [ solving ] ------------------------------------------------------------
c 
c time measured in process time since initialization
c 
c  seconds  reductions  redundant  irredundant
c         MB    restarts       trail       variables
c          level   conflicts       glue         remaining
c 
c *  0.18 31  0 0   0    0    0  0% 0 242034 41372 96%
c {  0.18 32  0 0   0    0    0  0% 0 242034 41372 96%
c i  0.18 32 54 0   0   35   26  6% 3 242034 41344 96%
c i  0.19 32 31 0   0   98   72  7% 5 242034 41336 96%
c -  0.26 33 46 1  28  300  195  8% 9 228898 41336 96%
c i  0.29 33 51 1  38  619  460  9% 9 228898 41076 96%
c i  0.31 33 40 1  38  924  652  9% 8 228898 40889 95%
c i  0.31 34 40 1  38  925  652  9% 8 228898 40801 95%
c i  0.31 34 39 1  38  954  674  9% 8 228898 40571 94%
c I  0.32 34 39 1  38 1002  712  9% 7 228898 40571 94%
c i  0.32 34 37 1  38 1056  743  9% 7 228898 40517 94%
c i  0.32 34 37 1  38 1060  746  9% 7 228898 40460 94%
c i  0.32 34 36 1  38 1066  751  9% 7 228898 40413 94%
c }  0.32 34 35 1  38 1098  772  9% 7 228898 40230 94%
c 0  0.32 34 35 1  38 1098  772  9% 7 228898 40230 94%
c 
c --- [ result ] -------------------------------------------------------------
c 
s UNSATISFIABLE
c 
c --- [ run-time profiling ] -------------------------------------------------
c 
c process time taken by individual solving procedures
c (percentage relative to process time for solving)
c 
c         0.14   97.22% search
c         0.14   97.22% unstable
c         0.00    0.00% simplify
c   =================================
c         0.14   45.00% solve
c 
c last line shows process time for solving
c (percentage relative to total process time)
c 
c --- [ statistics ] ---------------------------------------------------------
c 
c backtracked:                1296       118.03 %  of conflicts
c chronological:               444        34.26 %  of backtracks
c conflicts:                  1098      7625.00    per second
c decisions:                  5250     36458.33    per second
c fixed:                      2778         6.46 %  of all variables
c learned:                     858        78.14 %  per conflict
c minimized:                  9244        30.43 %  learned literals
c propagations:             291623         2.03 M  per second
c rephased:                      1      1098.00    interval
c restarts:                     38        28.89    interval
c subsumed:                     75         0.02 %  of all clauses
c 
c seconds are measured in process time for solving
c 
c --- [ resources ] ----------------------------------------------------------
c 
c total process time since initialization:         0.32    seconds
c total real time since initialization:            0.32    seconds
c maximum resident set size of process:           34.34    MB
c 
c --- [ shutting down ] ------------------------------------------------------
c 
c exit 20
