c --- [ banner ] -------------------------------------------------------------
c 
c CaDiCaL Radically Simplified CDCL SAT Solver
c Copyright (c) 2016-2019 Armin Biere, JKU Linz
c 
c Version 1.0.3 cb89cbfa16f47cb7bf1ec6ad9855e7b6d5203c18
c g++ (GCC) 6.3.0 -Wall -Wextra -O3 -DNDEBUG
c Fri Aug 23 08:17:16 CDT 2019 Linux login1 4.4.103-6.38-default x86_64
c 
c --- [ config ] -------------------------------------------------------------
c 
c using 'unsat' configuration (target unsatisfiable instances)
c 
c --- [ proof tracing ] ------------------------------------------------------
c 
c opening file to write '/tmp/40_436_0_four.drat'
c writing binary proof trace to '/tmp/40_436_0_four.drat'
c 
c --- [ parsing input ] ------------------------------------------------------
c 
c reading DIMACS file from '/tmp/40_436_0_four.cnf'
c opening file to read '/tmp/40_436_0_four.cnf'
c found 'p cnf 43008 265785' header
c parsed 265785 clauses in 0.10 seconds process time
c 
c --- [ options ] ------------------------------------------------------------
c 
c   --stabilize=false              (different from default 'true')
c   --walk=false                   (different from default 'true')
c 
c --- [ solving ] ------------------------------------------------------------
c 
c time measured in process time since initialization
c 
c  seconds  reductions  redundant  irredundant
c         MB    restarts       trail       variables
c          level   conflicts       glue         remaining
c 
c *  0.10 31  0 0   0    0    0  0% 0 242031 41584 97%
c {  0.10 31  0 0   0    0    0  0% 0 242031 41584 97%
c -  0.13 33 34 1   0  300  213  8% 8 234242 41584 97%
c I  0.18 34 48 1  65 1005  675  9% 9 234242 41584 97%
c -  0.23 42 52 2  86 1122  658  9% 9 234242 41584 97%
c -  0.34 43 56 3 178 2356 1304 10% 9 234242 41584 97%
c B  0.38 43 54 3 213 3006 1832  9% 9 234242 41584 97%
c -  0.48 43 56 4 322 3999 1903 10% 10 234242 41584 97%
c d  0.64 44 56 4 390 5000 2771 10% 10 231090 40008 93%
c 2  0.73 44 56 4 390 5000 2771 10% 10 228726 40008 93%
c p  0.80 46 56 4 390 5000 4988 10% 10 228726 40008 93%
c s  0.91 40 58 4 391 5085 5048 10% 10 228725 40008 93%
c v  1.09 48 58 4 391 5085 5048 10% 10 225177 40008 93%
c w  1.15 49 58 4 391 5085 5048 10% 10 225177 40008 93%
c t  1.17 49 58 4 391 5085 5044 10% 10 207061 40008 93%
c e  1.58 51 58 4 391 5085 1728 10% 10 190635 24350 57%
c s  1.64 53 58 4 391 5085 1723 10% 10 190635 24350 57%
c F  1.77 56 56 4 407 6008 2480  5% 9 190635 24350 57%
c -  1.79 57 56 5 407 6053 1105  5% 9 190635 24350 57%
c -  1.98 57 49 6 555 8357 2535  7% 9 190635 24350 57%
c 
c  seconds  reductions   redundant  irredundant
c         MB    restarts        trail       variables
c          level    conflicts       glue         remaining
c 
c B  2.10 57 46 6 628 10010 3940  6% 9 190635 24350 57%
c -  2.23 57 46 7 670 11047 3476  7% 9 190635 24350 57%
c -  2.48 57 41 8 789 14120 4271  7% 9 190635 24350 57%
c 3  2.62 57 40 8 819 15000 17157  7% 9 190635 24350 57%
c 2  2.66 57 40 8 819 15000 17156  7% 9 190635 24350 57%
c p  2.68 57 40 8 819 15000 17543  7% 9 190635 24346 57%
c #  2.70 57 40 8 819 15011 17553  7% 9 190635 24346 57%
c s  2.93 58 38 8 885 16964 14125  7% 9 189751 24346 57%
c v  3.12 59 38 8 885 16964 14125  7% 9 172007 24346 57%
c w  3.19 59 38 8 885 16964 12057  7% 9 172007 24346 57%
c t  3.19 59 38 8 885 16964 12054  7% 9 171929 24346 57%
c e  3.29 59 38 8 885 16964 11468  7% 9 171472 24245 56%
c s  3.34 59 38 8 885 16964 11353  7% 9 171380 24245 56%
c e  3.38 59 38 8 885 16964 11312  7% 9 171379 24235 56%
c -  3.47 59 37 9 889 17577 7342  7% 9 171379 24235 56%
c i  3.67 59 35 9 950 20098 9514  7% 9 171379 24230 56%
c B  3.77 59 35 9 970 21014 10314  8% 9 171379 24230 56%
c -  3.82 59 35 10 979 21284 5969  8% 9 170837 24230 56%
c i  3.96 59 34 10 1027 22597 7144  8% 9 170837 24221 56%
c i  4.12 59 33 10 1034 24014 8279  8% 9 170837 24076 56%
c 
c  seconds  reductions     redundant  irredundant
c         MB     restarts         trail       variables
c          level      conflicts       glue         remaining
c 
c i  4.15 59 33 10 1045 24356 8584  8% 9 170837 24015 56%
c i  4.18 59 32 10 1053 24779 8933  8% 9 170837 24011 56%
c -  4.28 59 32 11 1053 25351 4229  9% 8 158116 24011 56%
c i  4.37 59 31 11 1060 25911 4676  9% 8 158116 24007 56%
c i  4.40 59 31 11 1061 26257 4936  9% 8 158116 23963 56%
c i  4.40 59 31 11 1061 26343 5006  9% 8 158116 23831 55%
c i  4.41 59 31 11 1061 26506 5141  9% 8 158116 23830 55%
c i  4.42 59 30 11 1061 26895 5445  9% 8 158116 23818 55%
c i  4.42 59 30 11 1061 26950 5486  9% 8 158116 23795 55%
c i  4.42 59 30 11 1061 26964 5497  9% 8 158116 23694 55%
c }  4.42 59 30 11 1061 26969 5499  9% 8 158116 23454 55%
c 0  4.42 59 30 11 1061 26969 5499  9% 8 158116 23454 55%
c 
c --- [ result ] -------------------------------------------------------------
c 
s UNSATISFIABLE
c 
c --- [ run-time profiling ] -------------------------------------------------
c 
c process time taken by individual solving procedures
c (percentage relative to process time for solving)
c 
c         2.66   61.61% search
c         2.66   61.52% unstable
c         1.66   38.39% simplify
c         0.55   12.67% elim
c         0.45   10.36% vivify
c         0.25    5.74% subsume
c         0.14    3.33% ternary
c         0.10    2.22% probe
c         0.00    0.09% lucky
c   =================================
c         4.32   97.83% solve
c 
c last line shows process time for solving
c (percentage relative to total process time)
c 
c --- [ statistics ] ---------------------------------------------------------
c 
c backtracked:              111564       413.67 %  of conflicts
c chronological:             10743         9.63 %  of backtracks
c conflicts:                 26969      6237.05    per second
c decisions:                 99850     23092.04    per second
c eliminated:                15769        36.67 %  of all variables
c fixed:                      2209         5.14 %  of all variables
c learned:                   24845        92.12 %  per conflict
c minimized:                305357        33.42 %  learned literals
c propagations:           13556445         3.14 M  per second
c reduced:                   10586        39.25 %  per conflict
c rephased:                      6      4494.83    interval
c restarts:                   1061        25.42    interval
c substituted:                1576         3.66 %  of all variables
c subsumed:                  33943         3.67 %  of all clauses
c strengthened:               9049         0.98 %  of all clauses
c ternary:                   16768         0.84 %  of resolved
c vivified:                  23779         2.57 %  of all clauses
c weakened:                  79729         3.76    average size
c 
c seconds are measured in process time for solving
c 
c --- [ resources ] ----------------------------------------------------------
c 
c total process time since initialization:         4.42    seconds
c total real time since initialization:            4.42    seconds
c maximum resident set size of process:           58.76    MB
c 
c --- [ shutting down ] ------------------------------------------------------
c 
c exit 20
