c --- [ banner ] -------------------------------------------------------------
c 
c CaDiCaL Radically Simplified CDCL SAT Solver
c Copyright (c) 2016-2019 Armin Biere, JKU Linz
c 
c Version 1.0.3 cb89cbfa16f47cb7bf1ec6ad9855e7b6d5203c18
c g++ (GCC) 6.3.0 -Wall -Wextra -O3 -DNDEBUG
c Fri Aug 23 08:17:16 CDT 2019 Linux login1 4.4.103-6.38-default x86_64
c 
c --- [ config ] -------------------------------------------------------------
c 
c using 'unsat' configuration (target unsatisfiable instances)
c 
c --- [ proof tracing ] ------------------------------------------------------
c 
c opening file to write '/tmp/40_534_0_four.drat'
c writing binary proof trace to '/tmp/40_534_0_four.drat'
c 
c --- [ parsing input ] ------------------------------------------------------
c 
c reading DIMACS file from '/tmp/40_534_0_four.cnf'
c opening file to read '/tmp/40_534_0_four.cnf'
c found 'p cnf 43008 265785' header
c parsed 265785 clauses in 0.10 seconds process time
c 
c --- [ options ] ------------------------------------------------------------
c 
c   --stabilize=false              (different from default 'true')
c   --walk=false                   (different from default 'true')
c 
c --- [ solving ] ------------------------------------------------------------
c 
c time measured in process time since initialization
c 
c  seconds  reductions  redundant  irredundant
c         MB    restarts       trail       variables
c          level   conflicts       glue         remaining
c 
c *  0.10 31  0 0   0    0    0  0% 0 242028 41396 96%
c {  0.10 32  0 0   0    0    0  0% 0 242028 41396 96%
c -  0.14 32 46 1  12  303  179  7% 8 230214 41396 96%
c I  0.19 34 44 1  94 1003  727  8% 9 230214 41396 96%
c -  0.25 41 41 2  98 1120  769  8% 9 230214 41396 96%
c i  0.26 42 38 2 107 1276  896  8% 9 230214 41362 96%
c i  0.27 42 37 2 107 1331  937  8% 9 230214 41352 96%
c i  0.27 42 35 2 107 1405  999  8% 8 230214 41269 96%
c i  0.27 42 35 2 107 1406  999  8% 8 230214 40993 95%
c }  0.27 42 35 2 107 1416 1003  8% 8 230214 40729 95%
c 0  0.27 42 35 2 107 1416 1003  8% 8 230214 40729 95%
c 
c --- [ result ] -------------------------------------------------------------
c 
s UNSATISFIABLE
c 
c --- [ run-time profiling ] -------------------------------------------------
c 
c process time taken by individual solving procedures
c (percentage relative to process time for solving)
c 
c         0.17   97.67% search
c         0.17   97.67% unstable
c         0.00    0.00% simplify
c   =================================
c         0.17   63.24% solve
c 
c last line shows process time for solving
c (percentage relative to total process time)
c 
c --- [ statistics ] ---------------------------------------------------------
c 
c backtracked:                1743       123.09 %  of conflicts
c chronological:               601        34.48 %  of backtracks
c conflicts:                  1416      8232.56    per second
c decisions:                  9637     56029.07    per second
c fixed:                      2279         5.30 %  of all variables
c learned:                    1143        80.72 %  per conflict
c minimized:                  9566        24.48 %  learned literals
c propagations:             489799         2.85 M  per second
c reduced:                      63         4.45 %  per conflict
c rephased:                      1      1416.00    interval
c restarts:                    107        13.23    interval
c subsumed:                     72         0.01 %  of all clauses
c 
c seconds are measured in process time for solving
c 
c --- [ resources ] ----------------------------------------------------------
c 
c total process time since initialization:         0.28    seconds
c total real time since initialization:            0.28    seconds
c maximum resident set size of process:           41.57    MB
c 
c --- [ shutting down ] ------------------------------------------------------
c 
c exit 20
