c --- [ banner ] -------------------------------------------------------------
c 
c CaDiCaL Radically Simplified CDCL SAT Solver
c Copyright (c) 2016-2019 Armin Biere, JKU Linz
c 
c Version 1.0.3 cb89cbfa16f47cb7bf1ec6ad9855e7b6d5203c18
c g++ (GCC) 6.3.0 -Wall -Wextra -O3 -DNDEBUG
c Fri Aug 23 08:17:16 CDT 2019 Linux login1 4.4.103-6.38-default x86_64
c 
c --- [ config ] -------------------------------------------------------------
c 
c using 'unsat' configuration (target unsatisfiable instances)
c 
c --- [ proof tracing ] ------------------------------------------------------
c 
c opening file to write '/tmp/40_930_0_four.drat'
c writing binary proof trace to '/tmp/40_930_0_four.drat'
c 
c --- [ parsing input ] ------------------------------------------------------
c 
c reading DIMACS file from '/tmp/40_930_0_four.cnf'
c opening file to read '/tmp/40_930_0_four.cnf'
c found 'p cnf 43008 265785' header
c parsed 265785 clauses in 0.10 seconds process time
c 
c --- [ options ] ------------------------------------------------------------
c 
c   --stabilize=false              (different from default 'true')
c   --walk=false                   (different from default 'true')
c 
c --- [ solving ] ------------------------------------------------------------
c 
c time measured in process time since initialization
c 
c  seconds  reductions  redundant  irredundant
c         MB    restarts       trail       variables
c          level   conflicts       glue         remaining
c 
c *  0.10 31  0 0   0    0    0  0% 0 242037 41496 96%
c {  0.10 31  0 0   0    0    0  0% 0 242037 41496 96%
c -  0.16 33 53 1  28  300  226  8% 9 232514 41496 96%
c I  0.21 34 55 1  63 1004  764  9% 9 232514 41496 96%
c -  0.29 42 56 2  74 1119  743  9% 9 232514 41496 96%
c -  0.42 43 45 3 113 2358 1354  9% 8 232514 41496 96%
c B  0.48 43 43 3 125 3005 1895  9% 8 232514 41496 96%
c i  0.56 43 42 3 205 3944 2669 10% 8 232514 41490 96%
c i  0.57 43 42 3 209 3958 2680 10% 8 232514 41484 96%
c -  0.62 43 41 4 210 4000 1938 10% 8 232224 41484 96%
c i  0.67 43 39 4 214 4437 2308 10% 8 232224 41468 96%
c i  0.68 43 39 4 244 4629 2455 10% 8 232224 41273 96%
c d  0.81 43 37 4 244 5000 2434 10% 8 224687 39742 92%
c 2  0.94 44 37 4 244 5000 2428 10% 8 222392 39742 92%
c p  1.21 45 37 4 244 5000 9747 10% 8 222392 39693 92%
c s  1.37 41 38 4 244 5092 9824 10% 8 222390 39693 92%
c v  1.58 47 38 4 244 5092 9824 10% 8 219153 39693 92%
c w  1.66 47 38 4 244 5092 9794 10% 8 219153 39594 92%
c t  1.70 48 38 4 244 5092 9789 10% 8 197877 39594 92%
c e  2.21 50 38 4 244 5092 2530 10% 8 177017 22593 53%
c 
c  seconds  reductions  redundant  irredundant
c         MB    restarts       trail       variables
c          level   conflicts       glue         remaining
c 
c s  2.29 55 38 4 244 5092 2521 10% 8 177017 22593 53%
c F  2.48 55 37 4 300 6006 3309  6% 8 177017 22593 53%
c -  2.51 56 36 5 300 6048 1185  6% 8 177017 22593 53%
c i  2.61 56 34 5 358 7321 2237  6% 8 177017 22532 52%
c i  2.68 56 32 5 363 7941 2774  7% 7 177017 22525 52%
c -  2.74 56 32 6 411 8294 2371  7% 8 171385 22525 52%
c i  2.76 56 31 6 449 8638 2670  7% 8 171385 22519 52%
c i  2.77 56 31 6 449 8706 2729  7% 8 171385 22515 52%
c i  2.77 56 31 6 449 8715 2737  7% 8 171385 22492 52%
c i  2.77 56 30 6 449 8822 2819  7% 7 171385 22466 52%
c i  2.78 56 30 6 449 8952 2914  7% 7 171385 22397 52%
c i  2.78 56 30 6 449 8964 2925  7% 7 171385 22395 52%
c i  2.78 56 30 6 449 8993 2945  7% 7 171385 22254 52%
c i  2.78 56 30 6 449 9001 2952  7% 7 171385 22234 52%
c }  2.78 56 30 6 449 9004 2953  7% 7 171385 22223 52%
c 0  2.78 56 30 6 449 9004 2953  7% 7 171385 22223 52%
c 
c --- [ result ] -------------------------------------------------------------
c 
s UNSATISFIABLE
c 
c --- [ run-time profiling ] -------------------------------------------------
c 
c process time taken by individual solving procedures
c (percentage relative to process time for solving)
c 
c         1.51   56.50% simplify
c         1.16   43.50% search
c         1.16   43.50% unstable
c         0.50   18.83% elim
c         0.27   10.01% probe
c         0.26    9.57% vivify
c         0.19    7.17% subsume
c         0.10    3.89% ternary
c   =================================
c         2.68   96.26% solve
c 
c last line shows process time for solving
c (percentage relative to total process time)
c 
c --- [ statistics ] ---------------------------------------------------------
c 
c backtracked:               36153       401.52 %  of conflicts
c chronological:              3841        10.62 %  of backtracks
c conflicts:                  9004      3364.72    per second
c decisions:                 38511     14391.26    per second
c eliminated:                17001        39.53 %  of all variables
c fixed:                      2253         5.24 %  of all variables
c learned:                    8150        90.52 %  per conflict
c minimized:                 84391        27.94 %  learned literals
c propagations:            5123276         1.91 M  per second
c reduced:                    1570        17.44 %  per conflict
c rephased:                      3      3001.33    interval
c restarts:                    449        20.05    interval
c substituted:                1531         3.56 %  of all variables
c subsumed:                   6526         0.76 %  of all clauses
c strengthened:               2964         0.35 %  of all clauses
c vivified:                   3318         0.39 %  of all clauses
c weakened:                  78387         3.75    average size
c 
c seconds are measured in process time for solving
c 
c --- [ resources ] ----------------------------------------------------------
c 
c total process time since initialization:         2.78    seconds
c total real time since initialization:            2.78    seconds
c maximum resident set size of process:           55.86    MB
c 
c --- [ shutting down ] ------------------------------------------------------
c 
c exit 20
