c --- [ banner ] -------------------------------------------------------------
c 
c CaDiCaL Radically Simplified CDCL SAT Solver
c Copyright (c) 2016-2019 Armin Biere, JKU Linz
c 
c Version 1.0.3 cb89cbfa16f47cb7bf1ec6ad9855e7b6d5203c18
c g++ (GCC) 6.3.0 -Wall -Wextra -O3 -DNDEBUG
c Fri Aug 23 08:17:16 CDT 2019 Linux login1 4.4.103-6.38-default x86_64
c 
c --- [ config ] -------------------------------------------------------------
c 
c using 'unsat' configuration (target unsatisfiable instances)
c 
c --- [ proof tracing ] ------------------------------------------------------
c 
c opening file to write '/tmp/36_341_0_three.drat'
c writing binary proof trace to '/tmp/36_341_0_three.drat'
c 
c --- [ parsing input ] ------------------------------------------------------
c 
c reading DIMACS file from '/tmp/36_341_0_three.cnf'
c opening file to read '/tmp/36_341_0_three.cnf'
c found 'p cnf 39424 200377' header
c parsed 200377 clauses in 0.08 seconds process time
c 
c --- [ options ] ------------------------------------------------------------
c 
c   --stabilize=false              (different from default 'true')
c   --walk=false                   (different from default 'true')
c 
c --- [ solving ] ------------------------------------------------------------
c 
c time measured in process time since initialization
c 
c  seconds  reductions  redundant  irredundant
c         MB    restarts       trail       variables
c          level   conflicts       glue         remaining
c 
c *  0.08 26  0 0   0    0    0  0% 0 182551 38169 97%
c {  0.08 26  0 0   0    0    0  0% 0 182551 38169 97%
c -  0.12 27 49 1   0  300  261  8% 8 175867 38169 97%
c I  0.17 29 52 1  62 1002  902  8% 9 175867 38169 97%
c -  0.22 34 50 2  62 1047  814  8% 9 175867 38169 97%
c -  0.34 35 47 3 102 2170 1298  9% 9 175867 38169 97%
c B  0.40 35 43 3 132 3008 2030  9% 9 175867 38169 97%
c -  0.55 35 39 4 147 3664 1883  9% 8 175867 38169 97%
c s  0.82 31 35 4 151 4526 2623  9% 8 175867 38169 97%
c v  0.99 37 35 4 151 4526 2623  9% 8 173338 38169 97%
c w  1.04 37 35 4 151 4526 2610  9% 8 173338 38169 97%
c t  1.07 37 35 4 151 4526 2609  9% 8 159730 38169 97%
c e  1.83 38 35 4 151 4526   44  9% 8 140389 21492 55%
c s  1.88 42 35 4 151 4526   42  9% 8 140389 21492 55%
c 3  2.08 44 34 4 159 5001 8128  5% 8 140389 21492 55%
c p  2.14 44 34 4 159 5001 8254  5% 8 140389 21492 55%
c -  2.22 44 34 5 242 5532 1131  5% 8 140389 21492 55%
c F  2.24 44 34 5 284 6009 1548  4% 8 140389 21492 55%
c i  2.32 44 30 5 297 7515 2869  5% 8 140389 21491 55%
c -  2.35 34 30 6 297 7598 2252  5% 8 140269 21491 55%
c 
c  seconds  reductions  redundant  irredundant
c         MB    restarts       trail       variables
c          level   conflicts       glue         remaining
c 
c i  2.36 34 29 6 297 7698 2327  5% 8 140269 21468 54%
c }  2.36 34 29 6 297 7700 2327  4% 8 140269 21350 54%
c 0  2.36 35 29 6 297 7700 2327  4% 8 140269 21350 54%
c 
c --- [ result ] -------------------------------------------------------------
c 
s UNSATISFIABLE
c 
c --- [ run-time profiling ] -------------------------------------------------
c 
c process time taken by individual solving procedures
c (percentage relative to process time for solving)
c 
c         1.29   56.77% simplify
c         0.98   43.23% search
c         0.98   43.06% unstable
c         0.76   33.39% elim
c         0.20    8.96% subsume
c         0.18    7.73% vivify
c         0.07    3.16% ternary
c         0.02    0.88% probe
c         0.00    0.18% lucky
c   =================================
c         2.28   96.60% solve
c 
c last line shows process time for solving
c (percentage relative to total process time)
c 
c --- [ statistics ] ---------------------------------------------------------
c 
c backtracked:               17486       227.09 %  of conflicts
c chronological:              3262        18.65 %  of backtracks
c conflicts:                  7700      3383.13    per second
c decisions:                 29604     13007.03    per second
c eliminated:                16677        42.30 %  of all variables
c fixed:                      1397         3.54 %  of all variables
c learned:                    7124        92.52 %  per conflict
c minimized:                 64287        28.84 %  learned literals
c propagations:            2968938         1.30 M  per second
c reduced:                    1793        23.29 %  per conflict
c rephased:                      3      2566.67    interval
c restarts:                    297        25.93    interval
c subsumed:                   4279         0.54 %  of all clauses
c strengthened:               1945         0.24 %  of all clauses
c ternary:                   10655         0.76 %  of resolved
c vivified:                   2635         0.33 %  of all clauses
c weakened:                  65154         3.57    average size
c 
c seconds are measured in process time for solving
c 
c --- [ resources ] ----------------------------------------------------------
c 
c total process time since initialization:         2.36    seconds
c total real time since initialization:            2.36    seconds
c maximum resident set size of process:           43.71    MB
c 
c --- [ shutting down ] ------------------------------------------------------
c 
c exit 20
