c --- [ banner ] -------------------------------------------------------------
c 
c CaDiCaL Radically Simplified CDCL SAT Solver
c Copyright (c) 2016-2019 Armin Biere, JKU Linz
c 
c Version 1.0.3 cb89cbfa16f47cb7bf1ec6ad9855e7b6d5203c18
c g++ (GCC) 6.3.0 -Wall -Wextra -O3 -DNDEBUG
c Fri Aug 23 08:17:16 CDT 2019 Linux login1 4.4.103-6.38-default x86_64
c 
c --- [ config ] -------------------------------------------------------------
c 
c using 'unsat' configuration (target unsatisfiable instances)
c 
c --- [ proof tracing ] ------------------------------------------------------
c 
c opening file to write '/tmp/43_1235_0_four.drat'
c writing binary proof trace to '/tmp/43_1235_0_four.drat'
c 
c --- [ parsing input ] ------------------------------------------------------
c 
c reading DIMACS file from '/tmp/43_1235_0_four.cnf'
c opening file to read '/tmp/43_1235_0_four.cnf'
c found 'p cnf 259840 1039924' header
c parsed 1039924 clauses in 0.46 seconds process time
c 
c --- [ options ] ------------------------------------------------------------
c 
c   --stabilize=false              (different from default 'true')
c   --walk=false                   (different from default 'true')
c 
c --- [ solving ] ------------------------------------------------------------
c 
c time measured in process time since initialization
c 
c  seconds   reductions  redundant   irredundant
c          MB    restarts       trail        variables
c           level   conflicts       glue           remaining
c 
c *  0.48 139  0 0   0    0    0  0% 0 1039424 254239 98%
c {  0.49 141  0 0   0    0    0  0% 0 1039424 254239 98%
c -  0.72 148 298 1  13  301  191  5% 5 926618 254239 98%
c I  1.27 148 101 1 130 1005  805  7% 9 926618 254239 98%
c -  1.86 179 78 2 178 1485 1188  7% 10 926618 254239 98%
c B  2.59 179 55 2 232 3007 2506  8% 9 926618 254239 98%
c -  3.01 179 54 3 258 3255 2066  8% 9 926618 254239 98%
c s  4.15 160 50 3 297 4064 2751  9% 9 926618 254239 98%
c w  5.64 183 50 3 297 4064 2751  9% 9 926618 254239 98%
c t  5.70 183 50 3 297 4064 2751  9% 9 926008 254239 98%
c e  8.39 202 50 3 297 4064   46  9% 9 230704 28335 11%
c s  8.63 203 50 3 297 4064   46  9% 9 230427 28335 11%
c e  8.92 203 50 3 297 4064   42  9% 9 230427 28252 11%
c 3  9.30 153 55 3 462 5000 4888  7% 10 230427 28252 11%
c p  9.43 153 55 3 462 5000 6785  7% 10 230427 28252 11%
c -  9.56 153 54 4 515 5615 1517  6% 10 230427 28252 11%
c F  9.60 153 53 4 560 6009 1847  6% 10 230427 28252 11%
c -  9.83 153 50 5 689 7660 2305  7% 10 230427 28252 11%
c B 10.10 153 46 5 824 10014 4359  8% 10 230427 28252 11%
c - 10.16 153 46 6 829 10112 3024  8% 10 230427 28252 11%
c 
c  seconds   reductions   redundant   irredundant
c          MB    restarts        trail        variables
c           level    conflicts       glue          remaining
c 
c i 10.46 153 43 6 937 12808 5398  8% 10 230427 28216 11%
c - 10.52 153 43 7 937 12976 3461  8% 10 227441 28216 11%
c d 10.79 153 41 7 1023 15001 5214  8% 10 227181 28086 11%
c 3 10.82 153 41 7 1023 15001 5648  8% 10 227181 28086 11%
c 3 10.83 153 41 7 1023 15001 5875  8% 10 227181 28086 11%
c d 10.88 153 41 7 1023 15001 5821  8% 10 227181 28077 11%
c 2 10.90 153 41 7 1023 15001 5800  8% 10 227181 28077 11%
c p 10.97 153 41 7 1023 15001 7075  8% 10 227181 28077 11%
c # 11.00 153 41 7 1024 15015 7089  8% 10 227181 28077 11%
c s 11.26 153 40 7 1073 16176 7968  8% 9 227096 28077 11%
c v 11.54 153 40 7 1073 16176 7968  8% 9 220378 28077 11%
c w 11.64 153 40 7 1073 16176 7717  8% 9 220378 28077 11%
c t 11.66 153 40 7 1073 16176 7701  8% 9 206763 28077 11%
c e 11.84 153 40 7 1073 16176 4287  8% 9 201481 23642  9%
c s 11.93 154 40 7 1073 16176 4225  8% 9 200742 23642  9%
c e 12.00 154 40 7 1073 16176 4225  8% 9 200541 23617  9%
c - 12.16 154 40 8 1078 16233 3008  5% 9 200541 23617  9%
c i 12.29 154 40 8 1134 17269 3941  7% 9 200541 23609  9%
c - 12.54 154 39 9 1347 19748 4437  6% 10 199526 23609  9%
c B 12.67 154 38 9 1361 21018 5576  7% 9 199526 23609  9%
c 
c  seconds   reductions     redundant  irredundant
c          MB     restarts         trail       variables
c           level      conflicts       glue         remaining
c 
c - 13.06 154 38 10 1470 23647 5532  8% 9 199526 23609  9%
c - 13.79 154 36 11 1681 27936 6491  9% 9 199526 23609  9%
c O 13.80 154 36 11 1681 28020 6569  9% 9 199526 23609  9%
c i 13.99 154 35 11 1707 29284 7702  9% 9 199526 23604  9%
c d 14.09 154 35 11 1728 30001 8286  9% 9 199012 23555  9%
c 3 14.14 154 35 11 1728 30001 11942  9% 9 198954 23526  9%
c 3 14.16 154 35 11 1728 30001 12526  9% 9 198954 23526  9%
c d 14.21 154 35 11 1728 30001 11736  9% 9 198954 23401  9%
c 2 14.23 154 35 11 1728 30001 11496  9% 9 198953 23401  9%
c p 14.28 154 35 11 1728 30001 12362  9% 9 198953 23399  9%
c - 14.81 154 35 12 1904 32618 7996  9% 9 198700 23399  9%
c s 15.38 154 33 12 1967 34693 9634 10% 9 198006 23399  9%
c v 15.72 154 33 12 1967 34693 9634 10% 9 174218 23399  9%
c w 15.90 154 33 12 1967 34693 9514 10% 9 174218 23396  9%
c t 15.91 154 33 12 1967 34693 9506 10% 9 173082 23396  9%
c e 16.05 154 33 12 1967 34693 8774 10% 9 172134 23016  9%
c s 16.11 154 33 12 1967 34693 8636 10% 9 172007 23016  9%
c e 16.17 154 33 12 1967 34693 8608 10% 9 171979 23003  9%
c B 16.42 154 32 12 1992 36023 9775 10% 9 171979 23003  9%
c i 16.50 154 32 12 2003 36367 10092 10% 9 171979 23000  9%
c 
c  seconds   reductions     redundant  irredundant
c          MB     restarts         trail       variables
c           level      conflicts       glue         remaining
c 
c - 16.77 154 32 13 2061 37681 8402 10% 9 171714 23000  9%
c - 17.74 154 31 14 2283 42868 9260 10% 9 171714 23000  9%
c I 18.11 154 31 14 2417 45024 11176 10% 9 171714 23000  9%
c - 18.87 154 29 15 2441 48424 10045 10% 9 171714 23000  9%
c d 19.23 154 29 15 2484 50003 11495 10% 9 171688 22986  9%
c 3 19.29 154 29 15 2484 50003 17374 10% 9 171688 22986  9%
c 3 19.31 154 29 15 2484 50003 17947 10% 9 171688 22986  9%
c d 19.36 154 29 15 2484 50003 16355 10% 9 171688 22748  9%
c 2 19.38 154 29 15 2484 50003 16261 10% 9 171684 22748  9%
c p 19.42 154 29 15 2484 50003 18531 10% 9 171684 22742  9%
c - 20.49 154 28 16 2628 54351 11870 10% 9 170953 22742  9%
c B 20.66 154 27 16 2628 55025 12467 11% 9 170953 22742  9%
c s 21.40 154 27 16 2720 57912 14620 11% 9 169895 22742  9%
c v 21.85 154 27 16 2720 57912 14620 11% 9 133316 22742  9%
c w 22.09 154 27 16 2720 57912 14518 11% 9 133316 22737  9%
c t 22.10 154 27 16 2720 57912 14508 11% 9 132742 22737  9%
c e 22.22 154 27 16 2720 57912 12953 11% 9 131548 22167  9%
c s 22.28 154 27 16 2720 57912 12769 11% 9 131470 22167  9%
c e 22.32 154 27 16 2720 57912 12465 11% 9 131271 22147  9%
c i 22.74 154 26 16 2765 59913 14210 11% 9 131271 22145  9%
c 
c  seconds   reductions      redundant  irredundant
c          MB     restarts          trail       variables
c           level      conflicts        glue         remaining
c 
c - 22.88 154 26 17 2781 60641 11248 11% 9 131015 22144  9%
c F 23.85 154 25 17 2989 66026 16059 11% 9 131015 22144  9%
c - 24.00 154 25 18 2989 66674 12103 11% 9 131015 22144  9%
c - 25.36 154 23 19 3236 73042 12952 11% 9 131015 22144  9%
c i 25.55 154 23 19 3257 73907 13627 11% 9 131015 22104  9%
c i 25.78 154 23 19 3267 74845 14405 11% 9 131015 22103  9%
c d 25.84 154 23 19 3283 75006 12568 11% 9 127846 22095  9%
c d 25.86 154 23 19 3283 75006 12551 11% 9 127568 21956  8%
c 3 25.91 154 23 19 3283 75006 22060 11% 9 127568 21956  8%
c 3 25.93 154 23 19 3283 75006 22178 11% 9 127568 21956  8%
c d 25.97 154 23 19 3283 75006 19906 11% 9 127568 21649  8%
c 2 25.98 154 23 19 3283 75006 19823 11% 9 127566 21649  8%
c p 26.04 154 23 19 3283 75006 24065 11% 9 127566 21638  8%
c d 26.06 154 23 19 3283 75006 22877 11% 9 126775 21635  8%
c d 26.08 154 23 19 3283 75006 22841 11% 9 126673 21586  8%
c i 26.26 154 23 19 3292 75855 23522 11% 9 126673 21566  8%
c i 26.62 154 23 19 3340 77468 24847 11% 9 126673 21507  8%
c } 26.63 154 23 19 3340 77504 24867 11% 9 126673 19916  8%
c 0 26.63 154 23 19 3340 77504 24867 11% 9 126673 19916  8%
c 
c --- [ result ] -------------------------------------------------------------
c 
s UNSATISFIABLE
c 
c --- [ run-time profiling ] -------------------------------------------------
c 
c process time taken by individual solving procedures
c (percentage relative to process time for solving)
c 
c        17.19   65.69% search
c        17.18   65.63% unstable
c         8.96   34.25% simplify
c         3.50   13.39% elim
c         2.88   11.02% vivify
c         1.31    5.01% subsume
c         0.40    1.51% ternary
c         0.29    1.12% probe
c         0.02    0.06% lucky
c   =================================
c        26.17   98.27% solve
c 
c last line shows process time for solving
c (percentage relative to total process time)
c 
c --- [ statistics ] ---------------------------------------------------------
c 
c backtracked:              378835       488.79 %  of conflicts
c chronological:             28563         7.54 %  of backtracks
c conflicts:                 77504      2961.33    per second
c decisions:                248569      9497.52    per second
c eliminated:               231428        89.07 %  of all variables
c fixed:                      7396         2.85 %  of all variables
c learned:                   73651        95.03 %  per conflict
c minimized:                980239        35.28 %  learned literals
c propagations:           63725436         2.43 M  per second
c reduced:                   42915        55.37 %  per conflict
c rephased:                     11      7045.82    interval
c restarts:                   3340        23.20    interval
c substituted:                1100         0.42 %  of all variables
c subsumed:                  83534         2.50 %  of all clauses
c strengthened:              30161         0.90 %  of all clauses
c ternary:                   31260         0.49 %  of resolved
c vivified:                  70344         2.10 %  of all clauses
c weakened:                 848052         2.90    average size
c 
c seconds are measured in process time for solving
c 
c --- [ resources ] ----------------------------------------------------------
c 
c total process time since initialization:        26.63    seconds
c total real time since initialization:           26.64    seconds
c maximum resident set size of process:          213.70    MB
c 
c --- [ shutting down ] ------------------------------------------------------
c 
c exit 20
