c --- [ banner ] -------------------------------------------------------------
c 
c CaDiCaL Radically Simplified CDCL SAT Solver
c Copyright (c) 2016-2019 Armin Biere, JKU Linz
c 
c Version 1.0.3 cb89cbfa16f47cb7bf1ec6ad9855e7b6d5203c18
c g++ (GCC) 6.3.0 -Wall -Wextra -O3 -DNDEBUG
c Fri Aug 23 08:17:16 CDT 2019 Linux login1 4.4.103-6.38-default x86_64
c 
c --- [ config ] -------------------------------------------------------------
c 
c using 'unsat' configuration (target unsatisfiable instances)
c 
c --- [ proof tracing ] ------------------------------------------------------
c 
c opening file to write '/tmp/43_36_0_four.drat'
c writing binary proof trace to '/tmp/43_36_0_four.drat'
c 
c --- [ parsing input ] ------------------------------------------------------
c 
c reading DIMACS file from '/tmp/43_36_0_four.cnf'
c opening file to read '/tmp/43_36_0_four.cnf'
c found 'p cnf 259840 1039924' header
c parsed 1039924 clauses in 0.55 seconds process time
c 
c --- [ options ] ------------------------------------------------------------
c 
c   --stabilize=false              (different from default 'true')
c   --walk=false                   (different from default 'true')
c 
c --- [ solving ] ------------------------------------------------------------
c 
c time measured in process time since initialization
c 
c  seconds   reductions  redundant   irredundant
c          MB    restarts       trail        variables
c           level   conflicts       glue           remaining
c 
c *  0.57 139  0 0   0    0    0  0% 0 1039424 253439 98%
c {  0.59 142  0 0   0    0    0  0% 0 1039424 253439 98%
c -  0.73 144 380 1   0  300  162  5% 3 916057 253439 98%
c I  1.38 144 105 1 144 1003  801  7% 8 916057 253439 98%
c -  2.07 175 85 2 215 1477 1198  7% 9 916057 253439 98%
c B  3.01 175 59 2 294 3004 2493  9% 9 916057 253439 98%
c -  3.57 175 59 3 330 3242 2114  9% 9 916057 253439 98%
c i  3.86 175 54 3 352 3686 2516  9% 9 916057 253395 98%
c s  4.93 156 52 3 391 4073 2824  9% 9 916057 253395 98%
c v  6.41 179 52 3 391 4073 2824  9% 9 916052 253395 98%
c w  6.74 179 52 3 391 4073 2811  9% 9 916052 253395 98%
c t  6.80 179 52 3 391 4073 2810  9% 9 915399 253395 98%
c e  9.48 195 52 3 391 4073   42  9% 9 226408 27940 11%
c s  9.83 196 52 3 391 4073   42  9% 9 226189 27940 11%
c e 10.12 196 52 3 391 4073   36  9% 9 226189 27871 11%
c 3 10.43 143 46 3 409 5002 3495  6% 9 226189 27871 11%
c 3 10.44 143 46 3 409 5002 3639  6% 9 226189 27871 11%
c d 10.49 143 46 3 409 5002 3581  6% 9 226189 27864 11%
c 2 10.51 143 46 3 409 5002 3567  6% 9 226189 27864 11%
c p 10.59 143 46 3 409 5002 5323  6% 9 226189 27864 11%
c 
c  seconds   reductions  redundant  irredundant
c          MB    restarts       trail       variables
c           level   conflicts       glue         remaining
c 
c - 10.73 143 44 4 453 5598 1515  6% 9 226189 27864 11%
c F 10.77 143 43 4 503 6006 1891  6% 9 226189 27864 11%
c - 10.93 143 37 5 572 7629 2485  6% 9 226189 27864 11%
c B 11.22 143 34 5 659 10010 4595  7% 9 226189 27864 11%
c - 11.27 143 34 6 659 10073 3311  7% 9 226189 27864 11%
c i 11.55 143 31 6 798 12513 5411  7% 8 226189 27858 11%
c - 11.64 143 31 7 854 12918 3626  7% 9 225642 27858 11%
c i 11.68 143 30 7 879 13487 4106  7% 8 225642 27834 11%
c d 11.86 143 29 7 1009 15003 5087  7% 9 224321 27799 11%
c d 11.88 143 29 7 1009 15003 5020  7% 9 224200 27739 11%
c 3 11.90 143 29 7 1009 15003 6175  7% 9 224200 27739 11%
c 3 11.91 143 29 7 1009 15003 6719  7% 9 224200 27739 11%
c d 11.96 143 29 7 1009 15003 6521  7% 9 224200 27706 11%
c 2 11.99 143 29 7 1009 15003 6445  7% 9 224193 27681 11%
c p 12.25 143 29 7 1009 15003 11751  7% 9 224193 27586 11%
c # 12.28 143 29 7 1009 15011 11759  7% 9 224193 27586 11%
c s 12.46 143 28 7 1071 16157 11969  6% 9 223965 27586 11%
c v 12.74 143 28 7 1071 16157 11969  6% 9 218482 27586 11%
c w 12.83 143 28 7 1071 16157 11581  6% 9 218482 27576 11%
c t 12.85 143 28 7 1071 16157 11562  6% 9 205163 27576 11%
c 
c  seconds   reductions    redundant  irredundant
c          MB    restarts         trail       variables
c           level     conflicts       glue         remaining
c 
c e 13.08 143 28 7 1071 16157 5678  6% 9 191906 22761  9%
c s 13.16 143 28 7 1071 16157 5525  6% 9 191184 22761  9%
c e 13.26 143 28 7 1071 16157 5438  6% 9 191078 22725  9%
c - 13.38 143 28 8 1071 16167 2394  1% 9 191078 22725  9%
c - 13.71 143 26 9 1185 19627 4268  6% 8 191078 22725  9%
c B 13.84 143 26 9 1261 21014 5498  6% 8 191078 22725  9%
c - 14.08 143 26 10 1347 23471 5465  6% 8 191078 22725  9%
c i 14.12 143 25 10 1369 24053 5929  6% 8 191078 22673  9%
c i 14.12 143 25 10 1369 24054 5929  6% 8 191078 22668  9%
c i 14.24 143 25 10 1373 24529 6364  6% 8 191078 22628  9%
c } 14.25 143 25 10 1373 24627 6442  6% 8 191078 22627  9%
c 0 14.25 143 25 10 1373 24627 6442  6% 8 191078 22627  9%
c 
c --- [ result ] -------------------------------------------------------------
c 
s UNSATISFIABLE
c 
c --- [ run-time profiling ] -------------------------------------------------
c 
c process time taken by individual solving procedures
c (percentage relative to process time for solving)
c 
c         7.13   52.04% simplify
c         6.55   47.84% search
c         6.53   47.69% unstable
c         3.22   23.48% elim
c         2.02   14.72% vivify
c         1.12    8.21% subsume
c         0.34    2.48% probe
c         0.16    1.14% ternary
c         0.02    0.15% lucky
c   =================================
c        13.70   96.13% solve
c 
c last line shows process time for solving
c (percentage relative to total process time)
c 
c --- [ statistics ] ---------------------------------------------------------
c 
c backtracked:               81490       330.90 %  of conflicts
c chronological:              9605        11.79 %  of backtracks
c conflicts:                 24627      1798.12    per second
c decisions:                 91223      6660.56    per second
c eliminated:               230375        88.66 %  of all variables
c fixed:                      6703         2.58 %  of all variables
c learned:                   23319        94.69 %  per conflict
c minimized:                248620        29.65 %  learned literals
c propagations:           24032789         1.75 M  per second
c reduced:                    7668        31.14 %  per conflict
c rephased:                      6      4104.50    interval
c restarts:                   1373        17.94    interval
c substituted:                 135         0.05 %  of all variables
c subsumed:                  15166         0.48 %  of all clauses
c strengthened:              21559         0.69 %  of all clauses
c ternary:                    5721         0.37 %  of resolved
c vivified:                   5488         0.17 %  of all clauses
c weakened:                 831107         2.89    average size
c 
c seconds are measured in process time for solving
c 
c --- [ resources ] ----------------------------------------------------------
c 
c total process time since initialization:        14.25    seconds
c total real time since initialization:           14.25    seconds
c maximum resident set size of process:          207.68    MB
c 
c --- [ shutting down ] ------------------------------------------------------
c 
c exit 20
