c --- [ banner ] -------------------------------------------------------------
c 
c CaDiCaL Radically Simplified CDCL SAT Solver
c Copyright (c) 2016-2019 Armin Biere, JKU Linz
c 
c Version 1.0.3 cb89cbfa16f47cb7bf1ec6ad9855e7b6d5203c18
c g++ (GCC) 6.3.0 -Wall -Wextra -O3 -DNDEBUG
c Fri Aug 23 08:17:16 CDT 2019 Linux login1 4.4.103-6.38-default x86_64
c 
c --- [ config ] -------------------------------------------------------------
c 
c using 'unsat' configuration (target unsatisfiable instances)
c 
c --- [ proof tracing ] ------------------------------------------------------
c 
c opening file to write '/tmp/43_675_0_four.drat'
c writing binary proof trace to '/tmp/43_675_0_four.drat'
c 
c --- [ parsing input ] ------------------------------------------------------
c 
c reading DIMACS file from '/tmp/43_675_0_four.cnf'
c opening file to read '/tmp/43_675_0_four.cnf'
c found 'p cnf 259840 1039924' header
c parsed 1039924 clauses in 0.53 seconds process time
c 
c --- [ options ] ------------------------------------------------------------
c 
c   --stabilize=false              (different from default 'true')
c   --walk=false                   (different from default 'true')
c 
c --- [ solving ] ------------------------------------------------------------
c 
c time measured in process time since initialization
c 
c  seconds   reductions  redundant   irredundant
c          MB    restarts       trail        variables
c           level   conflicts       glue           remaining
c 
c *  0.55 139  0 0   0    0    0  0% 0 1039424 253038 97%
c {  0.57 142  0 0   0    0    0  0% 0 1039424 253038 97%
c -  0.80 147 313 1   9  300  186  5% 5 909764 253038 97%
c I  1.51 147 93 1 130 1003  823  8% 8 909764 253038 97%
c -  2.14 178 74 2 177 1477 1223  9% 9 909764 253038 97%
c B  3.33 178 56 2 339 3011 2607  9% 10 909764 253038 97%
c -  3.76 178 55 3 347 3241 2155 10% 10 909764 253038 97%
c s  5.79 159 50 3 442 4083 2914  9% 10 909764 253038 97%
c v  7.43 182 50 3 442 4083 2914  9% 10 909746 253038 97%
c w  7.89 182 50 3 442 4083 2914  9% 10 909746 253038 97%
c t  7.97 182 50 3 442 4083 2914  9% 10 909138 253038 97%
c e 10.87 199 50 3 442 4083   37  9% 10 224615 27834 11%
c s 11.11 199 50 3 442 4083   36  9% 10 224365 27834 11%
c e 11.42 199 50 3 442 4083   33  9% 10 224365 27742 11%
c i 11.67 199 49 3 446 4534  445 11% 10 224365 27741 11%
c i 11.67 199 49 3 446 4539  447 11% 10 224365 27728 11%
c 3 11.82 199 49 3 446 5000 3239 10% 10 224365 27728 11%
c 3 11.83 199 49 3 446 5000 3703 10% 10 224365 27728 11%
c d 11.88 199 49 3 446 5000 3591 10% 10 223663 27715 11%
c 2 11.91 199 49 3 446 5000 3565 10% 10 223595 27677 11%
c 
c  seconds   reductions  redundant   irredundant
c          MB    restarts       trail        variables
c           level   conflicts       glue          remaining
c 
c p 12.00 199 49 3 446 5000 5870 10% 10 223595 27676 11%
c i 12.09 199 50 3 485 5305 6145 10% 10 223595 27613 11%
c i 12.09 199 50 3 486 5308 6146 10% 10 223595 27591 11%
c i 12.09 199 50 3 489 5341 6166 10% 10 223595 27590 11%
c } 12.09 199 50 3 489 5346 6166 10% 10 223595 27464 11%
c 0 12.09 199 50 3 489 5346 6166 10% 10 223595 27464 11%
c 
c --- [ result ] -------------------------------------------------------------
c 
s UNSATISFIABLE
c 
c --- [ run-time profiling ] -------------------------------------------------
c 
c process time taken by individual solving procedures
c (percentage relative to process time for solving)
c 
c         6.41   55.43% simplify
c         5.13   44.39% search
c         5.11   44.22% unstable
c         3.10   26.85% elim
c         1.95   16.85% vivify
c         0.99    8.58% subsume
c         0.10    0.83% probe
c         0.09    0.76% ternary
c         0.02    0.17% lucky
c   =================================
c        11.56   95.60% solve
c 
c last line shows process time for solving
c (percentage relative to total process time)
c 
c --- [ statistics ] ---------------------------------------------------------
c 
c backtracked:               19961       373.38 %  of conflicts
c chronological:              2305        11.55 %  of backtracks
c conflicts:                  5346       462.46    per second
c decisions:                 34421      2977.60    per second
c eliminated:               225296        86.71 %  of all variables
c fixed:                      7033         2.71 %  of all variables
c learned:                    4946        92.52 %  per conflict
c minimized:                 35975        20.04 %  learned literals
c propagations:           16612489         1.44 M  per second
c reduced:                     667        12.48 %  per conflict
c rephased:                      2      2673.00    interval
c restarts:                    489        10.93    interval
c substituted:                  47         0.02 %  of all variables
c subsumed:                   5654         0.19 %  of all clauses
c strengthened:              14643         0.48 %  of all clauses
c ternary:                    3450         0.31 %  of resolved
c vivified:                    209         0.01 %  of all clauses
c weakened:                 799109         2.83    average size
c 
c seconds are measured in process time for solving
c 
c --- [ resources ] ----------------------------------------------------------
c 
c total process time since initialization:        12.09    seconds
c total real time since initialization:           12.09    seconds
c maximum resident set size of process:          210.76    MB
c 
c --- [ shutting down ] ------------------------------------------------------
c 
c exit 20
