c --- [ banner ] -------------------------------------------------------------
c 
c CaDiCaL Radically Simplified CDCL SAT Solver
c Copyright (c) 2016-2019 Armin Biere, JKU Linz
c 
c Version 1.0.3 cb89cbfa16f47cb7bf1ec6ad9855e7b6d5203c18
c g++ (GCC) 6.3.0 -Wall -Wextra -O3 -DNDEBUG
c Fri Aug 23 08:17:16 CDT 2019 Linux login1 4.4.103-6.38-default x86_64
c 
c --- [ config ] -------------------------------------------------------------
c 
c using 'unsat' configuration (target unsatisfiable instances)
c 
c --- [ proof tracing ] ------------------------------------------------------
c 
c opening file to write '/tmp/43_797_0_four.drat'
c writing binary proof trace to '/tmp/43_797_0_four.drat'
c 
c --- [ parsing input ] ------------------------------------------------------
c 
c reading DIMACS file from '/tmp/43_797_0_four.cnf'
c opening file to read '/tmp/43_797_0_four.cnf'
c found 'p cnf 259840 1039924' header
c parsed 1039924 clauses in 0.45 seconds process time
c 
c --- [ options ] ------------------------------------------------------------
c 
c   --stabilize=false              (different from default 'true')
c   --walk=false                   (different from default 'true')
c 
c --- [ solving ] ------------------------------------------------------------
c 
c time measured in process time since initialization
c 
c  seconds   reductions  redundant   irredundant
c          MB    restarts       trail        variables
c           level   conflicts       glue           remaining
c 
c *  0.47 139  0 0   0    0    0  0% 0 1039424 253076 97%
c {  0.48 142  0 0   0    0    0  0% 0 1039424 253076 97%
c -  0.69 147 303 1   6  302  183  6% 4 911809 253076 97%
c i  0.72 147 261 1  14  351  224  5% 6 911809 253075 97%
c i  0.75 147 232 1  24  386  256  5% 5 911809 252959 97%
c i  0.75 147 231 1  24  387  256  5% 5 911809 250033 96%
c i  1.42 147 85 1 136  977  763  9% 8 911809 249853 96%
c I  1.44 147 83 1 136 1004  784  9% 8 911809 249853 96%
c i  1.61 147 66 1 139 1311 1043  9% 7 911809 249801 96%
c }  1.61 147 65 1 139 1340 1055  9% 7 911809 248333 96%
c 0  1.61 147 65 1 139 1340 1055  9% 7 911809 248333 96%
c 
c --- [ result ] -------------------------------------------------------------
c 
s UNSATISFIABLE
c 
c --- [ run-time profiling ] -------------------------------------------------
c 
c process time taken by individual solving procedures
c (percentage relative to process time for solving)
c 
c         1.14   98.28% search
c         1.13   96.91% unstable
c         0.02    1.37% lucky
c         0.00    0.00% simplify
c   =================================
c         1.16   72.21% solve
c 
c last line shows process time for solving
c (percentage relative to total process time)
c 
c --- [ statistics ] ---------------------------------------------------------
c 
c backtracked:                1732       129.25 %  of conflicts
c chronological:               637        36.78 %  of backtracks
c conflicts:                  1340      1151.20    per second
c decisions:                  8187      7033.51    per second
c fixed:                     11507         4.43 %  of all variables
c learned:                    1218        90.90 %  per conflict
c minimized:                  5888        20.40 %  learned literals
c propagations:            3800238         3.26 M  per second
c rephased:                      1      1340.00    interval
c restarts:                    139         9.64    interval
c subsumed:                    157         0.01 %  of all clauses
c 
c seconds are measured in process time for solving
c 
c --- [ resources ] ----------------------------------------------------------
c 
c total process time since initialization:         1.61    seconds
c total real time since initialization:            1.62    seconds
c maximum resident set size of process:          154.32    MB
c 
c --- [ shutting down ] ------------------------------------------------------
c 
c exit 20
