c --- [ banner ] -------------------------------------------------------------
c 
c CaDiCaL Radically Simplified CDCL SAT Solver
c Copyright (c) 2016-2019 Armin Biere, JKU Linz
c 
c Version 1.0.3 cb89cbfa16f47cb7bf1ec6ad9855e7b6d5203c18
c g++ (GCC) 6.3.0 -Wall -Wextra -O3 -DNDEBUG
c Fri Aug 23 08:17:16 CDT 2019 Linux login1 4.4.103-6.38-default x86_64
c 
c --- [ config ] -------------------------------------------------------------
c 
c using 'unsat' configuration (target unsatisfiable instances)
c 
c --- [ proof tracing ] ------------------------------------------------------
c 
c opening file to write '/tmp/57_194_0_three.drat'
c writing binary proof trace to '/tmp/57_194_0_three.drat'
c 
c --- [ parsing input ] ------------------------------------------------------
c 
c reading DIMACS file from '/tmp/57_194_0_three.cnf'
c opening file to read '/tmp/57_194_0_three.cnf'
c found 'p cnf 39424 200372' header
c parsed 200372 clauses in 0.08 seconds process time
c 
c --- [ options ] ------------------------------------------------------------
c 
c   --stabilize=false              (different from default 'true')
c   --walk=false                   (different from default 'true')
c 
c --- [ solving ] ------------------------------------------------------------
c 
c time measured in process time since initialization
c 
c  seconds  reductions  redundant  irredundant
c         MB    restarts       trail       variables
c          level   conflicts       glue         remaining
c 
c *  0.08 26  0 0   0    0    0  0% 0 183404 38254 97%
c {  0.08 27  0 0   0    0    0  0% 0 183404 38254 97%
c -  0.13 28 37 1   3  301  239  7% 8 177570 38254 97%
c I  0.18 29 46 1  32 1012  835  9% 8 177570 38254 97%
c -  0.24 35 48 2  39 1050  756  9% 8 177570 38254 97%
c -  0.36 35 45 3 158 2176 1335  9% 8 177570 38254 97%
c B  0.43 35 45 3 207 3014 2088 10% 8 177570 38254 97%
c i  0.49 35 44 3 227 3591 2609 10% 8 177570 38232 97%
c -  0.54 35 45 4 227 3678 1926 10% 8 177142 38232 97%
c i  0.56 35 43 4 233 3914 2133 10% 8 177142 38153 97%
c i  0.57 35 41 4 233 4070 2253 10% 8 177142 37551 95%
c }  0.57 35 41 4 233 4195 2363 10% 8 177142 37517 95%
c 0  0.57 35 41 4 233 4195 2363 10% 8 177142 37517 95%
c 
c --- [ result ] -------------------------------------------------------------
c 
s UNSATISFIABLE
c 
c --- [ run-time profiling ] -------------------------------------------------
c 
c process time taken by individual solving procedures
c (percentage relative to process time for solving)
c 
c         0.49   99.19% search
c         0.49   99.19% unstable
c         0.00    0.00% simplify
c   =================================
c         0.49   86.01% solve
c 
c last line shows process time for solving
c (percentage relative to total process time)
c 
c --- [ statistics ] ---------------------------------------------------------
c 
c backtracked:                5221       124.46 %  of conflicts
c chronological:              2037        39.02 %  of backtracks
c conflicts:                  4195      8526.42    per second
c decisions:                 22992     46731.71    per second
c fixed:                      1907         4.84 %  of all variables
c learned:                    3832        91.35 %  per conflict
c minimized:                 29996        23.53 %  learned literals
c propagations:            1869520         3.80 M  per second
c reduced:                    1297        30.92 %  per conflict
c rephased:                      2      2097.50    interval
c restarts:                    233        18.00    interval
c subsumed:                    165         0.04 %  of all clauses
c 
c seconds are measured in process time for solving
c 
c --- [ resources ] ----------------------------------------------------------
c 
c total process time since initialization:         0.58    seconds
c total real time since initialization:            0.58    seconds
c maximum resident set size of process:           39.48    MB
c 
c --- [ shutting down ] ------------------------------------------------------
c 
c exit 20
