c --- [ banner ] -------------------------------------------------------------
c 
c CaDiCaL Radically Simplified CDCL SAT Solver
c Copyright (c) 2016-2019 Armin Biere, JKU Linz
c 
c Version 1.0.3 cb89cbfa16f47cb7bf1ec6ad9855e7b6d5203c18
c g++ (GCC) 6.3.0 -Wall -Wextra -O3 -DNDEBUG
c Fri Aug 23 08:17:16 CDT 2019 Linux login1 4.4.103-6.38-default x86_64
c 
c --- [ config ] -------------------------------------------------------------
c 
c using 'unsat' configuration (target unsatisfiable instances)
c 
c --- [ proof tracing ] ------------------------------------------------------
c 
c opening file to write '/tmp/57_619_0_three.drat'
c writing binary proof trace to '/tmp/57_619_0_three.drat'
c 
c --- [ parsing input ] ------------------------------------------------------
c 
c reading DIMACS file from '/tmp/57_619_0_three.cnf'
c opening file to read '/tmp/57_619_0_three.cnf'
c found 'p cnf 39424 200372' header
c parsed 200372 clauses in 0.08 seconds process time
c 
c --- [ options ] ------------------------------------------------------------
c 
c   --stabilize=false              (different from default 'true')
c   --walk=false                   (different from default 'true')
c 
c --- [ solving ] ------------------------------------------------------------
c 
c time measured in process time since initialization
c 
c  seconds  reductions  redundant  irredundant
c         MB    restarts       trail       variables
c          level   conflicts       glue         remaining
c 
c *  0.08 26  0 0   0    0    0  0% 0 183404 38229 97%
c {  0.08 27  0 0   0    0    0  0% 0 183404 38229 97%
c i  0.10 27 43 0   0  156  126  8% 7 183404 38205 97%
c i  0.10 27 43 0   0  159  128  8% 7 183404 38121 97%
c i  0.10 27 43 0   0  165  133  8% 7 183404 38102 97%
c i  0.11 27 38 0   0  281  233 10% 6 183404 38002 96%
c -  0.13 28 39 1   0  319  220 10% 6 172532 38002 96%
c i  0.14 29 35 1   0  377  254  9% 6 172532 37851 96%
c i  0.14 29 33 1   0  403  272  8% 6 172532 37813 96%
c }  0.14 29 33 1   0  409  273  8% 6 172532 37673 96%
c 0  0.14 29 33 1   0  409  273  8% 6 172532 37673 96%
c 
c --- [ result ] -------------------------------------------------------------
c 
s UNSATISFIABLE
c 
c --- [ run-time profiling ] -------------------------------------------------
c 
c process time taken by individual solving procedures
c (percentage relative to process time for solving)
c 
c         0.06  100.00% search
c         0.05   92.86% unstable
c         0.00    7.14% lucky
c         0.00    0.00% simplify
c   =================================
c         0.06   41.18% solve
c 
c last line shows process time for solving
c (percentage relative to total process time)
c 
c --- [ statistics ] ---------------------------------------------------------
c 
c backtracked:                 487       119.07 %  of conflicts
c chronological:               194        39.84 %  of backtracks
c conflicts:                   409      7303.57    per second
c decisions:                  1607     28696.43    per second
c fixed:                      1751         4.44 %  of all variables
c learned:                     332        81.17 %  per conflict
c minimized:                  2584        26.19 %  learned literals
c propagations:             143527         2.56 M  per second
c subsumed:                     19         0.01 %  of all clauses
c 
c seconds are measured in process time for solving
c 
c --- [ resources ] ----------------------------------------------------------
c 
c total process time since initialization:         0.14    seconds
c total real time since initialization:            0.14    seconds
c maximum resident set size of process:           28.96    MB
c 
c --- [ shutting down ] ------------------------------------------------------
c 
c exit 20
