c --- [ banner ] -------------------------------------------------------------
c 
c CaDiCaL Radically Simplified CDCL SAT Solver
c Copyright (c) 2016-2019 Armin Biere, JKU Linz
c 
c Version 1.0.3 cb89cbfa16f47cb7bf1ec6ad9855e7b6d5203c18
c g++ (GCC) 6.3.0 -Wall -Wextra -O3 -DNDEBUG
c Fri Aug 23 08:17:16 CDT 2019 Linux login1 4.4.103-6.38-default x86_64
c 
c --- [ config ] -------------------------------------------------------------
c 
c using 'unsat' configuration (target unsatisfiable instances)
c 
c --- [ proof tracing ] ------------------------------------------------------
c 
c opening file to write '/tmp/2_403_0_three.drat'
c writing binary proof trace to '/tmp/2_403_0_three.drat'
c 
c --- [ parsing input ] ------------------------------------------------------
c 
c reading DIMACS file from '/tmp/2_403_0_three.cnf'
c opening file to read '/tmp/2_403_0_three.cnf'
c found 'p cnf 39424 200377' header
c parsed 200377 clauses in 0.08 seconds process time
c 
c --- [ options ] ------------------------------------------------------------
c 
c   --stabilize=false              (different from default 'true')
c   --walk=false                   (different from default 'true')
c 
c --- [ solving ] ------------------------------------------------------------
c 
c time measured in process time since initialization
c 
c  seconds  reductions  redundant  irredundant
c         MB    restarts       trail       variables
c          level   conflicts       glue         remaining
c 
c *  0.08 26  0 0   0    0    0  0% 0 182433 38160 97%
c {  0.08 26  0 0   0    0    0  0% 0 182433 38160 97%
c -  0.12 28 42 1  12  300  203  8% 7 175008 38160 97%
c I  0.17 29 44 1  78 1002  820  8% 8 175008 38160 97%
c -  0.22 34 45 2  80 1050  757  8% 8 175008 38160 97%
c i  0.27 34 42 2 134 1773 1374  9% 8 175008 38144 97%
c i  0.27 35 42 2 134 1774 1374  9% 8 175008 38120 97%
c }  0.27 35 42 2 134 1776 1374  9% 8 175008 37892 96%
c 0  0.27 35 42 2 134 1776 1374  9% 8 175008 37892 96%
c 
c --- [ result ] -------------------------------------------------------------
c 
s UNSATISFIABLE
c 
c --- [ run-time profiling ] -------------------------------------------------
c 
c process time taken by individual solving procedures
c (percentage relative to process time for solving)
c 
c         0.19  100.00% search
c         0.19  100.00% unstable
c         0.00    0.00% simplify
c   =================================
c         0.19   70.59% solve
c 
c last line shows process time for solving
c (percentage relative to total process time)
c 
c --- [ statistics ] ---------------------------------------------------------
c 
c backtracked:                2219       124.94 %  of conflicts
c chronological:               853        38.44 %  of backtracks
c conflicts:                  1776      9250.00    per second
c decisions:                 11283     58765.62    per second
c fixed:                      1532         3.89 %  of all variables
c learned:                    1561        87.89 %  per conflict
c minimized:                  9100        20.39 %  learned literals
c propagations:             606836         3.16 M  per second
c reduced:                      99         5.57 %  per conflict
c rephased:                      1      1776.00    interval
c restarts:                    134        13.25    interval
c subsumed:                     85         0.02 %  of all clauses
c 
c seconds are measured in process time for solving
c 
c --- [ resources ] ----------------------------------------------------------
c 
c total process time since initialization:         0.27    seconds
c total real time since initialization:            0.27    seconds
c maximum resident set size of process:           34.51    MB
c 
c --- [ shutting down ] ------------------------------------------------------
c 
c exit 20
