c --- [ banner ] -------------------------------------------------------------
c 
c CaDiCaL Radically Simplified CDCL SAT Solver
c Copyright (c) 2016-2019 Armin Biere, JKU Linz
c 
c Version 1.0.3 cb89cbfa16f47cb7bf1ec6ad9855e7b6d5203c18
c g++ (GCC) 6.3.0 -Wall -Wextra -O3 -DNDEBUG
c Fri Aug 23 08:17:16 CDT 2019 Linux login1 4.4.103-6.38-default x86_64
c 
c --- [ config ] -------------------------------------------------------------
c 
c using 'unsat' configuration (target unsatisfiable instances)
c 
c --- [ proof tracing ] ------------------------------------------------------
c 
c opening file to write '/tmp/4_233_0_three.drat'
c writing binary proof trace to '/tmp/4_233_0_three.drat'
c 
c --- [ parsing input ] ------------------------------------------------------
c 
c reading DIMACS file from '/tmp/4_233_0_three.cnf'
c opening file to read '/tmp/4_233_0_three.cnf'
c found 'p cnf 202048 780985' header
c parsed 780985 clauses in 0.33 seconds process time
c 
c --- [ options ] ------------------------------------------------------------
c 
c   --stabilize=false              (different from default 'true')
c   --walk=false                   (different from default 'true')
c 
c --- [ solving ] ------------------------------------------------------------
c 
c time measured in process time since initialization
c 
c  seconds  reductions  redundant  irredundant
c         MB    restarts       trail       variables
c          level   conflicts       glue          remaining
c 
c *  0.34 97  0 0   0    0    0  0% 0 780480 196911 97%
c {  0.36 99  0 0   0    0    0  0% 0 780480 196911 97%
c -  0.56 105 227 1  25  300  197  5% 6 686464 196911 97%
c I  1.14 110 66 1 148 1002  842  7% 7 686464 196911 97%
c -  1.57 128 53 2 196 1401 1143  7% 8 686464 196911 97%
c B  3.11 128 39 2 340 3005 2597  9% 8 686464 196911 97%
c -  3.35 128 39 3 340 3059 2100  9% 8 686464 196911 97%
c s  4.54 114 33 3 370 3975 2890  9% 8 686464 196911 97%
c w  5.96 136 33 3 370 3975 2878  9% 8 686464 196911 97%
c t  6.06 136 33 3 370 3975 2877  9% 8 685875 196911 97%
c e  8.04 137 33 3 370 3975   13  9% 8 168243 25656 13%
c s  8.25 155 33 3 370 3975   12  9% 8 168137 25656 13%
c e  8.51 155 33 3 370 3975   11  9% 8 168117 25622 13%
c 3  8.85 155 31 3 439 5001 2997  5% 8 168117 25622 13%
c d  8.91 155 31 3 439 5001 2985  5% 8 168117 25620 13%
c 2  8.93 155 31 3 439 5001 2981  5% 8 168117 25620 13%
c p  9.02 155 31 3 439 5001 6431  5% 8 168117 25609 13%
c i  9.06 155 31 3 439 5140 6543  5% 8 168117 25608 13%
c i  9.07 155 30 3 439 5169 6567  5% 8 168117 25594 13%
c -  9.14 155 30 4 439 5264 1054  6% 8 166696 25594 13%
c 
c  seconds   reductions  redundant  irredundant
c          MB    restarts       trail       variables
c           level   conflicts       glue         remaining
c 
c i  9.20 155 29 4 443 5434 1209  7% 8 166696 25591 13%
c F  9.27 155 28 4 454 6006 1710  7% 8 166696 25591 13%
c i  9.27 155 28 4 454 6007 1710  7% 8 166696 25576 13%
c i  9.49 155 27 4 466 7060 2667  8% 8 166696 25571 13%
c -  9.54 155 26 5 466 7097 1920  8% 8 165047 25571 13%
c i  9.74 155 25 5 479 7768 2497  9% 7 165047 25446 13%
c i  9.74 155 25 5 479 7769 2497  9% 7 165047 25443 13%
c }  9.74 155 25 5 479 7775 2499  9% 7 165047 23698 12%
c 0  9.74 155 25 5 479 7775 2499  9% 7 165047 23698 12%
c 
c --- [ result ] -------------------------------------------------------------
c 
s UNSATISFIABLE
c 
c --- [ run-time profiling ] -------------------------------------------------
c 
c process time taken by individual solving procedures
c (percentage relative to process time for solving)
c 
c         4.85   51.49% search
c         4.83   51.32% unstable
c         4.55   48.34% simplify
c         2.16   22.98% elim
c         1.30   13.85% vivify
c         0.74    7.82% subsume
c         0.09    0.98% probe
c         0.08    0.85% ternary
c         0.02    0.17% lucky
c   =================================
c         9.42   96.63% solve
c 
c last line shows process time for solving
c (percentage relative to total process time)
c 
c --- [ statistics ] ---------------------------------------------------------
c 
c backtracked:               24561       315.90 %  of conflicts
c chronological:              3297        13.42 %  of backtracks
c conflicts:                  7775       825.72    per second
c decisions:                 29702      3154.42    per second
c eliminated:               171289        84.78 %  of all variables
c fixed:                      7059         3.49 %  of all variables
c learned:                    7309        94.01 %  per conflict
c minimized:                 67588        28.58 %  learned literals
c propagations:           14874184         1.58 M  per second
c reduced:                    1109        14.26 %  per conflict
c rephased:                      3      2591.67    interval
c restarts:                    479        16.23    interval
c substituted:                   2         0.00 %  of all variables
c subsumed:                   3969         0.17 %  of all clauses
c strengthened:               9887         0.43 %  of all clauses
c ternary:                    2300         0.30 %  of resolved
c vivified:                    131         0.01 %  of all clauses
c weakened:                 604749         2.84    average size
c 
c seconds are measured in process time for solving
c 
c --- [ resources ] ----------------------------------------------------------
c 
c total process time since initialization:         9.74    seconds
c total real time since initialization:            9.74    seconds
c maximum resident set size of process:          157.21    MB
c 
c --- [ shutting down ] ------------------------------------------------------
c 
c exit 20
