c --- [ banner ] -------------------------------------------------------------
c 
c CaDiCaL Radically Simplified CDCL SAT Solver
c Copyright (c) 2016-2019 Armin Biere, JKU Linz
c 
c Version 1.0.3 cb89cbfa16f47cb7bf1ec6ad9855e7b6d5203c18
c g++ (GCC) 6.3.0 -Wall -Wextra -O3 -DNDEBUG
c Fri Aug 23 08:17:16 CDT 2019 Linux login1 4.4.103-6.38-default x86_64
c 
c --- [ config ] -------------------------------------------------------------
c 
c using 'unsat' configuration (target unsatisfiable instances)
c 
c --- [ proof tracing ] ------------------------------------------------------
c 
c opening file to write '/tmp/4_786_0_three.drat'
c writing binary proof trace to '/tmp/4_786_0_three.drat'
c 
c --- [ parsing input ] ------------------------------------------------------
c 
c reading DIMACS file from '/tmp/4_786_0_three.cnf'
c opening file to read '/tmp/4_786_0_three.cnf'
c found 'p cnf 202048 780985' header
c parsed 780985 clauses in 0.33 seconds process time
c 
c --- [ options ] ------------------------------------------------------------
c 
c   --stabilize=false              (different from default 'true')
c   --walk=false                   (different from default 'true')
c 
c --- [ solving ] ------------------------------------------------------------
c 
c time measured in process time since initialization
c 
c  seconds  reductions  redundant  irredundant
c         MB    restarts       trail       variables
c          level   conflicts       glue          remaining
c 
c *  0.34 97  0 0   0    0    0  0% 0 780480 197471 98%
c {  0.36 99  0 0   0    0    0  0% 0 780480 197471 98%
c -  0.60 106 234 1  23  300  196  6% 6 692834 197471 98%
c I  1.14 111 68 1 122 1002  849  7% 8 692834 197471 98%
c -  1.68 129 56 2 183 1404 1182  7% 8 692834 197471 98%
c B  2.86 130 46 2 352 3004 2665  9% 8 692834 197471 98%
c -  3.10 130 46 3 358 3060 2144  9% 8 692834 197471 98%
c s  4.31 115 46 3 453 3966 2982 10% 9 692834 197471 98%
c v  5.37 134 46 3 453 3966 2982 10% 9 692832 197471 98%
c w  5.66 135 46 3 453 3966 2977 10% 9 692832 197471 98%
c t  5.72 135 46 3 453 3966 2977 10% 9 692149 197471 98%
c e  7.52 128 46 3 453 3966   15 10% 9 170768 25914 13%
c s  7.69 139 46 3 453 3966   12 10% 9 170626 25914 13%
c e  7.89 139 46 3 453 3966   11 10% 9 170611 25893 13%
c 3  8.20 140 43 3 518 5001 2692  7% 9 170611 25893 13%
c 3  8.20 140 43 3 518 5001 2824  7% 9 170611 25893 13%
c d  8.24 140 43 3 518 5001 2798  7% 9 170611 25890 13%
c 2  8.26 140 43 3 518 5001 2792  7% 9 170611 25890 13%
c p  8.31 140 43 3 518 5001 3613  7% 9 170611 25890 13%
c -  8.38 140 43 4 556 5268 1260  7% 9 170611 25890 13%
c 
c  seconds   reductions  redundant  irredundant
c          MB    restarts       trail       variables
c           level   conflicts       glue         remaining
c 
c F  8.50 140 41 4 613 6010 1936  8% 9 170611 25890 13%
c -  8.66 142 38 5 661 7116 2244  7% 9 170611 25890 13%
c -  8.97 142 34 6 793 9336 2919  7% 9 170611 25890 13%
c i  8.98 142 34 6 799 9429 2995  7% 9 170611 25877 13%
c B  9.04 142 33 6 830 10015 3507  7% 8 170611 25877 13%
c -  9.25 142 31 7 897 11923 3614  7% 8 169627 25877 13%
c s  9.58 142 27 7 977 14847 5996  7% 8 169569 25877 13%
c v  9.78 142 27 7 977 14847 5996  7% 8 161937 25877 13%
c w  9.84 142 27 7 977 14847 5895  7% 8 161937 25828 13%
c t  9.86 142 27 7 977 14847 5873  7% 8 153557 25824 13%
c e 10.02 142 27 7 977 14847 3832  7% 8 145126 21469 11%
c s 10.08 142 27 7 977 14847 3751  7% 8 144595 21469 11%
c e 10.16 142 27 7 977 14847 3717  7% 8 144128 21411 11%
c - 10.26 142 27 8 977 14873 2886  3% 8 144128 21411 11%
c d 10.28 142 27 8 977 15001 2913  6% 8 144066 21398 11%
c 3 10.33 142 27 8 977 15001 6053  6% 8 144066 21398 11%
c 3 10.34 142 27 8 977 15001 6458  6% 8 144066 21398 11%
c d 10.38 142 27 8 977 15001 5606  6% 8 144066 21256 11%
c 2 10.39 142 27 8 977 15001 5467  6% 8 144056 21245 11%
c p 10.44 142 27 8 977 15001 6935  6% 8 144056 21131 10%
c 
c  seconds   reductions   redundant  irredundant
c          MB    restarts        trail       variables
c           level    conflicts       glue         remaining
c 
c # 10.46 142 27 8 977 15018 6951  6% 8 144056 21131 10%
c i 10.50 142 25 8 977 15576 7368  5% 8 144056 21089 10%
c i 10.50 142 25 8 977 15639 7420  5% 8 144056 21086 10%
c i 10.50 142 25 8 977 15640 7420  5% 8 144056 21084 10%
c i 10.50 142 25 8 977 15641 7420  5% 8 144056 21069 10%
c i 10.50 142 25 8 977 15642 7420  5% 8 144056 20987 10%
c i 10.50 142 25 8 977 15646 7422  5% 8 144056 20841 10%
c i 10.50 142 25 8 977 15650 7425  5% 8 144056 20693 10%
c } 10.50 142 25 8 977 15656 7428  5% 8 144056 20526 10%
c 0 10.50 142 25 8 977 15656 7428  5% 8 144056 20526 10%
c 
c --- [ result ] -------------------------------------------------------------
c 
s UNSATISFIABLE
c 
c --- [ run-time profiling ] -------------------------------------------------
c 
c process time taken by individual solving procedures
c (percentage relative to process time for solving)
c 
c         5.32   52.34% search
c         5.31   52.22% unstable
c         4.83   47.50% simplify
c         2.17   21.35% elim
c         1.49   14.63% vivify
c         0.72    7.04% subsume
c         0.14    1.34% ternary
c         0.10    1.02% probe
c         0.01    0.12% lucky
c   =================================
c        10.17   96.88% solve
c 
c last line shows process time for solving
c (percentage relative to total process time)
c 
c --- [ statistics ] ---------------------------------------------------------
c 
c backtracked:               59375       379.25 %  of conflicts
c chronological:              6385        10.75 %  of backtracks
c conflicts:                 15656      1539.13    per second
c decisions:                 66182      6506.29    per second
c eliminated:               175990        87.10 %  of all variables
c fixed:                      5374         2.66 %  of all variables
c learned:                   15009        95.87 %  per conflict
c minimized:                139353        28.53 %  learned literals
c propagations:           19006868         1.87 M  per second
c reduced:                    4909        31.36 %  per conflict
c rephased:                      5      3131.20    interval
c restarts:                    977        16.02    interval
c substituted:                 158         0.08 %  of all variables
c subsumed:                  13758         0.58 %  of all clauses
c strengthened:              13602         0.58 %  of all clauses
c ternary:                    6935         0.34 %  of resolved
c vivified:                   8116         0.34 %  of all clauses
c weakened:                 630550         2.89    average size
c 
c seconds are measured in process time for solving
c 
c --- [ resources ] ----------------------------------------------------------
c 
c total process time since initialization:        10.50    seconds
c total real time since initialization:           10.50    seconds
c maximum resident set size of process:          150.18    MB
c 
c --- [ shutting down ] ------------------------------------------------------
c 
c exit 20
