c --- [ banner ] -------------------------------------------------------------
c 
c CaDiCaL Radically Simplified CDCL SAT Solver
c Copyright (c) 2016-2019 Armin Biere, JKU Linz
c 
c Version 1.0.3 cb89cbfa16f47cb7bf1ec6ad9855e7b6d5203c18
c g++ (GCC) 6.3.0 -Wall -Wextra -O3 -DNDEBUG
c Fri Aug 23 08:17:16 CDT 2019 Linux login1 4.4.103-6.38-default x86_64
c 
c --- [ config ] -------------------------------------------------------------
c 
c using 'unsat' configuration (target unsatisfiable instances)
c 
c --- [ proof tracing ] ------------------------------------------------------
c 
c opening file to write '/tmp/33_176_0_four.drat'
c writing binary proof trace to '/tmp/33_176_0_four.drat'
c 
c --- [ parsing input ] ------------------------------------------------------
c 
c reading DIMACS file from '/tmp/33_176_0_four.cnf'
c opening file to read '/tmp/33_176_0_four.cnf'
c found 'p cnf 259840 1039934' header
c parsed 1039934 clauses in 0.46 seconds process time
c 
c --- [ options ] ------------------------------------------------------------
c 
c   --stabilize=false              (different from default 'true')
c   --walk=false                   (different from default 'true')
c 
c --- [ solving ] ------------------------------------------------------------
c 
c time measured in process time since initialization
c 
c  seconds   reductions  redundant   irredundant
c          MB    restarts       trail        variables
c           level   conflicts       glue           remaining
c 
c *  0.48 140  0 0   0    0    0  0% 0 1039424 252385 97%
c {  0.50 142  0 0   0    0    0  0% 0 1039424 252385 97%
c -  0.72 147 321 1  11  301  184  6% 5 903339 252385 97%
c i  0.78 147 261 1  26  382  246  6% 6 903339 252269 97%
c i  0.80 147 246 1  32  400  260  6% 6 903339 251084 97%
c i  0.80 147 243 1  33  403  262  6% 6 903339 250140 96%
c i  0.81 147 214 1  38  447  285  6% 6 903339 249923 96%
c i  0.81 147 203 1  42  462  288  6% 6 903339 249865 96%
c }  0.81 147 192 1  42  481  297  6% 6 903339 249635 96%
c 0  0.81 147 192 1  42  481  297  6% 6 903339 249635 96%
c 
c --- [ result ] -------------------------------------------------------------
c 
s UNSATISFIABLE
c 
c --- [ run-time profiling ] -------------------------------------------------
c 
c process time taken by individual solving procedures
c (percentage relative to process time for solving)
c 
c         0.33   94.32% search
c         0.31   88.64% unstable
c         0.02    5.68% lucky
c         0.00    0.00% simplify
c   =================================
c         0.35   43.35% solve
c 
c last line shows process time for solving
c (percentage relative to total process time)
c 
c --- [ statistics ] ---------------------------------------------------------
c 
c backtracked:                 657       136.59 %  of conflicts
c chronological:               310        47.18 %  of backtracks
c conflicts:                   481      1366.48    per second
c decisions:                  3885     11036.93    per second
c fixed:                     10205         3.93 %  of all variables
c learned:                     437        90.85 %  per conflict
c minimized:                   710        13.57 %  learned literals
c propagations:             512932         1.46 M  per second
c restarts:                     42        11.45    interval
c subsumed:                    134         0.01 %  of all clauses
c 
c seconds are measured in process time for solving
c 
c --- [ resources ] ----------------------------------------------------------
c 
c total process time since initialization:         0.81    seconds
c total real time since initialization:            0.81    seconds
c maximum resident set size of process:          154.69    MB
c 
c --- [ shutting down ] ------------------------------------------------------
c 
c exit 20
