c --- [ banner ] -------------------------------------------------------------
c 
c CaDiCaL Radically Simplified CDCL SAT Solver
c Copyright (c) 2016-2019 Armin Biere, JKU Linz
c 
c Version 1.0.3 cb89cbfa16f47cb7bf1ec6ad9855e7b6d5203c18
c g++ (GCC) 6.3.0 -Wall -Wextra -O3 -DNDEBUG
c Fri Aug 23 08:17:16 CDT 2019 Linux login1 4.4.103-6.38-default x86_64
c 
c --- [ config ] -------------------------------------------------------------
c 
c using 'unsat' configuration (target unsatisfiable instances)
c 
c --- [ proof tracing ] ------------------------------------------------------
c 
c opening file to write '/tmp/33_632_0_four.drat'
c writing binary proof trace to '/tmp/33_632_0_four.drat'
c 
c --- [ parsing input ] ------------------------------------------------------
c 
c reading DIMACS file from '/tmp/33_632_0_four.cnf'
c opening file to read '/tmp/33_632_0_four.cnf'
c found 'p cnf 259840 1039934' header
c parsed 1039934 clauses in 0.46 seconds process time
c 
c --- [ options ] ------------------------------------------------------------
c 
c   --stabilize=false              (different from default 'true')
c   --walk=false                   (different from default 'true')
c 
c --- [ solving ] ------------------------------------------------------------
c 
c time measured in process time since initialization
c 
c  seconds   reductions  redundant   irredundant
c          MB    restarts       trail        variables
c           level   conflicts       glue           remaining
c 
c *  0.48 139  0 0   0    0    0  0% 0 1039424 252544 97%
c {  0.50 142  0 0   0    0    0  0% 0 1039424 252544 97%
c i  0.57 146 355 0   2  271  155  6% 4 1039424 252428 97%
c i  0.57 146 354 0   2  272  155  6% 4 1039424 252398 97%
c -  0.72 147 322 1   9  300  182  6% 4 902824 252398 97%
c i  0.76 147 247 1  27  377  242  6% 5 902824 252151 97%
c i  0.77 147 222 1  35  410  263  5% 5 902824 251892 97%
c i  0.77 147 220 1  35  412  264  5% 5 902824 251854 97%
c }  0.77 147 218 1  35  417  265  5% 5 902824 250596 96%
c 0  0.77 147 218 1  35  417  265  5% 5 902824 250596 96%
c 
c --- [ result ] -------------------------------------------------------------
c 
s UNSATISFIABLE
c 
c --- [ run-time profiling ] -------------------------------------------------
c 
c process time taken by individual solving procedures
c (percentage relative to process time for solving)
c 
c         0.29   93.59% search
c         0.27   85.90% unstable
c         0.02    7.69% lucky
c         0.00    0.00% simplify
c   =================================
c         0.31   40.41% solve
c 
c last line shows process time for solving
c (percentage relative to total process time)
c 
c --- [ statistics ] ---------------------------------------------------------
c 
c backtracked:                 584       140.05 %  of conflicts
c chronological:               288        49.32 %  of backtracks
c conflicts:                   417      1336.54    per second
c decisions:                  2976      9538.46    per second
c fixed:                      9244         3.56 %  of all variables
c learned:                     392        94.00 %  per conflict
c minimized:                   965        21.76 %  learned literals
c propagations:             327981         1.05 M  per second
c restarts:                     35        11.91    interval
c subsumed:                    121         0.01 %  of all clauses
c 
c seconds are measured in process time for solving
c 
c --- [ resources ] ----------------------------------------------------------
c 
c total process time since initialization:         0.77    seconds
c total real time since initialization:            0.77    seconds
c maximum resident set size of process:          154.70    MB
c 
c --- [ shutting down ] ------------------------------------------------------
c 
c exit 20
