c --- [ banner ] -------------------------------------------------------------
c 
c CaDiCaL Radically Simplified CDCL SAT Solver
c Copyright (c) 2016-2019 Armin Biere, JKU Linz
c 
c Version 1.0.3 cb89cbfa16f47cb7bf1ec6ad9855e7b6d5203c18
c g++ (GCC) 6.3.0 -Wall -Wextra -O3 -DNDEBUG
c Fri Aug 23 08:17:16 CDT 2019 Linux login1 4.4.103-6.38-default x86_64
c 
c --- [ config ] -------------------------------------------------------------
c 
c using 'unsat' configuration (target unsatisfiable instances)
c 
c --- [ proof tracing ] ------------------------------------------------------
c 
c opening file to write '/tmp/33_786_0_four.drat'
c writing binary proof trace to '/tmp/33_786_0_four.drat'
c 
c --- [ parsing input ] ------------------------------------------------------
c 
c reading DIMACS file from '/tmp/33_786_0_four.cnf'
c opening file to read '/tmp/33_786_0_four.cnf'
c found 'p cnf 259840 1039934' header
c parsed 1039934 clauses in 0.54 seconds process time
c 
c --- [ options ] ------------------------------------------------------------
c 
c   --stabilize=false              (different from default 'true')
c   --walk=false                   (different from default 'true')
c 
c --- [ solving ] ------------------------------------------------------------
c 
c time measured in process time since initialization
c 
c  seconds   reductions  redundant   irredundant
c          MB    restarts       trail        variables
c           level   conflicts       glue           remaining
c 
c *  0.56 139  0 0   0    0    0  0% 0 1039424 252541 97%
c {  0.58 142  0 0   0    0    0  0% 0 1039424 252541 97%
c -  0.78 146 274 1  15  301  189  5% 6 905448 252541 97%
c i  0.83 146 237 1  26  346  229  5% 6 905448 252425 97%
c i  0.89 146 200 1  36  405  279  6% 6 905448 251886 97%
c i  0.89 146 198 1  36  408  279  6% 6 905448 251641 97%
c i  0.89 146 194 1  36  415  284  6% 6 905448 251640 97%
c i  0.94 146 175 1  38  467  310  8% 6 905448 250771 97%
c i  1.00 146 123 1  56  598  412  7% 7 905448 250721 96%
c }  1.00 146 122 1  56  604  414  7% 7 905448 247612 95%
c 0  1.00 146 122 1  56  604  414  7% 7 905448 247612 95%
c 
c --- [ result ] -------------------------------------------------------------
c 
s UNSATISFIABLE
c 
c --- [ run-time profiling ] -------------------------------------------------
c 
c process time taken by individual solving procedures
c (percentage relative to process time for solving)
c 
c         0.44   95.69% search
c         0.42   90.52% unstable
c         0.02    5.17% lucky
c         0.00    0.00% simplify
c   =================================
c         0.46   46.40% solve
c 
c last line shows process time for solving
c (percentage relative to total process time)
c 
c --- [ statistics ] ---------------------------------------------------------
c 
c backtracked:                 804       133.11 %  of conflicts
c chronological:               341        42.41 %  of backtracks
c conflicts:                   604      1301.72    per second
c decisions:                  3806      8202.59    per second
c fixed:                     12228         4.71 %  of all variables
c learned:                     542        89.74 %  per conflict
c minimized:                  1957        20.22 %  learned literals
c propagations:             827923         1.78 M  per second
c restarts:                     56        10.79    interval
c subsumed:                    121         0.01 %  of all clauses
c 
c seconds are measured in process time for solving
c 
c --- [ resources ] ----------------------------------------------------------
c 
c total process time since initialization:         1.00    seconds
c total real time since initialization:            1.00    seconds
c maximum resident set size of process:          153.93    MB
c 
c --- [ shutting down ] ------------------------------------------------------
c 
c exit 20
