c --- [ banner ] -------------------------------------------------------------
c 
c CaDiCaL Radically Simplified CDCL SAT Solver
c Copyright (c) 2016-2019 Armin Biere, JKU Linz
c 
c Version 1.0.3 cb89cbfa16f47cb7bf1ec6ad9855e7b6d5203c18
c g++ (GCC) 6.3.0 -Wall -Wextra -O3 -DNDEBUG
c Fri Aug 23 08:17:16 CDT 2019 Linux login1 4.4.103-6.38-default x86_64
c 
c --- [ config ] -------------------------------------------------------------
c 
c using 'unsat' configuration (target unsatisfiable instances)
c 
c --- [ proof tracing ] ------------------------------------------------------
c 
c opening file to write '/tmp/33_743_0_four.drat'
c writing binary proof trace to '/tmp/33_743_0_four.drat'
c 
c --- [ parsing input ] ------------------------------------------------------
c 
c reading DIMACS file from '/tmp/33_743_0_four.cnf'
c opening file to read '/tmp/33_743_0_four.cnf'
c found 'p cnf 259840 1039934' header
c parsed 1039934 clauses in 0.45 seconds process time
c 
c --- [ options ] ------------------------------------------------------------
c 
c   --stabilize=false              (different from default 'true')
c   --walk=false                   (different from default 'true')
c 
c --- [ solving ] ------------------------------------------------------------
c 
c time measured in process time since initialization
c 
c  seconds   reductions  redundant   irredundant
c          MB    restarts       trail        variables
c           level   conflicts       glue           remaining
c 
c *  0.46 139  0 0   0    0    0  0% 0 1039424 253478 98%
c {  0.48 142  0 0   0    0    0  0% 0 1039424 253478 98%
c -  0.69 147 322 1   9  300  177  5% 4 916079 253478 98%
c I  1.11 147 81 1 181 1012  820  6% 7 916079 253478 98%
c i  1.16 147 73 1 198 1107  893  6% 7 916079 253328 97%
c -  1.66 178 63 2 239 1479 1188  6% 8 913441 253328 97%
c B  2.48 178 37 2 329 3017 2517  8% 8 913441 253328 97%
c -  2.82 185 35 3 344 3243 2246  8% 8 913441 253328 97%
c i  3.16 185 32 3 389 3919 2838  8% 8 913441 253327 97%
c i  3.18 185 32 3 389 3961 2871  8% 8 913441 253297 97%
c i  3.18 185 32 3 389 3965 2871  8% 8 913441 253266 97%
c i  3.19 185 32 3 389 3972 2874  8% 8 913441 253058 97%
c }  3.20 185 32 3 389 3983 2881  8% 8 913441 247786 95%
c 0  3.20 185 32 3 389 3983 2881  8% 8 913441 247786 95%
c 
c --- [ result ] -------------------------------------------------------------
c 
s UNSATISFIABLE
c 
c --- [ run-time profiling ] -------------------------------------------------
c 
c process time taken by individual solving procedures
c (percentage relative to process time for solving)
c 
c         2.73   99.42% search
c         2.71   98.69% unstable
c         0.02    0.73% lucky
c         0.00    0.00% simplify
c   =================================
c         2.75   85.98% solve
c 
c last line shows process time for solving
c (percentage relative to total process time)
c 
c --- [ statistics ] ---------------------------------------------------------
c 
c backtracked:                4948       124.23 %  of conflicts
c chronological:              1623        32.80 %  of backtracks
c conflicts:                  3983      1449.42    per second
c decisions:                 20084      7308.59    per second
c fixed:                     12054         4.64 %  of all variables
c learned:                    3673        92.22 %  per conflict
c minimized:                 33574        26.03 %  learned literals
c propagations:           10060991         3.66 M  per second
c reduced:                     495        12.43 %  per conflict
c rephased:                      2      1991.50    interval
c restarts:                    389        10.24    interval
c subsumed:                    291         0.01 %  of all clauses
c 
c seconds are measured in process time for solving
c 
c --- [ resources ] ----------------------------------------------------------
c 
c total process time since initialization:         3.20    seconds
c total real time since initialization:            3.20    seconds
c maximum resident set size of process:          208.42    MB
c 
c --- [ shutting down ] ------------------------------------------------------
c 
c exit 20
