c --- [ banner ] -------------------------------------------------------------
c 
c CaDiCaL Radically Simplified CDCL SAT Solver
c Copyright (c) 2016-2019 Armin Biere, JKU Linz
c 
c Version 1.0.3 cb89cbfa16f47cb7bf1ec6ad9855e7b6d5203c18
c g++ (GCC) 6.3.0 -Wall -Wextra -O3 -DNDEBUG
c Fri Aug 23 08:17:16 CDT 2019 Linux login1 4.4.103-6.38-default x86_64
c 
c --- [ config ] -------------------------------------------------------------
c 
c using 'unsat' configuration (target unsatisfiable instances)
c 
c --- [ proof tracing ] ------------------------------------------------------
c 
c opening file to write '/tmp/65_1284_0_four.drat'
c writing binary proof trace to '/tmp/65_1284_0_four.drat'
c 
c --- [ parsing input ] ------------------------------------------------------
c 
c reading DIMACS file from '/tmp/65_1284_0_four.cnf'
c opening file to read '/tmp/65_1284_0_four.cnf'
c found 'p cnf 43008 265790' header
c parsed 265790 clauses in 0.11 seconds process time
c 
c --- [ options ] ------------------------------------------------------------
c 
c   --stabilize=false              (different from default 'true')
c   --walk=false                   (different from default 'true')
c 
c --- [ solving ] ------------------------------------------------------------
c 
c time measured in process time since initialization
c 
c  seconds  reductions  redundant  irredundant
c         MB    restarts       trail       variables
c          level   conflicts       glue         remaining
c 
c *  0.11 31  0 0   0    0    0  0% 0 240736 41507 97%
c {  0.11 31  0 0   0    0    0  0% 0 240736 41507 97%
c i  0.13 32 61 0   9  301  199  8% 7 240736 41479 96%
c -  0.15 32 61 1   9  301  199  8% 7 232506 41479 96%
c i  0.15 32 60 1   9  304  200  8% 7 232506 41436 96%
c i  0.17 33 56 1  24  511  386  8% 7 232506 41402 96%
c I  0.21 34 47 1  63 1003  800  9% 7 232506 41402 96%
c -  0.29 41 44 2  87 1121  827  9% 7 230781 41402 96%
c -  0.45 44 36 3 202 2348 1464  9% 8 230781 41402 96%
c B  0.53 44 35 3 211 3005 2033 10% 8 230781 41402 96%
c i  0.59 44 31 3 211 3460 2414 10% 7 230781 41380 96%
c i  0.61 44 30 3 211 3677 2582 10% 7 230781 41372 96%
c i  0.61 44 29 3 211 3719 2614 10% 7 230781 41338 96%
c i  0.62 44 29 3 211 3732 2626 10% 7 230781 40625 94%
c }  0.62 44 29 3 211 3734 2626 10% 7 230781 39772 92%
c 0  0.62 44 29 3 211 3734 2626 10% 7 230781 39772 92%
c 
c --- [ result ] -------------------------------------------------------------
c 
s UNSATISFIABLE
c 
c --- [ run-time profiling ] -------------------------------------------------
c 
c process time taken by individual solving procedures
c (percentage relative to process time for solving)
c 
c         0.51  100.00% search
c         0.50   99.21% unstable
c         0.00    0.79% lucky
c         0.00    0.00% simplify
c   =================================
c         0.51   82.47% solve
c 
c last line shows process time for solving
c (percentage relative to total process time)
c 
c --- [ statistics ] ---------------------------------------------------------
c 
c backtracked:                4579       122.63 %  of conflicts
c chronological:              1579        34.48 %  of backtracks
c conflicts:                  3734      7350.39    per second
c decisions:                 17377     34206.69    per second
c fixed:                      3236         7.52 %  of all variables
c learned:                    3308        88.59 %  per conflict
c minimized:                 41372        31.27 %  learned literals
c propagations:            1858947         3.66 M  per second
c reduced:                     458        12.27 %  per conflict
c rephased:                      2      1867.00    interval
c restarts:                    211        17.70    interval
c subsumed:                    205         0.04 %  of all clauses
c 
c seconds are measured in process time for solving
c 
c --- [ resources ] ----------------------------------------------------------
c 
c total process time since initialization:         0.62    seconds
c total real time since initialization:            0.62    seconds
c maximum resident set size of process:           49.66    MB
c 
c --- [ shutting down ] ------------------------------------------------------
c 
c exit 20
