c --- [ banner ] -------------------------------------------------------------
c 
c CaDiCaL Radically Simplified CDCL SAT Solver
c Copyright (c) 2016-2019 Armin Biere, JKU Linz
c 
c Version 1.0.3 cb89cbfa16f47cb7bf1ec6ad9855e7b6d5203c18
c g++ (GCC) 6.3.0 -Wall -Wextra -O3 -DNDEBUG
c Fri Aug 23 08:17:16 CDT 2019 Linux login1 4.4.103-6.38-default x86_64
c 
c --- [ config ] -------------------------------------------------------------
c 
c using 'unsat' configuration (target unsatisfiable instances)
c 
c --- [ proof tracing ] ------------------------------------------------------
c 
c opening file to write '/tmp/65_64_0_four.drat'
c writing binary proof trace to '/tmp/65_64_0_four.drat'
c 
c --- [ parsing input ] ------------------------------------------------------
c 
c reading DIMACS file from '/tmp/65_64_0_four.cnf'
c opening file to read '/tmp/65_64_0_four.cnf'
c found 'p cnf 43008 265790' header
c parsed 265790 clauses in 0.10 seconds process time
c 
c --- [ options ] ------------------------------------------------------------
c 
c   --stabilize=false              (different from default 'true')
c   --walk=false                   (different from default 'true')
c 
c --- [ solving ] ------------------------------------------------------------
c 
c time measured in process time since initialization
c 
c  seconds  reductions  redundant  irredundant
c         MB    restarts       trail       variables
c          level   conflicts       glue         remaining
c 
c *  0.11 31  0 0   0    0    0  0% 0 240730 41492 96%
c {  0.11 31  0 0   0    0    0  0% 0 240730 41492 96%
c -  0.16 33 46 1   2  300  251 11% 7 233086 41492 96%
c I  0.22 33 41 1  74 1004  784  9% 9 233086 41492 96%
c -  0.30 41 40 2  84 1123  758  9% 9 233086 41492 96%
c -  0.45 42 36 3 126 2354 1343 10% 8 233086 41492 96%
c B  0.50 42 33 3 150 3007 1893  9% 8 233086 41492 96%
c -  0.62 42 31 4 229 3995 2019  9% 8 233086 41492 96%
c d  0.82 42 31 4 332 5000 2905  9% 8 229950 39924 93%
c 2  0.95 43 31 4 332 5000 2905  9% 8 227598 39921 93%
c p  1.11 46 31 4 332 5000 5794  9% 8 227598 39905 93%
c s  1.28 39 31 4 347 5076 5864  9% 8 227597 39905 93%
c v  1.56 48 31 4 347 5076 5864  9% 8 223960 39905 93%
c w  1.64 48 31 4 347 5076 5860  9% 8 223960 39905 93%
c t  1.67 48 31 4 347 5076 5860  9% 8 205378 39905 93%
c e  2.15 49 31 4 347 5076 1897  9% 8 188090 24052 56%
c s  2.22 54 31 4 347 5076 1893  9% 8 188090 24052 56%
c F  2.39 55 32 4 395 6008 2671  5% 8 188090 24052 56%
c -  2.42 56 32 5 395 6048 1191  4% 8 188090 24052 56%
c i  2.57 56 29 5 471 8114 2919  5% 8 188090 24048 56%
c 
c  seconds  reductions  redundant  irredundant
c         MB    restarts       trail       variables
c          level   conflicts       glue         remaining
c 
c -  2.62 56 29 6 472 8342 2366  5% 8 187566 24048 56%
c i  2.63 56 28 6 473 8575 2536  5% 8 187566 24043 56%
c i  2.64 56 27 6 473 8635 2570  5% 8 187566 24041 56%
c }  2.64 56 27 6 473 8638 2571  5% 8 187566 24017 56%
c 0  2.64 56 27 6 473 8638 2571  5% 8 187566 24017 56%
c 
c --- [ result ] -------------------------------------------------------------
c 
s UNSATISFIABLE
c 
c --- [ run-time profiling ] -------------------------------------------------
c 
c process time taken by individual solving procedures
c (percentage relative to process time for solving)
c 
c         1.42   56.24% simplify
c         1.10   43.60% search
c         1.10   43.60% unstable
c         0.48   18.80% elim
c         0.31   12.32% vivify
c         0.19    7.58% subsume
c         0.16    6.48% probe
c         0.10    3.95% ternary
c   =================================
c         2.53   96.05% solve
c 
c last line shows process time for solving
c (percentage relative to total process time)
c 
c --- [ statistics ] ---------------------------------------------------------
c 
c backtracked:               31551       365.26 %  of conflicts
c chronological:              3486        11.05 %  of backtracks
c conflicts:                  8638      3411.53    per second
c decisions:                 36515     14421.41    per second
c eliminated:                15853        36.86 %  of all variables
c fixed:                      1570         3.65 %  of all variables
c learned:                    7757        89.80 %  per conflict
c minimized:                 87037        29.84 %  learned literals
c propagations:            4201690         1.66 M  per second
c reduced:                    1873        21.68 %  per conflict
c rephased:                      3      2879.33    interval
c restarts:                    473        18.26    interval
c substituted:                1568         3.65 %  of all variables
c subsumed:                   6830         0.80 %  of all clauses
c strengthened:               2360         0.28 %  of all clauses
c vivified:                   3751         0.44 %  of all clauses
c weakened:                  78628         3.72    average size
c 
c seconds are measured in process time for solving
c 
c --- [ resources ] ----------------------------------------------------------
c 
c total process time since initialization:         2.64    seconds
c total real time since initialization:            2.64    seconds
c maximum resident set size of process:           55.90    MB
c 
c --- [ shutting down ] ------------------------------------------------------
c 
c exit 20
