c --- [ banner ] -------------------------------------------------------------
c 
c CaDiCaL Radically Simplified CDCL SAT Solver
c Copyright (c) 2016-2019 Armin Biere, JKU Linz
c 
c Version 1.0.3 cb89cbfa16f47cb7bf1ec6ad9855e7b6d5203c18
c g++ (GCC) 6.3.0 -Wall -Wextra -O3 -DNDEBUG
c Fri Aug 23 08:17:16 CDT 2019 Linux login1 4.4.103-6.38-default x86_64
c 
c --- [ config ] -------------------------------------------------------------
c 
c using 'unsat' configuration (target unsatisfiable instances)
c 
c --- [ proof tracing ] ------------------------------------------------------
c 
c opening file to write '/tmp/62_16_0_three.drat'
c writing binary proof trace to '/tmp/62_16_0_three.drat'
c 
c --- [ parsing input ] ------------------------------------------------------
c 
c reading DIMACS file from '/tmp/62_16_0_three.cnf'
c opening file to read '/tmp/62_16_0_three.cnf'
c found 'p cnf 202048 780980' header
c parsed 780980 clauses in 0.35 seconds process time
c 
c --- [ options ] ------------------------------------------------------------
c 
c   --stabilize=false              (different from default 'true')
c   --walk=false                   (different from default 'true')
c 
c --- [ solving ] ------------------------------------------------------------
c 
c time measured in process time since initialization
c 
c  seconds  reductions  redundant  irredundant
c         MB    restarts       trail       variables
c          level   conflicts       glue          remaining
c 
c *  0.36 97  0 0   0    0    0  0% 0 780480 197738 98%
c {  0.38 99  0 0   0    0    0  0% 0 780480 197738 98%
c -  0.54 104 193 1  12  300  179  6% 4 697537 197738 98%
c I  1.14 109 72 1 184 1002  849  7% 8 697537 197738 98%
c -  1.67 129 63 2 235 1406 1206  8% 8 697537 197738 98%
c B  2.82 129 53 2 381 3003 2653 10% 9 697537 197738 98%
c -  3.16 129 53 3 385 3066 2077 10% 9 697537 197738 98%
c s  4.78 115 47 3 420 3963 2860 10% 9 697537 197738 98%
c w  6.36 134 47 3 420 3963 2855 10% 9 697537 197738 98%
c t  6.43 134 47 3 420 3963 2855 10% 9 696877 197738 98%
c e  8.46 132 47 3 420 3963   35 10% 9 172130 26038 13%
c s  8.66 141 47 3 420 3963   35 10% 9 171976 26038 13%
c e  8.92 142 47 3 420 3963   29 10% 9 171940 25999 13%
c 3  9.30 142 46 3 535 5010 2966  6% 9 171940 25999 13%
c 3  9.32 142 46 3 535 5010 3230  6% 9 171940 25999 13%
c d  9.37 142 46 3 535 5010 3132  6% 9 171940 25986 13%
c 2  9.40 142 46 3 535 5010 3106  6% 9 171940 25986 13%
c p  9.46 142 46 3 535 5010 3715  6% 9 171940 25986 13%
c -  9.56 142 46 4 576 5281 1343  6% 9 171940 25986 13%
c F  9.69 142 46 4 670 6004 2019  7% 9 171940 25986 13%
c 
c  seconds   reductions  redundant  irredundant
c          MB    restarts       trail       variables
c           level   conflicts       glue         remaining
c 
c -  9.86 142 44 5 730 7134 2201  6% 9 171940 25986 13%
c - 10.15 142 39 6 822 9360 2905  6% 9 171940 25986 13%
c B 10.23 142 38 6 851 10005 3501  6% 9 171940 25986 13%
c - 10.58 142 36 7 960 11955 3686  6% 9 171940 25986 13%
c s 11.03 142 33 7 1079 14867 6241  6% 9 171875 25986 13%
c v 11.30 142 33 7 1079 14867 6241  6% 9 161633 25986 13%
c w 11.43 142 33 7 1079 14867 6226  6% 9 161633 25986 13%
c t 11.44 142 33 7 1079 14867 6225  6% 9 154066 25986 13%
c e 11.61 142 33 7 1079 14867 4042  6% 9 149874 22332 11%
c s 11.68 142 33 7 1079 14867 3976  6% 9 149463 22332 11%
c e 11.74 142 33 7 1079 14867 3934  6% 9 149385 22317 11%
c - 11.86 142 33 8 1079 14919 2995  5% 9 149385 22317 11%
c # 11.87 142 33 8 1079 15006 3073 10% 9 149385 22317 11%
c 3 11.92 142 33 8 1079 15010 5705 10% 9 149385 22317 11%
c 3 11.93 142 33 8 1079 15010 6034 10% 9 149385 22317 11%
c d 11.96 142 33 8 1079 15010 5330 10% 9 149385 22202 11%
c 2 11.98 142 33 8 1079 15010 5149 10% 9 149380 22202 11%
c p 12.00 142 33 8 1079 15010 5376 10% 9 149380 22202 11%
c i 12.08 142 32 8 1108 15695 5983  7% 9 149380 22199 11%
c - 12.38 142 30 9 1165 18092 4664  7% 9 148979 22199 11%
c 
c  seconds   reductions    redundant  irredundant
c          MB    restarts         trail       variables
c           level     conflicts       glue         remaining
c 
c B 12.79 142 29 9 1323 21010 7294  8% 9 148979 22199 11%
c - 12.94 142 28 10 1353 21612 5704  8% 9 148979 22199 11%
c i 13.47 142 27 10 1539 24786 8550  9% 9 148979 22196 11%
c - 13.60 142 27 11 1594 25490 6357  9% 9 148643 22196 11%
c i 13.78 142 26 11 1608 26734 7441  9% 8 148643 22193 11%
c i 13.78 142 26 11 1608 26800 7493  9% 8 148643 22086 11%
c i 13.78 142 26 11 1608 26801 7493  9% 8 148643 22055 11%
c i 13.78 142 26 11 1608 26806 7497  9% 8 148643 22011 11%
c i 13.79 142 26 11 1608 26810 7500  9% 8 148643 21770 11%
c i 13.79 142 26 11 1608 26836 7514  9% 8 148643 21767 11%
c i 13.79 142 26 11 1608 26863 7536  9% 8 148643 21766 11%
c i 13.79 142 26 11 1608 26892 7556  9% 8 148643 21763 11%
c } 13.79 142 26 11 1608 26897 7558  9% 8 148643 21188 10%
c 0 13.79 142 26 11 1608 26897 7558  9% 8 148643 21188 10%
c 
c --- [ result ] -------------------------------------------------------------
c 
s UNSATISFIABLE
c 
c --- [ run-time profiling ] -------------------------------------------------
c 
c process time taken by individual solving procedures
c (percentage relative to process time for solving)
c 
c         7.54   56.08% search
c         7.52   55.97% unstable
c         5.89   43.83% simplify
c         2.42   18.00% elim
c         1.84   13.66% vivify
c         1.15    8.57% subsume
c         0.16    1.19% ternary
c         0.09    0.65% probe
c         0.02    0.12% lucky
c   =================================
c        13.44   97.48% solve
c 
c last line shows process time for solving
c (percentage relative to total process time)
c 
c --- [ statistics ] ---------------------------------------------------------
c 
c backtracked:               76797       285.52 %  of conflicts
c chronological:             10780        14.04 %  of backtracks
c conflicts:                 26897      2000.67    per second
c decisions:                105864      7874.44    per second
c eliminated:               175408        86.82 %  of all variables
c fixed:                      5324         2.64 %  of all variables
c learned:                   25795        95.90 %  per conflict
c minimized:                244825        29.28 %  learned literals
c propagations:           22616554         1.68 M  per second
c reduced:                   11596        43.11 %  per conflict
c rephased:                      6      4482.83    interval
c restarts:                   1608        16.73    interval
c substituted:                 128         0.06 %  of all variables
c subsumed:                  16591         0.70 %  of all clauses
c strengthened:              12439         0.52 %  of all clauses
c ternary:                    6936         0.34 %  of resolved
c vivified:                  10891         0.46 %  of all clauses
c weakened:                 632284         2.89    average size
c 
c seconds are measured in process time for solving
c 
c --- [ resources ] ----------------------------------------------------------
c 
c total process time since initialization:        13.79    seconds
c total real time since initialization:           13.79    seconds
c maximum resident set size of process:          153.10    MB
c 
c --- [ shutting down ] ------------------------------------------------------
c 
c exit 20
