c --- [ banner ] -------------------------------------------------------------
c 
c CaDiCaL Radically Simplified CDCL SAT Solver
c Copyright (c) 2016-2019 Armin Biere, JKU Linz
c 
c Version 1.0.3 cb89cbfa16f47cb7bf1ec6ad9855e7b6d5203c18
c g++ (GCC) 6.3.0 -Wall -Wextra -O3 -DNDEBUG
c Fri Aug 23 08:17:16 CDT 2019 Linux login1 4.4.103-6.38-default x86_64
c 
c --- [ config ] -------------------------------------------------------------
c 
c using 'unsat' configuration (target unsatisfiable instances)
c 
c --- [ proof tracing ] ------------------------------------------------------
c 
c opening file to write '/tmp/62_619_0_three.drat'
c writing binary proof trace to '/tmp/62_619_0_three.drat'
c 
c --- [ parsing input ] ------------------------------------------------------
c 
c reading DIMACS file from '/tmp/62_619_0_three.cnf'
c opening file to read '/tmp/62_619_0_three.cnf'
c found 'p cnf 202048 780980' header
c parsed 780980 clauses in 0.33 seconds process time
c 
c --- [ options ] ------------------------------------------------------------
c 
c   --stabilize=false              (different from default 'true')
c   --walk=false                   (different from default 'true')
c 
c --- [ solving ] ------------------------------------------------------------
c 
c time measured in process time since initialization
c 
c  seconds  reductions  redundant  irredundant
c         MB    restarts       trail       variables
c          level   conflicts       glue          remaining
c 
c *  0.34 97  0 0   0    0    0  0% 0 780480 197980 98%
c {  0.36 99  0 0   0    0    0  0% 0 780480 197980 98%
c -  0.52 103 193 1   7  300  176  6% 4 700703 197980 98%
c I  0.95 108 64 1 155 1005  833  7% 7 700703 197980 98%
c -  1.39 127 53 2 186 1408 1156  7% 7 700703 197980 98%
c i  1.55 127 47 2 217 1721 1433  7% 7 700703 196772 97%
c i  1.56 127 46 2 217 1749 1454  7% 7 700703 196692 97%
c i  1.77 127 45 2 245 1937 1635  7% 8 700703 196660 97%
c i  1.78 127 45 2 246 1959 1655  8% 8 700703 196659 97%
c i  1.78 127 45 2 246 1960 1655  8% 8 700703 196618 97%
c i  1.89 127 46 2 249 2159 1834  8% 7 700703 194551 96%
c i  1.94 127 44 2 265 2295 1954  8% 7 700703 193098 96%
c i  1.94 127 44 2 265 2300 1958  8% 7 700703 193048 96%
c i  1.94 127 44 2 265 2301 1958  8% 7 700703 191883 95%
c i  1.94 127 44 2 265 2302 1958  8% 7 700703 191715 95%
c i  1.95 127 44 2 265 2305 1960  8% 7 700703 191615 95%
c B  2.26 127 40 2 300 3006 2575  9% 7 700703 191615 95%
c -  2.51 124 40 3 313 3068 1720  9% 7 625416 191615 95%
c s  3.67 115 36 3 387 3959 2510 11% 7 625416 191615 95%
c v  4.43 133 36 3 387 3959 2510 11% 7 625410 191615 95%
c 
c  seconds   reductions  redundant  irredundant
c          MB    restarts       trail       variables
c           level   conflicts       glue          remaining
c 
c w  4.65 133 36 3 387 3959 2491 11% 7 625410 191273 95%
c t  4.70 133 36 3 387 3959 2491 11% 7 625225 191273 95%
c e  6.17 140 36 3 387 3959   16 11% 7 147191 23588 12%
c s  6.31 144 36 3 387 3959   16 11% 7 147179 23588 12%
c e  6.48 144 36 3 387 3959   16 11% 7 147175 23583 12%
c i  6.66 144 34 3 440 4699  666  5% 7 147175 23580 12%
c d  6.70 144 33 3 447 5004  911  7% 7 146385 23578 12%
c 3  6.75 144 33 3 447 5004 2791  7% 7 146381 23576 12%
c 3  6.76 145 33 3 447 5004 3007  7% 7 146381 23576 12%
c d  6.80 145 33 3 447 5004 2909  7% 7 146381 23563 12%
c 2  6.81 145 33 3 447 5004 2881  7% 7 146376 23563 12%
c p  6.88 145 33 3 447 5004 3025  7% 7 146376 23545 12%
c -  6.94 145 33 4 464 5223 1172  7% 7 145019 23545 12%
c F  7.06 145 32 4 519 6012 1868  9% 7 145019 23545 12%
c -  7.26 145 28 5 545 6966 2112 12% 7 145019 23545 12%
c i  7.28 145 28 5 545 7086 2207 12% 7 145019 23515 12%
c }  7.28 145 28 5 545 7088 2207 12% 7 145019 23387 12%
c 0  7.28 145 28 5 545 7088 2207 12% 7 145019 23387 12%
c 
c --- [ result ] -------------------------------------------------------------
c 
s UNSATISFIABLE
c 
c --- [ run-time profiling ] -------------------------------------------------
c 
c process time taken by individual solving procedures
c (percentage relative to process time for solving)
c 
c         3.70   53.13% search
c         3.68   52.85% unstable
c         3.25   46.69% simplify
c         1.59   22.83% elim
c         0.88   12.71% vivify
c         0.52    7.48% subsume
c         0.07    0.98% probe
c         0.06    0.92% ternary
c         0.02    0.29% lucky
c   =================================
c         6.96   95.50% solve
c 
c last line shows process time for solving
c (percentage relative to total process time)
c 
c --- [ statistics ] ---------------------------------------------------------
c 
c backtracked:               19931       281.19 %  of conflicts
c chronological:              2977        14.94 %  of backtracks
c conflicts:                  7088      1018.98    per second
c decisions:                 31265      4494.68    per second
c eliminated:               167690        83.00 %  of all variables
c fixed:                     10954         5.42 %  of all variables
c learned:                    6762        95.40 %  per conflict
c minimized:                 49284        27.21 %  learned literals
c propagations:           14665351         2.11 M  per second
c reduced:                     891        12.57 %  per conflict
c rephased:                      3      2362.67    interval
c restarts:                    545        13.01    interval
c substituted:                  17         0.01 %  of all variables
c subsumed:                   3979         0.18 %  of all clauses
c strengthened:               9149         0.42 %  of all clauses
c ternary:                    2620         0.28 %  of resolved
c vivified:                     95         0.00 %  of all clauses
c weakened:                 547634         2.75    average size
c 
c seconds are measured in process time for solving
c 
c --- [ resources ] ----------------------------------------------------------
c 
c total process time since initialization:         7.28    seconds
c total real time since initialization:            7.29    seconds
c maximum resident set size of process:          152.75    MB
c 
c --- [ shutting down ] ------------------------------------------------------
c 
c exit 20
