c --- [ banner ] -------------------------------------------------------------
c 
c CaDiCaL Radically Simplified CDCL SAT Solver
c Copyright (c) 2016-2019 Armin Biere, JKU Linz
c 
c Version 1.0.3 cb89cbfa16f47cb7bf1ec6ad9855e7b6d5203c18
c g++ (GCC) 6.3.0 -Wall -Wextra -O3 -DNDEBUG
c Fri Aug 23 08:17:16 CDT 2019 Linux login1 4.4.103-6.38-default x86_64
c 
c --- [ config ] -------------------------------------------------------------
c 
c using 'unsat' configuration (target unsatisfiable instances)
c 
c --- [ proof tracing ] ------------------------------------------------------
c 
c opening file to write '/tmp/62_713_0_three.drat'
c writing binary proof trace to '/tmp/62_713_0_three.drat'
c 
c --- [ parsing input ] ------------------------------------------------------
c 
c reading DIMACS file from '/tmp/62_713_0_three.cnf'
c opening file to read '/tmp/62_713_0_three.cnf'
c found 'p cnf 202048 780980' header
c parsed 780980 clauses in 0.33 seconds process time
c 
c --- [ options ] ------------------------------------------------------------
c 
c   --stabilize=false              (different from default 'true')
c   --walk=false                   (different from default 'true')
c 
c --- [ solving ] ------------------------------------------------------------
c 
c time measured in process time since initialization
c 
c  seconds  reductions  redundant  irredundant
c         MB    restarts       trail       variables
c          level   conflicts       glue          remaining
c 
c *  0.34 97  0 0   0    0    0  0% 0 780480 197756 98%
c {  0.36 99  0 0   0    0    0  0% 0 780480 197756 98%
c -  0.55 104 175 1  12  300  185  5% 4 697555 197756 98%
c i  0.72 110 76 1  82  623  473  6% 6 697555 197402 98%
c i  0.72 110 74 1  82  636  482  6% 6 697555 193052 96%
c i  0.74 110 71 1  82  685  528  6% 6 697555 192884 95%
c i  0.75 110 70 1  82  691  525  6% 6 697555 191197 95%
c i  0.75 110 69 1  82  695  527  6% 6 697555 191129 95%
c i  0.75 110 69 1  82  696  527  6% 6 697555 190957 95%
c i  0.77 110 65 1  82  766  580  7% 6 697555 190881 94%
c }  0.77 110 65 1  82  768  580  7% 6 697555 190549 94%
c 0  0.77 110 65 1  82  768  580  7% 6 697555 190549 94%
c 
c --- [ result ] -------------------------------------------------------------
c 
s UNSATISFIABLE
c 
c --- [ run-time profiling ] -------------------------------------------------
c 
c process time taken by individual solving procedures
c (percentage relative to process time for solving)
c 
c         0.43   97.30% search
c         0.41   92.79% unstable
c         0.02    4.50% lucky
c         0.00    0.00% simplify
c   =================================
c         0.44   57.51% solve
c 
c last line shows process time for solving
c (percentage relative to total process time)
c 
c --- [ statistics ] ---------------------------------------------------------
c 
c backtracked:                1030       134.11 %  of conflicts
c chronological:               413        40.10 %  of backtracks
c conflicts:                   768      1729.73    per second
c decisions:                  4275      9628.38    per second
c fixed:                     11499         5.69 %  of all variables
c learned:                     715        93.10 %  per conflict
c minimized:                  2488        21.13 %  learned literals
c propagations:            1169780         2.63 M  per second
c restarts:                     82         9.37    interval
c subsumed:                    126         0.01 %  of all clauses
c 
c seconds are measured in process time for solving
c 
c --- [ resources ] ----------------------------------------------------------
c 
c total process time since initialization:         0.77    seconds
c total real time since initialization:            0.77    seconds
c maximum resident set size of process:          110.18    MB
c 
c --- [ shutting down ] ------------------------------------------------------
c 
c exit 20
