c --- [ banner ] -------------------------------------------------------------
c 
c CaDiCaL Radically Simplified CDCL SAT Solver
c Copyright (c) 2016-2019 Armin Biere, JKU Linz
c 
c Version 1.0.3 cb89cbfa16f47cb7bf1ec6ad9855e7b6d5203c18
c g++ (GCC) 6.3.0 -Wall -Wextra -O3 -DNDEBUG
c Fri Aug 23 08:17:16 CDT 2019 Linux login1 4.4.103-6.38-default x86_64
c 
c --- [ config ] -------------------------------------------------------------
c 
c using 'unsat' configuration (target unsatisfiable instances)
c 
c --- [ proof tracing ] ------------------------------------------------------
c 
c opening file to write '/tmp/62_99_0_three.drat'
c writing binary proof trace to '/tmp/62_99_0_three.drat'
c 
c --- [ parsing input ] ------------------------------------------------------
c 
c reading DIMACS file from '/tmp/62_99_0_three.cnf'
c opening file to read '/tmp/62_99_0_three.cnf'
c found 'p cnf 202048 780980' header
c parsed 780980 clauses in 0.32 seconds process time
c 
c --- [ options ] ------------------------------------------------------------
c 
c   --stabilize=false              (different from default 'true')
c   --walk=false                   (different from default 'true')
c 
c --- [ solving ] ------------------------------------------------------------
c 
c time measured in process time since initialization
c 
c  seconds  reductions  redundant  irredundant
c         MB    restarts       trail       variables
c          level   conflicts       glue          remaining
c 
c *  0.33 97  0 0   0    0    0  0% 0 780480 198192 98%
c {  0.34 99  0 0   0    0    0  0% 0 780480 198192 98%
c -  0.46 101 222 1   0  301  158  6% 3 703853 198192 98%
c I  0.83 107 68 1 114 1002  800  7% 7 703853 198192 98%
c -  1.22 126 54 2 165 1409 1157  6% 7 703853 198192 98%
c B  2.06 126 43 2 429 3003 2608  7% 8 703853 198192 98%
c -  2.25 126 43 3 442 3071 2216  7% 8 703853 198192 98%
c s  3.18 112 41 3 488 3958 3008  8% 8 703853 198192 98%
c v  4.26 134 41 3 488 3958 3008  8% 8 703838 198192 98%
c w  4.56 134 41 3 488 3958 3004  8% 8 703838 198192 98%
c t  4.62 134 41 3 488 3958 3004  8% 8 703081 198106 98%
c e  6.54 139 41 3 488 3958   18  8% 8 173926 26204 13%
c s  6.74 148 41 3 488 3958   18  8% 8 173810 26204 13%
c e  6.98 149 41 3 488 3958   15  8% 8 173787 26177 13%
c 3  7.28 149 38 3 560 5000 3124  5% 8 173787 26177 13%
c 3  7.29 149 38 3 560 5000 3304  5% 8 173787 26177 13%
c d  7.34 149 38 3 560 5000 3198  5% 8 173787 26162 13%
c 2  7.36 149 38 3 560 5000 3168  5% 8 173787 26162 13%
c p  7.40 149 38 3 560 5000 4167  5% 8 173787 26162 13%
c -  7.48 149 37 4 590 5287 1323  5% 8 173787 26162 13%
c 
c  seconds   reductions  redundant  irredundant
c          MB    restarts       trail       variables
c           level   conflicts       glue         remaining
c 
c F  7.53 149 34 4 590 6004 1938  5% 8 173787 26162 13%
c i  7.58 149 32 4 606 6661 2492  5% 8 173787 26157 13%
c -  7.66 149 33 5 674 7149 1744  5% 8 173391 26157 13%
c i  7.91 149 36 5 969 9317 3751  5% 9 173391 26139 13%
c -  7.95 149 36 6 977 9379 2817  5% 9 171713 26139 13%
c B  8.01 149 35 6 1024 10006 3380  5% 9 171713 26139 13%
c -  8.26 149 34 7 1163 11972 3606  6% 9 171713 26139 13%
c s  8.68 149 34 7 1525 14882 6105  6% 9 171636 26139 13%
c v  8.89 149 34 7 1525 14882 6105  6% 9 163539 26139 13%
c w  8.98 149 34 7 1525 14882 6066  6% 9 163539 26106 13%
c t  8.99 149 34 7 1525 14882 6061  6% 9 155309 26106 13%
c e  9.17 150 34 7 1525 14882 3721  6% 9 148586 21866 11%
c s  9.23 150 34 7 1525 14882 3639  6% 9 148075 21866 11%
c e  9.30 150 34 7 1525 14882 3617  6% 9 148039 21848 11%
c -  9.43 150 34 8 1525 14936 2888  5% 9 148039 21848 11%
c d  9.45 150 34 8 1537 15000 2945  4% 9 148038 21847 11%
c 3  9.50 150 34 8 1537 15000 5550  4% 9 148038 21847 11%
c 3  9.51 150 34 8 1537 15000 6470  4% 9 148038 21847 11%
c d  9.55 150 34 8 1537 15000 5434  4% 9 148038 21687 11%
c 2  9.57 150 34 8 1537 15000 5280  4% 9 148032 21687 11%
c 
c  seconds   reductions    redundant  irredundant
c          MB    restarts         trail       variables
c           level     conflicts       glue         remaining
c 
c p  9.60 150 34 8 1537 15000 6195  4% 9 148032 21686 11%
c #  9.62 150 34 8 1538 15007 6201  4% 9 148032 21686 11%
c - 10.02 150 35 9 1884 18096 4707  6% 9 147903 21686 11%
c B 10.42 150 35 9 2290 21009 7356  6% 9 147903 21686 11%
c - 10.52 150 35 10 2326 21607 5452  7% 9 147903 21686 11%
c - 10.98 150 34 11 2643 25468 6219  6% 9 147903 21686 11%
c i 11.09 150 34 11 2672 26109 6794  6% 9 147903 21683 11%
c i 11.09 150 34 11 2672 26120 6801  6% 9 147903 21681 11%
c O 11.36 150 33 11 2764 28010 8542  7% 9 147903 21681 11%
c - 11.60 150 33 12 2918 29679 6815  7% 9 147563 21681 11%
c d 11.70 150 33 12 2972 30005 7084  7% 9 147512 21656 11%
c 3 11.74 150 33 12 2972 30005 9305  7% 9 147512 21656 11%
c 3 11.76 150 33 12 2972 30005 9942  7% 9 147512 21656 11%
c d 11.80 150 33 12 2972 30005 9188  7% 9 147512 21540 11%
c 2 11.82 150 33 12 2972 30005 9090  7% 9 147505 21539 11%
c p 11.86 150 33 12 2972 30005 11283  7% 9 147505 21538 11%
c s 12.14 150 32 12 3051 31446 11360  7% 9 146221 21538 11%
c v 12.40 150 32 12 3051 31446 11360  7% 9 132428 21538 11%
c w 12.54 150 32 12 3051 31446 11089  7% 9 132428 21538 11%
c t 12.55 150 32 12 3051 31446 11080  7% 9 131560 21538 11%
c 
c  seconds   reductions     redundant  irredundant
c          MB     restarts         trail       variables
c           level      conflicts       glue         remaining
c 
c e 12.67 150 32 12 3051 31446 9530  7% 9 130646 21026 10%
c s 12.72 150 32 12 3051 31446 9442  7% 9 130565 21026 10%
c e 12.77 150 32 12 3051 31446 8928  7% 9 130536 21015 10%
c - 13.21 150 32 13 3262 34238 7185  7% 9 130536 21015 10%
c B 13.52 150 32 13 3334 36011 8819  7% 9 130536 21015 10%
c - 14.00 150 32 14 3530 38926 7730  7% 9 130536 21015 10%
c i 14.46 150 30 14 3569 41979 10430  8% 9 130536 21012 10%
c - 14.82 150 30 15 3694 43946 7048  8% 9 130136 21012 10%
c I 15.00 150 30 15 3748 45013 8031  8% 9 130136 21012 10%
c - 15.82 150 29 16 4101 49298 8835  8% 9 130136 21012 10%
c d 15.97 150 29 16 4167 50005 9478  8% 9 130114 21001 10%
c 3 16.02 150 29 16 4167 50005 13016  8% 9 130114 21001 10%
c 3 16.04 150 29 16 4167 50005 13744  8% 9 130114 21001 10%
c d 16.08 150 29 16 4167 50005 12980  8% 9 130114 20884 10%
c 2 16.10 150 29 16 4167 50005 12945  8% 9 130110 20883 10%
c p 16.13 150 29 16 4167 50005 14210  8% 9 130110 20883 10%
c i 16.42 150 29 16 4224 51344 15390  8% 9 130110 20880 10%
c s 16.72 150 29 16 4318 52527 15421  8% 9 129603 20880 10%
c v 17.06 150 29 16 4318 52527 15421  8% 9 99836 20880 10%
c w 17.25 150 29 16 4318 52527 14638  8% 9 99836 20879 10%
c 
c  seconds   reductions      redundant  irredundant
c          MB     restarts          trail      variables
c           level      conflicts        glue        remaining
c 
c t 17.25 150 29 16 4318 52527 14629  8% 9 99668 20879 10%
c e 17.42 150 29 16 4318 52527 11970  8% 9 98282 20055 10%
c s 17.47 150 29 16 4318 52527 11876  8% 9 98127 20055 10%
c e 17.52 150 29 16 4318 52527 11818  8% 9 98112 20035 10%
c - 17.96 150 29 17 4474 54982 9220  8% 9 98112 20035 10%
c B 17.96 150 29 17 4474 55021 9254  8% 9 98112 20035 10%
c - 18.86 150 28 18 4760 60385 9830  9% 9 98112 20035 10%
c i 19.12 150 28 18 4789 61909 11203  9% 9 98112 20032 10%
c F 19.74 150 27 18 4973 66023 15013  9% 9 98112 20032 10%
c - 19.78 150 27 19 4976 66085 10591  9% 9 97841 20032 10%
c - 20.84 150 27 20 5499 72086 11696  9% 9 97841 20032 10%
c d 21.40 150 26 20 5669 75005 14343  9% 9 97799 20011 10%
c 3 21.44 150 26 20 5669 75005 18176  9% 9 97799 20011 10%
c 3 21.46 150 26 20 5669 75005 19679  9% 9 97799 20011 10%
c d 21.50 150 26 20 5669 75005 18203  9% 9 97799 19796 10%
c 2 21.51 150 26 20 5669 75005 18195  9% 9 97799 19796 10%
c p 21.54 150 26 20 5669 75005 19347  9% 9 97799 19796 10%
c s 21.71 150 26 20 5696 75450 18825  9% 9 96876 19796 10%
c v 22.10 150 26 20 5696 75450 18825  9% 9 91967 19796 10%
c w 22.32 150 26 20 5696 75450 18012  9% 9 91967 19796 10%
c 
c  seconds   reductions      redundant  irredundant
c          MB     restarts          trail      variables
c           level      conflicts        glue        remaining
c 
c t 22.32 150 26 20 5696 75450 18001  9% 9 91876 19796 10%
c e 22.42 150 26 20 5696 75450 15304  9% 9 90747 19111  9%
c s 22.47 150 26 20 5696 75450 15098  9% 9 90684 19111  9%
c e 22.51 150 26 20 5696 75450 15042  9% 9 90664 19099  9%
c B 22.98 150 26 20 5815 78024 17397 13% 9 90664 19099  9%
c - 23.07 150 26 21 5837 78387 12500 12% 9 90664 19099  9%
c - 24.05 150 26 22 6289 84988 13521 10% 9 90664 19099  9%
c # 24.98 150 25 22 6716 91027 19051 10% 9 90664 19099  9%
c - 25.14 150 25 23 6748 91888 14765 10% 9 90664 19099  9%
c - 26.53 150 25 24 7424 99089 15926 10% 9 90664 19099  9%
c s 27.07 150 24 24 7592 102416 18924 10% 9 90653 19099  9%
c v 27.41 150 24 24 7592 102416 18924 10% 9 90291 19099  9%
c w 27.65 150 24 24 7592 102416 18911 10% 9 90291 19095  9%
c t 27.66 150 24 24 7592 102416 18909 10% 9 90283 19095  9%
c e 27.72 150 24 24 7592 102416 17396 10% 9 89710 18873  9%
c s 27.76 150 24 24 7592 102416 17337 10% 9 89687 18873  9%
c e 27.79 150 24 24 7592 102416 17336 10% 9 89687 18872  9%
c 3 28.32 150 24 24 7691 105017 22667 10% 9 89687 18872  9%
c 3 28.33 150 24 24 7691 105017 23296 10% 9 89687 18872  9%
c d 28.37 150 24 24 7691 105017 22735 10% 9 89687 18795  9%
c 
c  seconds   reductions       redundant  irredundant
c          MB     restarts           trail      variables
c           level      conflicts         glue        remaining
c 
c 2 28.38 150 24 24 7691 105017 22702 10% 9 89687 18795  9%
c p 28.42 150 24 24 7691 105017 23532 10% 9 89687 18793  9%
c B 28.44 150 24 24 7691 105028 23542 10% 9 89687 18793  9%
c f 28.80 150 24 25 7835 106589 12446 10% 9 89683 18793  9%
c i 29.17 150 24 25 7921 109046 14515 10% 9 89683 18789  9%
c - 30.08 150 23 26 8225 114390 11998 10% 9 89358 18789  9%
c i 30.74 150 23 26 8363 118433 15537 10% 9 89358 18786  9%
c O 30.98 150 23 26 8409 120032 16966 10% 9 89358 18786  9%
c - 31.41 150 22 27 8561 122490 13798 10% 9 89146 18786  9%
c i 32.38 150 22 27 8715 128539 18903 10% 9 89146 18732  9%
c - 32.86 150 21 28 8793 130890 10060 10% 9 85999 18732  9%
c s 33.45 150 21 28 8918 133898 12225 11% 9 85587 18732  9%
c v 33.85 150 21 28 8918 133898 12225 11% 9 84602 18732  9%
c w 34.06 150 21 28 8918 133898 12036 11% 9 84602 18731  9%
c t 34.06 150 21 28 8918 133898 11947 11% 9 84123 18729  9%
c e 34.15 150 21 28 8918 133898 7832 11% 9 81799 17070  8%
c s 34.19 150 21 28 8918 133898 7639 11% 9 81683 17070  8%
c e 34.23 150 21 28 8918 133898 7602 11% 9 81665 17057  8%
c B 34.57 150 21 28 8943 136036 9501 13% 9 81665 17057  8%
c i 35.13 150 21 28 9043 139533 12603 13% 9 81665 17049  8%
c 
c  seconds   reductions       redundant  irredundant
c          MB     restarts           trail      variables
c           level      conflicts         glue        remaining
c 
c - 35.16 150 21 29 9043 139590 10957 13% 9 81165 17049  8%
c i 35.19 150 21 29 9043 139775 11120 13% 9 81165 17029  8%
c d 35.26 150 21 29 9043 140017 10648 13% 9 79768 17003  8%
c d 35.26 150 21 29 9043 140017 10634 13% 9 79648 16943  8%
c 3 35.30 150 21 29 9043 140017 13992 13% 9 79647 16943  8%
c d 35.32 150 21 29 9043 140017 13860 13% 9 79647 16924  8%
c 2 35.32 150 21 29 9043 140017 13838 13% 9 79646 16924  8%
c p 35.37 150 21 29 9043 140017 17141 13% 9 79646 16920  8%
c d 35.38 150 21 29 9043 140017 16875 13% 9 79398 16918  8%
c d 35.39 150 21 29 9043 140017 16872 13% 9 79370 16906  8%
c i 35.41 150 21 29 9043 140090 16927 13% 9 79370 16903  8%
c i 35.45 150 21 29 9043 140359 17151 13% 9 79370 16876  8%
c i 35.49 150 21 29 9051 140555 17326 13% 9 79370 16819  8%
c i 35.49 150 21 29 9051 140586 17344 13% 9 79370 16695  8%
c i 35.52 150 21 29 9051 140750 17441 13% 9 79370 16620  8%
c i 35.53 150 21 29 9051 140769 17454 13% 9 79370 15405  8%
c } 35.53 150 21 29 9051 140771 17454 13% 9 79370 15396  8%
c 0 35.53 150 21 29 9051 140771 17454 13% 9 79370 15396  8%
c 
c --- [ result ] -------------------------------------------------------------
c 
s UNSATISFIABLE
c 
c --- [ run-time profiling ] -------------------------------------------------
c 
c process time taken by individual solving procedures
c (percentage relative to process time for solving)
c 
c        25.36   72.01% search
c        25.34   71.96% unstable
c         9.84   27.96% simplify
c         4.17   11.84% vivify
c         3.06    8.68% elim
c         1.24    3.53% subsume
c         0.46    1.32% ternary
c         0.27    0.76% probe
c         0.02    0.05% lucky
c   =================================
c        35.21   99.11% solve
c 
c last line shows process time for solving
c (percentage relative to total process time)
c 
c --- [ statistics ] ---------------------------------------------------------
c 
c backtracked:              704006       500.11 %  of conflicts
c chronological:             53157         7.55 %  of backtracks
c conflicts:                140771      3997.81    per second
c decisions:                489115     13890.58    per second
c eliminated:               180146        89.16 %  of all variables
c fixed:                      5629         2.79 %  of all variables
c flushed:                    8836         6.28 %  per conflict
c learned:                  135230        96.06 %  per conflict
c minimized:               1582762        35.97 %  learned literals
c propagations:           99737706         2.83 M  per second
c reduced:                   70832        50.32 %  per conflict
c rephased:                     16      8798.19    interval
c restarts:                   9051        15.55    interval
c substituted:                 877         0.43 %  of all variables
c subsumed:                  81284         2.96 %  of all clauses
c strengthened:              36938         1.35 %  of all clauses
c ternary:                   31515         0.41 %  of resolved
c vivified:                  70046         2.55 %  of all clauses
c weakened:                 656287         2.93    average size
c 
c seconds are measured in process time for solving
c 
c --- [ resources ] ----------------------------------------------------------
c 
c total process time since initialization:        35.53    seconds
c total real time since initialization:           35.53    seconds
c maximum resident set size of process:          155.86    MB
c 
c --- [ shutting down ] ------------------------------------------------------
c 
c exit 20
