c --- [ banner ] -------------------------------------------------------------
c 
c CaDiCaL Radically Simplified CDCL SAT Solver
c Copyright (c) 2016-2019 Armin Biere, JKU Linz
c 
c Version 1.0.3 cb89cbfa16f47cb7bf1ec6ad9855e7b6d5203c18
c g++ (GCC) 6.3.0 -Wall -Wextra -O3 -DNDEBUG
c Fri Aug 23 08:17:16 CDT 2019 Linux login1 4.4.103-6.38-default x86_64
c 
c --- [ config ] -------------------------------------------------------------
c 
c using 'unsat' configuration (target unsatisfiable instances)
c 
c --- [ proof tracing ] ------------------------------------------------------
c 
c opening file to write '/tmp/20_553_0_four.drat'
c writing binary proof trace to '/tmp/20_553_0_four.drat'
c 
c --- [ parsing input ] ------------------------------------------------------
c 
c reading DIMACS file from '/tmp/20_553_0_four.cnf'
c opening file to read '/tmp/20_553_0_four.cnf'
c found 'p cnf 259840 1039929' header
c parsed 1039929 clauses in 0.45 seconds process time
c 
c --- [ options ] ------------------------------------------------------------
c 
c   --stabilize=false              (different from default 'true')
c   --walk=false                   (different from default 'true')
c 
c --- [ solving ] ------------------------------------------------------------
c 
c time measured in process time since initialization
c 
c  seconds   reductions  redundant   irredundant
c          MB    restarts       trail        variables
c           level   conflicts       glue           remaining
c 
c *  0.47 139  0 0   0    0    0  0% 0 1039424 253209 97%
c {  0.49 142  0 0   0    0    0  0% 0 1039424 253209 97%
c -  0.74 148 323 1  12  300  184  6% 6 913914 253209 97%
c I  1.27 148 94 1 148 1003  812  7% 9 913914 253209 97%
c -  1.87 178 70 2 183 1476 1196  7% 9 913914 253209 97%
c B  3.28 178 55 2 338 3005 2524  8% 9 913914 253209 97%
c -  3.71 179 54 3 347 3243 2152  9% 9 913914 253209 97%
c s  5.16 160 47 3 400 4078 2882  9% 9 913914 253209 97%
c w  6.70 186 47 3 400 4078 2879  9% 9 913914 253209 97%
c t  6.77 186 47 3 400 4078 2879  9% 9 913316 253209 97%
c e  9.42 199 47 3 400 4078   28  9% 9 225514 27830 11%
c s  9.66 199 47 3 400 4078   28  9% 9 225305 27830 11%
c e  9.95 147 47 3 400 4078   23  9% 9 225305 27778 11%
c 3 10.28 159 45 3 442 5009 3801  7% 9 225305 27778 11%
c 3 10.29 159 45 3 442 5009 4161  7% 9 225305 27778 11%
c d 10.34 159 45 3 442 5009 4101  7% 9 225305 27772 11%
c 2 10.36 159 45 3 442 5009 4089  7% 9 225305 27772 11%
c p 10.42 159 45 3 442 5009 6397  7% 9 225305 27772 11%
c - 10.59 159 44 4 493 5596 1534  7% 9 225305 27772 11%
c F 10.71 159 42 4 522 6008 1915  8% 9 225305 27772 11%
c 
c  seconds   reductions  redundant  irredundant
c          MB    restarts       trail       variables
c           level   conflicts       glue         remaining
c 
c i 10.74 159 41 4 527 6221 2085  8% 9 225305 27760 11%
c i 10.75 159 41 4 527 6319 2139  7% 9 225305 27736 11%
c i 10.76 159 40 4 527 6430 2234  7% 9 225305 27650 11%
c i 10.76 159 40 4 527 6442 2244  7% 9 225305 27640 11%
c } 10.76 159 40 4 527 6450 2244  7% 9 225305 27598 11%
c 0 10.76 159 40 4 527 6450 2244  7% 9 225305 27598 11%
c 
c --- [ result ] -------------------------------------------------------------
c 
s UNSATISFIABLE
c 
c --- [ run-time profiling ] -------------------------------------------------
c 
c process time taken by individual solving procedures
c (percentage relative to process time for solving)
c 
c         5.48   53.14% simplify
c         4.81   46.66% search
c         4.79   46.47% unstable
c         2.87   27.85% elim
c         1.42   13.73% vivify
c         0.89    8.61% subsume
c         0.08    0.81% ternary
c         0.07    0.66% probe
c         0.02    0.19% lucky
c   =================================
c        10.31   95.80% solve
c 
c last line shows process time for solving
c (percentage relative to total process time)
c 
c --- [ statistics ] ---------------------------------------------------------
c 
c backtracked:               19879       308.20 %  of conflicts
c chronological:              2703        13.60 %  of backtracks
c conflicts:                  6450       625.48    per second
c decisions:                 36429      3532.68    per second
c eliminated:               225431        86.76 %  of all variables
c fixed:                      6805         2.62 %  of all variables
c learned:                    5948        92.22 %  per conflict
c minimized:                 50585        24.27 %  learned literals
c propagations:           17136244         1.66 M  per second
c reduced:                     633         9.81 %  per conflict
c rephased:                      3      2150.00    interval
c restarts:                    527        12.24    interval
c substituted:                   6         0.00 %  of all variables
c subsumed:                   5975         0.20 %  of all clauses
c strengthened:              16022         0.53 %  of all clauses
c ternary:                    3881         0.33 %  of resolved
c vivified:                    129         0.00 %  of all clauses
c weakened:                 802989         2.84    average size
c 
c seconds are measured in process time for solving
c 
c --- [ resources ] ----------------------------------------------------------
c 
c total process time since initialization:        10.76    seconds
c total real time since initialization:           10.76    seconds
c maximum resident set size of process:          211.38    MB
c 
c --- [ shutting down ] ------------------------------------------------------
c 
c exit 20
