c --- [ banner ] -------------------------------------------------------------
c 
c CaDiCaL Radically Simplified CDCL SAT Solver
c Copyright (c) 2016-2019 Armin Biere, JKU Linz
c 
c Version 1.0.3 cb89cbfa16f47cb7bf1ec6ad9855e7b6d5203c18
c g++ (GCC) 6.3.0 -Wall -Wextra -O3 -DNDEBUG
c Fri Aug 23 08:17:16 CDT 2019 Linux login1 4.4.103-6.38-default x86_64
c 
c --- [ config ] -------------------------------------------------------------
c 
c using 'unsat' configuration (target unsatisfiable instances)
c 
c --- [ proof tracing ] ------------------------------------------------------
c 
c opening file to write '/tmp/8_567_0_six.drat'
c writing binary proof trace to '/tmp/8_567_0_six.drat'
c 
c --- [ parsing input ] ------------------------------------------------------
c 
c reading DIMACS file from '/tmp/8_567_0_six.cnf'
c opening file to read '/tmp/8_567_0_six.cnf'
c found 'p cnf 50176 399284' header
c parsed 399284 clauses in 0.18 seconds process time
c 
c --- [ options ] ------------------------------------------------------------
c 
c   --stabilize=false              (different from default 'true')
c   --walk=false                   (different from default 'true')
c 
c --- [ solving ] ------------------------------------------------------------
c 
c time measured in process time since initialization
c 
c  seconds  reductions  redundant  irredundant
c         MB    restarts       trail       variables
c          level   conflicts       glue         remaining
c 
c *  0.18 44  0 0   0    0    0  0% 0 365624 48306 96%
c {  0.19 45  0 0   0    0    0  0% 0 365624 48306 96%
c -  0.25 47 65 1  34  307  216  7% 11 350782 48306 96%
c I  0.30 48 76 1  73 1005  636  8% 13 350782 48306 96%
c -  0.42 60 75 2  73 1234  693  9% 12 350782 48306 96%
c -  0.60 60 59 3 140 2625 1406 10% 12 350782 48306 96%
c B  0.64 60 60 3 151 3015 1686 11% 11 350782 48306 96%
c -  0.84 60 65 4 191 4480 1966 13% 11 350782 48306 96%
c d  1.02 62 60 4 197 5001 2375 13% 11 346066 45948 92%
c 2  1.20 61 60 4 197 5001 2375 13% 11 340171 45948 92%
c p  1.35 63 60 4 197 5001 7157 13% 11 340171 45948 92%
c s  1.66 70 59 4 203 5845 7835 12% 10 340171 45948 92%
c v  2.03 70 59 4 203 5845 7835 12% 10 336300 45948 92%
c w  2.15 70 59 4 203 5845 7818 12% 10 336300 45948 92%
c t  2.19 70 59 4 203 5845 7816 12% 10 305624 45948 92%
c e  2.95 65 59 4 203 5845 3826 12% 10 287599 29243 58%
c F  3.26 74 60 4 219 6016 3946  4% 10 287599 29243 58%
c -  3.38 74 57 5 276 6801 1327  5% 10 287599 29243 58%
c -  3.59 74 49 6 335 9430 2390  6% 10 287599 29243 58%
c B  3.66 75 48 6 361 10020 2845  7% 10 287599 29243 58%
c 
c  seconds  reductions   redundant  irredundant
c         MB    restarts        trail       variables
c          level    conflicts       glue         remaining
c 
c i  3.70 75 47 6 375 10465 3195  7% 9 287599 29224 58%
c i  3.70 75 47 6 375 10466 3195  7% 9 287599 29181 58%
c -  4.02 75 45 7 452 12494 3231  8% 9 281611 29181 58%
c i  4.08 75 45 7 452 12750 3451  8% 9 281611 29176 58%
c i  4.40 75 43 7 494 13980 4401  9% 9 281611 29143 58%
c i  4.41 75 42 7 494 14048 4450  9% 9 281611 28596 57%
c i  4.41 75 42 7 494 14049 4450  9% 9 281611 28544 57%
c i  4.41 75 42 7 494 14050 4450  9% 9 281611 28501 57%
c i  4.41 75 42 7 494 14051 4450  9% 9 281611 28405 57%
c i  4.41 75 42 7 494 14052 4450  9% 9 281611 28216 56%
c }  4.41 75 42 7 494 14055 4450  9% 9 281611 28123 56%
c 0  4.41 75 42 7 494 14055 4450  9% 9 281611 28123 56%
c 
c --- [ result ] -------------------------------------------------------------
c 
s UNSATISFIABLE
c 
c --- [ run-time profiling ] -------------------------------------------------
c 
c process time taken by individual solving procedures
c (percentage relative to process time for solving)
c 
c         2.23   52.79% search
c         2.23   52.70% unstable
c         1.99   47.11% simplify
c         0.75   17.69% elim
c         0.43   10.12% vivify
c         0.26    6.15% subsume
c         0.16    3.69% probe
c         0.14    3.41% ternary
c         0.00    0.09% lucky
c   =================================
c         4.23   95.92% solve
c 
c last line shows process time for solving
c (percentage relative to total process time)
c 
c --- [ statistics ] ---------------------------------------------------------
c 
c backtracked:               36294       258.23 %  of conflicts
c chronological:              4845        13.35 %  of backtracks
c conflicts:                 14055      3324.27    per second
c decisions:                 58337     13797.78    per second
c eliminated:                16705        33.29 %  of all variables
c fixed:                      2990         5.96 %  of all variables
c learned:                   12214        86.90 %  per conflict
c minimized:                199595        30.39 %  learned literals
c propagations:            7954672         1.88 M  per second
c reduced:                    3144        22.37 %  per conflict
c rephased:                      4      3513.75    interval
c restarts:                    494        28.45    interval
c substituted:                2358         4.70 %  of all variables
c subsumed:                  11794         0.92 %  of all clauses
c strengthened:               4147         0.32 %  of all clauses
c vivified:                   4056         0.31 %  of all clauses
c weakened:                 109085         4.00    average size
c 
c seconds are measured in process time for solving
c 
c --- [ resources ] ----------------------------------------------------------
c 
c total process time since initialization:         4.41    seconds
c total real time since initialization:            4.41    seconds
c maximum resident set size of process:           74.65    MB
c 
c --- [ shutting down ] ------------------------------------------------------
c 
c exit 20
