c --- [ banner ] -------------------------------------------------------------
c 
c CaDiCaL Radically Simplified CDCL SAT Solver
c Copyright (c) 2016-2019 Armin Biere, JKU Linz
c 
c Version 1.0.3 cb89cbfa16f47cb7bf1ec6ad9855e7b6d5203c18
c g++ (GCC) 6.3.0 -Wall -Wextra -O3 -DNDEBUG
c Fri Aug 23 08:17:16 CDT 2019 Linux login1 4.4.103-6.38-default x86_64
c 
c --- [ config ] -------------------------------------------------------------
c 
c using 'unsat' configuration (target unsatisfiable instances)
c 
c --- [ proof tracing ] ------------------------------------------------------
c 
c opening file to write '/tmp/86_1013_0_four.drat'
c writing binary proof trace to '/tmp/86_1013_0_four.drat'
c 
c --- [ parsing input ] ------------------------------------------------------
c 
c reading DIMACS file from '/tmp/86_1013_0_four.cnf'
c opening file to read '/tmp/86_1013_0_four.cnf'
c found 'p cnf 43008 265775' header
c parsed 265775 clauses in 0.14 seconds process time
c 
c --- [ options ] ------------------------------------------------------------
c 
c   --stabilize=false              (different from default 'true')
c   --walk=false                   (different from default 'true')
c 
c --- [ solving ] ------------------------------------------------------------
c 
c time measured in process time since initialization
c 
c  seconds  reductions  redundant  irredundant
c         MB    restarts       trail       variables
c          level   conflicts       glue         remaining
c 
c *  0.14 31  0 0   0    0    0  0% 0 245047 41764 97%
c {  0.14 32  0 0   0    0    0  0% 0 245047 41764 97%
c -  0.19 33 65 1  16  301  220  9% 9 238846 41764 97%
c I  0.26 34 52 1  48 1006  763 10% 9 238846 41764 97%
c -  0.34 43 56 2  61 1127  756 10% 10 238846 41764 97%
c i  0.38 43 42 2  68 1918 1367  8% 9 238846 41750 97%
c i  0.38 43 42 2  68 1936 1375  8% 9 238846 41446 96%
c i  0.38 43 42 2  68 1937 1375  8% 9 238846 41130 96%
c }  0.38 43 42 2  68 1939 1375  8% 9 238846 40892 95%
c 0  0.38 43 42 2  68 1939 1375  8% 9 238846 40892 95%
c 
c --- [ result ] -------------------------------------------------------------
c 
s UNSATISFIABLE
c 
c --- [ run-time profiling ] -------------------------------------------------
c 
c process time taken by individual solving procedures
c (percentage relative to process time for solving)
c 
c         0.24  100.00% search
c         0.24  100.00% unstable
c         0.00    0.00% simplify
c   =================================
c         0.24   62.50% solve
c 
c last line shows process time for solving
c (percentage relative to total process time)
c 
c --- [ statistics ] ---------------------------------------------------------
c 
c backtracked:                2315       119.39 %  of conflicts
c chronological:               769        33.22 %  of backtracks
c conflicts:                  1939      8079.17    per second
c decisions:                  8793     36637.50    per second
c fixed:                      2116         4.92 %  of all variables
c learned:                    1624        83.75 %  per conflict
c minimized:                 18063        27.45 %  learned literals
c propagations:             659412         2.75 M  per second
c reduced:                     104         5.36 %  per conflict
c rephased:                      1      1939.00    interval
c restarts:                     68        28.51    interval
c subsumed:                    141         0.03 %  of all clauses
c 
c seconds are measured in process time for solving
c 
c --- [ resources ] ----------------------------------------------------------
c 
c total process time since initialization:         0.38    seconds
c total real time since initialization:            0.38    seconds
c maximum resident set size of process:           42.64    MB
c 
c --- [ shutting down ] ------------------------------------------------------
c 
c exit 20
