c --- [ banner ] -------------------------------------------------------------
c 
c CaDiCaL Radically Simplified CDCL SAT Solver
c Copyright (c) 2016-2019 Armin Biere, JKU Linz
c 
c Version 1.0.3 cb89cbfa16f47cb7bf1ec6ad9855e7b6d5203c18
c g++ (GCC) 6.3.0 -Wall -Wextra -O3 -DNDEBUG
c Fri Aug 23 08:17:16 CDT 2019 Linux login1 4.4.103-6.38-default x86_64
c 
c --- [ config ] -------------------------------------------------------------
c 
c using 'unsat' configuration (target unsatisfiable instances)
c 
c --- [ proof tracing ] ------------------------------------------------------
c 
c opening file to write '/tmp/86_797_0_four.drat'
c writing binary proof trace to '/tmp/86_797_0_four.drat'
c 
c --- [ parsing input ] ------------------------------------------------------
c 
c reading DIMACS file from '/tmp/86_797_0_four.cnf'
c opening file to read '/tmp/86_797_0_four.cnf'
c found 'p cnf 43008 265775' header
c parsed 265775 clauses in 0.10 seconds process time
c 
c --- [ options ] ------------------------------------------------------------
c 
c   --stabilize=false              (different from default 'true')
c   --walk=false                   (different from default 'true')
c 
c --- [ solving ] ------------------------------------------------------------
c 
c time measured in process time since initialization
c 
c  seconds  reductions  redundant  irredundant
c         MB    restarts       trail       variables
c          level   conflicts       glue         remaining
c 
c *  0.10 31  0 0   0    0    0  0% 0 245039 41471 96%
c {  0.10 32  0 0   0    0    0  0% 0 245039 41471 96%
c i  0.11 32 54 0   0   27   20  4% 3 245039 41461 96%
c i  0.11 32 49 0   0   31   21  4% 2 245039 41353 96%
c i  0.11 32 46 0   0   32   21  4% 2 245039 41352 96%
c i  0.12 33 71 0   7  209  125 10% 6 245039 41282 96%
c i  0.12 33 69 0   7  213  128 10% 6 245039 41191 96%
c -  0.16 33 60 1  21  301  195 10% 8 226015 41191 96%
c i  0.16 33 59 1  21  304  197 10% 7 226015 41006 95%
c i  0.16 33 47 1  26  371  226  9% 7 226015 40988 95%
c i  0.16 33 46 1  26  378  232  9% 7 226015 40587 94%
c i  0.16 33 46 1  33  530  320  9% 7 226015 40585 94%
c i  0.17 33 43 1  33  548  333  9% 7 226015 40584 94%
c i  0.17 33 43 1  33  549  333  9% 7 226015 40572 94%
c i  0.17 33 43 1  33  551  334  9% 7 226015 40571 94%
c }  0.17 33 43 1  33  553  334  9% 7 226015 40479 94%
c 0  0.17 33 43 1  33  553  334  9% 7 226015 40479 94%
c 
c --- [ result ] -------------------------------------------------------------
c 
s UNSATISFIABLE
c 
c --- [ run-time profiling ] -------------------------------------------------
c 
c process time taken by individual solving procedures
c (percentage relative to process time for solving)
c 
c         0.06   94.12% search
c         0.06   94.12% unstable
c         0.00    0.00% simplify
c   =================================
c         0.07   40.48% solve
c 
c last line shows process time for solving
c (percentage relative to total process time)
c 
c --- [ statistics ] ---------------------------------------------------------
c 
c backtracked:                 665       120.25 %  of conflicts
c chronological:               221        33.23 %  of backtracks
c conflicts:                   553      8132.35    per second
c decisions:                  3399     49985.29    per second
c fixed:                      2529         5.88 %  of all variables
c learned:                     407        73.60 %  per conflict
c minimized:                  2909        27.27 %  learned literals
c propagations:             162684         2.39 M  per second
c restarts:                     33        16.76    interval
c subsumed:                     50         0.01 %  of all clauses
c 
c seconds are measured in process time for solving
c 
c --- [ resources ] ----------------------------------------------------------
c 
c total process time since initialization:         0.17    seconds
c total real time since initialization:            0.17    seconds
c maximum resident set size of process:           34.83    MB
c 
c --- [ shutting down ] ------------------------------------------------------
c 
c exit 20
