c --- [ banner ] -------------------------------------------------------------
c 
c CaDiCaL Radically Simplified CDCL SAT Solver
c Copyright (c) 2016-2019 Armin Biere, JKU Linz
c 
c Version 1.0.3 cb89cbfa16f47cb7bf1ec6ad9855e7b6d5203c18
c g++ (GCC) 6.3.0 -Wall -Wextra -O3 -DNDEBUG
c Fri Aug 23 08:17:16 CDT 2019 Linux login1 4.4.103-6.38-default x86_64
c 
c --- [ config ] -------------------------------------------------------------
c 
c using 'unsat' configuration (target unsatisfiable instances)
c 
c --- [ proof tracing ] ------------------------------------------------------
c 
c opening file to write '/tmp/13_1016_0_four.drat'
c writing binary proof trace to '/tmp/13_1016_0_four.drat'
c 
c --- [ parsing input ] ------------------------------------------------------
c 
c reading DIMACS file from '/tmp/13_1016_0_four.cnf'
c opening file to read '/tmp/13_1016_0_four.cnf'
c found 'p cnf 43008 265780' header
c parsed 265780 clauses in 0.10 seconds process time
c 
c --- [ options ] ------------------------------------------------------------
c 
c   --stabilize=false              (different from default 'true')
c   --walk=false                   (different from default 'true')
c 
c --- [ solving ] ------------------------------------------------------------
c 
c time measured in process time since initialization
c 
c  seconds  reductions  redundant  irredundant
c         MB    restarts       trail       variables
c          level   conflicts       glue         remaining
c 
c *  0.10 31  0 0   0    0    0  0% 0 243287 41605 97%
c {  0.10 32  0 0   0    0    0  0% 0 243287 41605 97%
c -  0.14 32 31 1  37  303  243  6% 8 234811 41605 97%
c i  0.18 34 35 1  72  686  537  8% 8 234811 41498 96%
c I  0.20 34 43 1 108 1003  802  8% 9 234811 41498 96%
c -  0.28 42 44 2 109 1127  830  8% 8 232505 41498 96%
c i  0.35 42 49 2 172 1790 1413 10% 9 232505 41401 96%
c i  0.39 42 50 2 190 2095 1633 10% 9 232505 41338 96%
c i  0.40 42 51 2 209 2184 1704 10% 9 232505 41319 96%
c -  0.47 42 49 3 209 2357 1384 10% 9 229051 41319 96%
c i  0.54 42 49 3 237 2881 1813 11% 9 229051 41202 96%
c B  0.56 42 50 3 239 3004 1914 11% 9 229051 41202 96%
c i  0.58 42 48 3 255 3210 2086 11% 9 229051 41165 96%
c i  0.63 42 48 3 292 3573 2395 11% 9 229051 41135 96%
c -  0.72 42 46 4 320 3988 2001 11% 9 225023 41135 96%
c i  0.78 42 46 4 351 4359 2303 11% 9 225023 41063 95%
c d  0.94 43 43 4 381 5003 2830 11% 9 220297 39563 92%
c 2  1.08 44 43 4 381 5003 2827 11% 9 218047 39563 92%
c p  1.34 45 43 4 381 5003 7030 11% 9 218047 39516 92%
c s  1.51 41 44 4 381 5099 7108 11% 9 218046 39516 92%
c 
c  seconds  reductions  redundant  irredundant
c         MB    restarts       trail       variables
c          level   conflicts       glue         remaining
c 
c v  1.78 46 44 4 381 5099 7108 11% 9 214177 39516 92%
c w  1.86 47 44 4 381 5099 7067 11% 9 214177 39516 92%
c t  1.89 47 44 4 381 5099 7057 11% 9 190769 39516 92%
c e  2.38 51 44 4 381 5099 1357 11% 9 171274 21827 51%
c s  2.43 52 44 4 381 5099 1347 11% 9 171274 21827 51%
c F  2.60 56 41 4 403 6006 2103  5% 8 171274 21827 51%
c -  2.62 57 41 5 403 6016 1064  5% 8 171274 21827 51%
c -  2.82 57 32 6 467 8237 2360  6% 8 171274 21827 51%
c i  2.83 57 32 6 467 8279 2380  6% 8 171274 21823 51%
c i  2.85 57 31 6 467 8463 2523  6% 8 171274 21817 51%
c i  2.85 57 31 6 467 8500 2546  6% 8 171274 21652 50%
c }  2.85 57 31 6 467 8518 2553  6% 8 171274 21483 50%
c 0  2.85 57 31 6 467 8518 2553  6% 8 171274 21483 50%
c 
c --- [ result ] -------------------------------------------------------------
c 
s UNSATISFIABLE
c 
c --- [ run-time profiling ] -------------------------------------------------
c 
c process time taken by individual solving procedures
c (percentage relative to process time for solving)
c 
c         1.50   54.51% simplify
c         1.25   45.35% search
c         1.25   45.35% unstable
c         0.47   17.15% elim
c         0.31   11.19% vivify
c         0.26    9.59% probe
c         0.18    6.40% subsume
c         0.10    3.78% ternary
c   =================================
c         2.75   96.49% solve
c 
c last line shows process time for solving
c (percentage relative to total process time)
c 
c --- [ statistics ] ---------------------------------------------------------
c 
c backtracked:               37753       443.21 %  of conflicts
c chronological:              3429         9.08 %  of backtracks
c conflicts:                  8518      3095.20    per second
c decisions:                 37066     13468.75    per second
c eliminated:                17689        41.13 %  of all variables
c fixed:                      2336         5.43 %  of all variables
c learned:                    7714        90.56 %  per conflict
c minimized:                 76567        28.68 %  learned literals
c propagations:            5333921         1.94 M  per second
c reduced:                    1700        19.96 %  per conflict
c rephased:                      3      2839.33    interval
c restarts:                    467        18.24    interval
c substituted:                1500         3.49 %  of all variables
c subsumed:                   7031         0.83 %  of all clauses
c strengthened:               3084         0.36 %  of all clauses
c vivified:                   3791         0.45 %  of all clauses
c weakened:                  78721         3.77    average size
c 
c seconds are measured in process time for solving
c 
c --- [ resources ] ----------------------------------------------------------
c 
c total process time since initialization:         2.85    seconds
c total real time since initialization:            2.85    seconds
c maximum resident set size of process:           57.06    MB
c 
c --- [ shutting down ] ------------------------------------------------------
c 
c exit 20
