c --- [ banner ] -------------------------------------------------------------
c 
c CaDiCaL Radically Simplified CDCL SAT Solver
c Copyright (c) 2016-2019 Armin Biere, JKU Linz
c 
c Version 1.0.3 cb89cbfa16f47cb7bf1ec6ad9855e7b6d5203c18
c g++ (GCC) 6.3.0 -Wall -Wextra -O3 -DNDEBUG
c Fri Aug 23 08:17:16 CDT 2019 Linux login1 4.4.103-6.38-default x86_64
c 
c --- [ config ] -------------------------------------------------------------
c 
c using 'unsat' configuration (target unsatisfiable instances)
c 
c --- [ proof tracing ] ------------------------------------------------------
c 
c opening file to write '/tmp/13_688_0_four.drat'
c writing binary proof trace to '/tmp/13_688_0_four.drat'
c 
c --- [ parsing input ] ------------------------------------------------------
c 
c reading DIMACS file from '/tmp/13_688_0_four.cnf'
c opening file to read '/tmp/13_688_0_four.cnf'
c found 'p cnf 43008 265780' header
c parsed 265780 clauses in 0.10 seconds process time
c 
c --- [ options ] ------------------------------------------------------------
c 
c   --stabilize=false              (different from default 'true')
c   --walk=false                   (different from default 'true')
c 
c --- [ solving ] ------------------------------------------------------------
c 
c time measured in process time since initialization
c 
c  seconds  reductions  redundant  irredundant
c         MB    restarts       trail       variables
c          level   conflicts       glue         remaining
c 
c *  0.10 31  0 0   0    0    0  0% 0 243281 41562 97%
c {  0.10 32  0 0   0    0    0  0% 0 243281 41562 97%
c -  0.14 33 40 1   0  301  243  7% 7 233658 41562 97%
c I  0.20 34 43 1  68 1009  861  7% 9 233658 41562 97%
c -  0.27 42 44 2  84 1122  851  7% 9 233658 41562 97%
c -  0.44 42 51 3 191 2354 1296  8% 9 233658 41562 97%
c B  0.51 42 52 3 270 3014 1857  8% 10 233658 41562 97%
c -  0.67 42 56 4 337 3999 1928  9% 10 233658 41562 97%
c d  0.87 43 51 4 363 5001 2763  9% 9 230514 39990 93%
c 2  1.01 44 51 4 363 5001 2763  9% 9 228156 39990 93%
c p  1.15 46 51 4 363 5001 4818  9% 9 228156 39990 93%
c s  1.32 40 53 4 363 5106 4900 10% 9 228156 39990 93%
c v  1.66 48 53 4 363 5106 4900 10% 9 224293 39990 93%
c w  1.80 48 53 4 363 5106 4899 10% 9 224293 39990 93%
c t  1.84 48 53 4 363 5106 4897 10% 9 205819 39990 93%
c e  2.43 50 53 4 363 5106 1390 10% 9 189249 24131 56%
c s  2.51 53 53 4 363 5106 1387 10% 9 189249 24131 56%
c F  2.76 56 52 4 447 6017 2170  5% 9 189249 24131 56%
c i  2.76 56 52 4 447 6038 2187  5% 9 189249 24126 56%
c -  2.80 56 52 5 447 6053 1086  5% 9 188098 24122 56%
c 
c  seconds  reductions  redundant  irredundant
c         MB    restarts       trail       variables
c          level   conflicts       glue         remaining
c 
c -  3.16 56 41 6 482 8348 2420  7% 9 188098 24122 56%
c B  3.36 56 40 6 611 10019 3868  6% 9 188098 24122 56%
c -  3.53 57 40 7 682 11028 3368  6% 9 188098 24122 56%
c -  3.87 57 37 8 814 14086 4108  6% 9 188098 24122 56%
c d  4.05 57 37 8 872 15001 4929  6% 9 188096 24121 56%
c 3  4.15 57 37 8 872 15001 16869  6% 9 188096 24121 56%
c 2  4.21 57 37 8 872 15001 16869  6% 9 188096 24116 56%
c p  4.30 57 37 8 872 15001 19208  6% 9 188096 24105 56%
c #  4.34 57 37 8 875 15020 19225  6% 9 188096 24105 56%
c s  4.75 57 33 8 934 16992 15479  6% 9 187161 24105 56%
c v  5.11 57 33 8 934 16992 15479  6% 9 170228 24105 56%
c w  5.24 57 33 8 934 16992 13765  6% 9 170228 24105 56%
c t  5.25 57 33 8 934 16992 13759  6% 9 169502 24105 56%
c e  5.52 57 33 8 934 16992 11594  6% 9 167620 23676 55%
c s  5.61 57 33 8 934 16992 11514  6% 9 167448 23676 55%
c e  5.70 57 33 8 934 16992 11096  6% 9 167214 23660 55%
c -  5.84 57 33 9 969 17526 5694  6% 9 167214 23660 55%
c i  6.02 57 32 9 1019 18719 6733  6% 9 167214 23651 55%
c i  6.04 57 32 9 1019 19146 7060  6% 8 167214 23643 55%
c i  6.06 57 32 9 1019 19299 7185  6% 8 167214 23632 55%
c 
c  seconds  reductions    redundant  irredundant
c         MB    restarts         trail       variables
c          level     conflicts       glue         remaining
c 
c i  6.10 57 31 9 1019 19733 7477  6% 8 167214 23620 55%
c i  6.28 57 31 9 1048 20579 8205  7% 8 167214 23615 55%
c B  6.40 57 30 9 1050 21021 8576  7% 8 167214 23615 55%
c -  6.50 57 30 10 1050 21195 4327  7% 8 163634 23615 55%
c i  6.53 57 30 10 1055 21244 4374  7% 8 163634 23547 55%
c i  6.76 57 29 10 1061 22294 5237  8% 8 163634 23530 55%
c i  6.85 57 29 10 1061 22817 5647  8% 8 163634 23144 54%
c i  6.85 57 29 10 1061 22831 5657  8% 8 163634 23078 54%
c i  6.88 57 28 10 1063 22963 5768  8% 8 163634 23033 54%
c i  6.89 57 28 10 1067 23002 5780  8% 8 163634 22976 53%
c i  6.89 57 28 10 1067 23003 5780  8% 8 163634 22869 53%
c }  6.89 57 28 10 1067 23005 5780  8% 8 163634 21562 50%
c 0  6.89 57 28 10 1067 23005 5780  8% 8 163634 21562 50%
c 
c --- [ result ] -------------------------------------------------------------
c 
s UNSATISFIABLE
c 
c --- [ run-time profiling ] -------------------------------------------------
c 
c process time taken by individual solving procedures
c (percentage relative to process time for solving)
c 
c         3.80   55.89% search
c         3.80   55.89% unstable
c         2.99   44.05% simplify
c         0.94   13.84% elim
c         0.87   12.84% vivify
c         0.43    6.30% subsume
c         0.22    3.30% probe
c         0.22    3.24% ternary
c   =================================
c         6.79   98.55% solve
c 
c last line shows process time for solving
c (percentage relative to total process time)
c 
c --- [ statistics ] ---------------------------------------------------------
c 
c backtracked:              103878       451.55 %  of conflicts
c chronological:              8948         8.61 %  of backtracks
c conflicts:                 23005      3387.07    per second
c decisions:                 99440     14640.75    per second
c eliminated:                16302        37.90 %  of all variables
c fixed:                      3571         8.30 %  of all variables
c learned:                   21219        92.24 %  per conflict
c minimized:                250931        32.11 %  learned literals
c propagations:           11534046         1.70 M  per second
c reduced:                    8092        35.17 %  per conflict
c rephased:                      6      3834.17    interval
c restarts:                   1067        21.56    interval
c substituted:                1573         3.66 %  of all variables
c subsumed:                  33424         3.60 %  of all clauses
c strengthened:               9367         1.01 %  of all clauses
c ternary:                   16934         0.86 %  of resolved
c vivified:                  22825         2.46 %  of all clauses
c weakened:                  81737         3.87    average size
c 
c seconds are measured in process time for solving
c 
c --- [ resources ] ----------------------------------------------------------
c 
c total process time since initialization:         6.89    seconds
c total real time since initialization:            6.89    seconds
c maximum resident set size of process:           57.35    MB
c 
c --- [ shutting down ] ------------------------------------------------------
c 
c exit 20
