c --- [ banner ] -------------------------------------------------------------
c 
c CaDiCaL Radically Simplified CDCL SAT Solver
c Copyright (c) 2016-2019 Armin Biere, JKU Linz
c 
c Version 1.0.3 cb89cbfa16f47cb7bf1ec6ad9855e7b6d5203c18
c g++ (GCC) 6.3.0 -Wall -Wextra -O3 -DNDEBUG
c Fri Aug 23 08:17:16 CDT 2019 Linux login1 4.4.103-6.38-default x86_64
c 
c --- [ config ] -------------------------------------------------------------
c 
c using 'unsat' configuration (target unsatisfiable instances)
c 
c --- [ proof tracing ] ------------------------------------------------------
c 
c opening file to write '/tmp/59_133_0_four.drat'
c writing binary proof trace to '/tmp/59_133_0_four.drat'
c 
c --- [ parsing input ] ------------------------------------------------------
c 
c reading DIMACS file from '/tmp/59_133_0_four.cnf'
c opening file to read '/tmp/59_133_0_four.cnf'
c found 'p cnf 259840 1039934' header
c parsed 1039934 clauses in 0.57 seconds process time
c 
c --- [ options ] ------------------------------------------------------------
c 
c   --stabilize=false              (different from default 'true')
c   --walk=false                   (different from default 'true')
c 
c --- [ solving ] ------------------------------------------------------------
c 
c time measured in process time since initialization
c 
c  seconds   reductions  redundant   irredundant
c          MB    restarts       trail        variables
c           level   conflicts       glue           remaining
c 
c *  0.59 139  0 0   0    0    0  0% 0 1039424 253590 98%
c {  0.61 142  0 0   0    0    0  0% 0 1039424 253590 98%
c -  0.81 147 239 1  18  300  194  6% 5 918167 253590 98%
c I  1.15 147 75 1  83 1002  787  6% 8 918167 253590 98%
c -  1.68 177 57 2 119 1481 1164  6% 8 918167 253590 98%
c i  1.94 178 45 2 190 2117 1698  7% 9 918167 253337 97%
c B  2.40 178 41 2 263 3006 2462  7% 9 918167 253337 97%
c -  2.77 178 39 3 268 3247 2079  7% 9 913978 253337 97%
c s  3.85 203 35 3 297 4075 2813  8% 9 913978 253337 97%
c v  4.93 204 35 3 297 4075 2813  8% 9 913971 253337 97%
c w  5.24 204 35 3 297 4075 2808  8% 9 913971 253337 97%
c t  5.30 204 35 3 297 4075 2808  8% 9 913524 253337 97%
c e  7.96 213 35 3 297 4075   32  8% 9 226278 27962 11%
c s  8.20 219 35 3 297 4075   32  8% 9 226065 27962 11%
c e  8.49 158 35 3 297 4075   29  8% 9 226065 27896 11%
c d  8.75 158 33 3 336 5000  817  6% 8 226064 27894 11%
c 3  8.81 158 33 3 336 5000 4561  6% 8 226064 27894 11%
c d  8.87 158 33 3 336 5000 4563  6% 8 226064 27893 11%
c 2  8.89 158 33 3 336 5000 4561  6% 8 226061 27893 11%
c p  8.98 158 33 3 336 5000 9356  6% 8 226061 27889 11%
c 
c  seconds   reductions  redundant  irredundant
c          MB    restarts       trail       variables
c           level   conflicts       glue         remaining
c 
c i  9.02 158 32 3 336 5150 9489  6% 8 226061 27874 11%
c i  9.02 158 32 3 336 5228 9537  6% 8 226061 27873 11%
c -  9.10 158 32 4 351 5600 1385  6% 8 224735 27873 11%
c F  9.13 158 31 4 357 6009 1742  6% 8 224735 27873 11%
c i  9.13 158 31 4 357 6021 1742  6% 8 224735 27767 11%
c }  9.13 158 30 4 357 6068 1777  6% 8 224735 27681 11%
c 0  9.13 158 30 4 357 6068 1777  6% 8 224735 27681 11%
c 
c --- [ result ] -------------------------------------------------------------
c 
s UNSATISFIABLE
c 
c --- [ run-time profiling ] -------------------------------------------------
c 
c process time taken by individual solving procedures
c (percentage relative to process time for solving)
c 
c         5.30   61.87% simplify
c         3.25   37.94% search
c         3.22   37.66% unstable
c         2.87   33.50% elim
c         1.28   14.95% vivify
c         0.82    9.53% subsume
c         0.09    1.07% probe
c         0.09    1.03% ternary
c         0.02    0.28% lucky
c   =================================
c         8.56   93.74% solve
c 
c last line shows process time for solving
c (percentage relative to total process time)
c 
c --- [ statistics ] ---------------------------------------------------------
c 
c backtracked:               18276       301.19 %  of conflicts
c chronological:              2402        13.14 %  of backtracks
c conflicts:                  6068       708.88    per second
c decisions:                 25754      3008.64    per second
c eliminated:               225441        86.76 %  of all variables
c fixed:                      6715         2.58 %  of all variables
c learned:                    5570        91.79 %  per conflict
c minimized:                 51015        24.84 %  learned literals
c propagations:           11670849         1.36 M  per second
c reduced:                     629        10.37 %  per conflict
c rephased:                      3      2022.67    interval
c restarts:                    357        17.00    interval
c substituted:                   3         0.00 %  of all variables
c subsumed:                   5996         0.20 %  of all clauses
c strengthened:              15685         0.51 %  of all clauses
c ternary:                    4136         0.35 %  of resolved
c vivified:                     88         0.00 %  of all clauses
c weakened:                 802649         2.84    average size
c 
c seconds are measured in process time for solving
c 
c --- [ resources ] ----------------------------------------------------------
c 
c total process time since initialization:         9.13    seconds
c total real time since initialization:            9.13    seconds
c maximum resident set size of process:          218.95    MB
c 
c --- [ shutting down ] ------------------------------------------------------
c 
c exit 20
