c --- [ banner ] -------------------------------------------------------------
c 
c CaDiCaL Radically Simplified CDCL SAT Solver
c Copyright (c) 2016-2019 Armin Biere, JKU Linz
c 
c Version 1.0.3 cb89cbfa16f47cb7bf1ec6ad9855e7b6d5203c18
c g++ (GCC) 6.3.0 -Wall -Wextra -O3 -DNDEBUG
c Fri Aug 23 08:17:16 CDT 2019 Linux login1 4.4.103-6.38-default x86_64
c 
c --- [ config ] -------------------------------------------------------------
c 
c using 'unsat' configuration (target unsatisfiable instances)
c 
c --- [ proof tracing ] ------------------------------------------------------
c 
c opening file to write '/tmp/0_776_0_six.drat'
c writing binary proof trace to '/tmp/0_776_0_six.drat'
c 
c --- [ parsing input ] ------------------------------------------------------
c 
c reading DIMACS file from '/tmp/0_776_0_six.cnf'
c opening file to read '/tmp/0_776_0_six.cnf'
c found 'p cnf 50176 399294' header
c parsed 399294 clauses in 0.15 seconds process time
c 
c --- [ options ] ------------------------------------------------------------
c 
c   --stabilize=false              (different from default 'true')
c   --walk=false                   (different from default 'true')
c 
c --- [ solving ] ------------------------------------------------------------
c 
c time measured in process time since initialization
c 
c  seconds  reductions  redundant  irredundant
c         MB    restarts       trail       variables
c          level   conflicts       glue         remaining
c 
c *  0.16 44  0 0   0    0    0  0% 0 361727 48024 96%
c {  0.16 45  0 0   0    0    0  0% 0 361727 48024 96%
c -  0.22 46 64 1  33  300  216  7% 9 345550 48024 96%
c I  0.28 47 86 1  88 1002  710 10% 9 345550 48024 96%
c -  0.41 59 83 2 114 1224  778 10% 10 345550 48024 96%
c -  0.62 59 76 3 162 2609 1421 12% 10 345550 48024 96%
c B  0.66 59 70 3 181 3003 1717 12% 10 345550 48024 96%
c i  0.70 59 65 3 204 3573 2111 11% 9 345550 47992 96%
c i  0.76 59 58 3 206 4133 2518 12% 9 345550 47981 96%
c i  0.78 60 55 3 206 4336 2691 12% 9 345550 47814 95%
c i  0.78 60 55 3 206 4337 2691 12% 9 345550 47787 95%
c i  0.79 60 55 3 206 4347 2700 12% 9 345550 47598 95%
c }  0.79 60 55 3 206 4358 2701 12% 9 345550 46340 92%
c 0  0.79 60 55 3 206 4358 2701 12% 9 345550 46340 92%
c 
c --- [ result ] -------------------------------------------------------------
c 
s UNSATISFIABLE
c 
c --- [ run-time profiling ] -------------------------------------------------
c 
c process time taken by individual solving procedures
c (percentage relative to process time for solving)
c 
c         0.63   99.37% search
c         0.63   99.37% unstable
c         0.00    0.00% simplify
c   =================================
c         0.64   80.71% solve
c 
c last line shows process time for solving
c (percentage relative to total process time)
c 
c --- [ statistics ] ---------------------------------------------------------
c 
c backtracked:                5110       117.26 %  of conflicts
c chronological:              1732        33.89 %  of backtracks
c conflicts:                  4358      6852.20    per second
c decisions:                 26451     41589.62    per second
c fixed:                      3836         7.65 %  of all variables
c learned:                    3514        80.63 %  per conflict
c minimized:                 40776        23.03 %  learned literals
c propagations:            1985860         3.12 M  per second
c reduced:                     499        11.45 %  per conflict
c rephased:                      2      2179.00    interval
c restarts:                    206        21.16    interval
c subsumed:                    308         0.04 %  of all clauses
c 
c seconds are measured in process time for solving
c 
c --- [ resources ] ----------------------------------------------------------
c 
c total process time since initialization:         0.79    seconds
c total real time since initialization:            0.79    seconds
c maximum resident set size of process:           68.63    MB
c 
c --- [ shutting down ] ------------------------------------------------------
c 
c exit 20
