c --- [ banner ] -------------------------------------------------------------
c 
c CaDiCaL Radically Simplified CDCL SAT Solver
c Copyright (c) 2016-2019 Armin Biere, JKU Linz
c 
c Version 1.0.3 cb89cbfa16f47cb7bf1ec6ad9855e7b6d5203c18
c g++ (GCC) 6.3.0 -Wall -Wextra -O3 -DNDEBUG
c Fri Aug 23 08:17:16 CDT 2019 Linux login1 4.4.103-6.38-default x86_64
c 
c --- [ config ] -------------------------------------------------------------
c 
c using 'unsat' configuration (target unsatisfiable instances)
c 
c --- [ proof tracing ] ------------------------------------------------------
c 
c opening file to write '/tmp/72_1200_0_four.drat'
c writing binary proof trace to '/tmp/72_1200_0_four.drat'
c 
c --- [ parsing input ] ------------------------------------------------------
c 
c reading DIMACS file from '/tmp/72_1200_0_four.cnf'
c opening file to read '/tmp/72_1200_0_four.cnf'
c found 'p cnf 43008 265785' header
c parsed 265785 clauses in 0.10 seconds process time
c 
c --- [ options ] ------------------------------------------------------------
c 
c   --stabilize=false              (different from default 'true')
c   --walk=false                   (different from default 'true')
c 
c --- [ solving ] ------------------------------------------------------------
c 
c time measured in process time since initialization
c 
c  seconds  reductions  redundant  irredundant
c         MB    restarts       trail       variables
c          level   conflicts       glue         remaining
c 
c *  0.10 31  0 0   0    0    0  0% 0 242036 41424 96%
c {  0.10 32  0 0   0    0    0  0% 0 242036 41424 96%
c -  0.15 33 53 1   2  307  215  8% 10 230784 41424 96%
c I  0.19 33 49 1  21 1003  742  9% 9 230784 41424 96%
c -  0.26 41 45 2  21 1125  730  9% 8 230784 41424 96%
c }  0.32 41 33 2  61 2070 1470  8% 8 230784 41403 96%
c 0  0.32 41 33 2  61 2070 1470  8% 8 230784 41403 96%
c 
c --- [ result ] -------------------------------------------------------------
c 
s UNSATISFIABLE
c 
c --- [ run-time profiling ] -------------------------------------------------
c 
c process time taken by individual solving procedures
c (percentage relative to process time for solving)
c 
c         0.22  100.00% search
c         0.21   98.15% unstable
c         0.00    1.85% lucky
c         0.00    0.00% simplify
c   =================================
c         0.22   68.35% solve
c 
c last line shows process time for solving
c (percentage relative to total process time)
c 
c --- [ statistics ] ---------------------------------------------------------
c 
c backtracked:                2449       118.31 %  of conflicts
c chronological:               863        35.24 %  of backtracks
c conflicts:                  2070      9583.33    per second
c decisions:                  7610     35231.48    per second
c fixed:                      1605         3.73 %  of all variables
c learned:                    1710        82.61 %  per conflict
c minimized:                 18848        27.64 %  learned literals
c propagations:             612204         2.83 M  per second
c reduced:                     115         5.56 %  per conflict
c rephased:                      1      2070.00    interval
c restarts:                     61        33.93    interval
c subsumed:                    124         0.03 %  of all clauses
c 
c seconds are measured in process time for solving
c 
c --- [ resources ] ----------------------------------------------------------
c 
c total process time since initialization:         0.32    seconds
c total real time since initialization:            0.32    seconds
c maximum resident set size of process:           41.31    MB
c 
c --- [ shutting down ] ------------------------------------------------------
c 
c exit 20
