c --- [ banner ] -------------------------------------------------------------
c 
c CaDiCaL Radically Simplified CDCL SAT Solver
c Copyright (c) 2016-2019 Armin Biere, JKU Linz
c 
c Version 1.0.3 cb89cbfa16f47cb7bf1ec6ad9855e7b6d5203c18
c g++ (GCC) 6.3.0 -Wall -Wextra -O3 -DNDEBUG
c Fri Aug 23 08:17:16 CDT 2019 Linux login1 4.4.103-6.38-default x86_64
c 
c --- [ config ] -------------------------------------------------------------
c 
c using 'unsat' configuration (target unsatisfiable instances)
c 
c --- [ proof tracing ] ------------------------------------------------------
c 
c opening file to write '/tmp/72_349_0_four.drat'
c writing binary proof trace to '/tmp/72_349_0_four.drat'
c 
c --- [ parsing input ] ------------------------------------------------------
c 
c reading DIMACS file from '/tmp/72_349_0_four.cnf'
c opening file to read '/tmp/72_349_0_four.cnf'
c found 'p cnf 43008 265785' header
c parsed 265785 clauses in 0.14 seconds process time
c 
c --- [ options ] ------------------------------------------------------------
c 
c   --stabilize=false              (different from default 'true')
c   --walk=false                   (different from default 'true')
c 
c --- [ solving ] ------------------------------------------------------------
c 
c time measured in process time since initialization
c 
c  seconds  reductions  redundant  irredundant
c         MB    restarts       trail       variables
c          level   conflicts       glue         remaining
c 
c *  0.14 31  0 0   0    0    0  0% 0 242037 41599 97%
c {  0.14 31  0 0   0    0    0  0% 0 242037 41599 97%
c -  0.19 33 61 1  37  302  232  7% 9 234811 41599 97%
c I  0.26 34 64 1  63 1002  780 10% 9 234811 41599 97%
c -  0.34 42 61 2  63 1124  752 10% 9 234811 41599 97%
c -  0.47 43 57 3 119 2357 1294  9% 9 234811 41599 97%
c B  0.53 43 55 3 164 3006 1823 10% 9 234811 41599 97%
c -  0.66 43 46 4 187 4001 1993  9% 9 234811 41599 97%
c d  0.86 43 47 4 271 5000 2807  9% 9 231651 40019 93%
c 2  1.00 45 47 4 271 5000 2807  9% 9 229281 40019 93%
c p  1.14 46 47 4 271 5000 6605  9% 9 229281 40019 93%
c s  1.31 41 48 4 281 5082 6654  9% 9 229281 40019 93%
c v  1.59 48 48 4 281 5082 6654  9% 9 225840 40019 93%
c w  1.67 48 48 4 281 5082 6653  9% 9 225840 40012 93%
c t  1.70 48 48 4 281 5082 6651  9% 9 207927 40012 93%
c e  2.19 50 48 4 281 5082 2461  9% 9 191802 24471 57%
c s  2.27 53 48 4 281 5082 2453  9% 9 191802 24471 57%
c F  2.45 57 45 4 311 6007 3201  4% 9 191802 24471 57%
c -  2.48 57 44 5 317 6057 1277  4% 9 191802 24471 57%
c -  2.65 57 38 6 394 8366 2531  5% 9 191802 24471 57%
c 
c  seconds  reductions   redundant  irredundant
c         MB    restarts        trail       variables
c          level    conflicts       glue         remaining
c 
c B  2.78 57 36 6 491 10010 3943  5% 9 191802 24471 57%
c -  2.88 58 36 7 552 11059 3471  5% 9 191802 24471 57%
c i  2.99 58 36 7 612 12265 4484  5% 9 191802 24455 57%
c -  3.17 58 34 8 702 14138 4243  5% 8 190355 24455 57%
c 3  3.32 58 33 8 723 15001 17070  5% 8 190355 24455 57%
c 2  3.38 58 33 8 723 15001 17069  5% 8 190355 24455 57%
c p  3.43 58 33 8 723 15001 19531  5% 8 190355 24435 57%
c #  3.46 58 33 8 723 15012 19542  6% 8 190355 24435 57%
c i  3.51 58 34 8 746 15719 20140  6% 8 190355 24412 57%
c s  3.70 58 33 8 790 16964 15102  6% 8 189614 24412 57%
c v  3.88 58 33 8 790 16964 15102  6% 8 180207 24412 57%
c w  3.95 58 33 8 790 16964 13684  6% 8 180207 24412 57%
c t  3.96 58 33 8 790 16964 13683  6% 8 179217 24412 57%
c e  4.10 58 33 8 790 16964 11122  6% 8 174416 23584 55%
c s  4.17 59 33 8 790 16964 11043  6% 8 174155 23584 55%
c e  4.25 59 33 8 790 16964 10988  6% 8 174128 23572 55%
c i  4.34 59 33 8 825 17576 11543  6% 8 174128 23568 55%
c -  4.39 59 33 9 825 17593 5982  6% 8 173628 23568 55%
c B  4.69 59 30 9 936 21014 8889  6% 8 173628 23568 55%
c -  4.75 59 30 10 945 21311 5577  6% 8 173628 23568 55%
c 
c  seconds  reductions     redundant  irredundant
c         MB     restarts         trail       variables
c          level      conflicts       glue         remaining
c 
c i  4.89 59 30 10 1016 22477 6561  6% 8 173628 23559 55%
c i  5.05 59 29 10 1062 24042 7919  6% 8 173628 23354 54%
c i  5.12 59 28 10 1081 24662 8451  6% 8 173628 23350 54%
c }  5.12 59 28 10 1081 24732 8500  6% 8 173628 23328 54%
c 0  5.12 59 28 10 1081 24732 8500  6% 8 173628 23328 54%
c 
c --- [ result ] -------------------------------------------------------------
c 
s UNSATISFIABLE
c 
c --- [ run-time profiling ] -------------------------------------------------
c 
c process time taken by individual solving procedures
c (percentage relative to process time for solving)
c 
c         2.74   54.94% search
c         2.74   54.94% unstable
c         2.24   45.06% simplify
c         0.71   14.22% elim
c         0.54   10.92% vivify
c         0.34    6.75% subsume
c         0.20    4.10% ternary
c         0.20    3.94% probe
c   =================================
c         4.98   97.19% solve
c 
c last line shows process time for solving
c (percentage relative to total process time)
c 
c --- [ statistics ] ---------------------------------------------------------
c 
c backtracked:               83045       335.78 %  of conflicts
c chronological:              9550        11.50 %  of backtracks
c conflicts:                 24732      4966.27    per second
c decisions:                 91493     18372.09    per second
c eliminated:                16381        38.09 %  of all variables
c fixed:                      1719         4.00 %  of all variables
c learned:                   22619        91.46 %  per conflict
c minimized:                264208        30.34 %  learned literals
c propagations:            8803659         1.77 M  per second
c reduced:                    8423        34.06 %  per conflict
c rephased:                      6      4122.00    interval
c restarts:                   1081        22.88    interval
c substituted:                1580         3.67 %  of all variables
c subsumed:                  25471         2.71 %  of all clauses
c strengthened:               8501         0.91 %  of all clauses
c ternary:                   17790         0.89 %  of resolved
c vivified:                  14166         1.51 %  of all clauses
c weakened:                  83706         3.95    average size
c 
c seconds are measured in process time for solving
c 
c --- [ resources ] ----------------------------------------------------------
c 
c total process time since initialization:         5.12    seconds
c total real time since initialization:            5.12    seconds
c maximum resident set size of process:           58.54    MB
c 
c --- [ shutting down ] ------------------------------------------------------
c 
c exit 20
