c --- [ banner ] -------------------------------------------------------------
c 
c CaDiCaL Radically Simplified CDCL SAT Solver
c Copyright (c) 2016-2019 Armin Biere, JKU Linz
c 
c Version 1.0.3 cb89cbfa16f47cb7bf1ec6ad9855e7b6d5203c18
c g++ (GCC) 6.3.0 -Wall -Wextra -O3 -DNDEBUG
c Fri Aug 23 08:17:16 CDT 2019 Linux login1 4.4.103-6.38-default x86_64
c 
c --- [ config ] -------------------------------------------------------------
c 
c using 'unsat' configuration (target unsatisfiable instances)
c 
c --- [ proof tracing ] ------------------------------------------------------
c 
c opening file to write '/tmp/72_491_0_four.drat'
c writing binary proof trace to '/tmp/72_491_0_four.drat'
c 
c --- [ parsing input ] ------------------------------------------------------
c 
c reading DIMACS file from '/tmp/72_491_0_four.cnf'
c opening file to read '/tmp/72_491_0_four.cnf'
c found 'p cnf 43008 265785' header
c parsed 265785 clauses in 0.10 seconds process time
c 
c --- [ options ] ------------------------------------------------------------
c 
c   --stabilize=false              (different from default 'true')
c   --walk=false                   (different from default 'true')
c 
c --- [ solving ] ------------------------------------------------------------
c 
c time measured in process time since initialization
c 
c  seconds  reductions  redundant  irredundant
c         MB    restarts       trail       variables
c          level   conflicts       glue         remaining
c 
c *  0.10 31  0 0   0    0    0  0% 0 242034 41526 97%
c {  0.10 31  0 0   0    0    0  0% 0 242034 41526 97%
c -  0.14 33 66 1  11  300  211  9% 9 233086 41526 97%
c I  0.19 34 46 1  54 1002  733  8% 8 233086 41526 97%
c i  0.20 34 43 1  54 1064  781  8% 8 233086 41506 97%
c -  0.26 42 44 2  56 1126  695  8% 8 232512 41506 97%
c -  0.40 44 48 3 159 2355 1322  9% 9 232512 41506 97%
c B  0.46 44 48 3 192 3004 1879  9% 9 232512 41506 97%
c -  0.58 44 46 4 215 3995 2030 10% 8 232512 41506 97%
c d  0.76 45 40 4 265 5001 2863  9% 8 229384 39942 93%
c 2  0.88 45 40 4 265 5001 2863  9% 8 227038 39942 93%
c p  1.07 46 40 4 265 5001 5128  9% 8 227038 39937 93%
c s  1.22 41 39 4 265 5087 5176  9% 8 227038 39937 93%
c v  1.43 48 39 4 265 5087 5176  9% 8 223783 39937 93%
c w  1.51 48 39 4 265 5087 5174  9% 8 223783 39937 93%
c t  1.53 48 39 4 265 5087 5172  9% 8 204745 39937 93%
c e  2.00 48 39 4 265 5087 1442  9% 8 187897 23848 55%
c s  2.07 53 39 4 265 5087 1435  9% 8 187897 23848 55%
c F  2.24 55 38 4 299 6008 2232  6% 8 187897 23848 55%
c -  2.27 55 38 5 299 6045 1268  6% 8 187897 23848 55%
c 
c  seconds  reductions  redundant  irredundant
c         MB    restarts       trail       variables
c          level   conflicts       glue         remaining
c 
c i  2.35 55 34 5 307 6956 2039  6% 8 187897 23843 55%
c i  2.36 55 33 5 307 7244 2256  6% 8 187897 23842 55%
c }  2.36 55 33 5 307 7250 2257  6% 8 187897 23775 55%
c 0  2.36 55 33 5 307 7250 2257  6% 8 187897 23775 55%
c 
c --- [ result ] -------------------------------------------------------------
c 
s UNSATISFIABLE
c 
c --- [ run-time profiling ] -------------------------------------------------
c 
c process time taken by individual solving procedures
c (percentage relative to process time for solving)
c 
c         1.34   59.36% simplify
c         0.92   40.64% search
c         0.92   40.46% unstable
c         0.46   20.32% elim
c         0.25   11.13% vivify
c         0.20    8.66% probe
c         0.17    7.60% subsume
c         0.09    3.89% ternary
c         0.00    0.18% lucky
c   =================================
c         2.26   95.77% solve
c 
c last line shows process time for solving
c (percentage relative to total process time)
c 
c --- [ statistics ] ---------------------------------------------------------
c 
c backtracked:               33023       455.49 %  of conflicts
c chronological:              2937         8.89 %  of backtracks
c conflicts:                  7250      3202.30    per second
c decisions:                 30910     13652.83    per second
c eliminated:                16089        37.41 %  of all variables
c fixed:                      1580         3.67 %  of all variables
c learned:                    6374        87.92 %  per conflict
c minimized:                 67952        28.61 %  learned literals
c propagations:            3852994         1.70 M  per second
c reduced:                    1259        17.37 %  per conflict
c rephased:                      3      2416.67    interval
c restarts:                    307        23.62    interval
c substituted:                1564         3.64 %  of all variables
c subsumed:                   6308         0.74 %  of all clauses
c strengthened:               2725         0.32 %  of all clauses
c vivified:                   3363         0.40 %  of all clauses
c weakened:                  79749         3.72    average size
c 
c seconds are measured in process time for solving
c 
c --- [ resources ] ----------------------------------------------------------
c 
c total process time since initialization:         2.36    seconds
c total real time since initialization:            2.37    seconds
c maximum resident set size of process:           54.76    MB
c 
c --- [ shutting down ] ------------------------------------------------------
c 
c exit 20
