c --- [ banner ] -------------------------------------------------------------
c 
c CaDiCaL Radically Simplified CDCL SAT Solver
c Copyright (c) 2016-2019 Armin Biere, JKU Linz
c 
c Version 1.0.3 cb89cbfa16f47cb7bf1ec6ad9855e7b6d5203c18
c g++ (GCC) 6.3.0 -Wall -Wextra -O3 -DNDEBUG
c Fri Aug 23 08:17:16 CDT 2019 Linux login1 4.4.103-6.38-default x86_64
c 
c --- [ config ] -------------------------------------------------------------
c 
c using 'unsat' configuration (target unsatisfiable instances)
c 
c --- [ proof tracing ] ------------------------------------------------------
c 
c opening file to write '/tmp/72_425_0_four.drat'
c writing binary proof trace to '/tmp/72_425_0_four.drat'
c 
c --- [ parsing input ] ------------------------------------------------------
c 
c reading DIMACS file from '/tmp/72_425_0_four.cnf'
c opening file to read '/tmp/72_425_0_four.cnf'
c found 'p cnf 43008 265785' header
c parsed 265785 clauses in 0.10 seconds process time
c 
c --- [ options ] ------------------------------------------------------------
c 
c   --stabilize=false              (different from default 'true')
c   --walk=false                   (different from default 'true')
c 
c --- [ solving ] ------------------------------------------------------------
c 
c time measured in process time since initialization
c 
c  seconds  reductions  redundant  irredundant
c         MB    restarts       trail       variables
c          level   conflicts       glue         remaining
c 
c *  0.10 31  0 0   0    0    0  0% 0 242040 41481 96%
c {  0.11 31  0 0   0    0    0  0% 0 242040 41481 96%
c i  0.12 32 45 0  25  243  194  6% 7 242040 41443 96%
c -  0.16 33 70 1  29  300  248  8% 7 231191 41443 96%
c I  0.21 34 48 1  61 1002  800  9% 8 231191 41443 96%
c -  0.28 42 50 2  64 1118  775 10% 8 231191 41443 96%
c i  0.32 42 45 2  89 1713 1264 10% 8 231191 41433 96%
c -  0.40 42 38 3 104 2345 1406  9% 8 230787 41433 96%
c B  0.47 42 38 3 176 3003 1919  9% 8 230787 41433 96%
c -  0.60 42 35 4 249 3980 2022  9% 8 230787 41433 96%
c i  0.62 42 35 4 262 4118 2130  9% 8 230787 41403 96%
c i  0.64 42 34 4 272 4356 2343  9% 8 230787 41397 96%
c i  0.65 42 34 4 272 4395 2375  9% 8 230787 41365 96%
c i  0.65 42 34 4 272 4406 2385  9% 8 230787 41309 96%
c i  0.65 42 33 4 272 4454 2412  9% 8 230787 41199 96%
c i  0.65 42 33 4 272 4455 2412  9% 8 230787 40792 95%
c i  0.65 42 33 4 272 4456 2412  9% 8 230787 40752 95%
c i  0.65 42 33 4 272 4463 2417  9% 8 230787 39765 92%
c i  0.66 42 33 4 272 4484 2433  9% 8 230787 39751 92%
c i  0.66 42 33 4 272 4493 2434  9% 8 230787 39653 92%
c 
c  seconds  reductions  redundant  irredundant
c         MB    restarts       trail       variables
c          level   conflicts       glue         remaining
c 
c }  0.66 42 33 4 272 4495 2434  9% 8 230787 39141 91%
c 0  0.66 42 33 4 272 4495 2434  9% 8 230787 39141 91%
c 
c --- [ result ] -------------------------------------------------------------
c 
s UNSATISFIABLE
c 
c --- [ run-time profiling ] -------------------------------------------------
c 
c process time taken by individual solving procedures
c (percentage relative to process time for solving)
c 
c         0.56  100.00% search
c         0.55   99.28% unstable
c         0.00    0.72% lucky
c         0.00    0.00% simplify
c   =================================
c         0.56   84.24% solve
c 
c last line shows process time for solving
c (percentage relative to total process time)
c 
c --- [ statistics ] ---------------------------------------------------------
c 
c backtracked:                5472       121.74 %  of conflicts
c chronological:              1874        34.25 %  of backtracks
c conflicts:                  4495      8084.53    per second
c decisions:                 21470     38615.11    per second
c fixed:                      3867         8.99 %  of all variables
c learned:                    3939        87.63 %  per conflict
c minimized:                 41611        29.36 %  learned literals
c propagations:            1924002         3.46 M  per second
c reduced:                    1176        26.16 %  per conflict
c rephased:                      2      2247.50    interval
c restarts:                    272        16.53    interval
c subsumed:                    314         0.06 %  of all clauses
c 
c seconds are measured in process time for solving
c 
c --- [ resources ] ----------------------------------------------------------
c 
c total process time since initialization:         0.66    seconds
c total real time since initialization:            0.66    seconds
c maximum resident set size of process:           48.28    MB
c 
c --- [ shutting down ] ------------------------------------------------------
c 
c exit 20
