c --- [ banner ] -------------------------------------------------------------
c 
c CaDiCaL Radically Simplified CDCL SAT Solver
c Copyright (c) 2016-2019 Armin Biere, JKU Linz
c 
c Version 1.0.3 cb89cbfa16f47cb7bf1ec6ad9855e7b6d5203c18
c g++ (GCC) 6.3.0 -Wall -Wextra -O3 -DNDEBUG
c Fri Aug 23 08:17:16 CDT 2019 Linux login1 4.4.103-6.38-default x86_64
c 
c --- [ config ] -------------------------------------------------------------
c 
c using 'unsat' configuration (target unsatisfiable instances)
c 
c --- [ proof tracing ] ------------------------------------------------------
c 
c opening file to write '/tmp/72_1120_0_six.drat'
c writing binary proof trace to '/tmp/72_1120_0_six.drat'
c 
c --- [ parsing input ] ------------------------------------------------------
c 
c reading DIMACS file from '/tmp/72_1120_0_six.cnf'
c opening file to read '/tmp/72_1120_0_six.cnf'
c found 'p cnf 50176 399294' header
c parsed 399294 clauses in 0.15 seconds process time
c 
c --- [ options ] ------------------------------------------------------------
c 
c   --stabilize=false              (different from default 'true')
c   --walk=false                   (different from default 'true')
c 
c --- [ solving ] ------------------------------------------------------------
c 
c time measured in process time since initialization
c 
c  seconds  reductions  redundant  irredundant
c         MB    restarts       trail       variables
c          level   conflicts       glue         remaining
c 
c *  0.15 44  0 0   0    0    0  0% 0 361760 48077 96%
c {  0.16 45  0 0   0    0    0  0% 0 361760 48077 96%
c -  0.22 46 60 1  23  302  208  9% 9 346411 48077 96%
c I  0.27 46 50 1  55 1003  677  9% 9 346411 48077 96%
c -  0.38 59 51 2  85 1225  737  9% 10 346411 48077 96%
c -  0.56 59 47 3 117 2610 1355 10% 9 346411 48077 96%
c i  0.59 59 44 3 133 2984 1637 10% 9 346411 47991 96%
c B  0.59 59 44 3 133 3007 1655 10% 9 346411 47991 96%
c i  0.64 59 41 3 167 3724 2133 10% 9 346411 47906 95%
c i  0.68 59 40 3 201 4066 2388 10% 9 346411 47781 95%
c }  0.68 59 39 3 201 4096 2409 10% 9 346411 47284 94%
c 0  0.68 59 39 3 201 4096 2409 10% 9 346411 47284 94%
c 
c --- [ result ] -------------------------------------------------------------
c 
s UNSATISFIABLE
c 
c --- [ run-time profiling ] -------------------------------------------------
c 
c process time taken by individual solving procedures
c (percentage relative to process time for solving)
c 
c         0.52  100.00% search
c         0.52   99.24% unstable
c         0.00    0.76% lucky
c         0.00    0.00% simplify
c   =================================
c         0.52   77.51% solve
c 
c last line shows process time for solving
c (percentage relative to total process time)
c 
c --- [ statistics ] ---------------------------------------------------------
c 
c backtracked:                4815       117.55 %  of conflicts
c chronological:              1501        31.17 %  of backtracks
c conflicts:                  4096      7816.79    per second
c decisions:                 20240     38625.95    per second
c fixed:                      2892         5.76 %  of all variables
c learned:                    3310        80.81 %  per conflict
c minimized:                 48891        28.71 %  learned literals
c propagations:            1709430         3.26 M  per second
c reduced:                     430        10.50 %  per conflict
c rephased:                      2      2048.00    interval
c restarts:                    201        20.38    interval
c subsumed:                    467         0.06 %  of all clauses
c 
c seconds are measured in process time for solving
c 
c --- [ resources ] ----------------------------------------------------------
c 
c total process time since initialization:         0.68    seconds
c total real time since initialization:            0.68    seconds
c maximum resident set size of process:           68.57    MB
c 
c --- [ shutting down ] ------------------------------------------------------
c 
c exit 20
