c --- [ banner ] -------------------------------------------------------------
c 
c CaDiCaL Radically Simplified CDCL SAT Solver
c Copyright (c) 2016-2019 Armin Biere, JKU Linz
c 
c Version 1.0.3 cb89cbfa16f47cb7bf1ec6ad9855e7b6d5203c18
c g++ (GCC) 6.3.0 -Wall -Wextra -O3 -DNDEBUG
c Fri Aug 23 08:17:16 CDT 2019 Linux login1 4.4.103-6.38-default x86_64
c 
c --- [ config ] -------------------------------------------------------------
c 
c using 'unsat' configuration (target unsatisfiable instances)
c 
c --- [ proof tracing ] ------------------------------------------------------
c 
c opening file to write '/tmp/72_1139_0_six.drat'
c writing binary proof trace to '/tmp/72_1139_0_six.drat'
c 
c --- [ parsing input ] ------------------------------------------------------
c 
c reading DIMACS file from '/tmp/72_1139_0_six.cnf'
c opening file to read '/tmp/72_1139_0_six.cnf'
c found 'p cnf 50176 399294' header
c parsed 399294 clauses in 0.15 seconds process time
c 
c --- [ options ] ------------------------------------------------------------
c 
c   --stabilize=false              (different from default 'true')
c   --walk=false                   (different from default 'true')
c 
c --- [ solving ] ------------------------------------------------------------
c 
c time measured in process time since initialization
c 
c  seconds  reductions  redundant  irredundant
c         MB    restarts       trail       variables
c          level   conflicts       glue         remaining
c 
c *  0.15 44  0 0   0    0    0  0% 0 361770 48049 96%
c {  0.16 45  0 0   0    0    0  0% 0 361770 48049 96%
c i  0.16 46 36 0  11  172   95  6% 5 361770 47953 96%
c -  0.21 46 45 1  27  320  174  7% 7 342735 47953 96%
c i  0.24 46 32 1  64  744  449  8% 8 342735 47475 95%
c i  0.24 46 32 1  64  750  452  8% 8 342735 47473 95%
c i  0.25 46 30 1  79 1003  585  8% 9 342735 47449 95%
c I  0.25 46 30 1  79 1004  585  8% 8 342735 47449 95%
c i  0.25 46 30 1  79 1004  585  8% 8 342735 47357 94%
c }  0.25 46 30 1  80 1007  580  8% 8 342735 46747 93%
c 0  0.25 46 30 1  80 1007  580  8% 8 342735 46747 93%
c 
c --- [ result ] -------------------------------------------------------------
c 
s UNSATISFIABLE
c 
c --- [ run-time profiling ] -------------------------------------------------
c 
c process time taken by individual solving procedures
c (percentage relative to process time for solving)
c 
c         0.10  100.00% search
c         0.10   96.00% unstable
c         0.00    4.00% lucky
c         0.00    0.00% simplify
c   =================================
c         0.10   39.68% solve
c 
c last line shows process time for solving
c (percentage relative to total process time)
c 
c --- [ statistics ] ---------------------------------------------------------
c 
c backtracked:                1191       118.27 %  of conflicts
c chronological:               321        26.95 %  of backtracks
c conflicts:                  1007     10070.00    per second
c decisions:                  5990     59900.00    per second
c fixed:                      3429         6.83 %  of all variables
c learned:                     693        68.82 %  per conflict
c minimized:                 10697        34.49 %  learned literals
c propagations:             297238         2.97 M  per second
c rephased:                      1      1007.00    interval
c restarts:                     80        12.59    interval
c subsumed:                    107         0.01 %  of all clauses
c 
c seconds are measured in process time for solving
c 
c --- [ resources ] ----------------------------------------------------------
c 
c total process time since initialization:         0.25    seconds
c total real time since initialization:            0.25    seconds
c maximum resident set size of process:           48.91    MB
c 
c --- [ shutting down ] ------------------------------------------------------
c 
c exit 20
