c --- [ banner ] -------------------------------------------------------------
c 
c CaDiCaL Radically Simplified CDCL SAT Solver
c Copyright (c) 2016-2019 Armin Biere, JKU Linz
c 
c Version 1.0.3 cb89cbfa16f47cb7bf1ec6ad9855e7b6d5203c18
c g++ (GCC) 6.3.0 -Wall -Wextra -O3 -DNDEBUG
c Fri Aug 23 08:17:16 CDT 2019 Linux login1 4.4.103-6.38-default x86_64
c 
c --- [ config ] -------------------------------------------------------------
c 
c using 'unsat' configuration (target unsatisfiable instances)
c 
c --- [ proof tracing ] ------------------------------------------------------
c 
c opening file to write '/tmp/72_714_0_six.drat'
c writing binary proof trace to '/tmp/72_714_0_six.drat'
c 
c --- [ parsing input ] ------------------------------------------------------
c 
c reading DIMACS file from '/tmp/72_714_0_six.cnf'
c opening file to read '/tmp/72_714_0_six.cnf'
c found 'p cnf 50176 399294' header
c parsed 399294 clauses in 0.26 seconds process time
c 
c --- [ options ] ------------------------------------------------------------
c 
c   --stabilize=false              (different from default 'true')
c   --walk=false                   (different from default 'true')
c 
c --- [ solving ] ------------------------------------------------------------
c 
c time measured in process time since initialization
c 
c  seconds  reductions  redundant  irredundant
c         MB    restarts       trail       variables
c          level   conflicts       glue         remaining
c 
c *  0.26 44  0 0   0    0    0  0% 0 361750 47867 95%
c {  0.27 45  0 0   0    0    0  0% 0 361750 47867 95%
c i  0.27 45 53 0   0   47   41  6% 3 361750 47831 95%
c i  0.27 45 50 0   0   54   43  7% 3 361750 47767 95%
c i  0.27 45 48 0   0   60   44  7% 3 361750 47710 95%
c i  0.27 45 46 0   0   66   45  7% 3 361750 47709 95%
c i  0.28 46 54 0   5  134   86  8% 7 361750 47708 95%
c i  0.28 46 51 0   9  146   97  8% 7 361750 47707 95%
c i  0.28 46 48 0  11  155  100  8% 6 361750 47347 94%
c i  0.29 46 51 0  15  184  114  8% 7 361750 47302 94%
c -  0.35 46 41 1  29  300  178  8% 8 328910 47272 94%
c i  0.36 46 38 1  29  315  189  8% 8 328910 47028 94%
c i  0.36 46 36 1  29  323  194  8% 8 328910 46917 94%
c }  0.36 46 35 1  29  328  195  8% 8 328910 46811 93%
c 0  0.36 46 35 1  29  328  195  8% 8 328910 46811 93%
c 
c --- [ result ] -------------------------------------------------------------
c 
s UNSATISFIABLE
c 
c --- [ run-time profiling ] -------------------------------------------------
c 
c process time taken by individual solving procedures
c (percentage relative to process time for solving)
c 
c         0.10  100.00% search
c         0.09   95.83% unstable
c         0.00    4.17% lucky
c         0.00    0.00% simplify
c   =================================
c         0.10   26.67% solve
c 
c last line shows process time for solving
c (percentage relative to total process time)
c 
c --- [ statistics ] ---------------------------------------------------------
c 
c backtracked:                 401       122.26 %  of conflicts
c chronological:               132        32.92 %  of backtracks
c conflicts:                   328      3416.67    per second
c decisions:                  2598     27062.50    per second
c fixed:                      3365         6.71 %  of all variables
c learned:                     239        72.87 %  per conflict
c minimized:                  1767        27.30 %  learned literals
c propagations:              87778         0.91 M  per second
c restarts:                     29        11.31    interval
c subsumed:                     28         0.00 %  of all clauses
c 
c seconds are measured in process time for solving
c 
c --- [ resources ] ----------------------------------------------------------
c 
c total process time since initialization:         0.36    seconds
c total real time since initialization:            0.36    seconds
c maximum resident set size of process:           48.29    MB
c 
c --- [ shutting down ] ------------------------------------------------------
c 
c exit 20
