c --- [ banner ] -------------------------------------------------------------
c 
c CaDiCaL Radically Simplified CDCL SAT Solver
c Copyright (c) 2016-2019 Armin Biere, JKU Linz
c 
c Version 1.0.3 cb89cbfa16f47cb7bf1ec6ad9855e7b6d5203c18
c g++ (GCC) 6.3.0 -Wall -Wextra -O3 -DNDEBUG
c Fri Aug 23 08:17:16 CDT 2019 Linux login1 4.4.103-6.38-default x86_64
c 
c --- [ config ] -------------------------------------------------------------
c 
c using 'unsat' configuration (target unsatisfiable instances)
c 
c --- [ proof tracing ] ------------------------------------------------------
c 
c opening file to write '/tmp/47_52_0_four.drat'
c writing binary proof trace to '/tmp/47_52_0_four.drat'
c 
c --- [ parsing input ] ------------------------------------------------------
c 
c reading DIMACS file from '/tmp/47_52_0_four.cnf'
c opening file to read '/tmp/47_52_0_four.cnf'
c found 'p cnf 43008 265785' header
c parsed 265785 clauses in 0.10 seconds process time
c 
c --- [ options ] ------------------------------------------------------------
c 
c   --stabilize=false              (different from default 'true')
c   --walk=false                   (different from default 'true')
c 
c --- [ solving ] ------------------------------------------------------------
c 
c time measured in process time since initialization
c 
c  seconds  reductions  redundant  irredundant
c         MB    restarts       trail       variables
c          level   conflicts       glue         remaining
c 
c *  0.10 31  0 0   0    0    0  0% 0 242127 41453 96%
c {  0.10 31  0 0   0    0    0  0% 0 242127 41453 96%
c -  0.16 33 70 1  18  302  249 11% 9 231369 41453 96%
c I  0.21 34 54 1  37 1002  769 10% 8 231369 41453 96%
c -  0.29 42 50 2  37 1122  724 10% 8 231369 41453 96%
c -  0.46 42 45 3 120 2349 1360 10% 8 231369 41453 96%
c B  0.50 42 42 3 148 3003 1919 10% 8 231369 41453 96%
c -  0.63 42 39 4 252 3987 2028 10% 9 231369 41453 96%
c i  0.74 42 39 4 340 4974 2890 10% 9 231369 41328 96%
c d  0.83 43 39 4 340 5000 2870 10% 9 225814 39789 93%
c 2  0.97 43 39 4 340 5000 2870 10% 9 223507 39789 93%
c p  1.11 45 39 4 340 5000 6102 10% 9 223507 39789 93%
c s  1.28 39 39 4 353 5093 6178 10% 9 223501 39789 93%
c v  1.58 47 39 4 353 5093 6178 10% 9 220297 39789 93%
c w  1.66 48 39 4 353 5093 6162 10% 9 220297 39789 93%
c t  1.70 48 39 4 353 5093 6155 10% 9 199649 39789 93%
c e  2.20 49 39 4 353 5093 1904 10% 9 181689 23038 54%
c s  2.28 54 39 4 353 5093 1897 10% 9 181689 23038 54%
c F  2.45 55 40 4 414 6004 2661  5% 9 181689 23038 54%
c -  2.48 55 39 5 414 6035 1129  4% 9 181689 23038 54%
c 
c  seconds  reductions  redundant  irredundant
c         MB    restarts       trail       variables
c          level   conflicts       glue         remaining
c 
c i  2.54 55 37 5 491 6916 1837  4% 9 181689 22989 53%
c -  2.67 55 33 6 505 8301 2262  5% 8 177609 22989 53%
c i  2.78 55 29 6 506 9768 3488  5% 8 177609 22988 53%
c B  2.80 55 28 6 506 10005 3691  5% 8 177609 22988 53%
c i  2.82 55 28 6 506 10098 3766  5% 8 177609 22808 53%
c i  2.82 55 28 6 506 10109 3773  5% 8 177609 22685 53%
c }  2.82 55 28 6 506 10113 3774  5% 8 177609 22585 53%
c 0  2.82 55 28 6 506 10113 3774  5% 8 177609 22585 53%
c 
c --- [ result ] -------------------------------------------------------------
c 
s UNSATISFIABLE
c 
c --- [ run-time profiling ] -------------------------------------------------
c 
c process time taken by individual solving procedures
c (percentage relative to process time for solving)
c 
c         1.46   53.76% simplify
c         1.25   46.10% search
c         1.25   46.10% unstable
c         0.50   18.41% elim
c         0.34   12.37% vivify
c         0.19    7.07% subsume
c         0.14    5.15% probe
c         0.11    3.98% ternary
c   =================================
c         2.72   96.45% solve
c 
c last line shows process time for solving
c (percentage relative to total process time)
c 
c --- [ statistics ] ---------------------------------------------------------
c 
c backtracked:               30252       299.14 %  of conflicts
c chronological:              4122        13.63 %  of backtracks
c conflicts:                 10113      3723.49    per second
c decisions:                 43681     16082.84    per second
c eliminated:                16751        38.95 %  of all variables
c fixed:                      2133         4.96 %  of all variables
c learned:                    9140        90.38 %  per conflict
c minimized:                 97196        29.47 %  learned literals
c propagations:            4623905         1.70 M  per second
c reduced:                    1935        19.13 %  per conflict
c rephased:                      4      2528.25    interval
c restarts:                    506        19.99    interval
c substituted:                1539         3.58 %  of all variables
c subsumed:                   6582         0.77 %  of all clauses
c strengthened:               3083         0.36 %  of all clauses
c vivified:                   3355         0.39 %  of all clauses
c weakened:                  80559         3.74    average size
c 
c seconds are measured in process time for solving
c 
c --- [ resources ] ----------------------------------------------------------
c 
c total process time since initialization:         2.82    seconds
c total real time since initialization:            2.82    seconds
c maximum resident set size of process:           55.48    MB
c 
c --- [ shutting down ] ------------------------------------------------------
c 
c exit 20
