c --- [ banner ] -------------------------------------------------------------
c 
c CaDiCaL Radically Simplified CDCL SAT Solver
c Copyright (c) 2016-2019 Armin Biere, JKU Linz
c 
c Version 1.0.3 cb89cbfa16f47cb7bf1ec6ad9855e7b6d5203c18
c g++ (GCC) 6.3.0 -Wall -Wextra -O3 -DNDEBUG
c Fri Aug 23 08:17:16 CDT 2019 Linux login1 4.4.103-6.38-default x86_64
c 
c --- [ config ] -------------------------------------------------------------
c 
c using 'unsat' configuration (target unsatisfiable instances)
c 
c --- [ proof tracing ] ------------------------------------------------------
c 
c opening file to write '/tmp/59_395_0_four.drat'
c writing binary proof trace to '/tmp/59_395_0_four.drat'
c 
c --- [ parsing input ] ------------------------------------------------------
c 
c reading DIMACS file from '/tmp/59_395_0_four.cnf'
c opening file to read '/tmp/59_395_0_four.cnf'
c found 'p cnf 43008 265790' header
c parsed 265790 clauses in 0.13 seconds process time
c 
c --- [ options ] ------------------------------------------------------------
c 
c   --stabilize=false              (different from default 'true')
c   --walk=false                   (different from default 'true')
c 
c --- [ solving ] ------------------------------------------------------------
c 
c time measured in process time since initialization
c 
c  seconds  reductions  redundant  irredundant
c         MB    restarts       trail       variables
c          level   conflicts       glue         remaining
c 
c *  0.13 31  0 0   0    0    0  0% 0 240803 41442 96%
c {  0.13 31  0 0   0    0    0  0% 0 240803 41442 96%
c -  0.18 33 50 1  25  300  194  8% 7 231936 41442 96%
c I  0.24 34 53 1  98 1002  780  9% 9 231936 41442 96%
c -  0.32 42 50 2 105 1123  797  9% 9 231936 41442 96%
c -  0.45 42 50 3 183 2353 1343  9% 9 231936 41442 96%
c B  0.51 42 47 3 215 3004 1851  9% 9 231936 41442 96%
c -  0.63 42 42 4 250 3991 1920  9% 8 231936 41442 96%
c d  0.81 43 40 4 315 5000 2776  9% 9 228816 39882 93%
c 2  0.94 43 40 4 315 5000 2776  9% 9 226476 39882 93%
c p  1.07 46 40 4 315 5000 5640  9% 9 226476 39882 93%
c s  1.24 39 40 4 324 5086 5712  9% 9 226476 39882 93%
c v  1.53 48 40 4 324 5086 5712  9% 9 223311 39882 93%
c w  1.61 48 40 4 324 5086 5699  9% 9 223311 39879 93%
c t  1.64 48 40 4 324 5086 5696  9% 9 204110 39879 93%
c e  2.13 50 40 4 324 5086 1919  9% 9 187059 23774 55%
c s  2.21 52 40 4 324 5086 1910  9% 9 187059 23774 55%
c F  2.40 55 39 4 387 6005 2676  4% 9 187059 23774 55%
c -  2.43 56 39 5 387 6039 1243  4% 8 187059 23774 55%
c -  2.64 56 38 6 527 8329 2558  6% 9 187059 23774 55%
c 
c  seconds  reductions   redundant  irredundant
c         MB    restarts        trail       variables
c          level    conflicts       glue         remaining
c 
c B  2.78 56 36 6 576 10007 3997  6% 8 187059 23774 55%
c i  2.79 56 35 6 576 10159 4127  6% 8 187059 23770 55%
c i  2.80 56 34 6 576 10505 4388  6% 8 187059 23769 55%
c i  2.80 56 34 6 576 10545 4411  6% 8 187059 23713 55%
c i  2.80 56 34 6 576 10546 4411  6% 8 187059 23532 55%
c i  2.80 56 34 6 576 10557 4416  6% 8 187059 23490 55%
c i  2.80 56 34 6 576 10558 4416  6% 8 187059 23464 55%
c i  2.80 56 34 6 576 10560 4417  6% 8 187059 23297 54%
c i  2.81 56 34 6 576 10564 4420  6% 8 187059 23227 54%
c i  2.81 56 34 6 576 10570 4423  6% 8 187059 23198 54%
c }  2.81 56 34 6 576 10573 4424  6% 8 187059 22993 53%
c 0  2.81 56 34 6 576 10573 4424  6% 8 187059 22993 53%
c 
c --- [ result ] -------------------------------------------------------------
c 
s UNSATISFIABLE
c 
c --- [ run-time profiling ] -------------------------------------------------
c 
c process time taken by individual solving procedures
c (percentage relative to process time for solving)
c 
c         1.41   52.54% simplify
c         1.27   47.31% search
c         1.27   47.31% unstable
c         0.48   18.06% elim
c         0.32   11.94% vivify
c         0.19    7.16% subsume
c         0.13    4.78% probe
c         0.10    3.73% ternary
c   =================================
c         2.68   95.44% solve
c 
c last line shows process time for solving
c (percentage relative to total process time)
c 
c --- [ statistics ] ---------------------------------------------------------
c 
c backtracked:               29852       282.34 %  of conflicts
c chronological:              4098        13.73 %  of backtracks
c conflicts:                 10573      3945.15    per second
c decisions:                 53275     19878.73    per second
c eliminated:                16105        37.45 %  of all variables
c fixed:                      2350         5.46 %  of all variables
c learned:                    9455        89.43 %  per conflict
c minimized:                 98081        28.05 %  learned literals
c propagations:            4164435         1.55 M  per second
c reduced:                    1981        18.74 %  per conflict
c rephased:                      4      2643.25    interval
c restarts:                    576        18.36    interval
c substituted:                1560         3.63 %  of all variables
c subsumed:                   6463         0.76 %  of all clauses
c strengthened:               2780         0.33 %  of all clauses
c vivified:                   3291         0.38 %  of all clauses
c weakened:                  79762         3.71    average size
c 
c seconds are measured in process time for solving
c 
c --- [ resources ] ----------------------------------------------------------
c 
c total process time since initialization:         2.81    seconds
c total real time since initialization:            2.81    seconds
c maximum resident set size of process:           55.97    MB
c 
c --- [ shutting down ] ------------------------------------------------------
c 
c exit 20
