c --- [ banner ] -------------------------------------------------------------
c 
c CaDiCaL Radically Simplified CDCL SAT Solver
c Copyright (c) 2016-2019 Armin Biere, JKU Linz
c 
c Version 1.0.3 cb89cbfa16f47cb7bf1ec6ad9855e7b6d5203c18
c g++ (GCC) 6.3.0 -Wall -Wextra -O3 -DNDEBUG
c Fri Aug 23 08:17:16 CDT 2019 Linux login1 4.4.103-6.38-default x86_64
c 
c --- [ config ] -------------------------------------------------------------
c 
c using 'unsat' configuration (target unsatisfiable instances)
c 
c --- [ proof tracing ] ------------------------------------------------------
c 
c opening file to write '/tmp/36_670_0_three.drat'
c writing binary proof trace to '/tmp/36_670_0_three.drat'
c 
c --- [ parsing input ] ------------------------------------------------------
c 
c reading DIMACS file from '/tmp/36_670_0_three.cnf'
c opening file to read '/tmp/36_670_0_three.cnf'
c found 'p cnf 202048 780985' header
c parsed 780985 clauses in 0.34 seconds process time
c 
c --- [ options ] ------------------------------------------------------------
c 
c   --stabilize=false              (different from default 'true')
c   --walk=false                   (different from default 'true')
c 
c --- [ solving ] ------------------------------------------------------------
c 
c time measured in process time since initialization
c 
c  seconds  reductions  redundant  irredundant
c         MB    restarts       trail       variables
c          level   conflicts       glue          remaining
c 
c *  0.35 97  0 0   0    0    0  0% 0 780480 197493 98%
c {  0.37 99  0 0   0    0    0  0% 0 780480 197493 98%
c -  0.62 105 110 1  38  300  223  5% 6 692851 197493 98%
c I  1.01 110 46 1 135 1005  862  7% 8 692851 197493 98%
c -  1.51 129 41 2 193 1404 1174  7% 8 692851 197493 98%
c B  2.52 129 39 2 376 3007 2664  8% 8 692851 197493 98%
c -  2.74 129 39 3 376 3061 2116  8% 8 692851 197493 98%
c s  3.84 114 37 3 384 3966 2934 10% 8 692851 197493 98%
c w  5.12 133 37 3 384 3966 2927 10% 8 692851 197493 98%
c t  5.17 134 37 3 384 3966 2927 10% 8 692179 197493 98%
c e  6.93 127 37 3 384 3966   23 10% 8 170544 25888 13%
c s  7.11 146 37 3 384 3966   23 10% 8 170412 25888 13%
c e  7.32 146 37 3 384 3966   21 10% 8 170392 25855 13%
c 3  7.61 147 37 3 506 5000 2866  4% 8 170392 25855 13%
c 3  7.62 148 37 3 506 5000 3100  4% 8 170392 25855 13%
c d  7.66 148 37 3 506 5000 3032  4% 8 170392 25847 13%
c 2  7.68 148 37 3 506 5000 3016  4% 8 170392 25847 13%
c p  7.72 148 37 3 506 5000 3335  4% 8 170392 25847 13%
c -  7.79 148 37 4 529 5270 1269  5% 8 170392 25847 13%
c F  7.84 148 35 4 571 6008 1920  5% 8 170392 25847 13%
c 
c  seconds   reductions  redundant  irredundant
c          MB    restarts       trail       variables
c           level   conflicts       glue         remaining
c 
c -  7.99 148 35 5 692 7118 2207  5% 8 170392 25847 13%
c -  8.25 148 35 6 908 9334 3009  5% 9 170392 25847 13%
c B  8.31 148 33 6 915 10010 3599  5% 9 170392 25847 13%
c i  8.44 148 34 6 996 11113 4623  6% 9 170392 25846 13%
c -  8.56 148 33 7 1026 11921 3778  6% 9 170261 25846 13%
c s  8.90 148 29 7 1144 14848 6321  6% 8 170184 25846 13%
c v  9.08 148 29 7 1144 14848 6321  6% 8 160895 25846 13%
c w  9.17 148 29 7 1144 14848 6296  6% 8 160895 25836 13%
c t  9.18 148 29 7 1144 14848 6291  6% 8 152851 25836 13%
c e  9.33 149 29 7 1144 14848 3962  6% 8 147429 21881 11%
c s  9.38 149 29 7 1144 14848 3876  6% 8 146958 21881 11%
c e  9.44 149 29 7 1144 14848 3874  6% 8 146891 21858 11%
c -  9.55 149 29 8 1148 14880 2906  3% 8 146891 21858 11%
c d  9.58 149 29 8 1148 15001 3014  6% 8 146887 21857 11%
c 3  9.62 149 29 8 1148 15001 5638  6% 8 146887 21857 11%
c 3  9.64 149 29 8 1148 15001 6294  6% 8 146887 21857 11%
c d  9.67 149 29 8 1148 15001 5525  6% 8 146887 21738 11%
c 2  9.68 149 29 8 1148 15001 5323  6% 8 146881 21738 11%
c p  9.71 149 29 8 1148 15001 5566  6% 8 146881 21738 11%
c #  9.72 149 29 8 1148 15012 5576  6% 8 146881 21738 11%
c 
c  seconds   reductions    redundant  irredundant
c          MB    restarts         trail       variables
c           level     conflicts       glue         remaining
c 
c i  9.96 149 26 8 1172 17701 7915  6% 8 146881 21731 11%
c }  9.96 149 26 8 1172 17773 7960  6% 8 146881 21573 11%
c 0  9.96 149 26 8 1172 17773 7960  6% 8 146881 21573 11%
c 
c --- [ result ] -------------------------------------------------------------
c 
s UNSATISFIABLE
c 
c --- [ run-time profiling ] -------------------------------------------------
c 
c process time taken by individual solving procedures
c (percentage relative to process time for solving)
c 
c         4.92   51.16% search
c         4.90   50.96% unstable
c         4.69   48.71% simplify
c         2.12   22.03% elim
c         1.42   14.75% vivify
c         0.74    7.69% subsume
c         0.14    1.45% ternary
c         0.07    0.71% probe
c         0.02    0.21% lucky
c   =================================
c         9.62   96.63% solve
c 
c last line shows process time for solving
c (percentage relative to total process time)
c 
c --- [ statistics ] ---------------------------------------------------------
c 
c backtracked:               63551       357.57 %  of conflicts
c chronological:              7186        11.31 %  of backtracks
c conflicts:                 17773      1846.74    per second
c decisions:                 77455      8048.11    per second
c eliminated:               175616        86.92 %  of all variables
c fixed:                      4731         2.34 %  of all variables
c learned:                   17041        95.88 %  per conflict
c minimized:                138509        26.26 %  learned literals
c propagations:           17402448         1.81 M  per second
c reduced:                    5106        28.73 %  per conflict
c rephased:                      5      3554.60    interval
c restarts:                   1172        15.16    interval
c substituted:                 128         0.06 %  of all variables
c subsumed:                  15305         0.65 %  of all clauses
c strengthened:              13013         0.55 %  of all clauses
c ternary:                    7194         0.34 %  of resolved
c vivified:                   9884         0.42 %  of all clauses
c weakened:                 629841         2.89    average size
c 
c seconds are measured in process time for solving
c 
c --- [ resources ] ----------------------------------------------------------
c 
c total process time since initialization:         9.96    seconds
c total real time since initialization:            9.96    seconds
c maximum resident set size of process:          152.54    MB
c 
c --- [ shutting down ] ------------------------------------------------------
c 
c exit 20
