c --- [ banner ] -------------------------------------------------------------
c 
c CaDiCaL Radically Simplified CDCL SAT Solver
c Copyright (c) 2016-2019 Armin Biere, JKU Linz
c 
c Version 1.0.3 cb89cbfa16f47cb7bf1ec6ad9855e7b6d5203c18
c g++ (GCC) 6.3.0 -Wall -Wextra -O3 -DNDEBUG
c Fri Aug 23 08:17:16 CDT 2019 Linux login1 4.4.103-6.38-default x86_64
c 
c --- [ config ] -------------------------------------------------------------
c 
c using 'unsat' configuration (target unsatisfiable instances)
c 
c --- [ proof tracing ] ------------------------------------------------------
c 
c opening file to write '/tmp/46_1083_0_four.drat'
c writing binary proof trace to '/tmp/46_1083_0_four.drat'
c 
c --- [ parsing input ] ------------------------------------------------------
c 
c reading DIMACS file from '/tmp/46_1083_0_four.cnf'
c opening file to read '/tmp/46_1083_0_four.cnf'
c found 'p cnf 259840 1039929' header
c parsed 1039929 clauses in 0.65 seconds process time
c 
c --- [ options ] ------------------------------------------------------------
c 
c   --stabilize=false              (different from default 'true')
c   --walk=false                   (different from default 'true')
c 
c --- [ solving ] ------------------------------------------------------------
c 
c time measured in process time since initialization
c 
c  seconds   reductions  redundant   irredundant
c          MB    restarts       trail        variables
c           level   conflicts       glue           remaining
c 
c *  0.67 139  0 0   0    0    0  0% 0 1039424 253362 98%
c {  0.69 142  0 0   0    0    0  0% 0 1039424 253362 98%
c i  0.70 142 111 0   0   33   21  3% 3 1039424 253328 97%
c i  0.70 143 105 0   0   35   22  3% 3 1039424 253177 97%
c -  0.93 146 38 1  19  301  251  7% 7 909252 253087 97%
c I  1.44 146 45 1 122 1002  874  8% 9 909252 253087 97%
c -  1.97 177 50 2 153 1478 1154  8% 10 909252 253087 97%
c B  2.72 177 45 2 215 3003 2461  9% 9 909252 253087 97%
c -  3.04 177 43 3 217 3241 2035  9% 9 909252 253087 97%
c s  4.12 158 41 3 273 4076 2709  9% 9 909252 253087 97%
c v  5.28 181 41 3 273 4076 2709  9% 9 909246 253087 97%
c w  5.60 181 41 3 273 4076 2709  9% 9 909246 253087 97%
c t  5.66 181 41 3 273 4076 2709  9% 9 908723 253087 97%
c e  8.37 197 41 3 273 4076   33  9% 9 224392 27798 11%
c s  8.61 197 41 3 273 4076   33  9% 9 224216 27798 11%
c e  8.93 145 41 3 273 4076   30  9% 9 224216 27719 11%
c d  9.24 169 42 3 339 5000  819  7% 9 224211 27716 11%
c 3  9.30 169 42 3 339 5000 3410  7% 9 224211 27716 11%
c 3  9.31 169 42 3 339 5000 3678  7% 9 224211 27716 11%
c d  9.36 169 42 3 339 5000 3650  7% 9 224211 27712 11%
c 
c  seconds   reductions  redundant  irredundant
c          MB    restarts       trail       variables
c           level   conflicts       glue         remaining
c 
c 2  9.38 169 42 3 339 5000 3642  7% 9 224207 27711 11%
c p  9.48 169 42 3 339 5000 4364  7% 9 224207 27646 11%
c -  9.62 169 42 4 377 5592 1406  7% 9 219823 27646 11%
c F  9.64 169 40 4 378 6004 1745  6% 9 219823 27646 11%
c -  9.90 169 36 5 415 7606 2343  8% 8 219823 27646 11%
c i  9.93 169 35 5 415 7807 2500  7% 8 219823 27604 11%
c i  9.98 169 35 5 427 8245 2853  8% 8 219823 27458 11%
c i 10.01 169 33 5 427 8703 3215  8% 8 219823 27305 11%
c i 10.01 169 33 5 427 8707 3217  8% 8 219823 27188 10%
c i 10.01 169 33 5 427 8710 3219  8% 8 219823 27148 10%
c i 10.02 169 32 5 427 8762 3254  7% 8 219823 27144 10%
c i 10.02 169 32 5 427 8810 3284  7% 8 219823 27100 10%
c i 10.02 169 32 5 427 8862 3322  7% 8 219823 26956 10%
c i 10.02 169 32 5 427 8888 3336  7% 8 219823 26811 10%
c i 10.02 169 31 5 427 8890 3337  7% 8 219823 26782 10%
c i 10.02 169 31 5 427 8893 3338  7% 8 219823 26780 10%
c } 10.02 169 31 5 427 8896 3339  7% 8 219823 25907 10%
c 0 10.02 169 31 5 427 8896 3339  7% 8 219823 25907 10%
c 
c --- [ result ] -------------------------------------------------------------
c 
s UNSATISFIABLE
c 
c --- [ run-time profiling ] -------------------------------------------------
c 
c process time taken by individual solving procedures
c (percentage relative to process time for solving)
c 
c         5.53   59.00% simplify
c         3.82   40.78% search
c         3.80   40.53% unstable
c         2.96   31.57% elim
c         1.35   14.42% vivify
c         0.88    9.39% subsume
c         0.09    0.98% probe
c         0.08    0.90% ternary
c         0.02    0.26% lucky
c   =================================
c         9.38   93.54% solve
c 
c last line shows process time for solving
c (percentage relative to total process time)
c 
c --- [ statistics ] ---------------------------------------------------------
c 
c backtracked:               23777       267.28 %  of conflicts
c chronological:              3524        14.82 %  of backtracks
c conflicts:                  8896       948.81    per second
c decisions:                 36670      3911.05    per second
c eliminated:               225368        86.73 %  of all variables
c fixed:                      8558         3.29 %  of all variables
c learned:                    8204        92.22 %  per conflict
c minimized:                 71758        26.24 %  learned literals
c propagations:           13678996         1.46 M  per second
c reduced:                    1517        17.05 %  per conflict
c rephased:                      3      2965.33    interval
c restarts:                    427        20.83    interval
c substituted:                   7         0.00 %  of all variables
c subsumed:                   6247         0.21 %  of all clauses
c strengthened:              15116         0.50 %  of all clauses
c ternary:                    3187         0.33 %  of resolved
c vivified:                    132         0.00 %  of all clauses
c weakened:                 798615         2.83    average size
c 
c seconds are measured in process time for solving
c 
c --- [ resources ] ----------------------------------------------------------
c 
c total process time since initialization:        10.02    seconds
c total real time since initialization:           10.02    seconds
c maximum resident set size of process:          209.34    MB
c 
c --- [ shutting down ] ------------------------------------------------------
c 
c exit 20
