c --- [ banner ] -------------------------------------------------------------
c 
c CaDiCaL Radically Simplified CDCL SAT Solver
c Copyright (c) 2016-2019 Armin Biere, JKU Linz
c 
c Version 1.0.3 cb89cbfa16f47cb7bf1ec6ad9855e7b6d5203c18
c g++ (GCC) 6.3.0 -Wall -Wextra -O3 -DNDEBUG
c Fri Aug 23 08:17:16 CDT 2019 Linux login1 4.4.103-6.38-default x86_64
c 
c --- [ config ] -------------------------------------------------------------
c 
c using 'unsat' configuration (target unsatisfiable instances)
c 
c --- [ proof tracing ] ------------------------------------------------------
c 
c opening file to write '/tmp/46_614_0_four.drat'
c writing binary proof trace to '/tmp/46_614_0_four.drat'
c 
c --- [ parsing input ] ------------------------------------------------------
c 
c reading DIMACS file from '/tmp/46_614_0_four.cnf'
c opening file to read '/tmp/46_614_0_four.cnf'
c found 'p cnf 259840 1039929' header
c parsed 1039929 clauses in 0.45 seconds process time
c 
c --- [ options ] ------------------------------------------------------------
c 
c   --stabilize=false              (different from default 'true')
c   --walk=false                   (different from default 'true')
c 
c --- [ solving ] ------------------------------------------------------------
c 
c time measured in process time since initialization
c 
c  seconds   reductions  redundant   irredundant
c          MB    restarts       trail        variables
c           level   conflicts       glue           remaining
c 
c *  0.47 139  0 0   0    0    0  0% 0 1039424 253119 97%
c {  0.49 142  0 0   0    0    0  0% 0 1039424 253119 97%
c -  0.69 147 236 1  14  300  183  6% 5 911830 253119 97%
c i  0.76 147 177 1  40  400  273  6% 7 911830 252649 97%
c I  1.22 147 76 1 152 1002  803  8% 9 911830 252048 97%
c i  1.23 147 76 1 152 1005  805  8% 9 911830 251906 97%
c i  1.23 147 75 1 152 1006  805  8% 9 911830 251858 97%
c -  1.85 177 63 2 197 1476 1168  8% 9 893872 251858 97%
c i  2.42 177 44 2 227 2641 2137  9% 8 893872 251756 97%
c B  2.80 177 45 2 246 3004 2453 10% 8 893872 251756 97%
c -  3.21 177 43 3 265 3232 2047 10% 8 892328 251756 97%
c i  3.25 177 42 3 269 3339 2144 10% 8 892328 251593 97%
c i  3.49 177 40 3 304 3672 2450 10% 9 892328 250953 97%
c i  3.50 177 40 3 304 3689 2460 10% 9 892328 248277 96%
c i  3.57 177 40 3 305 3777 2536 10% 8 892328 248099 95%
c s  4.33 201 37 3 305 4077 2756 10% 8 892328 248099 95%
c v  5.35 202 37 3 305 4077 2756 10% 8 892197 248099 95%
c w  5.66 202 37 3 305 4077 2684 10% 8 892197 246336 95%
c t  5.73 202 37 3 305 4077 2684 10% 8 891787 246336 95%
c e  8.10 205 37 3 305 4077   29 10% 8 198692 25590 10%
c 
c  seconds   reductions  redundant  irredundant
c          MB    restarts       trail       variables
c           level   conflicts       glue         remaining
c 
c s  8.30 211 37 3 305 4077   26 10% 8 198496 25590 10%
c e  8.60 157 37 3 305 4077   26 10% 8 198496 25551 10%
c i  8.76 157 36 3 317 4391  283  4% 8 198496 25548 10%
c i  8.78 157 33 3 317 4873  644  4% 8 198496 25446 10%
c 3  8.84 157 32 3 317 5000 3494  4% 8 198496 25446 10%
c 3  8.86 157 32 3 317 5000 3876  4% 8 198496 25446 10%
c d  8.90 157 32 3 317 5000 3489  4% 8 195586 25435 10%
c d  8.91 157 32 3 317 5000 3486  4% 8 195382 25343 10%
c 2  8.92 157 32 3 317 5000 3464  4% 8 195373 25340 10%
c p  9.12 157 32 3 317 5000 5790  4% 8 195373 25331 10%
c }  9.15 157 32 3 317 5114 5867  4% 8 195373 25047 10%
c 0  9.15 157 32 3 317 5114 5867  4% 8 195373 25047 10%
c 
c --- [ result ] -------------------------------------------------------------
c 
s UNSATISFIABLE
c 
c --- [ run-time profiling ] -------------------------------------------------
c 
c process time taken by individual solving procedures
c (percentage relative to process time for solving)
c 
c         4.94   56.80% simplify
c         3.74   42.97% search
c         3.72   42.69% unstable
c         2.60   29.83% elim
c         1.22   13.97% vivify
c         0.72    8.23% subsume
c         0.21    2.39% probe
c         0.08    0.92% ternary
c         0.02    0.28% lucky
c   =================================
c         8.70   95.10% solve
c 
c last line shows process time for solving
c (percentage relative to total process time)
c 
c --- [ statistics ] ---------------------------------------------------------
c 
c backtracked:               26953       527.04 %  of conflicts
c chronological:              1974         7.32 %  of backtracks
c conflicts:                  5114       587.55    per second
c decisions:                 21840      2509.19    per second
c eliminated:               220784        84.97 %  of all variables
c fixed:                     13906         5.35 %  of all variables
c learned:                    4683        91.57 %  per conflict
c minimized:                 40298        25.22 %  learned literals
c propagations:           15002492         1.72 M  per second
c reduced:                     639        12.50 %  per conflict
c rephased:                      2      2557.00    interval
c restarts:                    317        16.13    interval
c substituted:                 103         0.04 %  of all variables
c subsumed:                   5533         0.19 %  of all clauses
c strengthened:              12895         0.44 %  of all clauses
c ternary:                    3888         0.29 %  of resolved
c vivified:                     90         0.00 %  of all clauses
c weakened:                 730718         2.81    average size
c 
c seconds are measured in process time for solving
c 
c --- [ resources ] ----------------------------------------------------------
c 
c total process time since initialization:         9.15    seconds
c total real time since initialization:            9.15    seconds
c maximum resident set size of process:          211.86    MB
c 
c --- [ shutting down ] ------------------------------------------------------
c 
c exit 20
