c --- [ banner ] -------------------------------------------------------------
c 
c CaDiCaL Radically Simplified CDCL SAT Solver
c Copyright (c) 2016-2019 Armin Biere, JKU Linz
c 
c Version 1.0.3 cb89cbfa16f47cb7bf1ec6ad9855e7b6d5203c18
c g++ (GCC) 6.3.0 -Wall -Wextra -O3 -DNDEBUG
c Fri Aug 23 08:17:16 CDT 2019 Linux login1 4.4.103-6.38-default x86_64
c 
c --- [ config ] -------------------------------------------------------------
c 
c using 'unsat' configuration (target unsatisfiable instances)
c 
c --- [ proof tracing ] ------------------------------------------------------
c 
c opening file to write '/tmp/2_1213_0_four.drat'
c writing binary proof trace to '/tmp/2_1213_0_four.drat'
c 
c --- [ parsing input ] ------------------------------------------------------
c 
c reading DIMACS file from '/tmp/2_1213_0_four.cnf'
c opening file to read '/tmp/2_1213_0_four.cnf'
c found 'p cnf 259840 1039929' header
c parsed 1039929 clauses in 0.76 seconds process time
c 
c --- [ options ] ------------------------------------------------------------
c 
c   --stabilize=false              (different from default 'true')
c   --walk=false                   (different from default 'true')
c 
c --- [ solving ] ------------------------------------------------------------
c 
c time measured in process time since initialization
c 
c  seconds   reductions  redundant   irredundant
c          MB    restarts       trail        variables
c           level   conflicts       glue           remaining
c 
c *  0.78 139  0 0   0    0    0  0% 0 1039424 253228 97%
c {  0.81 142  0 0   0    0    0  0% 0 1039424 253228 97%
c -  1.11 149 320 1  14  300  183  5% 5 913913 253228 97%
c I  1.67 149 91 1 170 1002  807  6% 8 913913 253228 97%
c -  2.20 180 73 2 205 1476 1182  7% 8 913913 253228 97%
c i  3.00 180 47 2 293 2869 2373  8% 8 913913 253003 97%
c B  3.07 180 47 2 296 3003 2491  9% 8 913913 253003 97%
c i  3.09 180 47 2 304 3030 2517  9% 8 913913 251980 97%
c i  3.20 180 45 2 318 3219 2684  9% 8 913913 251697 97%
c i  3.20 180 45 2 318 3226 2680  9% 8 913913 249118 96%
c -  3.47 178 44 3 318 3240 1681  9% 8 860504 249118 96%
c i  3.49 178 43 3 318 3308 1739  9% 8 860504 249116 96%
c i  3.49 178 43 3 318 3309 1739  9% 8 860504 247970 95%
c i  3.54 178 43 3 318 3432 1826  9% 8 860504 247591 95%
c }  3.55 178 42 3 318 3438 1824  9% 8 860504 247441 95%
c 0  3.55 178 42 3 318 3438 1824  9% 8 860504 247441 95%
c 
c --- [ result ] -------------------------------------------------------------
c 
s UNSATISFIABLE
c 
c --- [ run-time profiling ] -------------------------------------------------
c 
c process time taken by individual solving procedures
c (percentage relative to process time for solving)
c 
c         2.76   99.00% search
c         2.74   97.99% unstable
c         0.03    1.00% lucky
c         0.00    0.00% simplify
c   =================================
c         2.79   78.69% solve
c 
c last line shows process time for solving
c (percentage relative to total process time)
c 
c --- [ statistics ] ---------------------------------------------------------
c 
c backtracked:                4249       123.59 %  of conflicts
c chronological:              1471        34.62 %  of backtracks
c conflicts:                  3438      1231.38    per second
c decisions:                 19950      7145.42    per second
c fixed:                     12399         4.77 %  of all variables
c learned:                    3084        89.70 %  per conflict
c minimized:                 20989        20.23 %  learned literals
c propagations:            9011041         3.23 M  per second
c reduced:                     416        12.10 %  per conflict
c rephased:                      2      1719.00    interval
c restarts:                    318        10.81    interval
c subsumed:                    209         0.01 %  of all clauses
c 
c seconds are measured in process time for solving
c 
c --- [ resources ] ----------------------------------------------------------
c 
c total process time since initialization:         3.55    seconds
c total real time since initialization:            3.55    seconds
c maximum resident set size of process:          202.21    MB
c 
c --- [ shutting down ] ------------------------------------------------------
c 
c exit 20
