c --- [ banner ] -------------------------------------------------------------
c 
c CaDiCaL Radically Simplified CDCL SAT Solver
c Copyright (c) 2016-2019 Armin Biere, JKU Linz
c 
c Version 1.0.3 cb89cbfa16f47cb7bf1ec6ad9855e7b6d5203c18
c g++ (GCC) 6.3.0 -Wall -Wextra -O3 -DNDEBUG
c Fri Aug 23 08:17:16 CDT 2019 Linux login1 4.4.103-6.38-default x86_64
c 
c --- [ config ] -------------------------------------------------------------
c 
c using 'unsat' configuration (target unsatisfiable instances)
c 
c --- [ proof tracing ] ------------------------------------------------------
c 
c opening file to write '/tmp/2_255_0_four.drat'
c writing binary proof trace to '/tmp/2_255_0_four.drat'
c 
c --- [ parsing input ] ------------------------------------------------------
c 
c reading DIMACS file from '/tmp/2_255_0_four.cnf'
c opening file to read '/tmp/2_255_0_four.cnf'
c found 'p cnf 259840 1039929' header
c parsed 1039929 clauses in 0.44 seconds process time
c 
c --- [ options ] ------------------------------------------------------------
c 
c   --stabilize=false              (different from default 'true')
c   --walk=false                   (different from default 'true')
c 
c --- [ solving ] ------------------------------------------------------------
c 
c time measured in process time since initialization
c 
c  seconds   reductions  redundant   irredundant
c          MB    restarts       trail        variables
c           level   conflicts       glue           remaining
c 
c *  0.46 139  0 0   0    0    0  0% 0 1039424 252822 97%
c {  0.48 142  0 0   0    0    0  0% 0 1039424 252822 97%
c -  0.70 148 318 1  11  304  183  6% 5 909647 252822 97%
c i  0.89 148 138 1  77  616  448  6% 7 909647 252788 97%
c I  1.16 148 85 1 101 1003  776  7% 7 909647 252788 97%
c i  1.28 148 66 1 110 1240  984  7% 7 909647 252504 97%
c i  1.30 148 63 1 110 1319 1036  7% 7 909647 252090 97%
c i  1.30 148 63 1 110 1323 1038  7% 7 909647 252038 97%
c i  1.30 148 63 1 110 1326 1039  7% 7 909647 251365 97%
c }  1.30 148 62 1 110 1329 1040  7% 7 909647 248444 96%
c 0  1.30 148 62 1 110 1329 1040  7% 7 909647 248444 96%
c 
c --- [ result ] -------------------------------------------------------------
c 
s UNSATISFIABLE
c 
c --- [ run-time profiling ] -------------------------------------------------
c 
c process time taken by individual solving procedures
c (percentage relative to process time for solving)
c 
c         0.84   97.67% search
c         0.82   95.35% unstable
c         0.02    2.33% lucky
c         0.00    0.00% simplify
c   =================================
c         0.86   66.15% solve
c 
c last line shows process time for solving
c (percentage relative to total process time)
c 
c --- [ statistics ] ---------------------------------------------------------
c 
c backtracked:                1685       126.79 %  of conflicts
c chronological:               644        38.22 %  of backtracks
c conflicts:                  1329      1545.35    per second
c decisions:                  7199      8370.93    per second
c fixed:                     11396         4.39 %  of all variables
c learned:                    1200        90.29 %  per conflict
c minimized:                  8689        27.34 %  learned literals
c propagations:            2885576         3.36 M  per second
c rephased:                      1      1329.00    interval
c restarts:                    110        12.08    interval
c subsumed:                    154         0.01 %  of all clauses
c 
c seconds are measured in process time for solving
c 
c --- [ resources ] ----------------------------------------------------------
c 
c total process time since initialization:         1.30    seconds
c total real time since initialization:            1.30    seconds
c maximum resident set size of process:          155.29    MB
c 
c --- [ shutting down ] ------------------------------------------------------
c 
c exit 20
