c --- [ banner ] -------------------------------------------------------------
c 
c CaDiCaL Radically Simplified CDCL SAT Solver
c Copyright (c) 2016-2019 Armin Biere, JKU Linz
c 
c Version 1.0.3 cb89cbfa16f47cb7bf1ec6ad9855e7b6d5203c18
c g++ (GCC) 6.3.0 -Wall -Wextra -O3 -DNDEBUG
c Fri Aug 23 08:17:16 CDT 2019 Linux login1 4.4.103-6.38-default x86_64
c 
c --- [ config ] -------------------------------------------------------------
c 
c using 'unsat' configuration (target unsatisfiable instances)
c 
c --- [ proof tracing ] ------------------------------------------------------
c 
c opening file to write '/tmp/2_48_0_four.drat'
c writing binary proof trace to '/tmp/2_48_0_four.drat'
c 
c --- [ parsing input ] ------------------------------------------------------
c 
c reading DIMACS file from '/tmp/2_48_0_four.cnf'
c opening file to read '/tmp/2_48_0_four.cnf'
c found 'p cnf 259840 1039929' header
c parsed 1039929 clauses in 0.45 seconds process time
c 
c --- [ options ] ------------------------------------------------------------
c 
c   --stabilize=false              (different from default 'true')
c   --walk=false                   (different from default 'true')
c 
c --- [ solving ] ------------------------------------------------------------
c 
c time measured in process time since initialization
c 
c  seconds   reductions  redundant   irredundant
c          MB    restarts       trail        variables
c           level   conflicts       glue           remaining
c 
c *  0.47 139  0 0   0    0    0  0% 0 1039424 253236 97%
c {  0.49 142  0 0   0    0    0  0% 0 1039424 253236 97%
c -  0.75 149 319 1  13  300  185  5% 5 913921 253236 97%
c I  1.30 149 94 1 131 1002  788  7% 9 913921 253236 97%
c -  1.86 179 70 2 152 1477 1114  7% 8 913921 253236 97%
c i  1.98 180 61 2 152 1714 1312  7% 8 913921 252808 97%
c i  2.47 180 49 2 226 2630 2076  8% 8 913921 252694 97%
c i  2.47 180 49 2 226 2631 2076  8% 8 913921 250236 96%
c }  2.48 180 49 2 226 2640 2077  8% 8 913921 250194 96%
c 0  2.48 180 49 2 226 2640 2077  8% 8 913921 250194 96%
c 
c --- [ result ] -------------------------------------------------------------
c 
s UNSATISFIABLE
c 
c --- [ run-time profiling ] -------------------------------------------------
c 
c process time taken by individual solving procedures
c (percentage relative to process time for solving)
c 
c         2.00   99.01% search
c         1.99   98.22% unstable
c         0.02    0.79% lucky
c         0.00    0.00% simplify
c   =================================
c         2.02   81.74% solve
c 
c last line shows process time for solving
c (percentage relative to total process time)
c 
c --- [ statistics ] ---------------------------------------------------------
c 
c backtracked:                3263       123.60 %  of conflicts
c chronological:              1070        32.79 %  of backtracks
c conflicts:                  2640      1304.35    per second
c decisions:                 16769      8285.08    per second
c fixed:                      9646         3.71 %  of all variables
c learned:                    2318        87.80 %  per conflict
c minimized:                 15650        21.81 %  learned literals
c propagations:            6724856         3.32 M  per second
c reduced:                      35         1.33 %  per conflict
c rephased:                      1      2640.00    interval
c restarts:                    226        11.68    interval
c subsumed:                    202         0.01 %  of all clauses
c 
c seconds are measured in process time for solving
c 
c --- [ resources ] ----------------------------------------------------------
c 
c total process time since initialization:         2.48    seconds
c total real time since initialization:            2.48    seconds
c maximum resident set size of process:          179.54    MB
c 
c --- [ shutting down ] ------------------------------------------------------
c 
c exit 20
