c --- [ banner ] -------------------------------------------------------------
c 
c CaDiCaL Radically Simplified CDCL SAT Solver
c Copyright (c) 2016-2019 Armin Biere, JKU Linz
c 
c Version 1.0.3 cb89cbfa16f47cb7bf1ec6ad9855e7b6d5203c18
c g++ (GCC) 6.3.0 -Wall -Wextra -O3 -DNDEBUG
c Fri Aug 23 08:17:16 CDT 2019 Linux login1 4.4.103-6.38-default x86_64
c 
c --- [ config ] -------------------------------------------------------------
c 
c using 'unsat' configuration (target unsatisfiable instances)
c 
c --- [ proof tracing ] ------------------------------------------------------
c 
c opening file to write '/tmp/2_530_0_four.drat'
c writing binary proof trace to '/tmp/2_530_0_four.drat'
c 
c --- [ parsing input ] ------------------------------------------------------
c 
c reading DIMACS file from '/tmp/2_530_0_four.cnf'
c opening file to read '/tmp/2_530_0_four.cnf'
c found 'p cnf 259840 1039929' header
c parsed 1039929 clauses in 0.45 seconds process time
c 
c --- [ options ] ------------------------------------------------------------
c 
c   --stabilize=false              (different from default 'true')
c   --walk=false                   (different from default 'true')
c 
c --- [ solving ] ------------------------------------------------------------
c 
c time measured in process time since initialization
c 
c  seconds   reductions  redundant   irredundant
c          MB    restarts       trail        variables
c           level   conflicts       glue           remaining
c 
c *  0.47 139  0 0   0    0    0  0% 0 1039424 253238 97%
c {  0.48 142  0 0   0    0    0  0% 0 1039424 253238 97%
c -  0.74 148 315 1  15  300  188  5% 5 913917 253238 97%
c I  1.19 148 94 1 170 1002  821  6% 9 913917 253238 97%
c -  1.97 179 79 2 257 1476 1226  7% 10 913917 253238 97%
c B  2.70 179 56 2 337 3006 2531  9% 10 913917 253238 97%
c -  3.15 179 55 3 349 3240 2067  9% 10 913917 253238 97%
c s  4.44 160 54 3 389 4077 2808 10% 10 913917 253238 97%
c w  6.01 183 54 3 389 4077 2805 10% 10 913917 253238 97%
c t  6.08 183 54 3 389 4077 2805 10% 10 913344 253238 97%
c e  8.73 200 54 3 389 4077   44 10% 10 225669 27865 11%
c s  8.97 200 54 3 389 4077   44 10% 10 225450 27865 11%
c e  9.28 147 54 3 389 4077   40 10% 10 225450 27801 11%
c 3  9.68 159 52 3 437 5006 3493 10% 10 225450 27801 11%
c 3  9.69 159 52 3 437 5006 3547 10% 10 225450 27801 11%
c d  9.74 159 52 3 437 5006 3541 10% 10 225450 27800 11%
c 2  9.76 159 52 3 437 5006 3539 10% 10 225450 27800 11%
c p  9.82 159 52 3 437 5006 4876 10% 10 225450 27800 11%
c - 10.01 159 52 4 470 5593 1621 11% 10 225450 27800 11%
c F 10.06 159 51 4 471 6007 1975 10% 10 225450 27800 11%
c 
c  seconds   reductions  redundant  irredundant
c          MB    restarts       trail       variables
c           level   conflicts       glue         remaining
c 
c i 10.08 159 49 4 473 6241 2163 10% 9 225450 27799 11%
c i 10.10 159 49 4 477 6432 2332  9% 9 225450 27793 11%
c i 10.26 159 47 4 494 7538 3310 10% 9 225450 27790 11%
c - 10.32 159 46 5 510 7622 2215  9% 9 224600 27790 11%
c i 10.33 159 46 5 522 7730 2309  9% 9 224600 27785 11%
c i 10.33 159 46 5 522 7741 2308  9% 9 224600 27777 11%
c i 10.43 159 43 5 529 8521 2996  9% 9 224600 27711 11%
c i 10.44 159 42 5 537 8798 3216  8% 9 224600 27683 11%
c B 10.62 159 41 5 560 10010 4302  9% 9 224600 27683 11%
c - 10.68 159 41 6 560 10055 2898  9% 9 218613 27683 11%
c i 10.72 159 41 6 567 10237 3063  9% 9 218613 27633 11%
c i 10.72 159 41 6 567 10241 3065  9% 9 218613 27310 11%
c } 10.84 159 40 6 607 11118 3816 10% 9 218613 27250 10%
c 0 10.84 159 40 6 607 11118 3816 10% 9 218613 27250 10%
c 
c --- [ result ] -------------------------------------------------------------
c 
s UNSATISFIABLE
c 
c --- [ run-time profiling ] -------------------------------------------------
c 
c process time taken by individual solving procedures
c (percentage relative to process time for solving)
c 
c         5.49   52.79% simplify
c         4.89   47.02% search
c         4.87   46.86% unstable
c         2.89   27.82% elim
c         1.44   13.85% vivify
c         0.86    8.23% subsume
c         0.08    0.81% ternary
c         0.07    0.65% probe
c         0.02    0.15% lucky
c   =================================
c        10.40   95.87% solve
c 
c last line shows process time for solving
c (percentage relative to total process time)
c 
c --- [ statistics ] ---------------------------------------------------------
c 
c backtracked:               25637       230.59 %  of conflicts
c chronological:              4659        18.17 %  of backtracks
c conflicts:                 11118      1069.45    per second
c decisions:                 51632      4966.53    per second
c eliminated:               225437        86.76 %  of all variables
c fixed:                      7152         2.75 %  of all variables
c learned:                   10361        93.19 %  per conflict
c minimized:                 96479        24.76 %  learned literals
c propagations:           18593566         1.79 M  per second
c reduced:                    2458        22.11 %  per conflict
c rephased:                      4      2779.50    interval
c restarts:                    607        18.32    interval
c substituted:                   1         0.00 %  of all variables
c subsumed:                   6149         0.20 %  of all clauses
c strengthened:              15698         0.52 %  of all clauses
c ternary:                    3073         0.30 %  of resolved
c vivified:                    165         0.01 %  of all clauses
c weakened:                 802929         2.84    average size
c 
c seconds are measured in process time for solving
c 
c --- [ resources ] ----------------------------------------------------------
c 
c total process time since initialization:        10.84    seconds
c total real time since initialization:           10.84    seconds
c maximum resident set size of process:          211.84    MB
c 
c --- [ shutting down ] ------------------------------------------------------
c 
c exit 20
