c --- [ banner ] -------------------------------------------------------------
c 
c CaDiCaL Radically Simplified CDCL SAT Solver
c Copyright (c) 2016-2019 Armin Biere, JKU Linz
c 
c Version 1.0.3 cb89cbfa16f47cb7bf1ec6ad9855e7b6d5203c18
c g++ (GCC) 6.3.0 -Wall -Wextra -O3 -DNDEBUG
c Fri Aug 23 08:17:16 CDT 2019 Linux login1 4.4.103-6.38-default x86_64
c 
c --- [ config ] -------------------------------------------------------------
c 
c using 'unsat' configuration (target unsatisfiable instances)
c 
c --- [ proof tracing ] ------------------------------------------------------
c 
c opening file to write '/tmp/2_645_0_four.drat'
c writing binary proof trace to '/tmp/2_645_0_four.drat'
c 
c --- [ parsing input ] ------------------------------------------------------
c 
c reading DIMACS file from '/tmp/2_645_0_four.cnf'
c opening file to read '/tmp/2_645_0_four.cnf'
c found 'p cnf 259840 1039929' header
c parsed 1039929 clauses in 0.62 seconds process time
c 
c --- [ options ] ------------------------------------------------------------
c 
c   --stabilize=false              (different from default 'true')
c   --walk=false                   (different from default 'true')
c 
c --- [ solving ] ------------------------------------------------------------
c 
c time measured in process time since initialization
c 
c  seconds   reductions  redundant   irredundant
c          MB    restarts       trail        variables
c           level   conflicts       glue           remaining
c 
c *  0.64 139  0 0   0    0    0  0% 0 1039424 253850 98%
c {  0.66 142  0 0   0    0    0  0% 0 1039424 253850 98%
c -  0.86 147 316 1  12  300  188  5% 5 922361 253850 98%
c I  1.41 147 94 1 144 1006  842  6% 9 922361 253850 98%
c -  2.14 178 77 2 205 1478 1247  8% 9 922361 253850 98%
c B  3.50 178 61 2 349 3008 2611 10% 10 922361 253850 98%
c -  3.89 178 59 3 354 3246 2181 10% 10 922361 253850 98%
c s  5.08 159 54 3 400 4069 2901 10% 10 922361 253850 98%
c w  6.74 182 54 3 400 4069 2898 10% 10 922361 253850 98%
c t  6.82 183 54 3 400 4069 2898 10% 10 921713 253850 98%
c e  9.50 199 54 3 400 4069   49 10% 10 229124 28244 11%
c s  9.74 199 54 3 400 4069   49 10% 10 228827 28244 11%
c e 10.03 146 54 3 400 4069   47 10% 10 228827 28136 11%
c 3 10.38 158 55 3 499 5000 4515  8% 10 228827 28136 11%
c d 10.44 158 55 3 499 5000 4479  8% 10 228827 28130 11%
c 2 10.46 158 55 3 499 5000 4467  8% 10 228827 28130 11%
c p 10.52 158 55 3 499 5000 5996  8% 10 228827 28130 11%
c - 10.70 158 56 4 619 5607 1547  7% 10 228827 28130 11%
c F 10.73 158 55 4 651 6009 1885  7% 10 228827 28130 11%
c - 10.94 158 51 5 779 7648 2330  6% 10 228827 28130 11%
c 
c  seconds   reductions   redundant   irredundant
c          MB    restarts        trail        variables
c           level    conflicts       glue          remaining
c 
c B 11.18 158 47 5 813 10013 4376  7% 10 228827 28130 11%
c - 11.22 158 47 6 813 10095 3049  7% 10 228827 28130 11%
c i 11.32 158 44 6 813 11252 4039  6% 9 228827 28116 11%
c i 11.38 158 43 6 816 11891 4561  7% 9 228827 28092 11%
c i 11.38 158 43 6 816 11929 4591  7% 9 228827 28090 11%
c i 11.38 158 42 6 816 11954 4612  7% 9 228827 28002 11%
c i 11.38 158 42 6 816 11968 4625  7% 9 228827 27959 11%
c i 11.38 158 42 6 816 11970 4626  7% 9 228827 27853 11%
c i 11.38 158 42 6 816 11971 4626  7% 9 228827 27847 11%
c i 11.38 158 42 6 816 11973 4627  7% 9 228827 27329 11%
c } 11.38 158 42 6 816 11975 4627  7% 9 228827 27289 11%
c 0 11.38 158 42 6 816 11975 4627  7% 9 228827 27289 11%
c 
c --- [ result ] -------------------------------------------------------------
c 
s UNSATISFIABLE
c 
c --- [ run-time profiling ] -------------------------------------------------
c 
c process time taken by individual solving procedures
c (percentage relative to process time for solving)
c 
c         5.60   52.01% simplify
c         5.15   47.84% search
c         5.13   47.66% unstable
c         2.90   26.95% elim
c         1.54   14.28% vivify
c         0.86    7.99% subsume
c         0.09    0.82% ternary
c         0.06    0.59% probe
c         0.02    0.19% lucky
c   =================================
c        10.76   94.55% solve
c 
c last line shows process time for solving
c (percentage relative to total process time)
c 
c --- [ statistics ] ---------------------------------------------------------
c 
c backtracked:               27719       231.47 %  of conflicts
c chronological:              4992        18.01 %  of backtracks
c conflicts:                 11975      1112.92    per second
c decisions:                 71506      6645.54    per second
c eliminated:               225714        86.87 %  of all variables
c fixed:                      6831         2.63 %  of all variables
c learned:                   11122        92.88 %  per conflict
c minimized:                 91478        22.68 %  learned literals
c propagations:           19063339         1.77 M  per second
c reduced:                    3015        25.18 %  per conflict
c rephased:                      4      2993.75    interval
c restarts:                    816        14.68    interval
c substituted:                   6         0.00 %  of all variables
c subsumed:                   6130         0.20 %  of all clauses
c strengthened:              15272         0.50 %  of all clauses
c ternary:                    4109         0.33 %  of resolved
c vivified:                    202         0.01 %  of all clauses
c weakened:                 810050         2.85    average size
c 
c seconds are measured in process time for solving
c 
c --- [ resources ] ----------------------------------------------------------
c 
c total process time since initialization:        11.38    seconds
c total real time since initialization:           11.38    seconds
c maximum resident set size of process:          209.86    MB
c 
c --- [ shutting down ] ------------------------------------------------------
c 
c exit 20
