c --- [ banner ] -------------------------------------------------------------
c 
c CaDiCaL Radically Simplified CDCL SAT Solver
c Copyright (c) 2016-2019 Armin Biere, JKU Linz
c 
c Version 1.0.3 cb89cbfa16f47cb7bf1ec6ad9855e7b6d5203c18
c g++ (GCC) 6.3.0 -Wall -Wextra -O3 -DNDEBUG
c Fri Aug 23 08:17:16 CDT 2019 Linux login1 4.4.103-6.38-default x86_64
c 
c --- [ config ] -------------------------------------------------------------
c 
c using 'unsat' configuration (target unsatisfiable instances)
c 
c --- [ proof tracing ] ------------------------------------------------------
c 
c opening file to write '/tmp/67_742_0_six.drat'
c writing binary proof trace to '/tmp/67_742_0_six.drat'
c 
c --- [ parsing input ] ------------------------------------------------------
c 
c reading DIMACS file from '/tmp/67_742_0_six.cnf'
c opening file to read '/tmp/67_742_0_six.cnf'
c found 'p cnf 50176 399289' header
c parsed 399289 clauses in 0.22 seconds process time
c 
c --- [ options ] ------------------------------------------------------------
c 
c   --stabilize=false              (different from default 'true')
c   --walk=false                   (different from default 'true')
c 
c --- [ solving ] ------------------------------------------------------------
c 
c time measured in process time since initialization
c 
c  seconds  reductions  redundant  irredundant
c         MB    restarts       trail       variables
c          level   conflicts       glue         remaining
c 
c *  0.22 44  0 0   0    0    0  0% 0 363652 48364 96%
c {  0.22 45  0 0   0    0    0  0% 0 363652 48364 96%
c -  0.28 46 64 1  19  300  160 11% 10 353398 48364 96%
c I  0.38 49 119 1  71 1003  583 14% 12 353398 48364 96%
c -  0.50 61 107 2  71 1230  618 13% 12 353398 48364 96%
c -  0.68 61 70 3 143 2624 1245 11% 12 353398 48364 96%
c B  0.72 61 65 3 143 3007 1516 11% 11 353398 48364 96%
c -  0.92 62 66 4 236 4484 1868 11% 11 353398 48364 96%
c d  1.13 63 63 4 308 5000 2281 10% 12 348646 45988 92%
c 2  1.33 61 63 4 308 5000 2281 10% 12 342706 45988 92%
c p  1.56 64 63 4 308 5000 12327 10% 12 342706 45966 92%
c s  1.88 70 64 4 368 5824 12965 10% 11 342706 45966 92%
c v  2.32 70 64 4 368 5824 12965 10% 11 338401 45966 92%
c w  2.44 70 64 4 368 5824 12963 10% 11 338401 45966 92%
c t  2.48 70 64 4 368 5824 12962 10% 11 309052 45966 92%
c e  3.26 65 64 4 368 5824 6931 10% 11 291105 29705 59%
c F  3.58 74 63 4 379 6008 7070 11% 12 291105 29705 59%
c -  3.73 74 61 5 396 6806 1144 11% 11 291105 29705 59%
c -  4.00 74 59 6 531 9441 2504  7% 11 291105 29705 59%
c B  4.07 74 58 6 562 10009 2971  7% 11 291105 29705 59%
c 
c  seconds  reductions   redundant   irredundant
c         MB    restarts        trail        variables
c          level    conflicts       glue          remaining
c 
c -  4.38 83 56 7 660 12516 3463  7% 11 291105 29705 59%
c d  4.67 83 51 7 752 15002 5382  7% 10 291104 29704 59%
c 3  4.80 83 51 7 752 15002 25599  7% 10 291104 29704 59%
c p  4.94 83 51 7 752 15002 31666  7% 10 291104 29704 59%
c #  4.98 83 51 7 752 15012 31675  7% 10 291104 29704 59%
c -  5.19 92 50 8 788 16031 4740  7% 10 291104 29704 59%
c s  5.69 93 48 8 898 18997 7176  8% 10 291104 29704 59%
c v  6.06 93 48 8 898 18997 7176  8% 10 274652 29704 59%
c w  6.18 93 48 8 898 18997 7144  8% 10 274652 29698 59%
c t  6.19 93 48 8 898 18997 7144  8% 10 274561 29698 59%
c e  6.34 93 48 8 898 18997 6738  8% 10 273674 29572 59%
c s  6.37 93 48 8 898 18997 6576  8% 10 273094 29572 59%
c e  6.49 93 48 8 898 18997 6554  8% 10 273091 29564 59%
c -  6.75 67 47 9 922 19983 5439  8% 10 273091 29564 59%
c B  6.88 67 46 9 926 21016 6273  8% 10 273091 29564 59%
c -  7.38 75 43 10 1042 24291 6258  8% 9 273091 29564 59%
c O  8.04 75 40 10 1228 28019 9299  9% 9 273091 29564 59%
c i  8.05 75 40 10 1232 28153 9385  9% 9 273091 29563 59%
c i  8.07 75 40 10 1232 28313 9483  9% 9 273091 29531 59%
c i  8.07 75 40 10 1232 28314 9483  9% 9 273091 29483 59%
c 
c  seconds  reductions     redundant  irredundant
c         MB     restarts         trail       variables
c          level      conflicts       glue         remaining
c 
c i  8.07 75 40 10 1232 28315 9483  9% 9 273091 29384 59%
c i  8.07 75 40 10 1232 28320 9487  9% 9 273091 29313 58%
c }  8.07 75 40 10 1232 28323 9488  9% 9 273091 29172 58%
c 0  8.07 75 40 10 1232 28323 9488  9% 9 273091 29172 58%
c 
c --- [ result ] -------------------------------------------------------------
c 
s UNSATISFIABLE
c 
c --- [ run-time profiling ] -------------------------------------------------
c 
c process time taken by individual solving procedures
c (percentage relative to process time for solving)
c 
c         4.50   57.29% search
c         4.49   57.24% unstable
c         3.35   42.71% simplify
c         1.02   13.05% elim
c         0.94   11.98% vivify
c         0.39    4.94% subsume
c         0.32    4.03% ternary
c         0.29    3.72% probe
c         0.00    0.05% lucky
c   =================================
c         7.85   97.27% solve
c 
c last line shows process time for solving
c (percentage relative to total process time)
c 
c --- [ statistics ] ---------------------------------------------------------
c 
c backtracked:              109583       386.90 %  of conflicts
c chronological:             10486         9.57 %  of backtracks
c conflicts:                 28323      3608.94    per second
c decisions:                135112     17216.11    per second
c eliminated:                16395        32.67 %  of all variables
c fixed:                      2232         4.45 %  of all variables
c learned:                   25030        88.37 %  per conflict
c minimized:                392302        31.19 %  learned literals
c propagations:           15768017         2.01 M  per second
c reduced:                    9603        33.91 %  per conflict
c rephased:                      7      4046.14    interval
c restarts:                   1232        22.99    interval
c substituted:                2377         4.74 %  of all variables
c subsumed:                  30761         2.21 %  of all clauses
c strengthened:               6028         0.43 %  of all clauses
c ternary:                   29605         0.98 %  of resolved
c vivified:                  21433         1.54 %  of all clauses
c weakened:                 108721         4.10    average size
c 
c seconds are measured in process time for solving
c 
c --- [ resources ] ----------------------------------------------------------
c 
c total process time since initialization:         8.07    seconds
c total real time since initialization:            8.07    seconds
c maximum resident set size of process:           93.14    MB
c 
c --- [ shutting down ] ------------------------------------------------------
c 
c exit 20
