c --- [ banner ] -------------------------------------------------------------
c 
c CaDiCaL Radically Simplified CDCL SAT Solver
c Copyright (c) 2016-2019 Armin Biere, JKU Linz
c 
c Version 1.0.3 cb89cbfa16f47cb7bf1ec6ad9855e7b6d5203c18
c g++ (GCC) 6.3.0 -Wall -Wextra -O3 -DNDEBUG
c Fri Aug 23 08:17:16 CDT 2019 Linux login1 4.4.103-6.38-default x86_64
c 
c --- [ config ] -------------------------------------------------------------
c 
c using 'unsat' configuration (target unsatisfiable instances)
c 
c --- [ proof tracing ] ------------------------------------------------------
c 
c opening file to write '/tmp/67_787_0_six.drat'
c writing binary proof trace to '/tmp/67_787_0_six.drat'
c 
c --- [ parsing input ] ------------------------------------------------------
c 
c reading DIMACS file from '/tmp/67_787_0_six.cnf'
c opening file to read '/tmp/67_787_0_six.cnf'
c found 'p cnf 50176 399289' header
c parsed 399289 clauses in 0.17 seconds process time
c 
c --- [ options ] ------------------------------------------------------------
c 
c   --stabilize=false              (different from default 'true')
c   --walk=false                   (different from default 'true')
c 
c --- [ solving ] ------------------------------------------------------------
c 
c time measured in process time since initialization
c 
c  seconds  reductions  redundant  irredundant
c         MB    restarts       trail       variables
c          level   conflicts       glue         remaining
c 
c *  0.17 44  0 0   0    0    0  0% 0 363624 48032 96%
c {  0.17 45  0 0   0    0    0  0% 0 363624 48032 96%
c i  0.19 46 39 0  12  287  155  8% 6 363624 47996 96%
c i  0.19 47 39 0  12  288  155  8% 6 363624 47990 96%
c -  0.23 46 38 1  12  300  165  8% 6 343620 47990 96%
c i  0.24 46 44 1  12  387  228  9% 6 343620 47064 94%
c i  0.24 46 44 1  12  388  228  9% 6 343620 46757 93%
c i  0.24 46 43 1  12  389  228  9% 6 343620 46512 93%
c i  0.24 46 43 1  12  390  228  9% 6 343620 46478 93%
c }  0.24 46 43 1  12  392  228  9% 6 343620 46335 92%
c 0  0.24 46 43 1  12  392  228  9% 6 343620 46335 92%
c 
c --- [ result ] -------------------------------------------------------------
c 
s UNSATISFIABLE
c 
c --- [ run-time profiling ] -------------------------------------------------
c 
c process time taken by individual solving procedures
c (percentage relative to process time for solving)
c 
c         0.08  100.00% search
c         0.07   94.74% unstable
c         0.00    5.26% lucky
c         0.00    0.00% simplify
c   =================================
c         0.08   31.15% solve
c 
c last line shows process time for solving
c (percentage relative to total process time)
c 
c --- [ statistics ] ---------------------------------------------------------
c 
c backtracked:                 455       116.07 %  of conflicts
c chronological:               162        35.60 %  of backtracks
c conflicts:                   392      5157.89    per second
c decisions:                  2314     30447.37    per second
c fixed:                      3841         7.66 %  of all variables
c learned:                     289        73.72 %  per conflict
c minimized:                  2049        20.45 %  learned literals
c propagations:             105638         1.39 M  per second
c restarts:                     12        32.67    interval
c subsumed:                     53         0.01 %  of all clauses
c 
c seconds are measured in process time for solving
c 
c --- [ resources ] ----------------------------------------------------------
c 
c total process time since initialization:         0.24    seconds
c total real time since initialization:            0.25    seconds
c maximum resident set size of process:           49.09    MB
c 
c --- [ shutting down ] ------------------------------------------------------
c 
c exit 20
