c --- [ banner ] -------------------------------------------------------------
c 
c CaDiCaL Radically Simplified CDCL SAT Solver
c Copyright (c) 2016-2019 Armin Biere, JKU Linz
c 
c Version 1.0.3 cb89cbfa16f47cb7bf1ec6ad9855e7b6d5203c18
c g++ (GCC) 6.3.0 -Wall -Wextra -O3 -DNDEBUG
c Fri Aug 23 08:17:16 CDT 2019 Linux login1 4.4.103-6.38-default x86_64
c 
c --- [ config ] -------------------------------------------------------------
c 
c using 'unsat' configuration (target unsatisfiable instances)
c 
c --- [ proof tracing ] ------------------------------------------------------
c 
c opening file to write '/tmp/67_897_0_six.drat'
c writing binary proof trace to '/tmp/67_897_0_six.drat'
c 
c --- [ parsing input ] ------------------------------------------------------
c 
c reading DIMACS file from '/tmp/67_897_0_six.cnf'
c opening file to read '/tmp/67_897_0_six.cnf'
c found 'p cnf 50176 399289' header
c parsed 399289 clauses in 0.13 seconds process time
c 
c --- [ options ] ------------------------------------------------------------
c 
c   --stabilize=false              (different from default 'true')
c   --walk=false                   (different from default 'true')
c 
c --- [ solving ] ------------------------------------------------------------
c 
c time measured in process time since initialization
c 
c  seconds  reductions  redundant  irredundant
c         MB    restarts       trail       variables
c          level   conflicts       glue         remaining
c 
c *  0.14 44  0 0   0    0    0  0% 0 363633 48153 96%
c {  0.14 45  0 0   0    0    0  0% 0 363633 48153 96%
c -  0.19 46 51 1  40  302  227  7% 11 348155 48153 96%
c I  0.24 47 57 1  75 1002  771 10% 10 348155 48153 96%
c i  0.25 47 58 1  86 1148  858 10% 10 348155 48088 96%
c -  0.34 59 60 2  93 1229  796 10% 10 346408 48088 96%
c i  0.34 59 62 2  96 1328  832 10% 10 346408 47829 95%
c }  0.34 59 59 2  97 1417  874 10% 10 346408 47823 95%
c 0  0.34 59 59 2  97 1417  874 10% 10 346408 47823 95%
c 
c --- [ result ] -------------------------------------------------------------
c 
s UNSATISFIABLE
c 
c --- [ run-time profiling ] -------------------------------------------------
c 
c process time taken by individual solving procedures
c (percentage relative to process time for solving)
c 
c         0.21   98.11% search
c         0.21   98.11% unstable
c         0.00    0.00% simplify
c   =================================
c         0.21   61.63% solve
c 
c last line shows process time for solving
c (percentage relative to total process time)
c 
c --- [ statistics ] ---------------------------------------------------------
c 
c backtracked:                1700       119.97 %  of conflicts
c chronological:               544        32.00 %  of backtracks
c conflicts:                  1417      6683.96    per second
c decisions:                 11271     53165.09    per second
c fixed:                      2353         4.69 %  of all variables
c learned:                    1133        79.96 %  per conflict
c minimized:                 12002        22.23 %  learned literals
c propagations:             580394         2.74 M  per second
c reduced:                      97         6.85 %  per conflict
c rephased:                      1      1417.00    interval
c restarts:                     97        14.61    interval
c subsumed:                    142         0.02 %  of all clauses
c 
c seconds are measured in process time for solving
c 
c --- [ resources ] ----------------------------------------------------------
c 
c total process time since initialization:         0.34    seconds
c total real time since initialization:            0.35    seconds
c maximum resident set size of process:           59.43    MB
c 
c --- [ shutting down ] ------------------------------------------------------
c 
c exit 20
