c --- [ banner ] -------------------------------------------------------------
c 
c CaDiCaL Radically Simplified CDCL SAT Solver
c Copyright (c) 2016-2019 Armin Biere, JKU Linz
c 
c Version 1.0.3 cb89cbfa16f47cb7bf1ec6ad9855e7b6d5203c18
c g++ (GCC) 6.3.0 -Wall -Wextra -O3 -DNDEBUG
c Fri Aug 23 08:17:16 CDT 2019 Linux login1 4.4.103-6.38-default x86_64
c 
c --- [ config ] -------------------------------------------------------------
c 
c using 'unsat' configuration (target unsatisfiable instances)
c 
c --- [ proof tracing ] ------------------------------------------------------
c 
c opening file to write '/tmp/66_138_0_six.drat'
c writing binary proof trace to '/tmp/66_138_0_six.drat'
c 
c --- [ parsing input ] ------------------------------------------------------
c 
c reading DIMACS file from '/tmp/66_138_0_six.cnf'
c opening file to read '/tmp/66_138_0_six.cnf'
c found 'p cnf 50176 399294' header
c parsed 399294 clauses in 0.20 seconds process time
c 
c --- [ options ] ------------------------------------------------------------
c 
c   --stabilize=false              (different from default 'true')
c   --walk=false                   (different from default 'true')
c 
c --- [ solving ] ------------------------------------------------------------
c 
c time measured in process time since initialization
c 
c  seconds  reductions  redundant  irredundant
c         MB    restarts       trail       variables
c          level   conflicts       glue         remaining
c 
c *  0.21 44  0 0   0    0    0  0% 0 361738 48179 96%
c {  0.21 45  0 0   0    0    0  0% 0 361738 48179 96%
c -  0.27 46 90 1  25  305  172  8% 11 349031 48179 96%
c I  0.33 47 68 1  61 1007  660 10% 10 349031 48179 96%
c -  0.46 59 61 2  62 1231  762 10% 10 349031 48179 96%
c -  0.65 60 56 3 118 2619 1371 11% 10 349031 48179 96%
c B  0.67 60 53 3 135 3008 1635 11% 10 349031 48179 96%
c i  0.73 60 51 3 148 3663 2132 11% 9 349031 48178 96%
c i  0.73 60 51 3 148 3670 2136 11% 9 349031 48168 96%
c i  0.74 60 49 3 148 3770 2217 11% 9 349031 48123 96%
c i  0.74 60 49 3 148 3771 2217 11% 9 349031 47533 95%
c i  0.79 60 43 3 148 4242 2570 11% 9 349031 47427 95%
c i  0.79 60 43 3 148 4245 2571 11% 9 349031 47399 94%
c i  0.80 60 42 3 148 4355 2649 10% 9 349031 45501 91%
c i  0.80 60 42 3 148 4356 2649 10% 9 349031 45483 91%
c i  0.80 60 42 3 148 4387 2666 11% 9 349031 45455 91%
c i  0.80 60 41 3 148 4401 2677 11% 9 349031 45118 90%
c }  0.80 60 41 3 148 4427 2689 11% 9 349031 44971 90%
c 0  0.80 60 41 3 148 4427 2689 11% 9 349031 44971 90%
c 
c --- [ result ] -------------------------------------------------------------
c 
s UNSATISFIABLE
c 
c --- [ run-time profiling ] -------------------------------------------------
c 
c process time taken by individual solving procedures
c (percentage relative to process time for solving)
c 
c         0.60   99.33% search
c         0.59   98.67% unstable
c         0.00    0.67% lucky
c         0.00    0.00% simplify
c   =================================
c         0.60   74.63% solve
c 
c last line shows process time for solving
c (percentage relative to total process time)
c 
c --- [ statistics ] ---------------------------------------------------------
c 
c backtracked:                5183       117.08 %  of conflicts
c chronological:              1654        31.91 %  of backtracks
c conflicts:                  4427      7378.33    per second
c decisions:                 20169     33615.00    per second
c fixed:                      5205        10.37 %  of all variables
c learned:                    3547        80.12 %  per conflict
c minimized:                 53564        28.58 %  learned literals
c propagations:            1929431         3.22 M  per second
c reduced:                     470        10.62 %  per conflict
c rephased:                      2      2213.50    interval
c restarts:                    148        29.91    interval
c subsumed:                    377         0.05 %  of all clauses
c 
c seconds are measured in process time for solving
c 
c --- [ resources ] ----------------------------------------------------------
c 
c total process time since initialization:         0.80    seconds
c total real time since initialization:            0.80    seconds
c maximum resident set size of process:           68.87    MB
c 
c --- [ shutting down ] ------------------------------------------------------
c 
c exit 20
