c --- [ banner ] -------------------------------------------------------------
c 
c CaDiCaL Radically Simplified CDCL SAT Solver
c Copyright (c) 2016-2019 Armin Biere, JKU Linz
c 
c Version 1.0.3 cb89cbfa16f47cb7bf1ec6ad9855e7b6d5203c18
c g++ (GCC) 6.3.0 -Wall -Wextra -O3 -DNDEBUG
c Fri Aug 23 08:17:16 CDT 2019 Linux login1 4.4.103-6.38-default x86_64
c 
c --- [ config ] -------------------------------------------------------------
c 
c using 'unsat' configuration (target unsatisfiable instances)
c 
c --- [ proof tracing ] ------------------------------------------------------
c 
c opening file to write '/tmp/66_474_0_six.drat'
c writing binary proof trace to '/tmp/66_474_0_six.drat'
c 
c --- [ parsing input ] ------------------------------------------------------
c 
c reading DIMACS file from '/tmp/66_474_0_six.cnf'
c opening file to read '/tmp/66_474_0_six.cnf'
c found 'p cnf 50176 399294' header
c parsed 399294 clauses in 0.15 seconds process time
c 
c --- [ options ] ------------------------------------------------------------
c 
c   --stabilize=false              (different from default 'true')
c   --walk=false                   (different from default 'true')
c 
c --- [ solving ] ------------------------------------------------------------
c 
c time measured in process time since initialization
c 
c  seconds  reductions  redundant  irredundant
c         MB    restarts       trail       variables
c          level   conflicts       glue         remaining
c 
c *  0.15 44  0 0   0    0    0  0% 0 361758 48165 96%
c {  0.16 45  0 0   0    0    0  0% 0 361758 48165 96%
c -  0.21 46 57 1  15  301  220  8% 7 349029 48165 96%
c i  0.23 46 62 1  35  437  327  8% 8 349029 48164 96%
c i  0.24 47 54 1  39  535  403  8% 8 349029 48163 96%
c i  0.25 47 62 1  47  711  531  9% 8 349029 48037 96%
c I  0.27 47 58 1  82 1014  755 10% 9 349029 48037 96%
c -  0.39 59 55 2  92 1226  815 10% 9 345537 48037 96%
c i  0.41 60 47 2  92 1450 1007  9% 8 345537 48009 96%
c i  0.45 60 42 2 133 2059 1454 10% 8 345537 48008 96%
c -  0.56 60 42 3 185 2612 1449 10% 9 344659 48008 96%
c i  0.58 60 40 3 207 2994 1702 10% 9 344659 47471 95%
c B  0.58 60 40 3 212 3018 1720 10% 9 344659 47471 95%
c i  0.60 60 38 3 220 3258 1906 10% 9 344659 47470 95%
c -  0.76 59 39 4 287 4459 2050 10% 9 333068 47470 95%
c i  0.78 59 36 4 287 4730 2278 10% 9 333068 47142 94%
c d  0.94 60 35 4 306 5000 1880 10% 9 323418 44938 90%
c 2  1.12 60 35 4 306 5000 1880 10% 9 317905 44906 89%
c p  1.36 60 35 4 306 5000 13144 10% 9 317905 44519 89%
c d  1.40 61 35 4 306 5000 12038 10% 9 309247 44514 89%
c 
c  seconds  reductions   redundant  irredundant
c         MB    restarts        trail       variables
c          level   conflicts        glue         remaining
c 
c d  1.44 61 35 4 306 5000 12038 10% 9 309241 44512 89%
c s  1.76 75 34 4 343 5822 12629  6% 9 309239 44512 89%
c v  1.96 75 34 4 343 5822 12629  6% 9 306749 44512 89%
c w  2.03 75 34 4 343 5822 12597  6% 9 306749 44439 89%
c t  2.07 75 34 4 343 5822 12571  6% 9 277749 44439 89%
c e  2.60 75 34 4 343 5822 5002  6% 9 255527 26429 53%
c s  2.69 76 34 4 343 5822 5002  6% 9 255526 26429 53%
c e  2.76 76 34 4 343 5822 5000  6% 9 255525 26428 53%
c F  2.81 76 34 4 353 6019 5143  5% 9 255525 26428 53%
c i  2.82 76 34 4 353 6036 5148  5% 9 255525 26422 53%
c i  2.83 76 34 4 353 6233 5291  4% 9 255525 26060 52%
c }  2.83 76 33 4 353 6235 5291  4% 9 255525 25970 52%
c 0  2.83 76 33 4 353 6235 5291  4% 9 255525 25970 52%
c 
c --- [ result ] -------------------------------------------------------------
c 
s UNSATISFIABLE
c 
c --- [ run-time profiling ] -------------------------------------------------
c 
c process time taken by individual solving procedures
c (percentage relative to process time for solving)
c 
c         1.68   62.78% simplify
c         1.00   37.22% search
c         0.99   37.07% unstable
c         0.59   22.12% elim
c         0.24    8.82% probe
c         0.23    8.67% vivify
c         0.17    6.43% subsume
c         0.14    5.38% ternary
c         0.00    0.15% lucky
c   =================================
c         2.68   94.63% solve
c 
c last line shows process time for solving
c (percentage relative to total process time)
c 
c --- [ statistics ] ---------------------------------------------------------
c 
c backtracked:               26833       430.36 %  of conflicts
c chronological:              2112         7.87 %  of backtracks
c conflicts:                  6235      2329.97    per second
c decisions:                 28287     10570.63    per second
c eliminated:                18011        35.90 %  of all variables
c fixed:                      3984         7.94 %  of all variables
c learned:                    5421        86.94 %  per conflict
c minimized:                 91029        33.55 %  learned literals
c propagations:            4818244         1.80 M  per second
c reduced:                    1156        18.54 %  per conflict
c rephased:                      3      2078.33    interval
c restarts:                    353        17.66    interval
c substituted:                2211         4.41 %  of all variables
c subsumed:                   9686         0.79 %  of all clauses
c strengthened:               2406         0.20 %  of all clauses
c vivified:                   2578         0.21 %  of all clauses
c weakened:                 100881         4.06    average size
c 
c seconds are measured in process time for solving
c 
c --- [ resources ] ----------------------------------------------------------
c 
c total process time since initialization:         2.83    seconds
c total real time since initialization:            2.83    seconds
c maximum resident set size of process:           75.84    MB
c 
c --- [ shutting down ] ------------------------------------------------------
c 
c exit 20
