c --- [ banner ] -------------------------------------------------------------
c 
c CaDiCaL Radically Simplified CDCL SAT Solver
c Copyright (c) 2016-2019 Armin Biere, JKU Linz
c 
c Version 1.0.3 cb89cbfa16f47cb7bf1ec6ad9855e7b6d5203c18
c g++ (GCC) 6.3.0 -Wall -Wextra -O3 -DNDEBUG
c Fri Aug 23 08:17:16 CDT 2019 Linux login1 4.4.103-6.38-default x86_64
c 
c --- [ config ] -------------------------------------------------------------
c 
c using 'unsat' configuration (target unsatisfiable instances)
c 
c --- [ proof tracing ] ------------------------------------------------------
c 
c opening file to write '/tmp/45_772_0_three.drat'
c writing binary proof trace to '/tmp/45_772_0_three.drat'
c 
c --- [ parsing input ] ------------------------------------------------------
c 
c reading DIMACS file from '/tmp/45_772_0_three.cnf'
c opening file to read '/tmp/45_772_0_three.cnf'
c found 'p cnf 202048 780975' header
c parsed 780975 clauses in 0.54 seconds process time
c 
c --- [ options ] ------------------------------------------------------------
c 
c   --stabilize=false              (different from default 'true')
c   --walk=false                   (different from default 'true')
c 
c --- [ solving ] ------------------------------------------------------------
c 
c time measured in process time since initialization
c 
c  seconds  reductions  redundant  irredundant
c         MB    restarts       trail       variables
c          level   conflicts       glue          remaining
c 
c *  0.55 97  0 0   0    0    0  0% 0 780480 197992 98%
c {  0.57 99  0 0   0    0    0  0% 0 780480 197992 98%
c -  0.71 102 282 1  12  300  176  4% 4 700702 197992 98%
c I  1.24 107 83 1 138 1002  821  7% 8 700702 197992 98%
c -  1.80 126 68 2 179 1408 1174  9% 8 700702 197992 98%
c B  2.58 126 42 2 297 3005 2649  8% 8 700702 197992 98%
c -  2.83 127 42 3 301 3068 2204  8% 8 700702 197992 98%
c s  3.92 112 42 3 365 3958 2999  9% 8 700702 197992 98%
c v  4.98 139 42 3 365 3958 2999  9% 8 700700 197992 98%
c w  5.24 140 42 3 365 3958 2997  9% 8 700700 197992 98%
c t  5.29 140 42 3 365 3958 2997  9% 8 700200 197992 98%
c e  7.10 140 42 3 365 3958   17  9% 8 173606 26248 13%
c s  7.27 149 42 3 365 3958   17  9% 8 173470 26248 13%
c e  7.48 149 42 3 365 3958   14  9% 8 173441 26202 13%
c i  7.66 149 42 3 390 4212  238  5% 8 173441 26188 13%
c 3  7.80 149 39 3 426 5000 3229  8% 8 173441 26188 13%
c 3  7.81 149 39 3 426 5000 3463  8% 8 173441 26188 13%
c d  7.85 149 39 3 426 5000 3365  8% 8 172837 26176 13%
c d  7.87 149 39 3 426 5000 3365  8% 8 172763 26139 13%
c 2  7.87 149 39 3 426 5000 3341  8% 8 172758 26139 13%
c 
c  seconds   reductions  redundant  irredundant
c          MB    restarts       trail       variables
c           level   conflicts       glue         remaining
c 
c p  7.94 149 39 3 426 5000 5001  8% 8 172758 26134 13%
c -  8.02 149 39 4 455 5283 1301  7% 8 172322 26134 13%
c F  8.09 149 37 4 486 6007 1937  6% 8 172322 26134 13%
c -  8.23 149 34 5 520 7137 2189  7% 8 172322 26134 13%
c i  8.32 149 34 5 563 7948 2914  7% 8 172322 25897 13%
c }  8.32 149 34 5 563 7950 2914  7% 8 172322 25750 13%
c 0  8.32 149 34 5 563 7950 2914  7% 8 172322 25750 13%
c 
c --- [ result ] -------------------------------------------------------------
c 
s UNSATISFIABLE
c 
c --- [ run-time profiling ] -------------------------------------------------
c 
c process time taken by individual solving procedures
c (percentage relative to process time for solving)
c 
c         4.08   52.42% simplify
c         3.69   47.43% search
c         3.67   47.22% unstable
c         1.96   25.21% elim
c         1.20   15.43% vivify
c         0.64    8.23% subsume
c         0.07    0.93% ternary
c         0.07    0.87% probe
c         0.02    0.21% lucky
c   =================================
c         7.78   93.51% solve
c 
c last line shows process time for solving
c (percentage relative to total process time)
c 
c --- [ statistics ] ---------------------------------------------------------
c 
c backtracked:               23468       295.19 %  of conflicts
c chronological:              3373        14.37 %  of backtracks
c conflicts:                  7950      1022.38    per second
c decisions:                 37354      4803.76    per second
c eliminated:               171790        85.02 %  of all variables
c fixed:                      4459         2.21 %  of all variables
c learned:                    7516        94.54 %  per conflict
c minimized:                 63465        26.34 %  learned literals
c propagations:           13611612         1.75 M  per second
c reduced:                    1222        15.37 %  per conflict
c rephased:                      3      2650.00    interval
c restarts:                    563        14.12    interval
c substituted:                  49         0.02 %  of all variables
c subsumed:                   3938         0.17 %  of all clauses
c strengthened:               9844         0.43 %  of all clauses
c ternary:                    2828         0.33 %  of resolved
c vivified:                    163         0.01 %  of all clauses
c weakened:                 617182         2.86    average size
c 
c seconds are measured in process time for solving
c 
c --- [ resources ] ----------------------------------------------------------
c 
c total process time since initialization:         8.32    seconds
c total real time since initialization:            8.32    seconds
c maximum resident set size of process:          161.02    MB
c 
c --- [ shutting down ] ------------------------------------------------------
c 
c exit 20
