c --- [ banner ] -------------------------------------------------------------
c 
c CaDiCaL Radically Simplified CDCL SAT Solver
c Copyright (c) 2016-2019 Armin Biere, JKU Linz
c 
c Version 1.0.3 cb89cbfa16f47cb7bf1ec6ad9855e7b6d5203c18
c g++ (GCC) 6.3.0 -Wall -Wextra -O3 -DNDEBUG
c Fri Aug 23 08:17:16 CDT 2019 Linux login1 4.4.103-6.38-default x86_64
c 
c --- [ config ] -------------------------------------------------------------
c 
c using 'unsat' configuration (target unsatisfiable instances)
c 
c --- [ proof tracing ] ------------------------------------------------------
c 
c opening file to write '/tmp/30_663_0_four.drat'
c writing binary proof trace to '/tmp/30_663_0_four.drat'
c 
c --- [ parsing input ] ------------------------------------------------------
c 
c reading DIMACS file from '/tmp/30_663_0_four.cnf'
c opening file to read '/tmp/30_663_0_four.cnf'
c found 'p cnf 43008 265780' header
c parsed 265780 clauses in 0.11 seconds process time
c 
c --- [ options ] ------------------------------------------------------------
c 
c   --stabilize=false              (different from default 'true')
c   --walk=false                   (different from default 'true')
c 
c --- [ solving ] ------------------------------------------------------------
c 
c time measured in process time since initialization
c 
c  seconds  reductions  redundant  irredundant
c         MB    restarts       trail       variables
c          level   conflicts       glue         remaining
c 
c *  0.11 31  0 0   0    0    0  0% 0 243279 41586 97%
c {  0.11 32  0 0   0    0    0  0% 0 243279 41586 97%
c -  0.16 33 49 1  43  300  248  7% 8 233670 41586 97%
c I  0.22 34 53 1  99 1002  791  9% 9 233670 41586 97%
c -  0.31 42 53 2 100 1121  758  9% 9 233670 41586 97%
c i  0.34 42 58 2 131 1288  902  9% 10 233670 41504 97%
c i  0.34 42 55 2 132 1388  970  9% 9 233670 41324 96%
c i  0.34 42 55 2 132 1389  970  9% 9 233670 41260 96%
c i  0.35 42 52 2 136 1498 1047  8% 9 233670 41234 96%
c i  0.35 42 52 2 136 1504 1051  8% 9 233670 41073 96%
c i  0.35 42 52 2 136 1505 1051  8% 9 233670 41072 95%
c i  0.35 42 52 2 136 1506 1051  8% 9 233670 41071 95%
c i  0.35 42 52 2 136 1507 1051  8% 9 233670 41070 95%
c }  0.35 42 52 2 136 1510 1051  8% 9 233670 41048 95%
c 0  0.35 42 52 2 136 1510 1051  8% 9 233670 41048 95%
c 
c --- [ result ] -------------------------------------------------------------
c 
s UNSATISFIABLE
c 
c --- [ run-time profiling ] -------------------------------------------------
c 
c process time taken by individual solving procedures
c (percentage relative to process time for solving)
c 
c         0.24  100.00% search
c         0.24   98.33% unstable
c         0.00    1.67% lucky
c         0.00    0.00% simplify
c   =================================
c         0.24   68.97% solve
c 
c last line shows process time for solving
c (percentage relative to total process time)
c 
c --- [ statistics ] ---------------------------------------------------------
c 
c backtracked:                1873       124.04 %  of conflicts
c chronological:               664        35.45 %  of backtracks
c conflicts:                  1510      6291.67    per second
c decisions:                 11638     48491.67    per second
c fixed:                      1960         4.56 %  of all variables
c learned:                    1269        84.04 %  per conflict
c minimized:                  9193        21.61 %  learned literals
c propagations:             591019         2.46 M  per second
c reduced:                     123         8.15 %  per conflict
c rephased:                      1      1510.00    interval
c restarts:                    136        11.10    interval
c subsumed:                     85         0.02 %  of all clauses
c 
c seconds are measured in process time for solving
c 
c --- [ resources ] ----------------------------------------------------------
c 
c total process time since initialization:         0.35    seconds
c total real time since initialization:            0.35    seconds
c maximum resident set size of process:           42.32    MB
c 
c --- [ shutting down ] ------------------------------------------------------
c 
c exit 20
