c --- [ banner ] -------------------------------------------------------------
c 
c CaDiCaL Radically Simplified CDCL SAT Solver
c Copyright (c) 2016-2019 Armin Biere, JKU Linz
c 
c Version 1.0.3 cb89cbfa16f47cb7bf1ec6ad9855e7b6d5203c18
c g++ (GCC) 6.3.0 -Wall -Wextra -O3 -DNDEBUG
c Fri Aug 23 08:17:16 CDT 2019 Linux login1 4.4.103-6.38-default x86_64
c 
c --- [ config ] -------------------------------------------------------------
c 
c using 'unsat' configuration (target unsatisfiable instances)
c 
c --- [ proof tracing ] ------------------------------------------------------
c 
c opening file to write '/tmp/73_1073_0_four.drat'
c writing binary proof trace to '/tmp/73_1073_0_four.drat'
c 
c --- [ parsing input ] ------------------------------------------------------
c 
c reading DIMACS file from '/tmp/73_1073_0_four.cnf'
c opening file to read '/tmp/73_1073_0_four.cnf'
c found 'p cnf 43008 265785' header
c parsed 265785 clauses in 0.10 seconds process time
c 
c --- [ options ] ------------------------------------------------------------
c 
c   --stabilize=false              (different from default 'true')
c   --walk=false                   (different from default 'true')
c 
c --- [ solving ] ------------------------------------------------------------
c 
c time measured in process time since initialization
c 
c  seconds  reductions  redundant  irredundant
c         MB    restarts       trail       variables
c          level   conflicts       glue         remaining
c 
c *  0.10 31  0 0   0    0    0  0% 0 242039 41372 96%
c {  0.10 32  0 0   0    0    0  0% 0 242039 41372 96%
c i  0.11 32 49 0   0   33   28  6% 3 242039 41343 96%
c i  0.12 32 53 0   5  181  108  9% 6 242039 41170 96%
c i  0.13 33 58 0  17  255  166  9% 6 242039 41088 96%
c -  0.15 33 48 1  27  300  193  8% 7 223526 41054 95%
c i  0.15 33 48 1  27  301  193  8% 7 223526 40972 95%
c i  0.15 33 47 1  27  305  193  8% 7 223526 40943 95%
c i  0.16 33 48 1  28  325  206  8% 7 223526 40838 95%
c i  0.16 33 44 1  32  370  226  8% 7 223526 40636 94%
c i  0.16 33 44 1  32  371  226  8% 7 223526 40602 94%
c }  0.16 33 43 1  32  374  227  8% 7 223526 40593 94%
c 0  0.16 33 43 1  32  374  227  8% 7 223526 40593 94%
c 
c --- [ result ] -------------------------------------------------------------
c 
s UNSATISFIABLE
c 
c --- [ run-time profiling ] -------------------------------------------------
c 
c process time taken by individual solving procedures
c (percentage relative to process time for solving)
c 
c         0.06   93.33% search
c         0.06   93.33% unstable
c         0.00    0.00% simplify
c   =================================
c         0.06   37.50% solve
c 
c last line shows process time for solving
c (percentage relative to total process time)
c 
c --- [ statistics ] ---------------------------------------------------------
c 
c backtracked:                 465       124.33 %  of conflicts
c chronological:               160        34.41 %  of backtracks
c conflicts:                   374      6233.33    per second
c decisions:                  2634     43900.00    per second
c fixed:                      2415         5.62 %  of all variables
c learned:                     274        73.26 %  per conflict
c minimized:                  1241        20.06 %  learned literals
c propagations:             106768         1.78 M  per second
c restarts:                     32        11.69    interval
c subsumed:                     31         0.01 %  of all clauses
c 
c seconds are measured in process time for solving
c 
c --- [ resources ] ----------------------------------------------------------
c 
c total process time since initialization:         0.16    seconds
c total real time since initialization:            0.16    seconds
c maximum resident set size of process:           35.21    MB
c 
c --- [ shutting down ] ------------------------------------------------------
c 
c exit 20
