c --- [ banner ] -------------------------------------------------------------
c 
c CaDiCaL Radically Simplified CDCL SAT Solver
c Copyright (c) 2016-2019 Armin Biere, JKU Linz
c 
c Version 1.0.3 cb89cbfa16f47cb7bf1ec6ad9855e7b6d5203c18
c g++ (GCC) 6.3.0 -Wall -Wextra -O3 -DNDEBUG
c Fri Aug 23 08:17:16 CDT 2019 Linux login1 4.4.103-6.38-default x86_64
c 
c --- [ config ] -------------------------------------------------------------
c 
c using 'unsat' configuration (target unsatisfiable instances)
c 
c --- [ proof tracing ] ------------------------------------------------------
c 
c opening file to write '/tmp/73_43_0_four.drat'
c writing binary proof trace to '/tmp/73_43_0_four.drat'
c 
c --- [ parsing input ] ------------------------------------------------------
c 
c reading DIMACS file from '/tmp/73_43_0_four.cnf'
c opening file to read '/tmp/73_43_0_four.cnf'
c found 'p cnf 43008 265785' header
c parsed 265785 clauses in 0.10 seconds process time
c 
c --- [ options ] ------------------------------------------------------------
c 
c   --stabilize=false              (different from default 'true')
c   --walk=false                   (different from default 'true')
c 
c --- [ solving ] ------------------------------------------------------------
c 
c time measured in process time since initialization
c 
c  seconds  reductions  redundant  irredundant
c         MB    restarts       trail       variables
c          level   conflicts       glue         remaining
c 
c *  0.10 31  0 0   0    0    0  0% 0 242036 41431 96%
c {  0.10 31  0 0   0    0    0  0% 0 242036 41431 96%
c i  0.10 32 27 0   0   81   60  6% 3 242036 41421 96%
c i  0.11 32 33 0   5  114   85  6% 4 242036 41393 96%
c i  0.11 33 32 0   6  118   87  6% 4 242036 41375 96%
c -  0.15 33 32 1  41  301  231  6% 6 229477 41375 96%
c I  0.19 33 39 1 109 1005  763  8% 8 229477 41375 96%
c -  0.25 41 38 2 112 1117  749  8% 8 229477 41375 96%
c -  0.36 41 33 3 174 2341 1367  8% 8 229477 41375 96%
c B  0.40 41 31 3 221 3007 1864  8% 8 229477 41375 96%
c -  0.50 41 28 4 273 3975 1993  8% 8 229477 41375 96%
c i  0.52 41 26 4 284 4294 2234  8% 8 229477 41252 96%
c i  0.53 41 27 4 288 4470 2388  8% 8 229477 41217 96%
c i  0.53 41 27 4 305 4544 2459  8% 8 229477 41150 96%
c i  0.54 41 27 4 305 4678 2569  9% 7 229477 40821 95%
c i  0.54 41 27 4 305 4679 2569  9% 7 229477 40629 94%
c i  0.54 41 27 4 305 4767 2631  9% 7 229477 40557 94%
c i  0.55 41 27 4 305 4783 2646  9% 7 229477 39334 91%
c }  0.55 41 27 4 305 4785 2646  9% 7 229477 39258 91%
c 0  0.55 41 27 4 305 4785 2646  9% 7 229477 39258 91%
c 
c --- [ result ] -------------------------------------------------------------
c 
s UNSATISFIABLE
c 
c --- [ run-time profiling ] -------------------------------------------------
c 
c process time taken by individual solving procedures
c (percentage relative to process time for solving)
c 
c         0.45   99.12% search
c         0.45   99.12% unstable
c         0.00    0.00% simplify
c   =================================
c         0.45   82.48% solve
c 
c last line shows process time for solving
c (percentage relative to total process time)
c 
c --- [ statistics ] ---------------------------------------------------------
c 
c backtracked:                5852       122.30 %  of conflicts
c chronological:              1926        32.91 %  of backtracks
c conflicts:                  4785     10586.28    per second
c decisions:                 23034     50960.18    per second
c fixed:                      3750         8.72 %  of all variables
c learned:                    4167        87.08 %  per conflict
c minimized:                 48667        30.84 %  learned literals
c propagations:            1925674         4.26 M  per second
c reduced:                    1073        22.42 %  per conflict
c rephased:                      2      2392.50    interval
c restarts:                    305        15.69    interval
c subsumed:                    435         0.09 %  of all clauses
c 
c seconds are measured in process time for solving
c 
c --- [ resources ] ----------------------------------------------------------
c 
c total process time since initialization:         0.55    seconds
c total real time since initialization:            0.55    seconds
c maximum resident set size of process:           47.43    MB
c 
c --- [ shutting down ] ------------------------------------------------------
c 
c exit 20
