c --- [ banner ] -------------------------------------------------------------
c 
c CaDiCaL Radically Simplified CDCL SAT Solver
c Copyright (c) 2016-2019 Armin Biere, JKU Linz
c 
c Version 1.0.3 cb89cbfa16f47cb7bf1ec6ad9855e7b6d5203c18
c g++ (GCC) 6.3.0 -Wall -Wextra -O3 -DNDEBUG
c Fri Aug 23 08:17:16 CDT 2019 Linux login1 4.4.103-6.38-default x86_64
c 
c --- [ config ] -------------------------------------------------------------
c 
c using 'unsat' configuration (target unsatisfiable instances)
c 
c --- [ proof tracing ] ------------------------------------------------------
c 
c opening file to write '/tmp/73_743_0_four.drat'
c writing binary proof trace to '/tmp/73_743_0_four.drat'
c 
c --- [ parsing input ] ------------------------------------------------------
c 
c reading DIMACS file from '/tmp/73_743_0_four.cnf'
c opening file to read '/tmp/73_743_0_four.cnf'
c found 'p cnf 43008 265785' header
c parsed 265785 clauses in 0.10 seconds process time
c 
c --- [ options ] ------------------------------------------------------------
c 
c   --stabilize=false              (different from default 'true')
c   --walk=false                   (different from default 'true')
c 
c --- [ solving ] ------------------------------------------------------------
c 
c time measured in process time since initialization
c 
c  seconds  reductions  redundant  irredundant
c         MB    restarts       trail       variables
c          level   conflicts       glue         remaining
c 
c *  0.10 31  0 0   0    0    0  0% 0 242042 41594 97%
c {  0.11 31  0 0   0    0    0  0% 0 242042 41594 97%
c -  0.15 32 36 1   0  309  201  9% 6 234810 41594 97%
c I  0.20 34 41 1  61 1002  786  8% 8 234810 41594 97%
c -  0.28 42 38 2  62 1132  819  8% 8 234810 41594 97%
c -  0.43 42 35 3 175 2365 1497  8% 8 234810 41594 97%
c B  0.48 42 32 3 200 3007 2034  8% 8 234810 41594 97%
c i  0.55 42 31 3 213 3917 2779  9% 8 234810 41530 97%
c -  0.60 42 31 4 220 4011 2138  9% 8 233073 41530 97%
c i  0.65 42 31 4 253 4379 2471  9% 8 233073 41502 96%
c d  0.80 43 30 4 313 5000 2960  9% 8 229366 39938 93%
c 2  0.94 43 30 4 313 5000 2960  9% 8 227020 39938 93%
c p  1.26 46 30 4 313 5000 16366  9% 8 227020 39615 92%
c d  1.30 46 30 4 313 5000 11912  9% 8 219680 39604 92%
c d  1.33 46 30 4 313 5000 11883  9% 8 219674 39602 92%
c s  1.47 51 30 4 320 5082 11938  9% 8 219647 39602 92%
c v  1.72 51 30 4 320 5082 11938  9% 8 216685 39602 92%
c w  1.80 51 30 4 320 5082 11903  9% 8 216685 39602 92%
c t  1.84 51 30 4 320 5082 11755  9% 8 194877 39602 92%
c e  2.34 49 30 4 320 5082 2692  9% 8 176221 22283 52%
c 
c  seconds  reductions  redundant  irredundant
c         MB    restarts       trail       variables
c          level   conflicts       glue         remaining
c 
c s  2.42 54 30 4 320 5082 2672  9% 8 176221 22283 52%
c F  2.58 54 28 4 374 6014 3442  5% 8 176221 22283 52%
c i  2.58 54 28 4 374 6039 3455  5% 8 176221 22277 52%
c -  2.62 54 28 5 374 6063 1213  5% 8 175475 22277 52%
c i  2.62 54 28 5 374 6073 1219  5% 8 175475 22273 52%
c i  2.62 54 28 5 374 6080 1225  5% 8 175475 22192 52%
c i  2.62 54 28 5 374 6082 1226  5% 8 175475 22188 52%
c }  2.62 54 28 5 374 6092 1227  5% 8 175475 22082 51%
c 0  2.62 54 28 5 374 6092 1227  5% 8 175475 22082 51%
c 
c --- [ result ] -------------------------------------------------------------
c 
s UNSATISFIABLE
c 
c --- [ run-time profiling ] -------------------------------------------------
c 
c process time taken by individual solving procedures
c (percentage relative to process time for solving)
c 
c         1.64   65.18% simplify
c         0.88   34.82% search
c         0.87   34.66% unstable
c         0.49   19.40% elim
c         0.32   12.72% probe
c         0.29   11.61% vivify
c         0.19    7.63% subsume
c         0.11    4.29% ternary
c         0.00    0.16% lucky
c   =================================
c         2.52   96.03% solve
c 
c last line shows process time for solving
c (percentage relative to total process time)
c 
c --- [ statistics ] ---------------------------------------------------------
c 
c backtracked:               35305       579.53 %  of conflicts
c chronological:              2399         6.80 %  of backtracks
c conflicts:                  6092      2421.30    per second
c decisions:                 26601     10572.73    per second
c eliminated:                17319        40.27 %  of all variables
c fixed:                      2030         4.72 %  of all variables
c learned:                    5435        89.22 %  per conflict
c minimized:                 59289        27.75 %  learned literals
c propagations:            4394923         1.75 M  per second
c reduced:                    1314        21.57 %  per conflict
c rephased:                      3      2030.67    interval
c restarts:                    374        16.29    interval
c substituted:                1577         3.67 %  of all variables
c subsumed:                   6081         0.70 %  of all clauses
c strengthened:               3370         0.39 %  of all clauses
c vivified:                   3059         0.35 %  of all clauses
c weakened:                  80760         3.71    average size
c 
c seconds are measured in process time for solving
c 
c --- [ resources ] ----------------------------------------------------------
c 
c total process time since initialization:         2.62    seconds
c total real time since initialization:            2.62    seconds
c maximum resident set size of process:           54.44    MB
c 
c --- [ shutting down ] ------------------------------------------------------
c 
c exit 20
