c --- [ banner ] -------------------------------------------------------------
c 
c CaDiCaL Radically Simplified CDCL SAT Solver
c Copyright (c) 2016-2019 Armin Biere, JKU Linz
c 
c Version 1.0.3 cb89cbfa16f47cb7bf1ec6ad9855e7b6d5203c18
c g++ (GCC) 6.3.0 -Wall -Wextra -O3 -DNDEBUG
c Fri Aug 23 08:17:16 CDT 2019 Linux login1 4.4.103-6.38-default x86_64
c 
c --- [ config ] -------------------------------------------------------------
c 
c using 'unsat' configuration (target unsatisfiable instances)
c 
c --- [ proof tracing ] ------------------------------------------------------
c 
c opening file to write '/tmp/72_1120_0_four.drat'
c writing binary proof trace to '/tmp/72_1120_0_four.drat'
c 
c --- [ parsing input ] ------------------------------------------------------
c 
c reading DIMACS file from '/tmp/72_1120_0_four.cnf'
c opening file to read '/tmp/72_1120_0_four.cnf'
c found 'p cnf 259840 1039929' header
c parsed 1039929 clauses in 0.45 seconds process time
c 
c --- [ options ] ------------------------------------------------------------
c 
c   --stabilize=false              (different from default 'true')
c   --walk=false                   (different from default 'true')
c 
c --- [ solving ] ------------------------------------------------------------
c 
c time measured in process time since initialization
c 
c  seconds   reductions  redundant   irredundant
c          MB    restarts       trail        variables
c           level   conflicts       glue           remaining
c 
c *  0.46 139  0 0   0    0    0  0% 0 1039424 254073 98%
c {  0.48 141  0 0   0    0    0  0% 0 1039424 254073 98%
c -  0.68 147 314 1  10  301  185  5% 4 924507 254073 98%
c I  1.10 147 82 1 117 1002  797  6% 8 924507 254073 98%
c -  1.64 178 63 2 143 1482 1184  7% 8 924507 254073 98%
c B  2.34 178 37 2 286 3007 2470  7% 8 924507 254073 98%
c -  2.68 178 36 3 301 3252 2184  7% 8 924507 254073 98%
c s  3.73 159 34 3 389 4067 2868  7% 9 924507 254073 98%
c w  5.17 186 34 3 389 4067 2863  7% 9 924507 254073 98%
c t  5.23 186 34 3 389 4067 2863  7% 9 923995 254073 98%
c e  7.85 198 34 3 389 4067   45  7% 9 229841 28268 11%
c s  8.09 199 34 3 389 4067   43  7% 9 229683 28268 11%
c e  8.38 146 34 3 389 4067   37  7% 9 229683 28203 11%
c 3  8.68 158 34 3 417 5000 4255  6% 8 229683 28203 11%
c 3  8.70 158 34 3 417 5000 4681  6% 8 229683 28203 11%
c d  8.74 158 34 3 417 5000 4605  6% 8 229683 28195 11%
c 2  8.76 158 34 3 417 5000 4589  6% 8 229683 28195 11%
c p  8.83 158 34 3 417 5000 6948  6% 8 229683 28193 11%
c -  8.95 158 34 4 433 5611 1523  6% 8 229410 28193 11%
c F  8.98 158 34 4 502 6008 1880  5% 8 229410 28193 11%
c 
c  seconds   reductions  redundant  irredundant
c          MB    restarts       trail       variables
c           level   conflicts       glue         remaining
c 
c i  9.02 158 31 4 514 6660 2398  5% 8 229410 28125 11%
c i  9.04 158 30 4 514 6895 2595  5% 8 229410 28098 11%
c i  9.04 158 30 4 514 6918 2607  5% 8 229410 27874 11%
c i  9.07 158 30 4 514 7146 2800  6% 8 229410 27852 11%
c }  9.07 158 29 4 514 7170 2809  5% 8 229410 27839 11%
c 0  9.07 158 29 4 514 7170 2809  5% 8 229410 27839 11%
c 
c --- [ result ] -------------------------------------------------------------
c 
s UNSATISFIABLE
c 
c --- [ run-time profiling ] -------------------------------------------------
c 
c process time taken by individual solving procedures
c (percentage relative to process time for solving)
c 
c         5.27   61.09% simplify
c         3.34   38.73% search
c         3.32   38.50% unstable
c         2.84   32.93% elim
c         1.32   15.26% vivify
c         0.82    9.46% subsume
c         0.09    1.02% ternary
c         0.07    0.79% probe
c         0.02    0.23% lucky
c   =================================
c         8.62   95.06% solve
c 
c last line shows process time for solving
c (percentage relative to total process time)
c 
c --- [ statistics ] ---------------------------------------------------------
c 
c backtracked:               19799       276.14 %  of conflicts
c chronological:              2859        14.44 %  of backtracks
c conflicts:                  7170       831.40    per second
c decisions:                 30289      3512.18    per second
c eliminated:               225870        86.93 %  of all variables
c fixed:                      6123         2.36 %  of all variables
c learned:                    6602        92.08 %  per conflict
c minimized:                 69713        29.85 %  learned literals
c propagations:           12988102         1.51 M  per second
c reduced:                     532         7.42 %  per conflict
c rephased:                      3      2390.00    interval
c restarts:                    514        13.95    interval
c substituted:                   8         0.00 %  of all variables
c subsumed:                   6253         0.20 %  of all clauses
c strengthened:              15208         0.50 %  of all clauses
c ternary:                    4219         0.37 %  of resolved
c vivified:                     75         0.00 %  of all clauses
c weakened:                 811938         2.85    average size
c 
c seconds are measured in process time for solving
c 
c --- [ resources ] ----------------------------------------------------------
c 
c total process time since initialization:         9.07    seconds
c total real time since initialization:            9.07    seconds
c maximum resident set size of process:          210.92    MB
c 
c --- [ shutting down ] ------------------------------------------------------
c 
c exit 20
