c --- [ banner ] -------------------------------------------------------------
c 
c CaDiCaL Radically Simplified CDCL SAT Solver
c Copyright (c) 2016-2019 Armin Biere, JKU Linz
c 
c Version 1.0.3 cb89cbfa16f47cb7bf1ec6ad9855e7b6d5203c18
c g++ (GCC) 6.3.0 -Wall -Wextra -O3 -DNDEBUG
c Fri Aug 23 08:17:16 CDT 2019 Linux login1 4.4.103-6.38-default x86_64
c 
c --- [ config ] -------------------------------------------------------------
c 
c using 'unsat' configuration (target unsatisfiable instances)
c 
c --- [ proof tracing ] ------------------------------------------------------
c 
c opening file to write '/tmp/72_979_0_four.drat'
c writing binary proof trace to '/tmp/72_979_0_four.drat'
c 
c --- [ parsing input ] ------------------------------------------------------
c 
c reading DIMACS file from '/tmp/72_979_0_four.cnf'
c opening file to read '/tmp/72_979_0_four.cnf'
c found 'p cnf 259840 1039929' header
c parsed 1039929 clauses in 0.52 seconds process time
c 
c --- [ options ] ------------------------------------------------------------
c 
c   --stabilize=false              (different from default 'true')
c   --walk=false                   (different from default 'true')
c 
c --- [ solving ] ------------------------------------------------------------
c 
c time measured in process time since initialization
c 
c  seconds   reductions  redundant   irredundant
c          MB    restarts       trail        variables
c           level   conflicts       glue           remaining
c 
c *  0.54 139  0 0   0    0    0  0% 0 1039424 252964 97%
c {  0.56 142  0 0   0    0    0  0% 0 1039424 252964 97%
c -  0.74 146 315 1  10  300  182  5% 4 909718 252964 97%
c i  0.77 146 306 1  12  309  190  5% 4 909718 252924 97%
c }  0.77 146 305 1  12  311  190  5% 4 909718 252866 97%
c 0  0.77 146 305 1  12  311  190  5% 4 909718 252866 97%
c 
c --- [ result ] -------------------------------------------------------------
c 
s UNSATISFIABLE
c 
c --- [ run-time profiling ] -------------------------------------------------
c 
c process time taken by individual solving procedures
c (percentage relative to process time for solving)
c 
c         0.22   91.80% search
c         0.21   85.25% unstable
c         0.02    6.56% lucky
c         0.00    0.00% simplify
c   =================================
c         0.24   31.77% solve
c 
c last line shows process time for solving
c (percentage relative to total process time)
c 
c --- [ statistics ] ---------------------------------------------------------
c 
c backtracked:                 450       144.69 %  of conflicts
c chronological:               250        55.56 %  of backtracks
c conflicts:                   311      1274.59    per second
c decisions:                  2399      9831.97    per second
c fixed:                      6974         2.68 %  of all variables
c learned:                     295        94.86 %  per conflict
c minimized:                   124         5.89 %  learned literals
c propagations:             173308         0.71 M  per second
c restarts:                     12        25.92    interval
c subsumed:                    103         0.00 %  of all clauses
c 
c seconds are measured in process time for solving
c 
c --- [ resources ] ----------------------------------------------------------
c 
c total process time since initialization:         0.77    seconds
c total real time since initialization:            0.77    seconds
c maximum resident set size of process:          154.19    MB
c 
c --- [ shutting down ] ------------------------------------------------------
c 
c exit 20
