c --- [ banner ] -------------------------------------------------------------
c 
c CaDiCaL Radically Simplified CDCL SAT Solver
c Copyright (c) 2016-2019 Armin Biere, JKU Linz
c 
c Version 1.0.3 cb89cbfa16f47cb7bf1ec6ad9855e7b6d5203c18
c g++ (GCC) 6.3.0 -Wall -Wextra -O3 -DNDEBUG
c Fri Aug 23 08:17:16 CDT 2019 Linux login1 4.4.103-6.38-default x86_64
c 
c --- [ config ] -------------------------------------------------------------
c 
c using 'unsat' configuration (target unsatisfiable instances)
c 
c --- [ proof tracing ] ------------------------------------------------------
c 
c opening file to write '/tmp/61_865_0_four.drat'
c writing binary proof trace to '/tmp/61_865_0_four.drat'
c 
c --- [ parsing input ] ------------------------------------------------------
c 
c reading DIMACS file from '/tmp/61_865_0_four.cnf'
c opening file to read '/tmp/61_865_0_four.cnf'
c found 'p cnf 259840 1039929' header
c parsed 1039929 clauses in 0.45 seconds process time
c 
c --- [ options ] ------------------------------------------------------------
c 
c   --stabilize=false              (different from default 'true')
c   --walk=false                   (different from default 'true')
c 
c --- [ solving ] ------------------------------------------------------------
c 
c time measured in process time since initialization
c 
c  seconds   reductions  redundant   irredundant
c          MB    restarts       trail        variables
c           level   conflicts       glue           remaining
c 
c *  0.47 139  0 0   0    0    0  0% 0 1039424 252951 97%
c {  0.50 142  0 0   0    0    0  0% 0 1039424 252951 97%
c -  0.75 149 95 1  31  303  218  5% 6 909713 252951 97%
c i  0.82 149 80 1  41  388  282  6% 7 909713 252444 97%
c i  0.82 149 80 1  42  389  282  6% 7 909713 251234 97%
c i  0.82 149 78 1  43  394  286  6% 7 909713 251185 97%
c i  0.95 149 48 1  93  745  571  6% 9 909713 251035 97%
c i  0.96 149 48 1  93  791  611  6% 8 909713 250921 97%
c I  1.12 149 44 1 101 1005  798  7% 8 909713 250921 97%
c -  1.84 178 42 2 137 1479 1097  8% 9 881221 250921 97%
c i  2.09 178 34 2 149 1901 1443  9% 8 881221 250708 96%
c i  2.13 178 33 2 158 2029 1558  9% 8 881221 250517 96%
c i  2.23 178 35 2 164 2146 1656  9% 8 881221 249912 96%
c i  2.23 178 35 2 165 2147 1656  9% 8 881221 249545 96%
c i  2.23 178 35 2 165 2148 1656  9% 8 881221 249301 96%
c i  2.41 178 33 2 176 2468 1927  9% 8 881221 247507 95%
c }  2.41 178 33 2 176 2483 1929  9% 8 881221 246257 95%
c 0  2.41 178 33 2 176 2483 1929  9% 8 881221 246257 95%
c 
c --- [ result ] -------------------------------------------------------------
c 
s UNSATISFIABLE
c 
c --- [ run-time profiling ] -------------------------------------------------
c 
c process time taken by individual solving procedures
c (percentage relative to process time for solving)
c 
c         1.94   98.98% search
c         1.91   97.75% unstable
c         0.02    1.23% lucky
c         0.00    0.00% simplify
c   =================================
c         1.96   81.23% solve
c 
c last line shows process time for solving
c (percentage relative to total process time)
c 
c --- [ statistics ] ---------------------------------------------------------
c 
c backtracked:                2998       120.74 %  of conflicts
c chronological:               943        31.45 %  of backtracks
c conflicts:                  2483      1269.43    per second
c decisions:                 11088      5668.71    per second
c fixed:                     13583         5.23 %  of all variables
c learned:                    2293        92.35 %  per conflict
c minimized:                 25358        30.82 %  learned literals
c propagations:            6673794         3.41 M  per second
c reduced:                      23         0.93 %  per conflict
c rephased:                      1      2483.00    interval
c restarts:                    176        14.11    interval
c subsumed:                    235         0.01 %  of all clauses
c 
c seconds are measured in process time for solving
c 
c --- [ resources ] ----------------------------------------------------------
c 
c total process time since initialization:         2.41    seconds
c total real time since initialization:            2.41    seconds
c maximum resident set size of process:          178.29    MB
c 
c --- [ shutting down ] ------------------------------------------------------
c 
c exit 20
