c --- [ banner ] -------------------------------------------------------------
c 
c CaDiCaL Radically Simplified CDCL SAT Solver
c Copyright (c) 2016-2019 Armin Biere, JKU Linz
c 
c Version 1.0.3 cb89cbfa16f47cb7bf1ec6ad9855e7b6d5203c18
c g++ (GCC) 6.3.0 -Wall -Wextra -O3 -DNDEBUG
c Fri Aug 23 08:17:16 CDT 2019 Linux login1 4.4.103-6.38-default x86_64
c 
c --- [ config ] -------------------------------------------------------------
c 
c using 'unsat' configuration (target unsatisfiable instances)
c 
c --- [ proof tracing ] ------------------------------------------------------
c 
c opening file to write '/tmp/50_194_0_six.drat'
c writing binary proof trace to '/tmp/50_194_0_six.drat'
c 
c --- [ parsing input ] ------------------------------------------------------
c 
c reading DIMACS file from '/tmp/50_194_0_six.cnf'
c opening file to read '/tmp/50_194_0_six.cnf'
c found 'p cnf 50176 399289' header
c parsed 399289 clauses in 0.28 seconds process time
c 
c --- [ options ] ------------------------------------------------------------
c 
c   --stabilize=false              (different from default 'true')
c   --walk=false                   (different from default 'true')
c 
c --- [ solving ] ------------------------------------------------------------
c 
c time measured in process time since initialization
c 
c  seconds  reductions  redundant  irredundant
c         MB    restarts       trail       variables
c          level   conflicts       glue         remaining
c 
c *  0.28 44  0 0   0    0    0  0% 0 363882 48164 96%
c {  0.28 45  0 0   0    0    0  0% 0 363882 48164 96%
c -  0.37 46 75 1  34  309  208  8% 10 348162 48164 96%
c I  0.42 47 76 1  69 1005  651 10% 10 348162 48164 96%
c -  0.54 59 73 2  85 1234  687 10% 10 348162 48164 96%
c -  0.75 59 51 3 139 2621 1367 10% 10 348162 48164 96%
c B  0.78 59 47 3 139 3009 1621 10% 9 348162 48164 96%
c i  0.89 59 46 3 208 4340 2667 10% 9 348162 47889 95%
c -  0.98 59 44 4 208 4472 2041 10% 9 341663 47889 95%
c i  1.00 59 44 4 208 4673 2158 10% 9 341663 47859 95%
c i  1.00 59 44 4 208 4751 2187 10% 9 341663 47847 95%
c i  1.00 59 44 4 208 4752 2187 10% 9 341663 47754 95%
c }  1.00 59 44 4 208 4756 2187 10% 9 341663 47244 94%
c 0  1.00 59 44 4 208 4756 2187 10% 9 341663 47244 94%
c 
c --- [ result ] -------------------------------------------------------------
c 
s UNSATISFIABLE
c 
c --- [ run-time profiling ] -------------------------------------------------
c 
c process time taken by individual solving procedures
c (percentage relative to process time for solving)
c 
c         0.72  100.00% search
c         0.72   99.45% unstable
c         0.00    0.55% lucky
c         0.00    0.00% simplify
c   =================================
c         0.72   72.40% solve
c 
c last line shows process time for solving
c (percentage relative to total process time)
c 
c --- [ statistics ] ---------------------------------------------------------
c 
c backtracked:                5549       116.67 %  of conflicts
c chronological:              1651        29.75 %  of backtracks
c conflicts:                  4756      6569.06    per second
c decisions:                 23523     32490.33    per second
c fixed:                      2932         5.84 %  of all variables
c learned:                    3847        80.89 %  per conflict
c minimized:                 58856        29.09 %  learned literals
c propagations:            2009472         2.78 M  per second
c reduced:                    1112        23.38 %  per conflict
c rephased:                      2      2378.00    interval
c restarts:                    208        22.87    interval
c subsumed:                    498         0.07 %  of all clauses
c 
c seconds are measured in process time for solving
c 
c --- [ resources ] ----------------------------------------------------------
c 
c total process time since initialization:         1.00    seconds
c total real time since initialization:            1.00    seconds
c maximum resident set size of process:           68.44    MB
c 
c --- [ shutting down ] ------------------------------------------------------
c 
c exit 20
