c --- [ banner ] -------------------------------------------------------------
c 
c CaDiCaL Radically Simplified CDCL SAT Solver
c Copyright (c) 2016-2019 Armin Biere, JKU Linz
c 
c Version 1.0.3 cb89cbfa16f47cb7bf1ec6ad9855e7b6d5203c18
c g++ (GCC) 6.3.0 -Wall -Wextra -O3 -DNDEBUG
c Fri Aug 23 08:17:16 CDT 2019 Linux login1 4.4.103-6.38-default x86_64
c 
c --- [ config ] -------------------------------------------------------------
c 
c using 'unsat' configuration (target unsatisfiable instances)
c 
c --- [ proof tracing ] ------------------------------------------------------
c 
c opening file to write '/tmp/50_834_0_six.drat'
c writing binary proof trace to '/tmp/50_834_0_six.drat'
c 
c --- [ parsing input ] ------------------------------------------------------
c 
c reading DIMACS file from '/tmp/50_834_0_six.cnf'
c opening file to read '/tmp/50_834_0_six.cnf'
c found 'p cnf 50176 399289' header
c parsed 399289 clauses in 0.26 seconds process time
c 
c --- [ options ] ------------------------------------------------------------
c 
c   --stabilize=false              (different from default 'true')
c   --walk=false                   (different from default 'true')
c 
c --- [ solving ] ------------------------------------------------------------
c 
c time measured in process time since initialization
c 
c  seconds  reductions  redundant  irredundant
c         MB    restarts       trail       variables
c          level   conflicts       glue         remaining
c 
c *  0.26 44  0 0   0    0    0  0% 0 363873 48042 96%
c {  0.26 45  0 0   0    0    0  0% 0 363873 48042 96%
c i  0.27 45 31 0   0  180   96  6% 4 363873 48006 96%
c -  0.31 46 49 1  20  302  177  6% 10 344661 48006 96%
c I  0.36 46 62 1  69 1004  549  8% 13 344661 48006 96%
c i  0.36 47 61 1  69 1139  618  8% 12 344661 48000 96%
c -  0.46 58 60 2  69 1224  611  8% 11 344496 48000 96%
c i  0.52 59 56 2  90 1848 1063  9% 11 344496 47859 95%
c i  0.52 59 56 2  90 1849 1063  9% 11 344496 47765 95%
c -  0.65 58 46 3 103 2608 1279 10% 10 339031 47765 95%
c B  0.68 58 46 3 112 3009 1578 10% 10 339031 47765 95%
c i  0.75 58 45 3 153 3877 2253 11% 10 339031 47737 95%
c }  0.75 58 44 3 153 3902 2261 11% 10 339031 47127 94%
c 0  0.75 58 44 3 153 3902 2261 11% 10 339031 47127 94%
c 
c --- [ result ] -------------------------------------------------------------
c 
s UNSATISFIABLE
c 
c --- [ run-time profiling ] -------------------------------------------------
c 
c process time taken by individual solving procedures
c (percentage relative to process time for solving)
c 
c         0.49  100.00% search
c         0.48   99.18% unstable
c         0.00    0.82% lucky
c         0.00    0.00% simplify
c   =================================
c         0.49   65.24% solve
c 
c last line shows process time for solving
c (percentage relative to total process time)
c 
c --- [ statistics ] ---------------------------------------------------------
c 
c backtracked:                4526       115.99 %  of conflicts
c chronological:              1368        30.23 %  of backtracks
c conflicts:                  3902      7995.90    per second
c decisions:                 17704     36278.69    per second
c fixed:                      3049         6.08 %  of all variables
c learned:                    3039        77.88 %  per conflict
c minimized:                 47957        28.74 %  learned literals
c propagations:            1477600         3.03 M  per second
c reduced:                     399        10.23 %  per conflict
c rephased:                      2      1951.00    interval
c restarts:                    153        25.50    interval
c subsumed:                    368         0.05 %  of all clauses
c 
c seconds are measured in process time for solving
c 
c --- [ resources ] ----------------------------------------------------------
c 
c total process time since initialization:         0.75    seconds
c total real time since initialization:            0.75    seconds
c maximum resident set size of process:           67.62    MB
c 
c --- [ shutting down ] ------------------------------------------------------
c 
c exit 20
