c --- [ banner ] -------------------------------------------------------------
c 
c CaDiCaL Radically Simplified CDCL SAT Solver
c Copyright (c) 2016-2019 Armin Biere, JKU Linz
c 
c Version 1.0.3 cb89cbfa16f47cb7bf1ec6ad9855e7b6d5203c18
c g++ (GCC) 6.3.0 -Wall -Wextra -O3 -DNDEBUG
c Fri Aug 23 08:17:16 CDT 2019 Linux login1 4.4.103-6.38-default x86_64
c 
c --- [ config ] -------------------------------------------------------------
c 
c using 'unsat' configuration (target unsatisfiable instances)
c 
c --- [ proof tracing ] ------------------------------------------------------
c 
c opening file to write '/tmp/15_86_0_three.drat'
c writing binary proof trace to '/tmp/15_86_0_three.drat'
c 
c --- [ parsing input ] ------------------------------------------------------
c 
c reading DIMACS file from '/tmp/15_86_0_three.cnf'
c opening file to read '/tmp/15_86_0_three.cnf'
c found 'p cnf 202048 780990' header
c parsed 780990 clauses in 0.32 seconds process time
c 
c --- [ options ] ------------------------------------------------------------
c 
c   --stabilize=false              (different from default 'true')
c   --walk=false                   (different from default 'true')
c 
c --- [ solving ] ------------------------------------------------------------
c 
c time measured in process time since initialization
c 
c  seconds  reductions  redundant  irredundant
c         MB    restarts       trail       variables
c          level   conflicts       glue          remaining
c 
c *  0.33 97  0 0   0    0    0  0% 0 780480 197037 98%
c {  0.35 99  0 0   0    0    0  0% 0 780480 197037 98%
c -  0.50 102 317 1   0  300  166  5% 3 688053 197037 98%
c I  0.87 107 80 1 144 1004  816  6% 7 688053 197037 98%
c -  1.27 125 60 2 181 1403 1169  7% 7 688053 197037 98%
c }  2.28 125 37 2 303 2899 2526  8% 7 688053 196538 97%
c 0  2.28 125 37 2 303 2899 2526  8% 7 688053 196538 97%
c 
c --- [ result ] -------------------------------------------------------------
c 
s UNSATISFIABLE
c 
c --- [ run-time profiling ] -------------------------------------------------
c 
c process time taken by individual solving procedures
c (percentage relative to process time for solving)
c 
c         1.95   99.19% search
c         1.93   98.17% unstable
c         0.02    1.02% lucky
c         0.00    0.00% simplify
c   =================================
c         1.97   86.16% solve
c 
c last line shows process time for solving
c (percentage relative to total process time)
c 
c --- [ statistics ] ---------------------------------------------------------
c 
c backtracked:                3697       127.53 %  of conflicts
c chronological:              1341        36.27 %  of backtracks
c conflicts:                  2899      1473.07    per second
c decisions:                 15784      8020.33    per second
c fixed:                      5510         2.73 %  of all variables
c learned:                    2758        95.14 %  per conflict
c minimized:                 22401        28.71 %  learned literals
c propagations:            7091924         3.60 M  per second
c reduced:                       9         0.31 %  per conflict
c rephased:                      1      2899.00    interval
c restarts:                    303         9.57    interval
c subsumed:                    222         0.01 %  of all clauses
c 
c seconds are measured in process time for solving
c 
c --- [ resources ] ----------------------------------------------------------
c 
c total process time since initialization:         2.28    seconds
c total real time since initialization:            2.29    seconds
c maximum resident set size of process:          125.46    MB
c 
c --- [ shutting down ] ------------------------------------------------------
c 
c exit 20
