c --- [ banner ] -------------------------------------------------------------
c 
c CaDiCaL Radically Simplified CDCL SAT Solver
c Copyright (c) 2016-2019 Armin Biere, JKU Linz
c 
c Version 1.0.3 cb89cbfa16f47cb7bf1ec6ad9855e7b6d5203c18
c g++ (GCC) 6.3.0 -Wall -Wextra -O3 -DNDEBUG
c Fri Aug 23 08:17:16 CDT 2019 Linux login1 4.4.103-6.38-default x86_64
c 
c --- [ config ] -------------------------------------------------------------
c 
c using 'unsat' configuration (target unsatisfiable instances)
c 
c --- [ proof tracing ] ------------------------------------------------------
c 
c opening file to write '/tmp/15_9_0_three.drat'
c writing binary proof trace to '/tmp/15_9_0_three.drat'
c 
c --- [ parsing input ] ------------------------------------------------------
c 
c reading DIMACS file from '/tmp/15_9_0_three.cnf'
c opening file to read '/tmp/15_9_0_three.cnf'
c found 'p cnf 202048 780990' header
c parsed 780990 clauses in 0.54 seconds process time
c 
c --- [ options ] ------------------------------------------------------------
c 
c   --stabilize=false              (different from default 'true')
c   --walk=false                   (different from default 'true')
c 
c --- [ solving ] ------------------------------------------------------------
c 
c time measured in process time since initialization
c 
c  seconds  reductions  redundant  irredundant
c         MB    restarts       trail       variables
c          level   conflicts       glue          remaining
c 
c *  0.56 97  0 0   0    0    0  0% 0 780480 197132 98%
c {  0.58 99  0 0   0    0    0  0% 0 780480 197132 98%
c -  0.81 103 292 1   8  300  173  5% 4 689622 197132 98%
c I  1.26 108 82 1 178 1002  824  6% 8 689622 197132 98%
c -  1.70 126 67 2 228 1404 1164  7% 8 689622 197132 98%
c B  2.47 126 47 2 339 3003 2652  8% 8 689622 197132 98%
c -  2.65 126 46 3 339 3058 2173  8% 8 689622 197132 98%
c i  2.91 126 45 3 373 3550 2617  9% 9 689622 197030 98%
c s  3.86 112 49 3 455 3971 2987  9% 9 689622 197030 98%
c v  4.95 134 49 3 455 3971 2987  9% 9 689584 197030 98%
c w  5.30 134 49 3 455 3971 2959  9% 9 689584 197030 98%
c t  5.36 134 49 3 455 3971 2959  9% 9 689032 196815 97%
c e  7.25 139 49 3 455 3971   20  9% 9 167486 25598 13%
c s  7.42 148 49 3 455 3971   20  9% 9 167365 25598 13%
c e  7.62 148 49 3 455 3971   19  9% 9 167346 25553 13%
c 3  7.90 148 44 3 514 5000 2476  6% 9 167346 25553 13%
c 3  7.90 148 44 3 514 5000 2662  6% 9 167346 25553 13%
c d  7.94 148 44 3 514 5000 2586  6% 9 167346 25545 13%
c 2  7.96 148 44 3 514 5000 2570  6% 9 167346 25545 13%
c p  8.00 148 44 3 514 5000 2966  6% 9 167346 25545 13%
c 
c  seconds   reductions  redundant  irredundant
c          MB    restarts       trail       variables
c           level   conflicts       glue         remaining
c 
c -  8.08 148 43 4 534 5266 1265  6% 9 167346 25545 13%
c F  8.15 148 41 4 555 6004 1912  6% 9 167346 25545 13%
c -  8.24 150 34 5 566 7101 2049  5% 8 167346 25545 13%
c i  8.27 150 32 5 567 7647 2472  5% 8 167346 25540 13%
c -  8.45 150 30 6 659 9303 2686  5% 8 166950 25540 13%
c B  8.52 150 29 6 679 10005 3296  5% 8 166950 25540 13%
c i  8.56 150 29 6 704 10383 3627  6% 8 166950 25537 13%
c i  8.60 150 29 6 714 10698 3925  6% 8 166950 25488 13%
c i  8.62 150 29 6 723 11020 4209  6% 8 166950 25464 13%
c i  8.64 150 28 6 738 11427 4561  6% 8 166950 25445 13%
c -  8.70 150 27 7 739 11873 3168  6% 8 162696 25445 13%
c i  8.74 150 27 7 748 12177 3430  6% 8 162696 25283 13%
c i  8.74 150 27 7 748 12186 3438  6% 8 162696 25281 13%
c i  8.76 150 27 7 748 12474 3675  6% 8 162696 25206 12%
c }  8.77 150 26 7 748 12584 3762  6% 8 162696 24767 12%
c 0  8.77 150 26 7 748 12584 3762  6% 8 162696 24767 12%
c 
c --- [ result ] -------------------------------------------------------------
c 
s UNSATISFIABLE
c 
c --- [ run-time profiling ] -------------------------------------------------
c 
c process time taken by individual solving procedures
c (percentage relative to process time for solving)
c 
c         4.19   50.90% simplify
c         4.02   48.91% search
c         4.00   48.66% unstable
c         2.01   24.40% elim
c         1.26   15.31% vivify
c         0.68    8.31% subsume
c         0.06    0.78% ternary
c         0.05    0.58% probe
c         0.02    0.24% lucky
c   =================================
c         8.23   93.84% solve
c 
c last line shows process time for solving
c (percentage relative to total process time)
c 
c --- [ statistics ] ---------------------------------------------------------
c 
c backtracked:               27823       221.10 %  of conflicts
c chronological:              5023        18.05 %  of backtracks
c conflicts:                 12584      1529.41    per second
c decisions:                 52006      6320.61    per second
c eliminated:               171262        84.76 %  of all variables
c fixed:                      6011         2.98 %  of all variables
c learned:                   12030        95.60 %  per conflict
c minimized:                 94415        27.00 %  learned literals
c propagations:           14243340         1.73 M  per second
c reduced:                    3491        27.74 %  per conflict
c rephased:                      4      3146.00    interval
c restarts:                    748        16.82    interval
c substituted:                   8         0.00 %  of all variables
c subsumed:                   4510         0.20 %  of all clauses
c strengthened:               9719         0.43 %  of all clauses
c ternary:                    2076         0.28 %  of resolved
c vivified:                    231         0.01 %  of all clauses
c weakened:                 602946         2.84    average size
c 
c seconds are measured in process time for solving
c 
c --- [ resources ] ----------------------------------------------------------
c 
c total process time since initialization:         8.77    seconds
c total real time since initialization:            8.77    seconds
c maximum resident set size of process:          155.24    MB
c 
c --- [ shutting down ] ------------------------------------------------------
c 
c exit 20
