c --- [ banner ] -------------------------------------------------------------
c 
c CaDiCaL Radically Simplified CDCL SAT Solver
c Copyright (c) 2016-2019 Armin Biere, JKU Linz
c 
c Version 1.0.3 cb89cbfa16f47cb7bf1ec6ad9855e7b6d5203c18
c g++ (GCC) 6.3.0 -Wall -Wextra -O3 -DNDEBUG
c Fri Aug 23 08:17:16 CDT 2019 Linux login1 4.4.103-6.38-default x86_64
c 
c --- [ config ] -------------------------------------------------------------
c 
c using 'unsat' configuration (target unsatisfiable instances)
c 
c --- [ proof tracing ] ------------------------------------------------------
c 
c opening file to write '/tmp/4_492_0_four.drat'
c writing binary proof trace to '/tmp/4_492_0_four.drat'
c 
c --- [ parsing input ] ------------------------------------------------------
c 
c reading DIMACS file from '/tmp/4_492_0_four.cnf'
c opening file to read '/tmp/4_492_0_four.cnf'
c found 'p cnf 259840 1039934' header
c parsed 1039934 clauses in 0.54 seconds process time
c 
c --- [ options ] ------------------------------------------------------------
c 
c   --stabilize=false              (different from default 'true')
c   --walk=false                   (different from default 'true')
c 
c --- [ solving ] ------------------------------------------------------------
c 
c time measured in process time since initialization
c 
c  seconds   reductions  redundant   irredundant
c          MB    restarts       trail        variables
c           level   conflicts       glue           remaining
c 
c *  0.56 139  0 0   0    0    0  0% 0 1039424 253072 97%
c {  0.58 142  0 0   0    0    0  0% 0 1039424 253072 97%
c -  0.78 146 323 1  11  306  181  5% 5 911805 253072 97%
c i  1.14 146 93 1  95  966  705  7% 8 911805 252916 97%
c I  1.15 146 89 1  95 1002  737  7% 8 911805 252916 97%
c i  1.15 146 89 1  95 1002  737  7% 8 911805 252808 97%
c i  1.16 146 84 1  95 1059  759  7% 8 911805 252606 97%
c i  1.28 146 64 1 119 1454 1084  7% 8 911805 252456 97%
c -  1.63 176 62 2 119 1484  991  7% 8 903373 252456 97%
c i  1.71 177 59 2 123 1626 1100  8% 8 903373 252455 97%
c i  1.80 177 55 2 129 1770 1203  8% 8 903373 252405 97%
c i  1.83 177 54 2 129 1798 1228  8% 7 903373 250717 96%
c i  1.84 177 54 2 129 1804 1233  8% 7 903373 250525 96%
c i  1.86 177 51 2 129 1875 1293  8% 7 903373 250394 96%
c i  1.86 177 51 2 129 1890 1305  8% 7 903373 250240 96%
c i  1.87 177 51 2 129 1897 1308  8% 7 903373 250106 96%
c }  1.88 177 50 2 129 1922 1329  8% 7 903373 249991 96%
c 0  1.88 177 50 2 129 1922 1329  8% 7 903373 249991 96%
c 
c --- [ result ] -------------------------------------------------------------
c 
s UNSATISFIABLE
c 
c --- [ run-time profiling ] -------------------------------------------------
c 
c process time taken by individual solving procedures
c (percentage relative to process time for solving)
c 
c         1.32   98.51% search
c         1.30   97.01% unstable
c         0.02    1.49% lucky
c         0.00    0.00% simplify
c   =================================
c         1.34   71.43% solve
c 
c last line shows process time for solving
c (percentage relative to total process time)
c 
c --- [ statistics ] ---------------------------------------------------------
c 
c backtracked:                2360       122.79 %  of conflicts
c chronological:               838        35.51 %  of backtracks
c conflicts:                  1922      1434.33    per second
c decisions:                  9110      6798.51    per second
c fixed:                      9849         3.79 %  of all variables
c learned:                    1673        87.04 %  per conflict
c minimized:                 11830        25.06 %  learned literals
c propagations:            3692904         2.76 M  per second
c reduced:                      27         1.40 %  per conflict
c rephased:                      1      1922.00    interval
c restarts:                    129        14.90    interval
c subsumed:                    214         0.01 %  of all clauses
c 
c seconds are measured in process time for solving
c 
c --- [ resources ] ----------------------------------------------------------
c 
c total process time since initialization:         1.88    seconds
c total real time since initialization:            1.88    seconds
c maximum resident set size of process:          176.71    MB
c 
c --- [ shutting down ] ------------------------------------------------------
c 
c exit 20
