c --- [ banner ] -------------------------------------------------------------
c 
c CaDiCaL Radically Simplified CDCL SAT Solver
c Copyright (c) 2016-2019 Armin Biere, JKU Linz
c 
c Version 1.0.3 cb89cbfa16f47cb7bf1ec6ad9855e7b6d5203c18
c g++ (GCC) 6.3.0 -Wall -Wextra -O3 -DNDEBUG
c Fri Aug 23 08:17:16 CDT 2019 Linux login1 4.4.103-6.38-default x86_64
c 
c --- [ config ] -------------------------------------------------------------
c 
c using 'unsat' configuration (target unsatisfiable instances)
c 
c --- [ proof tracing ] ------------------------------------------------------
c 
c opening file to write '/tmp/4_568_0_four.drat'
c writing binary proof trace to '/tmp/4_568_0_four.drat'
c 
c --- [ parsing input ] ------------------------------------------------------
c 
c reading DIMACS file from '/tmp/4_568_0_four.cnf'
c opening file to read '/tmp/4_568_0_four.cnf'
c found 'p cnf 259840 1039934' header
c parsed 1039934 clauses in 0.46 seconds process time
c 
c --- [ options ] ------------------------------------------------------------
c 
c   --stabilize=false              (different from default 'true')
c   --walk=false                   (different from default 'true')
c 
c --- [ solving ] ------------------------------------------------------------
c 
c time measured in process time since initialization
c 
c  seconds   reductions  redundant   irredundant
c          MB    restarts       trail        variables
c           level   conflicts       glue           remaining
c 
c *  0.48 139  0 0   0    0    0  0% 0 1039424 252797 97%
c {  0.50 142  0 0   0    0    0  0% 0 1039424 252797 97%
c -  0.70 146 319 1  12  300  183  5% 5 909630 252797 97%
c i  1.03 146 119 1  86  781  587  8% 7 909630 252682 97%
c I  1.14 146 90 1  90 1005  766  8% 7 909630 252682 97%
c i  1.14 146 88 1  91 1014  771  8% 7 909630 252466 97%
c i  1.20 146 74 1  94 1155  873  8% 7 909630 252432 97%
c }  1.21 146 73 1  94 1162  878  8% 6 909630 242599 93%
c 0  1.21 146 73 1  94 1162  878  8% 6 909630 242599 93%
c 
c --- [ result ] -------------------------------------------------------------
c 
s UNSATISFIABLE
c 
c --- [ run-time profiling ] -------------------------------------------------
c 
c process time taken by individual solving procedures
c (percentage relative to process time for solving)
c 
c         0.73   97.34% search
c         0.71   94.68% unstable
c         0.02    2.66% lucky
c         0.00    0.00% simplify
c   =================================
c         0.75   62.05% solve
c 
c last line shows process time for solving
c (percentage relative to total process time)
c 
c --- [ statistics ] ---------------------------------------------------------
c 
c backtracked:                1467       126.25 %  of conflicts
c chronological:               556        37.90 %  of backtracks
c conflicts:                  1162      1545.21    per second
c decisions:                  6701      8910.90    per second
c fixed:                     17241         6.64 %  of all variables
c learned:                    1022        87.95 %  per conflict
c minimized:                  4127        17.68 %  learned literals
c propagations:            2194535         2.92 M  per second
c rephased:                      1      1162.00    interval
c restarts:                     94        12.36    interval
c subsumed:                    140         0.01 %  of all clauses
c 
c seconds are measured in process time for solving
c 
c --- [ resources ] ----------------------------------------------------------
c 
c total process time since initialization:         1.21    seconds
c total real time since initialization:            1.21    seconds
c maximum resident set size of process:          154.04    MB
c 
c --- [ shutting down ] ------------------------------------------------------
c 
c exit 20
