c --- [ banner ] -------------------------------------------------------------
c 
c CaDiCaL Radically Simplified CDCL SAT Solver
c Copyright (c) 2016-2019 Armin Biere, JKU Linz
c 
c Version 1.0.3 cb89cbfa16f47cb7bf1ec6ad9855e7b6d5203c18
c g++ (GCC) 6.3.0 -Wall -Wextra -O3 -DNDEBUG
c Fri Aug 23 08:17:16 CDT 2019 Linux login1 4.4.103-6.38-default x86_64
c 
c --- [ config ] -------------------------------------------------------------
c 
c using 'unsat' configuration (target unsatisfiable instances)
c 
c --- [ proof tracing ] ------------------------------------------------------
c 
c opening file to write '/tmp/31_1182_0_four.drat'
c writing binary proof trace to '/tmp/31_1182_0_four.drat'
c 
c --- [ parsing input ] ------------------------------------------------------
c 
c reading DIMACS file from '/tmp/31_1182_0_four.cnf'
c opening file to read '/tmp/31_1182_0_four.cnf'
c found 'p cnf 259840 1039929' header
c parsed 1039929 clauses in 0.45 seconds process time
c 
c --- [ options ] ------------------------------------------------------------
c 
c   --stabilize=false              (different from default 'true')
c   --walk=false                   (different from default 'true')
c 
c --- [ solving ] ------------------------------------------------------------
c 
c time measured in process time since initialization
c 
c  seconds   reductions  redundant   irredundant
c          MB    restarts       trail        variables
c           level   conflicts       glue           remaining
c 
c *  0.46 139  0 0   0    0    0  0% 0 1039424 253055 97%
c {  0.48 142  0 0   0    0    0  0% 0 1039424 253055 97%
c -  0.67 146 317 1   8  303  181  5% 4 911799 253055 97%
c i  0.72 146 233 1  27  394  254  5% 4 911799 253054 97%
c }  0.73 146 230 1  27  398  256  5% 4 911799 249946 96%
c 0  0.73 146 230 1  27  398  256  5% 4 911799 249946 96%
c 
c --- [ result ] -------------------------------------------------------------
c 
s UNSATISFIABLE
c 
c --- [ run-time profiling ] -------------------------------------------------
c 
c process time taken by individual solving procedures
c (percentage relative to process time for solving)
c 
c         0.26   94.29% search
c         0.24   87.14% unstable
c         0.02    7.14% lucky
c         0.00    0.00% simplify
c   =================================
c         0.28   38.46% solve
c 
c last line shows process time for solving
c (percentage relative to total process time)
c 
c --- [ statistics ] ---------------------------------------------------------
c 
c backtracked:                 561       140.95 %  of conflicts
c chronological:               290        51.69 %  of backtracks
c conflicts:                   398      1421.43    per second
c decisions:                  2573      9189.29    per second
c fixed:                      9894         3.81 %  of all variables
c learned:                     371        93.22 %  per conflict
c minimized:                   314        10.66 %  learned literals
c propagations:             329466         1.18 M  per second
c restarts:                     27        14.74    interval
c subsumed:                    113         0.01 %  of all clauses
c 
c seconds are measured in process time for solving
c 
c --- [ resources ] ----------------------------------------------------------
c 
c total process time since initialization:         0.73    seconds
c total real time since initialization:            0.73    seconds
c maximum resident set size of process:          154.23    MB
c 
c --- [ shutting down ] ------------------------------------------------------
c 
c exit 20
