c --- [ banner ] -------------------------------------------------------------
c 
c CaDiCaL Radically Simplified CDCL SAT Solver
c Copyright (c) 2016-2019 Armin Biere, JKU Linz
c 
c Version 1.0.3 cb89cbfa16f47cb7bf1ec6ad9855e7b6d5203c18
c g++ (GCC) 6.3.0 -Wall -Wextra -O3 -DNDEBUG
c Fri Aug 23 08:17:16 CDT 2019 Linux login1 4.4.103-6.38-default x86_64
c 
c --- [ config ] -------------------------------------------------------------
c 
c using 'unsat' configuration (target unsatisfiable instances)
c 
c --- [ proof tracing ] ------------------------------------------------------
c 
c opening file to write '/tmp/31_491_0_four.drat'
c writing binary proof trace to '/tmp/31_491_0_four.drat'
c 
c --- [ parsing input ] ------------------------------------------------------
c 
c reading DIMACS file from '/tmp/31_491_0_four.cnf'
c opening file to read '/tmp/31_491_0_four.cnf'
c found 'p cnf 259840 1039929' header
c parsed 1039929 clauses in 0.46 seconds process time
c 
c --- [ options ] ------------------------------------------------------------
c 
c   --stabilize=false              (different from default 'true')
c   --walk=false                   (different from default 'true')
c 
c --- [ solving ] ------------------------------------------------------------
c 
c time measured in process time since initialization
c 
c  seconds   reductions  redundant   irredundant
c          MB    restarts       trail        variables
c           level   conflicts       glue           remaining
c 
c *  0.48 139  0 0   0    0    0  0% 0 1039424 253916 98%
c {  0.50 142  0 0   0    0    0  0% 0 1039424 253916 98%
c -  0.71 147 320 1  10  300  178  5% 5 922398 253916 98%
c I  1.24 147 85 1 130 1002  815  7% 7 922398 253916 98%
c -  1.92 178 67 2 194 1478 1227  7% 8 922398 253916 98%
c B  3.08 178 45 2 310 3007 2544  8% 8 922398 253916 98%
c -  3.53 178 44 3 337 3246 2208  8% 9 922398 253916 98%
c s  4.87 159 38 3 375 4073 2916  8% 8 922398 253916 98%
c w  6.52 182 38 3 375 4073 2912  8% 8 922398 253916 98%
c t  6.60 183 38 3 375 4073 2912  8% 8 921784 253916 98%
c e  9.38 207 38 3 375 4073   54  8% 8 229258 28218 11%
c s  9.64 208 38 3 375 4073   53  8% 8 229041 28218 11%
c e  9.95 208 38 3 375 4073   46  8% 8 229041 28138 11%
c 3 10.39 158 35 3 401 5001 4683 11% 8 229041 28138 11%
c 3 10.40 158 35 3 401 5001 4704 11% 8 229041 28138 11%
c d 10.45 158 35 3 401 5001 4694 11% 8 229041 28137 11%
c 2 10.47 158 35 3 401 5001 4692 11% 8 229041 28137 11%
c p 10.54 158 35 3 401 5001 7516 11% 8 229041 28137 11%
c - 10.68 158 35 4 433 5607 1540  9% 8 229041 28137 11%
c F 10.72 158 34 4 463 6008 1890  8% 8 229041 28137 11%
c 
c  seconds   reductions  redundant  irredundant
c          MB    restarts       trail       variables
c           level   conflicts       glue         remaining
c 
c - 10.99 158 32 5 556 7647 2455  8% 8 229041 28137 11%
c i 11.26 158 30 5 676 9775 4298  7% 8 229041 28110 11%
c B 11.29 158 30 5 687 10011 4497  7% 8 229041 28110 11%
c - 11.35 158 30 6 696 10094 2858  7% 8 227182 28110 11%
c i 11.63 158 29 6 786 11762 4300  7% 8 227182 28071 11%
c i 11.65 158 28 6 786 12023 4522  7% 8 227182 28057 11%
c i 11.66 158 28 6 786 12053 4544  7% 8 227182 28046 11%
c - 11.83 158 28 7 862 12942 3767  8% 8 223633 28046 11%
c i 11.88 158 28 7 883 13406 4158  8% 8 223633 27997 11%
c i 11.88 158 28 7 883 13408 4159  8% 8 223633 27978 11%
c i 11.88 158 28 7 883 13425 4163  8% 8 223633 27966 11%
c i 11.88 158 28 7 883 13427 4164  8% 8 223633 27927 11%
c } 11.88 158 28 7 883 13431 4166  8% 8 223633 27808 11%
c 0 11.88 158 28 7 883 13431 4166  8% 8 223633 27808 11%
c 
c --- [ result ] -------------------------------------------------------------
c 
s UNSATISFIABLE
c 
c --- [ run-time profiling ] -------------------------------------------------
c 
c process time taken by individual solving procedures
c (percentage relative to process time for solving)
c 
c         5.79   50.68% simplify
c         5.61   49.14% search
c         5.59   48.97% unstable
c         3.02   26.44% elim
c         1.52   13.27% vivify
c         0.93    8.16% subsume
c         0.09    0.77% ternary
c         0.07    0.63% probe
c         0.02    0.18% lucky
c   =================================
c        11.42   96.13% solve
c 
c last line shows process time for solving
c (percentage relative to total process time)
c 
c --- [ statistics ] ---------------------------------------------------------
c 
c backtracked:               28254       210.36 %  of conflicts
c chronological:              5461        19.33 %  of backtracks
c conflicts:                 13431      1176.09    per second
c decisions:                 57949      5074.34    per second
c eliminated:               225778        86.89 %  of all variables
c fixed:                      6253         2.41 %  of all variables
c learned:                   12553        93.46 %  per conflict
c minimized:                138438        28.93 %  learned literals
c propagations:           19754117         1.73 M  per second
c reduced:                    3736        27.82 %  per conflict
c rephased:                      4      3357.75    interval
c restarts:                    883        15.21    interval
c substituted:                   1         0.00 %  of all variables
c subsumed:                   6486         0.21 %  of all clauses
c strengthened:              15820         0.52 %  of all clauses
c ternary:                    4165         0.36 %  of resolved
c vivified:                    124         0.00 %  of all clauses
c weakened:                 810065         2.84    average size
c 
c seconds are measured in process time for solving
c 
c --- [ resources ] ----------------------------------------------------------
c 
c total process time since initialization:        11.88    seconds
c total real time since initialization:           11.88    seconds
c maximum resident set size of process:          213.01    MB
c 
c --- [ shutting down ] ------------------------------------------------------
c 
c exit 20
