c --- [ banner ] -------------------------------------------------------------
c 
c CaDiCaL Radically Simplified CDCL SAT Solver
c Copyright (c) 2016-2019 Armin Biere, JKU Linz
c 
c Version 1.0.3 cb89cbfa16f47cb7bf1ec6ad9855e7b6d5203c18
c g++ (GCC) 6.3.0 -Wall -Wextra -O3 -DNDEBUG
c Fri Aug 23 08:17:16 CDT 2019 Linux login1 4.4.103-6.38-default x86_64
c 
c --- [ config ] -------------------------------------------------------------
c 
c using 'unsat' configuration (target unsatisfiable instances)
c 
c --- [ proof tracing ] ------------------------------------------------------
c 
c opening file to write '/tmp/31_463_0_four.drat'
c writing binary proof trace to '/tmp/31_463_0_four.drat'
c 
c --- [ parsing input ] ------------------------------------------------------
c 
c reading DIMACS file from '/tmp/31_463_0_four.cnf'
c opening file to read '/tmp/31_463_0_four.cnf'
c found 'p cnf 259840 1039929' header
c parsed 1039929 clauses in 0.45 seconds process time
c 
c --- [ options ] ------------------------------------------------------------
c 
c   --stabilize=false              (different from default 'true')
c   --walk=false                   (different from default 'true')
c 
c --- [ solving ] ------------------------------------------------------------
c 
c time measured in process time since initialization
c 
c  seconds   reductions  redundant   irredundant
c          MB    restarts       trail        variables
c           level   conflicts       glue           remaining
c 
c *  0.46 139  0 0   0    0    0  0% 0 1039424 253709 98%
c {  0.48 142  0 0   0    0    0  0% 0 1039424 253709 98%
c -  0.70 148 317 1  12  300  185  5% 5 920255 253709 98%
c I  1.19 148 98 1 148 1002  814  7% 9 920255 253709 98%
c -  1.74 179 71 2 164 1478 1201  8% 9 920255 253709 98%
c B  2.70 179 47 2 243 3003 2508  9% 8 920255 253709 98%
c -  3.08 179 45 3 259 3245 2140  9% 8 920255 253709 98%
c s  4.32 160 40 3 335 4072 2857  9% 9 920255 253709 98%
c w  5.86 183 40 3 335 4072 2855  9% 9 920255 253709 98%
c t  5.92 183 40 3 335 4072 2855  9% 9 919616 253709 98%
c e  8.76 202 40 3 335 4072   29  9% 9 228241 28116 11%
c s  9.00 202 40 3 335 4072   25  9% 9 227984 28116 11%
c e  9.30 202 40 3 335 4072   22  9% 9 227984 28043 11%
c 3  9.61 147 39 3 378 5000 4444  7% 9 227984 28043 11%
c d  9.66 147 39 3 378 5000 4426  7% 9 227984 28040 11%
c 2  9.68 147 39 3 378 5000 4420  7% 9 227984 28040 11%
c p  9.74 147 39 3 378 5000 5775  7% 9 227984 28040 11%
c -  9.86 147 39 4 446 5604 1435  6% 9 227984 28040 11%
c F  9.89 147 38 4 468 6005 1772  5% 9 227984 28040 11%
c - 10.06 147 34 5 501 7640 2365  6% 8 227984 28040 11%
c 
c  seconds   reductions  redundant  irredundant
c          MB    restarts       trail       variables
c           level   conflicts       glue         remaining
c 
c i 10.17 147 33 5 551 8734 3329  6% 8 227984 28002 11%
c B 10.35 147 32 5 576 10006 4445  7% 8 227984 28001 11%
c - 10.40 147 32 6 576 10084 3204  7% 8 226100 28001 11%
c i 10.44 147 31 6 578 10420 3490  7% 8 226100 28000 11%
c i 10.44 147 31 6 578 10421 3490  7% 8 226100 27978 11%
c i 10.45 147 31 6 578 10456 3503  7% 8 226100 27963 11%
c i 10.45 147 31 6 578 10468 3510  7% 8 226100 27956 11%
c i 10.45 147 31 6 578 10469 3510  7% 8 226100 27894 11%
c i 10.45 147 31 6 578 10470 3510  7% 8 226100 27868 11%
c i 10.45 147 31 6 578 10471 3510  7% 8 226100 27670 11%
c } 10.45 147 31 6 578 10474 3511  7% 8 226100 27448 11%
c 0 10.45 147 31 6 578 10474 3511  7% 8 226100 27448 11%
c 
c --- [ result ] -------------------------------------------------------------
c 
s UNSATISFIABLE
c 
c --- [ run-time profiling ] -------------------------------------------------
c 
c process time taken by individual solving procedures
c (percentage relative to process time for solving)
c 
c         5.58   55.82% simplify
c         4.40   44.02% search
c         4.38   43.82% unstable
c         3.06   30.59% elim
c         1.41   14.11% vivify
c         0.82    8.24% subsume
c         0.09    0.88% ternary
c         0.06    0.60% probe
c         0.02    0.20% lucky
c   =================================
c        10.00   95.71% solve
c 
c last line shows process time for solving
c (percentage relative to total process time)
c 
c --- [ statistics ] ---------------------------------------------------------
c 
c backtracked:               24714       235.96 %  of conflicts
c chronological:              4196        16.98 %  of backtracks
c conflicts:                 10474      1046.98    per second
c decisions:                 43337      4331.97    per second
c eliminated:               225666        86.85 %  of all variables
c fixed:                      6723         2.59 %  of all variables
c learned:                    9714        92.74 %  per conflict
c minimized:                 95764        26.47 %  learned literals
c propagations:           16518866         1.65 M  per second
c reduced:                    2635        25.16 %  per conflict
c rephased:                      4      2618.50    interval
c restarts:                    578        18.12    interval
c substituted:                   3         0.00 %  of all variables
c subsumed:                   6201         0.20 %  of all clauses
c strengthened:              15271         0.50 %  of all clauses
c ternary:                    4025         0.35 %  of resolved
c vivified:                    145         0.00 %  of all clauses
c weakened:                 808296         2.84    average size
c 
c seconds are measured in process time for solving
c 
c --- [ resources ] ----------------------------------------------------------
c 
c total process time since initialization:        10.45    seconds
c total real time since initialization:           10.45    seconds
c maximum resident set size of process:          213.27    MB
c 
c --- [ shutting down ] ------------------------------------------------------
c 
c exit 20
