c --- [ banner ] -------------------------------------------------------------
c 
c CaDiCaL Radically Simplified CDCL SAT Solver
c Copyright (c) 2016-2019 Armin Biere, JKU Linz
c 
c Version 1.0.3 cb89cbfa16f47cb7bf1ec6ad9855e7b6d5203c18
c g++ (GCC) 6.3.0 -Wall -Wextra -O3 -DNDEBUG
c Fri Aug 23 08:17:16 CDT 2019 Linux login1 4.4.103-6.38-default x86_64
c 
c --- [ config ] -------------------------------------------------------------
c 
c using 'unsat' configuration (target unsatisfiable instances)
c 
c --- [ proof tracing ] ------------------------------------------------------
c 
c opening file to write '/tmp/31_424_0_four.drat'
c writing binary proof trace to '/tmp/31_424_0_four.drat'
c 
c --- [ parsing input ] ------------------------------------------------------
c 
c reading DIMACS file from '/tmp/31_424_0_four.cnf'
c opening file to read '/tmp/31_424_0_four.cnf'
c found 'p cnf 259840 1039929' header
c parsed 1039929 clauses in 0.45 seconds process time
c 
c --- [ options ] ------------------------------------------------------------
c 
c   --stabilize=false              (different from default 'true')
c   --walk=false                   (different from default 'true')
c 
c --- [ solving ] ------------------------------------------------------------
c 
c time measured in process time since initialization
c 
c  seconds   reductions  redundant   irredundant
c          MB    restarts       trail        variables
c           level   conflicts       glue           remaining
c 
c *  0.47 139  0 0   0    0    0  0% 0 1039424 253438 98%
c {  0.49 142  0 0   0    0    0  0% 0 1039424 253438 98%
c -  0.74 148 295 1  16  304  195  5% 5 916059 253438 98%
c I  1.35 148 96 1 139 1007  818  7% 9 916059 253438 98%
c -  1.86 179 74 2 156 1481 1168  8% 9 916059 253438 98%
c B  2.63 179 46 2 222 3010 2484  8% 9 916059 253438 98%
c -  3.01 179 45 3 231 3247 2095  9% 9 916059 253438 98%
c s  4.09 198 41 3 302 4073 2799  8% 9 916059 253438 98%
c w  5.55 198 41 3 302 4073 2798  8% 9 916059 253438 98%
c t  5.61 198 41 3 302 4073 2798  8% 9 915458 253438 98%
c e  8.31 194 41 3 302 4073   51  8% 9 226744 27998 11%
c s  8.56 194 41 3 302 4073   49  8% 9 226486 27998 11%
c e  8.88 195 41 3 302 4073   42  8% 9 226486 27906 11%
c 3  9.25 195 41 3 332 5001 3419  8% 9 226486 27906 11%
c 3  9.26 195 41 3 332 5001 3695  8% 9 226486 27906 11%
c d  9.31 195 41 3 332 5001 3611  8% 9 226486 27896 11%
c 2  9.33 195 41 3 332 5001 3591  8% 9 226486 27896 11%
c p  9.40 195 41 3 332 5001 5603  8% 9 226486 27896 11%
c -  9.56 147 40 4 357 5602 1536  8% 9 226486 27896 11%
c F  9.62 147 38 4 361 6013 1893  8% 8 226486 27896 11%
c 
c  seconds   reductions  redundant  irredundant
c          MB    restarts       trail       variables
c           level   conflicts       glue         remaining
c 
c i  9.73 147 37 4 385 6565 2404  9% 8 226486 27895 11%
c -  9.96 147 35 5 463 7635 2509  9% 8 226345 27895 11%
c i 10.08 147 34 5 474 8345 3127 10% 8 226345 27885 11%
c i 10.08 147 34 5 474 8353 3128 10% 8 226345 27850 11%
c i 10.10 147 34 5 475 8448 3204 10% 8 226345 27849 11%
c i 10.10 147 34 5 475 8449 3204 10% 8 226345 27789 11%
c } 10.10 147 34 5 475 8458 3210 10% 8 226345 26893 10%
c 0 10.10 147 34 5 475 8458 3210 10% 8 226345 26893 10%
c 
c --- [ result ] -------------------------------------------------------------
c 
s UNSATISFIABLE
c 
c --- [ run-time profiling ] -------------------------------------------------
c 
c process time taken by individual solving procedures
c (percentage relative to process time for solving)
c 
c         5.42   56.22% simplify
c         4.20   43.57% search
c         4.18   43.37% unstable
c         2.95   30.56% elim
c         1.34   13.85% vivify
c         0.84    8.67% subsume
c         0.08    0.87% ternary
c         0.07    0.70% probe
c         0.02    0.21% lucky
c   =================================
c         9.65   95.56% solve
c 
c last line shows process time for solving
c (percentage relative to total process time)
c 
c --- [ statistics ] ---------------------------------------------------------
c 
c backtracked:               21031       248.65 %  of conflicts
c chronological:              3634        17.28 %  of backtracks
c conflicts:                  8458       876.66    per second
c decisions:                 39692      4114.01    per second
c eliminated:               225532        86.80 %  of all variables
c fixed:                      7405         2.85 %  of all variables
c learned:                    7791        92.11 %  per conflict
c minimized:                 64881        22.64 %  learned literals
c propagations:           14937595         1.55 M  per second
c reduced:                    1422        16.81 %  per conflict
c rephased:                      3      2819.33    interval
c restarts:                    475        17.81    interval
c substituted:                  10         0.00 %  of all variables
c subsumed:                   5977         0.20 %  of all clauses
c strengthened:              15801         0.52 %  of all clauses
c ternary:                    3353         0.32 %  of resolved
c vivified:                    116         0.00 %  of all clauses
c weakened:                 804651         2.84    average size
c 
c seconds are measured in process time for solving
c 
c --- [ resources ] ----------------------------------------------------------
c 
c total process time since initialization:        10.10    seconds
c total real time since initialization:           10.10    seconds
c maximum resident set size of process:          207.55    MB
c 
c --- [ shutting down ] ------------------------------------------------------
c 
c exit 20
