c --- [ banner ] -------------------------------------------------------------
c 
c CaDiCaL Radically Simplified CDCL SAT Solver
c Copyright (c) 2016-2019 Armin Biere, JKU Linz
c 
c Version 1.0.3 cb89cbfa16f47cb7bf1ec6ad9855e7b6d5203c18
c g++ (GCC) 6.3.0 -Wall -Wextra -O3 -DNDEBUG
c Fri Aug 23 08:17:16 CDT 2019 Linux login1 4.4.103-6.38-default x86_64
c 
c --- [ config ] -------------------------------------------------------------
c 
c using 'unsat' configuration (target unsatisfiable instances)
c 
c --- [ proof tracing ] ------------------------------------------------------
c 
c opening file to write '/tmp/8_1270_0_four.drat'
c writing binary proof trace to '/tmp/8_1270_0_four.drat'
c 
c --- [ parsing input ] ------------------------------------------------------
c 
c reading DIMACS file from '/tmp/8_1270_0_four.cnf'
c opening file to read '/tmp/8_1270_0_four.cnf'
c found 'p cnf 259840 1039924' header
c parsed 1039924 clauses in 0.74 seconds process time
c 
c --- [ options ] ------------------------------------------------------------
c 
c   --stabilize=false              (different from default 'true')
c   --walk=false                   (different from default 'true')
c 
c --- [ solving ] ------------------------------------------------------------
c 
c time measured in process time since initialization
c 
c  seconds   reductions  redundant   irredundant
c          MB    restarts       trail        variables
c           level   conflicts       glue           remaining
c 
c *  0.77 139  0 0   0    0    0  0% 0 1039424 254378 98%
c {  0.79 141  0 0   0    0    0  0% 0 1039424 254378 98%
c -  1.02 148 315 1  12  300  186  4% 5 928717 254378 98%
c I  1.63 148 103 1 155 1005  825  7% 9 928717 254378 98%
c -  2.42 179 89 2 200 1483 1224  9% 10 928717 254378 98%
c B  3.34 179 58 2 299 3006 2515  8% 10 928717 254378 98%
c -  3.75 179 56 3 305 3259 2051  8% 9 928717 254378 98%
c s  5.00 160 52 3 340 4062 2727  9% 9 928717 254378 98%
c w  6.70 183 52 3 340 4062 2727  9% 9 928717 254378 98%
c t  6.76 183 52 3 340 4062 2726  9% 9 928109 254378 98%
c e  9.56 205 52 3 340 4062   34  9% 9 231683 28478 11%
c s  9.80 205 52 3 340 4062   34  9% 9 231349 28478 11%
c e 10.12 147 52 3 340 4062   32  9% 9 231349 28364 11%
c 3 10.47 165 48 3 398 5000 4861  8% 9 231349 28364 11%
c 3 10.48 165 48 3 398 5000 4879  8% 9 231349 28364 11%
c d 10.53 165 48 3 398 5000 4845  8% 9 231349 28359 11%
c 2 10.55 165 48 3 398 5000 4835  8% 9 231349 28359 11%
c p 10.63 165 48 3 398 5000 6112  8% 9 231349 28359 11%
c - 10.79 165 48 4 445 5620 1629  8% 9 231349 28359 11%
c F 10.84 165 50 4 546 6010 1985  7% 10 231349 28359 11%
c 
c  seconds   reductions  redundant   irredundant
c          MB    restarts       trail        variables
c           level   conflicts       glue          remaining
c 
c - 11.04 165 47 5 664 7667 2379  6% 10 231349 28359 11%
c B 11.32 165 48 5 849 10012 4448  7% 10 231349 28359 11%
c - 11.37 165 48 6 853 10122 3028  7% 10 231349 28359 11%
c - 11.69 165 43 7 972 12986 3610  7% 10 231349 28359 11%
c d 11.92 165 41 7 1031 15006 5456  7% 10 231349 28358 11%
c 3 11.96 165 41 7 1031 15006 6128  7% 10 231349 28358 11%
c 3 11.97 165 41 7 1031 15006 6393  7% 10 231349 28358 11%
c d 12.02 165 41 7 1031 15006 6294  7% 10 231349 28343 11%
c 2 12.05 165 41 7 1031 15006 6264  7% 10 231349 28343 11%
c p 12.12 165 41 7 1031 15006 7476  7% 10 231349 28343 11%
c # 12.15 165 41 7 1031 15016 7483  7% 10 231349 28343 11%
c s 12.39 165 41 7 1093 16174 8183  7% 10 231162 28343 11%
c v 12.66 165 41 7 1093 16174 8183  7% 10 226051 28343 11%
c w 12.78 165 41 7 1093 16174 7972  7% 10 226051 28343 11%
c t 12.79 165 41 7 1093 16174 7963  7% 10 213815 28343 11%
c e 12.97 165 41 7 1093 16174 5049  7% 10 209208 24381  9%
c s 13.06 165 41 7 1093 16174 4983  7% 10 208582 24381  9%
c e 13.14 165 41 7 1093 16174 4922  7% 10 208382 24349  9%
c - 13.30 165 41 8 1112 16261 3220  4% 10 208382 24349  9%
c - 13.74 165 40 9 1367 19821 4499  6% 10 208382 24349  9%
c 
c  seconds   reductions    redundant   irredundant
c          MB    restarts         trail        variables
c           level     conflicts       glue          remaining
c 
c B 13.88 165 40 9 1481 21017 5589  6% 10 208382 24349  9%
c - 14.26 165 39 10 1605 23778 5584  7% 10 208382 24349  9%
c O 14.90 165 38 10 1915 28018 9443  8% 10 208382 24349  9%
c - 14.97 165 38 11 1924 28132 6696  8% 10 208382 24349  9%
c 3 15.37 165 38 11 2044 30006 11915  8% 10 208382 24349  9%
c 3 15.39 165 38 11 2044 30006 12393  8% 10 208382 24349  9%
c d 15.44 165 38 11 2044 30006 11624  8% 10 208382 24225  9%
c 2 15.46 165 38 11 2044 30006 11379  8% 10 208380 24225  9%
c p 15.50 165 38 11 2044 30006 11738  8% 10 208380 24225  9%
c - 16.02 165 37 12 2224 32881 8036  8% 10 208380 24225  9%
c s 16.35 165 36 12 2369 34758 9497  8% 10 207842 24225  9%
c v 16.71 165 36 12 2369 34758 9497  8% 10 185430 24225  9%
c w 16.88 165 36 12 2369 34758 9464  8% 10 185430 24225  9%
c t 16.89 165 36 12 2369 34758 9463  8% 10 185329 24225  9%
c e 17.01 165 36 12 2369 34758 9346  8% 10 185298 24215  9%
c s 17.07 165 36 12 2369 34758 9242  8% 10 185289 24215  9%
c B 17.32 165 36 12 2471 36019 10379  8% 10 185289 24215  9%
c - 17.59 165 36 13 2641 38031 8858  8% 10 185289 24215  9%
c - 18.25 165 36 14 2977 43356 9343  8% 10 185289 24215  9%
c I 18.48 165 36 14 3066 45021 10856  8% 10 185289 24215  9%
c 
c  seconds   reductions      redundant   irredundant
c          MB     restarts          trail        variables
c           level      conflicts        glue          remaining
c 
c - 19.04 165 36 15 3398 49064 10175  8% 10 185289 24215  9%
c 3 19.20 165 36 15 3430 50007 14439  8% 10 185289 24215  9%
c 3 19.23 165 36 15 3430 50007 15764  8% 10 185289 24215  9%
c d 19.28 165 36 15 3430 50007 14540  8% 10 185289 24031  9%
c 2 19.30 165 36 15 3430 50007 14454  8% 10 185289 24031  9%
c p 19.34 165 36 15 3430 50007 14915  8% 10 185289 24031  9%
c B 20.02 165 36 15 3776 55028 19490  8% 10 185289 24031  9%
c - 20.09 165 36 16 3788 55149 11736  8% 10 185289 24031  9%
c s 20.68 165 35 16 4032 58245 14351  8% 10 184549 24031  9%
c v 21.19 165 35 16 4032 58245 14351  8% 10 161978 24031  9%
c w 21.44 165 35 16 4032 58245 14313  8% 10 161978 24031  9%
c t 21.45 165 35 16 4032 58245 14312  8% 10 161977 24031  9%
c e 21.63 165 35 16 4032 58245 14100  8% 10 161974 23994  9%
c s 21.70 165 35 16 4032 58245 14035  8% 10 161881 23994  9%
c e 21.75 165 35 16 4032 58245 14035  8% 10 161881 23993  9%
c - 22.26 165 35 17 4229 61615 12409  8% 10 161881 23993  9%
c F 22.94 165 34 17 4449 66029 16361  8% 10 161881 23993  9%
c - 23.28 165 34 18 4632 68144 12767  7% 10 161881 23993  9%
c d 24.45 165 33 18 4997 75011 18985  8% 10 161881 23992  9%
c 3 24.53 165 33 18 4997 75011 25416  8% 10 161881 23992  9%
c 
c  seconds   reductions      redundant   irredundant
c          MB     restarts          trail        variables
c           level      conflicts        glue          remaining
c 
c 3 24.56 165 33 18 4997 75011 26411  8% 10 161881 23992  9%
c d 24.64 165 33 18 4997 75011 24867  8% 10 161881 23772  9%
c 2 24.67 165 33 18 4997 75011 24829  8% 10 161881 23772  9%
c p 24.72 165 33 18 4997 75011 25615  8% 10 161881 23770  9%
c - 24.81 165 33 19 4997 75036 14103  8% 10 161686 23770  9%
c B 25.38 165 33 19 5193 78031 16832  8% 10 161686 23770  9%
c - 26.26 165 33 20 5475 82288 15324  8% 10 161686 23770  9%
c s 26.94 165 33 20 5640 85788 18331  8% 10 160792 23770  9%
c v 27.44 165 33 20 5640 85788 18331  8% 10 138227 23770  9%
c w 27.72 165 33 20 5640 85788 18303  8% 10 138227 23770  9%
c t 27.73 165 33 20 5640 85788 18301  8% 10 138226 23770  9%
c e 27.94 165 33 20 5640 85788 13825  8% 10 137368 23052  9%
c s 28.02 165 33 20 5640 85788 13719  8% 10 137249 23052  9%
c e 28.08 165 33 20 5640 85788 13183  8% 10 137240 23039  9%
c - 28.59 165 33 21 5914 89903 12999  8% 10 137240 23039  9%
c # 28.75 165 33 21 6032 91032 14021  8% 10 137240 23039  9%
c - 29.40 165 32 22 6275 97410 15058  8% 9 137240 23039  9%
c 3 30.52 165 32 22 6635 105016 28951  8% 9 137240 23039  9%
c 3 30.54 165 32 22 6635 105016 29740  8% 9 137240 23039  9%
c d 30.61 165 32 22 6635 105016 28516  8% 9 137240 22869  9%
c 
c  seconds   reductions       redundant  irredundant
c          MB     restarts           trail       variables
c           level      conflicts         glue         remaining
c 
c 2 30.63 165 32 22 6635 105016 28503  8% 9 137240 22869  9%
c p 30.68 165 32 22 6635 105016 29648  8% 9 137240 22869  9%
c B 30.71 165 32 22 6638 105033 29663  8% 9 137240 22869  9%
c f 30.82 165 32 23 6640 105258 11249  8% 9 137240 22869  9%
c - 31.96 165 31 24 7160 113447 13739  8% 9 137240 22869  9%
c s 32.40 165 31 24 7340 116685 16473  8% 9 136522 22869  9%
c v 32.82 165 31 24 7340 116685 16473  8% 9 131449 22869  9%
c w 33.08 165 31 24 7340 116685 16447  8% 9 131449 22869  9%
c t 33.09 165 31 24 7340 116685 16444  8% 9 131445 22869  9%
c e 33.22 165 31 24 7340 116685 15049  8% 9 131058 22498  9%
c s 33.31 166 31 24 7340 116685 14965  8% 9 130933 22498  9%
c e 33.37 166 31 24 7340 116685 14957  8% 9 130939 22489  9%
c O 33.94 166 31 24 7553 120036 18006  8% 9 130939 22489  9%
c - 34.28 166 31 25 7652 121978 15228  8% 9 130939 22489  9%
c - 35.55 166 31 26 8304 130692 16564  7% 9 130939 22489  9%
c B 36.30 166 31 26 8497 136037 21418  8% 9 130939 22489  9%
c i 36.72 166 30 26 8610 138709 23776  8% 9 130939 22488  9%
c - 36.98 166 30 27 8684 139741 17013  8% 9 130889 22488  9%
c d 37.04 166 30 27 8699 140017 17262  8% 9 130880 22485  9%
c 3 37.12 166 30 27 8699 140017 23863  8% 9 130880 22485  9%
c 
c  seconds   reductions       redundant  irredundant
c          MB     restarts           trail       variables
c           level      conflicts         glue         remaining
c 
c 3 37.15 166 30 27 8699 140017 24385  8% 9 130880 22485  9%
c d 37.20 166 30 27 8699 140017 23904  8% 9 130880 22424  9%
c 2 37.22 166 30 27 8699 140017 23881  8% 9 130880 22422  9%
c p 37.28 166 30 27 8699 140017 28990  8% 9 130880 22417  9%
c i 38.21 166 30 27 8885 145009 33392  8% 9 130880 22385  9%
c - 38.99 166 30 28 9232 149122 18226  8% 9 128205 22385  9%
c s 39.54 166 30 28 9344 152268 20729  8% 9 127873 22385  9%
c v 40.11 166 30 28 9344 152268 20729  8% 9 127595 22385  9%
c w 40.52 166 30 28 9344 152268 20632  8% 9 127595 22385  9%
c t 40.52 166 30 28 9344 152268 20616  8% 9 127342 22385  9%
c e 40.69 166 30 28 9344 152268 15516  8% 9 126257 21548  8%
c s 40.78 166 30 28 9344 152268 15355  8% 9 126166 21548  8%
c e 40.85 166 30 28 9344 152268 15346  8% 9 126156 21543  8%
c I 41.10 166 30 28 9417 153038 16066  7% 9 126156 21543  8%
c - 41.84 166 29 29 9688 158760 17074  7% 9 126156 21543  8%
c - 43.28 166 29 30 10169 168669 19919  7% 9 126156 21543  8%
c B 43.62 166 29 30 10299 171040 22067  7% 9 126156 21543  8%
c - 45.00 166 29 31 10732 178907 21679  7% 9 126156 21543  8%
c 3 45.26 166 28 31 10754 180017 29831  7% 9 126156 21543  8%
c 3 45.28 166 28 31 10754 180017 29953  7% 9 126156 21543  8%
c 
c  seconds   reductions        redundant  irredundant
c          MB      restarts           trail       variables
c           level       conflicts         glue         remaining
c 
c d 45.34 166 28 31 10754 180017 29431  7% 9 126156 21476  8%
c 2 45.36 166 28 31 10754 180017 29423  7% 9 126156 21476  8%
c p 45.40 166 28 31 10754 180017 30310  7% 9 126156 21475  8%
c i 45.58 166 28 31 10754 180736 30896  7% 9 126156 21470  8%
c i 45.75 166 28 31 10760 181502 31552  7% 9 126156 21459  8%
c i 46.36 166 28 31 10803 184407 33993  8% 9 126156 21386  8%
c i 46.36 166 28 31 10803 184414 33998  8% 9 126156 21303  8%
c i 46.40 166 28 31 10812 184598 34145  8% 9 126156 21284  8%
c i 46.42 166 28 31 10812 184688 34208  8% 9 126156 21072  8%
c i 46.43 166 28 31 10812 184705 34217  8% 9 126156 21068  8%
c i 46.46 166 28 31 10812 184862 34353  8% 9 126156 20836  8%
c i 46.46 166 28 31 10812 184870 34360  8% 9 126156 20685  8%
c } 46.46 166 28 31 10812 184874 34362  8% 9 126156 20573  8%
c 0 46.46 166 28 31 10812 184874 34362  8% 9 126156 20573  8%
c 
c --- [ result ] -------------------------------------------------------------
c 
s UNSATISFIABLE
c 
c --- [ run-time profiling ] -------------------------------------------------
c 
c process time taken by individual solving procedures
c (percentage relative to process time for solving)
c 
c        31.70   69.34% search
c        31.68   69.29% unstable
c        13.99   30.61% simplify
c         5.49   12.01% vivify
c         4.34    9.48% elim
c         2.02    4.41% subsume
c         0.78    1.70% ternary
c         0.42    0.93% probe
c         0.02    0.05% lucky
c   =================================
c        45.72   98.40% solve
c 
c last line shows process time for solving
c (percentage relative to total process time)
c 
c --- [ statistics ] ---------------------------------------------------------
c 
c backtracked:              821760       444.50 %  of conflicts
c chronological:             73553         8.95 %  of backtracks
c conflicts:                184874      4043.97    per second
c decisions:                719942     15748.14    per second
c eliminated:               232007        89.29 %  of all variables
c fixed:                      6409         2.47 %  of all variables
c flushed:                   11308         6.12 %  per conflict
c learned:                  175741        95.06 %  per conflict
c minimized:               1927807        29.41 %  learned literals
c propagations:           91391376         2.00 M  per second
c reduced:                  108835        58.87 %  per conflict
c rephased:                     18     10270.78    interval
c restarts:                  10812        17.10    interval
c substituted:                 851         0.33 %  of all variables
c subsumed:                 100923         2.79 %  of all clauses
c strengthened:              44555         1.23 %  of all clauses
c ternary:                   51566         0.46 %  of resolved
c vivified:                  87062         2.41 %  of all clauses
c weakened:                 849462         2.90    average size
c 
c seconds are measured in process time for solving
c 
c --- [ resources ] ----------------------------------------------------------
c 
c total process time since initialization:        46.46    seconds
c total real time since initialization:           46.46    seconds
c maximum resident set size of process:          210.57    MB
c 
c --- [ shutting down ] ------------------------------------------------------
c 
c exit 20
