c --- [ banner ] -------------------------------------------------------------
c 
c CaDiCaL Radically Simplified CDCL SAT Solver
c Copyright (c) 2016-2019 Armin Biere, JKU Linz
c 
c Version 1.0.3 cb89cbfa16f47cb7bf1ec6ad9855e7b6d5203c18
c g++ (GCC) 6.3.0 -Wall -Wextra -O3 -DNDEBUG
c Fri Aug 23 08:17:16 CDT 2019 Linux login1 4.4.103-6.38-default x86_64
c 
c --- [ config ] -------------------------------------------------------------
c 
c using 'unsat' configuration (target unsatisfiable instances)
c 
c --- [ proof tracing ] ------------------------------------------------------
c 
c opening file to write '/tmp/8_130_0_four.drat'
c writing binary proof trace to '/tmp/8_130_0_four.drat'
c 
c --- [ parsing input ] ------------------------------------------------------
c 
c reading DIMACS file from '/tmp/8_130_0_four.cnf'
c opening file to read '/tmp/8_130_0_four.cnf'
c found 'p cnf 259840 1039924' header
c parsed 1039924 clauses in 0.47 seconds process time
c 
c --- [ options ] ------------------------------------------------------------
c 
c   --stabilize=false              (different from default 'true')
c   --walk=false                   (different from default 'true')
c 
c --- [ solving ] ------------------------------------------------------------
c 
c time measured in process time since initialization
c 
c  seconds   reductions  redundant   irredundant
c          MB    restarts       trail        variables
c           level   conflicts       glue           remaining
c 
c *  0.49 139  0 0   0    0    0  0% 0 1039424 253463 98%
c {  0.51 142  0 0   0    0    0  0% 0 1039424 253463 98%
c -  0.81 150 293 1  16  302  199  6% 5 916065 253463 98%
c I  1.24 150 91 1 115 1002  780  7% 9 916065 253463 98%
c -  1.90 180 73 2 155 1479 1151  8% 9 916065 253463 98%
c B  2.91 181 53 2 285 3005 2478  8% 9 916065 253463 98%
c -  3.23 181 51 3 287 3244 2091  8% 9 916065 253463 98%
c s  4.54 199 45 3 325 4072 2784  9% 9 916065 253463 98%
c w  6.08 199 45 3 325 4072 2780  9% 9 916065 253463 98%
c t  6.14 199 45 3 325 4072 2780  9% 9 915563 253463 98%
c e  8.91 195 45 3 325 4072   53  9% 9 226440 27937 11%
c s  9.15 195 45 3 325 4072   52  9% 9 226217 27937 11%
c e  9.46 195 45 3 325 4072   45  9% 9 226217 27858 11%
c 3  9.80 195 46 3 346 5000 3768  9% 9 226217 27858 11%
c 3  9.81 195 46 3 346 5000 4452  9% 9 226217 27858 11%
c d  9.86 195 46 3 346 5000 4320  9% 9 226217 27844 11%
c 2  9.88 195 46 3 346 5000 4292  9% 9 226217 27844 11%
c p 10.01 195 46 3 346 5000 7567  9% 9 226217 27825 11%
c i 10.07 195 46 3 379 5247 7788  9% 9 226217 27737 11%
c i 10.07 195 46 3 379 5249 7786  9% 9 226217 27734 11%
c 
c  seconds   reductions  redundant  irredundant
c          MB    restarts       trail       variables
c           level   conflicts       glue         remaining
c 
c i 10.07 195 45 3 379 5284 7804  8% 9 226217 27720 11%
c } 10.07 195 45 3 379 5286 7804  8% 9 226217 27619 11%
c 0 10.07 195 45 3 379 5286 7804  8% 9 226217 27619 11%
c 
c --- [ result ] -------------------------------------------------------------
c 
s UNSATISFIABLE
c 
c --- [ run-time profiling ] -------------------------------------------------
c 
c process time taken by individual solving procedures
c (percentage relative to process time for solving)
c 
c         5.66   58.96% simplify
c         3.92   40.83% search
c         3.90   40.62% unstable
c         2.99   31.17% elim
c         1.40   14.62% vivify
c         0.90    9.38% subsume
c         0.13    1.33% probe
c         0.09    0.92% ternary
c         0.02    0.21% lucky
c   =================================
c         9.60   95.31% solve
c 
c last line shows process time for solving
c (percentage relative to total process time)
c 
c --- [ statistics ] ---------------------------------------------------------
c 
c backtracked:               22051       417.16 %  of conflicts
c chronological:              2260        10.25 %  of backtracks
c conflicts:                  5286       550.62    per second
c decisions:                 28042      2921.04    per second
c eliminated:               225605        86.82 %  of all variables
c fixed:                      6602         2.54 %  of all variables
c learned:                    4871        92.15 %  per conflict
c minimized:                 41368        23.19 %  learned literals
c propagations:           13907958         1.45 M  per second
c reduced:                     633        11.98 %  per conflict
c rephased:                      2      2643.00    interval
c restarts:                    379        13.95    interval
c substituted:                  14         0.01 %  of all variables
c subsumed:                   5935         0.19 %  of all clauses
c strengthened:              15955         0.52 %  of all clauses
c ternary:                    4229         0.35 %  of resolved
c vivified:                    131         0.00 %  of all clauses
c weakened:                 804914         2.84    average size
c 
c seconds are measured in process time for solving
c 
c --- [ resources ] ----------------------------------------------------------
c 
c total process time since initialization:        10.07    seconds
c total real time since initialization:           10.07    seconds
c maximum resident set size of process:          208.84    MB
c 
c --- [ shutting down ] ------------------------------------------------------
c 
c exit 20
