c --- [ banner ] -------------------------------------------------------------
c 
c CaDiCaL Radically Simplified CDCL SAT Solver
c Copyright (c) 2016-2019 Armin Biere, JKU Linz
c 
c Version 1.0.3 cb89cbfa16f47cb7bf1ec6ad9855e7b6d5203c18
c g++ (GCC) 6.3.0 -Wall -Wextra -O3 -DNDEBUG
c Fri Aug 23 08:17:16 CDT 2019 Linux login1 4.4.103-6.38-default x86_64
c 
c --- [ config ] -------------------------------------------------------------
c 
c using 'unsat' configuration (target unsatisfiable instances)
c 
c --- [ proof tracing ] ------------------------------------------------------
c 
c opening file to write '/tmp/8_359_0_four.drat'
c writing binary proof trace to '/tmp/8_359_0_four.drat'
c 
c --- [ parsing input ] ------------------------------------------------------
c 
c reading DIMACS file from '/tmp/8_359_0_four.cnf'
c opening file to read '/tmp/8_359_0_four.cnf'
c found 'p cnf 259840 1039924' header
c parsed 1039924 clauses in 0.47 seconds process time
c 
c --- [ options ] ------------------------------------------------------------
c 
c   --stabilize=false              (different from default 'true')
c   --walk=false                   (different from default 'true')
c 
c --- [ solving ] ------------------------------------------------------------
c 
c time measured in process time since initialization
c 
c  seconds   reductions  redundant   irredundant
c          MB    restarts       trail        variables
c           level   conflicts       glue           remaining
c 
c *  0.49 139  0 0   0    0    0  0% 0 1039424 253937 98%
c {  0.51 142  0 0   0    0    0  0% 0 1039424 253937 98%
c -  0.76 148 290 1  15  303  197  5% 5 922396 253937 98%
c I  1.28 148 88 1 136 1002  812  6% 9 922396 253937 98%
c -  1.82 179 67 2 160 1482 1176  7% 9 922396 253937 98%
c B  2.94 179 55 2 292 3007 2504  9% 9 922396 253937 98%
c -  3.44 179 54 3 331 3265 2176  9% 9 922396 253937 98%
c s  4.65 198 52 3 402 4070 2849 10% 9 922396 253937 98%
c w  6.29 198 52 3 402 4070 2846 10% 9 922396 253937 98%
c t  6.36 198 52 3 402 4070 2846 10% 9 921658 253937 98%
c e  9.12 194 52 3 402 4070   49 10% 9 228886 28167 11%
c s  9.37 194 52 3 402 4070   49 10% 9 228595 28167 11%
c e  9.67 194 52 3 402 4070   41 10% 9 228595 28077 11%
c 3 10.00 194 50 3 441 5002 3206  7% 9 228595 28077 11%
c 3 10.02 194 50 3 441 5002 3512  7% 9 228595 28077 11%
c d 10.07 194 50 3 441 5002 3446  7% 9 228595 28070 11%
c 2 10.09 194 50 3 441 5002 3432  7% 9 228595 28070 11%
c p 10.20 194 50 3 441 5002 5311  7% 9 228595 28059 11%
c - 10.30 194 47 4 441 5622 1522  6% 9 228007 28059 11%
c F 10.32 194 46 4 449 6008 1857  6% 9 228007 28059 11%
c 
c  seconds   reductions  redundant  irredundant
c          MB    restarts       trail       variables
c           level   conflicts       glue         remaining
c 
c i 10.48 194 46 4 534 7462 3129  7% 9 228007 28051 11%
c - 10.54 194 45 5 536 7659 2403  7% 9 227420 28051 11%
c B 10.80 194 40 5 638 10014 4496  7% 9 227420 28051 11%
c - 10.86 194 40 6 641 10102 3195  7% 9 227420 28051 11%
c i 11.14 194 36 6 710 12632 5431  8% 9 227420 27998 11%
c i 11.14 194 36 6 710 12639 5436  8% 9 227420 27966 11%
c } 11.14 194 36 6 710 12646 5434  8% 9 227420 27459 11%
c 0 11.14 194 36 6 710 12646 5434  8% 9 227420 27459 11%
c 
c --- [ result ] -------------------------------------------------------------
c 
s UNSATISFIABLE
c 
c --- [ run-time profiling ] -------------------------------------------------
c 
c process time taken by individual solving procedures
c (percentage relative to process time for solving)
c 
c         5.71   53.49% simplify
c         4.94   46.33% search
c         4.92   46.14% unstable
c         2.98   27.96% elim
c         1.52   14.21% vivify
c         0.86    8.06% subsume
c         0.10    0.97% probe
c         0.09    0.82% ternary
c         0.02    0.19% lucky
c   =================================
c        10.67   95.80% solve
c 
c last line shows process time for solving
c (percentage relative to total process time)
c 
c --- [ statistics ] ---------------------------------------------------------
c 
c backtracked:               30841       243.88 %  of conflicts
c chronological:              5085        16.49 %  of backtracks
c conflicts:                 12646      1184.97    per second
c decisions:                 54633      5119.28    per second
c eliminated:               225860        86.92 %  of all variables
c fixed:                      6514         2.51 %  of all variables
c learned:                   11723        92.70 %  per conflict
c minimized:                109636        24.74 %  learned literals
c propagations:           17993842         1.69 M  per second
c reduced:                    2786        22.03 %  per conflict
c rephased:                      4      3161.50    interval
c restarts:                    710        17.81    interval
c substituted:                   7         0.00 %  of all variables
c subsumed:                   6262         0.20 %  of all clauses
c strengthened:              15419         0.50 %  of all clauses
c ternary:                    3106         0.29 %  of resolved
c vivified:                    134         0.00 %  of all clauses
c weakened:                 810246         2.84    average size
c 
c seconds are measured in process time for solving
c 
c --- [ resources ] ----------------------------------------------------------
c 
c total process time since initialization:        11.14    seconds
c total real time since initialization:           11.14    seconds
c maximum resident set size of process:          207.77    MB
c 
c --- [ shutting down ] ------------------------------------------------------
c 
c exit 20
