c --- [ banner ] -------------------------------------------------------------
c 
c CaDiCaL Radically Simplified CDCL SAT Solver
c Copyright (c) 2016-2019 Armin Biere, JKU Linz
c 
c Version 1.0.3 cb89cbfa16f47cb7bf1ec6ad9855e7b6d5203c18
c g++ (GCC) 6.3.0 -Wall -Wextra -O3 -DNDEBUG
c Fri Aug 23 08:17:16 CDT 2019 Linux login1 4.4.103-6.38-default x86_64
c 
c --- [ config ] -------------------------------------------------------------
c 
c using 'unsat' configuration (target unsatisfiable instances)
c 
c --- [ proof tracing ] ------------------------------------------------------
c 
c opening file to write '/tmp/77_761_0_six.drat'
c writing binary proof trace to '/tmp/77_761_0_six.drat'
c 
c --- [ parsing input ] ------------------------------------------------------
c 
c reading DIMACS file from '/tmp/77_761_0_six.cnf'
c opening file to read '/tmp/77_761_0_six.cnf'
c found 'p cnf 50176 399289' header
c parsed 399289 clauses in 0.13 seconds process time
c 
c --- [ options ] ------------------------------------------------------------
c 
c   --stabilize=false              (different from default 'true')
c   --walk=false                   (different from default 'true')
c 
c --- [ solving ] ------------------------------------------------------------
c 
c time measured in process time since initialization
c 
c  seconds  reductions  redundant  irredundant
c         MB    restarts       trail       variables
c          level   conflicts       glue         remaining
c 
c *  0.14 44  0 0   0    0    0  0% 0 363748 48315 96%
c {  0.14 45  0 0   0    0    0  0% 0 363748 48315 96%
c -  0.18 46 32 1  19  300  221  7% 7 351651 48315 96%
c i  0.20 46 42 1  52  570  418  8% 9 351651 48290 96%
c i  0.20 46 42 1  52  571  418  8% 9 351651 48254 96%
c i  0.20 46 43 1  52  575  420  8% 9 351651 48182 96%
c I  0.22 47 43 1  59 1005  727 10% 8 351651 48182 96%
c -  0.31 59 47 2  82 1229  819 10% 9 347968 48182 96%
c i  0.34 60 48 2 110 1727 1125 10% 9 347968 48162 96%
c i  0.35 60 48 2 110 1838 1187  9% 9 347968 48001 96%
c i  0.35 60 48 2 110 1844 1190  9% 9 347968 47915 95%
c i  0.35 60 48 2 110 1851 1191  9% 9 347968 47694 95%
c }  0.35 60 48 2 110 1858 1191  9% 9 347968 47646 95%
c 0  0.35 60 48 2 110 1858 1191  9% 9 347968 47646 95%
c 
c --- [ result ] -------------------------------------------------------------
c 
s UNSATISFIABLE
c 
c --- [ run-time profiling ] -------------------------------------------------
c 
c process time taken by individual solving procedures
c (percentage relative to process time for solving)
c 
c         0.21   98.15% search
c         0.21   98.15% unstable
c         0.00    0.00% simplify
c   =================================
c         0.22   62.07% solve
c 
c last line shows process time for solving
c (percentage relative to total process time)
c 
c --- [ statistics ] ---------------------------------------------------------
c 
c backtracked:                2209       118.89 %  of conflicts
c chronological:               753        34.09 %  of backtracks
c conflicts:                  1858      8601.85    per second
c decisions:                 10871     50328.70    per second
c fixed:                      2530         5.04 %  of all variables
c learned:                    1443        77.66 %  per conflict
c minimized:                 13876        22.96 %  learned literals
c propagations:             664105         3.07 M  per second
c reduced:                      84         4.52 %  per conflict
c rephased:                      1      1858.00    interval
c restarts:                    110        16.89    interval
c subsumed:                    158         0.02 %  of all clauses
c 
c seconds are measured in process time for solving
c 
c --- [ resources ] ----------------------------------------------------------
c 
c total process time since initialization:         0.35    seconds
c total real time since initialization:            0.35    seconds
c maximum resident set size of process:           59.53    MB
c 
c --- [ shutting down ] ------------------------------------------------------
c 
c exit 20
