c --- [ banner ] -------------------------------------------------------------
c 
c CaDiCaL Radically Simplified CDCL SAT Solver
c Copyright (c) 2016-2019 Armin Biere, JKU Linz
c 
c Version 1.0.3 cb89cbfa16f47cb7bf1ec6ad9855e7b6d5203c18
c g++ (GCC) 6.3.0 -Wall -Wextra -O3 -DNDEBUG
c Fri Aug 23 08:17:16 CDT 2019 Linux login1 4.4.103-6.38-default x86_64
c 
c --- [ config ] -------------------------------------------------------------
c 
c using 'unsat' configuration (target unsatisfiable instances)
c 
c --- [ proof tracing ] ------------------------------------------------------
c 
c opening file to write '/tmp/43_112_0_three.drat'
c writing binary proof trace to '/tmp/43_112_0_three.drat'
c 
c --- [ parsing input ] ------------------------------------------------------
c 
c reading DIMACS file from '/tmp/43_112_0_three.cnf'
c opening file to read '/tmp/43_112_0_three.cnf'
c found 'p cnf 202048 780985' header
c parsed 780985 clauses in 0.32 seconds process time
c 
c --- [ options ] ------------------------------------------------------------
c 
c   --stabilize=false              (different from default 'true')
c   --walk=false                   (different from default 'true')
c 
c --- [ solving ] ------------------------------------------------------------
c 
c time measured in process time since initialization
c 
c  seconds  reductions  redundant  irredundant
c         MB    restarts       trail       variables
c          level   conflicts       glue          remaining
c 
c *  0.34 97  0 0   0    0    0  0% 0 780480 197008 98%
c {  0.36 100  0 0   0    0    0  0% 0 780480 197008 98%
c -  0.54 104 190 1  19  300  191  6% 5 686520 197008 98%
c i  0.62 110 147 1  40  389  271  6% 6 686520 196735 97%
c i  0.90 110 75 1  89  830  664  8% 7 686520 196631 97%
c i  0.91 110 69 1  89  891  709  8% 7 686520 194506 96%
c i  0.91 110 69 1  89  894  710  8% 7 686520 193728 96%
c i  0.91 110 69 1  89  895  710  8% 7 686520 193572 96%
c }  0.92 110 68 1  89  901  713  8% 7 686520 193494 96%
c 0  0.92 110 68 1  89  901  713  8% 7 686520 193494 96%
c 
c --- [ result ] -------------------------------------------------------------
c 
s UNSATISFIABLE
c 
c --- [ run-time profiling ] -------------------------------------------------
c 
c process time taken by individual solving procedures
c (percentage relative to process time for solving)
c 
c         0.58   97.30% search
c         0.56   94.59% unstable
c         0.02    2.70% lucky
c         0.00    0.00% simplify
c   =================================
c         0.59   64.63% solve
c 
c last line shows process time for solving
c (percentage relative to total process time)
c 
c --- [ statistics ] ---------------------------------------------------------
c 
c backtracked:                1193       132.41 %  of conflicts
c chronological:               498        41.74 %  of backtracks
c conflicts:                   901      1521.96    per second
c decisions:                  5991     10119.93    per second
c fixed:                      8554         4.23 %  of all variables
c learned:                     843        93.56 %  per conflict
c minimized:                  2049        14.38 %  learned literals
c propagations:            1655927         2.80 M  per second
c restarts:                     89        10.12    interval
c subsumed:                    124         0.01 %  of all clauses
c 
c seconds are measured in process time for solving
c 
c --- [ resources ] ----------------------------------------------------------
c 
c total process time since initialization:         0.92    seconds
c total real time since initialization:            0.92    seconds
c maximum resident set size of process:          110.32    MB
c 
c --- [ shutting down ] ------------------------------------------------------
c 
c exit 20
