c --- [ banner ] -------------------------------------------------------------
c 
c CaDiCaL Radically Simplified CDCL SAT Solver
c Copyright (c) 2016-2019 Armin Biere, JKU Linz
c 
c Version 1.0.3 cb89cbfa16f47cb7bf1ec6ad9855e7b6d5203c18
c g++ (GCC) 6.3.0 -Wall -Wextra -O3 -DNDEBUG
c Fri Aug 23 08:17:16 CDT 2019 Linux login1 4.4.103-6.38-default x86_64
c 
c --- [ config ] -------------------------------------------------------------
c 
c using 'unsat' configuration (target unsatisfiable instances)
c 
c --- [ proof tracing ] ------------------------------------------------------
c 
c opening file to write '/tmp/83_41_0_four.drat'
c writing binary proof trace to '/tmp/83_41_0_four.drat'
c 
c --- [ parsing input ] ------------------------------------------------------
c 
c reading DIMACS file from '/tmp/83_41_0_four.cnf'
c opening file to read '/tmp/83_41_0_four.cnf'
c found 'p cnf 43008 265780' header
c parsed 265780 clauses in 0.20 seconds process time
c 
c --- [ options ] ------------------------------------------------------------
c 
c   --stabilize=false              (different from default 'true')
c   --walk=false                   (different from default 'true')
c 
c --- [ solving ] ------------------------------------------------------------
c 
c time measured in process time since initialization
c 
c  seconds  reductions  redundant  irredundant
c         MB    restarts       trail       variables
c          level   conflicts       glue         remaining
c 
c *  0.20 31  0 0   0    0    0  0% 0 243967 41622 97%
c {  0.21 32  0 0   0    0    0  0% 0 243967 41622 97%
c -  0.27 33 48 1  12  300  231  8% 10 235390 41622 97%
c I  0.34 34 40 1  39 1009  776  8% 8 235390 41622 97%
c -  0.43 42 43 2  47 1123  727  8% 8 235390 41622 97%
c -  0.58 43 44 3 161 2359 1370  9% 9 235390 41622 97%
c i  0.61 43 42 3 164 2720 1644  9% 9 235390 41596 97%
c B  0.62 43 40 3 189 3011 1858  8% 9 235390 41596 97%
c i  0.62 43 40 3 190 3019 1863  8% 9 235390 41507 97%
c i  0.67 43 39 3 191 3763 2453  8% 9 235390 41428 96%
c -  0.73 42 38 4 198 4013 1529  9% 9 230620 41428 96%
c i  0.76 42 37 4 216 4348 1800  9% 8 230620 41211 96%
c i  0.76 42 37 4 216 4351 1802  9% 8 230620 41187 96%
c i  0.76 42 37 4 216 4466 1866  9% 8 230620 41173 96%
c i  0.76 42 37 4 216 4467 1866  8% 8 230620 41042 95%
c i  0.77 42 36 4 216 4556 1931  8% 8 230620 41028 95%
c }  0.77 42 36 4 216 4565 1937  8% 8 230620 40959 95%
c 0  0.77 42 36 4 216 4565 1937  8% 8 230620 40959 95%
c 
c --- [ result ] -------------------------------------------------------------
c 
s UNSATISFIABLE
c 
c --- [ run-time profiling ] -------------------------------------------------
c 
c process time taken by individual solving procedures
c (percentage relative to process time for solving)
c 
c         0.56  100.00% search
c         0.56   99.29% unstable
c         0.00    0.71% lucky
c         0.00    0.00% simplify
c   =================================
c         0.56   73.44% solve
c 
c last line shows process time for solving
c (percentage relative to total process time)
c 
c --- [ statistics ] ---------------------------------------------------------
c 
c backtracked:                5473       119.89 %  of conflicts
c chronological:              1797        32.83 %  of backtracks
c conflicts:                  4565      8093.97    per second
c decisions:                 20626     36570.92    per second
c fixed:                      2049         4.76 %  of all variables
c learned:                    3870        84.78 %  per conflict
c minimized:                 43278        28.59 %  learned literals
c propagations:            1657120         2.94 M  per second
c reduced:                    1075        23.55 %  per conflict
c rephased:                      2      2282.50    interval
c restarts:                    216        21.13    interval
c subsumed:                    300         0.06 %  of all clauses
c 
c seconds are measured in process time for solving
c 
c --- [ resources ] ----------------------------------------------------------
c 
c total process time since initialization:         0.77    seconds
c total real time since initialization:            0.77    seconds
c maximum resident set size of process:           48.68    MB
c 
c --- [ shutting down ] ------------------------------------------------------
c 
c exit 20
