c --- [ banner ] -------------------------------------------------------------
c 
c CaDiCaL Radically Simplified CDCL SAT Solver
c Copyright (c) 2016-2019 Armin Biere, JKU Linz
c 
c Version 1.0.3 cb89cbfa16f47cb7bf1ec6ad9855e7b6d5203c18
c g++ (GCC) 6.3.0 -Wall -Wextra -O3 -DNDEBUG
c Fri Aug 23 08:17:16 CDT 2019 Linux login1 4.4.103-6.38-default x86_64
c 
c --- [ config ] -------------------------------------------------------------
c 
c using 'unsat' configuration (target unsatisfiable instances)
c 
c --- [ proof tracing ] ------------------------------------------------------
c 
c opening file to write '/tmp/13_32_0_four.drat'
c writing binary proof trace to '/tmp/13_32_0_four.drat'
c 
c --- [ parsing input ] ------------------------------------------------------
c 
c reading DIMACS file from '/tmp/13_32_0_four.cnf'
c opening file to read '/tmp/13_32_0_four.cnf'
c found 'p cnf 259840 1039924' header
c parsed 1039924 clauses in 0.66 seconds process time
c 
c --- [ options ] ------------------------------------------------------------
c 
c   --stabilize=false              (different from default 'true')
c   --walk=false                   (different from default 'true')
c 
c --- [ solving ] ------------------------------------------------------------
c 
c time measured in process time since initialization
c 
c  seconds   reductions  redundant   irredundant
c          MB    restarts       trail        variables
c           level   conflicts       glue           remaining
c 
c *  0.68 139  0 0   0    0    0  0% 0 1039424 253934 98%
c {  0.70 142  0 0   0    0    0  0% 0 1039424 253934 98%
c -  0.84 143 380 1   0  300  162  5% 3 922400 253934 98%
c I  1.50 143 116 1 110 1004  798  8% 9 922400 253934 98%
c -  2.83 174 92 2 183 1480 1228  9% 9 922400 253934 98%
c B  4.22 175 61 2 281 3005 2590  9% 9 922400 253934 98%
c -  4.76 175 60 3 322 3250 2122  9% 9 922400 253934 98%
c s  6.64 155 59 3 410 4067 2850  9% 10 922400 253934 98%
c w  8.66 178 59 3 410 4067 2849  9% 10 922400 253934 98%
c t  8.74 178 59 3 410 4067 2849  9% 10 921595 253934 98%
c e 11.86 194 59 3 410 4067   26  9% 10 229140 28213 11%
c s 12.16 195 59 3 410 4067   25  9% 10 228852 28213 11%
c e 12.56 195 59 3 410 4067   23  9% 10 228852 28109 11%
c 3 13.04 142 58 3 482 5002 4601  8% 10 228852 28109 11%
c 3 13.06 142 58 3 482 5002 4619  8% 10 228852 28109 11%
c d 13.12 142 58 3 482 5002 4609  8% 10 228852 28108 11%
c 2 13.15 142 58 3 482 5002 4607  8% 10 228852 28108 11%
c p 13.24 142 58 3 482 5002 5685  8% 10 228852 28108 11%
c - 13.40 142 55 4 528 5609 1530  6% 10 228852 28108 11%
c F 13.49 142 54 4 554 6006 1886  7% 10 228852 28108 11%
c 
c  seconds   reductions  redundant  irredundant
c          MB    restarts       trail       variables
c           level   conflicts       glue         remaining
c 
c - 13.73 142 48 5 622 7649 2291  7% 9 228852 28108 11%
c B 14.08 142 45 5 725 10009 4363  8% 9 228852 28108 11%
c - 14.16 142 45 6 733 10096 3053  7% 9 228852 28108 11%
c i 14.48 142 43 6 813 12025 4763  8% 9 228852 28104 11%
c - 14.73 142 42 7 852 12952 3922  8% 9 228296 28104 11%
c 3 15.20 142 40 7 966 15002 6148  9% 9 228260 28086 11%
c 3 15.21 142 40 7 966 15002 6170  9% 9 228260 28086 11%
c d 15.28 142 40 7 966 15002 6094  9% 9 228260 28074 11%
c 2 15.30 142 40 7 966 15002 6070  9% 9 228257 28074 11%
c p 15.41 142 40 7 966 15002 7275  9% 9 228257 28074 11%
c # 15.44 142 40 7 966 15011 7283  9% 9 228257 28074 11%
c s 15.76 142 38 7 978 16169 8062  9% 9 228119 28074 11%
c v 16.14 142 38 7 978 16169 8062  9% 9 219519 28074 11%
c w 16.28 142 38 7 978 16169 7971  9% 9 219519 28074 11%
c t 16.30 142 38 7 978 16169 7964  9% 9 206775 28074 11%
c e 16.53 142 38 7 978 16169 5021  9% 9 201869 23954  9%
c s 16.64 142 38 7 978 16169 4890  9% 9 201199 23954  9%
c e 16.73 142 38 7 978 16169 4743  9% 9 201041 23917  9%
c - 16.93 142 38 8 980 16213 3219  4% 9 201041 23917  9%
c - 17.52 142 36 9 1105 19732 4597  8% 9 201041 23917  9%
c 
c  seconds   reductions    redundant  irredundant
c          MB    restarts         trail       variables
c           level     conflicts       glue         remaining
c 
c B 17.84 142 35 9 1143 21012 5765  9% 9 201041 23917  9%
c - 18.65 142 34 10 1237 23641 5861 11% 9 201041 23917  9%
c - 19.86 142 31 11 1368 27945 6786 11% 9 201041 23917  9%
c O 19.88 142 31 11 1368 28014 6848 11% 8 201041 23917  9%
c i 20.12 142 30 11 1404 28990 7723 11% 8 201041 23913  9%
c 3 20.44 142 30 11 1531 30002 11783 11% 9 201041 23913  9%
c 3 20.46 142 30 11 1531 30002 12333 11% 9 201041 23913  9%
c d 20.52 142 30 11 1531 30002 11383 11% 9 200555 23811  9%
c d 20.54 142 30 11 1531 30002 11382 11% 9 200527 23797  9%
c 2 20.55 142 30 11 1531 30002 11173 11% 9 200519 23797  9%
c p 20.68 142 30 11 1531 30002 21881 11% 9 200519 23774  9%
c d 20.71 142 30 11 1531 30002 20335 11% 9 198558 23764  9%
c d 20.74 142 30 11 1531 30002 20320 11% 9 198346 23659  9%
c - 21.40 142 28 12 1620 32637 9116 10% 8 198346 23659  9%
c s 21.89 142 27 12 1661 34600 10412 10% 8 197667 23659  9%
c v 22.43 142 27 12 1661 34600 10412 10% 8 176721 23659  9%
c w 22.60 142 27 12 1661 34600 10380 10% 8 176721 23658  9%
c t 22.62 142 27 12 1661 34600 9778 10% 8 175920 23658  9%
c e 22.80 142 27 12 1661 34600 8843 10% 8 175273 23413  9%
c s 22.86 142 27 12 1661 34600 8645 10% 8 175139 23413  9%
c 
c  seconds   reductions     redundant  irredundant
c          MB     restarts         trail       variables
c           level      conflicts       glue         remaining
c 
c e 22.94 142 27 12 1661 34600 7463 10% 8 175076 23379  9%
c B 23.32 142 27 12 1727 36018 8743 10% 8 175076 23379  9%
c - 23.96 142 26 13 1826 37696 8148 10% 8 175076 23379  9%
c i 24.18 142 26 13 1836 38613 8935 10% 8 175076 23353  9%
c } 24.36 142 25 13 1836 39929 10038 10% 8 175076 23102  9%
c 0 24.36 142 25 13 1836 39929 10038 10% 8 175076 23102  9%
c 
c --- [ result ] -------------------------------------------------------------
c 
s UNSATISFIABLE
c 
c --- [ run-time profiling ] -------------------------------------------------
c 
c process time taken by individual solving procedures
c (percentage relative to process time for solving)
c 
c        14.13   59.62% search
c        14.11   59.53% unstable
c         9.55   40.30% simplify
c         3.96   16.71% elim
c         3.02   12.76% vivify
c         1.44    6.09% subsume
c         0.33    1.38% probe
c         0.28    1.16% ternary
c         0.02    0.08% lucky
c   =================================
c        23.70   97.29% solve
c 
c last line shows process time for solving
c (percentage relative to total process time)
c 
c --- [ statistics ] ---------------------------------------------------------
c 
c backtracked:              172529       432.09 %  of conflicts
c chronological:             15715         9.11 %  of backtracks
c conflicts:                 39929      1684.48    per second
c decisions:                144848      6110.70    per second
c eliminated:               230261        88.62 %  of all variables
c fixed:                      6215         2.39 %  of all variables
c learned:                   38005        95.18 %  per conflict
c minimized:                442109        30.94 %  learned literals
c propagations:           36815626         1.55 M  per second
c reduced:                   17523        43.89 %  per conflict
c rephased:                      8      4991.12    interval
c restarts:                   1836        21.75    interval
c substituted:                 262         0.10 %  of all variables
c subsumed:                  41343         1.29 %  of all clauses
c strengthened:              25833         0.81 %  of all clauses
c ternary:                    9941         0.35 %  of resolved
c vivified:                  30761         0.96 %  of all clauses
c weakened:                 836843         2.89    average size
c 
c seconds are measured in process time for solving
c 
c --- [ resources ] ----------------------------------------------------------
c 
c total process time since initialization:        24.36    seconds
c total real time since initialization:           24.37    seconds
c maximum resident set size of process:          206.95    MB
c 
c --- [ shutting down ] ------------------------------------------------------
c 
c exit 20
