c --- [ banner ] -------------------------------------------------------------
c 
c CaDiCaL Radically Simplified CDCL SAT Solver
c Copyright (c) 2016-2019 Armin Biere, JKU Linz
c 
c Version 1.0.3 cb89cbfa16f47cb7bf1ec6ad9855e7b6d5203c18
c g++ (GCC) 6.3.0 -Wall -Wextra -O3 -DNDEBUG
c Fri Aug 23 08:17:16 CDT 2019 Linux login1 4.4.103-6.38-default x86_64
c 
c --- [ config ] -------------------------------------------------------------
c 
c using 'unsat' configuration (target unsatisfiable instances)
c 
c --- [ proof tracing ] ------------------------------------------------------
c 
c opening file to write '/tmp/13_616_0_four.drat'
c writing binary proof trace to '/tmp/13_616_0_four.drat'
c 
c --- [ parsing input ] ------------------------------------------------------
c 
c reading DIMACS file from '/tmp/13_616_0_four.cnf'
c opening file to read '/tmp/13_616_0_four.cnf'
c found 'p cnf 259840 1039924' header
c parsed 1039924 clauses in 0.48 seconds process time
c 
c --- [ options ] ------------------------------------------------------------
c 
c   --stabilize=false              (different from default 'true')
c   --walk=false                   (different from default 'true')
c 
c --- [ solving ] ------------------------------------------------------------
c 
c time measured in process time since initialization
c 
c  seconds   reductions  redundant   irredundant
c          MB    restarts       trail        variables
c           level   conflicts       glue           remaining
c 
c *  0.50 139  0 0   0    0    0  0% 0 1039424 253177 97%
c {  0.52 142  0 0   0    0    0  0% 0 1039424 253177 97%
c -  0.77 148 234 1  17  301  193  6% 6 911861 253177 97%
c }  0.94 148 124 1  68  548  400  6% 8 911861 252704 97%
c 0  0.94 148 124 1  68  548  400  6% 8 911861 252704 97%
c 
c --- [ result ] -------------------------------------------------------------
c 
s UNSATISFIABLE
c 
c --- [ run-time profiling ] -------------------------------------------------
c 
c process time taken by individual solving procedures
c (percentage relative to process time for solving)
c 
c         0.43   94.74% search
c         0.41   90.35% unstable
c         0.02    4.39% lucky
c         0.00    0.00% simplify
c   =================================
c         0.46   48.51% solve
c 
c last line shows process time for solving
c (percentage relative to total process time)
c 
c --- [ statistics ] ---------------------------------------------------------
c 
c backtracked:                 757       138.14 %  of conflicts
c chronological:               328        43.33 %  of backtracks
c conflicts:                   548      1201.75    per second
c decisions:                  4964     10885.96    per second
c fixed:                      7136         2.75 %  of all variables
c learned:                     507        92.52 %  per conflict
c minimized:                  1144        12.26 %  learned literals
c propagations:             868691         1.91 M  per second
c restarts:                     68         8.06    interval
c subsumed:                    105         0.01 %  of all clauses
c 
c seconds are measured in process time for solving
c 
c --- [ resources ] ----------------------------------------------------------
c 
c total process time since initialization:         0.94    seconds
c total real time since initialization:            0.94    seconds
c maximum resident set size of process:          155.97    MB
c 
c --- [ shutting down ] ------------------------------------------------------
c 
c exit 20
