c --- [ banner ] -------------------------------------------------------------
c 
c CaDiCaL Radically Simplified CDCL SAT Solver
c Copyright (c) 2016-2019 Armin Biere, JKU Linz
c 
c Version 1.0.3 cb89cbfa16f47cb7bf1ec6ad9855e7b6d5203c18
c g++ (GCC) 6.3.0 -Wall -Wextra -O3 -DNDEBUG
c Fri Aug 23 08:17:16 CDT 2019 Linux login1 4.4.103-6.38-default x86_64
c 
c --- [ config ] -------------------------------------------------------------
c 
c using 'unsat' configuration (target unsatisfiable instances)
c 
c --- [ proof tracing ] ------------------------------------------------------
c 
c opening file to write '/tmp/81_334_0_four.drat'
c writing binary proof trace to '/tmp/81_334_0_four.drat'
c 
c --- [ parsing input ] ------------------------------------------------------
c 
c reading DIMACS file from '/tmp/81_334_0_four.cnf'
c opening file to read '/tmp/81_334_0_four.cnf'
c found 'p cnf 259840 1039919' header
c parsed 1039919 clauses in 0.46 seconds process time
c 
c --- [ options ] ------------------------------------------------------------
c 
c   --stabilize=false              (different from default 'true')
c   --walk=false                   (different from default 'true')
c 
c --- [ solving ] ------------------------------------------------------------
c 
c time measured in process time since initialization
c 
c  seconds   reductions  redundant   irredundant
c          MB    restarts       trail        variables
c           level   conflicts       glue           remaining
c 
c *  0.47 139  0 0   0    0    0  0% 0 1039424 254486 98%
c {  0.50 142  0 0   0    0    0  0% 0 1039424 254486 98%
c -  0.72 148 319 1  12  300  182  4% 5 930814 254486 98%
c I  1.22 148 98 1 138 1002  798  7% 9 930814 254486 98%
c -  1.74 179 69 2 170 1481 1186  6% 9 930814 254486 98%
c i  2.34 179 50 2 275 2469 2068  7% 9 930814 252997 97%
c i  2.50 179 49 2 294 2774 2345  7% 9 930814 252358 97%
c i  2.56 179 49 2 307 2824 2388  7% 9 930814 251295 97%
c i  2.66 179 50 2 328 2924 2480  8% 9 930814 251253 97%
c B  2.74 179 50 2 343 3003 2549  8% 9 930814 251253 97%
c }  2.96 179 51 2 381 3166 2690  8% 9 930814 251168 97%
c 0  2.96 179 51 2 381 3166 2690  8% 9 930814 251168 97%
c 
c --- [ result ] -------------------------------------------------------------
c 
s UNSATISFIABLE
c 
c --- [ run-time profiling ] -------------------------------------------------
c 
c process time taken by individual solving procedures
c (percentage relative to process time for solving)
c 
c         2.48   99.20% search
c         2.46   98.40% unstable
c         0.02    0.80% lucky
c         0.00    0.00% simplify
c   =================================
c         2.50   84.59% solve
c 
c last line shows process time for solving
c (percentage relative to total process time)
c 
c --- [ statistics ] ---------------------------------------------------------
c 
c backtracked:                4030       127.29 %  of conflicts
c chronological:              1347        33.42 %  of backtracks
c conflicts:                  3166      1264.38    per second
c decisions:                 25002      9984.82    per second
c fixed:                      8672         3.34 %  of all variables
c learned:                    2909        91.88 %  per conflict
c minimized:                 21524        21.28 %  learned literals
c propagations:            8829725         3.53 M  per second
c reduced:                      19         0.60 %  per conflict
c rephased:                      2      1583.00    interval
c restarts:                    381         8.31    interval
c subsumed:                    195         0.01 %  of all clauses
c 
c seconds are measured in process time for solving
c 
c --- [ resources ] ----------------------------------------------------------
c 
c total process time since initialization:         2.96    seconds
c total real time since initialization:            2.96    seconds
c maximum resident set size of process:          179.05    MB
c 
c --- [ shutting down ] ------------------------------------------------------
c 
c exit 20
