c --- [ banner ] -------------------------------------------------------------
c 
c CaDiCaL Radically Simplified CDCL SAT Solver
c Copyright (c) 2016-2019 Armin Biere, JKU Linz
c 
c Version 1.0.3 cb89cbfa16f47cb7bf1ec6ad9855e7b6d5203c18
c g++ (GCC) 6.3.0 -Wall -Wextra -O3 -DNDEBUG
c Fri Aug 23 08:17:16 CDT 2019 Linux login1 4.4.103-6.38-default x86_64
c 
c --- [ config ] -------------------------------------------------------------
c 
c using 'unsat' configuration (target unsatisfiable instances)
c 
c --- [ proof tracing ] ------------------------------------------------------
c 
c opening file to write '/tmp/81_702_0_four.drat'
c writing binary proof trace to '/tmp/81_702_0_four.drat'
c 
c --- [ parsing input ] ------------------------------------------------------
c 
c reading DIMACS file from '/tmp/81_702_0_four.cnf'
c opening file to read '/tmp/81_702_0_four.cnf'
c found 'p cnf 259840 1039919' header
c parsed 1039919 clauses in 0.45 seconds process time
c 
c --- [ options ] ------------------------------------------------------------
c 
c   --stabilize=false              (different from default 'true')
c   --walk=false                   (different from default 'true')
c 
c --- [ solving ] ------------------------------------------------------------
c 
c time measured in process time since initialization
c 
c  seconds   reductions  redundant   irredundant
c          MB    restarts       trail        variables
c           level   conflicts       glue           remaining
c 
c *  0.47 139  0 0   0    0    0  0% 0 1039424 254611 98%
c {  0.49 142  0 0   0    0    0  0% 0 1039424 254611 98%
c -  0.70 147 311 1  11  300  185  4% 4 932909 254611 98%
c i  0.74 147 255 1  25  353  227  5% 4 932909 254457 98%
c I  1.18 147 86 1 156 1003  782  6% 8 932909 254457 98%
c i  1.18 148 86 1 156 1005  783  6% 8 932909 251626 97%
c -  1.73 177 61 2 188 1484 1067  7% 8 889712 251626 97%
c B  2.46 177 47 2 288 3006 2352  8% 9 889712 251626 97%
c -  2.93 184 49 3 334 3239 2006  8% 9 889712 251626 97%
c i  3.04 184 50 3 348 3320 2077  9% 9 889712 251582 97%
c i  3.14 184 49 3 349 3506 2229  9% 9 889712 251131 97%
c i  3.15 184 48 3 349 3512 2233  9% 9 889712 250179 96%
c }  3.15 184 48 3 349 3514 2233  9% 9 889712 248866 96%
c 0  3.15 184 48 3 349 3514 2233  9% 9 889712 248866 96%
c 
c --- [ result ] -------------------------------------------------------------
c 
s UNSATISFIABLE
c 
c --- [ run-time profiling ] -------------------------------------------------
c 
c process time taken by individual solving procedures
c (percentage relative to process time for solving)
c 
c         2.68   99.41% search
c         2.66   98.52% unstable
c         0.02    0.89% lucky
c         0.00    0.00% simplify
c   =================================
c         2.70   85.64% solve
c 
c last line shows process time for solving
c (percentage relative to total process time)
c 
c --- [ statistics ] ---------------------------------------------------------
c 
c backtracked:                4347       123.71 %  of conflicts
c chronological:              1421        32.69 %  of backtracks
c conflicts:                  3514      1303.41    per second
c decisions:                 22603      8383.90    per second
c fixed:                     10974         4.22 %  of all variables
c learned:                    3157        89.84 %  per conflict
c minimized:                 25831        22.51 %  learned literals
c propagations:            8963696         3.32 M  per second
c reduced:                     558        15.88 %  per conflict
c rephased:                      2      1757.00    interval
c restarts:                    349        10.07    interval
c subsumed:                    235         0.01 %  of all clauses
c 
c seconds are measured in process time for solving
c 
c --- [ resources ] ----------------------------------------------------------
c 
c total process time since initialization:         3.15    seconds
c total real time since initialization:            3.15    seconds
c maximum resident set size of process:          206.92    MB
c 
c --- [ shutting down ] ------------------------------------------------------
c 
c exit 20
