c --- [ banner ] -------------------------------------------------------------
c 
c CaDiCaL Radically Simplified CDCL SAT Solver
c Copyright (c) 2016-2019 Armin Biere, JKU Linz
c 
c Version 1.0.3 cb89cbfa16f47cb7bf1ec6ad9855e7b6d5203c18
c g++ (GCC) 6.3.0 -Wall -Wextra -O3 -DNDEBUG
c Fri Aug 23 08:17:16 CDT 2019 Linux login1 4.4.103-6.38-default x86_64
c 
c --- [ config ] -------------------------------------------------------------
c 
c using 'unsat' configuration (target unsatisfiable instances)
c 
c --- [ proof tracing ] ------------------------------------------------------
c 
c opening file to write '/tmp/37_202_0_four.drat'
c writing binary proof trace to '/tmp/37_202_0_four.drat'
c 
c --- [ parsing input ] ------------------------------------------------------
c 
c reading DIMACS file from '/tmp/37_202_0_four.cnf'
c opening file to read '/tmp/37_202_0_four.cnf'
c found 'p cnf 43008 265790' header
c parsed 265790 clauses in 0.10 seconds process time
c 
c --- [ options ] ------------------------------------------------------------
c 
c   --stabilize=false              (different from default 'true')
c   --walk=false                   (different from default 'true')
c 
c --- [ solving ] ------------------------------------------------------------
c 
c time measured in process time since initialization
c 
c  seconds  reductions  redundant  irredundant
c         MB    restarts       trail       variables
c          level   conflicts       glue         remaining
c 
c *  0.10 31  0 0   0    0    0  0% 0 240734 41492 96%
c {  0.11 31  0 0   0    0    0  0% 0 240734 41492 96%
c -  0.15 32 30 1   0  304  239  9% 5 232514 41492 96%
c I  0.20 33 40 1 108 1002  822  8% 7 232514 41492 96%
c -  0.28 42 38 2 121 1126  826  8% 8 232514 41492 96%
c -  0.42 42 38 3 263 2355 1461  9% 9 232514 41492 96%
c B  0.47 42 38 3 292 3005 1987  9% 9 232514 41492 96%
c -  0.61 42 38 4 397 3994 2106  9% 9 232514 41492 96%
c d  0.82 43 38 4 440 5003 2979 10% 9 229386 39928 93%
c 2  0.96 44 38 4 440 5003 2979 10% 9 227040 39928 93%
c p  1.09 46 38 4 440 5003 8394 10% 9 227040 39928 93%
c s  1.26 40 38 4 442 5077 8452 10% 9 227040 39928 93%
c v  1.54 48 38 4 442 5077 8452 10% 9 223449 39928 93%
c w  1.63 49 38 4 442 5077 8451 10% 9 223449 39928 93%
c t  1.66 49 38 4 442 5077 8448 10% 9 204521 39928 93%
c e  2.14 50 38 4 442 5077 3416 10% 9 187734 23957 56%
c s  2.20 52 38 4 442 5077 3412 10% 9 187734 23957 56%
c F  2.35 56 36 4 470 6009 4152  5% 9 187734 23957 56%
c -  2.38 56 36 5 470 6045 1224  5% 9 187734 23957 56%
c -  2.54 56 32 6 556 8337 2561  5% 9 187734 23957 56%
c 
c  seconds  reductions  redundant  irredundant
c         MB    restarts       trail       variables
c          level   conflicts       glue         remaining
c 
c i  2.60 56 30 6 562 9120 3237  6% 8 187734 23927 56%
c i  2.62 56 30 6 562 9181 3286  6% 8 187734 23915 56%
c i  2.62 56 30 6 562 9191 3290  6% 8 187734 23864 55%
c i  2.62 56 30 6 562 9215 3304  6% 8 187734 23812 55%
c }  2.62 56 30 6 562 9218 3305  6% 8 187734 23701 55%
c 0  2.62 56 30 6 562 9218 3305  6% 8 187734 23701 55%
c 
c --- [ result ] -------------------------------------------------------------
c 
s UNSATISFIABLE
c 
c --- [ run-time profiling ] -------------------------------------------------
c 
c process time taken by individual solving procedures
c (percentage relative to process time for solving)
c 
c         1.40   55.80% simplify
c         1.11   44.20% search
c         1.11   44.04% unstable
c         0.47   18.76% elim
c         0.32   12.88% vivify
c         0.18    7.15% subsume
c         0.13    5.09% probe
c         0.10    4.13% ternary
c         0.00    0.16% lucky
c   =================================
c         2.52   96.03% solve
c 
c last line shows process time for solving
c (percentage relative to total process time)
c 
c --- [ statistics ] ---------------------------------------------------------
c 
c backtracked:               29493       319.95 %  of conflicts
c chronological:              3622        12.28 %  of backtracks
c conflicts:                  9218      3663.75    per second
c decisions:                 42192     16769.48    per second
c eliminated:                15971        37.13 %  of all variables
c fixed:                      1772         4.12 %  of all variables
c learned:                    8355        90.64 %  per conflict
c minimized:                 92010        28.50 %  learned literals
c propagations:            4349036         1.73 M  per second
c reduced:                    1950        21.15 %  per conflict
c rephased:                      3      3072.67    interval
c restarts:                    562        16.40    interval
c substituted:                1564         3.64 %  of all variables
c subsumed:                   6756         0.79 %  of all clauses
c strengthened:               2419         0.28 %  of all clauses
c vivified:                   3719         0.43 %  of all clauses
c weakened:                  79313         3.72    average size
c 
c seconds are measured in process time for solving
c 
c --- [ resources ] ----------------------------------------------------------
c 
c total process time since initialization:         2.62    seconds
c total real time since initialization:            2.62    seconds
c maximum resident set size of process:           56.12    MB
c 
c --- [ shutting down ] ------------------------------------------------------
c 
c exit 20
