c --- [ banner ] -------------------------------------------------------------
c 
c CaDiCaL Radically Simplified CDCL SAT Solver
c Copyright (c) 2016-2019 Armin Biere, JKU Linz
c 
c Version 1.0.3 cb89cbfa16f47cb7bf1ec6ad9855e7b6d5203c18
c g++ (GCC) 6.3.0 -Wall -Wextra -O3 -DNDEBUG
c Fri Aug 23 08:17:16 CDT 2019 Linux login1 4.4.103-6.38-default x86_64
c 
c --- [ config ] -------------------------------------------------------------
c 
c using 'unsat' configuration (target unsatisfiable instances)
c 
c --- [ proof tracing ] ------------------------------------------------------
c 
c opening file to write '/tmp/37_525_0_four.drat'
c writing binary proof trace to '/tmp/37_525_0_four.drat'
c 
c --- [ parsing input ] ------------------------------------------------------
c 
c reading DIMACS file from '/tmp/37_525_0_four.cnf'
c opening file to read '/tmp/37_525_0_four.cnf'
c found 'p cnf 43008 265790' header
c parsed 265790 clauses in 0.21 seconds process time
c 
c --- [ options ] ------------------------------------------------------------
c 
c   --stabilize=false              (different from default 'true')
c   --walk=false                   (different from default 'true')
c 
c --- [ solving ] ------------------------------------------------------------
c 
c time measured in process time since initialization
c 
c  seconds  reductions  redundant  irredundant
c         MB    restarts       trail       variables
c          level   conflicts       glue         remaining
c 
c *  0.21 31  0 0   0    0    0  0% 0 240731 41452 96%
c {  0.21 31  0 0   0    0    0  0% 0 240731 41452 96%
c i  0.22 32 47 0   0   97   72  7% 4 240731 41399 96%
c i  0.22 32 46 0   0  100   74  7% 4 240731 41398 96%
c i  0.23 32 58 0   2  151  111  9% 5 240731 41372 96%
c i  0.24 32 45 0  21  261  203  8% 6 240731 41371 96%
c i  0.24 33 41 0  27  283  222  8% 6 240731 41273 96%
c -  0.26 32 39 1  31  302  233  8% 7 227150 41227 96%
c I  0.32 33 41 1 122 1005  787  8% 8 227150 41227 96%
c -  0.38 41 39 2 129 1118  762  8% 9 227150 41227 96%
c -  0.50 41 38 3 192 2343 1249  9% 8 227150 41227 96%
c B  0.54 41 38 3 217 3006 1807  9% 8 227150 41227 96%
c i  0.60 41 39 3 309 3663 2363  9% 9 227150 41219 96%
c -  0.67 41 38 4 334 3971 2045  9% 9 226995 41219 96%
c d  0.87 42 35 4 370 5004 2888 10% 8 223908 39674 92%
c 2  1.00 43 35 4 370 5004 2888 10% 8 221574 39583 92%
c p  1.39 44 35 4 370 5004 5830 10% 8 221574 39134 91%
c d  1.43 44 35 4 370 5004 5260 10% 8 210323 39126 91%
c d  1.46 44 35 4 370 5004 5250 10% 8 210282 39106 91%
c s  1.59 41 34 4 374 5081 5315 10% 8 210258 39106 91%
c 
c  seconds  reductions  redundant  irredundant
c         MB    restarts       trail       variables
c          level   conflicts       glue         remaining
c 
c v  1.83 45 34 4 374 5081 5315 10% 8 207888 39106 91%
c w  1.90 46 34 4 374 5081 5306 10% 8 207888 39070 91%
c t  1.94 46 34 4 374 5081 5242 10% 8 182483 39070 91%
c e  2.40 46 34 4 374 5081 1016 10% 8 162524 20631 48%
c s  2.46 49 34 4 374 5081 1000 10% 8 162524 20631 48%
c i  2.59 52 33 4 378 5451 1292  6% 8 162524 20627 48%
c i  2.59 52 33 4 378 5492 1316  5% 8 162524 20618 48%
c i  2.59 52 33 4 378 5493 1316  5% 8 162524 20592 48%
c i  2.59 52 33 4 378 5494 1316  5% 8 162524 20586 48%
c }  2.59 52 33 4 378 5504 1316  5% 8 162524 20584 48%
c 0  2.59 52 33 4 378 5504 1316  5% 8 162524 20584 48%
c 
c --- [ result ] -------------------------------------------------------------
c 
s UNSATISFIABLE
c 
c --- [ run-time profiling ] -------------------------------------------------
c 
c process time taken by individual solving procedures
c (percentage relative to process time for solving)
c 
c         1.61   67.45% simplify
c         0.78   32.55% search
c         0.78   32.55% unstable
c         0.46   19.13% elim
c         0.39   16.28% probe
c         0.27   11.24% vivify
c         0.16    6.71% subsume
c         0.10    4.36% ternary
c   =================================
c         2.38   91.98% solve
c 
c last line shows process time for solving
c (percentage relative to total process time)
c 
c --- [ statistics ] ---------------------------------------------------------
c 
c backtracked:               40842       742.04 %  of conflicts
c chronological:              2326         5.70 %  of backtracks
c conflicts:                  5504      2308.72    per second
c decisions:                 28481     11946.73    per second
c eliminated:                18439        42.87 %  of all variables
c fixed:                      2412         5.61 %  of all variables
c learned:                    4734        86.01 %  per conflict
c minimized:                 47842        27.33 %  learned literals
c propagations:            4363647         1.83 M  per second
c reduced:                    1065        19.35 %  per conflict
c rephased:                      2      2752.00    interval
c restarts:                    378        14.56    interval
c substituted:                1573         3.66 %  of all variables
c subsumed:                   5448         0.65 %  of all clauses
c strengthened:               2920         0.35 %  of all clauses
c vivified:                   2461         0.29 %  of all clauses
c weakened:                  78738         3.74    average size
c 
c seconds are measured in process time for solving
c 
c --- [ resources ] ----------------------------------------------------------
c 
c total process time since initialization:         2.59    seconds
c total real time since initialization:            2.59    seconds
c maximum resident set size of process:           52.22    MB
c 
c --- [ shutting down ] ------------------------------------------------------
c 
c exit 20
