c --- [ banner ] -------------------------------------------------------------
c 
c CaDiCaL Radically Simplified CDCL SAT Solver
c Copyright (c) 2016-2019 Armin Biere, JKU Linz
c 
c Version 1.0.3 cb89cbfa16f47cb7bf1ec6ad9855e7b6d5203c18
c g++ (GCC) 6.3.0 -Wall -Wextra -O3 -DNDEBUG
c Fri Aug 23 08:17:16 CDT 2019 Linux login1 4.4.103-6.38-default x86_64
c 
c --- [ config ] -------------------------------------------------------------
c 
c using 'unsat' configuration (target unsatisfiable instances)
c 
c --- [ proof tracing ] ------------------------------------------------------
c 
c opening file to write '/tmp/47_341_0_three.drat'
c writing binary proof trace to '/tmp/47_341_0_three.drat'
c 
c --- [ parsing input ] ------------------------------------------------------
c 
c reading DIMACS file from '/tmp/47_341_0_three.cnf'
c opening file to read '/tmp/47_341_0_three.cnf'
c found 'p cnf 202048 780975' header
c parsed 780975 clauses in 0.33 seconds process time
c 
c --- [ options ] ------------------------------------------------------------
c 
c   --stabilize=false              (different from default 'true')
c   --walk=false                   (different from default 'true')
c 
c --- [ solving ] ------------------------------------------------------------
c 
c time measured in process time since initialization
c 
c  seconds  reductions  redundant  irredundant
c         MB    restarts       trail       variables
c          level   conflicts       glue          remaining
c 
c *  0.34 97  0 0   0    0    0  0% 0 780480 198182 98%
c {  0.36 99  0 0   0    0    0  0% 0 780480 198182 98%
c -  0.54 104 190 1  12  300  182  5% 4 703853 198182 98%
c I  0.94 109 60 1 183 1005  836  6% 8 703853 198182 98%
c -  1.49 128 52 2 232 1408 1179  7% 8 703853 198182 98%
c B  2.36 128 37 2 362 3006 2621  8% 9 703853 198182 98%
c -  2.60 128 37 3 372 3070 2120  8% 9 703853 198182 98%
c i  2.98 128 37 3 419 3677 2672  8% 9 703853 198086 98%
c s  3.60 113 36 3 437 3956 2912  8% 9 703853 198086 98%
c w  4.84 141 36 3 437 3956 2910  8% 9 703841 198086 98%
c t  4.90 141 36 3 437 3956 2909  8% 9 703097 198086 98%
c e  6.67 141 36 3 437 3956   17  8% 9 173663 26158 13%
c s  6.84 141 36 3 437 3956   17  8% 9 173540 26158 13%
c e  7.04 141 36 3 437 3956   14  8% 9 173506 26121 13%
c 3  7.32 142 35 3 525 5000 2933  6% 9 173506 26121 13%
c 3  7.34 142 35 3 525 5000 3083  6% 9 173506 26121 13%
c d  7.38 142 35 3 525 5000 3023  6% 9 173506 26113 13%
c 2  7.39 142 35 3 525 5000 3007  6% 9 173506 26113 13%
c p  7.44 142 35 3 525 5000 6401  6% 9 173506 26113 13%
c -  7.52 142 35 4 526 5289 1336  6% 9 173506 26113 13%
c 
c  seconds   reductions  redundant  irredundant
c          MB    restarts       trail       variables
c           level   conflicts       glue         remaining
c 
c F  7.58 142 32 4 538 6008 1987  6% 9 173506 26113 13%
c i  7.59 142 32 4 538 6074 2038  6% 8 173506 26112 13%
c i  7.62 142 31 4 538 6476 2398  6% 8 173506 26090 13%
c }  7.62 142 31 4 538 6479 2399  6% 8 173506 25996 13%
c 0  7.62 142 31 4 538 6479 2399  6% 8 173506 25996 13%
c 
c --- [ result ] -------------------------------------------------------------
c 
s UNSATISFIABLE
c 
c --- [ run-time profiling ] -------------------------------------------------
c 
c process time taken by individual solving procedures
c (percentage relative to process time for solving)
c 
c         3.94   54.09% simplify
c         3.33   45.74% search
c         3.31   45.47% unstable
c         1.92   26.41% elim
c         1.14   15.60% vivify
c         0.63    8.68% subsume
c         0.07    0.99% ternary
c         0.05    0.71% probe
c         0.02    0.27% lucky
c   =================================
c         7.28   95.64% solve
c 
c last line shows process time for solving
c (percentage relative to total process time)
c 
c --- [ statistics ] ---------------------------------------------------------
c 
c backtracked:               19616       302.76 %  of conflicts
c chronological:              2774        14.14 %  of backtracks
c conflicts:                  6479       889.48    per second
c decisions:                 30552      4194.40    per second
c eliminated:               171965        85.11 %  of all variables
c fixed:                      4079         2.02 %  of all variables
c learned:                    6134        94.68 %  per conflict
c minimized:                 49091        25.41 %  learned literals
c propagations:           13183649         1.81 M  per second
c reduced:                     578         8.92 %  per conflict
c rephased:                      3      2159.67    interval
c restarts:                    538        12.04    interval
c substituted:                   8         0.00 %  of all variables
c subsumed:                   3887         0.17 %  of all clauses
c strengthened:               9804         0.42 %  of all clauses
c ternary:                    2356         0.27 %  of resolved
c vivified:                    165         0.01 %  of all clauses
c weakened:                 618840         2.86    average size
c 
c seconds are measured in process time for solving
c 
c --- [ resources ] ----------------------------------------------------------
c 
c total process time since initialization:         7.62    seconds
c total real time since initialization:            7.62    seconds
c maximum resident set size of process:          161.99    MB
c 
c --- [ shutting down ] ------------------------------------------------------
c 
c exit 20
