c --- [ banner ] -------------------------------------------------------------
c 
c CaDiCaL Radically Simplified CDCL SAT Solver
c Copyright (c) 2016-2019 Armin Biere, JKU Linz
c 
c Version 1.0.3 cb89cbfa16f47cb7bf1ec6ad9855e7b6d5203c18
c g++ (GCC) 6.3.0 -Wall -Wextra -O3 -DNDEBUG
c Fri Aug 23 08:17:16 CDT 2019 Linux login1 4.4.103-6.38-default x86_64
c 
c --- [ config ] -------------------------------------------------------------
c 
c using 'unsat' configuration (target unsatisfiable instances)
c 
c --- [ proof tracing ] ------------------------------------------------------
c 
c opening file to write '/tmp/47_560_0_three.drat'
c writing binary proof trace to '/tmp/47_560_0_three.drat'
c 
c --- [ parsing input ] ------------------------------------------------------
c 
c reading DIMACS file from '/tmp/47_560_0_three.cnf'
c opening file to read '/tmp/47_560_0_three.cnf'
c found 'p cnf 202048 780975' header
c parsed 780975 clauses in 0.33 seconds process time
c 
c --- [ options ] ------------------------------------------------------------
c 
c   --stabilize=false              (different from default 'true')
c   --walk=false                   (different from default 'true')
c 
c --- [ solving ] ------------------------------------------------------------
c 
c time measured in process time since initialization
c 
c  seconds  reductions  redundant  irredundant
c         MB    restarts       trail       variables
c          level   conflicts       glue          remaining
c 
c *  0.34 97  0 0   0    0    0  0% 0 780480 198098 98%
c {  0.36 99  0 0   0    0    0  0% 0 780480 198098 98%
c -  0.48 101 219 1   0  300  157  6% 3 702286 198098 98%
c I  1.22 106 80 1 155 1004  811  7% 8 702286 198098 98%
c -  1.84 128 78 2 215 1407 1187  8% 8 702286 198098 98%
c B  3.02 128 64 2 412 3005 2688  9% 9 702286 198098 98%
c -  3.31 128 64 3 414 3069 2107  9% 9 702286 198098 98%
c s  4.59 112 64 3 538 3957 2929  9% 10 702286 198098 98%
c w  6.04 139 64 3 538 3957 2927  9% 10 702286 198098 98%
c t  6.10 139 64 3 538 3957 2927  9% 10 701600 198098 98%
c e  7.94 140 64 3 538 3957   40  9% 10 173950 26246 13%
c s  8.12 149 64 3 538 3957   40  9% 10 173798 26246 13%
c e  8.33 149 64 3 538 3957   37  9% 10 173759 26179 13%
c 3  8.68 149 63 3 670 5003 3304  7% 10 173759 26179 13%
c 3  8.69 149 63 3 670 5003 3682  7% 10 173759 26179 13%
c d  8.74 149 63 3 670 5003 3594  7% 10 173759 26169 13%
c 2  8.75 149 63 3 670 5003 3574  7% 10 173759 26169 13%
c p  8.80 149 63 3 670 5003 4330  7% 10 173759 26169 13%
c -  8.88 149 62 4 685 5285 1332  7% 10 173759 26169 13%
c F  9.00 149 62 4 786 6008 2006  8% 10 173759 26169 13%
c 
c  seconds   reductions  redundant   irredundant
c          MB    restarts       trail        variables
c           level   conflicts       glue          remaining
c 
c -  9.16 149 60 5 914 7144 2174  7% 10 173759 26169 13%
c -  9.45 149 55 6 1085 9375 2850  8% 10 173759 26169 13%
c B  9.51 149 54 6 1133 10009 3427  8% 10 173759 26169 13%
c -  9.70 149 51 7 1180 11979 3412  7% 10 173759 26169 13%
c s 10.01 149 49 7 1315 14883 6011  7% 10 173656 26169 13%
c v 10.20 150 49 7 1315 14883 6011  7% 10 164722 26169 13%
c w 10.30 150 49 7 1315 14883 6007  7% 10 164722 26169 13%
c t 10.32 150 49 7 1315 14883 6006  7% 10 157001 26169 13%
c e 10.46 150 49 7 1315 14883 4304  7% 10 152796 22466 11%
c s 10.52 150 49 7 1315 14883 4229  7% 10 152395 22466 11%
c e 10.58 150 49 7 1315 14883 4218  7% 10 152369 22457 11%
c - 10.69 150 49 8 1333 14954 3204  3% 10 152369 22457 11%
c 3 10.74 151 49 8 1340 15005 5685  3% 10 152369 22457 11%
c 3 10.75 151 49 8 1340 15005 6101  3% 10 152369 22457 11%
c d 10.79 151 49 8 1340 15005 5357  3% 10 152369 22339 11%
c 2 10.80 151 49 8 1340 15005 5190  3% 10 152365 22339 11%
c p 10.82 151 49 8 1340 15005 5435  3% 10 152365 22339 11%
c # 10.84 151 49 8 1340 15010 5440  3% 10 152365 22339 11%
c - 11.11 151 44 9 1467 18148 4565  6% 10 152365 22339 11%
c B 11.34 151 42 9 1571 21012 7191  6% 10 152365 22339 11%
c 
c  seconds   reductions     redundant   irredundant
c          MB     restarts         trail        variables
c           level      conflicts       glue          remaining
c 
c - 11.45 151 42 10 1624 21696 5375  6% 10 152365 22339 11%
c - 11.86 151 40 11 1850 25600 6057  6% 10 152365 22339 11%
c O 12.06 151 38 11 1995 28014 8242  6% 10 152365 22339 11%
c - 12.25 151 37 12 2047 29859 6906  6% 10 152365 22339 11%
c d 12.28 151 37 12 2054 30006 7038  6% 10 152365 22338 11%
c 3 12.32 151 37 12 2054 30006 9623  6% 10 152365 22338 11%
c 3 12.34 151 37 12 2054 30006 10487  6% 10 152365 22338 11%
c d 12.38 151 37 12 2054 30006 9592  6% 10 152365 22195 11%
c 2 12.39 151 37 12 2054 30006 9458  6% 10 152365 22195 11%
c p 12.42 151 37 12 2054 30006 9682  6% 10 152365 22195 11%
c s 12.61 151 36 12 2111 31458 9725  6% 10 151257 22195 11%
c v 12.84 151 36 12 2111 31458 9725  6% 10 136484 22195 11%
c w 12.97 151 36 12 2111 31458 9325  6% 10 136484 22195 11%
c t 12.97 151 36 12 2111 31458 9318  6% 10 136429 22195 11%
c e 13.06 151 36 12 2111 31458 9139  6% 10 136395 22178 11%
c s 13.10 151 36 12 2111 31458 9063  6% 10 136376 22178 11%
c e 13.14 151 36 12 2111 31458 9033  6% 10 136376 22176 11%
c - 13.50 151 36 13 2283 34475 8241  6% 10 136376 22176 11%
c B 13.70 151 35 13 2376 36015 9660  6% 10 136376 22176 11%
c - 14.00 151 35 14 2505 39240 8327  6% 10 136376 22176 11%
c 
c  seconds   reductions     redundant   irredundant
c          MB     restarts         trail        variables
c           level      conflicts       glue          remaining
c 
c - 14.61 151 33 15 2795 44348 9044  6% 10 136376 22176 11%
c I 14.68 151 33 15 2824 45016 9656  6% 9 136376 22176 11%
c - 15.28 151 33 16 3143 49794 9960  6% 10 136376 22176 11%
c 3 15.35 151 33 16 3143 50006 13969  6% 10 136376 22176 11%
c 3 15.37 151 33 16 3143 50006 15010  6% 10 136376 22176 11%
c d 15.41 151 33 16 3143 50006 13880  6% 10 136376 22010 11%
c 2 15.42 151 33 16 3143 50006 13831  6% 10 136376 22010 11%
c p 15.44 151 33 16 3143 50006 13947  6% 10 136376 22010 11%
c s 15.77 151 33 16 3312 52424 14901  6% 10 135703 22010 11%
c v 16.03 151 33 16 3312 52424 14901  6% 10 115141 22010 11%
c w 16.20 151 33 16 3312 52424 14259  6% 10 115141 22010 11%
c t 16.21 151 33 16 3312 52424 14253  6% 10 115141 22010 11%
c e 16.30 151 33 16 3312 52424 14043  6% 10 115075 21947 11%
c s 16.34 151 33 16 3312 52424 13973  6% 10 115064 21947 11%
c e 16.38 151 33 16 3312 52424 13964  6% 10 115064 21946 11%
c B 16.67 151 32 16 3511 55018 16353  6% 10 115064 21946 11%
c - 16.78 151 32 17 3561 55581 11624  6% 10 115064 21946 11%
c - 17.41 151 32 18 4011 61310 11532  6% 10 115064 21946 11%
c F 17.90 151 31 18 4261 66021 15765  6% 10 115064 21946 11%
c - 18.10 151 31 19 4437 67357 11929  6% 10 115064 21946 11%
c 
c  seconds   reductions      redundant   irredundant
c          MB     restarts          trail        variables
c           level      conflicts        glue          remaining
c 
c i 18.24 151 31 19 4490 68623 13056  6% 10 115064 21945 11%
c - 18.92 151 31 20 4897 73723 12787  6% 10 114987 21945 11%
c d 19.08 151 31 20 4967 75006 13906  6% 10 114971 21937 11%
c 3 19.13 151 31 20 4967 75006 18016  6% 10 114971 21937 11%
c 3 19.15 151 31 20 4967 75006 20157  6% 10 114971 21937 11%
c d 19.19 151 31 20 4967 75006 18536  6% 10 114971 21705 11%
c 2 19.21 151 31 20 4967 75006 18521  6% 10 114971 21705 11%
c p 19.23 151 31 20 4967 75006 18632  6% 10 114971 21705 11%
c s 19.45 151 31 20 5072 76329 18889  6% 10 114040 21705 11%
c v 19.77 151 31 20 5072 76329 18889  6% 10 101276 21705 11%
c w 19.94 151 31 20 5072 76329 18044  6% 10 101276 21705 11%
c t 19.94 151 31 20 5072 76329 18042  6% 10 101275 21705 11%
c e 20.11 151 31 20 5072 76329 15254  6% 10 100617 21122 10%
c s 20.16 151 31 20 5072 76329 15131  6% 10 100471 21122 10%
c e 20.21 151 31 20 5072 76329 14989  6% 10 100471 21112 10%
c B 20.42 151 30 20 5137 78022 16552  6% 10 100471 21112 10%
c - 20.71 151 30 21 5268 80406 13222  6% 10 100471 21112 10%
c - 21.47 151 30 22 5737 87019 13597  6% 10 100471 21112 10%
c # 21.88 151 30 22 6105 91023 17310  6% 10 100471 21112 10%
c - 22.20 151 30 23 6237 93933 14652  6% 10 100471 21112 10%
c 
c  seconds   reductions       redundant   irredundant
c          MB     restarts           trail        variables
c           level      conflicts         glue          remaining
c 
c f 22.96 151 30 24 6662 101147 11374  6% 10 100471 21112 10%
c s 23.24 151 30 24 6766 103338 13353  6% 10 100440 21112 10%
c v 23.56 151 30 24 6766 103338 13353  6% 10 96296 21112 10%
c w 23.72 151 30 24 6766 103338 13351  6% 10 96296 21112 10%
c t 23.72 151 30 24 6766 103338 13351  6% 10 96293 21112 10%
c e 23.81 151 30 24 6766 103338 12294  6% 10 95898 20799 10%
c s 23.84 151 30 24 6766 103338 12249  6% 10 95808 20799 10%
c 3 24.11 151 30 24 6851 105006 17446  6% 10 95808 20799 10%
c 3 24.13 151 30 24 6851 105006 18182  6% 10 95808 20799 10%
c d 24.17 151 30 24 6851 105006 17502  6% 10 95808 20701 10%
c 2 24.18 151 30 24 6851 105006 17494  6% 10 95808 20701 10%
c p 24.20 151 30 24 6851 105006 17546  6% 10 95808 20701 10%
c B 24.22 151 30 24 6852 105024 17561  6% 10 95808 20701 10%
c - 24.70 151 30 25 7128 108663 13067  6% 10 95808 20701 10%
c - 25.52 151 29 26 7503 116466 14764  6% 10 95808 20701 10%
c O 25.89 151 29 26 7684 120026 18037  6% 10 95808 20701 10%
c - 26.38 151 29 27 7943 124566 15983  6% 10 95808 20701 10%
c - 27.37 151 28 28 8338 132966 17236  6% 10 95808 20701 10%
c s 27.58 151 28 28 8354 134189 18218  6% 9 95406 20701 10%
c v 27.95 151 28 28 8354 134189 18218  6% 9 95222 20701 10%
c 
c  seconds   reductions       redundant  irredundant
c          MB     restarts           trail      variables
c           level      conflicts         glue        remaining
c 
c w 28.17 151 28 28 8354 134189 18197  6% 9 95222 20701 10%
c e 28.30 151 28 28 8354 134189 15927  6% 9 95101 20180 10%
c s 28.36 151 28 28 8354 134189 15805  6% 9 95058 20180 10%
c e 28.40 151 28 28 8354 134189 15804  6% 9 95054 20179 10%
c B 28.73 151 28 28 8467 136027 17516  8% 9 95054 20179 10%
c 3 29.28 151 28 28 8711 140008 24035  7% 9 95054 20179 10%
c 3 29.30 151 28 28 8711 140008 25019  7% 9 95054 20179 10%
c d 29.34 151 28 28 8711 140008 24597  7% 9 95054 20126 10%
c 2 29.35 151 28 28 8711 140008 24580  7% 9 95053 20126 10%
c p 29.38 151 28 28 8711 140008 24630  7% 9 95053 20126 10%
c - 29.61 151 28 29 8760 141669 17938  7% 9 95053 20126 10%
c - 30.81 151 27 30 9228 150670 19145  7% 9 95053 20126 10%
c I 31.14 151 27 30 9350 153028 21320  8% 9 95053 20126 10%
c - 32.23 151 27 31 9846 159970 20418  8% 9 95053 20126 10%
c - 33.66 151 27 32 10538 169570 21486  8% 9 95053 20126 10%
c s 33.82 151 27 32 10571 169965 21674  8% 9 94833 20126 10%
c v 34.18 151 27 32 10571 169965 21674  8% 9 94487 20126 10%
c w 34.50 151 27 32 10571 169965 21658  8% 9 94487 20126 10%
c t 34.50 151 27 32 10571 169965 21658  8% 9 94485 20125 10%
c e 34.57 151 27 32 10571 169965 19550  8% 9 94387 20000 10%
c 
c  seconds   reductions        redundant  irredundant
c          MB      restarts           trail      variables
c           level       conflicts         glue        remaining
c 
c s 34.63 151 27 32 10571 169965 19421  8% 9 94323 20000 10%
c e 34.66 151 27 32 10571 169965 19415  8% 9 94324 19999 10%
c B 34.83 151 27 32 10638 171029 20409  8% 9 94324 19999 10%
c - 36.22 151 26 33 11199 179475 21930  8% 9 94324 19999 10%
c 3 36.35 151 26 33 11215 180008 24798  8% 9 94324 19999 10%
c 3 36.36 151 26 33 11215 180008 25858  8% 9 94324 19999 10%
c d 36.40 151 26 33 11215 180008 25718  8% 9 94324 19981 10%
c 2 36.41 151 26 33 11215 180008 25711  8% 9 94324 19981 10%
c p 36.43 151 26 33 11215 180008 25883  8% 9 94324 19981 10%
c - 38.30 151 26 34 11905 189675 23528  8% 9 94324 19981 10%
c F 38.36 151 26 34 11917 190034 23842  8% 9 94324 19981 10%
c - 40.24 151 26 35 12746 200175 24265  8% 9 94324 19981 10%
c B 42.10 151 25 35 13547 210037 33155  8% 9 94324 19981 10%
c s 42.19 151 25 35 13561 210244 33094  8% 9 94238 19981 10%
c v 42.55 151 25 35 13561 210244 33094  8% 9 94032 19981 10%
c w 43.11 151 25 35 13561 210244 32971  8% 9 94032 19979 10%
c t 43.12 151 25 35 13561 210244 32969  8% 9 94032 19978 10%
c e 43.18 151 25 35 13561 210244 28701  8% 9 93836 19869 10%
c s 43.24 151 25 35 13561 210244 28504  8% 9 93788 19869 10%
c e 43.28 151 25 35 13561 210244 28487  8% 9 93791 19866 10%
c 
c  seconds   reductions        redundant  irredundant
c          MB      restarts           trail      variables
c           level       conflicts         glue        remaining
c 
c - 43.48 151 25 36 13605 210976 22438  8% 9 93791 19866 10%
c - 45.56 151 25 37 14336 222079 25032  8% 9 93791 19866 10%
c 3 46.19 151 25 37 14599 225008 30639  8% 9 93791 19866 10%
c 3 46.20 151 25 37 14599 225008 31460  8% 9 93791 19866 10%
c d 46.24 151 25 37 14599 225008 31268  8% 9 93791 19841 10%
c 2 46.26 151 25 37 14599 225008 31259  8% 9 93791 19841 10%
c p 46.28 151 25 37 14599 225008 31563  8% 9 93791 19840 10%
c # 47.50 151 25 37 15185 231038 36981  8% 10 93791 19840 10%
c - 48.09 151 25 38 15360 233479 26917  9% 10 93725 19840 10%
c i 48.37 151 24 38 15450 234843 28061  9% 10 93725 19837 10%
c - 50.91 151 24 39 16507 245181 26686  9% 10 93532 19837 10%
c B 52.88 151 24 39 17522 253040 33945  9% 10 93532 19837 10%
c s 53.48 151 24 39 17592 255030 35232  9% 10 93406 19837 10%
c v 53.84 151 24 39 17592 255030 35232  9% 10 93160 19837 10%
c w 54.51 151 24 39 17592 255030 34931  9% 10 93160 19837 10%
c t 54.52 151 24 39 17592 255030 34920  9% 10 93140 19836 10%
c e 54.58 151 24 39 17592 255030 27492  9% 10 93050 19629 10%
c s 54.64 151 24 39 17592 255030 27222  9% 10 92991 19629 10%
c e 54.69 151 24 39 17592 255030 25584  9% 10 92871 19565 10%
c - 55.24 151 24 40 17793 257181 21813  9% 10 92871 19565 10%
c 
c  seconds   reductions        redundant   irredundant
c          MB      restarts           trail       variables
c           level       conflicts         glue         remaining
c 
c - 58.08 151 24 41 18771 269481 26461  9% 10 92871 19565 10%
c d 59.40 151 23 41 19058 275008 31184  9% 10 92863 19563 10%
c 3 59.44 151 23 41 19058 275008 33420  9% 10 92863 19563 10%
c 3 59.46 151 23 41 19058 275008 34529  9% 10 92863 19563 10%
c d 59.50 151 23 41 19058 275008 34433  9% 10 92863 19553 10%
c 2 59.51 151 23 41 19058 275008 34426  9% 10 92863 19553 10%
c p 59.55 151 23 41 19058 275008 35618  9% 10 92863 19552 10%
c d 59.56 151 23 41 19058 275008 35609  9% 10 92843 19551 10%
c d 59.58 151 23 41 19058 275008 35594  9% 10 92833 19547 10%
c i 59.74 151 23 41 19059 275554 35986  9% 10 92833 19546 10%
c O 59.86 151 23 41 19096 276041 36417  9% 10 92833 19546 10%
c - 61.38 151 23 42 19750 282081 27336  9% 10 92673 19546 10%
c - 64.66 151 22 43 20420 294981 29141 10% 10 92673 19546 10%
c i 64.93 151 22 43 20430 296149 29959 10% 10 92673 19523 10%
c B 65.87 151 22 43 20650 300043 33404 10% 10 92673 19523 10%
c s 67.02 151 21 43 20899 304465 37119 10% 10 92597 19523 10%
c v 67.41 151 21 43 20899 304465 37119 10% 10 89411 19517 10%
c w 68.08 151 21 43 20899 304465 35547 10% 10 89411 19513 10%
c t 68.09 151 21 43 20899 304465 35517 10% 10 89372 19513 10%
c e 68.17 151 21 43 20899 304465 27626 10% 10 88319 18318  9%
c 
c  seconds   reductions        redundant   irredundant
c          MB      restarts           trail       variables
c           level       conflicts         glue         remaining
c 
c s 68.22 151 21 43 20899 304465 27353 10% 10 88201 18318  9%
c e 68.27 151 21 43 20899 304465 27207 10% 10 88175 18292  9%
c - 69.01 151 21 44 20971 308181 20202 10% 10 88175 18292  9%
c i 72.00 151 20 44 21437 321506 31445 10% 9 88175 18270  9%
c i 72.01 151 20 44 21437 321521 31451 10% 9 88175 18258  9%
c - 72.10 151 20 45 21437 321681 21804 10% 9 85694 18258  9%
c i 72.14 151 20 45 21437 321862 21904 10% 9 85694 18169  9%
c i 72.16 151 20 45 21437 321925 21955 10% 9 85694 18166  9%
c i 72.16 151 20 45 21437 321926 21955 10% 9 85694 18163  9%
c i 72.16 151 20 45 21437 321927 21955 10% 9 85694 18159  9%
c i 72.18 151 20 45 21437 322051 22030 10% 9 85694 17824  9%
c } 72.23 151 20 45 21437 322055 12422  1% 9 73866 17424  9%
c 0 72.23 151 20 45 21437 322055 12422  1% 9 73866 17424  9%
c 
c --- [ result ] -------------------------------------------------------------
c 
s UNSATISFIABLE
c 
c --- [ run-time profiling ] -------------------------------------------------
c 
c process time taken by individual solving procedures
c (percentage relative to process time for solving)
c 
c        57.48   79.94% search
c        57.46   79.92% unstable
c        14.41   20.04% simplify
c         7.47   10.39% vivify
c         3.33    4.63% elim
c         1.84    2.56% subsume
c         0.68    0.95% ternary
c         0.27    0.37% probe
c         0.02    0.02% lucky
c   =================================
c        71.90   99.55% solve
c 
c last line shows process time for solving
c (percentage relative to total process time)
c 
c --- [ statistics ] ---------------------------------------------------------
c 
c backtracked:             1362100       422.94 %  of conflicts
c chronological:            119906         8.80 %  of backtracks
c conflicts:                322055      4478.96    per second
c decisions:               1137707     15822.58    per second
c eliminated:               178871        88.53 %  of all variables
c fixed:                      4864         2.41 %  of all variables
c flushed:                    9886         3.07 %  per conflict
c learned:                  309744        96.18 %  per conflict
c minimized:               4155040        37.20 %  learned literals
c propagations:          179410955         2.50 M  per second
c reduced:                  204543        63.51 %  per conflict
c rephased:                     24     13418.96    interval
c restarts:                  21437        15.02    interval
c substituted:                 889         0.44 %  of all variables
c subsumed:                  99657         3.20 %  of all clauses
c strengthened:              48205         1.55 %  of all clauses
c ternary:                   46277         0.42 %  of resolved
c vivified:                  83064         2.66 %  of all clauses
c weakened:                 652463         2.92    average size
c 
c seconds are measured in process time for solving
c 
c --- [ resources ] ----------------------------------------------------------
c 
c total process time since initialization:        72.23    seconds
c total real time since initialization:           72.24    seconds
c maximum resident set size of process:          160.61    MB
c 
c --- [ shutting down ] ------------------------------------------------------
c 
c exit 20
