c --- [ banner ] -------------------------------------------------------------
c 
c CaDiCaL Radically Simplified CDCL SAT Solver
c Copyright (c) 2016-2019 Armin Biere, JKU Linz
c 
c Version 1.0.3 cb89cbfa16f47cb7bf1ec6ad9855e7b6d5203c18
c g++ (GCC) 6.3.0 -Wall -Wextra -O3 -DNDEBUG
c Fri Aug 23 08:17:16 CDT 2019 Linux login1 4.4.103-6.38-default x86_64
c 
c --- [ config ] -------------------------------------------------------------
c 
c using 'unsat' configuration (target unsatisfiable instances)
c 
c --- [ proof tracing ] ------------------------------------------------------
c 
c opening file to write '/tmp/61_67_0_three.drat'
c writing binary proof trace to '/tmp/61_67_0_three.drat'
c 
c --- [ parsing input ] ------------------------------------------------------
c 
c reading DIMACS file from '/tmp/61_67_0_three.cnf'
c opening file to read '/tmp/61_67_0_three.cnf'
c found 'p cnf 39424 200367' header
c parsed 200367 clauses in 0.13 seconds process time
c 
c --- [ options ] ------------------------------------------------------------
c 
c   --stabilize=false              (different from default 'true')
c   --walk=false                   (different from default 'true')
c 
c --- [ solving ] ------------------------------------------------------------
c 
c time measured in process time since initialization
c 
c  seconds  reductions  redundant  irredundant
c         MB    restarts       trail       variables
c          level   conflicts       glue         remaining
c 
c *  0.13 26  0 0   0    0    0  0% 0 185090 38318 97%
c {  0.13 27  0 0   0    0    0  0% 0 185090 38318 97%
c -  0.17 28 44 1  22  300  241  6% 8 178864 38318 97%
c I  0.24 29 66 1  90 1004  849  8% 9 178864 38318 97%
c -  0.29 35 67 2  90 1051  764  8% 9 178864 38318 97%
c i  0.30 35 59 2  96 1199  885  8% 8 178864 38297 97%
c i  0.32 35 63 2 104 1376 1032  8% 8 178864 38240 97%
c i  0.33 35 58 2 107 1532 1164  8% 8 178864 38225 97%
c -  0.43 35 54 3 158 2178 1238  8% 8 176719 38225 97%
c B  0.52 35 55 3 199 3007 1999  9% 9 176719 38225 97%
c -  0.61 37 56 4 219 3677 1972 10% 8 176719 38225 97%
c s  0.80 34 52 4 282 4545 2739 10% 8 176719 38225 97%
c v  0.93 37 52 4 282 4545 2739 10% 8 173780 38225 97%
c w  0.99 37 52 4 282 4545 2737 10% 8 173780 38225 97%
c t  1.01 37 52 4 282 4545 2736 10% 8 160462 38225 97%
c e  1.78 39 52 4 282 4545   39 10% 8 141909 21851 55%
c s  1.87 44 52 4 282 4545   39 10% 8 141903 21851 55%
c 3  2.12 45 52 4 326 5000 8360  6% 8 141903 21851 55%
c 2  2.16 45 52 4 326 5000 8359  6% 8 141903 21851 55%
c p  2.19 45 52 4 326 5000 8455  6% 8 141903 21851 55%
c 
c  seconds  reductions  redundant  irredundant
c         MB    restarts       trail       variables
c          level   conflicts       glue         remaining
c 
c -  2.27 45 52 5 400 5547 1124  5% 9 141903 21851 55%
c F  2.30 45 49 5 400 6009 1531  5% 8 141903 21851 55%
c -  2.43 45 46 6 526 7620 2294  5% 8 141903 21851 55%
c B  2.60 45 42 6 722 10012 4392  5% 9 141903 21851 55%
c -  2.64 45 41 7 729 10042 3209  5% 9 141903 21851 55%
c -  2.93 45 40 8 942 12807 4000  6% 9 141903 21851 55%
c d  3.17 45 39 8 1095 15001 5934  6% 9 141898 21848 55%
c 3  3.24 45 39 8 1095 15001 13782  6% 9 141898 21848 55%
c 3  3.25 45 39 8 1095 15001 13831  6% 9 141898 21848 55%
c 2  3.29 45 39 8 1095 15001 13831  6% 9 141898 21847 55%
c p  3.31 45 39 8 1095 15001 14455  6% 9 141898 21847 55%
c #  3.33 45 39 8 1095 15013 14467  6% 9 141898 21847 55%
c s  3.44 46 39 8 1110 15342 14712  6% 9 141487 21847 55%
c v  3.65 46 39 8 1110 15342 14712  6% 9 126326 21847 55%
c w  3.71 46 39 8 1110 15342 10938  6% 9 126326 21847 55%
c t  3.72 46 39 8 1110 15342 10930  6% 9 126279 21847 55%
c e  3.95 46 39 8 1110 15342 7735  6% 9 126555 21440 54%
c s  3.98 46 39 8 1110 15342 7587  6% 9 125558 21440 54%
c e  4.05 46 39 8 1110 15342 6451  6% 9 125765 21215 54%
c -  4.19 37 39 9 1171 15918 3319  6% 9 125765 21215 54%
c 
c  seconds  reductions     redundant  irredundant
c         MB     restarts         trail       variables
c          level      conflicts       glue         remaining
c 
c -  4.62 41 37 10 1339 19218 4472  7% 9 125765 21215 54%
c B  4.84 41 36 10 1465 21019 6138  7% 9 125765 21215 54%
c -  5.12 41 35 11 1593 22846 5537  7% 9 125765 21215 54%
c -  5.71 41 32 12 1809 26805 6164  7% 9 125765 21215 54%
c O  5.91 41 32 12 1877 28021 7251  7% 9 125765 21215 54%
c i  6.03 41 31 12 1907 28827 7955  7% 9 125765 21127 54%
c 3  6.28 41 31 12 1941 30001 15207  7% 9 125765 21127 54%
c 2  6.32 41 31 12 1941 30001 15204  7% 9 125765 21127 54%
c p  6.42 41 31 12 1941 30001 18440  7% 9 125765 21118 54%
c d  6.44 41 31 12 1941 30001 15963  7% 9 120027 21115 54%
c d  6.46 41 31 12 1941 30001 15930  7% 9 120019 21112 54%
c s  6.61 41 30 12 1957 30748 16591  8% 9 120004 21112 54%
c v  6.85 41 30 12 1957 30748 16591  8% 9 107758 21112 54%
c w  6.94 41 30 12 1957 30748 14848  8% 9 107758 21112 54%
c t  6.94 41 30 12 1957 30748 14811  8% 9 106463 21112 54%
c e  7.05 41 30 12 1957 30748 12453  8% 9 105169 19769 50%
c s  7.08 42 30 12 1957 30748 12188  8% 9 104671 19769 50%
c e  7.15 42 30 12 1957 30748 10920  8% 9 104784 19590 50%
c -  7.28 42 30 13 1957 31096 4101  9% 9 104784 19590 50%
c -  7.92 42 27 14 2070 35381 5939  9% 8 104784 19590 50%
c 
c  seconds  reductions     redundant  irredundant
c         MB     restarts         trail       variables
c          level      conflicts       glue         remaining
c 
c B  8.00 42 26 14 2070 36022 6493  9% 8 104784 19590 50%
c i  8.20 42 26 14 2077 37412 7574  9% 8 104784 19587 50%
c i  8.24 42 25 14 2077 37706 7787  9% 8 104784 19572 50%
c i  8.26 42 25 14 2077 37898 7938  9% 8 104784 19567 50%
c i  8.27 42 25 14 2077 37951 7959  9% 8 104784 19536 50%
c i  8.27 42 25 14 2077 37967 7969  9% 8 104784 19502 49%
c i  8.27 42 25 14 2077 37983 7979  9% 8 104784 19499 49%
c i  8.28 42 25 14 2077 38066 8039  9% 8 104784 19457 49%
c i  8.28 42 25 14 2077 38074 8046  9% 8 104784 19406 49%
c i  8.29 42 25 14 2077 38089 8056  9% 8 104784 19287 49%
c }  8.29 42 25 14 2077 38091 8056  9% 8 104784 19251 49%
c 0  8.29 42 25 14 2077 38091 8056  9% 8 104784 19251 49%
c 
c --- [ result ] -------------------------------------------------------------
c 
s UNSATISFIABLE
c 
c --- [ run-time profiling ] -------------------------------------------------
c 
c process time taken by individual solving procedures
c (percentage relative to process time for solving)
c 
c         5.23   64.15% search
c         5.23   64.15% unstable
c         2.92   35.85% simplify
c         1.28   15.74% elim
c         0.72    8.83% vivify
c         0.34    4.12% subsume
c         0.22    2.65% ternary
c         0.14    1.77% probe
c   =================================
c         8.16   98.41% solve
c 
c last line shows process time for solving
c (percentage relative to total process time)
c 
c --- [ statistics ] ---------------------------------------------------------
c 
c backtracked:              166786       437.86 %  of conflicts
c chronological:             15713         9.42 %  of backtracks
c conflicts:                 38091      4670.30    per second
c decisions:                148226     18173.86    per second
c eliminated:                18528        47.00 %  of all variables
c fixed:                      1636         4.15 %  of all variables
c learned:                   35992        94.49 %  per conflict
c minimized:                373882        33.45 %  learned literals
c propagations:           19135399         2.35 M  per second
c reduced:                   14746        38.71 %  per conflict
c rephased:                      8      4761.38    interval
c restarts:                   2077        18.34    interval
c substituted:                   9         0.02 %  of all variables
c subsumed:                  42053         4.51 %  of all clauses
c strengthened:              10067         1.08 %  of all clauses
c ternary:                   31276         0.74 %  of resolved
c vivified:                  36445         3.90 %  of all clauses
c weakened:                  74070         4.24    average size
c 
c seconds are measured in process time for solving
c 
c --- [ resources ] ----------------------------------------------------------
c 
c total process time since initialization:         8.29    seconds
c total real time since initialization:            8.29    seconds
c maximum resident set size of process:           46.19    MB
c 
c --- [ shutting down ] ------------------------------------------------------
c 
c exit 20
