c --- [ banner ] -------------------------------------------------------------
c 
c CaDiCaL Radically Simplified CDCL SAT Solver
c Copyright (c) 2016-2019 Armin Biere, JKU Linz
c 
c Version 1.0.3 cb89cbfa16f47cb7bf1ec6ad9855e7b6d5203c18
c g++ (GCC) 6.3.0 -Wall -Wextra -O3 -DNDEBUG
c Fri Aug 23 08:17:16 CDT 2019 Linux login1 4.4.103-6.38-default x86_64
c 
c --- [ config ] -------------------------------------------------------------
c 
c using 'unsat' configuration (target unsatisfiable instances)
c 
c --- [ proof tracing ] ------------------------------------------------------
c 
c opening file to write '/tmp/17_185_0_three.drat'
c writing binary proof trace to '/tmp/17_185_0_three.drat'
c 
c --- [ parsing input ] ------------------------------------------------------
c 
c reading DIMACS file from '/tmp/17_185_0_three.cnf'
c opening file to read '/tmp/17_185_0_three.cnf'
c found 'p cnf 39424 200382' header
c parsed 200382 clauses in 0.16 seconds process time
c 
c --- [ options ] ------------------------------------------------------------
c 
c   --stabilize=false              (different from default 'true')
c   --walk=false                   (different from default 'true')
c 
c --- [ solving ] ------------------------------------------------------------
c 
c time measured in process time since initialization
c 
c  seconds  reductions  redundant  irredundant
c         MB    restarts       trail       variables
c          level   conflicts       glue         remaining
c 
c *  0.16 26  0 0   0    0    0  0% 0 181510 38139 97%
c {  0.16 26  0 0   0    0    0  0% 0 181510 38139 97%
c -  0.21 27 34 1   0  300  249  8% 6 175433 38139 97%
c I  0.27 29 33 1  53 1002  867  8% 6 175433 38139 97%
c -  0.32 34 34 2  62 1059  790  8% 7 175433 38139 97%
c i  0.40 34 35 2 157 1977 1578  9% 7 175433 38133 97%
c i  0.40 34 35 2 157 1993 1587  9% 7 175433 38113 97%
c i  0.41 34 33 2 157 2156 1731  9% 7 175433 38062 97%
c i  0.41 34 33 2 157 2169 1742  9% 7 175433 38040 96%
c i  0.41 34 32 2 157 2177 1745  9% 7 175433 37629 95%
c -  0.45 34 32 3 157 2180  900  9% 7 166181 37629 95%
c i  0.45 34 32 3 157 2198  913  9% 6 166181 37539 95%
c i  0.45 34 32 3 157 2199  913  9% 6 166181 37523 95%
c i  0.45 34 32 3 157 2208  919  9% 6 166181 37307 95%
c }  0.45 34 32 3 157 2211  920  9% 6 166181 36993 94%
c 0  0.45 34 32 3 157 2211  920  9% 6 166181 36993 94%
c 
c --- [ result ] -------------------------------------------------------------
c 
s UNSATISFIABLE
c 
c --- [ run-time profiling ] -------------------------------------------------
c 
c process time taken by individual solving procedures
c (percentage relative to process time for solving)
c 
c         0.29  100.00% search
c         0.29   98.63% unstable
c         0.00    1.37% lucky
c         0.00    0.00% simplify
c   =================================
c         0.29   64.60% solve
c 
c last line shows process time for solving
c (percentage relative to total process time)
c 
c --- [ statistics ] ---------------------------------------------------------
c 
c backtracked:                2767       125.15 %  of conflicts
c chronological:              1065        38.49 %  of backtracks
c conflicts:                  2211      7571.92    per second
c decisions:                 11641     39866.44    per second
c fixed:                      2431         6.17 %  of all variables
c learned:                    2005        90.68 %  per conflict
c minimized:                 14999        26.46 %  learned literals
c propagations:             902170         3.09 M  per second
c reduced:                     267        12.08 %  per conflict
c rephased:                      1      2211.00    interval
c restarts:                    157        14.08    interval
c subsumed:                    114         0.03 %  of all clauses
c 
c seconds are measured in process time for solving
c 
c --- [ resources ] ----------------------------------------------------------
c 
c total process time since initialization:         0.45    seconds
c total real time since initialization:            0.45    seconds
c maximum resident set size of process:           38.57    MB
c 
c --- [ shutting down ] ------------------------------------------------------
c 
c exit 20
