c --- [ banner ] -------------------------------------------------------------
c 
c CaDiCaL Radically Simplified CDCL SAT Solver
c Copyright (c) 2016-2019 Armin Biere, JKU Linz
c 
c Version 1.0.3 cb89cbfa16f47cb7bf1ec6ad9855e7b6d5203c18
c g++ (GCC) 6.3.0 -Wall -Wextra -O3 -DNDEBUG
c Fri Aug 23 08:17:16 CDT 2019 Linux login1 4.4.103-6.38-default x86_64
c 
c --- [ config ] -------------------------------------------------------------
c 
c using 'unsat' configuration (target unsatisfiable instances)
c 
c --- [ proof tracing ] ------------------------------------------------------
c 
c opening file to write '/tmp/17_388_0_three.drat'
c writing binary proof trace to '/tmp/17_388_0_three.drat'
c 
c --- [ parsing input ] ------------------------------------------------------
c 
c reading DIMACS file from '/tmp/17_388_0_three.cnf'
c opening file to read '/tmp/17_388_0_three.cnf'
c found 'p cnf 39424 200382' header
c parsed 200382 clauses in 0.10 seconds process time
c 
c --- [ options ] ------------------------------------------------------------
c 
c   --stabilize=false              (different from default 'true')
c   --walk=false                   (different from default 'true')
c 
c --- [ solving ] ------------------------------------------------------------
c 
c time measured in process time since initialization
c 
c  seconds  reductions  redundant  irredundant
c         MB    restarts       trail       variables
c          level   conflicts       glue         remaining
c 
c *  0.10 26  0 0   0    0    0  0% 0 181510 38078 97%
c {  0.10 26  0 0   0    0    0  0% 0 181510 38078 97%
c -  0.14 27 39 1   1  301  253  8% 6 174144 38078 97%
c I  0.19 29 35 1  91 1005  840  8% 8 174144 38078 97%
c -  0.24 34 35 2  91 1046  743  8% 8 174144 38078 97%
c i  0.30 34 30 2 124 1859 1412  8% 7 174144 38017 96%
c i  0.31 34 30 2 143 2048 1561  8% 7 174144 37956 96%
c i  0.31 34 30 2 144 2061 1571  8% 7 174144 37926 96%
c i  0.31 34 30 2 144 2063 1572  8% 7 174144 37911 96%
c i  0.31 34 29 2 144 2077 1584  8% 7 174144 37605 95%
c i  0.32 34 29 2 144 2138 1622  8% 7 174144 37561 95%
c }  0.32 34 29 2 144 2148 1630  8% 7 174144 37286 95%
c 0  0.32 34 29 2 144 2148 1630  8% 7 174144 37286 95%
c 
c --- [ result ] -------------------------------------------------------------
c 
s UNSATISFIABLE
c 
c --- [ run-time profiling ] -------------------------------------------------
c 
c process time taken by individual solving procedures
c (percentage relative to process time for solving)
c 
c         0.22  100.00% search
c         0.22  100.00% unstable
c         0.00    0.00% simplify
c   =================================
c         0.22   68.35% solve
c 
c last line shows process time for solving
c (percentage relative to total process time)
c 
c --- [ statistics ] ---------------------------------------------------------
c 
c backtracked:                2683       124.91 %  of conflicts
c chronological:               966        36.00 %  of backtracks
c conflicts:                  2148      9944.44    per second
c decisions:                 10922     50564.81    per second
c fixed:                      2138         5.42 %  of all variables
c learned:                    1905        88.69 %  per conflict
c minimized:                 15254        27.95 %  learned literals
c propagations:             757833         3.51 M  per second
c reduced:                     130         6.05 %  per conflict
c rephased:                      1      2148.00    interval
c restarts:                    144        14.92    interval
c subsumed:                    138         0.04 %  of all clauses
c 
c seconds are measured in process time for solving
c 
c --- [ resources ] ----------------------------------------------------------
c 
c total process time since initialization:         0.32    seconds
c total real time since initialization:            0.32    seconds
c maximum resident set size of process:           34.39    MB
c 
c --- [ shutting down ] ------------------------------------------------------
c 
c exit 20
