c --- [ banner ] -------------------------------------------------------------
c 
c CaDiCaL Radically Simplified CDCL SAT Solver
c Copyright (c) 2016-2019 Armin Biere, JKU Linz
c 
c Version 1.0.3 cb89cbfa16f47cb7bf1ec6ad9855e7b6d5203c18
c g++ (GCC) 6.3.0 -Wall -Wextra -O3 -DNDEBUG
c Fri Aug 23 08:17:16 CDT 2019 Linux login1 4.4.103-6.38-default x86_64
c 
c --- [ config ] -------------------------------------------------------------
c 
c using 'unsat' configuration (target unsatisfiable instances)
c 
c --- [ proof tracing ] ------------------------------------------------------
c 
c opening file to write '/tmp/17_329_0_three.drat'
c writing binary proof trace to '/tmp/17_329_0_three.drat'
c 
c --- [ parsing input ] ------------------------------------------------------
c 
c reading DIMACS file from '/tmp/17_329_0_three.cnf'
c opening file to read '/tmp/17_329_0_three.cnf'
c found 'p cnf 39424 200382' header
c parsed 200382 clauses in 0.08 seconds process time
c 
c --- [ options ] ------------------------------------------------------------
c 
c   --stabilize=false              (different from default 'true')
c   --walk=false                   (different from default 'true')
c 
c --- [ solving ] ------------------------------------------------------------
c 
c time measured in process time since initialization
c 
c  seconds  reductions  redundant  irredundant
c         MB    restarts       trail       variables
c          level   conflicts       glue         remaining
c 
c *  0.08 26  0 0   0    0    0  0% 0 181507 38109 97%
c {  0.08 26  0 0   0    0    0  0% 0 181507 38109 97%
c -  0.12 27 48 1   7  301  239  8% 8 175001 38109 97%
c I  0.18 29 34 1  54 1002  850  8% 7 175001 38109 97%
c -  0.23 34 33 2  54 1052  754  8% 7 175001 38109 97%
c -  0.35 34 27 3  88 2170 1288  8% 7 175001 38109 97%
c i  0.36 34 26 3  88 2248 1344  8% 6 175001 37868 96%
c }  0.36 34 26 3  88 2251 1345  8% 6 175001 37146 94%
c 0  0.36 34 26 3  88 2251 1345  8% 6 175001 37146 94%
c 
c --- [ result ] -------------------------------------------------------------
c 
s UNSATISFIABLE
c 
c --- [ run-time profiling ] -------------------------------------------------
c 
c process time taken by individual solving procedures
c (percentage relative to process time for solving)
c 
c         0.28  100.00% search
c         0.28   98.59% unstable
c         0.00    1.41% lucky
c         0.00    0.00% simplify
c   =================================
c         0.28   78.02% solve
c 
c last line shows process time for solving
c (percentage relative to total process time)
c 
c --- [ statistics ] ---------------------------------------------------------
c 
c backtracked:                2738       121.63 %  of conflicts
c chronological:              1026        37.47 %  of backtracks
c conflicts:                  2251      7926.06    per second
c decisions:                  9892     34830.99    per second
c fixed:                      2278         5.78 %  of all variables
c learned:                    2029        90.14 %  per conflict
c minimized:                 17406        28.78 %  learned literals
c propagations:             823956         2.90 M  per second
c reduced:                     566        25.14 %  per conflict
c rephased:                      1      2251.00    interval
c restarts:                     88        25.58    interval
c subsumed:                    116         0.03 %  of all clauses
c 
c seconds are measured in process time for solving
c 
c --- [ resources ] ----------------------------------------------------------
c 
c total process time since initialization:         0.36    seconds
c total real time since initialization:            0.37    seconds
c maximum resident set size of process:           38.61    MB
c 
c --- [ shutting down ] ------------------------------------------------------
c 
c exit 20
