c --- [ banner ] -------------------------------------------------------------
c 
c CaDiCaL Radically Simplified CDCL SAT Solver
c Copyright (c) 2016-2019 Armin Biere, JKU Linz
c 
c Version 1.0.3 cb89cbfa16f47cb7bf1ec6ad9855e7b6d5203c18
c g++ (GCC) 6.3.0 -Wall -Wextra -O3 -DNDEBUG
c Fri Aug 23 08:17:16 CDT 2019 Linux login1 4.4.103-6.38-default x86_64
c 
c --- [ config ] -------------------------------------------------------------
c 
c using 'unsat' configuration (target unsatisfiable instances)
c 
c --- [ proof tracing ] ------------------------------------------------------
c 
c opening file to write '/tmp/12_731_0_four.drat'
c writing binary proof trace to '/tmp/12_731_0_four.drat'
c 
c --- [ parsing input ] ------------------------------------------------------
c 
c reading DIMACS file from '/tmp/12_731_0_four.cnf'
c opening file to read '/tmp/12_731_0_four.cnf'
c found 'p cnf 259840 1039929' header
c parsed 1039929 clauses in 0.44 seconds process time
c 
c --- [ options ] ------------------------------------------------------------
c 
c   --stabilize=false              (different from default 'true')
c   --walk=false                   (different from default 'true')
c 
c --- [ solving ] ------------------------------------------------------------
c 
c time measured in process time since initialization
c 
c  seconds   reductions  redundant   irredundant
c          MB    restarts       trail        variables
c           level   conflicts       glue           remaining
c 
c *  0.46 139  0 0   0    0    0  0% 0 1039424 252880 97%
c {  0.48 142  0 0   0    0    0  0% 0 1039424 252880 97%
c -  0.74 149 252 1  14  300  188  6% 4 907649 252880 97%
c I  1.23 149 82 1 137 1003  810  8% 8 907649 252880 97%
c -  1.87 179 63 2 218 1474 1206  8% 9 907649 252880 97%
c i  2.26 179 49 2 237 2103 1736  9% 9 907649 252732 97%
c B  2.75 179 45 2 293 3005 2531 10% 9 907649 252732 97%
c -  3.12 180 42 3 295 3236 2144 10% 9 905017 252732 97%
c i  3.34 180 38 3 295 3727 2559 10% 8 905017 252454 97%
c i  3.44 180 38 3 295 3946 2724 10% 8 905017 251933 97%
c }  3.44 180 38 3 295 3951 2726 10% 8 905017 251136 97%
c 0  3.44 180 38 3 295 3951 2726 10% 8 905017 251136 97%
c 
c --- [ result ] -------------------------------------------------------------
c 
s UNSATISFIABLE
c 
c --- [ run-time profiling ] -------------------------------------------------
c 
c process time taken by individual solving procedures
c (percentage relative to process time for solving)
c 
c         2.98   99.33% search
c         2.96   98.66% unstable
c         0.02    0.67% lucky
c         0.00    0.00% simplify
c   =================================
c         3.00   87.09% solve
c 
c last line shows process time for solving
c (percentage relative to total process time)
c 
c --- [ statistics ] ---------------------------------------------------------
c 
c backtracked:                4826       122.15 %  of conflicts
c chronological:              1626        33.69 %  of backtracks
c conflicts:                  3951      1318.76    per second
c decisions:                 19712      6579.44    per second
c fixed:                      8704         3.35 %  of all variables
c learned:                    3603        91.19 %  per conflict
c minimized:                 30066        23.85 %  learned literals
c propagations:           10936579         3.65 M  per second
c reduced:                     626        15.84 %  per conflict
c rephased:                      2      1975.50    interval
c restarts:                    295        13.39    interval
c subsumed:                    247         0.01 %  of all clauses
c 
c seconds are measured in process time for solving
c 
c --- [ resources ] ----------------------------------------------------------
c 
c total process time since initialization:         3.44    seconds
c total real time since initialization:            3.44    seconds
c maximum resident set size of process:          202.95    MB
c 
c --- [ shutting down ] ------------------------------------------------------
c 
c exit 20
