c --- [ banner ] -------------------------------------------------------------
c 
c CaDiCaL Radically Simplified CDCL SAT Solver
c Copyright (c) 2016-2019 Armin Biere, JKU Linz
c 
c Version 1.0.3 cb89cbfa16f47cb7bf1ec6ad9855e7b6d5203c18
c g++ (GCC) 6.3.0 -Wall -Wextra -O3 -DNDEBUG
c Fri Aug 23 08:17:16 CDT 2019 Linux login1 4.4.103-6.38-default x86_64
c 
c --- [ config ] -------------------------------------------------------------
c 
c using 'unsat' configuration (target unsatisfiable instances)
c 
c --- [ proof tracing ] ------------------------------------------------------
c 
c opening file to write '/tmp/12_740_0_four.drat'
c writing binary proof trace to '/tmp/12_740_0_four.drat'
c 
c --- [ parsing input ] ------------------------------------------------------
c 
c reading DIMACS file from '/tmp/12_740_0_four.cnf'
c opening file to read '/tmp/12_740_0_four.cnf'
c found 'p cnf 259840 1039929' header
c parsed 1039929 clauses in 0.44 seconds process time
c 
c --- [ options ] ------------------------------------------------------------
c 
c   --stabilize=false              (different from default 'true')
c   --walk=false                   (different from default 'true')
c 
c --- [ solving ] ------------------------------------------------------------
c 
c time measured in process time since initialization
c 
c  seconds   reductions  redundant   irredundant
c          MB    restarts       trail        variables
c           level   conflicts       glue           remaining
c 
c *  0.46 139  0 0   0    0    0  0% 0 1039424 253322 97%
c {  0.48 142  0 0   0    0    0  0% 0 1039424 253322 97%
c -  0.73 148 235 1  16  300  190  6% 5 913960 253322 97%
c i  0.99 148 84 1 110  862  676  6% 8 913960 253041 97%
c I  1.08 148 75 1 126 1005  800  7% 9 913960 253041 97%
c i  1.36 148 57 1 139 1419 1141  8% 8 913960 251715 97%
c -  1.72 178 54 2 139 1476  907  8% 8 890813 251711 97%
c i  1.80 178 50 2 139 1615 1009  8% 8 890813 251501 97%
c i  1.81 178 49 2 139 1629 1021  8% 8 890813 251301 97%
c i  1.81 178 49 2 139 1632 1023  8% 8 890813 251129 97%
c }  1.81 178 49 2 139 1635 1023  8% 8 890813 251103 97%
c 0  1.81 178 49 2 139 1635 1023  8% 8 890813 251103 97%
c 
c --- [ result ] -------------------------------------------------------------
c 
s UNSATISFIABLE
c 
c --- [ run-time profiling ] -------------------------------------------------
c 
c process time taken by individual solving procedures
c (percentage relative to process time for solving)
c 
c         1.34   98.53% search
c         1.32   97.07% unstable
c         0.02    1.47% lucky
c         0.00    0.00% simplify
c   =================================
c         1.36   75.44% solve
c 
c last line shows process time for solving
c (percentage relative to total process time)
c 
c --- [ statistics ] ---------------------------------------------------------
c 
c backtracked:                2062       126.12 %  of conflicts
c chronological:               731        35.45 %  of backtracks
c conflicts:                  1635      1198.68    per second
c decisions:                  8903      6527.13    per second
c fixed:                      8737         3.36 %  of all variables
c learned:                    1477        90.34 %  per conflict
c minimized:                  9724        23.44 %  learned literals
c propagations:            3679838         2.70 M  per second
c reduced:                      28         1.71 %  per conflict
c rephased:                      1      1635.00    interval
c restarts:                    139        11.76    interval
c subsumed:                    161         0.01 %  of all clauses
c 
c seconds are measured in process time for solving
c 
c --- [ resources ] ----------------------------------------------------------
c 
c total process time since initialization:         1.81    seconds
c total real time since initialization:            1.81    seconds
c maximum resident set size of process:          177.72    MB
c 
c --- [ shutting down ] ------------------------------------------------------
c 
c exit 20
