c --- [ banner ] -------------------------------------------------------------
c 
c CaDiCaL Radically Simplified CDCL SAT Solver
c Copyright (c) 2016-2019 Armin Biere, JKU Linz
c 
c Version 1.0.3 cb89cbfa16f47cb7bf1ec6ad9855e7b6d5203c18
c g++ (GCC) 6.3.0 -Wall -Wextra -O3 -DNDEBUG
c Fri Aug 23 08:17:16 CDT 2019 Linux login1 4.4.103-6.38-default x86_64
c 
c --- [ config ] -------------------------------------------------------------
c 
c using 'unsat' configuration (target unsatisfiable instances)
c 
c --- [ proof tracing ] ------------------------------------------------------
c 
c opening file to write '/tmp/41_1053_0_four.drat'
c writing binary proof trace to '/tmp/41_1053_0_four.drat'
c 
c --- [ parsing input ] ------------------------------------------------------
c 
c reading DIMACS file from '/tmp/41_1053_0_four.cnf'
c opening file to read '/tmp/41_1053_0_four.cnf'
c found 'p cnf 43008 265785' header
c parsed 265785 clauses in 0.20 seconds process time
c 
c --- [ options ] ------------------------------------------------------------
c 
c   --stabilize=false              (different from default 'true')
c   --walk=false                   (different from default 'true')
c 
c --- [ solving ] ------------------------------------------------------------
c 
c time measured in process time since initialization
c 
c  seconds  reductions  redundant  irredundant
c         MB    restarts       trail       variables
c          level   conflicts       glue         remaining
c 
c *  0.20 31  0 0   0    0    0  0% 0 242037 41501 96%
c {  0.20 31  0 0   0    0    0  0% 0 242037 41501 96%
c i  0.21 32 51 0   3  171  100  8% 7 242037 41500 96%
c i  0.21 33 50 0   4  172  100  8% 7 242037 41463 96%
c -  0.24 33 50 1  19  300  163  8% 8 229642 41394 96%
c I  0.30 33 42 1  62 1002  709  8% 8 229642 41394 96%
c -  0.37 41 42 2  62 1116  723  9% 8 229642 41394 96%
c i  0.44 41 37 2 128 2030 1462  9% 8 229642 41315 96%
c i  0.45 42 35 2 128 2166 1565  9% 8 229642 41218 96%
c -  0.51 41 34 3 138 2341 1105  9% 8 226175 41218 96%
c i  0.55 41 33 3 145 2758 1426 10% 8 226175 41186 96%
c i  0.55 41 33 3 145 2790 1449 10% 7 226175 41176 96%
c }  0.55 41 32 3 145 2794 1450 10% 7 226175 41122 96%
c 0  0.55 41 32 3 145 2794 1450 10% 7 226175 41122 96%
c 
c --- [ result ] -------------------------------------------------------------
c 
s UNSATISFIABLE
c 
c --- [ run-time profiling ] -------------------------------------------------
c 
c process time taken by individual solving procedures
c (percentage relative to process time for solving)
c 
c         0.36  100.00% search
c         0.35   98.88% unstable
c         0.00    1.12% lucky
c         0.00    0.00% simplify
c   =================================
c         0.36   64.49% solve
c 
c last line shows process time for solving
c (percentage relative to total process time)
c 
c --- [ statistics ] ---------------------------------------------------------
c 
c backtracked:                3372       120.69 %  of conflicts
c chronological:              1177        34.91 %  of backtracks
c conflicts:                  2794      7848.31    per second
c decisions:                 13442     37758.43    per second
c fixed:                      1886         4.39 %  of all variables
c learned:                    2308        82.61 %  per conflict
c minimized:                 21834        26.26 %  learned literals
c propagations:            1067886         3.00 M  per second
c reduced:                     437        15.64 %  per conflict
c rephased:                      1      2794.00    interval
c restarts:                    145        19.27    interval
c subsumed:                    157         0.03 %  of all clauses
c 
c seconds are measured in process time for solving
c 
c --- [ resources ] ----------------------------------------------------------
c 
c total process time since initialization:         0.55    seconds
c total real time since initialization:            0.55    seconds
c maximum resident set size of process:           47.43    MB
c 
c --- [ shutting down ] ------------------------------------------------------
c 
c exit 20
