c --- [ banner ] -------------------------------------------------------------
c 
c CaDiCaL Radically Simplified CDCL SAT Solver
c Copyright (c) 2016-2019 Armin Biere, JKU Linz
c 
c Version 1.0.3 cb89cbfa16f47cb7bf1ec6ad9855e7b6d5203c18
c g++ (GCC) 6.3.0 -Wall -Wextra -O3 -DNDEBUG
c Fri Aug 23 08:17:16 CDT 2019 Linux login1 4.4.103-6.38-default x86_64
c 
c --- [ config ] -------------------------------------------------------------
c 
c using 'unsat' configuration (target unsatisfiable instances)
c 
c --- [ proof tracing ] ------------------------------------------------------
c 
c opening file to write '/tmp/41_315_0_four.drat'
c writing binary proof trace to '/tmp/41_315_0_four.drat'
c 
c --- [ parsing input ] ------------------------------------------------------
c 
c reading DIMACS file from '/tmp/41_315_0_four.cnf'
c opening file to read '/tmp/41_315_0_four.cnf'
c found 'p cnf 43008 265785' header
c parsed 265785 clauses in 0.10 seconds process time
c 
c --- [ options ] ------------------------------------------------------------
c 
c   --stabilize=false              (different from default 'true')
c   --walk=false                   (different from default 'true')
c 
c --- [ solving ] ------------------------------------------------------------
c 
c time measured in process time since initialization
c 
c  seconds  reductions  redundant  irredundant
c         MB    restarts       trail       variables
c          level   conflicts       glue         remaining
c 
c *  0.10 31  0 0   0    0    0  0% 0 242043 41561 97%
c {  0.10 31  0 0   0    0    0  0% 0 242043 41561 97%
c -  0.16 33 57 1  38  300  227  7% 9 233091 41561 97%
c I  0.22 34 58 1  61 1002  793  9% 9 233091 41561 97%
c -  0.28 42 59 2  61 1120  779  9% 9 233091 41561 97%
c -  0.42 42 56 3 118 2350 1357 10% 9 233091 41561 97%
c B  0.47 42 49 3 146 3005 1910  9% 9 233091 41561 97%
c i  0.54 42 46 3 194 3954 2704  9% 8 233091 41396 96%
c -  0.58 42 46 4 194 3991 1570  9% 8 228492 41396 96%
c i  0.62 42 42 4 194 4524 2014  9% 8 228492 41357 96%
c i  0.62 42 42 4 194 4529 2017  9% 8 228492 41222 96%
c i  0.64 42 42 4 209 4773 2213  9% 8 228492 41048 95%
c }  0.64 42 42 4 209 4780 2217  9% 8 228492 40882 95%
c 0  0.64 42 42 4 209 4780 2217  9% 8 228492 40882 95%
c 
c --- [ result ] -------------------------------------------------------------
c 
s UNSATISFIABLE
c 
c --- [ run-time profiling ] -------------------------------------------------
c 
c process time taken by individual solving procedures
c (percentage relative to process time for solving)
c 
c         0.54   99.26% search
c         0.54   99.26% unstable
c         0.00    0.00% simplify
c   =================================
c         0.54   84.47% solve
c 
c last line shows process time for solving
c (percentage relative to total process time)
c 
c --- [ statistics ] ---------------------------------------------------------
c 
c backtracked:                5778       120.88 %  of conflicts
c chronological:              2076        35.93 %  of backtracks
c conflicts:                  4780      8786.76    per second
c decisions:                 23355     42931.99    per second
c fixed:                      2126         4.94 %  of all variables
c learned:                    4214        88.16 %  per conflict
c minimized:                 40466        25.00 %  learned literals
c propagations:            1786135         3.28 M  per second
c reduced:                    1169        24.46 %  per conflict
c rephased:                      2      2390.00    interval
c restarts:                    209        22.87    interval
c subsumed:                    273         0.06 %  of all clauses
c 
c seconds are measured in process time for solving
c 
c --- [ resources ] ----------------------------------------------------------
c 
c total process time since initialization:         0.64    seconds
c total real time since initialization:            0.65    seconds
c maximum resident set size of process:           48.34    MB
c 
c --- [ shutting down ] ------------------------------------------------------
c 
c exit 20
