c --- [ banner ] -------------------------------------------------------------
c 
c CaDiCaL Radically Simplified CDCL SAT Solver
c Copyright (c) 2016-2019 Armin Biere, JKU Linz
c 
c Version 1.0.3 cb89cbfa16f47cb7bf1ec6ad9855e7b6d5203c18
c g++ (GCC) 6.3.0 -Wall -Wextra -O3 -DNDEBUG
c Fri Aug 23 08:17:16 CDT 2019 Linux login1 4.4.103-6.38-default x86_64
c 
c --- [ config ] -------------------------------------------------------------
c 
c using 'unsat' configuration (target unsatisfiable instances)
c 
c --- [ proof tracing ] ------------------------------------------------------
c 
c opening file to write '/tmp/27_1096_0_four.drat'
c writing binary proof trace to '/tmp/27_1096_0_four.drat'
c 
c --- [ parsing input ] ------------------------------------------------------
c 
c reading DIMACS file from '/tmp/27_1096_0_four.cnf'
c opening file to read '/tmp/27_1096_0_four.cnf'
c found 'p cnf 43008 265785' header
c parsed 265785 clauses in 0.13 seconds process time
c 
c --- [ options ] ------------------------------------------------------------
c 
c   --stabilize=false              (different from default 'true')
c   --walk=false                   (different from default 'true')
c 
c --- [ solving ] ------------------------------------------------------------
c 
c time measured in process time since initialization
c 
c  seconds  reductions  redundant  irredundant
c         MB    restarts       trail       variables
c          level   conflicts       glue         remaining
c 
c *  0.13 31  0 0   0    0    0  0% 0 241975 41537 97%
c {  0.13 31  0 0   0    0    0  0% 0 241975 41537 97%
c i  0.14 32 31 0   0   63   47  5% 3 241975 41515 97%
c -  0.18 33 44 1  32  300  220  7% 8 232512 41515 97%
c i  0.18 33 44 1  34  310  229  7% 8 232512 41489 96%
c i  0.18 33 44 1  34  311  229  7% 8 232512 41473 96%
c I  0.24 34 59 1 118 1007  779 10% 10 232512 41373 96%
c -  0.32 41 62 2 121 1126  795 10% 10 229456 41373 96%
c -  0.44 42 45 3 152 2350 1334 10% 9 229456 41373 96%
c i  0.48 42 43 3 156 3009 1838 10% 9 229456 41361 96%
c B  0.49 42 43 3 156 3010 1839 10% 9 229456 41361 96%
c -  0.59 42 40 4 208 3982 1920 10% 9 229283 41361 96%
c d  0.77 43 39 4 270 5007 2731 10% 9 226192 39815 93%
c 2  0.90 44 39 4 270 5007 2731 10% 9 223876 39796 93%
c p  1.17 45 39 4 270 5007 17901 10% 9 223876 39663 92%
c d  1.20 45 39 4 270 5007 17532 10% 9 220821 39644 92%
c d  1.23 45 39 4 270 5007 17527 10% 9 220777 39634 92%
c s  1.36 41 40 4 270 5090 17579 10% 9 220761 39634 92%
c v  1.64 46 40 4 270 5090 17579 10% 9 218566 39634 92%
c w  1.72 47 40 4 270 5090 17566 10% 9 218566 39634 92%
c 
c  seconds  reductions   redundant  irredundant
c         MB    restarts        trail       variables
c          level   conflicts        glue         remaining
c 
c t  1.76 47 40 4 270 5090 17415 10% 9 196907 39634 92%
c e  2.24 49 40 4 270 5090 6143 10% 9 178996 22590 53%
c s  2.31 54 40 4 270 5090 6135 10% 9 178996 22590 53%
c i  2.50 55 37 4 289 5928 6882  7% 9 178996 22585 53%
c F  2.50 55 36 4 289 6012 6946  7% 9 178996 22585 53%
c -  2.54 56 36 5 289 6030 1429  7% 9 178421 22585 53%
c i  2.55 56 36 5 289 6176 1573  7% 9 178421 22555 52%
c i  2.58 56 34 5 289 6425 1773  7% 8 178421 22551 52%
c i  2.62 56 33 5 289 6702 2002  9% 8 178421 22095 51%
c }  2.62 56 33 5 289 6720 2010  9% 8 178421 22030 51%
c 0  2.62 56 33 5 289 6720 2010  9% 8 178421 22030 51%
c 
c --- [ result ] -------------------------------------------------------------
c 
s UNSATISFIABLE
c 
c --- [ run-time profiling ] -------------------------------------------------
c 
c process time taken by individual solving procedures
c (percentage relative to process time for solving)
c 
c         1.56   62.86% simplify
c         0.92   37.14% search
c         0.92   37.14% unstable
c         0.47   18.81% elim
c         0.32   12.70% vivify
c         0.27   10.93% probe
c         0.19    7.56% subsume
c         0.10    3.86% ternary
c   =================================
c         2.49   94.96% solve
c 
c last line shows process time for solving
c (percentage relative to total process time)
c 
c --- [ statistics ] ---------------------------------------------------------
c 
c backtracked:               33791       502.84 %  of conflicts
c chronological:              2662         7.88 %  of backtracks
c conflicts:                  6720      2700.96    per second
c decisions:                 27354     10994.37    per second
c eliminated:                17044        39.63 %  of all variables
c fixed:                      2359         5.49 %  of all variables
c learned:                    5854        87.11 %  per conflict
c minimized:                 70840        28.39 %  learned literals
c propagations:            4652933         1.87 M  per second
c reduced:                    1452        21.61 %  per conflict
c rephased:                      3      2240.00    interval
c restarts:                    289        23.25    interval
c substituted:                1575         3.66 %  of all variables
c subsumed:                   5167         0.59 %  of all clauses
c strengthened:               3734         0.43 %  of all clauses
c vivified:                   2270         0.26 %  of all clauses
c weakened:                  80791         3.71    average size
c 
c seconds are measured in process time for solving
c 
c --- [ resources ] ----------------------------------------------------------
c 
c total process time since initialization:         2.62    seconds
c total real time since initialization:            2.62    seconds
c maximum resident set size of process:           55.89    MB
c 
c --- [ shutting down ] ------------------------------------------------------
c 
c exit 20
