c --- [ banner ] -------------------------------------------------------------
c 
c CaDiCaL Radically Simplified CDCL SAT Solver
c Copyright (c) 2016-2019 Armin Biere, JKU Linz
c 
c Version 1.0.3 cb89cbfa16f47cb7bf1ec6ad9855e7b6d5203c18
c g++ (GCC) 6.3.0 -Wall -Wextra -O3 -DNDEBUG
c Fri Aug 23 08:17:16 CDT 2019 Linux login1 4.4.103-6.38-default x86_64
c 
c --- [ config ] -------------------------------------------------------------
c 
c using 'unsat' configuration (target unsatisfiable instances)
c 
c --- [ proof tracing ] ------------------------------------------------------
c 
c opening file to write '/tmp/27_43_0_four.drat'
c writing binary proof trace to '/tmp/27_43_0_four.drat'
c 
c --- [ parsing input ] ------------------------------------------------------
c 
c reading DIMACS file from '/tmp/27_43_0_four.cnf'
c opening file to read '/tmp/27_43_0_four.cnf'
c found 'p cnf 43008 265785' header
c parsed 265785 clauses in 0.09 seconds process time
c 
c --- [ options ] ------------------------------------------------------------
c 
c   --stabilize=false              (different from default 'true')
c   --walk=false                   (different from default 'true')
c 
c --- [ solving ] ------------------------------------------------------------
c 
c time measured in process time since initialization
c 
c  seconds  reductions  redundant  irredundant
c         MB    restarts       trail       variables
c          level   conflicts       glue         remaining
c 
c *  0.09 31  0 0   0    0    0  0% 0 241972 41489 96%
c {  0.10 31  0 0   0    0    0  0% 0 241972 41489 96%
c -  0.13 33 57 1  30  301  223  9% 8 231943 41489 96%
c I  0.17 34 55 1 117 1004  771  9% 10 231943 41489 96%
c -  0.22 42 57 2 123 1130  748  9% 10 231943 41489 96%
c i  0.24 43 50 2 123 1413  965  9% 9 231943 41441 96%
c i  0.24 43 50 2 123 1414  965  9% 9 231943 41127 96%
c i  0.24 43 50 2 123 1418  968  9% 9 231943 41113 96%
c i  0.26 43 44 2 123 1745 1207  9% 8 231943 40921 95%
c i  0.26 43 44 2 123 1746 1207  9% 8 231943 40907 95%
c i  0.26 43 44 2 123 1748 1208  9% 8 231943 40496 94%
c i  0.26 43 44 2 123 1749 1208  9% 8 231943 40470 94%
c i  0.26 43 44 2 123 1750 1208  9% 8 231943 40454 94%
c }  0.26 43 44 2 123 1756 1209  9% 8 231943 40246 94%
c 0  0.26 43 44 2 123 1756 1209  9% 8 231943 40246 94%
c 
c --- [ result ] -------------------------------------------------------------
c 
s UNSATISFIABLE
c 
c --- [ run-time profiling ] -------------------------------------------------
c 
c process time taken by individual solving procedures
c (percentage relative to process time for solving)
c 
c         0.16  100.00% search
c         0.16   97.56% unstable
c         0.00    2.44% lucky
c         0.00    0.00% simplify
c   =================================
c         0.16   64.06% solve
c 
c last line shows process time for solving
c (percentage relative to total process time)
c 
c --- [ statistics ] ---------------------------------------------------------
c 
c backtracked:                2164       123.23 %  of conflicts
c chronological:               778        35.95 %  of backtracks
c conflicts:                  1756     10707.32    per second
c decisions:                 12097     73762.20    per second
c fixed:                      2762         6.42 %  of all variables
c learned:                    1474        83.94 %  per conflict
c minimized:                 13675        27.43 %  learned literals
c propagations:             734420         4.48 M  per second
c reduced:                     127         7.23 %  per conflict
c rephased:                      1      1756.00    interval
c restarts:                    123        14.28    interval
c subsumed:                    128         0.03 %  of all clauses
c 
c seconds are measured in process time for solving
c 
c --- [ resources ] ----------------------------------------------------------
c 
c total process time since initialization:         0.26    seconds
c total real time since initialization:            0.25    seconds
c maximum resident set size of process:           42.55    MB
c 
c --- [ shutting down ] ------------------------------------------------------
c 
c exit 20
