c --- [ banner ] -------------------------------------------------------------
c 
c CaDiCaL Radically Simplified CDCL SAT Solver
c Copyright (c) 2016-2019 Armin Biere, JKU Linz
c 
c Version 1.0.3 cb89cbfa16f47cb7bf1ec6ad9855e7b6d5203c18
c g++ (GCC) 6.3.0 -Wall -Wextra -O3 -DNDEBUG
c Fri Aug 23 08:17:16 CDT 2019 Linux login1 4.4.103-6.38-default x86_64
c 
c --- [ config ] -------------------------------------------------------------
c 
c using 'unsat' configuration (target unsatisfiable instances)
c 
c --- [ proof tracing ] ------------------------------------------------------
c 
c opening file to write '/tmp/27_593_0_four.drat'
c writing binary proof trace to '/tmp/27_593_0_four.drat'
c 
c --- [ parsing input ] ------------------------------------------------------
c 
c reading DIMACS file from '/tmp/27_593_0_four.cnf'
c opening file to read '/tmp/27_593_0_four.cnf'
c found 'p cnf 43008 265785' header
c parsed 265785 clauses in 0.14 seconds process time
c 
c --- [ options ] ------------------------------------------------------------
c 
c   --stabilize=false              (different from default 'true')
c   --walk=false                   (different from default 'true')
c 
c --- [ solving ] ------------------------------------------------------------
c 
c time measured in process time since initialization
c 
c  seconds  reductions  redundant  irredundant
c         MB    restarts       trail       variables
c          level   conflicts       glue         remaining
c 
c *  0.14 31  0 0   0    0    0  0% 0 241978 41428 96%
c {  0.14 31  0 0   0    0    0  0% 0 241978 41428 96%
c -  0.20 33 45 1  14  300  207  7% 7 230790 41428 96%
c i  0.20 33 44 1  16  314  216  7% 7 230790 41405 96%
c i  0.21 33 47 1  17  418  287  8% 7 230790 41175 96%
c i  0.21 33 47 1  17  419  287  8% 7 230790 41174 96%
c i  0.21 33 46 1  17  420  287  8% 7 230790 41161 96%
c i  0.22 33 38 1  30  616  427  7% 7 230790 41028 95%
c i  0.24 34 38 1  85  888  655  8% 8 230790 40622 94%
c i  0.24 34 37 1  85  902  666  8% 8 230790 40621 94%
c i  0.24 34 37 1  85  903  666  8% 8 230790 40473 94%
c }  0.24 34 37 1  85  934  689  8% 7 230790 40355 94%
c 0  0.24 34 37 1  85  934  689  8% 7 230790 40355 94%
c 
c --- [ result ] -------------------------------------------------------------
c 
s UNSATISFIABLE
c 
c --- [ run-time profiling ] -------------------------------------------------
c 
c process time taken by individual solving procedures
c (percentage relative to process time for solving)
c 
c         0.10   96.15% search
c         0.10   96.15% unstable
c         0.00    0.00% simplify
c   =================================
c         0.10   42.62% solve
c 
c last line shows process time for solving
c (percentage relative to total process time)
c 
c --- [ statistics ] ---------------------------------------------------------
c 
c backtracked:                1180       126.34 %  of conflicts
c chronological:               403        34.15 %  of backtracks
c conflicts:                   934      8980.77    per second
c decisions:                  6683     64259.62    per second
c fixed:                      2653         6.17 %  of all variables
c learned:                     775        82.98 %  per conflict
c minimized:                  6056        27.83 %  learned literals
c propagations:             295867         2.84 M  per second
c restarts:                     85        10.99    interval
c subsumed:                     76         0.02 %  of all clauses
c 
c seconds are measured in process time for solving
c 
c --- [ resources ] ----------------------------------------------------------
c 
c total process time since initialization:         0.24    seconds
c total real time since initialization:            0.25    seconds
c maximum resident set size of process:           34.38    MB
c 
c --- [ shutting down ] ------------------------------------------------------
c 
c exit 20
