c --- [ banner ] -------------------------------------------------------------
c 
c CaDiCaL Radically Simplified CDCL SAT Solver
c Copyright (c) 2016-2019 Armin Biere, JKU Linz
c 
c Version 1.0.3 cb89cbfa16f47cb7bf1ec6ad9855e7b6d5203c18
c g++ (GCC) 6.3.0 -Wall -Wextra -O3 -DNDEBUG
c Fri Aug 23 08:17:16 CDT 2019 Linux login1 4.4.103-6.38-default x86_64
c 
c --- [ config ] -------------------------------------------------------------
c 
c using 'unsat' configuration (target unsatisfiable instances)
c 
c --- [ proof tracing ] ------------------------------------------------------
c 
c opening file to write '/tmp/1_551_0_three.drat'
c writing binary proof trace to '/tmp/1_551_0_three.drat'
c 
c --- [ parsing input ] ------------------------------------------------------
c 
c reading DIMACS file from '/tmp/1_551_0_three.cnf'
c opening file to read '/tmp/1_551_0_three.cnf'
c found 'p cnf 39424 200382' header
c parsed 200382 clauses in 0.08 seconds process time
c 
c --- [ options ] ------------------------------------------------------------
c 
c   --stabilize=false              (different from default 'true')
c   --walk=false                   (different from default 'true')
c 
c --- [ solving ] ------------------------------------------------------------
c 
c time measured in process time since initialization
c 
c  seconds  reductions  redundant  irredundant
c         MB    restarts       trail       variables
c          level   conflicts       glue         remaining
c 
c *  0.08 26  0 0   0    0    0  0% 0 181509 38110 97%
c {  0.08 26  0 0   0    0    0  0% 0 181509 38110 97%
c -  0.12 28 48 1  39  300  244  6% 8 174576 38110 97%
c I  0.22 29 68 1 118 1002  876 10% 10 174576 38110 97%
c -  0.28 35 72 2 120 1047  796 10% 10 174576 38110 97%
c i  0.31 36 65 2 125 1433 1128 10% 9 174576 38092 97%
c -  0.38 36 50 3 125 2164 1201  9% 8 174144 38092 97%
c i  0.40 36 48 3 136 2396 1411  9% 8 174144 38091 97%
c i  0.44 36 44 3 159 2842 1811  9% 8 174144 37997 96%
c }  0.44 36 44 3 159 2854 1819  9% 8 174144 37281 95%
c 0  0.44 36 44 3 159 2854 1819  9% 8 174144 37281 95%
c 
c --- [ result ] -------------------------------------------------------------
c 
s UNSATISFIABLE
c 
c --- [ run-time profiling ] -------------------------------------------------
c 
c process time taken by individual solving procedures
c (percentage relative to process time for solving)
c 
c         0.36  100.00% search
c         0.36  100.00% unstable
c         0.00    0.00% simplify
c   =================================
c         0.36   81.65% solve
c 
c last line shows process time for solving
c (percentage relative to total process time)
c 
c --- [ statistics ] ---------------------------------------------------------
c 
c backtracked:                3593       125.89 %  of conflicts
c chronological:              1397        38.88 %  of backtracks
c conflicts:                  2854      8016.85    per second
c decisions:                 18301     51407.30    per second
c fixed:                      2143         5.44 %  of all variables
c learned:                    2598        91.03 %  per conflict
c minimized:                 19919        25.06 %  learned literals
c propagations:            1145287         3.22 M  per second
c reduced:                     610        21.37 %  per conflict
c rephased:                      1      2854.00    interval
c restarts:                    159        17.95    interval
c subsumed:                    112         0.03 %  of all clauses
c 
c seconds are measured in process time for solving
c 
c --- [ resources ] ----------------------------------------------------------
c 
c total process time since initialization:         0.44    seconds
c total real time since initialization:            0.44    seconds
c maximum resident set size of process:           40.23    MB
c 
c --- [ shutting down ] ------------------------------------------------------
c 
c exit 20
