c --- [ banner ] -------------------------------------------------------------
c 
c CaDiCaL Radically Simplified CDCL SAT Solver
c Copyright (c) 2016-2019 Armin Biere, JKU Linz
c 
c Version 1.0.3 cb89cbfa16f47cb7bf1ec6ad9855e7b6d5203c18
c g++ (GCC) 6.3.0 -Wall -Wextra -O3 -DNDEBUG
c Fri Aug 23 08:17:16 CDT 2019 Linux login1 4.4.103-6.38-default x86_64
c 
c --- [ config ] -------------------------------------------------------------
c 
c using 'unsat' configuration (target unsatisfiable instances)
c 
c --- [ proof tracing ] ------------------------------------------------------
c 
c opening file to write '/tmp/64_12_0_three.drat'
c writing binary proof trace to '/tmp/64_12_0_three.drat'
c 
c --- [ parsing input ] ------------------------------------------------------
c 
c reading DIMACS file from '/tmp/64_12_0_three.cnf'
c opening file to read '/tmp/64_12_0_three.cnf'
c found 'p cnf 202048 780980' header
c parsed 780980 clauses in 0.30 seconds process time
c 
c --- [ options ] ------------------------------------------------------------
c 
c   --stabilize=false              (different from default 'true')
c   --walk=false                   (different from default 'true')
c 
c --- [ solving ] ------------------------------------------------------------
c 
c time measured in process time since initialization
c 
c  seconds  reductions  redundant  irredundant
c         MB    restarts       trail       variables
c          level   conflicts       glue          remaining
c 
c *  0.32 97  0 0   0    0    0  0% 0 780480 197468 98%
c {  0.34 100  0 0   0    0    0  0% 0 780480 197468 98%
c -  0.58 107 95 1  21  300  188  7% 5 692837 197468 98%
c I  1.01 112 55 1 174 1002  850  7% 8 692837 197468 98%
c -  1.37 132 48 2 206 1405 1160  7% 8 692837 197468 98%
c B  2.10 132 45 2 332 3003 2575  9% 9 692837 197468 98%
c -  2.32 132 46 3 342 3062 1972  9% 9 692837 197468 98%
c s  3.20 117 44 3 381 3968 2792  9% 8 692837 197468 98%
c w  4.38 145 44 3 381 3968 2785  9% 8 692837 197468 98%
c t  4.43 145 44 3 381 3968 2785  9% 8 692224 197468 98%
c e  6.18 137 44 3 381 3968   37  9% 8 170517 25895 13%
c s  6.37 156 44 3 381 3968   35  9% 8 170400 25895 13%
c e  6.60 156 44 3 381 3968   29  9% 8 170372 25859 13%
c 3  6.94 157 45 3 458 5000 2861  8% 8 170372 25859 13%
c 3  6.95 157 45 3 458 5000 3161  8% 8 170372 25859 13%
c d  7.00 157 45 3 458 5000 3121  8% 8 170372 25855 13%
c 2  7.02 157 45 3 458 5000 3113  8% 8 170372 25855 13%
c p  7.06 157 45 3 458 5000 3695  8% 8 170372 25855 13%
c -  7.15 157 45 4 525 5270 1295  7% 9 170372 25855 13%
c F  7.22 157 43 4 613 6008 1971  6% 9 170372 25855 13%
c 
c  seconds   reductions  redundant  irredundant
c          MB    restarts       trail       variables
c           level   conflicts       glue         remaining
c 
c -  7.35 157 39 5 641 7120 2162  6% 9 170372 25855 13%
c -  7.61 157 34 6 733 9337 2954  7% 8 170372 25855 13%
c B  7.69 157 33 6 780 10010 3547  7% 8 170372 25855 13%
c -  7.99 157 32 7 852 11922 3619  9% 8 170372 25855 13%
c i  8.11 157 31 7 897 12772 4365  9% 8 170372 25834 13%
c i  8.17 157 31 7 908 13115 4671  9% 8 170372 25359 13%
c i  8.18 157 30 7 908 13183 4721  9% 8 170372 25357 13%
c i  8.18 157 30 7 908 13185 4721  9% 8 170372 25250 12%
c i  8.18 157 30 7 908 13190 4724  9% 8 170372 25226 12%
c i  8.18 157 30 7 908 13192 4723  9% 8 170372 25125 12%
c i  8.19 157 30 7 908 13221 4742  9% 8 170372 25094 12%
c i  8.19 157 30 7 908 13299 4800  9% 8 170372 24952 12%
c }  8.19 157 30 7 908 13302 4800  9% 8 170372 24770 12%
c 0  8.19 157 30 7 908 13302 4800  9% 8 170372 24770 12%
c 
c --- [ result ] -------------------------------------------------------------
c 
s UNSATISFIABLE
c 
c --- [ run-time profiling ] -------------------------------------------------
c 
c process time taken by individual solving procedures
c (percentage relative to process time for solving)
c 
c         4.01   50.89% search
c         3.99   50.63% unstable
c         3.86   48.96% simplify
c         1.94   24.56% elim
c         1.08   13.65% vivify
c         0.60    7.66% subsume
c         0.07    0.86% ternary
c         0.05    0.61% probe
c         0.02    0.25% lucky
c   =================================
c         7.88   96.24% solve
c 
c last line shows process time for solving
c (percentage relative to total process time)
c 
c --- [ statistics ] ---------------------------------------------------------
c 
c backtracked:               28408       213.56 %  of conflicts
c chronological:              5617        19.77 %  of backtracks
c conflicts:                 13302      1687.21    per second
c decisions:                 64004      8118.21    per second
c eliminated:               171609        84.93 %  of all variables
c fixed:                      5665         2.80 %  of all variables
c learned:                   12628        94.93 %  per conflict
c minimized:                 96847        24.77 %  learned literals
c propagations:           15692094         1.99 M  per second
c reduced:                    4297        32.30 %  per conflict
c rephased:                      4      3325.50    interval
c restarts:                    908        14.65    interval
c substituted:                   4         0.00 %  of all variables
c subsumed:                   4264         0.19 %  of all clauses
c strengthened:               9789         0.43 %  of all clauses
c ternary:                    2442         0.31 %  of resolved
c vivified:                    171         0.01 %  of all clauses
c weakened:                 610334         2.85    average size
c 
c seconds are measured in process time for solving
c 
c --- [ resources ] ----------------------------------------------------------
c 
c total process time since initialization:         8.19    seconds
c total real time since initialization:            8.19    seconds
c maximum resident set size of process:          158.14    MB
c 
c --- [ shutting down ] ------------------------------------------------------
c 
c exit 20
