c --- [ banner ] -------------------------------------------------------------
c 
c CaDiCaL Radically Simplified CDCL SAT Solver
c Copyright (c) 2016-2019 Armin Biere, JKU Linz
c 
c Version 1.0.3 cb89cbfa16f47cb7bf1ec6ad9855e7b6d5203c18
c g++ (GCC) 6.3.0 -Wall -Wextra -O3 -DNDEBUG
c Fri Aug 23 08:17:16 CDT 2019 Linux login1 4.4.103-6.38-default x86_64
c 
c --- [ config ] -------------------------------------------------------------
c 
c using 'unsat' configuration (target unsatisfiable instances)
c 
c --- [ proof tracing ] ------------------------------------------------------
c 
c opening file to write '/tmp/64_518_0_three.drat'
c writing binary proof trace to '/tmp/64_518_0_three.drat'
c 
c --- [ parsing input ] ------------------------------------------------------
c 
c reading DIMACS file from '/tmp/64_518_0_three.cnf'
c opening file to read '/tmp/64_518_0_three.cnf'
c found 'p cnf 202048 780980' header
c parsed 780980 clauses in 0.31 seconds process time
c 
c --- [ options ] ------------------------------------------------------------
c 
c   --stabilize=false              (different from default 'true')
c   --walk=false                   (different from default 'true')
c 
c --- [ solving ] ------------------------------------------------------------
c 
c time measured in process time since initialization
c 
c  seconds  reductions  redundant  irredundant
c         MB    restarts       trail       variables
c          level   conflicts       glue          remaining
c 
c *  0.32 97  0 0   0    0    0  0% 0 780480 197609 98%
c {  0.34 100  0 0   0    0    0  0% 0 780480 197609 98%
c -  0.52 105 90 1  18  302  187  6% 5 694430 197609 98%
c I  0.83 110 44 1 104 1002  818  7% 7 694430 197609 98%
c -  1.29 128 41 2 148 1408 1161  8% 7 694430 197609 98%
c i  1.92 128 30 2 240 2654 2276  9% 7 694430 197581 98%
c B  2.17 128 30 2 264 3003 2583 10% 7 694430 197581 98%
c -  2.37 129 30 3 265 3065 2079 10% 7 693904 197581 98%
c i  2.64 129 31 3 282 3397 2384 11% 7 693904 197120 98%
c i  2.70 129 31 3 305 3508 2477 10% 7 693904 196993 97%
c s  3.26 114 28 3 316 3964 2862 10% 7 693904 196993 97%
c v  4.12 141 28 3 316 3964 2862 10% 7 693859 196993 97%
c w  4.34 141 28 3 316 3964 2843 10% 7 693859 196993 97%
c t  4.40 141 28 3 316 3964 2842 10% 7 693250 196993 97%
c e  6.04 134 28 3 316 3964   21 10% 7 167568 25575 13%
c s  6.19 152 28 3 316 3964   21 10% 7 167472 25575 13%
c e  6.37 153 28 3 316 3964   21 10% 7 167455 25545 13%
c d  6.58 153 27 3 379 5000  954  5% 7 167451 25542 13%
c 3  6.62 153 27 3 379 5000 2873  5% 7 167451 25542 13%
c 3  6.64 153 27 3 379 5000 3276  5% 7 167451 25542 13%
c 
c  seconds   reductions  redundant  irredundant
c          MB    restarts       trail       variables
c           level   conflicts       glue         remaining
c 
c d  6.67 153 27 3 379 5000 3188  5% 7 167451 25532 13%
c 2  6.68 153 27 3 379 5000 3168  5% 7 167449 25532 13%
c p  6.73 153 27 3 379 5000 4218  5% 7 167449 25531 13%
c d  6.75 153 27 3 379 5000 4097  5% 7 167316 25530 13%
c d  6.76 153 27 3 379 5000 4093  5% 7 167303 25524 13%
c -  6.81 153 26 4 404 5277 1345  5% 7 167303 25524 13%
c F  6.85 153 24 4 423 6004 1945  5% 7 167303 25524 13%
c i  6.88 153 22 4 423 6511 2347  5% 7 167303 24988 12%
c i  6.89 153 22 4 423 6806 2573  5% 7 167303 24983 12%
c i  6.89 153 21 4 423 6875 2616  5% 7 167303 24842 12%
c i  6.89 153 21 4 423 6881 2620  5% 7 167303 24829 12%
c i  6.89 153 21 4 423 6903 2635  5% 7 167303 24749 12%
c i  6.89 153 21 4 423 6904 2635  5% 7 167303 24744 12%
c i  6.89 153 21 4 423 6906 2636  5% 7 167303 24719 12%
c i  6.89 153 21 4 423 6907 2636  5% 7 167303 24718 12%
c }  6.89 153 21 4 423 6910 2636  5% 7 167303 24541 12%
c 0  6.89 153 21 4 423 6910 2636  5% 7 167303 24541 12%
c 
c --- [ result ] -------------------------------------------------------------
c 
s UNSATISFIABLE
c 
c --- [ run-time profiling ] -------------------------------------------------
c 
c process time taken by individual solving procedures
c (percentage relative to process time for solving)
c 
c         3.56   54.07% simplify
c         3.01   45.69% search
c         2.99   45.44% unstable
c         1.76   26.79% elim
c         0.98   14.95% vivify
c         0.56    8.51% subsume
c         0.06    0.97% ternary
c         0.05    0.73% probe
c         0.02    0.24% lucky
c   =================================
c         6.58   95.53% solve
c 
c last line shows process time for solving
c (percentage relative to total process time)
c 
c --- [ statistics ] ---------------------------------------------------------
c 
c backtracked:               20974       303.53 %  of conflicts
c chronological:              2659        12.68 %  of backtracks
c conflicts:                  6910      1049.51    per second
c decisions:                 26202      3979.65    per second
c eliminated:               171448        84.86 %  of all variables
c fixed:                      6039         2.99 %  of all variables
c learned:                    6558        94.91 %  per conflict
c minimized:                 61932        30.62 %  learned literals
c propagations:           14685292         2.23 M  per second
c reduced:                     551         7.97 %  per conflict
c rephased:                      3      2303.33    interval
c restarts:                    423        16.34    interval
c substituted:                  20         0.01 %  of all variables
c subsumed:                   4122         0.18 %  of all clauses
c strengthened:              10266         0.45 %  of all clauses
c ternary:                    2730         0.28 %  of resolved
c vivified:                     68         0.00 %  of all clauses
c weakened:                 604080         2.85    average size
c 
c seconds are measured in process time for solving
c 
c --- [ resources ] ----------------------------------------------------------
c 
c total process time since initialization:         6.89    seconds
c total real time since initialization:            6.90    seconds
c maximum resident set size of process:          154.28    MB
c 
c --- [ shutting down ] ------------------------------------------------------
c 
c exit 20
