c --- [ banner ] -------------------------------------------------------------
c 
c CaDiCaL Radically Simplified CDCL SAT Solver
c Copyright (c) 2016-2019 Armin Biere, JKU Linz
c 
c Version 1.0.3 cb89cbfa16f47cb7bf1ec6ad9855e7b6d5203c18
c g++ (GCC) 6.3.0 -Wall -Wextra -O3 -DNDEBUG
c Fri Aug 23 08:17:16 CDT 2019 Linux login1 4.4.103-6.38-default x86_64
c 
c --- [ config ] -------------------------------------------------------------
c 
c using 'unsat' configuration (target unsatisfiable instances)
c 
c --- [ proof tracing ] ------------------------------------------------------
c 
c opening file to write '/tmp/64_853_0_three.drat'
c writing binary proof trace to '/tmp/64_853_0_three.drat'
c 
c --- [ parsing input ] ------------------------------------------------------
c 
c reading DIMACS file from '/tmp/64_853_0_three.cnf'
c opening file to read '/tmp/64_853_0_three.cnf'
c found 'p cnf 202048 780980' header
c parsed 780980 clauses in 0.32 seconds process time
c 
c --- [ options ] ------------------------------------------------------------
c 
c   --stabilize=false              (different from default 'true')
c   --walk=false                   (different from default 'true')
c 
c --- [ solving ] ------------------------------------------------------------
c 
c time measured in process time since initialization
c 
c  seconds  reductions  redundant  irredundant
c         MB    restarts       trail       variables
c          level   conflicts       glue          remaining
c 
c *  0.34 97  0 0   0    0    0  0% 0 780480 197505 98%
c {  0.36 100  0 0   0    0    0  0% 0 780480 197505 98%
c i  0.39 102 107 0   0  205   97  6% 3 780480 197467 98%
c -  0.57 106 68 1  21  300  186  6% 5 692321 197467 98%
c i  0.74 111 49 1  76  535  408  6% 7 692321 197388 98%
c I  0.90 111 36 1 119 1003  815  7% 7 692321 197388 98%
c i  0.90 111 35 1 119 1012  810  7% 7 692321 195894 97%
c i  1.04 111 37 1 127 1170  961  8% 7 692321 195774 97%
c i  1.11 111 34 1 132 1410 1173  8% 7 692321 195276 97%
c -  1.36 128 34 2 132 1410  916  8% 7 662845 195276 97%
c }  1.49 128 32 2 158 1748 1219  8% 7 662845 189712 94%
c 0  1.49 128 32 2 158 1748 1219  8% 7 662845 189712 94%
c 
c --- [ result ] -------------------------------------------------------------
c 
s UNSATISFIABLE
c 
c --- [ run-time profiling ] -------------------------------------------------
c 
c process time taken by individual solving procedures
c (percentage relative to process time for solving)
c 
c         1.16   98.63% search
c         1.14   96.93% unstable
c         0.02    1.71% lucky
c         0.00    0.00% simplify
c   =================================
c         1.17   78.55% solve
c 
c last line shows process time for solving
c (percentage relative to total process time)
c 
c --- [ statistics ] ---------------------------------------------------------
c 
c backtracked:                2227       127.40 %  of conflicts
c chronological:               751        33.72 %  of backtracks
c conflicts:                  1748      1491.47    per second
c decisions:                  9037      7710.75    per second
c fixed:                     12336         6.11 %  of all variables
c learned:                    1605        91.82 %  per conflict
c minimized:                  9500        23.09 %  learned literals
c propagations:            3622400         3.09 M  per second
c reduced:                      29         1.66 %  per conflict
c rephased:                      1      1748.00    interval
c restarts:                    158        11.06    interval
c subsumed:                    122         0.01 %  of all clauses
c 
c seconds are measured in process time for solving
c 
c --- [ resources ] ----------------------------------------------------------
c 
c total process time since initialization:         1.49    seconds
c total real time since initialization:            1.50    seconds
c maximum resident set size of process:          128.06    MB
c 
c --- [ shutting down ] ------------------------------------------------------
c 
c exit 20
