c --- [ banner ] -------------------------------------------------------------
c 
c CaDiCaL Radically Simplified CDCL SAT Solver
c Copyright (c) 2016-2019 Armin Biere, JKU Linz
c 
c Version 1.0.3 cb89cbfa16f47cb7bf1ec6ad9855e7b6d5203c18
c g++ (GCC) 6.3.0 -Wall -Wextra -O3 -DNDEBUG
c Fri Aug 23 08:17:16 CDT 2019 Linux login1 4.4.103-6.38-default x86_64
c 
c --- [ config ] -------------------------------------------------------------
c 
c using 'unsat' configuration (target unsatisfiable instances)
c 
c --- [ proof tracing ] ------------------------------------------------------
c 
c opening file to write '/tmp/10_964_0_four.drat'
c writing binary proof trace to '/tmp/10_964_0_four.drat'
c 
c --- [ parsing input ] ------------------------------------------------------
c 
c reading DIMACS file from '/tmp/10_964_0_four.cnf'
c opening file to read '/tmp/10_964_0_four.cnf'
c found 'p cnf 259840 1039924' header
c parsed 1039924 clauses in 0.46 seconds process time
c 
c --- [ options ] ------------------------------------------------------------
c 
c   --stabilize=false              (different from default 'true')
c   --walk=false                   (different from default 'true')
c 
c --- [ solving ] ------------------------------------------------------------
c 
c time measured in process time since initialization
c 
c  seconds   reductions  redundant   irredundant
c          MB    restarts       trail        variables
c           level   conflicts       glue           remaining
c 
c *  0.47 139  0 0   0    0    0  0% 0 1039424 254370 98%
c {  0.49 141  0 0   0    0    0  0% 0 1039424 254370 98%
c -  0.74 149 322 1  14  304  183  5% 4 928719 254370 98%
c I  1.27 149 106 1 135 1006  805  7% 10 928719 254370 98%
c -  1.92 180 84 2 165 1488 1198  8% 10 928719 254370 98%
c B  2.95 180 64 2 289 3007 2522  9% 10 928719 254370 98%
c -  3.39 180 64 3 325 3259 2082  9% 10 928719 254370 98%
c s  4.54 201 57 3 357 4062 2769  9% 10 928719 254370 98%
c w  6.20 202 57 3 357 4062 2769  9% 10 928719 254370 98%
c t  6.26 202 57 3 357 4062 2769  9% 10 928076 254370 98%
c e  8.97 196 57 3 357 4062   52  9% 10 231509 28431 11%
c s  9.22 196 57 3 357 4062   52  9% 10 231266 28431 11%
c e  9.51 196 57 3 357 4062   45  9% 10 231266 28331 11%
c 3  9.86 196 53 3 433 5000 4883  5% 10 231266 28331 11%
c p  9.99 196 53 3 433 5000 6190  5% 10 231266 28331 11%
c - 10.14 196 56 4 492 5621 1542  7% 10 231266 28331 11%
c F 10.17 196 54 4 501 6008 1879  7% 10 231266 28331 11%
c - 10.41 196 52 5 624 7667 2410  7% 10 231266 28331 11%
c B 10.70 196 52 5 818 10009 4546  7% 10 231266 28331 11%
c - 10.77 196 52 6 833 10123 3123  7% 11 231266 28331 11%
c 
c  seconds   reductions    redundant   irredundant
c          MB    restarts         trail        variables
c           level     conflicts       glue          remaining
c 
c - 11.30 196 53 7 1079 12987 3786  8% 11 231266 28331 11%
c 3 11.53 196 53 7 1180 15000 5934  8% 11 231266 28331 11%
c 3 11.54 196 53 7 1180 15000 6123  8% 11 231266 28331 11%
c d 11.59 196 53 7 1180 15000 6033  8% 11 231266 28316 11%
c 2 11.61 196 53 7 1180 15000 6003  8% 11 231266 28316 11%
c p 11.68 196 53 7 1180 15000 7345  8% 11 231266 28316 11%
c # 11.71 196 53 7 1183 15012 7356  8% 11 231266 28316 11%
c s 11.95 196 53 7 1255 16179 8178  8% 10 231115 28316 11%
c v 12.26 196 53 7 1255 16179 8178  8% 10 224444 28316 11%
c w 12.40 196 53 7 1255 16179 8069  8% 10 224444 28316 11%
c t 12.42 196 53 7 1255 16179 8067  8% 10 212180 28316 11%
c e 12.60 196 53 7 1255 16179 5231  8% 10 207589 24379  9%
c s 12.69 197 53 7 1255 16179 5128  8% 10 206965 24379  9%
c e 12.77 197 53 7 1255 16179 4981  8% 10 206752 24337  9%
c - 12.92 197 53 8 1255 16264 3075  6% 10 206752 24337  9%
c - 13.42 197 52 9 1518 19818 4430  7% 11 206752 24337  9%
c B 13.54 197 50 9 1565 21017 5520  7% 11 206752 24337  9%
c - 13.82 197 47 10 1609 23765 5310  7% 10 206752 24337  9%
c O 14.32 197 44 10 1776 28021 9081  7% 10 206752 24337  9%
c - 14.36 197 44 11 1776 28106 6128  7% 10 206752 24337  9%
c 
c  seconds   reductions      redundant   irredundant
c          MB     restarts          trail        variables
c           level      conflicts        glue          remaining
c 
c 3 14.63 197 43 11 1840 30004 11305  7% 10 206752 24337  9%
c 3 14.65 197 43 11 1840 30004 12049  7% 10 206752 24337  9%
c d 14.70 197 43 11 1840 30004 11299  7% 10 206752 24215  9%
c 2 14.72 197 43 11 1840 30004 11056  7% 10 206749 24215  9%
c p 14.75 197 43 11 1840 30004 11550  7% 10 206749 24215  9%
c - 15.11 197 41 12 1914 32843 7515  7% 10 206749 24215  9%
c s 15.37 197 39 12 1961 34701 8965  7% 10 206198 24215  9%
c v 15.72 197 39 12 1961 34701 8965  7% 10 187048 24215  9%
c w 15.87 197 39 12 1961 34701 8915  7% 10 187048 24215  9%
c t 15.88 197 39 12 1961 34701 8913  7% 10 186903 24215  9%
c e 15.99 197 39 12 1961 34701 8751  7% 10 186856 24196  9%
c s 16.05 197 39 12 1961 34701 8654  7% 10 186832 24196  9%
c e 16.10 197 39 12 1961 34701 8584  7% 10 186830 24194  9%
c B 16.28 197 39 12 2006 36022 9797  7% 10 186830 24194  9%
c - 16.54 197 38 13 2088 37973 8494  7% 10 186830 24194  9%
c - 17.14 197 37 14 2388 43317 9037  7% 10 186830 24194  9%
c I 17.38 197 38 14 2519 45026 10577  7% 10 186830 24194  9%
c - 18.04 197 37 15 2723 49039 9921  7% 10 186830 24194  9%
c d 18.17 197 36 15 2751 50007 10774  7% 10 186828 24193  9%
c 3 18.22 197 36 15 2751 50007 14349  7% 10 186828 24193  9%
c 
c  seconds   reductions      redundant   irredundant
c          MB     restarts          trail        variables
c           level      conflicts        glue          remaining
c 
c 3 18.25 197 36 15 2751 50007 15378  7% 10 186828 24193  9%
c d 18.30 197 36 15 2751 50007 14371  7% 10 186828 24042  9%
c 2 18.32 197 36 15 2751 50007 14282  7% 10 186828 24040  9%
c p 18.35 197 36 15 2751 50007 14842  7% 10 186828 24040  9%
c B 19.01 197 35 15 2924 55027 19343  7% 9 186828 24040  9%
c - 19.08 197 35 16 2936 55141 11489  7% 9 186597 24040  9%
c s 19.60 197 35 16 3103 58294 14059  7% 9 185975 24040  9%
c v 19.98 197 35 16 3103 58294 14059  7% 9 161469 24040  9%
c w 20.22 197 35 16 3103 58294 14015  7% 9 161469 24040  9%
c t 20.22 197 35 16 3103 58294 14012  7% 9 161469 24040  9%
c e 20.33 197 35 16 3103 58294 13761  7% 9 161430 24015  9%
c s 20.38 197 35 16 3103 58294 13661  7% 9 161417 24015  9%
c e 20.42 197 35 16 3103 58294 13632  7% 9 161410 24013  9%
c - 20.99 197 34 17 3286 61622 12009  7% 9 161410 24013  9%
c F 21.62 197 33 17 3538 66028 15984  7% 9 161410 24013  9%
c - 22.00 197 33 18 3727 68145 12797  8% 9 161410 24013  9%
c d 22.95 197 32 18 4016 75007 18970  8% 9 161409 24011  9%
c 3 23.02 197 32 18 4016 75007 25708  8% 9 161409 24011  9%
c 3 23.06 197 32 18 4016 75007 26844  8% 9 161409 24011  9%
c d 23.13 197 32 18 4016 75007 25198  8% 9 161409 23785  9%
c 
c  seconds   reductions      redundant  irredundant
c          MB     restarts          trail       variables
c           level      conflicts        glue         remaining
c 
c 2 23.14 197 32 18 4016 75007 25145  8% 9 161408 23785  9%
c p 23.19 197 32 18 4016 75007 25688  8% 9 161408 23776  9%
c - 23.27 197 32 19 4016 75035 13876  8% 9 160405 23776  9%
c B 23.94 197 32 19 4267 78029 16635  8% 9 160405 23776  9%
c i 24.12 197 32 19 4356 79126 17631  8% 9 160405 23772  9%
c - 24.67 197 32 20 4576 82266 15049  8% 9 160057 23772  9%
c s 25.53 197 32 20 4731 85784 18103  8% 9 159094 23772  9%
c v 25.99 197 32 20 4731 85784 18103  8% 9 134047 23772  9%
c w 26.26 197 32 20 4731 85784 18061  8% 9 134047 23772  9%
c t 26.26 197 32 20 4731 85784 18048  8% 9 133969 23772  9%
c e 26.45 197 32 20 4731 85784 14265  8% 9 132783 22780  9%
c s 26.52 197 32 20 4731 85784 14122  8% 9 132593 22780  9%
c e 26.57 197 32 20 4731 85784 12729  8% 9 132324 22754  9%
c - 27.24 197 32 21 4925 89854 12740  8% 9 132324 22754  9%
c # 27.41 197 32 21 5013 91030 13817  8% 9 132324 22754  9%
c - 28.11 197 31 22 5280 97258 14696  8% 9 132324 22754  9%
c f 29.23 197 30 23 5458 104999 11075  8% 9 132324 22754  9%
c 3 29.30 147 30 23 5460 105008 20528  8% 9 132324 22754  9%
c d 29.34 147 30 23 5460 105008 19041  8% 9 132324 22555  9%
c 2 29.35 147 30 23 5460 105008 19008  8% 9 132323 22555  9%
c 
c  seconds   reductions       redundant  irredundant
c          MB     restarts           trail       variables
c           level      conflicts         glue         remaining
c 
c p 29.38 147 30 23 5460 105008 20029  8% 9 132323 22553  9%
c B 29.41 147 30 23 5466 105032 20052  8% 9 132323 22553  9%
c - 30.62 147 30 24 5840 113075 14884  8% 9 132094 22553  9%
c s 31.31 147 30 24 6042 116264 17454  8% 9 131216 22553  9%
c v 31.79 147 30 24 6042 116264 17454  8% 9 125917 22553  9%
c w 32.06 147 30 24 6042 116264 17379  8% 9 125917 22553  9%
c t 32.07 147 30 24 6042 116264 17378  8% 9 125914 22553  9%
c e 32.20 147 30 24 6042 116264 15301  8% 9 125260 22003  8%
c s 32.28 147 30 24 6042 116264 15069  8% 9 125151 22003  8%
c e 32.32 147 30 24 6042 116264 15027  8% 9 125148 21997  8%
c O 32.82 147 29 24 6173 120035 18409  8% 9 125148 21997  8%
c - 33.12 147 29 25 6231 121481 15374  8% 9 125148 21997  8%
c - 34.81 147 28 26 6660 130040 16874  8% 9 125148 21997  8%
c B 35.76 147 27 26 6938 136037 22170  8% 9 125148 21997  8%
c - 36.25 147 27 27 7015 138931 18275  8% 9 125148 21997  8%
c 3 36.52 147 27 27 7030 140008 26692  8% 9 125148 21997  8%
c d 36.58 147 27 27 7030 140008 25969  8% 9 125148 21901  8%
c 2 36.60 147 27 27 7030 140008 25951  8% 9 125148 21901  8%
c p 36.64 147 27 27 7030 140008 26496  8% 9 125148 21901  8%
c i 37.28 147 27 27 7070 142762 28757 12% 9 125148 21892  8%
c 
c  seconds   reductions       redundant  irredundant
c          MB     restarts           trail       variables
c           level      conflicts         glue         remaining
c 
c - 38.15 147 26 28 7240 148149 17393 10% 9 124613 21892  8%
c s 38.86 147 26 28 7404 151382 19812 10% 9 124178 21892  8%
c v 39.36 147 26 28 7404 151382 19812 10% 9 123847 21892  8%
c w 39.67 147 26 28 7404 151382 19642 10% 9 123847 21892  8%
c t 39.67 147 26 28 7404 151382 19617 10% 9 123816 21892  8%
c e 39.78 147 26 28 7404 151382 16127 10% 9 123368 21592  8%
c s 39.85 147 26 28 7404 151382 15895 10% 9 123314 21592  8%
c e 39.89 147 26 28 7404 151382 15644 10% 9 123286 21582  8%
c I 40.11 147 26 28 7474 153040 17112 10% 9 123286 21582  8%
c i 40.97 147 25 28 7500 157274 20658 11% 9 123286 21563  8%
c - 41.11 147 25 29 7500 157680 13737 11% 9 121589 21563  8%
c i 42.60 147 25 29 7706 165307 20352 11% 9 121589 21519  8%
c i 42.82 147 24 29 7711 166516 21399 11% 9 121589 21484  8%
c - 43.04 147 24 30 7717 167446 13756 11% 9 117304 21484  8%
c i 43.22 147 24 30 7717 168599 14706 11% 9 117304 21473  8%
c i 43.22 147 24 30 7717 168675 14761 11% 9 117304 21466  8%
c i 43.23 147 24 30 7717 168698 14772 11% 9 117304 21454  8%
c i 43.24 147 24 30 7717 168750 14815 11% 9 117304 21415  8%
c } 43.24 147 24 30 7717 168773 14834 11% 9 117304 21380  8%
c 0 43.24 147 24 30 7717 168773 14834 11% 9 117304 21380  8%
c 
c --- [ result ] -------------------------------------------------------------
c 
s UNSATISFIABLE
c 
c --- [ run-time profiling ] -------------------------------------------------
c 
c process time taken by individual solving procedures
c (percentage relative to process time for solving)
c 
c        30.02   70.16% search
c        30.00   70.11% unstable
c        12.75   29.80% simplify
c         5.24   12.25% vivify
c         4.04    9.43% elim
c         1.85    4.33% subsume
c         0.60    1.41% ternary
c         0.32    0.76% probe
c         0.02    0.05% lucky
c   =================================
c        42.79   98.95% solve
c 
c last line shows process time for solving
c (percentage relative to total process time)
c 
c --- [ statistics ] ---------------------------------------------------------
c 
c backtracked:              861970       510.73 %  of conflicts
c chronological:             64362         7.47 %  of backtracks
c conflicts:                168773      3944.40    per second
c decisions:                556960     13016.73    per second
c eliminated:               231947        89.27 %  of all variables
c fixed:                      5701         2.19 %  of all variables
c flushed:                   10548         6.25 %  per conflict
c learned:                  160535        95.12 %  per conflict
c minimized:               1981005        33.57 %  learned literals
c propagations:          104213194         2.44 M  per second
c reduced:                   93690        55.51 %  per conflict
c rephased:                     17      9927.82    interval
c restarts:                   7717        21.87    interval
c substituted:                 812         0.31 %  of all variables
c subsumed:                 105143         2.95 %  of all clauses
c strengthened:              47725         1.34 %  of all clauses
c ternary:                   45966         0.49 %  of resolved
c vivified:                  92256         2.59 %  of all clauses
c weakened:                 849477         2.90    average size
c 
c seconds are measured in process time for solving
c 
c --- [ resources ] ----------------------------------------------------------
c 
c total process time since initialization:        43.24    seconds
c total real time since initialization:           43.25    seconds
c maximum resident set size of process:          204.45    MB
c 
c --- [ shutting down ] ------------------------------------------------------
c 
c exit 20
