c --- [ banner ] -------------------------------------------------------------
c 
c CaDiCaL Radically Simplified CDCL SAT Solver
c Copyright (c) 2016-2019 Armin Biere, JKU Linz
c 
c Version 1.0.3 cb89cbfa16f47cb7bf1ec6ad9855e7b6d5203c18
c g++ (GCC) 6.3.0 -Wall -Wextra -O3 -DNDEBUG
c Fri Aug 23 08:17:16 CDT 2019 Linux login1 4.4.103-6.38-default x86_64
c 
c --- [ config ] -------------------------------------------------------------
c 
c using 'unsat' configuration (target unsatisfiable instances)
c 
c --- [ proof tracing ] ------------------------------------------------------
c 
c opening file to write '/tmp/2_305_0_six.drat'
c writing binary proof trace to '/tmp/2_305_0_six.drat'
c 
c --- [ parsing input ] ------------------------------------------------------
c 
c reading DIMACS file from '/tmp/2_305_0_six.cnf'
c opening file to read '/tmp/2_305_0_six.cnf'
c found 'p cnf 50176 399289' header
c parsed 399289 clauses in 0.15 seconds process time
c 
c --- [ options ] ------------------------------------------------------------
c 
c   --stabilize=false              (different from default 'true')
c   --walk=false                   (different from default 'true')
c 
c --- [ solving ] ------------------------------------------------------------
c 
c time measured in process time since initialization
c 
c  seconds  reductions  redundant  irredundant
c         MB    restarts       trail       variables
c          level   conflicts       glue         remaining
c 
c *  0.15 44  0 0   0    0    0  0% 0 363632 48310 96%
c {  0.16 45  0 0   0    0    0  0% 0 363632 48310 96%
c -  0.23 47 78 1  32  314  233  9% 9 351658 48310 96%
c I  0.30 48 75 1  79 1002  695  9% 10 351658 48310 96%
c -  0.43 60 75 2  95 1241  760 10% 10 351658 48310 96%
c -  0.64 60 75 3 191 2633 1286 10% 10 351658 48310 96%
c B  0.70 60 76 3 246 3004 1552 10% 11 351658 48310 96%
c -  0.95 60 69 4 323 4488 1976 11% 11 351658 48310 96%
c d  1.16 62 70 4 374 5003 2373 11% 11 346930 45946 92%
c 2  1.36 60 70 4 374 5003 2373 11% 11 341020 45946 92%
c p  1.52 63 70 4 374 5003 5934 11% 11 341020 45946 92%
c s  1.82 70 74 4 391 5826 6561 11% 11 341016 45946 92%
c v  2.23 70 74 4 391 5826 6561 11% 11 336776 45946 92%
c w  2.36 70 74 4 391 5826 6559 11% 11 336776 45946 92%
c t  2.40 70 74 4 391 5826 6559 11% 11 306666 45946 92%
c e  3.17 65 74 4 391 5826 2820 11% 11 289124 29425 59%
c s  3.31 70 74 4 391 5826 2814 11% 11 289124 29425 59%
c F  3.52 74 74 4 391 6005 2918 10% 11 289124 29425 59%
c -  3.67 74 69 5 391 6807 1253 10% 10 289124 29425 59%
c -  4.14 74 55 6 450 9437 2772 10% 10 289124 29425 59%
c 
c  seconds  reductions   redundant   irredundant
c         MB    restarts        trail        variables
c          level    conflicts       glue          remaining
c 
c B  4.17 74 53 6 455 10007 3148  9% 10 289124 29425 59%
c -  4.58 74 48 7 524 12506 3684  9% 9 289124 29425 59%
c i  4.59 74 48 7 524 12596 3746  9% 9 289124 29419 59%
c }  4.61 74 47 7 524 12765 3869  9% 9 289124 28549 57%
c 0  4.61 74 47 7 524 12765 3869  9% 9 289124 28549 57%
c 
c --- [ result ] -------------------------------------------------------------
c 
s UNSATISFIABLE
c 
c --- [ run-time profiling ] -------------------------------------------------
c 
c process time taken by individual solving procedures
c (percentage relative to process time for solving)
c 
c         2.34   52.56% search
c         2.34   52.47% unstable
c         2.12   47.44% simplify
c         0.76   17.13% elim
c         0.48   10.67% vivify
c         0.29    6.46% subsume
c         0.16    3.68% probe
c         0.15    3.41% ternary
c         0.00    0.09% lucky
c   =================================
c         4.46   96.70% solve
c 
c last line shows process time for solving
c (percentage relative to total process time)
c 
c --- [ statistics ] ---------------------------------------------------------
c 
c backtracked:               35801       280.46 %  of conflicts
c chronological:              4682        13.08 %  of backtracks
c conflicts:                 12765      2862.11    per second
c decisions:                 64894     14550.22    per second
c eliminated:                16521        32.93 %  of all variables
c fixed:                      2742         5.46 %  of all variables
c learned:                   11063        86.67 %  per conflict
c minimized:                170444        29.44 %  learned literals
c propagations:            7899047         1.77 M  per second
c reduced:                    3284        25.73 %  per conflict
c rephased:                      4      3191.25    interval
c restarts:                    524        24.36    interval
c substituted:                2364         4.71 %  of all variables
c subsumed:                  11923         0.93 %  of all clauses
c strengthened:               4076         0.32 %  of all clauses
c vivified:                   4426         0.35 %  of all clauses
c weakened:                 108478         3.99    average size
c 
c seconds are measured in process time for solving
c 
c --- [ resources ] ----------------------------------------------------------
c 
c total process time since initialization:         4.61    seconds
c total real time since initialization:            4.62    seconds
c maximum resident set size of process:           74.25    MB
c 
c --- [ shutting down ] ------------------------------------------------------
c 
c exit 20
