c --- [ banner ] -------------------------------------------------------------
c 
c CaDiCaL Radically Simplified CDCL SAT Solver
c Copyright (c) 2016-2019 Armin Biere, JKU Linz
c 
c Version 1.0.3 cb89cbfa16f47cb7bf1ec6ad9855e7b6d5203c18
c g++ (GCC) 6.3.0 -Wall -Wextra -O3 -DNDEBUG
c Fri Aug 23 08:17:16 CDT 2019 Linux login1 4.4.103-6.38-default x86_64
c 
c --- [ config ] -------------------------------------------------------------
c 
c using 'unsat' configuration (target unsatisfiable instances)
c 
c --- [ proof tracing ] ------------------------------------------------------
c 
c opening file to write '/tmp/2_419_0_six.drat'
c writing binary proof trace to '/tmp/2_419_0_six.drat'
c 
c --- [ parsing input ] ------------------------------------------------------
c 
c reading DIMACS file from '/tmp/2_419_0_six.cnf'
c opening file to read '/tmp/2_419_0_six.cnf'
c found 'p cnf 50176 399289' header
c parsed 399289 clauses in 0.15 seconds process time
c 
c --- [ options ] ------------------------------------------------------------
c 
c   --stabilize=false              (different from default 'true')
c   --walk=false                   (different from default 'true')
c 
c --- [ solving ] ------------------------------------------------------------
c 
c time measured in process time since initialization
c 
c  seconds  reductions  redundant  irredundant
c         MB    restarts       trail       variables
c          level   conflicts       glue         remaining
c 
c *  0.16 44  0 0   0    0    0  0% 0 363622 48220 96%
c {  0.16 45  0 0   0    0    0  0% 0 363622 48220 96%
c -  0.22 47 79 1  26  312  206  8% 13 349040 48220 96%
c I  0.28 47 73 1  49 1003  555 11% 13 349040 48220 96%
c -  0.42 59 88 2  51 1262  616 12% 12 349040 48220 96%
c -  0.60 60 81 3 120 2650 1269 12% 12 349040 48220 96%
c B  0.63 60 74 3 129 3006 1518 12% 12 349040 48220 96%
c -  0.82 60 65 4 160 4501 1847 12% 11 349040 48220 96%
c d  1.02 61 64 4 188 5002 2209 12% 11 344348 45874 91%
c 2  1.22 60 64 4 188 5002 2209 12% 11 338483 45874 91%
c p  1.39 62 64 4 188 5002 6490 12% 11 338483 45874 91%
c s  1.65 70 68 4 200 5831 7077 12% 11 338483 45874 91%
c v  2.06 70 68 4 200 5831 7077 12% 11 335007 45874 91%
c w  2.18 70 68 4 200 5831 7074 12% 11 335007 45874 91%
c t  2.22 70 68 4 200 5831 7072 12% 11 303517 45874 91%
c e  2.98 65 68 4 200 5831 3250 12% 11 284784 28914 58%
c F  3.26 74 67 4 200 6010 3399  4% 11 284784 28914 58%
c -  3.37 74 65 5 310 6818 1381  5% 11 284784 28914 58%
c -  3.64 74 52 6 380 9438 2599  7% 10 284784 28914 58%
c B  3.69 74 49 6 382 10012 3022  7% 10 284784 28914 58%
c 
c  seconds  reductions   redundant   irredundant
c         MB    restarts        trail        variables
c          level    conflicts       glue          remaining
c 
c i  3.74 74 47 6 382 10349 3285  7% 10 284784 28908 58%
c i  3.74 74 47 6 382 10357 3289  7% 10 284784 28785 57%
c }  3.74 74 47 6 382 10360 3290  7% 10 284784 28376 57%
c 0  3.74 74 47 6 382 10360 3290  7% 10 284784 28376 57%
c 
c --- [ result ] -------------------------------------------------------------
c 
s UNSATISFIABLE
c 
c --- [ run-time profiling ] -------------------------------------------------
c 
c process time taken by individual solving procedures
c (percentage relative to process time for solving)
c 
c         2.04   56.97% simplify
c         1.54   42.92% search
c         1.54   42.92% unstable
c         0.75   20.85% elim
c         0.47   13.04% vivify
c         0.24    6.58% subsume
c         0.17    4.68% probe
c         0.15    4.24% ternary
c   =================================
c         3.59   95.94% solve
c 
c last line shows process time for solving
c (percentage relative to total process time)
c 
c --- [ statistics ] ---------------------------------------------------------
c 
c backtracked:               31430       303.38 %  of conflicts
c chronological:              3601        11.46 %  of backtracks
c conflicts:                 10360      2887.40    per second
c decisions:                 47688     13290.97    per second
c eliminated:                16960        33.80 %  of all variables
c fixed:                      2494         4.97 %  of all variables
c learned:                    8523        82.27 %  per conflict
c minimized:                122169        26.34 %  learned literals
c propagations:            5581300         1.56 M  per second
c reduced:                    1977        19.08 %  per conflict
c rephased:                      4      2590.00    interval
c restarts:                    382        27.12    interval
c substituted:                2346         4.68 %  of all variables
c subsumed:                  10824         0.85 %  of all clauses
c strengthened:               3860         0.30 %  of all clauses
c vivified:                   3678         0.29 %  of all clauses
c weakened:                 109822         4.02    average size
c 
c seconds are measured in process time for solving
c 
c --- [ resources ] ----------------------------------------------------------
c 
c total process time since initialization:         3.74    seconds
c total real time since initialization:            3.74    seconds
c maximum resident set size of process:           74.13    MB
c 
c --- [ shutting down ] ------------------------------------------------------
c 
c exit 20
