c --- [ banner ] -------------------------------------------------------------
c 
c CaDiCaL Radically Simplified CDCL SAT Solver
c Copyright (c) 2016-2019 Armin Biere, JKU Linz
c 
c Version 1.0.3 cb89cbfa16f47cb7bf1ec6ad9855e7b6d5203c18
c g++ (GCC) 6.3.0 -Wall -Wextra -O3 -DNDEBUG
c Fri Aug 23 08:17:16 CDT 2019 Linux login1 4.4.103-6.38-default x86_64
c 
c --- [ config ] -------------------------------------------------------------
c 
c using 'unsat' configuration (target unsatisfiable instances)
c 
c --- [ proof tracing ] ------------------------------------------------------
c 
c opening file to write '/tmp/2_462_0_six.drat'
c writing binary proof trace to '/tmp/2_462_0_six.drat'
c 
c --- [ parsing input ] ------------------------------------------------------
c 
c reading DIMACS file from '/tmp/2_462_0_six.cnf'
c opening file to read '/tmp/2_462_0_six.cnf'
c found 'p cnf 50176 399289' header
c parsed 399289 clauses in 0.16 seconds process time
c 
c --- [ options ] ------------------------------------------------------------
c 
c   --stabilize=false              (different from default 'true')
c   --walk=false                   (different from default 'true')
c 
c --- [ solving ] ------------------------------------------------------------
c 
c time measured in process time since initialization
c 
c  seconds  reductions  redundant  irredundant
c         MB    restarts       trail       variables
c          level   conflicts       glue         remaining
c 
c *  0.16 44  0 0   0    0    0  0% 0 363642 48204 96%
c {  0.16 45  0 0   0    0    0  0% 0 363642 48204 96%
c -  0.24 47 83 1  28  304  214  9% 12 349040 48204 96%
c I  0.28 47 59 1  59 1004  611  9% 11 349040 48204 96%
c -  0.41 59 54 2  59 1230  652  8% 10 349040 48204 96%
c i  0.45 59 56 2  89 1764 1009  8% 10 349040 48162 96%
c i  0.45 59 56 2  89 1765 1009  8% 10 349040 48110 96%
c -  0.58 59 51 3 150 2619 1261  8% 10 347122 48110 96%
c B  0.60 59 48 3 174 3014 1561  8% 10 347122 48110 96%
c i  0.64 59 51 3 190 3327 1817  8% 10 347122 47995 96%
c i  0.67 59 52 3 246 3692 2070  8% 10 347122 47801 95%
c i  0.67 59 51 3 250 3856 2166  8% 10 347122 47771 95%
c i  0.68 59 51 3 253 3922 2197  8% 10 347122 47764 95%
c i  0.68 59 50 3 253 3986 2242  8% 10 347122 47724 95%
c -  0.78 59 47 4 267 4471 1965  9% 10 337957 47724 95%
c i  0.82 59 50 4 267 4890 2262  9% 9 337957 47723 95%
c i  0.82 59 50 4 267 4901 2270 10% 9 337957 47678 95%
c d  0.98 60 51 4 270 5000 2322 10% 9 332537 45412 91%
c 2  1.17 60 51 4 270 5000 2320 10% 9 326875 45377 90%
c p  1.48 60 51 4 270 5000 10617 10% 9 326875 44903 89%
c 
c  seconds  reductions  redundant  irredundant
c         MB    restarts       trail       variables
c          level   conflicts       glue         remaining
c 
c d  1.53 60 51 4 270 5000 9361 10% 9 315053 44901 89%
c d  1.57 60 51 4 270 5000 9356 10% 9 315043 44897 89%
c s  1.92 75 51 4 303 5833 9979  8% 9 315027 44897 89%
c v  2.19 75 51 4 303 5833 9979  8% 9 312736 44897 89%
c w  2.26 75 51 4 303 5833 9926  8% 9 312736 44816 89%
c t  2.30 75 51 4 303 5833 9861  8% 9 280606 44816 89%
c e  2.87 75 51 4 303 5833 3089  8% 9 256596 26274 52%
c s  2.97 76 51 4 303 5833 3088  8% 9 256596 26274 52%
c e  3.06 76 51 4 303 5833 3082  8% 9 256593 26272 52%
c F  3.12 76 50 4 321 6029 3213  6% 9 256593 26272 52%
c }  3.14 76 49 4 325 6240 3372  6% 9 256593 25863 52%
c 0  3.14 76 49 4 325 6240 3372  6% 9 256593 25863 52%
c 
c --- [ result ] -------------------------------------------------------------
c 
s UNSATISFIABLE
c 
c --- [ run-time profiling ] -------------------------------------------------
c 
c process time taken by individual solving procedures
c (percentage relative to process time for solving)
c 
c         1.88   63.14% simplify
c         1.10   36.73% search
c         1.09   36.60% unstable
c         0.64   21.45% elim
c         0.30   10.19% probe
c         0.28    9.25% vivify
c         0.20    6.70% subsume
c         0.15    4.96% ternary
c         0.00    0.13% lucky
c   =================================
c         2.98   95.03% solve
c 
c last line shows process time for solving
c (percentage relative to total process time)
c 
c --- [ statistics ] ---------------------------------------------------------
c 
c backtracked:               34282       549.39 %  of conflicts
c chronological:              2215         6.46 %  of backtracks
c conflicts:                  6240      2091.15    per second
c decisions:                 34879     11688.67    per second
c eliminated:                18544        36.96 %  of all variables
c fixed:                      3497         6.97 %  of all variables
c learned:                    5136        82.31 %  per conflict
c minimized:                 75917        30.18 %  learned literals
c propagations:            4695222         1.57 M  per second
c reduced:                     911        14.60 %  per conflict
c rephased:                      3      2080.00    interval
c restarts:                    325        19.20    interval
c substituted:                2272         4.53 %  of all variables
c subsumed:                   9533         0.77 %  of all clauses
c strengthened:               2557         0.21 %  of all clauses
c vivified:                   2398         0.19 %  of all clauses
c weakened:                 104206         4.09    average size
c 
c seconds are measured in process time for solving
c 
c --- [ resources ] ----------------------------------------------------------
c 
c total process time since initialization:         3.14    seconds
c total real time since initialization:            3.14    seconds
c maximum resident set size of process:           75.86    MB
c 
c --- [ shutting down ] ------------------------------------------------------
c 
c exit 20
