c --- [ banner ] -------------------------------------------------------------
c 
c CaDiCaL Radically Simplified CDCL SAT Solver
c Copyright (c) 2016-2019 Armin Biere, JKU Linz
c 
c Version 1.0.3 cb89cbfa16f47cb7bf1ec6ad9855e7b6d5203c18
c g++ (GCC) 6.3.0 -Wall -Wextra -O3 -DNDEBUG
c Fri Aug 23 08:17:16 CDT 2019 Linux login1 4.4.103-6.38-default x86_64
c 
c --- [ config ] -------------------------------------------------------------
c 
c using 'unsat' configuration (target unsatisfiable instances)
c 
c --- [ proof tracing ] ------------------------------------------------------
c 
c opening file to write '/tmp/2_541_0_six.drat'
c writing binary proof trace to '/tmp/2_541_0_six.drat'
c 
c --- [ parsing input ] ------------------------------------------------------
c 
c reading DIMACS file from '/tmp/2_541_0_six.cnf'
c opening file to read '/tmp/2_541_0_six.cnf'
c found 'p cnf 50176 399289' header
c parsed 399289 clauses in 0.20 seconds process time
c 
c --- [ options ] ------------------------------------------------------------
c 
c   --stabilize=false              (different from default 'true')
c   --walk=false                   (different from default 'true')
c 
c --- [ solving ] ------------------------------------------------------------
c 
c time measured in process time since initialization
c 
c  seconds  reductions  redundant  irredundant
c         MB    restarts       trail       variables
c          level   conflicts       glue         remaining
c 
c *  0.20 44  0 0   0    0    0  0% 0 363642 48300 96%
c {  0.20 45  0 0   0    0    0  0% 0 363642 48300 96%
c -  0.26 47 95 1  31  302  189  9% 13 350786 48300 96%
c I  0.32 48 96 1  51 1002  632 10% 11 350786 48300 96%
c -  0.46 60 90 2  70 1231  710 11% 12 350786 48300 96%
c -  0.64 60 81 3 153 2624 1209 11% 12 350786 48300 96%
c B  0.68 60 77 3 154 3005 1512 10% 11 350786 48300 96%
c -  0.90 60 75 4 247 4479 1943 10% 11 350786 48300 96%
c d  1.12 62 74 4 247 5002 2356 11% 11 346070 45942 92%
c 2  1.31 60 74 4 247 5002 2356 11% 11 340175 45942 92%
c p  1.46 63 74 4 247 5002 6871 11% 11 340175 45942 92%
c s  1.79 70 81 4 249 5827 7523 11% 11 340171 45942 92%
c v  2.22 70 81 4 249 5827 7523 11% 11 336240 45942 92%
c w  2.35 70 81 4 249 5827 7517 11% 11 336240 45942 92%
c t  2.39 70 81 4 249 5827 7514 11% 11 305584 45942 92%
c e  3.16 65 81 4 249 5827 3675 11% 11 287636 29235 58%
c F  3.46 74 80 4 256 6007 3809  7% 11 287636 29235 58%
c -  3.55 74 76 5 310 6796 1216  6% 11 287636 29235 58%
c -  3.88 74 61 6 425 9422 2620  7% 10 287636 29235 58%
c B  3.95 74 58 6 442 10014 3093  8% 10 287636 29235 58%
c 
c  seconds  reductions   redundant   irredundant
c         MB    restarts        trail        variables
c          level    conflicts       glue          remaining
c 
c -  4.24 74 54 7 476 12485 3600  8% 10 287636 29235 58%
c i  4.28 74 52 7 476 12938 3935  8% 10 287636 29228 58%
c 3  4.55 74 48 7 525 15006 25711  7% 9 287636 29228 58%
c 2  4.62 74 48 7 525 15006 25710  7% 9 287636 29228 58%
c p  4.68 74 48 7 525 15006 27440  7% 9 287636 29228 58%
c #  4.71 74 48 7 525 15016 27450  7% 9 287636 29228 58%
c -  4.85 74 46 8 532 15986 4534  7% 9 286728 29228 58%
c i  4.86 74 46 8 532 16139 4631  7% 9 286728 29056 58%
c i  4.86 74 46 8 532 16142 4633  7% 9 286728 29049 58%
c }  4.86 74 46 8 532 16144 4633  7% 9 286728 28298 56%
c 0  4.86 74 46 8 532 16144 4633  7% 9 286728 28298 56%
c 
c --- [ result ] -------------------------------------------------------------
c 
s UNSATISFIABLE
c 
c --- [ run-time profiling ] -------------------------------------------------
c 
c process time taken by individual solving procedures
c (percentage relative to process time for solving)
c 
c         2.35   50.39% simplify
c         2.32   49.61% search
c         2.31   49.53% unstable
c         0.76   16.20% elim
c         0.49   10.54% vivify
c         0.29    6.17% ternary
c         0.27    5.74% subsume
c         0.21    4.46% probe
c         0.00    0.09% lucky
c   =================================
c         4.67   95.97% solve
c 
c last line shows process time for solving
c (percentage relative to total process time)
c 
c --- [ statistics ] ---------------------------------------------------------
c 
c backtracked:               44465       275.43 %  of conflicts
c chronological:              5680        12.77 %  of backtracks
c conflicts:                 16144      3458.44    per second
c decisions:                 71128     15237.36    per second
c eliminated:                16707        33.30 %  of all variables
c fixed:                      2813         5.61 %  of all variables
c learned:                   13924        86.25 %  per conflict
c minimized:                215348        29.68 %  learned literals
c propagations:            8067392         1.73 M  per second
c reduced:                    5151        31.91 %  per conflict
c rephased:                      5      3228.80    interval
c restarts:                    532        30.35    interval
c substituted:                2358         4.70 %  of all variables
c subsumed:                  12110         0.90 %  of all clauses
c strengthened:               3777         0.28 %  of all clauses
c ternary:                   28751         0.96 %  of resolved
c vivified:                   4134         0.31 %  of all clauses
c weakened:                 109084         4.01    average size
c 
c seconds are measured in process time for solving
c 
c --- [ resources ] ----------------------------------------------------------
c 
c total process time since initialization:         4.86    seconds
c total real time since initialization:            4.86    seconds
c maximum resident set size of process:           74.12    MB
c 
c --- [ shutting down ] ------------------------------------------------------
c 
c exit 20
