c --- [ banner ] -------------------------------------------------------------
c 
c CaDiCaL Radically Simplified CDCL SAT Solver
c Copyright (c) 2016-2019 Armin Biere, JKU Linz
c 
c Version 1.0.3 cb89cbfa16f47cb7bf1ec6ad9855e7b6d5203c18
c g++ (GCC) 6.3.0 -Wall -Wextra -O3 -DNDEBUG
c Fri Aug 23 08:17:16 CDT 2019 Linux login1 4.4.103-6.38-default x86_64
c 
c --- [ config ] -------------------------------------------------------------
c 
c using 'unsat' configuration (target unsatisfiable instances)
c 
c --- [ proof tracing ] ------------------------------------------------------
c 
c opening file to write '/tmp/2_659_0_six.drat'
c writing binary proof trace to '/tmp/2_659_0_six.drat'
c 
c --- [ parsing input ] ------------------------------------------------------
c 
c reading DIMACS file from '/tmp/2_659_0_six.cnf'
c opening file to read '/tmp/2_659_0_six.cnf'
c found 'p cnf 50176 399289' header
c parsed 399289 clauses in 0.21 seconds process time
c 
c --- [ options ] ------------------------------------------------------------
c 
c   --stabilize=false              (different from default 'true')
c   --walk=false                   (different from default 'true')
c 
c --- [ solving ] ------------------------------------------------------------
c 
c time measured in process time since initialization
c 
c  seconds  reductions  redundant  irredundant
c         MB    restarts       trail       variables
c          level   conflicts       glue         remaining
c 
c *  0.21 44  0 0   0    0    0  0% 0 363624 48198 96%
c {  0.22 45  0 0   0    0    0  0% 0 363624 48198 96%
c -  0.30 46 66 1  23  305  192  7% 11 349038 48198 96%
c I  0.36 47 84 1  52 1021  636  9% 12 349038 48198 96%
c -  0.49 59 84 2  61 1231  676  9% 12 349038 48198 96%
c -  0.68 59 73 3  89 2625 1369 10% 10 349038 48198 96%
c B  0.73 59 70 3 131 3022 1658 10% 10 349038 48198 96%
c -  0.92 59 59 4 170 4476 1983 10% 10 349038 48198 96%
c d  1.12 60 57 4 198 5001 2387 10% 10 344346 45852 91%
c 2  1.31 60 57 4 198 5001 2387 10% 10 338481 45852 91%
c p  1.48 62 57 4 198 5001 7898 10% 10 338481 45852 91%
c s  1.78 69 58 4 216 5832 8536 10% 9 338481 45852 91%
c v  2.22 69 58 4 216 5832 8536 10% 9 334729 45852 91%
c w  2.33 69 58 4 216 5832 8532 10% 9 334729 45852 91%
c t  2.38 69 58 4 216 5832 8528 10% 9 303193 45852 91%
c e  3.17 64 58 4 216 5832 4266 10% 9 284849 28945 58%
c F  3.47 73 58 4 221 6023 4414  7% 9 284849 28945 58%
c -  3.60 73 56 5 231 6791 1430 10% 9 284849 28945 58%
c -  3.82 73 44 6 330 9409 2733  7% 9 284849 28945 58%
c i  3.89 73 42 6 330 9947 3171  7% 9 284849 28944 58%
c 
c  seconds  reductions  redundant  irredundant
c         MB    restarts       trail       variables
c          level   conflicts       glue         remaining
c 
c i  3.89 73 42 6 330 9950 3173  7% 9 284849 28938 58%
c i  3.89 73 42 6 330 9968 3184  7% 9 284849 28768 57%
c i  3.89 73 42 6 330 9973 3187  7% 9 284849 28763 57%
c i  3.89 73 42 6 330 9981 3194  7% 9 284849 28614 57%
c }  3.89 73 42 6 330 9985 3191  7% 9 284849 28361 57%
c 0  3.89 73 42 6 330 9985 3191  7% 9 284849 28361 57%
c 
c --- [ result ] -------------------------------------------------------------
c 
s UNSATISFIABLE
c 
c --- [ run-time profiling ] -------------------------------------------------
c 
c process time taken by individual solving procedures
c (percentage relative to process time for solving)
c 
c         2.11   57.22% simplify
c         1.57   42.67% search
c         1.57   42.56% unstable
c         0.78   21.17% elim
c         0.49   13.36% vivify
c         0.25    6.73% subsume
c         0.17    4.67% probe
c         0.14    3.91% ternary
c         0.00    0.11% lucky
c   =================================
c         3.68   94.66% solve
c 
c last line shows process time for solving
c (percentage relative to total process time)
c 
c --- [ statistics ] ---------------------------------------------------------
c 
c backtracked:               31652       317.00 %  of conflicts
c chronological:              3665        11.58 %  of backtracks
c conflicts:                  9985      2710.37    per second
c decisions:                 39126     10620.52    per second
c eliminated:                16907        33.70 %  of all variables
c fixed:                      2562         5.11 %  of all variables
c learned:                    8436        84.49 %  per conflict
c minimized:                130972        30.82 %  learned literals
c propagations:            5773529         1.57 M  per second
c reduced:                    1893        18.96 %  per conflict
c rephased:                      3      3328.33    interval
c restarts:                    330        30.26    interval
c substituted:                2346         4.68 %  of all variables
c subsumed:                  10985         0.86 %  of all clauses
c strengthened:               4004         0.31 %  of all clauses
c vivified:                   3886         0.31 %  of all clauses
c weakened:                 109178         4.00    average size
c 
c seconds are measured in process time for solving
c 
c --- [ resources ] ----------------------------------------------------------
c 
c total process time since initialization:         3.89    seconds
c total real time since initialization:            3.89    seconds
c maximum resident set size of process:           73.15    MB
c 
c --- [ shutting down ] ------------------------------------------------------
c 
c exit 20
