c --- [ banner ] -------------------------------------------------------------
c 
c CaDiCaL Radically Simplified CDCL SAT Solver
c Copyright (c) 2016-2019 Armin Biere, JKU Linz
c 
c Version 1.0.3 cb89cbfa16f47cb7bf1ec6ad9855e7b6d5203c18
c g++ (GCC) 6.3.0 -Wall -Wextra -O3 -DNDEBUG
c Fri Aug 23 08:17:16 CDT 2019 Linux login1 4.4.103-6.38-default x86_64
c 
c --- [ config ] -------------------------------------------------------------
c 
c using 'unsat' configuration (target unsatisfiable instances)
c 
c --- [ proof tracing ] ------------------------------------------------------
c 
c opening file to write '/tmp/2_742_0_six.drat'
c writing binary proof trace to '/tmp/2_742_0_six.drat'
c 
c --- [ parsing input ] ------------------------------------------------------
c 
c reading DIMACS file from '/tmp/2_742_0_six.cnf'
c opening file to read '/tmp/2_742_0_six.cnf'
c found 'p cnf 50176 399289' header
c parsed 399289 clauses in 0.22 seconds process time
c 
c --- [ options ] ------------------------------------------------------------
c 
c   --stabilize=false              (different from default 'true')
c   --walk=false                   (different from default 'true')
c 
c --- [ solving ] ------------------------------------------------------------
c 
c time measured in process time since initialization
c 
c  seconds  reductions  redundant  irredundant
c         MB    restarts       trail       variables
c          level   conflicts       glue         remaining
c 
c *  0.22 44  0 0   0    0    0  0% 0 363652 48380 96%
c {  0.22 45  0 0   0    0    0  0% 0 363652 48380 96%
c -  0.29 46 77 1  33  300  215  8% 12 353408 48380 96%
c I  0.36 47 85 1  70 1004  676 12% 12 353408 48380 96%
c -  0.48 60 75 2  73 1229  702 11% 11 353408 48380 96%
c -  0.67 60 79 3 104 2626 1134 11% 11 353408 48380 96%
c B  0.72 60 82 3 113 3005 1405 12% 10 353408 48380 96%
c -  0.95 60 87 4 304 4483 1913 11% 12 353408 48380 96%
c d  1.15 61 86 4 334 5000 2300 11% 12 348656 46004 92%
c 2  1.34 61 86 4 334 5000 2300 11% 12 342716 46004 92%
c p  1.49 63 86 4 334 5000 5025 11% 12 342716 46004 92%
c s  1.83 70 81 4 367 5821 5613 11% 12 342716 46004 92%
c v  2.29 70 81 4 367 5821 5613 11% 12 338601 46004 92%
c w  2.41 70 81 4 367 5821 5597 11% 12 338601 46004 92%
c t  2.45 70 81 4 367 5821 5595 11% 12 309336 46004 92%
c e  3.22 65 81 4 367 5821 2519 11% 12 292186 29768 59%
c s  3.32 70 81 4 367 5821 2518 11% 12 292186 29768 59%
c F  3.52 74 81 4 367 6008 2655  8% 11 292186 29768 59%
c -  3.60 74 74 5 367 6806 1203  5% 11 292186 29768 59%
c -  3.89 75 62 6 478 9444 2667  7% 11 292186 29768 59%
c 
c  seconds  reductions   redundant   irredundant
c         MB    restarts        trail        variables
c          level    conflicts       glue          remaining
c 
c B  3.94 75 58 6 491 10013 3079  7% 10 292186 29768 59%
c -  4.24 75 56 7 633 12524 3540  7% 10 292186 29768 59%
c 3  4.60 75 52 7 694 15001 26070  7% 10 292186 29768 59%
c 2  4.68 75 52 7 694 15001 26069  7% 10 292186 29768 59%
c p  4.73 75 52 7 694 15001 29435  7% 10 292186 29768 59%
c #  4.76 75 52 7 694 15016 29449  7% 10 292186 29768 59%
c -  4.92 75 50 8 741 16041 4722  7% 10 292186 29768 59%
c s  5.28 76 46 8 821 19003 7059  7% 10 292186 29768 59%
c v  5.62 76 46 8 821 19003 7059  7% 10 275913 29768 59%
c w  5.73 77 46 8 821 19003 6960  7% 10 275913 29768 59%
c t  5.74 77 46 8 821 19003 6956  7% 10 275898 29768 59%
c -  6.07 77 46 9 891 20005 5440  7% 10 275898 29768 59%
c B  6.21 77 45 9 949 21022 6245  8% 10 275898 29768 59%
c -  6.68 77 45 10 1113 24327 6195  8% 9 275898 29768 59%
c i  6.99 77 44 10 1312 27280 8526  8% 9 275898 29695 59%
c O  7.09 77 44 10 1350 28023 9140  8% 9 275898 29695 59%
c -  7.24 77 43 11 1387 29082 6427  8% 9 270292 29695 59%
c i  7.25 77 43 11 1390 29204 6515  8% 9 270292 29677 59%
c 3  7.44 77 43 11 1429 30007 27790  8% 9 270292 29677 59%
c 2  7.51 77 43 11 1429 30007 27764  8% 9 270290 29677 59%
c 
c  seconds  reductions      redundant  irredundant
c         MB     restarts          trail       variables
c          level      conflicts        glue         remaining
c 
c p  7.66 77 43 11 1429 30007 35313  8% 9 270290 29591 59%
c d  7.69 77 43 11 1429 30007 33574  8% 9 263191 29587 59%
c d  7.72 77 43 11 1429 30007 33566  8% 9 263187 29585 59%
c -  8.30 77 41 12 1640 34236 9060  8% 9 263187 29585 59%
c B  8.60 77 41 12 1751 36024 10465  8% 9 263187 29585 59%
c s  9.05 77 40 12 1895 38279 11782  8% 9 262030 29585 59%
c v  9.39 77 40 12 1895 38279 11782  8% 9 248553 29585 59%
c w  9.53 77 40 12 1895 38279 11702  8% 9 248553 29585 59%
c t  9.54 77 40 12 1895 38279 11587  8% 9 243880 29585 59%
c e  9.92 78 40 12 1895 38279 7644  8% 9 241757 27308 54%
c s 10.02 78 40 12 1895 38279 7445  8% 9 241116 27308 54%
c e 10.15 78 40 12 1895 38279 7304  8% 9 240671 27255 54%
c i 10.30 78 40 12 1936 38941 7855  8% 9 240671 27248 54%
c - 10.51 78 40 13 1965 39776 6261  8% 9 239469 27248 54%
c I 11.40 78 39 13 2193 45026 10625  8% 9 239469 27248 54%
c - 11.58 78 39 14 2201 45568 8330  9% 9 239469 27248 54%
c d 12.68 78 37 14 2371 50007 12152  9% 9 239465 27246 54%
c 3 12.78 78 37 14 2371 50007 28540  9% 9 239465 27246 54%
c 2 12.85 78 37 14 2371 50007 28530  9% 9 239457 27242 54%
c p 12.96 78 37 14 2371 50007 39966  9% 9 239457 27227 54%
c 
c  seconds  reductions      redundant  irredundant
c         MB     restarts          trail       variables
c          level      conflicts        glue         remaining
c 
c d 12.99 78 37 14 2371 50007 39888  9% 9 237365 27226 54%
c d 13.02 78 37 14 2371 50007 39879  9% 9 237359 27223 54%
c - 13.61 78 37 15 2437 51774 10607  9% 9 237359 27223 54%
c B 14.56 78 35 15 2548 55027 13396 10% 9 237359 27223 54%
c - 15.50 78 33 16 2632 58375 11642 10% 9 237359 27223 54%
c i 15.85 78 32 16 2654 59733 12699 10% 9 237359 27082 54%
c i 16.02 78 32 16 2654 60313 13149 10% 9 237359 26890 54%
c i 16.04 78 32 16 2654 60368 13172 10% 9 237359 26798 53%
c i 16.09 78 32 16 2654 60539 13296 10% 9 237359 26793 53%
c i 16.10 78 32 16 2654 60558 13311 10% 9 237359 26256 52%
c i 16.20 78 32 16 2654 60588 4867 17% 9 202972 26209 52%
c i 16.20 78 32 16 2654 60599 4876 15% 9 202972 26123 52%
c } 16.20 78 32 16 2654 60615 4879 15% 9 202972 25913 52%
c 0 16.20 78 32 16 2654 60615 4879 15% 9 202972 25913 52%
c 
c --- [ result ] -------------------------------------------------------------
c 
s UNSATISFIABLE
c 
c --- [ run-time profiling ] -------------------------------------------------
c 
c process time taken by individual solving procedures
c (percentage relative to process time for solving)
c 
c        11.03   68.98% search
c        11.03   68.96% unstable
c         4.96   30.99% simplify
c         1.39    8.68% elim
c         1.35    8.43% vivify
c         0.61    3.80% subsume
c         0.53    3.33% ternary
c         0.46    2.90% probe
c         0.00    0.03% lucky
c   =================================
c        15.99   98.67% solve
c 
c last line shows process time for solving
c (percentage relative to total process time)
c 
c --- [ statistics ] ---------------------------------------------------------
c 
c backtracked:              214162       353.32 %  of conflicts
c chronological:             21951        10.25 %  of backtracks
c conflicts:                 60615      3790.33    per second
c decisions:                245642     15360.31    per second
c eliminated:                18562        36.99 %  of all variables
c fixed:                      3313         6.60 %  of all variables
c learned:                   54916        90.60 %  per conflict
c minimized:                912446        35.18 %  learned literals
c propagations:           41329286         2.58 M  per second
c reduced:                   27152        44.79 %  per conflict
c rephased:                     10      6061.50    interval
c restarts:                   2654        22.84    interval
c substituted:                2388         4.76 %  of all variables
c subsumed:                  49552         3.07 %  of all clauses
c strengthened:              11657         0.72 %  of all clauses
c ternary:                   82339         0.99 %  of resolved
c vivified:                  35164         2.18 %  of all clauses
c weakened:                 124369         4.80    average size
c 
c seconds are measured in process time for solving
c 
c --- [ resources ] ----------------------------------------------------------
c 
c total process time since initialization:        16.21    seconds
c total real time since initialization:           16.21    seconds
c maximum resident set size of process:           77.63    MB
c 
c --- [ shutting down ] ------------------------------------------------------
c 
c exit 20
