c --- [ banner ] -------------------------------------------------------------
c 
c CaDiCaL Radically Simplified CDCL SAT Solver
c Copyright (c) 2016-2019 Armin Biere, JKU Linz
c 
c Version 1.0.3 cb89cbfa16f47cb7bf1ec6ad9855e7b6d5203c18
c g++ (GCC) 6.3.0 -Wall -Wextra -O3 -DNDEBUG
c Fri Aug 23 08:17:16 CDT 2019 Linux login1 4.4.103-6.38-default x86_64
c 
c --- [ config ] -------------------------------------------------------------
c 
c using 'unsat' configuration (target unsatisfiable instances)
c 
c --- [ proof tracing ] ------------------------------------------------------
c 
c opening file to write '/tmp/2_860_0_six.drat'
c writing binary proof trace to '/tmp/2_860_0_six.drat'
c 
c --- [ parsing input ] ------------------------------------------------------
c 
c reading DIMACS file from '/tmp/2_860_0_six.cnf'
c opening file to read '/tmp/2_860_0_six.cnf'
c found 'p cnf 50176 399289' header
c parsed 399289 clauses in 0.16 seconds process time
c 
c --- [ options ] ------------------------------------------------------------
c 
c   --stabilize=false              (different from default 'true')
c   --walk=false                   (different from default 'true')
c 
c --- [ solving ] ------------------------------------------------------------
c 
c time measured in process time since initialization
c 
c  seconds  reductions  redundant  irredundant
c         MB    restarts       trail       variables
c          level   conflicts       glue         remaining
c 
c *  0.16 44  0 0   0    0    0  0% 0 363624 48122 96%
c {  0.16 45  0 0   0    0    0  0% 0 363624 48122 96%
c -  0.22 46 60 1  28  304  182  8% 10 347292 48122 96%
c I  0.29 48 65 1  77 1002  625 10% 10 347292 48122 96%
c -  0.41 60 67 2 109 1231  711 10% 11 347292 48122 96%
c -  0.60 60 62 3 201 2617 1311 10% 12 347292 48122 96%
c B  0.63 60 62 3 204 3006 1622 11% 11 347292 48122 96%
c -  0.79 60 54 4 212 4465 1865 10% 10 347292 48122 96%
c d  0.98 61 52 4 222 5000 2248 10% 10 342624 45788 91%
c 2  1.18 60 52 4 222 5000 2248 10% 10 336789 45788 91%
c p  1.36 62 52 4 222 5000 8879 10% 10 336789 45788 91%
c s  1.63 70 54 4 239 5836 9497 10% 10 336781 45788 91%
c v  2.07 70 54 4 239 5836 9497 10% 10 333487 45788 91%
c w  2.18 70 54 4 239 5836 9488 10% 10 333487 45788 91%
c t  2.22 70 54 4 239 5836 9484 10% 10 301135 45788 91%
c e  2.96 65 54 4 239 5836 5309 10% 10 282026 28629 57%
c F  3.24 74 53 4 239 6012 5434  5% 10 282026 28629 57%
c -  3.37 74 51 5 267 6777 1307  7% 10 282026 28629 57%
c -  3.59 74 40 6 303 9387 2610  5% 9 282026 28629 57%
c B  3.62 74 38 6 303 10017 3029  5% 8 282026 28629 57%
c 
c  seconds  reductions   redundant  irredundant
c         MB    restarts        trail       variables
c          level    conflicts       glue         remaining
c 
c i  3.66 74 37 6 303 10463 3363  5% 8 282026 28628 57%
c }  3.66 74 37 6 303 10466 3364  5% 8 282026 28623 57%
c 0  3.66 74 37 6 303 10466 3364  5% 8 282026 28623 57%
c 
c --- [ result ] -------------------------------------------------------------
c 
s UNSATISFIABLE
c 
c --- [ run-time profiling ] -------------------------------------------------
c 
c process time taken by individual solving procedures
c (percentage relative to process time for solving)
c 
c         2.06   58.68% simplify
c         1.45   41.32% search
c         1.44   41.21% unstable
c         0.73   20.78% elim
c         0.49   13.93% vivify
c         0.24    6.96% subsume
c         0.18    5.14% probe
c         0.15    4.34% ternary
c         0.00    0.11% lucky
c   =================================
c         3.50   95.74% solve
c 
c last line shows process time for solving
c (percentage relative to total process time)
c 
c --- [ statistics ] ---------------------------------------------------------
c 
c backtracked:               31197       298.08 %  of conflicts
c chronological:              3564        11.42 %  of backtracks
c conflicts:                 10466      2986.87    per second
c decisions:                 41190     11755.14    per second
c eliminated:                17159        34.20 %  of all variables
c fixed:                      2060         4.11 %  of all variables
c learned:                    8727        83.38 %  per conflict
c minimized:                121447        28.85 %  learned literals
c propagations:            5206640         1.49 M  per second
c reduced:                    1977        18.89 %  per conflict
c rephased:                      4      2616.50    interval
c restarts:                    303        34.54    interval
c substituted:                2334         4.65 %  of all variables
c subsumed:                  10827         0.85 %  of all clauses
c strengthened:               4273         0.33 %  of all clauses
c vivified:                   3391         0.27 %  of all clauses
c weakened:                 109872         4.01    average size
c 
c seconds are measured in process time for solving
c 
c --- [ resources ] ----------------------------------------------------------
c 
c total process time since initialization:         3.66    seconds
c total real time since initialization:            3.66    seconds
c maximum resident set size of process:           74.03    MB
c 
c --- [ shutting down ] ------------------------------------------------------
c 
c exit 20
