c --- [ banner ] -------------------------------------------------------------
c 
c CaDiCaL Radically Simplified CDCL SAT Solver
c Copyright (c) 2016-2019 Armin Biere, JKU Linz
c 
c Version 1.0.3 cb89cbfa16f47cb7bf1ec6ad9855e7b6d5203c18
c g++ (GCC) 6.3.0 -Wall -Wextra -O3 -DNDEBUG
c Fri Aug 23 08:17:16 CDT 2019 Linux login1 4.4.103-6.38-default x86_64
c 
c --- [ config ] -------------------------------------------------------------
c 
c using 'unsat' configuration (target unsatisfiable instances)
c 
c --- [ proof tracing ] ------------------------------------------------------
c 
c opening file to write '/tmp/58_1318_0_four.drat'
c writing binary proof trace to '/tmp/58_1318_0_four.drat'
c 
c --- [ parsing input ] ------------------------------------------------------
c 
c reading DIMACS file from '/tmp/58_1318_0_four.cnf'
c opening file to read '/tmp/58_1318_0_four.cnf'
c found 'p cnf 259840 1039919' header
c parsed 1039919 clauses in 0.44 seconds process time
c 
c --- [ options ] ------------------------------------------------------------
c 
c   --stabilize=false              (different from default 'true')
c   --walk=false                   (different from default 'true')
c 
c --- [ solving ] ------------------------------------------------------------
c 
c time measured in process time since initialization
c 
c  seconds   reductions  redundant   irredundant
c          MB    restarts       trail        variables
c           level   conflicts       glue           remaining
c 
c *  0.46 139  0 0   0    0    0  0% 0 1039424 254620 98%
c {  0.48 142  0 0   0    0    0  0% 0 1039424 254620 98%
c -  0.72 148 251 1  12  300  184  5% 5 932909 254620 98%
c I  1.18 148 91 1 104 1002  791  7% 9 932909 254620 98%
c -  1.82 180 75 2 141 1481 1172  9% 9 932909 254620 98%
c i  1.95 180 67 2 148 1747 1382  9% 9 932909 254619 98%
c i  1.95 180 67 2 148 1752 1382  9% 9 932909 254591 98%
c i  2.02 180 65 2 151 1875 1479  9% 9 932909 254590 98%
c i  2.02 180 65 2 152 1876 1479  9% 9 932909 254035 98%
c B  2.86 180 61 2 278 3003 2442  9% 10 932909 253897 98%
c -  3.33 179 62 3 297 3253 1989 10% 10 921335 253897 98%
c s  4.60 205 60 3 369 4059 2672 10% 10 921335 253897 98%
c w  6.20 205 60 3 369 4059 2665 10% 10 921335 253897 98%
c t  6.28 205 60 3 369 4059 2664 10% 10 920715 253897 98%
c e  9.00 209 60 3 369 4059   31 10% 10 228322 28076 11%
c s  9.24 209 60 3 369 4059   31 10% 10 228135 28076 11%
c e  9.53 147 60 3 369 4059   29 10% 10 228135 28011 11%
c 3  9.88 159 55 3 398 5012 4287  7% 10 228135 28011 11%
c 3  9.89 159 55 3 398 5012 4683  7% 10 228135 28011 11%
c d  9.94 159 55 3 398 5012 4577  7% 10 228135 27998 11%
c 
c  seconds   reductions  redundant   irredundant
c          MB    restarts       trail        variables
c           level   conflicts       glue          remaining
c 
c 2  9.96 159 55 3 398 5012 4551  7% 10 228135 27998 11%
c p 10.07 159 55 3 398 5012 8817  7% 10 228135 27992 11%
c - 10.18 159 52 4 420 5618 1535  7% 10 227575 27992 11%
c F 10.21 159 50 4 430 6004 1874  7% 10 227575 27992 11%
c - 10.43 159 45 5 483 7654 2412  8% 9 227575 27992 11%
c B 10.72 159 41 5 592 10008 4532  9% 9 227575 27992 11%
c - 10.77 159 41 6 592 10096 3197  9% 9 227575 27992 11%
c - 11.17 159 40 7 765 12945 3846  9% 9 227575 27992 11%
c i 11.20 159 40 7 774 13101 3989  9% 9 227575 27958 11%
c i 11.20 159 40 7 775 13180 4061  9% 9 227575 27950 11%
c i 11.34 159 38 7 804 14221 4969  9% 9 227575 27929 11%
c i 11.34 159 38 7 804 14222 4969  9% 9 227575 27917 11%
c # 11.42 159 36 7 807 15009 5657  9% 9 227575 27917 11%
c d 11.45 159 36 7 807 15013 5579  9% 9 222861 27884 11%
c d 11.47 159 36 7 807 15013 5577  9% 9 222465 27687 11%
c 3 11.50 159 36 7 807 15013 7229  9% 9 222465 27687 11%
c 3 11.51 159 36 7 807 15013 7733  9% 9 222465 27687 11%
c d 11.56 159 36 7 807 15013 7405  9% 9 222465 27637 11%
c 2 11.58 159 36 7 807 15013 7302  9% 9 222462 27635 11%
c p 12.00 159 36 7 807 15013 11453  9% 9 222462 27519 11%
c 
c  seconds   reductions    redundant  irredundant
c          MB    restarts         trail       variables
c           level    conflicts        glue         remaining
c 
c d 12.02 159 36 7 807 15013 10706  9% 9 217310 27514 11%
c d 12.05 159 36 7 807 15013 10682  9% 9 216800 27276 10%
c i 12.11 159 37 7 841 15385 10997  9% 9 216800 27257 10%
c i 12.15 159 36 7 843 15784 11330  9% 9 216800 27110 10%
c i 12.15 159 36 7 843 15800 11341  9% 9 216800 27062 10%
c i 12.15 159 36 7 843 15820 11358  9% 9 216800 27046 10%
c i 12.15 159 36 7 843 15826 11357  9% 9 216800 26956 10%
c } 12.15 159 36 7 843 15829 11357  9% 9 216800 26088 10%
c 0 12.15 159 36 7 843 15829 11357  9% 9 216800 26088 10%
c 
c --- [ result ] -------------------------------------------------------------
c 
s UNSATISFIABLE
c 
c --- [ run-time profiling ] -------------------------------------------------
c 
c process time taken by individual solving procedures
c (percentage relative to process time for solving)
c 
c         6.25   53.35% simplify
c         5.45   46.52% search
c         5.42   46.31% unstable
c         2.94   25.10% elim
c         1.47   12.57% vivify
c         0.86    7.34% subsume
c         0.52    4.44% probe
c         0.16    1.33% ternary
c         0.02    0.20% lucky
c   =================================
c        11.71   96.38% solve
c 
c last line shows process time for solving
c (percentage relative to total process time)
c 
c --- [ statistics ] ---------------------------------------------------------
c 
c backtracked:               66351       419.17 %  of conflicts
c chronological:              6413         9.67 %  of backtracks
c conflicts:                 15829      1351.52    per second
c decisions:                 72543      6193.90    per second
c eliminated:               225886        86.93 %  of all variables
c fixed:                      7330         2.82 %  of all variables
c learned:                   14716        92.97 %  per conflict
c minimized:                135579        24.69 %  learned literals
c propagations:           19855499         1.70 M  per second
c reduced:                    4779        30.19 %  per conflict
c rephased:                      5      3165.80    interval
c restarts:                    843        18.78    interval
c substituted:                 536         0.21 %  of all variables
c subsumed:                   6638         0.21 %  of all clauses
c strengthened:              15542         0.50 %  of all clauses
c ternary:                    7285         0.39 %  of resolved
c vivified:                    123         0.00 %  of all clauses
c weakened:                 810563         2.84    average size
c 
c seconds are measured in process time for solving
c 
c --- [ resources ] ----------------------------------------------------------
c 
c total process time since initialization:        12.15    seconds
c total real time since initialization:           12.16    seconds
c maximum resident set size of process:          215.02    MB
c 
c --- [ shutting down ] ------------------------------------------------------
c 
c exit 20
