c --- [ banner ] -------------------------------------------------------------
c 
c CaDiCaL Radically Simplified CDCL SAT Solver
c Copyright (c) 2016-2019 Armin Biere, JKU Linz
c 
c Version 1.0.3 cb89cbfa16f47cb7bf1ec6ad9855e7b6d5203c18
c g++ (GCC) 6.3.0 -Wall -Wextra -O3 -DNDEBUG
c Fri Aug 23 08:17:16 CDT 2019 Linux login1 4.4.103-6.38-default x86_64
c 
c --- [ config ] -------------------------------------------------------------
c 
c using 'unsat' configuration (target unsatisfiable instances)
c 
c --- [ proof tracing ] ------------------------------------------------------
c 
c opening file to write '/tmp/58_352_0_four.drat'
c writing binary proof trace to '/tmp/58_352_0_four.drat'
c 
c --- [ parsing input ] ------------------------------------------------------
c 
c reading DIMACS file from '/tmp/58_352_0_four.cnf'
c opening file to read '/tmp/58_352_0_four.cnf'
c found 'p cnf 259840 1039919' header
c parsed 1039919 clauses in 0.49 seconds process time
c 
c --- [ options ] ------------------------------------------------------------
c 
c   --stabilize=false              (different from default 'true')
c   --walk=false                   (different from default 'true')
c 
c --- [ solving ] ------------------------------------------------------------
c 
c time measured in process time since initialization
c 
c  seconds   reductions  redundant   irredundant
c          MB    restarts       trail        variables
c           level   conflicts       glue           remaining
c 
c *  0.51 139  0 0   0    0    0  0% 0 1039424 254626 98%
c {  0.53 142  0 0   0    0    0  0% 0 1039424 254626 98%
c -  0.77 148 253 1  14  301  188  6% 5 932913 254626 98%
c I  1.60 148 101 1 166 1002  834  7% 10 932913 254626 98%
c -  2.37 180 87 2 200 1484 1206  9% 11 932913 254626 98%
c B  3.89 180 77 2 380 3005 2563 10% 11 932913 254626 98%
c -  4.44 180 76 3 392 3256 2091 10% 11 932913 254626 98%
c s  5.67 198 73 3 480 4059 2791 10% 12 932913 254626 98%
c w  7.43 198 73 3 480 4059 2790 10% 12 932913 254626 98%
c t  7.50 198 73 3 480 4059 2790 10% 12 932122 254626 98%
c e 10.27 194 73 3 480 4059   44 10% 12 232797 28618 11%
c s 10.50 194 73 3 480 4059   44 10% 12 232364 28618 11%
c e 10.86 194 73 3 480 4059   38 10% 12 232364 28421 11%
c 3 11.22 194 73 3 583 5003 4283  7% 12 232364 28421 11%
c 3 11.23 194 73 3 583 5003 4409  7% 12 232364 28421 11%
c d 11.28 194 73 3 583 5003 4359  7% 12 232364 28414 11%
c 2 11.31 194 73 3 583 5003 4345  7% 12 232364 28414 11%
c p 11.37 194 73 3 583 5003 5356  7% 12 232364 28414 11%
c - 11.50 194 74 4 642 5621 1511  7% 12 232364 28414 11%
c F 11.56 194 76 4 662 6011 1837 10% 12 232364 28414 11%
c 
c  seconds   reductions  redundant   irredundant
c          MB    restarts       trail        variables
c           level   conflicts       glue          remaining
c 
c - 11.78 194 74 5 758 7670 2309 10% 12 232364 28414 11%
c B 12.01 194 71 5 859 10014 4363 10% 12 232364 28414 11%
c - 12.07 194 71 6 865 10129 2917 10% 12 232364 28414 11%
c - 12.47 194 71 7 1145 12997 3545  9% 12 232364 28414 11%
c 3 12.77 194 71 7 1318 15003 6195  9% 12 232364 28414 11%
c 3 12.78 194 71 7 1318 15003 6773  9% 12 232364 28414 11%
c d 12.84 194 71 7 1318 15003 6581  9% 12 232364 28382 11%
c 2 12.86 194 71 7 1318 15003 6517  9% 12 232364 28382 11%
c p 12.92 194 71 7 1318 15003 7461  9% 12 232364 28382 11%
c # 12.95 194 71 7 1318 15015 7472  9% 12 232364 28382 11%
c s 13.19 194 70 7 1385 16185 7853  9% 12 231915 28382 11%
c v 13.45 194 70 7 1385 16185 7853  9% 12 225636 28382 11%
c w 13.60 194 70 7 1385 16185 7671  9% 12 225636 28382 11%
c t 13.61 194 70 7 1385 16185 7671  9% 12 213657 28382 11%
c e 13.80 194 70 7 1385 16185 4624  9% 12 209142 24460  9%
c s 13.90 195 70 7 1385 16185 4509  9% 12 208560 24460  9%
c e 13.98 195 70 7 1385 16185 4276  9% 12 208484 24426  9%
c - 14.13 195 70 8 1388 16276 2732  7% 12 208484 24426  9%
c - 14.63 195 66 9 1602 19837 4208 10% 12 208484 24426  9%
c B 14.78 195 64 9 1628 21017 5301  9% 12 208484 24426  9%
c 
c  seconds   reductions     redundant   irredundant
c          MB     restarts         trail        variables
c           level      conflicts       glue          remaining
c 
c - 15.24 195 63 10 1800 23794 5174  9% 12 208484 24426  9%
c O 15.86 195 60 10 2032 28018 8951  9% 12 208484 24426  9%
c - 15.92 195 60 11 2034 28153 5835  9% 12 208484 24426  9%
c 3 16.24 195 60 11 2102 30003 11881 10% 11 208484 24426  9%
c 3 16.27 195 60 11 2102 30003 12566 10% 11 208484 24426  9%
c d 16.32 195 60 11 2102 30003 11395 10% 11 208484 24248  9%
c 2 16.34 195 60 11 2102 30003 11107 10% 11 208472 24248  9%
c p 16.37 195 60 11 2102 30003 11259 10% 11 208472 24248  9%
c - 16.80 195 58 12 2289 32901 7022  9% 11 208472 24248  9%
c s 17.11 195 58 12 2464 34747 8484  9% 11 207702 24248  9%
c v 17.44 195 58 12 2464 34747 8484  9% 11 184705 24248  9%
c w 17.66 195 58 12 2464 34747 8458  9% 11 184705 24248  9%
c t 17.67 195 58 12 2464 34747 8458  9% 11 184593 24248  9%
c e 17.80 195 58 12 2464 34747 8271  9% 11 184576 24236  9%
c s 17.86 195 58 12 2464 34747 8169  9% 11 184573 24236  9%
c e 17.90 195 58 12 2464 34747 8165  9% 11 184569 24235  9%
c B 18.08 195 58 12 2545 36020 9310  8% 11 184569 24235  9%
c - 18.35 195 58 13 2721 38046 7566  8% 11 184569 24235  9%
c - 19.02 195 58 14 2947 43363 8086  8% 11 184569 24235  9%
c I 19.17 195 57 14 2994 45021 9567  8% 11 184569 24235  9%
c 
c  seconds   reductions     redundant   irredundant
c          MB     restarts         trail        variables
c           level      conflicts       glue          remaining
c 
c - 19.68 195 55 15 3086 49063 8846  8% 11 184569 24235  9%
c 3 19.88 195 54 15 3110 50007 14699  8% 11 184569 24235  9%
c 3 19.90 195 54 15 3110 50007 15644  8% 11 184569 24235  9%
c d 19.96 195 54 15 3110 50007 14279  8% 11 184569 24030  9%
c 2 19.97 195 54 15 3110 50007 14152  8% 11 184569 24030  9%
c p 20.00 195 54 15 3110 50007 14261  8% 11 184569 24030  9%
c B 20.60 195 54 15 3411 55022 18798  8% 11 184569 24030  9%
c - 20.67 195 54 16 3411 55140 10471  8% 11 184569 24030  9%
c s 21.07 195 53 16 3525 58179 12982  8% 11 183742 24030  9%
c v 21.36 195 53 16 3525 58179 12982  8% 11 166427 24030  9%
c w 21.62 195 53 16 3525 58179 12949  8% 11 166427 24030  9%
c t 21.62 195 53 16 3525 58179 12948  8% 11 166427 24030  9%
c e 21.74 195 53 16 3525 58179 12878  8% 11 166401 24018  9%
c s 21.78 195 53 16 3525 58179 12782  8% 11 166400 24018  9%
c - 22.20 195 52 17 3587 61597 10925  8% 11 166400 24018  9%
c F 22.68 195 51 17 3846 66023 14877  8% 11 166400 24018  9%
c - 23.03 195 52 18 4102 68191 11466  8% 11 166400 24018  9%
c 3 23.90 195 51 18 4410 75007 24332  8% 11 166400 24018  9%
c 3 23.92 195 51 18 4410 75007 24926  8% 11 166400 24018  9%
c d 23.98 195 51 18 4410 75007 23264  8% 11 166400 23772  9%
c 
c  seconds   reductions      redundant   irredundant
c          MB     restarts          trail        variables
c           level      conflicts        glue          remaining
c 
c 2 24.00 195 51 18 4410 75007 23238  8% 11 166400 23772  9%
c p 24.03 195 51 18 4410 75007 23331  8% 11 166400 23772  9%
c - 24.12 195 51 19 4445 75154 12592  8% 11 166400 23772  9%
c B 24.48 195 51 19 4697 78025 15189  8% 11 166400 23772  9%
c - 25.09 195 51 20 5108 82483 13547  8% 11 166400 23772  9%
c s 25.87 195 51 20 5265 86106 16722  8% 11 165414 23772  9%
c v 26.24 195 51 20 5265 86106 16722  8% 11 141563 23772  9%
c w 26.50 195 51 20 5265 86106 16698  8% 11 141563 23772  9%
c e 26.73 195 51 20 5265 86106 13822  8% 11 141017 23128  9%
c s 26.79 195 51 20 5265 86106 13752  8% 11 140846 23128  9%
c e 26.85 195 51 20 5265 86106 13709  8% 11 140855 23117  9%
c - 27.19 195 50 21 5331 90177 12697  8% 11 140855 23117  9%
c # 27.27 195 50 21 5353 91026 13464  8% 11 140855 23117  9%
c - 27.88 195 49 22 5645 97759 14109  8% 11 140855 23117  9%
c 3 28.61 195 49 22 6001 105007 27035  8% 11 140855 23117  9%
c 3 28.63 195 49 22 6001 105007 27894  8% 11 140855 23117  9%
c d 28.68 195 49 22 6001 105007 26580  8% 11 140855 22931  9%
c 2 28.70 195 49 22 6001 105007 26566  8% 11 140855 22931  9%
c p 28.73 195 49 22 6001 105007 26645  8% 11 140855 22931  9%
c B 28.75 195 49 22 6003 105027 26662  8% 11 140855 22931  9%
c 
c  seconds   reductions       redundant   irredundant
c          MB     restarts           trail        variables
c           level      conflicts         glue          remaining
c 
c f 28.85 195 49 23 6027 105686 10134  7% 11 140855 22931  9%
c - 29.64 195 48 24 6472 113957 12640  7% 11 140855 22931  9%
c s 30.01 195 48 24 6625 117395 15629  7% 11 140038 22931  9%
c v 30.31 195 48 24 6625 117395 15629  7% 11 134303 22931  9%
c w 30.50 195 48 24 6625 117395 15612  7% 11 134303 22931  9%
c t 30.50 195 48 24 6625 117395 15612  7% 11 134295 22931  9%
c e 30.61 195 48 24 6625 117395 13647  7% 11 133975 22621  9%
c s 30.67 195 48 24 6625 117395 13562  7% 11 133898 22621  9%
c e 30.72 195 48 24 6625 117395 13562  7% 11 133898 22619  9%
c O 30.98 195 48 24 6753 120028 15942  7% 11 133898 22619  9%
c - 31.25 195 48 25 6849 122572 13438  7% 11 133898 22619  9%
c - 32.11 195 47 26 7295 131361 15024  7% 11 133898 22619  9%
c B 32.50 195 47 26 7524 136029 19221  7% 11 133898 22619  9%
c 3 32.92 195 46 26 7722 140008 27779  7% 11 133898 22619  9%
c 3 32.95 195 46 26 7722 140008 29277  7% 11 133898 22619  9%
c d 32.99 195 46 26 7722 140008 28705  7% 11 133898 22551  9%
c 2 33.00 195 46 26 7722 140008 28700  7% 11 133898 22551  9%
c p 33.03 195 46 26 7722 140008 28779  7% 11 133898 22551  9%
c - 33.14 195 46 27 7750 140487 16542  7% 11 133898 22551  9%
c - 34.16 195 46 28 8285 149951 17753  7% 11 133898 22551  9%
c 
c  seconds   reductions       redundant   irredundant
c          MB     restarts           trail        variables
c           level      conflicts         glue          remaining
c 
c I 34.46 195 46 28 8495 153030 20531  7% 11 133898 22551  9%
c s 34.60 195 46 28 8503 153314 20639  7% 11 133602 22551  9%
c v 34.97 195 46 28 8503 153314 20639  7% 11 133547 22551  9%
c w 35.24 195 46 28 8503 153314 20623  7% 11 133547 22551  9%
c e 35.31 195 46 28 8503 153314 20151  7% 11 133533 22526  9%
c s 35.36 195 46 28 8503 153314 20058  7% 11 133518 22526  9%
c - 36.16 195 46 29 8949 159763 18833  7% 11 133518 22526  9%
c - 37.16 195 45 30 9508 169892 19931  7% 11 133518 22526  9%
c B 37.30 195 46 30 9615 171033 20964  7% 11 133518 22526  9%
c d 38.24 195 45 30 10127 180009 29050  7% 11 133518 22524  9%
c 3 38.30 195 45 30 10127 180009 34773  7% 11 133518 22524  9%
c 3 38.32 195 45 30 10127 180009 35791  7% 11 133518 22524  9%
c d 38.37 195 45 30 10127 180009 35398  7% 11 133518 22472  9%
c 2 38.39 195 45 30 10127 180009 35377  7% 11 133518 22472  9%
c p 38.42 195 45 30 10127 180009 35462  7% 11 133518 22472  9%
c - 38.54 195 45 31 10161 180359 21242  7% 11 133518 22472  9%
c F 39.43 195 44 31 10629 190036 29940  7% 11 133518 22472  9%
c - 39.60 195 44 32 10685 191164 22194  7% 11 133518 22472  9%
c s 40.06 195 44 32 10913 194397 25048  7% 11 133300 22472  9%
c v 40.47 195 44 32 10913 194397 25048  7% 11 133099 22472  9%
c 
c  seconds   reductions        redundant   irredundant
c          MB      restarts           trail        variables
c           level       conflicts         glue          remaining
c 
c w 40.79 195 44 32 10913 194397 25030  7% 11 133099 22472  9%
c e 41.06 195 44 32 10913 194397 22693  7% 11 133017 22118  9%
c s 41.13 195 44 32 10913 194397 22611  7% 11 132969 22118  9%
c e 41.18 195 44 32 10913 194397 22536  7% 11 132966 22113  9%
c - 42.10 195 44 33 11327 202306 22292  7% 11 132966 22113  9%
c B 42.88 195 43 33 11782 210037 29281  7% 11 132966 22113  9%
c - 43.38 195 43 34 12014 213768 24049  7% 11 132966 22113  9%
c 3 44.64 195 43 34 12892 225009 39027  6% 11 132966 22113  9%
c 3 44.67 195 43 34 12892 225009 40534  6% 11 132966 22113  9%
c d 44.72 195 43 34 12892 225009 40354  6% 11 132966 22092  9%
c 2 44.74 195 43 34 12892 225009 40345  6% 11 132966 22092  9%
c p 44.78 195 43 34 12892 225009 40424  6% 11 132966 22092  9%
c - 44.93 195 43 35 12927 225567 25603  6% 11 132966 22092  9%
c # 45.50 195 43 35 13216 231038 30623  6% 11 132966 22092  9%
c - 46.34 195 43 36 13674 237704 27220  6% 10 132966 22092  9%
c s 46.84 195 43 36 13875 240985 30102  6% 10 132870 22092  9%
c v 47.30 195 43 36 13875 240985 30102  6% 10 132848 22092  9%
c w 47.67 195 43 36 13875 240985 30080  6% 10 132848 22092  9%
c e 47.75 195 43 36 13875 240985 29137  6% 10 132812 22046  8%
c s 47.82 195 43 36 13875 240985 29043  6% 10 132749 22046  8%
c 
c  seconds   reductions        redundant   irredundant
c          MB      restarts           trail        variables
c           level       conflicts         glue          remaining
c 
c - 48.98 195 42 37 14366 250178 27813  6% 10 132749 22046  8%
c B 49.36 195 42 37 14626 253040 30414  6% 10 132749 22046  8%
c - 50.53 195 42 38 15223 262980 29253  6% 10 132749 22046  8%
c d 52.18 195 42 38 16111 275009 40297  6% 11 132749 22043  8%
c 3 52.24 195 42 38 16111 275009 45797  6% 11 132749 22043  8%
c 3 52.27 195 42 38 16111 275009 46712  6% 11 132749 22043  8%
c d 52.32 195 42 38 16111 275009 46434  6% 11 132749 22007  8%
c 2 52.34 195 42 38 16111 275009 46418  6% 11 132749 22007  8%
c p 52.38 195 42 38 16111 275009 46492  6% 11 132749 22007  8%
c O 52.55 195 42 38 16158 276043 47446  6% 10 132749 22007  8%
c - 52.63 195 42 39 16163 276121 30954  6% 10 132749 22007  8%
c - 54.41 195 42 40 17027 289597 32315  6% 10 132749 22007  8%
c s 54.84 195 41 40 17187 292792 35017  6% 10 132580 22007  8%
c v 55.32 195 41 40 17187 292792 35017  6% 10 132489 22007  8%
c w 55.77 195 41 40 17187 292792 34992  6% 10 132489 22007  8%
c t 55.77 195 41 40 17187 292792 34991  6% 10 132489 22007  8%
c e 56.03 195 41 40 17187 292792 30223  6% 10 132911 21672  8%
c s 56.12 195 41 40 17187 292792 30119  6% 10 132780 21672  8%
c e 56.18 195 41 40 17187 292792 30025  6% 10 132788 21668  8%
c B 57.18 195 41 40 17750 300044 36646  7% 11 132788 21668  8%
c 
c  seconds   reductions        redundant   irredundant
c          MB      restarts           trail        variables
c           level       conflicts         glue          remaining
c 
c - 57.67 195 42 41 18054 303410 30607  7% 11 132788 21668  8%
c - 59.61 195 41 42 19051 317561 33056  7% 11 132788 21668  8%
c I 60.54 195 41 42 19525 325045 39921  7% 11 132788 21668  8%
c 3 61.36 195 41 42 19888 330009 49090  7% 11 132788 21668  8%
c 3 61.39 195 41 42 19888 330009 50131  7% 11 132788 21668  8%
c d 61.44 195 41 42 19888 330009 49993  7% 11 132788 21649  8%
c 2 61.46 195 41 42 19888 330009 49984  7% 11 132788 21649  8%
c p 61.50 195 41 42 19888 330009 50051  7% 11 132788 21649  8%
c - 61.75 195 41 43 19981 332049 34788  7% 11 132788 21649  8%
c - 63.84 195 41 44 20939 346874 36157  7% 11 132788 21649  8%
c s 64.44 195 41 44 21269 350334 39194  7% 11 132684 21649  8%
c v 65.13 195 41 44 21269 350334 39194  7% 11 132447 21649  8%
c w 65.70 195 41 44 21269 350334 39165  7% 11 132447 21649  8%
c t 65.70 195 41 44 21269 350334 39164  7% 11 132447 21649  8%
c e 65.87 195 41 44 21269 350334 35390  7% 11 132664 21444  8%
c s 65.96 195 41 44 21269 350334 35299  7% 11 132605 21444  8%
c e 66.02 195 41 44 21269 350334 35095  7% 11 132613 21436  8%
c B 66.16 195 41 44 21345 351046 35748  7% 11 132613 21436  8%
c - 67.63 195 41 45 21986 362038 35826  7% 11 132613 21436  8%
c - 69.62 195 40 46 22602 377532 37765  7% 10 132613 21436  8%
c 
c  seconds   reductions        redundant   irredundant
c          MB      restarts           trail        variables
c           level       conflicts         glue          remaining
c 
c F 69.73 195 40 46 22614 378049 38245  7% 10 132613 21436  8%
c d 71.42 195 40 46 23536 390010 49234  7% 11 132613 21431  8%
c 3 71.49 195 40 46 23536 390010 54019  7% 11 132613 21431  8%
c 3 71.52 195 40 46 23536 390010 54842  7% 11 132613 21431  8%
c d 71.58 195 40 46 23536 390010 54646  7% 11 132613 21406  8%
c 2 71.60 195 40 46 23536 390010 54627  7% 11 132613 21406  8%
c p 71.63 195 40 46 23536 390010 54689  7% 11 132613 21406  8%
c - 72.22 195 40 47 23775 393360 40195  7% 11 132613 21406  8%
c B 74.00 195 40 47 24618 406050 51766  7% 11 132613 21406  8%
c f 74.60 195 40 48 24821 409529 29388  7% 11 132613 21406  8%
c s 75.18 195 40 48 25021 413435 32909  7% 11 132463 21406  8%
c v 75.69 195 40 48 25021 413435 32909  7% 11 132273 21406  8%
c w 76.17 195 40 48 25021 413435 32890  7% 11 132273 21406  8%
c t 76.18 195 40 48 25021 413435 32889  7% 11 132273 21406  8%
c e 76.32 195 40 48 25021 413435 31490  7% 11 132399 21308  8%
c s 76.39 195 40 48 25021 413435 31426  7% 11 132388 21308  8%
c e 76.43 195 40 48 25021 413435 31387  7% 11 132384 21307  8%
c - 78.22 195 40 49 25841 426034 32396  7% 11 132384 21307  8%
c # 79.57 195 40 49 26454 435051 40649  7% 11 132384 21307  8%
c - 80.84 195 39 50 26884 442864 35253  7% 11 132384 21307  8%
c 
c  seconds   reductions        redundant   irredundant
c          MB      restarts           trail        variables
c           level       conflicts         glue          remaining
c 
c 3 82.70 195 39 50 27576 455010 50620  7% 11 132384 21307  8%
c 3 82.72 195 39 50 27576 455010 51714  7% 11 132384 21307  8%
c d 82.77 195 39 50 27576 455010 51625  7% 11 132384 21296  8%
c 2 82.79 195 39 50 27576 455010 51623  7% 11 132384 21296  8%
c p 82.82 195 39 50 27576 455010 51672  7% 11 132384 21296  8%
c - 83.70 195 39 51 27918 460028 37879  7% 11 132384 21296  8%
c B 84.34 195 39 51 28225 465055 42472  7% 11 132384 21296  8%
c - 86.43 195 38 52 29106 477528 39495  7% 11 132384 21296  8%
c s 87.28 195 38 52 29379 481956 43338  7% 11 132326 21296  8%
c v 87.83 195 38 52 29379 481956 43338  7% 11 132238 21296  8%
c w 88.55 195 38 52 29379 481956 43299  7% 11 132238 21296  8%
c e 88.64 195 38 52 29379 481956 42103  7% 11 132190 21237  8%
c s 88.76 195 38 52 29379 481956 41961  7% 11 132178 21237  8%
c e 88.80 195 38 52 29379 481956 41832  7% 11 132163 21232  8%
c - 91.07 195 38 53 30216 495366 41154  7% 11 132163 21232  8%
c O 91.21 195 38 53 30279 496056 41773  7% 11 132163 21232  8%
c - 94.33 195 37 54 31231 513528 42625  7% 11 132163 21232  8%
c 3 96.56 195 36 54 31832 525010 57314  7% 10 132163 21232  8%
c 3 96.59 195 36 54 31832 525010 58384  7% 10 132163 21232  8%
c p 96.69 195 36 54 31832 525010 58350  7% 10 132163 21223  8%
c 
c  seconds   reductions        redundant   irredundant
c          MB      restarts           trail        variables
c           level       conflicts         glue          remaining
c 
c B 97.21 195 36 54 31912 528059 61147  7% 10 132163 21223  8%
c - 97.98 195 36 55 32205 532028 44945  7% 10 132163 21223  8%
c - 101.59 195 36 56 33502 550862 46396  8% 10 132163 21223  8%
c s 102.54 195 36 56 33897 555824 50798  7% 10 132121 21223  8%
c v 103.08 195 36 56 33897 555824 50798  7% 10 132084 21223  8%
c w 104.17 195 36 56 33897 555824 50755  7% 10 132084 21223  8%
c e 104.24 195 36 56 33897 555824 49784  7% 10 132079 21198  8%
c s 104.36 195 36 56 33897 555824 49649  7% 10 132071 21198  8%
c e 104.40 195 36 56 33897 555824 49538  7% 10 132067 21197  8%
c I 105.44 195 35 56 34215 561064 54404  8% 10 132067 21197  8%
c - 107.38 195 35 57 34813 570036 47718  8% 11 132067 21197  8%
c - 111.33 195 34 58 36027 589537 48945  8% 10 132067 21197  8%
c B 112.52 195 34 58 36353 595065 54031  8% 10 132067 21197  8%
c d 113.65 195 34 58 36724 600010 58578  8% 10 132067 21195  8%
c 3 113.71 195 34 58 36724 600010 62778  8% 10 132067 21195  8%
c 3 113.74 195 34 58 36724 600010 63927  8% 10 132067 21195  8%
c d 113.80 195 34 58 36724 600010 63812  8% 10 132067 21180  8%
c 2 113.82 195 34 58 36724 600010 63801  8% 10 132067 21180  8%
c p 113.86 195 34 58 36724 600010 63843  8% 10 132067 21180  8%
c - 116.12 195 34 59 37440 609375 50997  8% 11 132067 21180  8%
c 
c  seconds    reductions        redundant   irredundant
c           MB      restarts           trail        variables
c            level       conflicts         glue          remaining
c 
c - 121.09 195 34 60 39023 629551 52868  8% 11 132067 21180  8%
c F 121.23 195 33 60 39042 630067 53305  8% 11 132067 21180  8%
c s 122.66 195 33 60 39387 635005 57734  8% 11 131996 21180  8%
c v 123.20 195 33 60 39387 635005 57734  8% 11 131969 21180  8%
c w 124.57 195 33 60 39387 635005 57698  8% 11 131969 21180  8%
c t 124.58 195 33 60 39387 635005 57697  8% 11 131969 21180  8%
c e 124.64 195 33 60 39387 635005 57179  8% 11 131952 21161  8%
c s 124.76 195 33 60 39387 635005 57034  8% 11 131949 21161  8%
c e 124.80 195 33 60 39387 635005 56897  8% 11 131937 21158  8%
c - 128.56 195 33 61 40426 650062 54282  8% 11 131937 21158  8%
c B 132.27 195 32 61 41403 666069 68842  8% 11 131937 21158  8%
c - 133.86 195 32 62 41802 670900 55494  8% 11 131937 21158  8%
c d 136.47 195 32 62 42471 680011 63899  9% 11 131937 21154  8%
c 3 136.53 195 32 62 42471 680011 68231  9% 11 131937 21154  8%
c 3 136.56 195 32 62 42471 680011 69146  9% 11 131937 21154  8%
c d 136.62 195 32 62 42471 680011 69052  9% 11 131937 21142  8%
c 2 136.64 195 32 62 42471 680011 69043  9% 11 131937 21142  8%
c p 136.69 195 32 62 42471 680011 69092  9% 11 131937 21142  8%
c - 139.64 195 32 63 43201 692076 57517  9% 11 131937 21142  8%
c # 142.11 195 32 63 44083 703070 67545  9% 11 131937 21142  8%
c 
c  seconds    reductions        redundant   irredundant
c           MB      restarts           trail        variables
c            level       conflicts         glue          remaining
c 
c - 145.01 195 32 64 44893 713589 58647  9% 11 131937 21142  8%
c s 146.70 195 32 64 45316 719504 63916  9% 11 131872 21142  8%
c v 147.26 195 32 64 45316 719504 63916  9% 11 131869 21142  8%
c w 149.11 195 32 64 45316 719504 63881  9% 11 131869 21142  8%
c t 149.12 195 32 64 45316 719504 63880  9% 11 131869 21142  8%
c e 149.17 195 32 64 45316 719504 63330  9% 11 131821 21130  8%
c s 149.29 195 32 64 45316 719504 63162  9% 11 131821 21130  8%
c - 153.48 195 31 65 46283 735436 59416  9% 11 131821 21130  8%
c B 154.85 195 31 65 46646 741071 64609  9% 11 131821 21130  8%
c - 159.39 195 31 66 48022 757613 61479  9% 11 131821 21130  8%
c d 161.46 195 30 66 48510 765012 68233  9% 11 131821 21129  8%
c 3 161.52 195 30 66 48510 765012 72108  9% 11 131821 21129  8%
c 3 161.55 195 30 66 48510 765012 73479  9% 11 131821 21129  8%
c d 161.60 195 30 66 48510 765012 73384  9% 11 131821 21116  8%
c 2 161.62 195 30 66 48510 765012 73377  9% 11 131821 21116  8%
c p 161.66 195 30 66 48510 765012 73431  9% 11 131821 21116  8%
c O 166.58 195 30 66 49759 780072 87016  9% 11 131821 21116  8%
c - 166.68 195 30 67 49764 780128 63440  9% 11 131821 21116  8%
c - 173.22 195 29 68 51246 802975 64439  9% 11 131821 21116  8%
c s 175.10 195 29 68 51780 809306 69984  9% 11 131765 21116  8%
c 
c  seconds    reductions        redundant   irredundant
c           MB      restarts           trail        variables
c            level       conflicts         glue          remaining
c 
c v 175.62 195 29 68 51780 809306 69984  9% 11 131765 21116  8%
c w 177.76 195 29 68 51780 809306 69921  9% 11 131765 21116  8%
c t 177.76 195 29 68 51780 809306 69914  9% 11 131765 21116  8%
c e 178.08 196 29 68 51780 809306 40805  9% 11 165641 16383  6%
c s 178.29 196 29 68 51780 809306 40672  9% 11 165456 16383  6%
c e 178.37 196 29 68 51780 809306 40656  9% 11 165466 16381  6%
c B 180.66 196 29 68 52569 820076 50472 10% 11 165466 16381  6%
c - 182.18 196 30 69 53094 826158 45405 11% 11 165466 16381  6%
c - 188.17 196 30 70 54866 851750 54155 11% 11 165466 16381  6%
c 3 189.11 196 30 70 55034 855012 63204 11% 11 165466 16379  6%
c 3 189.14 196 30 70 55034 855012 64799 11% 11 165466 16379  6%
c d 189.20 196 30 70 55034 855012 63137 11% 11 165466 16126  6%
c 2 189.22 196 30 70 55034 855012 63011 11% 11 165466 16126  6%
c p 189.28 196 30 70 55034 855012 63098 11% 11 165466 16126  6%
c I 191.12 196 30 70 55606 861078 68655 11% 11 165466 16126  6%
c - 195.24 196 29 71 56534 877708 59731 11% 11 165466 16126  6%
c B 202.43 196 29 71 58432 903080 82559 11% 11 165466 16126  6%
c - 202.79 196 29 72 58533 904037 61777 11% 11 165466 16126  6%
c s 210.22 196 28 72 60420 929421 84316 11% 11 164429 16126  6%
c v 211.50 196 28 72 60420 929421 84316 11% 11 160214 16126  6%
c 
c  seconds    reductions        redundant   irredundant
c           MB      restarts           trail        variables
c            level       conflicts         glue          remaining
c 
c w 214.79 196 28 72 60420 929421 84238 11% 11 160214 16126  6%
c t 214.80 196 28 72 60420 929421 84236 11% 11 160211 16126  6%
c e 214.98 196 28 72 60420 929421 81732 11% 11 160453 16047  6%
c s 215.22 196 28 72 60420 929421 81486 11% 11 160447 16047  6%
c e 215.28 196 28 72 60420 929421 81224 11% 11 160442 16044  6%
c - 215.88 196 28 73 60506 930726 62466 11% 11 160442 16044  6%
c F 220.05 196 28 73 61674 946086 76478 11% 11 160442 16044  6%
c 3 221.20 196 28 73 61922 950015 85638 11% 11 160442 16044  6%
c 3 221.23 196 28 73 61922 950015 86085 11% 11 160442 16044  6%
c d 221.30 196 28 73 61922 950015 85527 11% 11 160442 15954  6%
c 2 221.32 196 28 73 61922 950015 85443 11% 11 160442 15954  6%
c p 221.38 196 28 73 61922 950015 85538 11% 11 160442 15954  6%
c - 223.73 196 28 74 62438 957484 65435 11% 11 160442 15954  6%
c - 230.96 196 28 75 64440 984603 66889 11% 11 160442 15954  6%
c B 232.20 196 28 75 64711 990088 71884 11% 11 160442 15954  6%
c - 237.81 196 28 76 65909 1012085 68416 11% 11 160442 15954  6%
c # 243.58 196 27 76 67206 1035089 89242 11% 11 160442 15954  6%
c - 245.30 196 27 77 67679 1039927 70440 11% 11 160442 15954  6%
c d 247.91 196 27 77 68511 1050015 79723 11% 11 160442 15952  6%
c 3 247.98 196 27 77 68511 1050015 85182 11% 11 160442 15952  6%
c 
c  seconds    reductions         redundant   irredundant
c           MB      restarts            trail        variables
c            level        conflicts         glue          remaining
c 
c 3 248.01 196 27 77 68511 1050015 85562 11% 11 160442 15952  6%
c d 248.08 196 27 77 68511 1050015 85273 11% 11 160442 15906  6%
c 2 248.10 196 27 77 68511 1050015 85234 11% 11 160442 15906  6%
c p 248.15 196 27 77 68511 1050015 85318 11% 11 160442 15906  6%
c s 249.71 196 27 77 68883 1055655 89303 11% 11 159889 15906  6%
c v 250.90 196 27 77 68883 1055655 89303 11% 11 159745 15906  6%
c w 254.28 196 27 77 68883 1055655 88183 11% 11 159745 15906  6%
c t 254.29 196 27 77 68883 1055655 88173 11% 11 159745 15906  6%
c e 254.44 196 27 77 68883 1055655 86840 11% 11 159907 15861  6%
c s 254.68 196 27 77 68883 1055655 86500 11% 11 159903 15861  6%
c e 254.72 196 27 77 68883 1055655 86200 11% 11 159895 15859  6%
c - 257.99 196 27 78 69646 1068131 72333 11% 11 159895 15859  6%
c B 261.06 196 27 78 70353 1081091 84122 11% 11 159895 15859  6%
c - 265.37 196 27 79 71474 1096661 73492 11% 11 159895 15859  6%
c - 274.08 196 26 80 73306 1125553 74699 11% 11 159895 15859  6%
c O 275.13 196 26 80 73516 1128094 76972 11% 11 159895 15859  6%
c - 285.74 196 25 81 75571 1154811 76592 11% 11 159895 15859  6%
c d 285.84 196 25 81 75571 1155015 76783 11% 11 159895 15856  6%
c 3 285.93 196 25 81 75571 1155015 81722 11% 11 159895 15856  6%
c 3 285.95 196 25 81 75571 1155015 81953 11% 11 159895 15856  6%
c 
c  seconds    reductions         redundant   irredundant
c           MB      restarts            trail        variables
c            level        conflicts         glue          remaining
c 
c d 286.01 196 25 81 75571 1155015 81825 11% 11 159895 15835  6%
c 2 286.04 196 25 81 75571 1155015 81806 11% 11 159895 15835  6%
c p 286.11 196 25 81 75571 1155015 81903 11% 11 159895 15835  6%
c B 293.24 196 26 81 77103 1176095 100877 11% 11 159895 15835  6%
c - 296.68 196 26 82 77731 1184426 78607 11% 11 159895 15835  6%
c s 298.59 196 26 82 78100 1189006 82512 11% 11 159799 15835  6%
c v 299.87 196 26 82 78100 1189006 82512 11% 11 159707 15835  6%
c w 303.80 196 26 82 78100 1189006 82454 11% 11 159707 15835  6%
c t 303.80 196 26 82 78100 1189006 82453 11% 11 159707 15835  6%
c e 303.90 196 26 82 78100 1189006 81257 11% 11 159707 15805  6%
c s 304.12 196 26 82 78100 1189006 81100 11% 11 159700 15805  6%
c - 312.24 196 25 83 79339 1214406 78582 11% 11 159700 15805  6%
c I 315.82 196 25 83 80220 1225098 88324 11% 11 159700 15805  6%
c - 322.63 196 25 84 81481 1244731 80591 11% 11 159700 15805  6%
c d 329.65 196 25 84 82909 1265015 98855 11% 11 159700 15804  6%
c 3 329.74 196 25 84 82909 1265015 103816 11% 11 159700 15804  6%
c 3 329.77 196 25 84 82909 1265015 104147 11% 11 159700 15804  6%
c d 329.85 196 25 84 82909 1265015 104060 11% 11 159700 15790  6%
c 2 329.88 196 25 84 82909 1265015 104049 11% 11 159700 15790  6%
c p 329.97 196 25 84 82909 1265015 104142 11% 11 159700 15790  6%
c 
c  seconds    reductions         redundant    irredundant
c           MB      restarts             trail        variables
c            level        conflicts          glue          remaining
c 
c B 333.46 196 26 84 83653 1275101 113441 11% 11 159700 15790  6%
c - 333.69 196 26 85 83664 1275415 82646 11% 11 159700 15790  6%
c - 343.74 196 26 86 85981 1306460 84438 11% 11 159700 15790  6%
c F 350.35 196 26 86 87160 1326105 102038 11% 11 159700 15790  6%
c s 351.78 196 26 86 87474 1329158 104567 11% 11 159637 15790  6%
c v 353.00 196 26 86 87474 1329158 104567 11% 11 159570 15790  6%
c w 357.78 196 26 86 87474 1329158 104518 11% 11 159570 15790  6%
c t 357.79 196 26 86 87474 1329158 104514 11% 11 159570 15790  6%
c e 358.13 196 26 86 87474 1329158 65872 11% 11 180204 13850  5%
c s 358.42 196 26 86 87474 1329158 65677 11% 11 179100 13850  5%
c e 358.60 196 26 86 87474 1329158 65665 11% 11 179148 13846  5%
c f 360.72 196 26 87 87954 1337866 45120 13% 11 179148 13846  5%
c - 368.22 196 27 88 90042 1370951 60126 12% 11 179148 13846  5%
c B 370.12 196 27 88 90586 1378106 66587 12% 11 179148 13846  5%
c 3 370.61 196 27 88 90734 1380018 71306 11% 11 179148 13846  5%
c 3 370.64 196 27 88 90734 1380018 71925 11% 11 179148 13846  5%
c d 370.71 196 27 88 90734 1380018 71230 11% 11 179148 13729  5%
c 2 370.74 196 27 88 90734 1380018 71192 11% 11 179148 13729  5%
c p 370.80 196 27 88 90734 1380018 71282 11% 11 179148 13729  5%
c - 377.30 196 27 89 92257 1404412 67205 12% 11 179148 13729  5%
c 
c  seconds    reductions         redundant   irredundant
c           MB      restarts            trail        variables
c            level        conflicts         glue          remaining
c 
c # 384.58 196 27 89 94044 1431107 91792 12% 11 179148 13729  5%
c - 386.72 196 27 90 94415 1438250 71561 12% 11 179148 13729  5%
c - 396.84 196 28 91 97135 1472462 75119 12% 11 179148 13729  5%
c B 400.72 196 27 91 98019 1485109 86691 12% 11 179148 13729  5%
c s 403.42 196 27 91 98677 1491677 92285 12% 11 178610 13729  5%
c v 405.20 196 27 91 98677 1491677 92285 12% 11 173865 13729  5%
c w 409.46 196 27 91 98677 1491677 92240 12% 11 173865 13729  5%
c e 409.78 196 27 91 98677 1491677 83873 12% 11 176034 13506  5%
c s 410.12 196 27 91 98677 1491677 83666 12% 11 175934 13506  5%
c e 410.22 196 27 91 98677 1491677 83597 12% 11 175968 13501  5%
c 3 412.92 196 27 91 99319 1500018 93561 12% 11 175968 13500  5%
c 3 412.95 196 27 91 99319 1500018 94039 12% 11 175968 13500  5%
c d 413.03 196 27 91 99319 1500018 93750 12% 11 175968 13453  5%
c 2 413.06 196 27 91 99319 1500018 93738 12% 11 175968 13453  5%
c p 413.14 196 27 91 99319 1500018 93805 12% 11 175968 13453  5%
c - 414.86 196 27 92 99776 1507051 73995 12% 11 175968 13453  5%
c O 424.12 196 26 92 102125 1540110 103631 12% 11 175968 13453  5%
c - 424.72 196 26 93 102251 1541798 77237 12% 11 175968 13453  5%
c - 433.70 196 26 94 104386 1576920 79972 12% 11 175968 13453  5%
c B 439.01 196 26 94 106087 1596111 97639 12% 11 175968 13453  5%
c 
c  seconds    reductions          redundant   irredundant
c           MB      restarts             trail        variables
c            level         conflicts         glue          remaining
c 
c - 443.69 196 27 95 107435 1612416 81916 12% 11 175968 13453  5%
c 3 446.91 196 27 95 108409 1625018 95256 12% 11 175968 13452  5%
c 3 446.94 196 27 95 108409 1625018 95841 12% 11 175968 13452  5%
c d 447.00 196 27 95 108409 1625018 95758 12% 11 175968 13438  5%
c 2 447.03 196 27 95 108409 1625018 95756 12% 11 175968 13438  5%
c p 447.10 196 27 95 108409 1625018 95829 12% 11 175968 13438  5%
c - 454.10 196 27 96 109974 1648284 84608 12% 11 175968 13438  5%
c I 455.28 196 27 96 110348 1653114 89042 12% 11 175968 13438  5%
c s 458.09 196 27 96 110842 1662071 96652 12% 11 175672 13438  5%
c v 459.70 196 27 96 110842 1662071 96652 12% 11 175181 13438  5%
c w 463.70 196 27 96 110842 1662071 96571 12% 11 175181 13438  5%
c e 463.98 196 27 96 110842 1662071 93070 12% 11 176356 13309  5%
c s 464.35 196 27 96 110842 1662071 92765 12% 11 176326 13309  5%
c - 471.44 196 26 97 112186 1684528 83983 12% 11 176326 13309  5%
c B 478.98 196 26 97 114287 1711118 108277 12% 11 176326 13309  5%
c - 482.39 196 26 98 115091 1721169 87191 12% 11 176326 13309  5%
c 3 491.78 196 26 98 117342 1755018 119949 12% 11 176326 13309  5%
c 3 491.81 196 26 98 117342 1755018 120380 12% 11 176326 13309  5%
c d 491.89 196 26 98 117342 1755018 120336 12% 11 176326 13302  5%
c 2 491.92 196 26 98 117342 1755018 120334 12% 11 176326 13302  5%
c 
c  seconds    reductions          redundant    irredundant
c           MB      restarts              trail        variables
c            level         conflicts          glue          remaining
c 
c p 492.00 196 26 98 117342 1755018 120420 12% 11 176326 13302  5%
c - 493.31 196 26 99 117721 1758186 89402 12% 11 176326 13302  5%
c F 496.28 196 26 99 118370 1770120 100182 12% 11 176326 13302  5%
c - 504.09 196 25 100 119867 1795575 90037 12% 11 176326 13302  5%
c B 513.61 196 25 100 122141 1830121 121346 12% 11 176326 13302  5%
c - 514.82 196 25 101 122343 1833338 91201 12% 11 176326 13302  5%
c s 517.29 196 25 101 122752 1841007 97486 12% 11 176269 13302  5%
c v 518.90 196 25 101 122752 1841007 97486 12% 11 176009 13302  5%
c w 524.13 196 25 101 122752 1841007 97446 12% 11 176009 13302  5%
c t 524.14 196 25 101 122752 1841007 97444 12% 11 176009 13302  5%
c e 524.29 196 25 101 122752 1841007 95467 12% 11 176311 13238  5%
c s 524.63 196 25 101 122752 1841007 95221 12% 11 176261 13238  5%
c e 524.70 196 25 101 122752 1841007 95210 12% 11 176272 13237  5%
c - 534.33 196 25 102 125013 1871476 92758 12% 11 176272 13237  5%
c d 539.22 196 24 102 125860 1890018 109135 13% 11 176272 13234  5%
c 3 539.26 196 24 102 125860 1890018 111238 13% 11 176272 13234  5%
c 3 539.30 196 24 102 125860 1890018 111793 13% 11 176272 13234  5%
c d 539.37 196 24 102 125860 1890018 111711 13% 11 176272 13221  5%
c 2 539.39 196 24 102 125860 1890018 111707 13% 11 176272 13221  5%
c p 539.47 196 24 102 125860 1890018 111819 13% 11 176272 13221  5%
c 
c  seconds     reductions          redundant    irredundant
c           MB       restarts              trail        variables
c            level          conflicts          glue          remaining
c 
c # 539.90 196 24 102 125948 1891124 112803 13% 11 176272 13221  5%
c - 545.70 196 24 103 127109 1909985 94597 12% 11 176272 13221  5%
c - 556.58 196 24 104 129781 1948868 96246 12% 11 176272 13221  5%
c B 557.22 196 24 104 129925 1953126 100091 12% 11 176272 13221  5%
c - 565.67 196 24 105 132071 1988123 96199 12% 11 176272 13221  5%
c O 571.60 196 23 105 133709 2016127 120936 12% 11 176272 13221  5%
c - 574.55 196 23 106 134509 2027752 96816 12% 11 176272 13221  5%
c s 574.90 196 23 106 134511 2027765 96278 12% 11 176167 13221  5%
c v 576.16 196 23 106 134511 2027765 96278 12% 11 175509 13221  5%
c w 579.92 196 23 106 134511 2027765 96187 12% 11 175509 13221  5%
c t 579.93 196 23 106 134511 2027765 96185 12% 11 175507 13221  5%
c e 580.04 196 23 106 134511 2027765 95057 12% 11 175699 13192  5%
c s 580.35 196 23 106 134511 2027765 94731 12% 11 175681 13192  5%
c 3 581.22 196 23 106 134872 2030018 99230 12% 11 175681 13190  5%
c 3 581.25 196 23 106 134872 2030018 99856 12% 11 175681 13190  5%
c d 581.30 196 23 106 134872 2030018 99819 12% 11 175681 13184  5%
c 2 581.32 196 23 106 134872 2030018 99815 12% 11 175681 13184  5%
c p 581.38 196 23 106 134872 2030018 100045 12% 11 175681 13184  5%
c - 590.54 196 23 107 137565 2067754 98935 12% 11 175681 13184  5%
c B 593.29 196 22 107 137741 2080128 108984 13% 11 175681 13184  5%
c 
c  seconds     reductions          redundant   irredundant
c           MB       restarts             trail        variables
c            level          conflicts         glue          remaining
c 
c - 599.67 196 23 108 140161 2108085 99997 12% 11 175681 13184  5%
c i 600.38 196 23 108 140385 2111711 103194 12% 11 175681 13180  5%
c I 607.32 196 22 108 142502 2145129 133002 12% 11 175681 13180  5%
c - 608.66 196 23 109 143019 2148788 95628 12% 11 175432 13180  5%
c d 614.40 196 23 109 145317 2175019 119487 12% 11 175428 13177  5%
c 3 614.45 196 23 109 145317 2175019 121699 12% 11 175428 13177  5%
c 3 614.48 196 23 109 145317 2175019 122434 12% 11 175428 13177  5%
c d 614.54 196 23 109 145317 2175019 122412 12% 11 175428 13174  5%
c 2 614.56 196 23 109 145317 2175019 122405 12% 11 175428 13174  5%
c p 614.62 196 23 109 145317 2175019 122551 12% 11 175428 13174  5%
c - 618.90 196 24 110 146656 2189843 100940 12% 11 175428 13174  5%
c B 623.21 196 24 110 148366 2211130 120510 11% 11 175428 13174  5%
c s 625.95 196 25 110 149141 2221998 129500 11% 11 175321 13174  5%
c v 627.21 196 25 110 149141 2221998 129500 11% 11 174669 13174  5%
c w 631.94 196 25 110 149141 2221998 129360 11% 11 174669 13174  5%
c t 631.95 196 25 110 149141 2221998 129345 11% 11 174659 13174  5%
c e 632.07 196 25 110 149141 2221998 126088 11% 11 174943 13116  5%
c s 632.46 196 25 110 149141 2221998 125619 11% 11 174903 13116  5%
c e 632.51 196 25 110 149141 2221998 125447 11% 11 174909 13115  5%
c - 635.14 196 25 111 149983 2231274 101903 11% 11 174909 13115  5%
c 
c  seconds     reductions          redundant    irredundant
c           MB       restarts              trail        variables
c            level          conflicts          glue          remaining
c 
c - 645.33 196 25 112 153345 2273034 105299 11% 11 174909 13115  5%
c F 646.10 196 25 112 153537 2278132 109957 11% 11 174909 13115  5%
c - 655.09 196 25 113 156151 2315165 107403 11% 11 174909 13115  5%
c d 657.11 196 25 113 156831 2325020 116442 11% 11 174909 13112  5%
c 3 657.16 196 25 113 156831 2325020 119454 11% 11 174909 13112  5%
c 3 657.19 196 25 113 156831 2325020 120229 11% 11 174909 13112  5%
c 2 657.24 196 25 113 156831 2325020 120192 11% 11 174909 13106  5%
c p 657.30 196 25 113 156831 2325020 120471 11% 11 174909 13106  5%
c B 662.02 196 25 113 158392 2346135 139812 11% 11 174909 13106  5%
c - 664.86 196 26 114 159269 2357669 110076 11% 11 174909 13106  5%
c - 675.28 196 26 115 162597 2400548 111335 11% 11 174909 13106  5%
c # 678.68 196 25 115 163510 2415136 124364 11% 11 174909 13106  5%
c s 681.25 196 25 115 163857 2423814 131293 11% 11 174821 13106  5%
c v 682.66 196 25 115 163857 2423814 131293 11% 11 174497 13106  5%
c w 687.66 196 25 115 163857 2423814 131222 11% 11 174497 13106  5%
c t 687.66 196 25 115 163857 2423814 131213 11% 11 174493 13106  5%
c e 687.76 196 25 115 163857 2423814 129358 11% 11 174614 13076  5%
c s 688.11 196 25 115 163857 2423814 129022 11% 11 174587 13076  5%
c e 688.16 196 25 115 163857 2423814 128943 11% 11 174579 13074  5%
c - 693.46 196 24 116 165149 2443797 110139 11% 11 174579 13074  5%
c 
c  seconds     reductions          redundant    irredundant
c           MB       restarts              trail        variables
c            level          conflicts          glue          remaining
c 
c 3 702.71 196 24 116 167702 2480020 145719 11% 11 174579 13072  5%
c 3 702.75 196 24 116 167702 2480020 146553 11% 11 174579 13072  5%
c 2 702.82 196 24 116 167702 2480020 146527 11% 11 174579 13068  5%
c p 702.89 196 24 116 167702 2480020 146982 11% 11 174579 13068  5%
c B 704.70 196 24 116 168270 2485139 151745 11% 11 174579 13068  5%
c - 705.42 196 24 117 168273 2487390 112648 11% 11 174579 13068  5%
c - 717.27 196 24 118 171659 2531356 114842 12% 11 174579 13068  5%
c i 720.40 196 24 118 172592 2547800 129488 11% 11 174579 13064  5%
c O 722.19 196 24 118 173274 2556140 137181 11% 11 174579 13064  5%
c i 725.90 196 23 118 173858 2571401 149799 12% 11 174579 13060  5%
c - 727.13 196 23 119 174308 2575695 97198 12% 11 174020 13060  5%
c - 736.38 196 25 120 178010 2620357 109139 11% 11 174020 13060  5%
c B 737.87 196 25 120 178550 2628143 116312 11% 11 174020 13060  5%
c s 739.43 196 25 120 179028 2633205 120424 11% 11 173991 13060  5%
c v 740.89 196 25 120 179028 2633205 120424 11% 11 173312 13060  5%
c w 746.50 196 25 120 179028 2633205 120256 11% 11 173312 13060  5%
c t 746.50 196 25 120 179028 2633205 120236 11% 11 173206 13060  5%
c e 746.64 196 25 120 179028 2633205 118072 11% 11 173417 12954  5%
c s 746.97 196 25 120 179028 2633205 117809 11% 11 173388 12954  5%
c d 748.97 196 25 120 179518 2640021 123971 11% 11 173388 12952  5%
c 
c  seconds     reductions          redundant    irredundant
c           MB       restarts              trail        variables
c            level          conflicts          glue          remaining
c 
c 3 749.03 196 25 120 179518 2640021 127071 11% 11 173388 12952  5%
c 3 749.07 196 25 120 179518 2640021 127701 11% 11 173388 12952  5%
c 2 749.14 196 25 120 179518 2640021 127700 11% 11 173388 12952  5%
c p 749.22 196 25 120 179518 2640021 127994 11% 11 173388 12952  5%
c - 756.70 196 24 121 181282 2665391 113194 10% 11 173388 12952  5%
c I 766.25 196 25 121 184032 2701144 145824 10% 11 173388 12952  5%
c - 768.36 196 24 122 184301 2710739 116559 10% 11 173388 12952  5%
c - 780.83 196 25 123 187780 2756458 119299  9% 11 173388 12952  5%
c i 782.02 196 24 123 187789 2761675 123536 10% 11 173388 12948  5%
c B 785.20 196 24 123 188849 2775146 135963 10% 11 173388 12948  5%
c - 791.39 196 24 124 190815 2802549 117645  9% 11 172989 12948  5%
c d 791.88 196 24 124 190992 2805024 119972  9% 11 172979 12943  5%
c 3 791.92 196 24 124 190992 2805024 123100  9% 11 172979 12943  5%
c 3 791.96 196 24 124 190992 2805024 124115  9% 11 172979 12943  5%
c d 792.01 196 24 124 190992 2805024 124097  9% 11 172979 12940  5%
c 2 792.03 196 24 124 190992 2805024 124082  9% 11 172979 12940  5%
c p 792.09 196 24 124 190992 2805024 124361  9% 11 172979 12940  5%
c - 802.38 196 24 125 194211 2848974 122631  9% 11 172979 12940  5%
c F 802.71 196 24 125 194298 2850147 123662  9% 11 172979 12940  5%
c s 803.14 196 24 125 194298 2850273 123081  9% 11 172874 12940  5%
c 
c  seconds     reductions          redundant    irredundant
c           MB       restarts              trail        variables
c            level          conflicts          glue          remaining
c 
c v 804.29 196 24 125 194298 2850273 123081  9% 11 172249 12940  5%
c w 807.53 196 24 125 194298 2850273 122991  9% 11 172249 12940  5%
c t 807.54 196 24 125 194298 2850273 122953  9% 11 172128 12940  5%
c e 807.65 196 24 125 194298 2850273 121025  9% 11 172274 12831  5%
c s 807.98 196 24 125 194298 2850273 120771  9% 11 172220 12831  5%
c e 808.02 196 24 125 194298 2850273 120766  9% 11 172216 12830  5%
c - 816.61 196 24 126 197694 2895772 123545  9% 11 172216 12830  5%
c B 822.29 196 24 126 200025 2926148 151236  9% 11 172216 12830  5%
c - 826.18 196 24 127 201097 2942866 124464  9% 11 172216 12830  5%
c d 832.01 196 24 127 203376 2975024 153602  9% 11 172214 12826  5%
c 3 832.06 196 24 127 203376 2975024 157116  9% 11 172214 12826  5%
c 3 832.10 196 24 127 203376 2975024 157731  9% 11 172214 12826  5%
c 2 832.16 196 24 127 203376 2975024 157712  9% 11 172214 12824  5%
c p 832.22 196 24 127 203376 2975024 157969  9% 11 172214 12824  5%
c - 835.67 196 24 128 204255 2990332 126133  9% 11 172214 12824  5%
c # 837.48 196 24 128 204876 3003150 137877  9% 11 172214 12824  5%
c - 844.18 196 24 129 207309 3038170 127832  9% 11 172214 12824  5%
c s 851.26 196 24 129 210329 3075072 161166  8% 11 172185 12824  5%
c v 852.37 196 24 129 210329 3075072 161166  8% 11 171388 12824  5%
c w 855.95 196 24 129 210329 3075072 160946  8% 11 171388 12824  5%
c 
c  seconds     reductions          redundant    irredundant
c           MB       restarts              trail        variables
c            level          conflicts          glue          remaining
c 
c t 855.96 196 24 129 210329 3075072 160934  8% 11 171382 12824  5%
c e 856.07 196 24 129 210329 3075072 147720  8% 11 171582 12785  5%
c s 856.43 197 24 129 210329 3075072 147351  8% 11 171560 12785  5%
c e 856.49 197 24 129 210329 3075072 147124  8% 11 171598 12780  5%
c B 857.96 197 25 129 210962 3081151 152776  9% 11 171598 12780  5%
c - 859.00 197 25 130 211378 3086377 120767  8% 11 171598 12780  5%
c - 867.83 197 25 131 215056 3134893 127329  8% 11 171598 12780  5%
c d 870.14 197 25 131 215872 3150026 141292  8% 11 171598 12779  5%
c 3 870.18 197 25 131 215872 3150026 144765  8% 11 171598 12779  5%
c 3 870.22 197 25 131 215872 3150026 145659  8% 11 171598 12779  5%
c d 870.28 197 25 131 215872 3150026 145650  8% 11 171598 12777  5%
c 2 870.30 197 25 131 215872 3150026 145648  8% 11 171598 12777  5%
c p 870.35 197 25 131 215872 3150026 145979  8% 11 171598 12777  5%
c O 872.61 197 25 131 216813 3160153 155147  8% 11 171598 12777  5%
c i 875.34 197 25 131 217645 3176241 169902  8% 11 171598 12776  5%
c - 877.05 197 25 132 218313 3183779 130961  8% 11 171565 12776  5%
c i 886.68 197 26 132 222288 3232460 176125  8% 11 171565 12774  5%
c - 886.88 197 26 133 222304 3233033 133672  8% 11 171524 12774  5%
c B 888.15 197 25 133 222587 3240154 140089  8% 11 171524 12774  5%
c - 896.98 197 25 134 225886 3282653 135421  8% 11 171524 12774  5%
c 
c  seconds     reductions          redundant    irredundant
c           MB       restarts              trail        variables
c            level          conflicts          glue          remaining
c 
c s 902.30 197 26 134 227908 3307393 157463  8% 11 171487 12774  5%
c v 903.46 197 26 134 227908 3307393 157463  8% 11 170832 12774  5%
c w 907.53 197 26 134 227908 3307393 157389  8% 11 170832 12774  5%
c t 907.54 197 26 134 227908 3307393 157384  8% 11 170828 12774  5%
c e 907.65 197 26 134 227908 3307393 135408  8% 11 170982 12740  5%
c s 908.03 197 26 134 227908 3307393 135155  8% 11 170974 12740  5%
c e 908.08 197 26 134 227908 3307393 134801  8% 11 170972 12738  5%
c I 910.14 197 26 134 228594 3321155 147505  8% 11 170972 12738  5%
c 3 912.01 197 25 134 229005 3330028 158657  8% 11 170972 12738  5%
c 3 912.05 197 25 134 229005 3330028 159296  8% 11 170972 12738  5%
c 2 912.12 197 25 134 229005 3330028 159266  8% 11 170972 12734  5%
c p 912.19 197 25 134 229005 3330028 159450  8% 11 170972 12734  5%
c - 912.76 197 25 135 229145 3332644 123274  8% 11 170972 12734  5%
c - 922.12 197 25 136 232753 3382947 132081  9% 11 170972 12734  5%
c B 925.40 197 25 136 233804 3403156 150557  8% 11 170972 12734  5%
c - 931.89 197 25 137 235921 3433620 135573  9% 11 170972 12734  5%
c - 942.76 197 25 138 239756 3484663 138935  9% 11 170972 12734  5%
c F 943.13 197 25 138 239900 3486157 140326  9% 11 170972 12734  5%
c d 948.88 197 25 138 242162 3515028 167072  8% 11 170972 12732  5%
c 3 948.93 197 25 138 242162 3515028 170754  8% 11 170972 12732  5%
c 
c  seconds     reductions          redundant    irredundant
c           MB       restarts              trail        variables
c            level          conflicts          glue          remaining
c 
c 3 948.97 197 25 138 242162 3515028 171893  8% 11 170972 12732  5%
c d 949.03 197 25 138 242162 3515028 171882  8% 11 170972 12730  5%
c 2 949.05 197 25 138 242162 3515028 171879  8% 11 170972 12730  5%
c p 949.12 197 25 138 242162 3515028 172052  8% 11 170972 12730  5%
c - 953.84 197 25 139 243574 3536075 142522  9% 11 170972 12730  5%
c s 956.52 197 24 139 244170 3547174 151409  9% 11 170919 12730  5%
c v 957.65 197 24 139 244170 3547174 151409  9% 11 170646 12730  5%
c w 961.73 197 24 139 244170 3547174 151320  9% 11 170646 12730  5%
c t 961.74 197 24 139 244170 3547174 151318  9% 11 170639 12730  5%
c e 961.83 197 24 139 244170 3547174 150464  9% 11 170683 12714  5%
c s 962.24 197 24 139 244170 3547174 150152  9% 11 170681 12714  5%
c B 967.16 197 24 139 245590 3570162 171332  9% 11 170681 12714  5%
c - 971.78 197 24 140 247059 3587857 143833  9% 11 170681 12714  5%
c - 982.56 197 24 141 250698 3639979 145470  9% 11 170681 12714  5%
c # 985.63 197 24 141 251929 3655166 159487  9% 11 170681 12714  5%
c - 993.95 197 24 142 254201 3692470 146521  9% 11 170681 12714  5%
c d 996.58 197 24 142 255133 3705028 157586  9% 11 170679 12709  5%
c 3 996.64 197 24 142 255133 3705028 161872  9% 11 170679 12709  5%
c 3 996.68 197 24 142 255133 3705028 162405  9% 11 170679 12709  5%
c 2 996.73 197 24 142 255133 3705028 162400  9% 11 170678 12707  5%
c 
c  seconds     reductions          redundant    irredundant
c           MB       restarts              trail        variables
c            level          conflicts          glue          remaining
c 
c p 996.79 197 24 142 255133 3705028 162502  9% 11 170678 12707  5%
c B 1004.42 197 23 142 257239 3741169 195357  9% 11 170678 12707  5%
c - 1005.35 197 23 143 257408 3745331 148004  9% 11 170467 12707  5%
c s 1017.43 197 23 143 261385 3794464 192298  9% 11 170432 12707  5%
c v 1018.57 197 23 143 261385 3794464 192298  9% 11 170215 12707  5%
c w 1024.08 197 23 143 261385 3794464 192250  9% 11 170215 12707  5%
c t 1024.09 197 23 143 261385 3794464 192246  9% 11 170214 12707  5%
c e 1024.18 197 23 143 261385 3794464 190260  9% 11 170373 12677  5%
c s 1024.61 197 23 143 261385 3794464 189860  9% 11 170361 12677  5%
c e 1024.66 197 23 143 261385 3794464 189813  9% 11 170353 12675  5%
c - 1026.00 197 23 144 261728 3798537 147785  9% 11 170353 12675  5%
c O 1031.90 197 23 144 263845 3828173 174734  9% 11 170353 12675  5%
c - 1038.20 197 23 145 265616 3852100 150736  9% 11 170353 12675  5%
c d 1048.50 197 22 145 267954 3900032 193550  9% 11 170353 12672  5%
c 3 1048.56 197 22 145 267954 3900032 197871  9% 11 170353 12672  5%
c 3 1048.61 197 22 145 267954 3900032 198840  9% 11 170353 12672  5%
c 2 1048.67 197 22 145 267954 3900032 198839  9% 11 170353 12672  5%
c p 1048.76 197 22 145 267954 3900032 198907  9% 11 170353 12672  5%
c - 1050.25 197 21 146 268166 3906035 150999  9% 11 170353 12672  5%
c B 1052.42 197 21 146 268857 3916174 160301  9% 11 170353 12672  5%
c 
c   seconds     reductions          redundant    irredundant
c            MB       restarts              trail        variables
c             level          conflicts          glue          remaining
c 
c - 1064.01 197 21 147 271911 3960337 153566 10% 11 170353 12672  5%
c I 1074.80 197 21 147 275041 4005176 193321 10% 11 170353 12672  5%
c - 1077.26 197 20 148 275408 4015009 153639 10% 11 170353 12672  5%
c i 1082.65 197 19 148 276649 4041439 175685 10% 10 170353 12667  5%
c s 1085.08 197 20 148 277265 4049361 182335 10% 10 170339 12667  5%
c v 1086.21 197 20 148 277265 4049361 182335 10% 10 168167 12667  5%
c w 1092.21 197 20 148 277265 4049361 181647 10% 10 168167 12667  5%
c t 1092.22 197 20 148 277265 4049361 181633 10% 10 168167 12667  5%
c e 1092.34 197 20 148 277265 4049361 177053 10% 10 168734 12543  5%
c s 1092.76 197 20 148 277265 4049361 176509 10% 10 168702 12543  5%
c e 1092.82 197 20 148 277265 4049361 176398 10% 10 168705 12542  5%
c f 1097.99 197 20 149 278943 4070050 99884 10% 11 168705 12542  5%
c B 1101.96 197 20 149 280714 4095178 122952  9% 11 168705 12542  5%
c d 1102.92 197 20 149 280953 4100032 127143  9% 11 168704 12540  5%
c 3 1102.98 197 20 149 280953 4100032 130505  9% 11 168704 12540  5%
c 3 1103.00 197 20 149 280953 4100032 131101  9% 11 168704 12540  5%
c d 1103.06 197 20 149 280953 4100032 131080  9% 11 168704 12536  5%
c 2 1103.07 197 20 149 280953 4100032 131072  9% 11 168703 12536  5%
c p 1103.13 197 20 149 280953 4100032 131241  9% 11 168703 12536  5%
c - 1108.39 197 20 150 282463 4125270 117854  9% 10 168703 12536  5%
c 
c   seconds     reductions          redundant    irredundant
c            MB       restarts              trail        variables
c             level          conflicts          glue          remaining
c 
c - 1119.74 197 20 151 286566 4180860 125146  9% 11 168703 12536  5%
c F 1120.69 197 20 151 286756 4186180 129492  9% 10 168703 12536  5%
c - 1132.11 197 21 152 290833 4236816 130465  9% 11 168703 12536  5%
c B 1140.39 197 21 152 293713 4278181 167465  9% 11 168703 12536  5%
c - 1144.14 197 20 153 294735 4293140 133320  9% 11 168703 12536  5%
c i 1145.97 197 20 153 294969 4303591 141226 10% 10 168703 12523  5%
c d 1146.32 197 20 153 295120 4305032 123304 10% 10 166080 12520  5%
c d 1146.34 197 20 153 295120 4305032 123304 10% 10 166074 12517  5%
c 3 1146.37 197 20 153 295120 4305032 126326 10% 10 166074 12517  5%
c 3 1146.40 197 20 153 295120 4305032 127195 10% 10 166074 12517  5%
c d 1146.45 197 20 153 295120 4305032 127191 10% 10 166074 12516  5%
c 2 1146.46 197 20 153 295120 4305032 127182 10% 10 166074 12516  5%
c p 1146.52 197 20 153 295120 4305032 127370 10% 10 166074 12516  5%
c s 1148.54 197 20 153 295803 4311839 130905 10% 11 165896 12516  5%
c v 1149.64 197 20 153 295803 4311839 130905 10% 11 164771 12516  5%
c w 1153.92 197 20 153 295803 4311839 130138 10% 11 164771 12516  5%
c t 1153.93 197 20 153 295803 4311839 130122 10% 11 164612 12515  5%
c e 1154.08 197 20 153 295803 4311839 125527 10% 11 165859 12247  5%
c s 1154.50 197 20 153 295803 4311839 124690 10% 11 165802 12247  5%
c e 1154.55 197 20 153 295803 4311839 124660 10% 11 165823 12245  5%
c 
c   seconds     reductions          redundant    irredundant
c            MB       restarts              trail        variables
c             level          conflicts          glue          remaining
c 
c - 1161.98 197 21 154 298899 4349833 123856  9% 11 165823 12245  5%
c # 1166.32 197 21 154 300947 4371183 143602  9% 11 165823 12245  5%
c - 1173.08 197 22 155 303551 4406548 133477 10% 11 165823 12245  5%
c - 1182.51 197 22 156 307307 4463629 137215  9% 11 165823 12245  5%
c B 1182.81 197 22 156 307469 4465184 138639  9% 11 165823 12245  5%
c d 1191.37 197 21 156 310559 4515034 183148  9% 11 165823 12243  5%
c 3 1191.42 197 21 156 310559 4515034 186124  9% 11 165823 12243  5%
c 3 1191.45 197 21 156 310559 4515034 186789  9% 11 165823 12243  5%
c d 1191.50 197 21 156 310559 4515034 186778  9% 11 165823 12241  5%
c 2 1191.52 197 21 156 310559 4515034 186769  9% 11 165823 12241  5%
c p 1191.59 197 21 156 310559 4515034 187019  9% 11 165823 12241  5%
c - 1192.98 197 21 157 311173 4521074 139662  9% 11 165823 12241  5%
c O 1199.98 197 21 157 313580 4560185 174641 10% 11 165823 12241  5%
c - 1204.10 197 20 158 314802 4578886 140194 10% 11 165823 12241  5%
c s 1205.31 197 20 158 314829 4582515 141794 10% 11 165771 12241  5%
c v 1206.36 197 20 158 314829 4582515 141794 10% 11 164558 12241  5%
c w 1210.16 197 20 158 314829 4582515 141619 10% 11 164558 12241  5%
c t 1210.16 197 20 158 314829 4582515 141619 10% 11 164553 12241  5%
c e 1210.26 197 20 158 314829 4582515 139246 10% 11 164952 12193  5%
c s 1210.70 197 20 158 314829 4582515 138686 10% 11 164934 12193  5%
c 
c   seconds     reductions          redundant    irredundant
c            MB       restarts              trail        variables
c             level          conflicts          glue          remaining
c 
c e 1210.74 197 20 158 314829 4582515 138648 10% 11 164946 12192  5%
c - 1220.94 197 20 159 318729 4637063 143222 10% 11 164946 12192  5%
c B 1223.62 197 20 159 319778 4656187 160484 10% 11 164946 12192  5%
c - 1231.15 197 20 160 322624 4695496 144663 10% 11 164946 12192  5%
c 3 1237.10 197 20 160 325003 4730037 178815  9% 11 164946 12192  5%
c 3 1237.13 197 20 160 325003 4730037 179761  9% 11 164946 12192  5%
c d 1237.18 197 20 160 325003 4730037 179748  9% 11 164946 12190  5%
c 2 1237.20 197 20 160 325003 4730037 179746  9% 11 164946 12190  5%
c p 1237.27 197 20 160 325003 4730037 180183  9% 11 164946 12188  5%
c I 1242.02 197 20 160 326349 4753188 200394 10% 11 164946 12188  5%
c - 1242.44 197 20 161 326533 4754293 146940 10% 11 164566 12188  5%
c - 1253.29 197 19 162 329787 4813407 147285 10% 11 164566 12188  5%
c B 1259.80 197 19 162 332138 4851190 181374 10% 11 164566 12188  5%
c s 1262.23 197 19 162 332513 4860607 186966 10% 10 164544 12188  5%
c v 1263.28 197 19 162 332513 4860607 186966 10% 10 164211 12188  5%
c w 1268.38 197 19 162 332513 4860607 186799 10% 10 164211 12188  5%
c t 1268.38 197 19 162 332513 4860607 186794 10% 10 164211 12188  5%
c e 1268.48 197 19 162 332513 4860607 184155 10% 10 164466 12123  5%
c s 1268.99 197 19 162 332513 4860607 183388 10% 10 164455 12123  5%
c - 1271.98 197 19 163 333281 4872890 146160 10% 10 164455 12123  5%
c 
c   seconds     reductions          redundant    irredundant
c            MB       restarts              trail        variables
c             level          conflicts          glue          remaining
c 
c i 1273.82 197 18 163 333455 4883764 154604 11% 10 164455 12122  5%
c - 1282.82 197 18 164 337046 4932720 134230 10% 10 164371 12122  5%
c d 1285.68 197 18 164 338180 4950037 149607 10% 10 164368 12120  5%
c 3 1285.72 197 18 164 338180 4950037 152435 10% 10 164368 12120  5%
c 3 1285.76 197 18 164 338180 4950037 153189 10% 10 164368 12120  5%
c 2 1285.80 197 18 164 338180 4950037 153185 10% 10 164366 12120  5%
c p 1285.85 197 18 164 338180 4950037 153465 10% 10 164366 12120  5%
c F 1285.90 197 18 164 338187 4950191 153614 10% 10 164366 12120  5%
c - 1293.97 197 18 165 340964 4992903 143241 10% 10 164366 12120  5%
c B 1304.77 197 18 165 344519 5050193 193363 10% 10 164366 12120  5%
c - 1305.47 197 18 166 344716 5053452 147055 10% 10 164366 12120  5%
c i 1310.52 197 18 166 346326 5080917 169874 10% 10 164366 12112  5%
c - 1316.40 197 19 167 349195 5114364 131874  9% 10 163406 12112  5%
c s 1321.98 197 19 167 351779 5146510 159787  9% 10 163305 12112  5%
c v 1323.04 197 19 167 351779 5146510 159787  9% 10 162301 12112  5%
c w 1327.48 197 19 167 351779 5146510 159564  9% 10 162301 12112  5%
c t 1327.49 197 19 167 351779 5146510 159470  9% 10 162237 12112  5%
c e 1327.61 197 19 167 351779 5146510 153979  9% 10 162881 11953  5%
c s 1327.97 197 19 167 351779 5146510 153402  9% 10 162849 11953  5%
c e 1328.01 197 19 167 351779 5146510 153224  9% 10 162876 11951  5%
c 
c   seconds     reductions          redundant    irredundant
c            MB       restarts              trail        variables
c             level          conflicts          glue          remaining
c 
c # 1328.87 197 19 167 351889 5151194 156819  9% 10 162876 11951  5%
c d 1333.20 197 19 167 353535 5175039 177923  9% 10 162874 11948  5%
c 3 1333.24 197 19 167 353535 5175039 180810  9% 10 162874 11948  5%
c 3 1333.28 197 19 167 353535 5175039 181638  9% 10 162874 11948  5%
c 2 1333.33 197 19 167 353535 5175039 181635  9% 10 162873 11948  5%
c p 1333.39 197 19 167 353535 5175039 181921  9% 10 162873 11948  5%
c - 1333.63 197 19 168 353555 5175512 138689  9% 10 162873 11948  5%
c - 1344.26 197 19 169 357503 5236952 145144  9% 10 162873 11948  5%
c i 1345.13 197 19 169 357861 5242467 149970  9% 10 162873 11944  5%
c i 1346.42 197 19 169 358294 5250214 156351  9% 10 162873 11921  5%
c B 1346.90 197 19 169 358514 5253196 159002  9% 10 162873 11921  5%
c - 1354.31 197 20 170 361824 5298758 137060  9% 10 160041 11921  5%
c i 1355.06 197 20 170 362151 5303837 141551  9% 10 160041 11916  5%
c i 1361.08 197 19 170 364151 5342726 175418  9% 10 160041 11901  5%
c O 1363.41 197 19 170 365355 5356200 187819  8% 10 160041 11901  5%
c - 1364.16 197 19 171 365678 5360535 126899  8% 10 158228 11901  5%
c i 1367.64 197 19 171 367374 5384754 148816  8% 10 158228 11900  5%
c d 1370.78 197 19 171 368749 5405042 167119  8% 10 158036 11882  5%
c 3 1370.83 197 19 171 368749 5405042 170221  8% 10 158036 11882  5%
c 3 1370.86 197 19 171 368749 5405042 171057  8% 10 158036 11882  5%
c 
c   seconds     reductions          redundant    irredundant
c            MB       restarts              trail        variables
c             level          conflicts          glue          remaining
c 
c d 1370.91 197 19 171 368749 5405042 171041  8% 10 158036 11880  5%
c 2 1370.93 197 19 171 368749 5405042 170955  8% 10 158035 11878  5%
c p 1370.98 197 19 171 368749 5405042 171147  8% 10 158035 11878  5%
c - 1374.17 197 20 172 370154 5422418 141298  8% 10 157748 11878  5%
c s 1377.24 197 19 172 371395 5440461 155326  8% 10 157262 11878  5%
c v 1378.22 197 19 172 371395 5440461 155326  8% 10 155318 11878  5%
c w 1382.15 197 19 172 371395 5440461 154996  8% 10 155318 11878  5%
c t 1382.16 197 19 172 371395 5440461 154912  8% 10 155154 11878  5%
c e 1382.31 197 19 172 371395 5440461 147427  8% 10 157661 11456  4%
c s 1382.64 197 19 172 371395 5440461 146887  8% 10 157467 11456  4%
c e 1382.70 197 19 172 371395 5440461 146650  8% 10 157488 11454  4%
c B 1386.11 197 20 172 372880 5460202 164525  8% 10 157488 11454  4%
c - 1390.96 197 19 173 374729 5484593 141518  8% 10 157488 11454  4%
c - 1402.76 197 18 174 379061 5547089 145385  8% 10 157488 11454  4%
c I 1406.08 197 18 174 380476 5565204 160585  8% 10 157488 11454  4%
c - 1416.14 197 17 175 382965 5609947 144192  9% 10 157488 11454  4%
c i 1420.70 197 16 175 383638 5633658 161921 10% 10 157488 11450  4%
c d 1422.00 197 15 175 383815 5640045 165441 10% 10 156689 11449  4%
c d 1422.02 197 15 175 383815 5640045 165441 10% 10 156683 11446  4%
c 3 1422.06 197 15 175 383815 5640045 168637 10% 10 156683 11446  4%
c 
c   seconds     reductions          redundant    irredundant
c            MB       restarts              trail        variables
c             level          conflicts          glue          remaining
c 
c 3 1422.09 197 15 175 383815 5640045 169223 10% 10 156683 11446  4%
c d 1422.14 197 15 175 383815 5640045 169187 10% 10 156683 11440  4%
c 2 1422.15 197 15 175 383815 5640045 169172 10% 10 156683 11440  4%
c p 1422.25 197 15 175 383815 5640045 169325 10% 10 156683 11435  4%
c i 1422.39 197 15 175 383815 5640612 169644 10% 10 156683 11418  4%
c i 1423.09 197 15 175 383829 5644588 172473 10% 10 156683 11414  4%
c i 1424.26 197 15 175 383911 5651103 177473 10% 10 156683 11413  4%
c i 1424.61 197 15 175 383911 5652890 178709 10% 10 156683 11403  4%
c i 1424.84 197 14 175 383911 5654060 179373 10% 10 156683 11382  4%
c i 1424.84 197 14 175 383911 5654082 179382 10% 10 156683 11378  4%
c i 1424.86 197 14 175 383911 5654172 179450 10% 10 156683 11374  4%
c i 1424.86 197 14 175 383911 5654176 179452 10% 10 156683 11328  4%
c i 1424.86 197 14 175 383911 5654178 179453 10% 10 156683 11323  4%
c i 1424.87 197 14 175 383911 5654199 179465 10% 10 156683 11271  4%
c i 1424.87 197 14 175 383911 5654203 179468 10% 10 156683 11111  4%
c i 1424.87 197 14 175 383911 5654204 179468 10% 10 156683 11051  4%
c } 1424.87 197 14 175 383911 5654206 179468 10% 10 156683 10459  4%
c 0 1424.87 197 14 175 383911 5654206 179468 10% 10 156683 10459  4%
c 
c --- [ result ] -------------------------------------------------------------
c 
s UNSATISFIABLE
c 
c --- [ run-time profiling ] -------------------------------------------------
c 
c process time taken by individual solving procedures
c (percentage relative to process time for solving)
c 
c      1238.74   86.97% search
c      1238.72   86.97% unstable
c       185.62   13.03% simplify
c       141.82    9.96% vivify
c        20.70    1.45% subsume
c        10.51    0.74% elim
c         4.76    0.33% ternary
c         2.71    0.19% probe
c         0.02    0.00% lucky
c   =================================
c      1424.38   99.97% solve
c 
c last line shows process time for solving
c (percentage relative to total process time)
c 
c --- [ statistics ] ---------------------------------------------------------
c 
c backtracked:            14286099       252.66 %  of conflicts
c chronological:           1836646        12.86 %  of backtracks
c conflicts:               5654206      3969.60    per second
c decisions:              19101043     13410.11    per second
c eliminated:               241174        92.82 %  of all variables
c fixed:                      6302         2.43 %  of all variables
c flushed:                  141298         2.50 %  per conflict
c learned:                 5444879        96.30 %  per conflict
c minimized:              82509695        37.55 %  learned literals
c propagations:         2272325504         1.60 M  per second
c reduced:                 4372997        77.34 %  per conflict
c rephased:                    105     53849.58    interval
c restarts:                 383911        14.73    interval
c substituted:                1905         0.73 %  of all variables
c subsumed:                 517390         3.41 %  of all clauses
c strengthened:             351531         2.32 %  of all clauses
c ternary:                  244461         0.22 %  of resolved
c vivified:                 236852         1.56 %  of all clauses
c weakened:                 927944         2.98    average size
c 
c seconds are measured in process time for solving
c 
c --- [ resources ] ----------------------------------------------------------
c 
c total process time since initialization:      1424.87    seconds
c total real time since initialization:         1425.00    seconds
c maximum resident set size of process:          207.87    MB
c 
c --- [ shutting down ] ------------------------------------------------------
c 
c exit 20
