c --- [ banner ] -------------------------------------------------------------
c 
c CaDiCaL Radically Simplified CDCL SAT Solver
c Copyright (c) 2016-2019 Armin Biere, JKU Linz
c 
c Version 1.0.3 cb89cbfa16f47cb7bf1ec6ad9855e7b6d5203c18
c g++ (GCC) 6.3.0 -Wall -Wextra -O3 -DNDEBUG
c Fri Aug 23 08:17:16 CDT 2019 Linux login1 4.4.103-6.38-default x86_64
c 
c --- [ config ] -------------------------------------------------------------
c 
c using 'unsat' configuration (target unsatisfiable instances)
c 
c --- [ proof tracing ] ------------------------------------------------------
c 
c opening file to write '/tmp/58_757_0_four.drat'
c writing binary proof trace to '/tmp/58_757_0_four.drat'
c 
c --- [ parsing input ] ------------------------------------------------------
c 
c reading DIMACS file from '/tmp/58_757_0_four.cnf'
c opening file to read '/tmp/58_757_0_four.cnf'
c found 'p cnf 259840 1039919' header
c parsed 1039919 clauses in 0.37 seconds process time
c 
c --- [ options ] ------------------------------------------------------------
c 
c   --stabilize=false              (different from default 'true')
c   --walk=false                   (different from default 'true')
c 
c --- [ solving ] ------------------------------------------------------------
c 
c time measured in process time since initialization
c 
c  seconds   reductions  redundant   irredundant
c          MB    restarts       trail        variables
c           level   conflicts       glue           remaining
c 
c *  0.38 139  0 0   0    0    0  0% 0 1039424 254480 98%
c {  0.40 142  0 0   0    0    0  0% 0 1039424 254480 98%
c -  0.58 148 252 1  11  300  183  5% 4 930812 254480 98%
c I  0.89 148 79 1 151 1002  807  6% 9 930812 254480 98%
c -  1.28 179 58 2 173 1481 1203  7% 9 930812 254480 98%
c B  1.88 179 44 2 228 3003 2515  9% 9 930812 254480 98%
c -  2.14 179 43 3 228 3252 2124  9% 9 930812 254480 98%
c s  2.96 160 38 3 252 4064 2777 10% 8 930812 254480 98%
c v  3.74 184 38 3 252 4064 2777 10% 8 930810 254480 98%
c w  4.02 184 38 3 252 4064 2775 10% 8 930810 254480 98%
c t  4.08 184 38 3 252 4064 2774 10% 8 930050 254480 98%
c e  6.22 200 38 3 252 4064   43 10% 8 231670 28399 11%
c s  6.40 200 38 3 252 4064   42 10% 8 231367 28399 11%
c e  6.61 200 38 3 252 4064   40 10% 8 231367 28296 11%
c 3  6.84 147 38 3 294 5003 3931  7% 8 231367 28296 11%
c 3  6.85 147 38 3 294 5003 4165  7% 8 231367 28296 11%
c d  6.88 147 38 3 294 5003 4101  7% 8 231367 28288 11%
c 2  6.89 147 38 3 294 5003 4085  7% 8 231367 28288 11%
c p  6.93 147 38 3 294 5003 8328  7% 8 231367 28277 11%
c -  7.01 147 37 4 325 5621 1725  6% 8 230637 28277 11%
c 
c  seconds   reductions  redundant  irredundant
c          MB    restarts       trail       variables
c           level   conflicts       glue         remaining
c 
c i  7.02 147 35 4 325 5960 1979  6% 8 230637 28246 11%
c F  7.03 147 35 4 325 6004 2022  6% 8 230637 28246 11%
c -  7.18 147 32 5 427 7665 2344  7% 8 227839 28246 11%
c i  7.23 147 31 5 475 8238 2843  7% 8 227839 28126 11%
c i  7.24 147 31 5 479 8297 2886  7% 8 227839 27977 11%
c i  7.26 147 29 5 479 8881 3378  7% 8 227839 27924 11%
c i  7.26 147 29 5 479 8887 3381  7% 8 227839 27830 11%
c }  7.26 147 29 5 479 8891 3380  7% 8 227839 27744 11%
c 0  7.26 147 29 5 479 8891 3380  7% 8 227839 27744 11%
c 
c --- [ result ] -------------------------------------------------------------
c 
s UNSATISFIABLE
c 
c --- [ run-time profiling ] -------------------------------------------------
c 
c process time taken by individual solving procedures
c (percentage relative to process time for solving)
c 
c         4.11   59.63% simplify
c         2.77   40.20% search
c         2.75   39.85% unstable
c         2.31   33.47% elim
c         0.95   13.75% vivify
c         0.64    9.34% subsume
c         0.06    0.93% ternary
c         0.04    0.64% probe
c         0.02    0.35% lucky
c   =================================
c         6.90   94.93% solve
c 
c last line shows process time for solving
c (percentage relative to total process time)
c 
c --- [ statistics ] ---------------------------------------------------------
c 
c backtracked:               23237       261.35 %  of conflicts
c chronological:              3549        15.27 %  of backtracks
c conflicts:                  8891      1289.30    per second
c decisions:                 34590      5015.95    per second
c eliminated:               226184        87.05 %  of all variables
c fixed:                      5904         2.27 %  of all variables
c learned:                    8262        92.93 %  per conflict
c minimized:                 91761        28.23 %  learned literals
c propagations:           16994317         2.46 M  per second
c reduced:                    1334        15.00 %  per conflict
c rephased:                      3      2963.67    interval
c restarts:                    479        18.56    interval
c substituted:                   8         0.00 %  of all variables
c subsumed:                   6222         0.20 %  of all clauses
c strengthened:              15204         0.49 %  of all clauses
c ternary:                    3669         0.32 %  of resolved
c vivified:                    130         0.00 %  of all clauses
c weakened:                 817790         2.85    average size
c 
c seconds are measured in process time for solving
c 
c --- [ resources ] ----------------------------------------------------------
c 
c total process time since initialization:         7.26    seconds
c total real time since initialization:            7.27    seconds
c maximum resident set size of process:          212.41    MB
c 
c --- [ shutting down ] ------------------------------------------------------
c 
c exit 20
