c --- [ banner ] -------------------------------------------------------------
c 
c CaDiCaL Radically Simplified CDCL SAT Solver
c Copyright (c) 2016-2019 Armin Biere, JKU Linz
c 
c Version 1.0.3 cb89cbfa16f47cb7bf1ec6ad9855e7b6d5203c18
c g++ (GCC) 6.3.0 -Wall -Wextra -O3 -DNDEBUG
c Fri Aug 23 08:17:16 CDT 2019 Linux login1 4.4.103-6.38-default x86_64
c 
c --- [ config ] -------------------------------------------------------------
c 
c using 'unsat' configuration (target unsatisfiable instances)
c 
c --- [ proof tracing ] ------------------------------------------------------
c 
c opening file to write '/tmp/58_802_0_four.drat'
c writing binary proof trace to '/tmp/58_802_0_four.drat'
c 
c --- [ parsing input ] ------------------------------------------------------
c 
c reading DIMACS file from '/tmp/58_802_0_four.cnf'
c opening file to read '/tmp/58_802_0_four.cnf'
c found 'p cnf 259840 1039919' header
c parsed 1039919 clauses in 0.63 seconds process time
c 
c --- [ options ] ------------------------------------------------------------
c 
c   --stabilize=false              (different from default 'true')
c   --walk=false                   (different from default 'true')
c 
c --- [ solving ] ------------------------------------------------------------
c 
c time measured in process time since initialization
c 
c  seconds   reductions  redundant   irredundant
c          MB    restarts       trail        variables
c           level   conflicts       glue           remaining
c 
c *  0.65 139  0 0   0    0    0  0% 0 1039424 254334 98%
c {  0.67 142  0 0   0    0    0  0% 0 1039424 254334 98%
c -  0.90 148 250 1  13  303  187  5% 4 928707 254334 98%
c I  1.55 148 80 1 177 1002  818  6% 9 928707 254334 98%
c -  2.13 179 62 2 200 1485 1199  7% 9 928707 254334 98%
c B  3.69 179 43 2 326 3006 2542  9% 9 928707 254334 98%
c -  4.30 180 42 3 343 3257 2222  9% 9 928707 254334 98%
c s  5.66 161 37 3 370 4065 2924  9% 9 928707 254334 98%
c w  7.55 184 37 3 370 4065 2915  9% 9 928707 253607 98%
c t  7.63 184 37 3 370 4065 2913  9% 9 927965 253607 98%
c e 10.73 203 37 3 370 4065   33  9% 9 226891 27989 11%
c s 11.02 203 37 3 370 4065   33  9% 9 226531 27989 11%
c e 11.41 203 37 3 370 4065   26  9% 9 226531 27873 11%
c 3 11.80 203 37 3 427 5001 3515  8% 9 226531 27873 11%
c 3 11.82 203 37 3 427 5001 3951  8% 9 226531 27873 11%
c d 11.88 203 37 3 427 5001 3835  8% 9 226531 27859 11%
c 2 11.91 203 37 3 427 5001 3807  8% 9 226531 27859 11%
c p 11.99 203 37 3 427 5001 6809  8% 9 226531 27859 11%
c - 12.14 147 37 4 452 5618 1567  8% 9 226531 27859 11%
c F 12.17 147 35 4 452 6007 1903  7% 8 226531 27859 11%
c 
c  seconds   reductions  redundant  irredundant
c          MB    restarts       trail       variables
c           level   conflicts       glue         remaining
c 
c i 12.24 147 34 4 456 6715 2512  7% 8 226531 27858 11%
c i 12.25 147 33 4 460 6851 2624  7% 8 226531 27821 11%
c } 12.25 147 33 4 460 6853 2624  7% 8 226531 27668 11%
c 0 12.25 147 33 4 460 6853 2624  7% 8 226531 27668 11%
c 
c --- [ result ] -------------------------------------------------------------
c 
s UNSATISFIABLE
c 
c --- [ run-time profiling ] -------------------------------------------------
c 
c process time taken by individual solving procedures
c (percentage relative to process time for solving)
c 
c         6.50   55.99% simplify
c         5.10   43.87% search
c         5.07   43.66% unstable
c         3.39   29.20% elim
c         1.73   14.91% vivify
c         1.01    8.71% subsume
c         0.10    0.86% ternary
c         0.08    0.69% probe
c         0.02    0.21% lucky
c   =================================
c        11.62   94.84% solve
c 
c last line shows process time for solving
c (percentage relative to total process time)
c 
c --- [ statistics ] ---------------------------------------------------------
c 
c backtracked:               20290       296.07 %  of conflicts
c chronological:              2687        13.24 %  of backtracks
c conflicts:                  6853       589.96    per second
c decisions:                 31693      2728.39    per second
c eliminated:               225734        86.87 %  of all variables
c fixed:                      6424         2.47 %  of all variables
c learned:                    6276        91.58 %  per conflict
c minimized:                 59342        25.68 %  learned literals
c propagations:           16564334         1.43 M  per second
c reduced:                     545         7.95 %  per conflict
c rephased:                      3      2284.33    interval
c restarts:                    460        14.90    interval
c substituted:                  14         0.01 %  of all variables
c subsumed:                   5871         0.19 %  of all clauses
c strengthened:              15536         0.51 %  of all clauses
c ternary:                    3644         0.31 %  of resolved
c vivified:                    112         0.00 %  of all clauses
c weakened:                 806331         2.85    average size
c 
c seconds are measured in process time for solving
c 
c --- [ resources ] ----------------------------------------------------------
c 
c total process time since initialization:        12.25    seconds
c total real time since initialization:           12.25    seconds
c maximum resident set size of process:          213.75    MB
c 
c --- [ shutting down ] ------------------------------------------------------
c 
c exit 20
