c --- [ banner ] -------------------------------------------------------------
c 
c CaDiCaL Radically Simplified CDCL SAT Solver
c Copyright (c) 2016-2019 Armin Biere, JKU Linz
c 
c Version 1.0.3 cb89cbfa16f47cb7bf1ec6ad9855e7b6d5203c18
c g++ (GCC) 6.3.0 -Wall -Wextra -O3 -DNDEBUG
c Fri Aug 23 08:17:16 CDT 2019 Linux login1 4.4.103-6.38-default x86_64
c 
c --- [ config ] -------------------------------------------------------------
c 
c using 'unsat' configuration (target unsatisfiable instances)
c 
c --- [ proof tracing ] ------------------------------------------------------
c 
c opening file to write '/tmp/89_314_0_six.drat'
c writing binary proof trace to '/tmp/89_314_0_six.drat'
c 
c --- [ parsing input ] ------------------------------------------------------
c 
c reading DIMACS file from '/tmp/89_314_0_six.cnf'
c opening file to read '/tmp/89_314_0_six.cnf'
c found 'p cnf 50176 399274' header
c parsed 399274 clauses in 0.14 seconds process time
c 
c --- [ options ] ------------------------------------------------------------
c 
c   --stabilize=false              (different from default 'true')
c   --walk=false                   (different from default 'true')
c 
c --- [ solving ] ------------------------------------------------------------
c 
c time measured in process time since initialization
c 
c  seconds  reductions  redundant  irredundant
c         MB    restarts       trail       variables
c          level   conflicts       glue         remaining
c 
c *  0.14 45  0 0   0    0    0  0% 0 371958 48456 97%
c {  0.14 46  0 0   0    0    0  0% 0 371958 48456 97%
c i  0.15 46 40 0   5  142  103  7% 8 371958 48392 96%
c -  0.21 49 91 1  24  306  213 10% 10 352532 48392 96%
c I  0.29 49 106 1  89 1002  663 13% 13 352532 48392 96%
c -  0.40 62 104 2  97 1236  713 12% 14 352532 48392 96%
c -  0.58 62 82 3 191 2633 1344 11% 12 352532 48392 96%
c B  0.61 62 83 3 220 3003 1638 10% 13 352532 48392 96%
c -  0.77 62 79 4 279 4489 2082 10% 12 352532 48392 96%
c i  0.80 62 80 4 287 4802 2315 11% 12 352532 48348 96%
c i  0.80 62 80 4 287 4812 2322 11% 12 352532 48255 96%
c i  0.80 62 80 4 287 4838 2334 11% 12 352532 48193 96%
c d  0.93 63 81 4 289 5000 2420 11% 12 340521 45757 91%
c 2  1.06 62 81 4 289 5000 2420 11% 12 334726 45757 91%
c p  1.24 63 81 4 289 5000 11374 11% 12 334726 45603 91%
c s  1.48 72 85 4 338 5881 12040 11% 12 334724 45603 91%
c v  1.73 72 85 4 338 5881 12040 11% 12 330908 45603 91%
c w  1.82 72 85 4 338 5881 12011 11% 12 330908 45603 91%
c t  1.86 72 85 4 338 5881 12007 11% 12 297578 45603 91%
c e  2.46 67 85 4 338 5881 5135 11% 12 274511 28058 56%
c 
c  seconds  reductions  redundant   irredundant
c         MB    restarts       trail        variables
c          level   conflicts       glue          remaining
c 
c s  2.56 72 85 4 338 5881 5110 11% 12 274510 28058 56%
c e  2.62 72 85 4 338 5881 5110 11% 12 274509 28057 56%
c F  2.76 75 84 4 342 6004 5175  5% 12 274509 28057 56%
c -  2.83 75 80 5 348 6812 1172  9% 11 274509 28057 56%
c -  3.04 76 65 6 384 9401 2448  8% 10 274509 28057 56%
c B  3.10 76 63 6 400 10005 2919  8% 10 274509 28057 56%
c -  3.38 76 58 7 499 12423 3713  9% 9 274509 28057 56%
c d  3.68 76 52 7 646 15001 5866  9% 9 274501 28056 56%
c 3  3.77 76 52 7 646 15001 23633  9% 9 274501 28056 56%
c 2  3.82 76 52 7 646 15001 23632  9% 9 274501 28056 56%
c p  3.89 76 52 7 646 15001 36038  9% 9 274501 28025 56%
c d  3.91 76 52 7 646 15001 35896  9% 9 272779 28023 56%
c d  3.93 76 52 7 646 15001 35894  9% 9 272767 28019 56%
c #  3.93 76 52 7 646 15009 35902  9% 9 272767 28019 56%
c -  4.12 76 48 8 646 15877 5219  9% 9 272767 28019 56%
c i  4.14 76 48 8 646 15964 5277  9% 9 272767 28011 56%
c i  4.24 76 45 8 646 16628 5783  9% 9 272767 27984 56%
c i  4.34 76 42 8 646 17406 6387  9% 9 272767 27976 56%
c i  4.34 76 42 8 646 17422 6397  9% 9 272767 27872 56%
c i  4.34 76 42 8 646 17427 6394  9% 9 272767 27691 55%
c 
c  seconds  reductions   redundant  irredundant
c         MB    restarts        trail       variables
c          level    conflicts       glue         remaining
c 
c i  4.34 76 42 8 646 17433 6398  9% 9 272767 27099 54%
c }  4.34 76 42 8 646 17438 6401  9% 9 272767 27006 54%
c 0  4.34 76 42 8 646 17438 6401  9% 9 272767 27006 54%
c 
c --- [ result ] -------------------------------------------------------------
c 
s UNSATISFIABLE
c 
c --- [ run-time profiling ] -------------------------------------------------
c 
c process time taken by individual solving procedures
c (percentage relative to process time for solving)
c 
c         2.29   54.37% search
c         2.28   54.28% unstable
c         1.92   45.63% simplify
c         0.65   15.49% elim
c         0.30    7.13% vivify
c         0.25    5.89% probe
c         0.21    4.94% subsume
c         0.20    4.75% ternary
c         0.00    0.10% lucky
c   =================================
c         4.21   96.87% solve
c 
c last line shows process time for solving
c (percentage relative to total process time)
c 
c --- [ statistics ] ---------------------------------------------------------
c 
c backtracked:               58617       336.15 %  of conflicts
c chronological:              6427        10.96 %  of backtracks
c conflicts:                 17438      4144.01    per second
c decisions:                 83617     19870.96    per second
c eliminated:                17540        34.96 %  of all variables
c fixed:                      3303         6.58 %  of all variables
c learned:                   15677        89.90 %  per conflict
c minimized:                200552        30.66 %  learned literals
c propagations:           12322416         2.93 M  per second
c reduced:                    4927        28.25 %  per conflict
c rephased:                      5      3487.60    interval
c restarts:                    646        26.99    interval
c substituted:                2327         4.64 %  of all variables
c subsumed:                  12234         0.88 %  of all clauses
c strengthened:               3152         0.23 %  of all clauses
c ternary:                   25513         0.89 %  of resolved
c vivified:                   4001         0.29 %  of all clauses
c weakened:                 107656         4.10    average size
c 
c seconds are measured in process time for solving
c 
c --- [ resources ] ----------------------------------------------------------
c 
c total process time since initialization:         4.34    seconds
c total real time since initialization:            4.34    seconds
c maximum resident set size of process:           75.90    MB
c 
c --- [ shutting down ] ------------------------------------------------------
c 
c exit 20
