c --- [ banner ] -------------------------------------------------------------
c 
c CaDiCaL Radically Simplified CDCL SAT Solver
c Copyright (c) 2016-2019 Armin Biere, JKU Linz
c 
c Version 1.0.3 cb89cbfa16f47cb7bf1ec6ad9855e7b6d5203c18
c g++ (GCC) 6.3.0 -Wall -Wextra -O3 -DNDEBUG
c Fri Aug 23 08:17:16 CDT 2019 Linux login1 4.4.103-6.38-default x86_64
c 
c --- [ config ] -------------------------------------------------------------
c 
c using 'unsat' configuration (target unsatisfiable instances)
c 
c --- [ proof tracing ] ------------------------------------------------------
c 
c opening file to write '/tmp/89_305_0_six.drat'
c writing binary proof trace to '/tmp/89_305_0_six.drat'
c 
c --- [ parsing input ] ------------------------------------------------------
c 
c reading DIMACS file from '/tmp/89_305_0_six.cnf'
c opening file to read '/tmp/89_305_0_six.cnf'
c found 'p cnf 50176 399274' header
c parsed 399274 clauses in 0.24 seconds process time
c 
c --- [ options ] ------------------------------------------------------------
c 
c   --stabilize=false              (different from default 'true')
c   --walk=false                   (different from default 'true')
c 
c --- [ solving ] ------------------------------------------------------------
c 
c time measured in process time since initialization
c 
c  seconds  reductions  redundant  irredundant
c         MB    restarts       trail       variables
c          level   conflicts       glue         remaining
c 
c *  0.24 45  0 0   0    0    0  0% 0 371938 48423 97%
c {  0.25 46  0 0   0    0    0  0% 0 371938 48423 97%
c -  0.31 47 73 1  31  300  179  7% 14 354275 48423 97%
c I  0.40 49 98 1  47 1003  678 11% 11 354275 48423 97%
c -  0.55 62 94 2  51 1229  800 11% 11 354275 48423 97%
c -  0.74 62 72 3 133 2623 1390 10% 11 354275 48423 97%
c B  0.78 62 65 3 133 3006 1685 10% 10 354275 48423 97%
c -  1.01 62 72 4 267 4485 2046 10% 11 354275 48423 97%
c i  1.02 62 71 4 267 4630 2152 10% 11 354275 48262 96%
c d  1.19 63 69 4 267 5000 2329 10% 11 344129 45915 92%
c 2  1.38 62 69 4 267 5000 2329 10% 11 338260 45895 91%
c p  1.54 63 69 4 267 5000 6218 10% 11 338260 45895 91%
c d  1.60 63 69 4 267 5000 6201 10% 11 337688 45894 91%
c s  1.86 72 63 4 270 5883 6863  9% 10 337681 45894 91%
c v  2.28 72 63 4 270 5883 6863  9% 10 333758 45894 91%
c w  2.38 72 63 4 270 5883 6848  9% 10 333758 45894 91%
c t  2.43 72 63 4 270 5883 6841  9% 10 302058 45894 91%
c e  3.23 67 63 4 270 5883 2978  9% 10 283419 28733 57%
c F  3.54 76 62 4 275 6007 3081  3% 10 283419 28733 57%
c -  3.62 76 55 5 276 6811 1274  3% 10 283419 28733 57%
c 
c  seconds  reductions  redundant  irredundant
c         MB    restarts       trail       variables
c          level   conflicts       glue         remaining
c 
c -  3.98 77 51 6 385 9427 2755  7% 9 283419 28733 57%
c B  4.04 77 49 6 386 10008 3254  7% 9 283419 28733 57%
c -  4.28 78 44 7 517 12477 3771  6% 9 283419 28733 57%
c d  4.59 78 41 7 626 15000 5742  6% 9 283416 28732 57%
c 3  4.71 78 41 7 626 15000 23947  6% 9 283416 28732 57%
c 2  4.79 78 41 7 626 15000 23947  6% 9 283416 28728 57%
c p  4.88 78 41 7 626 15000 25471  6% 9 283416 28723 57%
c #  4.92 78 41 7 626 15009 25479  6% 9 283416 28723 57%
c -  5.08 86 39 8 664 15963 4924  6% 9 282519 28723 57%
c s  5.59 87 37 8 915 19092 7444  7% 9 282519 28723 57%
c v  5.94 87 37 8 915 19092 7444  7% 9 265790 28723 57%
c w  6.06 87 37 8 915 19092 7346  7% 9 265790 28723 57%
c t  6.07 87 37 8 915 19092 7340  7% 9 265727 28723 57%
c e  6.22 87 37 8 915 19092 7098  7% 9 265654 28652 57%
c s  6.24 87 37 8 915 19092 6843  7% 9 265099 28652 57%
c e  6.34 87 37 8 915 19092 6799  7% 9 265000 28638 57%
c -  6.49 87 36 9 941 19884 5745  6% 9 265000 28638 57%
c B  6.61 87 36 9 988 21011 6600  6% 9 265000 28638 57%
c -  7.06 87 33 10 1080 24154 6355  7% 9 265000 28638 57%
c O  7.52 87 33 10 1310 28013 9467  7% 9 265000 28638 57%
c 
c  seconds  reductions     redundant  irredundant
c         MB     restarts         trail       variables
c          level      conflicts       glue         remaining
c 
c i  7.55 87 33 10 1310 28346 9730  7% 9 265000 28624 57%
c -  7.65 87 32 11 1310 28851 6459  7% 9 263337 28624 57%
c 3  7.95 87 32 11 1342 30007 25550  7% 9 263337 28624 57%
c 2  8.02 87 32 11 1342 30007 25545  7% 9 263332 28624 57%
c p  8.08 87 32 11 1342 30007 27786  7% 9 263332 28624 57%
c i  8.20 87 31 11 1347 30366 28085  7% 9 263332 28594 57%
c i  8.24 87 31 11 1347 30722 28367  7% 9 263332 28583 57%
c i  8.24 87 31 11 1347 30739 28381  7% 9 263332 28581 57%
c i  8.25 87 31 11 1347 30826 28454  7% 8 263332 28351 57%
c }  8.25 87 31 11 1347 30828 28454  7% 8 263332 28221 56%
c 0  8.25 87 31 11 1347 30828 28454  7% 8 263332 28221 56%
c 
c --- [ result ] -------------------------------------------------------------
c 
s UNSATISFIABLE
c 
c --- [ run-time profiling ] -------------------------------------------------
c 
c process time taken by individual solving procedures
c (percentage relative to process time for solving)
c 
c         4.49   56.07% search
c         4.48   56.02% unstable
c         3.52   43.93% simplify
c         1.03   12.89% elim
c         0.88   11.04% vivify
c         0.42    5.30% ternary
c         0.35    4.40% subsume
c         0.31    3.90% probe
c         0.00    0.05% lucky
c   =================================
c         8.00   96.99% solve
c 
c last line shows process time for solving
c (percentage relative to total process time)
c 
c --- [ statistics ] ---------------------------------------------------------
c 
c backtracked:              119163       386.54 %  of conflicts
c chronological:             11461         9.62 %  of backtracks
c conflicts:                 30828      3851.57    per second
c decisions:                128432     16045.98    per second
c eliminated:                17246        34.37 %  of all variables
c fixed:                      2361         4.71 %  of all variables
c learned:                   27815        90.23 %  per conflict
c minimized:                422864        34.23 %  learned literals
c propagations:           16203649         2.02 M  per second
c reduced:                   11753        38.12 %  per conflict
c rephased:                      7      4404.00    interval
c restarts:                   1347        22.89    interval
c substituted:                2348         4.68 %  of all variables
c subsumed:                  31329         2.17 %  of all clauses
c strengthened:               6783         0.47 %  of all clauses
c ternary:                   51617         0.91 %  of resolved
c vivified:                  21424         1.49 %  of all clauses
c weakened:                 109904         4.14    average size
c 
c seconds are measured in process time for solving
c 
c --- [ resources ] ----------------------------------------------------------
c 
c total process time since initialization:         8.25    seconds
c total real time since initialization:            8.25    seconds
c maximum resident set size of process:           86.74    MB
c 
c --- [ shutting down ] ------------------------------------------------------
c 
c exit 20
