c --- [ banner ] -------------------------------------------------------------
c 
c CaDiCaL Radically Simplified CDCL SAT Solver
c Copyright (c) 2016-2019 Armin Biere, JKU Linz
c 
c Version 1.0.3 cb89cbfa16f47cb7bf1ec6ad9855e7b6d5203c18
c g++ (GCC) 6.3.0 -Wall -Wextra -O3 -DNDEBUG
c Fri Aug 23 08:17:16 CDT 2019 Linux login1 4.4.103-6.38-default x86_64
c 
c --- [ config ] -------------------------------------------------------------
c 
c using 'unsat' configuration (target unsatisfiable instances)
c 
c --- [ proof tracing ] ------------------------------------------------------
c 
c opening file to write '/tmp/14_226_0_three.drat'
c writing binary proof trace to '/tmp/14_226_0_three.drat'
c 
c --- [ parsing input ] ------------------------------------------------------
c 
c reading DIMACS file from '/tmp/14_226_0_three.cnf'
c opening file to read '/tmp/14_226_0_three.cnf'
c found 'p cnf 39424 200382' header
c parsed 200382 clauses in 0.14 seconds process time
c 
c --- [ options ] ------------------------------------------------------------
c 
c   --stabilize=false              (different from default 'true')
c   --walk=false                   (different from default 'true')
c 
c --- [ solving ] ------------------------------------------------------------
c 
c time measured in process time since initialization
c 
c  seconds  reductions  redundant  irredundant
c         MB    restarts       trail       variables
c          level   conflicts       glue         remaining
c 
c *  0.14 26  0 0   0    0    0  0% 0 181512 38200 97%
c {  0.14 26  0 0   0    0    0  0% 0 181512 38200 97%
c -  0.18 27 48 1   7  304  225  9% 7 176726 38200 97%
c I  0.23 29 47 1  93 1007  844  7% 8 176726 38200 97%
c -  0.29 34 49 2  93 1057  769  8% 8 176726 38200 97%
c -  0.41 34 50 3 178 2183 1406  8% 8 176726 38200 97%
c B  0.47 34 49 3 227 3010 2151  8% 8 176726 38200 97%
c -  0.56 35 46 4 247 3681 2027  9% 8 176726 38200 97%
c v  0.91 36 41 4 261 4498 2725  9% 8 174248 38200 97%
c w  0.97 36 41 4 261 4498 2720  9% 8 174248 38200 97%
c t  0.99 36 41 4 261 4498 2718  9% 8 161034 38200 97%
c e  1.83 37 41 4 261 4498   46  9% 8 142298 21852 55%
c s  1.88 42 41 4 261 4498   45  9% 8 142298 21852 55%
c 3  2.08 43 40 4 285 5000 8246  4% 8 142298 21852 55%
c p  2.14 43 40 4 285 5000 8591  4% 8 142298 21852 55%
c -  2.21 43 38 5 311 5552 1094  4% 8 142298 21852 55%
c i  2.23 43 36 5 328 5997 1440  4% 8 142298 21839 55%
c F  2.23 43 36 5 328 6012 1452  4% 8 142298 21839 55%
c i  2.28 43 33 5 366 7076 2349  5% 8 142298 21764 55%
c i  2.29 43 32 5 375 7409 2618  5% 8 142298 21709 55%
c 
c  seconds  reductions  redundant  irredundant
c         MB    restarts       trail       variables
c          level   conflicts       glue         remaining
c 
c i  2.29 43 32 5 375 7412 2618  5% 8 142298 21708 55%
c i  2.29 43 32 5 375 7414 2619  5% 8 142298 21707 55%
c i  2.29 43 32 5 375 7415 2619  5% 8 142298 21640 55%
c }  2.29 43 32 5 375 7417 2619  5% 8 142298 21612 55%
c 0  2.29 43 32 5 375 7417 2619  5% 8 142298 21612 55%
c 
c --- [ result ] -------------------------------------------------------------
c 
s UNSATISFIABLE
c 
c --- [ run-time profiling ] -------------------------------------------------
c 
c process time taken by individual solving procedures
c (percentage relative to process time for solving)
c 
c         1.36   63.20% simplify
c         0.84   39.03% elim
c         0.79   36.80% search
c         0.79   36.80% unstable
c         0.18    8.55% subsume
c         0.18    8.36% vivify
c         0.07    3.16% ternary
c         0.02    0.93% probe
c   =================================
c         2.15   93.89% solve
c 
c last line shows process time for solving
c (percentage relative to total process time)
c 
c --- [ statistics ] ---------------------------------------------------------
c 
c backtracked:               17026       229.55 %  of conflicts
c chronological:              3110        18.27 %  of backtracks
c conflicts:                  7417      3446.56    per second
c decisions:                 32157     14942.84    per second
c eliminated:                16348        41.47 %  of all variables
c fixed:                      1464         3.71 %  of all variables
c learned:                    6786        91.49 %  per conflict
c minimized:                 60592        28.10 %  learned literals
c propagations:            2553753         1.19 M  per second
c reduced:                    1234        16.64 %  per conflict
c rephased:                      3      2472.33    interval
c restarts:                    375        19.78    interval
c subsumed:                   4150         0.52 %  of all clauses
c strengthened:               2052         0.26 %  of all clauses
c ternary:                   10691         0.75 %  of resolved
c vivified:                   2587         0.33 %  of all clauses
c weakened:                  64512         3.57    average size
c 
c seconds are measured in process time for solving
c 
c --- [ resources ] ----------------------------------------------------------
c 
c total process time since initialization:         2.29    seconds
c total real time since initialization:            2.29    seconds
c maximum resident set size of process:           43.69    MB
c 
c --- [ shutting down ] ------------------------------------------------------
c 
c exit 20
