c --- [ banner ] -------------------------------------------------------------
c 
c CaDiCaL Radically Simplified CDCL SAT Solver
c Copyright (c) 2016-2019 Armin Biere, JKU Linz
c 
c Version 1.0.3 cb89cbfa16f47cb7bf1ec6ad9855e7b6d5203c18
c g++ (GCC) 6.3.0 -Wall -Wextra -O3 -DNDEBUG
c Fri Aug 23 08:17:16 CDT 2019 Linux login1 4.4.103-6.38-default x86_64
c 
c --- [ config ] -------------------------------------------------------------
c 
c using 'unsat' configuration (target unsatisfiable instances)
c 
c --- [ proof tracing ] ------------------------------------------------------
c 
c opening file to write '/tmp/14_533_0_three.drat'
c writing binary proof trace to '/tmp/14_533_0_three.drat'
c 
c --- [ parsing input ] ------------------------------------------------------
c 
c reading DIMACS file from '/tmp/14_533_0_three.cnf'
c opening file to read '/tmp/14_533_0_three.cnf'
c found 'p cnf 39424 200382' header
c parsed 200382 clauses in 0.08 seconds process time
c 
c --- [ options ] ------------------------------------------------------------
c 
c   --stabilize=false              (different from default 'true')
c   --walk=false                   (different from default 'true')
c 
c --- [ solving ] ------------------------------------------------------------
c 
c time measured in process time since initialization
c 
c  seconds  reductions  redundant  irredundant
c         MB    restarts       trail       variables
c          level   conflicts       glue         remaining
c 
c *  0.08 26  0 0   0    0    0  0% 0 181510 38038 96%
c {  0.08 26  0 0   0    0    0  0% 0 181510 38038 96%
c -  0.13 28 50 1  29  301  239  7% 7 173288 38038 96%
c i  0.14 29 52 1  38  467  368  8% 8 173288 38028 96%
c i  0.17 29 41 1  61  977  785  8% 8 173288 38024 96%
c i  0.17 29 41 1  62  978  785  8% 8 173288 38000 96%
c I  0.17 29 41 1  62 1004  800  8% 8 173288 38000 96%
c i  0.17 29 40 1  62 1034  828  8% 8 173288 37976 96%
c -  0.22 33 40 2  62 1045  704  8% 8 171974 37974 96%
c i  0.26 33 37 2  74 1628 1204  8% 8 171974 37950 96%
c -  0.34 35 33 3  93 2156 1320  9% 8 171542 37950 96%
c B  0.41 35 31 3 115 3007 2056 10% 7 171542 37950 96%
c i  0.41 35 31 3 115 3015 2063 10% 7 171542 37858 96%
c i  0.43 35 28 3 121 3363 2360 10% 7 171542 37846 96%
c i  0.43 35 28 3 121 3368 2364 10% 7 171542 37051 94%
c i  0.43 35 28 3 121 3383 2374 10% 7 171542 37043 94%
c i  0.43 35 28 3 121 3384 2374 10% 7 171542 37039 94%
c }  0.43 35 28 3 121 3387 2375 10% 7 171542 36822 93%
c 0  0.43 35 28 3 121 3387 2375 10% 7 171542 36822 93%
c 
c --- [ result ] -------------------------------------------------------------
c 
s UNSATISFIABLE
c 
c --- [ run-time profiling ] -------------------------------------------------
c 
c process time taken by individual solving procedures
c (percentage relative to process time for solving)
c 
c         0.35  100.00% search
c         0.35   98.86% unstable
c         0.00    1.14% lucky
c         0.00    0.00% simplify
c   =================================
c         0.35   81.48% solve
c 
c last line shows process time for solving
c (percentage relative to total process time)
c 
c --- [ statistics ] ---------------------------------------------------------
c 
c backtracked:                4169       123.09 %  of conflicts
c chronological:              1591        38.16 %  of backtracks
c conflicts:                  3387      9622.16    per second
c decisions:                 14774     41971.59    per second
c fixed:                      2602         6.60 %  of all variables
c learned:                    3047        89.96 %  per conflict
c minimized:                 25996        26.69 %  learned literals
c propagations:            1181694         3.36 M  per second
c reduced:                     479        14.14 %  per conflict
c rephased:                      2      1693.50    interval
c restarts:                    121        27.99    interval
c subsumed:                    173         0.05 %  of all clauses
c 
c seconds are measured in process time for solving
c 
c --- [ resources ] ----------------------------------------------------------
c 
c total process time since initialization:         0.43    seconds
c total real time since initialization:            0.44    seconds
c maximum resident set size of process:           39.37    MB
c 
c --- [ shutting down ] ------------------------------------------------------
c 
c exit 20
