c --- [ banner ] -------------------------------------------------------------
c 
c CaDiCaL Radically Simplified CDCL SAT Solver
c Copyright (c) 2016-2019 Armin Biere, JKU Linz
c 
c Version 1.0.3 cb89cbfa16f47cb7bf1ec6ad9855e7b6d5203c18
c g++ (GCC) 6.3.0 -Wall -Wextra -O3 -DNDEBUG
c Fri Aug 23 08:17:16 CDT 2019 Linux login1 4.4.103-6.38-default x86_64
c 
c --- [ config ] -------------------------------------------------------------
c 
c using 'unsat' configuration (target unsatisfiable instances)
c 
c --- [ proof tracing ] ------------------------------------------------------
c 
c opening file to write '/tmp/63_487_0_three.drat'
c writing binary proof trace to '/tmp/63_487_0_three.drat'
c 
c --- [ parsing input ] ------------------------------------------------------
c 
c reading DIMACS file from '/tmp/63_487_0_three.cnf'
c opening file to read '/tmp/63_487_0_three.cnf'
c found 'p cnf 202048 780975' header
c parsed 780975 clauses in 0.32 seconds process time
c 
c --- [ options ] ------------------------------------------------------------
c 
c   --stabilize=false              (different from default 'true')
c   --walk=false                   (different from default 'true')
c 
c --- [ solving ] ------------------------------------------------------------
c 
c time measured in process time since initialization
c 
c  seconds  reductions  redundant  irredundant
c         MB    restarts       trail       variables
c          level   conflicts       glue          remaining
c 
c *  0.33 97  0 0   0    0    0  0% 0 780480 198072 98%
c {  0.34 99  0 0   0    0    0  0% 0 780480 198072 98%
c -  0.50 104 191 1  10  300  178  6% 4 702280 198072 98%
c I  1.00 109 66 1 155 1002  819  8% 7 702280 198072 98%
c -  1.46 128 55 2 203 1407 1178  8% 7 702280 198072 98%
c i  1.68 128 48 2 252 1842 1557  8% 8 702280 195689 97%
c B  2.24 128 37 2 310 3003 2601  9% 8 702280 195689 97%
c i  2.25 128 37 2 310 3049 2635  9% 8 702280 195313 97%
c -  2.44 126 36 3 310 3068 1874  9% 8 663341 195313 97%
c i  2.52 126 35 3 312 3262 2044  9% 8 663341 195171 97%
c i  2.52 126 35 3 312 3264 2045  9% 8 663341 195129 97%
c i  2.68 126 33 3 337 3525 2284  9% 8 663341 194676 96%
c i  2.68 126 33 3 337 3533 2288  9% 8 663341 193615 96%
c i  2.68 126 33 3 337 3534 2288  9% 8 663341 193565 96%
c }  2.69 126 33 3 337 3555 2305  9% 8 663341 193291 96%
c 0  2.69 126 33 3 337 3555 2305  9% 8 663341 193291 96%
c 
c --- [ result ] -------------------------------------------------------------
c 
s UNSATISFIABLE
c 
c --- [ run-time profiling ] -------------------------------------------------
c 
c process time taken by individual solving procedures
c (percentage relative to process time for solving)
c 
c         2.36   99.49% search
c         2.34   98.82% unstable
c         0.02    0.67% lucky
c         0.00    0.00% simplify
c   =================================
c         2.37   88.24% solve
c 
c last line shows process time for solving
c (percentage relative to total process time)
c 
c --- [ statistics ] ---------------------------------------------------------
c 
c backtracked:                4468       125.68 %  of conflicts
c chronological:              1544        34.56 %  of backtracks
c conflicts:                  3555      1498.74    per second
c decisions:                 18456      7780.78    per second
c fixed:                      8757         4.33 %  of all variables
c learned:                    3354        94.35 %  per conflict
c minimized:                 25880        26.49 %  learned literals
c propagations:            9436968         3.98 M  per second
c reduced:                     491        13.81 %  per conflict
c rephased:                      2      1777.50    interval
c restarts:                    337        10.55    interval
c subsumed:                    239         0.02 %  of all clauses
c 
c seconds are measured in process time for solving
c 
c --- [ resources ] ----------------------------------------------------------
c 
c total process time since initialization:         2.69    seconds
c total real time since initialization:            2.69    seconds
c maximum resident set size of process:          145.26    MB
c 
c --- [ shutting down ] ------------------------------------------------------
c 
c exit 20
