c --- [ banner ] -------------------------------------------------------------
c 
c CaDiCaL Radically Simplified CDCL SAT Solver
c Copyright (c) 2016-2019 Armin Biere, JKU Linz
c 
c Version 1.0.3 cb89cbfa16f47cb7bf1ec6ad9855e7b6d5203c18
c g++ (GCC) 6.3.0 -Wall -Wextra -O3 -DNDEBUG
c Fri Aug 23 08:17:16 CDT 2019 Linux login1 4.4.103-6.38-default x86_64
c 
c --- [ config ] -------------------------------------------------------------
c 
c using 'unsat' configuration (target unsatisfiable instances)
c 
c --- [ proof tracing ] ------------------------------------------------------
c 
c opening file to write '/tmp/63_533_0_three.drat'
c writing binary proof trace to '/tmp/63_533_0_three.drat'
c 
c --- [ parsing input ] ------------------------------------------------------
c 
c reading DIMACS file from '/tmp/63_533_0_three.cnf'
c opening file to read '/tmp/63_533_0_three.cnf'
c found 'p cnf 202048 780975' header
c parsed 780975 clauses in 0.32 seconds process time
c 
c --- [ options ] ------------------------------------------------------------
c 
c   --stabilize=false              (different from default 'true')
c   --walk=false                   (different from default 'true')
c 
c --- [ solving ] ------------------------------------------------------------
c 
c time measured in process time since initialization
c 
c  seconds  reductions  redundant  irredundant
c         MB    restarts       trail       variables
c          level   conflicts       glue          remaining
c 
c *  0.34 97  0 0   0    0    0  0% 0 780480 197750 98%
c {  0.35 99  0 0   0    0    0  0% 0 780480 197750 98%
c -  0.52 104 179 1  16  301  189  5% 5 697549 197750 98%
c i  0.84 109 75 1 105  798  642  7% 7 697549 197089 98%
c I  0.92 109 61 1 122 1009  834  7% 7 697549 197089 98%
c -  1.37 127 52 2 150 1409 1140  7% 8 687566 197089 98%
c B  2.46 127 40 2 277 3011 2604 10% 8 687566 197089 98%
c -  2.65 133 40 3 281 3064 2111 10% 8 687566 197089 98%
c s  3.79 118 39 3 383 3962 2909 10% 8 687566 197089 98%
c v  4.72 137 39 3 383 3962 2909 10% 8 687565 197089 98%
c w  4.98 137 39 3 383 3962 2907 10% 8 687565 197089 98%
c t  5.03 137 39 3 383 3962 2907 10% 8 687081 197089 98%
c e  6.75 147 39 3 383 3962   22 10% 8 168803 25739 13%
c s  6.91 152 39 3 383 3962   22 10% 8 168695 25739 13%
c e  7.10 152 39 3 383 3962   22 10% 8 168671 25715 13%
c 3  7.41 152 36 3 462 5000 2954  5% 8 168671 25715 13%
c 3  7.42 152 36 3 462 5000 3332  5% 8 168671 25715 13%
c d  7.46 152 36 3 462 5000 3222  5% 8 168671 25702 13%
c 2  7.48 152 36 3 462 5000 3196  5% 8 168671 25702 13%
c p  7.53 152 36 3 462 5000 4894  5% 8 168671 25702 13%
c 
c  seconds   reductions  redundant  irredundant
c          MB    restarts       trail       variables
c           level   conflicts       glue         remaining
c 
c -  7.62 152 35 4 491 5272 1410  6% 8 168671 25702 13%
c F  7.73 152 34 4 528 6012 2092  7% 8 168671 25702 13%
c -  7.90 152 31 5 550 7112 2290  9% 8 168671 25702 13%
c i  7.91 152 31 5 577 7221 2389  8% 8 168671 25672 13%
c i  7.93 152 31 5 585 7333 2490  8% 8 168671 25610 13%
c i  7.93 152 31 5 586 7338 2494  8% 8 168671 25587 13%
c i  7.93 152 31 5 586 7339 2494  8% 8 168671 25548 13%
c i  7.93 152 31 5 586 7341 2495  8% 8 168671 25504 13%
c i  8.13 152 31 5 665 8900 3904  9% 8 168671 25494 13%
c -  8.24 152 30 6 675 9320 2663  9% 8 159344 25494 13%
c B  8.35 152 29 6 688 10014 3270  9% 8 159344 25494 13%
c i  8.40 152 29 6 691 10389 3572  9% 8 159344 25425 13%
c i  8.40 152 29 6 691 10406 3584  9% 8 159344 25359 13%
c i  8.40 152 29 6 691 10411 3586  9% 8 159344 25011 12%
c i  8.44 152 28 6 691 10747 3887 10% 8 159344 23921 12%
c i  8.45 152 28 6 691 10748 3887 10% 8 159344 23891 12%
c i  8.46 152 28 6 691 10795 3931 10% 8 159344 23679 12%
c i  8.46 152 28 6 691 10798 3933 10% 8 159344 23596 12%
c }  8.46 152 28 6 691 10803 3935 10% 8 159344 23544 12%
c 0  8.46 152 28 6 691 10803 3935 10% 8 159344 23544 12%
c 
c --- [ result ] -------------------------------------------------------------
c 
s UNSATISFIABLE
c 
c --- [ run-time profiling ] -------------------------------------------------
c 
c process time taken by individual solving procedures
c (percentage relative to process time for solving)
c 
c         4.32   53.15% search
c         4.31   52.95% unstable
c         3.80   46.66% simplify
c         1.86   22.86% elim
c         1.09   13.37% vivify
c         0.60    7.37% subsume
c         0.07    0.84% ternary
c         0.06    0.69% probe
c         0.02    0.20% lucky
c   =================================
c         8.14   96.22% solve
c 
c last line shows process time for solving
c (percentage relative to total process time)
c 
c --- [ statistics ] ---------------------------------------------------------
c 
c backtracked:               24636       228.05 %  of conflicts
c chronological:              4674        18.97 %  of backtracks
c conflicts:                 10803      1327.80    per second
c decisions:                 44485      5467.67    per second
c eliminated:               171374        84.82 %  of all variables
c fixed:                      7117         3.52 %  of all variables
c learned:                   10286        95.21 %  per conflict
c minimized:                 82142        26.55 %  learned literals
c propagations:           16860247         2.07 M  per second
c reduced:                    2023        18.73 %  per conflict
c rephased:                      4      2700.75    interval
c restarts:                    691        15.63    interval
c substituted:                  13         0.01 %  of all variables
c subsumed:                   4150         0.18 %  of all clauses
c strengthened:              10065         0.44 %  of all clauses
c ternary:                    2747         0.30 %  of resolved
c vivified:                    107         0.00 %  of all clauses
c weakened:                 605696         2.84    average size
c 
c seconds are measured in process time for solving
c 
c --- [ resources ] ----------------------------------------------------------
c 
c total process time since initialization:         8.46    seconds
c total real time since initialization:            8.46    seconds
c maximum resident set size of process:          157.66    MB
c 
c --- [ shutting down ] ------------------------------------------------------
c 
c exit 20
