c --- [ banner ] -------------------------------------------------------------
c 
c CaDiCaL Radically Simplified CDCL SAT Solver
c Copyright (c) 2016-2019 Armin Biere, JKU Linz
c 
c Version 1.0.3 cb89cbfa16f47cb7bf1ec6ad9855e7b6d5203c18
c g++ (GCC) 6.3.0 -Wall -Wextra -O3 -DNDEBUG
c Fri Aug 23 08:17:16 CDT 2019 Linux login1 4.4.103-6.38-default x86_64
c 
c --- [ config ] -------------------------------------------------------------
c 
c using 'unsat' configuration (target unsatisfiable instances)
c 
c --- [ proof tracing ] ------------------------------------------------------
c 
c opening file to write '/tmp/66_113_0_four.drat'
c writing binary proof trace to '/tmp/66_113_0_four.drat'
c 
c --- [ parsing input ] ------------------------------------------------------
c 
c reading DIMACS file from '/tmp/66_113_0_four.cnf'
c opening file to read '/tmp/66_113_0_four.cnf'
c found 'p cnf 43008 265785' header
c parsed 265785 clauses in 0.10 seconds process time
c 
c --- [ options ] ------------------------------------------------------------
c 
c   --stabilize=false              (different from default 'true')
c   --walk=false                   (different from default 'true')
c 
c --- [ solving ] ------------------------------------------------------------
c 
c time measured in process time since initialization
c 
c  seconds  reductions  redundant  irredundant
c         MB    restarts       trail       variables
c          level   conflicts       glue         remaining
c 
c *  0.10 31  0 0   0    0    0  0% 0 241973 41618 97%
c {  0.10 31  0 0   0    0    0  0% 0 241973 41618 97%
c -  0.15 33 65 1  20  304  215 13% 10 235388 41618 97%
c I  0.20 34 70 1  51 1002  746 11% 10 235388 41618 97%
c -  0.27 42 70 2  68 1129  733 11% 10 235388 41618 97%
c -  0.42 43 58 3 139 2363 1325 10% 10 235388 41618 97%
c B  0.47 43 58 3 169 3003 1852 11% 10 235388 41618 97%
c -  0.60 43 60 4 230 4009 1961 11% 10 235388 41618 97%
c d  0.74 43 58 4 251 5000 2732 11% 10 232220 40034 93%
c 2  0.85 44 58 4 251 5000 2732 11% 10 229844 40034 93%
c p  0.93 47 58 4 251 5000 5444 11% 10 229844 40034 93%
c s  1.07 40 59 4 251 5082 5511 11% 10 229844 40034 93%
c v  1.26 49 59 4 251 5082 5511 11% 10 225848 40034 93%
c w  1.33 49 59 4 251 5082 5511 11% 10 225848 40034 93%
c t  1.36 49 59 4 251 5082 5511 11% 10 208208 40034 93%
c e  1.78 50 59 4 251 5082 2203 11% 10 192422 24659 57%
c s  1.84 53 59 4 251 5082 2203 11% 10 192422 24659 57%
c F  1.98 56 58 4 309 6004 2976  6% 10 192422 24659 57%
c -  2.01 56 58 5 309 6068 1221  6% 10 192422 24659 57%
c -  2.17 56 48 6 372 8379 2558  6% 9 192422 24659 57%
c 
c  seconds  reductions  redundant  irredundant
c         MB    restarts       trail       variables
c          level   conflicts       glue         remaining
c 
c i  2.27 56 45 6 435 9913 3864  6% 9 192422 24655 57%
c B  2.27 56 44 6 435 10008 3947  6% 9 192422 24655 57%
c -  2.36 57 42 7 504 11078 3393  6% 9 191955 24655 57%
c -  2.60 57 37 8 629 14157 4432  6% 9 191955 24655 57%
c 3  2.74 57 36 8 671 15001 17599  6% 9 191955 24655 57%
c 2  2.78 57 36 8 671 15001 17595  6% 9 191955 24655 57%
c p  2.82 57 36 8 671 15001 20405  6% 9 191955 24643 57%
c #  2.84 57 36 8 671 15010 20411  6% 9 191955 24643 57%
c i  2.98 57 34 8 743 16709 21863  6% 9 191955 24618 57%
c i  3.01 57 34 8 750 16884 22015  7% 9 191955 24531 57%
c s  3.08 57 34 8 750 16939 16334  7% 9 191447 24529 57%
c v  3.24 57 34 8 750 16939 16334  7% 9 179393 24529 57%
c w  3.30 57 34 8 750 16939 14481  7% 9 179393 24468 57%
c t  3.31 57 34 8 750 16939 14469  7% 9 179089 24468 57%
c e  3.44 58 34 8 750 16939 10612  7% 9 168237 23304 54%
c s  3.49 58 34 8 750 16939 10524  7% 9 167994 23304 54%
c e  3.56 58 34 8 750 16939 10504  7% 9 167977 23297 54%
c -  3.67 58 34 9 801 17621 4817  7% 9 167977 23297 54%
c i  3.77 58 34 9 823 18807 5812  7% 8 167977 23283 54%
c B  4.00 58 32 9 894 21011 7781  8% 8 167977 23283 54%
c 
c  seconds  reductions    redundant  irredundant
c         MB     restarts        trail       variables
c          level     conflicts       glue         remaining
c 
c -  4.07 58 32 10 924 21299 4988  8% 8 167374 23283 54%
c i  4.52 58 30 10 1139 24229 7589  9% 8 167374 23172 54%
c i  4.65 58 30 10 1154 25028 8314  9% 8 167374 23157 54%
c -  4.73 58 29 11 1154 25338 5371  9% 8 159843 23157 54%
c i  4.74 58 29 11 1154 25455 5467  9% 8 159843 23140 54%
c i  4.79 58 29 11 1154 25761 5741  9% 8 159843 23139 54%
c O  5.08 58 27 11 1219 28012 7664 10% 8 159843 23139 54%
c i  5.09 58 27 11 1219 28028 7675 10% 8 159843 23089 54%
c i  5.10 58 27 11 1223 28087 7728 10% 8 159843 23034 54%
c i  5.10 58 27 11 1223 28094 7733 10% 8 159843 22978 53%
c i  5.12 58 27 11 1223 28196 7808 10% 8 159843 22890 53%
c }  5.14 58 26 11 1223 28413 7954 10% 8 159843 22885 53%
c 0  5.14 58 26 11 1223 28413 7954 10% 8 159843 22885 53%
c 
c --- [ result ] -------------------------------------------------------------
c 
s UNSATISFIABLE
c 
c --- [ run-time profiling ] -------------------------------------------------
c 
c process time taken by individual solving procedures
c (percentage relative to process time for solving)
c 
c         3.24   64.31% search
c         3.24   64.31% unstable
c         1.80   35.69% simplify
c         0.62   12.29% elim
c         0.43    8.56% vivify
c         0.26    5.08% subsume
c         0.16    3.09% ternary
c         0.12    2.46% probe
c   =================================
c         5.04   98.06% solve
c 
c last line shows process time for solving
c (percentage relative to total process time)
c 
c --- [ statistics ] ---------------------------------------------------------
c 
c backtracked:               92689       326.22 %  of conflicts
c chronological:             11169        12.05 %  of backtracks
c conflicts:                 28413      5633.03    per second
c decisions:                101919     20205.99    per second
c eliminated:                16546        38.47 %  of all variables
c fixed:                      1993         4.63 %  of all variables
c learned:                   26355        92.76 %  per conflict
c minimized:                345865        33.99 %  learned literals
c propagations:           15627564         3.10 M  per second
c reduced:                    9035        31.80 %  per conflict
c rephased:                      7      4059.00    interval
c restarts:                   1223        23.23    interval
c substituted:                1584         3.68 %  of all variables
c subsumed:                  27598         2.93 %  of all clauses
c strengthened:               7886         0.84 %  of all clauses
c ternary:                   17853         0.89 %  of resolved
c vivified:                  16711         1.77 %  of all clauses
c weakened:                  83680         4.08    average size
c 
c seconds are measured in process time for solving
c 
c --- [ resources ] ----------------------------------------------------------
c 
c total process time since initialization:         5.14    seconds
c total real time since initialization:            5.15    seconds
c maximum resident set size of process:           57.75    MB
c 
c --- [ shutting down ] ------------------------------------------------------
c 
c exit 20
