c --- [ banner ] -------------------------------------------------------------
c 
c CaDiCaL Radically Simplified CDCL SAT Solver
c Copyright (c) 2016-2019 Armin Biere, JKU Linz
c 
c Version 1.0.3 cb89cbfa16f47cb7bf1ec6ad9855e7b6d5203c18
c g++ (GCC) 6.3.0 -Wall -Wextra -O3 -DNDEBUG
c Fri Aug 23 08:17:16 CDT 2019 Linux login1 4.4.103-6.38-default x86_64
c 
c --- [ config ] -------------------------------------------------------------
c 
c using 'unsat' configuration (target unsatisfiable instances)
c 
c --- [ proof tracing ] ------------------------------------------------------
c 
c opening file to write '/tmp/66_427_0_four.drat'
c writing binary proof trace to '/tmp/66_427_0_four.drat'
c 
c --- [ parsing input ] ------------------------------------------------------
c 
c reading DIMACS file from '/tmp/66_427_0_four.cnf'
c opening file to read '/tmp/66_427_0_four.cnf'
c found 'p cnf 43008 265785' header
c parsed 265785 clauses in 0.10 seconds process time
c 
c --- [ options ] ------------------------------------------------------------
c 
c   --stabilize=false              (different from default 'true')
c   --walk=false                   (different from default 'true')
c 
c --- [ solving ] ------------------------------------------------------------
c 
c time measured in process time since initialization
c 
c  seconds  reductions  redundant  irredundant
c         MB    restarts       trail       variables
c          level   conflicts       glue         remaining
c 
c *  0.10 31  0 0   0    0    0  0% 0 241973 41459 96%
c {  0.10 31  0 0   0    0    0  0% 0 241973 41459 96%
c -  0.14 33 57 1  29  308  232  8% 8 231361 41459 96%
c I  0.19 34 57 1 108 1006  784  9% 9 231361 41459 96%
c i  0.19 34 57 1 108 1007  784  9% 9 231361 41385 96%
c -  0.26 42 54 2 114 1143  772  9% 9 229465 41385 96%
c -  0.42 42 44 3 176 2372 1369 10% 9 229465 41385 96%
c B  0.48 42 43 3 253 3013 1915 10% 9 229465 41385 96%
c }  0.49 42 41 3 253 3191 2055 10% 8 229465 41352 96%
c 0  0.49 42 41 3 253 3191 2055 10% 8 229465 41352 96%
c 
c --- [ result ] -------------------------------------------------------------
c 
s UNSATISFIABLE
c 
c --- [ run-time profiling ] -------------------------------------------------
c 
c process time taken by individual solving procedures
c (percentage relative to process time for solving)
c 
c         0.39  100.00% search
c         0.38   98.97% unstable
c         0.00    1.03% lucky
c         0.00    0.00% simplify
c   =================================
c         0.39   79.51% solve
c 
c last line shows process time for solving
c (percentage relative to total process time)
c 
c --- [ statistics ] ---------------------------------------------------------
c 
c backtracked:                3949       123.75 %  of conflicts
c chronological:              1364        34.54 %  of backtracks
c conflicts:                  3191      8224.23    per second
c decisions:                 21277     54837.63    per second
c fixed:                      1656         3.85 %  of all variables
c learned:                    2782        87.18 %  per conflict
c minimized:                 24454        25.32 %  learned literals
c propagations:            1528521         3.94 M  per second
c reduced:                     520        16.30 %  per conflict
c rephased:                      2      1595.50    interval
c restarts:                    253        12.61    interval
c subsumed:                    205         0.04 %  of all clauses
c 
c seconds are measured in process time for solving
c 
c --- [ resources ] ----------------------------------------------------------
c 
c total process time since initialization:         0.49    seconds
c total real time since initialization:            0.49    seconds
c maximum resident set size of process:           48.05    MB
c 
c --- [ shutting down ] ------------------------------------------------------
c 
c exit 20
