c --- [ banner ] -------------------------------------------------------------
c 
c CaDiCaL Radically Simplified CDCL SAT Solver
c Copyright (c) 2016-2019 Armin Biere, JKU Linz
c 
c Version 1.0.3 cb89cbfa16f47cb7bf1ec6ad9855e7b6d5203c18
c g++ (GCC) 6.3.0 -Wall -Wextra -O3 -DNDEBUG
c Fri Aug 23 08:17:16 CDT 2019 Linux login1 4.4.103-6.38-default x86_64
c 
c --- [ config ] -------------------------------------------------------------
c 
c using 'unsat' configuration (target unsatisfiable instances)
c 
c --- [ proof tracing ] ------------------------------------------------------
c 
c opening file to write '/tmp/66_76_0_four.drat'
c writing binary proof trace to '/tmp/66_76_0_four.drat'
c 
c --- [ parsing input ] ------------------------------------------------------
c 
c reading DIMACS file from '/tmp/66_76_0_four.cnf'
c opening file to read '/tmp/66_76_0_four.cnf'
c found 'p cnf 43008 265785' header
c parsed 265785 clauses in 0.12 seconds process time
c 
c --- [ options ] ------------------------------------------------------------
c 
c   --stabilize=false              (different from default 'true')
c   --walk=false                   (different from default 'true')
c 
c --- [ solving ] ------------------------------------------------------------
c 
c time measured in process time since initialization
c 
c  seconds  reductions  redundant  irredundant
c         MB    restarts       trail       variables
c          level   conflicts       glue         remaining
c 
c *  0.12 31  0 0   0    0    0  0% 0 241970 41473 96%
c {  0.12 31  0 0   0    0    0  0% 0 241970 41473 96%
c i  0.13 33 53 0   2  216  150  8% 8 241970 41303 96%
c -  0.17 33 62 1   6  302  184  9% 8 227907 41303 96%
c i  0.17 33 64 1  10  324  202  9% 9 227907 41234 96%
c I  0.24 34 60 1  74 1004  703 10% 9 227907 41234 96%
c -  0.32 42 59 2 100 1116  715 10% 10 226582 41234 96%
c i  0.34 42 65 2 111 1246  832 10% 10 226582 41202 96%
c -  0.48 42 49 3 131 2335 1266 11% 9 226008 41202 96%
c i  0.49 42 48 3 139 2488 1371 11% 9 226008 41047 95%
c B  0.52 42 44 3 152 3005 1782 11% 9 226008 41047 95%
c i  0.52 42 44 3 152 3050 1811 11% 9 226008 40919 95%
c i  0.53 42 44 3 152 3117 1861 11% 9 226008 40539 94%
c }  0.53 42 43 3 152 3121 1861 11% 9 226008 40201 93%
c 0  0.53 42 43 3 152 3121 1861 11% 9 226008 40201 93%
c 
c --- [ result ] -------------------------------------------------------------
c 
s UNSATISFIABLE
c 
c --- [ run-time profiling ] -------------------------------------------------
c 
c process time taken by individual solving procedures
c (percentage relative to process time for solving)
c 
c         0.42  100.00% search
c         0.41   99.04% unstable
c         0.00    0.96% lucky
c         0.00    0.00% simplify
c   =================================
c         0.42   78.20% solve
c 
c last line shows process time for solving
c (percentage relative to total process time)
c 
c --- [ statistics ] ---------------------------------------------------------
c 
c backtracked:                3740       119.83 %  of conflicts
c chronological:              1290        34.49 %  of backtracks
c conflicts:                  3121      7502.40    per second
c decisions:                 15581     37454.33    per second
c fixed:                      2807         6.53 %  of all variables
c learned:                    2600        83.31 %  per conflict
c minimized:                 25576        23.96 %  learned literals
c propagations:            1282870         3.08 M  per second
c reduced:                     505        16.18 %  per conflict
c rephased:                      2      1560.50    interval
c restarts:                    152        20.53    interval
c subsumed:                    168         0.03 %  of all clauses
c 
c seconds are measured in process time for solving
c 
c --- [ resources ] ----------------------------------------------------------
c 
c total process time since initialization:         0.53    seconds
c total real time since initialization:            0.53    seconds
c maximum resident set size of process:           47.66    MB
c 
c --- [ shutting down ] ------------------------------------------------------
c 
c exit 20
