c --- [ banner ] -------------------------------------------------------------
c 
c CaDiCaL Radically Simplified CDCL SAT Solver
c Copyright (c) 2016-2019 Armin Biere, JKU Linz
c 
c Version 1.0.3 cb89cbfa16f47cb7bf1ec6ad9855e7b6d5203c18
c g++ (GCC) 6.3.0 -Wall -Wextra -O3 -DNDEBUG
c Fri Aug 23 08:17:16 CDT 2019 Linux login1 4.4.103-6.38-default x86_64
c 
c --- [ config ] -------------------------------------------------------------
c 
c using 'unsat' configuration (target unsatisfiable instances)
c 
c --- [ proof tracing ] ------------------------------------------------------
c 
c opening file to write '/tmp/52_310_0_three.drat'
c writing binary proof trace to '/tmp/52_310_0_three.drat'
c 
c --- [ parsing input ] ------------------------------------------------------
c 
c reading DIMACS file from '/tmp/52_310_0_three.cnf'
c opening file to read '/tmp/52_310_0_three.cnf'
c found 'p cnf 39424 200382' header
c parsed 200382 clauses in 0.08 seconds process time
c 
c --- [ options ] ------------------------------------------------------------
c 
c   --stabilize=false              (different from default 'true')
c   --walk=false                   (different from default 'true')
c 
c --- [ solving ] ------------------------------------------------------------
c 
c time measured in process time since initialization
c 
c  seconds  reductions  redundant  irredundant
c         MB    restarts       trail       variables
c          level   conflicts       glue         remaining
c 
c *  0.08 26  0 0   0    0    0  0% 0 181508 38077 97%
c {  0.08 26  0 0   0    0    0  0% 0 181508 38077 97%
c -  0.11 27 50 1  10  300  221  9% 7 174143 38077 97%
c I  0.15 29 39 1  33 1008  813 10% 7 174143 38077 97%
c -  0.19 34 38 2  33 1045  738 10% 7 174143 38077 97%
c -  0.30 34 32 3 102 2168 1377 10% 7 174143 38077 97%
c i  0.31 34 29 3 102 2355 1536 10% 7 174143 38027 96%
c }  0.32 34 28 3 102 2446 1612 10% 7 174143 38018 96%
c 0  0.32 34 28 3 102 2446 1612 10% 7 174143 38018 96%
c 
c --- [ result ] -------------------------------------------------------------
c 
s UNSATISFIABLE
c 
c --- [ run-time profiling ] -------------------------------------------------
c 
c process time taken by individual solving procedures
c (percentage relative to process time for solving)
c 
c         0.24  100.00% search
c         0.24   98.33% unstable
c         0.00    1.67% lucky
c         0.00    0.00% simplify
c   =================================
c         0.24   75.95% solve
c 
c last line shows process time for solving
c (percentage relative to total process time)
c 
c --- [ statistics ] ---------------------------------------------------------
c 
c backtracked:                3023       123.59 %  of conflicts
c chronological:              1162        38.44 %  of backtracks
c conflicts:                  2446     10191.67    per second
c decisions:                 10270     42791.67    per second
c fixed:                      1406         3.57 %  of all variables
c learned:                    2200        89.94 %  per conflict
c minimized:                 18078        26.53 %  learned literals
c propagations:             946653         3.94 M  per second
c reduced:                     452        18.48 %  per conflict
c rephased:                      1      2446.00    interval
c restarts:                    102        23.98    interval
c subsumed:                    134         0.04 %  of all clauses
c 
c seconds are measured in process time for solving
c 
c --- [ resources ] ----------------------------------------------------------
c 
c total process time since initialization:         0.32    seconds
c total real time since initialization:            0.32    seconds
c maximum resident set size of process:           38.58    MB
c 
c --- [ shutting down ] ------------------------------------------------------
c 
c exit 20
