c --- [ banner ] -------------------------------------------------------------
c 
c CaDiCaL Radically Simplified CDCL SAT Solver
c Copyright (c) 2016-2019 Armin Biere, JKU Linz
c 
c Version 1.0.3 cb89cbfa16f47cb7bf1ec6ad9855e7b6d5203c18
c g++ (GCC) 6.3.0 -Wall -Wextra -O3 -DNDEBUG
c Fri Aug 23 08:17:16 CDT 2019 Linux login1 4.4.103-6.38-default x86_64
c 
c --- [ config ] -------------------------------------------------------------
c 
c using 'unsat' configuration (target unsatisfiable instances)
c 
c --- [ proof tracing ] ------------------------------------------------------
c 
c opening file to write '/tmp/23_554_0_three.drat'
c writing binary proof trace to '/tmp/23_554_0_three.drat'
c 
c --- [ parsing input ] ------------------------------------------------------
c 
c reading DIMACS file from '/tmp/23_554_0_three.cnf'
c opening file to read '/tmp/23_554_0_three.cnf'
c found 'p cnf 202048 780980' header
c parsed 780980 clauses in 0.33 seconds process time
c 
c --- [ options ] ------------------------------------------------------------
c 
c   --stabilize=false              (different from default 'true')
c   --walk=false                   (different from default 'true')
c 
c --- [ solving ] ------------------------------------------------------------
c 
c time measured in process time since initialization
c 
c  seconds  reductions  redundant  irredundant
c         MB    restarts       trail       variables
c          level   conflicts       glue          remaining
c 
c *  0.34 97  0 0   0    0    0  0% 0 780480 196813 97%
c {  0.36 99  0 0   0    0    0  0% 0 780480 196813 97%
c -  0.54 104 238 1  12  300  175  6% 4 684893 196813 97%
c I  1.02 109 67 1 148 1002  821  7% 8 684893 196813 97%
c -  1.45 127 54 2 180 1401 1167  8% 8 684893 196813 97%
c i  1.53 127 50 2 192 1527 1284  8% 8 684893 196611 97%
c i  1.53 127 50 2 192 1532 1288  8% 8 684893 196155 97%
c i  1.56 127 48 2 192 1640 1377  8% 8 684893 195651 97%
c }  1.57 127 47 2 192 1657 1390  8% 7 684893 193628 96%
c 0  1.57 127 47 2 192 1657 1390  8% 7 684893 193628 96%
c 
c --- [ result ] -------------------------------------------------------------
c 
s UNSATISFIABLE
c 
c --- [ run-time profiling ] -------------------------------------------------
c 
c process time taken by individual solving procedures
c (percentage relative to process time for solving)
c 
c         1.23   98.71% search
c         1.21   97.43% unstable
c         0.02    1.29% lucky
c         0.00    0.00% simplify
c   =================================
c         1.24   79.13% solve
c 
c last line shows process time for solving
c (percentage relative to total process time)
c 
c --- [ statistics ] ---------------------------------------------------------
c 
c backtracked:                2151       129.81 %  of conflicts
c chronological:               783        36.40 %  of backtracks
c conflicts:                  1657      1331.99    per second
c decisions:                  9926      7979.10    per second
c fixed:                      8420         4.17 %  of all variables
c learned:                    1558        94.03 %  per conflict
c minimized:                  7750        20.63 %  learned literals
c propagations:            3676956         2.96 M  per second
c reduced:                      18         1.09 %  per conflict
c rephased:                      1      1657.00    interval
c restarts:                    192         8.63    interval
c subsumed:                    146         0.01 %  of all clauses
c 
c seconds are measured in process time for solving
c 
c --- [ resources ] ----------------------------------------------------------
c 
c total process time since initialization:         1.57    seconds
c total real time since initialization:            1.57    seconds
c maximum resident set size of process:          126.59    MB
c 
c --- [ shutting down ] ------------------------------------------------------
c 
c exit 20
