c --- [ banner ] -------------------------------------------------------------
c 
c CaDiCaL Radically Simplified CDCL SAT Solver
c Copyright (c) 2016-2019 Armin Biere, JKU Linz
c 
c Version 1.0.3 cb89cbfa16f47cb7bf1ec6ad9855e7b6d5203c18
c g++ (GCC) 6.3.0 -Wall -Wextra -O3 -DNDEBUG
c Fri Aug 23 08:17:16 CDT 2019 Linux login1 4.4.103-6.38-default x86_64
c 
c --- [ config ] -------------------------------------------------------------
c 
c using 'unsat' configuration (target unsatisfiable instances)
c 
c --- [ proof tracing ] ------------------------------------------------------
c 
c opening file to write '/tmp/48_171_0_four.drat'
c writing binary proof trace to '/tmp/48_171_0_four.drat'
c 
c --- [ parsing input ] ------------------------------------------------------
c 
c reading DIMACS file from '/tmp/48_171_0_four.cnf'
c opening file to read '/tmp/48_171_0_four.cnf'
c found 'p cnf 259840 1039924' header
c parsed 1039924 clauses in 0.45 seconds process time
c 
c --- [ options ] ------------------------------------------------------------
c 
c   --stabilize=false              (different from default 'true')
c   --walk=false                   (different from default 'true')
c 
c --- [ solving ] ------------------------------------------------------------
c 
c time measured in process time since initialization
c 
c  seconds   reductions  redundant   irredundant
c          MB    restarts       trail        variables
c           level   conflicts       glue           remaining
c 
c *  0.47 139  0 0   0    0    0  0% 0 1039424 253455 98%
c {  0.50 142  0 0   0    0    0  0% 0 1039424 253455 98%
c -  0.78 149 103 1  40  300  223  5% 7 916069 253455 98%
c I  1.20 149 48 1 141 1002  858  6% 8 916069 253455 98%
c -  1.80 179 43 2 189 1477 1194  7% 9 916069 253455 98%
c B  2.64 180 35 2 281 3005 2538  9% 9 916069 253455 98%
c -  3.00 180 34 3 287 3245 2166  9% 9 916069 253455 98%
c i  3.12 180 33 3 296 3348 2255  9% 9 916069 252026 97%
c i  3.14 180 33 3 296 3372 2273  9% 9 916069 251916 97%
c i  3.19 180 33 3 296 3431 2315  9% 8 916069 251000 97%
c s  4.09 161 28 3 302 4072 2873  9% 8 916069 251000 97%
c v  5.27 184 28 3 302 4072 2873  9% 8 915961 251000 97%
c w  5.59 184 28 3 302 4072 2819  9% 8 915961 251000 97%
c t  5.66 184 28 3 302 4072 2819  9% 8 915332 251000 97%
c e  8.24 203 28 3 302 4072   35  9% 8 215520 27130 10%
c s  8.47 203 28 3 302 4072   33  9% 8 215273 27130 10%
c e  8.75 203 28 3 302 4072   27  9% 8 215273 27069 10%
c i  8.95 147 28 3 359 4364  290  5% 8 215273 27066 10%
c i  8.95 147 28 3 359 4391  292  4% 8 215273 26981 10%
c i  8.95 147 28 3 359 4392  292  4% 8 215273 26978 10%
c 
c  seconds   reductions  redundant  irredundant
c          MB    restarts       trail       variables
c           level   conflicts       glue         remaining
c 
c }  8.95 147 28 3 359 4394  292  4% 8 215273 26833 10%
c 0  8.95 147 28 3 359 4394  292  4% 8 215273 26833 10%
c 
c --- [ result ] -------------------------------------------------------------
c 
s UNSATISFIABLE
c 
c --- [ run-time profiling ] -------------------------------------------------
c 
c process time taken by individual solving procedures
c (percentage relative to process time for solving)
c 
c         4.97   58.47% simplify
c         3.51   41.29% search
c         3.48   41.01% unstable
c         2.79   32.82% elim
c         1.36   16.05% vivify
c         0.75    8.85% subsume
c         0.02    0.28% lucky
c   =================================
c         8.50   94.95% solve
c 
c last line shows process time for solving
c (percentage relative to total process time)
c 
c --- [ statistics ] ---------------------------------------------------------
c 
c backtracked:                9800       223.03 %  of conflicts
c chronological:              1685        17.19 %  of backtracks
c conflicts:                  4394       517.18    per second
c decisions:                 20650      2430.56    per second
c eliminated:               223931        86.18 %  of all variables
c fixed:                      9076         3.49 %  of all variables
c learned:                    4071        92.65 %  per conflict
c minimized:                 44330        27.06 %  learned literals
c propagations:           13934353         1.64 M  per second
c reduced:                     653        14.86 %  per conflict
c rephased:                      2      2197.00    interval
c restarts:                    359        12.24    interval
c subsumed:                   5459         0.18 %  of all clauses
c strengthened:              14348         0.48 %  of all clauses
c vivified:                    123         0.00 %  of all clauses
c weakened:                 773145         2.84    average size
c 
c seconds are measured in process time for solving
c 
c --- [ resources ] ----------------------------------------------------------
c 
c total process time since initialization:         8.95    seconds
c total real time since initialization:            8.95    seconds
c maximum resident set size of process:          212.86    MB
c 
c --- [ shutting down ] ------------------------------------------------------
c 
c exit 20
