c --- [ banner ] -------------------------------------------------------------
c 
c CaDiCaL Radically Simplified CDCL SAT Solver
c Copyright (c) 2016-2019 Armin Biere, JKU Linz
c 
c Version 1.0.3 cb89cbfa16f47cb7bf1ec6ad9855e7b6d5203c18
c g++ (GCC) 6.3.0 -Wall -Wextra -O3 -DNDEBUG
c Fri Aug 23 08:17:16 CDT 2019 Linux login1 4.4.103-6.38-default x86_64
c 
c --- [ config ] -------------------------------------------------------------
c 
c using 'unsat' configuration (target unsatisfiable instances)
c 
c --- [ proof tracing ] ------------------------------------------------------
c 
c opening file to write '/tmp/48_330_0_four.drat'
c writing binary proof trace to '/tmp/48_330_0_four.drat'
c 
c --- [ parsing input ] ------------------------------------------------------
c 
c reading DIMACS file from '/tmp/48_330_0_four.cnf'
c opening file to read '/tmp/48_330_0_four.cnf'
c found 'p cnf 259840 1039924' header
c parsed 1039924 clauses in 0.35 seconds process time
c 
c --- [ options ] ------------------------------------------------------------
c 
c   --stabilize=false              (different from default 'true')
c   --walk=false                   (different from default 'true')
c 
c --- [ solving ] ------------------------------------------------------------
c 
c time measured in process time since initialization
c 
c  seconds   reductions  redundant   irredundant
c          MB    restarts       trail        variables
c           level   conflicts       glue           remaining
c 
c *  0.36 139  0 0   0    0    0  0% 0 1039424 253829 98%
c {  0.38 142  0 0   0    0    0  0% 0 1039424 253829 98%
c -  0.57 149 244 1  16  300  194  6% 6 920319 253829 98%
c I  0.82 149 84 1 154 1006  823  6% 10 920319 253829 98%
c -  1.20 180 67 2 169 1478 1160  7% 9 920319 253829 98%
c B  1.57 180 43 2 224 3007 2472  7% 9 920319 253829 98%
c -  1.80 180 41 3 226 3246 2035  7% 9 920319 253829 98%
c s  2.49 161 38 3 239 4069 2725  7% 9 920319 253829 98%
c v  3.18 187 38 3 239 4069 2725  7% 9 920317 253829 98%
c w  3.44 188 38 3 239 4069 2721  7% 9 920317 253829 98%
c t  3.49 188 38 3 239 4069 2721  7% 9 919893 253829 98%
c e  5.54 201 38 3 239 4069   37  7% 9 228479 28187 11%
c s  5.70 201 38 3 239 4069   33  7% 9 228202 28187 11%
c e  5.91 148 38 3 239 4069   31  7% 9 228202 28078 11%
c d  6.10 160 37 3 284 5001  837  6% 9 228196 28073 11%
c 3  6.15 160 37 3 284 5001 3849  6% 9 228196 28073 11%
c 3  6.16 160 37 3 284 5001 4311  6% 9 228196 28073 11%
c d  6.18 160 37 3 284 5001 4189  6% 9 228196 28060 11%
c 2  6.19 160 37 3 284 5001 4163  6% 9 228184 28060 11%
c p  6.23 160 37 3 284 5001 5994  6% 9 228184 28058 11%
c 
c  seconds   reductions  redundant  irredundant
c          MB    restarts       trail       variables
c           level   conflicts       glue         remaining
c 
c -  6.30 160 35 4 302 5603 1519  5% 9 227907 28058 11%
c F  6.32 160 34 4 317 6010 1881  6% 9 227907 28058 11%
c -  6.43 160 32 5 340 7641 2376  7% 8 227907 28058 11%
c i  6.52 160 30 5 414 8860 3432  7% 8 227907 28057 11%
c B  6.60 160 28 5 444 10015 4440  7% 8 227907 28057 11%
c -  6.62 160 28 6 451 10085 3106  6% 8 227758 28057 11%
c i  6.74 160 27 6 519 11396 4228  7% 8 227758 27835 11%
c i  6.80 160 26 6 531 12094 4819  8% 8 227758 27755 11%
c i  6.82 160 26 6 531 12418 5105  8% 8 227758 27746 11%
c i  6.82 160 26 6 531 12437 5104  8% 8 227758 27720 11%
c i  6.82 160 26 6 531 12439 5105  8% 8 227758 27684 11%
c i  6.82 160 26 6 531 12461 5122  8% 8 227758 27607 11%
c i  6.83 160 26 6 531 12497 5153  8% 8 227758 27580 11%
c i  6.83 160 26 6 531 12535 5180  8% 8 227758 27560 11%
c i  6.83 160 26 6 531 12546 5183  8% 8 227758 27529 11%
c }  6.83 160 26 6 531 12549 5183  8% 8 227758 27321 11%
c 0  6.83 160 26 6 531 12549 5183  8% 8 227758 27321 11%
c 
c --- [ result ] -------------------------------------------------------------
c 
s UNSATISFIABLE
c 
c --- [ run-time profiling ] -------------------------------------------------
c 
c process time taken by individual solving procedures
c (percentage relative to process time for solving)
c 
c         3.86   59.53% simplify
c         2.61   40.22% search
c         2.59   39.98% unstable
c         2.21   34.05% elim
c         0.86   13.20% vivify
c         0.60    9.19% subsume
c         0.06    0.93% ternary
c         0.04    0.62% probe
c         0.02    0.25% lucky
c   =================================
c         6.48   94.91% solve
c 
c last line shows process time for solving
c (percentage relative to total process time)
c 
c --- [ statistics ] ---------------------------------------------------------
c 
c backtracked:               26685       212.65 %  of conflicts
c chronological:              4838        18.13 %  of backtracks
c conflicts:                 12549      1935.38    per second
c decisions:                 45806      7064.47    per second
c eliminated:               225751        86.88 %  of all variables
c fixed:                      6750         2.60 %  of all variables
c learned:                   11762        93.73 %  per conflict
c minimized:                130223        30.78 %  learned literals
c propagations:           15383644         2.37 M  per second
c reduced:                    2764        22.03 %  per conflict
c rephased:                      4      3137.25    interval
c restarts:                    531        23.63    interval
c substituted:                  18         0.01 %  of all variables
c subsumed:                   6613         0.22 %  of all clauses
c strengthened:              15448         0.50 %  of all clauses
c ternary:                    4042         0.32 %  of resolved
c vivified:                    135         0.00 %  of all clauses
c weakened:                 808330         2.84    average size
c 
c seconds are measured in process time for solving
c 
c --- [ resources ] ----------------------------------------------------------
c 
c total process time since initialization:         6.83    seconds
c total real time since initialization:            6.83    seconds
c maximum resident set size of process:          212.85    MB
c 
c --- [ shutting down ] ------------------------------------------------------
c 
c exit 20
