c --- [ banner ] -------------------------------------------------------------
c 
c CaDiCaL Radically Simplified CDCL SAT Solver
c Copyright (c) 2016-2019 Armin Biere, JKU Linz
c 
c Version 1.0.3 cb89cbfa16f47cb7bf1ec6ad9855e7b6d5203c18
c g++ (GCC) 6.3.0 -Wall -Wextra -O3 -DNDEBUG
c Fri Aug 23 08:17:16 CDT 2019 Linux login1 4.4.103-6.38-default x86_64
c 
c --- [ config ] -------------------------------------------------------------
c 
c using 'unsat' configuration (target unsatisfiable instances)
c 
c --- [ proof tracing ] ------------------------------------------------------
c 
c opening file to write '/tmp/48_570_0_four.drat'
c writing binary proof trace to '/tmp/48_570_0_four.drat'
c 
c --- [ parsing input ] ------------------------------------------------------
c 
c reading DIMACS file from '/tmp/48_570_0_four.cnf'
c opening file to read '/tmp/48_570_0_four.cnf'
c found 'p cnf 259840 1039924' header
c parsed 1039924 clauses in 0.46 seconds process time
c 
c --- [ options ] ------------------------------------------------------------
c 
c   --stabilize=false              (different from default 'true')
c   --walk=false                   (different from default 'true')
c 
c --- [ solving ] ------------------------------------------------------------
c 
c time measured in process time since initialization
c 
c  seconds   reductions  redundant   irredundant
c          MB    restarts       trail        variables
c           level   conflicts       glue           remaining
c 
c *  0.47 139  0 0   0    0    0  0% 0 1039424 253352 98%
c {  0.50 142  0 0   0    0    0  0% 0 1039424 253352 98%
c -  0.84 151 245 1  21  300  199  7% 6 913978 253352 98%
c }  1.31 151 102 1 126  794  651  7% 9 913978 253253 97%
c 0  1.31 151 102 1 126  794  651  7% 9 913978 253253 97%
c 
c --- [ result ] -------------------------------------------------------------
c 
s UNSATISFIABLE
c 
c --- [ run-time profiling ] -------------------------------------------------
c 
c process time taken by individual solving procedures
c (percentage relative to process time for solving)
c 
c         0.84   97.66% search
c         0.82   95.33% unstable
c         0.02    2.34% lucky
c         0.00    0.00% simplify
c   =================================
c         0.86   65.24% solve
c 
c last line shows process time for solving
c (percentage relative to total process time)
c 
c --- [ statistics ] ---------------------------------------------------------
c 
c backtracked:                1081       136.15 %  of conflicts
c chronological:               407        37.65 %  of backtracks
c conflicts:                   794       927.57    per second
c decisions:                  9554     11161.21    per second
c fixed:                      6587         2.54 %  of all variables
c learned:                     750        94.46 %  per conflict
c minimized:                  2152        12.49 %  learned literals
c propagations:            2250508         2.63 M  per second
c restarts:                    126         6.30    interval
c subsumed:                     98         0.00 %  of all clauses
c 
c seconds are measured in process time for solving
c 
c --- [ resources ] ----------------------------------------------------------
c 
c total process time since initialization:         1.31    seconds
c total real time since initialization:            1.32    seconds
c maximum resident set size of process:          158.64    MB
c 
c --- [ shutting down ] ------------------------------------------------------
c 
c exit 20
