c --- [ banner ] -------------------------------------------------------------
c 
c CaDiCaL Radically Simplified CDCL SAT Solver
c Copyright (c) 2016-2019 Armin Biere, JKU Linz
c 
c Version 1.0.3 cb89cbfa16f47cb7bf1ec6ad9855e7b6d5203c18
c g++ (GCC) 6.3.0 -Wall -Wextra -O3 -DNDEBUG
c Fri Aug 23 08:17:16 CDT 2019 Linux login1 4.4.103-6.38-default x86_64
c 
c --- [ config ] -------------------------------------------------------------
c 
c using 'unsat' configuration (target unsatisfiable instances)
c 
c --- [ proof tracing ] ------------------------------------------------------
c 
c opening file to write '/tmp/48_559_0_four.drat'
c writing binary proof trace to '/tmp/48_559_0_four.drat'
c 
c --- [ parsing input ] ------------------------------------------------------
c 
c reading DIMACS file from '/tmp/48_559_0_four.cnf'
c opening file to read '/tmp/48_559_0_four.cnf'
c found 'p cnf 259840 1039924' header
c parsed 1039924 clauses in 0.45 seconds process time
c 
c --- [ options ] ------------------------------------------------------------
c 
c   --stabilize=false              (different from default 'true')
c   --walk=false                   (different from default 'true')
c 
c --- [ solving ] ------------------------------------------------------------
c 
c time measured in process time since initialization
c 
c  seconds   reductions  redundant   irredundant
c          MB    restarts       trail        variables
c           level   conflicts       glue           remaining
c 
c *  0.47 139  0 0   0    0    0  0% 0 1039424 253959 98%
c {  0.50 142  0 0   0    0    0  0% 0 1039424 253959 98%
c -  0.73 148 253 1  13  301  187  6% 5 922416 253959 98%
c I  1.27 148 101 1 147 1003  785  7% 10 922416 253959 98%
c -  1.79 179 81 2 173 1481 1138  7% 10 922416 253959 98%
c i  2.04 179 75 2 201 1798 1434  8% 10 922416 253958 98%
c i  2.06 179 75 2 201 1841 1467  8% 10 922416 253842 98%
c i  2.06 179 75 2 201 1843 1468  8% 10 922416 253841 98%
c i  2.54 179 67 2 218 2315 1861 10% 10 922416 253541 98%
c i  2.56 179 62 2 218 2524 1987  9% 9 922416 252576 97%
c i  2.56 179 62 2 218 2525 1987  9% 9 922416 251209 97%
c i  2.56 179 62 2 218 2526 1987  9% 9 922416 251025 97%
c i  2.56 179 62 2 218 2528 1988  9% 9 922416 250811 97%
c }  2.56 179 62 2 218 2530 1988  9% 9 922416 250011 96%
c 0  2.56 179 62 2 218 2530 1988  9% 9 922416 250011 96%
c 
c --- [ result ] -------------------------------------------------------------
c 
s UNSATISFIABLE
c 
c --- [ run-time profiling ] -------------------------------------------------
c 
c process time taken by individual solving procedures
c (percentage relative to process time for solving)
c 
c         2.09   99.05% search
c         2.06   97.91% unstable
c         0.02    1.14% lucky
c         0.00    0.00% simplify
c   =================================
c         2.11   82.34% solve
c 
c last line shows process time for solving
c (percentage relative to total process time)
c 
c --- [ statistics ] ---------------------------------------------------------
c 
c backtracked:                3126       123.56 %  of conflicts
c chronological:              1098        35.12 %  of backtracks
c conflicts:                  2530      1200.19    per second
c decisions:                 18692      8867.17    per second
c fixed:                      9829         3.78 %  of all variables
c learned:                    2255        89.13 %  per conflict
c minimized:                 13941        18.72 %  learned literals
c propagations:            6471120         3.07 M  per second
c reduced:                      37         1.46 %  per conflict
c rephased:                      1      2530.00    interval
c restarts:                    218        11.61    interval
c subsumed:                    221         0.01 %  of all clauses
c 
c seconds are measured in process time for solving
c 
c --- [ resources ] ----------------------------------------------------------
c 
c total process time since initialization:         2.56    seconds
c total real time since initialization:            2.56    seconds
c maximum resident set size of process:          179.05    MB
c 
c --- [ shutting down ] ------------------------------------------------------
c 
c exit 20
