c --- [ banner ] -------------------------------------------------------------
c 
c CaDiCaL Radically Simplified CDCL SAT Solver
c Copyright (c) 2016-2019 Armin Biere, JKU Linz
c 
c Version 1.0.3 cb89cbfa16f47cb7bf1ec6ad9855e7b6d5203c18
c g++ (GCC) 6.3.0 -Wall -Wextra -O3 -DNDEBUG
c Fri Aug 23 08:17:16 CDT 2019 Linux login1 4.4.103-6.38-default x86_64
c 
c --- [ config ] -------------------------------------------------------------
c 
c using 'unsat' configuration (target unsatisfiable instances)
c 
c --- [ proof tracing ] ------------------------------------------------------
c 
c opening file to write '/tmp/34_357_0_three.drat'
c writing binary proof trace to '/tmp/34_357_0_three.drat'
c 
c --- [ parsing input ] ------------------------------------------------------
c 
c reading DIMACS file from '/tmp/34_357_0_three.cnf'
c opening file to read '/tmp/34_357_0_three.cnf'
c found 'p cnf 39424 200377' header
c parsed 200377 clauses in 0.08 seconds process time
c 
c --- [ options ] ------------------------------------------------------------
c 
c   --stabilize=false              (different from default 'true')
c   --walk=false                   (different from default 'true')
c 
c --- [ solving ] ------------------------------------------------------------
c 
c time measured in process time since initialization
c 
c  seconds  reductions  redundant  irredundant
c         MB    restarts       trail       variables
c          level   conflicts       glue         remaining
c 
c *  0.09 26  0 0   0    0    0  0% 0 182480 38104 97%
c {  0.09 27  0 0   0    0    0  0% 0 182480 38104 97%
c i  0.09 27 58 0   0   17   16  6% 3 182480 38103 97%
c i  0.09 27 51 0   0   35   28  7% 5 182480 38072 97%
c -  0.12 27 40 1   7  301  227  8% 8 173982 38072 97%
c I  0.17 29 43 1  37 1002  803  9% 8 173982 38072 97%
c -  0.22 34 41 2  38 1046  741  9% 8 173982 38072 97%
c -  0.33 34 35 3 138 2163 1323  9% 8 173982 38072 97%
c i  0.36 34 35 3 160 2486 1626  9% 8 173982 38071 97%
c B  0.39 34 33 3 169 3004 2082  9% 8 173982 38071 97%
c -  0.48 34 29 4 180 3651 2014  9% 7 173979 38071 97%
c i  0.54 34 25 4 198 4516 2770  9% 7 173979 38053 97%
c s  0.64 31 25 4 198 4521 2740  9% 7 173979 38053 97%
c v  0.76 36 25 4 198 4521 2740  9% 7 171294 38053 97%
c w  0.81 37 25 4 198 4522 2717  9% 7 171294 36253 92%
c }  0.84 37 25 4 198 4522 2717  9% 7 171294 36253 92%
c 0  0.84 38 25 4 198 4522 2717  9% 7 171294 36253 92%
c 
c --- [ result ] -------------------------------------------------------------
c 
s UNSATISFIABLE
c 
c --- [ run-time profiling ] -------------------------------------------------
c 
c process time taken by individual solving procedures
c (percentage relative to process time for solving)
c 
c         0.51   67.72% search
c         0.51   67.72% unstable
c         0.24   31.75% simplify
c         0.15   19.58% vivify
c         0.09   12.17% subsume
c   =================================
c         0.76   90.00% solve
c 
c last line shows process time for solving
c (percentage relative to total process time)
c 
c --- [ statistics ] ---------------------------------------------------------
c 
c backtracked:               11427       252.70 %  of conflicts
c chronological:              1968        17.22 %  of backtracks
c conflicts:                  4522      5981.48    per second
c decisions:                 17377     22985.45    per second
c fixed:                      3171         8.04 %  of all variables
c learned:                    4119        91.09 %  per conflict
c minimized:                 47037        32.58 %  learned literals
c propagations:            2064868         2.73 M  per second
c reduced:                    1114        24.64 %  per conflict
c rephased:                      2      2261.00    interval
c restarts:                    198        22.84    interval
c subsumed:                   2946         0.79 %  of all clauses
c strengthened:                768         0.21 %  of all clauses
c vivified:                   2718         0.73 %  of all clauses
c 
c seconds are measured in process time for solving
c 
c --- [ resources ] ----------------------------------------------------------
c 
c total process time since initialization:         0.84    seconds
c total real time since initialization:            0.84    seconds
c maximum resident set size of process:           39.80    MB
c 
c --- [ shutting down ] ------------------------------------------------------
c 
c exit 20
