c --- [ banner ] -------------------------------------------------------------
c 
c CaDiCaL Radically Simplified CDCL SAT Solver
c Copyright (c) 2016-2019 Armin Biere, JKU Linz
c 
c Version 1.0.3 cb89cbfa16f47cb7bf1ec6ad9855e7b6d5203c18
c g++ (GCC) 6.3.0 -Wall -Wextra -O3 -DNDEBUG
c Fri Aug 23 08:17:16 CDT 2019 Linux login1 4.4.103-6.38-default x86_64
c 
c --- [ config ] -------------------------------------------------------------
c 
c using 'unsat' configuration (target unsatisfiable instances)
c 
c --- [ proof tracing ] ------------------------------------------------------
c 
c opening file to write '/tmp/34_558_0_three.drat'
c writing binary proof trace to '/tmp/34_558_0_three.drat'
c 
c --- [ parsing input ] ------------------------------------------------------
c 
c reading DIMACS file from '/tmp/34_558_0_three.cnf'
c opening file to read '/tmp/34_558_0_three.cnf'
c found 'p cnf 39424 200377' header
c parsed 200377 clauses in 0.08 seconds process time
c 
c --- [ options ] ------------------------------------------------------------
c 
c   --stabilize=false              (different from default 'true')
c   --walk=false                   (different from default 'true')
c 
c --- [ solving ] ------------------------------------------------------------
c 
c time measured in process time since initialization
c 
c  seconds  reductions  redundant  irredundant
c         MB    restarts       trail       variables
c          level   conflicts       glue         remaining
c 
c *  0.08 26  0 0   0    0    0  0% 0 182480 38144 97%
c {  0.08 27  0 0   0    0    0  0% 0 182480 38144 97%
c -  0.12 28 53 1   6  300  233  9% 10 175426 38144 97%
c I  0.18 29 53 1  33 1006  825 10% 9 175426 38144 97%
c -  0.24 35 51 2  33 1047  722 10% 9 175426 38144 97%
c -  0.36 35 39 3  55 2167 1328 10% 8 175426 38144 97%
c B  0.43 35 36 3  94 3007 2039 10% 8 175426 38144 97%
c i  0.44 35 35 3  98 3128 2144 10% 8 175426 38114 97%
c i  0.46 35 33 3 108 3574 2522  9% 8 175426 38098 97%
c -  0.51 35 32 4 110 3659 1909  9% 8 172534 38010 96%
c i  0.52 35 31 4 110 3762 1972  9% 8 172534 37981 96%
c i  0.54 35 31 4 128 4107 2255  9% 8 172534 37941 96%
c i  0.55 35 30 4 128 4235 2360  9% 8 172534 37886 96%
c i  0.55 35 30 4 128 4267 2390  9% 7 172534 37876 96%
c i  0.55 35 30 4 128 4268 2390  9% 7 172534 37662 96%
c }  0.56 35 29 4 128 4353 2463  9% 7 172534 37347 95%
c 0  0.56 35 29 4 128 4353 2463  9% 7 172534 37347 95%
c 
c --- [ result ] -------------------------------------------------------------
c 
s UNSATISFIABLE
c 
c --- [ run-time profiling ] -------------------------------------------------
c 
c process time taken by individual solving procedures
c (percentage relative to process time for solving)
c 
c         0.48  100.00% search
c         0.48  100.00% unstable
c         0.00    0.00% simplify
c   =================================
c         0.48   85.71% solve
c 
c last line shows process time for solving
c (percentage relative to total process time)
c 
c --- [ statistics ] ---------------------------------------------------------
c 
c backtracked:                5257       120.77 %  of conflicts
c chronological:              1928        36.67 %  of backtracks
c conflicts:                  4353      9068.75    per second
c decisions:                 15004     31258.33    per second
c fixed:                      2077         5.27 %  of all variables
c learned:                    3925        90.17 %  per conflict
c minimized:                 41351        30.32 %  learned literals
c propagations:            1824192         3.80 M  per second
c reduced:                    1170        26.88 %  per conflict
c rephased:                      2      2176.50    interval
c restarts:                    128        34.01    interval
c subsumed:                    239         0.06 %  of all clauses
c 
c seconds are measured in process time for solving
c 
c --- [ resources ] ----------------------------------------------------------
c 
c total process time since initialization:         0.56    seconds
c total real time since initialization:            0.56    seconds
c maximum resident set size of process:           39.50    MB
c 
c --- [ shutting down ] ------------------------------------------------------
c 
c exit 20
