c --- [ banner ] -------------------------------------------------------------
c 
c CaDiCaL Radically Simplified CDCL SAT Solver
c Copyright (c) 2016-2019 Armin Biere, JKU Linz
c 
c Version 1.0.3 cb89cbfa16f47cb7bf1ec6ad9855e7b6d5203c18
c g++ (GCC) 6.3.0 -Wall -Wextra -O3 -DNDEBUG
c Fri Aug 23 08:17:16 CDT 2019 Linux login1 4.4.103-6.38-default x86_64
c 
c --- [ config ] -------------------------------------------------------------
c 
c using 'unsat' configuration (target unsatisfiable instances)
c 
c --- [ proof tracing ] ------------------------------------------------------
c 
c opening file to write '/tmp/12_1208_0_four.drat'
c writing binary proof trace to '/tmp/12_1208_0_four.drat'
c 
c --- [ parsing input ] ------------------------------------------------------
c 
c reading DIMACS file from '/tmp/12_1208_0_four.cnf'
c opening file to read '/tmp/12_1208_0_four.cnf'
c found 'p cnf 43008 265785' header
c parsed 265785 clauses in 0.10 seconds process time
c 
c --- [ options ] ------------------------------------------------------------
c 
c   --stabilize=false              (different from default 'true')
c   --walk=false                   (different from default 'true')
c 
c --- [ solving ] ------------------------------------------------------------
c 
c time measured in process time since initialization
c 
c  seconds  reductions  redundant  irredundant
c         MB    restarts       trail       variables
c          level   conflicts       glue         remaining
c 
c *  0.10 31  0 0   0    0    0  0% 0 242045 41518 97%
c {  0.10 31  0 0   0    0    0  0% 0 242045 41518 97%
c -  0.15 33 65 1  20  304  230  9% 10 233084 41518 97%
c I  0.21 34 57 1  70 1002  765  9% 11 233084 41518 97%
c -  0.30 42 55 2  71 1128  738 10% 11 233084 41518 97%
c -  0.45 42 59 3 115 2364 1305 11% 10 233084 41518 97%
c B  0.51 42 61 3 139 3006 1830 11% 10 233084 41518 97%
c -  0.63 43 59 4 169 4005 1920 11% 10 233084 41518 97%
c d  0.82 43 52 4 188 5006 2785 11% 9 229948 39950 93%
c 2  0.96 44 52 4 188 5006 2785 11% 9 227596 39950 93%
c p  1.09 46 52 4 188 5006 4132 11% 9 227596 39950 93%
c s  1.26 40 52 4 188 5089 4196 11% 9 227596 39950 93%
c v  1.57 48 52 4 188 5089 4196 11% 9 224186 39950 93%
c w  1.66 48 52 4 188 5089 4193 11% 9 224186 39950 93%
c t  1.68 48 52 4 188 5089 4193 11% 9 205430 39950 93%
c e  2.18 50 52 4 188 5089 1112 11% 9 188779 23996 56%
c s  2.26 54 52 4 188 5089 1107 11% 9 188779 23996 56%
c F  2.43 55 48 4 226 6007 1846  4% 9 188779 23996 56%
c -  2.46 56 48 5 226 6056 1174  4% 9 188779 23996 56%
c -  2.67 56 44 6 355 8352 2464  5% 9 188779 23996 56%
c 
c  seconds  reductions  redundant  irredundant
c         MB    restarts       trail       variables
c          level   conflicts       glue         remaining
c 
c i  2.73 56 43 6 382 8921 2955  6% 9 188779 23992 56%
c i  2.78 56 41 6 382 9527 3448  6% 9 188779 23991 56%
c i  2.78 56 41 6 382 9529 3449  6% 9 188779 23974 56%
c i  2.78 56 41 6 382 9530 3449  6% 9 188779 23816 55%
c }  2.78 56 41 6 382 9537 3454  6% 9 188779 23793 55%
c 0  2.78 56 41 6 382 9537 3454  6% 9 188779 23793 55%
c 
c --- [ result ] -------------------------------------------------------------
c 
s UNSATISFIABLE
c 
c --- [ run-time profiling ] -------------------------------------------------
c 
c process time taken by individual solving procedures
c (percentage relative to process time for solving)
c 
c         1.46   54.71% simplify
c         1.21   45.29% search
c         1.21   45.14% unstable
c         0.49   18.24% elim
c         0.34   12.86% vivify
c         0.20    7.62% subsume
c         0.14    5.08% probe
c         0.10    3.74% ternary
c         0.00    0.15% lucky
c   =================================
c         2.68   96.40% solve
c 
c last line shows process time for solving
c (percentage relative to total process time)
c 
c --- [ statistics ] ---------------------------------------------------------
c 
c backtracked:               29172       305.88 %  of conflicts
c chronological:              3904        13.38 %  of backtracks
c conflicts:                  9537      3563.90    per second
c decisions:                 40299     15059.42    per second
c eliminated:                15954        37.10 %  of all variables
c fixed:                      1693         3.94 %  of all variables
c learned:                    8506        89.19 %  per conflict
c minimized:                 85830        25.81 %  learned literals
c propagations:            4213293         1.57 M  per second
c reduced:                    2087        21.88 %  per conflict
c rephased:                      3      3179.00    interval
c restarts:                    382        24.97    interval
c substituted:                1568         3.65 %  of all variables
c subsumed:                   6619         0.77 %  of all clauses
c strengthened:               2937         0.34 %  of all clauses
c vivified:                   3602         0.42 %  of all clauses
c weakened:                  79749         3.71    average size
c 
c seconds are measured in process time for solving
c 
c --- [ resources ] ----------------------------------------------------------
c 
c total process time since initialization:         2.78    seconds
c total real time since initialization:            2.78    seconds
c maximum resident set size of process:           56.21    MB
c 
c --- [ shutting down ] ------------------------------------------------------
c 
c exit 20
