c --- [ banner ] -------------------------------------------------------------
c 
c CaDiCaL Radically Simplified CDCL SAT Solver
c Copyright (c) 2016-2019 Armin Biere, JKU Linz
c 
c Version 1.0.3 cb89cbfa16f47cb7bf1ec6ad9855e7b6d5203c18
c g++ (GCC) 6.3.0 -Wall -Wextra -O3 -DNDEBUG
c Fri Aug 23 08:17:16 CDT 2019 Linux login1 4.4.103-6.38-default x86_64
c 
c --- [ config ] -------------------------------------------------------------
c 
c using 'unsat' configuration (target unsatisfiable instances)
c 
c --- [ proof tracing ] ------------------------------------------------------
c 
c opening file to write '/tmp/79_405_0_four.drat'
c writing binary proof trace to '/tmp/79_405_0_four.drat'
c 
c --- [ parsing input ] ------------------------------------------------------
c 
c reading DIMACS file from '/tmp/79_405_0_four.cnf'
c opening file to read '/tmp/79_405_0_four.cnf'
c found 'p cnf 43008 265785' header
c parsed 265785 clauses in 0.16 seconds process time
c 
c --- [ options ] ------------------------------------------------------------
c 
c   --stabilize=false              (different from default 'true')
c   --walk=false                   (different from default 'true')
c 
c --- [ solving ] ------------------------------------------------------------
c 
c time measured in process time since initialization
c 
c  seconds  reductions  redundant  irredundant
c         MB    restarts       trail       variables
c          level   conflicts       glue         remaining
c 
c *  0.16 31  0 0   0    0    0  0% 0 242048 41450 96%
c {  0.16 31  0 0   0    0    0  0% 0 242048 41450 96%
c i  0.16 32 46 0   0   37   31  8% 3 242048 41449 96%
c i  0.16 32 45 0   0   41   32  8% 3 242048 41421 96%
c i  0.16 32 42 0   0   53   36  7% 3 242048 41352 96%
c }  0.17 33 25 0   0  191  109  7% 5 242048 41341 96%
c 0  0.17 33 25 0   0  191  109  7% 5 242048 41341 96%
c 
c --- [ result ] -------------------------------------------------------------
c 
s UNSATISFIABLE
c 
c --- [ run-time profiling ] -------------------------------------------------
c 
c process time taken by individual solving procedures
c (percentage relative to process time for solving)
c 
c         0.02  100.00% search
c         0.01   75.00% unstable
c         0.00   25.00% lucky
c         0.00    0.00% simplify
c   =================================
c         0.02    9.30% solve
c 
c last line shows process time for solving
c (percentage relative to total process time)
c 
c --- [ statistics ] ---------------------------------------------------------
c 
c backtracked:                 226       118.32 %  of conflicts
c chronological:                75        33.19 %  of backtracks
c conflicts:                   191     11937.50    per second
c decisions:                  1076     67250.00    per second
c fixed:                      1667         3.88 %  of all variables
c learned:                     143        74.87 %  per conflict
c minimized:                  1164        34.81 %  learned literals
c propagations:              42153         2.63 M  per second
c subsumed:                     30         0.01 %  of all clauses
c 
c seconds are measured in process time for solving
c 
c --- [ resources ] ----------------------------------------------------------
c 
c total process time since initialization:         0.17    seconds
c total real time since initialization:            0.17    seconds
c maximum resident set size of process:           32.73    MB
c 
c --- [ shutting down ] ------------------------------------------------------
c 
c exit 20
