c --- [ banner ] -------------------------------------------------------------
c 
c CaDiCaL Radically Simplified CDCL SAT Solver
c Copyright (c) 2016-2019 Armin Biere, JKU Linz
c 
c Version 1.0.3 cb89cbfa16f47cb7bf1ec6ad9855e7b6d5203c18
c g++ (GCC) 6.3.0 -Wall -Wextra -O3 -DNDEBUG
c Fri Aug 23 08:17:16 CDT 2019 Linux login1 4.4.103-6.38-default x86_64
c 
c --- [ config ] -------------------------------------------------------------
c 
c using 'unsat' configuration (target unsatisfiable instances)
c 
c --- [ proof tracing ] ------------------------------------------------------
c 
c opening file to write '/tmp/86_1113_0_six.drat'
c writing binary proof trace to '/tmp/86_1113_0_six.drat'
c 
c --- [ parsing input ] ------------------------------------------------------
c 
c reading DIMACS file from '/tmp/86_1113_0_six.cnf'
c opening file to read '/tmp/86_1113_0_six.cnf'
c found 'p cnf 50176 399279' header
c parsed 399279 clauses in 0.15 seconds process time
c 
c --- [ options ] ------------------------------------------------------------
c 
c   --stabilize=false              (different from default 'true')
c   --walk=false                   (different from default 'true')
c 
c --- [ solving ] ------------------------------------------------------------
c 
c time measured in process time since initialization
c 
c  seconds  reductions  redundant  irredundant
c         MB    restarts       trail       variables
c          level   conflicts       glue         remaining
c 
c *  0.15 45  0 0   0    0    0  0% 0 368548 48406 96%
c {  0.16 46  0 0   0    0    0  0% 0 368548 48406 96%
c -  0.22 47 57 1  30  300  215  8% 10 353398 48406 96%
c I  0.28 48 69 1  73 1002  641  8% 10 353398 48406 96%
c -  0.40 60 81 2  73 1229  720  9% 9 353398 48406 96%
c -  0.57 61 55 3 116 2622 1271  9% 9 353398 48406 96%
c B  0.60 61 52 3 121 3005 1531 10% 9 353398 48406 96%
c -  0.83 61 46 4 178 4481 1951 10% 9 353398 48406 96%
c d  1.03 62 45 4 242 5001 2353 10% 9 348646 46030 92%
c 2  1.23 61 45 4 242 5001 2353 10% 9 342706 46030 92%
c p  1.47 63 45 4 242 5001 24847 10% 9 342706 45748 91%
c s  1.75 71 43 4 273 5860 25420 10% 9 342699 45748 91%
c v  2.22 72 43 4 273 5860 25420 10% 9 338301 45748 91%
c w  2.33 72 43 4 273 5860 25409 10% 9 338301 45748 91%
c t  2.38 72 43 4 273 5860 25400 10% 9 309387 45748 91%
c e  3.18 66 43 4 273 5860 7585 10% 9 284992 29090 58%
c s  3.29 71 43 4 273 5860 7571 10% 9 284992 29090 58%
c F  3.58 75 43 4 277 6006 7677  5% 9 284992 29090 58%
c -  3.72 75 40 5 282 6803 1340  8% 9 284992 29090 58%
c i  3.74 75 39 5 282 6893 1408  7% 8 284992 29084 58%
c 
c  seconds  reductions  redundant  irredundant
c         MB    restarts       trail       variables
c          level   conflicts       glue         remaining
c 
c i  3.74 75 39 5 282 6896 1409  7% 8 284992 29070 58%
c i  3.74 75 39 5 282 6920 1430  7% 8 284992 29041 58%
c i  3.74 75 39 5 282 6925 1430  7% 8 284992 28919 58%
c i  3.74 75 39 5 282 6948 1444  7% 8 284992 28892 58%
c i  3.76 75 39 5 283 7247 1667  7% 8 284992 28859 58%
c }  3.76 75 39 5 283 7249 1667  7% 8 284992 27426 55%
c 0  3.76 75 39 5 283 7249 1667  7% 8 284992 27426 55%
c 
c --- [ result ] -------------------------------------------------------------
c 
s UNSATISFIABLE
c 
c --- [ run-time profiling ] -------------------------------------------------
c 
c process time taken by individual solving procedures
c (percentage relative to process time for solving)
c 
c         2.32   64.30% simplify
c         1.29   35.70% search
c         1.28   35.59% unstable
c         0.87   24.17% elim
c         0.52   14.41% vivify
c         0.26    7.21% subsume
c         0.24    6.76% probe
c         0.16    4.32% ternary
c         0.00    0.11% lucky
c   =================================
c         3.61   95.96% solve
c 
c last line shows process time for solving
c (percentage relative to total process time)
c 
c --- [ statistics ] ---------------------------------------------------------
c 
c backtracked:               28382       391.53 %  of conflicts
c chronological:              2551         8.99 %  of backtracks
c conflicts:                  7249      2009.15    per second
c decisions:                 30883      8559.59    per second
c eliminated:                16658        33.20 %  of all variables
c fixed:                      3716         7.41 %  of all variables
c learned:                    5902        81.42 %  per conflict
c minimized:                101128        32.14 %  learned literals
c propagations:            5172490         1.43 M  per second
c reduced:                    1356        18.71 %  per conflict
c rephased:                      3      2416.33    interval
c restarts:                    283        25.61    interval
c substituted:                2376         4.74 %  of all variables
c subsumed:                  11082         0.85 %  of all clauses
c strengthened:               3751         0.29 %  of all clauses
c vivified:                   4017         0.31 %  of all clauses
c weakened:                 105758         4.04    average size
c 
c seconds are measured in process time for solving
c 
c --- [ resources ] ----------------------------------------------------------
c 
c total process time since initialization:         3.76    seconds
c total real time since initialization:            3.76    seconds
c maximum resident set size of process:           75.17    MB
c 
c --- [ shutting down ] ------------------------------------------------------
c 
c exit 20
