c --- [ banner ] -------------------------------------------------------------
c 
c CaDiCaL Radically Simplified CDCL SAT Solver
c Copyright (c) 2016-2019 Armin Biere, JKU Linz
c 
c Version 1.0.3 cb89cbfa16f47cb7bf1ec6ad9855e7b6d5203c18
c g++ (GCC) 6.3.0 -Wall -Wextra -O3 -DNDEBUG
c Fri Aug 23 08:17:16 CDT 2019 Linux login1 4.4.103-6.38-default x86_64
c 
c --- [ config ] -------------------------------------------------------------
c 
c using 'unsat' configuration (target unsatisfiable instances)
c 
c --- [ proof tracing ] ------------------------------------------------------
c 
c opening file to write '/tmp/18_464_0_three.drat'
c writing binary proof trace to '/tmp/18_464_0_three.drat'
c 
c --- [ parsing input ] ------------------------------------------------------
c 
c reading DIMACS file from '/tmp/18_464_0_three.cnf'
c opening file to read '/tmp/18_464_0_three.cnf'
c found 'p cnf 202048 780985' header
c parsed 780985 clauses in 0.34 seconds process time
c 
c --- [ options ] ------------------------------------------------------------
c 
c   --stabilize=false              (different from default 'true')
c   --walk=false                   (different from default 'true')
c 
c --- [ solving ] ------------------------------------------------------------
c 
c time measured in process time since initialization
c 
c  seconds  reductions  redundant  irredundant
c         MB    restarts       trail       variables
c          level   conflicts       glue          remaining
c 
c *  0.36 97  0 0   0    0    0  0% 0 780480 197192 98%
c {  0.37 99  0 0   0    0    0  0% 0 780480 197192 98%
c -  0.55 104 294 1   9  300  172  5% 4 689654 197192 98%
c I  1.02 109 81 1 143 1005  825  7% 7 689654 197192 98%
c -  1.50 127 65 2 192 1404 1167  8% 8 689654 197192 98%
c i  2.26 127 44 2 293 2782 2416  9% 8 689654 197108 98%
c i  2.27 127 44 2 294 2818 2431  8% 8 689654 196979 97%
c B  2.38 127 44 2 294 3006 2600  9% 8 689654 196979 97%
c -  2.62 127 44 3 303 3058 2012  9% 8 685989 196979 97%
c i  3.03 127 40 3 356 3676 2557  9% 8 685989 195368 97%
c s  3.62 118 37 3 389 3973 2798  9% 8 685989 195368 97%
c v  4.54 137 37 3 389 3973 2798  9% 8 685887 195368 97%
c w  4.78 137 37 3 389 3973 2728  9% 8 685887 195262 97%
c t  4.83 137 37 3 389 3973 2726  9% 8 685331 195224 97%
c e  6.48 141 37 3 389 3973   26  9% 8 160675 24977 12%
c s  6.63 145 37 3 389 3973   23  9% 8 160615 24977 12%
c e  6.84 146 37 3 389 3973   22  9% 8 160608 24949 12%
c i  7.04 146 35 3 431 4654  633  6% 8 160608 24941 12%
c d  7.09 146 34 3 436 5001  957  6% 8 160086 24939 12%
c d  7.10 146 34 3 436 5001  957  6% 8 160032 24912 12%
c 
c  seconds   reductions  redundant  irredundant
c          MB    restarts       trail       variables
c           level   conflicts       glue         remaining
c 
c 3  7.14 146 34 3 436 5001 2421  6% 8 160032 24912 12%
c 3  7.14 146 34 3 436 5001 2697  6% 8 160032 24912 12%
c d  7.19 146 34 3 436 5001 2613  6% 8 160032 24902 12%
c 2  7.20 146 34 3 436 5001 2593  6% 8 160027 24902 12%
c p  7.32 146 34 3 436 5001 5197  6% 8 160027 24897 12%
c d  7.33 146 34 3 436 5001 4958  6% 8 159467 24895 12%
c d  7.35 146 34 3 436 5001 4958  6% 8 159407 24865 12%
c i  7.38 146 33 3 440 5253 5158  6% 8 159407 24799 12%
c -  7.41 146 33 4 440 5261 1111  6% 8 156083 24799 12%
c i  7.41 146 33 4 440 5271 1113  6% 8 156083 24795 12%
c i  7.41 146 33 4 440 5273 1114  6% 8 156083 24740 12%
c i  7.47 146 32 4 446 5741 1525  8% 8 156083 24725 12%
c i  7.50 146 32 4 446 5899 1671  9% 8 156083 24700 12%
c F  7.52 146 31 4 446 6007 1760  9% 8 156083 24700 12%
c i  7.52 146 31 4 446 6030 1779  9% 8 156083 24699 12%
c i  7.52 146 31 4 446 6040 1786  9% 8 156083 24686 12%
c i  7.54 146 30 4 446 6277 1966  8% 8 156083 24543 12%
c }  7.54 146 29 4 446 6350 2012  8% 8 156083 22816 11%
c 0  7.54 146 29 4 446 6350 2012  8% 8 156083 22816 11%
c 
c --- [ result ] -------------------------------------------------------------
c 
s UNSATISFIABLE
c 
c --- [ run-time profiling ] -------------------------------------------------
c 
c process time taken by individual solving procedures
c (percentage relative to process time for solving)
c 
c         3.75   52.03% simplify
c         3.44   47.75% search
c         3.42   47.53% unstable
c         1.80   25.04% elim
c         1.06   14.71% vivify
c         0.56    7.72% subsume
c         0.11    1.55% probe
c         0.07    0.94% ternary
c         0.02    0.22% lucky
c   =================================
c         7.20   95.49% solve
c 
c last line shows process time for solving
c (percentage relative to total process time)
c 
c --- [ statistics ] ---------------------------------------------------------
c 
c backtracked:               25406       400.09 %  of conflicts
c chronological:              2682        10.56 %  of backtracks
c conflicts:                  6350       881.45    per second
c decisions:                 27214      3777.62    per second
c eliminated:               170275        84.27 %  of all variables
c fixed:                      8886         4.40 %  of all variables
c learned:                    6011        94.66 %  per conflict
c minimized:                 46840        26.94 %  learned literals
c propagations:           13381207         1.86 M  per second
c reduced:                     553         8.71 %  per conflict
c rephased:                      3      2116.67    interval
c restarts:                    446        14.24    interval
c substituted:                  71         0.04 %  of all variables
c subsumed:                   3933         0.17 %  of all clauses
c strengthened:               9256         0.41 %  of all clauses
c ternary:                    2148         0.29 %  of resolved
c vivified:                    135         0.01 %  of all clauses
c weakened:                 584055         2.84    average size
c 
c seconds are measured in process time for solving
c 
c --- [ resources ] ----------------------------------------------------------
c 
c total process time since initialization:         7.54    seconds
c total real time since initialization:            7.55    seconds
c maximum resident set size of process:          153.14    MB
c 
c --- [ shutting down ] ------------------------------------------------------
c 
c exit 20
