c --- [ banner ] -------------------------------------------------------------
c 
c CaDiCaL Radically Simplified CDCL SAT Solver
c Copyright (c) 2016-2019 Armin Biere, JKU Linz
c 
c Version 1.0.3 cb89cbfa16f47cb7bf1ec6ad9855e7b6d5203c18
c g++ (GCC) 6.3.0 -Wall -Wextra -O3 -DNDEBUG
c Fri Aug 23 08:17:16 CDT 2019 Linux login1 4.4.103-6.38-default x86_64
c 
c --- [ config ] -------------------------------------------------------------
c 
c using 'unsat' configuration (target unsatisfiable instances)
c 
c --- [ proof tracing ] ------------------------------------------------------
c 
c opening file to write '/tmp/68_1281_0_four.drat'
c writing binary proof trace to '/tmp/68_1281_0_four.drat'
c 
c --- [ parsing input ] ------------------------------------------------------
c 
c reading DIMACS file from '/tmp/68_1281_0_four.cnf'
c opening file to read '/tmp/68_1281_0_four.cnf'
c found 'p cnf 43008 265785' header
c parsed 265785 clauses in 0.10 seconds process time
c 
c --- [ options ] ------------------------------------------------------------
c 
c   --stabilize=false              (different from default 'true')
c   --walk=false                   (different from default 'true')
c 
c --- [ solving ] ------------------------------------------------------------
c 
c time measured in process time since initialization
c 
c  seconds  reductions  redundant  irredundant
c         MB    restarts       trail       variables
c          level   conflicts       glue         remaining
c 
c *  0.10 31  0 0   0    0    0  0% 0 241981 41587 97%
c {  0.10 31  0 0   0    0    0  0% 0 241981 41587 97%
c i  0.12 32 76 0  11  131   92  7% 7 241981 41527 97%
c -  0.16 33 63 1  47  300  220  8% 11 232508 41516 97%
c I  0.22 34 84 1 114 1002  775 10% 12 232508 41516 97%
c -  0.29 42 84 2 114 1120  755 10% 11 232508 41516 97%
c i  0.30 42 82 2 117 1190  809 10% 11 232508 41388 96%
c i  0.31 42 75 2 117 1312  899  9% 11 232508 41380 96%
c i  0.32 42 71 2 117 1406  964  9% 10 232508 41360 96%
c i  0.32 42 70 2 117 1427  977  9% 10 232508 41334 96%
c }  0.32 42 70 2 117 1432  978  9% 10 232508 41269 96%
c 0  0.32 42 70 2 117 1432  978  9% 10 232508 41269 96%
c 
c --- [ result ] -------------------------------------------------------------
c 
s UNSATISFIABLE
c 
c --- [ run-time profiling ] -------------------------------------------------
c 
c process time taken by individual solving procedures
c (percentage relative to process time for solving)
c 
c         0.21  100.00% search
c         0.21  100.00% unstable
c         0.00    0.00% simplify
c   =================================
c         0.21   67.09% solve
c 
c last line shows process time for solving
c (percentage relative to total process time)
c 
c --- [ statistics ] ---------------------------------------------------------
c 
c backtracked:                1761       122.97 %  of conflicts
c chronological:               619        35.15 %  of backtracks
c conflicts:                  1432      6754.72    per second
c decisions:                 13633     64306.60    per second
c fixed:                      1739         4.04 %  of all variables
c learned:                    1179        82.33 %  per conflict
c minimized:                  8247        19.10 %  learned literals
c propagations:             606942         2.86 M  per second
c reduced:                     106         7.40 %  per conflict
c rephased:                      1      1432.00    interval
c restarts:                    117        12.24    interval
c subsumed:                     85         0.02 %  of all clauses
c 
c seconds are measured in process time for solving
c 
c --- [ resources ] ----------------------------------------------------------
c 
c total process time since initialization:         0.32    seconds
c total real time since initialization:            0.32    seconds
c maximum resident set size of process:           42.22    MB
c 
c --- [ shutting down ] ------------------------------------------------------
c 
c exit 20
