c --- [ banner ] -------------------------------------------------------------
c 
c CaDiCaL Radically Simplified CDCL SAT Solver
c Copyright (c) 2016-2019 Armin Biere, JKU Linz
c 
c Version 1.0.3 cb89cbfa16f47cb7bf1ec6ad9855e7b6d5203c18
c g++ (GCC) 6.3.0 -Wall -Wextra -O3 -DNDEBUG
c Fri Aug 23 08:17:16 CDT 2019 Linux login1 4.4.103-6.38-default x86_64
c 
c --- [ config ] -------------------------------------------------------------
c 
c using 'unsat' configuration (target unsatisfiable instances)
c 
c --- [ proof tracing ] ------------------------------------------------------
c 
c opening file to write '/tmp/51_680_0_four.drat'
c writing binary proof trace to '/tmp/51_680_0_four.drat'
c 
c --- [ parsing input ] ------------------------------------------------------
c 
c reading DIMACS file from '/tmp/51_680_0_four.cnf'
c opening file to read '/tmp/51_680_0_four.cnf'
c found 'p cnf 259840 1039929' header
c parsed 1039929 clauses in 0.46 seconds process time
c 
c --- [ options ] ------------------------------------------------------------
c 
c   --stabilize=false              (different from default 'true')
c   --walk=false                   (different from default 'true')
c 
c --- [ solving ] ------------------------------------------------------------
c 
c time measured in process time since initialization
c 
c  seconds   reductions  redundant   irredundant
c          MB    restarts       trail        variables
c           level   conflicts       glue           remaining
c 
c *  0.48 139  0 0   0    0    0  0% 0 1039424 253488 98%
c {  0.50 142  0 0   0    0    0  0% 0 1039424 253488 98%
c -  0.71 146 254 1   9  304  183  6% 4 916075 253488 98%
c I  1.23 146 77 1 152 1003  798  6% 8 916075 253488 98%
c -  1.91 177 62 2 203 1481 1200  7% 9 916075 253488 98%
c B  2.66 177 44 2 276 3004 2553  8% 9 916075 253488 98%
c -  3.19 178 44 3 301 3249 2184  8% 9 916075 253488 98%
c s  4.46 159 38 3 305 4073 2905  8% 8 916075 253488 98%
c w  6.03 185 38 3 305 4073 2903  8% 8 916075 253488 98%
c t  6.09 185 38 3 305 4073 2903  8% 8 915506 253488 98%
c e  8.81 198 38 3 305 4073   43  8% 8 226791 28023 11%
c s  9.05 198 38 3 305 4073   43  8% 8 226548 28023 11%
c e  9.36 198 38 3 305 4073   36  8% 8 226548 27930 11%
c 3  9.67 198 36 3 335 5000 3826  6% 8 226548 27930 11%
c 3  9.68 198 36 3 335 5000 3934  6% 8 226548 27930 11%
c d  9.73 198 36 3 335 5000 3882  6% 8 226548 27922 11%
c 2  9.75 198 36 3 335 5000 3866  6% 8 226548 27922 11%
c p  9.82 198 36 3 335 5000 5072  6% 8 226548 27922 11%
c -  9.98 145 35 4 375 5603 1544  8% 8 226548 27922 11%
c F 10.01 145 34 4 383 6005 1901  7% 8 226548 27922 11%
c 
c  seconds   reductions  redundant  irredundant
c          MB    restarts       trail       variables
c           level   conflicts       glue         remaining
c 
c i 10.12 145 31 4 432 7337 3014  7% 8 226548 27899 11%
c i 10.14 145 31 4 449 7594 3226  7% 8 226548 27865 11%
c - 10.20 145 31 5 449 7636 2111  7% 8 223546 27865 11%
c i 10.42 145 28 5 496 9492 3716  7% 8 223546 27569 11%
c i 10.42 145 28 5 496 9493 3716  7% 8 223546 27549 11%
c } 10.42 145 28 5 496 9495 3716  7% 8 223546 27346 11%
c 0 10.42 145 28 5 496 9495 3716  7% 8 223546 27346 11%
c 
c --- [ result ] -------------------------------------------------------------
c 
s UNSATISFIABLE
c 
c --- [ run-time profiling ] -------------------------------------------------
c 
c process time taken by individual solving procedures
c (percentage relative to process time for solving)
c 
c         5.60   56.25% simplify
c         4.34   43.55% search
c         4.31   43.31% unstable
c         2.95   29.61% elim
c         1.44   14.42% vivify
c         0.91    9.12% subsume
c         0.09    0.88% ternary
c         0.07    0.72% probe
c         0.02    0.24% lucky
c   =================================
c         9.96   95.58% solve
c 
c last line shows process time for solving
c (percentage relative to total process time)
c 
c --- [ statistics ] ---------------------------------------------------------
c 
c backtracked:               22930       241.50 %  of conflicts
c chronological:              3895        16.99 %  of backtracks
c conflicts:                  9495       953.70    per second
c decisions:                 36384      3654.48    per second
c eliminated:               225558        86.81 %  of all variables
c fixed:                      6928         2.67 %  of all variables
c learned:                    8894        93.67 %  per conflict
c minimized:                 88126        26.80 %  learned literals
c propagations:           15102808         1.52 M  per second
c reduced:                    1234        13.00 %  per conflict
c rephased:                      3      3165.00    interval
c restarts:                    496        19.14    interval
c substituted:                   8         0.00 %  of all variables
c subsumed:                   6086         0.20 %  of all clauses
c strengthened:              15145         0.50 %  of all clauses
c ternary:                    3559         0.32 %  of resolved
c vivified:                     98         0.00 %  of all clauses
c weakened:                 804605         2.84    average size
c 
c seconds are measured in process time for solving
c 
c --- [ resources ] ----------------------------------------------------------
c 
c total process time since initialization:        10.42    seconds
c total real time since initialization:           10.42    seconds
c maximum resident set size of process:          210.23    MB
c 
c --- [ shutting down ] ------------------------------------------------------
c 
c exit 20
