c --- [ banner ] -------------------------------------------------------------
c 
c CaDiCaL Radically Simplified CDCL SAT Solver
c Copyright (c) 2016-2019 Armin Biere, JKU Linz
c 
c Version 1.0.3 cb89cbfa16f47cb7bf1ec6ad9855e7b6d5203c18
c g++ (GCC) 6.3.0 -Wall -Wextra -O3 -DNDEBUG
c Fri Aug 23 08:17:16 CDT 2019 Linux login1 4.4.103-6.38-default x86_64
c 
c --- [ config ] -------------------------------------------------------------
c 
c using 'unsat' configuration (target unsatisfiable instances)
c 
c --- [ proof tracing ] ------------------------------------------------------
c 
c opening file to write '/tmp/64_375_0_three.drat'
c writing binary proof trace to '/tmp/64_375_0_three.drat'
c 
c --- [ parsing input ] ------------------------------------------------------
c 
c reading DIMACS file from '/tmp/64_375_0_three.cnf'
c opening file to read '/tmp/64_375_0_three.cnf'
c found 'p cnf 39424 200372' header
c parsed 200372 clauses in 0.08 seconds process time
c 
c --- [ options ] ------------------------------------------------------------
c 
c   --stabilize=false              (different from default 'true')
c   --walk=false                   (different from default 'true')
c 
c --- [ solving ] ------------------------------------------------------------
c 
c time measured in process time since initialization
c 
c  seconds  reductions  redundant  irredundant
c         MB    restarts       trail       variables
c          level   conflicts       glue         remaining
c 
c *  0.08 26  0 0   0    0    0  0% 0 183475 38126 97%
c {  0.08 27  0 0   0    0    0  0% 0 183475 38126 97%
c -  0.13 28 45 1   6  300  253 10% 7 174994 38126 97%
c I  0.18 29 32 1  52 1003  866  8% 7 174994 38126 97%
c -  0.23 35 33 2  57 1045  774  8% 7 174994 38126 97%
c -  0.34 35 34 3 115 2163 1303  9% 7 174994 38126 97%
c i  0.37 35 31 3 121 2471 1565  9% 7 174994 38100 97%
c i  0.37 35 31 3 121 2472 1565  9% 7 174994 38078 97%
c i  0.38 35 30 3 121 2491 1582  9% 7 174994 37723 96%
c i  0.38 35 29 3 121 2606 1659  9% 7 174994 37699 96%
c i  0.38 35 29 3 121 2645 1676  9% 7 174994 37555 95%
c }  0.38 35 29 3 121 2667 1691  9% 7 174994 37533 95%
c 0  0.38 35 29 3 121 2667 1691  9% 7 174994 37533 95%
c 
c --- [ result ] -------------------------------------------------------------
c 
s UNSATISFIABLE
c 
c --- [ run-time profiling ] -------------------------------------------------
c 
c process time taken by individual solving procedures
c (percentage relative to process time for solving)
c 
c         0.30  100.00% search
c         0.30  100.00% unstable
c         0.00    0.00% simplify
c   =================================
c         0.30   79.17% solve
c 
c last line shows process time for solving
c (percentage relative to total process time)
c 
c --- [ statistics ] ---------------------------------------------------------
c 
c backtracked:                3327       124.75 %  of conflicts
c chronological:              1267        38.08 %  of backtracks
c conflicts:                  2667      8773.03    per second
c decisions:                 11104     36526.32    per second
c fixed:                      1891         4.80 %  of all variables
c learned:                    2417        90.63 %  per conflict
c minimized:                 22973        31.21 %  learned literals
c propagations:            1125975         3.70 M  per second
c reduced:                     532        19.95 %  per conflict
c rephased:                      1      2667.00    interval
c restarts:                    121        22.04    interval
c subsumed:                    188         0.05 %  of all clauses
c 
c seconds are measured in process time for solving
c 
c --- [ resources ] ----------------------------------------------------------
c 
c total process time since initialization:         0.38    seconds
c total real time since initialization:            0.39    seconds
c maximum resident set size of process:           39.17    MB
c 
c --- [ shutting down ] ------------------------------------------------------
c 
c exit 20
