c --- [ banner ] -------------------------------------------------------------
c 
c CaDiCaL Radically Simplified CDCL SAT Solver
c Copyright (c) 2016-2019 Armin Biere, JKU Linz
c 
c Version 1.0.3 cb89cbfa16f47cb7bf1ec6ad9855e7b6d5203c18
c g++ (GCC) 6.3.0 -Wall -Wextra -O3 -DNDEBUG
c Fri Aug 23 08:17:16 CDT 2019 Linux login1 4.4.103-6.38-default x86_64
c 
c --- [ config ] -------------------------------------------------------------
c 
c using 'unsat' configuration (target unsatisfiable instances)
c 
c --- [ proof tracing ] ------------------------------------------------------
c 
c opening file to write '/tmp/64_424_0_three.drat'
c writing binary proof trace to '/tmp/64_424_0_three.drat'
c 
c --- [ parsing input ] ------------------------------------------------------
c 
c reading DIMACS file from '/tmp/64_424_0_three.cnf'
c opening file to read '/tmp/64_424_0_three.cnf'
c found 'p cnf 39424 200372' header
c parsed 200372 clauses in 0.08 seconds process time
c 
c --- [ options ] ------------------------------------------------------------
c 
c   --stabilize=false              (different from default 'true')
c   --walk=false                   (different from default 'true')
c 
c --- [ solving ] ------------------------------------------------------------
c 
c time measured in process time since initialization
c 
c  seconds  reductions  redundant  irredundant
c         MB    restarts       trail       variables
c          level   conflicts       glue         remaining
c 
c *  0.08 26  0 0   0    0    0  0% 0 183473 38129 97%
c {  0.08 27  0 0   0    0    0  0% 0 183473 38129 97%
c -  0.13 28 82 1   9  301  217 10% 9 174995 38129 97%
c I  0.20 29 62 1  30 1003  835 13% 9 174995 38129 97%
c -  0.25 35 62 2  35 1046  746 13% 9 174995 38129 97%
c -  0.38 35 55 3  85 2164 1281 12% 8 174995 38129 97%
c i  0.38 35 54 3  87 2207 1305 12% 8 174995 38121 97%
c B  0.44 35 51 3  93 3004 1998 11% 8 174995 38121 97%
c i  0.44 35 50 3  99 3127 2109 11% 8 174995 37882 96%
c i  0.45 35 49 3  99 3219 2185 11% 8 174995 37823 96%
c -  0.52 34 46 4 132 3655 1249 11% 8 164455 37565 95%
c i  0.53 34 46 4 132 3704 1290 11% 8 164455 37545 95%
c i  0.54 34 43 4 134 3897 1442 11% 8 164455 37426 95%
c s  0.68 32 41 4 164 4550 1969 11% 8 164455 37426 95%
c v  0.79 36 41 4 164 4550 1969 11% 8 162256 37426 95%
c w  0.84 37 41 4 164 4550 1946 11% 8 162256 37426 95%
c t  0.86 37 41 4 164 4550 1942 11% 8 144618 37426 95%
c e  1.55 41 41 4 164 4550   32 11% 8 119909 18406 47%
c s  1.63 44 41 4 164 4550   32 11% 8 119842 18406 47%
c i  1.78 44 41 4 178 4974  412  6% 8 119842 18388 47%
c 
c  seconds  reductions  redundant  irredundant
c         MB    restarts       trail       variables
c          level   conflicts       glue         remaining
c 
c d  1.80 44 41 4 178 5001  433  6% 8 117783 18372 47%
c 3  1.84 44 41 4 178 5001 6676  6% 8 117765 18371 47%
c 2  1.88 45 41 4 178 5001 6674  6% 8 117754 18371 47%
c p  1.92 45 41 4 178 5001 7352  6% 8 117754 18364 47%
c d  1.93 45 41 4 178 5001 7338  6% 8 117523 18363 47%
c }  1.94 45 41 4 178 5013 7346  6% 8 117493 18309 46%
c 0  1.94 45 41 4 178 5013 7346  6% 8 117493 18309 46%
c 
c --- [ result ] -------------------------------------------------------------
c 
s UNSATISFIABLE
c 
c --- [ run-time profiling ] -------------------------------------------------
c 
c process time taken by individual solving procedures
c (percentage relative to process time for solving)
c 
c         1.20   64.30% simplify
c         0.72   38.92% elim
c         0.66   35.70% search
c         0.66   35.70% unstable
c         0.16    8.60% subsume
c         0.14    7.31% vivify
c         0.05    2.80% ternary
c         0.04    2.37% probe
c   =================================
c         1.86   95.68% solve
c 
c last line shows process time for solving
c (percentage relative to total process time)
c 
c --- [ statistics ] ---------------------------------------------------------
c 
c backtracked:               16777       334.67 %  of conflicts
c chronological:              2297        13.69 %  of backtracks
c conflicts:                  5013      2695.16    per second
c decisions:                 22034     11846.24    per second
c eliminated:                19020        48.24 %  of all variables
c fixed:                      2082         5.28 %  of all variables
c learned:                    4560        90.96 %  per conflict
c minimized:                 37793        25.06 %  learned literals
c propagations:            3022425         1.62 M  per second
c reduced:                    1196        23.86 %  per conflict
c rephased:                      2      2506.50    interval
c restarts:                    178        28.16    interval
c substituted:                  13         0.03 %  of all variables
c subsumed:                   4247         0.58 %  of all clauses
c strengthened:               2868         0.39 %  of all clauses
c ternary:                    8071         0.68 %  of resolved
c vivified:                   2321         0.31 %  of all clauses
c weakened:                  64892         3.61    average size
c 
c seconds are measured in process time for solving
c 
c --- [ resources ] ----------------------------------------------------------
c 
c total process time since initialization:         1.94    seconds
c total real time since initialization:            1.94    seconds
c maximum resident set size of process:           44.65    MB
c 
c --- [ shutting down ] ------------------------------------------------------
c 
c exit 20
