c --- [ banner ] -------------------------------------------------------------
c 
c CaDiCaL Radically Simplified CDCL SAT Solver
c Copyright (c) 2016-2019 Armin Biere, JKU Linz
c 
c Version 1.0.3 cb89cbfa16f47cb7bf1ec6ad9855e7b6d5203c18
c g++ (GCC) 6.3.0 -Wall -Wextra -O3 -DNDEBUG
c Fri Aug 23 08:17:16 CDT 2019 Linux login1 4.4.103-6.38-default x86_64
c 
c --- [ config ] -------------------------------------------------------------
c 
c using 'unsat' configuration (target unsatisfiable instances)
c 
c --- [ proof tracing ] ------------------------------------------------------
c 
c opening file to write '/tmp/64_423_0_three.drat'
c writing binary proof trace to '/tmp/64_423_0_three.drat'
c 
c --- [ parsing input ] ------------------------------------------------------
c 
c reading DIMACS file from '/tmp/64_423_0_three.cnf'
c opening file to read '/tmp/64_423_0_three.cnf'
c found 'p cnf 39424 200372' header
c parsed 200372 clauses in 0.08 seconds process time
c 
c --- [ options ] ------------------------------------------------------------
c 
c   --stabilize=false              (different from default 'true')
c   --walk=false                   (different from default 'true')
c 
c --- [ solving ] ------------------------------------------------------------
c 
c time measured in process time since initialization
c 
c  seconds  reductions  redundant  irredundant
c         MB    restarts       trail       variables
c          level   conflicts       glue         remaining
c 
c *  0.08 26  0 0   0    0    0  0% 0 183475 38155 97%
c {  0.08 27  0 0   0    0    0  0% 0 183475 38155 97%
c i  0.10 27 29 0   0  244  198  9% 5 183475 38145 97%
c -  0.12 28 33 1   0  300  183  8% 6 175701 38145 97%
c i  0.13 29 35 1  20  403  273  8% 7 175701 38081 97%
c }  0.13 29 35 1  21  407  275  8% 7 175701 37851 96%
c 0  0.13 29 35 1  21  407  275  8% 7 175701 37851 96%
c 
c --- [ result ] -------------------------------------------------------------
c 
s UNSATISFIABLE
c 
c --- [ run-time profiling ] -------------------------------------------------
c 
c process time taken by individual solving procedures
c (percentage relative to process time for solving)
c 
c         0.05  100.00% search
c         0.05   92.31% unstable
c         0.00    7.69% lucky
c         0.00    0.00% simplify
c   =================================
c         0.05   39.39% solve
c 
c last line shows process time for solving
c (percentage relative to total process time)
c 
c --- [ statistics ] ---------------------------------------------------------
c 
c backtracked:                 515       126.54 %  of conflicts
c chronological:               192        37.28 %  of backtracks
c conflicts:                   407      7826.92    per second
c decisions:                  2425     46634.62    per second
c fixed:                      1573         3.99 %  of all variables
c learned:                     354        86.98 %  per conflict
c minimized:                  2729        30.29 %  learned literals
c propagations:             129964         2.50 M  per second
c restarts:                     21        19.38    interval
c subsumed:                     21         0.01 %  of all clauses
c 
c seconds are measured in process time for solving
c 
c --- [ resources ] ----------------------------------------------------------
c 
c total process time since initialization:         0.13    seconds
c total real time since initialization:            0.13    seconds
c maximum resident set size of process:           28.95    MB
c 
c --- [ shutting down ] ------------------------------------------------------
c 
c exit 20
