c --- [ banner ] -------------------------------------------------------------
c 
c CaDiCaL Radically Simplified CDCL SAT Solver
c Copyright (c) 2016-2019 Armin Biere, JKU Linz
c 
c Version 1.0.3 cb89cbfa16f47cb7bf1ec6ad9855e7b6d5203c18
c g++ (GCC) 6.3.0 -Wall -Wextra -O3 -DNDEBUG
c Fri Aug 23 08:17:16 CDT 2019 Linux login1 4.4.103-6.38-default x86_64
c 
c --- [ config ] -------------------------------------------------------------
c 
c using 'unsat' configuration (target unsatisfiable instances)
c 
c --- [ proof tracing ] ------------------------------------------------------
c 
c opening file to write '/tmp/64_54_0_three.drat'
c writing binary proof trace to '/tmp/64_54_0_three.drat'
c 
c --- [ parsing input ] ------------------------------------------------------
c 
c reading DIMACS file from '/tmp/64_54_0_three.cnf'
c opening file to read '/tmp/64_54_0_three.cnf'
c found 'p cnf 39424 200372' header
c parsed 200372 clauses in 0.08 seconds process time
c 
c --- [ options ] ------------------------------------------------------------
c 
c   --stabilize=false              (different from default 'true')
c   --walk=false                   (different from default 'true')
c 
c --- [ solving ] ------------------------------------------------------------
c 
c time measured in process time since initialization
c 
c  seconds  reductions  redundant  irredundant
c         MB    restarts       trail       variables
c          level   conflicts       glue         remaining
c 
c *  0.08 26  0 0   0    0    0  0% 0 183474 38106 97%
c {  0.08 27  0 0   0    0    0  0% 0 183474 38106 97%
c -  0.12 28 52 1  14  300  219  8% 7 174566 38106 97%
c i  0.14 29 65 1  45  548  405  9% 9 174566 38082 97%
c i  0.16 29 54 1  85  923  729  9% 9 174566 38076 97%
c I  0.17 29 50 1  85 1002  800  8% 8 174566 38076 97%
c -  0.22 34 52 2  85 1049  715  9% 8 173984 38076 97%
c i  0.23 34 56 2  95 1162  814  9% 9 173984 37995 96%
c i  0.26 34 57 2 127 1572 1179 10% 9 173984 37985 96%
c -  0.33 34 44 3 134 2166 1297 11% 8 171987 37985 96%
c }  0.38 34 39 3 170 2789 1821 10% 8 171987 37860 96%
c 0  0.38 34 39 3 170 2789 1821 10% 8 171987 37860 96%
c 
c --- [ result ] -------------------------------------------------------------
c 
s UNSATISFIABLE
c 
c --- [ run-time profiling ] -------------------------------------------------
c 
c process time taken by individual solving procedures
c (percentage relative to process time for solving)
c 
c         0.30  100.00% search
c         0.30  100.00% unstable
c         0.00    0.00% simplify
c   =================================
c         0.30   78.72% solve
c 
c last line shows process time for solving
c (percentage relative to total process time)
c 
c --- [ statistics ] ---------------------------------------------------------
c 
c backtracked:                3472       124.49 %  of conflicts
c chronological:              1299        37.41 %  of backtracks
c conflicts:                  2789      9422.30    per second
c decisions:                 16235     54847.97    per second
c fixed:                      1564         3.97 %  of all variables
c learned:                    2472        88.63 %  per conflict
c minimized:                 19465        23.81 %  learned literals
c propagations:            1232219         4.16 M  per second
c reduced:                     517        18.54 %  per conflict
c rephased:                      1      2789.00    interval
c restarts:                    170        16.41    interval
c subsumed:                    115         0.03 %  of all clauses
c 
c seconds are measured in process time for solving
c 
c --- [ resources ] ----------------------------------------------------------
c 
c total process time since initialization:         0.38    seconds
c total real time since initialization:            0.38    seconds
c maximum resident set size of process:           39.09    MB
c 
c --- [ shutting down ] ------------------------------------------------------
c 
c exit 20
