c --- [ banner ] -------------------------------------------------------------
c 
c CaDiCaL Radically Simplified CDCL SAT Solver
c Copyright (c) 2016-2019 Armin Biere, JKU Linz
c 
c Version 1.0.3 cb89cbfa16f47cb7bf1ec6ad9855e7b6d5203c18
c g++ (GCC) 6.3.0 -Wall -Wextra -O3 -DNDEBUG
c Fri Aug 23 08:17:16 CDT 2019 Linux login1 4.4.103-6.38-default x86_64
c 
c --- [ config ] -------------------------------------------------------------
c 
c using 'unsat' configuration (target unsatisfiable instances)
c 
c --- [ proof tracing ] ------------------------------------------------------
c 
c opening file to write '/tmp/62_1159_0_four.drat'
c writing binary proof trace to '/tmp/62_1159_0_four.drat'
c 
c --- [ parsing input ] ------------------------------------------------------
c 
c reading DIMACS file from '/tmp/62_1159_0_four.cnf'
c opening file to read '/tmp/62_1159_0_four.cnf'
c found 'p cnf 43008 265780' header
c parsed 265780 clauses in 0.10 seconds process time
c 
c --- [ options ] ------------------------------------------------------------
c 
c   --stabilize=false              (different from default 'true')
c   --walk=false                   (different from default 'true')
c 
c --- [ solving ] ------------------------------------------------------------
c 
c time measured in process time since initialization
c 
c  seconds  reductions  redundant  irredundant
c         MB    restarts       trail       variables
c          level   conflicts       glue         remaining
c 
c *  0.10 31  0 0   0    0    0  0% 0 243584 41524 97%
c {  0.10 32  0 0   0    0    0  0% 0 243584 41524 97%
c i  0.11 32 33 0   6  113   73  5% 5 243584 41488 96%
c -  0.14 33 41 1  36  301  200  6% 8 232352 41488 96%
c i  0.15 33 37 1  36  332  212  6% 8 232352 41486 96%
c i  0.15 33 35 1  36  363  237  5% 8 232352 41461 96%
c i  0.15 33 35 1  36  367  239  5% 8 232352 41434 96%
c }  0.15 33 34 1  36  370  239  5% 8 232352 41390 96%
c 0  0.15 33 34 1  36  370  239  5% 8 232352 41390 96%
c 
c --- [ result ] -------------------------------------------------------------
c 
s UNSATISFIABLE
c 
c --- [ run-time profiling ] -------------------------------------------------
c 
c process time taken by individual solving procedures
c (percentage relative to process time for solving)
c 
c         0.04  100.00% search
c         0.04  100.00% unstable
c         0.00    0.00% simplify
c   =================================
c         0.04   29.73% solve
c 
c last line shows process time for solving
c (percentage relative to total process time)
c 
c --- [ statistics ] ---------------------------------------------------------
c 
c backtracked:                 461       124.59 %  of conflicts
c chronological:               147        31.89 %  of backtracks
c conflicts:                   370      8409.09    per second
c decisions:                  3127     71068.18    per second
c fixed:                      1618         3.76 %  of all variables
c learned:                     282        76.22 %  per conflict
c minimized:                  1535        23.23 %  learned literals
c propagations:              83187         1.89 M  per second
c restarts:                     36        10.28    interval
c subsumed:                     36         0.01 %  of all clauses
c 
c seconds are measured in process time for solving
c 
c --- [ resources ] ----------------------------------------------------------
c 
c total process time since initialization:         0.15    seconds
c total real time since initialization:            0.15    seconds
c maximum resident set size of process:           34.58    MB
c 
c --- [ shutting down ] ------------------------------------------------------
c 
c exit 20
