c --- [ banner ] -------------------------------------------------------------
c 
c CaDiCaL Radically Simplified CDCL SAT Solver
c Copyright (c) 2016-2019 Armin Biere, JKU Linz
c 
c Version 1.0.3 cb89cbfa16f47cb7bf1ec6ad9855e7b6d5203c18
c g++ (GCC) 6.3.0 -Wall -Wextra -O3 -DNDEBUG
c Fri Aug 23 08:17:16 CDT 2019 Linux login1 4.4.103-6.38-default x86_64
c 
c --- [ config ] -------------------------------------------------------------
c 
c using 'unsat' configuration (target unsatisfiable instances)
c 
c --- [ proof tracing ] ------------------------------------------------------
c 
c opening file to write '/tmp/7_1088_0_four.drat'
c writing binary proof trace to '/tmp/7_1088_0_four.drat'
c 
c --- [ parsing input ] ------------------------------------------------------
c 
c reading DIMACS file from '/tmp/7_1088_0_four.cnf'
c opening file to read '/tmp/7_1088_0_four.cnf'
c found 'p cnf 43008 265785' header
c parsed 265785 clauses in 0.10 seconds process time
c 
c --- [ options ] ------------------------------------------------------------
c 
c   --stabilize=false              (different from default 'true')
c   --walk=false                   (different from default 'true')
c 
c --- [ solving ] ------------------------------------------------------------
c 
c time measured in process time since initialization
c 
c  seconds  reductions  redundant  irredundant
c         MB    restarts       trail       variables
c          level   conflicts       glue         remaining
c 
c *  0.10 31  0 0   0    0    0  0% 0 241968 41443 96%
c {  0.10 32  0 0   0    0    0  0% 0 241968 41443 96%
c -  0.14 32 39 1  13  300  218  8% 8 231365 41443 96%
c I  0.20 34 46 1  51 1023  747  9% 8 231365 41443 96%
c -  0.27 42 46 2  52 1123  711  9% 8 231365 41443 96%
c i  0.34 42 46 2 104 1879 1283 11% 9 231365 41442 96%
c i  0.35 42 44 2 105 2029 1404 11% 8 231365 41414 96%
c i  0.35 42 44 2 105 2030 1404 11% 8 231365 41384 96%
c i  0.35 42 43 2 105 2052 1420 11% 8 231365 41316 96%
c }  0.36 42 43 2 105 2054 1420 11% 8 231365 41248 96%
c 0  0.36 42 43 2 105 2054 1420 11% 8 231365 41248 96%
c 
c --- [ result ] -------------------------------------------------------------
c 
s UNSATISFIABLE
c 
c --- [ run-time profiling ] -------------------------------------------------
c 
c process time taken by individual solving procedures
c (percentage relative to process time for solving)
c 
c         0.25   98.44% search
c         0.25   98.44% unstable
c         0.00    0.00% simplify
c   =================================
c         0.26   71.91% solve
c 
c last line shows process time for solving
c (percentage relative to total process time)
c 
c --- [ statistics ] ---------------------------------------------------------
c 
c backtracked:                2456       119.57 %  of conflicts
c chronological:               812        33.06 %  of backtracks
c conflicts:                  2054      8023.44    per second
c decisions:                  9807     38308.59    per second
c fixed:                      1760         4.09 %  of all variables
c learned:                    1678        81.69 %  per conflict
c minimized:                 15234        22.46 %  learned literals
c propagations:             815808         3.19 M  per second
c reduced:                     111         5.40 %  per conflict
c rephased:                      1      2054.00    interval
c restarts:                    105        19.56    interval
c subsumed:                    142         0.03 %  of all clauses
c 
c seconds are measured in process time for solving
c 
c --- [ resources ] ----------------------------------------------------------
c 
c total process time since initialization:         0.36    seconds
c total real time since initialization:            0.36    seconds
c maximum resident set size of process:           41.76    MB
c 
c --- [ shutting down ] ------------------------------------------------------
c 
c exit 20
