c --- [ banner ] -------------------------------------------------------------
c 
c CaDiCaL Radically Simplified CDCL SAT Solver
c Copyright (c) 2016-2019 Armin Biere, JKU Linz
c 
c Version 1.0.3 cb89cbfa16f47cb7bf1ec6ad9855e7b6d5203c18
c g++ (GCC) 6.3.0 -Wall -Wextra -O3 -DNDEBUG
c Fri Aug 23 08:17:16 CDT 2019 Linux login1 4.4.103-6.38-default x86_64
c 
c --- [ config ] -------------------------------------------------------------
c 
c using 'unsat' configuration (target unsatisfiable instances)
c 
c --- [ proof tracing ] ------------------------------------------------------
c 
c opening file to write '/tmp/7_1079_0_four.drat'
c writing binary proof trace to '/tmp/7_1079_0_four.drat'
c 
c --- [ parsing input ] ------------------------------------------------------
c 
c reading DIMACS file from '/tmp/7_1079_0_four.cnf'
c opening file to read '/tmp/7_1079_0_four.cnf'
c found 'p cnf 43008 265785' header
c parsed 265785 clauses in 0.10 seconds process time
c 
c --- [ options ] ------------------------------------------------------------
c 
c   --stabilize=false              (different from default 'true')
c   --walk=false                   (different from default 'true')
c 
c --- [ solving ] ------------------------------------------------------------
c 
c time measured in process time since initialization
c 
c  seconds  reductions  redundant  irredundant
c         MB    restarts       trail       variables
c          level   conflicts       glue         remaining
c 
c *  0.10 31  0 0   0    0    0  0% 0 241971 41447 96%
c {  0.10 32  0 0   0    0    0  0% 0 241971 41447 96%
c -  0.15 33 42 1  33  306  209  8% 7 231365 41447 96%
c i  0.17 33 42 1  34  523  383  9% 7 231365 41428 96%
c I  0.22 33 43 1  95 1002  782  9% 8 231365 41428 96%
c -  0.31 41 46 2 118 1124  777  9% 8 230790 41428 96%
c i  0.40 41 44 2 184 2177 1562  9% 8 230790 41239 96%
c -  0.46 41 42 3 195 2356 1159 10% 8 225276 41150 96%
c i  0.51 41 37 3 213 2847 1548  9% 8 225276 41142 96%
c i  0.51 41 36 3 213 2897 1580  9% 8 225276 40927 95%
c i  0.51 41 36 3 213 2900 1582  9% 8 225276 40680 95%
c i  0.52 41 36 3 213 2901 1582  9% 8 225276 40347 94%
c i  0.52 41 36 3 213 2904 1583  9% 8 225276 40255 94%
c i  0.52 41 36 3 213 2905 1583  9% 8 225276 38411 89%
c }  0.62 39 36 3 213 2907  592  1% 8 184687 38308 89%
c 0  0.62 39 36 3 213 2907  592  1% 8 184687 38308 89%
c 
c --- [ result ] -------------------------------------------------------------
c 
s UNSATISFIABLE
c 
c --- [ run-time profiling ] -------------------------------------------------
c 
c process time taken by individual solving procedures
c (percentage relative to process time for solving)
c 
c         0.51  100.00% search
c         0.51  100.00% unstable
c         0.00    0.00% simplify
c   =================================
c         0.51   83.12% solve
c 
c last line shows process time for solving
c (percentage relative to total process time)
c 
c --- [ statistics ] ---------------------------------------------------------
c 
c backtracked:                3578       123.08 %  of conflicts
c chronological:              1244        34.77 %  of backtracks
c conflicts:                  2907      5677.73    per second
c decisions:                 17865     34892.58    per second
c fixed:                      4700        10.93 %  of all variables
c learned:                    2413        83.01 %  per conflict
c minimized:                 21348        24.82 %  learned literals
c propagations:            1258599         2.46 M  per second
c reduced:                     443        15.24 %  per conflict
c rephased:                      1      2907.00    interval
c restarts:                    213        13.65    interval
c subsumed:                    200         0.04 %  of all clauses
c 
c seconds are measured in process time for solving
c 
c --- [ resources ] ----------------------------------------------------------
c 
c total process time since initialization:         0.62    seconds
c total real time since initialization:            0.62    seconds
c maximum resident set size of process:           47.19    MB
c 
c --- [ shutting down ] ------------------------------------------------------
c 
c exit 20
