c --- [ banner ] -------------------------------------------------------------
c 
c CaDiCaL Radically Simplified CDCL SAT Solver
c Copyright (c) 2016-2019 Armin Biere, JKU Linz
c 
c Version 1.0.3 cb89cbfa16f47cb7bf1ec6ad9855e7b6d5203c18
c g++ (GCC) 6.3.0 -Wall -Wextra -O3 -DNDEBUG
c Fri Aug 23 08:17:16 CDT 2019 Linux login1 4.4.103-6.38-default x86_64
c 
c --- [ config ] -------------------------------------------------------------
c 
c using 'unsat' configuration (target unsatisfiable instances)
c 
c --- [ proof tracing ] ------------------------------------------------------
c 
c opening file to write '/tmp/32_1230_0_six.drat'
c writing binary proof trace to '/tmp/32_1230_0_six.drat'
c 
c --- [ parsing input ] ------------------------------------------------------
c 
c reading DIMACS file from '/tmp/32_1230_0_six.cnf'
c opening file to read '/tmp/32_1230_0_six.cnf'
c found 'p cnf 50176 399289' header
c parsed 399289 clauses in 0.26 seconds process time
c 
c --- [ options ] ------------------------------------------------------------
c 
c   --stabilize=false              (different from default 'true')
c   --walk=false                   (different from default 'true')
c 
c --- [ solving ] ------------------------------------------------------------
c 
c time measured in process time since initialization
c 
c  seconds  reductions  redundant  irredundant
c         MB    restarts       trail       variables
c          level   conflicts       glue         remaining
c 
c *  0.26 44  0 0   0    0    0  0% 0 363739 48274 96%
c {  0.26 45  0 0   0    0    0  0% 0 363739 48274 96%
c -  0.32 47 67 1  22  300  199  8% 9 350776 48274 96%
c I  0.35 47 52 1  56 1004  622  8% 9 350776 48274 96%
c -  0.46 59 52 2  67 1227  703  8% 10 350776 48274 96%
c -  0.62 59 53 3 141 2617 1371  9% 10 350776 48274 96%
c B  0.65 59 48 3 145 3009 1663  9% 10 350776 48274 96%
c -  0.83 59 46 4 250 4471 2020  9% 10 350776 48274 96%
c d  1.02 60 44 4 261 5001 2409  9% 10 346060 45916 92%
c 2  1.21 60 44 4 261 5001 2409  9% 10 340165 45916 92%
c p  1.38 63 44 4 261 5001 10226  9% 10 340165 45916 92%
c s  1.64 70 42 4 269 5832 10831  9% 9 340165 45916 92%
c v  2.10 70 42 4 269 5832 10831  9% 9 336716 45916 92%
c w  2.21 70 42 4 269 5832 10827  9% 9 336716 45916 92%
c t  2.25 70 42 4 269 5832 10826  9% 9 305943 45916 92%
c e  2.97 65 42 4 269 5832 5105  9% 9 288261 29266 58%
c s  3.08 70 42 4 269 5832 5105  9% 9 288260 29266 58%
c F  3.39 74 41 4 269 6013 5219  4% 9 288260 29266 58%
c -  3.48 74 40 5 297 6788 1315  5% 9 288260 29266 58%
c -  3.66 74 36 6 380 9416 2569  5% 9 288260 29266 58%
c 
c  seconds  reductions   redundant  irredundant
c         MB    restarts        trail       variables
c          level    conflicts       glue         remaining
c 
c B  3.69 74 36 6 453 10017 3034  5% 9 288260 29266 58%
c i  3.76 74 35 6 542 11052 3836  5% 9 288260 29265 58%
c -  3.90 74 34 7 581 12481 3679  5% 9 288141 29265 58%
c i  3.93 74 33 7 592 12923 4026  5% 9 288141 29264 58%
c i  3.94 74 33 7 592 13027 4091  5% 9 288141 29258 58%
c i  3.94 74 33 7 592 13040 4096  5% 9 288141 29245 58%
c i  3.94 74 33 7 592 13042 4097  5% 9 288141 29174 58%
c }  3.94 74 33 7 592 13052 4100  5% 9 288141 28964 58%
c 0  3.94 74 33 7 592 13052 4100  5% 9 288141 28964 58%
c 
c --- [ result ] -------------------------------------------------------------
c 
s UNSATISFIABLE
c 
c --- [ run-time profiling ] -------------------------------------------------
c 
c process time taken by individual solving procedures
c (percentage relative to process time for solving)
c 
c         2.16   58.76% simplify
c         1.52   41.24% search
c         1.51   41.13% unstable
c         0.83   22.52% elim
c         0.50   13.60% vivify
c         0.24    6.64% subsume
c         0.17    4.68% probe
c         0.15    4.13% ternary
c         0.00    0.11% lucky
c   =================================
c         3.68   93.39% solve
c 
c last line shows process time for solving
c (percentage relative to total process time)
c 
c --- [ statistics ] ---------------------------------------------------------
c 
c backtracked:               34093       261.21 %  of conflicts
c chronological:              4378        12.84 %  of backtracks
c conflicts:                 13052      3550.60    per second
c decisions:                 53541     14565.02    per second
c eliminated:                16650        33.18 %  of all variables
c fixed:                      2204         4.39 %  of all variables
c learned:                   11345        86.92 %  per conflict
c minimized:                168967        30.23 %  learned literals
c propagations:            5751754         1.56 M  per second
c reduced:                    2914        22.33 %  per conflict
c rephased:                      4      3263.00    interval
c restarts:                    592        22.05    interval
c substituted:                2358         4.70 %  of all variables
c subsumed:                  11483         0.90 %  of all clauses
c strengthened:               3553         0.28 %  of all clauses
c vivified:                   3515         0.27 %  of all clauses
c weakened:                 108888         3.99    average size
c 
c seconds are measured in process time for solving
c 
c --- [ resources ] ----------------------------------------------------------
c 
c total process time since initialization:         3.94    seconds
c total real time since initialization:            3.94    seconds
c maximum resident set size of process:           74.11    MB
c 
c --- [ shutting down ] ------------------------------------------------------
c 
c exit 20
