c --- [ banner ] -------------------------------------------------------------
c 
c CaDiCaL Radically Simplified CDCL SAT Solver
c Copyright (c) 2016-2019 Armin Biere, JKU Linz
c 
c Version 1.0.3 cb89cbfa16f47cb7bf1ec6ad9855e7b6d5203c18
c g++ (GCC) 6.3.0 -Wall -Wextra -O3 -DNDEBUG
c Fri Aug 23 08:17:16 CDT 2019 Linux login1 4.4.103-6.38-default x86_64
c 
c --- [ config ] -------------------------------------------------------------
c 
c using 'unsat' configuration (target unsatisfiable instances)
c 
c --- [ proof tracing ] ------------------------------------------------------
c 
c opening file to write '/tmp/32_1017_0_six.drat'
c writing binary proof trace to '/tmp/32_1017_0_six.drat'
c 
c --- [ parsing input ] ------------------------------------------------------
c 
c reading DIMACS file from '/tmp/32_1017_0_six.cnf'
c opening file to read '/tmp/32_1017_0_six.cnf'
c found 'p cnf 50176 399289' header
c parsed 399289 clauses in 0.15 seconds process time
c 
c --- [ options ] ------------------------------------------------------------
c 
c   --stabilize=false              (different from default 'true')
c   --walk=false                   (different from default 'true')
c 
c --- [ solving ] ------------------------------------------------------------
c 
c time measured in process time since initialization
c 
c  seconds  reductions  redundant  irredundant
c         MB    restarts       trail       variables
c          level   conflicts       glue         remaining
c 
c *  0.15 44  0 0   0    0    0  0% 0 363748 48386 96%
c {  0.16 45  0 0   0    0    0  0% 0 363748 48386 96%
c -  0.22 47 84 1  23  303  204  8% 8 353396 48386 96%
c I  0.30 48 66 1  67 1008  686 10% 9 353396 48386 96%
c -  0.43 60 68 2  85 1253  759 10% 10 353396 48386 96%
c -  0.63 60 53 3 181 2647 1438 10% 10 353396 48386 96%
c B  0.66 60 51 3 210 3010 1739 10% 10 353396 48386 96%
c i  0.71 60 51 3 238 3329 1997 10% 10 353396 48382 96%
c -  0.93 60 51 4 306 4504 2178 10% 10 353246 48382 96%
c d  1.14 62 49 4 352 5002 2598 10% 10 348496 46007 92%
c 2  1.33 61 49 4 352 5002 2598 10% 10 342561 46007 92%
c p  1.50 63 49 4 352 5002 6823 10% 10 342561 46007 92%
c s  1.79 70 52 4 398 5831 7482 10% 10 342558 46007 92%
c v  2.26 71 52 4 398 5831 7482 10% 10 338159 46007 92%
c w  2.38 71 52 4 398 5831 7481 10% 10 338159 46007 92%
c t  2.43 71 52 4 398 5831 7478 10% 10 308829 46007 92%
c e  3.19 66 52 4 398 5831 3186 10% 10 291885 29743 59%
c s  3.31 71 52 4 398 5831 3183 10% 10 291885 29743 59%
c F  3.50 75 51 4 398 6014 3311  7% 10 291885 29743 59%
c -  3.62 75 50 5 412 6827 1262  8% 10 291885 29743 59%
c 
c  seconds  reductions  redundant  irredundant
c         MB    restarts       trail       variables
c          level   conflicts       glue         remaining
c 
c -  3.86 75 43 6 496 9464 2517  7% 9 291885 29743 59%
c i  3.90 75 42 6 515 10009 2917  7% 9 291885 29737 59%
c B  3.90 75 42 6 515 10016 2924  7% 9 291885 29737 59%
c i  4.07 75 40 6 585 12235 4553  7% 9 291885 29719 59%
c -  4.22 84 40 7 597 12543 3267  7% 9 288843 29719 59%
c d  4.51 84 39 7 803 15004 5225  7% 9 288828 29715 59%
c 3  4.63 84 39 7 803 15004 25155  7% 9 288828 29715 59%
c 2  4.71 84 39 7 803 15004 25154  7% 9 288823 29616 59%
c p  4.86 84 39 7 803 15004 34730  7% 9 288823 29556 59%
c #  4.90 84 39 7 803 15017 34743  7% 9 288823 29556 59%
c -  5.14 84 39 8 831 16048 5204  8% 9 276965 29556 59%
c i  5.25 84 38 8 860 16855 5856  8% 9 276965 29549 59%
c i  5.39 84 38 8 905 17623 6516  9% 9 276965 29543 59%
c s  5.60 86 37 8 949 19013 7634  8% 9 276965 29543 59%
c v  5.87 86 37 8 949 19013 7634  8% 9 265346 29543 59%
c w  5.97 86 37 8 949 19013 7519  8% 9 265346 29529 59%
c t  5.98 86 37 8 949 19013 7500  8% 9 258594 29529 59%
c e  6.27 86 37 8 949 19013 3858  8% 9 252294 27062 54%
c s  6.34 87 37 8 949 19013 3765  8% 9 251439 27062 54%
c e  6.45 87 37 8 949 19013 3668  8% 9 251405 27052 54%
c 
c  seconds  reductions   redundant  irredundant
c         MB    restarts        trail       variables
c          level    conflicts       glue         remaining
c 
c -  6.63 87 37 9 982 19944 3384  8% 9 251405 27052 54%
c i  6.71 87 38 9 1000 20797 4030  8% 9 251405 27041 54%
c B  6.75 87 38 9 1002 21018 4218  9% 9 251405 27041 54%
c i  6.90 87 37 9 1086 22797 5659  8% 9 251405 27035 54%
c -  7.14 87 37 10 1113 24145 5273  9% 9 249464 27035 54%
c i  7.16 87 37 10 1119 24210 5318  9% 9 249464 27029 54%
c i  7.49 87 36 10 1189 26270 7063  9% 8 249464 27022 54%
c i  7.60 87 36 10 1189 26866 7511  9% 8 249464 27021 54%
c i  7.61 87 35 10 1189 27238 7770  9% 8 249464 27015 54%
c i  7.61 87 35 10 1189 27322 7820  9% 8 249464 27014 54%
c i  7.61 87 35 10 1189 27338 7829  9% 8 249464 27000 54%
c i  7.61 87 35 10 1189 27343 7831  9% 8 249464 26995 54%
c i  7.61 87 35 10 1189 27345 7831  9% 8 249464 26969 54%
c }  7.61 87 35 10 1189 27347 7831  9% 8 249464 26961 54%
c 0  7.61 87 35 10 1189 27347 7831  9% 8 249464 26961 54%
c 
c --- [ result ] -------------------------------------------------------------
c 
s UNSATISFIABLE
c 
c --- [ run-time profiling ] -------------------------------------------------
c 
c process time taken by individual solving procedures
c (percentage relative to process time for solving)
c 
c         4.04   54.21% search
c         4.04   54.16% unstable
c         3.42   45.79% simplify
c         1.15   15.39% elim
c         0.86   11.53% vivify
c         0.40    5.36% subsume
c         0.32    4.29% probe
c         0.29    3.91% ternary
c         0.00    0.05% lucky
c   =================================
c         7.46   98.00% solve
c 
c last line shows process time for solving
c (percentage relative to total process time)
c 
c --- [ statistics ] ---------------------------------------------------------
c 
c backtracked:               98153       358.92 %  of conflicts
c chronological:             10258        10.45 %  of backtracks
c conflicts:                 27347      3665.82    per second
c decisions:                111022     14882.31    per second
c eliminated:                18741        37.35 %  of all variables
c fixed:                      2095         4.18 %  of all variables
c learned:                   24717        90.38 %  per conflict
c minimized:                352613        30.63 %  learned literals
c propagations:           15489025         2.08 M  per second
c reduced:                    6639        24.28 %  per conflict
c rephased:                      6      4557.83    interval
c restarts:                   1189        23.00    interval
c substituted:                2379         4.74 %  of all variables
c subsumed:                  27585         1.95 %  of all clauses
c strengthened:               6700         0.47 %  of all clauses
c ternary:                   29216         0.97 %  of resolved
c vivified:                  16551         1.17 %  of all clauses
c weakened:                 123346         4.73    average size
c 
c seconds are measured in process time for solving
c 
c --- [ resources ] ----------------------------------------------------------
c 
c total process time since initialization:         7.61    seconds
c total real time since initialization:            7.61    seconds
c maximum resident set size of process:           86.55    MB
c 
c --- [ shutting down ] ------------------------------------------------------
c 
c exit 20
