c --- [ banner ] -------------------------------------------------------------
c 
c CaDiCaL Radically Simplified CDCL SAT Solver
c Copyright (c) 2016-2019 Armin Biere, JKU Linz
c 
c Version 1.0.3 cb89cbfa16f47cb7bf1ec6ad9855e7b6d5203c18
c g++ (GCC) 6.3.0 -Wall -Wextra -O3 -DNDEBUG
c Fri Aug 23 08:17:16 CDT 2019 Linux login1 4.4.103-6.38-default x86_64
c 
c --- [ config ] -------------------------------------------------------------
c 
c using 'unsat' configuration (target unsatisfiable instances)
c 
c --- [ proof tracing ] ------------------------------------------------------
c 
c opening file to write '/tmp/32_317_0_six.drat'
c writing binary proof trace to '/tmp/32_317_0_six.drat'
c 
c --- [ parsing input ] ------------------------------------------------------
c 
c reading DIMACS file from '/tmp/32_317_0_six.cnf'
c opening file to read '/tmp/32_317_0_six.cnf'
c found 'p cnf 50176 399289' header
c parsed 399289 clauses in 0.15 seconds process time
c 
c --- [ options ] ------------------------------------------------------------
c 
c   --stabilize=false              (different from default 'true')
c   --walk=false                   (different from default 'true')
c 
c --- [ solving ] ------------------------------------------------------------
c 
c time measured in process time since initialization
c 
c  seconds  reductions  redundant  irredundant
c         MB    restarts       trail       variables
c          level   conflicts       glue         remaining
c 
c *  0.16 44  0 0   0    0    0  0% 0 363739 48137 96%
c {  0.16 45  0 0   0    0    0  0% 0 363739 48137 96%
c -  0.21 46 55 1  21  300  174  7% 8 347285 48137 96%
c I  0.26 46 59 1  67 1003  631 11% 10 347285 48137 96%
c -  0.40 59 60 2  79 1224  733 11% 10 347285 48137 96%
c i  0.42 60 58 2  79 1322  802 10% 10 347285 48101 96%
c i  0.42 60 54 2  79 1430  870 10% 9 347285 48072 96%
c i  0.42 60 54 2  79 1441  880 10% 9 347285 47982 96%
c i  0.42 60 54 2  79 1448  885 10% 9 347285 47727 95%
c i  0.46 60 53 2 110 1759 1125 11% 9 347285 47680 95%
c i  0.50 60 51 2 143 2107 1395 11% 9 347285 47584 95%
c i  0.50 60 50 2 143 2115 1401 11% 9 347285 47374 94%
c }  0.50 60 50 2 143 2126 1403 11% 9 347285 46991 94%
c 0  0.50 60 50 2 143 2126 1403 11% 9 347285 46991 94%
c 
c --- [ result ] -------------------------------------------------------------
c 
s UNSATISFIABLE
c 
c --- [ run-time profiling ] -------------------------------------------------
c 
c process time taken by individual solving procedures
c (percentage relative to process time for solving)
c 
c         0.34   98.85% search
c         0.34   98.85% unstable
c         0.00    0.00% simplify
c   =================================
c         0.35   69.60% solve
c 
c last line shows process time for solving
c (percentage relative to total process time)
c 
c --- [ statistics ] ---------------------------------------------------------
c 
c backtracked:                2522       118.63 %  of conflicts
c chronological:               810        32.12 %  of backtracks
c conflicts:                  2126      6109.20    per second
c decisions:                 12921     37129.31    per second
c fixed:                      3185         6.35 %  of all variables
c learned:                    1627        76.53 %  per conflict
c minimized:                 18015        24.83 %  learned literals
c propagations:            1085964         3.12 M  per second
c reduced:                      63         2.96 %  per conflict
c rephased:                      1      2126.00    interval
c restarts:                    143        14.87    interval
c subsumed:                    151         0.02 %  of all clauses
c 
c seconds are measured in process time for solving
c 
c --- [ resources ] ----------------------------------------------------------
c 
c total process time since initialization:         0.50    seconds
c total real time since initialization:            0.50    seconds
c maximum resident set size of process:           59.59    MB
c 
c --- [ shutting down ] ------------------------------------------------------
c 
c exit 20
