c --- [ banner ] -------------------------------------------------------------
c 
c CaDiCaL Radically Simplified CDCL SAT Solver
c Copyright (c) 2016-2019 Armin Biere, JKU Linz
c 
c Version 1.0.3 cb89cbfa16f47cb7bf1ec6ad9855e7b6d5203c18
c g++ (GCC) 6.3.0 -Wall -Wextra -O3 -DNDEBUG
c Fri Aug 23 08:17:16 CDT 2019 Linux login1 4.4.103-6.38-default x86_64
c 
c --- [ config ] -------------------------------------------------------------
c 
c using 'unsat' configuration (target unsatisfiable instances)
c 
c --- [ proof tracing ] ------------------------------------------------------
c 
c opening file to write '/tmp/32_604_0_six.drat'
c writing binary proof trace to '/tmp/32_604_0_six.drat'
c 
c --- [ parsing input ] ------------------------------------------------------
c 
c reading DIMACS file from '/tmp/32_604_0_six.cnf'
c opening file to read '/tmp/32_604_0_six.cnf'
c found 'p cnf 50176 399289' header
c parsed 399289 clauses in 0.24 seconds process time
c 
c --- [ options ] ------------------------------------------------------------
c 
c   --stabilize=false              (different from default 'true')
c   --walk=false                   (different from default 'true')
c 
c --- [ solving ] ------------------------------------------------------------
c 
c time measured in process time since initialization
c 
c  seconds  reductions  redundant  irredundant
c         MB    restarts       trail       variables
c          level   conflicts       glue         remaining
c 
c *  0.24 44  0 0   0    0    0  0% 0 363748 48225 96%
c {  0.24 45  0 0   0    0    0  0% 0 363748 48225 96%
c -  0.30 46 43 1  37  300  201  6% 7 349905 48225 96%
c I  0.36 48 70 1 105 1006  684  9% 10 349905 48225 96%
c -  0.48 60 56 2 108 1229  795  9% 9 349905 48225 96%
c -  0.66 60 51 3 177 2633 1403 10% 9 349905 48225 96%
c B  0.70 60 49 3 200 3009 1659 10% 9 349905 48225 96%
c -  0.90 60 47 4 313 4486 2053 10% 9 349905 48225 96%
c d  1.10 61 47 4 323 5013 2473 10% 9 345201 45873 91%
c 2  1.29 61 47 4 323 5013 2473 10% 9 339321 45873 91%
c p  1.46 62 47 4 323 5013 10006 10% 9 339321 45873 91%
c s  1.75 70 47 4 344 5831 10603 11% 9 339319 45873 91%
c v  2.23 70 47 4 344 5831 10603 11% 9 335171 45873 91%
c w  2.35 70 47 4 344 5831 10595 11% 9 335171 45873 91%
c t  2.39 70 47 4 344 5831 10592 11% 9 304031 45873 91%
c e  3.13 65 47 4 344 5831 5062 11% 9 286105 29098 58%
c F  3.42 74 47 4 360 6014 5182  6% 9 286105 29098 58%
c -  3.52 74 50 5 370 6804 1372  6% 9 286105 29098 58%
c i  3.59 74 44 5 398 7985 2275  5% 9 286105 29091 58%
c i  3.62 74 41 5 401 8487 2635  5% 8 286105 29083 58%
c 
c  seconds  reductions  redundant  irredundant
c         MB    restarts       trail       variables
c          level   conflicts       glue         remaining
c 
c i  3.62 74 41 5 401 8554 2693  5% 8 286105 29055 58%
c i  3.62 74 41 5 401 8568 2692  5% 8 286105 29027 58%
c i  3.62 74 41 5 401 8589 2706  5% 8 286105 29000 58%
c i  3.63 74 40 5 401 8609 2715  5% 8 286105 28785 57%
c i  3.63 74 40 5 401 8611 2716  5% 8 286105 28601 57%
c }  3.63 74 40 5 401 8614 2717  5% 8 286105 27698 55%
c 0  3.63 74 40 5 401 8614 2717  5% 8 286105 27698 55%
c 
c --- [ result ] -------------------------------------------------------------
c 
s UNSATISFIABLE
c 
c --- [ run-time profiling ] -------------------------------------------------
c 
c process time taken by individual solving procedures
c (percentage relative to process time for solving)
c 
c         2.09   61.56% simplify
c         1.30   38.44% search
c         1.30   38.33% unstable
c         0.73   21.58% elim
c         0.54   15.80% vivify
c         0.25    7.31% subsume
c         0.16    4.83% probe
c         0.15    4.36% ternary
c         0.00    0.12% lucky
c   =================================
c         3.39   93.50% solve
c 
c last line shows process time for solving
c (percentage relative to total process time)
c 
c --- [ statistics ] ---------------------------------------------------------
c 
c backtracked:               30897       358.68 %  of conflicts
c chronological:              3058         9.90 %  of backtracks
c conflicts:                  8614      2539.50    per second
c decisions:                 38672     11400.94    per second
c eliminated:                16775        33.43 %  of all variables
c fixed:                      3351         6.68 %  of all variables
c learned:                    7330        85.09 %  per conflict
c minimized:                111214        30.44 %  learned literals
c propagations:            5146513         1.52 M  per second
c reduced:                    1310        15.21 %  per conflict
c rephased:                      3      2871.33    interval
c restarts:                    401        21.48    interval
c substituted:                2352         4.69 %  of all variables
c subsumed:                  11439         0.90 %  of all clauses
c strengthened:               3737         0.29 %  of all clauses
c vivified:                   4292         0.34 %  of all clauses
c weakened:                 108812         4.00    average size
c 
c seconds are measured in process time for solving
c 
c --- [ resources ] ----------------------------------------------------------
c 
c total process time since initialization:         3.63    seconds
c total real time since initialization:            3.63    seconds
c maximum resident set size of process:           74.35    MB
c 
c --- [ shutting down ] ------------------------------------------------------
c 
c exit 20
