c --- [ banner ] -------------------------------------------------------------
c 
c CaDiCaL Radically Simplified CDCL SAT Solver
c Copyright (c) 2016-2019 Armin Biere, JKU Linz
c 
c Version 1.0.3 cb89cbfa16f47cb7bf1ec6ad9855e7b6d5203c18
c g++ (GCC) 6.3.0 -Wall -Wextra -O3 -DNDEBUG
c Fri Aug 23 08:17:16 CDT 2019 Linux login1 4.4.103-6.38-default x86_64
c 
c --- [ config ] -------------------------------------------------------------
c 
c using 'unsat' configuration (target unsatisfiable instances)
c 
c --- [ proof tracing ] ------------------------------------------------------
c 
c opening file to write '/tmp/32_672_0_six.drat'
c writing binary proof trace to '/tmp/32_672_0_six.drat'
c 
c --- [ parsing input ] ------------------------------------------------------
c 
c reading DIMACS file from '/tmp/32_672_0_six.cnf'
c opening file to read '/tmp/32_672_0_six.cnf'
c found 'p cnf 50176 399289' header
c parsed 399289 clauses in 0.20 seconds process time
c 
c --- [ options ] ------------------------------------------------------------
c 
c   --stabilize=false              (different from default 'true')
c   --walk=false                   (different from default 'true')
c 
c --- [ solving ] ------------------------------------------------------------
c 
c time measured in process time since initialization
c 
c  seconds  reductions  redundant  irredundant
c         MB    restarts       trail       variables
c          level   conflicts       glue         remaining
c 
c *  0.20 44  0 0   0    0    0  0% 0 363728 48147 96%
c {  0.20 45  0 0   0    0    0  0% 0 363728 48147 96%
c -  0.27 46 67 1  32  303  213  8% 10 348157 48147 96%
c I  0.33 47 64 1  60 1004  729  9% 9 348157 48147 96%
c -  0.46 59 51 2  60 1228  772  9% 8 348157 48147 96%
c i  0.50 60 45 2  86 1698 1082 10% 8 348157 48143 96%
c i  0.50 60 45 2  86 1700 1082 10% 8 348157 48108 96%
c i  0.50 60 45 2  86 1701 1082 10% 8 348157 48074 96%
c i  0.50 60 44 2  96 1778 1138 10% 8 348157 48073 96%
c i  0.51 60 44 2  96 1795 1146 10% 8 348157 47940 96%
c i  0.51 60 44 2  96 1798 1147 10% 8 348157 47939 96%
c i  0.51 60 44 2  96 1801 1149 10% 8 348157 47938 96%
c i  0.51 60 44 2  96 1804 1150 10% 8 348157 47937 96%
c i  0.51 60 44 2  96 1806 1151 10% 8 348157 47936 96%
c i  0.51 60 44 2  96 1808 1152 10% 8 348157 47926 96%
c i  0.51 60 44 2  96 1810 1153 10% 8 348157 47925 96%
c i  0.51 60 44 2  96 1813 1154 10% 8 348157 47924 96%
c i  0.51 60 44 2  96 1815 1155 10% 8 348157 47923 96%
c i  0.51 60 44 2  96 1817 1156 10% 8 348157 47922 96%
c i  0.51 60 44 2  96 1819 1157 10% 8 348157 47921 96%
c 
c  seconds  reductions  redundant  irredundant
c         MB    restarts       trail       variables
c          level   conflicts       glue         remaining
c 
c i  0.51 60 44 2  96 1821 1158 10% 8 348157 47920 96%
c i  0.51 60 44 2  96 1823 1159 10% 8 348157 47919 96%
c i  0.51 60 43 2  96 1825 1160 10% 8 348157 47918 95%
c i  0.51 60 43 2  96 1827 1161 10% 8 348157 47917 95%
c i  0.51 60 43 2  96 1829 1162 10% 8 348157 47916 95%
c i  0.51 60 43 2  96 1831 1163 10% 8 348157 47915 95%
c i  0.54 60 40 2 109 2176 1369 10% 7 348157 46197 92%
c i  0.54 60 40 2 109 2178 1370 10% 7 348157 46195 92%
c i  0.54 60 40 2 109 2179 1370 10% 7 348157 45784 91%
c }  0.54 60 39 2 110 2268 1430 10% 7 348157 45225 90%
c 0  0.54 60 39 2 110 2268 1430 10% 7 348157 45225 90%
c 
c --- [ result ] -------------------------------------------------------------
c 
s UNSATISFIABLE
c 
c --- [ run-time profiling ] -------------------------------------------------
c 
c process time taken by individual solving procedures
c (percentage relative to process time for solving)
c 
c         0.34   98.82% search
c         0.34   98.82% unstable
c         0.00    0.00% simplify
c   =================================
c         0.34   62.96% solve
c 
c last line shows process time for solving
c (percentage relative to total process time)
c 
c --- [ statistics ] ---------------------------------------------------------
c 
c backtracked:                2633       116.09 %  of conflicts
c chronological:               889        33.76 %  of backtracks
c conflicts:                  2268      6670.59    per second
c decisions:                 12197     35873.53    per second
c fixed:                      4951         9.87 %  of all variables
c learned:                    1779        78.44 %  per conflict
c minimized:                 20299        26.12 %  learned literals
c propagations:             979508         2.88 M  per second
c reduced:                     105         4.63 %  per conflict
c rephased:                      1      2268.00    interval
c restarts:                    110        20.62    interval
c subsumed:                    217         0.03 %  of all clauses
c 
c seconds are measured in process time for solving
c 
c --- [ resources ] ----------------------------------------------------------
c 
c total process time since initialization:         0.54    seconds
c total real time since initialization:            0.54    seconds
c maximum resident set size of process:           59.56    MB
c 
c --- [ shutting down ] ------------------------------------------------------
c 
c exit 20
