c --- [ banner ] -------------------------------------------------------------
c 
c CaDiCaL Radically Simplified CDCL SAT Solver
c Copyright (c) 2016-2019 Armin Biere, JKU Linz
c 
c Version 1.0.3 cb89cbfa16f47cb7bf1ec6ad9855e7b6d5203c18
c g++ (GCC) 6.3.0 -Wall -Wextra -O3 -DNDEBUG
c Fri Aug 23 08:17:16 CDT 2019 Linux login1 4.4.103-6.38-default x86_64
c 
c --- [ config ] -------------------------------------------------------------
c 
c using 'unsat' configuration (target unsatisfiable instances)
c 
c --- [ proof tracing ] ------------------------------------------------------
c 
c opening file to write '/tmp/32_859_0_six.drat'
c writing binary proof trace to '/tmp/32_859_0_six.drat'
c 
c --- [ parsing input ] ------------------------------------------------------
c 
c reading DIMACS file from '/tmp/32_859_0_six.cnf'
c opening file to read '/tmp/32_859_0_six.cnf'
c found 'p cnf 50176 399289' header
c parsed 399289 clauses in 0.18 seconds process time
c 
c --- [ options ] ------------------------------------------------------------
c 
c   --stabilize=false              (different from default 'true')
c   --walk=false                   (different from default 'true')
c 
c --- [ solving ] ------------------------------------------------------------
c 
c time measured in process time since initialization
c 
c  seconds  reductions  redundant  irredundant
c         MB    restarts       trail       variables
c          level   conflicts       glue         remaining
c 
c *  0.18 44  0 0   0    0    0  0% 0 363730 47916 95%
c {  0.18 45  0 0   0    0    0  0% 0 363730 47916 95%
c i  0.18 45 57 0   0   93   73  7% 3 363730 47908 95%
c -  0.24 46 61 1  19  300  186  9% 8 342748 47908 95%
c I  0.28 46 76 1  61 1011  650 10% 10 342748 47908 95%
c -  0.40 58 65 2  71 1220  733 10% 10 342748 47908 95%
c i  0.46 58 56 2 113 2125 1176 12% 11 342748 47856 95%
c i  0.46 58 56 2 113 2127 1176 12% 11 342748 47816 95%
c }  0.46 58 55 2 113 2134 1178 12% 11 342748 47682 95%
c 0  0.46 58 55 2 113 2134 1178 12% 11 342748 47682 95%
c 
c --- [ result ] -------------------------------------------------------------
c 
s UNSATISFIABLE
c 
c --- [ run-time profiling ] -------------------------------------------------
c 
c process time taken by individual solving procedures
c (percentage relative to process time for solving)
c 
c         0.28  100.00% search
c         0.28   98.57% unstable
c         0.00    1.43% lucky
c         0.00    0.00% simplify
c   =================================
c         0.28   61.40% solve
c 
c last line shows process time for solving
c (percentage relative to total process time)
c 
c --- [ statistics ] ---------------------------------------------------------
c 
c backtracked:                2471       115.79 %  of conflicts
c chronological:               700        28.33 %  of backtracks
c conflicts:                  2134      7621.43    per second
c decisions:                 10971     39182.14    per second
c fixed:                      2494         4.97 %  of all variables
c learned:                    1387        65.00 %  per conflict
c minimized:                 15511        22.27 %  learned literals
c propagations:             767888         2.74 M  per second
c reduced:                      67         3.14 %  per conflict
c rephased:                      1      2134.00    interval
c restarts:                    113        18.88    interval
c subsumed:                    137         0.02 %  of all clauses
c 
c seconds are measured in process time for solving
c 
c --- [ resources ] ----------------------------------------------------------
c 
c total process time since initialization:         0.46    seconds
c total real time since initialization:            0.46    seconds
c maximum resident set size of process:           58.22    MB
c 
c --- [ shutting down ] ------------------------------------------------------
c 
c exit 20
