c --- [ banner ] -------------------------------------------------------------
c 
c CaDiCaL Radically Simplified CDCL SAT Solver
c Copyright (c) 2016-2019 Armin Biere, JKU Linz
c 
c Version 1.0.3 cb89cbfa16f47cb7bf1ec6ad9855e7b6d5203c18
c g++ (GCC) 6.3.0 -Wall -Wextra -O3 -DNDEBUG
c Fri Aug 23 08:17:16 CDT 2019 Linux login1 4.4.103-6.38-default x86_64
c 
c --- [ config ] -------------------------------------------------------------
c 
c using 'unsat' configuration (target unsatisfiable instances)
c 
c --- [ proof tracing ] ------------------------------------------------------
c 
c opening file to write '/tmp/53_149_0_four.drat'
c writing binary proof trace to '/tmp/53_149_0_four.drat'
c 
c --- [ parsing input ] ------------------------------------------------------
c 
c reading DIMACS file from '/tmp/53_149_0_four.cnf'
c opening file to read '/tmp/53_149_0_four.cnf'
c found 'p cnf 43008 265780' header
c parsed 265780 clauses in 0.10 seconds process time
c 
c --- [ options ] ------------------------------------------------------------
c 
c   --stabilize=false              (different from default 'true')
c   --walk=false                   (different from default 'true')
c 
c --- [ solving ] ------------------------------------------------------------
c 
c time measured in process time since initialization
c 
c  seconds  reductions  redundant  irredundant
c         MB    restarts       trail       variables
c          level   conflicts       glue         remaining
c 
c *  0.10 31  0 0   0    0    0  0% 0 243772 41538 97%
c {  0.10 32  0 0   0    0    0  0% 0 243772 41538 97%
c i  0.12 32 46 0   2  106   84  8% 6 243772 41477 96%
c -  0.15 33 58 1  28  300  227  9% 9 231785 41477 96%
c i  0.16 33 53 1  28  418  295  8% 9 231785 41337 96%
c I  0.20 34 51 1  61 1011  738  9% 9 231785 41317 96%
c -  0.27 42 54 2  74 1121  711  9% 9 228157 41317 96%
c i  0.28 42 56 2  74 1219  790  9% 9 228157 41289 96%
c i  0.28 42 56 2  74 1220  790  9% 9 228157 41167 96%
c i  0.28 42 56 2  74 1233  799  9% 9 228157 41119 96%
c }  0.28 42 55 2  74 1238  799  9% 9 228157 40927 95%
c 0  0.28 42 55 2  74 1238  799  9% 9 228157 40927 95%
c 
c --- [ result ] -------------------------------------------------------------
c 
s UNSATISFIABLE
c 
c --- [ run-time profiling ] -------------------------------------------------
c 
c process time taken by individual solving procedures
c (percentage relative to process time for solving)
c 
c         0.18  100.00% search
c         0.18   97.78% unstable
c         0.00    2.22% lucky
c         0.00    0.00% simplify
c   =================================
c         0.18   64.29% solve
c 
c last line shows process time for solving
c (percentage relative to total process time)
c 
c --- [ statistics ] ---------------------------------------------------------
c 
c backtracked:                1495       120.76 %  of conflicts
c chronological:               503        33.65 %  of backtracks
c conflicts:                  1238      6877.78    per second
c decisions:                  7073     39294.44    per second
c fixed:                      2081         4.84 %  of all variables
c learned:                     964        77.87 %  per conflict
c minimized:                  6771        19.17 %  learned literals
c propagations:             445257         2.47 M  per second
c reduced:                     114         9.21 %  per conflict
c rephased:                      1      1238.00    interval
c restarts:                     74        16.73    interval
c subsumed:                     44         0.01 %  of all clauses
c 
c seconds are measured in process time for solving
c 
c --- [ resources ] ----------------------------------------------------------
c 
c total process time since initialization:         0.28    seconds
c total real time since initialization:            0.28    seconds
c maximum resident set size of process:           41.72    MB
c 
c --- [ shutting down ] ------------------------------------------------------
c 
c exit 20
