c --- [ banner ] -------------------------------------------------------------
c 
c CaDiCaL Radically Simplified CDCL SAT Solver
c Copyright (c) 2016-2019 Armin Biere, JKU Linz
c 
c Version 1.0.3 cb89cbfa16f47cb7bf1ec6ad9855e7b6d5203c18
c g++ (GCC) 6.3.0 -Wall -Wextra -O3 -DNDEBUG
c Fri Aug 23 08:17:16 CDT 2019 Linux login1 4.4.103-6.38-default x86_64
c 
c --- [ config ] -------------------------------------------------------------
c 
c using 'unsat' configuration (target unsatisfiable instances)
c 
c --- [ proof tracing ] ------------------------------------------------------
c 
c opening file to write '/tmp/54_163_0_three.drat'
c writing binary proof trace to '/tmp/54_163_0_three.drat'
c 
c --- [ parsing input ] ------------------------------------------------------
c 
c reading DIMACS file from '/tmp/54_163_0_three.cnf'
c opening file to read '/tmp/54_163_0_three.cnf'
c found 'p cnf 202048 780985' header
c parsed 780985 clauses in 0.32 seconds process time
c 
c --- [ options ] ------------------------------------------------------------
c 
c   --stabilize=false              (different from default 'true')
c   --walk=false                   (different from default 'true')
c 
c --- [ solving ] ------------------------------------------------------------
c 
c time measured in process time since initialization
c 
c  seconds  reductions  redundant  irredundant
c         MB    restarts       trail       variables
c          level   conflicts       glue          remaining
c 
c *  0.33 97  0 0   0    0    0  0% 0 780480 196709 97%
c {  0.34 99  0 0   0    0    0  0% 0 780480 196709 97%
c i  0.37 101 331 0   0  229  121  5% 3 780480 196708 97%
c -  0.48 103 253 1   0  301  178  7% 3 683323 196708 97%
c i  0.74 108 100 1  95  698  550  7% 6 683323 196488 97%
c I  0.88 108 68 1 149 1002  827  7% 7 683323 196488 97%
c -  1.36 126 54 2 218 1402 1184  7% 7 679657 196488 97%
c i  1.39 126 50 2 218 1527 1287  7% 7 679657 195516 97%
c }  1.39 126 49 2 218 1555 1301  7% 7 679657 195493 97%
c 0  1.39 126 49 2 218 1555 1301  7% 7 679657 195493 97%
c 
c --- [ result ] -------------------------------------------------------------
c 
s UNSATISFIABLE
c 
c --- [ run-time profiling ] -------------------------------------------------
c 
c process time taken by individual solving procedures
c (percentage relative to process time for solving)
c 
c         1.06   98.88% search
c         1.05   97.76% unstable
c         0.01    1.12% lucky
c         0.00    0.00% simplify
c   =================================
c         1.07   77.01% solve
c 
c last line shows process time for solving
c (percentage relative to total process time)
c 
c --- [ statistics ] ---------------------------------------------------------
c 
c backtracked:                2092       134.53 %  of conflicts
c chronological:               828        39.58 %  of backtracks
c conflicts:                  1555      1450.56    per second
c decisions:                 10639      9924.44    per second
c fixed:                      6555         3.24 %  of all variables
c learned:                    1468        94.41 %  per conflict
c minimized:                  5834        19.48 %  learned literals
c propagations:            3249054         3.03 M  per second
c reduced:                      13         0.84 %  per conflict
c rephased:                      1      1555.00    interval
c restarts:                    218         7.13    interval
c subsumed:                    150         0.01 %  of all clauses
c 
c seconds are measured in process time for solving
c 
c --- [ resources ] ----------------------------------------------------------
c 
c total process time since initialization:         1.39    seconds
c total real time since initialization:            1.39    seconds
c maximum resident set size of process:          125.58    MB
c 
c --- [ shutting down ] ------------------------------------------------------
c 
c exit 20
