c --- [ banner ] -------------------------------------------------------------
c 
c CaDiCaL Radically Simplified CDCL SAT Solver
c Copyright (c) 2016-2019 Armin Biere, JKU Linz
c 
c Version 1.0.3 cb89cbfa16f47cb7bf1ec6ad9855e7b6d5203c18
c g++ (GCC) 6.3.0 -Wall -Wextra -O3 -DNDEBUG
c Fri Aug 23 08:17:16 CDT 2019 Linux login1 4.4.103-6.38-default x86_64
c 
c --- [ config ] -------------------------------------------------------------
c 
c using 'unsat' configuration (target unsatisfiable instances)
c 
c --- [ proof tracing ] ------------------------------------------------------
c 
c opening file to write '/tmp/66_834_0_three.drat'
c writing binary proof trace to '/tmp/66_834_0_three.drat'
c 
c --- [ parsing input ] ------------------------------------------------------
c 
c reading DIMACS file from '/tmp/66_834_0_three.cnf'
c opening file to read '/tmp/66_834_0_three.cnf'
c found 'p cnf 202048 780970' header
c parsed 780970 clauses in 0.32 seconds process time
c 
c --- [ options ] ------------------------------------------------------------
c 
c   --stabilize=false              (different from default 'true')
c   --walk=false                   (different from default 'true')
c 
c --- [ solving ] ------------------------------------------------------------
c 
c time measured in process time since initialization
c 
c  seconds  reductions  redundant  irredundant
c         MB    restarts       trail       variables
c          level   conflicts       glue          remaining
c 
c *  0.34 97  0 0   0    0    0  0% 0 780480 198017 98%
c {  0.36 100  0 0   0    0    0  0% 0 780480 198017 98%
c -  0.54 105 193 1  11  300  193  5% 4 700721 198017 98%
c I  1.20 111 79 1 153 1002  838  8% 8 700721 198017 98%
c -  1.53 130 59 2 164 1408 1144  7% 8 700721 198017 98%
c i  1.81 130 54 2 226 1922 1614  8% 8 700721 197955 98%
c i  1.81 130 54 2 227 1923 1614  8% 8 700721 197487 98%
c i  1.81 130 54 2 227 1924 1614  8% 8 700721 197419 98%
c B  2.61 130 49 2 295 3003 2603  9% 8 700721 197419 98%
c -  2.81 130 49 3 296 3068 2066  9% 8 691294 197419 98%
c s  3.92 121 45 3 351 3958 2847  9% 8 691294 197419 98%
c v  4.89 140 45 3 351 3958 2847  9% 8 691293 197419 98%
c w  5.17 140 45 3 351 3958 2830  9% 8 691293 197339 98%
c t  5.22 140 45 3 351 3958 2830  9% 8 690578 197339 98%
c e  6.96 144 45 3 351 3958   19  9% 8 169347 25757 13%
c s  7.12 149 45 3 351 3958   18  9% 8 169241 25757 13%
c e  7.32 149 45 3 351 3958   16  9% 8 169217 25731 13%
c i  7.53 149 44 3 444 4711  685  6% 9 169217 25705 13%
c 3  7.61 149 44 3 472 5001 3133  6% 9 169217 25705 13%
c 3  7.62 149 44 3 472 5001 3421  6% 9 169217 25705 13%
c 
c  seconds   reductions  redundant  irredundant
c          MB    restarts       trail       variables
c           level   conflicts       glue         remaining
c 
c d  7.66 149 44 3 472 5001 3265  6% 9 168201 25683 13%
c d  7.67 149 44 3 472 5001 3264  6% 9 168077 25624 13%
c 2  7.68 149 44 3 472 5001 3220  6% 9 168074 25624 13%
c p  7.74 149 44 3 472 5001 4336  6% 9 168074 25571 13%
c -  7.82 149 43 4 478 5276 1211  6% 9 165319 25571 13%
c F  7.90 149 42 4 522 6005 1871  7% 8 165319 25571 13%
c i  7.98 149 41 4 576 6817 2593  8% 8 165319 25561 13%
c -  8.03 149 40 5 596 7104 2167  7% 8 165022 25561 13%
c -  8.26 149 37 6 725 9298 2907  8% 8 165022 25561 13%
c B  8.35 149 36 6 770 10007 3562  8% 8 165022 25561 13%
c -  8.61 149 34 7 865 11855 3652  8% 8 165022 25561 13%
c i  8.87 149 33 7 964 14003 5608  8% 8 165022 25559 13%
c -  9.02 149 32 8 999 14779 4404  8% 8 164765 25559 13%
c s  9.09 149 32 8 999 14830 4350  8% 8 164644 25559 13%
c v  9.26 149 32 8 999 14830 4350  8% 8 158734 25559 13%
c w  9.34 149 32 8 999 14830 4327  8% 8 158734 25559 13%
c t  9.36 149 32 8 999 14830 4323  8% 8 148415 25559 13%
c e  9.51 150 32 8 999 14830 2755  8% 8 142319 20381 10%
c s  9.56 150 32 8 999 14830 2622  8% 8 141578 20381 10%
c e  9.62 150 32 8 999 14830 2580  8% 8 141549 20362 10%
c 
c  seconds   reductions    redundant  irredundant
c          MB    restarts         trail       variables
c           level     conflicts       glue         remaining
c 
c d  9.74 150 32 8 1024 15001 2739  7% 8 141539 20357 10%
c 3  9.78 150 32 8 1024 15001 5200  7% 8 141539 20357 10%
c 3  9.79 150 32 8 1024 15001 5424  7% 8 141539 20357 10%
c d  9.82 150 32 8 1024 15001 4926  7% 8 141539 20278 10%
c 2  9.84 150 32 8 1024 15001 4787  7% 8 141530 20276 10%
c p  9.88 150 32 8 1024 15001 6747  7% 8 141530 20274 10%
c d  9.89 150 32 8 1024 15001 6633  7% 8 141075 20272 10%
c d  9.90 150 32 8 1024 15001 6631  7% 8 141041 20255 10%
c #  9.91 150 32 8 1027 15010 6640  7% 8 141041 20255 10%
c - 10.36 150 27 9 1088 18064 5056  7% 8 141041 20255 10%
c i 10.40 150 27 9 1088 18277 5215  8% 8 141041 20252 10%
c i 10.41 150 27 9 1088 18371 5277  7% 8 141041 20249 10%
c i 10.42 150 27 9 1088 18399 5295  7% 8 141041 20242 10%
c i 10.42 150 27 9 1088 18403 5298  7% 8 141041 20222 10%
c i 10.42 150 27 9 1088 18451 5338  7% 8 141041 20219 10%
c i 10.44 150 27 9 1094 18579 5453  8% 8 141041 20096 10%
c i 10.45 150 27 9 1094 18631 5488  8% 8 141041 20091 10%
c i 10.45 150 27 9 1094 18644 5496  8% 8 141041 20049 10%
c i 10.46 150 26 9 1094 18698 5531  7% 8 141041 20046 10%
c i 10.46 150 26 9 1094 18700 5532  7% 8 141041 19962 10%
c 
c  seconds   reductions    redundant  irredundant
c          MB    restarts         trail       variables
c           level     conflicts       glue         remaining
c 
c } 10.46 150 26 9 1094 18705 5535  7% 8 141041 19173  9%
c 0 10.46 150 26 9 1094 18705 5535  7% 8 141041 19173  9%
c 
c --- [ result ] -------------------------------------------------------------
c 
s UNSATISFIABLE
c 
c --- [ run-time profiling ] -------------------------------------------------
c 
c process time taken by individual solving procedures
c (percentage relative to process time for solving)
c 
c         5.49   54.18% search
c         5.47   53.99% unstable
c         4.63   45.70% simplify
c         2.08   20.56% elim
c         1.38   13.65% vivify
c         0.71    6.99% subsume
c         0.13    1.30% ternary
c         0.11    1.07% probe
c         0.02    0.20% lucky
c   =================================
c        10.14   96.90% solve
c 
c last line shows process time for solving
c (percentage relative to total process time)
c 
c --- [ statistics ] ---------------------------------------------------------
c 
c backtracked:               58711       313.88 %  of conflicts
c chronological:              7513        12.80 %  of backtracks
c conflicts:                 18705      1845.40    per second
c decisions:                 77001      7596.78    per second
c eliminated:               176805        87.51 %  of all variables
c fixed:                      5886         2.91 %  of all variables
c learned:                   17894        95.66 %  per conflict
c minimized:                134454        26.61 %  learned literals
c propagations:           20385462         2.01 M  per second
c reduced:                    6882        36.79 %  per conflict
c rephased:                      5      3741.00    interval
c restarts:                   1094        17.10    interval
c substituted:                 184         0.09 %  of all variables
c subsumed:                  12517         0.53 %  of all clauses
c strengthened:              13765         0.58 %  of all clauses
c ternary:                    6726         0.31 %  of resolved
c vivified:                   6493         0.27 %  of all clauses
c weakened:                 633137         2.90    average size
c 
c seconds are measured in process time for solving
c 
c --- [ resources ] ----------------------------------------------------------
c 
c total process time since initialization:        10.46    seconds
c total real time since initialization:           10.46    seconds
c maximum resident set size of process:          155.63    MB
c 
c --- [ shutting down ] ------------------------------------------------------
c 
c exit 20
