c --- [ banner ] -------------------------------------------------------------
c 
c CaDiCaL Radically Simplified CDCL SAT Solver
c Copyright (c) 2016-2019 Armin Biere, JKU Linz
c 
c Version 1.0.3 cb89cbfa16f47cb7bf1ec6ad9855e7b6d5203c18
c g++ (GCC) 6.3.0 -Wall -Wextra -O3 -DNDEBUG
c Fri Aug 23 08:17:16 CDT 2019 Linux login1 4.4.103-6.38-default x86_64
c 
c --- [ config ] -------------------------------------------------------------
c 
c using 'unsat' configuration (target unsatisfiable instances)
c 
c --- [ proof tracing ] ------------------------------------------------------
c 
c opening file to write '/tmp/62_109_0_six.drat'
c writing binary proof trace to '/tmp/62_109_0_six.drat'
c 
c --- [ parsing input ] ------------------------------------------------------
c 
c reading DIMACS file from '/tmp/62_109_0_six.cnf'
c opening file to read '/tmp/62_109_0_six.cnf'
c found 'p cnf 50176 399289' header
c parsed 399289 clauses in 0.15 seconds process time
c 
c --- [ options ] ------------------------------------------------------------
c 
c   --stabilize=false              (different from default 'true')
c   --walk=false                   (different from default 'true')
c 
c --- [ solving ] ------------------------------------------------------------
c 
c time measured in process time since initialization
c 
c  seconds  reductions  redundant  irredundant
c         MB    restarts       trail       variables
c          level   conflicts       glue         remaining
c 
c *  0.15 44  0 0   0    0    0  0% 0 363750 48146 96%
c {  0.16 45  0 0   0    0    0  0% 0 363750 48146 96%
c -  0.23 47 92 1  12  322  194 10% 10 348154 48146 96%
c I  0.28 47 73 1  33 1002  634 10% 10 348154 48146 96%
c -  0.40 60 69 2  79 1250  729 10% 10 348154 48146 96%
c -  0.58 60 63 3 179 2638 1294 10% 11 348154 48146 96%
c B  0.62 60 67 3 207 3004 1569 10% 11 348154 48146 96%
c -  0.77 60 63 4 213 4489 1891 11% 10 348154 48146 96%
c d  0.94 61 62 4 272 5001 2279 11% 11 343474 45806 91%
c 2  1.10 61 62 4 272 5001 2279 11% 11 337624 45806 91%
c p  1.30 62 62 4 272 5001 18314 11% 11 337624 45683 91%
c s  1.54 70 60 4 281 5835 18871 11% 10 337623 45683 91%
c v  1.85 71 60 4 281 5835 18871 11% 10 333918 45683 91%
c w  1.95 71 60 4 281 5835 18861 11% 10 333918 45683 91%
c t  1.99 71 60 4 281 5835 18858 11% 10 301710 45683 91%
c e  2.67 65 60 4 281 5835 8825 11% 10 280507 28497 57%
c s  2.76 71 60 4 281 5835 8822 11% 10 280505 28497 57%
c F  2.98 74 58 4 282 6008 8940  4% 10 280505 28497 57%
c -  3.11 74 55 5 323 6801 1595 12% 10 280505 28497 57%
c i  3.27 74 47 5 365 8274 2712 10% 9 280505 28484 57%
c 
c  seconds  reductions  redundant  irredundant
c         MB    restarts       trail       variables
c          level   conflicts       glue         remaining
c 
c i  3.36 74 43 5 365 8820 3201 11% 9 280505 28442 57%
c i  3.37 74 43 5 365 8859 3235 11% 9 280505 28250 56%
c i  3.38 74 42 5 365 8937 3298 11% 9 280505 28244 56%
c }  3.38 74 42 5 365 8943 3300 11% 9 280505 28175 56%
c 0  3.38 74 42 5 365 8943 3300 11% 9 280505 28175 56%
c 
c --- [ result ] -------------------------------------------------------------
c 
s UNSATISFIABLE
c 
c --- [ run-time profiling ] -------------------------------------------------
c 
c process time taken by individual solving procedures
c (percentage relative to process time for solving)
c 
c         1.85   57.37% simplify
c         1.37   42.50% search
c         1.37   42.38% unstable
c         0.74   22.80% elim
c         0.35   10.90% vivify
c         0.21    6.57% subsume
c         0.19    5.95% probe
c         0.12    3.84% ternary
c         0.00    0.12% lucky
c   =================================
c         3.23   95.62% solve
c 
c last line shows process time for solving
c (percentage relative to total process time)
c 
c --- [ statistics ] ---------------------------------------------------------
c 
c backtracked:               30352       339.39 %  of conflicts
c chronological:              3259        10.74 %  of backtracks
c conflicts:                  8943      2770.45    per second
c decisions:                 43745     13551.73    per second
c eliminated:                17186        34.25 %  of all variables
c fixed:                      2475         4.93 %  of all variables
c learned:                    7463        83.45 %  per conflict
c minimized:                111801        28.85 %  learned literals
c propagations:            6585171         2.04 M  per second
c reduced:                    1330        14.87 %  per conflict
c rephased:                      3      2981.00    interval
c restarts:                    365        24.50    interval
c substituted:                2340         4.66 %  of all variables
c subsumed:                  10953         0.85 %  of all clauses
c strengthened:               3820         0.30 %  of all clauses
c vivified:                   3776         0.29 %  of all clauses
c weakened:                 107567         4.01    average size
c 
c seconds are measured in process time for solving
c 
c --- [ resources ] ----------------------------------------------------------
c 
c total process time since initialization:         3.38    seconds
c total real time since initialization:            3.38    seconds
c maximum resident set size of process:           74.24    MB
c 
c --- [ shutting down ] ------------------------------------------------------
c 
c exit 20
