c --- [ banner ] -------------------------------------------------------------
c 
c CaDiCaL Radically Simplified CDCL SAT Solver
c Copyright (c) 2016-2019 Armin Biere, JKU Linz
c 
c Version 1.0.3 cb89cbfa16f47cb7bf1ec6ad9855e7b6d5203c18
c g++ (GCC) 6.3.0 -Wall -Wextra -O3 -DNDEBUG
c Fri Aug 23 08:17:16 CDT 2019 Linux login1 4.4.103-6.38-default x86_64
c 
c --- [ config ] -------------------------------------------------------------
c 
c using 'unsat' configuration (target unsatisfiable instances)
c 
c --- [ proof tracing ] ------------------------------------------------------
c 
c opening file to write '/tmp/62_129_0_six.drat'
c writing binary proof trace to '/tmp/62_129_0_six.drat'
c 
c --- [ parsing input ] ------------------------------------------------------
c 
c reading DIMACS file from '/tmp/62_129_0_six.cnf'
c opening file to read '/tmp/62_129_0_six.cnf'
c found 'p cnf 50176 399289' header
c parsed 399289 clauses in 0.15 seconds process time
c 
c --- [ options ] ------------------------------------------------------------
c 
c   --stabilize=false              (different from default 'true')
c   --walk=false                   (different from default 'true')
c 
c --- [ solving ] ------------------------------------------------------------
c 
c time measured in process time since initialization
c 
c  seconds  reductions  redundant  irredundant
c         MB    restarts       trail       variables
c          level   conflicts       glue         remaining
c 
c *  0.15 44  0 0   0    0    0  0% 0 363740 48209 96%
c {  0.16 45  0 0   0    0    0  0% 0 363740 48209 96%
c -  0.21 46 86 1  16  306  206 11% 9 349027 48209 96%
c i  0.24 47 69 1  29  613  359 11% 10 349027 48177 96%
c I  0.27 47 67 1  66 1003  639 10% 10 349027 48177 96%
c -  0.40 60 70 2  93 1232  692 10% 11 348155 48177 96%
c -  0.61 63 61 3 155 2619 1323 12% 10 348155 48177 96%
c B  0.65 63 60 3 160 3018 1614 12% 10 348155 48177 96%
c i  0.66 63 60 3 178 3103 1681 12% 10 348155 48057 96%
c -  0.87 63 55 4 231 4471 1982 12% 10 345351 48057 96%
c d  1.09 64 52 4 255 5002 2403 12% 10 340709 45736 91%
c 2  1.28 62 52 4 255 5002 2403 12% 10 334909 45736 91%
c p  1.60 63 52 4 255 5002 9131 12% 10 334909 45668 91%
c s  1.91 71 52 4 298 5833 9749 12% 10 334909 45668 91%
c v  2.30 71 52 4 298 5833 9749 12% 10 330790 45668 91%
c w  2.42 71 52 4 298 5833 9742 12% 10 330790 45668 91%
c t  2.46 71 52 4 298 5833 9735 12% 10 297326 45668 91%
c e  3.25 67 52 4 298 5833 4421 12% 10 276742 28037 56%
c s  3.36 74 52 4 298 5833 4419 12% 10 276742 28037 56%
c F  3.55 77 51 4 300 6024 4550  9% 10 276742 28037 56%
c 
c  seconds  reductions  redundant   irredundant
c         MB    restarts       trail        variables
c          level   conflicts       glue          remaining
c 
c -  3.62 77 49 5 309 6778 1221  7% 10 276742 28037 56%
c i  3.66 77 46 5 309 7299 1586  6% 9 276742 28030 56%
c i  3.66 77 46 5 309 7303 1587  6% 9 276742 27993 56%
c i  3.66 77 46 5 309 7304 1587  6% 9 276742 27920 56%
c i  3.66 77 46 5 309 7305 1587  6% 9 276742 27919 56%
c i  3.66 77 46 5 309 7318 1599  6% 9 276742 27872 56%
c i  3.66 77 46 5 309 7332 1608  6% 9 276742 27818 55%
c i  3.66 77 46 5 309 7333 1608  6% 9 276742 27248 54%
c }  3.67 77 45 5 309 7449 1688  6% 9 276742 26875 54%
c 0  3.67 77 45 5 309 7449 1688  6% 9 276742 26875 54%
c 
c --- [ result ] -------------------------------------------------------------
c 
s UNSATISFIABLE
c 
c --- [ run-time profiling ] -------------------------------------------------
c 
c process time taken by individual solving procedures
c (percentage relative to process time for solving)
c 
c         2.23   63.37% simplify
c         1.29   36.63% search
c         1.28   36.52% unstable
c         0.77   21.96% elim
c         0.45   12.86% vivify
c         0.33    9.33% probe
c         0.28    7.85% subsume
c         0.14    4.10% ternary
c         0.00    0.11% lucky
c   =================================
c         3.52   95.86% solve
c 
c last line shows process time for solving
c (percentage relative to total process time)
c 
c --- [ statistics ] ---------------------------------------------------------
c 
c backtracked:               40558       544.48 %  of conflicts
c chronological:              2726         6.72 %  of backtracks
c conflicts:                  7449      2118.60    per second
c decisions:                 37359     10625.43    per second
c eliminated:                17631        35.14 %  of all variables
c fixed:                      3349         6.67 %  of all variables
c learned:                    6145        82.49 %  per conflict
c minimized:                 88459        27.00 %  learned literals
c propagations:            6079697         1.73 M  per second
c reduced:                    1222        16.40 %  per conflict
c rephased:                      3      2483.00    interval
c restarts:                    309        24.11    interval
c substituted:                2321         4.63 %  of all variables
c subsumed:                  11285         0.89 %  of all clauses
c strengthened:               4387         0.35 %  of all clauses
c vivified:                   4250         0.34 %  of all clauses
c weakened:                 108571         4.04    average size
c 
c seconds are measured in process time for solving
c 
c --- [ resources ] ----------------------------------------------------------
c 
c total process time since initialization:         3.67    seconds
c total real time since initialization:            3.67    seconds
c maximum resident set size of process:           76.97    MB
c 
c --- [ shutting down ] ------------------------------------------------------
c 
c exit 20
