c --- [ banner ] -------------------------------------------------------------
c 
c CaDiCaL Radically Simplified CDCL SAT Solver
c Copyright (c) 2016-2019 Armin Biere, JKU Linz
c 
c Version 1.0.3 cb89cbfa16f47cb7bf1ec6ad9855e7b6d5203c18
c g++ (GCC) 6.3.0 -Wall -Wextra -O3 -DNDEBUG
c Fri Aug 23 08:17:16 CDT 2019 Linux login1 4.4.103-6.38-default x86_64
c 
c --- [ config ] -------------------------------------------------------------
c 
c using 'unsat' configuration (target unsatisfiable instances)
c 
c --- [ proof tracing ] ------------------------------------------------------
c 
c opening file to write '/tmp/62_916_0_six.drat'
c writing binary proof trace to '/tmp/62_916_0_six.drat'
c 
c --- [ parsing input ] ------------------------------------------------------
c 
c reading DIMACS file from '/tmp/62_916_0_six.cnf'
c opening file to read '/tmp/62_916_0_six.cnf'
c found 'p cnf 50176 399289' header
c parsed 399289 clauses in 0.19 seconds process time
c 
c --- [ options ] ------------------------------------------------------------
c 
c   --stabilize=false              (different from default 'true')
c   --walk=false                   (different from default 'true')
c 
c --- [ solving ] ------------------------------------------------------------
c 
c time measured in process time since initialization
c 
c  seconds  reductions  redundant  irredundant
c         MB    restarts       trail       variables
c          level   conflicts       glue         remaining
c 
c *  0.19 44  0 0   0    0    0  0% 0 363741 48018 96%
c {  0.20 45  0 0   0    0    0  0% 0 363741 48018 96%
c -  0.27 47 62 1  19  307  207  7% 10 345536 48018 96%
c I  0.32 47 59 1  44 1003  695  8% 10 345536 48018 96%
c i  0.32 47 58 1  44 1038  706  8% 10 345536 47974 96%
c -  0.45 59 61 2  44 1230  731  8% 9 344664 47974 96%
c i  0.48 59 61 2 111 1689 1017  9% 10 344664 47225 94%
c i  0.48 59 58 2 111 1756 1046  9% 10 344664 47207 94%
c i  0.48 59 58 2 111 1760 1046  9% 10 344664 46996 94%
c }  0.48 59 58 2 111 1762 1046  9% 10 344664 46723 93%
c 0  0.48 59 58 2 111 1762 1046  9% 10 344664 46723 93%
c 
c --- [ result ] -------------------------------------------------------------
c 
s UNSATISFIABLE
c 
c --- [ run-time profiling ] -------------------------------------------------
c 
c process time taken by individual solving procedures
c (percentage relative to process time for solving)
c 
c         0.29  100.00% search
c         0.29   98.63% unstable
c         0.00    1.37% lucky
c         0.00    0.00% simplify
c   =================================
c         0.29   60.33% solve
c 
c last line shows process time for solving
c (percentage relative to total process time)
c 
c --- [ statistics ] ---------------------------------------------------------
c 
c backtracked:                2075       117.76 %  of conflicts
c chronological:               656        31.61 %  of backtracks
c conflicts:                  1762      6034.25    per second
c decisions:                 11733     40181.51    per second
c fixed:                      3453         6.88 %  of all variables
c learned:                    1364        77.41 %  per conflict
c minimized:                 13312        21.68 %  learned literals
c propagations:             605207         2.07 M  per second
c reduced:                      82         4.65 %  per conflict
c rephased:                      1      1762.00    interval
c restarts:                    111        15.87    interval
c subsumed:                    206         0.03 %  of all clauses
c 
c seconds are measured in process time for solving
c 
c --- [ resources ] ----------------------------------------------------------
c 
c total process time since initialization:         0.48    seconds
c total real time since initialization:            0.48    seconds
c maximum resident set size of process:           58.95    MB
c 
c --- [ shutting down ] ------------------------------------------------------
c 
c exit 20
