c --- [ banner ] -------------------------------------------------------------
c 
c CaDiCaL Radically Simplified CDCL SAT Solver
c Copyright (c) 2016-2019 Armin Biere, JKU Linz
c 
c Version 1.0.3 cb89cbfa16f47cb7bf1ec6ad9855e7b6d5203c18
c g++ (GCC) 6.3.0 -Wall -Wextra -O3 -DNDEBUG
c Fri Aug 23 08:17:16 CDT 2019 Linux login1 4.4.103-6.38-default x86_64
c 
c --- [ config ] -------------------------------------------------------------
c 
c using 'unsat' configuration (target unsatisfiable instances)
c 
c --- [ proof tracing ] ------------------------------------------------------
c 
c opening file to write '/tmp/20_185_0_three.drat'
c writing binary proof trace to '/tmp/20_185_0_three.drat'
c 
c --- [ parsing input ] ------------------------------------------------------
c 
c reading DIMACS file from '/tmp/20_185_0_three.cnf'
c opening file to read '/tmp/20_185_0_three.cnf'
c found 'p cnf 202048 780985' header
c parsed 780985 clauses in 0.46 seconds process time
c 
c --- [ options ] ------------------------------------------------------------
c 
c   --stabilize=false              (different from default 'true')
c   --walk=false                   (different from default 'true')
c 
c --- [ solving ] ------------------------------------------------------------
c 
c time measured in process time since initialization
c 
c  seconds  reductions  redundant  irredundant
c         MB    restarts       trail       variables
c          level   conflicts       glue          remaining
c 
c *  0.48 97  0 0   0    0    0  0% 0 780480 197312 98%
c {  0.49 99  0 0   0    0    0  0% 0 780480 197312 98%
c -  0.68 104 237 1  15  300  191  5% 4 691236 197312 98%
c i  1.16 109 80 1 148  897  748  7% 7 691236 197224 98%
c I  1.19 109 72 1 148 1003  841  8% 7 691236 197224 98%
c -  1.71 127 56 2 204 1405 1176  8% 8 689670 197224 98%
c i  2.64 127 42 2 339 2764 2398  9% 8 689670 196639 97%
c i  2.66 127 41 2 339 2820 2447  9% 8 689670 192179 95%
c i  2.66 127 41 2 339 2824 2450  9% 8 689670 189550 94%
c }  2.66 127 41 2 339 2827 2450  9% 8 689670 187183 93%
c 0  2.66 127 41 2 339 2827 2450  9% 8 689670 187183 93%
c 
c --- [ result ] -------------------------------------------------------------
c 
s UNSATISFIABLE
c 
c --- [ run-time profiling ] -------------------------------------------------
c 
c process time taken by individual solving procedures
c (percentage relative to process time for solving)
c 
c         2.18   99.27% search
c         2.17   98.55% unstable
c         0.02    0.73% lucky
c         0.00    0.00% simplify
c   =================================
c         2.20   82.71% solve
c 
c last line shows process time for solving
c (percentage relative to total process time)
c 
c --- [ statistics ] ---------------------------------------------------------
c 
c backtracked:                3622       128.12 %  of conflicts
c chronological:              1255        34.65 %  of backtracks
c conflicts:                  2827      1285.00    per second
c decisions:                 17562      7982.73    per second
c fixed:                     14865         7.36 %  of all variables
c learned:                    2663        94.20 %  per conflict
c minimized:                 17913        23.45 %  learned literals
c propagations:            7577484         3.44 M  per second
c reduced:                      30         1.06 %  per conflict
c rephased:                      1      2827.00    interval
c restarts:                    339         8.34    interval
c subsumed:                    175         0.01 %  of all clauses
c 
c seconds are measured in process time for solving
c 
c --- [ resources ] ----------------------------------------------------------
c 
c total process time since initialization:         2.66    seconds
c total real time since initialization:            2.66    seconds
c maximum resident set size of process:          127.01    MB
c 
c --- [ shutting down ] ------------------------------------------------------
c 
c exit 20
