c --- [ banner ] -------------------------------------------------------------
c 
c CaDiCaL Radically Simplified CDCL SAT Solver
c Copyright (c) 2016-2019 Armin Biere, JKU Linz
c 
c Version 1.0.3 cb89cbfa16f47cb7bf1ec6ad9855e7b6d5203c18
c g++ (GCC) 6.3.0 -Wall -Wextra -O3 -DNDEBUG
c Fri Aug 23 08:17:16 CDT 2019 Linux login1 4.4.103-6.38-default x86_64
c 
c --- [ config ] -------------------------------------------------------------
c 
c using 'unsat' configuration (target unsatisfiable instances)
c 
c --- [ proof tracing ] ------------------------------------------------------
c 
c opening file to write '/tmp/20_417_0_three.drat'
c writing binary proof trace to '/tmp/20_417_0_three.drat'
c 
c --- [ parsing input ] ------------------------------------------------------
c 
c reading DIMACS file from '/tmp/20_417_0_three.cnf'
c opening file to read '/tmp/20_417_0_three.cnf'
c found 'p cnf 202048 780985' header
c parsed 780985 clauses in 0.52 seconds process time
c 
c --- [ options ] ------------------------------------------------------------
c 
c   --stabilize=false              (different from default 'true')
c   --walk=false                   (different from default 'true')
c 
c --- [ solving ] ------------------------------------------------------------
c 
c time measured in process time since initialization
c 
c  seconds  reductions  redundant  irredundant
c         MB    restarts       trail       variables
c          level   conflicts       glue          remaining
c 
c *  0.54 97  0 0   0    0    0  0% 0 780480 196712 97%
c {  0.55 99  0 0   0    0    0  0% 0 780480 196712 97%
c -  0.78 102 287 1  10  301  175  5% 4 684844 196712 97%
c I  1.54 108 93 1 183 1002  846  8% 9 684844 196712 97%
c -  2.20 126 82 2 252 1402 1201  9% 9 684844 196712 97%
c i  2.91 126 64 2 328 2452 2135 10% 9 684844 196308 97%
c i  2.92 126 64 2 328 2464 2143 10% 9 684844 196182 97%
c i  2.92 126 64 2 328 2468 2144 10% 9 684844 196076 97%
c i  2.92 126 64 2 328 2470 2145 10% 9 684844 195645 97%
c }  2.92 126 64 2 328 2473 2146 10% 9 684844 192293 95%
c 0  2.92 126 64 2 328 2473 2146 10% 9 684844 192293 95%
c 
c --- [ result ] -------------------------------------------------------------
c 
s UNSATISFIABLE
c 
c --- [ run-time profiling ] -------------------------------------------------
c 
c process time taken by individual solving procedures
c (percentage relative to process time for solving)
c 
c         2.38   99.17% search
c         2.37   98.50% unstable
c         0.02    0.67% lucky
c         0.00    0.00% simplify
c   =================================
c         2.40   82.33% solve
c 
c last line shows process time for solving
c (percentage relative to total process time)
c 
c --- [ statistics ] ---------------------------------------------------------
c 
c backtracked:                3219       130.17 %  of conflicts
c chronological:              1235        38.37 %  of backtracks
c conflicts:                  2473      1028.70    per second
c decisions:                 23515      9781.61    per second
c fixed:                      9755         4.83 %  of all variables
c learned:                    2338        94.54 %  per conflict
c minimized:                 10116        16.62 %  learned literals
c propagations:            7096448         2.95 M  per second
c reduced:                      21         0.85 %  per conflict
c rephased:                      1      2473.00    interval
c restarts:                    328         7.54    interval
c subsumed:                    165         0.01 %  of all clauses
c 
c seconds are measured in process time for solving
c 
c --- [ resources ] ----------------------------------------------------------
c 
c total process time since initialization:         2.92    seconds
c total real time since initialization:            2.92    seconds
c maximum resident set size of process:          125.85    MB
c 
c --- [ shutting down ] ------------------------------------------------------
c 
c exit 20
