c --- [ banner ] -------------------------------------------------------------
c 
c CaDiCaL Radically Simplified CDCL SAT Solver
c Copyright (c) 2016-2019 Armin Biere, JKU Linz
c 
c Version 1.0.3 cb89cbfa16f47cb7bf1ec6ad9855e7b6d5203c18
c g++ (GCC) 6.3.0 -Wall -Wextra -O3 -DNDEBUG
c Fri Aug 23 08:17:16 CDT 2019 Linux login1 4.4.103-6.38-default x86_64
c 
c --- [ config ] -------------------------------------------------------------
c 
c using 'unsat' configuration (target unsatisfiable instances)
c 
c --- [ proof tracing ] ------------------------------------------------------
c 
c opening file to write '/tmp/20_536_0_three.drat'
c writing binary proof trace to '/tmp/20_536_0_three.drat'
c 
c --- [ parsing input ] ------------------------------------------------------
c 
c reading DIMACS file from '/tmp/20_536_0_three.cnf'
c opening file to read '/tmp/20_536_0_three.cnf'
c found 'p cnf 202048 780985' header
c parsed 780985 clauses in 0.32 seconds process time
c 
c --- [ options ] ------------------------------------------------------------
c 
c   --stabilize=false              (different from default 'true')
c   --walk=false                   (different from default 'true')
c 
c --- [ solving ] ------------------------------------------------------------
c 
c time measured in process time since initialization
c 
c  seconds  reductions  redundant  irredundant
c         MB    restarts       trail       variables
c          level   conflicts       glue          remaining
c 
c *  0.34 97  0 0   0    0    0  0% 0 780480 197308 98%
c {  0.35 99  0 0   0    0    0  0% 0 780480 197308 98%
c -  0.50 103 288 1   9  300  174  5% 4 691232 197308 98%
c I  1.02 108 88 1 143 1002  817  7% 7 691232 197308 98%
c -  1.46 126 66 2 168 1403 1160  7% 7 691232 197308 98%
c B  2.33 126 45 2 352 3010 2620  8% 8 691232 197308 98%
c -  2.53 126 45 3 356 3058 2117  8% 8 691232 197308 98%
c s  3.66 111 41 3 453 3972 2944  8% 8 691232 197308 98%
c w  4.87 131 41 3 453 3972 2938  8% 8 691232 197308 98%
c t  4.92 131 41 3 453 3972 2938  8% 8 690725 197308 98%
c e  6.65 129 41 3 453 3972   20  8% 8 170119 25876 13%
c s  6.82 138 41 3 453 3972   18  8% 8 170022 25876 13%
c e  7.02 140 41 3 453 3972   16  8% 8 170000 25849 13%
c 3  7.43 140 41 3 551 5001 2815  7% 9 170000 25849 13%
c 3  7.44 140 41 3 551 5001 2965  7% 9 170000 25849 13%
c d  7.53 140 41 3 551 5001 2921  7% 9 170000 25843 13%
c 2  7.56 140 41 3 551 5001 2909  7% 9 170000 25843 13%
c p  7.66 140 41 3 551 5001 4267  7% 9 170000 25843 13%
c -  7.81 140 41 4 577 5266 1299  6% 9 170000 25843 13%
c F  7.90 140 38 4 619 6013 1977  6% 9 170000 25843 13%
c 
c  seconds   reductions  redundant  irredundant
c          MB    restarts       trail       variables
c           level   conflicts       glue         remaining
c 
c -  8.08 140 35 5 660 7113 2186  6% 8 170000 25843 13%
c i  8.15 140 32 5 660 7899 2880  6% 8 170000 25805 13%
c -  8.37 140 31 6 729 9327 2715  7% 8 167478 25805 13%
c i  8.41 140 31 6 739 9762 3079  6% 8 167478 25749 13%
c i  8.42 140 31 6 743 9929 3211  6% 8 167478 25664 13%
c }  8.42 140 31 6 743 9934 3214  6% 8 167478 25357 13%
c 0  8.42 140 31 6 743 9934 3214  6% 8 167478 25357 13%
c 
c --- [ result ] -------------------------------------------------------------
c 
s UNSATISFIABLE
c 
c --- [ run-time profiling ] -------------------------------------------------
c 
c process time taken by individual solving procedures
c (percentage relative to process time for solving)
c 
c         4.05   50.02% search
c         4.04   49.83% simplify
c         4.04   49.83% unstable
c         1.87   23.06% elim
c         1.10   13.63% vivify
c         0.63    7.80% subsume
c         0.14    1.73% ternary
c         0.10    1.28% probe
c         0.02    0.20% lucky
c   =================================
c         8.10   96.15% solve
c 
c last line shows process time for solving
c (percentage relative to total process time)
c 
c --- [ statistics ] ---------------------------------------------------------
c 
c backtracked:               24098       242.58 %  of conflicts
c chronological:              4252        17.64 %  of backtracks
c conflicts:                  9934      1226.42    per second
c decisions:                 49269      6082.59    per second
c eliminated:               171459        84.86 %  of all variables
c fixed:                      5226         2.59 %  of all variables
c learned:                    9449        95.12 %  per conflict
c minimized:                 72329        25.79 %  learned literals
c propagations:           13693714         1.69 M  per second
c reduced:                    2373        23.89 %  per conflict
c rephased:                      3      3311.33    interval
c restarts:                    743        13.37    interval
c substituted:                   6         0.00 %  of all variables
c subsumed:                   4150         0.18 %  of all clauses
c strengthened:               9974         0.44 %  of all clauses
c ternary:                    2283         0.29 %  of resolved
c vivified:                    173         0.01 %  of all clauses
c weakened:                 608796         2.85    average size
c 
c seconds are measured in process time for solving
c 
c --- [ resources ] ----------------------------------------------------------
c 
c total process time since initialization:         8.42    seconds
c total real time since initialization:            8.42    seconds
c maximum resident set size of process:          146.38    MB
c 
c --- [ shutting down ] ------------------------------------------------------
c 
c exit 20
