c --- [ banner ] -------------------------------------------------------------
c 
c CaDiCaL Radically Simplified CDCL SAT Solver
c Copyright (c) 2016-2019 Armin Biere, JKU Linz
c 
c Version 1.0.3 cb89cbfa16f47cb7bf1ec6ad9855e7b6d5203c18
c g++ (GCC) 6.3.0 -Wall -Wextra -O3 -DNDEBUG
c Fri Aug 23 08:17:16 CDT 2019 Linux login1 4.4.103-6.38-default x86_64
c 
c --- [ config ] -------------------------------------------------------------
c 
c using 'unsat' configuration (target unsatisfiable instances)
c 
c --- [ proof tracing ] ------------------------------------------------------
c 
c opening file to write '/tmp/20_526_0_three.drat'
c writing binary proof trace to '/tmp/20_526_0_three.drat'
c 
c --- [ parsing input ] ------------------------------------------------------
c 
c reading DIMACS file from '/tmp/20_526_0_three.cnf'
c opening file to read '/tmp/20_526_0_three.cnf'
c found 'p cnf 202048 780985' header
c parsed 780985 clauses in 0.32 seconds process time
c 
c --- [ options ] ------------------------------------------------------------
c 
c   --stabilize=false              (different from default 'true')
c   --walk=false                   (different from default 'true')
c 
c --- [ solving ] ------------------------------------------------------------
c 
c time measured in process time since initialization
c 
c  seconds  reductions  redundant  irredundant
c         MB    restarts       trail       variables
c          level   conflicts       glue          remaining
c 
c *  0.34 97  0 0   0    0    0  0% 0 780480 197310 98%
c {  0.35 99  0 0   0    0    0  0% 0 780480 197310 98%
c -  0.52 103 290 1   7  300  174  5% 4 691232 197310 98%
c I  0.98 109 82 1 134 1002  827  7% 7 691232 197310 98%
c -  1.60 127 69 2 214 1403 1196  8% 8 691232 197310 98%
c B  2.68 127 48 2 384 3008 2671  9% 9 691232 197310 98%
c -  2.87 127 48 3 385 3058 2161  9% 9 691232 197310 98%
c s  3.96 112 46 3 438 3972 2960 10% 9 691232 197310 98%
c w  5.24 139 46 3 438 3972 2957 10% 9 691232 197310 98%
c t  5.31 139 46 3 438 3972 2956 10% 9 690597 197310 98%
c e  7.05 132 46 3 438 3972   29 10% 9 170051 25854 13%
c s  7.22 141 46 3 438 3972   29 10% 9 169933 25854 13%
c e  7.41 141 46 3 438 3972   26 10% 9 169911 25819 13%
c 3  7.70 141 45 3 514 5000 2848  8% 9 169911 25819 13%
c 3  7.71 142 45 3 514 5000 3096  8% 9 169911 25819 13%
c d  7.75 142 45 3 514 5000 3026  8% 9 169911 25810 13%
c 2  7.76 142 45 3 514 5000 3008  8% 9 169911 25810 13%
c p  7.81 142 45 3 514 5000 3888  8% 9 169911 25810 13%
c -  7.89 142 44 4 531 5265 1297  8% 9 169911 25810 13%
c F  7.98 142 42 4 551 6009 1977  8% 9 169911 25810 13%
c 
c  seconds   reductions  redundant  irredundant
c          MB    restarts       trail       variables
c           level   conflicts       glue         remaining
c 
c -  8.12 142 41 5 591 7111 2123  7% 9 169911 25810 13%
c i  8.36 142 37 5 703 9083 3898  7% 9 169911 25792 13%
c -  8.44 142 37 6 725 9326 2884  7% 9 169039 25792 13%
c B  8.52 142 36 6 761 10011 3511  7% 9 169039 25792 13%
c i  8.54 142 35 6 762 10284 3763  7% 9 169039 25785 13%
c i  8.66 142 33 6 796 11320 4693  7% 8 169039 25783 13%
c i  8.66 142 33 6 798 11331 4697  7% 8 169039 25764 13%
c -  8.76 142 33 7 821 11904 3509  7% 8 167173 25764 13%
c -  9.13 142 30 8 894 14839 4271  7% 8 167173 25764 13%
c s  9.20 142 30 8 894 14847 4175  7% 8 167093 25764 13%
c v  9.38 142 30 8 894 14847 4175  7% 8 158088 25764 13%
c w  9.44 142 30 8 894 14847 4104  7% 8 158088 25749 13%
c t  9.46 142 30 8 894 14847 4094  7% 8 149289 25743 13%
c e  9.62 143 30 8 894 14847 1997  7% 8 142157 21135 10%
c s  9.67 143 30 8 894 14847 1937  7% 8 141631 21135 10%
c e  9.73 143 30 8 894 14847 1934  7% 8 141518 21103 10%
c d  9.84 143 30 8 896 15000 2030  5% 8 141498 21097 10%
c 3  9.89 143 30 8 896 15000 4441  5% 8 141498 21097 10%
c 3  9.90 143 30 8 896 15000 5241  5% 8 141498 21097 10%
c d  9.94 143 30 8 896 15000 4653  5% 8 141498 21005 10%
c 
c  seconds   reductions   redundant  irredundant
c          MB    restarts        trail       variables
c           level    conflicts       glue         remaining
c 
c 2  9.96 143 30 8 896 15000 4554  5% 8 141497 21004 10%
c p 10.01 143 30 8 896 15000 7134  5% 8 141497 20983 10%
c # 10.03 143 30 8 896 15013 7146  5% 8 141497 20983 10%
c i 10.14 143 29 8 927 16046 8096  8% 8 141497 20980 10%
c i 10.15 143 29 8 927 16107 8145  8% 8 141497 20976 10%
c i 10.15 143 29 8 927 16113 8149  8% 8 141497 20973 10%
c i 10.19 143 28 8 937 16368 8387  9% 8 141497 20947 10%
c i 10.25 143 27 8 960 17163 9105  7% 8 141497 20866 10%
c i 10.25 143 27 8 960 17178 9117  7% 8 141497 20852 10%
c i 10.27 143 27 8 960 17289 9211  8% 8 141497 20750 10%
c i 10.27 143 27 8 960 17301 9214  8% 8 141497 20623 10%
c i 10.28 143 27 8 960 17329 9232  8% 8 141497 20527 10%
c i 10.28 143 27 8 960 17334 9232  8% 8 141497 20523 10%
c } 10.28 143 27 8 960 17336 9232  8% 8 141497 19758 10%
c 0 10.28 143 27 8 960 17336 9232  8% 8 141497 19758 10%
c 
c --- [ result ] -------------------------------------------------------------
c 
s UNSATISFIABLE
c 
c --- [ run-time profiling ] -------------------------------------------------
c 
c process time taken by individual solving procedures
c (percentage relative to process time for solving)
c 
c         5.27   52.97% search
c         5.26   52.85% unstable
c         4.66   46.86% simplify
c         2.09   21.02% elim
c         1.41   14.15% vivify
c         0.70    7.07% subsume
c         0.14    1.37% ternary
c         0.10    1.05% probe
c         0.01    0.12% lucky
c   =================================
c         9.95   96.85% solve
c 
c last line shows process time for solving
c (percentage relative to total process time)
c 
c --- [ statistics ] ---------------------------------------------------------
c 
c backtracked:               64472       371.90 %  of conflicts
c chronological:              7209        11.18 %  of backtracks
c conflicts:                 17336      1741.96    per second
c decisions:                 68484      6881.43    per second
c eliminated:               176131        87.17 %  of all variables
c fixed:                      6052         3.00 %  of all variables
c learned:                   16614        95.84 %  per conflict
c minimized:                157985        28.98 %  learned literals
c propagations:           19361210         1.95 M  per second
c reduced:                    5997        34.59 %  per conflict
c rephased:                      5      3467.20    interval
c restarts:                    960        18.06    interval
c substituted:                 107         0.05 %  of all variables
c subsumed:                  15070         0.64 %  of all clauses
c strengthened:              13199         0.56 %  of all clauses
c ternary:                    6669         0.34 %  of resolved
c vivified:                   9496         0.40 %  of all clauses
c weakened:                 630384         2.89    average size
c 
c seconds are measured in process time for solving
c 
c --- [ resources ] ----------------------------------------------------------
c 
c total process time since initialization:        10.28    seconds
c total real time since initialization:           10.28    seconds
c maximum resident set size of process:          152.76    MB
c 
c --- [ shutting down ] ------------------------------------------------------
c 
c exit 20
