c --- [ banner ] -------------------------------------------------------------
c 
c CaDiCaL Radically Simplified CDCL SAT Solver
c Copyright (c) 2016-2019 Armin Biere, JKU Linz
c 
c Version 1.0.3 cb89cbfa16f47cb7bf1ec6ad9855e7b6d5203c18
c g++ (GCC) 6.3.0 -Wall -Wextra -O3 -DNDEBUG
c Fri Aug 23 08:17:16 CDT 2019 Linux login1 4.4.103-6.38-default x86_64
c 
c --- [ config ] -------------------------------------------------------------
c 
c using 'unsat' configuration (target unsatisfiable instances)
c 
c --- [ proof tracing ] ------------------------------------------------------
c 
c opening file to write '/tmp/5_1170_0_six.drat'
c writing binary proof trace to '/tmp/5_1170_0_six.drat'
c 
c --- [ parsing input ] ------------------------------------------------------
c 
c reading DIMACS file from '/tmp/5_1170_0_six.cnf'
c opening file to read '/tmp/5_1170_0_six.cnf'
c found 'p cnf 50176 399289' header
c parsed 399289 clauses in 0.16 seconds process time
c 
c --- [ options ] ------------------------------------------------------------
c 
c   --stabilize=false              (different from default 'true')
c   --walk=false                   (different from default 'true')
c 
c --- [ solving ] ------------------------------------------------------------
c 
c time measured in process time since initialization
c 
c  seconds  reductions  redundant  irredundant
c         MB    restarts       trail       variables
c          level   conflicts       glue         remaining
c 
c *  0.16 44  0 0   0    0    0  0% 0 363662 48223 96%
c {  0.16 45  0 0   0    0    0  0% 0 363662 48223 96%
c i  0.18 46 41 0  19  183  142  5% 8 363662 48037 96%
c -  0.22 46 50 1  38  302  202  6% 13 344463 48037 96%
c I  0.25 46 55 1  48 1002  572  7% 10 344463 48037 96%
c -  0.35 58 58 2  50 1224  634  8% 10 344463 48037 96%
c i  0.36 58 60 2  54 1312  675  8% 11 344463 48036 96%
c i  0.38 58 62 2  82 1715  943  8% 10 344463 47988 96%
c i  0.40 58 60 2  91 1899 1064  8% 10 344463 47982 96%
c -  0.50 58 52 3 135 2607 1229  8% 11 343227 47982 96%
c i  0.52 58 52 3 147 2963 1466  9% 10 343227 47720 95%
c B  0.52 58 52 3 147 3008 1500  9% 10 343227 47720 95%
c i  0.55 58 51 3 178 3307 1724  9% 11 343227 47426 95%
c i  0.58 58 52 3 226 3836 2106  9% 11 343227 47425 95%
c i  0.59 58 50 3 227 3968 2178  9% 11 343227 47328 94%
c -  0.68 58 46 4 227 4450 1745 10% 10 328611 47328 94%
c d  0.84 58 46 4 237 5004 2103 10% 10 324175 45115 90%
c 2  1.00 58 46 4 237 5004 2101 10% 10 318660 45105 90%
c p  1.20 59 46 4 237 5004 13064 10% 10 318660 44832 89%
c i  1.43 70 48 4 237 5743 11677  8% 9 312447 44473 89%
c 
c  seconds  reductions   redundant  irredundant
c         MB    restarts        trail       variables
c          level   conflicts        glue         remaining
c 
c i  1.44 70 49 4 237 5835 11748  8% 9 312447 44289 88%
c s  1.52 74 49 4 237 5835 11742  8% 9 312430 44289 88%
c v  1.72 74 49 4 237 5835 11742  8% 9 311254 44289 88%
c w  1.80 74 49 4 237 5835 11697  8% 9 311254 44009 88%
c t  1.84 74 49 4 237 5835 11683  8% 9 270073 44009 88%
c e  2.42 74 49 4 237 5835 3379  8% 9 228269 23327 46%
c i  2.56 74 49 4 237 5956 3457  7% 9 228269 23320 46%
c i  2.56 74 49 4 237 5957 3457  7% 9 228269 23319 46%
c i  2.56 74 49 4 237 5958 3457  7% 9 228269 23318 46%
c }  2.56 74 49 4 237 5961 3457  7% 9 228269 23244 46%
c 0  2.56 74 49 4 237 5961 3457  7% 9 228269 23244 46%
c 
c --- [ result ] -------------------------------------------------------------
c 
s UNSATISFIABLE
c 
c --- [ run-time profiling ] -------------------------------------------------
c 
c process time taken by individual solving procedures
c (percentage relative to process time for solving)
c 
c         1.53   63.94% simplify
c         0.86   35.89% search
c         0.86   35.89% unstable
c         0.58   24.04% elim
c         0.24   10.02% vivify
c         0.20    8.35% probe
c         0.16    6.51% subsume
c         0.12    4.84% ternary
c   =================================
c         2.40   93.74% solve
c 
c last line shows process time for solving
c (percentage relative to total process time)
c 
c --- [ statistics ] ---------------------------------------------------------
c 
c backtracked:               26453       443.77 %  of conflicts
c chronological:              2124         8.03 %  of backtracks
c conflicts:                  5961      2487.90    per second
c decisions:                 27408     11439.07    per second
c eliminated:                20675        41.20 %  of all variables
c fixed:                      4044         8.06 %  of all variables
c learned:                    4728        79.32 %  per conflict
c minimized:                 69926        29.08 %  learned literals
c propagations:            4362237         1.82 M  per second
c reduced:                     989        16.59 %  per conflict
c rephased:                      2      2980.50    interval
c restarts:                    237        25.15    interval
c substituted:                2213         4.41 %  of all variables
c subsumed:                   8091         0.65 %  of all clauses
c strengthened:               4166         0.34 %  of all clauses
c vivified:                   1236         0.10 %  of all clauses
c weakened:                 103538         4.26    average size
c 
c seconds are measured in process time for solving
c 
c --- [ resources ] ----------------------------------------------------------
c 
c total process time since initialization:         2.56    seconds
c total real time since initialization:            2.56    seconds
c maximum resident set size of process:           73.86    MB
c 
c --- [ shutting down ] ------------------------------------------------------
c 
c exit 20
