c --- [ banner ] -------------------------------------------------------------
c 
c CaDiCaL Radically Simplified CDCL SAT Solver
c Copyright (c) 2016-2019 Armin Biere, JKU Linz
c 
c Version 1.0.3 cb89cbfa16f47cb7bf1ec6ad9855e7b6d5203c18
c g++ (GCC) 6.3.0 -Wall -Wextra -O3 -DNDEBUG
c Fri Aug 23 08:17:16 CDT 2019 Linux login1 4.4.103-6.38-default x86_64
c 
c --- [ config ] -------------------------------------------------------------
c 
c using 'unsat' configuration (target unsatisfiable instances)
c 
c --- [ proof tracing ] ------------------------------------------------------
c 
c opening file to write '/tmp/5_1132_0_six.drat'
c writing binary proof trace to '/tmp/5_1132_0_six.drat'
c 
c --- [ parsing input ] ------------------------------------------------------
c 
c reading DIMACS file from '/tmp/5_1132_0_six.cnf'
c opening file to read '/tmp/5_1132_0_six.cnf'
c found 'p cnf 50176 399289' header
c parsed 399289 clauses in 0.15 seconds process time
c 
c --- [ options ] ------------------------------------------------------------
c 
c   --stabilize=false              (different from default 'true')
c   --walk=false                   (different from default 'true')
c 
c --- [ solving ] ------------------------------------------------------------
c 
c time measured in process time since initialization
c 
c  seconds  reductions  redundant  irredundant
c         MB    restarts       trail       variables
c          level   conflicts       glue         remaining
c 
c *  0.16 44  0 0   0    0    0  0% 0 363623 48261 96%
c {  0.16 45  0 0   0    0    0  0% 0 363623 48261 96%
c -  0.22 46 68 1  25  301  233  8% 10 350781 48261 96%
c I  0.29 47 74 1  60 1018  645 12% 10 350781 48261 96%
c -  0.42 60 69 2  64 1229  680 12% 10 350781 48261 96%
c i  0.55 60 45 2 108 2540 1678 11% 8 350781 47805 95%
c i  0.55 60 45 2 108 2541 1678 11% 8 350781 47640 95%
c i  0.56 60 45 2 108 2545 1681 11% 8 350781 46396 92%
c i  0.56 60 45 2 108 2546 1681 11% 8 350781 46370 92%
c i  0.56 60 44 2 108 2567 1685 11% 8 350781 45106 90%
c i  0.68 58 44 2 108 2572  563  3% 8 292180 44245 88%
c i  0.68 58 44 2 108 2574  563  3% 8 292180 43896 87%
c }  0.68 58 44 2 108 2576  563  3% 8 292180 43565 87%
c 0  0.68 58 44 2 108 2576  563  3% 8 292180 43565 87%
c 
c --- [ result ] -------------------------------------------------------------
c 
s UNSATISFIABLE
c 
c --- [ run-time profiling ] -------------------------------------------------
c 
c process time taken by individual solving procedures
c (percentage relative to process time for solving)
c 
c         0.53   99.25% search
c         0.52   98.50% unstable
c         0.00    0.75% lucky
c         0.00    0.00% simplify
c   =================================
c         0.53   77.78% solve
c 
c last line shows process time for solving
c (percentage relative to total process time)
c 
c --- [ statistics ] ---------------------------------------------------------
c 
c backtracked:                3044       118.17 %  of conflicts
c chronological:               978        32.13 %  of backtracks
c conflicts:                  2576      4842.11    per second
c decisions:                 13964     26248.12    per second
c fixed:                      6611        13.18 %  of all variables
c learned:                    2052        79.66 %  per conflict
c minimized:                 29114        27.49 %  learned literals
c propagations:            1339395         2.52 M  per second
c reduced:                     128         4.97 %  per conflict
c rephased:                      1      2576.00    interval
c restarts:                    108        23.85    interval
c subsumed:                    226         0.03 %  of all clauses
c 
c seconds are measured in process time for solving
c 
c --- [ resources ] ----------------------------------------------------------
c 
c total process time since initialization:         0.68    seconds
c total real time since initialization:            0.69    seconds
c maximum resident set size of process:           67.18    MB
c 
c --- [ shutting down ] ------------------------------------------------------
c 
c exit 20
