c --- [ banner ] -------------------------------------------------------------
c 
c CaDiCaL Radically Simplified CDCL SAT Solver
c Copyright (c) 2016-2019 Armin Biere, JKU Linz
c 
c Version 1.0.3 cb89cbfa16f47cb7bf1ec6ad9855e7b6d5203c18
c g++ (GCC) 6.3.0 -Wall -Wextra -O3 -DNDEBUG
c Fri Aug 23 08:17:16 CDT 2019 Linux login1 4.4.103-6.38-default x86_64
c 
c --- [ config ] -------------------------------------------------------------
c 
c using 'unsat' configuration (target unsatisfiable instances)
c 
c --- [ proof tracing ] ------------------------------------------------------
c 
c opening file to write '/tmp/5_1361_0_six.drat'
c writing binary proof trace to '/tmp/5_1361_0_six.drat'
c 
c --- [ parsing input ] ------------------------------------------------------
c 
c reading DIMACS file from '/tmp/5_1361_0_six.cnf'
c opening file to read '/tmp/5_1361_0_six.cnf'
c found 'p cnf 50176 399289' header
c parsed 399289 clauses in 0.22 seconds process time
c 
c --- [ options ] ------------------------------------------------------------
c 
c   --stabilize=false              (different from default 'true')
c   --walk=false                   (different from default 'true')
c 
c --- [ solving ] ------------------------------------------------------------
c 
c time measured in process time since initialization
c 
c  seconds  reductions  redundant  irredundant
c         MB    restarts       trail       variables
c          level   conflicts       glue         remaining
c 
c *  0.22 44  0 0   0    0    0  0% 0 363643 48209 96%
c {  0.22 45  0 0   0    0    0  0% 0 363643 48209 96%
c -  0.27 46 28 1   1  304  221  7% 8 349033 48209 96%
c I  0.33 47 65 1  64 1003  643 10% 10 349033 48209 96%
c -  0.47 60 72 2  72 1229  704 11% 11 349033 48209 96%
c -  0.62 60 46 3 126 2617 1266 10% 10 349033 48209 96%
c B  0.65 60 44 3 150 3005 1571 10% 10 349033 48209 96%
c -  0.88 60 46 4 203 4475 1979 11% 10 349033 48209 96%
c d  1.07 61 43 4 207 5001 2366 11% 10 344341 45863 91%
c 2  1.26 60 43 4 207 5001 2366 11% 10 338476 45863 91%
c p  1.48 63 43 4 207 5001 46862 11% 10 338476 45489 91%
c d  1.54 63 43 4 207 5001 31166 11% 10 328656 45482 91%
c d  1.58 63 43 4 207 5001 31160 11% 10 328620 45470 91%
c i  1.63 63 43 4 207 5371 31401 11% 9 328620 45430 91%
c i  1.63 63 42 4 207 5388 31413 11% 9 328620 45228 90%
c i  1.63 63 42 4 207 5411 31430 11% 9 328620 44993 90%
c i  1.83 60 42 4 208 5522 4932  3% 9 274672 42461 85%
c }  1.83 60 42 4 208 5536 4938  2% 9 274672 42243 84%
c 0  1.83 60 42 4 208 5536 4938  2% 9 274672 42243 84%
c 
c --- [ result ] -------------------------------------------------------------
c 
s UNSATISFIABLE
c 
c --- [ run-time profiling ] -------------------------------------------------
c 
c process time taken by individual solving procedures
c (percentage relative to process time for solving)
c 
c         0.96   59.16% search
c         0.96   59.16% unstable
c         0.66   40.59% simplify
c         0.23   14.11% probe
c         0.14    8.91% ternary
c   =================================
c         1.62   88.21% solve
c 
c last line shows process time for solving
c (percentage relative to total process time)
c 
c --- [ statistics ] ---------------------------------------------------------
c 
c backtracked:               17946       324.17 %  of conflicts
c chronological:              2018        11.24 %  of backtracks
c conflicts:                  5536      3425.74    per second
c decisions:                 24633     15243.19    per second
c fixed:                      5568        11.10 %  of all variables
c learned:                    4465        80.65 %  per conflict
c minimized:                 73534        28.35 %  learned literals
c propagations:            3747209         2.32 M  per second
c reduced:                    1223        22.09 %  per conflict
c rephased:                      2      2768.00    interval
c restarts:                    208        26.62    interval
c substituted:                2365         4.71 %  of all variables
c subsumed:                   6392         0.55 %  of all clauses
c weakened:                   4730         2.00    average size
c 
c seconds are measured in process time for solving
c 
c --- [ resources ] ----------------------------------------------------------
c 
c total process time since initialization:         1.83    seconds
c total real time since initialization:            1.83    seconds
c maximum resident set size of process:           71.04    MB
c 
c --- [ shutting down ] ------------------------------------------------------
c 
c exit 20
