c --- [ banner ] -------------------------------------------------------------
c 
c CaDiCaL Radically Simplified CDCL SAT Solver
c Copyright (c) 2016-2019 Armin Biere, JKU Linz
c 
c Version 1.0.3 cb89cbfa16f47cb7bf1ec6ad9855e7b6d5203c18
c g++ (GCC) 6.3.0 -Wall -Wextra -O3 -DNDEBUG
c Fri Aug 23 08:17:16 CDT 2019 Linux login1 4.4.103-6.38-default x86_64
c 
c --- [ config ] -------------------------------------------------------------
c 
c using 'unsat' configuration (target unsatisfiable instances)
c 
c --- [ proof tracing ] ------------------------------------------------------
c 
c opening file to write '/tmp/5_708_0_six.drat'
c writing binary proof trace to '/tmp/5_708_0_six.drat'
c 
c --- [ parsing input ] ------------------------------------------------------
c 
c reading DIMACS file from '/tmp/5_708_0_six.cnf'
c opening file to read '/tmp/5_708_0_six.cnf'
c found 'p cnf 50176 399289' header
c parsed 399289 clauses in 0.22 seconds process time
c 
c --- [ options ] ------------------------------------------------------------
c 
c   --stabilize=false              (different from default 'true')
c   --walk=false                   (different from default 'true')
c 
c --- [ solving ] ------------------------------------------------------------
c 
c time measured in process time since initialization
c 
c  seconds  reductions  redundant  irredundant
c         MB    restarts       trail       variables
c          level   conflicts       glue         remaining
c 
c *  0.22 44  0 0   0    0    0  0% 0 363642 48169 96%
c {  0.22 45  0 0   0    0    0  0% 0 363642 48169 96%
c -  0.28 47 91 1  34  300  200  9% 10 348163 48169 96%
c I  0.35 48 79 1  62 1002  702 11% 11 348163 48169 96%
c -  0.48 60 77 2  73 1227  786 11% 11 348163 48169 96%
c -  0.66 60 83 3 126 2616 1281 12% 10 348163 48169 96%
c B  0.69 60 77 3 135 3003 1559 12% 10 348163 48169 96%
c -  0.91 60 67 4 212 4471 2007 12% 9 348163 48169 96%
c d  1.11 61 63 4 245 5000 2365 12% 9 343483 45829 91%
c 2  1.30 61 63 4 245 5000 2365 12% 9 337633 45829 91%
c p  1.61 62 63 4 245 5000 9608 12% 9 337633 45551 91%
c s  1.91 70 59 4 316 5833 10204 12% 10 337633 45551 91%
c v  2.30 71 59 4 316 5833 10204 12% 10 333424 45551 91%
c w  2.41 71 59 4 316 5833 10171 12% 10 333424 45196 90%
c t  2.45 71 59 4 316 5833 10169 12% 10 303096 45196 90%
c e  3.22 65 59 4 316 5833 3477 12% 10 265202 27481 55%
c s  3.34 73 59 4 316 5833 3476 12% 10 265202 27481 55%
c F  3.50 74 59 4 334 6004 3602  3% 10 265202 27481 55%
c -  3.59 75 54 5 379 6787 1213  5% 10 265202 27481 55%
c i  3.72 76 44 5 407 8943 2843  5% 9 265202 27474 55%
c 
c  seconds  reductions  redundant  irredundant
c         MB    restarts       trail       variables
c          level   conflicts       glue         remaining
c 
c -  3.78 76 43 6 407 9349 2373  5% 9 264426 27474 55%
c i  3.80 76 41 6 411 9745 2697  5% 9 264426 27446 55%
c i  3.80 76 41 6 411 9747 2698  5% 9 264426 27414 55%
c i  3.82 76 40 6 411 9934 2866  6% 9 264426 27256 54%
c B  3.82 76 40 6 411 10007 2924  5% 9 264426 27256 54%
c i  3.91 76 39 6 419 10467 3290  6% 9 264426 27250 54%
c i  3.99 76 38 6 419 10909 3644  7% 9 264426 27232 54%
c }  3.99 76 38 6 419 10913 3646  7% 9 264426 26909 54%
c 0  3.99 76 38 6 419 10913 3646  7% 9 264426 26909 54%
c 
c --- [ result ] -------------------------------------------------------------
c 
s UNSATISFIABLE
c 
c --- [ run-time profiling ] -------------------------------------------------
c 
c process time taken by individual solving procedures
c (percentage relative to process time for solving)
c 
c         2.17   57.58% simplify
c         1.60   42.42% search
c         1.60   42.31% unstable
c         0.75   19.94% elim
c         0.44   11.56% vivify
c         0.31    8.27% probe
c         0.27    7.21% subsume
c         0.14    3.71% ternary
c         0.00    0.11% lucky
c   =================================
c         3.77   94.58% solve
c 
c last line shows process time for solving
c (percentage relative to total process time)
c 
c --- [ statistics ] ---------------------------------------------------------
c 
c backtracked:               42114       385.91 %  of conflicts
c chronological:              3906         9.27 %  of backtracks
c conflicts:                 10913      2893.16    per second
c decisions:                 49129     13024.66    per second
c eliminated:                17715        35.31 %  of all variables
c fixed:                      3212         6.40 %  of all variables
c learned:                    9342        85.60 %  per conflict
c minimized:                138888        29.38 %  learned literals
c propagations:            6936842         1.84 M  per second
c reduced:                    1816        16.64 %  per conflict
c rephased:                      4      2728.25    interval
c restarts:                    419        26.05    interval
c substituted:                2340         4.66 %  of all variables
c subsumed:                  11565         0.92 %  of all clauses
c strengthened:               3311         0.26 %  of all clauses
c vivified:                   4284         0.34 %  of all clauses
c weakened:                 102199         4.14    average size
c 
c seconds are measured in process time for solving
c 
c --- [ resources ] ----------------------------------------------------------
c 
c total process time since initialization:         3.99    seconds
c total real time since initialization:            3.99    seconds
c maximum resident set size of process:           75.63    MB
c 
c --- [ shutting down ] ------------------------------------------------------
c 
c exit 20
