c --- [ banner ] -------------------------------------------------------------
c 
c CaDiCaL Radically Simplified CDCL SAT Solver
c Copyright (c) 2016-2019 Armin Biere, JKU Linz
c 
c Version 1.0.3 cb89cbfa16f47cb7bf1ec6ad9855e7b6d5203c18
c g++ (GCC) 6.3.0 -Wall -Wextra -O3 -DNDEBUG
c Fri Aug 23 08:17:16 CDT 2019 Linux login1 4.4.103-6.38-default x86_64
c 
c --- [ config ] -------------------------------------------------------------
c 
c using 'unsat' configuration (target unsatisfiable instances)
c 
c --- [ proof tracing ] ------------------------------------------------------
c 
c opening file to write '/tmp/81_1251_0_four.drat'
c writing binary proof trace to '/tmp/81_1251_0_four.drat'
c 
c --- [ parsing input ] ------------------------------------------------------
c 
c reading DIMACS file from '/tmp/81_1251_0_four.cnf'
c opening file to read '/tmp/81_1251_0_four.cnf'
c found 'p cnf 43008 265775' header
c parsed 265775 clauses in 0.10 seconds process time
c 
c --- [ options ] ------------------------------------------------------------
c 
c   --stabilize=false              (different from default 'true')
c   --walk=false                   (different from default 'true')
c 
c --- [ solving ] ------------------------------------------------------------
c 
c time measured in process time since initialization
c 
c  seconds  reductions  redundant  irredundant
c         MB    restarts       trail       variables
c          level   conflicts       glue         remaining
c 
c *  0.10 31  0 0   0    0    0  0% 0 245532 41688 97%
c {  0.10 32  0 0   0    0    0  0% 0 245532 41688 97%
c -  0.15 33 63 1  31  303  261  8% 9 236542 41688 97%
c I  0.20 34 58 1  53 1003  751  9% 9 236542 41688 97%
c -  0.27 42 54 2  67 1128  709  9% 9 236542 41688 97%
c i  0.27 43 52 2  67 1183  748  9% 9 236542 41670 97%
c -  0.38 43 42 3 105 2366 1305  8% 8 235968 41670 97%
c B  0.42 43 36 3 105 3004 1843  8% 8 235968 41670 97%
c i  0.44 43 35 3 106 3325 2131  8% 8 235968 41596 97%
c -  0.55 43 33 4 149 4013 2089  9% 8 233094 41596 97%
c i  0.57 43 32 4 160 4296 2308  9% 8 233094 41132 96%
c i  0.57 43 32 4 160 4297 2308  9% 8 233094 41117 96%
c d  0.75 43 32 4 254 5002 2689  9% 8 219949 39614 92%
c d  0.78 44 32 4 254 5002 2681  9% 8 219911 39595 92%
c 2  0.89 45 32 4 254 5002 2675  9% 8 217610 39463 92%
c p  1.10 45 32 4 254 5002 12451  9% 8 217610 39250 91%
c d  1.13 45 32 4 254 5002 12008  9% 8 212141 39223 91%
c d  1.17 45 32 4 254 5002 12005  9% 8 212008 39194 91%
c s  1.32 42 33 4 282 5118 12075  9% 8 211966 39194 91%
c v  1.58 46 33 4 282 5118 12075  9% 8 209795 39194 91%
c 
c  seconds  reductions   redundant  irredundant
c         MB    restarts        trail       variables
c          level   conflicts        glue         remaining
c 
c w  1.65 46 33 4 282 5118 12042  9% 8 209795 39194 91%
c t  1.70 46 33 4 282 5118 11946  9% 8 185652 39183 91%
c e  2.24 49 33 4 282 5118 4023  9% 8 164716 20823 48%
c s  2.32 54 33 4 282 5118 4001  9% 8 164716 20823 48%
c F  2.53 55 30 4 320 6005 4709  4% 8 164716 20823 48%
c -  2.56 55 30 5 325 6064 1237  4% 8 164716 20823 48%
c i  2.64 55 26 5 326 7084 2094  6% 8 164716 20762 48%
c i  2.64 55 26 5 326 7152 2139  6% 8 164716 20761 48%
c i  2.65 55 26 5 326 7159 2137  6% 8 164716 20709 48%
c i  2.65 55 26 5 326 7175 2142  6% 8 164716 20273 47%
c i  2.65 55 26 5 326 7176 2142  6% 8 164716 20191 47%
c i  2.65 55 26 5 326 7183 2148  6% 8 164716 20190 47%
c i  2.65 55 26 5 326 7185 2148  6% 8 164716 20150 47%
c i  2.65 55 26 5 326 7189 2150  6% 8 164716 20077 47%
c }  2.65 55 26 5 326 7192 2151  6% 8 164716 19882 46%
c 0  2.65 55 26 5 326 7192 2151  6% 8 164716 19882 46%
c 
c --- [ result ] -------------------------------------------------------------
c 
s UNSATISFIABLE
c 
c --- [ run-time profiling ] -------------------------------------------------
c 
c process time taken by individual solving procedures
c (percentage relative to process time for solving)
c 
c         1.59   62.48% simplify
c         0.95   37.36% search
c         0.95   37.36% unstable
c         0.53   20.88% elim
c         0.29   11.46% vivify
c         0.20    8.01% probe
c         0.20    8.01% subsume
c         0.10    4.08% ternary
c   =================================
c         2.55   96.22% solve
c 
c last line shows process time for solving
c (percentage relative to total process time)
c 
c --- [ statistics ] ---------------------------------------------------------
c 
c backtracked:               24402       339.29 %  of conflicts
c chronological:              2671        10.95 %  of backtracks
c conflicts:                  7192      2822.61    per second
c decisions:                 27696     10869.70    per second
c eliminated:                18348        42.66 %  of all variables
c fixed:                      3200         7.44 %  of all variables
c learned:                    6366        88.52 %  per conflict
c minimized:                 79089        31.78 %  learned literals
c propagations:            4849396         1.90 M  per second
c reduced:                    1217        16.92 %  per conflict
c rephased:                      3      2397.33    interval
c restarts:                    326        22.06    interval
c substituted:                1578         3.67 %  of all variables
c subsumed:                   5490         0.63 %  of all clauses
c strengthened:               3465         0.40 %  of all clauses
c vivified:                   2251         0.26 %  of all clauses
c weakened:                  80352         3.74    average size
c 
c seconds are measured in process time for solving
c 
c --- [ resources ] ----------------------------------------------------------
c 
c total process time since initialization:         2.65    seconds
c total real time since initialization:            2.65    seconds
c maximum resident set size of process:           55.10    MB
c 
c --- [ shutting down ] ------------------------------------------------------
c 
c exit 20
