c --- [ banner ] -------------------------------------------------------------
c 
c CaDiCaL Radically Simplified CDCL SAT Solver
c Copyright (c) 2016-2019 Armin Biere, JKU Linz
c 
c Version 1.0.3 cb89cbfa16f47cb7bf1ec6ad9855e7b6d5203c18
c g++ (GCC) 6.3.0 -Wall -Wextra -O3 -DNDEBUG
c Fri Aug 23 08:17:16 CDT 2019 Linux login1 4.4.103-6.38-default x86_64
c 
c --- [ config ] -------------------------------------------------------------
c 
c using 'unsat' configuration (target unsatisfiable instances)
c 
c --- [ proof tracing ] ------------------------------------------------------
c 
c opening file to write '/tmp/81_1038_0_four.drat'
c writing binary proof trace to '/tmp/81_1038_0_four.drat'
c 
c --- [ parsing input ] ------------------------------------------------------
c 
c reading DIMACS file from '/tmp/81_1038_0_four.cnf'
c opening file to read '/tmp/81_1038_0_four.cnf'
c found 'p cnf 43008 265775' header
c parsed 265775 clauses in 0.09 seconds process time
c 
c --- [ options ] ------------------------------------------------------------
c 
c   --stabilize=false              (different from default 'true')
c   --walk=false                   (different from default 'true')
c 
c --- [ solving ] ------------------------------------------------------------
c 
c time measured in process time since initialization
c 
c  seconds  reductions  redundant  irredundant
c         MB    restarts       trail       variables
c          level   conflicts       glue         remaining
c 
c *  0.09 31  0 0   0    0    0  0% 0 245535 41733 97%
c {  0.09 32  0 0   0    0    0  0% 0 245535 41733 97%
c i  0.10 32 45 0   0   39   32  5% 3 245535 41725 97%
c -  0.12 33 45 1   8  301  234  8% 9 236961 41725 97%
c I  0.16 33 37 1  30 1004  738  9% 9 236961 41725 97%
c -  0.21 42 43 2  43 1126  704  9% 9 236961 41725 97%
c -  0.33 43 49 3 152 2363 1251  9% 9 236961 41725 97%
c B  0.37 43 52 3 172 3005 1775  9% 9 236961 41725 97%
c i  0.38 43 50 3 175 3237 1941  9% 9 236961 41645 97%
c -  0.46 43 46 4 216 4013 1810  9% 9 235221 41645 97%
c d  0.62 43 42 4 262 5005 2536 10% 9 232007 40040 93%
c 2  0.72 45 42 4 262 5005 2536 10% 9 229586 39999 93%
c p  0.80 46 42 4 262 5005 5908 10% 9 229586 39999 93%
c s  0.93 42 43 4 276 5115 6005 10% 9 229575 39999 93%
c v  1.11 48 43 4 276 5115 6005 10% 9 226071 39999 93%
c w  1.16 48 43 4 276 5115 6000 10% 9 226071 39999 93%
c t  1.18 48 43 4 276 5115 5999 10% 9 208596 39999 93%
c e  1.56 48 43 4 276 5115 1903 10% 9 191734 24483 57%
c s  1.61 54 43 4 276 5115 1896 10% 9 191734 24483 57%
c F  1.74 55 43 4 333 6006 2653  5% 9 191734 24483 57%
c 
c  seconds  reductions  redundant  irredundant
c         MB    restarts       trail       variables
c          level   conflicts       glue         remaining
c 
c -  1.76 55 43 5 343 6072 1380  5% 9 191734 24483 57%
c -  1.92 56 37 6 388 8386 2664  7% 9 191734 24483 57%
c i  2.00 56 33 6 412 9585 3663  7% 8 191734 24374 57%
c B  2.03 56 33 6 414 10007 4044  8% 8 191734 24374 57%
c i  2.06 56 32 6 431 10499 4420  7% 8 191734 24366 57%
c i  2.06 56 32 6 431 10515 4427  7% 8 191734 24340 57%
c -  2.12 56 31 7 433 11081 3056  7% 8 179624 24334 57%
c i  2.12 56 31 7 439 11268 3195  7% 8 179624 24246 56%
c i  2.14 56 30 7 439 11604 3455  7% 8 179624 24244 56%
c i  2.14 56 30 7 439 11612 3458  7% 8 179624 24217 56%
c i  2.15 56 29 7 439 11828 3618  7% 8 179624 24213 56%
c i  2.15 56 29 7 439 11845 3623  7% 8 179624 24198 56%
c }  2.15 56 29 7 439 11919 3662  7% 8 179624 24148 56%
c 0  2.15 56 29 7 439 11919 3662  7% 8 179624 24148 56%
c 
c --- [ result ] -------------------------------------------------------------
c 
s UNSATISFIABLE
c 
c --- [ run-time profiling ] -------------------------------------------------
c 
c process time taken by individual solving procedures
c (percentage relative to process time for solving)
c 
c         1.04   50.58% search
c         1.04   50.58% unstable
c         1.02   49.22% simplify
c         0.38   18.22% elim
c         0.20    9.50% vivify
c         0.14    6.59% subsume
c         0.08    4.07% probe
c         0.08    3.68% ternary
c   =================================
c         2.06   95.91% solve
c 
c last line shows process time for solving
c (percentage relative to total process time)
c 
c --- [ statistics ] ---------------------------------------------------------
c 
c backtracked:               32041       268.82 %  of conflicts
c chronological:              4685        14.62 %  of backtracks
c conflicts:                 11919      5774.71    per second
c decisions:                 47921     23217.54    per second
c eliminated:                15516        36.08 %  of all variables
c fixed:                      1739         4.04 %  of all variables
c learned:                   10765        90.32 %  per conflict
c minimized:                130579        30.28 %  learned literals
c propagations:            5228659         2.53 M  per second
c reduced:                    3141        26.35 %  per conflict
c rephased:                      4      2979.75    interval
c restarts:                    439        27.15    interval
c substituted:                1605         3.73 %  of all variables
c subsumed:                   7119         0.82 %  of all clauses
c strengthened:               2531         0.29 %  of all clauses
c vivified:                   3603         0.41 %  of all clauses
c weakened:                  78853         3.72    average size
c 
c seconds are measured in process time for solving
c 
c --- [ resources ] ----------------------------------------------------------
c 
c total process time since initialization:         2.15    seconds
c total real time since initialization:            2.15    seconds
c maximum resident set size of process:           56.32    MB
c 
c --- [ shutting down ] ------------------------------------------------------
c 
c exit 20
