c --- [ banner ] -------------------------------------------------------------
c 
c CaDiCaL Radically Simplified CDCL SAT Solver
c Copyright (c) 2016-2019 Armin Biere, JKU Linz
c 
c Version 1.0.3 cb89cbfa16f47cb7bf1ec6ad9855e7b6d5203c18
c g++ (GCC) 6.3.0 -Wall -Wextra -O3 -DNDEBUG
c Fri Aug 23 08:17:16 CDT 2019 Linux login1 4.4.103-6.38-default x86_64
c 
c --- [ config ] -------------------------------------------------------------
c 
c using 'unsat' configuration (target unsatisfiable instances)
c 
c --- [ proof tracing ] ------------------------------------------------------
c 
c opening file to write '/tmp/81_303_0_four.drat'
c writing binary proof trace to '/tmp/81_303_0_four.drat'
c 
c --- [ parsing input ] ------------------------------------------------------
c 
c reading DIMACS file from '/tmp/81_303_0_four.cnf'
c opening file to read '/tmp/81_303_0_four.cnf'
c found 'p cnf 43008 265775' header
c parsed 265775 clauses in 0.10 seconds process time
c 
c --- [ options ] ------------------------------------------------------------
c 
c   --stabilize=false              (different from default 'true')
c   --walk=false                   (different from default 'true')
c 
c --- [ solving ] ------------------------------------------------------------
c 
c time measured in process time since initialization
c 
c  seconds  reductions  redundant  irredundant
c         MB    restarts       trail       variables
c          level   conflicts       glue         remaining
c 
c *  0.10 31  0 0   0    0    0  0% 0 245532 41731 97%
c {  0.10 32  0 0   0    0    0  0% 0 245532 41731 97%
c -  0.15 33 53 1   3  305  226  9% 9 237119 41731 97%
c I  0.21 34 54 1  28 1002  772 10% 9 237119 41731 97%
c -  0.28 42 62 2  28 1130  770 10% 9 237119 41731 97%
c -  0.41 43 49 3 156 2369 1392  9% 10 237119 41731 97%
c B  0.46 43 48 3 207 3005 1939  9% 10 237119 41731 97%
c -  0.60 43 49 4 253 4019 1979  9% 10 237119 41731 97%
c d  0.78 43 46 4 267 5002 2814  9% 10 233927 40135 93%
c 2  0.92 44 46 4 267 5002 2814  9% 10 231533 40135 93%
c p  1.04 46 46 4 267 5002 5414  9% 10 231533 40135 93%
c s  1.20 40 46 4 271 5116 5504  9% 10 231533 40135 93%
c v  1.49 49 46 4 271 5116 5504  9% 10 227578 40135 93%
c w  1.58 49 46 4 271 5116 5499  9% 10 227578 40135 93%
c t  1.61 49 46 4 271 5116 5495  9% 10 210832 40135 93%
c e  2.09 50 46 4 271 5116 2015  9% 10 195288 25041 58%
c s  2.16 55 46 4 271 5116 2010  9% 10 195288 25041 58%
c i  2.31 56 47 4 310 5589 2402  5% 10 195288 25028 58%
c i  2.32 57 46 4 310 5635 2437  5% 10 195288 25005 58%
c F  2.34 57 45 4 310 6006 2728  6% 9 195288 25005 58%
c 
c  seconds  reductions  redundant  irredundant
c         MB    restarts       trail       variables
c          level   conflicts       glue         remaining
c 
c -  2.38 57 45 5 310 6083 1021  6% 9 191069 25005 58%
c i  2.39 57 43 5 310 6387 1272  6% 9 191069 25001 58%
c i  2.39 57 43 5 310 6388 1272  6% 9 191069 24971 58%
c i  2.39 57 43 5 310 6399 1275  6% 9 191069 24963 58%
c }  2.39 57 43 5 310 6401 1275  6% 9 191069 24822 58%
c 0  2.39 57 43 5 310 6401 1275  6% 9 191069 24822 58%
c 
c --- [ result ] -------------------------------------------------------------
c 
s UNSATISFIABLE
c 
c --- [ run-time profiling ] -------------------------------------------------
c 
c process time taken by individual solving procedures
c (percentage relative to process time for solving)
c 
c         1.40   61.26% simplify
c         0.89   38.74% search
c         0.88   38.57% unstable
c         0.47   20.59% elim
c         0.34   14.83% vivify
c         0.18    7.85% subsume
c         0.12    5.06% probe
c         0.11    4.71% ternary
c         0.00    0.17% lucky
c   =================================
c         2.29   95.82% solve
c 
c last line shows process time for solving
c (percentage relative to total process time)
c 
c --- [ statistics ] ---------------------------------------------------------
c 
c backtracked:               25885       404.39 %  of conflicts
c chronological:              2625        10.14 %  of backtracks
c conflicts:                  6401      2792.76    per second
c decisions:                 30375     13252.62    per second
c eliminated:                15094        35.10 %  of all variables
c fixed:                      1496         3.48 %  of all variables
c learned:                    5626        87.89 %  per conflict
c minimized:                 61587        26.19 %  learned literals
c propagations:            3222564         1.41 M  per second
c reduced:                    1459        22.79 %  per conflict
c rephased:                      3      2133.67    interval
c restarts:                    310        20.65    interval
c substituted:                1596         3.71 %  of all variables
c subsumed:                   6771         0.79 %  of all clauses
c strengthened:               2491         0.29 %  of all clauses
c vivified:                   4117         0.48 %  of all clauses
c weakened:                  78306         3.71    average size
c 
c seconds are measured in process time for solving
c 
c --- [ resources ] ----------------------------------------------------------
c 
c total process time since initialization:         2.39    seconds
c total real time since initialization:            2.39    seconds
c maximum resident set size of process:           56.96    MB
c 
c --- [ shutting down ] ------------------------------------------------------
c 
c exit 20
