c --- [ banner ] -------------------------------------------------------------
c 
c CaDiCaL Radically Simplified CDCL SAT Solver
c Copyright (c) 2016-2019 Armin Biere, JKU Linz
c 
c Version 1.0.3 cb89cbfa16f47cb7bf1ec6ad9855e7b6d5203c18
c g++ (GCC) 6.3.0 -Wall -Wextra -O3 -DNDEBUG
c Fri Aug 23 08:17:16 CDT 2019 Linux login1 4.4.103-6.38-default x86_64
c 
c --- [ config ] -------------------------------------------------------------
c 
c using 'unsat' configuration (target unsatisfiable instances)
c 
c --- [ proof tracing ] ------------------------------------------------------
c 
c opening file to write '/tmp/81_513_0_four.drat'
c writing binary proof trace to '/tmp/81_513_0_four.drat'
c 
c --- [ parsing input ] ------------------------------------------------------
c 
c reading DIMACS file from '/tmp/81_513_0_four.cnf'
c opening file to read '/tmp/81_513_0_four.cnf'
c found 'p cnf 43008 265775' header
c parsed 265775 clauses in 0.10 seconds process time
c 
c --- [ options ] ------------------------------------------------------------
c 
c   --stabilize=false              (different from default 'true')
c   --walk=false                   (different from default 'true')
c 
c --- [ solving ] ------------------------------------------------------------
c 
c time measured in process time since initialization
c 
c  seconds  reductions  redundant  irredundant
c         MB    restarts       trail       variables
c          level   conflicts       glue         remaining
c 
c *  0.10 31  0 0   0    0    0  0% 0 245532 41675 97%
c {  0.10 32  0 0   0    0    0  0% 0 245532 41675 97%
c -  0.14 33 48 1  21  300  199  7% 8 235969 41675 97%
c I  0.19 33 45 1  60 1002  724  8% 8 235969 41675 97%
c i  0.20 34 43 1  60 1048  760  8% 8 235969 41655 97%
c i  0.20 34 42 1  60 1064  775  8% 7 235969 41550 97%
c -  0.27 41 44 2  60 1126  740  8% 8 232916 41550 97%
c -  0.43 42 43 3 199 2357 1522  8% 9 232916 41550 97%
c }  0.46 42 41 3 226 2725 1844  8% 9 232916 41227 96%
c 0  0.46 42 41 3 226 2725 1844  8% 9 232916 41227 96%
c 
c --- [ result ] -------------------------------------------------------------
c 
s UNSATISFIABLE
c 
c --- [ run-time profiling ] -------------------------------------------------
c 
c process time taken by individual solving procedures
c (percentage relative to process time for solving)
c 
c         0.36   98.89% search
c         0.36   98.89% unstable
c         0.00    0.00% simplify
c   =================================
c         0.36   78.26% solve
c 
c last line shows process time for solving
c (percentage relative to total process time)
c 
c --- [ statistics ] ---------------------------------------------------------
c 
c backtracked:                3378       123.96 %  of conflicts
c chronological:              1121        33.19 %  of backtracks
c conflicts:                  2725      7569.44    per second
c decisions:                 18065     50180.56    per second
c fixed:                      1781         4.14 %  of all variables
c learned:                    2374        87.12 %  per conflict
c minimized:                 25975        28.64 %  learned literals
c propagations:            1142524         3.17 M  per second
c reduced:                     358        13.14 %  per conflict
c rephased:                      1      2725.00    interval
c restarts:                    226        12.06    interval
c subsumed:                    152         0.03 %  of all clauses
c 
c seconds are measured in process time for solving
c 
c --- [ resources ] ----------------------------------------------------------
c 
c total process time since initialization:         0.46    seconds
c total real time since initialization:            0.46    seconds
c maximum resident set size of process:           47.91    MB
c 
c --- [ shutting down ] ------------------------------------------------------
c 
c exit 20
