c --- [ banner ] -------------------------------------------------------------
c 
c CaDiCaL Radically Simplified CDCL SAT Solver
c Copyright (c) 2016-2019 Armin Biere, JKU Linz
c 
c Version 1.0.3 cb89cbfa16f47cb7bf1ec6ad9855e7b6d5203c18
c g++ (GCC) 6.3.0 -Wall -Wextra -O3 -DNDEBUG
c Fri Aug 23 08:17:16 CDT 2019 Linux login1 4.4.103-6.38-default x86_64
c 
c --- [ config ] -------------------------------------------------------------
c 
c using 'unsat' configuration (target unsatisfiable instances)
c 
c --- [ proof tracing ] ------------------------------------------------------
c 
c opening file to write '/tmp/50_1307_0_four.drat'
c writing binary proof trace to '/tmp/50_1307_0_four.drat'
c 
c --- [ parsing input ] ------------------------------------------------------
c 
c reading DIMACS file from '/tmp/50_1307_0_four.cnf'
c opening file to read '/tmp/50_1307_0_four.cnf'
c found 'p cnf 43008 265780' header
c parsed 265780 clauses in 0.18 seconds process time
c 
c --- [ options ] ------------------------------------------------------------
c 
c   --stabilize=false              (different from default 'true')
c   --walk=false                   (different from default 'true')
c 
c --- [ solving ] ------------------------------------------------------------
c 
c time measured in process time since initialization
c 
c  seconds  reductions  redundant  irredundant
c         MB    restarts       trail       variables
c          level   conflicts       glue         remaining
c 
c *  0.18 31  0 0   0    0    0  0% 0 243381 41707 97%
c {  0.18 32  0 0   0    0    0  0% 0 243381 41707 97%
c -  0.22 32 28 1   6  303  206  6% 8 237121 41707 97%
c I  0.28 34 48 1  71 1005  719  8% 10 237121 41707 97%
c -  0.36 42 48 2  71 1127  731  8% 9 237121 41707 97%
c i  0.47 42 58 2 113 2238 1688 11% 9 237121 41486 96%
c -  0.54 42 59 3 119 2364 1337 11% 9 232510 41486 96%
c B  0.62 42 57 3 174 3006 1874 10% 9 232510 41486 96%
c -  0.78 44 55 4 241 4003 1979 10% 9 232510 41486 96%
c i  0.86 44 52 4 264 4991 2817 10% 9 232510 41417 96%
c d  0.96 45 52 4 264 5002 2778 10% 9 228067 39862 93%
c 2  1.10 45 52 4 264 5002 2778 10% 9 225736 39862 93%
c p  1.38 46 52 4 264 5002 7131 10% 9 225736 39828 93%
c s  1.54 41 55 4 264 5090 7196 10% 9 225732 39828 93%
c v  1.86 47 55 4 264 5090 7196 10% 9 222370 39828 93%
c w  1.94 48 55 4 264 5090 7180 10% 9 222370 39828 93%
c t  1.97 48 55 4 264 5090 7176 10% 9 202764 39828 93%
c e  2.48 48 55 4 264 5090 1495 10% 9 184938 23586 55%
c s  2.56 54 55 4 264 5090 1487 10% 9 184938 23586 55%
c F  2.76 56 52 4 307 6007 2287  5% 9 184938 23586 55%
c 
c  seconds  reductions  redundant  irredundant
c         MB    restarts       trail       variables
c          level   conflicts       glue         remaining
c 
c -  2.80 56 51 5 307 6052 1146  5% 9 184938 23586 55%
c i  2.84 56 48 5 333 6572 1573  5% 9 184938 23581 55%
c i  2.85 56 49 5 333 6639 1633  6% 9 184938 23564 55%
c -  3.04 56 45 6 427 8332 2456  6% 9 182424 23564 55%
c i  3.16 56 44 6 470 9109 3138  7% 9 182424 23498 55%
c i  3.16 56 44 6 470 9148 3162  7% 9 182424 23479 55%
c }  3.16 56 44 6 470 9151 3163  7% 9 182424 23361 54%
c 0  3.16 56 44 6 470 9151 3163  7% 9 182424 23361 54%
c 
c --- [ result ] -------------------------------------------------------------
c 
s UNSATISFIABLE
c 
c --- [ run-time profiling ] -------------------------------------------------
c 
c process time taken by individual solving procedures
c (percentage relative to process time for solving)
c 
c         1.62   54.29% simplify
c         1.36   45.71% search
c         1.36   45.58% unstable
c         0.50   16.89% elim
c         0.35   11.80% vivify
c         0.28    9.38% probe
c         0.19    6.30% subsume
c         0.10    3.49% ternary
c         0.00    0.13% lucky
c   =================================
c         2.98   94.43% solve
c 
c last line shows process time for solving
c (percentage relative to total process time)
c 
c --- [ statistics ] ---------------------------------------------------------
c 
c backtracked:               38150       416.89 %  of conflicts
c chronological:              3848        10.09 %  of backtracks
c conflicts:                  9151      3066.69    per second
c decisions:                 48112     16123.32    per second
c eliminated:                16242        37.77 %  of all variables
c fixed:                      1850         4.30 %  of all variables
c learned:                    8335        91.08 %  per conflict
c minimized:                 74041        25.20 %  learned literals
c propagations:            4791731         1.61 M  per second
c reduced:                    1817        19.86 %  per conflict
c rephased:                      3      3050.33    interval
c restarts:                    470        19.47    interval
c substituted:                1555         3.62 %  of all variables
c subsumed:                   6584         0.77 %  of all clauses
c strengthened:               3317         0.39 %  of all clauses
c vivified:                   3493         0.41 %  of all clauses
c weakened:                  78444         3.75    average size
c 
c seconds are measured in process time for solving
c 
c --- [ resources ] ----------------------------------------------------------
c 
c total process time since initialization:         3.16    seconds
c total real time since initialization:            3.16    seconds
c maximum resident set size of process:           55.61    MB
c 
c --- [ shutting down ] ------------------------------------------------------
c 
c exit 20
