c --- [ banner ] -------------------------------------------------------------
c 
c CaDiCaL Radically Simplified CDCL SAT Solver
c Copyright (c) 2016-2019 Armin Biere, JKU Linz
c 
c Version 1.0.3 cb89cbfa16f47cb7bf1ec6ad9855e7b6d5203c18
c g++ (GCC) 6.3.0 -Wall -Wextra -O3 -DNDEBUG
c Fri Aug 23 08:17:16 CDT 2019 Linux login1 4.4.103-6.38-default x86_64
c 
c --- [ config ] -------------------------------------------------------------
c 
c using 'unsat' configuration (target unsatisfiable instances)
c 
c --- [ proof tracing ] ------------------------------------------------------
c 
c opening file to write '/tmp/50_589_0_four.drat'
c writing binary proof trace to '/tmp/50_589_0_four.drat'
c 
c --- [ parsing input ] ------------------------------------------------------
c 
c reading DIMACS file from '/tmp/50_589_0_four.cnf'
c opening file to read '/tmp/50_589_0_four.cnf'
c found 'p cnf 43008 265780' header
c parsed 265780 clauses in 0.10 seconds process time
c 
c --- [ options ] ------------------------------------------------------------
c 
c   --stabilize=false              (different from default 'true')
c   --walk=false                   (different from default 'true')
c 
c --- [ solving ] ------------------------------------------------------------
c 
c time measured in process time since initialization
c 
c  seconds  reductions  redundant  irredundant
c         MB    restarts       trail       variables
c          level   conflicts       glue         remaining
c 
c *  0.10 31  0 0   0    0    0  0% 0 243367 41543 97%
c {  0.11 32  0 0   0    0    0  0% 0 243367 41543 97%
c -  0.16 33 61 1  11  303  224  9% 8 233089 41543 97%
c I  0.22 34 50 1  91 1002  745  8% 10 233089 41543 97%
c -  0.30 42 48 2  95 1126  710  8% 9 233089 41543 97%
c i  0.37 42 45 2 135 2091 1499  9% 9 233089 41399 96%
c i  0.37 42 45 2 135 2092 1499  9% 9 233089 41215 96%
c }  0.37 42 45 2 135 2100 1502  9% 9 233089 40562 94%
c 0  0.37 42 45 2 135 2100 1502  9% 9 233089 40562 94%
c 
c --- [ result ] -------------------------------------------------------------
c 
s UNSATISFIABLE
c 
c --- [ run-time profiling ] -------------------------------------------------
c 
c process time taken by individual solving procedures
c (percentage relative to process time for solving)
c 
c         0.27  100.00% search
c         0.26   98.51% unstable
c         0.00    1.49% lucky
c         0.00    0.00% simplify
c   =================================
c         0.27   72.04% solve
c 
c last line shows process time for solving
c (percentage relative to total process time)
c 
c --- [ statistics ] ---------------------------------------------------------
c 
c backtracked:                2558       121.81 %  of conflicts
c chronological:               854        33.39 %  of backtracks
c conflicts:                  2100      7835.82    per second
c decisions:                 12600     47014.93    per second
c fixed:                      2446         5.69 %  of all variables
c learned:                    1727        82.24 %  per conflict
c minimized:                 15823        24.12 %  learned literals
c propagations:             768629         2.87 M  per second
c reduced:                     125         5.95 %  per conflict
c rephased:                      1      2100.00    interval
c restarts:                    135        15.56    interval
c subsumed:                     96         0.02 %  of all clauses
c 
c seconds are measured in process time for solving
c 
c --- [ resources ] ----------------------------------------------------------
c 
c total process time since initialization:         0.37    seconds
c total real time since initialization:            0.37    seconds
c maximum resident set size of process:           42.43    MB
c 
c --- [ shutting down ] ------------------------------------------------------
c 
c exit 20
