c --- [ banner ] -------------------------------------------------------------
c 
c CaDiCaL Radically Simplified CDCL SAT Solver
c Copyright (c) 2016-2019 Armin Biere, JKU Linz
c 
c Version 1.0.3 cb89cbfa16f47cb7bf1ec6ad9855e7b6d5203c18
c g++ (GCC) 6.3.0 -Wall -Wextra -O3 -DNDEBUG
c Fri Aug 23 08:17:16 CDT 2019 Linux login1 4.4.103-6.38-default x86_64
c 
c --- [ config ] -------------------------------------------------------------
c 
c using 'unsat' configuration (target unsatisfiable instances)
c 
c --- [ proof tracing ] ------------------------------------------------------
c 
c opening file to write '/tmp/21_1052_0_four.drat'
c writing binary proof trace to '/tmp/21_1052_0_four.drat'
c 
c --- [ parsing input ] ------------------------------------------------------
c 
c reading DIMACS file from '/tmp/21_1052_0_four.cnf'
c opening file to read '/tmp/21_1052_0_four.cnf'
c found 'p cnf 259840 1039934' header
c parsed 1039934 clauses in 0.45 seconds process time
c 
c --- [ options ] ------------------------------------------------------------
c 
c   --stabilize=false              (different from default 'true')
c   --walk=false                   (different from default 'true')
c 
c --- [ solving ] ------------------------------------------------------------
c 
c time measured in process time since initialization
c 
c  seconds   reductions  redundant   irredundant
c          MB    restarts       trail        variables
c           level   conflicts       glue           remaining
c 
c *  0.47 139  0 0   0    0    0  0% 0 1039424 252820 97%
c {  0.49 142  0 0   0    0    0  0% 0 1039424 252820 97%
c -  0.68 146 313 1   9  302  188  6% 4 909643 252820 97%
c I  1.37 146 93 1 104 1003  783  9% 7 909643 252820 97%
c -  2.08 177 70 2 208 1478 1181  8% 8 909643 252820 97%
c i  2.49 177 51 2 243 2291 1845  9% 8 909643 252766 97%
c i  2.50 177 50 2 243 2300 1851  9% 8 909643 251079 97%
c i  2.57 177 49 2 243 2382 1918  9% 8 909643 250925 97%
c i  2.57 177 49 2 243 2383 1918  9% 8 909643 250691 96%
c }  2.57 177 49 2 243 2386 1919  9% 8 909643 250323 96%
c 0  2.57 177 49 2 243 2386 1919  9% 8 909643 250323 96%
c 
c --- [ result ] -------------------------------------------------------------
c 
s UNSATISFIABLE
c 
c --- [ run-time profiling ] -------------------------------------------------
c 
c process time taken by individual solving procedures
c (percentage relative to process time for solving)
c 
c         2.10   99.06% search
c         2.08   98.11% unstable
c         0.02    0.94% lucky
c         0.00    0.00% simplify
c   =================================
c         2.12   82.43% solve
c 
c last line shows process time for solving
c (percentage relative to total process time)
c 
c --- [ statistics ] ---------------------------------------------------------
c 
c backtracked:                3019       126.53 %  of conflicts
c chronological:              1086        35.97 %  of backtracks
c conflicts:                  2386      1125.47    per second
c decisions:                 13795      6507.08    per second
c fixed:                      9517         3.66 %  of all variables
c learned:                    2127        89.15 %  per conflict
c minimized:                 14161        20.87 %  learned literals
c propagations:            6684578         3.15 M  per second
c reduced:                      24         1.01 %  per conflict
c rephased:                      1      2386.00    interval
c restarts:                    243         9.82    interval
c subsumed:                    179         0.01 %  of all clauses
c 
c seconds are measured in process time for solving
c 
c --- [ resources ] ----------------------------------------------------------
c 
c total process time since initialization:         2.57    seconds
c total real time since initialization:            2.57    seconds
c maximum resident set size of process:          177.09    MB
c 
c --- [ shutting down ] ------------------------------------------------------
c 
c exit 20
