c --- [ banner ] -------------------------------------------------------------
c 
c CaDiCaL Radically Simplified CDCL SAT Solver
c Copyright (c) 2016-2019 Armin Biere, JKU Linz
c 
c Version 1.0.3 cb89cbfa16f47cb7bf1ec6ad9855e7b6d5203c18
c g++ (GCC) 6.3.0 -Wall -Wextra -O3 -DNDEBUG
c Fri Aug 23 08:17:16 CDT 2019 Linux login1 4.4.103-6.38-default x86_64
c 
c --- [ config ] -------------------------------------------------------------
c 
c using 'unsat' configuration (target unsatisfiable instances)
c 
c --- [ proof tracing ] ------------------------------------------------------
c 
c opening file to write '/tmp/21_257_0_four.drat'
c writing binary proof trace to '/tmp/21_257_0_four.drat'
c 
c --- [ parsing input ] ------------------------------------------------------
c 
c reading DIMACS file from '/tmp/21_257_0_four.cnf'
c opening file to read '/tmp/21_257_0_four.cnf'
c found 'p cnf 259840 1039934' header
c parsed 1039934 clauses in 0.50 seconds process time
c 
c --- [ options ] ------------------------------------------------------------
c 
c   --stabilize=false              (different from default 'true')
c   --walk=false                   (different from default 'true')
c 
c --- [ solving ] ------------------------------------------------------------
c 
c time measured in process time since initialization
c 
c  seconds   reductions  redundant   irredundant
c          MB    restarts       trail        variables
c           level   conflicts       glue           remaining
c 
c *  0.52 139  0 0   0    0    0  0% 0 1039424 252820 97%
c {  0.54 142  0 0   0    0    0  0% 0 1039424 252820 97%
c -  0.74 147 319 1  10  300  181  6% 4 909647 252820 97%
c I  1.19 147 90 1 129 1002  767  7% 8 909647 252820 97%
c -  1.80 177 66 2 182 1479 1170  8% 8 909647 252820 97%
c B  2.66 178 42 2 239 3003 2497  9% 8 909647 252820 97%
c -  3.05 178 40 3 243 3246 2181  9% 8 909647 252820 97%
c }  3.20 178 38 3 254 3567 2424  9% 8 909647 242729 93%
c 0  3.20 178 38 3 254 3567 2424  9% 8 909647 242729 93%
c 
c --- [ result ] -------------------------------------------------------------
c 
s UNSATISFIABLE
c 
c --- [ run-time profiling ] -------------------------------------------------
c 
c process time taken by individual solving procedures
c (percentage relative to process time for solving)
c 
c         2.68   99.26% search
c         2.66   98.52% unstable
c         0.02    0.74% lucky
c         0.00    0.00% simplify
c   =================================
c         2.70   84.48% solve
c 
c last line shows process time for solving
c (percentage relative to total process time)
c 
c --- [ statistics ] ---------------------------------------------------------
c 
c backtracked:                4370       122.51 %  of conflicts
c chronological:              1547        35.40 %  of backtracks
c conflicts:                  3567      1321.11    per second
c decisions:                 16953      6278.89    per second
c fixed:                     17111         6.59 %  of all variables
c learned:                    3177        89.07 %  per conflict
c minimized:                 27212        23.82 %  learned literals
c propagations:            9205981         3.41 M  per second
c reduced:                     513        14.38 %  per conflict
c rephased:                      2      1783.50    interval
c restarts:                    254        14.04    interval
c subsumed:                    239         0.01 %  of all clauses
c 
c seconds are measured in process time for solving
c 
c --- [ resources ] ----------------------------------------------------------
c 
c total process time since initialization:         3.20    seconds
c total real time since initialization:            3.20    seconds
c maximum resident set size of process:          201.38    MB
c 
c --- [ shutting down ] ------------------------------------------------------
c 
c exit 20
