c --- [ banner ] -------------------------------------------------------------
c 
c CaDiCaL Radically Simplified CDCL SAT Solver
c Copyright (c) 2016-2019 Armin Biere, JKU Linz
c 
c Version 1.0.3 cb89cbfa16f47cb7bf1ec6ad9855e7b6d5203c18
c g++ (GCC) 6.3.0 -Wall -Wextra -O3 -DNDEBUG
c Fri Aug 23 08:17:16 CDT 2019 Linux login1 4.4.103-6.38-default x86_64
c 
c --- [ config ] -------------------------------------------------------------
c 
c using 'unsat' configuration (target unsatisfiable instances)
c 
c --- [ proof tracing ] ------------------------------------------------------
c 
c opening file to write '/tmp/21_503_0_four.drat'
c writing binary proof trace to '/tmp/21_503_0_four.drat'
c 
c --- [ parsing input ] ------------------------------------------------------
c 
c reading DIMACS file from '/tmp/21_503_0_four.cnf'
c opening file to read '/tmp/21_503_0_four.cnf'
c found 'p cnf 259840 1039934' header
c parsed 1039934 clauses in 0.45 seconds process time
c 
c --- [ options ] ------------------------------------------------------------
c 
c   --stabilize=false              (different from default 'true')
c   --walk=false                   (different from default 'true')
c 
c --- [ solving ] ------------------------------------------------------------
c 
c time measured in process time since initialization
c 
c  seconds   reductions  redundant   irredundant
c          MB    restarts       trail        variables
c           level   conflicts       glue           remaining
c 
c *  0.47 139  0 0   0    0    0  0% 0 1039424 252950 97%
c {  0.49 142  0 0   0    0    0  0% 0 1039424 252950 97%
c -  0.70 147 318 1   9  300  179  5% 4 911744 252950 97%
c I  1.17 147 94 1 144 1002  783  7% 8 911744 252950 97%
c -  1.89 178 73 2 201 1479 1197  8% 8 911744 252950 97%
c i  3.14 178 44 2 264 2941 2490  9% 8 911744 252823 97%
c B  3.17 178 44 2 264 3004 2543  9% 8 911744 252823 97%
c i  3.28 178 42 2 275 3176 2692  9% 8 911744 252711 97%
c -  3.58 178 42 3 275 3242 2184  9% 8 907563 252711 97%
c i  4.05 178 38 3 308 3879 2729 10% 8 907563 252089 97%
c }  4.06 178 38 3 308 3910 2746 10% 8 907563 252004 97%
c 0  4.06 178 38 3 308 3910 2746 10% 8 907563 252004 97%
c 
c --- [ result ] -------------------------------------------------------------
c 
s UNSATISFIABLE
c 
c --- [ run-time profiling ] -------------------------------------------------
c 
c process time taken by individual solving procedures
c (percentage relative to process time for solving)
c 
c         3.58   99.45% search
c         3.56   98.89% unstable
c         0.02    0.55% lucky
c         0.00    0.00% simplify
c   =================================
c         3.60   88.77% solve
c 
c last line shows process time for solving
c (percentage relative to total process time)
c 
c --- [ statistics ] ---------------------------------------------------------
c 
c backtracked:                4810       123.02 %  of conflicts
c chronological:              1652        34.35 %  of backtracks
c conflicts:                  3910      1084.91    per second
c decisions:                 18886      5240.29    per second
c fixed:                      7836         3.02 %  of all variables
c learned:                    3587        91.74 %  per conflict
c minimized:                 33767        25.10 %  learned literals
c propagations:           12201611         3.39 M  per second
c reduced:                     534        13.66 %  per conflict
c rephased:                      2      1955.00    interval
c restarts:                    308        12.69    interval
c subsumed:                    253         0.01 %  of all clauses
c 
c seconds are measured in process time for solving
c 
c --- [ resources ] ----------------------------------------------------------
c 
c total process time since initialization:         4.06    seconds
c total real time since initialization:            4.06    seconds
c maximum resident set size of process:          201.45    MB
c 
c --- [ shutting down ] ------------------------------------------------------
c 
c exit 20
