c --- [ banner ] -------------------------------------------------------------
c 
c CaDiCaL Radically Simplified CDCL SAT Solver
c Copyright (c) 2016-2019 Armin Biere, JKU Linz
c 
c Version 1.0.3 cb89cbfa16f47cb7bf1ec6ad9855e7b6d5203c18
c g++ (GCC) 6.3.0 -Wall -Wextra -O3 -DNDEBUG
c Fri Aug 23 08:17:16 CDT 2019 Linux login1 4.4.103-6.38-default x86_64
c 
c --- [ config ] -------------------------------------------------------------
c 
c using 'unsat' configuration (target unsatisfiable instances)
c 
c --- [ proof tracing ] ------------------------------------------------------
c 
c opening file to write '/tmp/32_110_0_three.drat'
c writing binary proof trace to '/tmp/32_110_0_three.drat'
c 
c --- [ parsing input ] ------------------------------------------------------
c 
c reading DIMACS file from '/tmp/32_110_0_three.cnf'
c opening file to read '/tmp/32_110_0_three.cnf'
c found 'p cnf 39424 200377' header
c parsed 200377 clauses in 0.16 seconds process time
c 
c --- [ options ] ------------------------------------------------------------
c 
c   --stabilize=false              (different from default 'true')
c   --walk=false                   (different from default 'true')
c 
c --- [ solving ] ------------------------------------------------------------
c 
c time measured in process time since initialization
c 
c  seconds  reductions  redundant  irredundant
c         MB    restarts       trail       variables
c          level   conflicts       glue         remaining
c 
c *  0.16 26  0 0   0    0    0  0% 0 182479 38127 97%
c {  0.17 27  0 0   0    0    0  0% 0 182479 38127 97%
c i  0.18 27 51 0   0  116   73  7% 7 182479 38095 97%
c -  0.24 28 66 1  13  300  226  9% 9 173987 38095 97%
c I  0.29 29 52 1  30 1003  800 10% 9 173987 38095 97%
c -  0.34 34 52 2  30 1046  713 10% 9 173987 38095 97%
c -  0.46 34 44 3  82 2163 1282  9% 9 173987 38095 97%
c B  0.52 34 42 3 112 3005 2026  9% 9 173987 38095 97%
c i  0.54 34 39 3 117 3488 2431  9% 9 173987 37999 96%
c i  0.55 34 39 3 117 3535 2469  9% 9 173987 37967 96%
c -  0.59 34 38 4 117 3651 1762  9% 8 171935 37967 96%
c s  0.73 33 33 4 120 4520 2490  9% 8 171935 37967 96%
c v  0.84 37 33 4 120 4520 2490  9% 8 169850 37967 96%
c w  0.89 37 33 4 120 4520 2484  9% 8 169850 37967 96%
c t  0.92 37 33 4 120 4520 2480  9% 8 154825 37967 96%
c e  1.70 37 33 4 120 4520   35  9% 8 134462 20465 52%
c s  1.74 42 33 4 120 4520   35  9% 8 134462 20465 52%
c d  1.88 43 32 4 124 5000  462  4% 8 134449 20456 52%
c 3  1.93 43 32 4 124 5000 7747  4% 8 134449 20456 52%
c p  2.01 43 32 4 124 5000 8932  4% 8 134449 20452 52%
c 
c  seconds  reductions  redundant  irredundant
c         MB    restarts       trail       variables
c          level   conflicts       glue         remaining
c 
c -  2.08 43 31 5 178 5504 1082  4% 8 133879 20452 52%
c F  2.11 43 30 5 184 6006 1533  4% 8 133879 20452 52%
c -  2.21 44 27 6 236 7532 2341  5% 8 133879 20452 52%
c i  2.22 44 26 6 236 7754 2552  5% 8 133879 20442 52%
c i  2.22 44 26 6 236 7768 2560  5% 8 133879 20431 52%
c i  2.22 44 26 6 236 7771 2559  5% 8 133879 20430 52%
c }  2.22 44 26 6 236 7773 2559  5% 8 133879 20226 51%
c 0  2.22 44 26 6 236 7773 2559  5% 8 133879 20226 51%
c 
c --- [ result ] -------------------------------------------------------------
c 
s UNSATISFIABLE
c 
c --- [ run-time profiling ] -------------------------------------------------
c 
c process time taken by individual solving procedures
c (percentage relative to process time for solving)
c 
c         1.21   58.95% simplify
c         0.84   41.05% search
c         0.84   40.86% unstable
c         0.77   37.55% elim
c         0.14    6.81% vivify
c         0.12    6.03% subsume
c         0.07    3.31% ternary
c         0.04    1.75% probe
c         0.00    0.19% lucky
c   =================================
c         2.06   92.61% solve
c 
c last line shows process time for solving
c (percentage relative to total process time)
c 
c --- [ statistics ] ---------------------------------------------------------
c 
c backtracked:               18403       236.76 %  of conflicts
c chronological:              3295        17.90 %  of backtracks
c conflicts:                  7773      3780.64    per second
c decisions:                 25606     12454.28    per second
c eliminated:                17502        44.39 %  of all variables
c fixed:                      1687         4.28 %  of all variables
c learned:                    7147        91.95 %  per conflict
c minimized:                 69145        28.73 %  learned literals
c propagations:            2950156         1.43 M  per second
c reduced:                    1700        21.87 %  per conflict
c rephased:                      3      2591.00    interval
c restarts:                    236        32.94    interval
c substituted:                   9         0.02 %  of all variables
c subsumed:                   4075         0.52 %  of all clauses
c strengthened:               2065         0.26 %  of all clauses
c ternary:                    9843         0.73 %  of resolved
c vivified:                   2157         0.27 %  of all clauses
c weakened:                  65924         3.57    average size
c 
c seconds are measured in process time for solving
c 
c --- [ resources ] ----------------------------------------------------------
c 
c total process time since initialization:         2.22    seconds
c total real time since initialization:            2.22    seconds
c maximum resident set size of process:           43.73    MB
c 
c --- [ shutting down ] ------------------------------------------------------
c 
c exit 20
