c --- [ banner ] -------------------------------------------------------------
c 
c CaDiCaL Radically Simplified CDCL SAT Solver
c Copyright (c) 2016-2019 Armin Biere, JKU Linz
c 
c Version 1.0.3 cb89cbfa16f47cb7bf1ec6ad9855e7b6d5203c18
c g++ (GCC) 6.3.0 -Wall -Wextra -O3 -DNDEBUG
c Fri Aug 23 08:17:16 CDT 2019 Linux login1 4.4.103-6.38-default x86_64
c 
c --- [ config ] -------------------------------------------------------------
c 
c using 'unsat' configuration (target unsatisfiable instances)
c 
c --- [ proof tracing ] ------------------------------------------------------
c 
c opening file to write '/tmp/32_144_0_three.drat'
c writing binary proof trace to '/tmp/32_144_0_three.drat'
c 
c --- [ parsing input ] ------------------------------------------------------
c 
c reading DIMACS file from '/tmp/32_144_0_three.cnf'
c opening file to read '/tmp/32_144_0_three.cnf'
c found 'p cnf 39424 200377' header
c parsed 200377 clauses in 0.16 seconds process time
c 
c --- [ options ] ------------------------------------------------------------
c 
c   --stabilize=false              (different from default 'true')
c   --walk=false                   (different from default 'true')
c 
c --- [ solving ] ------------------------------------------------------------
c 
c time measured in process time since initialization
c 
c  seconds  reductions  redundant  irredundant
c         MB    restarts       trail       variables
c          level   conflicts       glue         remaining
c 
c *  0.16 26  0 0   0    0    0  0% 0 182479 38132 97%
c {  0.16 27  0 0   0    0    0  0% 0 182479 38132 97%
c -  0.20 27 42 1   6  300  256  8% 8 175002 38132 97%
c I  0.26 29 44 1  51 1002  827  8% 8 175002 38132 97%
c -  0.32 35 45 2  51 1047  745  8% 8 175002 38132 97%
c -  0.44 35 38 3 134 2168 1332  8% 8 175002 38132 97%
c i  0.46 35 37 3 134 2342 1487  8% 8 175002 38124 97%
c i  0.50 35 35 3 136 2721 1807  8% 8 175002 38116 97%
c B  0.52 35 34 3 160 3004 2063  8% 8 175002 38116 97%
c i  0.55 35 34 3 182 3219 2260  9% 8 175002 38070 97%
c i  0.55 35 34 3 189 3263 2302  9% 8 175002 38054 97%
c i  0.57 35 33 3 189 3452 2475  9% 8 175002 38002 96%
c i  0.58 35 32 3 189 3554 2556  9% 8 175002 37986 96%
c -  0.62 35 31 4 189 3659 1898  9% 8 171824 37986 96%
c i  0.63 35 30 4 189 3770 1994  9% 7 171824 37968 96%
c i  0.65 35 29 4 189 4049 2238  9% 7 171824 37958 96%
c }  0.65 35 28 4 189 4056 2242  9% 7 171824 37950 96%
c 0  0.65 35 28 4 189 4056 2242  9% 7 171824 37950 96%
c 
c --- [ result ] -------------------------------------------------------------
c 
s UNSATISFIABLE
c 
c --- [ run-time profiling ] -------------------------------------------------
c 
c process time taken by individual solving procedures
c (percentage relative to process time for solving)
c 
c         0.49  100.00% search
c         0.49   99.19% unstable
c         0.00    0.81% lucky
c         0.00    0.00% simplify
c   =================================
c         0.49   75.46% solve
c 
c last line shows process time for solving
c (percentage relative to total process time)
c 
c --- [ statistics ] ---------------------------------------------------------
c 
c backtracked:                5032       124.06 %  of conflicts
c chronological:              1855        36.86 %  of backtracks
c conflicts:                  4056      8243.90    per second
c decisions:                 15909     32335.37    per second
c fixed:                      1474         3.74 %  of all variables
c learned:                    3748        92.41 %  per conflict
c minimized:                 41141        32.48 %  learned literals
c propagations:            1841650         3.74 M  per second
c reduced:                    1115        27.49 %  per conflict
c rephased:                      2      2028.00    interval
c restarts:                    189        21.46    interval
c subsumed:                    225         0.06 %  of all clauses
c 
c seconds are measured in process time for solving
c 
c --- [ resources ] ----------------------------------------------------------
c 
c total process time since initialization:         0.65    seconds
c total real time since initialization:            0.65    seconds
c maximum resident set size of process:           39.42    MB
c 
c --- [ shutting down ] ------------------------------------------------------
c 
c exit 20
