c --- [ banner ] -------------------------------------------------------------
c 
c CaDiCaL Radically Simplified CDCL SAT Solver
c Copyright (c) 2016-2019 Armin Biere, JKU Linz
c 
c Version 1.0.3 cb89cbfa16f47cb7bf1ec6ad9855e7b6d5203c18
c g++ (GCC) 6.3.0 -Wall -Wextra -O3 -DNDEBUG
c Fri Aug 23 08:17:16 CDT 2019 Linux login1 4.4.103-6.38-default x86_64
c 
c --- [ config ] -------------------------------------------------------------
c 
c using 'unsat' configuration (target unsatisfiable instances)
c 
c --- [ proof tracing ] ------------------------------------------------------
c 
c opening file to write '/tmp/58_354_0_six.drat'
c writing binary proof trace to '/tmp/58_354_0_six.drat'
c 
c --- [ parsing input ] ------------------------------------------------------
c 
c reading DIMACS file from '/tmp/58_354_0_six.cnf'
c opening file to read '/tmp/58_354_0_six.cnf'
c found 'p cnf 50176 399284' header
c parsed 399284 clauses in 0.20 seconds process time
c 
c --- [ options ] ------------------------------------------------------------
c 
c   --stabilize=false              (different from default 'true')
c   --walk=false                   (different from default 'true')
c 
c --- [ solving ] ------------------------------------------------------------
c 
c time measured in process time since initialization
c 
c  seconds  reductions  redundant  irredundant
c         MB    restarts       trail       variables
c          level   conflicts       glue         remaining
c 
c *  0.20 45  0 0   0    0    0  0% 0 366643 48308 96%
c {  0.21 45  0 0   0    0    0  0% 0 366643 48308 96%
c -  0.27 47 74 1  20  302  174  8% 11 351654 48308 96%
c I  0.31 47 66 1  42 1002  578  9% 11 351654 48308 96%
c -  0.43 59 61 2  54 1231  634  9% 10 351654 48308 96%
c -  0.60 59 58 3 135 2622 1342  9% 11 351654 48308 96%
c B  0.64 59 55 3 137 3003 1653  9% 10 351654 48308 96%
c -  0.87 60 47 4 267 4477 2122  9% 10 351654 48308 96%
c d  1.05 61 47 4 276 5010 2494  9% 10 346926 45944 92%
c 2  1.24 61 47 4 276 5010 2494  9% 10 341016 45944 92%
c p  1.54 62 47 4 276 5010 17514  9% 10 341016 45922 92%
c s  1.82 71 45 4 304 5850 18205  9% 10 341016 45922 92%
c v  2.28 71 45 4 304 5850 18205  9% 10 337012 45922 92%
c w  2.40 71 45 4 304 5850 18200  9% 10 337012 45862 91%
c t  2.44 71 45 4 304 5850 18196  9% 10 306775 45862 91%
c e  3.22 66 45 4 304 5850 7467  9% 10 286463 29137 58%
c F  3.50 74 44 4 313 6005 7593  5% 10 286463 29137 58%
c i  3.50 75 43 4 313 6166 7717  4% 10 286463 29136 58%
c i  3.51 75 42 4 313 6285 7810  4% 10 286463 29124 58%
c i  3.54 75 42 4 318 6612 8025  6% 9 286463 29123 58%
c 
c  seconds  reductions  redundant  irredundant
c         MB    restarts       trail       variables
c          level   conflicts       glue         remaining
c 
c -  3.60 75 42 5 318 6799 1356  7% 9 284701 29123 58%
c i  3.63 75 41 5 333 7309 1705  6% 9 284701 29083 58%
c i  3.63 75 41 5 333 7310 1705  6% 9 284701 29082 58%
c i  3.63 75 41 5 333 7334 1722  6% 9 284701 28627 57%
c i  3.63 75 41 5 333 7341 1725  6% 9 284701 28534 57%
c }  3.63 75 41 5 333 7349 1727  6% 9 284701 28338 56%
c 0  3.63 75 41 5 333 7349 1727  6% 9 284701 28338 56%
c 
c --- [ result ] -------------------------------------------------------------
c 
s UNSATISFIABLE
c 
c --- [ run-time profiling ] -------------------------------------------------
c 
c process time taken by individual solving procedures
c (percentage relative to process time for solving)
c 
c         2.22   64.95% simplify
c         1.20   35.05% search
c         1.20   34.93% unstable
c         0.76   22.20% elim
c         0.51   14.95% vivify
c         0.30    8.88% probe
c         0.24    7.01% subsume
c         0.15    4.32% ternary
c         0.00    0.12% lucky
c   =================================
c         3.42   94.38% solve
c 
c last line shows process time for solving
c (percentage relative to total process time)
c 
c --- [ statistics ] ---------------------------------------------------------
c 
c backtracked:               34647       471.45 %  of conflicts
c chronological:              2648         7.64 %  of backtracks
c conflicts:                  7349      2146.32    per second
c decisions:                 34147      9972.84    per second
c eliminated:                16725        33.33 %  of all variables
c fixed:                      2749         5.48 %  of all variables
c learned:                    6048        82.30 %  per conflict
c minimized:                 93630        28.82 %  learned literals
c propagations:            4760642         1.39 M  per second
c reduced:                    1239        16.86 %  per conflict
c rephased:                      3      2449.67    interval
c restarts:                    333        22.07    interval
c substituted:                2364         4.71 %  of all variables
c subsumed:                  10544         0.82 %  of all clauses
c strengthened:               3890         0.30 %  of all clauses
c vivified:                   3623         0.28 %  of all clauses
c weakened:                 108082         4.03    average size
c 
c seconds are measured in process time for solving
c 
c --- [ resources ] ----------------------------------------------------------
c 
c total process time since initialization:         3.63    seconds
c total real time since initialization:            3.63    seconds
c maximum resident set size of process:           74.68    MB
c 
c --- [ shutting down ] ------------------------------------------------------
c 
c exit 20
