c --- [ banner ] -------------------------------------------------------------
c 
c CaDiCaL Radically Simplified CDCL SAT Solver
c Copyright (c) 2016-2019 Armin Biere, JKU Linz
c 
c Version 1.0.3 cb89cbfa16f47cb7bf1ec6ad9855e7b6d5203c18
c g++ (GCC) 6.3.0 -Wall -Wextra -O3 -DNDEBUG
c Fri Aug 23 08:17:16 CDT 2019 Linux login1 4.4.103-6.38-default x86_64
c 
c --- [ config ] -------------------------------------------------------------
c 
c using 'unsat' configuration (target unsatisfiable instances)
c 
c --- [ proof tracing ] ------------------------------------------------------
c 
c opening file to write '/tmp/58_316_0_six.drat'
c writing binary proof trace to '/tmp/58_316_0_six.drat'
c 
c --- [ parsing input ] ------------------------------------------------------
c 
c reading DIMACS file from '/tmp/58_316_0_six.cnf'
c opening file to read '/tmp/58_316_0_six.cnf'
c found 'p cnf 50176 399284' header
c parsed 399284 clauses in 0.16 seconds process time
c 
c --- [ options ] ------------------------------------------------------------
c 
c   --stabilize=false              (different from default 'true')
c   --walk=false                   (different from default 'true')
c 
c --- [ solving ] ------------------------------------------------------------
c 
c time measured in process time since initialization
c 
c  seconds  reductions  redundant  irredundant
c         MB    restarts       trail       variables
c          level   conflicts       glue         remaining
c 
c *  0.16 44  0 0   0    0    0  0% 0 366653 48384 96%
c {  0.16 45  0 0   0    0    0  0% 0 366653 48384 96%
c -  0.23 47 80 1   4  303  192  9% 7 353402 48384 96%
c I  0.28 48 62 1  60 1009  671  9% 9 353402 48384 96%
c -  0.39 60 54 2  74 1236  739  9% 9 353402 48384 96%
c -  0.56 60 48 3 174 2636 1341  9% 10 353402 48384 96%
c B  0.58 60 48 3 175 3036 1543  9% 9 353402 48384 96%
c -  0.75 61 44 4 245 4493 1909  9% 9 353402 48384 96%
c i  0.78 61 44 4 259 4834 2176  9% 9 353402 48378 96%
c d  0.93 62 43 4 259 5000 2132  9% 9 348498 46002 92%
c 2  1.11 61 43 4 259 5000 2132  9% 9 342558 45982 92%
c p  1.38 63 43 4 259 5000 14334  9% 9 342558 45953 92%
c s  1.64 71 46 4 287 5846 14898  9% 9 342556 45953 92%
c v  2.08 71 46 4 287 5846 14898  9% 9 339029 45953 92%
c w  2.19 71 46 4 287 5846 14881  9% 9 339029 45898 91%
c t  2.23 71 46 4 287 5846 14872  9% 9 309906 45898 91%
c e  3.01 66 46 4 287 5846 5038  9% 9 288900 29393 59%
c F  3.30 74 46 4 287 6038 5156  4% 9 288900 29393 59%
c -  3.42 75 45 5 341 6817 1457  5% 9 288900 29393 59%
c i  3.50 75 41 5 363 7720 2186  6% 9 288900 29387 59%
c 
c  seconds  reductions  redundant  irredundant
c         MB    restarts       trail       variables
c          level   conflicts       glue         remaining
c 
c i  3.50 75 41 5 363 7729 2187  6% 9 288900 29332 58%
c }  3.50 75 41 5 363 7731 2187  6% 9 288900 28985 58%
c 0  3.50 75 41 5 363 7731 2187  6% 9 288900 28985 58%
c 
c --- [ result ] -------------------------------------------------------------
c 
s UNSATISFIABLE
c 
c --- [ run-time profiling ] -------------------------------------------------
c 
c process time taken by individual solving procedures
c (percentage relative to process time for solving)
c 
c         2.16   64.67% simplify
c         1.18   35.33% search
c         1.18   35.21% unstable
c         0.77   23.11% elim
c         0.48   14.49% vivify
c         0.26    7.90% probe
c         0.24    7.31% subsume
c         0.14    4.19% ternary
c         0.00    0.12% lucky
c   =================================
c         3.34   95.43% solve
c 
c last line shows process time for solving
c (percentage relative to total process time)
c 
c --- [ statistics ] ---------------------------------------------------------
c 
c backtracked:               34946       452.02 %  of conflicts
c chronological:              2762         7.90 %  of backtracks
c conflicts:                  7731      2314.67    per second
c decisions:                 35020     10485.03    per second
c eliminated:                16505        32.89 %  of all variables
c fixed:                      2310         4.60 %  of all variables
c learned:                    6241        80.73 %  per conflict
c minimized:                 88200        28.53 %  learned literals
c propagations:            4552283         1.36 M  per second
c reduced:                    1237        16.00 %  per conflict
c rephased:                      3      2577.00    interval
c restarts:                    363        21.30    interval
c substituted:                2376         4.74 %  of all variables
c subsumed:                  10538         0.82 %  of all clauses
c strengthened:               3293         0.26 %  of all clauses
c vivified:                   3597         0.28 %  of all clauses
c weakened:                 106945         4.02    average size
c 
c seconds are measured in process time for solving
c 
c --- [ resources ] ----------------------------------------------------------
c 
c total process time since initialization:         3.50    seconds
c total real time since initialization:            3.50    seconds
c maximum resident set size of process:           74.59    MB
c 
c --- [ shutting down ] ------------------------------------------------------
c 
c exit 20
