c --- [ banner ] -------------------------------------------------------------
c 
c CaDiCaL Radically Simplified CDCL SAT Solver
c Copyright (c) 2016-2019 Armin Biere, JKU Linz
c 
c Version 1.0.3 cb89cbfa16f47cb7bf1ec6ad9855e7b6d5203c18
c g++ (GCC) 6.3.0 -Wall -Wextra -O3 -DNDEBUG
c Fri Aug 23 08:17:16 CDT 2019 Linux login1 4.4.103-6.38-default x86_64
c 
c --- [ config ] -------------------------------------------------------------
c 
c using 'unsat' configuration (target unsatisfiable instances)
c 
c --- [ proof tracing ] ------------------------------------------------------
c 
c opening file to write '/tmp/58_590_0_six.drat'
c writing binary proof trace to '/tmp/58_590_0_six.drat'
c 
c --- [ parsing input ] ------------------------------------------------------
c 
c reading DIMACS file from '/tmp/58_590_0_six.cnf'
c opening file to read '/tmp/58_590_0_six.cnf'
c found 'p cnf 50176 399284' header
c parsed 399284 clauses in 0.15 seconds process time
c 
c --- [ options ] ------------------------------------------------------------
c 
c   --stabilize=false              (different from default 'true')
c   --walk=false                   (different from default 'true')
c 
c --- [ solving ] ------------------------------------------------------------
c 
c time measured in process time since initialization
c 
c  seconds  reductions  redundant  irredundant
c         MB    restarts       trail       variables
c          level   conflicts       glue         remaining
c 
c *  0.15 44  0 0   0    0    0  0% 0 366652 48468 97%
c {  0.16 45  0 0   0    0    0  0% 0 366652 48468 97%
c -  0.22 47 88 1  25  307  196  9% 13 355146 48468 97%
c I  0.28 48 73 1  50 1004  661 11% 13 355146 48468 97%
c -  0.40 60 70 2  55 1237  711 11% 13 355146 48468 97%
c i  0.48 60 58 2  82 2143 1318 11% 12 355146 48464 97%
c -  0.58 60 48 3  88 2636 1182 10% 11 354996 48464 97%
c B  0.60 60 47 3  99 3005 1455 10% 10 354996 48464 97%
c -  0.79 60 44 4 145 4496 2005 10% 10 354996 48464 97%
c d  0.98 62 41 4 163 5001 2411 10% 9 350222 46077 92%
c 2  1.17 61 41 4 163 5001 2411 10% 9 344257 46077 92%
c p  1.51 63 41 4 163 5001 12544 10% 9 344257 45699 91%
c i  1.63 63 43 4 176 5586 12946 10% 9 344257 45036 90%
c i  1.84 63 43 4 176 5644 4705  6% 9 316334 45031 90%
c i  1.84 64 43 4 176 5650 4707  5% 9 316334 44732 89%
c }  1.84 64 42 4 176 5669 4721  5% 9 316334 44079 88%
c 0  1.84 64 42 4 176 5669 4721  5% 9 316334 44079 88%
c 
c --- [ result ] -------------------------------------------------------------
c 
s UNSATISFIABLE
c 
c --- [ run-time profiling ] -------------------------------------------------
c 
c process time taken by individual solving procedures
c (percentage relative to process time for solving)
c 
c         0.97   57.58% search
c         0.97   57.35% unstable
c         0.72   42.42% simplify
c         0.34   19.91% probe
c         0.15    8.77% ternary
c         0.00    0.24% lucky
c   =================================
c         1.69   91.74% solve
c 
c last line shows process time for solving
c (percentage relative to total process time)
c 
c --- [ statistics ] ---------------------------------------------------------
c 
c backtracked:               28095       495.59 %  of conflicts
c chronological:              2039         7.26 %  of backtracks
c conflicts:                  5669      3358.41    per second
c decisions:                 23471     13904.62    per second
c fixed:                      3710         7.39 %  of all variables
c learned:                    4574        80.68 %  per conflict
c minimized:                 79927        31.62 %  learned literals
c propagations:            3691697         2.19 M  per second
c reduced:                    1059        18.68 %  per conflict
c rephased:                      2      2834.50    interval
c restarts:                    176        32.21    interval
c substituted:                2387         4.76 %  of all variables
c subsumed:                   6517         0.59 %  of all clauses
c weakened:                   4774         2.00    average size
c 
c seconds are measured in process time for solving
c 
c --- [ resources ] ----------------------------------------------------------
c 
c total process time since initialization:         1.84    seconds
c total real time since initialization:            1.84    seconds
c maximum resident set size of process:           72.61    MB
c 
c --- [ shutting down ] ------------------------------------------------------
c 
c exit 20
