c --- [ banner ] -------------------------------------------------------------
c 
c CaDiCaL Radically Simplified CDCL SAT Solver
c Copyright (c) 2016-2019 Armin Biere, JKU Linz
c 
c Version 1.0.3 cb89cbfa16f47cb7bf1ec6ad9855e7b6d5203c18
c g++ (GCC) 6.3.0 -Wall -Wextra -O3 -DNDEBUG
c Fri Aug 23 08:17:16 CDT 2019 Linux login1 4.4.103-6.38-default x86_64
c 
c --- [ config ] -------------------------------------------------------------
c 
c using 'unsat' configuration (target unsatisfiable instances)
c 
c --- [ proof tracing ] ------------------------------------------------------
c 
c opening file to write '/tmp/83_1258_0_four.drat'
c writing binary proof trace to '/tmp/83_1258_0_four.drat'
c 
c --- [ parsing input ] ------------------------------------------------------
c 
c reading DIMACS file from '/tmp/83_1258_0_four.cnf'
c opening file to read '/tmp/83_1258_0_four.cnf'
c found 'p cnf 259840 1039924' header
c parsed 1039924 clauses in 0.38 seconds process time
c 
c --- [ options ] ------------------------------------------------------------
c 
c   --stabilize=false              (different from default 'true')
c   --walk=false                   (different from default 'true')
c 
c --- [ solving ] ------------------------------------------------------------
c 
c time measured in process time since initialization
c 
c  seconds   reductions  redundant   irredundant
c          MB    restarts       trail        variables
c           level   conflicts       glue           remaining
c 
c *  0.40 139  0 0   0    0    0  0% 0 1039424 254290 98%
c {  0.42 142  0 0   0    0    0  0% 0 1039424 254290 98%
c -  0.60 147 219 1  19  300  187  5% 6 928681 254290 98%
c I  0.92 147 81 1 100 1005  778  9% 8 928681 254290 98%
c i  0.93 147 79 1 100 1038  806  9% 8 928681 254009 98%
c i  0.99 147 73 1 108 1209  941  8% 8 928681 253966 98%
c i  1.06 147 66 1 110 1426 1133  8% 8 928681 253965 98%
c -  1.38 178 64 2 117 1487 1122  8% 8 923382 253965 98%
c i  1.77 178 47 2 223 2558 2045  8% 8 923382 253795 98%
c B  2.04 178 44 2 233 3007 2420  9% 8 923382 253795 98%
c -  2.34 178 42 3 233 3255 2079  9% 8 921264 253795 98%
c s  3.28 167 37 3 265 4064 2768  8% 8 921264 253795 98%
c v  4.14 184 37 3 265 4064 2768  8% 8 921243 253795 98%
c w  4.42 184 37 3 265 4064 2761  8% 8 921243 253769 98%
c t  4.48 184 37 3 265 4064 2760  8% 8 920733 253769 98%
c e  6.85 214 37 3 265 4064   37  8% 8 227992 28044 11%
c s  7.05 214 37 3 265 4064   36  8% 8 227707 28044 11%
c e  7.30 153 37 3 265 4064   35  8% 8 227701 27955 11%
c d  7.52 171 38 3 283 5000  852  6% 8 227685 27953 11%
c 3  7.56 171 38 3 283 5000 3610  6% 8 227685 27953 11%
c 
c  seconds   reductions  redundant  irredundant
c          MB    restarts       trail       variables
c           level   conflicts       glue         remaining
c 
c 3  7.57 171 38 3 283 5000 3880  6% 8 227685 27953 11%
c d  7.60 171 38 3 283 5000 3838  6% 8 227685 27948 11%
c 2  7.60 171 38 3 283 5000 3828  6% 8 227673 27946 11%
c p  7.66 171 38 3 283 5000 8287  6% 8 227673 27925 11%
c i  7.71 171 36 3 319 5599 8790  5% 8 227673 27905 11%
c }  7.71 171 36 3 319 5601 8790  5% 8 227673 27409 11%
c 0  7.71 171 36 3 319 5601 8790  5% 8 227673 27409 11%
c 
c --- [ result ] -------------------------------------------------------------
c 
s UNSATISFIABLE
c 
c --- [ run-time profiling ] -------------------------------------------------
c 
c process time taken by individual solving procedures
c (percentage relative to process time for solving)
c 
c         4.51   61.61% simplify
c         2.80   38.18% search
c         2.78   37.90% unstable
c         2.56   34.90% elim
c         1.02   13.93% vivify
c         0.71    9.67% subsume
c         0.06    0.82% ternary
c         0.06    0.76% probe
c         0.02    0.27% lucky
c   =================================
c         7.32   95.02% solve
c 
c last line shows process time for solving
c (percentage relative to total process time)
c 
c --- [ statistics ] ---------------------------------------------------------
c 
c backtracked:               19874       354.83 %  of conflicts
c chronological:              2209        11.12 %  of backtracks
c conflicts:                  5601       764.75    per second
c decisions:                 21070      2876.84    per second
c eliminated:               225809        86.90 %  of all variables
c fixed:                      6615         2.55 %  of all variables
c learned:                    5132        91.63 %  per conflict
c minimized:                 48817        26.14 %  learned literals
c propagations:           13926476         1.90 M  per second
c reduced:                     543         9.69 %  per conflict
c rephased:                      2      2800.50    interval
c restarts:                    319        17.56    interval
c substituted:                   7         0.00 %  of all variables
c subsumed:                   6079         0.20 %  of all clauses
c strengthened:              15847         0.52 %  of all clauses
c ternary:                    3376         0.34 %  of resolved
c vivified:                    125         0.00 %  of all clauses
c weakened:                 809122         2.84    average size
c 
c seconds are measured in process time for solving
c 
c --- [ resources ] ----------------------------------------------------------
c 
c total process time since initialization:         7.71    seconds
c total real time since initialization:            7.71    seconds
c maximum resident set size of process:          216.89    MB
c 
c --- [ shutting down ] ------------------------------------------------------
c 
c exit 20
