c --- [ banner ] -------------------------------------------------------------
c 
c CaDiCaL Radically Simplified CDCL SAT Solver
c Copyright (c) 2016-2019 Armin Biere, JKU Linz
c 
c Version 1.0.3 cb89cbfa16f47cb7bf1ec6ad9855e7b6d5203c18
c g++ (GCC) 6.3.0 -Wall -Wextra -O3 -DNDEBUG
c Fri Aug 23 08:17:16 CDT 2019 Linux login1 4.4.103-6.38-default x86_64
c 
c --- [ config ] -------------------------------------------------------------
c 
c using 'unsat' configuration (target unsatisfiable instances)
c 
c --- [ proof tracing ] ------------------------------------------------------
c 
c opening file to write '/tmp/83_836_0_four.drat'
c writing binary proof trace to '/tmp/83_836_0_four.drat'
c 
c --- [ parsing input ] ------------------------------------------------------
c 
c reading DIMACS file from '/tmp/83_836_0_four.cnf'
c opening file to read '/tmp/83_836_0_four.cnf'
c found 'p cnf 259840 1039924' header
c parsed 1039924 clauses in 0.48 seconds process time
c 
c --- [ options ] ------------------------------------------------------------
c 
c   --stabilize=false              (different from default 'true')
c   --walk=false                   (different from default 'true')
c 
c --- [ solving ] ------------------------------------------------------------
c 
c time measured in process time since initialization
c 
c  seconds   reductions  redundant   irredundant
c          MB    restarts       trail        variables
c           level   conflicts       glue           remaining
c 
c *  0.50 139  0 0   0    0    0  0% 0 1039424 253656 98%
c {  0.52 142  0 0   0    0    0  0% 0 1039424 253656 98%
c i  0.60 147 235 0  12  294  173  5% 4 1039424 252159 97%
c i  0.60 147 234 0  13  295  173  5% 4 1039424 251437 97%
c i  0.60 147 233 0  13  296  173  5% 4 1039424 251304 97%
c i  0.60 147 229 0  14  301  176  5% 4 1039424 249375 96%
c -  0.72 146 229 1  14  301  150  5% 4 867273 249375 96%
c i  0.73 146 228 1  14  302  150  5% 4 867273 249227 96%
c }  0.74 146 223 1  14  310  156  5% 4 867273 249147 96%
c 0  0.74 146 223 1  14  310  156  5% 4 867273 249147 96%
c 
c --- [ result ] -------------------------------------------------------------
c 
s UNSATISFIABLE
c 
c --- [ run-time profiling ] -------------------------------------------------
c 
c process time taken by individual solving procedures
c (percentage relative to process time for solving)
c 
c         0.24   92.42% search
c         0.22   83.33% unstable
c         0.02    9.09% lucky
c         0.00    0.00% simplify
c   =================================
c         0.26   35.48% solve
c 
c last line shows process time for solving
c (percentage relative to total process time)
c 
c --- [ statistics ] ---------------------------------------------------------
c 
c backtracked:                 437       140.97 %  of conflicts
c chronological:               231        52.86 %  of backtracks
c conflicts:                   310      1174.24    per second
c decisions:                  2098      7946.97    per second
c fixed:                     10693         4.12 %  of all variables
c learned:                     284        91.61 %  per conflict
c minimized:                   168        10.28 %  learned literals
c propagations:             185951         0.70 M  per second
c restarts:                     14        22.14    interval
c subsumed:                     96         0.00 %  of all clauses
c 
c seconds are measured in process time for solving
c 
c --- [ resources ] ----------------------------------------------------------
c 
c total process time since initialization:         0.74    seconds
c total real time since initialization:            0.74    seconds
c maximum resident set size of process:          153.38    MB
c 
c --- [ shutting down ] ------------------------------------------------------
c 
c exit 20
