c --- [ banner ] -------------------------------------------------------------
c 
c CaDiCaL Radically Simplified CDCL SAT Solver
c Copyright (c) 2016-2019 Armin Biere, JKU Linz
c 
c Version 1.0.3 cb89cbfa16f47cb7bf1ec6ad9855e7b6d5203c18
c g++ (GCC) 6.3.0 -Wall -Wextra -O3 -DNDEBUG
c Fri Aug 23 08:17:16 CDT 2019 Linux login1 4.4.103-6.38-default x86_64
c 
c --- [ config ] -------------------------------------------------------------
c 
c using 'unsat' configuration (target unsatisfiable instances)
c 
c --- [ proof tracing ] ------------------------------------------------------
c 
c opening file to write '/tmp/60_1316_0_four.drat'
c writing binary proof trace to '/tmp/60_1316_0_four.drat'
c 
c --- [ parsing input ] ------------------------------------------------------
c 
c reading DIMACS file from '/tmp/60_1316_0_four.cnf'
c opening file to read '/tmp/60_1316_0_four.cnf'
c found 'p cnf 259840 1039934' header
c parsed 1039934 clauses in 0.47 seconds process time
c 
c --- [ options ] ------------------------------------------------------------
c 
c   --stabilize=false              (different from default 'true')
c   --walk=false                   (different from default 'true')
c 
c --- [ solving ] ------------------------------------------------------------
c 
c time measured in process time since initialization
c 
c  seconds   reductions  redundant   irredundant
c          MB    restarts       trail        variables
c           level   conflicts       glue           remaining
c 
c *  0.49 139  0 0   0    0    0  0% 0 1039424 254080 98%
c {  0.51 142  0 0   0    0    0  0% 0 1039424 254080 98%
c -  0.84 150 32 1  33  300  261  5% 8 924506 254080 98%
c I  1.66 150 36 1  68 1003  868  9% 8 924506 254080 98%
c i  1.96 150 30 1  68 1351 1180  9% 7 924506 253950 98%
c -  2.54 181 29 2  73 1482 1141  9% 7 922412 253950 98%
c i  2.59 181 29 2  73 1579 1227  8% 7 922412 253762 98%
c i  3.13 181 24 2 115 2809 2262  8% 7 922412 252914 97%
c i  3.16 181 24 2 119 2838 2284  8% 7 922412 252912 97%
c B  3.31 181 24 2 128 3004 2425  8% 7 922412 252834 97%
c i  3.35 181 24 2 133 3023 2441  8% 7 922412 252217 97%
c -  3.74 180 24 3 187 3250 2009  8% 7 898114 252217 97%
c }  3.83 180 23 3 193 3372 2088  8% 7 898114 252036 97%
c 0  3.83 180 23 3 193 3372 2088  8% 7 898114 252036 97%
c 
c --- [ result ] -------------------------------------------------------------
c 
s UNSATISFIABLE
c 
c --- [ run-time profiling ] -------------------------------------------------
c 
c process time taken by individual solving procedures
c (percentage relative to process time for solving)
c 
c         3.34   99.41% search
c         3.32   98.69% unstable
c         0.02    0.71% lucky
c         0.00    0.00% simplify
c   =================================
c         3.36   87.79% solve
c 
c last line shows process time for solving
c (percentage relative to total process time)
c 
c --- [ statistics ] ---------------------------------------------------------
c 
c backtracked:                4044       119.93 %  of conflicts
c chronological:              1212        29.97 %  of backtracks
c conflicts:                  3372      1002.38    per second
c decisions:                 11991      3564.51    per second
c fixed:                      7804         3.00 %  of all variables
c learned:                    3115        92.38 %  per conflict
c minimized:                 35400        28.93 %  learned literals
c propagations:            8698706         2.59 M  per second
c reduced:                     654        19.40 %  per conflict
c rephased:                      2      1686.00    interval
c restarts:                    193        17.47    interval
c subsumed:                    230         0.01 %  of all clauses
c 
c seconds are measured in process time for solving
c 
c --- [ resources ] ----------------------------------------------------------
c 
c total process time since initialization:         3.83    seconds
c total real time since initialization:            3.83    seconds
c maximum resident set size of process:          204.05    MB
c 
c --- [ shutting down ] ------------------------------------------------------
c 
c exit 20
