c --- [ banner ] -------------------------------------------------------------
c 
c CaDiCaL Radically Simplified CDCL SAT Solver
c Copyright (c) 2016-2019 Armin Biere, JKU Linz
c 
c Version 1.0.3 cb89cbfa16f47cb7bf1ec6ad9855e7b6d5203c18
c g++ (GCC) 6.3.0 -Wall -Wextra -O3 -DNDEBUG
c Fri Aug 23 08:17:16 CDT 2019 Linux login1 4.4.103-6.38-default x86_64
c 
c --- [ config ] -------------------------------------------------------------
c 
c using 'unsat' configuration (target unsatisfiable instances)
c 
c --- [ proof tracing ] ------------------------------------------------------
c 
c opening file to write '/tmp/60_29_0_four.drat'
c writing binary proof trace to '/tmp/60_29_0_four.drat'
c 
c --- [ parsing input ] ------------------------------------------------------
c 
c reading DIMACS file from '/tmp/60_29_0_four.cnf'
c opening file to read '/tmp/60_29_0_four.cnf'
c found 'p cnf 259840 1039934' header
c parsed 1039934 clauses in 0.52 seconds process time
c 
c --- [ options ] ------------------------------------------------------------
c 
c   --stabilize=false              (different from default 'true')
c   --walk=false                   (different from default 'true')
c 
c --- [ solving ] ------------------------------------------------------------
c 
c time measured in process time since initialization
c 
c  seconds   reductions  redundant   irredundant
c          MB    restarts       trail        variables
c           level   conflicts       glue           remaining
c 
c *  0.54 139  0 0   0    0    0  0% 0 1039424 253591 98%
c {  0.56 142  0 0   0    0    0  0% 0 1039424 253591 98%
c -  0.80 147 248 1  15  300  190  6% 5 918165 253591 98%
c I  1.25 147 82 1 138 1002  800  7% 10 918165 253591 98%
c -  1.83 178 65 2 151 1477 1174  8% 9 918165 253591 98%
c B  2.57 178 46 2 279 3008 2485  8% 9 918165 253591 98%
c -  2.96 178 45 3 311 3245 2057  8% 9 918165 253591 98%
c i  3.21 178 39 3 351 3803 2535  8% 9 918165 253565 98%
c s  4.01 160 38 3 361 4071 2725  8% 8 918165 253565 98%
c w  5.55 192 38 3 361 4071 2711  8% 8 918163 253421 98%
c t  5.61 192 38 3 361 4071 2711  8% 8 917702 253421 98%
c e  8.29 203 38 3 361 4071   45  8% 8 226528 27981 11%
c s  8.53 203 38 3 361 4071   42  8% 8 226298 27981 11%
c e  8.84 203 38 3 361 4071   36  8% 8 226296 27905 11%
c 3  9.18 146 36 3 427 5000 4522  7% 8 226296 27905 11%
c 3  9.19 147 36 3 427 5000 4528  7% 8 226296 27905 11%
c d  9.24 147 36 3 427 5000 4522  7% 8 226296 27904 11%
c 2  9.26 147 36 3 427 5000 4520  7% 8 226296 27904 11%
c p  9.33 147 36 3 427 5000 6173  7% 8 226296 27904 11%
c -  9.45 147 34 4 442 5601 1529  6% 8 226296 27904 11%
c 
c  seconds   reductions  redundant  irredundant
c          MB    restarts       trail       variables
c           level   conflicts       glue         remaining
c 
c F  9.49 147 33 4 443 6009 1882  7% 8 226296 27904 11%
c i  9.58 147 31 4 452 6931 2679  7% 8 226296 27896 11%
c i  9.59 147 31 4 452 6989 2721  6% 8 226296 27872 11%
c i  9.60 147 30 4 452 7103 2794  6% 8 226296 27725 11%
c i  9.60 147 30 4 452 7115 2804  6% 8 226296 27722 11%
c }  9.60 147 30 4 452 7118 2804  6% 8 226296 27229 10%
c 0  9.60 147 30 4 452 7118 2804  6% 8 226296 27229 10%
c 
c --- [ result ] -------------------------------------------------------------
c 
s UNSATISFIABLE
c 
c --- [ run-time profiling ] -------------------------------------------------
c 
c process time taken by individual solving procedures
c (percentage relative to process time for solving)
c 
c         5.49   60.51% simplify
c         3.57   39.31% search
c         3.54   39.05% unstable
c         2.92   32.22% elim
c         1.40   15.47% vivify
c         0.87    9.61% subsume
c         0.09    0.97% ternary
c         0.07    0.79% probe
c         0.02    0.26% lucky
c   =================================
c         9.08   94.58% solve
c 
c last line shows process time for solving
c (percentage relative to total process time)
c 
c --- [ statistics ] ---------------------------------------------------------
c 
c backtracked:               19606       275.44 %  of conflicts
c chronological:              2952        15.06 %  of backtracks
c conflicts:                  7118       784.27    per second
c decisions:                 30223      3329.99    per second
c eliminated:               225516        86.79 %  of all variables
c fixed:                      7094         2.73 %  of all variables
c learned:                    6496        91.26 %  per conflict
c minimized:                 55555        24.56 %  learned literals
c propagations:           12767446         1.41 M  per second
c reduced:                     676         9.50 %  per conflict
c rephased:                      3      2372.67    interval
c restarts:                    452        15.75    interval
c substituted:                   1         0.00 %  of all variables
c subsumed:                   6021         0.20 %  of all clauses
c strengthened:              15433         0.51 %  of all clauses
c ternary:                    4048         0.35 %  of resolved
c vivified:                    101         0.00 %  of all clauses
c weakened:                 803637         2.84    average size
c 
c seconds are measured in process time for solving
c 
c --- [ resources ] ----------------------------------------------------------
c 
c total process time since initialization:         9.60    seconds
c total real time since initialization:            9.60    seconds
c maximum resident set size of process:          215.27    MB
c 
c --- [ shutting down ] ------------------------------------------------------
c 
c exit 20
