c --- [ banner ] -------------------------------------------------------------
c 
c CaDiCaL Radically Simplified CDCL SAT Solver
c Copyright (c) 2016-2019 Armin Biere, JKU Linz
c 
c Version 1.0.3 cb89cbfa16f47cb7bf1ec6ad9855e7b6d5203c18
c g++ (GCC) 6.3.0 -Wall -Wextra -O3 -DNDEBUG
c Fri Aug 23 08:17:16 CDT 2019 Linux login1 4.4.103-6.38-default x86_64
c 
c --- [ config ] -------------------------------------------------------------
c 
c using 'unsat' configuration (target unsatisfiable instances)
c 
c --- [ proof tracing ] ------------------------------------------------------
c 
c opening file to write '/tmp/60_78_0_four.drat'
c writing binary proof trace to '/tmp/60_78_0_four.drat'
c 
c --- [ parsing input ] ------------------------------------------------------
c 
c reading DIMACS file from '/tmp/60_78_0_four.cnf'
c opening file to read '/tmp/60_78_0_four.cnf'
c found 'p cnf 259840 1039934' header
c parsed 1039934 clauses in 0.45 seconds process time
c 
c --- [ options ] ------------------------------------------------------------
c 
c   --stabilize=false              (different from default 'true')
c   --walk=false                   (different from default 'true')
c 
c --- [ solving ] ------------------------------------------------------------
c 
c time measured in process time since initialization
c 
c  seconds   reductions  redundant   irredundant
c          MB    restarts       trail        variables
c           level   conflicts       glue           remaining
c 
c *  0.47 139  0 0   0    0    0  0% 0 1039424 253221 97%
c {  0.50 142  0 0   0    0    0  0% 0 1039424 253221 97%
c -  1.00 154 88 1  48  300  249  8% 10 913911 253221 97%
c i  1.40 154 62 1  63  790  665  9% 9 913911 252801 97%
c I  1.53 154 55 1  66 1007  857  9% 8 913911 252801 97%
c -  2.10 184 46 2 128 1477 1110  8% 8 907075 252801 97%
c i  2.14 184 45 2 128 1512 1141  8% 8 907075 252767 97%
c i  2.22 184 41 2 128 1664 1270  8% 8 907075 251898 97%
c }  2.23 184 40 2 128 1670 1274  8% 8 907075 251822 97%
c 0  2.23 184 40 2 128 1670 1274  8% 8 907075 251822 97%
c 
c --- [ result ] -------------------------------------------------------------
c 
s UNSATISFIABLE
c 
c --- [ run-time profiling ] -------------------------------------------------
c 
c process time taken by individual solving procedures
c (percentage relative to process time for solving)
c 
c         1.76   98.87% search
c         1.73   97.52% unstable
c         0.02    1.35% lucky
c         0.00    0.00% simplify
c   =================================
c         1.78   79.71% solve
c 
c last line shows process time for solving
c (percentage relative to total process time)
c 
c --- [ statistics ] ---------------------------------------------------------
c 
c backtracked:                2041       122.22 %  of conflicts
c chronological:               659        32.29 %  of backtracks
c conflicts:                  1670       940.32    per second
c decisions:                 12371      6965.65    per second
c fixed:                      8018         3.09 %  of all variables
c learned:                    1548        92.69 %  per conflict
c minimized:                  9800        20.89 %  learned literals
c propagations:            4889965         2.75 M  per second
c reduced:                     123         7.37 %  per conflict
c rephased:                      1      1670.00    interval
c restarts:                    128        13.05    interval
c subsumed:                     97         0.00 %  of all clauses
c 
c seconds are measured in process time for solving
c 
c --- [ resources ] ----------------------------------------------------------
c 
c total process time since initialization:         2.23    seconds
c total real time since initialization:            2.23    seconds
c maximum resident set size of process:          184.00    MB
c 
c --- [ shutting down ] ------------------------------------------------------
c 
c exit 20
