c --- [ banner ] -------------------------------------------------------------
c 
c CaDiCaL Radically Simplified CDCL SAT Solver
c Copyright (c) 2016-2019 Armin Biere, JKU Linz
c 
c Version 1.0.3 cb89cbfa16f47cb7bf1ec6ad9855e7b6d5203c18
c g++ (GCC) 6.3.0 -Wall -Wextra -O3 -DNDEBUG
c Fri Aug 23 08:17:16 CDT 2019 Linux login1 4.4.103-6.38-default x86_64
c 
c --- [ config ] -------------------------------------------------------------
c 
c using 'unsat' configuration (target unsatisfiable instances)
c 
c --- [ proof tracing ] ------------------------------------------------------
c 
c opening file to write '/tmp/48_236_0_six.drat'
c writing binary proof trace to '/tmp/48_236_0_six.drat'
c 
c --- [ parsing input ] ------------------------------------------------------
c 
c reading DIMACS file from '/tmp/48_236_0_six.cnf'
c opening file to read '/tmp/48_236_0_six.cnf'
c found 'p cnf 50176 399289' header
c parsed 399289 clauses in 0.31 seconds process time
c 
c --- [ options ] ------------------------------------------------------------
c 
c   --stabilize=false              (different from default 'true')
c   --walk=false                   (different from default 'true')
c 
c --- [ solving ] ------------------------------------------------------------
c 
c time measured in process time since initialization
c 
c  seconds  reductions  redundant  irredundant
c         MB    restarts       trail       variables
c          level   conflicts       glue         remaining
c 
c *  0.31 44  0 0   0    0    0  0% 0 363863 48235 96%
c {  0.32 45  0 0   0    0    0  0% 0 363863 48235 96%
c i  0.32 45 31 0   0   26   25  4% 3 363863 48234 96%
c -  0.40 47 96 1   3  301  173  8% 10 349907 48234 96%
c i  0.42 47 137 1   5  425  257 12% 10 349907 48129 96%
c i  0.42 47 136 1   5  426  257 12% 10 349907 48115 96%
c I  0.48 47 63 1  15 1002  640 10% 8 349907 48111 96%
c -  0.65 59 52 2  15 1228  714 10% 8 346421 48111 96%
c -  0.91 62 56 3 111 2615 1183 11% 9 346421 48111 96%
c B  0.95 62 60 3 127 3003 1455 12% 9 346421 48111 96%
c }  1.02 62 53 3 151 3843 2027 11% 9 346421 47868 95%
c 0  1.02 62 53 3 151 3843 2027 11% 9 346421 47868 95%
c 
c --- [ result ] -------------------------------------------------------------
c 
s UNSATISFIABLE
c 
c --- [ run-time profiling ] -------------------------------------------------
c 
c process time taken by individual solving procedures
c (percentage relative to process time for solving)
c 
c         0.71   99.44% search
c         0.71   98.88% unstable
c         0.00    0.56% lucky
c         0.00    0.00% simplify
c   =================================
c         0.72   69.92% solve
c 
c last line shows process time for solving
c (percentage relative to total process time)
c 
c --- [ statistics ] ---------------------------------------------------------
c 
c backtracked:                4455       115.93 %  of conflicts
c chronological:              1362        30.57 %  of backtracks
c conflicts:                  3843      5367.32    per second
c decisions:                 17572     24541.90    per second
c fixed:                      2308         4.60 %  of all variables
c learned:                    2827        73.56 %  per conflict
c minimized:                 33302        24.05 %  learned literals
c propagations:            1785761         2.49 M  per second
c reduced:                     480        12.49 %  per conflict
c rephased:                      2      1921.50    interval
c restarts:                    151        25.45    interval
c subsumed:                    316         0.04 %  of all clauses
c 
c seconds are measured in process time for solving
c 
c --- [ resources ] ----------------------------------------------------------
c 
c total process time since initialization:         1.02    seconds
c total real time since initialization:            1.02    seconds
c maximum resident set size of process:           70.97    MB
c 
c --- [ shutting down ] ------------------------------------------------------
c 
c exit 20
