c --- [ banner ] -------------------------------------------------------------
c 
c CaDiCaL Radically Simplified CDCL SAT Solver
c Copyright (c) 2016-2019 Armin Biere, JKU Linz
c 
c Version 1.0.3 cb89cbfa16f47cb7bf1ec6ad9855e7b6d5203c18
c g++ (GCC) 6.3.0 -Wall -Wextra -O3 -DNDEBUG
c Fri Aug 23 08:17:16 CDT 2019 Linux login1 4.4.103-6.38-default x86_64
c 
c --- [ config ] -------------------------------------------------------------
c 
c using 'unsat' configuration (target unsatisfiable instances)
c 
c --- [ proof tracing ] ------------------------------------------------------
c 
c opening file to write '/tmp/48_267_0_six.drat'
c writing binary proof trace to '/tmp/48_267_0_six.drat'
c 
c --- [ parsing input ] ------------------------------------------------------
c 
c reading DIMACS file from '/tmp/48_267_0_six.cnf'
c opening file to read '/tmp/48_267_0_six.cnf'
c found 'p cnf 50176 399289' header
c parsed 399289 clauses in 0.16 seconds process time
c 
c --- [ options ] ------------------------------------------------------------
c 
c   --stabilize=false              (different from default 'true')
c   --walk=false                   (different from default 'true')
c 
c --- [ solving ] ------------------------------------------------------------
c 
c time measured in process time since initialization
c 
c  seconds  reductions  redundant  irredundant
c         MB    restarts       trail       variables
c          level   conflicts       glue         remaining
c 
c *  0.16 44  0 0   0    0    0  0% 0 363883 48051 96%
c {  0.16 45  0 0   0    0    0  0% 0 363883 48051 96%
c -  0.22 47 67 1  24  300  196  9% 10 345543 48051 96%
c i  0.26 47 67 1  41  772  421 10% 10 345543 48015 96%
c i  0.26 47 66 1  41  807  440 10% 9 345543 47991 96%
c I  0.27 47 61 1  41 1002  547 10% 9 345543 47991 96%
c i  0.27 47 61 1  41 1003  547 10% 9 345543 47726 95%
c i  0.27 47 58 1  41 1051  563  9% 9 345543 47495 95%
c }  0.27 47 57 1  41 1057  567  9% 9 345543 47095 94%
c 0  0.27 47 57 1  41 1057  567  9% 9 345543 47095 94%
c 
c --- [ result ] -------------------------------------------------------------
c 
s UNSATISFIABLE
c 
c --- [ run-time profiling ] -------------------------------------------------
c 
c process time taken by individual solving procedures
c (percentage relative to process time for solving)
c 
c         0.12  100.00% search
c         0.11   93.10% unstable
c         0.00    3.45% lucky
c         0.00    0.00% simplify
c   =================================
c         0.12   42.65% solve
c 
c last line shows process time for solving
c (percentage relative to total process time)
c 
c --- [ statistics ] ---------------------------------------------------------
c 
c backtracked:                1206       114.10 %  of conflicts
c chronological:               343        28.44 %  of backtracks
c conflicts:                  1057      9112.07    per second
c decisions:                  6990     60258.62    per second
c fixed:                      3081         6.14 %  of all variables
c learned:                     648        61.31 %  per conflict
c minimized:                  6146        23.52 %  learned literals
c propagations:             312897         2.70 M  per second
c rephased:                      1      1057.00    interval
c restarts:                     41        25.78    interval
c subsumed:                     76         0.01 %  of all clauses
c 
c seconds are measured in process time for solving
c 
c --- [ resources ] ----------------------------------------------------------
c 
c total process time since initialization:         0.27    seconds
c total real time since initialization:            0.27    seconds
c maximum resident set size of process:           49.30    MB
c 
c --- [ shutting down ] ------------------------------------------------------
c 
c exit 20
