c --- [ banner ] -------------------------------------------------------------
c 
c CaDiCaL Radically Simplified CDCL SAT Solver
c Copyright (c) 2016-2019 Armin Biere, JKU Linz
c 
c Version 1.0.3 cb89cbfa16f47cb7bf1ec6ad9855e7b6d5203c18
c g++ (GCC) 6.3.0 -Wall -Wextra -O3 -DNDEBUG
c Fri Aug 23 08:17:16 CDT 2019 Linux login1 4.4.103-6.38-default x86_64
c 
c --- [ config ] -------------------------------------------------------------
c 
c using 'unsat' configuration (target unsatisfiable instances)
c 
c --- [ proof tracing ] ------------------------------------------------------
c 
c opening file to write '/tmp/3_336_0_four.drat'
c writing binary proof trace to '/tmp/3_336_0_four.drat'
c 
c --- [ parsing input ] ------------------------------------------------------
c 
c reading DIMACS file from '/tmp/3_336_0_four.cnf'
c opening file to read '/tmp/3_336_0_four.cnf'
c found 'p cnf 43008 265790' header
c parsed 265790 clauses in 0.10 seconds process time
c 
c --- [ options ] ------------------------------------------------------------
c 
c   --stabilize=false              (different from default 'true')
c   --walk=false                   (different from default 'true')
c 
c --- [ solving ] ------------------------------------------------------------
c 
c time measured in process time since initialization
c 
c  seconds  reductions  redundant  irredundant
c         MB    restarts       trail       variables
c          level   conflicts       glue         remaining
c 
c *  0.10 31  0 0   0    0    0  0% 0 240732 41364 96%
c {  0.11 31  0 0   0    0    0  0% 0 240732 41364 96%
c -  0.14 33 51 1  10  302  185  8% 8 229642 41364 96%
c I  0.19 34 42 1  22 1003  723 10% 7 229642 41364 96%
c i  0.19 34 42 1  22 1006  725 10% 7 229642 41356 96%
c i  0.19 34 41 1  22 1016  731 10% 7 229642 41338 96%
c -  0.27 42 44 2  28 1118  725 10% 8 228914 41338 96%
c i  0.28 42 43 2  28 1122  728 10% 8 228914 41264 96%
c i  0.29 42 43 2  37 1276  828 11% 7 228914 41263 96%
c i  0.30 42 39 2  51 1501 1003 10% 7 228914 41012 95%
c i  0.30 42 39 2  51 1537 1034 10% 7 228914 40982 95%
c }  0.31 42 37 2  51 1591 1069 10% 7 228914 40560 94%
c 0  0.31 42 37 2  51 1591 1069 10% 7 228914 40560 94%
c 
c --- [ result ] -------------------------------------------------------------
c 
s UNSATISFIABLE
c 
c --- [ run-time profiling ] -------------------------------------------------
c 
c process time taken by individual solving procedures
c (percentage relative to process time for solving)
c 
c         0.20  100.00% search
c         0.20   98.04% unstable
c         0.00    1.96% lucky
c         0.00    0.00% simplify
c   =================================
c         0.20   66.23% solve
c 
c last line shows process time for solving
c (percentage relative to total process time)
c 
c --- [ statistics ] ---------------------------------------------------------
c 
c backtracked:                1875       117.85 %  of conflicts
c chronological:               643        34.29 %  of backtracks
c conflicts:                  1591      7799.02    per second
c decisions:                  6135     30073.53    per second
c fixed:                      2448         5.69 %  of all variables
c learned:                    1265        79.51 %  per conflict
c minimized:                 10723        23.83 %  learned literals
c propagations:             540215         2.65 M  per second
c reduced:                      92         5.78 %  per conflict
c rephased:                      1      1591.00    interval
c restarts:                     51        31.20    interval
c subsumed:                     90         0.02 %  of all clauses
c 
c seconds are measured in process time for solving
c 
c --- [ resources ] ----------------------------------------------------------
c 
c total process time since initialization:         0.31    seconds
c total real time since initialization:            0.31    seconds
c maximum resident set size of process:           41.77    MB
c 
c --- [ shutting down ] ------------------------------------------------------
c 
c exit 20
