c --- [ banner ] -------------------------------------------------------------
c 
c CaDiCaL Radically Simplified CDCL SAT Solver
c Copyright (c) 2016-2019 Armin Biere, JKU Linz
c 
c Version 1.0.3 cb89cbfa16f47cb7bf1ec6ad9855e7b6d5203c18
c g++ (GCC) 6.3.0 -Wall -Wextra -O3 -DNDEBUG
c Fri Aug 23 08:17:16 CDT 2019 Linux login1 4.4.103-6.38-default x86_64
c 
c --- [ config ] -------------------------------------------------------------
c 
c using 'unsat' configuration (target unsatisfiable instances)
c 
c --- [ proof tracing ] ------------------------------------------------------
c 
c opening file to write '/tmp/4_135_0_three.drat'
c writing binary proof trace to '/tmp/4_135_0_three.drat'
c 
c --- [ parsing input ] ------------------------------------------------------
c 
c reading DIMACS file from '/tmp/4_135_0_three.cnf'
c opening file to read '/tmp/4_135_0_three.cnf'
c found 'p cnf 39424 200377' header
c parsed 200377 clauses in 0.16 seconds process time
c 
c --- [ options ] ------------------------------------------------------------
c 
c   --stabilize=false              (different from default 'true')
c   --walk=false                   (different from default 'true')
c 
c --- [ solving ] ------------------------------------------------------------
c 
c time measured in process time since initialization
c 
c  seconds  reductions  redundant  irredundant
c         MB    restarts       trail       variables
c          level   conflicts       glue         remaining
c 
c *  0.16 26  0 0   0    0    0  0% 0 182434 38208 97%
c {  0.17 26  0 0   0    0    0  0% 0 182434 38208 97%
c i  0.18 27 28 0   2  200  154  5% 6 182434 38156 97%
c i  0.18 27 28 0   2  201  154  5% 6 182434 38130 97%
c i  0.18 27 28 0   2  202  154  5% 5 182434 38124 97%
c i  0.19 27 37 0   4  265  204  6% 6 182434 38072 97%
c -  0.22 27 35 1  12  301  132  6% 7 169415 37871 96%
c I  0.32 29 58 1  81 1002  725 10% 8 169415 37871 96%
c -  0.40 34 56 2  82 1039  707 10% 8 169415 37871 96%
c i  0.46 35 53 2 109 1433 1055 11% 8 169415 37834 96%
c -  0.56 35 42 3 118 2146 1265 11% 7 168834 37834 96%
c i  0.58 35 38 3 119 2455 1503 10% 7 168834 37822 96%
c i  0.58 35 38 3 119 2456 1503 10% 7 168834 37797 96%
c i  0.58 35 38 3 119 2472 1511 10% 7 168834 37365 95%
c i  0.58 35 38 3 119 2473 1511 10% 7 168834 37208 94%
c i  0.58 35 38 3 119 2491 1522 10% 7 168834 37200 94%
c i  0.58 35 38 3 119 2497 1527 10% 7 168834 37196 94%
c }  0.58 35 38 3 119 2508 1531 10% 7 168834 37060 94%
c 0  0.58 35 38 3 119 2508 1531 10% 7 168834 37060 94%
c 
c --- [ result ] -------------------------------------------------------------
c 
s UNSATISFIABLE
c 
c --- [ run-time profiling ] -------------------------------------------------
c 
c process time taken by individual solving procedures
c (percentage relative to process time for solving)
c 
c         0.42  100.00% search
c         0.42   99.05% unstable
c         0.00    0.95% lucky
c         0.00    0.00% simplify
c   =================================
c         0.42   71.92% solve
c 
c last line shows process time for solving
c (percentage relative to total process time)
c 
c --- [ statistics ] ---------------------------------------------------------
c 
c backtracked:                3132       124.88 %  of conflicts
c chronological:              1170        37.36 %  of backtracks
c conflicts:                  2508      5971.43    per second
c decisions:                 14018     33376.19    per second
c fixed:                      2364         6.00 %  of all variables
c learned:                    2302        91.79 %  per conflict
c minimized:                 18124        27.64 %  learned literals
c propagations:            1112241         2.65 M  per second
c reduced:                     433        17.26 %  per conflict
c rephased:                      1      2508.00    interval
c restarts:                    119        21.08    interval
c subsumed:                    206         0.06 %  of all clauses
c 
c seconds are measured in process time for solving
c 
c --- [ resources ] ----------------------------------------------------------
c 
c total process time since initialization:         0.58    seconds
c total real time since initialization:            0.58    seconds
c maximum resident set size of process:           39.02    MB
c 
c --- [ shutting down ] ------------------------------------------------------
c 
c exit 20
