c --- [ banner ] -------------------------------------------------------------
c 
c CaDiCaL Radically Simplified CDCL SAT Solver
c Copyright (c) 2016-2019 Armin Biere, JKU Linz
c 
c Version 1.0.3 cb89cbfa16f47cb7bf1ec6ad9855e7b6d5203c18
c g++ (GCC) 6.3.0 -Wall -Wextra -O3 -DNDEBUG
c Fri Aug 23 08:17:16 CDT 2019 Linux login1 4.4.103-6.38-default x86_64
c 
c --- [ config ] -------------------------------------------------------------
c 
c using 'unsat' configuration (target unsatisfiable instances)
c 
c --- [ proof tracing ] ------------------------------------------------------
c 
c opening file to write '/tmp/4_29_0_three.drat'
c writing binary proof trace to '/tmp/4_29_0_three.drat'
c 
c --- [ parsing input ] ------------------------------------------------------
c 
c reading DIMACS file from '/tmp/4_29_0_three.cnf'
c opening file to read '/tmp/4_29_0_three.cnf'
c found 'p cnf 39424 200377' header
c parsed 200377 clauses in 0.08 seconds process time
c 
c --- [ options ] ------------------------------------------------------------
c 
c   --stabilize=false              (different from default 'true')
c   --walk=false                   (different from default 'true')
c 
c --- [ solving ] ------------------------------------------------------------
c 
c time measured in process time since initialization
c 
c  seconds  reductions  redundant  irredundant
c         MB    restarts       trail       variables
c          level   conflicts       glue         remaining
c 
c *  0.08 26  0 0   0    0    0  0% 0 182431 38141 97%
c {  0.08 26  0 0   0    0    0  0% 0 182431 38141 97%
c -  0.12 28 29 1  10  300  264  7% 7 175001 38141 97%
c I  0.20 29 54 1  72 1004  877 11% 8 175001 38141 97%
c -  0.26 35 53 2  82 1045  778 10% 8 175001 38141 97%
c -  0.40 35 46 3 180 2166 1351 10% 8 175001 38141 97%
c B  0.48 35 46 3 221 3005 2084 10% 8 175001 38141 97%
c -  0.59 35 42 4 233 3658 1996 10% 8 175001 38141 97%
c s  0.78 32 38 4 273 4516 2760 10% 8 175001 38141 97%
c v  0.90 36 38 4 273 4516 2760 10% 8 171928 38141 97%
c w  0.96 36 38 4 273 4516 2756 10% 8 171928 38141 97%
c t  0.98 36 38 4 273 4516 2752 10% 8 158006 38141 97%
c e  1.73 38 38 4 273 4516   52 10% 8 138441 21271 54%
c s  1.82 42 38 4 273 4516   52 10% 8 138435 21271 54%
c 3  2.07 44 38 4 326 5000 8161  4% 8 138435 21271 54%
c p  2.13 44 38 4 326 5000 8341  4% 8 138435 21271 54%
c -  2.20 33 38 5 356 5524 1105  4% 8 138435 21271 54%
c i  2.22 33 37 5 362 5803 1349  4% 8 138435 21268 54%
c i  2.22 33 37 5 362 5831 1373  4% 8 138435 21212 54%
c i  2.22 33 37 5 362 5841 1374  4% 8 138435 21040 53%
c 
c  seconds  reductions  redundant  irredundant
c         MB    restarts       trail       variables
c          level   conflicts       glue         remaining
c 
c }  2.22 33 37 5 362 5850 1378  4% 8 138435 20945 53%
c 0  2.22 33 37 5 362 5850 1378  4% 8 138435 20945 53%
c 
c --- [ result ] -------------------------------------------------------------
c 
s UNSATISFIABLE
c 
c --- [ run-time profiling ] -------------------------------------------------
c 
c process time taken by individual solving procedures
c (percentage relative to process time for solving)
c 
c         1.29   60.07% simplify
c         0.86   39.93% search
c         0.86   39.93% unstable
c         0.80   37.13% elim
c         0.18    8.58% subsume
c         0.16    7.28% vivify
c         0.07    3.17% ternary
c         0.02    1.12% probe
c   =================================
c         2.14   96.40% solve
c 
c last line shows process time for solving
c (percentage relative to total process time)
c 
c --- [ statistics ] ---------------------------------------------------------
c 
c backtracked:               16500       282.05 %  of conflicts
c chronological:              2728        16.53 %  of backtracks
c conflicts:                  5850      2728.54    per second
c decisions:                 29430     13726.68    per second
c eliminated:                16870        42.79 %  of all variables
c fixed:                      1609         4.08 %  of all variables
c learned:                    5412        92.51 %  per conflict
c minimized:                 51644        28.64 %  learned literals
c propagations:            3069853         1.43 M  per second
c reduced:                    1230        21.03 %  per conflict
c rephased:                      2      2925.00    interval
c restarts:                    362        16.16    interval
c subsumed:                   4756         0.60 %  of all clauses
c strengthened:               2706         0.34 %  of all clauses
c ternary:                   10251         0.74 %  of resolved
c vivified:                   3166         0.40 %  of all clauses
c weakened:                  64647         3.57    average size
c 
c seconds are measured in process time for solving
c 
c --- [ resources ] ----------------------------------------------------------
c 
c total process time since initialization:         2.22    seconds
c total real time since initialization:            2.23    seconds
c maximum resident set size of process:           43.86    MB
c 
c --- [ shutting down ] ------------------------------------------------------
c 
c exit 20
