c --- [ banner ] -------------------------------------------------------------
c 
c CaDiCaL Radically Simplified CDCL SAT Solver
c Copyright (c) 2016-2019 Armin Biere, JKU Linz
c 
c Version 1.0.3 cb89cbfa16f47cb7bf1ec6ad9855e7b6d5203c18
c g++ (GCC) 6.3.0 -Wall -Wextra -O3 -DNDEBUG
c Fri Aug 23 08:17:16 CDT 2019 Linux login1 4.4.103-6.38-default x86_64
c 
c --- [ config ] -------------------------------------------------------------
c 
c using 'unsat' configuration (target unsatisfiable instances)
c 
c --- [ proof tracing ] ------------------------------------------------------
c 
c opening file to write '/tmp/4_790_0_three.drat'
c writing binary proof trace to '/tmp/4_790_0_three.drat'
c 
c --- [ parsing input ] ------------------------------------------------------
c 
c reading DIMACS file from '/tmp/4_790_0_three.cnf'
c opening file to read '/tmp/4_790_0_three.cnf'
c found 'p cnf 39424 200377' header
c parsed 200377 clauses in 0.08 seconds process time
c 
c --- [ options ] ------------------------------------------------------------
c 
c   --stabilize=false              (different from default 'true')
c   --walk=false                   (different from default 'true')
c 
c --- [ solving ] ------------------------------------------------------------
c 
c time measured in process time since initialization
c 
c  seconds  reductions  redundant  irredundant
c         MB    restarts       trail       variables
c          level   conflicts       glue         remaining
c 
c *  0.08 26  0 0   0    0    0  0% 0 182435 38227 97%
c {  0.08 26  0 0   0    0    0  0% 0 182435 38227 97%
c -  0.12 27 69 1  24  301  263  8% 8 176719 38227 97%
c I  0.16 29 49 1  42 1002  835  8% 8 176719 38227 97%
c -  0.22 35 48 2  44 1049  737  8% 8 176719 38227 97%
c -  0.34 35 47 3 151 2171 1329  8% 8 176719 38227 97%
c B  0.40 35 45 3 164 3004 2035  9% 8 176719 38227 97%
c i  0.40 35 45 3 164 3031 2052  9% 8 176719 38203 97%
c i  0.40 35 45 3 164 3034 2052  9% 8 176719 38074 97%
c i  0.40 35 45 3 164 3035 2052  9% 8 176719 37949 96%
c i  0.40 35 45 3 164 3043 2057  9% 8 176719 37941 96%
c i  0.40 35 45 3 164 3054 2066  9% 8 176719 37926 96%
c i  0.41 35 46 3 167 3126 2130  9% 8 176719 37839 96%
c i  0.42 35 46 3 167 3266 2233  9% 8 176719 37303 95%
c i  0.42 35 46 3 167 3267 2233  9% 8 176719 37269 95%
c i  0.42 35 46 3 167 3276 2240  9% 8 176719 37261 95%
c i  0.42 35 45 3 167 3281 2244  9% 8 176719 37260 95%
c i  0.42 35 45 3 167 3284 2245  9% 8 176719 37234 94%
c }  0.42 35 45 3 167 3289 2247  9% 8 176719 37157 94%
c 0  0.42 35 45 3 167 3289 2247  9% 8 176719 37157 94%
c 
c --- [ result ] -------------------------------------------------------------
c 
s UNSATISFIABLE
c 
c --- [ run-time profiling ] -------------------------------------------------
c 
c process time taken by individual solving procedures
c (percentage relative to process time for solving)
c 
c         0.34  100.00% search
c         0.34  100.00% unstable
c         0.00    0.00% simplify
c   =================================
c         0.34   81.13% solve
c 
c last line shows process time for solving
c (percentage relative to total process time)
c 
c --- [ statistics ] ---------------------------------------------------------
c 
c backtracked:                4072       123.81 %  of conflicts
c chronological:              1538        37.77 %  of backtracks
c conflicts:                  3289      9561.05    per second
c decisions:                 17711     51485.47    per second
c fixed:                      2267         5.75 %  of all variables
c learned:                    2966        90.18 %  per conflict
c minimized:                 21467        23.67 %  learned literals
c propagations:            1149490         3.34 M  per second
c reduced:                     531        16.14 %  per conflict
c rephased:                      2      1644.50    interval
c restarts:                    167        19.69    interval
c subsumed:                    175         0.05 %  of all clauses
c 
c seconds are measured in process time for solving
c 
c --- [ resources ] ----------------------------------------------------------
c 
c total process time since initialization:         0.43    seconds
c total real time since initialization:            0.43    seconds
c maximum resident set size of process:           39.37    MB
c 
c --- [ shutting down ] ------------------------------------------------------
c 
c exit 20
