c --- [ banner ] -------------------------------------------------------------
c 
c CaDiCaL Radically Simplified CDCL SAT Solver
c Copyright (c) 2016-2019 Armin Biere, JKU Linz
c 
c Version 1.0.3 cb89cbfa16f47cb7bf1ec6ad9855e7b6d5203c18
c g++ (GCC) 6.3.0 -Wall -Wextra -O3 -DNDEBUG
c Fri Aug 23 08:17:16 CDT 2019 Linux login1 4.4.103-6.38-default x86_64
c 
c --- [ config ] -------------------------------------------------------------
c 
c using 'unsat' configuration (target unsatisfiable instances)
c 
c --- [ proof tracing ] ------------------------------------------------------
c 
c opening file to write '/tmp/38_408_0_six.drat'
c writing binary proof trace to '/tmp/38_408_0_six.drat'
c 
c --- [ parsing input ] ------------------------------------------------------
c 
c reading DIMACS file from '/tmp/38_408_0_six.cnf'
c opening file to read '/tmp/38_408_0_six.cnf'
c found 'p cnf 50176 399294' header
c parsed 399294 clauses in 0.30 seconds process time
c 
c --- [ options ] ------------------------------------------------------------
c 
c   --stabilize=false              (different from default 'true')
c   --walk=false                   (different from default 'true')
c 
c --- [ solving ] ------------------------------------------------------------
c 
c time measured in process time since initialization
c 
c  seconds  reductions  redundant  irredundant
c         MB    restarts       trail       variables
c          level   conflicts       glue         remaining
c 
c *  0.30 44  0 0   0    0    0  0% 0 361746 48148 96%
c {  0.31 45  0 0   0    0    0  0% 0 361746 48148 96%
c i  0.32 45 37 0   0   85   63  6% 3 361746 48147 96%
c i  0.32 45 36 0   0   87   64  6% 3 361746 47989 96%
c -  0.41 47 74 1  15  301  170  9% 13 343795 47989 96%
c I  0.49 47 67 1  17 1012  592 12% 9 343795 47989 96%
c -  0.61 59 63 2  37 1224  654 11% 9 343795 47989 96%
c i  0.63 59 70 2  40 1484  789 12% 9 343795 47799 95%
c i  0.63 59 70 2  40 1485  789 12% 9 343795 47747 95%
c }  0.64 59 69 2  40 1495  796 12% 9 343795 47503 95%
c 0  0.64 59 69 2  40 1495  796 12% 9 343795 47503 95%
c 
c --- [ result ] -------------------------------------------------------------
c 
s UNSATISFIABLE
c 
c --- [ run-time profiling ] -------------------------------------------------
c 
c process time taken by individual solving procedures
c (percentage relative to process time for solving)
c 
c         0.33  100.00% search
c         0.32   97.59% unstable
c         0.01    2.41% lucky
c         0.00    0.00% simplify
c   =================================
c         0.33   52.20% solve
c 
c last line shows process time for solving
c (percentage relative to total process time)
c 
c --- [ statistics ] ---------------------------------------------------------
c 
c backtracked:                1694       113.31 %  of conflicts
c chronological:               547        32.29 %  of backtracks
c conflicts:                  1495      4503.01    per second
c decisions:                  6917     20834.34    per second
c fixed:                      2673         5.33 %  of all variables
c learned:                    1005        67.22 %  per conflict
c minimized:                 10916        21.95 %  learned literals
c propagations:             628933         1.89 M  per second
c reduced:                      66         4.41 %  per conflict
c rephased:                      1      1495.00    interval
c restarts:                     40        37.38    interval
c subsumed:                    136         0.02 %  of all clauses
c 
c seconds are measured in process time for solving
c 
c --- [ resources ] ----------------------------------------------------------
c 
c total process time since initialization:         0.64    seconds
c total real time since initialization:            0.63    seconds
c maximum resident set size of process:           58.63    MB
c 
c --- [ shutting down ] ------------------------------------------------------
c 
c exit 20
