c --- [ banner ] -------------------------------------------------------------
c 
c CaDiCaL Radically Simplified CDCL SAT Solver
c Copyright (c) 2016-2019 Armin Biere, JKU Linz
c 
c Version 1.0.3 cb89cbfa16f47cb7bf1ec6ad9855e7b6d5203c18
c g++ (GCC) 6.3.0 -Wall -Wextra -O3 -DNDEBUG
c Fri Aug 23 08:17:16 CDT 2019 Linux login1 4.4.103-6.38-default x86_64
c 
c --- [ config ] -------------------------------------------------------------
c 
c using 'unsat' configuration (target unsatisfiable instances)
c 
c --- [ proof tracing ] ------------------------------------------------------
c 
c opening file to write '/tmp/84_131_0_six.drat'
c writing binary proof trace to '/tmp/84_131_0_six.drat'
c 
c --- [ parsing input ] ------------------------------------------------------
c 
c reading DIMACS file from '/tmp/84_131_0_six.cnf'
c opening file to read '/tmp/84_131_0_six.cnf'
c found 'p cnf 50176 399284' header
c parsed 399284 clauses in 0.28 seconds process time
c 
c --- [ options ] ------------------------------------------------------------
c 
c   --stabilize=false              (different from default 'true')
c   --walk=false                   (different from default 'true')
c 
c --- [ solving ] ------------------------------------------------------------
c 
c time measured in process time since initialization
c 
c  seconds  reductions  redundant  irredundant
c         MB    restarts       trail       variables
c          level   conflicts       glue         remaining
c 
c *  0.28 44  0 0   0    0    0  0% 0 366642 48378 96%
c {  0.28 45  0 0   0    0    0  0% 0 366642 48378 96%
c i  0.30 46 37 0   0  173   96  8% 5 366642 48370 96%
c -  0.36 47 44 1   7  310  153  8% 6 353230 48370 96%
c I  0.48 49 92 1  84 1002  601 11% 10 353230 48370 96%
c -  0.66 61 81 2 104 1238  718 12% 10 353230 48370 96%
c -  0.90 61 54 3 130 2632 1389 11% 8 353230 48370 96%
c B  0.98 61 52 3 166 3004 1682 11% 9 353230 48370 96%
c i  1.01 61 50 3 199 3286 1864 11% 9 353230 48360 96%
c i  1.06 61 52 3 236 3696 2132 11% 9 353230 48273 96%
c i  1.07 61 52 3 251 3831 2216 11% 9 353230 48163 96%
c }  1.08 61 51 3 251 3879 2228 11% 9 353230 48157 96%
c 0  1.08 61 51 3 251 3879 2228 11% 9 353230 48157 96%
c 
c --- [ result ] -------------------------------------------------------------
c 
s UNSATISFIABLE
c 
c --- [ run-time profiling ] -------------------------------------------------
c 
c process time taken by individual solving procedures
c (percentage relative to process time for solving)
c 
c         0.80  100.00% search
c         0.79   99.00% unstable
c         0.01    1.00% lucky
c         0.00    0.00% simplify
c   =================================
c         0.80   74.35% solve
c 
c last line shows process time for solving
c (percentage relative to total process time)
c 
c --- [ statistics ] ---------------------------------------------------------
c 
c backtracked:                4621       119.13 %  of conflicts
c chronological:              1446        31.29 %  of backtracks
c conflicts:                  3879      4848.75    per second
c decisions:                 24999     31248.75    per second
c fixed:                      2019         4.02 %  of all variables
c learned:                    2953        76.13 %  per conflict
c minimized:                 44115        29.62 %  learned literals
c propagations:            2253664         2.82 M  per second
c reduced:                     386         9.95 %  per conflict
c rephased:                      2      1939.50    interval
c restarts:                    251        15.45    interval
c subsumed:                    330         0.04 %  of all clauses
c 
c seconds are measured in process time for solving
c 
c --- [ resources ] ----------------------------------------------------------
c 
c total process time since initialization:         1.08    seconds
c total real time since initialization:            1.08    seconds
c maximum resident set size of process:           70.14    MB
c 
c --- [ shutting down ] ------------------------------------------------------
c 
c exit 20
