c --- [ banner ] -------------------------------------------------------------
c 
c CaDiCaL Radically Simplified CDCL SAT Solver
c Copyright (c) 2016-2019 Armin Biere, JKU Linz
c 
c Version 1.0.3 cb89cbfa16f47cb7bf1ec6ad9855e7b6d5203c18
c g++ (GCC) 6.3.0 -Wall -Wextra -O3 -DNDEBUG
c Fri Aug 23 08:17:16 CDT 2019 Linux login1 4.4.103-6.38-default x86_64
c 
c --- [ config ] -------------------------------------------------------------
c 
c using 'unsat' configuration (target unsatisfiable instances)
c 
c --- [ proof tracing ] ------------------------------------------------------
c 
c opening file to write '/tmp/84_1045_0_six.drat'
c writing binary proof trace to '/tmp/84_1045_0_six.drat'
c 
c --- [ parsing input ] ------------------------------------------------------
c 
c reading DIMACS file from '/tmp/84_1045_0_six.cnf'
c opening file to read '/tmp/84_1045_0_six.cnf'
c found 'p cnf 50176 399284' header
c parsed 399284 clauses in 0.15 seconds process time
c 
c --- [ options ] ------------------------------------------------------------
c 
c   --stabilize=false              (different from default 'true')
c   --walk=false                   (different from default 'true')
c 
c --- [ solving ] ------------------------------------------------------------
c 
c time measured in process time since initialization
c 
c  seconds  reductions  redundant  irredundant
c         MB    restarts       trail       variables
c          level   conflicts       glue         remaining
c 
c *  0.16 44  0 0   0    0    0  0% 0 366653 48378 96%
c {  0.16 45  0 0   0    0    0  0% 0 366653 48378 96%
c -  0.22 47 64 1  28  302  215  8% 9 353400 48378 96%
c I  0.27 48 54 1  86 1002  673  8% 11 353400 48378 96%
c -  0.38 60 58 2  95 1235  750  9% 10 353400 48378 96%
c -  0.57 61 62 3 189 2636 1326 10% 11 353400 48378 96%
c B  0.60 61 61 3 193 3011 1591 10% 11 353400 48378 96%
c -  0.82 61 61 4 270 4493 1930 11% 11 353400 48378 96%
c d  1.00 62 62 4 299 5000 2290 10% 11 348648 46002 92%
c 2  1.19 60 62 4 299 5000 2290 10% 11 342708 46002 92%
c p  1.52 63 62 4 299 5000 16276 10% 11 342708 45980 92%
c s  1.80 70 62 4 305 5846 16927 11% 11 342706 45980 92%
c v  2.26 70 62 4 305 5846 16927 11% 11 338461 45980 92%
c w  2.37 70 62 4 305 5846 16924 11% 11 338461 45980 92%
c t  2.42 70 62 4 305 5846 16921 11% 11 308948 45980 92%
c e  3.20 65 62 4 305 5846 8989 11% 11 291023 29589 59%
c s  3.30 71 62 4 305 5846 8989 11% 11 291023 29589 59%
c F  3.58 74 61 4 305 6012 9122  4% 11 291023 29589 59%
c -  3.71 75 56 5 309 6815 1363  7% 11 291023 29589 59%
c -  3.94 75 52 6 415 9450 2453  6% 10 291023 29589 59%
c 
c  seconds  reductions   redundant   irredundant
c         MB    restarts        trail        variables
c          level    conflicts       glue          remaining
c 
c B  4.01 75 49 6 415 10013 2944  6% 10 291023 29589 59%
c i  4.03 75 48 6 415 10379 3189  6% 10 291023 29582 59%
c i  4.08 75 47 6 420 10912 3611  7% 10 291023 29545 59%
c }  4.08 75 47 6 420 10915 3612  7% 10 291023 29383 59%
c 0  4.08 75 47 6 420 10915 3612  7% 10 291023 29383 59%
c 
c --- [ result ] -------------------------------------------------------------
c 
s UNSATISFIABLE
c 
c --- [ run-time profiling ] -------------------------------------------------
c 
c process time taken by individual solving procedures
c (percentage relative to process time for solving)
c 
c         2.36   59.98% simplify
c         1.57   39.92% search
c         1.56   39.82% unstable
c         0.86   21.89% elim
c         0.51   12.93% vivify
c         0.33    8.35% probe
c         0.24    6.21% subsume
c         0.15    3.87% ternary
c         0.00    0.10% lucky
c   =================================
c         3.93   96.27% solve
c 
c last line shows process time for solving
c (percentage relative to total process time)
c 
c --- [ statistics ] ---------------------------------------------------------
c 
c backtracked:               40009       366.55 %  of conflicts
c chronological:              3974         9.93 %  of backtracks
c conflicts:                 10915      2778.77    per second
c decisions:                 48885     12445.26    per second
c eliminated:                16391        32.67 %  of all variables
c fixed:                      2026         4.04 %  of all variables
c learned:                    9109        83.45 %  per conflict
c minimized:                131026        27.44 %  learned literals
c propagations:            5937817         1.51 M  per second
c reduced:                    2027        18.57 %  per conflict
c rephased:                      4      2728.75    interval
c restarts:                    420        25.99    interval
c substituted:                2376         4.74 %  of all variables
c subsumed:                  11323         0.87 %  of all clauses
c strengthened:               3971         0.30 %  of all clauses
c vivified:                   4000         0.31 %  of all clauses
c weakened:                 108130         4.01    average size
c 
c seconds are measured in process time for solving
c 
c --- [ resources ] ----------------------------------------------------------
c 
c total process time since initialization:         4.08    seconds
c total real time since initialization:            4.08    seconds
c maximum resident set size of process:           74.62    MB
c 
c --- [ shutting down ] ------------------------------------------------------
c 
c exit 20
