c --- [ banner ] -------------------------------------------------------------
c 
c CaDiCaL Radically Simplified CDCL SAT Solver
c Copyright (c) 2016-2019 Armin Biere, JKU Linz
c 
c Version 1.0.3 cb89cbfa16f47cb7bf1ec6ad9855e7b6d5203c18
c g++ (GCC) 6.3.0 -Wall -Wextra -O3 -DNDEBUG
c Fri Aug 23 08:17:16 CDT 2019 Linux login1 4.4.103-6.38-default x86_64
c 
c --- [ config ] -------------------------------------------------------------
c 
c using 'unsat' configuration (target unsatisfiable instances)
c 
c --- [ proof tracing ] ------------------------------------------------------
c 
c opening file to write '/tmp/52_1293_0_four.drat'
c writing binary proof trace to '/tmp/52_1293_0_four.drat'
c 
c --- [ parsing input ] ------------------------------------------------------
c 
c reading DIMACS file from '/tmp/52_1293_0_four.cnf'
c opening file to read '/tmp/52_1293_0_four.cnf'
c found 'p cnf 259840 1039929' header
c parsed 1039929 clauses in 0.43 seconds process time
c 
c --- [ options ] ------------------------------------------------------------
c 
c   --stabilize=false              (different from default 'true')
c   --walk=false                   (different from default 'true')
c 
c --- [ solving ] ------------------------------------------------------------
c 
c time measured in process time since initialization
c 
c  seconds   reductions  redundant   irredundant
c          MB    restarts       trail        variables
c           level   conflicts       glue           remaining
c 
c *  0.44 139  0 0   0    0    0  0% 0 1039424 254419 98%
c {  0.46 141  0 0   0    0    0  0% 0 1039424 254419 98%
c i  0.50 145 380 0   0  298  163  4% 4 1039424 254418 98%
c }  0.50 145 376 0   0  302  164  5% 3 1039424 253639 98%
c 0  0.50 145 376 0   0  302  164  5% 3 1039424 253639 98%
c 
c --- [ result ] -------------------------------------------------------------
c 
s UNSATISFIABLE
c 
c --- [ run-time profiling ] -------------------------------------------------
c 
c process time taken by individual solving procedures
c (percentage relative to process time for solving)
c 
c         0.06   78.95% search
c         0.04   52.63% unstable
c         0.02   26.32% lucky
c         0.00    0.00% simplify
c   =================================
c         0.08   15.08% solve
c 
c last line shows process time for solving
c (percentage relative to total process time)
c 
c --- [ statistics ] ---------------------------------------------------------
c 
c backtracked:                 450       149.01 %  of conflicts
c chronological:               284        63.11 %  of backtracks
c conflicts:                   302      3973.68    per second
c decisions:                  2320     30526.32    per second
c fixed:                      6201         2.39 %  of all variables
c learned:                     297        98.34 %  per conflict
c minimized:                     2         0.19 %  learned literals
c propagations:              55789         0.73 M  per second
c subsumed:                    130         0.01 %  of all clauses
c 
c seconds are measured in process time for solving
c 
c --- [ resources ] ----------------------------------------------------------
c 
c total process time since initialization:         0.50    seconds
c total real time since initialization:            0.51    seconds
c maximum resident set size of process:          145.21    MB
c 
c --- [ shutting down ] ------------------------------------------------------
c 
c exit 20
