c --- [ banner ] -------------------------------------------------------------
c 
c CaDiCaL Radically Simplified CDCL SAT Solver
c Copyright (c) 2016-2019 Armin Biere, JKU Linz
c 
c Version 1.0.3 cb89cbfa16f47cb7bf1ec6ad9855e7b6d5203c18
c g++ (GCC) 6.3.0 -Wall -Wextra -O3 -DNDEBUG
c Fri Aug 23 08:17:16 CDT 2019 Linux login1 4.4.103-6.38-default x86_64
c 
c --- [ config ] -------------------------------------------------------------
c 
c using 'unsat' configuration (target unsatisfiable instances)
c 
c --- [ proof tracing ] ------------------------------------------------------
c 
c opening file to write '/tmp/52_386_0_four.drat'
c writing binary proof trace to '/tmp/52_386_0_four.drat'
c 
c --- [ parsing input ] ------------------------------------------------------
c 
c reading DIMACS file from '/tmp/52_386_0_four.cnf'
c opening file to read '/tmp/52_386_0_four.cnf'
c found 'p cnf 259840 1039929' header
c parsed 1039929 clauses in 0.37 seconds process time
c 
c --- [ options ] ------------------------------------------------------------
c 
c   --stabilize=false              (different from default 'true')
c   --walk=false                   (different from default 'true')
c 
c --- [ solving ] ------------------------------------------------------------
c 
c time measured in process time since initialization
c 
c  seconds   reductions  redundant   irredundant
c          MB    restarts       trail        variables
c           level   conflicts       glue           remaining
c 
c *  0.39 139  0 0   0    0    0  0% 0 1039424 253841 98%
c {  0.41 142  0 0   0    0    0  0% 0 1039424 253841 98%
c -  0.58 148 232 1  19  302  195  6% 6 920319 253841 98%
c i  0.61 148 203 1  29  344  234  5% 6 920319 253840 98%
c i  0.61 148 202 1  30  345  234  5% 6 920319 253560 98%
c I  0.81 148 72 1 143 1004  829  6% 8 920319 253560 98%
c i  0.81 148 72 1 143 1004  829  6% 8 920319 253482 98%
c -  1.22 179 57 2 194 1484 1223  7% 8 914048 253482 98%
c B  1.68 179 40 2 314 3008 2534  7% 8 914048 253482 98%
c -  1.99 186 41 3 356 3248 2194  7% 9 914048 253482 98%
c s  2.76 205 36 3 386 4068 2908  8% 8 914048 253482 98%
c w  3.79 205 36 3 386 4068 2905  8% 8 914048 253482 98%
c t  3.84 205 36 3 386 4068 2905  8% 8 913435 253482 98%
c e  6.01 209 36 3 386 4068   44  8% 8 226240 27956 11%
c s  6.19 215 36 3 386 4068   43  8% 8 225988 27956 11%
c e  6.41 159 36 3 386 4068   41  8% 8 225988 27886 11%
c i  6.59 159 36 3 421 4611  491  6% 8 225988 27859 11%
c 3  6.66 159 36 3 428 5000 3585  8% 8 225988 27859 11%
c 3  6.67 159 36 3 428 5000 3603  8% 8 225988 27859 11%
c d  6.70 159 36 3 428 5000 3514  8% 8 224696 27854 11%
c 
c  seconds   reductions  redundant  irredundant
c          MB    restarts       trail       variables
c           level   conflicts       glue         remaining
c 
c 2  6.72 159 36 3 428 5000 3504  8% 8 224556 27784 11%
c p  6.76 159 36 3 428 5000 5081  8% 8 224556 27784 11%
c -  6.85 159 36 4 467 5601 1428  7% 8 224556 27784 11%
c F  6.89 159 34 4 485 6014 1795  7% 8 224556 27784 11%
c i  6.95 159 32 4 522 6918 2558  7% 8 224556 27780 11%
c i  6.96 159 31 4 522 7100 2697  7% 8 224556 27694 11%
c i  6.96 159 31 4 522 7103 2698  7% 8 224556 27527 11%
c i  6.96 159 31 4 522 7104 2698  7% 8 224556 27309 11%
c }  6.96 159 31 4 522 7107 2699  7% 8 224556 27031 10%
c 0  6.96 159 31 4 522 7107 2699  7% 8 224556 27031 10%
c 
c --- [ result ] -------------------------------------------------------------
c 
s UNSATISFIABLE
c 
c --- [ run-time profiling ] -------------------------------------------------
c 
c process time taken by individual solving procedures
c (percentage relative to process time for solving)
c 
c         4.09   62.05% simplify
c         2.48   37.70% search
c         2.46   37.40% unstable
c         2.34   35.58% elim
c         0.92   14.03% vivify
c         0.61    9.29% subsume
c         0.06    0.91% ternary
c         0.04    0.67% probe
c         0.02    0.30% lucky
c   =================================
c         6.59   94.66% solve
c 
c last line shows process time for solving
c (percentage relative to total process time)
c 
c --- [ statistics ] ---------------------------------------------------------
c 
c backtracked:               20427       287.42 %  of conflicts
c chronological:              2952        14.45 %  of backtracks
c conflicts:                  7107      1078.78    per second
c decisions:                 32449      4925.47    per second
c eliminated:               225596        86.82 %  of all variables
c fixed:                      7138         2.75 %  of all variables
c learned:                    6631        93.30 %  per conflict
c minimized:                 54593        24.72 %  learned literals
c propagations:           14718545         2.23 M  per second
c reduced:                     605         8.51 %  per conflict
c rephased:                      3      2369.00    interval
c restarts:                    522        13.61    interval
c substituted:                  75         0.03 %  of all variables
c subsumed:                   6067         0.20 %  of all clauses
c strengthened:              15268         0.50 %  of all clauses
c ternary:                    3109         0.30 %  of resolved
c vivified:                    101         0.00 %  of all clauses
c weakened:                 802813         2.83    average size
c 
c seconds are measured in process time for solving
c 
c --- [ resources ] ----------------------------------------------------------
c 
c total process time since initialization:         6.96    seconds
c total real time since initialization:            6.96    seconds
c maximum resident set size of process:          214.85    MB
c 
c --- [ shutting down ] ------------------------------------------------------
c 
c exit 20
