c --- [ banner ] -------------------------------------------------------------
c 
c CaDiCaL Radically Simplified CDCL SAT Solver
c Copyright (c) 2016-2019 Armin Biere, JKU Linz
c 
c Version 1.0.3 cb89cbfa16f47cb7bf1ec6ad9855e7b6d5203c18
c g++ (GCC) 6.3.0 -Wall -Wextra -O3 -DNDEBUG
c Fri Aug 23 08:17:16 CDT 2019 Linux login1 4.4.103-6.38-default x86_64
c 
c --- [ config ] -------------------------------------------------------------
c 
c using 'unsat' configuration (target unsatisfiable instances)
c 
c --- [ proof tracing ] ------------------------------------------------------
c 
c opening file to write '/tmp/52_742_0_four.drat'
c writing binary proof trace to '/tmp/52_742_0_four.drat'
c 
c --- [ parsing input ] ------------------------------------------------------
c 
c reading DIMACS file from '/tmp/52_742_0_four.cnf'
c opening file to read '/tmp/52_742_0_four.cnf'
c found 'p cnf 259840 1039929' header
c parsed 1039929 clauses in 0.54 seconds process time
c 
c --- [ options ] ------------------------------------------------------------
c 
c   --stabilize=false              (different from default 'true')
c   --walk=false                   (different from default 'true')
c 
c --- [ solving ] ------------------------------------------------------------
c 
c time measured in process time since initialization
c 
c  seconds   reductions  redundant   irredundant
c          MB    restarts       trail        variables
c           level   conflicts       glue           remaining
c 
c *  0.57 139  0 0   0    0    0  0% 0 1039424 253685 98%
c {  0.60 142  0 0   0    0    0  0% 0 1039424 253685 98%
c -  0.84 147 255 1  10  301  183  6% 5 918210 253685 98%
c I  1.22 147 81 1 142 1003  769  6% 8 918210 253685 98%
c -  1.76 177 62 2 181 1478 1163  6% 8 918210 253685 98%
c B  2.63 178 41 2 316 3004 2470  7% 8 918210 253685 98%
c -  3.00 178 40 3 358 3245 2183  7% 8 918210 253685 98%
c s  4.49 159 41 3 438 4071 2876  8% 8 918210 253685 98%
c v  5.74 185 41 3 438 4071 2876  8% 8 918207 253685 98%
c w  6.08 185 41 3 438 4071 2868  8% 8 918207 253685 98%
c t  6.15 185 41 3 438 4071 2868  8% 8 917548 253685 98%
c e  8.94 204 41 3 438 4071   25  8% 8 227393 28002 11%
c s  9.19 204 41 3 438 4071   24  8% 8 227201 28002 11%
c e  9.49 146 41 3 438 4071   22  8% 8 227201 27945 11%
c 3  9.86 170 40 3 512 5000 4042  8% 9 227201 27945 11%
c 3  9.87 170 40 3 512 5000 4590  8% 9 227201 27945 11%
c d  9.92 170 40 3 512 5000 4490  8% 9 227201 27935 11%
c 2  9.94 170 40 3 512 5000 4470  8% 9 227201 27935 11%
c p 10.01 170 40 3 512 5000 5818  8% 9 227201 27935 11%
c - 10.16 170 40 4 563 5600 1606  8% 9 227201 27935 11%
c 
c  seconds   reductions  redundant  irredundant
c          MB    restarts       trail       variables
c           level   conflicts       glue         remaining
c 
c F 10.21 170 40 4 625 6005 1967  7% 9 227201 27935 11%
c - 10.44 170 37 5 746 7634 2511  7% 9 227201 27935 11%
c B 10.71 170 33 5 810 10009 4560  7% 8 227201 27935 11%
c - 10.76 170 33 6 810 10075 3241  7% 8 227201 27935 11%
c - 11.19 170 30 7 980 12923 4100  8% 8 227201 27935 11%
c i 11.31 170 28 7 996 13979 4957  7% 8 227201 27912 11%
c i 11.31 170 28 7 996 13982 4959  7% 8 227201 27900 11%
c i 11.31 170 28 7 996 14009 4972  7% 8 227201 27779 11%
c } 11.32 170 28 7 996 14022 4978  7% 8 227201 27688 11%
c 0 11.32 170 28 7 996 14022 4978  7% 8 227201 27688 11%
c 
c --- [ result ] -------------------------------------------------------------
c 
s UNSATISFIABLE
c 
c --- [ run-time profiling ] -------------------------------------------------
c 
c process time taken by individual solving procedures
c (percentage relative to process time for solving)
c 
c         5.62   52.15% simplify
c         5.13   47.59% search
c         5.10   47.29% unstable
c         3.02   27.99% elim
c         1.46   13.55% vivify
c         0.84    7.80% subsume
c         0.08    0.78% ternary
c         0.07    0.63% probe
c         0.03    0.30% lucky
c   =================================
c        10.78   95.23% solve
c 
c last line shows process time for solving
c (percentage relative to total process time)
c 
c --- [ statistics ] ---------------------------------------------------------
c 
c backtracked:               28520       203.39 %  of conflicts
c chronological:              5776        20.25 %  of backtracks
c conflicts:                 14022      1301.22    per second
c decisions:                 61835      5738.21    per second
c eliminated:               225740        86.88 %  of all variables
c fixed:                      6402         2.46 %  of all variables
c learned:                   13003        92.73 %  per conflict
c minimized:                123888        27.03 %  learned literals
c propagations:           17231408         1.60 M  per second
c reduced:                    4293        30.62 %  per conflict
c rephased:                      4      3505.50    interval
c restarts:                    996        14.08    interval
c substituted:                  10         0.00 %  of all variables
c subsumed:                   6528         0.21 %  of all clauses
c strengthened:              15813         0.52 %  of all clauses
c ternary:                    4210         0.36 %  of resolved
c vivified:                    169         0.01 %  of all clauses
c weakened:                 806608         2.84    average size
c 
c seconds are measured in process time for solving
c 
c --- [ resources ] ----------------------------------------------------------
c 
c total process time since initialization:        11.32    seconds
c total real time since initialization:           11.32    seconds
c maximum resident set size of process:          210.68    MB
c 
c --- [ shutting down ] ------------------------------------------------------
c 
c exit 20
