c --- [ banner ] -------------------------------------------------------------
c 
c CaDiCaL Radically Simplified CDCL SAT Solver
c Copyright (c) 2016-2019 Armin Biere, JKU Linz
c 
c Version 1.0.3 cb89cbfa16f47cb7bf1ec6ad9855e7b6d5203c18
c g++ (GCC) 6.3.0 -Wall -Wextra -O3 -DNDEBUG
c Fri Aug 23 08:17:16 CDT 2019 Linux login1 4.4.103-6.38-default x86_64
c 
c --- [ config ] -------------------------------------------------------------
c 
c using 'unsat' configuration (target unsatisfiable instances)
c 
c --- [ proof tracing ] ------------------------------------------------------
c 
c opening file to write '/tmp/39_1016_0_four.drat'
c writing binary proof trace to '/tmp/39_1016_0_four.drat'
c 
c --- [ parsing input ] ------------------------------------------------------
c 
c reading DIMACS file from '/tmp/39_1016_0_four.cnf'
c opening file to read '/tmp/39_1016_0_four.cnf'
c found 'p cnf 259840 1039929' header
c parsed 1039929 clauses in 0.46 seconds process time
c 
c --- [ options ] ------------------------------------------------------------
c 
c   --stabilize=false              (different from default 'true')
c   --walk=false                   (different from default 'true')
c 
c --- [ solving ] ------------------------------------------------------------
c 
c time measured in process time since initialization
c 
c  seconds   reductions  redundant   irredundant
c          MB    restarts       trail        variables
c           level   conflicts       glue           remaining
c 
c *  0.48 139  0 0   0    0    0  0% 0 1039424 254051 98%
c {  0.50 141  0 0   0    0    0  0% 0 1039424 254051 98%
c -  0.72 147 325 1  12  302  178  5% 5 924495 254051 98%
c i  1.21 147 96 1 104  966  758  7% 8 924495 253923 98%
c I  1.25 147 92 1 104 1002  793  7% 8 924495 253923 98%
c i  1.49 147 68 1 118 1413 1114  8% 8 924495 252652 97%
c -  1.88 177 65 2 119 1481 1083  8% 8 903886 252652 97%
c i  1.90 177 64 2 119 1497 1097  8% 8 903886 252614 97%
c i  2.13 177 54 2 156 1904 1435  8% 8 903886 250969 97%
c i  2.42 177 45 2 195 2480 1918  9% 8 903886 249719 96%
c i  2.43 177 45 2 195 2483 1919  9% 8 903886 249066 96%
c i  2.43 177 44 2 195 2486 1921  9% 8 903886 245871 95%
c }  2.44 177 44 2 195 2492 1925  9% 8 903886 241826 93%
c 0  2.44 177 44 2 195 2492 1925  9% 8 903886 241826 93%
c 
c --- [ result ] -------------------------------------------------------------
c 
s UNSATISFIABLE
c 
c --- [ run-time profiling ] -------------------------------------------------
c 
c process time taken by individual solving procedures
c (percentage relative to process time for solving)
c 
c         1.96   98.99% search
c         1.94   97.98% unstable
c         0.02    1.01% lucky
c         0.00    0.00% simplify
c   =================================
c         1.98   81.28% solve
c 
c last line shows process time for solving
c (percentage relative to total process time)
c 
c --- [ statistics ] ---------------------------------------------------------
c 
c backtracked:                3073       123.31 %  of conflicts
c chronological:              1060        34.49 %  of backtracks
c conflicts:                  2492      1258.59    per second
c decisions:                 12870      6500.00    per second
c fixed:                     18014         6.93 %  of all variables
c learned:                    2233        89.61 %  per conflict
c minimized:                 15737        22.53 %  learned literals
c propagations:            6314862         3.19 M  per second
c reduced:                      20         0.80 %  per conflict
c rephased:                      1      2492.00    interval
c restarts:                    195        12.78    interval
c subsumed:                    215         0.01 %  of all clauses
c 
c seconds are measured in process time for solving
c 
c --- [ resources ] ----------------------------------------------------------
c 
c total process time since initialization:         2.44    seconds
c total real time since initialization:            2.44    seconds
c maximum resident set size of process:          177.33    MB
c 
c --- [ shutting down ] ------------------------------------------------------
c 
c exit 20
