c --- [ banner ] -------------------------------------------------------------
c 
c CaDiCaL Radically Simplified CDCL SAT Solver
c Copyright (c) 2016-2019 Armin Biere, JKU Linz
c 
c Version 1.0.3 cb89cbfa16f47cb7bf1ec6ad9855e7b6d5203c18
c g++ (GCC) 6.3.0 -Wall -Wextra -O3 -DNDEBUG
c Fri Aug 23 08:17:16 CDT 2019 Linux login1 4.4.103-6.38-default x86_64
c 
c --- [ config ] -------------------------------------------------------------
c 
c using 'unsat' configuration (target unsatisfiable instances)
c 
c --- [ proof tracing ] ------------------------------------------------------
c 
c opening file to write '/tmp/39_547_0_four.drat'
c writing binary proof trace to '/tmp/39_547_0_four.drat'
c 
c --- [ parsing input ] ------------------------------------------------------
c 
c reading DIMACS file from '/tmp/39_547_0_four.cnf'
c opening file to read '/tmp/39_547_0_four.cnf'
c found 'p cnf 259840 1039929' header
c parsed 1039929 clauses in 0.74 seconds process time
c 
c --- [ options ] ------------------------------------------------------------
c 
c   --stabilize=false              (different from default 'true')
c   --walk=false                   (different from default 'true')
c 
c --- [ solving ] ------------------------------------------------------------
c 
c time measured in process time since initialization
c 
c  seconds   reductions  redundant   irredundant
c          MB    restarts       trail        variables
c           level   conflicts       glue           remaining
c 
c *  0.76 139  0 0   0    0    0  0% 0 1039424 253454 98%
c {  0.79 142  0 0   0    0    0  0% 0 1039424 253454 98%
c -  1.18 150 278 1  22  301  192  6% 6 918094 253454 98%
c I  2.02 150 97 1 133 1003  792  8% 10 918094 253454 98%
c -  2.79 180 79 2 143 1479 1142  9% 9 918094 253454 98%
c B  3.62 181 49 2 216 3006 2491  9% 9 918094 253454 98%
c -  4.00 181 47 3 216 3245 2111  9% 9 918094 253454 98%
c s  5.26 162 45 3 263 4072 2752  9% 9 918094 253454 98%
c w  7.38 185 45 3 263 4072 2749  9% 9 918094 253454 98%
c t  7.46 185 45 3 263 4072 2749  9% 9 917633 253454 98%
c e 10.60 201 45 3 263 4072   48  9% 9 227381 28048 11%
c s 10.90 201 45 3 263 4072   47  9% 9 227188 28048 11%
c e 11.31 149 45 3 263 4072   40  9% 9 227188 27983 11%
c 3 11.83 149 39 3 267 5000 3816 11% 8 227188 27983 11%
c 3 11.84 149 39 3 267 5000 3908 11% 8 227188 27983 11%
c d 11.90 149 39 3 267 5000 3896 11% 8 227188 27981 11%
c 2 11.94 149 39 3 267 5000 3892 11% 8 227188 27981 11%
c p 12.07 149 39 3 267 5000 8926 11% 8 227188 27975 11%
c i 12.13 149 38 3 272 5098 9012 11% 8 227188 27897 11%
c i 12.13 149 38 3 272 5114 9014 11% 8 227188 27765 11%
c 
c  seconds   reductions  redundant  irredundant
c          MB    restarts       trail       variables
c           level   conflicts       glue         remaining
c 
c i 12.17 149 37 3 272 5230 9116 11% 8 227188 27560 11%
c } 12.17 149 37 3 272 5232 9116 11% 8 227188 27518 11%
c 0 12.17 149 37 3 272 5232 9116 11% 8 227188 27518 11%
c 
c --- [ result ] -------------------------------------------------------------
c 
s UNSATISFIABLE
c 
c --- [ run-time profiling ] -------------------------------------------------
c 
c process time taken by individual solving procedures
c (percentage relative to process time for solving)
c 
c         6.82   59.71% simplify
c         4.58   40.08% search
c         4.56   39.87% unstable
c         3.42   29.96% elim
c         1.98   17.36% vivify
c         0.98    8.54% subsume
c         0.13    1.16% probe
c         0.11    0.98% ternary
c         0.02    0.21% lucky
c   =================================
c        11.43   93.92% solve
c 
c last line shows process time for solving
c (percentage relative to total process time)
c 
c --- [ statistics ] ---------------------------------------------------------
c 
c backtracked:               18851       360.30 %  of conflicts
c chronological:              2174        11.53 %  of backtracks
c conflicts:                  5232       457.82    per second
c decisions:                 24271      2123.82    per second
c eliminated:               225471        86.77 %  of all variables
c fixed:                      6849         2.64 %  of all variables
c learned:                    4701        89.85 %  per conflict
c minimized:                 46621        25.37 %  learned literals
c propagations:           14334456         1.25 M  per second
c reduced:                     643        12.29 %  per conflict
c rephased:                      2      2616.00    interval
c restarts:                    272        19.24    interval
c substituted:                   2         0.00 %  of all variables
c subsumed:                   5884         0.19 %  of all clauses
c strengthened:              15315         0.50 %  of all clauses
c ternary:                    3546         0.33 %  of resolved
c vivified:                    138         0.00 %  of all clauses
c weakened:                 806415         2.84    average size
c 
c seconds are measured in process time for solving
c 
c --- [ resources ] ----------------------------------------------------------
c 
c total process time since initialization:        12.17    seconds
c total real time since initialization:           12.17    seconds
c maximum resident set size of process:          212.09    MB
c 
c --- [ shutting down ] ------------------------------------------------------
c 
c exit 20
