c --- [ banner ] -------------------------------------------------------------
c 
c CaDiCaL Radically Simplified CDCL SAT Solver
c Copyright (c) 2016-2019 Armin Biere, JKU Linz
c 
c Version 1.0.3 cb89cbfa16f47cb7bf1ec6ad9855e7b6d5203c18
c g++ (GCC) 6.3.0 -Wall -Wextra -O3 -DNDEBUG
c Fri Aug 23 08:17:16 CDT 2019 Linux login1 4.4.103-6.38-default x86_64
c 
c --- [ config ] -------------------------------------------------------------
c 
c using 'unsat' configuration (target unsatisfiable instances)
c 
c --- [ proof tracing ] ------------------------------------------------------
c 
c opening file to write '/tmp/2_1194_0_four.drat'
c writing binary proof trace to '/tmp/2_1194_0_four.drat'
c 
c --- [ parsing input ] ------------------------------------------------------
c 
c reading DIMACS file from '/tmp/2_1194_0_four.cnf'
c opening file to read '/tmp/2_1194_0_four.cnf'
c found 'p cnf 43008 265785' header
c parsed 265785 clauses in 0.16 seconds process time
c 
c --- [ options ] ------------------------------------------------------------
c 
c   --stabilize=false              (different from default 'true')
c   --walk=false                   (different from default 'true')
c 
c --- [ solving ] ------------------------------------------------------------
c 
c time measured in process time since initialization
c 
c  seconds  reductions  redundant  irredundant
c         MB    restarts       trail       variables
c          level   conflicts       glue         remaining
c 
c *  0.16 31  0 0   0    0    0  0% 0 241980 41576 97%
c {  0.17 31  0 0   0    0    0  0% 0 241980 41576 97%
c i  0.17 32 39 0   5  103   76  5% 7 241980 41436 96%
c -  0.20 32 26 1  17  302  185  6% 8 230846 41436 96%
c i  0.21 32 24 1  33  569  351  5% 8 230846 41382 96%
c I  0.23 32 54 1  61 1003  638  9% 9 230846 41382 96%
c -  0.30 40 53 2  61 1119  569  8% 8 229277 41382 96%
c i  0.33 40 47 2  76 1618  894  8% 8 229277 41152 96%
c i  0.36 40 49 2 110 2073 1235  9% 8 229277 41096 96%
c i  0.36 41 49 2 111 2075 1236  9% 8 229277 40855 95%
c i  0.36 41 46 2 113 2177 1296  9% 8 229277 40801 95%
c i  0.36 41 46 2 113 2197 1311  9% 8 229277 40755 95%
c i  0.36 41 44 2 113 2244 1339  9% 8 229277 40721 95%
c }  0.37 41 44 2 113 2263 1349  8% 8 229277 40694 95%
c 0  0.37 41 44 2 113 2263 1349  8% 8 229277 40694 95%
c 
c --- [ result ] -------------------------------------------------------------
c 
s UNSATISFIABLE
c 
c --- [ run-time profiling ] -------------------------------------------------
c 
c process time taken by individual solving procedures
c (percentage relative to process time for solving)
c 
c         0.20  100.00% search
c         0.20   98.04% unstable
c         0.00    1.96% lucky
c         0.00    0.00% simplify
c   =================================
c         0.20   55.43% solve
c 
c last line shows process time for solving
c (percentage relative to total process time)
c 
c --- [ statistics ] ---------------------------------------------------------
c 
c backtracked:                2680       118.43 %  of conflicts
c chronological:               848        31.64 %  of backtracks
c conflicts:                  2263     11093.14    per second
c decisions:                  9641     47259.80    per second
c fixed:                      2314         5.38 %  of all variables
c learned:                    1757        77.64 %  per conflict
c minimized:                 15827        27.11 %  learned literals
c propagations:             530365         2.60 M  per second
c reduced:                      30         1.33 %  per conflict
c rephased:                      1      2263.00    interval
c restarts:                    113        20.03    interval
c subsumed:                    223         0.05 %  of all clauses
c 
c seconds are measured in process time for solving
c 
c --- [ resources ] ----------------------------------------------------------
c 
c total process time since initialization:         0.37    seconds
c total real time since initialization:            0.37    seconds
c maximum resident set size of process:           40.51    MB
c 
c --- [ shutting down ] ------------------------------------------------------
c 
c exit 20
