c --- [ banner ] -------------------------------------------------------------
c 
c CaDiCaL Radically Simplified CDCL SAT Solver
c Copyright (c) 2016-2019 Armin Biere, JKU Linz
c 
c Version 1.0.3 cb89cbfa16f47cb7bf1ec6ad9855e7b6d5203c18
c g++ (GCC) 6.3.0 -Wall -Wextra -O3 -DNDEBUG
c Fri Aug 23 08:17:16 CDT 2019 Linux login1 4.4.103-6.38-default x86_64
c 
c --- [ config ] -------------------------------------------------------------
c 
c using 'unsat' configuration (target unsatisfiable instances)
c 
c --- [ proof tracing ] ------------------------------------------------------
c 
c opening file to write '/tmp/2_206_0_four.drat'
c writing binary proof trace to '/tmp/2_206_0_four.drat'
c 
c --- [ parsing input ] ------------------------------------------------------
c 
c reading DIMACS file from '/tmp/2_206_0_four.cnf'
c opening file to read '/tmp/2_206_0_four.cnf'
c found 'p cnf 43008 265785' header
c parsed 265785 clauses in 0.10 seconds process time
c 
c --- [ options ] ------------------------------------------------------------
c 
c   --stabilize=false              (different from default 'true')
c   --walk=false                   (different from default 'true')
c 
c --- [ solving ] ------------------------------------------------------------
c 
c time measured in process time since initialization
c 
c  seconds  reductions  redundant  irredundant
c         MB    restarts       trail       variables
c          level   conflicts       glue         remaining
c 
c *  0.11 31  0 0   0    0    0  0% 0 241973 41512 97%
c {  0.11 31  0 0   0    0    0  0% 0 241973 41512 97%
c -  0.16 33 50 1  11  307  208  8% 9 232522 41512 97%
c I  0.20 34 50 1  38 1002  751  8% 9 232522 41512 97%
c i  0.20 34 48 1  38 1059  794  8% 8 232522 41301 96%
c i  0.20 34 46 1  38 1108  830  8% 8 232522 41155 96%
c -  0.28 41 45 2  38 1126  458  8% 8 225275 41155 96%
c -  0.42 42 39 3 176 2343 1220  8% 9 225275 41155 96%
c i  0.44 42 38 3 183 2710 1482  8% 9 225275 41008 95%
c i  0.44 42 38 3 183 2803 1546  8% 9 225275 40972 95%
c i  0.44 42 38 3 183 2808 1546  8% 9 225275 40891 95%
c }  0.44 42 38 3 183 2816 1549  8% 9 225275 40686 95%
c 0  0.45 42 38 3 183 2816 1549  8% 9 225275 40686 95%
c 
c --- [ result ] -------------------------------------------------------------
c 
s UNSATISFIABLE
c 
c --- [ run-time profiling ] -------------------------------------------------
c 
c process time taken by individual solving procedures
c (percentage relative to process time for solving)
c 
c         0.34   98.82% search
c         0.33   97.65% unstable
c         0.00    0.00% simplify
c   =================================
c         0.34   75.89% solve
c 
c last line shows process time for solving
c (percentage relative to total process time)
c 
c --- [ statistics ] ---------------------------------------------------------
c 
c backtracked:                3445       122.34 %  of conflicts
c chronological:              1185        34.40 %  of backtracks
c conflicts:                  2816      8282.35    per second
c decisions:                 15765     46367.65    per second
c fixed:                      2322         5.40 %  of all variables
c learned:                    2371        84.20 %  per conflict
c minimized:                 23510        27.59 %  learned literals
c propagations:             912687         2.68 M  per second
c reduced:                     310        11.01 %  per conflict
c rephased:                      1      2816.00    interval
c restarts:                    183        15.39    interval
c subsumed:                    194         0.04 %  of all clauses
c 
c seconds are measured in process time for solving
c 
c --- [ resources ] ----------------------------------------------------------
c 
c total process time since initialization:         0.45    seconds
c total real time since initialization:            0.44    seconds
c maximum resident set size of process:           47.35    MB
c 
c --- [ shutting down ] ------------------------------------------------------
c 
c exit 20
