c --- [ banner ] -------------------------------------------------------------
c 
c CaDiCaL Radically Simplified CDCL SAT Solver
c Copyright (c) 2016-2019 Armin Biere, JKU Linz
c 
c Version 1.0.3 cb89cbfa16f47cb7bf1ec6ad9855e7b6d5203c18
c g++ (GCC) 6.3.0 -Wall -Wextra -O3 -DNDEBUG
c Fri Aug 23 08:17:16 CDT 2019 Linux login1 4.4.103-6.38-default x86_64
c 
c --- [ config ] -------------------------------------------------------------
c 
c using 'unsat' configuration (target unsatisfiable instances)
c 
c --- [ proof tracing ] ------------------------------------------------------
c 
c opening file to write '/tmp/2_295_0_four.drat'
c writing binary proof trace to '/tmp/2_295_0_four.drat'
c 
c --- [ parsing input ] ------------------------------------------------------
c 
c reading DIMACS file from '/tmp/2_295_0_four.cnf'
c opening file to read '/tmp/2_295_0_four.cnf'
c found 'p cnf 43008 265785' header
c parsed 265785 clauses in 0.15 seconds process time
c 
c --- [ options ] ------------------------------------------------------------
c 
c   --stabilize=false              (different from default 'true')
c   --walk=false                   (different from default 'true')
c 
c --- [ solving ] ------------------------------------------------------------
c 
c time measured in process time since initialization
c 
c  seconds  reductions  redundant  irredundant
c         MB    restarts       trail       variables
c          level   conflicts       glue         remaining
c 
c *  0.15 31  0 0   0    0    0  0% 0 241976 41574 97%
c {  0.15 31  0 0   0    0    0  0% 0 241976 41574 97%
c -  0.20 33 49 1  28  302  233  7% 7 233674 41574 97%
c I  0.24 34 44 1  84 1008  718  7% 8 233674 41574 97%
c -  0.30 42 44 2  92 1125  678  7% 8 233674 41574 97%
c -  0.43 42 40 3 202 2356 1382  7% 8 233674 41574 97%
c i  0.44 42 45 3 203 2457 1470  8% 8 233674 41528 97%
c B  0.49 42 46 3 240 3010 1928  8% 8 233674 41528 97%
c i  0.50 42 46 3 257 3157 2038  8% 8 233674 41486 96%
c i  0.51 42 47 3 264 3203 2081  8% 8 233674 41480 96%
c i  0.56 42 45 3 314 3872 2634  8% 8 233674 41396 96%
c -  0.62 42 44 4 324 3998 1991  8% 9 229327 41396 96%
c d  0.81 42 46 4 442 5000 2824  9% 9 226197 39832 93%
c 2  0.95 44 46 4 442 5000 2824  9% 9 223823 39794 93%
c p  1.18 45 46 4 442 5000 7171  9% 9 223823 39654 92%
c i  1.22 46 46 4 442 5078 7231  9% 9 223823 39567 92%
c s  1.34 41 46 4 442 5084 7227  9% 9 223816 39567 92%
c v  1.63 49 46 4 442 5084 7227  9% 9 219829 39567 92%
c w  1.70 49 46 4 442 5084 7155  9% 9 219829 39567 92%
c t  1.74 49 46 4 442 5084 7147  9% 9 200008 39567 92%
c 
c  seconds  reductions  redundant  irredundant
c         MB    restarts       trail       variables
c          level   conflicts       glue         remaining
c 
c e  2.22 48 46 4 442 5084 1529  9% 9 176397 22735 53%
c s  2.28 52 46 4 442 5084 1526  9% 9 176397 22735 53%
c i  2.40 53 46 4 442 5101 1536  2% 9 176397 22711 53%
c i  2.40 53 46 4 442 5105 1539  2% 9 176397 22687 53%
c }  2.40 53 46 4 442 5116 1541  1% 9 176397 22675 53%
c 0  2.40 53 46 4 442 5116 1541  1% 9 176397 22675 53%
c 
c --- [ result ] -------------------------------------------------------------
c 
s UNSATISFIABLE
c 
c --- [ run-time profiling ] -------------------------------------------------
c 
c process time taken by individual solving procedures
c (percentage relative to process time for solving)
c 
c         1.49   66.19% simplify
c         0.76   33.81% search
c         0.76   33.81% unstable
c         0.48   21.17% elim
c         0.32   14.06% vivify
c         0.24   10.50% probe
c         0.17    7.65% subsume
c         0.11    4.80% ternary
c   =================================
c         2.25   93.67% solve
c 
c last line shows process time for solving
c (percentage relative to total process time)
c 
c --- [ statistics ] ---------------------------------------------------------
c 
c backtracked:               32869       642.47 %  of conflicts
c chronological:              2222         6.76 %  of backtracks
c conflicts:                  5116      2275.80    per second
c decisions:                 36289     16142.79    per second
c eliminated:                16832        39.14 %  of all variables
c fixed:                      1937         4.50 %  of all variables
c learned:                    4418        86.36 %  per conflict
c minimized:                 44200        27.11 %  learned literals
c propagations:            3521774         1.57 M  per second
c reduced:                    1147        22.42 %  per conflict
c rephased:                      2      2558.00    interval
c restarts:                    442        11.57    interval
c substituted:                1564         3.64 %  of all variables
c subsumed:                   6295         0.75 %  of all clauses
c strengthened:               2953         0.35 %  of all clauses
c vivified:                   3475         0.41 %  of all clauses
c weakened:                  76528         3.78    average size
c 
c seconds are measured in process time for solving
c 
c --- [ resources ] ----------------------------------------------------------
c 
c total process time since initialization:         2.40    seconds
c total real time since initialization:            2.40    seconds
c maximum resident set size of process:           54.02    MB
c 
c --- [ shutting down ] ------------------------------------------------------
c 
c exit 20
