c --- [ banner ] -------------------------------------------------------------
c 
c CaDiCaL Radically Simplified CDCL SAT Solver
c Copyright (c) 2016-2019 Armin Biere, JKU Linz
c 
c Version 1.0.3 cb89cbfa16f47cb7bf1ec6ad9855e7b6d5203c18
c g++ (GCC) 6.3.0 -Wall -Wextra -O3 -DNDEBUG
c Fri Aug 23 08:17:16 CDT 2019 Linux login1 4.4.103-6.38-default x86_64
c 
c --- [ config ] -------------------------------------------------------------
c 
c using 'unsat' configuration (target unsatisfiable instances)
c 
c --- [ proof tracing ] ------------------------------------------------------
c 
c opening file to write '/tmp/30_120_0_three.drat'
c writing binary proof trace to '/tmp/30_120_0_three.drat'
c 
c --- [ parsing input ] ------------------------------------------------------
c 
c reading DIMACS file from '/tmp/30_120_0_three.cnf'
c opening file to read '/tmp/30_120_0_three.cnf'
c found 'p cnf 39424 200377' header
c parsed 200377 clauses in 0.15 seconds process time
c 
c --- [ options ] ------------------------------------------------------------
c 
c   --stabilize=false              (different from default 'true')
c   --walk=false                   (different from default 'true')
c 
c --- [ solving ] ------------------------------------------------------------
c 
c time measured in process time since initialization
c 
c  seconds  reductions  redundant  irredundant
c         MB    restarts       trail       variables
c          level   conflicts       glue         remaining
c 
c *  0.15 26  0 0   0    0    0  0% 0 182431 38094 97%
c {  0.15 27  0 0   0    0    0  0% 0 182431 38094 97%
c -  0.19 28 51 1  17  300  235  9% 8 174138 38094 97%
c I  0.25 29 41 1  67 1003  832  9% 8 174138 38094 97%
c -  0.31 34 41 2  71 1044  749  9% 8 174138 38094 97%
c -  0.44 34 38 3 111 2163 1328 10% 8 174138 38094 97%
c i  0.48 34 37 3 120 2600 1694 10% 8 174138 38073 97%
c B  0.52 34 38 3 126 3005 2048 11% 8 174138 38073 97%
c i  0.58 34 40 3 165 3532 2493 11% 8 174138 38057 97%
c }  0.58 34 40 3 165 3534 2493 11% 8 174138 37453 95%
c 0  0.58 34 40 3 165 3534 2493 11% 8 174138 37453 95%
c 
c --- [ result ] -------------------------------------------------------------
c 
s UNSATISFIABLE
c 
c --- [ run-time profiling ] -------------------------------------------------
c 
c process time taken by individual solving procedures
c (percentage relative to process time for solving)
c 
c         0.43  100.00% search
c         0.43  100.00% unstable
c         0.00    0.00% simplify
c   =================================
c         0.43   74.48% solve
c 
c last line shows process time for solving
c (percentage relative to total process time)
c 
c --- [ statistics ] ---------------------------------------------------------
c 
c backtracked:                4367       123.57 %  of conflicts
c chronological:              1664        38.10 %  of backtracks
c conflicts:                  3534      8180.56    per second
c decisions:                 15676     36287.04    per second
c fixed:                      1971         5.00 %  of all variables
c learned:                    3161        89.45 %  per conflict
c minimized:                 25593        24.47 %  learned literals
c propagations:            1626314         3.76 M  per second
c reduced:                     525        14.86 %  per conflict
c rephased:                      2      1767.00    interval
c restarts:                    165        21.42    interval
c subsumed:                    140         0.04 %  of all clauses
c 
c seconds are measured in process time for solving
c 
c --- [ resources ] ----------------------------------------------------------
c 
c total process time since initialization:         0.58    seconds
c total real time since initialization:            0.58    seconds
c maximum resident set size of process:           38.88    MB
c 
c --- [ shutting down ] ------------------------------------------------------
c 
c exit 20
