c --- [ banner ] -------------------------------------------------------------
c 
c CaDiCaL Radically Simplified CDCL SAT Solver
c Copyright (c) 2016-2019 Armin Biere, JKU Linz
c 
c Version 1.0.3 cb89cbfa16f47cb7bf1ec6ad9855e7b6d5203c18
c g++ (GCC) 6.3.0 -Wall -Wextra -O3 -DNDEBUG
c Fri Aug 23 08:17:16 CDT 2019 Linux login1 4.4.103-6.38-default x86_64
c 
c --- [ config ] -------------------------------------------------------------
c 
c using 'unsat' configuration (target unsatisfiable instances)
c 
c --- [ proof tracing ] ------------------------------------------------------
c 
c opening file to write '/tmp/30_559_0_three.drat'
c writing binary proof trace to '/tmp/30_559_0_three.drat'
c 
c --- [ parsing input ] ------------------------------------------------------
c 
c reading DIMACS file from '/tmp/30_559_0_three.cnf'
c opening file to read '/tmp/30_559_0_three.cnf'
c found 'p cnf 39424 200377' header
c parsed 200377 clauses in 0.09 seconds process time
c 
c --- [ options ] ------------------------------------------------------------
c 
c   --stabilize=false              (different from default 'true')
c   --walk=false                   (different from default 'true')
c 
c --- [ solving ] ------------------------------------------------------------
c 
c time measured in process time since initialization
c 
c  seconds  reductions  redundant  irredundant
c         MB    restarts       trail       variables
c          level   conflicts       glue         remaining
c 
c *  0.09 26  0 0   0    0    0  0% 0 182433 38150 97%
c {  0.09 27  0 0   0    0    0  0% 0 182433 38150 97%
c -  0.14 28 53 1  28  300  245  8% 6 175426 38150 97%
c I  0.19 29 42 1  82 1002  852  9% 8 175426 38150 97%
c -  0.24 34 41 2  82 1047  782  9% 8 175426 38150 97%
c i  0.29 34 40 2 122 1437 1118  9% 8 175426 38096 97%
c i  0.31 34 41 2 132 1760 1382  9% 8 175426 38009 96%
c -  0.38 34 35 3 138 2167 1237  9% 7 172687 38009 96%
c i  0.39 34 34 3 139 2284 1329  9% 7 172687 37972 96%
c i  0.41 34 33 3 170 2571 1575  9% 8 172687 37923 96%
c i  0.42 34 34 3 174 2633 1629  9% 8 172687 37895 96%
c i  0.42 34 34 3 175 2634 1629  9% 8 172687 37847 96%
c i  0.45 34 33 3 210 2908 1866 10% 8 172687 37841 96%
c B  0.46 34 32 3 212 3004 1953 10% 8 172687 37841 96%
c i  0.48 34 32 3 213 3156 2094 10% 8 172687 37813 96%
c i  0.49 34 32 3 225 3299 2218 10% 8 172687 37672 96%
c }  0.49 34 32 3 225 3309 2226 10% 8 172687 37671 96%
c 0  0.49 34 32 3 225 3309 2226 10% 8 172687 37671 96%
c 
c --- [ result ] -------------------------------------------------------------
c 
s UNSATISFIABLE
c 
c --- [ run-time profiling ] -------------------------------------------------
c 
c process time taken by individual solving procedures
c (percentage relative to process time for solving)
c 
c         0.40  100.00% search
c         0.40  100.00% unstable
c         0.00    0.00% simplify
c   =================================
c         0.40   81.97% solve
c 
c last line shows process time for solving
c (percentage relative to total process time)
c 
c --- [ statistics ] ---------------------------------------------------------
c 
c backtracked:                4136       124.99 %  of conflicts
c chronological:              1545        37.35 %  of backtracks
c conflicts:                  3309      8272.50    per second
c decisions:                 17936     44840.00    per second
c fixed:                      1753         4.45 %  of all variables
c learned:                    2959        89.42 %  per conflict
c minimized:                 26666        27.29 %  learned literals
c propagations:            1415386         3.54 M  per second
c reduced:                     535        16.17 %  per conflict
c rephased:                      2      1654.50    interval
c restarts:                    225        14.71    interval
c subsumed:                    152         0.04 %  of all clauses
c 
c seconds are measured in process time for solving
c 
c --- [ resources ] ----------------------------------------------------------
c 
c total process time since initialization:         0.49    seconds
c total real time since initialization:            0.49    seconds
c maximum resident set size of process:           38.98    MB
c 
c --- [ shutting down ] ------------------------------------------------------
c 
c exit 20
