c --- [ banner ] -------------------------------------------------------------
c 
c CaDiCaL Radically Simplified CDCL SAT Solver
c Copyright (c) 2016-2019 Armin Biere, JKU Linz
c 
c Version 1.0.3 cb89cbfa16f47cb7bf1ec6ad9855e7b6d5203c18
c g++ (GCC) 6.3.0 -Wall -Wextra -O3 -DNDEBUG
c Fri Aug 23 08:17:16 CDT 2019 Linux login1 4.4.103-6.38-default x86_64
c 
c --- [ config ] -------------------------------------------------------------
c 
c using 'unsat' configuration (target unsatisfiable instances)
c 
c --- [ proof tracing ] ------------------------------------------------------
c 
c opening file to write '/tmp/4_1011_0_six.drat'
c writing binary proof trace to '/tmp/4_1011_0_six.drat'
c 
c --- [ parsing input ] ------------------------------------------------------
c 
c reading DIMACS file from '/tmp/4_1011_0_six.cnf'
c opening file to read '/tmp/4_1011_0_six.cnf'
c found 'p cnf 50176 399294' header
c parsed 399294 clauses in 0.15 seconds process time
c 
c --- [ options ] ------------------------------------------------------------
c 
c   --stabilize=false              (different from default 'true')
c   --walk=false                   (different from default 'true')
c 
c --- [ solving ] ------------------------------------------------------------
c 
c time measured in process time since initialization
c 
c  seconds  reductions  redundant  irredundant
c         MB    restarts       trail       variables
c          level   conflicts       glue         remaining
c 
c *  0.15 44  0 0   0    0    0  0% 0 361739 48022 96%
c {  0.16 45  0 0   0    0    0  0% 0 361739 48022 96%
c -  0.22 46 54 1   4  302  213  9% 7 345542 48022 96%
c I  0.26 47 66 1  73 1002  656  9% 11 345542 48022 96%
c -  0.37 59 59 2  73 1226  725  8% 10 345542 48022 96%
c i  0.39 59 54 2  76 1462  841  8% 9 345542 47986 96%
c i  0.40 59 54 2  76 1538  888  8% 9 345542 47563 95%
c i  0.40 59 54 2  76 1543  892  8% 9 345542 47471 95%
c i  0.40 59 53 2  76 1583  921  8% 9 345542 47464 95%
c i  0.40 59 52 2  76 1637  962  9% 9 345542 47454 95%
c i  0.40 59 52 2  76 1647  966  9% 9 345542 47363 94%
c i  0.40 59 52 2  76 1655  971  9% 9 345542 47331 94%
c }  0.40 59 52 2  76 1659  972  9% 9 345542 47287 94%
c 0  0.40 59 52 2  76 1659  972  9% 9 345542 47287 94%
c 
c --- [ result ] -------------------------------------------------------------
c 
s UNSATISFIABLE
c 
c --- [ run-time profiling ] -------------------------------------------------
c 
c process time taken by individual solving procedures
c (percentage relative to process time for solving)
c 
c         0.25  100.00% search
c         0.25   98.41% unstable
c         0.00    1.59% lucky
c         0.00    0.00% simplify
c   =================================
c         0.25   62.38% solve
c 
c last line shows process time for solving
c (percentage relative to total process time)
c 
c --- [ statistics ] ---------------------------------------------------------
c 
c backtracked:                1931       116.40 %  of conflicts
c chronological:               633        32.78 %  of backtracks
c conflicts:                  1659      6583.33    per second
c decisions:                  8653     34337.30    per second
c fixed:                      2889         5.76 %  of all variables
c learned:                    1256        75.71 %  per conflict
c minimized:                 15196        26.71 %  learned literals
c propagations:             486584         1.93 M  per second
c reduced:                     100         6.03 %  per conflict
c rephased:                      1      1659.00    interval
c restarts:                     76        21.83    interval
c subsumed:                    175         0.02 %  of all clauses
c 
c seconds are measured in process time for solving
c 
c --- [ resources ] ----------------------------------------------------------
c 
c total process time since initialization:         0.40    seconds
c total real time since initialization:            0.40    seconds
c maximum resident set size of process:           59.09    MB
c 
c --- [ shutting down ] ------------------------------------------------------
c 
c exit 20
