c --- [ banner ] -------------------------------------------------------------
c 
c CaDiCaL Radically Simplified CDCL SAT Solver
c Copyright (c) 2016-2019 Armin Biere, JKU Linz
c 
c Version 1.0.3 cb89cbfa16f47cb7bf1ec6ad9855e7b6d5203c18
c g++ (GCC) 6.3.0 -Wall -Wextra -O3 -DNDEBUG
c Fri Aug 23 08:17:16 CDT 2019 Linux login1 4.4.103-6.38-default x86_64
c 
c --- [ config ] -------------------------------------------------------------
c 
c using 'unsat' configuration (target unsatisfiable instances)
c 
c --- [ proof tracing ] ------------------------------------------------------
c 
c opening file to write '/tmp/4_693_0_six.drat'
c writing binary proof trace to '/tmp/4_693_0_six.drat'
c 
c --- [ parsing input ] ------------------------------------------------------
c 
c reading DIMACS file from '/tmp/4_693_0_six.cnf'
c opening file to read '/tmp/4_693_0_six.cnf'
c found 'p cnf 50176 399294' header
c parsed 399294 clauses in 0.15 seconds process time
c 
c --- [ options ] ------------------------------------------------------------
c 
c   --stabilize=false              (different from default 'true')
c   --walk=false                   (different from default 'true')
c 
c --- [ solving ] ------------------------------------------------------------
c 
c time measured in process time since initialization
c 
c  seconds  reductions  redundant  irredundant
c         MB    restarts       trail       variables
c          level   conflicts       glue         remaining
c 
c *  0.16 44  0 0   0    0    0  0% 0 361759 48006 96%
c {  0.16 45  0 0   0    0    0  0% 0 361759 48006 96%
c -  0.22 46 62 1  32  300  232  8% 8 344670 48006 96%
c I  0.28 47 68 1 102 1007  702 10% 10 344670 48006 96%
c -  0.40 59 69 2 102 1222  735 10% 10 344670 48006 96%
c i  0.41 59 69 2 104 1432  853 10% 9 344670 48005 96%
c i  0.46 59 66 2 119 2131 1307 10% 9 344670 47983 96%
c i  0.46 59 66 2 119 2141 1315 10% 9 344670 47977 96%
c i  0.46 59 65 2 119 2148 1320 10% 9 344670 47969 96%
c i  0.46 59 65 2 119 2161 1329 10% 9 344670 47933 96%
c i  0.46 59 63 2 119 2198 1352 10% 9 344670 46165 92%
c i  0.46 59 63 2 119 2200 1353 10% 9 344670 45881 91%
c }  0.46 59 63 2 119 2202 1353 10% 9 344670 45541 91%
c 0  0.46 59 63 2 119 2202 1353 10% 9 344670 45541 91%
c 
c --- [ result ] -------------------------------------------------------------
c 
s UNSATISFIABLE
c 
c --- [ run-time profiling ] -------------------------------------------------
c 
c process time taken by individual solving procedures
c (percentage relative to process time for solving)
c 
c         0.30   98.70% search
c         0.30   98.70% unstable
c         0.00    0.00% simplify
c   =================================
c         0.31   66.96% solve
c 
c last line shows process time for solving
c (percentage relative to total process time)
c 
c --- [ statistics ] ---------------------------------------------------------
c 
c backtracked:                2562       116.35 %  of conflicts
c chronological:               822        32.08 %  of backtracks
c conflicts:                  2202      7149.35    per second
c decisions:                 14092     45753.25    per second
c fixed:                      4635         9.24 %  of all variables
c learned:                    1668        75.75 %  per conflict
c minimized:                 20439        27.04 %  learned literals
c propagations:             780206         2.53 M  per second
c reduced:                      84         3.81 %  per conflict
c rephased:                      1      2202.00    interval
c restarts:                    119        18.50    interval
c subsumed:                    223         0.03 %  of all clauses
c 
c seconds are measured in process time for solving
c 
c --- [ resources ] ----------------------------------------------------------
c 
c total process time since initialization:         0.46    seconds
c total real time since initialization:            0.46    seconds
c maximum resident set size of process:           59.01    MB
c 
c --- [ shutting down ] ------------------------------------------------------
c 
c exit 20
