c --- [ banner ] -------------------------------------------------------------
c 
c CaDiCaL Radically Simplified CDCL SAT Solver
c Copyright (c) 2016-2019 Armin Biere, JKU Linz
c 
c Version 1.0.3 cb89cbfa16f47cb7bf1ec6ad9855e7b6d5203c18
c g++ (GCC) 6.3.0 -Wall -Wextra -O3 -DNDEBUG
c Fri Aug 23 08:17:16 CDT 2019 Linux login1 4.4.103-6.38-default x86_64
c 
c --- [ config ] -------------------------------------------------------------
c 
c using 'unsat' configuration (target unsatisfiable instances)
c 
c --- [ proof tracing ] ------------------------------------------------------
c 
c opening file to write '/tmp/4_970_0_six.drat'
c writing binary proof trace to '/tmp/4_970_0_six.drat'
c 
c --- [ parsing input ] ------------------------------------------------------
c 
c reading DIMACS file from '/tmp/4_970_0_six.cnf'
c opening file to read '/tmp/4_970_0_six.cnf'
c found 'p cnf 50176 399294' header
c parsed 399294 clauses in 0.15 seconds process time
c 
c --- [ options ] ------------------------------------------------------------
c 
c   --stabilize=false              (different from default 'true')
c   --walk=false                   (different from default 'true')
c 
c --- [ solving ] ------------------------------------------------------------
c 
c time measured in process time since initialization
c 
c  seconds  reductions  redundant  irredundant
c         MB    restarts       trail       variables
c          level   conflicts       glue         remaining
c 
c *  0.16 44  0 0   0    0    0  0% 0 361759 48026 96%
c {  0.16 45  0 0   0    0    0  0% 0 361759 48026 96%
c -  0.21 46 51 1   8  304  191  7% 9 345544 48026 96%
c I  0.26 47 50 1  51 1008  697  8% 9 345544 48026 96%
c i  0.26 47 49 1  56 1134  774  8% 9 345544 47620 95%
c -  0.38 58 48 2  56 1236  682  8% 9 335752 47620 95%
c i  0.38 58 48 2  56 1267  695  8% 9 335752 47616 95%
c i  0.38 58 48 2  56 1268  695  8% 9 335752 47612 95%
c i  0.38 58 48 2  56 1269  695  8% 9 335752 47608 95%
c i  0.39 58 48 2  56 1271  695  8% 9 335752 47379 94%
c }  0.39 58 46 2  56 1326  733  8% 9 335752 47061 94%
c 0  0.39 58 46 2  56 1326  733  8% 9 335752 47061 94%
c 
c --- [ result ] -------------------------------------------------------------
c 
s UNSATISFIABLE
c 
c --- [ run-time profiling ] -------------------------------------------------
c 
c process time taken by individual solving procedures
c (percentage relative to process time for solving)
c 
c         0.23   96.67% search
c         0.23   96.67% unstable
c         0.00    0.00% simplify
c   =================================
c         0.24   61.22% solve
c 
c last line shows process time for solving
c (percentage relative to total process time)
c 
c --- [ statistics ] ---------------------------------------------------------
c 
c backtracked:                1554       117.19 %  of conflicts
c chronological:               520        33.46 %  of backtracks
c conflicts:                  1326      5525.00    per second
c decisions:                  7726     32191.67    per second
c fixed:                      3115         6.21 %  of all variables
c learned:                    1023        77.15 %  per conflict
c minimized:                 12877        28.37 %  learned literals
c propagations:             363650         1.52 M  per second
c reduced:                      81         6.11 %  per conflict
c rephased:                      1      1326.00    interval
c restarts:                     56        23.68    interval
c subsumed:                    134         0.02 %  of all clauses
c 
c seconds are measured in process time for solving
c 
c --- [ resources ] ----------------------------------------------------------
c 
c total process time since initialization:         0.39    seconds
c total real time since initialization:            0.39    seconds
c maximum resident set size of process:           58.33    MB
c 
c --- [ shutting down ] ------------------------------------------------------
c 
c exit 20
