c --- [ banner ] -------------------------------------------------------------
c 
c CaDiCaL Radically Simplified CDCL SAT Solver
c Copyright (c) 2016-2019 Armin Biere, JKU Linz
c 
c Version 1.0.3 cb89cbfa16f47cb7bf1ec6ad9855e7b6d5203c18
c g++ (GCC) 6.3.0 -Wall -Wextra -O3 -DNDEBUG
c Fri Aug 23 08:17:16 CDT 2019 Linux login1 4.4.103-6.38-default x86_64
c 
c --- [ config ] -------------------------------------------------------------
c 
c using 'unsat' configuration (target unsatisfiable instances)
c 
c --- [ proof tracing ] ------------------------------------------------------
c 
c opening file to write '/tmp/4_984_0_six.drat'
c writing binary proof trace to '/tmp/4_984_0_six.drat'
c 
c --- [ parsing input ] ------------------------------------------------------
c 
c reading DIMACS file from '/tmp/4_984_0_six.cnf'
c opening file to read '/tmp/4_984_0_six.cnf'
c found 'p cnf 50176 399294' header
c parsed 399294 clauses in 0.15 seconds process time
c 
c --- [ options ] ------------------------------------------------------------
c 
c   --stabilize=false              (different from default 'true')
c   --walk=false                   (different from default 'true')
c 
c --- [ solving ] ------------------------------------------------------------
c 
c time measured in process time since initialization
c 
c  seconds  reductions  redundant  irredundant
c         MB    restarts       trail       variables
c          level   conflicts       glue         remaining
c 
c *  0.15 44  0 0   0    0    0  0% 0 361748 47955 96%
c {  0.16 45  0 0   0    0    0  0% 0 361748 47955 96%
c -  0.21 46 49 1  19  300  212  7% 10 343795 47955 96%
c I  0.26 47 61 1  47 1003  671  9% 9 343795 47955 96%
c -  0.38 58 50 2  47 1222  772  9% 9 343795 47955 96%
c i  0.45 59 44 2 126 2266 1535  9% 9 343795 47787 95%
c -  0.55 58 48 3 133 2604 1371  9% 9 340297 47787 95%
c B  0.60 58 49 3 168 3007 1669  9% 9 340297 47787 95%
c i  0.61 58 51 3 168 3269 1820  9% 9 340297 47544 95%
c i  0.61 58 51 3 168 3270 1820  9% 9 340297 47441 95%
c i  0.61 58 51 3 168 3272 1820  9% 9 340297 47342 94%
c }  0.61 58 51 3 168 3297 1833  9% 9 340297 46882 93%
c 0  0.61 58 51 3 168 3297 1833  9% 9 340297 46882 93%
c 
c --- [ result ] -------------------------------------------------------------
c 
s UNSATISFIABLE
c 
c --- [ run-time profiling ] -------------------------------------------------
c 
c process time taken by individual solving procedures
c (percentage relative to process time for solving)
c 
c         0.46  100.00% search
c         0.46   99.13% unstable
c         0.00    0.87% lucky
c         0.00    0.00% simplify
c   =================================
c         0.46   75.16% solve
c 
c last line shows process time for solving
c (percentage relative to total process time)
c 
c --- [ statistics ] ---------------------------------------------------------
c 
c backtracked:                3887       117.90 %  of conflicts
c chronological:              1208        31.08 %  of backtracks
c conflicts:                  3297      7167.39    per second
c decisions:                 17890     38891.30    per second
c fixed:                      3294         6.56 %  of all variables
c learned:                    2704        82.01 %  per conflict
c minimized:                 42368        32.04 %  learned literals
c propagations:            1107605         2.41 M  per second
c reduced:                     411        12.47 %  per conflict
c rephased:                      2      1648.50    interval
c restarts:                    168        19.62    interval
c subsumed:                    368         0.05 %  of all clauses
c 
c seconds are measured in process time for solving
c 
c --- [ resources ] ----------------------------------------------------------
c 
c total process time since initialization:         0.61    seconds
c total real time since initialization:            0.61    seconds
c maximum resident set size of process:           67.62    MB
c 
c --- [ shutting down ] ------------------------------------------------------
c 
c exit 20
