c --- [ banner ] -------------------------------------------------------------
c 
c CaDiCaL Radically Simplified CDCL SAT Solver
c Copyright (c) 2016-2019 Armin Biere, JKU Linz
c 
c Version 1.0.3 cb89cbfa16f47cb7bf1ec6ad9855e7b6d5203c18
c g++ (GCC) 6.3.0 -Wall -Wextra -O3 -DNDEBUG
c Fri Aug 23 08:17:16 CDT 2019 Linux login1 4.4.103-6.38-default x86_64
c 
c --- [ config ] -------------------------------------------------------------
c 
c using 'unsat' configuration (target unsatisfiable instances)
c 
c --- [ proof tracing ] ------------------------------------------------------
c 
c opening file to write '/tmp/34_1018_0_four.drat'
c writing binary proof trace to '/tmp/34_1018_0_four.drat'
c 
c --- [ parsing input ] ------------------------------------------------------
c 
c reading DIMACS file from '/tmp/34_1018_0_four.cnf'
c opening file to read '/tmp/34_1018_0_four.cnf'
c found 'p cnf 43008 265790' header
c parsed 265790 clauses in 0.18 seconds process time
c 
c --- [ options ] ------------------------------------------------------------
c 
c   --stabilize=false              (different from default 'true')
c   --walk=false                   (different from default 'true')
c 
c --- [ solving ] ------------------------------------------------------------
c 
c time measured in process time since initialization
c 
c  seconds  reductions  redundant  irredundant
c         MB    restarts       trail       variables
c          level   conflicts       glue         remaining
c 
c *  0.18 31  0 0   0    0    0  0% 0 240740 41592 97%
c {  0.18 31  0 0   0    0    0  0% 0 240740 41592 97%
c -  0.22 32 41 1  14  300  231  7% 8 235396 41592 97%
c I  0.27 34 41 1  65 1003  784  6% 8 235396 41592 97%
c -  0.35 42 44 2  75 1123  758  6% 8 235396 41592 97%
c i  0.36 42 40 2  76 1310  891  6% 7 235396 41459 96%
c i  0.36 42 41 2  76 1355  930  6% 7 235396 41403 96%
c i  0.40 42 43 2 132 1677 1190  7% 8 235396 41081 96%
c i  0.40 42 43 2 132 1678 1190  7% 8 235396 41043 95%
c i  0.40 42 43 2 132 1679 1190  7% 8 235396 41023 95%
c }  0.40 42 43 2 145 1770 1257  7% 8 235396 40981 95%
c 0  0.40 42 43 2 145 1770 1257  7% 8 235396 40981 95%
c 
c --- [ result ] -------------------------------------------------------------
c 
s UNSATISFIABLE
c 
c --- [ run-time profiling ] -------------------------------------------------
c 
c process time taken by individual solving procedures
c (percentage relative to process time for solving)
c 
c         0.22  100.00% search
c         0.22  100.00% unstable
c         0.00    0.00% simplify
c   =================================
c         0.22   54.00% solve
c 
c last line shows process time for solving
c (percentage relative to total process time)
c 
c --- [ statistics ] ---------------------------------------------------------
c 
c backtracked:                2212       124.97 %  of conflicts
c chronological:               757        34.22 %  of backtracks
c conflicts:                  1770      8194.44    per second
c decisions:                 12563     58162.04    per second
c fixed:                      2027         4.71 %  of all variables
c learned:                    1531        86.50 %  per conflict
c minimized:                 14578        28.45 %  learned literals
c propagations:             561096         2.60 M  per second
c reduced:                     135         7.63 %  per conflict
c rephased:                      1      1770.00    interval
c restarts:                    145        12.21    interval
c subsumed:                    133         0.03 %  of all clauses
c 
c seconds are measured in process time for solving
c 
c --- [ resources ] ----------------------------------------------------------
c 
c total process time since initialization:         0.40    seconds
c total real time since initialization:            0.40    seconds
c maximum resident set size of process:           42.05    MB
c 
c --- [ shutting down ] ------------------------------------------------------
c 
c exit 20
