c --- [ banner ] -------------------------------------------------------------
c 
c CaDiCaL Radically Simplified CDCL SAT Solver
c Copyright (c) 2016-2019 Armin Biere, JKU Linz
c 
c Version 1.0.3 cb89cbfa16f47cb7bf1ec6ad9855e7b6d5203c18
c g++ (GCC) 6.3.0 -Wall -Wextra -O3 -DNDEBUG
c Fri Aug 23 08:17:16 CDT 2019 Linux login1 4.4.103-6.38-default x86_64
c 
c --- [ config ] -------------------------------------------------------------
c 
c using 'unsat' configuration (target unsatisfiable instances)
c 
c --- [ proof tracing ] ------------------------------------------------------
c 
c opening file to write '/tmp/34_1028_0_four.drat'
c writing binary proof trace to '/tmp/34_1028_0_four.drat'
c 
c --- [ parsing input ] ------------------------------------------------------
c 
c reading DIMACS file from '/tmp/34_1028_0_four.cnf'
c opening file to read '/tmp/34_1028_0_four.cnf'
c found 'p cnf 43008 265790' header
c parsed 265790 clauses in 0.09 seconds process time
c 
c --- [ options ] ------------------------------------------------------------
c 
c   --stabilize=false              (different from default 'true')
c   --walk=false                   (different from default 'true')
c 
c --- [ solving ] ------------------------------------------------------------
c 
c time measured in process time since initialization
c 
c  seconds  reductions  redundant  irredundant
c         MB    restarts       trail       variables
c          level   conflicts       glue         remaining
c 
c *  0.09 31  0 0   0    0    0  0% 0 240731 41457 96%
c {  0.09 31  0 0   0    0    0  0% 0 240731 41457 96%
c i  0.10 33 44 0  15  266  205  7% 9 240731 41350 96%
c -  0.12 33 42 1  21  302  216  7% 9 229068 41350 96%
c I  0.14 33 42 1  42 1002  777  8% 8 229068 41350 96%
c i  0.15 33 40 1  42 1047  816  8% 8 229068 41324 96%
c }  0.15 33 40 1  42 1061  823  8% 8 229068 41070 95%
c 0  0.15 33 40 1  42 1061  823  8% 8 229068 41070 95%
c 
c --- [ result ] -------------------------------------------------------------
c 
s UNSATISFIABLE
c 
c --- [ run-time profiling ] -------------------------------------------------
c 
c process time taken by individual solving procedures
c (percentage relative to process time for solving)
c 
c         0.06  100.00% search
c         0.06   93.33% unstable
c         0.00    6.67% lucky
c         0.00    0.00% simplify
c   =================================
c         0.06   40.54% solve
c 
c last line shows process time for solving
c (percentage relative to total process time)
c 
c --- [ statistics ] ---------------------------------------------------------
c 
c backtracked:                1286       121.21 %  of conflicts
c chronological:               470        36.55 %  of backtracks
c conflicts:                  1061     17683.33    per second
c decisions:                  4808     80133.33    per second
c fixed:                      1938         4.51 %  of all variables
c learned:                     881        83.03 %  per conflict
c minimized:                  8984        28.81 %  learned literals
c propagations:             288509         4.81 M  per second
c rephased:                      1      1061.00    interval
c restarts:                     42        25.26    interval
c subsumed:                     50         0.01 %  of all clauses
c 
c seconds are measured in process time for solving
c 
c --- [ resources ] ----------------------------------------------------------
c 
c total process time since initialization:         0.15    seconds
c total real time since initialization:            0.15    seconds
c maximum resident set size of process:           34.19    MB
c 
c --- [ shutting down ] ------------------------------------------------------
c 
c exit 20
