c --- [ banner ] -------------------------------------------------------------
c 
c CaDiCaL Radically Simplified CDCL SAT Solver
c Copyright (c) 2016-2019 Armin Biere, JKU Linz
c 
c Version 1.0.3 cb89cbfa16f47cb7bf1ec6ad9855e7b6d5203c18
c g++ (GCC) 6.3.0 -Wall -Wextra -O3 -DNDEBUG
c Fri Aug 23 08:17:16 CDT 2019 Linux login1 4.4.103-6.38-default x86_64
c 
c --- [ config ] -------------------------------------------------------------
c 
c using 'unsat' configuration (target unsatisfiable instances)
c 
c --- [ proof tracing ] ------------------------------------------------------
c 
c opening file to write '/tmp/34_386_0_four.drat'
c writing binary proof trace to '/tmp/34_386_0_four.drat'
c 
c --- [ parsing input ] ------------------------------------------------------
c 
c reading DIMACS file from '/tmp/34_386_0_four.cnf'
c opening file to read '/tmp/34_386_0_four.cnf'
c found 'p cnf 43008 265790' header
c parsed 265790 clauses in 0.10 seconds process time
c 
c --- [ options ] ------------------------------------------------------------
c 
c   --stabilize=false              (different from default 'true')
c   --walk=false                   (different from default 'true')
c 
c --- [ solving ] ------------------------------------------------------------
c 
c time measured in process time since initialization
c 
c  seconds  reductions  redundant  irredundant
c         MB    restarts       trail       variables
c          level   conflicts       glue         remaining
c 
c *  0.10 31  0 0   0    0    0  0% 0 240740 41501 96%
c {  0.10 31  0 0   0    0    0  0% 0 240740 41501 96%
c -  0.13 32 52 1  31  301  225  7% 9 232517 41501 96%
c I  0.17 33 45 1  51 1010  781  8% 8 232517 41501 96%
c -  0.22 41 48 2  63 1120  765  8% 8 232517 41501 96%
c i  0.30 42 45 2 107 2284 1701  9% 8 232517 41473 96%
c -  0.34 42 43 3 107 2349 1367  9% 8 231938 41473 96%
c B  0.39 42 41 3 164 3011 1945  9% 8 231938 41473 96%
c -  0.50 42 38 4 291 3987 2165  9% 9 231938 41473 96%
c d  0.66 42 36 4 310 5005 3045  9% 8 228818 39913 93%
c 2  0.76 43 36 4 310 5005 3045  9% 8 226478 39913 93%
c p  0.95 46 36 4 310 5005 7024  9% 8 226478 39790 93%
c s  1.08 39 37 4 310 5075 7077  9% 8 226470 39790 93%
c v  1.27 48 37 4 310 5075 7077  9% 8 222688 39790 93%
c w  1.34 48 37 4 310 5075 7057  9% 8 222688 39790 93%
c t  1.36 48 37 4 310 5075 7054  9% 8 203692 39790 93%
c e  1.78 47 37 4 310 5075 2256  9% 8 183048 23548 55%
c s  1.84 51 37 4 310 5075 2248  9% 8 183048 23548 55%
c F  1.97 52 37 4 326 6012 3053  6% 8 183048 23548 55%
c -  1.99 52 37 5 326 6037 1327  6% 8 183048 23548 55%
c 
c  seconds  reductions  redundant  irredundant
c         MB    restarts       trail       variables
c          level   conflicts       glue         remaining
c 
c i  2.00 52 36 5 326 6094 1370  5% 8 183048 23543 55%
c i  2.08 52 32 5 366 7670 2662  6% 8 183048 23515 55%
c i  2.09 52 32 5 366 7737 2718  6% 8 183048 22942 53%
c i  2.09 52 32 5 366 7738 2718  6% 8 183048 22701 53%
c }  2.09 52 32 5 366 7740 2718  6% 8 183048 22510 52%
c 0  2.09 52 32 5 366 7740 2718  6% 8 183048 22510 52%
c 
c --- [ result ] -------------------------------------------------------------
c 
s UNSATISFIABLE
c 
c --- [ run-time profiling ] -------------------------------------------------
c 
c process time taken by individual solving procedures
c (percentage relative to process time for solving)
c 
c         1.20   60.24% simplify
c         0.79   39.76% search
c         0.79   39.76% unstable
c         0.42   21.08% elim
c         0.22   10.84% vivify
c         0.20    9.84% probe
c         0.14    7.23% subsume
c         0.08    3.82% ternary
c   =================================
c         1.99   95.40% solve
c 
c last line shows process time for solving
c (percentage relative to total process time)
c 
c --- [ statistics ] ---------------------------------------------------------
c 
c backtracked:               39194       506.38 %  of conflicts
c chronological:              3063         7.81 %  of backtracks
c conflicts:                  7740      3885.54    per second
c decisions:                 32646     16388.55    per second
c eliminated:                16242        37.77 %  of all variables
c fixed:                      2696         6.27 %  of all variables
c learned:                    7023        90.74 %  per conflict
c minimized:                 78673        28.68 %  learned literals
c propagations:            4486106         2.25 M  per second
c reduced:                    1345        17.38 %  per conflict
c rephased:                      3      2580.00    interval
c restarts:                    366        21.15    interval
c substituted:                1560         3.63 %  of all variables
c subsumed:                   6830         0.81 %  of all clauses
c strengthened:               2607         0.31 %  of all clauses
c vivified:                   3862         0.46 %  of all clauses
c weakened:                  77429         3.75    average size
c 
c seconds are measured in process time for solving
c 
c --- [ resources ] ----------------------------------------------------------
c 
c total process time since initialization:         2.09    seconds
c total real time since initialization:            2.09    seconds
c maximum resident set size of process:           52.35    MB
c 
c --- [ shutting down ] ------------------------------------------------------
c 
c exit 20
