c --- [ banner ] -------------------------------------------------------------
c 
c CaDiCaL Radically Simplified CDCL SAT Solver
c Copyright (c) 2016-2019 Armin Biere, JKU Linz
c 
c Version 1.0.3 cb89cbfa16f47cb7bf1ec6ad9855e7b6d5203c18
c g++ (GCC) 6.3.0 -Wall -Wextra -O3 -DNDEBUG
c Fri Aug 23 08:17:16 CDT 2019 Linux login1 4.4.103-6.38-default x86_64
c 
c --- [ config ] -------------------------------------------------------------
c 
c using 'unsat' configuration (target unsatisfiable instances)
c 
c --- [ proof tracing ] ------------------------------------------------------
c 
c opening file to write '/tmp/34_915_0_four.drat'
c writing binary proof trace to '/tmp/34_915_0_four.drat'
c 
c --- [ parsing input ] ------------------------------------------------------
c 
c reading DIMACS file from '/tmp/34_915_0_four.cnf'
c opening file to read '/tmp/34_915_0_four.cnf'
c found 'p cnf 43008 265790' header
c parsed 265790 clauses in 0.10 seconds process time
c 
c --- [ options ] ------------------------------------------------------------
c 
c   --stabilize=false              (different from default 'true')
c   --walk=false                   (different from default 'true')
c 
c --- [ solving ] ------------------------------------------------------------
c 
c time measured in process time since initialization
c 
c  seconds  reductions  redundant  irredundant
c         MB    restarts       trail       variables
c          level   conflicts       glue         remaining
c 
c *  0.10 31  0 0   0    0    0  0% 0 240740 41503 97%
c {  0.10 31  0 0   0    0    0  0% 0 240740 41503 97%
c i  0.12 32 64 0  12  165  112  7% 8 240740 41486 96%
c i  0.12 33 52 0  30  292  205  7% 9 240740 41118 96%
c -  0.15 33 50 1  30  300  163  7% 9 223875 41118 96%
c i  0.16 33 49 1  34  509  315  8% 8 223875 41102 96%
c i  0.18 33 58 1  34  756  498 10% 8 223875 40826 95%
c I  0.20 33 59 1  40 1005  703 12% 7 223875 40826 95%
c -  0.28 41 55 2  43 1110  699 11% 7 218698 40826 95%
c i  0.29 41 52 2  43 1148  726 11% 7 218698 40743 95%
c -  0.40 41 37 3 139 2317 1351 10% 8 217363 40743 95%
c B  0.44 41 34 3 193 3011 1903 11% 8 217363 40743 95%
c i  0.45 41 33 3 201 3153 2007 11% 8 217363 40727 95%
c i  0.45 41 33 3 201 3157 2010 11% 8 217363 40713 95%
c i  0.45 41 33 3 201 3159 2011 11% 8 217363 39794 93%
c i  0.46 41 32 3 201 3181 2025 11% 8 217363 39749 92%
c i  0.46 41 32 3 201 3182 2025 11% 8 217363 39748 92%
c i  0.46 41 32 3 201 3185 2027 11% 8 217363 39544 92%
c }  0.46 41 32 3 201 3199 2036 11% 8 217363 39252 91%
c 0  0.46 41 32 3 201 3199 2036 11% 8 217363 39252 91%
c 
c --- [ result ] -------------------------------------------------------------
c 
s UNSATISFIABLE
c 
c --- [ run-time profiling ] -------------------------------------------------
c 
c process time taken by individual solving procedures
c (percentage relative to process time for solving)
c 
c         0.35   98.88% search
c         0.35   98.88% unstable
c         0.00    0.00% simplify
c   =================================
c         0.36   78.07% solve
c 
c last line shows process time for solving
c (percentage relative to total process time)
c 
c --- [ statistics ] ---------------------------------------------------------
c 
c backtracked:                3893       121.69 %  of conflicts
c chronological:              1247        32.03 %  of backtracks
c conflicts:                  3199      8985.96    per second
c decisions:                 13690     38455.06    per second
c fixed:                      3756         8.73 %  of all variables
c learned:                    2774        86.71 %  per conflict
c minimized:                 30347        30.49 %  learned literals
c propagations:            1145186         3.22 M  per second
c reduced:                     393        12.29 %  per conflict
c rephased:                      2      1599.50    interval
c restarts:                    201        15.92    interval
c subsumed:                    253         0.05 %  of all clauses
c 
c seconds are measured in process time for solving
c 
c --- [ resources ] ----------------------------------------------------------
c 
c total process time since initialization:         0.46    seconds
c total real time since initialization:            0.46    seconds
c maximum resident set size of process:           46.49    MB
c 
c --- [ shutting down ] ------------------------------------------------------
c 
c exit 20
