c --- [ banner ] -------------------------------------------------------------
c 
c CaDiCaL Radically Simplified CDCL SAT Solver
c Copyright (c) 2016-2019 Armin Biere, JKU Linz
c 
c Version 1.0.3 cb89cbfa16f47cb7bf1ec6ad9855e7b6d5203c18
c g++ (GCC) 6.3.0 -Wall -Wextra -O3 -DNDEBUG
c Fri Aug 23 08:17:16 CDT 2019 Linux login1 4.4.103-6.38-default x86_64
c 
c --- [ config ] -------------------------------------------------------------
c 
c using 'unsat' configuration (target unsatisfiable instances)
c 
c --- [ proof tracing ] ------------------------------------------------------
c 
c opening file to write '/tmp/57_766_0_four.drat'
c writing binary proof trace to '/tmp/57_766_0_four.drat'
c 
c --- [ parsing input ] ------------------------------------------------------
c 
c reading DIMACS file from '/tmp/57_766_0_four.cnf'
c opening file to read '/tmp/57_766_0_four.cnf'
c found 'p cnf 259840 1039924' header
c parsed 1039924 clauses in 0.45 seconds process time
c 
c --- [ options ] ------------------------------------------------------------
c 
c   --stabilize=false              (different from default 'true')
c   --walk=false                   (different from default 'true')
c 
c --- [ solving ] ------------------------------------------------------------
c 
c time measured in process time since initialization
c 
c  seconds   reductions  redundant   irredundant
c          MB    restarts       trail        variables
c           level   conflicts       glue           remaining
c 
c *  0.47 139  0 0   0    0    0  0% 0 1039424 254168 98%
c {  0.50 142  0 0   0    0    0  0% 0 1039424 254168 98%
c -  0.70 147 248 1  13  300  185  5% 4 926590 254168 98%
c i  0.86 147 126 1  57  524  385  6% 6 926590 254142 98%
c i  1.08 147 97 1 104  753  587  6% 7 926590 254030 98%
c I  1.22 147 69 1 129 1012  780  6% 7 926590 254030 98%
c -  1.92 178 52 2 165 1480 1155  8% 7 923978 254030 98%
c i  1.97 178 51 2 185 1561 1226  8% 7 923978 252932 97%
c i  2.07 178 48 2 229 1742 1385  7% 7 923978 252759 97%
c i  2.10 178 47 2 235 1789 1425  8% 7 923978 252639 97%
c i  2.12 178 46 2 236 1842 1464  7% 7 923978 249146 96%
c i  2.13 178 45 2 236 1854 1475  7% 7 923978 248914 96%
c i  2.20 178 42 2 236 2024 1610  8% 7 923978 243065 94%
c i  2.20 178 42 2 236 2036 1617  8% 7 923978 242993 94%
c i  2.21 178 41 2 236 2042 1616  8% 7 923978 237501 91%
c }  2.21 178 41 2 236 2047 1618  8% 7 923978 235883 91%
c 0  2.21 178 41 2 236 2047 1618  8% 7 923978 235883 91%
c 
c --- [ result ] -------------------------------------------------------------
c 
s UNSATISFIABLE
c 
c --- [ run-time profiling ] -------------------------------------------------
c 
c process time taken by individual solving procedures
c (percentage relative to process time for solving)
c 
c         1.74   98.86% search
c         1.72   97.50% unstable
c         0.02    1.36% lucky
c         0.00    0.00% simplify
c   =================================
c         1.76   79.57% solve
c 
c last line shows process time for solving
c (percentage relative to total process time)
c 
c --- [ statistics ] ---------------------------------------------------------
c 
c backtracked:                2624       128.19 %  of conflicts
c chronological:               926        35.29 %  of backtracks
c conflicts:                  2047      1163.07    per second
c decisions:                 12022      6830.68    per second
c fixed:                     23957         9.22 %  of all variables
c learned:                    1845        90.13 %  per conflict
c minimized:                 14453        27.04 %  learned literals
c propagations:            5415582         3.08 M  per second
c reduced:                      22         1.07 %  per conflict
c rephased:                      1      2047.00    interval
c restarts:                    236         8.67    interval
c subsumed:                    191         0.01 %  of all clauses
c 
c seconds are measured in process time for solving
c 
c --- [ resources ] ----------------------------------------------------------
c 
c total process time since initialization:         2.21    seconds
c total real time since initialization:            2.21    seconds
c maximum resident set size of process:          178.18    MB
c 
c --- [ shutting down ] ------------------------------------------------------
c 
c exit 20
