c --- [ banner ] -------------------------------------------------------------
c 
c CaDiCaL Radically Simplified CDCL SAT Solver
c Copyright (c) 2016-2019 Armin Biere, JKU Linz
c 
c Version 1.0.3 cb89cbfa16f47cb7bf1ec6ad9855e7b6d5203c18
c g++ (GCC) 6.3.0 -Wall -Wextra -O3 -DNDEBUG
c Fri Aug 23 08:17:16 CDT 2019 Linux login1 4.4.103-6.38-default x86_64
c 
c --- [ config ] -------------------------------------------------------------
c 
c using 'unsat' configuration (target unsatisfiable instances)
c 
c --- [ proof tracing ] ------------------------------------------------------
c 
c opening file to write '/tmp/57_802_0_four.drat'
c writing binary proof trace to '/tmp/57_802_0_four.drat'
c 
c --- [ parsing input ] ------------------------------------------------------
c 
c reading DIMACS file from '/tmp/57_802_0_four.cnf'
c opening file to read '/tmp/57_802_0_four.cnf'
c found 'p cnf 259840 1039924' header
c parsed 1039924 clauses in 0.45 seconds process time
c 
c --- [ options ] ------------------------------------------------------------
c 
c   --stabilize=false              (different from default 'true')
c   --walk=false                   (different from default 'true')
c 
c --- [ solving ] ------------------------------------------------------------
c 
c time measured in process time since initialization
c 
c  seconds   reductions  redundant   irredundant
c          MB    restarts       trail        variables
c           level   conflicts       glue           remaining
c 
c *  0.46 139  0 0   0    0    0  0% 0 1039424 254022 98%
c {  0.49 142  0 0   0    0    0  0% 0 1039424 254022 98%
c -  0.68 147 253 1  11  300  180  5% 4 924485 254022 98%
c I  1.18 147 70 1 135 1002  770  6% 7 924485 254022 98%
c -  1.74 178 54 2 191 1480 1167  7% 8 924485 254022 98%
c i  2.41 178 36 2 228 2560 2088  8% 8 924485 253992 98%
c B  2.72 178 35 2 258 3005 2482  8% 8 924485 253992 98%
c i  2.83 178 34 2 264 3202 2643  8% 8 924485 252840 97%
c -  3.14 177 34 3 264 3250 1770  8% 8 906581 252840 97%
c i  3.16 177 33 3 264 3272 1783  8% 8 906581 246387 95%
c i  3.16 177 33 3 264 3274 1784  8% 8 906581 246236 95%
c }  3.16 177 33 3 264 3283 1787  8% 8 906581 242387 93%
c 0  3.16 177 33 3 264 3283 1787  8% 8 906581 242387 93%
c 
c --- [ result ] -------------------------------------------------------------
c 
s UNSATISFIABLE
c 
c --- [ run-time profiling ] -------------------------------------------------
c 
c process time taken by individual solving procedures
c (percentage relative to process time for solving)
c 
c         2.70   99.41% search
c         2.67   98.53% unstable
c         0.02    0.88% lucky
c         0.00    0.00% simplify
c   =================================
c         2.71   85.82% solve
c 
c last line shows process time for solving
c (percentage relative to total process time)
c 
c --- [ statistics ] ---------------------------------------------------------
c 
c backtracked:                4044       123.18 %  of conflicts
c chronological:              1384        34.22 %  of backtracks
c conflicts:                  3283      1210.55    per second
c decisions:                 14928      5504.42    per second
c fixed:                     17453         6.72 %  of all variables
c learned:                    2982        90.83 %  per conflict
c minimized:                 28482        27.18 %  learned literals
c propagations:            8767200         3.23 M  per second
c reduced:                     410        12.49 %  per conflict
c rephased:                      2      1641.50    interval
c restarts:                    264        12.44    interval
c subsumed:                    254         0.01 %  of all clauses
c 
c seconds are measured in process time for solving
c 
c --- [ resources ] ----------------------------------------------------------
c 
c total process time since initialization:         3.16    seconds
c total real time since initialization:            3.16    seconds
c maximum resident set size of process:          201.28    MB
c 
c --- [ shutting down ] ------------------------------------------------------
c 
c exit 20
