c --- [ banner ] -------------------------------------------------------------
c 
c CaDiCaL Radically Simplified CDCL SAT Solver
c Copyright (c) 2016-2019 Armin Biere, JKU Linz
c 
c Version 1.0.3 cb89cbfa16f47cb7bf1ec6ad9855e7b6d5203c18
c g++ (GCC) 6.3.0 -Wall -Wextra -O3 -DNDEBUG
c Fri Aug 23 08:17:16 CDT 2019 Linux login1 4.4.103-6.38-default x86_64
c 
c --- [ config ] -------------------------------------------------------------
c 
c using 'unsat' configuration (target unsatisfiable instances)
c 
c --- [ proof tracing ] ------------------------------------------------------
c 
c opening file to write '/tmp/55_576_0_three.drat'
c writing binary proof trace to '/tmp/55_576_0_three.drat'
c 
c --- [ parsing input ] ------------------------------------------------------
c 
c reading DIMACS file from '/tmp/55_576_0_three.cnf'
c opening file to read '/tmp/55_576_0_three.cnf'
c found 'p cnf 39424 200372' header
c parsed 200372 clauses in 0.08 seconds process time
c 
c --- [ options ] ------------------------------------------------------------
c 
c   --stabilize=false              (different from default 'true')
c   --walk=false                   (different from default 'true')
c 
c --- [ solving ] ------------------------------------------------------------
c 
c time measured in process time since initialization
c 
c  seconds  reductions  redundant  irredundant
c         MB    restarts       trail       variables
c          level   conflicts       glue         remaining
c 
c *  0.08 26  0 0   0    0    0  0% 0 183403 38158 97%
c {  0.08 26  0 0   0    0    0  0% 0 183403 38158 97%
c i  0.10 27 57 0   8  256  201  9% 8 183403 38134 97%
c -  0.13 28 73 1   8  301  239 11% 8 174992 38134 97%
c i  0.14 29 69 1   8  345  279 11% 8 174992 38133 97%
c i  0.14 29 69 1   8  347  280 11% 8 174992 38109 97%
c I  0.18 29 46 1  46 1003  828 10% 9 174992 38099 97%
c -  0.24 34 47 2  52 1046  720 10% 9 174137 38099 97%
c -  0.36 34 46 3 106 2162 1311 10% 9 174137 38099 97%
c B  0.42 34 45 3 136 3008 2043 10% 9 174137 38099 97%
c -  0.52 34 42 4 185 3657 1908 10% 9 174137 38099 97%
c i  0.54 34 41 4 205 3818 2043 10% 9 174137 38024 96%
c i  0.56 34 40 4 205 3956 2148 10% 9 174137 37936 96%
c i  0.56 34 40 4 205 3984 2165 10% 9 174137 37350 95%
c i  0.56 34 40 4 205 3985 2165 10% 9 174137 37300 95%
c }  0.56 34 40 4 205 3989 2167 10% 9 174137 36873 94%
c 0  0.56 34 40 4 205 3989 2167 10% 9 174137 36873 94%
c 
c --- [ result ] -------------------------------------------------------------
c 
s UNSATISFIABLE
c 
c --- [ run-time profiling ] -------------------------------------------------
c 
c process time taken by individual solving procedures
c (percentage relative to process time for solving)
c 
c         0.48  100.00% search
c         0.48   99.17% unstable
c         0.00    0.83% lucky
c         0.00    0.00% simplify
c   =================================
c         0.48   85.71% solve
c 
c last line shows process time for solving
c (percentage relative to total process time)
c 
c --- [ statistics ] ---------------------------------------------------------
c 
c backtracked:                4934       123.69 %  of conflicts
c chronological:              1823        36.95 %  of backtracks
c conflicts:                  3989      8310.42    per second
c decisions:                 18539     38622.92    per second
c fixed:                      2551         6.47 %  of all variables
c learned:                    3614        90.60 %  per conflict
c minimized:                 31241        24.29 %  learned literals
c propagations:            1646681         3.43 M  per second
c reduced:                    1282        32.14 %  per conflict
c rephased:                      2      1994.50    interval
c restarts:                    205        19.46    interval
c subsumed:                    155         0.04 %  of all clauses
c 
c seconds are measured in process time for solving
c 
c --- [ resources ] ----------------------------------------------------------
c 
c total process time since initialization:         0.56    seconds
c total real time since initialization:            0.56    seconds
c maximum resident set size of process:           38.83    MB
c 
c --- [ shutting down ] ------------------------------------------------------
c 
c exit 20
