c --- [ banner ] -------------------------------------------------------------
c 
c CaDiCaL Radically Simplified CDCL SAT Solver
c Copyright (c) 2016-2019 Armin Biere, JKU Linz
c 
c Version 1.0.3 cb89cbfa16f47cb7bf1ec6ad9855e7b6d5203c18
c g++ (GCC) 6.3.0 -Wall -Wextra -O3 -DNDEBUG
c Fri Aug 23 08:17:16 CDT 2019 Linux login1 4.4.103-6.38-default x86_64
c 
c --- [ config ] -------------------------------------------------------------
c 
c using 'unsat' configuration (target unsatisfiable instances)
c 
c --- [ proof tracing ] ------------------------------------------------------
c 
c opening file to write '/tmp/55_60_0_three.drat'
c writing binary proof trace to '/tmp/55_60_0_three.drat'
c 
c --- [ parsing input ] ------------------------------------------------------
c 
c reading DIMACS file from '/tmp/55_60_0_three.cnf'
c opening file to read '/tmp/55_60_0_three.cnf'
c found 'p cnf 39424 200372' header
c parsed 200372 clauses in 0.08 seconds process time
c 
c --- [ options ] ------------------------------------------------------------
c 
c   --stabilize=false              (different from default 'true')
c   --walk=false                   (different from default 'true')
c 
c --- [ solving ] ------------------------------------------------------------
c 
c time measured in process time since initialization
c 
c  seconds  reductions  redundant  irredundant
c         MB    restarts       trail       variables
c          level   conflicts       glue         remaining
c 
c *  0.08 26  0 0   0    0    0  0% 0 183403 38141 97%
c {  0.08 27  0 0   0    0    0  0% 0 183403 38141 97%
c -  0.12 28 44 1  11  316  241  7% 9 174997 38141 97%
c i  0.17 29 66 1  49  896  725  9% 10 174997 38117 97%
c I  0.18 29 73 1  61 1004  823 10% 10 174997 38117 97%
c -  0.24 35 74 2  72 1061  733 10% 10 174565 38117 97%
c i  0.26 35 75 2  88 1230  884 10% 10 174565 38116 97%
c i  0.34 35 59 2  98 2143 1725 11% 9 174565 38109 97%
c -  0.38 35 58 3 103 2180 1307 10% 9 174411 38109 97%
c i  0.44 35 56 3 131 2824 1864 11% 9 174411 37943 96%
c i  0.44 35 56 3 131 2828 1866 11% 9 174411 37941 96%
c i  0.44 35 55 3 131 2832 1868 11% 9 174411 37921 96%
c }  0.44 35 55 3 131 2834 1868 11% 9 174411 37800 96%
c 0  0.44 35 55 3 131 2834 1868 11% 9 174411 37800 96%
c 
c --- [ result ] -------------------------------------------------------------
c 
s UNSATISFIABLE
c 
c --- [ run-time profiling ] -------------------------------------------------
c 
c process time taken by individual solving procedures
c (percentage relative to process time for solving)
c 
c         0.36  100.00% search
c         0.36  100.00% unstable
c         0.00    0.00% simplify
c   =================================
c         0.36   81.65% solve
c 
c last line shows process time for solving
c (percentage relative to total process time)
c 
c --- [ statistics ] ---------------------------------------------------------
c 
c backtracked:                3487       123.04 %  of conflicts
c chronological:              1337        38.34 %  of backtracks
c conflicts:                  2834      7960.67    per second
c decisions:                 15879     44603.93    per second
c fixed:                      1624         4.12 %  of all variables
c learned:                    2552        90.05 %  per conflict
c minimized:                 21037        23.15 %  learned literals
c propagations:            1268988         3.56 M  per second
c reduced:                     592        20.89 %  per conflict
c rephased:                      1      2834.00    interval
c restarts:                    131        21.63    interval
c subsumed:                     84         0.02 %  of all clauses
c 
c seconds are measured in process time for solving
c 
c --- [ resources ] ----------------------------------------------------------
c 
c total process time since initialization:         0.44    seconds
c total real time since initialization:            0.44    seconds
c maximum resident set size of process:           39.65    MB
c 
c --- [ shutting down ] ------------------------------------------------------
c 
c exit 20
