c --- [ banner ] -------------------------------------------------------------
c 
c CaDiCaL Radically Simplified CDCL SAT Solver
c Copyright (c) 2016-2019 Armin Biere, JKU Linz
c 
c Version 1.0.3 cb89cbfa16f47cb7bf1ec6ad9855e7b6d5203c18
c g++ (GCC) 6.3.0 -Wall -Wextra -O3 -DNDEBUG
c Fri Aug 23 08:17:16 CDT 2019 Linux login1 4.4.103-6.38-default x86_64
c 
c --- [ config ] -------------------------------------------------------------
c 
c using 'unsat' configuration (target unsatisfiable instances)
c 
c --- [ proof tracing ] ------------------------------------------------------
c 
c opening file to write '/tmp/85_1078_0_four.drat'
c writing binary proof trace to '/tmp/85_1078_0_four.drat'
c 
c --- [ parsing input ] ------------------------------------------------------
c 
c reading DIMACS file from '/tmp/85_1078_0_four.cnf'
c opening file to read '/tmp/85_1078_0_four.cnf'
c found 'p cnf 259840 1039924' header
c parsed 1039924 clauses in 0.44 seconds process time
c 
c --- [ options ] ------------------------------------------------------------
c 
c   --stabilize=false              (different from default 'true')
c   --walk=false                   (different from default 'true')
c 
c --- [ solving ] ------------------------------------------------------------
c 
c time measured in process time since initialization
c 
c  seconds   reductions  redundant   irredundant
c          MB    restarts       trail        variables
c           level   conflicts       glue           remaining
c 
c *  0.46 139  0 0   0    0    0  0% 0 1039424 253854 98%
c {  0.49 143  0 0   0    0    0  0% 0 1039424 253854 98%
c -  0.76 149 37 1  26  301  229  5% 6 920340 253854 98%
c i  0.81 149 32 1  28  419  327  5% 6 920340 253822 98%
c i  0.90 149 31 1  61  654  527  5% 8 920340 253517 98%
c i  1.02 149 28 1  76  912  720  6% 8 920340 251014 97%
c i  1.02 149 28 1  76  913  720  6% 8 920340 250839 97%
c }  1.02 149 28 1  76  919  722  6% 8 920340 250653 96%
c 0  1.02 149 28 1  76  919  722  6% 8 920340 250653 96%
c 
c --- [ result ] -------------------------------------------------------------
c 
s UNSATISFIABLE
c 
c --- [ run-time profiling ] -------------------------------------------------
c 
c process time taken by individual solving procedures
c (percentage relative to process time for solving)
c 
c         0.56   97.22% search
c         0.53   92.36% unstable
c         0.03    4.86% lucky
c         0.00    0.00% simplify
c   =================================
c         0.58   56.47% solve
c 
c last line shows process time for solving
c (percentage relative to total process time)
c 
c --- [ statistics ] ---------------------------------------------------------
c 
c backtracked:                1130       122.96 %  of conflicts
c chronological:               350        30.97 %  of backtracks
c conflicts:                   919      1595.49    per second
c decisions:                  4541      7883.68    per second
c fixed:                      9187         3.54 %  of all variables
c learned:                     797        86.72 %  per conflict
c minimized:                  6903        27.76 %  learned literals
c propagations:            1735316         3.01 M  per second
c restarts:                     76        12.09    interval
c subsumed:                     69         0.00 %  of all clauses
c 
c seconds are measured in process time for solving
c 
c --- [ resources ] ----------------------------------------------------------
c 
c total process time since initialization:         1.02    seconds
c total real time since initialization:            1.02    seconds
c maximum resident set size of process:          156.99    MB
c 
c --- [ shutting down ] ------------------------------------------------------
c 
c exit 20
