c --- [ banner ] -------------------------------------------------------------
c 
c CaDiCaL Radically Simplified CDCL SAT Solver
c Copyright (c) 2016-2019 Armin Biere, JKU Linz
c 
c Version 1.0.3 cb89cbfa16f47cb7bf1ec6ad9855e7b6d5203c18
c g++ (GCC) 6.3.0 -Wall -Wextra -O3 -DNDEBUG
c Fri Aug 23 08:17:16 CDT 2019 Linux login1 4.4.103-6.38-default x86_64
c 
c --- [ config ] -------------------------------------------------------------
c 
c using 'unsat' configuration (target unsatisfiable instances)
c 
c --- [ proof tracing ] ------------------------------------------------------
c 
c opening file to write '/tmp/85_460_0_four.drat'
c writing binary proof trace to '/tmp/85_460_0_four.drat'
c 
c --- [ parsing input ] ------------------------------------------------------
c 
c reading DIMACS file from '/tmp/85_460_0_four.cnf'
c opening file to read '/tmp/85_460_0_four.cnf'
c found 'p cnf 259840 1039924' header
c parsed 1039924 clauses in 0.45 seconds process time
c 
c --- [ options ] ------------------------------------------------------------
c 
c   --stabilize=false              (different from default 'true')
c   --walk=false                   (different from default 'true')
c 
c --- [ solving ] ------------------------------------------------------------
c 
c time measured in process time since initialization
c 
c  seconds   reductions  redundant   irredundant
c          MB    restarts       trail        variables
c           level   conflicts       glue           remaining
c 
c *  0.47 139  0 0   0    0    0  0% 0 1039424 253191 97%
c {  0.50 143  0 0   0    0    0  0% 0 1039424 253191 97%
c -  0.76 148 39 1  40  302  252  5% 9 911870 253191 97%
c i  0.78 148 38 1  40  305  254  5% 9 911870 253045 97%
c I  1.11 148 36 1  92 1003  848  7% 9 911870 253045 97%
c i  1.14 148 33 1  92 1083  911  7% 8 911870 252213 97%
c -  1.72 178 35 2 131 1478 1147  8% 9 898120 252213 97%
c i  1.93 178 39 2 185 1766 1404  8% 10 898120 251471 97%
c i  2.17 178 38 2 233 2219 1801  9% 9 898120 244420 94%
c }  2.17 178 38 2 233 2223 1802  9% 9 898120 242817 93%
c 0  2.17 178 38 2 233 2223 1802  9% 9 898120 242817 93%
c 
c --- [ result ] -------------------------------------------------------------
c 
s UNSATISFIABLE
c 
c --- [ run-time profiling ] -------------------------------------------------
c 
c process time taken by individual solving procedures
c (percentage relative to process time for solving)
c 
c         1.70   98.84% search
c         1.67   97.21% unstable
c         0.03    1.63% lucky
c         0.00    0.00% simplify
c   =================================
c         1.72   79.34% solve
c 
c last line shows process time for solving
c (percentage relative to total process time)
c 
c --- [ statistics ] ---------------------------------------------------------
c 
c backtracked:                2759       124.11 %  of conflicts
c chronological:               855        30.99 %  of backtracks
c conflicts:                  2223      1292.44    per second
c decisions:                 13763      8001.74    per second
c fixed:                     17023         6.55 %  of all variables
c learned:                    2001        90.01 %  per conflict
c minimized:                 15934        22.08 %  learned literals
c propagations:            5757903         3.35 M  per second
c reduced:                     105         4.72 %  per conflict
c rephased:                      1      2223.00    interval
c restarts:                    233         9.54    interval
c subsumed:                     82         0.00 %  of all clauses
c 
c seconds are measured in process time for solving
c 
c --- [ resources ] ----------------------------------------------------------
c 
c total process time since initialization:         2.17    seconds
c total real time since initialization:            2.17    seconds
c maximum resident set size of process:          178.33    MB
c 
c --- [ shutting down ] ------------------------------------------------------
c 
c exit 20
