c --- [ banner ] -------------------------------------------------------------
c 
c CaDiCaL Radically Simplified CDCL SAT Solver
c Copyright (c) 2016-2019 Armin Biere, JKU Linz
c 
c Version 1.0.3 cb89cbfa16f47cb7bf1ec6ad9855e7b6d5203c18
c g++ (GCC) 6.3.0 -Wall -Wextra -O3 -DNDEBUG
c Fri Aug 23 08:17:16 CDT 2019 Linux login1 4.4.103-6.38-default x86_64
c 
c --- [ config ] -------------------------------------------------------------
c 
c using 'unsat' configuration (target unsatisfiable instances)
c 
c --- [ proof tracing ] ------------------------------------------------------
c 
c opening file to write '/tmp/85_782_0_four.drat'
c writing binary proof trace to '/tmp/85_782_0_four.drat'
c 
c --- [ parsing input ] ------------------------------------------------------
c 
c reading DIMACS file from '/tmp/85_782_0_four.cnf'
c opening file to read '/tmp/85_782_0_four.cnf'
c found 'p cnf 259840 1039924' header
c parsed 1039924 clauses in 0.45 seconds process time
c 
c --- [ options ] ------------------------------------------------------------
c 
c   --stabilize=false              (different from default 'true')
c   --walk=false                   (different from default 'true')
c 
c --- [ solving ] ------------------------------------------------------------
c 
c time measured in process time since initialization
c 
c  seconds   reductions  redundant   irredundant
c          MB    restarts       trail        variables
c           level   conflicts       glue           remaining
c 
c *  0.47 139  0 0   0    0    0  0% 0 1039424 253681 98%
c {  0.50 143  0 0   0    0    0  0% 0 1039424 253681 98%
c -  0.87 152 66 1  40  300  239  6% 7 918213 253681 98%
c I  1.31 152 48 1 109 1008  866  8% 9 918213 253681 98%
c -  1.84 183 41 2 138 1479 1199  8% 9 918213 253681 98%
c i  2.00 183 43 2 148 1829 1495  8% 9 918213 253631 98%
c B  2.68 183 40 2 198 3009 2494  9% 9 918213 253373 98%
c -  3.08 183 39 3 198 3246 1998  9% 8 913452 253373 98%
c i  3.16 183 37 3 198 3350 2081  9% 8 913452 253199 97%
c }  3.16 183 37 3 198 3352 2081  9% 8 913452 245982 95%
c 0  3.16 183 37 3 198 3352 2081  9% 8 913452 245982 95%
c 
c --- [ result ] -------------------------------------------------------------
c 
s UNSATISFIABLE
c 
c --- [ run-time profiling ] -------------------------------------------------
c 
c process time taken by individual solving procedures
c (percentage relative to process time for solving)
c 
c         2.69   99.26% search
c         2.66   98.23% unstable
c         0.03    1.03% lucky
c         0.00    0.00% simplify
c   =================================
c         2.71   85.82% solve
c 
c last line shows process time for solving
c (percentage relative to total process time)
c 
c --- [ statistics ] ---------------------------------------------------------
c 
c backtracked:                4045       120.67 %  of conflicts
c chronological:              1326        32.78 %  of backtracks
c conflicts:                  3352      1235.99    per second
c decisions:                 15536      5728.61    per second
c fixed:                     13858         5.33 %  of all variables
c learned:                    3036        90.57 %  per conflict
c minimized:                 26132        23.80 %  learned literals
c propagations:            9586795         3.53 M  per second
c reduced:                     740        22.08 %  per conflict
c rephased:                      2      1676.00    interval
c restarts:                    198        16.93    interval
c subsumed:                    176         0.01 %  of all clauses
c 
c seconds are measured in process time for solving
c 
c --- [ resources ] ----------------------------------------------------------
c 
c total process time since initialization:         3.16    seconds
c total real time since initialization:            3.16    seconds
c maximum resident set size of process:          206.57    MB
c 
c --- [ shutting down ] ------------------------------------------------------
c 
c exit 20
