c --- [ banner ] -------------------------------------------------------------
c 
c CaDiCaL Radically Simplified CDCL SAT Solver
c Copyright (c) 2016-2019 Armin Biere, JKU Linz
c 
c Version 1.0.3 cb89cbfa16f47cb7bf1ec6ad9855e7b6d5203c18
c g++ (GCC) 6.3.0 -Wall -Wextra -O3 -DNDEBUG
c Fri Aug 23 08:17:16 CDT 2019 Linux login1 4.4.103-6.38-default x86_64
c 
c --- [ config ] -------------------------------------------------------------
c 
c using 'unsat' configuration (target unsatisfiable instances)
c 
c --- [ proof tracing ] ------------------------------------------------------
c 
c opening file to write '/tmp/87_1212_0_four.drat'
c writing binary proof trace to '/tmp/87_1212_0_four.drat'
c 
c --- [ parsing input ] ------------------------------------------------------
c 
c reading DIMACS file from '/tmp/87_1212_0_four.cnf'
c opening file to read '/tmp/87_1212_0_four.cnf'
c found 'p cnf 43008 265770' header
c parsed 265770 clauses in 0.10 seconds process time
c 
c --- [ options ] ------------------------------------------------------------
c 
c   --stabilize=false              (different from default 'true')
c   --walk=false                   (different from default 'true')
c 
c --- [ solving ] ------------------------------------------------------------
c 
c time measured in process time since initialization
c 
c  seconds  reductions  redundant  irredundant
c         MB    restarts       trail       variables
c          level   conflicts       glue         remaining
c 
c *  0.10 31  0 0   0    0    0  0% 0 247456 41685 97%
c {  0.11 32  0 0   0    0    0  0% 0 247456 41685 97%
c -  0.15 33 71 1   7  302  224  9% 10 236543 41685 97%
c I  0.23 35 73 1  41 1003  784 11% 10 236543 41685 97%
c -  0.30 43 75 2  55 1126  757 11% 10 236543 41685 97%
c -  0.46 43 80 3 141 2380 1342 10% 10 236543 41685 97%
c B  0.50 43 80 3 160 3007 1821 10% 10 236543 41685 97%
c -  0.67 44 81 4 223 4030 1923 11% 10 236543 41685 97%
c d  0.84 44 73 4 237 5002 2703 10% 10 233359 40093 93%
c 2  0.98 44 73 4 237 5002 2703 10% 10 230971 40093 93%
c p  1.09 46 73 4 237 5002 4486 10% 10 230971 40093 93%
c s  1.27 41 80 4 238 5141 4602 11% 10 230971 40093 93%
c v  1.58 49 80 4 238 5141 4602 11% 10 227067 40093 93%
c w  1.68 49 80 4 238 5141 4593 11% 10 227067 40093 93%
c t  1.70 49 80 4 238 5141 4584 11% 10 209972 40093 93%
c e  2.20 50 80 4 238 5141 1351 11% 10 194260 24856 58%
c s  2.28 53 80 4 238 5141 1349 11% 10 194260 24856 58%
c F  2.49 57 74 4 263 6009 2083  8% 10 194260 24856 58%
c -  2.52 57 73 5 263 6093 1083  7% 10 194260 24856 58%
c -  2.76 57 61 6 447 8412 2438  6% 10 194260 24856 58%
c 
c  seconds  reductions   redundant   irredundant
c         MB    restarts        trail        variables
c          level    conflicts       glue          remaining
c 
c B  2.92 57 59 6 637 10010 3835  5% 10 194260 24856 58%
c -  3.02 58 56 7 670 11118 3330  5% 10 194260 24856 58%
c -  3.34 58 52 8 832 14216 4215  6% 10 194260 24856 58%
c 3  3.53 58 53 8 932 15002 16171  6% 10 194260 24856 58%
c p  3.61 58 53 8 932 15002 16644  6% 10 194260 24856 58%
c #  3.64 58 53 8 934 15012 16652  6% 10 194260 24856 58%
c s  3.99 58 53 8 1134 17007 13871  6% 10 193463 24856 58%
c v  4.24 58 53 8 1134 17007 13871  6% 10 177380 24856 58%
c w  4.34 58 53 8 1134 17007 11887  6% 10 177380 24856 58%
c t  4.35 58 53 8 1134 17007 11886  6% 10 177264 24856 58%
c e  4.49 58 53 8 1134 17007 11743  6% 10 177254 24840 58%
c s  4.54 58 53 8 1134 17007 11675  6% 10 177203 24840 58%
c e  4.60 58 53 8 1134 17007 11609  6% 10 177203 24831 58%
c -  4.74 58 52 9 1172 17696 7405  7% 10 177203 24831 58%
c B  5.06 58 50 9 1362 21015 10334  7% 10 177203 24831 58%
c -  5.13 58 50 10 1408 21443 5984  7% 10 177203 24831 58%
c -  5.52 58 47 11 1522 25562 6261  7% 10 177203 24831 58%
c O  5.80 58 46 11 1698 28018 8426  7% 10 177203 24831 58%
c 3  6.10 58 46 11 1847 30003 21204  7% 10 177203 24831 58%
c 2  6.15 58 46 11 1847 30003 21203  7% 10 177203 24831 58%
c 
c  seconds  reductions      redundant   irredundant
c         MB     restarts          trail        variables
c          level      conflicts        glue          remaining
c 
c p  6.19 58 46 11 1847 30003 21672  7% 10 177203 24831 58%
c -  6.26 58 46 12 1847 30057 7194  7% 10 177203 24831 58%
c s  6.84 58 46 12 2117 34019 10583  7% 10 177180 24831 58%
c v  7.12 58 46 12 2117 34019 10583  7% 10 158325 24831 58%
c w  7.26 58 46 12 2117 34019 10573  7% 10 158325 24831 58%
c e  7.36 58 46 12 2117 34019 10417  7% 10 158320 24809 58%
c s  7.41 58 46 12 2117 34019 10340  7% 10 158304 24809 58%
c e  7.46 58 46 12 2117 34019 10304  7% 10 158304 24801 58%
c -  7.62 58 45 13 2150 34926 7923  7% 10 158304 24801 58%
c B  7.79 58 45 13 2244 36019 8898  7% 10 158304 24801 58%
c -  8.35 58 44 14 2465 39964 8490  7% 10 158304 24801 58%
c I  9.11 58 44 14 2804 45020 13025  7% 10 158304 24801 58%
c -  9.18 58 44 15 2817 45361 9436  7% 10 158304 24801 58%
c 3  9.82 58 43 15 3047 50003 24638  7% 10 158304 24801 58%
c p  9.90 58 43 15 3047 50003 25018  7% 10 158304 24801 58%
c - 10.10 58 43 16 3109 51118 10517  7% 10 158304 24801 58%
c B 10.58 58 41 16 3257 55022 14031  7% 10 158304 24801 58%
c s 10.71 58 41 16 3280 55414 14314  7% 10 158281 24801 58%
c v 11.05 58 41 16 3280 55414 14314  7% 10 144336 24801 58%
c w 11.28 58 41 16 3280 55414 14297  7% 10 144336 24801 58%
c 
c  seconds  reductions      redundant   irredundant
c         MB     restarts          trail        variables
c          level      conflicts        glue          remaining
c 
c e 11.38 58 41 16 3280 55414 14228  7% 10 144322 24784 58%
c s 11.42 58 41 16 3280 55414 14142  7% 10 144310 24784 58%
c e 11.46 58 41 16 3280 55414 14138  7% 10 144309 24778 58%
c - 11.76 58 41 17 3393 57236 11347  7% 10 144309 24778 58%
c - 12.50 58 41 18 3839 63497 11910  7% 10 144309 24778 58%
c F 12.78 58 40 18 3962 66023 14139  7% 10 144309 24778 58%
c - 13.32 58 40 19 4216 70104 12896  7% 10 144309 24778 58%
c 3 14.04 58 40 19 4527 75003 30102  7% 10 144309 24778 58%
c p 14.12 58 40 19 4527 75003 30324  7% 10 144309 24778 58%
c - 14.48 58 40 20 4673 77059 14231  7% 10 144309 24778 58%
c B 14.61 58 40 20 4732 78024 15092  7% 10 144309 24778 58%
c s 15.04 58 40 20 4883 80836 17527  7% 10 144293 24778 58%
c v 15.44 58 40 20 4883 80836 17527  7% 10 125427 24778 58%
c w 15.62 58 40 20 4883 80836 17499  7% 10 125427 24778 58%
c e 15.72 58 40 20 4883 80836 17457  7% 10 125412 24758 58%
c s 15.76 58 40 20 4883 80836 17385  7% 10 125405 24758 58%
c e 15.79 58 40 20 4883 80836 17378  7% 10 125405 24756 58%
c - 16.14 58 39 21 4983 84362 14709  7% 10 125405 24756 58%
c # 16.73 58 39 21 5295 91025 20654  7% 10 125405 24756 58%
c - 16.83 58 39 22 5337 91610 15382  7% 10 125405 24756 58%
c 
c  seconds  reductions      redundant   irredundant
c         MB     restarts          trail        variables
c          level      conflicts        glue          remaining
c 
c - 17.65 58 38 23 5733 99189 16307  7% 10 125405 24756 58%
c 3 18.23 58 38 23 5896 105003 30864  7% 10 125405 24756 58%
c p 18.30 59 38 23 5896 105003 31423  7% 10 125405 24756 58%
c B 18.32 59 38 23 5896 105027 31445  7% 10 125405 24756 58%
c f 18.60 59 38 24 6071 107098 12207  7% 10 125405 24756 58%
c s 18.84 59 38 24 6168 108925 13747  7% 10 125396 24756 58%
c v 19.16 59 38 24 6168 108925 13747  7% 10 123721 24756 58%
c w 19.30 59 38 24 6168 108925 13733  7% 10 123721 24756 58%
c t 19.31 59 38 24 6168 108925 13733  7% 10 123720 24756 58%
c e 19.49 59 38 24 6168 108925 12251  7% 10 123261 24009 56%
c s 19.52 59 38 24 6168 108925 12208  7% 10 122740 24009 56%
c e 19.58 59 38 24 6168 108925 12164  7% 10 122740 23992 56%
c i 19.96 59 38 24 6365 112472 15339  7% 10 122740 23988 56%
c - 20.31 59 37 25 6485 115336 13731  7% 10 122578 23988 56%
c O 20.84 59 37 25 6746 120029 17920  7% 10 122578 23988 56%
c - 21.26 59 37 26 6933 123825 15670  7% 10 122578 23988 56%
c - 22.37 59 36 27 7199 132641 17395  8% 9 122578 23988 56%
c B 22.84 59 36 27 7405 136030 20468  8% 9 122578 23988 56%
c 3 23.42 59 35 27 7602 140003 32436  8% 9 122578 23988 56%
c p 23.48 59 35 27 7602 140003 32794  8% 9 122578 23988 56%
c 
c  seconds  reductions       redundant  irredundant
c         MB     restarts           trail       variables
c          level      conflicts         glue         remaining
c 
c - 23.81 59 35 28 7735 141783 19189  8% 9 122578 23988 56%
c s 23.92 59 35 28 7759 141896 19086  8% 9 122426 23988 56%
c v 24.31 59 35 28 7759 141896 19086  8% 9 122379 23988 56%
c w 24.57 59 35 28 7759 141896 19043  8% 9 122379 23988 56%
c t 24.57 59 35 28 7759 141896 19042  8% 9 122379 23988 56%
c e 24.62 59 35 28 7759 141896 18727  8% 9 122262 23891 56%
c s 24.68 59 35 28 7759 141896 18599  8% 9 122250 23891 56%
c e 24.70 59 35 28 7759 141896 18599  8% 9 122248 23890 56%
c - 26.04 59 34 29 8137 151256 20613  8% 9 122248 23890 56%
c I 26.28 59 34 29 8196 153031 22219  8% 9 122248 23890 56%
c - 27.58 59 33 30 8528 161042 21952  8% 9 122248 23890 56%
c B 29.12 59 32 30 9077 171036 30844  8% 9 122248 23890 56%
c - 29.17 59 32 31 9077 171155 23190  8% 9 122248 23890 56%
c s 30.52 59 31 31 9355 179584 30397  8% 9 122238 23890 56%
c v 30.90 59 31 31 9355 179584 30397  8% 9 122191 23890 56%
c w 31.34 59 31 31 9355 179584 30365  8% 9 122191 23890 56%
c t 31.34 59 31 31 9355 179584 30364  8% 9 122191 23888 56%
c e 31.40 59 31 31 9355 179584 24867  8% 9 122043 23845 55%
c s 31.49 59 31 31 9355 179584 24718  8% 9 122038 23845 55%
c 3 31.70 59 31 31 9400 180003 33635  8% 9 122038 23845 55%
c 
c  seconds  reductions       redundant  irredundant
c         MB     restarts           trail       variables
c          level      conflicts         glue         remaining
c 
c p 31.77 59 31 31 9400 180003 34615  8% 9 122038 23845 55%
c - 32.12 59 31 32 9485 181594 20725  8% 9 122038 23845 55%
c F 33.54 59 30 32 9805 190038 28157  8% 9 122038 23845 55%
c - 34.00 59 30 33 9961 192352 23659  8% 9 122038 23845 55%
c - 35.91 59 29 34 10255 203434 25143  8% 9 122038 23845 55%
c B 37.08 59 28 34 10447 210043 30856  8% 9 122038 23845 55%
c i 37.20 59 28 34 10476 210654 31332  8% 9 122038 23826 55%
c - 38.06 59 27 35 10594 214843 22168  8% 9 120686 23826 55%
c i 38.91 59 27 35 10693 219397 26051  8% 9 120686 23820 55%
c i 39.03 59 27 35 10693 220083 26601  8% 9 120686 23788 55%
c s 39.51 59 26 35 10694 221985 27826  9% 9 120674 23788 55%
c v 39.93 59 26 35 10694 221985 27826  9% 9 117372 23788 55%
c w 40.30 59 26 35 10694 221985 27369  9% 9 117372 23770 55%
c t 40.30 59 26 35 10694 221985 27347  9% 9 117312 23770 55%
c e 40.44 59 26 35 10694 221985 24190  9% 9 115332 22574 52%
c s 40.49 59 26 35 10694 221985 23910  9% 9 115229 22574 52%
c e 40.56 59 26 35 10694 221985 20934  9% 9 115065 22490 52%
c i 40.80 59 26 35 10695 223234 21923  9% 9 115065 22454 52%
c i 40.86 59 26 35 10695 223634 22229  9% 9 115065 22426 52%
c i 40.87 59 26 35 10695 223659 22244  9% 9 115065 22378 52%
c 
c  seconds  reductions        redundant  irredundant
c         MB      restarts           trail       variables
c          level       conflicts         glue         remaining
c 
c i 40.90 59 26 35 10695 223809 22358  9% 9 115065 22024 51%
c } 40.97 59 26 35 10695 223815 11690 13% 9 101684 21843 51%
c 0 40.97 59 26 35 10695 223815 11690 13% 9 101684 21843 51%
c 
c --- [ result ] -------------------------------------------------------------
c 
s UNSATISFIABLE
c 
c --- [ run-time profiling ] -------------------------------------------------
c 
c process time taken by individual solving procedures
c (percentage relative to process time for solving)
c 
c        31.57   77.26% search
c        31.57   77.25% unstable
c         9.29   22.74% simplify
c         4.83   11.81% vivify
c         1.64    4.00% elim
c         1.18    2.89% subsume
c         0.69    1.68% ternary
c         0.34    0.82% probe
c         0.00    0.01% lucky
c   =================================
c        40.86   99.75% solve
c 
c last line shows process time for solving
c (percentage relative to total process time)
c 
c --- [ statistics ] ---------------------------------------------------------
c 
c backtracked:             1127512       503.77 %  of conflicts
c chronological:             87173         7.73 %  of backtracks
c conflicts:                223815      5477.07    per second
c decisions:                826279     20220.22    per second
c eliminated:                17520        40.74 %  of all variables
c fixed:                      2053         4.77 %  of all variables
c flushed:                   11251         5.03 %  per conflict
c learned:                  209652        93.67 %  per conflict
c minimized:               2761673        35.12 %  learned literals
c propagations:          123426412         3.02 M  per second
c reduced:                  137116        61.26 %  per conflict
c rephased:                     20     11190.75    interval
c restarts:                  10695        20.93    interval
c substituted:                1592         3.70 %  of all variables
c subsumed:                 100019         6.68 %  of all clauses
c strengthened:              30943         2.07 %  of all clauses
c ternary:                   90852         0.78 %  of resolved
c vivified:                  84244         5.63 %  of all clauses
c weakened:                  87449         4.30    average size
c 
c seconds are measured in process time for solving
c 
c --- [ resources ] ----------------------------------------------------------
c 
c total process time since initialization:        40.97    seconds
c total real time since initialization:           40.97    seconds
c maximum resident set size of process:           58.92    MB
c 
c --- [ shutting down ] ------------------------------------------------------
c 
c exit 20
