c --- [ banner ] -------------------------------------------------------------
c 
c CaDiCaL Radically Simplified CDCL SAT Solver
c Copyright (c) 2016-2019 Armin Biere, JKU Linz
c 
c Version 1.0.3 cb89cbfa16f47cb7bf1ec6ad9855e7b6d5203c18
c g++ (GCC) 6.3.0 -Wall -Wextra -O3 -DNDEBUG
c Fri Aug 23 08:17:16 CDT 2019 Linux login1 4.4.103-6.38-default x86_64
c 
c --- [ config ] -------------------------------------------------------------
c 
c using 'unsat' configuration (target unsatisfiable instances)
c 
c --- [ proof tracing ] ------------------------------------------------------
c 
c opening file to write '/tmp/87_752_0_four.drat'
c writing binary proof trace to '/tmp/87_752_0_four.drat'
c 
c --- [ parsing input ] ------------------------------------------------------
c 
c reading DIMACS file from '/tmp/87_752_0_four.cnf'
c opening file to read '/tmp/87_752_0_four.cnf'
c found 'p cnf 43008 265770' header
c parsed 265770 clauses in 0.10 seconds process time
c 
c --- [ options ] ------------------------------------------------------------
c 
c   --stabilize=false              (different from default 'true')
c   --walk=false                   (different from default 'true')
c 
c --- [ solving ] ------------------------------------------------------------
c 
c time measured in process time since initialization
c 
c  seconds  reductions  redundant  irredundant
c         MB    restarts       trail       variables
c          level   conflicts       glue         remaining
c 
c *  0.10 32  0 0   0    0    0  0% 0 247454 41560 97%
c {  0.10 32  0 0   0    0    0  0% 0 247454 41560 97%
c i  0.10 32 36 0   0   21   20  4% 3 247454 41548 97%
c i  0.11 32 38 0  12  163  136  6% 9 247454 41476 96%
c -  0.14 33 35 1  19  300  239  6% 9 232354 41476 96%
c I  0.21 34 70 1  79 1002  797 10% 10 232354 41476 96%
c -  0.27 42 66 2  79 1123  771 10% 10 232354 41476 96%
c i  0.30 42 60 2  81 1436 1025 10% 9 232354 41345 96%
c }  0.30 42 60 2  81 1440 1027 10% 9 232354 40979 95%
c 0  0.30 42 60 2  81 1440 1027 10% 9 232354 40979 95%
c 
c --- [ result ] -------------------------------------------------------------
c 
s UNSATISFIABLE
c 
c --- [ run-time profiling ] -------------------------------------------------
c 
c process time taken by individual solving procedures
c (percentage relative to process time for solving)
c 
c         0.20  100.00% search
c         0.20   98.00% unstable
c         0.00    2.00% lucky
c         0.00    0.00% simplify
c   =================================
c         0.20   66.67% solve
c 
c last line shows process time for solving
c (percentage relative to total process time)
c 
c --- [ statistics ] ---------------------------------------------------------
c 
c backtracked:                1757       122.01 %  of conflicts
c chronological:               642        36.54 %  of backtracks
c conflicts:                  1440      7200.00    per second
c decisions:                 10416     52080.00    per second
c fixed:                      2029         4.72 %  of all variables
c learned:                    1242        86.25 %  per conflict
c minimized:                 11047        23.05 %  learned literals
c propagations:             620994         3.10 M  per second
c reduced:                     125         8.68 %  per conflict
c rephased:                      1      1440.00    interval
c restarts:                     81        17.78    interval
c subsumed:                     85         0.02 %  of all clauses
c 
c seconds are measured in process time for solving
c 
c --- [ resources ] ----------------------------------------------------------
c 
c total process time since initialization:         0.30    seconds
c total real time since initialization:            0.30    seconds
c maximum resident set size of process:           42.08    MB
c 
c --- [ shutting down ] ------------------------------------------------------
c 
c exit 20
