c --- [ banner ] -------------------------------------------------------------
c 
c CaDiCaL Radically Simplified CDCL SAT Solver
c Copyright (c) 2016-2019 Armin Biere, JKU Linz
c 
c Version 1.0.3 cb89cbfa16f47cb7bf1ec6ad9855e7b6d5203c18
c g++ (GCC) 6.3.0 -Wall -Wextra -O3 -DNDEBUG
c Fri Aug 23 08:17:16 CDT 2019 Linux login1 4.4.103-6.38-default x86_64
c 
c --- [ config ] -------------------------------------------------------------
c 
c using 'unsat' configuration (target unsatisfiable instances)
c 
c --- [ proof tracing ] ------------------------------------------------------
c 
c opening file to write '/tmp/0_10_0_four.drat'
c writing binary proof trace to '/tmp/0_10_0_four.drat'
c 
c --- [ parsing input ] ------------------------------------------------------
c 
c reading DIMACS file from '/tmp/0_10_0_four.cnf'
c opening file to read '/tmp/0_10_0_four.cnf'
c found 'p cnf 259840 1039934' header
c parsed 1039934 clauses in 0.42 seconds process time
c 
c --- [ options ] ------------------------------------------------------------
c 
c   --stabilize=false              (different from default 'true')
c   --walk=false                   (different from default 'true')
c 
c --- [ solving ] ------------------------------------------------------------
c 
c time measured in process time since initialization
c 
c  seconds   reductions  redundant   irredundant
c          MB    restarts       trail        variables
c           level   conflicts       glue           remaining
c 
c *  0.44 139  0 0   0    0    0  0% 0 1039424 253502 98%
c {  0.45 142  0 0   0    0    0  0% 0 1039424 253502 98%
c -  0.77 150 323 1  15  300  186  6% 5 918119 253502 98%
c I  1.38 150 104 1 138 1007  802  8% 9 918119 253502 98%
c -  2.09 181 82 2 194 1477 1175  8% 9 918119 253502 98%
c B  3.18 181 58 2 275 3008 2536  9% 9 918119 253502 98%
c -  3.52 181 55 3 275 3247 2151  9% 9 918119 253502 98%
c s  4.71 203 49 3 332 4073 2847  8% 9 918119 253502 98%
c w  6.33 204 49 3 332 4073 2843  8% 9 918119 253502 98%
c t  6.39 204 49 3 332 4073 2843  8% 9 917603 253502 98%
c e  9.05 191 49 3 332 4073   43  8% 9 227219 28026 11%
c s  9.29 191 49 3 332 4073   42  8% 9 227029 28026 11%
c e  9.60 191 49 3 332 4073   38  8% 9 227029 27950 11%
c 3  9.95 191 48 3 433 5000 3267  6% 9 227029 27950 11%
c 3  9.96 191 48 3 433 5000 3431  6% 9 227029 27950 11%
c d 10.00 191 48 3 433 5000 3363  6% 9 227029 27942 11%
c 2 10.03 191 48 3 433 5000 3347  6% 9 227029 27942 11%
c p 10.09 191 48 3 433 5000 4491  6% 9 227029 27942 11%
c - 10.20 191 47 4 469 5607 1574  6% 9 227029 27942 11%
c F 10.24 191 46 4 502 6010 1910  6% 9 227029 27942 11%
c 
c  seconds   reductions  redundant  irredundant
c          MB    restarts       trail       variables
c           level   conflicts       glue         remaining
c 
c - 10.42 191 40 5 557 7641 2394  7% 9 227029 27942 11%
c B 10.58 191 38 5 649 10012 4463  6% 9 227029 27942 11%
c - 10.63 191 38 6 649 10085 3094  6% 9 227029 27942 11%
c - 10.89 191 34 7 720 12932 3878  6% 8 227029 27942 11%
c 3 11.13 191 33 7 819 15002 6584  6% 8 227029 27942 11%
c 3 11.14 191 33 7 819 15002 6943  6% 8 227029 27942 11%
c d 11.19 191 33 7 819 15002 6773  6% 8 227029 27914 11%
c 2 11.21 191 33 7 819 15002 6716  6% 8 227029 27914 11%
c p 11.37 191 33 7 819 15002 11354  6% 8 227029 27874 11%
c d 11.40 191 33 7 819 15002 8439  6% 8 224146 27870 11%
c d 11.42 191 33 7 819 15002 8418  6% 8 223824 27709 11%
c # 11.42 191 33 7 819 15013 8428  6% 8 223824 27709 11%
c s 11.62 191 31 7 826 16161 8642  7% 8 223607 27709 11%
c v 11.85 191 31 7 826 16161 8642  7% 8 218883 27709 11%
c w 11.94 191 31 7 826 16161 8518  7% 8 218883 27705 11%
c t 11.96 191 31 7 826 16161 8282  7% 8 205785 27705 11%
c e 12.16 192 31 7 826 16161 5632  7% 8 200241 23426  9%
c s 12.24 192 31 7 826 16161 5499  7% 8 199536 23426  9%
c e 12.32 192 31 7 826 16161 5418  7% 8 199297 23378  9%
c - 12.46 192 31 8 830 16186 2846 10% 8 199297 23378  9%
c 
c  seconds   reductions   redundant  irredundant
c          MB    restarts        trail       variables
c           level    conflicts       glue         remaining
c 
c i 12.54 192 30 8 863 16978 3541  7% 8 199297 23362  9%
c i 12.56 192 30 8 863 17534 4026  6% 8 199297 23337  9%
c i 12.57 192 30 8 863 17720 4184  5% 8 199297 23267  9%
c i 12.57 192 30 8 863 17785 4219  5% 8 199297 23244  9%
c i 12.57 192 30 8 863 17799 4225  5% 8 199297 23155  9%
c } 12.57 192 30 8 863 17801 4225  5% 8 199297 23129  9%
c 0 12.57 192 30 8 863 17801 4225  5% 8 199297 23129  9%
c 
c --- [ result ] -------------------------------------------------------------
c 
s UNSATISFIABLE
c 
c --- [ run-time profiling ] -------------------------------------------------
c 
c process time taken by individual solving procedures
c (percentage relative to process time for solving)
c 
c         6.64   54.62% simplify
c         5.50   45.21% search
c         5.48   45.08% unstable
c         3.14   25.86% elim
c         1.78   14.68% vivify
c         1.08    8.92% subsume
c         0.22    1.81% probe
c         0.14    1.12% ternary
c         0.02    0.13% lucky
c   =================================
c        12.16   96.69% solve
c 
c last line shows process time for solving
c (percentage relative to total process time)
c 
c --- [ statistics ] ---------------------------------------------------------
c 
c backtracked:               69526       390.57 %  of conflicts
c chronological:              7192        10.34 %  of backtracks
c conflicts:                 17801      1464.38    per second
c decisions:                 76506      6293.68    per second
c eliminated:               229879        88.47 %  of all variables
c fixed:                      6631         2.55 %  of all variables
c learned:                   16674        93.67 %  per conflict
c minimized:                161574        26.89 %  learned literals
c propagations:           18559630         1.53 M  per second
c reduced:                    5253        29.51 %  per conflict
c rephased:                      5      3560.20    interval
c restarts:                    863        20.63    interval
c substituted:                 201         0.08 %  of all variables
c subsumed:                  14362         0.46 %  of all clauses
c strengthened:              21764         0.70 %  of all clauses
c ternary:                    5054         0.38 %  of resolved
c vivified:                   5386         0.17 %  of all clauses
c weakened:                 832478         2.88    average size
c 
c seconds are measured in process time for solving
c 
c --- [ resources ] ----------------------------------------------------------
c 
c total process time since initialization:        12.57    seconds
c total real time since initialization:           12.57    seconds
c maximum resident set size of process:          205.03    MB
c 
c --- [ shutting down ] ------------------------------------------------------
c 
c exit 20
