c --- [ banner ] -------------------------------------------------------------
c 
c CaDiCaL Radically Simplified CDCL SAT Solver
c Copyright (c) 2016-2019 Armin Biere, JKU Linz
c 
c Version 1.0.3 cb89cbfa16f47cb7bf1ec6ad9855e7b6d5203c18
c g++ (GCC) 6.3.0 -Wall -Wextra -O3 -DNDEBUG
c Fri Aug 23 08:17:16 CDT 2019 Linux login1 4.4.103-6.38-default x86_64
c 
c --- [ config ] -------------------------------------------------------------
c 
c using 'unsat' configuration (target unsatisfiable instances)
c 
c --- [ proof tracing ] ------------------------------------------------------
c 
c opening file to write '/tmp/0_1228_0_four.drat'
c writing binary proof trace to '/tmp/0_1228_0_four.drat'
c 
c --- [ parsing input ] ------------------------------------------------------
c 
c reading DIMACS file from '/tmp/0_1228_0_four.cnf'
c opening file to read '/tmp/0_1228_0_four.cnf'
c found 'p cnf 259840 1039934' header
c parsed 1039934 clauses in 0.46 seconds process time
c 
c --- [ options ] ------------------------------------------------------------
c 
c   --stabilize=false              (different from default 'true')
c   --walk=false                   (different from default 'true')
c 
c --- [ solving ] ------------------------------------------------------------
c 
c time measured in process time since initialization
c 
c  seconds   reductions  redundant   irredundant
c          MB    restarts       trail        variables
c           level   conflicts       glue           remaining
c 
c *  0.48 139  0 0   0    0    0  0% 0 1039424 253382 98%
c {  0.49 142  0 0   0    0    0  0% 0 1039424 253382 98%
c -  0.78 149 321 1  15  300  190  6% 5 916022 253382 98%
c I  1.32 149 99 1 109 1003  813  8% 8 916022 253382 98%
c -  1.82 180 71 2 149 1478 1176  7% 8 916022 253382 98%
c i  2.27 180 55 2 192 2050 1686  7% 8 916022 252701 97%
c B  2.87 180 45 2 273 3005 2508  7% 8 916022 252701 97%
c -  3.29 180 44 3 289 3243 2142  7% 8 907013 252701 97%
c s  4.97 207 38 3 328 4073 2792  8% 8 907013 252701 97%
c v  6.28 207 38 3 328 4073 2792  8% 8 906993 252701 97%
c w  6.68 207 38 3 328 4073 2769  8% 8 906993 251811 97%
c t  6.76 207 38 3 328 4073 2769  8% 8 906479 251811 97%
c e  9.66 204 38 3 328 4073   42  8% 8 218620 27253 10%
c s  9.93 210 38 3 328 4073   40  8% 8 218390 27253 10%
c e 10.30 160 38 3 328 4073   37  8% 8 218386 27205 10%
c i 10.52 160 37 3 341 4370  278  4% 8 218386 27166 10%
c d 10.58 160 35 3 381 5006  767  5% 8 216414 27164 10%
c d 10.61 160 35 3 381 5006  767  5% 8 216216 27068 10%
c 3 10.66 160 35 3 381 5006 3500  5% 8 216216 27068 10%
c 3 10.67 160 35 3 381 5006 3610  5% 8 216216 27068 10%
c 
c  seconds   reductions  redundant  irredundant
c          MB    restarts       trail       variables
c           level   conflicts       glue         remaining
c 
c d 10.73 160 35 3 381 5006 3604  5% 8 216216 27067 10%
c 2 10.76 160 35 3 381 5006 3602  5% 8 216205 27067 10%
c p 10.90 160 35 3 381 5006 5241  5% 8 216205 27057 10%
c i 10.94 160 34 3 381 5211 5398  4% 8 216205 27034 10%
c i 10.94 160 34 3 381 5215 5400  4% 8 216205 27022 10%
c } 10.94 160 34 3 381 5256 5428  4% 8 216205 27001 10%
c 0 10.94 160 34 3 381 5256 5428  4% 8 216205 27001 10%
c 
c --- [ result ] -------------------------------------------------------------
c 
s UNSATISFIABLE
c 
c --- [ run-time profiling ] -------------------------------------------------
c 
c process time taken by individual solving procedures
c (percentage relative to process time for solving)
c 
c         6.15   58.68% simplify
c         4.31   41.13% search
c         4.30   40.98% unstable
c         3.16   30.10% elim
c         1.57   14.96% vivify
c         1.00    9.50% subsume
c         0.14    1.30% probe
c         0.10    0.92% ternary
c         0.02    0.15% lucky
c   =================================
c        10.48   95.83% solve
c 
c last line shows process time for solving
c (percentage relative to total process time)
c 
c --- [ statistics ] ---------------------------------------------------------
c 
c backtracked:               21329       405.80 %  of conflicts
c chronological:              2064         9.68 %  of backtracks
c conflicts:                  5256       501.34    per second
c decisions:                 25758      2456.89    per second
c eliminated:               224606        86.44 %  of all variables
c fixed:                      8134         3.13 %  of all variables
c learned:                    4797        91.27 %  per conflict
c minimized:                 44250        26.90 %  learned literals
c propagations:           12673558         1.21 M  per second
c reduced:                     583        11.09 %  per conflict
c rephased:                      2      2628.00    interval
c restarts:                    381        13.80    interval
c substituted:                  99         0.04 %  of all variables
c subsumed:                   5853         0.19 %  of all clauses
c strengthened:              15120         0.50 %  of all clauses
c ternary:                    3339         0.32 %  of resolved
c vivified:                    121         0.00 %  of all clauses
c weakened:                 786932         2.83    average size
c 
c seconds are measured in process time for solving
c 
c --- [ resources ] ----------------------------------------------------------
c 
c total process time since initialization:        10.94    seconds
c total real time since initialization:           10.94    seconds
c maximum resident set size of process:          210.39    MB
c 
c --- [ shutting down ] ------------------------------------------------------
c 
c exit 20
