c --- [ banner ] -------------------------------------------------------------
c 
c CaDiCaL Radically Simplified CDCL SAT Solver
c Copyright (c) 2016-2019 Armin Biere, JKU Linz
c 
c Version 1.0.3 cb89cbfa16f47cb7bf1ec6ad9855e7b6d5203c18
c g++ (GCC) 6.3.0 -Wall -Wextra -O3 -DNDEBUG
c Fri Aug 23 08:17:16 CDT 2019 Linux login1 4.4.103-6.38-default x86_64
c 
c --- [ config ] -------------------------------------------------------------
c 
c using 'unsat' configuration (target unsatisfiable instances)
c 
c --- [ proof tracing ] ------------------------------------------------------
c 
c opening file to write '/tmp/0_405_0_four.drat'
c writing binary proof trace to '/tmp/0_405_0_four.drat'
c 
c --- [ parsing input ] ------------------------------------------------------
c 
c reading DIMACS file from '/tmp/0_405_0_four.cnf'
c opening file to read '/tmp/0_405_0_four.cnf'
c found 'p cnf 259840 1039934' header
c parsed 1039934 clauses in 0.73 seconds process time
c 
c --- [ options ] ------------------------------------------------------------
c 
c   --stabilize=false              (different from default 'true')
c   --walk=false                   (different from default 'true')
c 
c --- [ solving ] ------------------------------------------------------------
c 
c time measured in process time since initialization
c 
c  seconds   reductions  redundant   irredundant
c          MB    restarts       trail        variables
c           level   conflicts       glue           remaining
c 
c *  0.76 139  0 0   0    0    0  0% 0 1039424 252848 97%
c {  0.79 142  0 0   0    0    0  0% 0 1039424 252848 97%
c -  1.05 148 309 1  16  302  192  6% 5 909659 252848 97%
c I  1.37 148 90 1 123 1002  785  5% 8 909659 252848 97%
c -  2.05 179 72 2 153 1477 1160  7% 8 909659 252848 97%
c B  2.89 179 48 2 244 3005 2463  8% 8 909659 252848 97%
c -  3.25 179 46 3 247 3239 2114  8% 8 909659 252848 97%
c }  3.54 179 41 3 277 3967 2694  8% 8 909659 250908 97%
c 0  3.54 179 41 3 277 3967 2694  8% 8 909659 250908 97%
c 
c --- [ result ] -------------------------------------------------------------
c 
s UNSATISFIABLE
c 
c --- [ run-time profiling ] -------------------------------------------------
c 
c process time taken by individual solving procedures
c (percentage relative to process time for solving)
c 
c         2.78   99.00% search
c         2.76   98.01% unstable
c         0.03    1.00% lucky
c         0.00    0.00% simplify
c   =================================
c         2.81   79.35% solve
c 
c last line shows process time for solving
c (percentage relative to total process time)
c 
c --- [ statistics ] ---------------------------------------------------------
c 
c backtracked:                4854       122.36 %  of conflicts
c chronological:              1664        34.28 %  of backtracks
c conflicts:                  3967      1410.74    per second
c decisions:                 19023      6764.94    per second
c fixed:                      8932         3.44 %  of all variables
c learned:                    3548        89.44 %  per conflict
c minimized:                 31517        26.06 %  learned literals
c propagations:            8552687         3.04 M  per second
c reduced:                     579        14.60 %  per conflict
c rephased:                      2      1983.50    interval
c restarts:                    277        14.32    interval
c subsumed:                    274         0.01 %  of all clauses
c 
c seconds are measured in process time for solving
c 
c --- [ resources ] ----------------------------------------------------------
c 
c total process time since initialization:         3.54    seconds
c total real time since initialization:            3.55    seconds
c maximum resident set size of process:          202.53    MB
c 
c --- [ shutting down ] ------------------------------------------------------
c 
c exit 20
