c --- [ banner ] -------------------------------------------------------------
c 
c CaDiCaL Radically Simplified CDCL SAT Solver
c Copyright (c) 2016-2019 Armin Biere, JKU Linz
c 
c Version 1.0.3 cb89cbfa16f47cb7bf1ec6ad9855e7b6d5203c18
c g++ (GCC) 6.3.0 -Wall -Wextra -O3 -DNDEBUG
c Fri Aug 23 08:17:16 CDT 2019 Linux login1 4.4.103-6.38-default x86_64
c 
c --- [ config ] -------------------------------------------------------------
c 
c using 'unsat' configuration (target unsatisfiable instances)
c 
c --- [ proof tracing ] ------------------------------------------------------
c 
c opening file to write '/tmp/0_76_0_four.drat'
c writing binary proof trace to '/tmp/0_76_0_four.drat'
c 
c --- [ parsing input ] ------------------------------------------------------
c 
c reading DIMACS file from '/tmp/0_76_0_four.cnf'
c opening file to read '/tmp/0_76_0_four.cnf'
c found 'p cnf 259840 1039934' header
c parsed 1039934 clauses in 0.43 seconds process time
c 
c --- [ options ] ------------------------------------------------------------
c 
c   --stabilize=false              (different from default 'true')
c   --walk=false                   (different from default 'true')
c 
c --- [ solving ] ------------------------------------------------------------
c 
c time measured in process time since initialization
c 
c  seconds   reductions  redundant   irredundant
c          MB    restarts       trail        variables
c           level   conflicts       glue           remaining
c 
c *  0.45 139  0 0   0    0    0  0% 0 1039424 252966 97%
c {  0.46 141  0 0   0    0    0  0% 0 1039424 252966 97%
c -  0.70 147 295 1  17  300  192  5% 5 911748 252966 97%
c I  1.21 147 88 1 126 1014  818  7% 8 911748 252966 97%
c -  1.82 177 69 2 173 1475 1183  7% 8 911748 252966 97%
c i  1.93 178 60 2 179 1751 1402  7% 8 911748 249524 96%
c i  1.94 178 58 2 179 1775 1417  7% 8 911748 248695 96%
c }  1.94 178 58 2 179 1777 1417  7% 8 911748 246023 95%
c 0  1.94 178 58 2 179 1777 1417  7% 8 911748 246023 95%
c 
c --- [ result ] -------------------------------------------------------------
c 
s UNSATISFIABLE
c 
c --- [ run-time profiling ] -------------------------------------------------
c 
c process time taken by individual solving procedures
c (percentage relative to process time for solving)
c 
c         1.49   98.67% search
c         1.48   97.88% unstable
c         0.01    0.80% lucky
c         0.00    0.00% simplify
c   =================================
c         1.51   77.89% solve
c 
c last line shows process time for solving
c (percentage relative to total process time)
c 
c --- [ statistics ] ---------------------------------------------------------
c 
c backtracked:                2254       126.84 %  of conflicts
c chronological:               824        36.56 %  of backtracks
c conflicts:                  1777      1178.38    per second
c decisions:                 12583      8344.16    per second
c fixed:                     13817         5.32 %  of all variables
c learned:                    1608        90.49 %  per conflict
c minimized:                  8093        18.76 %  learned literals
c propagations:            3850359         2.55 M  per second
c reduced:                      31         1.74 %  per conflict
c rephased:                      1      1777.00    interval
c restarts:                    179         9.93    interval
c subsumed:                    157         0.01 %  of all clauses
c 
c seconds are measured in process time for solving
c 
c --- [ resources ] ----------------------------------------------------------
c 
c total process time since initialization:         1.94    seconds
c total real time since initialization:            1.94    seconds
c maximum resident set size of process:          177.50    MB
c 
c --- [ shutting down ] ------------------------------------------------------
c 
c exit 20
