c --- [ banner ] -------------------------------------------------------------
c 
c CaDiCaL Radically Simplified CDCL SAT Solver
c Copyright (c) 2016-2019 Armin Biere, JKU Linz
c 
c Version 1.0.3 cb89cbfa16f47cb7bf1ec6ad9855e7b6d5203c18
c g++ (GCC) 6.3.0 -Wall -Wextra -O3 -DNDEBUG
c Fri Aug 23 08:17:16 CDT 2019 Linux login1 4.4.103-6.38-default x86_64
c 
c --- [ config ] -------------------------------------------------------------
c 
c using 'unsat' configuration (target unsatisfiable instances)
c 
c --- [ proof tracing ] ------------------------------------------------------
c 
c opening file to write '/tmp/60_282_0_three.drat'
c writing binary proof trace to '/tmp/60_282_0_three.drat'
c 
c --- [ parsing input ] ------------------------------------------------------
c 
c reading DIMACS file from '/tmp/60_282_0_three.cnf'
c opening file to read '/tmp/60_282_0_three.cnf'
c found 'p cnf 39424 200372' header
c parsed 200372 clauses in 0.07 seconds process time
c 
c --- [ options ] ------------------------------------------------------------
c 
c   --stabilize=false              (different from default 'true')
c   --walk=false                   (different from default 'true')
c 
c --- [ solving ] ------------------------------------------------------------
c 
c time measured in process time since initialization
c 
c  seconds  reductions  redundant  irredundant
c         MB    restarts       trail       variables
c          level   conflicts       glue         remaining
c 
c *  0.07 26  0 0   0    0    0  0% 0 183870 38298 97%
c {  0.07 27  0 0   0    0    0  0% 0 183870 38298 97%
c -  0.11 28 67 1  11  305  250 11% 9 178434 38298 97%
c I  0.14 29 55 1  34 1003  847  8% 8 178434 38298 97%
c -  0.17 35 55 2  34 1055  756  9% 8 178434 38298 97%
c -  0.26 35 41 3  97 2181 1322  8% 8 178434 38298 97%
c i  0.30 35 38 3 137 2947 2009  8% 8 178434 38252 97%
c i  0.30 35 37 3 137 2951 2012  8% 8 178434 38246 97%
c B  0.31 35 37 3 137 3005 2060  8% 8 178434 38246 97%
c i  0.31 35 37 3 137 3017 2069  8% 8 178434 37915 96%
c i  0.31 35 37 3 137 3018 2069  8% 8 178434 37779 96%
c }  0.32 35 36 3 137 3119 2161  8% 7 178434 37622 95%
c 0  0.32 35 36 3 137 3119 2161  8% 7 178434 37622 95%
c 
c --- [ result ] -------------------------------------------------------------
c 
s UNSATISFIABLE
c 
c --- [ run-time profiling ] -------------------------------------------------
c 
c process time taken by individual solving procedures
c (percentage relative to process time for solving)
c 
c         0.24  100.00% search
c         0.24  100.00% unstable
c         0.00    0.00% simplify
c   =================================
c         0.24   77.22% solve
c 
c last line shows process time for solving
c (percentage relative to total process time)
c 
c --- [ statistics ] ---------------------------------------------------------
c 
c backtracked:                3863       123.85 %  of conflicts
c chronological:              1451        37.56 %  of backtracks
c conflicts:                  3119     12782.79    per second
c decisions:                 15376     63016.39    per second
c fixed:                      1802         4.57 %  of all variables
c learned:                    2846        91.25 %  per conflict
c minimized:                 24288        25.90 %  learned literals
c propagations:            1140026         4.67 M  per second
c reduced:                     535        17.15 %  per conflict
c rephased:                      2      1559.50    interval
c restarts:                    137        22.77    interval
c subsumed:                    145         0.04 %  of all clauses
c 
c seconds are measured in process time for solving
c 
c --- [ resources ] ----------------------------------------------------------
c 
c total process time since initialization:         0.32    seconds
c total real time since initialization:            0.32    seconds
c maximum resident set size of process:           39.46    MB
c 
c --- [ shutting down ] ------------------------------------------------------
c 
c exit 20
