c --- [ banner ] -------------------------------------------------------------
c 
c CaDiCaL Radically Simplified CDCL SAT Solver
c Copyright (c) 2016-2019 Armin Biere, JKU Linz
c 
c Version 1.0.3 cb89cbfa16f47cb7bf1ec6ad9855e7b6d5203c18
c g++ (GCC) 6.3.0 -Wall -Wextra -O3 -DNDEBUG
c Fri Aug 23 08:17:16 CDT 2019 Linux login1 4.4.103-6.38-default x86_64
c 
c --- [ config ] -------------------------------------------------------------
c 
c using 'unsat' configuration (target unsatisfiable instances)
c 
c --- [ proof tracing ] ------------------------------------------------------
c 
c opening file to write '/tmp/60_625_0_three.drat'
c writing binary proof trace to '/tmp/60_625_0_three.drat'
c 
c --- [ parsing input ] ------------------------------------------------------
c 
c reading DIMACS file from '/tmp/60_625_0_three.cnf'
c opening file to read '/tmp/60_625_0_three.cnf'
c found 'p cnf 39424 200372' header
c parsed 200372 clauses in 0.14 seconds process time
c 
c --- [ options ] ------------------------------------------------------------
c 
c   --stabilize=false              (different from default 'true')
c   --walk=false                   (different from default 'true')
c 
c --- [ solving ] ------------------------------------------------------------
c 
c time measured in process time since initialization
c 
c  seconds  reductions  redundant  irredundant
c         MB    restarts       trail       variables
c          level   conflicts       glue         remaining
c 
c *  0.14 26  0 0   0    0    0  0% 0 183869 38243 97%
c {  0.14 27  0 0   0    0    0  0% 0 183869 38243 97%
c -  0.18 27 45 1  13  305  215  6% 5 177145 38243 97%
c I  0.23 29 32 1  68 1009  821  7% 6 177145 38243 97%
c i  0.23 29 32 1  68 1012  823  7% 6 177145 38211 97%
c -  0.29 34 32 2  68 1054  765  7% 6 176551 38211 97%
c i  0.30 35 35 2  90 1210  905  7% 7 176551 38195 97%
c i  0.30 35 34 2  91 1229  909  7% 7 176551 38140 97%
c }  0.32 35 32 2  91 1459 1099  7% 6 176551 38124 97%
c 0  0.32 35 32 2  91 1459 1099  7% 6 176551 38124 97%
c 
c --- [ result ] -------------------------------------------------------------
c 
s UNSATISFIABLE
c 
c --- [ run-time profiling ] -------------------------------------------------
c 
c process time taken by individual solving procedures
c (percentage relative to process time for solving)
c 
c         0.18  100.00% search
c         0.18   97.83% unstable
c         0.00    2.17% lucky
c         0.00    0.00% simplify
c   =================================
c         0.18   57.50% solve
c 
c last line shows process time for solving
c (percentage relative to total process time)
c 
c --- [ statistics ] ---------------------------------------------------------
c 
c backtracked:                1812       124.19 %  of conflicts
c chronological:               662        36.53 %  of backtracks
c conflicts:                  1459      7929.35    per second
c decisions:                  8213     44635.87    per second
c fixed:                      1300         3.30 %  of all variables
c learned:                    1272        87.18 %  per conflict
c minimized:                  9041        27.79 %  learned literals
c propagations:             426403         2.32 M  per second
c reduced:                      80         5.48 %  per conflict
c rephased:                      1      1459.00    interval
c restarts:                     91        16.03    interval
c subsumed:                     82         0.02 %  of all clauses
c 
c seconds are measured in process time for solving
c 
c --- [ resources ] ----------------------------------------------------------
c 
c total process time since initialization:         0.32    seconds
c total real time since initialization:            0.32    seconds
c maximum resident set size of process:           34.52    MB
c 
c --- [ shutting down ] ------------------------------------------------------
c 
c exit 20
