c --- [ banner ] -------------------------------------------------------------
c 
c CaDiCaL Radically Simplified CDCL SAT Solver
c Copyright (c) 2016-2019 Armin Biere, JKU Linz
c 
c Version 1.0.3 cb89cbfa16f47cb7bf1ec6ad9855e7b6d5203c18
c g++ (GCC) 6.3.0 -Wall -Wextra -O3 -DNDEBUG
c Fri Aug 23 08:17:16 CDT 2019 Linux login1 4.4.103-6.38-default x86_64
c 
c --- [ config ] -------------------------------------------------------------
c 
c using 'unsat' configuration (target unsatisfiable instances)
c 
c --- [ proof tracing ] ------------------------------------------------------
c 
c opening file to write '/tmp/60_730_0_three.drat'
c writing binary proof trace to '/tmp/60_730_0_three.drat'
c 
c --- [ parsing input ] ------------------------------------------------------
c 
c reading DIMACS file from '/tmp/60_730_0_three.cnf'
c opening file to read '/tmp/60_730_0_three.cnf'
c found 'p cnf 39424 200372' header
c parsed 200372 clauses in 0.08 seconds process time
c 
c --- [ options ] ------------------------------------------------------------
c 
c   --stabilize=false              (different from default 'true')
c   --walk=false                   (different from default 'true')
c 
c --- [ solving ] ------------------------------------------------------------
c 
c time measured in process time since initialization
c 
c  seconds  reductions  redundant  irredundant
c         MB    restarts       trail       variables
c          level   conflicts       glue         remaining
c 
c *  0.08 26  0 0   0    0    0  0% 0 183869 38204 97%
c {  0.08 27  0 0   0    0    0  0% 0 183869 38204 97%
c i  0.08 27 81 0   0   43   31  6% 3 183869 38184 97%
c i  0.08 27 45 0   0   81   60  5% 3 183869 38153 97%
c i  0.08 27 45 0   0   82   60  5% 3 183869 38129 97%
c -  0.11 28 31 1  44  301  218  6% 6 174831 38129 97%
c I  0.16 29 36 1  96 1002  830 10% 7 174831 38129 97%
c i  0.16 29 36 1  96 1003  830 10% 7 174831 38045 97%
c -  0.20 34 37 2  96 1046  792 10% 7 172949 38031 96%
c i  0.23 34 30 2  96 1526 1186  9% 7 172949 38023 96%
c i  0.23 34 29 2  96 1603 1245  9% 7 172949 38017 96%
c i  0.23 34 29 2  96 1609 1249  9% 7 172949 37634 95%
c }  0.23 34 29 2  96 1617 1253  9% 7 172949 37217 94%
c 0  0.23 34 29 2  96 1617 1253  9% 7 172949 37217 94%
c 
c --- [ result ] -------------------------------------------------------------
c 
s UNSATISFIABLE
c 
c --- [ run-time profiling ] -------------------------------------------------
c 
c process time taken by individual solving procedures
c (percentage relative to process time for solving)
c 
c         0.16  100.00% search
c         0.16  100.00% unstable
c         0.00    0.00% simplify
c   =================================
c         0.16   67.24% solve
c 
c last line shows process time for solving
c (percentage relative to total process time)
c 
c --- [ statistics ] ---------------------------------------------------------
c 
c backtracked:                2038       126.04 %  of conflicts
c chronological:               771        37.83 %  of backtracks
c conflicts:                  1617     10365.38    per second
c decisions:                  8303     53224.36    per second
c fixed:                      2207         5.60 %  of all variables
c learned:                    1478        91.40 %  per conflict
c minimized:                 12605        29.88 %  learned literals
c propagations:             644440         4.13 M  per second
c reduced:                      72         4.45 %  per conflict
c rephased:                      1      1617.00    interval
c restarts:                     96        16.84    interval
c subsumed:                    129         0.03 %  of all clauses
c 
c seconds are measured in process time for solving
c 
c --- [ resources ] ----------------------------------------------------------
c 
c total process time since initialization:         0.23    seconds
c total real time since initialization:            0.23    seconds
c maximum resident set size of process:           34.16    MB
c 
c --- [ shutting down ] ------------------------------------------------------
c 
c exit 20
