c --- [ banner ] -------------------------------------------------------------
c 
c CaDiCaL Radically Simplified CDCL SAT Solver
c Copyright (c) 2016-2019 Armin Biere, JKU Linz
c 
c Version 1.0.3 cb89cbfa16f47cb7bf1ec6ad9855e7b6d5203c18
c g++ (GCC) 6.3.0 -Wall -Wextra -O3 -DNDEBUG
c Fri Aug 23 08:17:16 CDT 2019 Linux login1 4.4.103-6.38-default x86_64
c 
c --- [ config ] -------------------------------------------------------------
c 
c using 'unsat' configuration (target unsatisfiable instances)
c 
c --- [ proof tracing ] ------------------------------------------------------
c 
c opening file to write '/tmp/76_1049_0_four.drat'
c writing binary proof trace to '/tmp/76_1049_0_four.drat'
c 
c --- [ parsing input ] ------------------------------------------------------
c 
c reading DIMACS file from '/tmp/76_1049_0_four.cnf'
c opening file to read '/tmp/76_1049_0_four.cnf'
c found 'p cnf 259840 1039929' header
c parsed 1039929 clauses in 0.59 seconds process time
c 
c --- [ options ] ------------------------------------------------------------
c 
c   --stabilize=false              (different from default 'true')
c   --walk=false                   (different from default 'true')
c 
c --- [ solving ] ------------------------------------------------------------
c 
c time measured in process time since initialization
c 
c  seconds   reductions  redundant   irredundant
c          MB    restarts       trail        variables
c           level   conflicts       glue           remaining
c 
c *  0.61 139  0 0   0    0    0  0% 0 1039424 253442 98%
c {  0.63 141  0 0   0    0    0  0% 0 1039424 253442 98%
c -  0.84 146 290 1  15  300  194  5% 5 916059 253442 98%
c I  1.32 146 80 1 133 1007  844  6% 8 916059 253442 98%
c -  1.90 177 62 2 157 1477 1217  7% 8 916059 253442 98%
c B  2.64 177 39 2 257 3012 2546  7% 8 916059 253442 98%
c -  3.01 177 38 3 278 3244 2258  7% 8 916059 253442 98%
c i  3.37 177 35 3 342 3884 2820  7% 8 916059 253408 98%
c i  3.37 177 35 3 342 3885 2820  7% 8 916059 253378 98%
c s  4.12 159 35 3 357 4073 2939  7% 8 916059 253378 98%
c v  5.34 182 35 3 357 4073 2939  7% 8 916037 253378 98%
c w  5.65 182 35 3 357 4073 2928  7% 8 916037 253378 98%
c t  5.71 182 35 3 357 4073 2928  7% 8 915523 253043 97%
c e  8.64 198 35 3 357 4073   22  7% 8 224667 27819 11%
c s  8.96 198 35 3 357 4073   21  7% 8 224492 27819 11%
c e  9.39 198 35 3 357 4073   20  7% 8 224489 27780 11%
c i  9.68 198 33 3 375 4450  343  5% 8 224489 27731 11%
c i  9.73 198 32 3 375 4836  663  7% 8 224489 27501 11%
c }  9.73 198 32 3 375 4838  663  7% 8 224489 27347 11%
c 0  9.73 198 32 3 375 4838  663  7% 8 224489 27347 11%
c 
c --- [ result ] -------------------------------------------------------------
c 
s UNSATISFIABLE
c 
c --- [ run-time profiling ] -------------------------------------------------
c 
c process time taken by individual solving procedures
c (percentage relative to process time for solving)
c 
c         5.64   61.71% simplify
c         3.48   38.07% search
c         3.46   37.90% unstable
c         3.29   35.97% elim
c         1.38   15.14% vivify
c         0.91    9.93% subsume
c         0.02    0.18% lucky
c   =================================
c         9.14   93.92% solve
c 
c last line shows process time for solving
c (percentage relative to total process time)
c 
c --- [ statistics ] ---------------------------------------------------------
c 
c backtracked:               11543       238.59 %  of conflicts
c chronological:              1906        16.51 %  of backtracks
c conflicts:                  4838       529.32    per second
c decisions:                 21386      2339.82    per second
c eliminated:               225263        86.69 %  of all variables
c fixed:                      7230         2.78 %  of all variables
c learned:                    4503        93.08 %  per conflict
c minimized:                 45817        27.70 %  learned literals
c propagations:           12498661         1.37 M  per second
c reduced:                     537        11.10 %  per conflict
c rephased:                      2      2419.00    interval
c restarts:                    375        12.90    interval
c subsumed:                   6014         0.20 %  of all clauses
c strengthened:              15781         0.52 %  of all clauses
c vivified:                    113         0.00 %  of all clauses
c weakened:                 798321         2.84    average size
c 
c seconds are measured in process time for solving
c 
c --- [ resources ] ----------------------------------------------------------
c 
c total process time since initialization:         9.73    seconds
c total real time since initialization:            9.73    seconds
c maximum resident set size of process:          208.49    MB
c 
c --- [ shutting down ] ------------------------------------------------------
c 
c exit 20
