c --- [ banner ] -------------------------------------------------------------
c 
c CaDiCaL Radically Simplified CDCL SAT Solver
c Copyright (c) 2016-2019 Armin Biere, JKU Linz
c 
c Version 1.0.3 cb89cbfa16f47cb7bf1ec6ad9855e7b6d5203c18
c g++ (GCC) 6.3.0 -Wall -Wextra -O3 -DNDEBUG
c Fri Aug 23 08:17:16 CDT 2019 Linux login1 4.4.103-6.38-default x86_64
c 
c --- [ config ] -------------------------------------------------------------
c 
c using 'unsat' configuration (target unsatisfiable instances)
c 
c --- [ proof tracing ] ------------------------------------------------------
c 
c opening file to write '/tmp/76_125_0_four.drat'
c writing binary proof trace to '/tmp/76_125_0_four.drat'
c 
c --- [ parsing input ] ------------------------------------------------------
c 
c reading DIMACS file from '/tmp/76_125_0_four.cnf'
c opening file to read '/tmp/76_125_0_four.cnf'
c found 'p cnf 259840 1039929' header
c parsed 1039929 clauses in 0.52 seconds process time
c 
c --- [ options ] ------------------------------------------------------------
c 
c   --stabilize=false              (different from default 'true')
c   --walk=false                   (different from default 'true')
c 
c --- [ solving ] ------------------------------------------------------------
c 
c time measured in process time since initialization
c 
c  seconds   reductions  redundant   irredundant
c          MB    restarts       trail        variables
c           level   conflicts       glue           remaining
c 
c *  0.54 139  0 0   0    0    0  0% 0 1039424 253215 97%
c {  0.56 142  0 0   0    0    0  0% 0 1039424 253215 97%
c -  0.70 144 382 1   0  300  162  5% 3 913912 253215 97%
c I  1.18 144 101 1 134 1004  790  6% 8 913912 253215 97%
c -  1.69 174 73 2 176 1476 1201  7% 8 913912 253215 97%
c B  2.72 175 45 2 304 3006 2526  8% 8 913912 253215 97%
c -  3.15 175 43 3 312 3240 2201  8% 8 913912 253215 97%
c i  3.30 175 40 3 312 3451 2376  8% 8 913912 253171 97%
c i  3.30 175 40 3 312 3456 2378  8% 8 913912 251088 97%
c i  3.30 175 40 3 312 3457 2378  8% 8 913912 248959 96%
c i  3.30 175 40 3 312 3458 2378  8% 8 913912 248617 96%
c i  3.30 175 40 3 312 3459 2378  8% 8 913912 245982 95%
c i  3.30 175 40 3 312 3461 2379  8% 8 913912 244847 94%
c i  3.30 175 40 3 312 3466 2383  8% 8 913912 243786 94%
c }  3.33 175 40 3 312 3514 2418  8% 8 913912 239691 92%
c 0  3.33 175 40 3 312 3514 2418  8% 8 913912 239691 92%
c 
c --- [ result ] -------------------------------------------------------------
c 
s UNSATISFIABLE
c 
c --- [ run-time profiling ] -------------------------------------------------
c 
c process time taken by individual solving procedures
c (percentage relative to process time for solving)
c 
c         2.78   99.43% search
c         2.76   98.71% unstable
c         0.02    0.71% lucky
c         0.00    0.00% simplify
c   =================================
c         2.80   84.13% solve
c 
c last line shows process time for solving
c (percentage relative to total process time)
c 
c --- [ statistics ] ---------------------------------------------------------
c 
c backtracked:                4391       124.96 %  of conflicts
c chronological:              1536        34.98 %  of backtracks
c conflicts:                  3514      1255.00    per second
c decisions:                 18994      6783.57    per second
c fixed:                     20149         7.75 %  of all variables
c learned:                    3235        92.06 %  per conflict
c minimized:                 23981        23.72 %  learned literals
c propagations:            9083616         3.24 M  per second
c reduced:                     531        15.11 %  per conflict
c rephased:                      2      1757.00    interval
c restarts:                    312        11.26    interval
c subsumed:                    277         0.01 %  of all clauses
c 
c seconds are measured in process time for solving
c 
c --- [ resources ] ----------------------------------------------------------
c 
c total process time since initialization:         3.33    seconds
c total real time since initialization:            3.33    seconds
c maximum resident set size of process:          198.24    MB
c 
c --- [ shutting down ] ------------------------------------------------------
c 
c exit 20
