c --- [ banner ] -------------------------------------------------------------
c 
c CaDiCaL Radically Simplified CDCL SAT Solver
c Copyright (c) 2016-2019 Armin Biere, JKU Linz
c 
c Version 1.0.3 cb89cbfa16f47cb7bf1ec6ad9855e7b6d5203c18
c g++ (GCC) 6.3.0 -Wall -Wextra -O3 -DNDEBUG
c Fri Aug 23 08:17:16 CDT 2019 Linux login1 4.4.103-6.38-default x86_64
c 
c --- [ config ] -------------------------------------------------------------
c 
c using 'unsat' configuration (target unsatisfiable instances)
c 
c --- [ proof tracing ] ------------------------------------------------------
c 
c opening file to write '/tmp/76_1025_0_four.drat'
c writing binary proof trace to '/tmp/76_1025_0_four.drat'
c 
c --- [ parsing input ] ------------------------------------------------------
c 
c reading DIMACS file from '/tmp/76_1025_0_four.cnf'
c opening file to read '/tmp/76_1025_0_four.cnf'
c found 'p cnf 259840 1039929' header
c parsed 1039929 clauses in 0.48 seconds process time
c 
c --- [ options ] ------------------------------------------------------------
c 
c   --stabilize=false              (different from default 'true')
c   --walk=false                   (different from default 'true')
c 
c --- [ solving ] ------------------------------------------------------------
c 
c time measured in process time since initialization
c 
c  seconds   reductions  redundant   irredundant
c          MB    restarts       trail        variables
c           level   conflicts       glue           remaining
c 
c *  0.50 139  0 0   0    0    0  0% 0 1039424 253444 98%
c {  0.52 142  0 0   0    0    0  0% 0 1039424 253444 98%
c -  0.72 147 290 1  15  300  194  5% 5 916063 253444 98%
c I  1.04 147 85 1 102 1002  775  7% 7 916063 253444 98%
c -  1.62 177 63 2 184 1479 1166  7% 8 916063 253444 98%
c B  2.36 178 40 2 366 3003 2492  7% 9 916063 253444 98%
c -  2.68 178 38 3 366 3244 2198  7% 9 916063 253444 98%
c s  3.77 159 33 3 372 4073 2913  7% 8 916063 253444 98%
c w  5.27 191 33 3 372 4073 2910  7% 8 916063 253414 98%
c t  5.33 191 33 3 372 4073 2910  7% 8 915597 253414 98%
c e  7.98 202 33 3 372 4073   39  7% 8 226604 27975 11%
c s  8.23 202 33 3 372 4073   39  7% 8 226421 27975 11%
c e  8.52 150 33 3 372 4073   39  7% 8 226421 27919 11%
c 3  8.82 158 29 3 397 5004 3520  5% 8 226421 27919 11%
c 3  8.83 158 29 3 397 5004 3712  5% 8 226421 27919 11%
c d  8.88 158 29 3 397 5004 3664  5% 8 226421 27913 11%
c 2  8.90 158 29 3 397 5004 3652  5% 8 226421 27913 11%
c p  8.98 158 29 3 397 5004 5974  5% 8 226421 27911 11%
c -  9.10 158 29 4 432 5600 1536  5% 8 226152 27911 11%
c F  9.14 158 28 4 452 6008 1878  5% 8 226152 27911 11%
c 
c  seconds   reductions  redundant  irredundant
c          MB    restarts       trail       variables
c           level   conflicts       glue         remaining
c 
c i  9.20 158 26 4 469 6709 2494  5% 8 226152 27898 11%
c i  9.20 158 26 4 469 6772 2529  5% 8 226152 27877 11%
c i  9.20 158 26 4 469 6773 2529  5% 8 226152 27707 11%
c i  9.20 158 26 4 469 6774 2529  5% 8 226152 27663 11%
c }  9.21 158 26 4 469 6781 2533  5% 8 226152 27595 11%
c 0  9.21 158 26 4 469 6781 2533  5% 8 226152 27595 11%
c 
c --- [ result ] -------------------------------------------------------------
c 
s UNSATISFIABLE
c 
c --- [ run-time profiling ] -------------------------------------------------
c 
c process time taken by individual solving procedures
c (percentage relative to process time for solving)
c 
c         5.38   61.57% simplify
c         3.34   38.20% search
c         3.32   37.98% unstable
c         2.87   32.84% elim
c         1.36   15.62% vivify
c         0.83    9.53% subsume
c         0.09    1.01% ternary
c         0.08    0.92% probe
c         0.02    0.23% lucky
c   =================================
c         8.73   94.83% solve
c 
c last line shows process time for solving
c (percentage relative to total process time)
c 
c --- [ statistics ] ---------------------------------------------------------
c 
c backtracked:               18772       276.83 %  of conflicts
c chronological:              2556        13.62 %  of backtracks
c conflicts:                  6781       776.57    per second
c decisions:                 26377      3020.73    per second
c eliminated:               225495        86.78 %  of all variables
c fixed:                      6744         2.60 %  of all variables
c learned:                    6323        93.25 %  per conflict
c minimized:                 63753        28.54 %  learned literals
c propagations:           12350301         1.41 M  per second
c reduced:                     546         8.05 %  per conflict
c rephased:                      3      2260.33    interval
c restarts:                    469        14.46    interval
c substituted:                   6         0.00 %  of all variables
c subsumed:                   6144         0.20 %  of all clauses
c strengthened:              15613         0.51 %  of all clauses
c ternary:                    3286         0.30 %  of resolved
c vivified:                     69         0.00 %  of all clauses
c weakened:                 804101         2.84    average size
c 
c seconds are measured in process time for solving
c 
c --- [ resources ] ----------------------------------------------------------
c 
c total process time since initialization:         9.21    seconds
c total real time since initialization:            9.21    seconds
c maximum resident set size of process:          214.57    MB
c 
c --- [ shutting down ] ------------------------------------------------------
c 
c exit 20
