c --- [ banner ] -------------------------------------------------------------
c 
c CaDiCaL Radically Simplified CDCL SAT Solver
c Copyright (c) 2016-2019 Armin Biere, JKU Linz
c 
c Version 1.0.3 cb89cbfa16f47cb7bf1ec6ad9855e7b6d5203c18
c g++ (GCC) 6.3.0 -Wall -Wextra -O3 -DNDEBUG
c Fri Aug 23 08:17:16 CDT 2019 Linux login1 4.4.103-6.38-default x86_64
c 
c --- [ config ] -------------------------------------------------------------
c 
c using 'unsat' configuration (target unsatisfiable instances)
c 
c --- [ proof tracing ] ------------------------------------------------------
c 
c opening file to write '/tmp/76_308_0_four.drat'
c writing binary proof trace to '/tmp/76_308_0_four.drat'
c 
c --- [ parsing input ] ------------------------------------------------------
c 
c reading DIMACS file from '/tmp/76_308_0_four.cnf'
c opening file to read '/tmp/76_308_0_four.cnf'
c found 'p cnf 259840 1039929' header
c parsed 1039929 clauses in 0.46 seconds process time
c 
c --- [ options ] ------------------------------------------------------------
c 
c   --stabilize=false              (different from default 'true')
c   --walk=false                   (different from default 'true')
c 
c --- [ solving ] ------------------------------------------------------------
c 
c time measured in process time since initialization
c 
c  seconds   reductions  redundant   irredundant
c          MB    restarts       trail        variables
c           level   conflicts       glue           remaining
c 
c *  0.48 139  0 0   0    0    0  0% 0 1039424 252813 97%
c {  0.50 142  0 0   0    0    0  0% 0 1039424 252813 97%
c i  0.59 148 301 0  12  288  182  5% 5 1039424 252589 97%
c -  0.71 147 290 1  16  300  190  5% 5 903441 252589 97%
c I  1.16 147 81 1 151 1003  822  7% 8 903441 252589 97%
c -  1.70 177 61 2 180 1477 1222  7% 8 903441 252589 97%
c B  2.60 177 41 2 363 3004 2601  8% 9 903441 252589 97%
c -  2.92 177 40 3 379 3239 2284  8% 9 903441 252589 97%
c i  3.20 177 39 3 416 3645 2627  9% 9 903441 252539 97%
c }  3.20 177 39 3 416 3653 2632  9% 9 903441 250869 97%
c 0  3.20 177 39 3 416 3653 2632  9% 9 903441 250869 97%
c 
c --- [ result ] -------------------------------------------------------------
c 
s UNSATISFIABLE
c 
c --- [ run-time profiling ] -------------------------------------------------
c 
c process time taken by individual solving procedures
c (percentage relative to process time for solving)
c 
c         2.72   99.27% search
c         2.70   98.54% unstable
c         0.02    0.73% lucky
c         0.00    0.00% simplify
c   =================================
c         2.74   85.75% solve
c 
c last line shows process time for solving
c (percentage relative to total process time)
c 
c --- [ statistics ] ---------------------------------------------------------
c 
c backtracked:                4648       127.24 %  of conflicts
c chronological:              1541        33.15 %  of backtracks
c conflicts:                  3653      1331.27    per second
c decisions:                 20579      7499.64    per second
c fixed:                      8971         3.45 %  of all variables
c learned:                    3387        92.72 %  per conflict
c minimized:                 27934        22.84 %  learned literals
c propagations:           10272149         3.74 M  per second
c reduced:                     550        15.06 %  per conflict
c rephased:                      2      1826.50    interval
c restarts:                    416         8.78    interval
c subsumed:                    200         0.01 %  of all clauses
c 
c seconds are measured in process time for solving
c 
c --- [ resources ] ----------------------------------------------------------
c 
c total process time since initialization:         3.20    seconds
c total real time since initialization:            3.20    seconds
c maximum resident set size of process:          200.68    MB
c 
c --- [ shutting down ] ------------------------------------------------------
c 
c exit 20
