c --- [ banner ] -------------------------------------------------------------
c 
c CaDiCaL Radically Simplified CDCL SAT Solver
c Copyright (c) 2016-2019 Armin Biere, JKU Linz
c 
c Version 1.0.3 cb89cbfa16f47cb7bf1ec6ad9855e7b6d5203c18
c g++ (GCC) 6.3.0 -Wall -Wextra -O3 -DNDEBUG
c Fri Aug 23 08:17:16 CDT 2019 Linux login1 4.4.103-6.38-default x86_64
c 
c --- [ config ] -------------------------------------------------------------
c 
c using 'unsat' configuration (target unsatisfiable instances)
c 
c --- [ proof tracing ] ------------------------------------------------------
c 
c opening file to write '/tmp/76_742_0_four.drat'
c writing binary proof trace to '/tmp/76_742_0_four.drat'
c 
c --- [ parsing input ] ------------------------------------------------------
c 
c reading DIMACS file from '/tmp/76_742_0_four.cnf'
c opening file to read '/tmp/76_742_0_four.cnf'
c found 'p cnf 259840 1039929' header
c parsed 1039929 clauses in 0.44 seconds process time
c 
c --- [ options ] ------------------------------------------------------------
c 
c   --stabilize=false              (different from default 'true')
c   --walk=false                   (different from default 'true')
c 
c --- [ solving ] ------------------------------------------------------------
c 
c time measured in process time since initialization
c 
c  seconds   reductions  redundant   irredundant
c          MB    restarts       trail        variables
c           level   conflicts       glue           remaining
c 
c *  0.46 139  0 0   0    0    0  0% 0 1039424 253796 98%
c {  0.48 142  0 0   0    0    0  0% 0 1039424 253796 98%
c -  0.66 146 309 1  12  300  185  5% 4 920305 253796 98%
c I  1.05 146 86 1 119 1002  803  7% 8 920305 253796 98%
c i  1.26 146 72 1 136 1320 1085  7% 8 920305 253682 98%
c i  1.26 146 72 1 136 1321 1085  7% 8 920305 252636 97%
c i  1.26 146 72 1 136 1322 1085  7% 8 920305 252504 97%
c i  1.27 146 72 1 136 1326 1088  7% 8 920305 251978 97%
c i  1.30 146 69 1 136 1376 1125  7% 8 920305 243287 94%
c }  1.30 146 69 1 136 1380 1127  7% 8 920305 243252 94%
c 0  1.30 146 69 1 136 1380 1127  7% 8 920305 243252 94%
c 
c --- [ result ] -------------------------------------------------------------
c 
s UNSATISFIABLE
c 
c --- [ run-time profiling ] -------------------------------------------------
c 
c process time taken by individual solving procedures
c (percentage relative to process time for solving)
c 
c         0.84   97.67% search
c         0.82   94.88% unstable
c         0.02    2.33% lucky
c         0.00    0.00% simplify
c   =================================
c         0.86   65.95% solve
c 
c last line shows process time for solving
c (percentage relative to total process time)
c 
c --- [ statistics ] ---------------------------------------------------------
c 
c backtracked:                1793       129.93 %  of conflicts
c chronological:               721        40.21 %  of backtracks
c conflicts:                  1380      1604.65    per second
c decisions:                  8707     10124.42    per second
c fixed:                     16588         6.38 %  of all variables
c learned:                    1277        92.54 %  per conflict
c minimized:                  5808        18.62 %  learned literals
c propagations:            2872276         3.34 M  per second
c rephased:                      1      1380.00    interval
c restarts:                    136        10.15    interval
c subsumed:                    144         0.01 %  of all clauses
c 
c seconds are measured in process time for solving
c 
c --- [ resources ] ----------------------------------------------------------
c 
c total process time since initialization:         1.30    seconds
c total real time since initialization:            1.30    seconds
c maximum resident set size of process:          154.16    MB
c 
c --- [ shutting down ] ------------------------------------------------------
c 
c exit 20
