c --- [ banner ] -------------------------------------------------------------
c 
c CaDiCaL Radically Simplified CDCL SAT Solver
c Copyright (c) 2016-2019 Armin Biere, JKU Linz
c 
c Version 1.0.3 cb89cbfa16f47cb7bf1ec6ad9855e7b6d5203c18
c g++ (GCC) 6.3.0 -Wall -Wextra -O3 -DNDEBUG
c Fri Aug 23 08:17:16 CDT 2019 Linux login1 4.4.103-6.38-default x86_64
c 
c --- [ config ] -------------------------------------------------------------
c 
c using 'unsat' configuration (target unsatisfiable instances)
c 
c --- [ proof tracing ] ------------------------------------------------------
c 
c opening file to write '/tmp/18_1087_0_four.drat'
c writing binary proof trace to '/tmp/18_1087_0_four.drat'
c 
c --- [ parsing input ] ------------------------------------------------------
c 
c reading DIMACS file from '/tmp/18_1087_0_four.cnf'
c opening file to read '/tmp/18_1087_0_four.cnf'
c found 'p cnf 259840 1039929' header
c parsed 1039929 clauses in 0.74 seconds process time
c 
c --- [ options ] ------------------------------------------------------------
c 
c   --stabilize=false              (different from default 'true')
c   --walk=false                   (different from default 'true')
c 
c --- [ solving ] ------------------------------------------------------------
c 
c time measured in process time since initialization
c 
c  seconds   reductions  redundant   irredundant
c          MB    restarts       trail        variables
c           level   conflicts       glue           remaining
c 
c *  0.76 139  0 0   0    0    0  0% 0 1039424 253203 97%
c {  0.79 142  0 0   0    0    0  0% 0 1039424 253203 97%
c -  1.06 148 314 1  13  304  187  5% 5 913904 253203 97%
c I  1.51 148 92 1 142 1003  792  6% 9 913904 253203 97%
c -  2.10 179 72 2 191 1480 1159  7% 9 913904 253203 97%
c B  2.94 179 52 2 262 3004 2472  9% 9 913904 253203 97%
c -  3.31 179 50 3 264 3244 2070  9% 9 913904 253203 97%
c s  4.52 160 46 3 304 4076 2757  9% 9 913904 253203 97%
c w  6.11 183 46 3 304 4076 2752  9% 9 913904 253203 97%
c t  6.17 183 46 3 304 4076 2751  9% 9 913400 253203 97%
c e  9.48 203 46 3 304 4076   40  9% 9 225867 27910 11%
c s  9.76 203 46 3 304 4076   40  9% 9 225678 27910 11%
c e 10.16 147 46 3 304 4076   37  9% 9 225678 27832 11%
c 3 10.58 159 40 3 336 5000 4077  7% 8 225678 27832 11%
c p 10.80 159 40 3 336 5000 10501  7% 8 225678 27818 11%
c - 10.96 159 38 4 356 5598 1675  7% 8 225091 27818 11%
c F 11.05 159 37 4 378 6005 2045  7% 8 225091 27818 11%
c - 11.34 159 36 5 458 7626 2564  8% 8 225091 27818 11%
c i 11.54 159 32 5 515 9496 4170  8% 8 225091 27816 11%
c i 11.54 159 32 5 515 9597 4254  8% 8 225091 27815 11%
c 
c  seconds   reductions  redundant  irredundant
c          MB    restarts       trail       variables
c           level   conflicts       glue         remaining
c 
c i 11.54 159 32 5 515 9600 4256  8% 8 225091 27796 11%
c i 11.54 159 32 5 515 9601 4256  8% 8 225091 27790 11%
c i 11.54 159 32 5 515 9619 4265  8% 8 225091 27769 11%
c i 11.54 159 32 5 515 9620 4265  8% 8 225091 27761 11%
c i 11.54 159 32 5 515 9628 4271  8% 8 225091 27729 11%
c i 11.54 159 32 5 515 9630 4272  8% 8 225091 27686 11%
c i 11.54 159 32 5 515 9631 4272  8% 8 225091 27672 11%
c i 11.54 159 32 5 515 9632 4272  8% 8 225091 27474 11%
c i 11.55 159 32 5 515 9637 4275  8% 8 225091 27124 10%
c i 11.55 159 32 5 515 9638 4275  8% 8 225091 27046 10%
c } 11.55 159 32 5 515 9647 4280  8% 8 225091 26893 10%
c 0 11.55 159 32 5 515 9647 4280  8% 8 225091 26893 10%
c 
c --- [ result ] -------------------------------------------------------------
c 
s UNSATISFIABLE
c 
c --- [ run-time profiling ] -------------------------------------------------
c 
c process time taken by individual solving procedures
c (percentage relative to process time for solving)
c 
c         6.36   58.79% simplify
c         4.43   40.99% search
c         4.40   40.73% unstable
c         3.57   33.00% elim
c         1.45   13.39% vivify
c         0.94    8.69% subsume
c         0.15    1.37% probe
c         0.10    0.96% ternary
c         0.03    0.26% lucky
c   =================================
c        10.81   93.63% solve
c 
c last line shows process time for solving
c (percentage relative to total process time)
c 
c --- [ statistics ] ---------------------------------------------------------
c 
c backtracked:               24707       256.11 %  of conflicts
c chronological:              3945        15.97 %  of backtracks
c conflicts:                  9647       892.25    per second
c decisions:                 36666      3391.23    per second
c eliminated:               225371        86.73 %  of all variables
c fixed:                      7576         2.92 %  of all variables
c learned:                    8895        92.20 %  per conflict
c minimized:                 74733        22.93 %  learned literals
c propagations:           14474015         1.34 M  per second
c reduced:                    1399        14.50 %  per conflict
c rephased:                      3      3215.67    interval
c restarts:                    515        18.73    interval
c subsumed:                   6184         0.20 %  of all clauses
c strengthened:              15680         0.51 %  of all clauses
c ternary:                    3586         0.35 %  of resolved
c vivified:                    103         0.00 %  of all clauses
c weakened:                 802796         2.84    average size
c 
c seconds are measured in process time for solving
c 
c --- [ resources ] ----------------------------------------------------------
c 
c total process time since initialization:        11.55    seconds
c total real time since initialization:           11.55    seconds
c maximum resident set size of process:          213.59    MB
c 
c --- [ shutting down ] ------------------------------------------------------
c 
c exit 20
