c --- [ banner ] -------------------------------------------------------------
c 
c CaDiCaL Radically Simplified CDCL SAT Solver
c Copyright (c) 2016-2019 Armin Biere, JKU Linz
c 
c Version 1.0.3 cb89cbfa16f47cb7bf1ec6ad9855e7b6d5203c18
c g++ (GCC) 6.3.0 -Wall -Wextra -O3 -DNDEBUG
c Fri Aug 23 08:17:16 CDT 2019 Linux login1 4.4.103-6.38-default x86_64
c 
c --- [ config ] -------------------------------------------------------------
c 
c using 'unsat' configuration (target unsatisfiable instances)
c 
c --- [ proof tracing ] ------------------------------------------------------
c 
c opening file to write '/tmp/18_1180_0_four.drat'
c writing binary proof trace to '/tmp/18_1180_0_four.drat'
c 
c --- [ parsing input ] ------------------------------------------------------
c 
c reading DIMACS file from '/tmp/18_1180_0_four.cnf'
c opening file to read '/tmp/18_1180_0_four.cnf'
c found 'p cnf 259840 1039929' header
c parsed 1039929 clauses in 0.75 seconds process time
c 
c --- [ options ] ------------------------------------------------------------
c 
c   --stabilize=false              (different from default 'true')
c   --walk=false                   (different from default 'true')
c 
c --- [ solving ] ------------------------------------------------------------
c 
c time measured in process time since initialization
c 
c  seconds   reductions  redundant   irredundant
c          MB    restarts       trail        variables
c           level   conflicts       glue           remaining
c 
c *  0.78 139  0 0   0    0    0  0% 0 1039424 252663 97%
c {  0.80 142  0 0   0    0    0  0% 0 1039424 252663 97%
c -  1.02 147 315 1  12  300  186  5% 5 907537 252663 97%
c I  1.62 147 89 1 146 1004  794  6% 9 907537 252663 97%
c -  2.46 178 71 2 176 1480 1151  8% 9 907537 252663 97%
c i  2.56 178 64 2 176 1631 1289  9% 9 907537 252609 97%
c i  2.62 178 55 2 176 1880 1489  8% 8 907537 252441 97%
c i  2.62 178 55 2 176 1882 1490  8% 8 907537 252327 97%
c i  2.62 178 55 2 176 1883 1490  8% 8 907537 246707 95%
c }  2.63 178 54 2 176 1906 1504  8% 8 907537 243108 94%
c 0  2.63 178 54 2 176 1906 1504  8% 8 907537 243108 94%
c 
c --- [ result ] -------------------------------------------------------------
c 
s UNSATISFIABLE
c 
c --- [ run-time profiling ] -------------------------------------------------
c 
c process time taken by individual solving procedures
c (percentage relative to process time for solving)
c 
c         1.85   98.72% search
c         1.83   97.65% unstable
c         0.02    1.07% lucky
c         0.00    0.00% simplify
c   =================================
c         1.88   71.39% solve
c 
c last line shows process time for solving
c (percentage relative to total process time)
c 
c --- [ statistics ] ---------------------------------------------------------
c 
c backtracked:                2407       126.29 %  of conflicts
c chronological:               866        35.98 %  of backtracks
c conflicts:                  1906      1015.99    per second
c decisions:                 12303      6558.10    per second
c fixed:                     16732         6.44 %  of all variables
c learned:                    1694        88.88 %  per conflict
c minimized:                  9369        17.69 %  learned literals
c propagations:            4174971         2.23 M  per second
c reduced:                      33         1.73 %  per conflict
c rephased:                      1      1906.00    interval
c restarts:                    176        10.83    interval
c subsumed:                    152         0.01 %  of all clauses
c 
c seconds are measured in process time for solving
c 
c --- [ resources ] ----------------------------------------------------------
c 
c total process time since initialization:         2.63    seconds
c total real time since initialization:            2.63    seconds
c maximum resident set size of process:          178.09    MB
c 
c --- [ shutting down ] ------------------------------------------------------
c 
c exit 20
