c --- [ banner ] -------------------------------------------------------------
c 
c CaDiCaL Radically Simplified CDCL SAT Solver
c Copyright (c) 2016-2019 Armin Biere, JKU Linz
c 
c Version 1.0.3 cb89cbfa16f47cb7bf1ec6ad9855e7b6d5203c18
c g++ (GCC) 6.3.0 -Wall -Wextra -O3 -DNDEBUG
c Fri Aug 23 08:17:16 CDT 2019 Linux login1 4.4.103-6.38-default x86_64
c 
c --- [ config ] -------------------------------------------------------------
c 
c using 'unsat' configuration (target unsatisfiable instances)
c 
c --- [ proof tracing ] ------------------------------------------------------
c 
c opening file to write '/tmp/18_1271_0_four.drat'
c writing binary proof trace to '/tmp/18_1271_0_four.drat'
c 
c --- [ parsing input ] ------------------------------------------------------
c 
c reading DIMACS file from '/tmp/18_1271_0_four.cnf'
c opening file to read '/tmp/18_1271_0_four.cnf'
c found 'p cnf 259840 1039929' header
c parsed 1039929 clauses in 0.46 seconds process time
c 
c --- [ options ] ------------------------------------------------------------
c 
c   --stabilize=false              (different from default 'true')
c   --walk=false                   (different from default 'true')
c 
c --- [ solving ] ------------------------------------------------------------
c 
c time measured in process time since initialization
c 
c  seconds   reductions  redundant   irredundant
c          MB    restarts       trail        variables
c           level   conflicts       glue           remaining
c 
c *  0.48 139  0 0   0    0    0  0% 0 1039424 253939 98%
c {  0.50 142  0 0   0    0    0  0% 0 1039424 253939 98%
c -  0.71 147 317 1  12  300  186  5% 5 922408 253939 98%
c I  1.20 147 93 1 160 1002  813  6% 9 922408 253939 98%
c -  1.81 178 78 2 208 1478 1183  7% 9 922408 253939 98%
c B  3.13 179 63 2 373 3004 2539  8% 9 922408 253939 98%
c -  3.55 179 61 3 386 3247 2176  8% 9 922408 253939 98%
c s  4.89 159 57 3 473 4068 2883  8% 10 922408 253939 98%
c w  6.60 182 57 3 473 4068 2877  8% 10 922408 253939 98%
c t  6.67 183 57 3 473 4068 2877  8% 10 921751 253939 98%
c e  9.46 199 57 3 473 4068   33  8% 10 229374 28258 11%
c s  9.71 199 57 3 473 4068   33  8% 10 229072 28258 11%
c e 10.03 146 57 3 473 4068   32  8% 10 229072 28170 11%
c 3 10.41 158 59 3 637 5000 3659  6% 10 229072 28170 11%
c 3 10.42 158 59 3 637 5000 3857  6% 10 229072 28170 11%
c d 10.47 158 59 3 637 5000 3815  6% 10 229072 28165 11%
c 2 10.49 158 59 3 637 5000 3805  6% 10 229072 28165 11%
c p 10.56 158 59 3 637 5000 5608  6% 10 229072 28165 11%
c - 10.72 158 59 4 753 5604 1471  6% 11 229072 28165 11%
c F 10.78 158 59 4 791 6016 1844  6% 11 229072 28165 11%
c 
c  seconds   reductions  redundant   irredundant
c          MB    restarts       trail        variables
c           level   conflicts       glue          remaining
c 
c - 11.01 158 53 5 828 7646 2267  7% 10 229072 28165 11%
c B 11.24 158 50 5 912 10020 4336  7% 10 229072 28165 11%
c - 11.30 158 50 6 912 10095 3001  7% 10 229072 28165 11%
c - 11.70 158 46 7 1013 12950 3773  8% 10 229072 28165 11%
c d 12.03 158 44 7 1148 15000 5585  8% 10 229069 28164 11%
c 3 12.07 158 44 7 1148 15000 6529  8% 10 229069 28164 11%
c 3 12.08 158 44 7 1148 15000 6974  8% 10 229069 28164 11%
c d 12.13 158 44 7 1148 15000 6860  8% 10 229069 28145 11%
c 2 12.16 158 44 7 1148 15000 6822  8% 10 229067 28143 11%
c p 12.23 158 44 7 1148 15000 8412  8% 10 229067 28143 11%
c # 12.26 158 44 7 1148 15021 8433  8% 10 229067 28143 11%
c s 12.53 158 42 7 1176 16163 9067  8% 9 228889 28143 11%
c v 12.83 158 42 7 1176 16163 9067  8% 9 221884 28143 11%
c w 12.94 158 42 7 1176 16163 8665  8% 9 221884 28143 11%
c t 12.96 158 42 7 1176 16163 8648  8% 9 209448 28142 11%
c e 13.15 159 42 7 1176 16163 5216  8% 9 204380 24116  9%
c s 13.24 159 42 7 1176 16163 5124  8% 9 203826 24116  9%
c e 13.32 159 42 7 1176 16163 5024  8% 9 203706 24087  9%
c - 13.47 159 42 8 1177 16213 3094  5% 9 203706 24087  9%
c - 14.18 159 38 9 1260 19747 4431 11% 9 203706 24087  9%
c 
c  seconds   reductions    redundant  irredundant
c          MB    restarts         trail       variables
c           level     conflicts       glue         remaining
c 
c B 14.36 159 38 9 1339 21023 5528 10% 9 203706 24087  9%
c - 14.78 159 36 10 1472 23677 5507  9% 9 203706 24087  9%
c - 15.42 159 34 11 1615 27996 6539  9% 9 203706 24087  9%
c O 15.42 159 34 11 1615 28026 6566  9% 9 203706 24087  9%
c d 15.75 159 33 11 1730 30000 8316  8% 9 203699 24084  9%
c 3 15.82 159 33 11 1730 30000 11933  8% 9 203699 24084  9%
c 3 15.84 159 33 11 1730 30000 12524  8% 9 203699 24084  9%
c d 15.89 159 33 11 1730 30000 11759  8% 9 203699 23961  9%
c 2 15.91 159 33 11 1730 30000 11516  8% 9 203693 23957  9%
c p 15.98 159 33 11 1730 30000 14333  8% 9 203693 23950  9%
c - 16.46 159 32 12 1898 32708 8136  8% 9 201902 23950  9%
c i 16.70 159 31 12 1955 33526 8898  9% 9 201902 23946  9%
c s 17.02 159 31 12 2052 34644 9666  9% 9 201300 23946  9%
c v 17.34 159 31 12 2052 34644 9666  9% 9 177576 23946  9%
c w 17.50 159 31 12 2052 34644 9555  9% 9 177576 23946  9%
c t 17.51 159 31 12 2052 34644 9541  9% 9 176725 23946  9%
c e 17.64 159 31 12 2052 34644 7782  9% 9 175757 23480  9%
c s 17.71 159 31 12 2052 34644 7673  9% 9 175689 23480  9%
c e 17.78 159 31 12 2052 34644 7362  9% 9 175409 23457  9%
c B 18.03 159 31 12 2180 36027 8610  9% 9 175409 23457  9%
c 
c  seconds   reductions     redundant  irredundant
c          MB     restarts         trail       variables
c           level      conflicts       glue         remaining
c 
c - 18.40 159 30 13 2236 37798 7774  9% 9 175409 23457  9%
c - 19.35 159 29 14 2425 43023 8833 10% 9 175409 23457  9%
c i 19.70 159 28 14 2506 44697 10293 10% 9 175409 23453  9%
c I 19.74 159 28 14 2512 45028 10577  9% 9 175409 23453  9%
c i 19.90 159 28 14 2552 46222 11620  9% 9 175409 23423  9%
c i 20.09 159 28 14 2601 47342 12599  9% 9 175409 23262  9%
c i 20.15 159 27 14 2601 47609 12841  9% 9 175409 23027  9%
c i 20.23 159 27 14 2601 47905 13089  9% 9 175409 22981  9%
c i 20.23 159 27 14 2601 47908 13091  9% 9 175409 22970  9%
c i 20.23 159 27 14 2601 47917 13094  9% 9 175409 22909  9%
c i 20.23 159 27 14 2601 47924 13096  9% 9 175409 22788  9%
c } 20.24 159 27 14 2601 47954 13109  9% 9 175409 19290  7%
c 0 20.24 159 27 14 2601 47954 13109  9% 9 175409 19290  7%
c 
c --- [ result ] -------------------------------------------------------------
c 
s UNSATISFIABLE
c 
c --- [ run-time profiling ] -------------------------------------------------
c 
c process time taken by individual solving procedures
c (percentage relative to process time for solving)
c 
c        11.82   59.74% search
c        11.80   59.64% unstable
c         7.95   40.18% simplify
c         3.48   17.61% elim
c         2.42   12.23% vivify
c         1.17    5.93% subsume
c         0.24    1.23% ternary
c         0.22    1.09% probe
c         0.02    0.10% lucky
c   =================================
c        19.78   97.73% solve
c 
c last line shows process time for solving
c (percentage relative to total process time)
c 
c --- [ statistics ] ---------------------------------------------------------
c 
c backtracked:              189630       395.44 %  of conflicts
c chronological:             18728         9.88 %  of backtracks
c conflicts:                 47954      2424.37    per second
c decisions:                188355      9522.50    per second
c eliminated:               230311        88.64 %  of all variables
c fixed:                     10088         3.88 %  of all variables
c learned:                   45398        94.67 %  per conflict
c minimized:                559676        30.94 %  learned literals
c propagations:           39077436         1.98 M  per second
c reduced:                   20986        43.76 %  per conflict
c rephased:                      9      5328.22    interval
c restarts:                   2601        18.44    interval
c substituted:                 151         0.06 %  of all variables
c subsumed:                  42656         1.33 %  of all clauses
c strengthened:              24515         0.76 %  of all clauses
c ternary:                   11213         0.36 %  of resolved
c vivified:                  32481         1.01 %  of all clauses
c weakened:                 836910         2.89    average size
c 
c seconds are measured in process time for solving
c 
c --- [ resources ] ----------------------------------------------------------
c 
c total process time since initialization:        20.24    seconds
c total real time since initialization:           20.24    seconds
c maximum resident set size of process:          211.16    MB
c 
c --- [ shutting down ] ------------------------------------------------------
c 
c exit 20
