c --- [ banner ] -------------------------------------------------------------
c 
c CaDiCaL Radically Simplified CDCL SAT Solver
c Copyright (c) 2016-2019 Armin Biere, JKU Linz
c 
c Version 1.0.3 cb89cbfa16f47cb7bf1ec6ad9855e7b6d5203c18
c g++ (GCC) 6.3.0 -Wall -Wextra -O3 -DNDEBUG
c Fri Aug 23 08:17:16 CDT 2019 Linux login1 4.4.103-6.38-default x86_64
c 
c --- [ config ] -------------------------------------------------------------
c 
c using 'unsat' configuration (target unsatisfiable instances)
c 
c --- [ proof tracing ] ------------------------------------------------------
c 
c opening file to write '/tmp/18_107_0_four.drat'
c writing binary proof trace to '/tmp/18_107_0_four.drat'
c 
c --- [ parsing input ] ------------------------------------------------------
c 
c reading DIMACS file from '/tmp/18_107_0_four.cnf'
c opening file to read '/tmp/18_107_0_four.cnf'
c found 'p cnf 259840 1039929' header
c parsed 1039929 clauses in 0.50 seconds process time
c 
c --- [ options ] ------------------------------------------------------------
c 
c   --stabilize=false              (different from default 'true')
c   --walk=false                   (different from default 'true')
c 
c --- [ solving ] ------------------------------------------------------------
c 
c time measured in process time since initialization
c 
c  seconds   reductions  redundant   irredundant
c          MB    restarts       trail        variables
c           level   conflicts       glue           remaining
c 
c *  0.52 139  0 0   0    0    0  0% 0 1039424 253938 98%
c {  0.54 141  0 0   0    0    0  0% 0 1039424 253938 98%
c -  0.81 148 299 1  16  300  190  5% 5 922406 253938 98%
c I  1.65 148 99 1 185 1005  839  7% 9 922406 253938 98%
c i  1.66 148 94 1 185 1049  871  7% 9 922406 253458 98%
c i  1.73 148 84 1 195 1251 1030  6% 9 922406 253305 97%
c -  2.23 179 73 2 205 1483 1193  7% 9 913954 253305 97%
c i  2.96 179 48 2 243 2634 2201  8% 8 913954 253195 97%
c i  2.96 179 48 2 244 2635 2201  8% 8 913954 253161 97%
c B  3.24 179 45 2 249 3009 2531  8% 8 913954 253161 97%
c -  3.64 179 43 3 263 3247 2088  8% 8 911321 253161 97%
c i  4.03 179 41 3 318 3728 2506  8% 8 911321 250759 97%
c i  4.05 179 41 3 318 3768 2531  8% 8 911321 249799 96%
c }  4.06 179 41 3 318 3772 2531  8% 8 911321 243794 94%
c 0  4.06 179 41 3 318 3772 2531  8% 8 911321 243794 94%
c 
c --- [ result ] -------------------------------------------------------------
c 
s UNSATISFIABLE
c 
c --- [ run-time profiling ] -------------------------------------------------
c 
c process time taken by individual solving procedures
c (percentage relative to process time for solving)
c 
c         3.53   99.33% search
c         3.51   98.76% unstable
c         0.02    0.56% lucky
c         0.00    0.00% simplify
c   =================================
c         3.56   87.67% solve
c 
c last line shows process time for solving
c (percentage relative to total process time)
c 
c --- [ statistics ] ---------------------------------------------------------
c 
c backtracked:                4665       123.67 %  of conflicts
c chronological:              1537        32.95 %  of backtracks
c conflicts:                  3772      1060.74    per second
c decisions:                 22888      6436.45    per second
c fixed:                     16046         6.18 %  of all variables
c learned:                    3499        92.76 %  per conflict
c minimized:                 34737        27.05 %  learned literals
c propagations:           10308711         2.90 M  per second
c reduced:                     658        17.44 %  per conflict
c rephased:                      2      1886.00    interval
c restarts:                    318        11.86    interval
c subsumed:                    268         0.01 %  of all clauses
c 
c seconds are measured in process time for solving
c 
c --- [ resources ] ----------------------------------------------------------
c 
c total process time since initialization:         4.06    seconds
c total real time since initialization:            4.06    seconds
c maximum resident set size of process:          202.66    MB
c 
c --- [ shutting down ] ------------------------------------------------------
c 
c exit 20
