c --- [ banner ] -------------------------------------------------------------
c 
c CaDiCaL Radically Simplified CDCL SAT Solver
c Copyright (c) 2016-2019 Armin Biere, JKU Linz
c 
c Version 1.0.3 cb89cbfa16f47cb7bf1ec6ad9855e7b6d5203c18
c g++ (GCC) 6.3.0 -Wall -Wextra -O3 -DNDEBUG
c Fri Aug 23 08:17:16 CDT 2019 Linux login1 4.4.103-6.38-default x86_64
c 
c --- [ config ] -------------------------------------------------------------
c 
c using 'unsat' configuration (target unsatisfiable instances)
c 
c --- [ proof tracing ] ------------------------------------------------------
c 
c opening file to write '/tmp/18_268_0_four.drat'
c writing binary proof trace to '/tmp/18_268_0_four.drat'
c 
c --- [ parsing input ] ------------------------------------------------------
c 
c reading DIMACS file from '/tmp/18_268_0_four.cnf'
c opening file to read '/tmp/18_268_0_four.cnf'
c found 'p cnf 259840 1039929' header
c parsed 1039929 clauses in 0.48 seconds process time
c 
c --- [ options ] ------------------------------------------------------------
c 
c   --stabilize=false              (different from default 'true')
c   --walk=false                   (different from default 'true')
c 
c --- [ solving ] ------------------------------------------------------------
c 
c time measured in process time since initialization
c 
c  seconds   reductions  redundant   irredundant
c          MB    restarts       trail        variables
c           level   conflicts       glue           remaining
c 
c *  0.50 139  0 0   0    0    0  0% 0 1039424 253721 98%
c {  0.52 142  0 0   0    0    0  0% 0 1039424 253721 98%
c -  0.80 149 302 1  15  304  191  6% 5 920263 253721 98%
c I  1.29 149 97 1 123 1008  774  7% 9 920263 253721 98%
c -  1.88 180 83 2 166 1492 1145  8% 9 920263 253721 98%
c B  2.89 180 56 2 253 3010 2511  9% 9 920263 253721 98%
c -  3.29 180 54 3 268 3259 2136  9% 9 920263 253721 98%
c s  4.44 161 47 3 339 4070 2830  8% 9 920263 253721 98%
c w  6.04 184 47 3 339 4070 2828  8% 9 920263 253721 98%
c t  6.10 184 47 3 339 4070 2828  8% 9 919719 253721 98%
c e  8.87 201 47 3 339 4070   43  8% 9 228247 28118 11%
c s  9.11 201 47 3 339 4070   42  8% 9 228033 28118 11%
c e  9.40 148 47 3 339 4070   41  8% 9 228033 28046 11%
c d  9.74 160 49 3 512 5001  864  6% 10 228029 28043 11%
c 3  9.80 160 49 3 512 5001 4346  6% 10 228029 28043 11%
c 2  9.86 160 49 3 512 5001 4346  6% 10 228017 28043 11%
c p  9.93 160 49 3 512 5001 6127  6% 10 228017 28042 11%
c - 10.04 160 47 4 547 5616 1591  5% 10 227877 28042 11%
c F 10.08 160 47 4 564 6011 1932  6% 10 227877 28042 11%
c - 10.31 160 43 5 675 7653 2328  6% 9 227877 28042 11%
c 
c  seconds   reductions  redundant  irredundant
c          MB    restarts       trail       variables
c           level   conflicts       glue         remaining
c 
c i 10.36 160 42 5 691 8104 2728  6% 9 227877 28041 11%
c i 10.50 160 40 5 701 9313 3772  7% 9 227877 28033 11%
c i 10.57 160 38 5 701 9948 4307  7% 9 227877 28028 11%
c i 10.57 160 38 5 701 9976 4319  7% 9 227877 28000 11%
c } 10.57 160 38 5 701 9987 4325  7% 9 227877 27979 11%
c 0 10.57 160 38 5 701 9987 4325  7% 9 227877 27979 11%
c 
c --- [ result ] -------------------------------------------------------------
c 
s UNSATISFIABLE
c 
c --- [ run-time profiling ] -------------------------------------------------
c 
c process time taken by individual solving procedures
c (percentage relative to process time for solving)
c 
c         5.62   55.65% simplify
c         4.46   44.15% search
c         4.44   43.96% unstable
c         2.98   29.53% elim
c         1.46   14.51% vivify
c         0.87    8.64% subsume
c         0.08    0.83% ternary
c         0.07    0.71% probe
c         0.02    0.20% lucky
c   =================================
c        10.09   95.46% solve
c 
c last line shows process time for solving
c (percentage relative to total process time)
c 
c --- [ statistics ] ---------------------------------------------------------
c 
c backtracked:               24052       240.83 %  of conflicts
c chronological:              4093        17.02 %  of backtracks
c conflicts:                  9987       989.60    per second
c decisions:                 55033      5453.13    per second
c eliminated:               225675        86.85 %  of all variables
c fixed:                      6183         2.38 %  of all variables
c learned:                    9223        92.35 %  per conflict
c minimized:                 89049        25.77 %  learned literals
c propagations:           15764398         1.56 M  per second
c reduced:                    1527        15.29 %  per conflict
c rephased:                      3      3329.00    interval
c restarts:                    701        14.25    interval
c substituted:                   3         0.00 %  of all variables
c subsumed:                   6210         0.20 %  of all clauses
c strengthened:              15420         0.50 %  of all clauses
c ternary:                    3846         0.33 %  of resolved
c vivified:                    133         0.00 %  of all clauses
c weakened:                 808306         2.84    average size
c 
c seconds are measured in process time for solving
c 
c --- [ resources ] ----------------------------------------------------------
c 
c total process time since initialization:        10.57    seconds
c total real time since initialization:           10.57    seconds
c maximum resident set size of process:          211.48    MB
c 
c --- [ shutting down ] ------------------------------------------------------
c 
c exit 20
