c --- [ banner ] -------------------------------------------------------------
c 
c CaDiCaL Radically Simplified CDCL SAT Solver
c Copyright (c) 2016-2019 Armin Biere, JKU Linz
c 
c Version 1.0.3 cb89cbfa16f47cb7bf1ec6ad9855e7b6d5203c18
c g++ (GCC) 6.3.0 -Wall -Wextra -O3 -DNDEBUG
c Fri Aug 23 08:17:16 CDT 2019 Linux login1 4.4.103-6.38-default x86_64
c 
c --- [ config ] -------------------------------------------------------------
c 
c using 'unsat' configuration (target unsatisfiable instances)
c 
c --- [ proof tracing ] ------------------------------------------------------
c 
c opening file to write '/tmp/18_471_0_four.drat'
c writing binary proof trace to '/tmp/18_471_0_four.drat'
c 
c --- [ parsing input ] ------------------------------------------------------
c 
c reading DIMACS file from '/tmp/18_471_0_four.cnf'
c opening file to read '/tmp/18_471_0_four.cnf'
c found 'p cnf 259840 1039929' header
c parsed 1039929 clauses in 0.45 seconds process time
c 
c --- [ options ] ------------------------------------------------------------
c 
c   --stabilize=false              (different from default 'true')
c   --walk=false                   (different from default 'true')
c 
c --- [ solving ] ------------------------------------------------------------
c 
c time measured in process time since initialization
c 
c  seconds   reductions  redundant   irredundant
c          MB    restarts       trail        variables
c           level   conflicts       glue           remaining
c 
c *  0.47 139  0 0   0    0    0  0% 0 1039424 253352 98%
c {  0.49 142  0 0   0    0    0  0% 0 1039424 253352 98%
c -  0.70 147 324 1   9  300  182  5% 5 916011 253352 98%
c I  1.21 147 97 1 114 1005  802  7% 9 916011 253352 98%
c -  1.78 178 72 2 126 1479 1184  7% 8 916011 253352 98%
c B  3.04 178 46 2 234 3007 2495  8% 8 916011 253352 98%
c i  3.08 178 45 2 234 3071 2537  8% 8 916011 253324 97%
c -  3.44 178 43 3 234 3244 2090  8% 8 915481 253324 97%
c i  3.80 178 38 3 245 3810 2606  8% 8 915481 253296 97%
c i  3.80 178 37 3 245 3820 2611  8% 8 915481 253166 97%
c i  3.80 178 37 3 245 3821 2611  8% 8 915481 252463 97%
c i  3.80 178 37 3 245 3833 2621  8% 8 915481 250277 96%
c i  3.80 178 37 3 245 3834 2621  8% 8 915481 250105 96%
c i  3.81 178 37 3 245 3842 2626  8% 8 915481 248720 96%
c }  3.81 178 37 3 245 3844 2626  8% 8 915481 245367 94%
c 0  3.81 178 37 3 245 3844 2626  8% 8 915481 245367 94%
c 
c --- [ result ] -------------------------------------------------------------
c 
s UNSATISFIABLE
c 
c --- [ run-time profiling ] -------------------------------------------------
c 
c process time taken by individual solving procedures
c (percentage relative to process time for solving)
c 
c         3.34   99.40% search
c         3.32   98.81% unstable
c         0.02    0.60% lucky
c         0.00    0.00% simplify
c   =================================
c         3.36   88.24% solve
c 
c last line shows process time for solving
c (percentage relative to total process time)
c 
c --- [ statistics ] ---------------------------------------------------------
c 
c backtracked:                4654       121.07 %  of conflicts
c chronological:              1619        34.79 %  of backtracks
c conflicts:                  3844      1144.05    per second
c decisions:                 19252      5729.76    per second
c fixed:                     14473         5.57 %  of all variables
c learned:                    3492        90.84 %  per conflict
c minimized:                 29308        24.43 %  learned literals
c propagations:           10574558         3.15 M  per second
c reduced:                     562        14.62 %  per conflict
c rephased:                      2      1922.00    interval
c restarts:                    245        15.69    interval
c subsumed:                    258         0.01 %  of all clauses
c 
c seconds are measured in process time for solving
c 
c --- [ resources ] ----------------------------------------------------------
c 
c total process time since initialization:         3.81    seconds
c total real time since initialization:            3.81    seconds
c maximum resident set size of process:          201.47    MB
c 
c --- [ shutting down ] ------------------------------------------------------
c 
c exit 20
