c --- [ banner ] -------------------------------------------------------------
c 
c CaDiCaL Radically Simplified CDCL SAT Solver
c Copyright (c) 2016-2019 Armin Biere, JKU Linz
c 
c Version 1.0.3 cb89cbfa16f47cb7bf1ec6ad9855e7b6d5203c18
c g++ (GCC) 6.3.0 -Wall -Wextra -O3 -DNDEBUG
c Fri Aug 23 08:17:16 CDT 2019 Linux login1 4.4.103-6.38-default x86_64
c 
c --- [ config ] -------------------------------------------------------------
c 
c using 'unsat' configuration (target unsatisfiable instances)
c 
c --- [ proof tracing ] ------------------------------------------------------
c 
c opening file to write '/tmp/18_834_0_four.drat'
c writing binary proof trace to '/tmp/18_834_0_four.drat'
c 
c --- [ parsing input ] ------------------------------------------------------
c 
c reading DIMACS file from '/tmp/18_834_0_four.cnf'
c opening file to read '/tmp/18_834_0_four.cnf'
c found 'p cnf 259840 1039929' header
c parsed 1039929 clauses in 0.47 seconds process time
c 
c --- [ options ] ------------------------------------------------------------
c 
c   --stabilize=false              (different from default 'true')
c   --walk=false                   (different from default 'true')
c 
c --- [ solving ] ------------------------------------------------------------
c 
c time measured in process time since initialization
c 
c  seconds   reductions  redundant   irredundant
c          MB    restarts       trail        variables
c           level   conflicts       glue           remaining
c 
c *  0.48 139  0 0   0    0    0  0% 0 1039424 253444 98%
c {  0.50 142  0 0   0    0    0  0% 0 1039424 253444 98%
c -  0.73 148 314 1  13  301  188  5% 5 916063 253444 98%
c I  1.32 148 86 1 122 1005  796  7% 7 916063 253444 98%
c -  1.96 179 62 2 156 1480 1192  7% 7 916063 253444 98%
c i  2.00 179 59 2 156 1580 1259  7% 7 916063 252177 97%
c i  2.01 179 58 2 156 1593 1270  7% 7 916063 251991 97%
c }  2.02 179 58 2 156 1603 1272  7% 7 916063 250617 96%
c 0  2.02 179 58 2 156 1603 1272  7% 7 916063 250617 96%
c 
c --- [ result ] -------------------------------------------------------------
c 
s UNSATISFIABLE
c 
c --- [ run-time profiling ] -------------------------------------------------
c 
c process time taken by individual solving procedures
c (percentage relative to process time for solving)
c 
c         1.53   98.97% search
c         1.51   97.67% unstable
c         0.02    1.29% lucky
c         0.00    0.00% simplify
c   =================================
c         1.55   76.79% solve
c 
c last line shows process time for solving
c (percentage relative to total process time)
c 
c --- [ statistics ] ---------------------------------------------------------
c 
c backtracked:                2029       126.58 %  of conflicts
c chronological:               755        37.21 %  of backtracks
c conflicts:                  1603      1035.53    per second
c decisions:                  9261      5982.56    per second
c fixed:                      9223         3.55 %  of all variables
c learned:                    1458        90.95 %  per conflict
c minimized:                  9137        24.09 %  learned literals
c propagations:            3661216         2.37 M  per second
c reduced:                      22         1.37 %  per conflict
c rephased:                      1      1603.00    interval
c restarts:                    156        10.28    interval
c subsumed:                    161         0.01 %  of all clauses
c 
c seconds are measured in process time for solving
c 
c --- [ resources ] ----------------------------------------------------------
c 
c total process time since initialization:         2.02    seconds
c total real time since initialization:            2.02    seconds
c maximum resident set size of process:          178.72    MB
c 
c --- [ shutting down ] ------------------------------------------------------
c 
c exit 20
