c --- [ banner ] -------------------------------------------------------------
c 
c CaDiCaL Radically Simplified CDCL SAT Solver
c Copyright (c) 2016-2019 Armin Biere, JKU Linz
c 
c Version 1.0.3 cb89cbfa16f47cb7bf1ec6ad9855e7b6d5203c18
c g++ (GCC) 6.3.0 -Wall -Wextra -O3 -DNDEBUG
c Fri Aug 23 08:17:16 CDT 2019 Linux login1 4.4.103-6.38-default x86_64
c 
c --- [ config ] -------------------------------------------------------------
c 
c using 'unsat' configuration (target unsatisfiable instances)
c 
c --- [ proof tracing ] ------------------------------------------------------
c 
c opening file to write '/tmp/18_975_0_four.drat'
c writing binary proof trace to '/tmp/18_975_0_four.drat'
c 
c --- [ parsing input ] ------------------------------------------------------
c 
c reading DIMACS file from '/tmp/18_975_0_four.cnf'
c opening file to read '/tmp/18_975_0_four.cnf'
c found 'p cnf 259840 1039929' header
c parsed 1039929 clauses in 0.45 seconds process time
c 
c --- [ options ] ------------------------------------------------------------
c 
c   --stabilize=false              (different from default 'true')
c   --walk=false                   (different from default 'true')
c 
c --- [ solving ] ------------------------------------------------------------
c 
c time measured in process time since initialization
c 
c  seconds   reductions  redundant   irredundant
c          MB    restarts       trail        variables
c           level   conflicts       glue           remaining
c 
c *  0.47 139  0 0   0    0    0  0% 0 1039424 254200 98%
c {  0.49 141  0 0   0    0    0  0% 0 1039424 254200 98%
c i  0.52 144 403 0   7  247  145  4% 4 1039424 254174 98%
c -  0.69 147 324 1  22  304  187  4% 5 926072 254174 98%
c i  0.75 147 277 1  33  351  231  4% 6 926072 254148 98%
c i  0.76 147 241 1  43  396  269  4% 6 926072 253327 97%
c I  1.13 147 92 1 126 1007  783  6% 8 926072 253327 97%
c -  1.80 177 67 2 173 1484 1165  6% 8 913376 253327 97%
c i  1.84 177 64 2 179 1587 1252  6% 8 913376 253297 97%
c B  2.69 177 53 2 275 3008 2470  8% 9 913376 253297 97%
c -  3.11 184 51 3 288 3251 2090  8% 9 912850 253297 97%
c s  4.99 203 46 3 337 4064 2811  9% 9 912850 253297 97%
c v  6.63 203 46 3 337 4064 2811  9% 9 912846 253297 97%
c w  7.08 203 46 3 337 4064 2806  9% 9 912846 253297 97%
c t  7.16 203 46 3 337 4064 2806  9% 9 912344 253267 97%
c e 10.36 207 46 3 337 4064   44  9% 9 225723 27931 11%
c s 10.65 207 46 3 337 4064   41  9% 9 225474 27931 11%
c e 11.06 152 46 3 337 4064   37  9% 9 225468 27854 11%
c 3 11.46 164 47 3 438 5005 4592  6% 9 225468 27854 11%
c d 11.54 164 47 3 438 5005 4592  6% 9 225468 27853 11%
c 
c  seconds   reductions  redundant  irredundant
c          MB    restarts       trail       variables
c           level   conflicts       glue         remaining
c 
c 2 11.57 164 47 3 438 5005 4590  6% 9 225468 27853 11%
c p 11.66 164 47 3 438 5005 5745  6% 9 225468 27853 11%
c - 11.81 164 45 4 448 5603 1449  6% 9 225468 27853 11%
c i 11.84 164 43 4 449 6006 1779  6% 9 225468 27777 11%
c F 11.84 164 43 4 449 6012 1782  5% 9 225468 27760 11%
c i 11.84 164 43 4 449 6012 1782  5% 9 225468 27759 11%
c i 11.84 164 42 4 449 6067 1820  5% 8 225468 27715 11%
c i 11.86 164 41 4 449 6210 1945  5% 8 225468 27265 10%
c i 11.86 164 41 4 449 6212 1943  5% 8 225468 27244 10%
c } 11.86 164 41 4 449 6214 1943  5% 8 225468 27085 10%
c 0 11.86 164 41 4 449 6214 1943  5% 8 225468 27085 10%
c 
c --- [ result ] -------------------------------------------------------------
c 
s UNSATISFIABLE
c 
c --- [ run-time profiling ] -------------------------------------------------
c 
c process time taken by individual solving procedures
c (percentage relative to process time for solving)
c 
c         6.94   60.89% simplify
c         4.44   38.97% search
c         4.42   38.79% unstable
c         3.49   30.62% elim
c         1.93   16.91% vivify
c         1.14    9.96% subsume
c         0.10    0.91% ternary
c         0.09    0.81% probe
c         0.02    0.18% lucky
c   =================================
c        11.40   96.19% solve
c 
c last line shows process time for solving
c (percentage relative to total process time)
c 
c --- [ statistics ] ---------------------------------------------------------
c 
c backtracked:               19721       317.36 %  of conflicts
c chronological:              2569        13.03 %  of backtracks
c conflicts:                  6214       544.90    per second
c decisions:                 33162      2907.93    per second
c eliminated:               225413        86.75 %  of all variables
c fixed:                      7341         2.83 %  of all variables
c learned:                    5723        92.10 %  per conflict
c minimized:                 46982        23.78 %  learned literals
c propagations:           14611274         1.28 M  per second
c reduced:                     602         9.69 %  per conflict
c rephased:                      3      2071.33    interval
c restarts:                    449        13.84    interval
c substituted:                   1         0.00 %  of all variables
c subsumed:                   5934         0.20 %  of all clauses
c strengthened:              15347         0.50 %  of all clauses
c ternary:                    4158         0.34 %  of resolved
c vivified:                    146         0.00 %  of all clauses
c weakened:                 801196         2.83    average size
c 
c seconds are measured in process time for solving
c 
c --- [ resources ] ----------------------------------------------------------
c 
c total process time since initialization:        11.86    seconds
c total real time since initialization:           11.86    seconds
c maximum resident set size of process:          212.89    MB
c 
c --- [ shutting down ] ------------------------------------------------------
c 
c exit 20
