c --- [ banner ] -------------------------------------------------------------
c 
c CaDiCaL Radically Simplified CDCL SAT Solver
c Copyright (c) 2016-2019 Armin Biere, JKU Linz
c 
c Version 1.0.3 cb89cbfa16f47cb7bf1ec6ad9855e7b6d5203c18
c g++ (GCC) 6.3.0 -Wall -Wextra -O3 -DNDEBUG
c Fri Aug 23 08:17:16 CDT 2019 Linux login1 4.4.103-6.38-default x86_64
c 
c --- [ config ] -------------------------------------------------------------
c 
c using 'unsat' configuration (target unsatisfiable instances)
c 
c --- [ proof tracing ] ------------------------------------------------------
c 
c opening file to write '/tmp/47_496_0_four.drat'
c writing binary proof trace to '/tmp/47_496_0_four.drat'
c 
c --- [ parsing input ] ------------------------------------------------------
c 
c reading DIMACS file from '/tmp/47_496_0_four.cnf'
c opening file to read '/tmp/47_496_0_four.cnf'
c found 'p cnf 259840 1039929' header
c parsed 1039929 clauses in 0.70 seconds process time
c 
c --- [ options ] ------------------------------------------------------------
c 
c   --stabilize=false              (different from default 'true')
c   --walk=false                   (different from default 'true')
c 
c --- [ solving ] ------------------------------------------------------------
c 
c time measured in process time since initialization
c 
c  seconds   reductions  redundant   irredundant
c          MB    restarts       trail        variables
c           level   conflicts       glue           remaining
c 
c *  0.72 139  0 0   0    0    0  0% 0 1039424 252986 97%
c {  0.74 142  0 0   0    0    0  0% 0 1039424 252986 97%
c -  0.94 147 240 1   8  300  182  6% 4 909731 252986 97%
c }  0.97 147 234 1  10  311  190  6% 5 909731 252887 97%
c 0  0.97 147 234 1  10  311  190  6% 5 909731 252887 97%
c 
c --- [ result ] -------------------------------------------------------------
c 
s UNSATISFIABLE
c 
c --- [ run-time profiling ] -------------------------------------------------
c 
c process time taken by individual solving procedures
c (percentage relative to process time for solving)
c 
c         0.25   92.54% search
c         0.22   83.58% unstable
c         0.02    8.96% lucky
c         0.00    0.00% simplify
c   =================================
c         0.27   27.69% solve
c 
c last line shows process time for solving
c (percentage relative to total process time)
c 
c --- [ statistics ] ---------------------------------------------------------
c 
c backtracked:                 453       145.66 %  of conflicts
c chronological:               254        56.07 %  of backtracks
c conflicts:                   311      1160.45    per second
c decisions:                  2169      8093.28    per second
c fixed:                      6953         2.68 %  of all variables
c learned:                     299        96.14 %  per conflict
c minimized:                   229        10.66 %  learned literals
c propagations:             178400         0.67 M  per second
c restarts:                     10        31.10    interval
c subsumed:                    108         0.01 %  of all clauses
c 
c seconds are measured in process time for solving
c 
c --- [ resources ] ----------------------------------------------------------
c 
c total process time since initialization:         0.97    seconds
c total real time since initialization:            0.97    seconds
c maximum resident set size of process:          154.58    MB
c 
c --- [ shutting down ] ------------------------------------------------------
c 
c exit 20
