c --- [ banner ] -------------------------------------------------------------
c 
c CaDiCaL Radically Simplified CDCL SAT Solver
c Copyright (c) 2016-2019 Armin Biere, JKU Linz
c 
c Version 1.0.3 cb89cbfa16f47cb7bf1ec6ad9855e7b6d5203c18
c g++ (GCC) 6.3.0 -Wall -Wextra -O3 -DNDEBUG
c Fri Aug 23 08:17:16 CDT 2019 Linux login1 4.4.103-6.38-default x86_64
c 
c --- [ config ] -------------------------------------------------------------
c 
c using 'unsat' configuration (target unsatisfiable instances)
c 
c --- [ proof tracing ] ------------------------------------------------------
c 
c opening file to write '/tmp/47_911_0_four.drat'
c writing binary proof trace to '/tmp/47_911_0_four.drat'
c 
c --- [ parsing input ] ------------------------------------------------------
c 
c reading DIMACS file from '/tmp/47_911_0_four.cnf'
c opening file to read '/tmp/47_911_0_four.cnf'
c found 'p cnf 259840 1039929' header
c parsed 1039929 clauses in 0.49 seconds process time
c 
c --- [ options ] ------------------------------------------------------------
c 
c   --stabilize=false              (different from default 'true')
c   --walk=false                   (different from default 'true')
c 
c --- [ solving ] ------------------------------------------------------------
c 
c time measured in process time since initialization
c 
c  seconds   reductions  redundant   irredundant
c          MB    restarts       trail        variables
c           level   conflicts       glue           remaining
c 
c *  0.51 139  0 0   0    0    0  0% 0 1039424 253620 98%
c {  0.54 142  0 0   0    0    0  0% 0 1039424 253620 98%
c -  0.73 146 252 1  10  301  179  6% 4 918179 253620 98%
c I  1.13 146 81 1 134 1007  762  6% 8 918179 253620 98%
c -  1.69 177 63 2 179 1491 1162  6% 8 918179 253620 98%
c B  2.45 177 45 2 283 3014 2482  7% 9 918179 253620 98%
c -  2.82 177 45 3 283 3258 2200  7% 8 918179 253620 98%
c s  4.02 158 37 3 301 4071 2877  7% 8 918179 253620 98%
c v  5.22 181 37 3 301 4071 2877  7% 8 918178 253620 98%
c w  5.54 182 37 3 301 4071 2876  7% 8 918178 253620 98%
c t  5.60 182 37 3 301 4071 2876  7% 8 917604 253620 98%
c e  8.30 198 37 3 301 4071   44  7% 8 227385 28058 11%
c s  8.55 198 37 3 301 4071   44  7% 8 227154 28058 11%
c e  8.87 145 37 3 301 4071   28  7% 8 227154 27974 11%
c 3  9.21 164 35 3 373 5012 4045  6% 8 227154 27974 11%
c 3  9.23 164 35 3 373 5012 4292  6% 8 227154 27974 11%
c d  9.28 164 35 3 373 5012 4248  6% 8 227154 27968 11%
c 2  9.30 164 35 3 373 5012 4236  6% 8 227154 27968 11%
c p  9.36 164 35 3 373 5012 5257  6% 8 227154 27968 11%
c -  9.51 164 36 4 425 5616 1515  6% 8 227154 27968 11%
c 
c  seconds   reductions  redundant  irredundant
c          MB    restarts       trail       variables
c           level   conflicts       glue         remaining
c 
c F  9.56 164 35 4 444 6017 1879  6% 8 227154 27968 11%
c -  9.79 164 33 5 619 7652 2532  6% 8 227154 27968 11%
c B 10.05 164 31 5 777 10018 4617  6% 8 227154 27968 11%
c - 10.11 164 31 6 785 10093 3384  6% 8 227154 27968 11%
c i 10.23 164 30 6 849 11234 4359  6% 8 227154 27956 11%
c i 10.47 164 29 6 895 12783 5703  7% 8 227154 27944 11%
c i 10.47 164 29 6 895 12833 5739  7% 8 227154 27942 11%
c i 10.50 164 29 6 905 12938 5826  7% 8 227154 27803 11%
c - 10.58 164 29 7 906 12948 2941  7% 8 212342 27645 11%
c } 10.58 164 29 7 906 12956 2947  7% 8 212342 27462 11%
c 0 10.58 164 29 7 906 12956 2947  7% 8 212342 27462 11%
c 
c --- [ result ] -------------------------------------------------------------
c 
s UNSATISFIABLE
c 
c --- [ run-time profiling ] -------------------------------------------------
c 
c process time taken by individual solving procedures
c (percentage relative to process time for solving)
c 
c         5.55   55.01% simplify
c         4.52   44.79% search
c         4.49   44.51% unstable
c         2.93   29.05% elim
c         1.39   13.75% vivify
c         0.93    9.24% subsume
c         0.09    0.91% ternary
c         0.06    0.63% probe
c         0.03    0.28% lucky
c   =================================
c        10.09   95.35% solve
c 
c last line shows process time for solving
c (percentage relative to total process time)
c 
c --- [ statistics ] ---------------------------------------------------------
c 
c backtracked:               26547       204.90 %  of conflicts
c chronological:              5369        20.22 %  of backtracks
c conflicts:                 12956      1283.79    per second
c decisions:                 57096      5657.55    per second
c eliminated:               225646        86.84 %  of all variables
c fixed:                      6726         2.59 %  of all variables
c learned:                   12016        92.74 %  per conflict
c minimized:                115154        27.29 %  learned literals
c propagations:           14296820         1.42 M  per second
c reduced:                    3615        27.90 %  per conflict
c rephased:                      4      3239.00    interval
c restarts:                    906        14.30    interval
c substituted:                   6         0.00 %  of all variables
c subsumed:                   6435         0.21 %  of all clauses
c strengthened:              15333         0.50 %  of all clauses
c ternary:                    3943         0.34 %  of resolved
c vivified:                     92         0.00 %  of all clauses
c weakened:                 806493         2.84    average size
c 
c seconds are measured in process time for solving
c 
c --- [ resources ] ----------------------------------------------------------
c 
c total process time since initialization:        10.58    seconds
c total real time since initialization:           10.59    seconds
c maximum resident set size of process:          208.69    MB
c 
c --- [ shutting down ] ------------------------------------------------------
c 
c exit 20
