c --- [ banner ] -------------------------------------------------------------
c 
c CaDiCaL Radically Simplified CDCL SAT Solver
c Copyright (c) 2016-2019 Armin Biere, JKU Linz
c 
c Version 1.0.3 cb89cbfa16f47cb7bf1ec6ad9855e7b6d5203c18
c g++ (GCC) 6.3.0 -Wall -Wextra -O3 -DNDEBUG
c Fri Aug 23 08:17:16 CDT 2019 Linux login1 4.4.103-6.38-default x86_64
c 
c --- [ config ] -------------------------------------------------------------
c 
c using 'unsat' configuration (target unsatisfiable instances)
c 
c --- [ proof tracing ] ------------------------------------------------------
c 
c opening file to write '/tmp/0_506_0_three.drat'
c writing binary proof trace to '/tmp/0_506_0_three.drat'
c 
c --- [ parsing input ] ------------------------------------------------------
c 
c reading DIMACS file from '/tmp/0_506_0_three.cnf'
c opening file to read '/tmp/0_506_0_three.cnf'
c found 'p cnf 202048 780990' header
c parsed 780990 clauses in 0.50 seconds process time
c 
c --- [ options ] ------------------------------------------------------------
c 
c   --stabilize=false              (different from default 'true')
c   --walk=false                   (different from default 'true')
c 
c --- [ solving ] ------------------------------------------------------------
c 
c time measured in process time since initialization
c 
c  seconds  reductions  redundant  irredundant
c         MB    restarts       trail       variables
c          level   conflicts       glue          remaining
c 
c *  0.52 97  0 0   0    0    0  0% 0 780480 197134 98%
c {  0.54 99  0 0   0    0    0  0% 0 780480 197134 98%
c -  0.73 104 229 1  25  300  196  5% 5 689625 197134 98%
c I  1.28 109 71 1 165 1003  849  8% 7 689625 197134 98%
c -  1.87 127 57 2 201 1409 1172  8% 7 689625 197134 98%
c B  2.91 128 38 2 369 3005 2632  9% 8 689625 197134 98%
c -  3.11 128 38 3 373 3064 2152  8% 8 689625 197134 98%
c s  4.23 113 35 3 448 3971 2949  9% 8 689625 197134 98%
c v  5.26 136 35 3 448 3971 2949  9% 8 689621 197134 98%
c w  5.51 136 35 3 448 3971 2939  9% 8 689621 197134 98%
c t  5.57 136 35 3 448 3971 2938  9% 8 689010 197134 98%
c e  7.30 135 35 3 448 3971   15  9% 8 169486 25800 13%
c s  7.47 143 35 3 448 3971   14  9% 8 169350 25800 13%
c e  7.68 143 35 3 448 3971   14  9% 8 169329 25760 13%
c 3  7.94 143 33 3 513 5000 3169  4% 8 169329 25760 13%
c 3  7.95 143 33 3 513 5000 3187  4% 8 169329 25760 13%
c d  7.99 143 33 3 513 5000 3177  4% 8 169329 25759 13%
c 2  8.00 143 33 3 513 5000 3175  4% 8 169329 25759 13%
c p  8.06 143 33 3 513 5000 4467  4% 8 169329 25759 13%
c -  8.13 143 32 4 520 5270 1236  5% 8 169329 25759 13%
c 
c  seconds   reductions  redundant  irredundant
c          MB    restarts       trail       variables
c           level   conflicts       glue         remaining
c 
c F  8.19 143 30 4 556 6006 1880  5% 8 169329 25759 13%
c i  8.28 143 28 4 629 6854 2630  5% 8 169329 25758 13%
c -  8.34 143 27 5 629 7113 2206  5% 8 169194 25758 13%
c i  8.35 143 27 5 629 7342 2401  5% 8 169194 25711 13%
c i  8.35 143 27 5 629 7343 2401  5% 8 169194 25561 13%
c }  8.35 143 27 5 629 7346 2401  5% 8 169194 25543 13%
c 0  8.35 143 27 5 629 7346 2401  5% 8 169194 25543 13%
c 
c --- [ result ] -------------------------------------------------------------
c 
s UNSATISFIABLE
c 
c --- [ run-time profiling ] -------------------------------------------------
c 
c process time taken by individual solving procedures
c (percentage relative to process time for solving)
c 
c         3.93   50.10% simplify
c         3.90   49.69% search
c         3.88   49.49% unstable
c         1.88   23.96% elim
c         1.18   14.98% vivify
c         0.64    8.10% subsume
c         0.06    0.82% ternary
c         0.05    0.66% probe
c         0.02    0.20% lucky
c   =================================
c         7.85   93.97% solve
c 
c last line shows process time for solving
c (percentage relative to total process time)
c 
c --- [ statistics ] ---------------------------------------------------------
c 
c backtracked:               22064       300.35 %  of conflicts
c chronological:              3004        13.61 %  of backtracks
c conflicts:                  7346       936.03    per second
c decisions:                 34671      4417.81    per second
c eliminated:               171374        84.82 %  of all variables
c fixed:                      5130         2.54 %  of all variables
c learned:                    6940        94.47 %  per conflict
c minimized:                 54926        26.54 %  learned literals
c propagations:           13979558         1.78 M  per second
c reduced:                    1197        16.29 %  per conflict
c rephased:                      3      2448.67    interval
c restarts:                    629        11.68    interval
c substituted:                   1         0.00 %  of all variables
c subsumed:                   3916         0.17 %  of all clauses
c strengthened:               9531         0.42 %  of all clauses
c ternary:                    2467         0.33 %  of resolved
c vivified:                    142         0.01 %  of all clauses
c weakened:                 607406         2.84    average size
c 
c seconds are measured in process time for solving
c 
c --- [ resources ] ----------------------------------------------------------
c 
c total process time since initialization:         8.35    seconds
c total real time since initialization:            8.35    seconds
c maximum resident set size of process:          153.74    MB
c 
c --- [ shutting down ] ------------------------------------------------------
c 
c exit 20
