c --- [ banner ] -------------------------------------------------------------
c 
c CaDiCaL Radically Simplified CDCL SAT Solver
c Copyright (c) 2016-2019 Armin Biere, JKU Linz
c 
c Version 1.0.3 cb89cbfa16f47cb7bf1ec6ad9855e7b6d5203c18
c g++ (GCC) 6.3.0 -Wall -Wextra -O3 -DNDEBUG
c Fri Aug 23 08:17:16 CDT 2019 Linux login1 4.4.103-6.38-default x86_64
c 
c --- [ config ] -------------------------------------------------------------
c 
c using 'unsat' configuration (target unsatisfiable instances)
c 
c --- [ proof tracing ] ------------------------------------------------------
c 
c opening file to write '/tmp/0_517_0_three.drat'
c writing binary proof trace to '/tmp/0_517_0_three.drat'
c 
c --- [ parsing input ] ------------------------------------------------------
c 
c reading DIMACS file from '/tmp/0_517_0_three.cnf'
c opening file to read '/tmp/0_517_0_three.cnf'
c found 'p cnf 202048 780990' header
c parsed 780990 clauses in 0.31 seconds process time
c 
c --- [ options ] ------------------------------------------------------------
c 
c   --stabilize=false              (different from default 'true')
c   --walk=false                   (different from default 'true')
c 
c --- [ solving ] ------------------------------------------------------------
c 
c time measured in process time since initialization
c 
c  seconds  reductions  redundant  irredundant
c         MB    restarts       trail       variables
c          level   conflicts       glue          remaining
c 
c *  0.32 97  0 0   0    0    0  0% 0 780480 196642 97%
c {  0.34 99  0 0   0    0    0  0% 0 780480 196642 97%
c -  0.53 105 293 1   8  300  172  5% 4 683285 196642 97%
c i  0.90 110 122 1 102  685  529  7% 7 683285 196344 97%
c i  0.90 110 121 1 102  686  529  7% 7 683285 196248 97%
c i  0.90 110 121 1 102  690  530  7% 7 683285 196247 97%
c i  0.90 110 120 1 102  691  530  7% 7 683285 195817 97%
c i  0.93 110 105 1 102  782  607  7% 6 683285 195267 97%
c i  1.11 110 85 1 144  989  802  7% 7 683285 194561 96%
c I  1.11 110 83 1 147 1002  813  7% 7 683285 194561 96%
c i  1.11 110 82 1 149 1010  820  7% 7 683285 194332 96%
c i  1.11 110 82 1 150 1012  821  7% 7 683285 194155 96%
c }  1.11 110 82 1 150 1014  821  7% 7 683285 193443 96%
c 0  1.11 110 82 1 150 1014  821  7% 7 683285 193443 96%
c 
c --- [ result ] -------------------------------------------------------------
c 
s UNSATISFIABLE
c 
c --- [ run-time profiling ] -------------------------------------------------
c 
c process time taken by individual solving procedures
c (percentage relative to process time for solving)
c 
c         0.79   98.01% search
c         0.78   96.52% unstable
c         0.01    1.49% lucky
c         0.00    0.00% simplify
c   =================================
c         0.80   72.30% solve
c 
c last line shows process time for solving
c (percentage relative to total process time)
c 
c --- [ statistics ] ---------------------------------------------------------
c 
c backtracked:                1372       135.31 %  of conflicts
c chronological:               550        40.09 %  of backtracks
c conflicts:                  1014      1261.19    per second
c decisions:                 10683     13287.31    per second
c fixed:                      8605         4.26 %  of all variables
c learned:                     967        95.36 %  per conflict
c minimized:                  2320        13.27 %  learned literals
c propagations:            2225963         2.77 M  per second
c rephased:                      1      1014.00    interval
c restarts:                    150         6.76    interval
c subsumed:                    137         0.01 %  of all clauses
c 
c seconds are measured in process time for solving
c 
c --- [ resources ] ----------------------------------------------------------
c 
c total process time since initialization:         1.11    seconds
c total real time since initialization:            1.12    seconds
c maximum resident set size of process:          110.57    MB
c 
c --- [ shutting down ] ------------------------------------------------------
c 
c exit 20
