c --- [ banner ] -------------------------------------------------------------
c 
c CaDiCaL Radically Simplified CDCL SAT Solver
c Copyright (c) 2016-2019 Armin Biere, JKU Linz
c 
c Version 1.0.3 cb89cbfa16f47cb7bf1ec6ad9855e7b6d5203c18
c g++ (GCC) 6.3.0 -Wall -Wextra -O3 -DNDEBUG
c Fri Aug 23 08:17:16 CDT 2019 Linux login1 4.4.103-6.38-default x86_64
c 
c --- [ config ] -------------------------------------------------------------
c 
c using 'unsat' configuration (target unsatisfiable instances)
c 
c --- [ proof tracing ] ------------------------------------------------------
c 
c opening file to write '/tmp/0_60_0_three.drat'
c writing binary proof trace to '/tmp/0_60_0_three.drat'
c 
c --- [ parsing input ] ------------------------------------------------------
c 
c reading DIMACS file from '/tmp/0_60_0_three.cnf'
c opening file to read '/tmp/0_60_0_three.cnf'
c found 'p cnf 202048 780990' header
c parsed 780990 clauses in 0.30 seconds process time
c 
c --- [ options ] ------------------------------------------------------------
c 
c   --stabilize=false              (different from default 'true')
c   --walk=false                   (different from default 'true')
c 
c --- [ solving ] ------------------------------------------------------------
c 
c time measured in process time since initialization
c 
c  seconds  reductions  redundant  irredundant
c         MB    restarts       trail       variables
c          level   conflicts       glue          remaining
c 
c *  0.32 97  0 0   0    0    0  0% 0 780480 197044 98%
c {  0.33 99  0 0   0    0    0  0% 0 780480 197044 98%
c -  0.45 101 318 1   0  300  158  7% 3 688058 197044 98%
c I  1.01 106 103 1 151 1003  770  7% 8 688058 197044 98%
c -  1.53 125 82 2 196 1404 1145  8% 8 688058 197044 98%
c B  2.56 125 54 2 360 3005 2638  9% 8 688058 197044 98%
c -  2.77 126 54 3 361 3057 2148  9% 8 688058 197044 98%
c s  3.89 111 48 3 427 3973 2943  9% 8 688058 197044 98%
c w  5.20 137 48 3 427 3973 2942  9% 8 688058 197044 98%
c t  5.25 137 48 3 427 3973 2942  9% 8 687611 197044 98%
c e  7.00 140 48 3 427 3973   21  9% 8 168944 25763 13%
c s  7.17 158 48 3 427 3973   21  9% 8 168838 25763 13%
c e  7.38 159 48 3 427 3973   21  9% 8 168817 25738 13%
c 3  7.63 159 43 3 468 5000 2507  4% 8 168817 25738 13%
c 3  7.64 159 43 3 468 5000 2591  4% 8 168817 25738 13%
c d  7.68 159 43 3 468 5000 2559  4% 8 168817 25734 13%
c 2  7.70 159 43 3 468 5000 2551  4% 8 168817 25734 13%
c p  7.74 159 43 3 468 5000 3508  4% 8 168817 25733 13%
c -  7.80 159 42 4 490 5263 1243  4% 8 168674 25733 13%
c F  7.87 159 39 4 550 6006 1929  5% 8 168674 25733 13%
c 
c  seconds   reductions  redundant  irredundant
c          MB    restarts       trail       variables
c           level   conflicts       glue         remaining
c 
c -  7.97 159 36 5 586 7103 2244  5% 8 168674 25733 13%
c i  8.08 159 30 5 598 8638 3593  5% 8 168674 25728 13%
c i  8.08 159 30 5 598 8652 3600  5% 8 168674 25724 13%
c i  8.08 159 30 5 598 8653 3600  5% 8 168674 25713 13%
c i  8.08 159 30 5 598 8654 3600  5% 8 168674 25696 13%
c i  8.08 159 30 5 598 8655 3600  5% 8 168674 25660 13%
c }  8.08 159 30 5 598 8662 3603  5% 8 168674 25303 13%
c 0  8.08 159 30 5 598 8662 3603  5% 8 168674 25303 13%
c 
c --- [ result ] -------------------------------------------------------------
c 
s UNSATISFIABLE
c 
c --- [ run-time profiling ] -------------------------------------------------
c 
c process time taken by individual solving procedures
c (percentage relative to process time for solving)
c 
c         3.99   51.26% simplify
c         3.78   48.59% search
c         3.76   48.38% unstable
c         1.90   24.42% elim
c         1.20   15.48% vivify
c         0.66    8.43% subsume
c         0.07    0.87% ternary
c         0.04    0.57% probe
c         0.02    0.21% lucky
c   =================================
c         7.78   96.24% solve
c 
c last line shows process time for solving
c (percentage relative to total process time)
c 
c --- [ statistics ] ---------------------------------------------------------
c 
c backtracked:               23590       272.34 %  of conflicts
c chronological:              3771        15.99 %  of backtracks
c conflicts:                  8662      1113.37    per second
c decisions:                 40207      5167.99    per second
c eliminated:               171306        84.78 %  of all variables
c fixed:                      5435         2.69 %  of all variables
c learned:                    8222        94.92 %  per conflict
c minimized:                 57019        24.91 %  learned literals
c propagations:           13459646         1.73 M  per second
c reduced:                    1197        13.82 %  per conflict
c rephased:                      3      2887.33    interval
c restarts:                    598        14.48    interval
c substituted:                   4         0.00 %  of all variables
c subsumed:                   4059         0.18 %  of all clauses
c strengthened:              10139         0.44 %  of all clauses
c ternary:                    1958         0.28 %  of resolved
c vivified:                    193         0.01 %  of all clauses
c weakened:                 606027         2.84    average size
c 
c seconds are measured in process time for solving
c 
c --- [ resources ] ----------------------------------------------------------
c 
c total process time since initialization:         8.08    seconds
c total real time since initialization:            8.09    seconds
c maximum resident set size of process:          158.86    MB
c 
c --- [ shutting down ] ------------------------------------------------------
c 
c exit 20
