c --- [ banner ] -------------------------------------------------------------
c 
c CaDiCaL Radically Simplified CDCL SAT Solver
c Copyright (c) 2016-2019 Armin Biere, JKU Linz
c 
c Version 1.0.3 cb89cbfa16f47cb7bf1ec6ad9855e7b6d5203c18
c g++ (GCC) 6.3.0 -Wall -Wextra -O3 -DNDEBUG
c Fri Aug 23 08:17:16 CDT 2019 Linux login1 4.4.103-6.38-default x86_64
c 
c --- [ config ] -------------------------------------------------------------
c 
c using 'unsat' configuration (target unsatisfiable instances)
c 
c --- [ proof tracing ] ------------------------------------------------------
c 
c opening file to write '/tmp/40_245_0_three.drat'
c writing binary proof trace to '/tmp/40_245_0_three.drat'
c 
c --- [ parsing input ] ------------------------------------------------------
c 
c reading DIMACS file from '/tmp/40_245_0_three.cnf'
c opening file to read '/tmp/40_245_0_three.cnf'
c found 'p cnf 202048 780980' header
c parsed 780980 clauses in 0.34 seconds process time
c 
c --- [ options ] ------------------------------------------------------------
c 
c   --stabilize=false              (different from default 'true')
c   --walk=false                   (different from default 'true')
c 
c --- [ solving ] ------------------------------------------------------------
c 
c time measured in process time since initialization
c 
c  seconds  reductions  redundant  irredundant
c         MB    restarts       trail       variables
c          level   conflicts       glue          remaining
c 
c *  0.35 97  0 0   0    0    0  0% 0 780480 197721 98%
c {  0.37 99  0 0   0    0    0  0% 0 780480 197721 98%
c -  0.48 101 281 1   0  300  158  6% 3 696003 197721 98%
c I  1.08 106 93 1 138 1002  779  7% 7 696003 197721 98%
c i  1.09 106 84 1 138 1067  831  7% 7 696003 196934 97%
c -  1.60 126 74 2 174 1406 1083  8% 7 684422 196934 97%
c B  2.90 126 59 2 439 3004 2563  9% 9 684422 196934 97%
c -  3.11 131 61 3 439 3058 2135 10% 9 684422 196934 97%
c s  3.97 117 50 3 449 3962 2914  9% 8 684422 196934 97%
c w  5.26 136 50 3 449 3962 2900  9% 8 684422 196934 97%
c t  5.32 136 50 3 449 3962 2900  9% 8 683966 196934 97%
c e  7.06 140 50 3 449 3962   36  9% 8 168174 25748 13%
c s  7.22 144 50 3 449 3962   33  9% 8 168063 25748 13%
c e  7.44 144 50 3 449 3962   29  9% 8 168045 25720 13%
c 3  7.76 145 47 3 565 5001 3168  6% 8 168045 25720 13%
c 3  7.77 145 47 3 565 5001 3528  6% 8 168045 25720 13%
c d  7.81 145 47 3 565 5001 3478  6% 8 168045 25715 13%
c 2  7.83 145 47 3 565 5001 3468  6% 8 168045 25715 13%
c p  7.89 145 47 3 565 5001 3915  6% 8 168045 25714 13%
c i  7.92 145 47 3 567 5074 3977  6% 8 168045 25713 13%
c 
c  seconds   reductions  redundant  irredundant
c          MB    restarts       trail       variables
c           level   conflicts       glue         remaining
c 
c -  7.96 145 46 4 571 5260 1233  6% 8 167677 25713 13%
c F  8.05 145 45 4 681 6005 1905  6% 8 167677 25713 13%
c -  8.18 145 41 5 729 7101 2128  6% 8 167677 25713 13%
c -  8.43 145 34 6 762 9308 2908  6% 8 167677 25713 13%
c B  8.49 145 33 6 766 10006 3523  7% 8 167677 25713 13%
c i  8.55 145 32 6 780 10477 3956  7% 8 167677 25707 13%
c i  8.59 145 32 6 790 10721 4178  7% 8 167677 25679 13%
c i  8.60 145 32 6 801 10768 4220  7% 8 167677 25628 13%
c i  8.60 145 32 6 802 10770 4221  7% 8 167677 25578 13%
c i  8.66 145 30 6 829 11437 4798  7% 8 167677 25462 13%
c i  8.66 145 30 6 829 11543 4872  7% 8 167677 25263 13%
c i  8.66 145 30 6 829 11563 4878  7% 8 167677 25166 12%
c }  8.66 145 30 6 829 11570 4882  7% 8 167677 25146 12%
c 0  8.66 145 30 6 829 11570 4882  7% 8 167677 25146 12%
c 
c --- [ result ] -------------------------------------------------------------
c 
s UNSATISFIABLE
c 
c --- [ run-time profiling ] -------------------------------------------------
c 
c process time taken by individual solving procedures
c (percentage relative to process time for solving)
c 
c         4.34   52.07% search
c         4.32   51.87% unstable
c         3.98   47.74% simplify
c         1.89   22.72% elim
c         1.18   14.22% vivify
c         0.64    7.64% subsume
c         0.08    0.91% ternary
c         0.06    0.72% probe
c         0.02    0.19% lucky
c   =================================
c         8.33   96.12% solve
c 
c last line shows process time for solving
c (percentage relative to total process time)
c 
c --- [ statistics ] ---------------------------------------------------------
c 
c backtracked:               27232       235.37 %  of conflicts
c chronological:              4870        17.88 %  of backtracks
c conflicts:                 11570      1389.29    per second
c decisions:                 56178      6745.68    per second
c eliminated:               171214        84.74 %  of all variables
c fixed:                      5683         2.81 %  of all variables
c learned:                   11035        95.38 %  per conflict
c minimized:                 81245        26.26 %  learned literals
c propagations:           15651758         1.88 M  per second
c reduced:                    2351        20.32 %  per conflict
c rephased:                      4      2892.50    interval
c restarts:                    829        13.96    interval
c substituted:                   5         0.00 %  of all variables
c subsumed:                   4324         0.19 %  of all clauses
c strengthened:               9770         0.43 %  of all clauses
c ternary:                    2827         0.34 %  of resolved
c vivified:                    203         0.01 %  of all clauses
c weakened:                 602515         2.84    average size
c 
c seconds are measured in process time for solving
c 
c --- [ resources ] ----------------------------------------------------------
c 
c total process time since initialization:         8.66    seconds
c total real time since initialization:            8.67    seconds
c maximum resident set size of process:          151.61    MB
c 
c --- [ shutting down ] ------------------------------------------------------
c 
c exit 20
