c --- [ banner ] -------------------------------------------------------------
c 
c CaDiCaL Radically Simplified CDCL SAT Solver
c Copyright (c) 2016-2019 Armin Biere, JKU Linz
c 
c Version 1.0.3 cb89cbfa16f47cb7bf1ec6ad9855e7b6d5203c18
c g++ (GCC) 6.3.0 -Wall -Wextra -O3 -DNDEBUG
c Fri Aug 23 08:17:16 CDT 2019 Linux login1 4.4.103-6.38-default x86_64
c 
c --- [ config ] -------------------------------------------------------------
c 
c using 'unsat' configuration (target unsatisfiable instances)
c 
c --- [ proof tracing ] ------------------------------------------------------
c 
c opening file to write '/tmp/40_510_0_three.drat'
c writing binary proof trace to '/tmp/40_510_0_three.drat'
c 
c --- [ parsing input ] ------------------------------------------------------
c 
c reading DIMACS file from '/tmp/40_510_0_three.cnf'
c opening file to read '/tmp/40_510_0_three.cnf'
c found 'p cnf 202048 780980' header
c parsed 780980 clauses in 0.34 seconds process time
c 
c --- [ options ] ------------------------------------------------------------
c 
c   --stabilize=false              (different from default 'true')
c   --walk=false                   (different from default 'true')
c 
c --- [ solving ] ------------------------------------------------------------
c 
c time measured in process time since initialization
c 
c  seconds  reductions  redundant  irredundant
c         MB    restarts       trail       variables
c          level   conflicts       glue          remaining
c 
c *  0.35 97  0 0   0    0    0  0% 0 780480 197012 98%
c {  0.37 99  0 0   0    0    0  0% 0 780480 197012 98%
c -  0.48 101 281 1   0  301  158  7% 3 686517 197012 98%
c I  0.99 106 90 1 140 1002  792  7% 7 686517 197012 98%
c -  1.45 124 67 2 175 1402 1157  7% 8 686517 197012 98%
c i  2.55 124 49 2 374 2913 2547  9% 8 686517 195613 97%
c }  2.56 124 48 2 374 2945 2569  9% 8 686517 195573 97%
c 0  2.56 124 48 2 374 2945 2569  9% 8 686517 195573 97%
c 
c --- [ result ] -------------------------------------------------------------
c 
s UNSATISFIABLE
c 
c --- [ run-time profiling ] -------------------------------------------------
c 
c process time taken by individual solving procedures
c (percentage relative to process time for solving)
c 
c         2.20   99.28% search
c         2.19   98.56% unstable
c         0.02    0.72% lucky
c         0.00    0.00% simplify
c   =================================
c         2.22   86.85% solve
c 
c last line shows process time for solving
c (percentage relative to total process time)
c 
c --- [ statistics ] ---------------------------------------------------------
c 
c backtracked:                3878       131.68 %  of conflicts
c chronological:              1450        37.39 %  of backtracks
c conflicts:                  2945      1326.58    per second
c decisions:                 20542      9253.15    per second
c fixed:                      6475         3.20 %  of all variables
c learned:                    2819        95.72 %  per conflict
c minimized:                 15193        20.71 %  learned literals
c propagations:            7472856         3.37 M  per second
c reduced:                       2         0.07 %  per conflict
c rephased:                      1      2945.00    interval
c restarts:                    374         7.87    interval
c subsumed:                    246         0.02 %  of all clauses
c 
c seconds are measured in process time for solving
c 
c --- [ resources ] ----------------------------------------------------------
c 
c total process time since initialization:         2.56    seconds
c total real time since initialization:            2.56    seconds
c maximum resident set size of process:          124.07    MB
c 
c --- [ shutting down ] ------------------------------------------------------
c 
c exit 20
