c --- [ banner ] -------------------------------------------------------------
c 
c CaDiCaL Radically Simplified CDCL SAT Solver
c Copyright (c) 2016-2019 Armin Biere, JKU Linz
c 
c Version 1.0.3 cb89cbfa16f47cb7bf1ec6ad9855e7b6d5203c18
c g++ (GCC) 6.3.0 -Wall -Wextra -O3 -DNDEBUG
c Fri Aug 23 08:17:16 CDT 2019 Linux login1 4.4.103-6.38-default x86_64
c 
c --- [ config ] -------------------------------------------------------------
c 
c using 'unsat' configuration (target unsatisfiable instances)
c 
c --- [ proof tracing ] ------------------------------------------------------
c 
c opening file to write '/tmp/36_283_0_six.drat'
c writing binary proof trace to '/tmp/36_283_0_six.drat'
c 
c --- [ parsing input ] ------------------------------------------------------
c 
c reading DIMACS file from '/tmp/36_283_0_six.cnf'
c opening file to read '/tmp/36_283_0_six.cnf'
c found 'p cnf 50176 399294' header
c parsed 399294 clauses in 0.16 seconds process time
c 
c --- [ options ] ------------------------------------------------------------
c 
c   --stabilize=false              (different from default 'true')
c   --walk=false                   (different from default 'true')
c 
c --- [ solving ] ------------------------------------------------------------
c 
c time measured in process time since initialization
c 
c  seconds  reductions  redundant  irredundant
c         MB    restarts       trail       variables
c          level   conflicts       glue         remaining
c 
c *  0.16 44  0 0   0    0    0  0% 0 361759 48092 96%
c {  0.17 45  0 0   0    0    0  0% 0 361759 48092 96%
c i  0.18 46 53 0   7  145   90  7% 6 361759 48057 96%
c i  0.18 46 53 0   8  150   91  7% 6 361759 48016 96%
c -  0.24 46 58 1  16  300  182 10% 7 344665 48001 96%
c i  0.24 46 55 1  17  319  191 10% 7 344665 47474 95%
c i  0.24 46 52 1  20  358  200  9% 7 344665 46919 94%
c i  0.24 46 51 1  20  362  201  9% 7 344665 46917 94%
c i  0.24 46 49 1  20  376  208  9% 6 344665 46889 93%
c }  0.24 46 48 1  20  380  209  9% 6 344665 46745 93%
c 0  0.24 46 48 1  20  380  209  9% 6 344665 46745 93%
c 
c --- [ result ] -------------------------------------------------------------
c 
s UNSATISFIABLE
c 
c --- [ run-time profiling ] -------------------------------------------------
c 
c process time taken by individual solving procedures
c (percentage relative to process time for solving)
c 
c         0.08  100.00% search
c         0.07   94.74% unstable
c         0.00    5.26% lucky
c         0.00    0.00% simplify
c   =================================
c         0.08   31.67% solve
c 
c last line shows process time for solving
c (percentage relative to total process time)
c 
c --- [ statistics ] ---------------------------------------------------------
c 
c backtracked:                 441       116.05 %  of conflicts
c chronological:               159        36.05 %  of backtracks
c conflicts:                   380      5000.00    per second
c decisions:                  2768     36421.05    per second
c fixed:                      3431         6.84 %  of all variables
c learned:                     255        67.11 %  per conflict
c minimized:                  1358        19.79 %  learned literals
c propagations:             160055         2.11 M  per second
c restarts:                     20        19.00    interval
c subsumed:                     33         0.00 %  of all clauses
c 
c seconds are measured in process time for solving
c 
c --- [ resources ] ----------------------------------------------------------
c 
c total process time since initialization:         0.24    seconds
c total real time since initialization:            0.24    seconds
c maximum resident set size of process:           49.01    MB
c 
c --- [ shutting down ] ------------------------------------------------------
c 
c exit 20
