c --- [ banner ] -------------------------------------------------------------
c 
c CaDiCaL Radically Simplified CDCL SAT Solver
c Copyright (c) 2016-2019 Armin Biere, JKU Linz
c 
c Version 1.0.3 cb89cbfa16f47cb7bf1ec6ad9855e7b6d5203c18
c g++ (GCC) 6.3.0 -Wall -Wextra -O3 -DNDEBUG
c Fri Aug 23 08:17:16 CDT 2019 Linux login1 4.4.103-6.38-default x86_64
c 
c --- [ config ] -------------------------------------------------------------
c 
c using 'unsat' configuration (target unsatisfiable instances)
c 
c --- [ proof tracing ] ------------------------------------------------------
c 
c opening file to write '/tmp/36_642_0_six.drat'
c writing binary proof trace to '/tmp/36_642_0_six.drat'
c 
c --- [ parsing input ] ------------------------------------------------------
c 
c reading DIMACS file from '/tmp/36_642_0_six.cnf'
c opening file to read '/tmp/36_642_0_six.cnf'
c found 'p cnf 50176 399294' header
c parsed 399294 clauses in 0.19 seconds process time
c 
c --- [ options ] ------------------------------------------------------------
c 
c   --stabilize=false              (different from default 'true')
c   --walk=false                   (different from default 'true')
c 
c --- [ solving ] ------------------------------------------------------------
c 
c time measured in process time since initialization
c 
c  seconds  reductions  redundant  irredundant
c         MB    restarts       trail       variables
c          level   conflicts       glue         remaining
c 
c *  0.19 44  0 0   0    0    0  0% 0 361730 47928 96%
c {  0.20 45  0 0   0    0    0  0% 0 361730 47928 96%
c -  0.26 46 64 1  13  300  183 12% 6 343792 47928 96%
c I  0.34 47 54 1  69 1002  652 10% 8 343792 47928 96%
c i  0.35 47 50 1  69 1097  721 10% 7 343792 47890 95%
c -  0.48 59 47 2  83 1222  753 10% 8 342920 47890 95%
c }  0.50 59 42 2  98 1434  910 10% 8 342920 47837 95%
c 0  0.50 59 42 2  98 1434  910 10% 8 342920 47837 95%
c 
c --- [ result ] -------------------------------------------------------------
c 
s UNSATISFIABLE
c 
c --- [ run-time profiling ] -------------------------------------------------
c 
c process time taken by individual solving procedures
c (percentage relative to process time for solving)
c 
c         0.31  100.00% search
c         0.31   98.72% unstable
c         0.00    1.28% lucky
c         0.00    0.00% simplify
c   =================================
c         0.31   61.90% solve
c 
c last line shows process time for solving
c (percentage relative to total process time)
c 
c --- [ statistics ] ---------------------------------------------------------
c 
c backtracked:                1705       118.90 %  of conflicts
c chronological:               555        32.55 %  of backtracks
c conflicts:                  1434      4596.15    per second
c decisions:                  9731     31189.10    per second
c fixed:                      2339         4.66 %  of all variables
c learned:                    1098        76.57 %  per conflict
c minimized:                 12008        25.45 %  learned literals
c propagations:             708299         2.27 M  per second
c reduced:                      51         3.56 %  per conflict
c rephased:                      1      1434.00    interval
c restarts:                     98        14.63    interval
c subsumed:                    130         0.02 %  of all clauses
c 
c seconds are measured in process time for solving
c 
c --- [ resources ] ----------------------------------------------------------
c 
c total process time since initialization:         0.50    seconds
c total real time since initialization:            0.50    seconds
c maximum resident set size of process:           58.99    MB
c 
c --- [ shutting down ] ------------------------------------------------------
c 
c exit 20
