c --- [ banner ] -------------------------------------------------------------
c 
c CaDiCaL Radically Simplified CDCL SAT Solver
c Copyright (c) 2016-2019 Armin Biere, JKU Linz
c 
c Version 1.0.3 cb89cbfa16f47cb7bf1ec6ad9855e7b6d5203c18
c g++ (GCC) 6.3.0 -Wall -Wextra -O3 -DNDEBUG
c Fri Aug 23 08:17:16 CDT 2019 Linux login1 4.4.103-6.38-default x86_64
c 
c --- [ config ] -------------------------------------------------------------
c 
c using 'unsat' configuration (target unsatisfiable instances)
c 
c --- [ proof tracing ] ------------------------------------------------------
c 
c opening file to write '/tmp/65_1066_0_six.drat'
c writing binary proof trace to '/tmp/65_1066_0_six.drat'
c 
c --- [ parsing input ] ------------------------------------------------------
c 
c reading DIMACS file from '/tmp/65_1066_0_six.cnf'
c opening file to read '/tmp/65_1066_0_six.cnf'
c found 'p cnf 50176 399294' header
c parsed 399294 clauses in 0.15 seconds process time
c 
c --- [ options ] ------------------------------------------------------------
c 
c   --stabilize=false              (different from default 'true')
c   --walk=false                   (different from default 'true')
c 
c --- [ solving ] ------------------------------------------------------------
c 
c time measured in process time since initialization
c 
c  seconds  reductions  redundant  irredundant
c         MB    restarts       trail       variables
c          level   conflicts       glue         remaining
c 
c *  0.15 44  0 0   0    0    0  0% 0 361746 48196 96%
c {  0.16 45  0 0   0    0    0  0% 0 361746 48196 96%
c -  0.22 46 69 1  32  322  209  8% 10 349906 48196 96%
c I  0.28 48 66 1  58 1009  638 12% 9 349906 48196 96%
c -  0.40 60 67 2  65 1248  708 12% 9 349906 48196 96%
c -  0.59 60 64 3 146 2637 1298 11% 9 349906 48196 96%
c B  0.63 60 63 3 216 3011 1595 11% 10 349906 48196 96%
c -  0.84 60 61 4 307 4495 2008 11% 10 349906 48196 96%
c d  1.04 62 56 4 326 5000 2401 11% 10 345202 45844 91%
c 2  1.24 60 56 4 326 5000 2401 11% 10 339322 45844 91%
c p  1.46 63 56 4 326 5000 9595 11% 10 339322 45822 91%
c s  1.76 70 56 4 348 5821 10215 11% 10 339322 45822 91%
c v  2.21 70 56 4 348 5821 10215 11% 10 335645 45822 91%
c w  2.33 70 56 4 348 5821 10213 11% 10 335645 45822 91%
c t  2.37 70 56 4 348 5821 10210 11% 10 304621 45822 91%
c e  3.19 65 56 4 348 5821 5001 11% 10 285762 29056 58%
c F  3.49 74 55 4 348 6013 5136 10% 10 285762 29056 58%
c -  3.59 74 53 5 376 6812 1281  8% 10 285762 29056 58%
c -  3.88 74 53 6 560 9435 2738  8% 10 285762 29056 58%
c B  3.93 74 51 6 562 10014 3142  8% 10 285762 29056 58%
c 
c  seconds  reductions   redundant  irredundant
c         MB    restarts        trail       variables
c          level    conflicts       glue         remaining
c 
c -  4.20 74 48 7 597 12492 3537  8% 9 285762 29056 58%
c i  4.25 74 46 7 598 12978 3917  8% 9 285762 28951 58%
c i  4.25 74 46 7 598 12983 3920  8% 9 285762 28935 58%
c i  4.25 74 46 7 598 12988 3924  8% 9 285762 28844 57%
c i  4.25 74 46 7 598 12990 3923  8% 9 285762 28843 57%
c i  4.25 74 46 7 598 12991 3923  8% 9 285762 28842 57%
c i  4.25 74 46 7 598 12996 3925  8% 9 285762 28703 57%
c }  4.25 74 46 7 598 12998 3925  8% 9 285762 28617 57%
c 0  4.25 74 46 7 598 12998 3925  8% 9 285762 28617 57%
c 
c --- [ result ] -------------------------------------------------------------
c 
s UNSATISFIABLE
c 
c --- [ run-time profiling ] -------------------------------------------------
c 
c process time taken by individual solving procedures
c (percentage relative to process time for solving)
c 
c         2.20   53.76% simplify
c         1.90   46.24% search
c         1.89   46.15% unstable
c         0.81   19.71% elim
c         0.50   12.20% vivify
c         0.26    6.34% subsume
c         0.22    5.37% probe
c         0.15    3.61% ternary
c         0.00    0.10% lucky
c   =================================
c         4.10   96.43% solve
c 
c last line shows process time for solving
c (percentage relative to total process time)
c 
c --- [ statistics ] ---------------------------------------------------------
c 
c backtracked:               37497       288.48 %  of conflicts
c chronological:              4720        12.59 %  of backtracks
c conflicts:                 12998      3170.24    per second
c decisions:                 73131     17836.83    per second
c eliminated:                16766        33.41 %  of all variables
c fixed:                      2441         4.86 %  of all variables
c learned:                   11088        85.31 %  per conflict
c minimized:                145601        26.26 %  learned literals
c propagations:            6903122         1.68 M  per second
c reduced:                    3387        26.06 %  per conflict
c rephased:                      4      3249.50    interval
c restarts:                    598        21.74    interval
c substituted:                2352         4.69 %  of all variables
c subsumed:                  11347         0.89 %  of all clauses
c strengthened:               4090         0.32 %  of all clauses
c vivified:                   3801         0.30 %  of all clauses
c weakened:                 108495         4.00    average size
c 
c seconds are measured in process time for solving
c 
c --- [ resources ] ----------------------------------------------------------
c 
c total process time since initialization:         4.25    seconds
c total real time since initialization:            4.25    seconds
c maximum resident set size of process:           73.80    MB
c 
c --- [ shutting down ] ------------------------------------------------------
c 
c exit 20
