c --- [ banner ] -------------------------------------------------------------
c 
c CaDiCaL Radically Simplified CDCL SAT Solver
c Copyright (c) 2016-2019 Armin Biere, JKU Linz
c 
c Version 1.0.3 cb89cbfa16f47cb7bf1ec6ad9855e7b6d5203c18
c g++ (GCC) 6.3.0 -Wall -Wextra -O3 -DNDEBUG
c Fri Aug 23 08:17:16 CDT 2019 Linux login1 4.4.103-6.38-default x86_64
c 
c --- [ config ] -------------------------------------------------------------
c 
c using 'unsat' configuration (target unsatisfiable instances)
c 
c --- [ proof tracing ] ------------------------------------------------------
c 
c opening file to write '/tmp/9_797_0_six.drat'
c writing binary proof trace to '/tmp/9_797_0_six.drat'
c 
c --- [ parsing input ] ------------------------------------------------------
c 
c reading DIMACS file from '/tmp/9_797_0_six.cnf'
c opening file to read '/tmp/9_797_0_six.cnf'
c found 'p cnf 50176 399289' header
c parsed 399289 clauses in 0.16 seconds process time
c 
c --- [ options ] ------------------------------------------------------------
c 
c   --stabilize=false              (different from default 'true')
c   --walk=false                   (different from default 'true')
c 
c --- [ solving ] ------------------------------------------------------------
c 
c time measured in process time since initialization
c 
c  seconds  reductions  redundant  irredundant
c         MB    restarts       trail       variables
c          level   conflicts       glue         remaining
c 
c *  0.16 44  0 0   0    0    0  0% 0 363710 48115 96%
c {  0.17 45  0 0   0    0    0  0% 0 363710 48115 96%
c -  0.23 46 66 1  20  303  212  9% 10 347287 48115 96%
c I  0.30 47 66 1  61 1002  661 10% 10 347287 48115 96%
c -  0.42 59 61 2  67 1232  724 10% 10 347287 48115 96%
c -  0.61 60 52 3 115 2619 1207 10% 10 347287 48115 96%
c B  0.64 60 46 3 122 3011 1509 10% 9 347287 48115 96%
c i  0.78 60 40 3 156 4180 2405 10% 9 347287 48107 96%
c i  0.79 60 39 3 156 4243 2459 10% 9 347287 48079 96%
c -  0.89 60 40 4 189 4467 1959 10% 9 346245 48079 96%
c i  0.90 60 41 4 189 4606 2044 10% 9 346245 48006 96%
c i  0.91 60 40 4 189 4706 2109 10% 9 346245 47630 95%
c }  0.91 60 40 4 189 4714 2114 10% 9 346245 47457 95%
c 0  0.91 60 40 4 189 4714 2114 10% 9 346245 47457 95%
c 
c --- [ result ] -------------------------------------------------------------
c 
s UNSATISFIABLE
c 
c --- [ run-time profiling ] -------------------------------------------------
c 
c process time taken by individual solving procedures
c (percentage relative to process time for solving)
c 
c         0.75   99.47% search
c         0.74   98.94% unstable
c         0.00    0.53% lucky
c         0.00    0.00% simplify
c   =================================
c         0.75   82.46% solve
c 
c last line shows process time for solving
c (percentage relative to total process time)
c 
c --- [ statistics ] ---------------------------------------------------------
c 
c backtracked:                5454       115.70 %  of conflicts
c chronological:              1707        31.30 %  of backtracks
c conflicts:                  4714      6268.62    per second
c decisions:                 22721     30214.10    per second
c fixed:                      2719         5.42 %  of all variables
c learned:                    3664        77.73 %  per conflict
c minimized:                 55321        27.91 %  learned literals
c propagations:            2146706         2.85 M  per second
c reduced:                    1061        22.51 %  per conflict
c rephased:                      2      2357.00    interval
c restarts:                    189        24.94    interval
c subsumed:                    396         0.05 %  of all clauses
c 
c seconds are measured in process time for solving
c 
c --- [ resources ] ----------------------------------------------------------
c 
c total process time since initialization:         0.91    seconds
c total real time since initialization:            0.91    seconds
c maximum resident set size of process:           69.05    MB
c 
c --- [ shutting down ] ------------------------------------------------------
c 
c exit 20
