c --- [ banner ] -------------------------------------------------------------
c 
c CaDiCaL Radically Simplified CDCL SAT Solver
c Copyright (c) 2016-2019 Armin Biere, JKU Linz
c 
c Version 1.0.3 cb89cbfa16f47cb7bf1ec6ad9855e7b6d5203c18
c g++ (GCC) 6.3.0 -Wall -Wextra -O3 -DNDEBUG
c Fri Aug 23 08:17:16 CDT 2019 Linux login1 4.4.103-6.38-default x86_64
c 
c --- [ config ] -------------------------------------------------------------
c 
c using 'unsat' configuration (target unsatisfiable instances)
c 
c --- [ proof tracing ] ------------------------------------------------------
c 
c opening file to write '/tmp/10_354_0_three.drat'
c writing binary proof trace to '/tmp/10_354_0_three.drat'
c 
c --- [ parsing input ] ------------------------------------------------------
c 
c reading DIMACS file from '/tmp/10_354_0_three.cnf'
c opening file to read '/tmp/10_354_0_three.cnf'
c found 'p cnf 202048 780990' header
c parsed 780990 clauses in 0.38 seconds process time
c 
c --- [ options ] ------------------------------------------------------------
c 
c   --stabilize=false              (different from default 'true')
c   --walk=false                   (different from default 'true')
c 
c --- [ solving ] ------------------------------------------------------------
c 
c time measured in process time since initialization
c 
c  seconds  reductions  redundant  irredundant
c         MB    restarts       trail       variables
c          level   conflicts       glue          remaining
c 
c *  0.40 97  0 0   0    0    0  0% 0 780480 197196 98%
c {  0.42 99  0 0   0    0    0  0% 0 780480 197196 98%
c -  0.56 103 184 1  19  304  195  5% 5 689654 197196 98%
c I  0.97 108 59 1 111 1006  846  7% 6 689654 197196 98%
c -  1.41 126 48 2 161 1407 1169  7% 7 689654 197196 98%
c B  2.41 126 33 2 334 3010 2642  8% 7 689654 197196 98%
c -  2.61 126 32 3 334 3061 2218  8% 7 689654 197196 98%
c s  3.59 112 31 3 400 3970 2995  9% 8 689654 197196 98%
c w  4.79 134 31 3 400 3970 2993  9% 8 689654 197196 98%
c t  4.85 134 31 3 400 3970 2993  9% 8 689120 197196 98%
c e  6.58 135 31 3 400 3970   23  9% 8 169730 25864 13%
c s  6.75 144 31 3 400 3970   23  9% 8 169616 25864 13%
c e  6.96 144 31 3 400 3970   19  9% 8 169600 25826 13%
c 3  7.24 144 30 3 515 5000 3370  5% 8 169600 25826 13%
c p  7.36 144 30 3 515 5000 3881  5% 8 169600 25826 13%
c -  7.46 144 30 4 533 5268 1238  5% 8 169600 25826 13%
c F  7.54 144 28 4 590 6012 1922  5% 8 169600 25826 13%
c -  7.69 144 25 5 617 7113 2230  5% 8 169600 25826 13%
c i  7.74 144 24 5 617 7515 2584  5% 8 169600 25821 13%
c i  7.74 144 24 5 617 7613 2654  5% 7 169600 25811 13%
c 
c  seconds   reductions  redundant  irredundant
c          MB    restarts       trail       variables
c           level   conflicts       glue         remaining
c 
c i  7.74 144 24 5 617 7622 2662  5% 7 169600 25797 13%
c }  7.74 144 24 5 617 7630 2667  5% 7 169600 25736 13%
c 0  7.74 144 24 5 617 7630 2667  5% 7 169600 25736 13%
c 
c --- [ result ] -------------------------------------------------------------
c 
s UNSATISFIABLE
c 
c --- [ run-time profiling ] -------------------------------------------------
c 
c process time taken by individual solving procedures
c (percentage relative to process time for solving)
c 
c         3.87   52.55% simplify
c         3.48   47.23% search
c         3.46   47.01% unstable
c         1.88   25.54% elim
c         1.10   14.89% vivify
c         0.64    8.64% subsume
c         0.07    0.98% ternary
c         0.07    0.92% probe
c         0.02    0.22% lucky
c   =================================
c         7.36   95.04% solve
c 
c last line shows process time for solving
c (percentage relative to total process time)
c 
c --- [ statistics ] ---------------------------------------------------------
c 
c backtracked:               21077       276.24 %  of conflicts
c chronological:              3188        15.13 %  of backtracks
c conflicts:                  7630      1036.68    per second
c decisions:                 30923      4201.49    per second
c eliminated:               171370        84.82 %  of all variables
c fixed:                      4942         2.45 %  of all variables
c learned:                    7252        95.05 %  per conflict
c minimized:                 52920        25.97 %  learned literals
c propagations:           12579201         1.71 M  per second
c reduced:                    1137        14.90 %  per conflict
c rephased:                      3      2543.33    interval
c restarts:                    617        12.37    interval
c subsumed:                   3949         0.17 %  of all clauses
c strengthened:               9669         0.42 %  of all clauses
c ternary:                    2610         0.33 %  of resolved
c vivified:                     90         0.00 %  of all clauses
c weakened:                 607302         2.84    average size
c 
c seconds are measured in process time for solving
c 
c --- [ resources ] ----------------------------------------------------------
c 
c total process time since initialization:         7.74    seconds
c total real time since initialization:            7.75    seconds
c maximum resident set size of process:          155.22    MB
c 
c --- [ shutting down ] ------------------------------------------------------
c 
c exit 20
