c --- [ banner ] -------------------------------------------------------------
c 
c CaDiCaL Radically Simplified CDCL SAT Solver
c Copyright (c) 2016-2019 Armin Biere, JKU Linz
c 
c Version 1.0.3 cb89cbfa16f47cb7bf1ec6ad9855e7b6d5203c18
c g++ (GCC) 6.3.0 -Wall -Wextra -O3 -DNDEBUG
c Fri Aug 23 08:17:16 CDT 2019 Linux login1 4.4.103-6.38-default x86_64
c 
c --- [ config ] -------------------------------------------------------------
c 
c using 'unsat' configuration (target unsatisfiable instances)
c 
c --- [ proof tracing ] ------------------------------------------------------
c 
c opening file to write '/tmp/10_810_0_three.drat'
c writing binary proof trace to '/tmp/10_810_0_three.drat'
c 
c --- [ parsing input ] ------------------------------------------------------
c 
c reading DIMACS file from '/tmp/10_810_0_three.cnf'
c opening file to read '/tmp/10_810_0_three.cnf'
c found 'p cnf 202048 780990' header
c parsed 780990 clauses in 0.34 seconds process time
c 
c --- [ options ] ------------------------------------------------------------
c 
c   --stabilize=false              (different from default 'true')
c   --walk=false                   (different from default 'true')
c 
c --- [ solving ] ------------------------------------------------------------
c 
c time measured in process time since initialization
c 
c  seconds  reductions  redundant  irredundant
c         MB    restarts       trail       variables
c          level   conflicts       glue          remaining
c 
c *  0.35 97  0 0   0    0    0  0% 0 780480 196766 97%
c {  0.37 100  0 0   0    0    0  0% 0 780480 196766 97%
c -  0.49 101 276 1   0  301  158  7% 3 683360 196766 97%
c i  0.54 106 193 1  12  443  254  7% 4 683360 196765 97%
c i  0.58 106 172 1  22  479  285  7% 4 683360 195285 97%
c i  0.58 106 160 1  28  503  300  7% 4 683360 195054 97%
c i  0.60 106 144 1  38  540  333  7% 4 683360 194752 96%
c i  0.71 106 105 1  89  741  507  7% 5 683360 194461 96%
c i  0.75 106 98 1  98  793  554  7% 5 683360 193995 96%
c }  0.75 106 98 1  98  801  553  7% 5 683360 193301 96%
c 0  0.75 106 98 1  98  801  553  7% 5 683360 193301 96%
c 
c --- [ result ] -------------------------------------------------------------
c 
s UNSATISFIABLE
c 
c --- [ run-time profiling ] -------------------------------------------------
c 
c process time taken by individual solving procedures
c (percentage relative to process time for solving)
c 
c         0.40   96.12% search
c         0.38   92.23% unstable
c         0.02    3.88% lucky
c         0.00    0.00% simplify
c   =================================
c         0.41   55.08% solve
c 
c last line shows process time for solving
c (percentage relative to total process time)
c 
c --- [ statistics ] ---------------------------------------------------------
c 
c backtracked:                1136       141.82 %  of conflicts
c chronological:               542        47.71 %  of backtracks
c conflicts:                   801      1944.17    per second
c decisions:                  3989      9682.04    per second
c fixed:                      8747         4.33 %  of all variables
c learned:                     764        95.38 %  per conflict
c minimized:                  1642        18.62 %  learned literals
c propagations:            1032395         2.51 M  per second
c restarts:                     98         8.17    interval
c subsumed:                    203         0.01 %  of all clauses
c 
c seconds are measured in process time for solving
c 
c --- [ resources ] ----------------------------------------------------------
c 
c total process time since initialization:         0.75    seconds
c total real time since initialization:            0.75    seconds
c maximum resident set size of process:          106.91    MB
c 
c --- [ shutting down ] ------------------------------------------------------
c 
c exit 20
