c --- [ banner ] -------------------------------------------------------------
c 
c CaDiCaL Radically Simplified CDCL SAT Solver
c Copyright (c) 2016-2019 Armin Biere, JKU Linz
c 
c Version 1.0.3 cb89cbfa16f47cb7bf1ec6ad9855e7b6d5203c18
c g++ (GCC) 6.3.0 -Wall -Wextra -O3 -DNDEBUG
c Fri Aug 23 08:17:16 CDT 2019 Linux login1 4.4.103-6.38-default x86_64
c 
c --- [ config ] -------------------------------------------------------------
c 
c using 'unsat' configuration (target unsatisfiable instances)
c 
c --- [ proof tracing ] ------------------------------------------------------
c 
c opening file to write '/tmp/19_1202_0_six.drat'
c writing binary proof trace to '/tmp/19_1202_0_six.drat'
c 
c --- [ parsing input ] ------------------------------------------------------
c 
c reading DIMACS file from '/tmp/19_1202_0_six.cnf'
c opening file to read '/tmp/19_1202_0_six.cnf'
c found 'p cnf 50176 399294' header
c parsed 399294 clauses in 0.15 seconds process time
c 
c --- [ options ] ------------------------------------------------------------
c 
c   --stabilize=false              (different from default 'true')
c   --walk=false                   (different from default 'true')
c 
c --- [ solving ] ------------------------------------------------------------
c 
c time measured in process time since initialization
c 
c  seconds  reductions  redundant  irredundant
c         MB    restarts       trail       variables
c          level   conflicts       glue         remaining
c 
c *  0.15 44  0 0   0    0    0  0% 0 361747 47895 95%
c {  0.16 45  0 0   0    0    0  0% 0 361747 47895 95%
c -  0.21 46 48 1  31  301  222  7% 13 342921 47895 95%
c i  0.23 46 65 1  40  752  450  9% 11 342921 47849 95%
c i  0.24 46 62 1  40  821  478  8% 11 342921 47827 95%
c }  0.24 46 61 1  40  828  476  8% 11 342921 47542 95%
c 0  0.24 46 61 1  40  828  476  8% 11 342921 47542 95%
c 
c --- [ result ] -------------------------------------------------------------
c 
s UNSATISFIABLE
c 
c --- [ run-time profiling ] -------------------------------------------------
c 
c process time taken by individual solving procedures
c (percentage relative to process time for solving)
c 
c         0.08  100.00% search
c         0.08   95.24% unstable
c         0.00    4.76% lucky
c         0.00    0.00% simplify
c   =================================
c         0.08   35.59% solve
c 
c last line shows process time for solving
c (percentage relative to total process time)
c 
c --- [ statistics ] ---------------------------------------------------------
c 
c backtracked:                 948       114.49 %  of conflicts
c chronological:               278        29.32 %  of backtracks
c conflicts:                   828      9857.14    per second
c decisions:                  4766     56738.10    per second
c fixed:                      2634         5.25 %  of all variables
c learned:                     544        65.70 %  per conflict
c minimized:                  5242        21.81 %  learned literals
c propagations:             202991         2.42 M  per second
c restarts:                     40        20.70    interval
c subsumed:                     63         0.01 %  of all clauses
c 
c seconds are measured in process time for solving
c 
c --- [ resources ] ----------------------------------------------------------
c 
c total process time since initialization:         0.24    seconds
c total real time since initialization:            0.24    seconds
c maximum resident set size of process:           48.45    MB
c 
c --- [ shutting down ] ------------------------------------------------------
c 
c exit 20
