c --- [ banner ] -------------------------------------------------------------
c 
c CaDiCaL Radically Simplified CDCL SAT Solver
c Copyright (c) 2016-2019 Armin Biere, JKU Linz
c 
c Version 1.0.3 cb89cbfa16f47cb7bf1ec6ad9855e7b6d5203c18
c g++ (GCC) 6.3.0 -Wall -Wextra -O3 -DNDEBUG
c Fri Aug 23 08:17:16 CDT 2019 Linux login1 4.4.103-6.38-default x86_64
c 
c --- [ config ] -------------------------------------------------------------
c 
c using 'unsat' configuration (target unsatisfiable instances)
c 
c --- [ proof tracing ] ------------------------------------------------------
c 
c opening file to write '/tmp/62_116_0_three.drat'
c writing binary proof trace to '/tmp/62_116_0_three.drat'
c 
c --- [ parsing input ] ------------------------------------------------------
c 
c reading DIMACS file from '/tmp/62_116_0_three.cnf'
c opening file to read '/tmp/62_116_0_three.cnf'
c found 'p cnf 39424 200372' header
c parsed 200372 clauses in 0.08 seconds process time
c 
c --- [ options ] ------------------------------------------------------------
c 
c   --stabilize=false              (different from default 'true')
c   --walk=false                   (different from default 'true')
c 
c --- [ solving ] ------------------------------------------------------------
c 
c time measured in process time since initialization
c 
c  seconds  reductions  redundant  irredundant
c         MB    restarts       trail       variables
c          level   conflicts       glue         remaining
c 
c *  0.08 26  0 0   0    0    0  0% 0 183921 38244 97%
c {  0.08 27  0 0   0    0    0  0% 0 183921 38244 97%
c -  0.12 28 39 1  22  300  259  7% 7 177576 38244 97%
c I  0.18 29 38 1  79 1003  818  8% 7 177576 38244 97%
c -  0.24 35 39 2  79 1050  722  8% 7 177576 38244 97%
c -  0.38 35 32 3 231 2174 1406  8% 7 177576 38244 97%
c B  0.45 35 33 3 287 3005 2147  9% 8 177576 38244 97%
c i  0.46 35 32 3 287 3103 2227  9% 8 177576 38120 97%
c i  0.46 35 32 3 287 3113 2234  9% 8 177576 37875 96%
c i  0.47 35 31 3 287 3221 2323  9% 7 177576 37850 96%
c i  0.47 35 31 3 287 3247 2340  9% 7 177576 37826 96%
c i  0.47 35 30 3 287 3251 2343  9% 7 177576 37689 96%
c i  0.47 35 30 3 287 3257 2346  9% 7 177576 36524 93%
c i  0.47 35 30 3 287 3258 2346  9% 7 177576 36336 92%
c i  0.47 35 30 3 287 3270 2356  9% 7 177576 36335 92%
c i  0.47 35 30 3 287 3277 2359  9% 7 177576 36040 91%
c }  0.47 35 30 3 287 3279 2359  9% 7 177576 35828 91%
c 0  0.47 35 30 3 287 3279 2359  9% 7 177576 35828 91%
c 
c --- [ result ] -------------------------------------------------------------
c 
s UNSATISFIABLE
c 
c --- [ run-time profiling ] -------------------------------------------------
c 
c process time taken by individual solving procedures
c (percentage relative to process time for solving)
c 
c         0.39  100.00% search
c         0.39  100.00% unstable
c         0.00    0.00% simplify
c   =================================
c         0.39   83.05% solve
c 
c last line shows process time for solving
c (percentage relative to total process time)
c 
c --- [ statistics ] ---------------------------------------------------------
c 
c backtracked:                4161       126.90 %  of conflicts
c chronological:              1552        37.30 %  of backtracks
c conflicts:                  3279      8364.80    per second
c decisions:                 18531     47272.96    per second
c fixed:                      3596         9.12 %  of all variables
c learned:                    2976        90.76 %  per conflict
c minimized:                 25436        28.01 %  learned literals
c propagations:            1501336         3.83 M  per second
c reduced:                     462        14.09 %  per conflict
c rephased:                      2      1639.50    interval
c restarts:                    287        11.43    interval
c subsumed:                    145         0.04 %  of all clauses
c 
c seconds are measured in process time for solving
c 
c --- [ resources ] ----------------------------------------------------------
c 
c total process time since initialization:         0.47    seconds
c total real time since initialization:            0.47    seconds
c maximum resident set size of process:           39.54    MB
c 
c --- [ shutting down ] ------------------------------------------------------
c 
c exit 20
