c --- [ banner ] -------------------------------------------------------------
c 
c CaDiCaL Radically Simplified CDCL SAT Solver
c Copyright (c) 2016-2019 Armin Biere, JKU Linz
c 
c Version 1.0.3 cb89cbfa16f47cb7bf1ec6ad9855e7b6d5203c18
c g++ (GCC) 6.3.0 -Wall -Wextra -O3 -DNDEBUG
c Fri Aug 23 08:17:16 CDT 2019 Linux login1 4.4.103-6.38-default x86_64
c 
c --- [ config ] -------------------------------------------------------------
c 
c using 'unsat' configuration (target unsatisfiable instances)
c 
c --- [ proof tracing ] ------------------------------------------------------
c 
c opening file to write '/tmp/62_480_0_three.drat'
c writing binary proof trace to '/tmp/62_480_0_three.drat'
c 
c --- [ parsing input ] ------------------------------------------------------
c 
c reading DIMACS file from '/tmp/62_480_0_three.cnf'
c opening file to read '/tmp/62_480_0_three.cnf'
c found 'p cnf 39424 200372' header
c parsed 200372 clauses in 0.08 seconds process time
c 
c --- [ options ] ------------------------------------------------------------
c 
c   --stabilize=false              (different from default 'true')
c   --walk=false                   (different from default 'true')
c 
c --- [ solving ] ------------------------------------------------------------
c 
c time measured in process time since initialization
c 
c  seconds  reductions  redundant  irredundant
c         MB    restarts       trail       variables
c          level   conflicts       glue         remaining
c 
c *  0.08 26  0 0   0    0    0  0% 0 183922 38242 97%
c {  0.08 27  0 0   0    0    0  0% 0 183922 38242 97%
c -  0.11 28 35 1  14  302  244  8% 7 177576 38242 97%
c I  0.14 29 34 1  54 1002  836  8% 7 177576 38242 97%
c -  0.18 35 34 2  54 1051  744  8% 7 177576 38242 97%
c -  0.28 35 34 3 132 2177 1326  9% 8 177576 38242 97%
c B  0.33 35 34 3 189 3003 2033  9% 8 177576 38242 97%
c i  0.34 35 34 3 211 3122 2138  8% 8 177576 38155 97%
c i  0.35 35 33 3 226 3279 2263  8% 8 177576 38154 97%
c i  0.35 35 32 3 226 3305 2275  8% 8 177576 38132 97%
c i  0.36 35 33 3 227 3452 2396  8% 8 177576 38125 97%
c -  0.42 35 33 4 258 3676 1800  8% 8 174847 38125 97%
c s  0.57 33 32 4 298 4535 2505  9% 8 174847 38125 97%
c v  0.67 37 32 4 298 4535 2505  9% 8 172183 38125 97%
c w  0.71 37 32 4 298 4535 2499  9% 8 172183 38109 97%
c t  0.73 37 32 4 298 4535 2494  9% 8 158235 38109 97%
c e  1.40 38 32 4 298 4535   34  9% 8 138182 21195 54%
c s  1.45 43 32 4 298 4535   34  9% 8 138171 21195 54%
c e  1.49 43 32 4 298 4535   31  9% 8 138170 21194 54%
c i  1.58 43 34 4 322 4867  300  5% 8 138170 21193 54%
c 
c  seconds  reductions  redundant  irredundant
c         MB    restarts       trail       variables
c          level   conflicts       glue         remaining
c 
c d  1.59 44 34 4 322 5008  410  5% 7 138036 21190 54%
c d  1.60 44 34 4 322 5008  406  5% 7 138034 21189 54%
c 3  1.64 44 34 4 322 5008 8140  5% 7 138034 21189 54%
c 2  1.66 44 34 4 322 5008 8140  5% 7 138034 21187 54%
c p  1.69 44 34 4 322 5008 9128  5% 7 138034 21181 54%
c -  1.75 44 34 5 345 5539 1099  5% 7 137206 21181 54%
c i  1.75 44 34 5 364 5655 1205  5% 7 137206 21167 54%
c F  1.77 44 33 5 377 6005 1531  5% 7 137206 21163 54%
c i  1.77 44 33 5 377 6095 1609  5% 7 137206 21145 54%
c i  1.80 44 31 5 434 6962 2388  5% 7 137206 21141 54%
c i  1.81 44 31 5 456 7044 2465  5% 7 137206 21136 54%
c i  1.82 44 31 5 458 7069 2482  5% 7 137206 21134 54%
c i  1.82 44 31 5 458 7134 2539  5% 7 137206 21130 54%
c i  1.84 44 30 5 458 7479 2820  5% 7 137206 21108 54%
c i  1.84 44 30 5 458 7483 2820  5% 7 137206 20860 53%
c i  1.84 44 30 5 458 7486 2822  5% 7 137206 20658 52%
c }  1.84 44 30 5 458 7489 2822  5% 7 137206 20276 51%
c 0  1.84 44 30 5 458 7489 2822  5% 7 137206 20276 51%
c 
c --- [ result ] -------------------------------------------------------------
c 
s UNSATISFIABLE
c 
c --- [ run-time profiling ] -------------------------------------------------
c 
c process time taken by individual solving procedures
c (percentage relative to process time for solving)
c 
c         1.10   62.73% simplify
c         0.70   39.55% elim
c         0.66   37.27% search
c         0.66   37.27% unstable
c         0.14    7.73% subsume
c         0.13    7.27% vivify
c         0.06    3.18% ternary
c         0.03    1.59% probe
c   =================================
c         1.76   95.86% solve
c 
c last line shows process time for solving
c (percentage relative to total process time)
c 
c --- [ statistics ] ---------------------------------------------------------
c 
c backtracked:               20397       272.36 %  of conflicts
c chronological:              3205        15.71 %  of backtracks
c conflicts:                  7489      4255.11    per second
c decisions:                 33789     19198.30    per second
c eliminated:                16915        42.91 %  of all variables
c fixed:                      2229         5.65 %  of all variables
c learned:                    6911        92.28 %  per conflict
c minimized:                 57136        28.14 %  learned literals
c propagations:            2999931         1.70 M  per second
c reduced:                    1066        14.23 %  per conflict
c rephased:                      3      2496.33    interval
c restarts:                    458        16.35    interval
c substituted:                   4         0.01 %  of all variables
c subsumed:                   4517         0.57 %  of all clauses
c strengthened:               2491         0.31 %  of all clauses
c ternary:                   10922         0.79 %  of resolved
c vivified:                   2739         0.35 %  of all clauses
c weakened:                  64817         3.58    average size
c 
c seconds are measured in process time for solving
c 
c --- [ resources ] ----------------------------------------------------------
c 
c total process time since initialization:         1.84    seconds
c total real time since initialization:            1.84    seconds
c maximum resident set size of process:           43.78    MB
c 
c --- [ shutting down ] ------------------------------------------------------
c 
c exit 20
