c --- [ banner ] -------------------------------------------------------------
c 
c CaDiCaL Radically Simplified CDCL SAT Solver
c Copyright (c) 2016-2019 Armin Biere, JKU Linz
c 
c Version 1.0.3 cb89cbfa16f47cb7bf1ec6ad9855e7b6d5203c18
c g++ (GCC) 6.3.0 -Wall -Wextra -O3 -DNDEBUG
c Fri Aug 23 08:17:16 CDT 2019 Linux login1 4.4.103-6.38-default x86_64
c 
c --- [ config ] -------------------------------------------------------------
c 
c using 'unsat' configuration (target unsatisfiable instances)
c 
c --- [ proof tracing ] ------------------------------------------------------
c 
c opening file to write '/tmp/82_852_0_four.drat'
c writing binary proof trace to '/tmp/82_852_0_four.drat'
c 
c --- [ parsing input ] ------------------------------------------------------
c 
c reading DIMACS file from '/tmp/82_852_0_four.cnf'
c opening file to read '/tmp/82_852_0_four.cnf'
c found 'p cnf 43008 265780' header
c parsed 265780 clauses in 0.10 seconds process time
c 
c --- [ options ] ------------------------------------------------------------
c 
c   --stabilize=false              (different from default 'true')
c   --walk=false                   (different from default 'true')
c 
c --- [ solving ] ------------------------------------------------------------
c 
c time measured in process time since initialization
c 
c  seconds  reductions  redundant  irredundant
c         MB    restarts       trail       variables
c          level   conflicts       glue         remaining
c 
c *  0.10 31  0 0   0    0    0  0% 0 243967 41592 97%
c {  0.10 32  0 0   0    0    0  0% 0 243967 41592 97%
c i  0.11 32 50 0   0   31   26  6% 3 243967 41546 97%
c -  0.14 33 30 1  15  302  215  7% 6 233666 41546 97%
c i  0.16 33 29 1  33  558  386  8% 8 233666 41536 97%
c i  0.17 33 38 1  44  749  536  9% 8 233666 41416 96%
c i  0.18 33 35 1  56  861  621  8% 8 233666 41414 96%
c }  0.18 34 35 1  56  893  627  8% 8 233666 41276 96%
c 0  0.18 34 35 1  56  893  627  8% 8 233666 41276 96%
c 
c --- [ result ] -------------------------------------------------------------
c 
s UNSATISFIABLE
c 
c --- [ run-time profiling ] -------------------------------------------------
c 
c process time taken by individual solving procedures
c (percentage relative to process time for solving)
c 
c         0.08  100.00% search
c         0.08  100.00% unstable
c         0.00    0.00% simplify
c   =================================
c         0.08   42.22% solve
c 
c last line shows process time for solving
c (percentage relative to total process time)
c 
c --- [ statistics ] ---------------------------------------------------------
c 
c backtracked:                1079       120.83 %  of conflicts
c chronological:               391        36.24 %  of backtracks
c conflicts:                   893     11750.00    per second
c decisions:                  4335     57039.47    per second
c fixed:                      1732         4.03 %  of all variables
c learned:                     705        78.95 %  per conflict
c minimized:                  5681        26.36 %  learned literals
c propagations:             251406         3.31 M  per second
c restarts:                     56        15.95    interval
c subsumed:                     72         0.01 %  of all clauses
c 
c seconds are measured in process time for solving
c 
c --- [ resources ] ----------------------------------------------------------
c 
c total process time since initialization:         0.18    seconds
c total real time since initialization:            0.18    seconds
c maximum resident set size of process:           34.55    MB
c 
c --- [ shutting down ] ------------------------------------------------------
c 
c exit 20
