c --- [ banner ] -------------------------------------------------------------
c 
c CaDiCaL Radically Simplified CDCL SAT Solver
c Copyright (c) 2016-2019 Armin Biere, JKU Linz
c 
c Version 1.0.3 cb89cbfa16f47cb7bf1ec6ad9855e7b6d5203c18
c g++ (GCC) 6.3.0 -Wall -Wextra -O3 -DNDEBUG
c Fri Aug 23 08:17:16 CDT 2019 Linux login1 4.4.103-6.38-default x86_64
c 
c --- [ config ] -------------------------------------------------------------
c 
c using 'unsat' configuration (target unsatisfiable instances)
c 
c --- [ proof tracing ] ------------------------------------------------------
c 
c opening file to write '/tmp/15_154_0_four.drat'
c writing binary proof trace to '/tmp/15_154_0_four.drat'
c 
c --- [ parsing input ] ------------------------------------------------------
c 
c reading DIMACS file from '/tmp/15_154_0_four.cnf'
c opening file to read '/tmp/15_154_0_four.cnf'
c found 'p cnf 259840 1039934' header
c parsed 1039934 clauses in 0.46 seconds process time
c 
c --- [ options ] ------------------------------------------------------------
c 
c   --stabilize=false              (different from default 'true')
c   --walk=false                   (different from default 'true')
c 
c --- [ solving ] ------------------------------------------------------------
c 
c time measured in process time since initialization
c 
c  seconds   reductions  redundant   irredundant
c          MB    restarts       trail        variables
c           level   conflicts       glue           remaining
c 
c *  0.48 139  0 0   0    0    0  0% 0 1039424 252945 97%
c {  0.50 142  0 0   0    0    0  0% 0 1039424 252945 97%
c -  0.69 146 315 1  10  302  185  6% 4 911743 252945 97%
c I  1.05 146 88 1 142 1003  794  6% 9 911743 252945 97%
c -  1.59 177 66 2 163 1479 1163  6% 8 911743 252945 97%
c i  2.14 177 46 2 228 2600 2145  7% 9 911743 252863 97%
c B  2.35 177 42 2 249 3004 2518  7% 9 911743 252837 97%
c -  2.74 177 40 3 253 3243 2079  8% 8 909657 252837 97%
c i  2.88 177 38 3 262 3507 2302  8% 8 909657 252836 97%
c i  2.95 177 37 3 262 3611 2387  8% 8 909657 252472 97%
c }  2.96 177 36 3 262 3631 2404  8% 8 909657 249306 96%
c 0  2.96 177 36 3 262 3631 2404  8% 8 909657 249306 96%
c 
c --- [ result ] -------------------------------------------------------------
c 
s UNSATISFIABLE
c 
c --- [ run-time profiling ] -------------------------------------------------
c 
c process time taken by individual solving procedures
c (percentage relative to process time for solving)
c 
c         2.48   99.20% search
c         2.46   98.40% unstable
c         0.02    0.80% lucky
c         0.00    0.00% simplify
c   =================================
c         2.50   84.46% solve
c 
c last line shows process time for solving
c (percentage relative to total process time)
c 
c --- [ statistics ] ---------------------------------------------------------
c 
c backtracked:                4458       122.78 %  of conflicts
c chronological:              1530        34.32 %  of backtracks
c conflicts:                  3631      1452.40    per second
c decisions:                 16362      6544.80    per second
c fixed:                     10534         4.05 %  of all variables
c learned:                    3322        91.49 %  per conflict
c minimized:                 29237        25.33 %  learned literals
c propagations:            8375849         3.35 M  per second
c reduced:                     537        14.79 %  per conflict
c rephased:                      2      1815.50    interval
c restarts:                    262        13.86    interval
c subsumed:                    240         0.01 %  of all clauses
c 
c seconds are measured in process time for solving
c 
c --- [ resources ] ----------------------------------------------------------
c 
c total process time since initialization:         2.96    seconds
c total real time since initialization:            2.96    seconds
c maximum resident set size of process:          200.76    MB
c 
c --- [ shutting down ] ------------------------------------------------------
c 
c exit 20
