c --- [ banner ] -------------------------------------------------------------
c 
c CaDiCaL Radically Simplified CDCL SAT Solver
c Copyright (c) 2016-2019 Armin Biere, JKU Linz
c 
c Version 1.0.3 cb89cbfa16f47cb7bf1ec6ad9855e7b6d5203c18
c g++ (GCC) 6.3.0 -Wall -Wextra -O3 -DNDEBUG
c Fri Aug 23 08:17:16 CDT 2019 Linux login1 4.4.103-6.38-default x86_64
c 
c --- [ config ] -------------------------------------------------------------
c 
c using 'unsat' configuration (target unsatisfiable instances)
c 
c --- [ proof tracing ] ------------------------------------------------------
c 
c opening file to write '/tmp/15_295_0_four.drat'
c writing binary proof trace to '/tmp/15_295_0_four.drat'
c 
c --- [ parsing input ] ------------------------------------------------------
c 
c reading DIMACS file from '/tmp/15_295_0_four.cnf'
c opening file to read '/tmp/15_295_0_four.cnf'
c found 'p cnf 259840 1039934' header
c parsed 1039934 clauses in 0.53 seconds process time
c 
c --- [ options ] ------------------------------------------------------------
c 
c   --stabilize=false              (different from default 'true')
c   --walk=false                   (different from default 'true')
c 
c --- [ solving ] ------------------------------------------------------------
c 
c time measured in process time since initialization
c 
c  seconds   reductions  redundant   irredundant
c          MB    restarts       trail        variables
c           level   conflicts       glue           remaining
c 
c *  0.54 139  0 0   0    0    0  0% 0 1039424 253233 97%
c {  0.56 142  0 0   0    0    0  0% 0 1039424 253233 97%
c -  0.86 150 294 1  17  300  197  6% 5 913924 253233 97%
c I  1.27 150 93 1 137 1002  821  6% 9 913924 253233 97%
c -  1.67 181 67 2 158 1476 1158  6% 9 913924 253233 97%
c i  2.10 181 49 2 244 2510 2030  7% 9 913924 251832 97%
c i  2.11 181 48 2 244 2536 2042  7% 9 913924 251616 97%
c }  2.11 181 48 2 244 2541 2043  7% 9 913924 251557 97%
c 0  2.11 181 48 2 244 2541 2043  7% 9 913924 251557 97%
c 
c --- [ result ] -------------------------------------------------------------
c 
s UNSATISFIABLE
c 
c --- [ run-time profiling ] -------------------------------------------------
c 
c process time taken by individual solving procedures
c (percentage relative to process time for solving)
c 
c         1.56   98.73% search
c         1.54   97.72% unstable
c         0.02    1.01% lucky
c         0.00    0.00% simplify
c   =================================
c         1.58   74.95% solve
c 
c last line shows process time for solving
c (percentage relative to total process time)
c 
c --- [ statistics ] ---------------------------------------------------------
c 
c backtracked:                3152       124.05 %  of conflicts
c chronological:              1088        34.52 %  of backtracks
c conflicts:                  2541      1608.23    per second
c decisions:                 15759      9974.05    per second
c fixed:                      8283         3.19 %  of all variables
c learned:                    2269        89.30 %  per conflict
c minimized:                 16890        22.89 %  learned literals
c propagations:            4923958         3.12 M  per second
c reduced:                      45         1.77 %  per conflict
c rephased:                      1      2541.00    interval
c restarts:                    244        10.41    interval
c subsumed:                    177         0.01 %  of all clauses
c 
c seconds are measured in process time for solving
c 
c --- [ resources ] ----------------------------------------------------------
c 
c total process time since initialization:         2.11    seconds
c total real time since initialization:            2.11    seconds
c maximum resident set size of process:          180.66    MB
c 
c --- [ shutting down ] ------------------------------------------------------
c 
c exit 20
