c --- [ banner ] -------------------------------------------------------------
c 
c CaDiCaL Radically Simplified CDCL SAT Solver
c Copyright (c) 2016-2019 Armin Biere, JKU Linz
c 
c Version 1.0.3 cb89cbfa16f47cb7bf1ec6ad9855e7b6d5203c18
c g++ (GCC) 6.3.0 -Wall -Wextra -O3 -DNDEBUG
c Fri Aug 23 08:17:16 CDT 2019 Linux login1 4.4.103-6.38-default x86_64
c 
c --- [ config ] -------------------------------------------------------------
c 
c using 'unsat' configuration (target unsatisfiable instances)
c 
c --- [ proof tracing ] ------------------------------------------------------
c 
c opening file to write '/tmp/15_323_0_four.drat'
c writing binary proof trace to '/tmp/15_323_0_four.drat'
c 
c --- [ parsing input ] ------------------------------------------------------
c 
c reading DIMACS file from '/tmp/15_323_0_four.cnf'
c opening file to read '/tmp/15_323_0_four.cnf'
c found 'p cnf 259840 1039934' header
c parsed 1039934 clauses in 0.73 seconds process time
c 
c --- [ options ] ------------------------------------------------------------
c 
c   --stabilize=false              (different from default 'true')
c   --walk=false                   (different from default 'true')
c 
c --- [ solving ] ------------------------------------------------------------
c 
c time measured in process time since initialization
c 
c  seconds   reductions  redundant   irredundant
c          MB    restarts       trail        variables
c           level   conflicts       glue           remaining
c 
c *  0.75 139  0 0   0    0    0  0% 0 1039424 253226 97%
c {  0.76 142  0 0   0    0    0  0% 0 1039424 253226 97%
c -  1.00 147 296 1  14  301  193  5% 5 913922 253226 97%
c I  1.88 147 114 1 150 1010  818  8% 10 913922 253226 97%
c -  2.37 178 85 2 158 1477 1172  9% 9 913922 253226 97%
c i  2.70 178 80 2 188 2078 1667 10% 9 913922 253118 97%
c i  2.97 178 72 2 213 2519 2060  9% 9 913922 252994 97%
c B  3.12 178 65 2 227 3012 2460  9% 9 913922 252994 97%
c -  3.46 178 62 3 227 3242 1957  9% 9 909742 252994 97%
c i  3.69 178 58 3 245 3652 2297 10% 9 909742 249992 96%
c i  3.70 178 58 3 245 3662 2306 10% 9 909742 249326 96%
c i  3.89 178 57 3 253 3983 2567 10% 9 909742 248946 96%
c i  3.95 178 56 3 253 4058 2628 10% 9 909742 247458 95%
c s  4.56 202 56 3 253 4076 2633 10% 9 909742 247458 95%
c v  5.64 202 56 3 253 4076 2633 10% 9 909575 247458 95%
c w  5.96 202 56 3 253 4077 2554 10% 9 909575 244162 94%
c }  6.18 202 56 3 253 4077 2554 10% 9 909575 244162 94%
c 0  6.18 202 56 3 253 4077 2554 10% 9 909575 244162 94%
c 
c --- [ result ] -------------------------------------------------------------
c 
s UNSATISFIABLE
c 
c --- [ run-time profiling ] -------------------------------------------------
c 
c process time taken by individual solving procedures
c (percentage relative to process time for solving)
c 
c         3.60   66.01% search
c         3.58   65.71% unstable
c         1.83   33.63% simplify
c         1.28   23.42% vivify
c         0.56   10.21% subsume
c         0.02    0.29% lucky
c   =================================
c         5.45   88.21% solve
c 
c last line shows process time for solving
c (percentage relative to total process time)
c 
c --- [ statistics ] ---------------------------------------------------------
c 
c backtracked:                8344       204.66 %  of conflicts
c chronological:              1620        19.42 %  of backtracks
c conflicts:                  4077       748.35    per second
c decisions:                 25774      4730.91    per second
c fixed:                     15678         6.03 %  of all variables
c learned:                    3643        89.35 %  per conflict
c minimized:                 28204        21.37 %  learned literals
c propagations:           11974950         2.20 M  per second
c reduced:                     740        18.15 %  per conflict
c rephased:                      2      2038.50    interval
c restarts:                    253        16.11    interval
c subsumed:                    292         0.01 %  of all clauses
c strengthened:                524         0.03 %  of all clauses
c vivified:                    120         0.01 %  of all clauses
c 
c seconds are measured in process time for solving
c 
c --- [ resources ] ----------------------------------------------------------
c 
c total process time since initialization:         6.18    seconds
c total real time since initialization:            6.18    seconds
c maximum resident set size of process:          201.98    MB
c 
c --- [ shutting down ] ------------------------------------------------------
c 
c exit 20
