c --- [ banner ] -------------------------------------------------------------
c 
c CaDiCaL Radically Simplified CDCL SAT Solver
c Copyright (c) 2016-2019 Armin Biere, JKU Linz
c 
c Version 1.0.3 cb89cbfa16f47cb7bf1ec6ad9855e7b6d5203c18
c g++ (GCC) 6.3.0 -Wall -Wextra -O3 -DNDEBUG
c Fri Aug 23 08:17:16 CDT 2019 Linux login1 4.4.103-6.38-default x86_64
c 
c --- [ config ] -------------------------------------------------------------
c 
c using 'unsat' configuration (target unsatisfiable instances)
c 
c --- [ proof tracing ] ------------------------------------------------------
c 
c opening file to write '/tmp/15_468_0_four.drat'
c writing binary proof trace to '/tmp/15_468_0_four.drat'
c 
c --- [ parsing input ] ------------------------------------------------------
c 
c reading DIMACS file from '/tmp/15_468_0_four.cnf'
c opening file to read '/tmp/15_468_0_four.cnf'
c found 'p cnf 259840 1039934' header
c parsed 1039934 clauses in 0.75 seconds process time
c 
c --- [ options ] ------------------------------------------------------------
c 
c   --stabilize=false              (different from default 'true')
c   --walk=false                   (different from default 'true')
c 
c --- [ solving ] ------------------------------------------------------------
c 
c time measured in process time since initialization
c 
c  seconds   reductions  redundant   irredundant
c          MB    restarts       trail        variables
c           level   conflicts       glue           remaining
c 
c *  0.78 139  0 0   0    0    0  0% 0 1039424 253853 98%
c {  0.80 142  0 0   0    0    0  0% 0 1039424 253853 98%
c -  1.08 147 327 1   8  300  179  5% 5 922364 253853 98%
c I  1.81 147 103 1 135 1002  803  8% 8 922364 253853 98%
c -  2.42 178 83 2 213 1481 1193  8% 9 922364 253853 98%
c B  3.30 178 64 2 313 3003 2473  9% 9 922364 253853 98%
c -  3.68 178 60 3 330 3249 2072  8% 9 922364 253853 98%
c s  4.94 197 55 3 393 4069 2752  9% 10 922364 253853 98%
c w  6.52 197 55 3 393 4069 2751  9% 10 922364 253853 98%
c t  6.59 197 55 3 393 4069 2751  9% 10 921829 253853 98%
c e  9.30 198 55 3 393 4069   39  9% 10 229254 28251 11%
c s  9.56 198 55 3 393 4069   39  9% 10 228993 28251 11%
c e  9.88 198 55 3 393 4069   39  9% 10 228993 28183 11%
c 3 10.21 198 52 3 434 5002 4803  6% 9 228993 28183 11%
c d 10.27 198 52 3 434 5002 4791  6% 9 228993 28181 11%
c 2 10.29 198 52 3 434 5002 4787  6% 9 228993 28181 11%
c p 10.36 198 52 3 434 5002 6132  6% 9 228993 28181 11%
c - 10.48 198 49 4 458 5606 1545  5% 9 228993 28181 11%
c F 10.53 198 47 4 479 6005 1892  6% 9 228993 28181 11%
c - 10.75 198 43 5 545 7649 2509  6% 9 228993 28181 11%
c 
c  seconds   reductions   redundant  irredundant
c          MB    restarts        trail       variables
c           level    conflicts       glue         remaining
c 
c B 11.04 198 36 5 573 10006 4611  7% 9 228993 28181 11%
c - 11.10 198 36 6 573 10101 3300  7% 9 228993 28181 11%
c i 11.29 198 33 6 603 11788 4726  7% 9 228993 28151 11%
c i 11.37 198 31 6 604 12535 5332  7% 8 228993 28145 11%
c i 11.37 198 31 6 604 12564 5344  7% 8 228993 28109 11%
c i 11.37 198 31 6 604 12565 5344  7% 8 228993 28091 11%
c i 11.37 198 31 6 604 12566 5344  7% 8 228993 27762 11%
c } 11.37 198 31 6 604 12569 5344  7% 8 228993 27043 10%
c 0 11.37 198 31 6 604 12569 5344  7% 8 228993 27043 10%
c 
c --- [ result ] -------------------------------------------------------------
c 
s UNSATISFIABLE
c 
c --- [ run-time profiling ] -------------------------------------------------
c 
c process time taken by individual solving procedures
c (percentage relative to process time for solving)
c 
c         5.59   52.62% simplify
c         5.01   47.16% search
c         4.98   46.89% unstable
c         2.95   27.80% elim
c         1.47   13.82% vivify
c         0.86    8.10% subsume
c         0.09    0.83% ternary
c         0.07    0.68% probe
c         0.03    0.26% lucky
c   =================================
c        10.62   93.39% solve
c 
c last line shows process time for solving
c (percentage relative to total process time)
c 
c --- [ statistics ] ---------------------------------------------------------
c 
c backtracked:               26988       214.72 %  of conflicts
c chronological:              5044        18.69 %  of backtracks
c conflicts:                 12569      1183.52    per second
c decisions:                 51167      4817.98    per second
c eliminated:               225670        86.85 %  of all variables
c fixed:                      7125         2.74 %  of all variables
c learned:                   11614        92.40 %  per conflict
c minimized:                118756        27.19 %  learned literals
c propagations:           16781820         1.58 M  per second
c reduced:                    2811        22.36 %  per conflict
c rephased:                      4      3142.25    interval
c restarts:                    604        20.81    interval
c substituted:                   2         0.00 %  of all variables
c subsumed:                   6349         0.21 %  of all clauses
c strengthened:              15115         0.49 %  of all clauses
c ternary:                    4352         0.36 %  of resolved
c vivified:                    172         0.01 %  of all clauses
c weakened:                 809887         2.85    average size
c 
c seconds are measured in process time for solving
c 
c --- [ resources ] ----------------------------------------------------------
c 
c total process time since initialization:        11.37    seconds
c total real time since initialization:           11.37    seconds
c maximum resident set size of process:          206.35    MB
c 
c --- [ shutting down ] ------------------------------------------------------
c 
c exit 20
