c --- [ banner ] -------------------------------------------------------------
c 
c CaDiCaL Radically Simplified CDCL SAT Solver
c Copyright (c) 2016-2019 Armin Biere, JKU Linz
c 
c Version 1.0.3 cb89cbfa16f47cb7bf1ec6ad9855e7b6d5203c18
c g++ (GCC) 6.3.0 -Wall -Wextra -O3 -DNDEBUG
c Fri Aug 23 08:17:16 CDT 2019 Linux login1 4.4.103-6.38-default x86_64
c 
c --- [ config ] -------------------------------------------------------------
c 
c using 'unsat' configuration (target unsatisfiable instances)
c 
c --- [ proof tracing ] ------------------------------------------------------
c 
c opening file to write '/tmp/15_77_0_four.drat'
c writing binary proof trace to '/tmp/15_77_0_four.drat'
c 
c --- [ parsing input ] ------------------------------------------------------
c 
c reading DIMACS file from '/tmp/15_77_0_four.cnf'
c opening file to read '/tmp/15_77_0_four.cnf'
c found 'p cnf 259840 1039934' header
c parsed 1039934 clauses in 0.47 seconds process time
c 
c --- [ options ] ------------------------------------------------------------
c 
c   --stabilize=false              (different from default 'true')
c   --walk=false                   (different from default 'true')
c 
c --- [ solving ] ------------------------------------------------------------
c 
c time measured in process time since initialization
c 
c  seconds   reductions  redundant   irredundant
c          MB    restarts       trail        variables
c           level   conflicts       glue           remaining
c 
c *  0.49 139  0 0   0    0    0  0% 0 1039424 253229 97%
c {  0.51 142  0 0   0    0    0  0% 0 1039424 253229 97%
c -  0.81 150 303 1  17  300  195  6% 5 913920 253229 97%
c I  1.27 150 92 1 118 1005  822  8% 8 913920 253229 97%
c -  1.91 181 73 2 220 1476 1206  7% 8 913920 253229 97%
c i  2.07 181 61 2 242 1848 1519  7% 8 913920 253089 97%
c i  2.20 181 47 2 258 2427 1975  7% 8 913920 252971 97%
c i  2.32 181 45 2 324 2712 2224  6% 8 913920 252937 97%
c i  2.32 181 45 2 324 2713 2224  6% 8 913920 252907 97%
c B  2.41 181 42 2 332 3006 2490  7% 8 913920 252907 97%
c i  2.41 181 42 2 332 3007 2490  7% 8 913920 252431 97%
c i  2.44 181 42 2 332 3067 2538  7% 8 913920 251276 97%
c i  2.44 181 42 2 332 3068 2538  7% 8 913920 251154 97%
c -  2.78 180 41 3 332 3240 1749  7% 8 883268 251073 97%
c }  2.82 180 40 3 332 3346 1829  7% 8 883268 249916 96%
c 0  2.82 180 40 3 332 3346 1829  7% 8 883268 249916 96%
c 
c --- [ result ] -------------------------------------------------------------
c 
s UNSATISFIABLE
c 
c --- [ run-time profiling ] -------------------------------------------------
c 
c process time taken by individual solving procedures
c (percentage relative to process time for solving)
c 
c         2.33   99.15% search
c         2.31   98.30% unstable
c         0.02    0.85% lucky
c         0.00    0.00% simplify
c   =================================
c         2.35   83.40% solve
c 
c last line shows process time for solving
c (percentage relative to total process time)
c 
c --- [ statistics ] ---------------------------------------------------------
c 
c backtracked:                4161       124.36 %  of conflicts
c chronological:              1419        34.10 %  of backtracks
c conflicts:                  3346      1422.62    per second
c decisions:                 21396      9096.94    per second
c fixed:                      9924         3.82 %  of all variables
c learned:                    3080        92.05 %  per conflict
c minimized:                 27010        25.93 %  learned literals
c propagations:            7448968         3.17 M  per second
c reduced:                     533        15.93 %  per conflict
c rephased:                      2      1673.00    interval
c restarts:                    332        10.08    interval
c subsumed:                    256         0.01 %  of all clauses
c 
c seconds are measured in process time for solving
c 
c --- [ resources ] ----------------------------------------------------------
c 
c total process time since initialization:         2.82    seconds
c total real time since initialization:            2.82    seconds
c maximum resident set size of process:          203.63    MB
c 
c --- [ shutting down ] ------------------------------------------------------
c 
c exit 20
