c --- [ banner ] -------------------------------------------------------------
c 
c CaDiCaL Radically Simplified CDCL SAT Solver
c Copyright (c) 2016-2019 Armin Biere, JKU Linz
c 
c Version 1.0.3 cb89cbfa16f47cb7bf1ec6ad9855e7b6d5203c18
c g++ (GCC) 6.3.0 -Wall -Wextra -O3 -DNDEBUG
c Fri Aug 23 08:17:16 CDT 2019 Linux login1 4.4.103-6.38-default x86_64
c 
c --- [ config ] -------------------------------------------------------------
c 
c using 'unsat' configuration (target unsatisfiable instances)
c 
c --- [ proof tracing ] ------------------------------------------------------
c 
c opening file to write '/tmp/45_1323_0_four.drat'
c writing binary proof trace to '/tmp/45_1323_0_four.drat'
c 
c --- [ parsing input ] ------------------------------------------------------
c 
c reading DIMACS file from '/tmp/45_1323_0_four.cnf'
c opening file to read '/tmp/45_1323_0_four.cnf'
c found 'p cnf 259840 1039924' header
c parsed 1039924 clauses in 0.76 seconds process time
c 
c --- [ options ] ------------------------------------------------------------
c 
c   --stabilize=false              (different from default 'true')
c   --walk=false                   (different from default 'true')
c 
c --- [ solving ] ------------------------------------------------------------
c 
c time measured in process time since initialization
c 
c  seconds   reductions  redundant   irredundant
c          MB    restarts       trail        variables
c           level   conflicts       glue           remaining
c 
c *  0.78 139  0 0   0    0    0  0% 0 1039424 254786 98%
c {  0.81 141  0 0   0    0    0  0% 0 1039424 254786 98%
c -  1.06 146 353 1   3  300  172  4% 4 935020 254786 98%
c I  1.63 146 94 1 161 1005  769  5% 8 935020 254786 98%
c -  2.28 177 68 2 206 1482 1176  6% 9 935020 254786 98%
c i  2.85 178 47 2 235 2303 1882  7% 9 935020 254332 98%
c }  2.85 178 47 2 235 2308 1884  7% 9 935020 251451 97%
c 0  2.85 178 47 2 235 2308 1884  7% 9 935020 251451 97%
c 
c --- [ result ] -------------------------------------------------------------
c 
s UNSATISFIABLE
c 
c --- [ run-time profiling ] -------------------------------------------------
c 
c process time taken by individual solving procedures
c (percentage relative to process time for solving)
c 
c         2.06   98.85% search
c         2.04   97.70% unstable
c         0.02    1.15% lucky
c         0.00    0.00% simplify
c   =================================
c         2.09   73.31% solve
c 
c last line shows process time for solving
c (percentage relative to total process time)
c 
c --- [ statistics ] ---------------------------------------------------------
c 
c backtracked:                2930       126.95 %  of conflicts
c chronological:               974        33.24 %  of backtracks
c conflicts:                  2308      1105.36    per second
c decisions:                 12389      5933.43    per second
c fixed:                      8389         3.23 %  of all variables
c learned:                    2112        91.51 %  per conflict
c minimized:                 20790        27.44 %  learned literals
c propagations:            5415896         2.59 M  per second
c reduced:                      11         0.48 %  per conflict
c rephased:                      1      2308.00    interval
c restarts:                    235         9.82    interval
c subsumed:                    215         0.01 %  of all clauses
c 
c seconds are measured in process time for solving
c 
c --- [ resources ] ----------------------------------------------------------
c 
c total process time since initialization:         2.85    seconds
c total real time since initialization:            2.85    seconds
c maximum resident set size of process:          177.52    MB
c 
c --- [ shutting down ] ------------------------------------------------------
c 
c exit 20
