c --- [ banner ] -------------------------------------------------------------
c 
c CaDiCaL Radically Simplified CDCL SAT Solver
c Copyright (c) 2016-2019 Armin Biere, JKU Linz
c 
c Version 1.0.3 cb89cbfa16f47cb7bf1ec6ad9855e7b6d5203c18
c g++ (GCC) 6.3.0 -Wall -Wextra -O3 -DNDEBUG
c Fri Aug 23 08:17:16 CDT 2019 Linux login1 4.4.103-6.38-default x86_64
c 
c --- [ config ] -------------------------------------------------------------
c 
c using 'unsat' configuration (target unsatisfiable instances)
c 
c --- [ proof tracing ] ------------------------------------------------------
c 
c opening file to write '/tmp/45_621_0_four.drat'
c writing binary proof trace to '/tmp/45_621_0_four.drat'
c 
c --- [ parsing input ] ------------------------------------------------------
c 
c reading DIMACS file from '/tmp/45_621_0_four.cnf'
c opening file to read '/tmp/45_621_0_four.cnf'
c found 'p cnf 259840 1039924' header
c parsed 1039924 clauses in 0.44 seconds process time
c 
c --- [ options ] ------------------------------------------------------------
c 
c   --stabilize=false              (different from default 'true')
c   --walk=false                   (different from default 'true')
c 
c --- [ solving ] ------------------------------------------------------------
c 
c time measured in process time since initialization
c 
c  seconds   reductions  redundant   irredundant
c          MB    restarts       trail        variables
c           level   conflicts       glue           remaining
c 
c *  0.46 139  0 0   0    0    0  0% 0 1039424 253592 98%
c {  0.48 142  0 0   0    0    0  0% 0 1039424 253592 98%
c -  0.71 148 314 1  12  302  187  5% 5 918168 253592 98%
c i  0.79 148 220 1  38  417  280  5% 6 918168 252015 97%
c i  0.80 148 191 1  42  465  313  5% 6 918168 252009 97%
c i  0.80 148 180 1  42  482  322  5% 6 918168 251959 97%
c i  0.80 148 176 1  42  488  327  5% 6 918168 251857 97%
c }  0.80 148 175 1  42  491  327  5% 6 918168 250760 97%
c 0  0.80 148 175 1  42  491  327  5% 6 918168 250760 97%
c 
c --- [ result ] -------------------------------------------------------------
c 
s UNSATISFIABLE
c 
c --- [ run-time profiling ] -------------------------------------------------
c 
c process time taken by individual solving procedures
c (percentage relative to process time for solving)
c 
c         0.34   94.38% search
c         0.32   89.89% unstable
c         0.02    4.49% lucky
c         0.00    0.00% simplify
c   =================================
c         0.36   44.50% solve
c 
c last line shows process time for solving
c (percentage relative to total process time)
c 
c --- [ statistics ] ---------------------------------------------------------
c 
c backtracked:                 679       138.29 %  of conflicts
c chronological:               318        46.83 %  of backtracks
c conflicts:                   491      1379.21    per second
c decisions:                  4163     11693.82    per second
c fixed:                      9080         3.49 %  of all variables
c learned:                     458        93.28 %  per conflict
c minimized:                   915        14.13 %  learned literals
c propagations:             569117         1.60 M  per second
c restarts:                     42        11.69    interval
c subsumed:                    126         0.01 %  of all clauses
c 
c seconds are measured in process time for solving
c 
c --- [ resources ] ----------------------------------------------------------
c 
c total process time since initialization:         0.80    seconds
c total real time since initialization:            0.80    seconds
c maximum resident set size of process:          156.19    MB
c 
c --- [ shutting down ] ------------------------------------------------------
c 
c exit 20
