c --- [ banner ] -------------------------------------------------------------
c 
c CaDiCaL Radically Simplified CDCL SAT Solver
c Copyright (c) 2016-2019 Armin Biere, JKU Linz
c 
c Version 1.0.3 cb89cbfa16f47cb7bf1ec6ad9855e7b6d5203c18
c g++ (GCC) 6.3.0 -Wall -Wextra -O3 -DNDEBUG
c Fri Aug 23 08:17:16 CDT 2019 Linux login1 4.4.103-6.38-default x86_64
c 
c --- [ config ] -------------------------------------------------------------
c 
c using 'unsat' configuration (target unsatisfiable instances)
c 
c --- [ proof tracing ] ------------------------------------------------------
c 
c opening file to write '/tmp/41_819_0_three.drat'
c writing binary proof trace to '/tmp/41_819_0_three.drat'
c 
c --- [ parsing input ] ------------------------------------------------------
c 
c reading DIMACS file from '/tmp/41_819_0_three.cnf'
c opening file to read '/tmp/41_819_0_three.cnf'
c found 'p cnf 202048 780985' header
c parsed 780985 clauses in 0.48 seconds process time
c 
c --- [ options ] ------------------------------------------------------------
c 
c   --stabilize=false              (different from default 'true')
c   --walk=false                   (different from default 'true')
c 
c --- [ solving ] ------------------------------------------------------------
c 
c time measured in process time since initialization
c 
c  seconds  reductions  redundant  irredundant
c         MB    restarts       trail       variables
c          level   conflicts       glue          remaining
c 
c *  0.49 97  0 0   0    0    0  0% 0 780480 197491 98%
c {  0.51 99  0 0   0    0    0  0% 0 780480 197491 98%
c -  0.61 100 321 1   0  301  155  5% 3 692840 197491 98%
c I  1.10 105 86 1 145 1002  803  6% 7 692840 197491 98%
c -  1.58 125 68 2 212 1405 1172  7% 8 692840 197491 98%
c B  2.39 125 47 2 343 3008 2628  7% 9 692840 197491 98%
c -  2.61 125 47 3 356 3061 2158  8% 9 692840 197491 98%
c s  3.49 111 39 3 382 3966 2965  8% 8 692840 197491 98%
c w  4.69 133 39 3 382 3966 2962  8% 8 692840 197491 98%
c t  4.75 133 39 3 382 3966 2962  8% 8 692322 197491 98%
c e  6.51 136 39 3 382 3966   14  8% 8 170749 25950 13%
c s  6.67 143 39 3 382 3966   14  8% 8 170604 25950 13%
c e  6.87 143 39 3 382 3966   13  8% 8 170570 25915 13%
c 3  7.14 143 37 3 456 5001 3090  5% 8 170570 25915 13%
c 3  7.15 143 37 3 456 5001 3438  5% 8 170570 25915 13%
c d  7.19 143 37 3 456 5001 3378  5% 8 170570 25909 13%
c 2  7.21 143 37 3 456 5001 3366  5% 8 170570 25909 13%
c p  7.25 143 37 3 456 5001 3602  5% 8 170570 25909 13%
c -  7.33 143 38 4 478 5269 1265  6% 8 170570 25909 13%
c F  7.40 143 37 4 552 6009 1940  6% 9 170570 25909 13%
c 
c  seconds   reductions  redundant  irredundant
c          MB    restarts       trail       variables
c           level   conflicts       glue         remaining
c 
c -  7.53 143 36 5 575 7116 2232  6% 8 170570 25909 13%
c -  7.79 143 34 6 715 9333 2992  6% 8 170570 25909 13%
c B  7.84 143 33 6 721 10010 3578  6% 8 170570 25909 13%
c -  8.04 143 31 7 835 11920 3682  6% 8 170570 25909 13%
c i  8.16 144 30 7 881 12933 4580  6% 8 170570 25884 13%
c s  8.40 144 28 7 976 14842 6198  6% 8 170539 25884 13%
c v  8.58 144 28 7 976 14842 6198  6% 8 161741 25884 13%
c w  8.66 144 28 7 976 14842 6141  6% 8 161741 25884 13%
c t  8.67 144 28 7 976 14842 6138  6% 8 153611 25884 13%
c e  8.82 144 28 7 976 14842 3812  6% 8 147477 21844 11%
c s  8.87 144 28 7 976 14842 3705  6% 8 146963 21844 11%
c e  8.94 144 28 7 976 14842 3667  6% 8 146821 21813 11%
c -  9.05 144 28 8 978 14876 2791  2% 8 146821 21813 11%
c i  9.06 144 28 8 980 14996 2898  4% 8 146821 21809 11%
c d  9.08 144 28 8 980 15005 2874  5% 8 145862 21801 11%
c d  9.09 144 28 8 980 15005 2872  5% 8 145744 21742 11%
c 3  9.12 144 28 8 980 15005 5279  5% 8 145744 21742 11%
c 3  9.13 144 28 8 980 15005 5720  5% 8 145744 21742 11%
c d  9.17 144 28 8 980 15005 5006  5% 8 145744 21626 11%
c 2  9.18 144 28 8 980 15005 4864  5% 8 145737 21623 11%
c 
c  seconds   reductions   redundant  irredundant
c          MB    restarts        trail       variables
c           level    conflicts       glue         remaining
c 
c p  9.25 144 28 8 980 15005 7168  5% 8 145737 21608 11%
c #  9.27 144 28 8 980 15011 7174  5% 8 145737 21608 11%
c i  9.46 144 26 8 1017 17285 9165  6% 8 145737 21607 11%
c i  9.48 144 26 8 1042 17587 9425  5% 8 145737 21573 11%
c -  9.58 144 26 9 1052 18026 4116  6% 8 140502 21573 11%
c i  9.58 145 26 9 1056 18042 4130  6% 8 140502 21561 11%
c i  9.66 145 25 9 1084 19076 5036  6% 8 140502 21538 11%
c i  9.70 145 25 9 1097 19569 5478  7% 8 140502 21527 11%
c i  9.72 145 25 9 1097 19800 5656  6% 8 140502 21526 11%
c i  9.72 145 25 9 1097 19806 5661  6% 8 140502 21524 11%
c i  9.74 145 24 9 1097 20149 5935  6% 8 140502 21511 11%
c i  9.74 145 24 9 1097 20177 5953  6% 8 140502 21279 11%
c i  9.74 145 24 9 1097 20178 5953  6% 8 140502 21261 11%
c }  9.74 145 24 9 1097 20180 5953  6% 8 140502 21258 11%
c 0  9.74 145 24 9 1097 20180 5953  6% 8 140502 21258 11%
c 
c --- [ result ] -------------------------------------------------------------
c 
s UNSATISFIABLE
c 
c --- [ run-time profiling ] -------------------------------------------------
c 
c process time taken by individual solving procedures
c (percentage relative to process time for solving)
c 
c         4.64   50.02% search
c         4.62   49.85% unstable
c         4.62   49.81% simplify
c         2.11   22.74% elim
c         1.33   14.37% vivify
c         0.72    7.81% subsume
c         0.13    1.38% ternary
c         0.12    1.25% probe
c         0.02    0.17% lucky
c   =================================
c         9.27   95.11% solve
c 
c last line shows process time for solving
c (percentage relative to total process time)
c 
c --- [ statistics ] ---------------------------------------------------------
c 
c backtracked:               68505       339.47 %  of conflicts
c chronological:              8055        11.76 %  of backtracks
c conflicts:                 20180      2177.38    per second
c decisions:                 74745      8064.85    per second
c eliminated:               175647        86.93 %  of all variables
c fixed:                      4959         2.45 %  of all variables
c learned:                   19311        95.69 %  per conflict
c minimized:                176812        29.24 %  learned literals
c propagations:           17078857         1.84 M  per second
c reduced:                    6128        30.37 %  per conflict
c rephased:                      5      4036.00    interval
c restarts:                   1097        18.40    interval
c substituted:                 184         0.09 %  of all variables
c subsumed:                  15131         0.64 %  of all clauses
c strengthened:              13113         0.56 %  of all clauses
c ternary:                    6806         0.35 %  of resolved
c vivified:                   9283         0.39 %  of all clauses
c weakened:                 630025         2.89    average size
c 
c seconds are measured in process time for solving
c 
c --- [ resources ] ----------------------------------------------------------
c 
c total process time since initialization:         9.74    seconds
c total real time since initialization:            9.75    seconds
c maximum resident set size of process:          154.64    MB
c 
c --- [ shutting down ] ------------------------------------------------------
c 
c exit 20
