c --- [ banner ] -------------------------------------------------------------
c 
c CaDiCaL Radically Simplified CDCL SAT Solver
c Copyright (c) 2016-2019 Armin Biere, JKU Linz
c 
c Version 1.0.3 cb89cbfa16f47cb7bf1ec6ad9855e7b6d5203c18
c g++ (GCC) 6.3.0 -Wall -Wextra -O3 -DNDEBUG
c Fri Aug 23 08:17:16 CDT 2019 Linux login1 4.4.103-6.38-default x86_64
c 
c --- [ config ] -------------------------------------------------------------
c 
c using 'unsat' configuration (target unsatisfiable instances)
c 
c --- [ proof tracing ] ------------------------------------------------------
c 
c opening file to write '/tmp/61_471_0_three.drat'
c writing binary proof trace to '/tmp/61_471_0_three.drat'
c 
c --- [ parsing input ] ------------------------------------------------------
c 
c reading DIMACS file from '/tmp/61_471_0_three.cnf'
c opening file to read '/tmp/61_471_0_three.cnf'
c found 'p cnf 202048 780975' header
c parsed 780975 clauses in 0.34 seconds process time
c 
c --- [ options ] ------------------------------------------------------------
c 
c   --stabilize=false              (different from default 'true')
c   --walk=false                   (different from default 'true')
c 
c --- [ solving ] ------------------------------------------------------------
c 
c time measured in process time since initialization
c 
c  seconds  reductions  redundant  irredundant
c         MB    restarts       trail       variables
c          level   conflicts       glue          remaining
c 
c *  0.35 97  0 0   0    0    0  0% 0 780480 197648 98%
c {  0.37 99  0 0   0    0    0  0% 0 780480 197648 98%
c -  0.55 103 290 1   6  300  173  5% 4 695968 197648 98%
c I  0.92 108 79 1 140 1002  787  6% 8 695968 197648 98%
c -  1.28 126 60 2 171 1405 1117  6% 8 695968 197648 98%
c B  2.11 126 37 2 282 3005 2556  8% 8 695968 197648 98%
c -  2.30 127 37 3 282 3065 2136  8% 8 695968 197648 98%
c i  2.58 127 35 3 289 3476 2497  9% 8 695968 197074 98%
c }  2.74 127 33 3 294 3782 2754  9% 8 695968 195665 97%
c 0  2.74 127 33 3 294 3782 2754  9% 8 695968 195665 97%
c 
c --- [ result ] -------------------------------------------------------------
c 
s UNSATISFIABLE
c 
c --- [ run-time profiling ] -------------------------------------------------
c 
c process time taken by individual solving procedures
c (percentage relative to process time for solving)
c 
c         2.39   99.33% search
c         2.37   98.50% unstable
c         0.02    0.83% lucky
c         0.00    0.00% simplify
c   =================================
c         2.40   87.74% solve
c 
c last line shows process time for solving
c (percentage relative to total process time)
c 
c --- [ statistics ] ---------------------------------------------------------
c 
c backtracked:                4691       124.03 %  of conflicts
c chronological:              1573        33.53 %  of backtracks
c conflicts:                  3782      1573.21    per second
c decisions:                 17451      7259.15    per second
c fixed:                      6383         3.16 %  of all variables
c learned:                    3505        92.68 %  per conflict
c minimized:                 28088        24.88 %  learned literals
c propagations:            8456232         3.52 M  per second
c reduced:                     479        12.67 %  per conflict
c rephased:                      2      1891.00    interval
c restarts:                    294        12.86    interval
c subsumed:                    270         0.02 %  of all clauses
c 
c seconds are measured in process time for solving
c 
c --- [ resources ] ----------------------------------------------------------
c 
c total process time since initialization:         2.74    seconds
c total real time since initialization:            2.74    seconds
c maximum resident set size of process:          145.01    MB
c 
c --- [ shutting down ] ------------------------------------------------------
c 
c exit 20
