c --- [ banner ] -------------------------------------------------------------
c 
c CaDiCaL Radically Simplified CDCL SAT Solver
c Copyright (c) 2016-2019 Armin Biere, JKU Linz
c 
c Version 1.0.3 cb89cbfa16f47cb7bf1ec6ad9855e7b6d5203c18
c g++ (GCC) 6.3.0 -Wall -Wextra -O3 -DNDEBUG
c Fri Aug 23 08:17:16 CDT 2019 Linux login1 4.4.103-6.38-default x86_64
c 
c --- [ config ] -------------------------------------------------------------
c 
c using 'unsat' configuration (target unsatisfiable instances)
c 
c --- [ proof tracing ] ------------------------------------------------------
c 
c opening file to write '/tmp/61_726_0_three.drat'
c writing binary proof trace to '/tmp/61_726_0_three.drat'
c 
c --- [ parsing input ] ------------------------------------------------------
c 
c reading DIMACS file from '/tmp/61_726_0_three.cnf'
c opening file to read '/tmp/61_726_0_three.cnf'
c found 'p cnf 202048 780975' header
c parsed 780975 clauses in 0.33 seconds process time
c 
c --- [ options ] ------------------------------------------------------------
c 
c   --stabilize=false              (different from default 'true')
c   --walk=false                   (different from default 'true')
c 
c --- [ solving ] ------------------------------------------------------------
c 
c time measured in process time since initialization
c 
c  seconds  reductions  redundant  irredundant
c         MB    restarts       trail       variables
c          level   conflicts       glue          remaining
c 
c *  0.34 97  0 0   0    0    0  0% 0 780480 198200 98%
c {  0.36 99  0 0   0    0    0  0% 0 780480 198200 98%
c -  0.53 104 236 1  10  301  182  5% 4 703859 198200 98%
c i  0.59 109 168 1  35  411  258  5% 5 703859 197170 98%
c i  0.60 109 161 1  36  428  273  5% 5 703859 197075 98%
c i  0.60 109 160 1  36  429  273  5% 5 703859 196937 97%
c i  0.61 109 143 1  42  462  294  5% 5 703859 195853 97%
c i  0.61 109 140 1  42  468  298  5% 5 703859 195134 97%
c i  0.61 109 133 1  42  480  307  5% 5 703859 195133 97%
c i  0.61 109 132 1  42  482  308  5% 5 703859 194900 96%
c }  0.61 109 130 1  42  488  310  5% 5 703859 194757 96%
c 0  0.61 109 130 1  42  488  310  5% 5 703859 194757 96%
c 
c --- [ result ] -------------------------------------------------------------
c 
s UNSATISFIABLE
c 
c --- [ run-time profiling ] -------------------------------------------------
c 
c process time taken by individual solving procedures
c (percentage relative to process time for solving)
c 
c         0.27   95.77% search
c         0.26   90.14% unstable
c         0.02    5.63% lucky
c         0.00    0.00% simplify
c   =================================
c         0.28   46.41% solve
c 
c last line shows process time for solving
c (percentage relative to total process time)
c 
c --- [ statistics ] ---------------------------------------------------------
c 
c backtracked:                 661       135.45 %  of conflicts
c chronological:               300        45.39 %  of backtracks
c conflicts:                   488      1718.31    per second
c decisions:                  2999     10559.86    per second
c fixed:                      7291         3.61 %  of all variables
c learned:                     453        92.83 %  per conflict
c minimized:                  1299        24.09 %  learned literals
c propagations:             433818         1.53 M  per second
c restarts:                     42        11.62    interval
c subsumed:                    133         0.01 %  of all clauses
c 
c seconds are measured in process time for solving
c 
c --- [ resources ] ----------------------------------------------------------
c 
c total process time since initialization:         0.61    seconds
c total real time since initialization:            0.61    seconds
c maximum resident set size of process:          109.77    MB
c 
c --- [ shutting down ] ------------------------------------------------------
c 
c exit 20
