c --- [ banner ] -------------------------------------------------------------
c 
c CaDiCaL Radically Simplified CDCL SAT Solver
c Copyright (c) 2016-2019 Armin Biere, JKU Linz
c 
c Version 1.0.3 cb89cbfa16f47cb7bf1ec6ad9855e7b6d5203c18
c g++ (GCC) 6.3.0 -Wall -Wextra -O3 -DNDEBUG
c Fri Aug 23 08:17:16 CDT 2019 Linux login1 4.4.103-6.38-default x86_64
c 
c --- [ config ] -------------------------------------------------------------
c 
c using 'unsat' configuration (target unsatisfiable instances)
c 
c --- [ proof tracing ] ------------------------------------------------------
c 
c opening file to write '/tmp/15_1332_0_six.drat'
c writing binary proof trace to '/tmp/15_1332_0_six.drat'
c 
c --- [ parsing input ] ------------------------------------------------------
c 
c reading DIMACS file from '/tmp/15_1332_0_six.cnf'
c opening file to read '/tmp/15_1332_0_six.cnf'
c found 'p cnf 50176 399294' header
c parsed 399294 clauses in 0.15 seconds process time
c 
c --- [ options ] ------------------------------------------------------------
c 
c   --stabilize=false              (different from default 'true')
c   --walk=false                   (different from default 'true')
c 
c --- [ solving ] ------------------------------------------------------------
c 
c time measured in process time since initialization
c 
c  seconds  reductions  redundant  irredundant
c         MB    restarts       trail       variables
c          level   conflicts       glue         remaining
c 
c *  0.15 44  0 0   0    0    0  0% 0 361766 48264 96%
c {  0.16 45  0 0   0    0    0  0% 0 361766 48264 96%
c -  0.22 46 76 1  18  301  221  8% 10 350784 48264 96%
c i  0.26 47 74 1  40  770  538 10% 12 350784 48252 96%
c I  0.28 48 78 1  61 1035  708  9% 11 350784 48252 96%
c -  0.39 60 79 2  61 1234  734  9% 11 350584 48252 96%
c -  0.57 60 62 3 110 2627 1293 11% 11 350584 48252 96%
c B  0.61 60 57 3 127 3037 1578 11% 10 350584 48252 96%
c -  0.81 60 64 4 195 4481 1841 12% 11 350584 48252 96%
c d  0.99 61 68 4 218 5003 2230 12% 10 345866 45894 91%
c 2  1.18 60 68 4 218 5003 2230 12% 10 339976 45739 91%
c p  1.60 63 68 4 218 5003 7572 12% 10 339976 45693 91%
c d  1.65 63 68 4 218 5003 7133 12% 10 334933 45692 91%
c d  1.69 63 68 4 218 5003 7128 12% 10 334913 45687 91%
c s  1.92 75 79 4 244 5815 7692 11% 10 334911 45687 91%
c v  2.36 76 79 4 244 5815 7692 11% 10 332225 45687 91%
c w  2.47 76 79 4 244 5815 7684 11% 10 332225 45687 91%
c t  2.51 76 79 4 244 5815 7681 11% 10 299388 45687 91%
c e  3.23 66 79 4 244 5815 3170 11% 10 280907 28394 57%
c F  3.51 75 77 4 244 6040 3335  4% 10 280907 28394 57%
c 
c  seconds  reductions  redundant   irredundant
c         MB    restarts       trail        variables
c          level   conflicts       glue          remaining
c 
c -  3.60 76 72 5 267 6805 1252  6% 10 280907 28394 57%
c -  3.80 76 52 6 304 9413 2519  6% 9 280907 28394 57%
c i  3.82 76 49 6 304 9819 2831  5% 9 280907 28388 57%
c i  3.84 76 48 6 304 9984 2955  6% 8 280907 28189 56%
c }  3.84 76 48 6 304 9996 2959  6% 8 280907 27664 55%
c 0  3.84 76 48 6 304 9996 2959  6% 8 280907 27664 55%
c 
c --- [ result ] -------------------------------------------------------------
c 
s UNSATISFIABLE
c 
c --- [ run-time profiling ] -------------------------------------------------
c 
c process time taken by individual solving procedures
c (percentage relative to process time for solving)
c 
c         2.32   63.02% simplify
c         1.36   36.98% search
c         1.36   36.88% unstable
c         0.71   19.31% elim
c         0.49   13.23% vivify
c         0.42   11.39% probe
c         0.24    6.62% subsume
c         0.14    3.90% ternary
c         0.00    0.11% lucky
c   =================================
c         3.69   96.04% solve
c 
c last line shows process time for solving
c (percentage relative to total process time)
c 
c --- [ statistics ] ---------------------------------------------------------
c 
c backtracked:               47620       476.39 %  of conflicts
c chronological:              3557         7.47 %  of backtracks
c conflicts:                  9996      2710.41    per second
c decisions:                 40378     10948.48    per second
c eliminated:                17293        34.46 %  of all variables
c fixed:                      2855         5.69 %  of all variables
c learned:                    8519        85.22 %  per conflict
c minimized:                119795        27.98 %  learned literals
c propagations:            5493046         1.49 M  per second
c reduced:                    2081        20.82 %  per conflict
c rephased:                      3      3332.00    interval
c restarts:                    304        32.88    interval
c substituted:                2364         4.71 %  of all variables
c subsumed:                  10206         0.80 %  of all clauses
c strengthened:               4577         0.36 %  of all clauses
c vivified:                   2852         0.22 %  of all clauses
c weakened:                 109775         3.99    average size
c 
c seconds are measured in process time for solving
c 
c --- [ resources ] ----------------------------------------------------------
c 
c total process time since initialization:         3.84    seconds
c total real time since initialization:            3.84    seconds
c maximum resident set size of process:           77.59    MB
c 
c --- [ shutting down ] ------------------------------------------------------
c 
c exit 20
