c --- [ banner ] -------------------------------------------------------------
c 
c CaDiCaL Radically Simplified CDCL SAT Solver
c Copyright (c) 2016-2019 Armin Biere, JKU Linz
c 
c Version 1.0.3 cb89cbfa16f47cb7bf1ec6ad9855e7b6d5203c18
c g++ (GCC) 6.3.0 -Wall -Wextra -O3 -DNDEBUG
c Fri Aug 23 08:17:16 CDT 2019 Linux login1 4.4.103-6.38-default x86_64
c 
c --- [ config ] -------------------------------------------------------------
c 
c using 'unsat' configuration (target unsatisfiable instances)
c 
c --- [ proof tracing ] ------------------------------------------------------
c 
c opening file to write '/tmp/15_1244_0_six.drat'
c writing binary proof trace to '/tmp/15_1244_0_six.drat'
c 
c --- [ parsing input ] ------------------------------------------------------
c 
c reading DIMACS file from '/tmp/15_1244_0_six.cnf'
c opening file to read '/tmp/15_1244_0_six.cnf'
c found 'p cnf 50176 399294' header
c parsed 399294 clauses in 0.16 seconds process time
c 
c --- [ options ] ------------------------------------------------------------
c 
c   --stabilize=false              (different from default 'true')
c   --walk=false                   (different from default 'true')
c 
c --- [ solving ] ------------------------------------------------------------
c 
c time measured in process time since initialization
c 
c  seconds  reductions  redundant  irredundant
c         MB    restarts       trail       variables
c          level   conflicts       glue         remaining
c 
c *  0.16 44  0 0   0    0    0  0% 0 361768 48186 96%
c {  0.16 45  0 0   0    0    0  0% 0 361768 48186 96%
c -  0.21 46 50 1  25  301  210  6% 11 349914 48186 96%
c I  0.25 46 51 1  39 1006  616  8% 10 349914 48186 96%
c -  0.37 59 55 2  49 1246  687  8% 10 349914 48186 96%
c i  0.40 59 53 2  81 1606  939  8% 10 349914 48172 96%
c -  0.52 59 57 3 120 2636 1112  9% 10 349704 48172 96%
c B  0.55 59 63 3 148 3007 1369  9% 11 349704 48172 96%
c i  0.57 59 58 3 149 3260 1551  9% 10 349704 48043 96%
c -  0.74 59 56 4 264 4492 1826  9% 11 346001 48043 96%
c i  0.77 59 56 4 296 4864 2053 10% 11 346001 48009 96%
c d  0.92 60 55 4 313 5003 2171 10% 11 340483 45686 91%
c 2  1.12 60 55 4 313 5003 2171 10% 11 334683 45674 91%
c p  1.38 61 55 4 313 5003 19166 10% 11 334683 45224 90%
c i  1.42 61 54 4 321 5081 19214  9% 11 334683 45223 90%
c i  1.42 61 54 4 321 5082 19214  9% 11 334683 45222 90%
c i  1.42 61 54 4 321 5103 19222  9% 11 334683 45221 90%
c i  1.42 61 54 4 321 5104 19222  9% 11 334683 45220 90%
c s  1.63 70 52 4 321 5817 19747 10% 10 334679 45220 90%
c v  2.08 70 52 4 321 5817 19747 10% 10 331949 45220 90%
c 
c  seconds  reductions   redundant   irredundant
c         MB    restarts        trail        variables
c          level   conflicts        glue          remaining
c 
c w  2.18 70 52 4 321 5817 19717 10% 10 331949 44999 90%
c t  2.23 70 52 4 321 5817 19710 10% 10 300556 44999 90%
c e  2.98 67 52 4 321 5817 4927 10% 10 261834 26952 54%
c s  3.07 72 52 4 321 5817 4927 10% 10 261834 26952 54%
c F  3.34 75 52 4 334 6008 5050  5% 10 261834 26952 54%
c i  3.34 75 52 4 334 6067 5086  6% 10 261834 26671 53%
c }  3.34 75 52 4 334 6069 5086  6% 10 261834 26623 53%
c 0  3.34 75 52 4 334 6069 5086  6% 10 261834 26623 53%
c 
c --- [ result ] -------------------------------------------------------------
c 
s UNSATISFIABLE
c 
c --- [ run-time profiling ] -------------------------------------------------
c 
c process time taken by individual solving procedures
c (percentage relative to process time for solving)
c 
c         2.21   69.47% simplify
c         0.97   30.53% search
c         0.97   30.40% unstable
c         0.82   25.63% elim
c         0.49   15.45% vivify
c         0.26    8.17% probe
c         0.23    7.29% subsume
c         0.15    4.77% ternary
c         0.00    0.13% lucky
c   =================================
c         3.18   95.33% solve
c 
c last line shows process time for solving
c (percentage relative to total process time)
c 
c --- [ statistics ] ---------------------------------------------------------
c 
c backtracked:               28407       468.07 %  of conflicts
c chronological:              2077         7.31 %  of backtracks
c conflicts:                  6069      1906.09    per second
c decisions:                 30836      9684.67    per second
c eliminated:                18044        35.96 %  of all variables
c fixed:                      3186         6.35 %  of all variables
c learned:                    4706        77.54 %  per conflict
c minimized:                 66857        27.61 %  learned literals
c propagations:            4211747         1.32 M  per second
c reduced:                     995        16.39 %  per conflict
c rephased:                      3      2023.00    interval
c restarts:                    334        18.17    interval
c substituted:                2323         4.63 %  of all variables
c subsumed:                   9571         0.76 %  of all clauses
c strengthened:               3084         0.24 %  of all clauses
c vivified:                   2766         0.22 %  of all clauses
c weakened:                 104948         4.09    average size
c 
c seconds are measured in process time for solving
c 
c --- [ resources ] ----------------------------------------------------------
c 
c total process time since initialization:         3.34    seconds
c total real time since initialization:            3.34    seconds
c maximum resident set size of process:           75.20    MB
c 
c --- [ shutting down ] ------------------------------------------------------
c 
c exit 20
