c --- [ banner ] -------------------------------------------------------------
c 
c CaDiCaL Radically Simplified CDCL SAT Solver
c Copyright (c) 2016-2019 Armin Biere, JKU Linz
c 
c Version 1.0.3 cb89cbfa16f47cb7bf1ec6ad9855e7b6d5203c18
c g++ (GCC) 6.3.0 -Wall -Wextra -O3 -DNDEBUG
c Fri Aug 23 08:17:16 CDT 2019 Linux login1 4.4.103-6.38-default x86_64
c 
c --- [ config ] -------------------------------------------------------------
c 
c using 'unsat' configuration (target unsatisfiable instances)
c 
c --- [ proof tracing ] ------------------------------------------------------
c 
c opening file to write '/tmp/45_10_0_six.drat'
c writing binary proof trace to '/tmp/45_10_0_six.drat'
c 
c --- [ parsing input ] ------------------------------------------------------
c 
c reading DIMACS file from '/tmp/45_10_0_six.cnf'
c opening file to read '/tmp/45_10_0_six.cnf'
c found 'p cnf 50176 399289' header
c parsed 399289 clauses in 0.15 seconds process time
c 
c --- [ options ] ------------------------------------------------------------
c 
c   --stabilize=false              (different from default 'true')
c   --walk=false                   (different from default 'true')
c 
c --- [ solving ] ------------------------------------------------------------
c 
c time measured in process time since initialization
c 
c  seconds  reductions  redundant  irredundant
c         MB    restarts       trail       variables
c          level   conflicts       glue         remaining
c 
c *  0.15 44  0 0   0    0    0  0% 0 363738 48322 96%
c {  0.16 45  0 0   0    0    0  0% 0 363738 48322 96%
c -  0.22 47 76 1  28  301  189  8% 10 351650 48322 96%
c I  0.28 48 81 1  71 1004  705 10% 10 351650 48322 96%
c -  0.41 60 91 2 110 1229  806 10% 11 351650 48322 96%
c -  0.65 60 105 3 324 2623 1368 10% 14 351650 48322 96%
c B  0.69 60 104 3 326 3007 1683 11% 14 351650 48322 96%
c -  0.86 60 79 4 337 4478 1915 11% 12 351650 48322 96%
c d  1.03 62 76 4 338 5000 2313 11% 11 346922 45958 92%
c 2  1.21 61 76 4 338 5000 2313 11% 11 341012 45958 92%
c p  1.36 63 76 4 338 5000 9082 11% 11 341012 45958 92%
c s  1.62 70 76 4 350 5829 9708 11% 11 341012 45958 92%
c v  1.97 70 76 4 350 5829 9708 11% 11 337080 45958 92%
c w  2.08 70 76 4 350 5829 9705 11% 11 337080 45958 92%
c t  2.12 70 76 4 350 5829 9705 11% 11 306895 45958 92%
c e  2.88 65 76 4 350 5829 5195 11% 11 289019 29394 59%
c s  3.00 71 76 4 350 5829 5195 11% 11 289019 29394 59%
c F  3.28 74 76 4 353 6009 5315  4% 11 289019 29394 59%
c -  3.42 74 72 5 353 6798 1171  9% 11 289019 29394 59%
c -  3.70 74 58 6 408 9428 2621  7% 10 289019 29394 59%
c 
c  seconds  reductions   redundant   irredundant
c         MB    restarts        trail        variables
c          level    conflicts       glue          remaining
c 
c B  3.76 74 58 6 472 10010 3094  7% 10 289019 29394 59%
c -  4.04 74 53 7 572 12495 3540  7% 10 289019 29394 59%
c 3  4.51 74 50 7 692 15004 25944  7% 10 289019 29394 59%
c 2  4.60 75 50 7 692 15004 25943  7% 10 289019 29394 59%
c p  4.69 75 50 7 692 15004 29195  7% 10 289019 29388 59%
c #  4.74 75 50 7 692 15013 29201  7% 10 289019 29388 59%
c i  4.81 75 49 7 699 15487 29564  8% 10 289019 29378 59%
c i  4.85 75 49 7 706 15778 29795  8% 10 289019 29350 58%
c -  4.97 75 48 8 706 16004 4263  8% 10 283730 29350 58%
c i  5.34 75 44 8 750 18403 6251  9% 9 283730 29342 58%
c i  5.34 75 44 8 750 18405 6252  9% 9 283730 29324 58%
c s  5.51 76 44 8 764 19020 6778  9% 9 283730 29324 58%
c v  5.79 76 44 8 764 19020 6778  9% 9 268526 29324 58%
c w  5.92 76 44 8 764 19020 6606  9% 9 268526 29268 58%
c t  5.93 76 44 8 764 19020 6602  9% 9 266001 29239 58%
c e  6.20 77 44 8 764 19020 4668  9% 9 258948 27797 55%
c -  6.42 77 42 9 767 19927 3845  9% 9 258948 27797 55%
c i  6.46 77 42 9 767 20289 4105  9% 9 258948 27796 55%
c i  6.51 77 41 9 767 20715 4384  9% 9 258948 27790 55%
c i  6.56 77 41 9 771 21002 4600  9% 9 258948 27739 55%
c 
c  seconds  reductions   redundant  irredundant
c         MB    restarts        trail       variables
c          level    conflicts       glue         remaining
c 
c i  6.56 77 41 9 771 21006 4603  9% 9 258948 27713 55%
c i  6.56 77 41 9 771 21015 4609  9% 9 258948 27354 55%
c B  6.56 77 41 9 771 21016 4609  9% 9 258948 27354 55%
c }  6.56 77 41 9 771 21017 4609  9% 9 258948 26105 52%
c 0  6.56 77 41 9 771 21017 4609  9% 9 258948 26105 52%
c 
c --- [ result ] -------------------------------------------------------------
c 
s UNSATISFIABLE
c 
c --- [ run-time profiling ] -------------------------------------------------
c 
c process time taken by individual solving procedures
c (percentage relative to process time for solving)
c 
c         3.29   51.41% search
c         3.29   51.34% unstable
c         3.11   48.59% simplify
c         1.10   17.24% elim
c         0.77   11.99% vivify
c         0.34    5.37% subsume
c         0.30    4.62% ternary
c         0.23    3.62% probe
c         0.00    0.06% lucky
c   =================================
c         6.40   97.68% solve
c 
c last line shows process time for solving
c (percentage relative to total process time)
c 
c --- [ statistics ] ---------------------------------------------------------
c 
c backtracked:               95446       454.14 %  of conflicts
c chronological:              7493         7.85 %  of backtracks
c conflicts:                 21017      3281.86    per second
c decisions:                106285     16596.66    per second
c eliminated:                18006        35.89 %  of all variables
c fixed:                      3701         7.38 %  of all variables
c learned:                   18945        90.14 %  per conflict
c minimized:                286488        31.41 %  learned literals
c propagations:           12576732         1.96 M  per second
c reduced:                    6399        30.45 %  per conflict
c rephased:                      6      3502.83    interval
c restarts:                    771        27.26    interval
c substituted:                2364         4.71 %  of all variables
c subsumed:                  28235         2.03 %  of all clauses
c strengthened:               4696         0.34 %  of all clauses
c ternary:                   28974         0.96 %  of resolved
c vivified:                  19942         1.44 %  of all clauses
c weakened:                 120646         4.56    average size
c 
c seconds are measured in process time for solving
c 
c --- [ resources ] ----------------------------------------------------------
c 
c total process time since initialization:         6.56    seconds
c total real time since initialization:            6.56    seconds
c maximum resident set size of process:           76.89    MB
c 
c --- [ shutting down ] ------------------------------------------------------
c 
c exit 20
