c --- [ banner ] -------------------------------------------------------------
c 
c CaDiCaL Radically Simplified CDCL SAT Solver
c Copyright (c) 2016-2019 Armin Biere, JKU Linz
c 
c Version 1.0.3 cb89cbfa16f47cb7bf1ec6ad9855e7b6d5203c18
c g++ (GCC) 6.3.0 -Wall -Wextra -O3 -DNDEBUG
c Fri Aug 23 08:17:16 CDT 2019 Linux login1 4.4.103-6.38-default x86_64
c 
c --- [ config ] -------------------------------------------------------------
c 
c using 'unsat' configuration (target unsatisfiable instances)
c 
c --- [ proof tracing ] ------------------------------------------------------
c 
c opening file to write '/tmp/25_100_0_three.drat'
c writing binary proof trace to '/tmp/25_100_0_three.drat'
c 
c --- [ parsing input ] ------------------------------------------------------
c 
c reading DIMACS file from '/tmp/25_100_0_three.cnf'
c opening file to read '/tmp/25_100_0_three.cnf'
c found 'p cnf 39424 200372' header
c parsed 200372 clauses in 0.08 seconds process time
c 
c --- [ options ] ------------------------------------------------------------
c 
c   --stabilize=false              (different from default 'true')
c   --walk=false                   (different from default 'true')
c 
c --- [ solving ] ------------------------------------------------------------
c 
c time measured in process time since initialization
c 
c  seconds  reductions  redundant  irredundant
c         MB    restarts       trail       variables
c          level   conflicts       glue         remaining
c 
c *  0.08 26  0 0   0    0    0  0% 0 183406 38291 97%
c {  0.08 27  0 0   0    0    0  0% 0 183406 38291 97%
c -  0.13 28 62 1   8  303  244  8% 7 178003 38291 97%
c I  0.21 29 60 1  66 1002  848 10% 8 178003 38291 97%
c -  0.27 35 60 2  76 1053  763 10% 8 178003 38291 97%
c -  0.40 36 52 3 180 2178 1297  9% 8 178003 38291 97%
c B  0.48 36 45 3 182 3003 1984  9% 8 178003 38291 97%
c i  0.53 36 39 3 192 3673 2555  9% 8 178003 38035 96%
c }  0.53 36 39 3 192 3683 2561  9% 8 178003 38025 96%
c 0  0.53 36 39 3 192 3683 2561  9% 8 178003 38025 96%
c 
c --- [ result ] -------------------------------------------------------------
c 
s UNSATISFIABLE
c 
c --- [ run-time profiling ] -------------------------------------------------
c 
c process time taken by individual solving procedures
c (percentage relative to process time for solving)
c 
c         0.45  100.00% search
c         0.44   99.11% unstable
c         0.00    0.89% lucky
c         0.00    0.00% simplify
c   =================================
c         0.45   84.85% solve
c 
c last line shows process time for solving
c (percentage relative to total process time)
c 
c --- [ statistics ] ---------------------------------------------------------
c 
c backtracked:                4570       124.08 %  of conflicts
c chronological:              1677        36.70 %  of backtracks
c conflicts:                  3683      8220.98    per second
c decisions:                 22274     49718.75    per second
c fixed:                      1399         3.55 %  of all variables
c learned:                    3312        89.93 %  per conflict
c minimized:                 26366        25.00 %  learned literals
c propagations:            1573658         3.51 M  per second
c reduced:                     573        15.56 %  per conflict
c rephased:                      2      1841.50    interval
c restarts:                    192        19.18    interval
c subsumed:                    176         0.05 %  of all clauses
c 
c seconds are measured in process time for solving
c 
c --- [ resources ] ----------------------------------------------------------
c 
c total process time since initialization:         0.53    seconds
c total real time since initialization:            0.53    seconds
c maximum resident set size of process:           40.08    MB
c 
c --- [ shutting down ] ------------------------------------------------------
c 
c exit 20
