c --- [ banner ] -------------------------------------------------------------
c 
c CaDiCaL Radically Simplified CDCL SAT Solver
c Copyright (c) 2016-2019 Armin Biere, JKU Linz
c 
c Version 1.0.3 cb89cbfa16f47cb7bf1ec6ad9855e7b6d5203c18
c g++ (GCC) 6.3.0 -Wall -Wextra -O3 -DNDEBUG
c Fri Aug 23 08:17:16 CDT 2019 Linux login1 4.4.103-6.38-default x86_64
c 
c --- [ config ] -------------------------------------------------------------
c 
c using 'unsat' configuration (target unsatisfiable instances)
c 
c --- [ proof tracing ] ------------------------------------------------------
c 
c opening file to write '/tmp/25_828_0_three.drat'
c writing binary proof trace to '/tmp/25_828_0_three.drat'
c 
c --- [ parsing input ] ------------------------------------------------------
c 
c reading DIMACS file from '/tmp/25_828_0_three.cnf'
c opening file to read '/tmp/25_828_0_three.cnf'
c found 'p cnf 39424 200372' header
c parsed 200372 clauses in 0.10 seconds process time
c 
c --- [ options ] ------------------------------------------------------------
c 
c   --stabilize=false              (different from default 'true')
c   --walk=false                   (different from default 'true')
c 
c --- [ solving ] ------------------------------------------------------------
c 
c time measured in process time since initialization
c 
c  seconds  reductions  redundant  irredundant
c         MB    restarts       trail       variables
c          level   conflicts       glue         remaining
c 
c *  0.10 26  0 0   0    0    0  0% 0 183405 38267 97%
c {  0.10 27  0 0   0    0    0  0% 0 183405 38267 97%
c -  0.14 28 51 1  13  302  263  9% 7 178003 38267 97%
c I  0.20 29 32 1  33 1006  858 10% 7 178003 38267 97%
c i  0.20 29 32 1  33 1006  858 10% 7 178003 38046 97%
c -  0.26 35 33 2  36 1056  763 10% 7 173384 38046 97%
c i  0.26 35 32 2  38 1089  786 10% 7 173384 38001 96%
c i  0.26 35 32 2  38 1090  786 10% 7 173384 37191 94%
c i  0.30 35 24 2  52 1800 1418 10% 7 173384 37159 94%
c i  0.31 35 24 2  52 2059 1610 10% 6 173384 37149 94%
c i  0.31 35 23 2  52 2093 1637 10% 6 173384 37147 94%
c i  0.31 35 23 2  52 2099 1641 10% 6 173384 37146 94%
c i  0.31 35 23 2  52 2103 1643 10% 6 173384 37144 94%
c }  0.31 35 23 2  52 2106 1644 10% 6 173384 37063 94%
c 0  0.31 35 23 2  52 2106 1644 10% 6 173384 37063 94%
c 
c --- [ result ] -------------------------------------------------------------
c 
s UNSATISFIABLE
c 
c --- [ run-time profiling ] -------------------------------------------------
c 
c process time taken by individual solving procedures
c (percentage relative to process time for solving)
c 
c         0.21   98.15% search
c         0.21   98.15% unstable
c         0.00    0.00% simplify
c   =================================
c         0.22   69.23% solve
c 
c last line shows process time for solving
c (percentage relative to total process time)
c 
c --- [ statistics ] ---------------------------------------------------------
c 
c backtracked:                2573       122.17 %  of conflicts
c chronological:               976        37.93 %  of backtracks
c conflicts:                  2106      9750.00    per second
c decisions:                  7559     34995.37    per second
c fixed:                      2361         5.99 %  of all variables
c learned:                    1930        91.64 %  per conflict
c minimized:                 16292        29.49 %  learned literals
c propagations:             818188         3.79 M  per second
c reduced:                     120         5.70 %  per conflict
c rephased:                      1      2106.00    interval
c restarts:                     52        40.50    interval
c subsumed:                    134         0.04 %  of all clauses
c 
c seconds are measured in process time for solving
c 
c --- [ resources ] ----------------------------------------------------------
c 
c total process time since initialization:         0.31    seconds
c total real time since initialization:            0.31    seconds
c maximum resident set size of process:           34.64    MB
c 
c --- [ shutting down ] ------------------------------------------------------
c 
c exit 20
