c --- [ banner ] -------------------------------------------------------------
c 
c CaDiCaL Radically Simplified CDCL SAT Solver
c Copyright (c) 2016-2019 Armin Biere, JKU Linz
c 
c Version 1.0.3 cb89cbfa16f47cb7bf1ec6ad9855e7b6d5203c18
c g++ (GCC) 6.3.0 -Wall -Wextra -O3 -DNDEBUG
c Fri Aug 23 08:17:16 CDT 2019 Linux login1 4.4.103-6.38-default x86_64
c 
c --- [ config ] -------------------------------------------------------------
c 
c using 'unsat' configuration (target unsatisfiable instances)
c 
c --- [ proof tracing ] ------------------------------------------------------
c 
c opening file to write '/tmp/71_639_0_four.drat'
c writing binary proof trace to '/tmp/71_639_0_four.drat'
c 
c --- [ parsing input ] ------------------------------------------------------
c 
c reading DIMACS file from '/tmp/71_639_0_four.cnf'
c opening file to read '/tmp/71_639_0_four.cnf'
c found 'p cnf 43008 265785' header
c parsed 265785 clauses in 0.09 seconds process time
c 
c --- [ options ] ------------------------------------------------------------
c 
c   --stabilize=false              (different from default 'true')
c   --walk=false                   (different from default 'true')
c 
c --- [ solving ] ------------------------------------------------------------
c 
c time measured in process time since initialization
c 
c  seconds  reductions  redundant  irredundant
c         MB    restarts       trail       variables
c          level   conflicts       glue         remaining
c 
c *  0.09 31  0 0   0    0    0  0% 0 241970 41298 96%
c {  0.09 32  0 0   0    0    0  0% 0 241970 41298 96%
c -  0.12 33 29 1  18  308  219  7% 6 228482 41298 96%
c i  0.12 33 28 1  21  431  308  7% 7 228482 41292 96%
c i  0.12 33 28 1  21  432  308  7% 7 228482 41099 96%
c i  0.12 33 28 1  21  433  308  7% 7 228482 41094 96%
c i  0.12 33 28 1  22  434  308  7% 7 228482 41050 95%
c i  0.13 33 27 1  24  457  319  7% 6 228482 40543 94%
c i  0.13 33 26 1  24  478  336  7% 6 228482 40521 94%
c i  0.13 33 25 1  24  486  338  7% 6 228482 40331 94%
c i  0.13 33 24 1  24  496  346  7% 6 228482 40302 94%
c i  0.13 33 23 1  24  511  356  7% 6 228482 40264 94%
c }  0.13 33 23 1  24  516  357  7% 6 228482 40189 93%
c 0  0.13 33 23 1  24  516  357  7% 6 228482 40189 93%
c 
c --- [ result ] -------------------------------------------------------------
c 
s UNSATISFIABLE
c 
c --- [ run-time profiling ] -------------------------------------------------
c 
c process time taken by individual solving procedures
c (percentage relative to process time for solving)
c 
c         0.04  100.00% search
c         0.04  100.00% unstable
c         0.00    0.00% simplify
c   =================================
c         0.04   28.13% solve
c 
c last line shows process time for solving
c (percentage relative to total process time)
c 
c --- [ statistics ] ---------------------------------------------------------
c 
c backtracked:                 622       120.54 %  of conflicts
c chronological:               216        34.73 %  of backtracks
c conflicts:                   516     14333.33    per second
c decisions:                  2594     72055.56    per second
c fixed:                      2819         6.55 %  of all variables
c learned:                     408        79.07 %  per conflict
c minimized:                  3565        31.33 %  learned literals
c propagations:             118084         3.28 M  per second
c restarts:                     24        21.50    interval
c subsumed:                     41         0.01 %  of all clauses
c 
c seconds are measured in process time for solving
c 
c --- [ resources ] ----------------------------------------------------------
c 
c total process time since initialization:         0.13    seconds
c total real time since initialization:            0.13    seconds
c maximum resident set size of process:           34.16    MB
c 
c --- [ shutting down ] ------------------------------------------------------
c 
c exit 20
