c --- [ banner ] -------------------------------------------------------------
c 
c CaDiCaL Radically Simplified CDCL SAT Solver
c Copyright (c) 2016-2019 Armin Biere, JKU Linz
c 
c Version 1.0.3 cb89cbfa16f47cb7bf1ec6ad9855e7b6d5203c18
c g++ (GCC) 6.3.0 -Wall -Wextra -O3 -DNDEBUG
c Fri Aug 23 08:17:16 CDT 2019 Linux login1 4.4.103-6.38-default x86_64
c 
c --- [ config ] -------------------------------------------------------------
c 
c using 'unsat' configuration (target unsatisfiable instances)
c 
c --- [ proof tracing ] ------------------------------------------------------
c 
c opening file to write '/tmp/44_1284_0_six.drat'
c writing binary proof trace to '/tmp/44_1284_0_six.drat'
c 
c --- [ parsing input ] ------------------------------------------------------
c 
c reading DIMACS file from '/tmp/44_1284_0_six.cnf'
c opening file to read '/tmp/44_1284_0_six.cnf'
c found 'p cnf 50176 399284' header
c parsed 399284 clauses in 0.14 seconds process time
c 
c --- [ options ] ------------------------------------------------------------
c 
c   --stabilize=false              (different from default 'true')
c   --walk=false                   (different from default 'true')
c 
c --- [ solving ] ------------------------------------------------------------
c 
c time measured in process time since initialization
c 
c  seconds  reductions  redundant  irredundant
c         MB    restarts       trail       variables
c          level   conflicts       glue         remaining
c 
c *  0.14 45  0 0   0    0    0  0% 0 365625 48269 96%
c {  0.14 45  0 0   0    0    0  0% 0 365625 48269 96%
c -  0.20 47 87 1  21  301  174 10% 9 349903 48269 96%
c I  0.24 48 98 1  87 1016  609 10% 12 349903 48269 96%
c -  0.34 60 108 2 100 1227  675 11% 13 349903 48269 96%
c -  0.46 60 77 3 171 2616 1208 10% 12 349903 48269 96%
c B  0.50 60 78 3 192 3018 1500 10% 12 349903 48269 96%
c -  0.63 61 69 4 251 4468 1751 11% 12 349903 48269 96%
c d  0.77 62 61 4 255 5001 2141 11% 11 345199 45917 92%
c 2  0.90 61 61 4 255 5001 2141 11% 11 339319 45917 92%
c p  1.08 63 61 4 255 5001 15282 11% 11 339319 45835 91%
c s  1.28 71 70 4 283 5843 15925 11% 11 339317 45835 91%
c v  1.53 71 70 4 283 5843 15925 11% 11 335739 45835 91%
c w  1.62 72 70 4 283 5843 15917 11% 11 335739 45835 91%
c t  1.66 72 70 4 283 5843 15916 11% 11 304587 45835 91%
c e  2.28 66 70 4 283 5843 5167 11% 11 283648 28788 57%
c s  2.35 71 70 4 283 5843 5167 11% 11 283647 28788 57%
c e  2.40 71 70 4 283 5843 5166 11% 11 283646 28787 57%
c F  2.54 75 69 4 284 6019 5299  5% 11 283646 28787 57%
c -  2.64 75 62 5 294 6783 1325  6% 11 283646 28787 57%
c 
c  seconds  reductions  redundant   irredundant
c         MB    restarts       trail        variables
c          level   conflicts       glue          remaining
c 
c i  2.72 75 54 5 299 7817 2164  7% 10 283646 28775 57%
c i  2.72 75 53 5 299 7960 2261  7% 10 283646 28677 57%
c i  2.72 75 53 5 299 7962 2262  7% 10 283646 28653 57%
c i  2.72 75 53 5 299 7969 2267  7% 10 283646 28639 57%
c }  2.72 75 53 5 299 7977 2267  7% 10 283646 28465 57%
c 0  2.72 75 53 5 299 7977 2267  7% 10 283646 28465 57%
c 
c --- [ result ] -------------------------------------------------------------
c 
s UNSATISFIABLE
c 
c --- [ run-time profiling ] -------------------------------------------------
c 
c process time taken by individual solving procedures
c (percentage relative to process time for solving)
c 
c         1.63   63.16% simplify
c         0.95   36.69% search
c         0.95   36.69% unstable
c         0.66   25.70% elim
c         0.29   11.30% vivify
c         0.18    7.12% probe
c         0.18    7.12% subsume
c         0.10    3.72% ternary
c   =================================
c         2.58   94.86% solve
c 
c last line shows process time for solving
c (percentage relative to total process time)
c 
c --- [ statistics ] ---------------------------------------------------------
c 
c backtracked:               35548       445.63 %  of conflicts
c chronological:              2788         7.84 %  of backtracks
c conflicts:                  7977      3087.07    per second
c decisions:                 41688     16133.13    per second
c eliminated:                17048        33.98 %  of all variables
c fixed:                      2311         4.61 %  of all variables
c learned:                    6438        80.71 %  per conflict
c minimized:                 91711        27.08 %  learned literals
c propagations:            5543453         2.15 M  per second
c reduced:                    1340        16.80 %  per conflict
c rephased:                      3      2659.00    interval
c restarts:                    299        26.68    interval
c substituted:                2352         4.69 %  of all variables
c subsumed:                  10552         0.82 %  of all clauses
c strengthened:               3510         0.27 %  of all clauses
c vivified:                   3659         0.28 %  of all clauses
c weakened:                 107779         4.04    average size
c 
c seconds are measured in process time for solving
c 
c --- [ resources ] ----------------------------------------------------------
c 
c total process time since initialization:         2.72    seconds
c total real time since initialization:            2.72    seconds
c maximum resident set size of process:           74.85    MB
c 
c --- [ shutting down ] ------------------------------------------------------
c 
c exit 20
