c --- [ banner ] -------------------------------------------------------------
c 
c CaDiCaL Radically Simplified CDCL SAT Solver
c Copyright (c) 2016-2019 Armin Biere, JKU Linz
c 
c Version 1.0.3 cb89cbfa16f47cb7bf1ec6ad9855e7b6d5203c18
c g++ (GCC) 6.3.0 -Wall -Wextra -O3 -DNDEBUG
c Fri Aug 23 08:17:16 CDT 2019 Linux login1 4.4.103-6.38-default x86_64
c 
c --- [ config ] -------------------------------------------------------------
c 
c using 'unsat' configuration (target unsatisfiable instances)
c 
c --- [ proof tracing ] ------------------------------------------------------
c 
c opening file to write '/tmp/44_413_0_six.drat'
c writing binary proof trace to '/tmp/44_413_0_six.drat'
c 
c --- [ parsing input ] ------------------------------------------------------
c 
c reading DIMACS file from '/tmp/44_413_0_six.cnf'
c opening file to read '/tmp/44_413_0_six.cnf'
c found 'p cnf 50176 399284' header
c parsed 399284 clauses in 0.16 seconds process time
c 
c --- [ options ] ------------------------------------------------------------
c 
c   --stabilize=false              (different from default 'true')
c   --walk=false                   (different from default 'true')
c 
c --- [ solving ] ------------------------------------------------------------
c 
c time measured in process time since initialization
c 
c  seconds  reductions  redundant  irredundant
c         MB    restarts       trail       variables
c          level   conflicts       glue         remaining
c 
c *  0.16 45  0 0   0    0    0  0% 0 365624 48236 96%
c {  0.16 45  0 0   0    0    0  0% 0 365624 48236 96%
c i  0.16 46 35 0   0  104   67  6% 4 365624 48190 96%
c i  0.17 46 50 0   4  156   94  6% 5 365624 48164 96%
c -  0.22 47 79 1  27  300  172  8% 12 346244 48164 96%
c I  0.28 47 88 1  70 1007  613 11% 12 346244 48164 96%
c -  0.42 59 88 2  86 1223  703 11% 12 346244 48164 96%
c -  0.62 60 84 3 181 2610 1225 10% 13 346244 48164 96%
c B  0.63 60 73 3 181 3012 1472  9% 12 346244 48164 96%
c -  0.81 60 70 4 186 4457 1772 10% 10 346244 48164 96%
c d  1.03 61 71 4 197 5000 2170 11% 10 341590 45837 91%
c 2  1.24 60 71 4 197 5000 2170 11% 10 335775 45837 91%
c p  1.57 62 71 4 197 5000 14681 11% 10 335775 45812 91%
c s  1.86 69 74 4 203 5846 15294 12% 10 335775 45812 91%
c v  2.31 69 74 4 203 5846 15294 12% 10 332411 45812 91%
c w  2.43 69 74 4 203 5846 15286 12% 10 332411 45812 91%
c t  2.48 69 74 4 203 5846 15279 12% 10 299124 45812 91%
c e  3.27 65 74 4 203 5846 7441 12% 10 279642 28393 57%
c F  3.55 73 72 4 204 6013 7555  2% 10 279642 28393 57%
c i  3.60 74 69 4 207 6453 7873  8% 10 279642 28392 57%
c 
c  seconds  reductions  redundant   irredundant
c         MB    restarts       trail        variables
c          level   conflicts       glue          remaining
c 
c i  3.60 74 69 4 207 6480 7894  8% 10 279642 28342 56%
c -  3.66 74 68 5 212 6766 1032  9% 10 275078 28342 56%
c i  3.70 74 66 5 222 7207 1373  8% 10 275078 28337 56%
c i  3.89 74 59 5 245 8234 2207 11% 9 275078 28274 56%
c i  3.91 74 58 5 255 8480 2343 11% 9 275078 28118 56%
c i  3.91 74 58 5 255 8491 2353 11% 9 275078 28013 56%
c i  3.92 74 58 5 255 8502 2361 11% 9 275078 27714 55%
c }  3.92 74 58 5 255 8512 2366 11% 9 275078 27476 55%
c 0  3.92 74 58 5 255 8512 2366 11% 9 275078 27476 55%
c 
c --- [ result ] -------------------------------------------------------------
c 
s UNSATISFIABLE
c 
c --- [ run-time profiling ] -------------------------------------------------
c 
c process time taken by individual solving procedures
c (percentage relative to process time for solving)
c 
c         2.30   61.17% simplify
c         1.46   38.83% search
c         1.46   38.72% unstable
c         0.78   20.74% elim
c         0.50   13.40% vivify
c         0.33    8.83% probe
c         0.24    6.38% subsume
c         0.17    4.47% ternary
c         0.00    0.11% lucky
c   =================================
c         3.76   96.02% solve
c 
c last line shows process time for solving
c (percentage relative to total process time)
c 
c --- [ statistics ] ---------------------------------------------------------
c 
c backtracked:               36935       433.92 %  of conflicts
c chronological:              3160         8.56 %  of backtracks
c conflicts:                  8512      2263.83    per second
c decisions:                 39574     10525.00    per second
c eliminated:                17419        34.72 %  of all variables
c fixed:                      2954         5.89 %  of all variables
c learned:                    7020        82.47 %  per conflict
c minimized:                101253        27.18 %  learned literals
c propagations:            5952903         1.58 M  per second
c reduced:                    1402        16.47 %  per conflict
c rephased:                      3      2837.33    interval
c restarts:                    255        33.38    interval
c substituted:                2327         4.64 %  of all variables
c subsumed:                  10502         0.82 %  of all clauses
c strengthened:               4115         0.32 %  of all clauses
c vivified:                   3473         0.27 %  of all clauses
c weakened:                 108778         4.08    average size
c 
c seconds are measured in process time for solving
c 
c --- [ resources ] ----------------------------------------------------------
c 
c total process time since initialization:         3.92    seconds
c total real time since initialization:            3.92    seconds
c maximum resident set size of process:           73.57    MB
c 
c --- [ shutting down ] ------------------------------------------------------
c 
c exit 20
