c --- [ banner ] -------------------------------------------------------------
c 
c CaDiCaL Radically Simplified CDCL SAT Solver
c Copyright (c) 2016-2019 Armin Biere, JKU Linz
c 
c Version 1.0.3 cb89cbfa16f47cb7bf1ec6ad9855e7b6d5203c18
c g++ (GCC) 6.3.0 -Wall -Wextra -O3 -DNDEBUG
c Fri Aug 23 08:17:16 CDT 2019 Linux login1 4.4.103-6.38-default x86_64
c 
c --- [ config ] -------------------------------------------------------------
c 
c using 'unsat' configuration (target unsatisfiable instances)
c 
c --- [ proof tracing ] ------------------------------------------------------
c 
c opening file to write '/tmp/67_1168_0_four.drat'
c writing binary proof trace to '/tmp/67_1168_0_four.drat'
c 
c --- [ parsing input ] ------------------------------------------------------
c 
c reading DIMACS file from '/tmp/67_1168_0_four.cnf'
c opening file to read '/tmp/67_1168_0_four.cnf'
c found 'p cnf 259840 1039934' header
c parsed 1039934 clauses in 0.45 seconds process time
c 
c --- [ options ] ------------------------------------------------------------
c 
c   --stabilize=false              (different from default 'true')
c   --walk=false                   (different from default 'true')
c 
c --- [ solving ] ------------------------------------------------------------
c 
c time measured in process time since initialization
c 
c  seconds   reductions  redundant   irredundant
c          MB    restarts       trail        variables
c           level   conflicts       glue           remaining
c 
c *  0.47 139  0 0   0    0    0  0% 0 1039424 252658 97%
c {  0.48 142  0 0   0    0    0  0% 0 1039424 252658 97%
c -  0.68 147 317 1  11  303  187  6% 5 907537 252658 97%
c I  1.04 147 90 1 125 1002  779  7% 7 907537 252658 97%
c -  1.60 177 63 2 187 1478 1179  7% 8 907537 252658 97%
c i  2.18 177 43 2 300 2573 2127  8% 8 907537 252430 97%
c i  2.18 177 43 2 300 2577 2128  8% 8 907537 250293 96%
c i  2.18 177 43 2 300 2579 2129  8% 8 907537 250292 96%
c i  2.20 177 43 2 300 2594 2141  8% 8 907537 250242 96%
c }  2.20 177 42 2 300 2612 2155  8% 8 907537 249989 96%
c 0  2.20 177 42 2 300 2612 2155  8% 8 907537 249989 96%
c 
c --- [ result ] -------------------------------------------------------------
c 
s UNSATISFIABLE
c 
c --- [ run-time profiling ] -------------------------------------------------
c 
c process time taken by individual solving procedures
c (percentage relative to process time for solving)
c 
c         1.73   98.86% search
c         1.71   97.94% unstable
c         0.02    0.92% lucky
c         0.00    0.00% simplify
c   =================================
c         1.75   79.60% solve
c 
c last line shows process time for solving
c (percentage relative to total process time)
c 
c --- [ statistics ] ---------------------------------------------------------
c 
c backtracked:                3299       126.30 %  of conflicts
c chronological:              1128        34.19 %  of backtracks
c conflicts:                  2612      1494.28    per second
c decisions:                 14713      8417.05    per second
c fixed:                      9851         3.79 %  of all variables
c learned:                    2356        90.20 %  per conflict
c minimized:                 17062        22.52 %  learned literals
c propagations:            6349154         3.63 M  per second
c reduced:                      21         0.80 %  per conflict
c rephased:                      1      2612.00    interval
c restarts:                    300         8.71    interval
c subsumed:                    172         0.01 %  of all clauses
c 
c seconds are measured in process time for solving
c 
c --- [ resources ] ----------------------------------------------------------
c 
c total process time since initialization:         2.20    seconds
c total real time since initialization:            2.20    seconds
c maximum resident set size of process:          177.29    MB
c 
c --- [ shutting down ] ------------------------------------------------------
c 
c exit 20
