c --- [ banner ] -------------------------------------------------------------
c 
c CaDiCaL Radically Simplified CDCL SAT Solver
c Copyright (c) 2016-2019 Armin Biere, JKU Linz
c 
c Version 1.0.3 cb89cbfa16f47cb7bf1ec6ad9855e7b6d5203c18
c g++ (GCC) 6.3.0 -Wall -Wextra -O3 -DNDEBUG
c Fri Aug 23 08:17:16 CDT 2019 Linux login1 4.4.103-6.38-default x86_64
c 
c --- [ config ] -------------------------------------------------------------
c 
c using 'unsat' configuration (target unsatisfiable instances)
c 
c --- [ proof tracing ] ------------------------------------------------------
c 
c opening file to write '/tmp/67_482_0_four.drat'
c writing binary proof trace to '/tmp/67_482_0_four.drat'
c 
c --- [ parsing input ] ------------------------------------------------------
c 
c reading DIMACS file from '/tmp/67_482_0_four.cnf'
c opening file to read '/tmp/67_482_0_four.cnf'
c found 'p cnf 259840 1039934' header
c parsed 1039934 clauses in 0.60 seconds process time
c 
c --- [ options ] ------------------------------------------------------------
c 
c   --stabilize=false              (different from default 'true')
c   --walk=false                   (different from default 'true')
c 
c --- [ solving ] ------------------------------------------------------------
c 
c time measured in process time since initialization
c 
c  seconds   reductions  redundant   irredundant
c          MB    restarts       trail        variables
c           level   conflicts       glue           remaining
c 
c *  0.62 139  0 0   0    0    0  0% 0 1039424 252949 97%
c {  0.65 142  0 0   0    0    0  0% 0 1039424 252949 97%
c -  0.86 146 328 1   9  301  178  6% 4 909720 252949 97%
c i  0.96 146 250 1  27  389  255  6% 5 909720 252266 97%
c I  1.62 146 84 1 153 1004  815  7% 7 909720 252266 97%
c i  1.64 146 79 1 153 1042  848  7% 7 909720 248751 96%
c }  1.82 146 72 1 159 1202  972  8% 7 909720 242956 94%
c 0  1.82 146 72 1 159 1202  972  8% 7 909720 242956 94%
c 
c --- [ result ] -------------------------------------------------------------
c 
s UNSATISFIABLE
c 
c --- [ run-time profiling ] -------------------------------------------------
c 
c process time taken by individual solving procedures
c (percentage relative to process time for solving)
c 
c         1.19   98.03% search
c         1.17   96.05% unstable
c         0.02    1.97% lucky
c         0.00    0.00% simplify
c   =================================
c         1.22   66.96% solve
c 
c last line shows process time for solving
c (percentage relative to total process time)
c 
c --- [ statistics ] ---------------------------------------------------------
c 
c backtracked:                1588       132.11 %  of conflicts
c chronological:               610        38.41 %  of backtracks
c conflicts:                  1202       988.49    per second
c decisions:                  8379      6890.62    per second
c fixed:                     16884         6.50 %  of all variables
c learned:                    1101        91.60 %  per conflict
c minimized:                  4321        17.46 %  learned literals
c propagations:            3353979         2.76 M  per second
c rephased:                      1      1202.00    interval
c restarts:                    159         7.56    interval
c subsumed:                    126         0.01 %  of all clauses
c 
c seconds are measured in process time for solving
c 
c --- [ resources ] ----------------------------------------------------------
c 
c total process time since initialization:         1.82    seconds
c total real time since initialization:            1.82    seconds
c maximum resident set size of process:          153.82    MB
c 
c --- [ shutting down ] ------------------------------------------------------
c 
c exit 20
