c --- [ banner ] -------------------------------------------------------------
c 
c CaDiCaL Radically Simplified CDCL SAT Solver
c Copyright (c) 2016-2019 Armin Biere, JKU Linz
c 
c Version 1.0.3 cb89cbfa16f47cb7bf1ec6ad9855e7b6d5203c18
c g++ (GCC) 6.3.0 -Wall -Wextra -O3 -DNDEBUG
c Fri Aug 23 08:17:16 CDT 2019 Linux login1 4.4.103-6.38-default x86_64
c 
c --- [ config ] -------------------------------------------------------------
c 
c using 'unsat' configuration (target unsatisfiable instances)
c 
c --- [ proof tracing ] ------------------------------------------------------
c 
c opening file to write '/tmp/67_542_0_four.drat'
c writing binary proof trace to '/tmp/67_542_0_four.drat'
c 
c --- [ parsing input ] ------------------------------------------------------
c 
c reading DIMACS file from '/tmp/67_542_0_four.cnf'
c opening file to read '/tmp/67_542_0_four.cnf'
c found 'p cnf 259840 1039934' header
c parsed 1039934 clauses in 0.40 seconds process time
c 
c --- [ options ] ------------------------------------------------------------
c 
c   --stabilize=false              (different from default 'true')
c   --walk=false                   (different from default 'true')
c 
c --- [ solving ] ------------------------------------------------------------
c 
c time measured in process time since initialization
c 
c  seconds   reductions  redundant   irredundant
c          MB    restarts       trail        variables
c           level   conflicts       glue           remaining
c 
c *  0.43 139  0 0   0    0    0  0% 0 1039424 252678 97%
c {  0.45 142  0 0   0    0    0  0% 0 1039424 252678 97%
c -  0.67 147 290 1  17  301  186  5% 5 907549 252678 97%
c I  0.98 147 83 1  99 1002  783  8% 7 907549 252678 97%
c -  1.44 178 59 2 137 1477 1149  8% 8 907549 252678 97%
c i  1.64 178 49 2 200 1977 1576  8% 8 907549 252554 97%
c i  2.10 178 38 2 262 3004 2478  8% 8 907549 252266 97%
c B  2.11 178 38 2 263 3005 2479  8% 8 907549 252266 97%
c i  2.12 178 38 2 268 3031 2497  8% 8 907549 252050 97%
c i  2.12 178 38 2 268 3032 2497  8% 8 907549 252008 97%
c }  2.13 178 38 2 270 3052 2513  8% 8 907549 251817 97%
c 0  2.13 178 38 2 270 3052 2513  8% 8 907549 251817 97%
c 
c --- [ result ] -------------------------------------------------------------
c 
s UNSATISFIABLE
c 
c --- [ run-time profiling ] -------------------------------------------------
c 
c process time taken by individual solving procedures
c (percentage relative to process time for solving)
c 
c         1.70   98.61% search
c         1.68   97.22% unstable
c         0.02    1.39% lucky
c         0.00    0.00% simplify
c   =================================
c         1.73   81.05% solve
c 
c last line shows process time for solving
c (percentage relative to total process time)
c 
c --- [ statistics ] ---------------------------------------------------------
c 
c backtracked:                3821       125.20 %  of conflicts
c chronological:              1319        34.52 %  of backtracks
c conflicts:                  3052      1766.20    per second
c decisions:                 16430      9508.10    per second
c fixed:                      8023         3.09 %  of all variables
c learned:                    2767        90.66 %  per conflict
c minimized:                 24184        25.32 %  learned literals
c propagations:            8764405         5.07 M  per second
c reduced:                      31         1.02 %  per conflict
c rephased:                      2      1526.00    interval
c restarts:                    270        11.30    interval
c subsumed:                    218         0.01 %  of all clauses
c 
c seconds are measured in process time for solving
c 
c --- [ resources ] ----------------------------------------------------------
c 
c total process time since initialization:         2.13    seconds
c total real time since initialization:            2.13    seconds
c maximum resident set size of process:          177.95    MB
c 
c --- [ shutting down ] ------------------------------------------------------
c 
c exit 20
