c --- [ banner ] -------------------------------------------------------------
c 
c CaDiCaL Radically Simplified CDCL SAT Solver
c Copyright (c) 2016-2019 Armin Biere, JKU Linz
c 
c Version 1.0.3 cb89cbfa16f47cb7bf1ec6ad9855e7b6d5203c18
c g++ (GCC) 6.3.0 -Wall -Wextra -O3 -DNDEBUG
c Fri Aug 23 08:17:16 CDT 2019 Linux login1 4.4.103-6.38-default x86_64
c 
c --- [ config ] -------------------------------------------------------------
c 
c using 'unsat' configuration (target unsatisfiable instances)
c 
c --- [ proof tracing ] ------------------------------------------------------
c 
c opening file to write '/tmp/75_1097_0_six.drat'
c writing binary proof trace to '/tmp/75_1097_0_six.drat'
c 
c --- [ parsing input ] ------------------------------------------------------
c 
c reading DIMACS file from '/tmp/75_1097_0_six.cnf'
c opening file to read '/tmp/75_1097_0_six.cnf'
c found 'p cnf 50176 399289' header
c parsed 399289 clauses in 0.16 seconds process time
c 
c --- [ options ] ------------------------------------------------------------
c 
c   --stabilize=false              (different from default 'true')
c   --walk=false                   (different from default 'true')
c 
c --- [ solving ] ------------------------------------------------------------
c 
c time measured in process time since initialization
c 
c  seconds  reductions  redundant  irredundant
c         MB    restarts       trail       variables
c          level   conflicts       glue         remaining
c 
c *  0.16 44  0 0   0    0    0  0% 0 363760 48130 96%
c {  0.16 45  0 0   0    0    0  0% 0 363760 48130 96%
c -  0.22 47 57 1  21  303  203  7% 7 347282 48130 96%
c i  0.27 47 44 1  78  881  591  7% 8 347282 48129 96%
c I  0.28 47 48 1  93 1003  684  8% 9 347282 48129 96%
c -  0.40 59 41 2 108 1227  768  8% 9 347276 48129 96%
c i  0.47 59 41 2 168 2215 1429  8% 9 347276 47997 96%
c -  0.58 59 44 3 183 2614 1386  9% 9 343589 47997 96%
c B  0.61 59 40 3 186 3006 1672  9% 9 343589 47997 96%
c i  0.66 59 36 3 211 3617 2156  9% 9 343589 47849 95%
c i  0.69 59 33 3 223 4010 2461  9% 8 343589 47835 95%
c i  0.71 59 32 3 223 4251 2661  9% 8 343589 47787 95%
c i  0.72 59 31 3 223 4280 2683  9% 8 343589 47773 95%
c i  0.72 59 31 3 223 4313 2693  9% 8 343589 47645 95%
c -  0.80 59 30 4 223 4457 1690  9% 8 336699 47645 95%
c i  0.81 59 28 4 223 4647 1827  9% 8 336699 47602 95%
c i  0.82 59 29 4 245 4828 1959  9% 8 336699 47592 95%
c i  0.83 59 29 4 246 4851 1979  9% 8 336699 46542 93%
c i  0.84 59 28 4 246 4998 2066  9% 8 336699 46003 92%
c d  0.96 60 28 4 246 5000  582  9% 8 303789 43937 88%
c 
c  seconds  reductions  redundant  irredundant
c         MB    restarts       trail       variables
c          level   conflicts       glue         remaining
c 
c d  1.00 60 28 4 246 5000  575  9% 8 303629 43921 88%
c 2  1.15 60 28 4 246 5000  570  9% 8 298460 43817 87%
c p  1.36 60 28 4 246 5000 3949  9% 8 298460 43739 87%
c i  1.56 70 28 4 246 5009 3829  1% 8 296314 43733 87%
c }  1.56 70 28 4 246 5012 3830  1% 8 296314 43489 87%
c 0  1.56 70 28 4 246 5012 3830  1% 8 296314 43489 87%
c 
c --- [ result ] -------------------------------------------------------------
c 
s UNSATISFIABLE
c 
c --- [ run-time profiling ] -------------------------------------------------
c 
c process time taken by individual solving procedures
c (percentage relative to process time for solving)
c 
c         0.84   59.94% search
c         0.84   59.66% unstable
c         0.56   40.06% simplify
c         0.22   15.34% probe
c         0.14    9.66% ternary
c         0.00    0.28% lucky
c   =================================
c         1.41   90.03% solve
c 
c last line shows process time for solving
c (percentage relative to total process time)
c 
c --- [ statistics ] ---------------------------------------------------------
c 
c backtracked:               21339       425.76 %  of conflicts
c chronological:              1644         7.70 %  of backtracks
c conflicts:                  5012      3559.66    per second
c decisions:                 22018     15637.78    per second
c fixed:                      4605         9.18 %  of all variables
c learned:                    4283        85.45 %  per conflict
c minimized:                 76836        34.79 %  learned literals
c propagations:            3152034         2.24 M  per second
c reduced:                    1010        20.15 %  per conflict
c rephased:                      2      2506.00    interval
c restarts:                    246        20.37    interval
c substituted:                2082         4.15 %  of all variables
c subsumed:                   5823         0.56 %  of all clauses
c weakened:                   4164         2.00    average size
c 
c seconds are measured in process time for solving
c 
c --- [ resources ] ----------------------------------------------------------
c 
c total process time since initialization:         1.56    seconds
c total real time since initialization:            1.56    seconds
c maximum resident set size of process:           70.48    MB
c 
c --- [ shutting down ] ------------------------------------------------------
c 
c exit 20
