c --- [ banner ] -------------------------------------------------------------
c 
c CaDiCaL Radically Simplified CDCL SAT Solver
c Copyright (c) 2016-2019 Armin Biere, JKU Linz
c 
c Version 1.0.3 cb89cbfa16f47cb7bf1ec6ad9855e7b6d5203c18
c g++ (GCC) 6.3.0 -Wall -Wextra -O3 -DNDEBUG
c Fri Aug 23 08:17:16 CDT 2019 Linux login1 4.4.103-6.38-default x86_64
c 
c --- [ config ] -------------------------------------------------------------
c 
c using 'unsat' configuration (target unsatisfiable instances)
c 
c --- [ proof tracing ] ------------------------------------------------------
c 
c opening file to write '/tmp/79_697_0_four.drat'
c writing binary proof trace to '/tmp/79_697_0_four.drat'
c 
c --- [ parsing input ] ------------------------------------------------------
c 
c reading DIMACS file from '/tmp/79_697_0_four.cnf'
c opening file to read '/tmp/79_697_0_four.cnf'
c found 'p cnf 259840 1039929' header
c parsed 1039929 clauses in 0.47 seconds process time
c 
c --- [ options ] ------------------------------------------------------------
c 
c   --stabilize=false              (different from default 'true')
c   --walk=false                   (different from default 'true')
c 
c --- [ solving ] ------------------------------------------------------------
c 
c time measured in process time since initialization
c 
c  seconds   reductions  redundant   irredundant
c          MB    restarts       trail        variables
c           level   conflicts       glue           remaining
c 
c *  0.49 140  0 0   0    0    0  0% 0 1039424 252509 97%
c {  0.51 142  0 0   0    0    0  0% 0 1039424 252509 97%
c -  0.77 148 242 1  16  301  197  7% 5 903397 252509 97%
c i  0.78 148 235 1  17  310  204  7% 5 903397 252204 97%
c i  0.82 148 221 1  21  330  220  7% 5 903397 251702 97%
c i  0.84 148 218 1  23  337  224  7% 5 903397 251214 97%
c i  0.87 148 198 1  31  367  251  7% 5 903397 250695 96%
c i  0.94 148 159 1  47  439  319  7% 6 903397 248804 96%
c i  0.96 148 147 1  54  468  344  7% 7 903397 248196 96%
c i  1.03 148 107 1  76  623  475  7% 7 903397 248188 96%
c i  1.04 148 104 1  76  639  485  7% 7 903397 247954 95%
c i  1.06 148 99 1  76  697  520  8% 7 903397 247953 95%
c i  1.08 148 95 1  76  726  533  8% 7 903397 247572 95%
c i  1.08 148 95 1  76  727  533  8% 7 903397 243574 94%
c i  1.08 148 95 1  76  729  534  8% 7 903397 241866 93%
c }  1.08 148 94 1  76  731  534  8% 7 903397 241683 93%
c 0  1.08 148 94 1  76  731  534  8% 7 903397 241683 93%
c 
c --- [ result ] -------------------------------------------------------------
c 
s UNSATISFIABLE
c 
c --- [ run-time profiling ] -------------------------------------------------
c 
c process time taken by individual solving procedures
c (percentage relative to process time for solving)
c 
c         0.59   96.10% search
c         0.57   92.86% unstable
c         0.02    3.25% lucky
c         0.00    0.00% simplify
c   =================================
c         0.62   56.83% solve
c 
c last line shows process time for solving
c (percentage relative to total process time)
c 
c --- [ statistics ] ---------------------------------------------------------
c 
c backtracked:                 970       132.69 %  of conflicts
c chronological:               413        42.58 %  of backtracks
c conflicts:                   731      1186.69    per second
c decisions:                  5270      8555.19    per second
c fixed:                     18157         6.99 %  of all variables
c learned:                     675        92.34 %  per conflict
c minimized:                  2055        17.62 %  learned literals
c propagations:            1506176         2.45 M  per second
c restarts:                     76         9.62    interval
c subsumed:                    127         0.01 %  of all clauses
c 
c seconds are measured in process time for solving
c 
c --- [ resources ] ----------------------------------------------------------
c 
c total process time since initialization:         1.08    seconds
c total real time since initialization:            1.08    seconds
c maximum resident set size of process:          156.04    MB
c 
c --- [ shutting down ] ------------------------------------------------------
c 
c exit 20
