c --- [ banner ] -------------------------------------------------------------
c 
c CaDiCaL Radically Simplified CDCL SAT Solver
c Copyright (c) 2016-2019 Armin Biere, JKU Linz
c 
c Version 1.0.3 cb89cbfa16f47cb7bf1ec6ad9855e7b6d5203c18
c g++ (GCC) 6.3.0 -Wall -Wextra -O3 -DNDEBUG
c Fri Aug 23 08:17:16 CDT 2019 Linux login1 4.4.103-6.38-default x86_64
c 
c --- [ config ] -------------------------------------------------------------
c 
c using 'unsat' configuration (target unsatisfiable instances)
c 
c --- [ proof tracing ] ------------------------------------------------------
c 
c opening file to write '/tmp/41_110_0_three.drat'
c writing binary proof trace to '/tmp/41_110_0_three.drat'
c 
c --- [ parsing input ] ------------------------------------------------------
c 
c reading DIMACS file from '/tmp/41_110_0_three.cnf'
c opening file to read '/tmp/41_110_0_three.cnf'
c found 'p cnf 39424 200377' header
c parsed 200377 clauses in 0.08 seconds process time
c 
c --- [ options ] ------------------------------------------------------------
c 
c   --stabilize=false              (different from default 'true')
c   --walk=false                   (different from default 'true')
c 
c --- [ solving ] ------------------------------------------------------------
c 
c time measured in process time since initialization
c 
c  seconds  reductions  redundant  irredundant
c         MB    restarts       trail       variables
c          level   conflicts       glue         remaining
c 
c *  0.08 26  0 0   0    0    0  0% 0 182551 38173 97%
c {  0.08 26  0 0   0    0    0  0% 0 182551 38173 97%
c i  0.08 27 39 0   0    8    7  4% 3 182551 38172 97%
c i  0.10 27 54 0   6  274  238  8% 9 182551 38119 97%
c -  0.12 27 53 1   6  300  262  8% 8 174147 38097 97%
c I  0.16 29 47 1  44 1007  840  8% 8 174147 38097 97%
c -  0.20 34 47 2  44 1045  731  9% 8 174147 38097 97%
c -  0.30 35 48 3 122 2162 1300  9% 8 174147 38097 97%
c B  0.37 35 43 3 142 3008 2040  9% 8 174147 38097 97%
c -  0.45 35 39 4 169 3651 1926  9% 8 174147 38097 97%
c i  0.48 35 35 4 169 3985 2208  9% 7 174147 38031 96%
c s  0.62 31 34 4 214 4517 2673  9% 7 174147 38031 96%
c v  0.74 37 34 4 214 4517 2673  9% 7 171641 38031 96%
c w  0.79 37 34 4 214 4517 2673  9% 7 171641 38031 96%
c t  0.81 37 34 4 214 4517 2667  9% 7 157401 38031 96%
c e  1.53 37 34 4 214 4517   29  9% 7 135515 20825 53%
c s  1.60 41 34 4 214 4517   29  9% 7 135515 20825 53%
c 3  1.80 42 34 4 262 5001 7794  4% 7 135515 20825 53%
c p  1.85 43 34 4 262 5001 8416  4% 7 135515 20825 53%
c -  1.91 43 34 5 287 5514 1035  4% 7 135515 20825 53%
c 
c  seconds  reductions  redundant  irredundant
c         MB    restarts       trail       variables
c          level   conflicts       glue         remaining
c 
c i  1.93 43 32 5 287 5931 1381  4% 7 135515 20783 53%
c F  1.94 43 32 5 287 6013 1452  4% 7 135515 20783 53%
c -  2.04 34 29 6 342 7554 2042  5% 7 131804 20783 53%
c i  2.05 34 29 6 345 7701 2168  5% 7 131804 20777 53%
c i  2.07 34 27 6 351 8125 2511  5% 7 131804 20776 53%
c i  2.08 34 27 6 351 8210 2568  5% 7 131804 20752 53%
c i  2.08 34 27 6 351 8214 2562  5% 7 131804 20735 53%
c i  2.08 34 27 6 351 8215 2562  5% 7 131804 20675 52%
c i  2.08 34 27 6 351 8216 2562  5% 7 131804 20653 52%
c i  2.08 34 27 6 351 8224 2567  5% 7 131804 20650 52%
c i  2.08 34 27 6 351 8225 2567  5% 7 131804 20634 52%
c i  2.08 34 27 6 351 8226 2567  5% 7 131804 20594 52%
c i  2.08 34 27 6 351 8227 2567  5% 7 131804 20358 52%
c }  2.08 34 27 6 351 8229 2567  5% 7 131804 20294 51%
c 0  2.08 34 27 6 351 8229 2567  5% 7 131804 20294 51%
c 
c --- [ result ] -------------------------------------------------------------
c 
s UNSATISFIABLE
c 
c --- [ run-time profiling ] -------------------------------------------------
c 
c process time taken by individual solving procedures
c (percentage relative to process time for solving)
c 
c         1.20   60.12% simplify
c         0.80   39.88% search
c         0.80   39.88% unstable
c         0.76   37.88% elim
c         0.16    7.82% subsume
c         0.15    7.41% vivify
c         0.06    3.01% ternary
c         0.02    1.00% probe
c   =================================
c         2.00   96.15% solve
c 
c last line shows process time for solving
c (percentage relative to total process time)
c 
c --- [ statistics ] ---------------------------------------------------------
c 
c backtracked:               17712       215.24 %  of conflicts
c chronological:              3469        19.59 %  of backtracks
c conflicts:                  8229      4122.75    per second
c decisions:                 30560     15310.62    per second
c eliminated:                17206        43.64 %  of all variables
c fixed:                      1924         4.88 %  of all variables
c learned:                    7608        92.45 %  per conflict
c minimized:                 69155        30.19 %  learned literals
c propagations:            3061646         1.53 M  per second
c reduced:                    1497        18.19 %  per conflict
c rephased:                      3      2743.00    interval
c restarts:                    351        23.44    interval
c subsumed:                   4409         0.56 %  of all clauses
c strengthened:               2875         0.37 %  of all clauses
c ternary:                   10071         0.74 %  of resolved
c vivified:                   2546         0.33 %  of all clauses
c weakened:                  64682         3.60    average size
c 
c seconds are measured in process time for solving
c 
c --- [ resources ] ----------------------------------------------------------
c 
c total process time since initialization:         2.08    seconds
c total real time since initialization:            2.08    seconds
c maximum resident set size of process:           42.79    MB
c 
c --- [ shutting down ] ------------------------------------------------------
c 
c exit 20
