c --- [ banner ] -------------------------------------------------------------
c 
c CaDiCaL Radically Simplified CDCL SAT Solver
c Copyright (c) 2016-2019 Armin Biere, JKU Linz
c 
c Version 1.0.3 cb89cbfa16f47cb7bf1ec6ad9855e7b6d5203c18
c g++ (GCC) 6.3.0 -Wall -Wextra -O3 -DNDEBUG
c Fri Aug 23 08:17:16 CDT 2019 Linux login1 4.4.103-6.38-default x86_64
c 
c --- [ config ] -------------------------------------------------------------
c 
c using 'unsat' configuration (target unsatisfiable instances)
c 
c --- [ proof tracing ] ------------------------------------------------------
c 
c opening file to write '/tmp/41_390_0_three.drat'
c writing binary proof trace to '/tmp/41_390_0_three.drat'
c 
c --- [ parsing input ] ------------------------------------------------------
c 
c reading DIMACS file from '/tmp/41_390_0_three.cnf'
c opening file to read '/tmp/41_390_0_three.cnf'
c found 'p cnf 39424 200377' header
c parsed 200377 clauses in 0.12 seconds process time
c 
c --- [ options ] ------------------------------------------------------------
c 
c   --stabilize=false              (different from default 'true')
c   --walk=false                   (different from default 'true')
c 
c --- [ solving ] ------------------------------------------------------------
c 
c time measured in process time since initialization
c 
c  seconds  reductions  redundant  irredundant
c         MB    restarts       trail       variables
c          level   conflicts       glue         remaining
c 
c *  0.12 26  0 0   0    0    0  0% 0 182552 38044 96%
c {  0.12 27  0 0   0    0    0  0% 0 182552 38044 96%
c i  0.13 27 59 0   0   26   20  6% 3 182552 38014 96%
c i  0.13 27 14 0   0  132  104  5% 4 182552 38013 96%
c i  0.13 27 13 0   1  167  126  5% 4 182552 38007 96%
c }  0.13 27 13 0   1  175  131  5% 4 182552 37721 96%
c 0  0.13 27 13 0   1  175  131  5% 4 182552 37721 96%
c 
c --- [ result ] -------------------------------------------------------------
c 
s UNSATISFIABLE
c 
c --- [ run-time profiling ] -------------------------------------------------
c 
c process time taken by individual solving procedures
c (percentage relative to process time for solving)
c 
c         0.01  100.00% search
c         0.01   66.67% unstable
c         0.00   33.33% lucky
c         0.00    0.00% simplify
c   =================================
c         0.01    9.09% solve
c 
c last line shows process time for solving
c (percentage relative to total process time)
c 
c --- [ statistics ] ---------------------------------------------------------
c 
c backtracked:                 213       121.71 %  of conflicts
c chronological:                69        32.39 %  of backtracks
c conflicts:                   175     14583.33    per second
c decisions:                  1104     92000.00    per second
c fixed:                      1703         4.32 %  of all variables
c learned:                     158        90.29 %  per conflict
c minimized:                  1009        32.65 %  learned literals
c propagations:              32048         2.67 M  per second
c restarts:                      1       175.00    interval
c subsumed:                     23         0.01 %  of all clauses
c 
c seconds are measured in process time for solving
c 
c --- [ resources ] ----------------------------------------------------------
c 
c total process time since initialization:         0.13    seconds
c total real time since initialization:            0.13    seconds
c maximum resident set size of process:           27.02    MB
c 
c --- [ shutting down ] ------------------------------------------------------
c 
c exit 20
