c --- [ banner ] -------------------------------------------------------------
c 
c CaDiCaL Radically Simplified CDCL SAT Solver
c Copyright (c) 2016-2019 Armin Biere, JKU Linz
c 
c Version 1.0.3 cb89cbfa16f47cb7bf1ec6ad9855e7b6d5203c18
c g++ (GCC) 6.3.0 -Wall -Wextra -O3 -DNDEBUG
c Fri Aug 23 08:17:16 CDT 2019 Linux login1 4.4.103-6.38-default x86_64
c 
c --- [ config ] -------------------------------------------------------------
c 
c using 'unsat' configuration (target unsatisfiable instances)
c 
c --- [ proof tracing ] ------------------------------------------------------
c 
c opening file to write '/tmp/26_1262_0_four.drat'
c writing binary proof trace to '/tmp/26_1262_0_four.drat'
c 
c --- [ parsing input ] ------------------------------------------------------
c 
c reading DIMACS file from '/tmp/26_1262_0_four.cnf'
c opening file to read '/tmp/26_1262_0_four.cnf'
c found 'p cnf 43008 265790' header
c parsed 265790 clauses in 0.10 seconds process time
c 
c --- [ options ] ------------------------------------------------------------
c 
c   --stabilize=false              (different from default 'true')
c   --walk=false                   (different from default 'true')
c 
c --- [ solving ] ------------------------------------------------------------
c 
c time measured in process time since initialization
c 
c  seconds  reductions  redundant  irredundant
c         MB    restarts       trail       variables
c          level   conflicts       glue         remaining
c 
c *  0.10 31  0 0   0    0    0  0% 0 240738 41426 96%
c {  0.10 31  0 0   0    0    0  0% 0 240738 41426 96%
c -  0.14 32 35 1   0  300  213  8% 7 231368 41426 96%
c I  0.19 33 41 1  65 1002  820  8% 8 231368 41426 96%
c -  0.25 41 41 2  65 1118  826  9% 8 231368 41426 96%
c i  0.26 41 37 2  65 1264  947  8% 7 231368 41414 96%
c i  0.27 41 35 2  65 1451 1080  8% 7 231368 41410 96%
c i  0.28 41 34 2  65 1513 1124  8% 7 231368 41376 96%
c i  0.28 41 33 2  65 1615 1206  9% 7 231368 41029 95%
c i  0.28 41 33 2  65 1617 1207  9% 7 231368 41017 95%
c i  0.28 41 32 2  65 1623 1210  9% 7 231368 40932 95%
c i  0.28 41 32 2  65 1624 1210  9% 7 231368 40931 95%
c }  0.28 41 32 2  65 1627 1211  9% 7 231368 40920 95%
c 0  0.28 41 32 2  65 1627 1211  9% 7 231368 40920 95%
c 
c --- [ result ] -------------------------------------------------------------
c 
s UNSATISFIABLE
c 
c --- [ run-time profiling ] -------------------------------------------------
c 
c process time taken by individual solving procedures
c (percentage relative to process time for solving)
c 
c         0.18  100.00% search
c         0.18   97.83% unstable
c         0.00    2.17% lucky
c         0.00    0.00% simplify
c   =================================
c         0.18   64.79% solve
c 
c last line shows process time for solving
c (percentage relative to total process time)
c 
c --- [ statistics ] ---------------------------------------------------------
c 
c backtracked:                1971       121.14 %  of conflicts
c chronological:               728        36.94 %  of backtracks
c conflicts:                  1627      8842.39    per second
c decisions:                  6781     36853.26    per second
c fixed:                      2088         4.85 %  of all variables
c learned:                    1421        87.34 %  per conflict
c minimized:                 13973        28.27 %  learned literals
c propagations:             520819         2.83 M  per second
c reduced:                      89         5.47 %  per conflict
c rephased:                      1      1627.00    interval
c restarts:                     65        25.03    interval
c subsumed:                    113         0.02 %  of all clauses
c 
c seconds are measured in process time for solving
c 
c --- [ resources ] ----------------------------------------------------------
c 
c total process time since initialization:         0.28    seconds
c total real time since initialization:            0.29    seconds
c maximum resident set size of process:           41.30    MB
c 
c --- [ shutting down ] ------------------------------------------------------
c 
c exit 20
