c --- [ banner ] -------------------------------------------------------------
c 
c CaDiCaL Radically Simplified CDCL SAT Solver
c Copyright (c) 2016-2019 Armin Biere, JKU Linz
c 
c Version 1.0.3 cb89cbfa16f47cb7bf1ec6ad9855e7b6d5203c18
c g++ (GCC) 6.3.0 -Wall -Wextra -O3 -DNDEBUG
c Fri Aug 23 08:17:16 CDT 2019 Linux login1 4.4.103-6.38-default x86_64
c 
c --- [ config ] -------------------------------------------------------------
c 
c using 'unsat' configuration (target unsatisfiable instances)
c 
c --- [ proof tracing ] ------------------------------------------------------
c 
c opening file to write '/tmp/26_812_0_four.drat'
c writing binary proof trace to '/tmp/26_812_0_four.drat'
c 
c --- [ parsing input ] ------------------------------------------------------
c 
c reading DIMACS file from '/tmp/26_812_0_four.cnf'
c opening file to read '/tmp/26_812_0_four.cnf'
c found 'p cnf 43008 265790' header
c parsed 265790 clauses in 0.20 seconds process time
c 
c --- [ options ] ------------------------------------------------------------
c 
c   --stabilize=false              (different from default 'true')
c   --walk=false                   (different from default 'true')
c 
c --- [ solving ] ------------------------------------------------------------
c 
c time measured in process time since initialization
c 
c  seconds  reductions  redundant  irredundant
c         MB    restarts       trail       variables
c          level   conflicts       glue         remaining
c 
c *  0.20 31  0 0   0    0    0  0% 0 240733 41481 96%
c {  0.21 31  0 0   0    0    0  0% 0 240733 41481 96%
c -  0.26 32 43 1  28  300  236  8% 9 232519 41481 96%
c I  0.30 33 46 1  73 1002  715  8% 8 232519 41481 96%
c -  0.38 41 43 2  82 1119  674  8% 8 232519 41481 96%
c -  0.52 42 32 3 123 2351 1373  8% 7 232519 41481 96%
c i  0.56 42 31 3 169 2735 1695  8% 8 232519 41475 96%
c i  0.56 42 31 3 169 2745 1701  8% 8 232519 41471 96%
c B  0.59 42 29 3 179 3006 1932  8% 8 232519 41471 96%
c i  0.64 42 29 3 228 3566 2423  8% 8 232519 41391 96%
c i  0.66 42 28 3 242 3780 2609  8% 8 232519 41373 96%
c -  0.74 42 27 4 270 3991 1979  8% 8 229347 41373 96%
c i  0.80 42 27 4 302 4462 2365  9% 8 229347 41303 96%
c i  0.80 42 27 4 302 4465 2367  9% 8 229347 41243 96%
c i  0.80 42 27 4 302 4467 2368  9% 8 229347 41170 96%
c }  0.80 42 27 4 302 4471 2369  9% 8 229347 40932 95%
c 0  0.80 42 27 4 302 4471 2369  9% 8 229347 40932 95%
c 
c --- [ result ] -------------------------------------------------------------
c 
s UNSATISFIABLE
c 
c --- [ run-time profiling ] -------------------------------------------------
c 
c process time taken by individual solving procedures
c (percentage relative to process time for solving)
c 
c         0.60  100.00% search
c         0.59   99.33% unstable
c         0.00    0.67% lucky
c         0.00    0.00% simplify
c   =================================
c         0.60   74.50% solve
c 
c last line shows process time for solving
c (percentage relative to total process time)
c 
c --- [ statistics ] ---------------------------------------------------------
c 
c backtracked:                5465       122.23 %  of conflicts
c chronological:              1831        33.50 %  of backtracks
c conflicts:                  4471      7501.68    per second
c decisions:                 20218     33922.82    per second
c fixed:                      2076         4.83 %  of all variables
c learned:                    3940        88.12 %  per conflict
c minimized:                 47919        30.99 %  learned literals
c propagations:            1904212         3.19 M  per second
c reduced:                     951        21.27 %  per conflict
c rephased:                      2      2235.50    interval
c restarts:                    302        14.80    interval
c subsumed:                    272         0.06 %  of all clauses
c 
c seconds are measured in process time for solving
c 
c --- [ resources ] ----------------------------------------------------------
c 
c total process time since initialization:         0.80    seconds
c total real time since initialization:            0.80    seconds
c maximum resident set size of process:           47.80    MB
c 
c --- [ shutting down ] ------------------------------------------------------
c 
c exit 20
