c --- [ banner ] -------------------------------------------------------------
c 
c CaDiCaL Radically Simplified CDCL SAT Solver
c Copyright (c) 2016-2019 Armin Biere, JKU Linz
c 
c Version 1.0.3 cb89cbfa16f47cb7bf1ec6ad9855e7b6d5203c18
c g++ (GCC) 6.3.0 -Wall -Wextra -O3 -DNDEBUG
c Fri Aug 23 08:17:16 CDT 2019 Linux login1 4.4.103-6.38-default x86_64
c 
c --- [ config ] -------------------------------------------------------------
c 
c using 'unsat' configuration (target unsatisfiable instances)
c 
c --- [ proof tracing ] ------------------------------------------------------
c 
c opening file to write '/tmp/66_473_0_four.drat'
c writing binary proof trace to '/tmp/66_473_0_four.drat'
c 
c --- [ parsing input ] ------------------------------------------------------
c 
c reading DIMACS file from '/tmp/66_473_0_four.cnf'
c opening file to read '/tmp/66_473_0_four.cnf'
c found 'p cnf 259840 1039929' header
c parsed 1039929 clauses in 0.46 seconds process time
c 
c --- [ options ] ------------------------------------------------------------
c 
c   --stabilize=false              (different from default 'true')
c   --walk=false                   (different from default 'true')
c 
c --- [ solving ] ------------------------------------------------------------
c 
c time measured in process time since initialization
c 
c  seconds   reductions  redundant   irredundant
c          MB    restarts       trail        variables
c           level   conflicts       glue           remaining
c 
c *  0.48 139  0 0   0    0    0  0% 0 1039424 253324 97%
c {  0.50 142  0 0   0    0    0  0% 0 1039424 253324 97%
c -  0.75 148 319 1  13  300  187  5% 5 915998 253324 97%
c I  1.37 148 96 1 123 1002  779  8% 8 915998 253324 97%
c -  2.02 179 64 2 130 1480 1172  8% 8 915998 253324 97%
c B  3.12 179 44 2 244 3003 2451  9% 8 915998 253324 97%
c -  3.54 179 41 3 258 3245 2155  9% 8 915998 253324 97%
c i  3.87 179 37 3 273 3746 2583  9% 8 915998 252627 97%
c i  3.87 179 37 3 273 3749 2584  9% 8 915998 252144 97%
c i  3.88 179 37 3 273 3750 2584  9% 8 915998 242991 94%
c i  3.88 179 37 3 273 3751 2584  9% 8 915998 242413 93%
c i  3.88 179 37 3 273 3752 2584  9% 8 915998 240707 93%
c i  3.91 179 37 3 273 3773 2602  9% 8 915998 239492 92%
c i  3.91 179 37 3 273 3775 2603  9% 8 915998 239490 92%
c }  3.91 179 37 3 273 3778 2604  9% 8 915998 235402 91%
c 0  3.91 179 37 3 273 3778 2604  9% 8 915998 235402 91%
c 
c --- [ result ] -------------------------------------------------------------
c 
s UNSATISFIABLE
c 
c --- [ run-time profiling ] -------------------------------------------------
c 
c process time taken by individual solving procedures
c (percentage relative to process time for solving)
c 
c         3.44   99.42% search
c         3.42   98.84% unstable
c         0.02    0.58% lucky
c         0.00    0.00% simplify
c   =================================
c         3.46   88.34% solve
c 
c last line shows process time for solving
c (percentage relative to total process time)
c 
c --- [ statistics ] ---------------------------------------------------------
c 
c backtracked:                4622       122.34 %  of conflicts
c chronological:              1572        34.01 %  of backtracks
c conflicts:                  3778      1093.17    per second
c decisions:                 18668      5401.62    per second
c fixed:                     24438         9.41 %  of all variables
c learned:                    3377        89.39 %  per conflict
c minimized:                 33518        26.56 %  learned literals
c propagations:           11747242         3.40 M  per second
c reduced:                     529        14.00 %  per conflict
c rephased:                      2      1889.00    interval
c restarts:                    273        13.84    interval
c subsumed:                    235         0.01 %  of all clauses
c 
c seconds are measured in process time for solving
c 
c --- [ resources ] ----------------------------------------------------------
c 
c total process time since initialization:         3.91    seconds
c total real time since initialization:            3.91    seconds
c maximum resident set size of process:          202.52    MB
c 
c --- [ shutting down ] ------------------------------------------------------
c 
c exit 20
