c --- [ banner ] -------------------------------------------------------------
c 
c CaDiCaL Radically Simplified CDCL SAT Solver
c Copyright (c) 2016-2019 Armin Biere, JKU Linz
c 
c Version 1.0.3 cb89cbfa16f47cb7bf1ec6ad9855e7b6d5203c18
c g++ (GCC) 6.3.0 -Wall -Wextra -O3 -DNDEBUG
c Fri Aug 23 08:17:16 CDT 2019 Linux login1 4.4.103-6.38-default x86_64
c 
c --- [ config ] -------------------------------------------------------------
c 
c using 'unsat' configuration (target unsatisfiable instances)
c 
c --- [ proof tracing ] ------------------------------------------------------
c 
c opening file to write '/tmp/14_291_0_six.drat'
c writing binary proof trace to '/tmp/14_291_0_six.drat'
c 
c --- [ parsing input ] ------------------------------------------------------
c 
c reading DIMACS file from '/tmp/14_291_0_six.cnf'
c opening file to read '/tmp/14_291_0_six.cnf'
c found 'p cnf 50176 399279' header
c parsed 399279 clauses in 0.16 seconds process time
c 
c --- [ options ] ------------------------------------------------------------
c 
c   --stabilize=false              (different from default 'true')
c   --walk=false                   (different from default 'true')
c 
c --- [ solving ] ------------------------------------------------------------
c 
c time measured in process time since initialization
c 
c  seconds  reductions  redundant  irredundant
c         MB    restarts       trail       variables
c          level   conflicts       glue         remaining
c 
c *  0.16 45  0 0   0    0    0  0% 0 367504 48358 96%
c {  0.16 46  0 0   0    0    0  0% 0 367504 48358 96%
c -  0.23 47 80 1  22  304  212 11% 10 351646 48358 96%
c I  0.30 48 75 1  53 1002  605 12% 10 351646 48358 96%
c i  0.30 48 75 1  63 1065  652 12% 10 351646 48316 96%
c -  0.42 60 68 2  74 1233  672 11% 10 350774 48316 96%
c -  0.60 63 58 3 149 2623 1116 11% 10 350774 48316 96%
c B  0.63 63 50 3 149 3007 1383 11% 10 350774 48316 96%
c -  0.88 63 57 4 327 4477 1931 11% 11 350774 48316 96%
c d  1.12 65 60 4 396 5000 2349 11% 11 346058 45958 92%
c 2  1.31 62 60 4 396 5000 2349 11% 11 340163 45958 92%
c p  1.61 64 60 4 396 5000 20931 11% 11 340163 45886 91%
c d  1.66 64 60 4 396 5000 18516 11% 11 337714 45880 91%
c s  1.96 77 58 4 453 5854 19196 11% 11 337711 45880 91%
c v  2.41 78 58 4 453 5854 19196 11% 11 333365 45880 91%
c w  2.51 78 58 4 453 5854 19188 11% 11 333365 45880 91%
c t  2.56 78 58 4 453 5854 19119 11% 11 301540 45880 91%
c e  3.33 72 58 4 453 5854 8326 11% 11 282918 28751 57%
c s  3.46 75 58 4 453 5854 8321 11% 11 282918 28751 57%
c F  3.65 78 57 4 453 6015 8457  7% 11 282918 28751 57%
c 
c  seconds  reductions  redundant   irredundant
c         MB    restarts       trail        variables
c          level   conflicts       glue          remaining
c 
c -  3.74 78 56 5 514 6794 1283  7% 11 282918 28751 57%
c i  3.78 79 51 5 514 7479 1763  7% 10 282918 28610 57%
c }  3.78 79 51 5 514 7507 1778  7% 10 282918 28576 57%
c 0  3.78 79 51 5 514 7507 1778  7% 10 282918 28576 57%
c 
c --- [ result ] -------------------------------------------------------------
c 
s UNSATISFIABLE
c 
c --- [ run-time profiling ] -------------------------------------------------
c 
c process time taken by individual solving procedures
c (percentage relative to process time for solving)
c 
c         2.31   63.94% simplify
c         1.30   35.95% search
c         1.30   35.95% unstable
c         0.76   21.02% elim
c         0.48   13.38% vivify
c         0.30    8.19% probe
c         0.29    7.96% subsume
c         0.15    4.20% ternary
c   =================================
c         3.62   95.76% solve
c 
c last line shows process time for solving
c (percentage relative to total process time)
c 
c --- [ statistics ] ---------------------------------------------------------
c 
c backtracked:               35636       474.70 %  of conflicts
c chronological:              2761         7.75 %  of backtracks
c conflicts:                  7507      2076.05    per second
c decisions:                 53402     14768.25    per second
c eliminated:                17129        34.14 %  of all variables
c fixed:                      2107         4.20 %  of all variables
c learned:                    6100        81.26 %  per conflict
c minimized:                 72506        23.75 %  learned literals
c propagations:            5944721         1.64 M  per second
c reduced:                    1201        16.00 %  per conflict
c rephased:                      3      2502.33    interval
c restarts:                    514        14.61    interval
c substituted:                2364         4.71 %  of all variables
c subsumed:                  11424         0.87 %  of all clauses
c strengthened:               4711         0.36 %  of all clauses
c vivified:                   4442         0.34 %  of all clauses
c weakened:                 108521         4.04    average size
c 
c seconds are measured in process time for solving
c 
c --- [ resources ] ----------------------------------------------------------
c 
c total process time since initialization:         3.78    seconds
c total real time since initialization:            3.78    seconds
c maximum resident set size of process:           80.17    MB
c 
c --- [ shutting down ] ------------------------------------------------------
c 
c exit 20
