c --- [ banner ] -------------------------------------------------------------
c 
c CaDiCaL Radically Simplified CDCL SAT Solver
c Copyright (c) 2016-2019 Armin Biere, JKU Linz
c 
c Version 1.0.3 cb89cbfa16f47cb7bf1ec6ad9855e7b6d5203c18
c g++ (GCC) 6.3.0 -Wall -Wextra -O3 -DNDEBUG
c Fri Aug 23 08:17:16 CDT 2019 Linux login1 4.4.103-6.38-default x86_64
c 
c --- [ config ] -------------------------------------------------------------
c 
c using 'unsat' configuration (target unsatisfiable instances)
c 
c --- [ proof tracing ] ------------------------------------------------------
c 
c opening file to write '/tmp/14_249_0_six.drat'
c writing binary proof trace to '/tmp/14_249_0_six.drat'
c 
c --- [ parsing input ] ------------------------------------------------------
c 
c reading DIMACS file from '/tmp/14_249_0_six.cnf'
c opening file to read '/tmp/14_249_0_six.cnf'
c found 'p cnf 50176 399279' header
c parsed 399279 clauses in 0.16 seconds process time
c 
c --- [ options ] ------------------------------------------------------------
c 
c   --stabilize=false              (different from default 'true')
c   --walk=false                   (different from default 'true')
c 
c --- [ solving ] ------------------------------------------------------------
c 
c time measured in process time since initialization
c 
c  seconds  reductions  redundant  irredundant
c         MB    restarts       trail       variables
c          level   conflicts       glue         remaining
c 
c *  0.16 45  0 0   0    0    0  0% 0 367491 48394 96%
c {  0.16 45  0 0   0    0    0  0% 0 367491 48394 96%
c -  0.23 47 61 1  21  300  214  8% 9 352520 48394 96%
c I  0.32 49 82 1  82 1003  668 11% 12 352520 48394 96%
c -  0.45 60 75 2  99 1232  717 10% 12 352520 48394 96%
c -  0.64 61 74 3 154 2630 1219 11% 12 352520 48394 96%
c B  0.68 61 69 3 167 3004 1477 11% 12 352520 48394 96%
c -  0.93 61 66 4 228 4491 1927 12% 11 352520 48394 96%
c d  1.13 62 61 4 228 5000 2282 12% 10 347780 46024 92%
c 2  1.34 61 61 4 228 5000 2282 12% 10 341855 46024 92%
c p  1.69 63 61 4 228 5000 17660 12% 10 341855 45964 92%
c s  1.98 71 65 4 238 5854 18306 12% 10 341851 45964 92%
c v  2.54 71 65 4 238 5854 18306 12% 10 338242 45964 92%
c w  2.66 71 65 4 238 5854 18298 12% 10 338242 45964 92%
c t  2.71 71 65 4 238 5854 18297 12% 10 308441 45964 92%
c e  3.48 66 65 4 238 5854 10097 12% 10 288796 29363 59%
c s  3.59 72 65 4 238 5854 10096 12% 10 288796 29363 59%
c F  3.88 75 64 4 238 6006 10218  7% 10 288796 29363 59%
c -  4.02 76 58 5 271 6812 1263  8% 10 288796 29363 59%
c i  4.15 76 51 5 297 7884 2136  7% 9 288796 29343 58%
c 
c  seconds  reductions  redundant  irredundant
c         MB    restarts       trail       variables
c          level   conflicts       glue         remaining
c 
c i  4.33 76 43 5 306 9170 3118  9% 9 288796 29204 58%
c }  4.36 76 42 5 306 9289 3200 10% 9 288796 28538 57%
c 0  4.36 76 42 5 306 9289 3200 10% 9 288796 28538 57%
c 
c --- [ result ] -------------------------------------------------------------
c 
s UNSATISFIABLE
c 
c --- [ run-time profiling ] -------------------------------------------------
c 
c process time taken by individual solving procedures
c (percentage relative to process time for solving)
c 
c         2.51   59.71% simplify
c         1.69   40.29% search
c         1.69   40.19% unstable
c         0.84   19.90% elim
c         0.62   14.76% vivify
c         0.35    8.38% probe
c         0.26    6.29% subsume
c         0.16    3.81% ternary
c         0.00    0.10% lucky
c   =================================
c         4.20   96.42% solve
c 
c last line shows process time for solving
c (percentage relative to total process time)
c 
c --- [ statistics ] ---------------------------------------------------------
c 
c backtracked:               37014       398.47 %  of conflicts
c chronological:              3417         9.23 %  of backtracks
c conflicts:                  9289      2211.67    per second
c decisions:                 40638      9675.71    per second
c eliminated:                16601        33.09 %  of all variables
c fixed:                      2667         5.32 %  of all variables
c learned:                    7781        83.77 %  per conflict
c minimized:                114374        27.17 %  learned literals
c propagations:            6615268         1.58 M  per second
c reduced:                    1377        14.82 %  per conflict
c rephased:                      3      3096.33    interval
c restarts:                    306        30.36    interval
c substituted:                2370         4.72 %  of all variables
c subsumed:                  10739         0.82 %  of all clauses
c strengthened:               3662         0.28 %  of all clauses
c vivified:                   3699         0.28 %  of all clauses
c weakened:                 107975         4.01    average size
c 
c seconds are measured in process time for solving
c 
c --- [ resources ] ----------------------------------------------------------
c 
c total process time since initialization:         4.36    seconds
c total real time since initialization:            4.36    seconds
c maximum resident set size of process:           75.52    MB
c 
c --- [ shutting down ] ------------------------------------------------------
c 
c exit 20
