c --- [ banner ] -------------------------------------------------------------
c 
c CaDiCaL Radically Simplified CDCL SAT Solver
c Copyright (c) 2016-2019 Armin Biere, JKU Linz
c 
c Version 1.0.3 cb89cbfa16f47cb7bf1ec6ad9855e7b6d5203c18
c g++ (GCC) 6.3.0 -Wall -Wextra -O3 -DNDEBUG
c Fri Aug 23 08:17:16 CDT 2019 Linux login1 4.4.103-6.38-default x86_64
c 
c --- [ config ] -------------------------------------------------------------
c 
c using 'unsat' configuration (target unsatisfiable instances)
c 
c --- [ proof tracing ] ------------------------------------------------------
c 
c opening file to write '/tmp/14_850_0_six.drat'
c writing binary proof trace to '/tmp/14_850_0_six.drat'
c 
c --- [ parsing input ] ------------------------------------------------------
c 
c reading DIMACS file from '/tmp/14_850_0_six.cnf'
c opening file to read '/tmp/14_850_0_six.cnf'
c found 'p cnf 50176 399279' header
c parsed 399279 clauses in 0.15 seconds process time
c 
c --- [ options ] ------------------------------------------------------------
c 
c   --stabilize=false              (different from default 'true')
c   --walk=false                   (different from default 'true')
c 
c --- [ solving ] ------------------------------------------------------------
c 
c time measured in process time since initialization
c 
c  seconds  reductions  redundant  irredundant
c         MB    restarts       trail       variables
c          level   conflicts       glue         remaining
c 
c *  0.16 45  0 0   0    0    0  0% 0 367501 48285 96%
c {  0.16 46  0 0   0    0    0  0% 0 367501 48285 96%
c -  0.23 47 72 1  28  300  201  9% 12 349899 48285 96%
c I  0.28 48 63 1  47 1006  706 10% 12 349899 48285 96%
c -  0.41 60 52 2  47 1234  812 10% 11 349899 48285 96%
c i  0.42 60 48 2  47 1354  910  9% 10 349899 48100 96%
c i  0.48 60 33 2  56 2272 1601  9% 9 349899 48061 96%
c -  0.57 60 30 3  80 2624 1434  9% 9 343199 48061 96%
c B  0.60 60 30 3 118 3007 1722  9% 9 343199 48061 96%
c i  0.64 60 26 3 143 3740 2263  9% 9 343199 48037 96%
c -  0.77 63 27 4 168 4468 2098  9% 9 342939 48037 96%
c i  0.79 63 26 4 179 4734 2308  9% 9 342939 48029 96%
c i  0.80 63 25 4 179 4907 2446  9% 9 342939 48007 96%
c d  0.94 64 25 4 182 5002 2236  9% 9 337899 45703 91%
c 2  1.12 61 25 4 182 5002 2236  9% 9 332138 45703 91%
c p  1.42 61 25 4 182 5002 5650  9% 9 332138 44809 89%
c i  1.63 74 25 4 184 5105 4418  3% 9 309816 44685 89%
c i  1.64 74 24 4 184 5391 4622  3% 8 309816 44532 89%
c i  1.64 74 24 4 184 5413 4640  3% 8 309816 44531 89%
c i  1.65 74 24 4 184 5469 4671  3% 8 309816 44394 88%
c 
c  seconds  reductions  redundant  irredundant
c         MB    restarts       trail       variables
c          level   conflicts       glue         remaining
c 
c }  1.65 74 24 4 184 5473 4673  3% 8 309816 44173 88%
c 0  1.65 74 24 4 184 5473 4673  3% 8 309816 44173 88%
c 
c --- [ result ] -------------------------------------------------------------
c 
s UNSATISFIABLE
c 
c --- [ run-time profiling ] -------------------------------------------------
c 
c process time taken by individual solving procedures
c (percentage relative to process time for solving)
c 
c         0.84   55.88% search
c         0.83   55.61% unstable
c         0.66   43.85% simplify
c         0.30   20.32% probe
c         0.14    9.36% ternary
c         0.00    0.27% lucky
c   =================================
c         1.50   90.78% solve
c 
c last line shows process time for solving
c (percentage relative to total process time)
c 
c --- [ statistics ] ---------------------------------------------------------
c 
c backtracked:               27623       504.71 %  of conflicts
c chronological:              1723         6.24 %  of backtracks
c conflicts:                  5473      3658.42    per second
c decisions:                 18294     12228.61    per second
c fixed:                      3699         7.37 %  of all variables
c learned:                    4882        89.20 %  per conflict
c minimized:                 93065        36.55 %  learned literals
c propagations:            3266617         2.18 M  per second
c reduced:                    1152        21.05 %  per conflict
c rephased:                      2      2736.50    interval
c restarts:                    184        29.74    interval
c substituted:                2304         4.59 %  of all variables
c subsumed:                   6440         0.60 %  of all clauses
c weakened:                   4608         2.00    average size
c 
c seconds are measured in process time for solving
c 
c --- [ resources ] ----------------------------------------------------------
c 
c total process time since initialization:         1.65    seconds
c total real time since initialization:            1.65    seconds
c maximum resident set size of process:           73.66    MB
c 
c --- [ shutting down ] ------------------------------------------------------
c 
c exit 20
