c --- [ banner ] -------------------------------------------------------------
c 
c CaDiCaL Radically Simplified CDCL SAT Solver
c Copyright (c) 2016-2019 Armin Biere, JKU Linz
c 
c Version 1.0.3 cb89cbfa16f47cb7bf1ec6ad9855e7b6d5203c18
c g++ (GCC) 6.3.0 -Wall -Wextra -O3 -DNDEBUG
c Fri Aug 23 08:17:16 CDT 2019 Linux login1 4.4.103-6.38-default x86_64
c 
c --- [ config ] -------------------------------------------------------------
c 
c using 'unsat' configuration (target unsatisfiable instances)
c 
c --- [ proof tracing ] ------------------------------------------------------
c 
c opening file to write '/tmp/56_1161_0_four.drat'
c writing binary proof trace to '/tmp/56_1161_0_four.drat'
c 
c --- [ parsing input ] ------------------------------------------------------
c 
c reading DIMACS file from '/tmp/56_1161_0_four.cnf'
c opening file to read '/tmp/56_1161_0_four.cnf'
c found 'p cnf 259840 1039919' header
c parsed 1039919 clauses in 0.44 seconds process time
c 
c --- [ options ] ------------------------------------------------------------
c 
c   --stabilize=false              (different from default 'true')
c   --walk=false                   (different from default 'true')
c 
c --- [ solving ] ------------------------------------------------------------
c 
c time measured in process time since initialization
c 
c  seconds   reductions  redundant   irredundant
c          MB    restarts       trail        variables
c           level   conflicts       glue           remaining
c 
c *  0.46 139  0 0   0    0    0  0% 0 1039424 254308 98%
c {  0.48 142  0 0   0    0    0  0% 0 1039424 254308 98%
c -  0.67 147 316 1  13  300  184  5% 5 928686 254308 98%
c I  1.10 147 92 1 168 1002  812  5% 9 928686 254308 98%
c -  1.61 178 72 2 218 1486 1162  6% 10 928686 254308 98%
c B  2.57 178 56 2 318 3003 2483  8% 9 928686 254308 98%
c -  2.87 178 53 3 326 3260 2079  7% 9 928686 254308 98%
c s  3.88 197 45 3 378 4063 2792  7% 9 928686 254308 98%
c v  5.08 197 45 3 378 4063 2792  7% 9 928684 254308 98%
c w  5.43 197 45 3 378 4063 2790  7% 9 928684 254308 98%
c t  5.49 197 45 3 378 4063 2789  7% 9 928082 254308 98%
c e  8.16 198 45 3 378 4063   38  7% 9 231203 28401 11%
c s  8.40 199 45 3 378 4063   38  7% 9 230930 28401 11%
c e  8.72 146 45 3 378 4063   33  7% 9 230924 28294 11%
c 3  9.08 158 43 3 453 5000 3559  7% 10 230924 28294 11%
c 3  9.09 158 43 3 453 5000 3703  7% 10 230924 28294 11%
c d  9.14 158 43 3 453 5000 3685  7% 10 230924 28291 11%
c 2  9.16 158 43 3 453 5000 3679  7% 10 230924 28291 11%
c p  9.23 158 43 3 453 5000 5873  7% 10 230924 28291 11%
c -  9.36 158 42 4 461 5621 1524  7% 9 230924 28291 11%
c 
c  seconds   reductions  redundant  irredundant
c          MB    restarts       trail       variables
c           level   conflicts       glue         remaining
c 
c i  9.40 158 41 4 461 5785 1669  8% 9 230924 28286 11%
c i  9.40 158 40 4 461 5838 1687  8% 9 230924 28219 11%
c i  9.40 158 40 4 461 5851 1698  8% 9 230924 28143 11%
c i  9.40 158 40 4 461 5860 1705  8% 9 230924 28139 11%
c }  9.40 158 40 4 461 5866 1707  8% 9 230924 28080 11%
c 0  9.40 158 40 4 461 5866 1707  8% 9 230924 28080 11%
c 
c --- [ result ] -------------------------------------------------------------
c 
s UNSATISFIABLE
c 
c --- [ run-time profiling ] -------------------------------------------------
c 
c process time taken by individual solving procedures
c (percentage relative to process time for solving)
c 
c         5.46   61.01% simplify
c         3.48   38.81% search
c         3.46   38.59% unstable
c         2.91   32.51% elim
c         1.42   15.86% vivify
c         0.84    9.33% subsume
c         0.09    0.98% ternary
c         0.07    0.76% probe
c         0.02    0.22% lucky
c   =================================
c         8.96   95.28% solve
c 
c last line shows process time for solving
c (percentage relative to total process time)
c 
c --- [ statistics ] ---------------------------------------------------------
c 
c backtracked:               18029       307.35 %  of conflicts
c chronological:              2391        13.26 %  of backtracks
c conflicts:                  5866       654.98    per second
c decisions:                 31431      3509.49    per second
c eliminated:               226014        86.98 %  of all variables
c fixed:                      5743         2.21 %  of all variables
c learned:                    5348        91.17 %  per conflict
c minimized:                 44162        22.60 %  learned literals
c propagations:           12837667         1.43 M  per second
c reduced:                     663        11.30 %  per conflict
c rephased:                      2      2933.00    interval
c restarts:                    461        12.72    interval
c substituted:                   3         0.00 %  of all variables
c subsumed:                   5899         0.19 %  of all clauses
c strengthened:              14977         0.49 %  of all clauses
c ternary:                    3235         0.31 %  of resolved
c vivified:                    131         0.00 %  of all clauses
c weakened:                 815724         2.85    average size
c 
c seconds are measured in process time for solving
c 
c --- [ resources ] ----------------------------------------------------------
c 
c total process time since initialization:         9.40    seconds
c total real time since initialization:            9.40    seconds
c maximum resident set size of process:          206.79    MB
c 
c --- [ shutting down ] ------------------------------------------------------
c 
c exit 20
