c --- [ banner ] -------------------------------------------------------------
c 
c CaDiCaL Radically Simplified CDCL SAT Solver
c Copyright (c) 2016-2019 Armin Biere, JKU Linz
c 
c Version 1.0.3 cb89cbfa16f47cb7bf1ec6ad9855e7b6d5203c18
c g++ (GCC) 6.3.0 -Wall -Wextra -O3 -DNDEBUG
c Fri Aug 23 08:17:16 CDT 2019 Linux login1 4.4.103-6.38-default x86_64
c 
c --- [ config ] -------------------------------------------------------------
c 
c using 'unsat' configuration (target unsatisfiable instances)
c 
c --- [ proof tracing ] ------------------------------------------------------
c 
c opening file to write '/tmp/13_855_0_three.drat'
c writing binary proof trace to '/tmp/13_855_0_three.drat'
c 
c --- [ parsing input ] ------------------------------------------------------
c 
c reading DIMACS file from '/tmp/13_855_0_three.cnf'
c opening file to read '/tmp/13_855_0_three.cnf'
c found 'p cnf 202048 780975' header
c parsed 780975 clauses in 0.34 seconds process time
c 
c --- [ options ] ------------------------------------------------------------
c 
c   --stabilize=false              (different from default 'true')
c   --walk=false                   (different from default 'true')
c 
c --- [ solving ] ------------------------------------------------------------
c 
c time measured in process time since initialization
c 
c  seconds  reductions  redundant  irredundant
c         MB    restarts       trail       variables
c          level   conflicts       glue          remaining
c 
c *  0.35 97  0 0   0    0    0  0% 0 780480 198299 98%
c {  0.36 99  0 0   0    0    0  0% 0 780480 198299 98%
c -  0.47 100 336 1   0  301  155  4% 3 705417 198299 98%
c I  0.98 105 92 1 176 1002  800  6% 8 705417 198299 98%
c -  1.64 128 79 2 241 1410 1179  7% 8 705417 198299 98%
c B  3.05 129 64 2 491 3003 2660  8% 9 705417 198299 98%
c -  3.28 129 65 3 494 3074 2095  8% 9 705417 198299 98%
c s  4.58 113 63 3 568 3955 2887  9% 10 705417 198299 98%
c v  5.69 135 63 3 568 3955 2887  9% 10 705413 198299 98%
c w  6.00 136 63 3 568 3955 2884  9% 10 705413 198299 98%
c t  6.06 136 63 3 568 3955 2884  9% 10 704744 198299 98%
c e  7.87 136 63 3 568 3955   35  9% 10 175450 26448 13%
c s  8.04 145 63 3 568 3955   34  9% 10 175234 26448 13%
c e  8.26 145 63 3 568 3955   24  9% 10 175179 26378 13%
c 3  8.58 145 60 3 691 5001 3568  6% 10 175179 26378 13%
c 3  8.59 146 60 3 691 5001 3904  6% 10 175179 26378 13%
c d  8.63 146 60 3 691 5001 3856  6% 10 175179 26370 13%
c 2  8.65 146 60 3 691 5001 3840  6% 10 175179 26370 13%
c p  8.70 146 60 3 691 5001 5451  6% 10 175179 26370 13%
c -  8.81 146 59 4 719 5292 1328  6% 10 175179 26370 13%
c 
c  seconds   reductions  redundant   irredundant
c          MB    restarts       trail        variables
c           level   conflicts       glue          remaining
c 
c F  8.90 146 58 4 784 6004 1974  7% 10 175179 26370 13%
c -  9.11 146 59 5 927 7162 2169  8% 10 175179 26370 13%
c -  9.42 146 58 6 1150 9400 2817  8% 10 175179 26370 13%
c B  9.54 146 58 6 1199 10005 3378  8% 10 175179 26370 13%
c -  9.82 146 56 7 1285 12013 3423  9% 10 175179 26370 13%
c s 10.23 146 56 7 1471 14881 6012  9% 10 175102 26370 13%
c v 10.44 146 56 7 1471 14881 6012  9% 10 164172 26370 13%
c w 10.56 146 56 7 1471 14881 6007  9% 10 164172 26370 13%
c t 10.58 146 56 7 1471 14881 6003  9% 10 156362 26370 13%
c e 10.72 146 56 7 1471 14881 4178  9% 10 152154 22629 11%
c s 10.79 146 56 7 1471 14881 4110  9% 10 151651 22629 11%
c e 10.85 146 56 7 1471 14881 4068  9% 10 151597 22614 11%
c - 10.99 146 56 8 1490 14997 3023  5% 10 151597 22614 11%
c 3 11.03 146 56 8 1490 15005 5235  5% 10 151597 22614 11%
c 3 11.04 146 56 8 1490 15005 5926  5% 10 151597 22614 11%
c d 11.08 146 56 8 1490 15005 5251  5% 10 151597 22513 11%
c 2 11.10 146 56 8 1490 15005 5084  5% 10 151589 22513 11%
c p 11.12 146 56 8 1490 15005 5705  5% 10 151589 22512 11%
c # 11.14 147 56 8 1490 15006 5706  5% 10 151589 22512 11%
c - 11.56 147 52 9 1724 18184 4647  8% 10 151474 22512 11%
c 
c  seconds   reductions    redundant   irredundant
c          MB    restarts         trail        variables
c           level     conflicts       glue          remaining
c 
c B 11.98 147 49 9 1832 21012 7254  9% 10 151474 22512 11%
c - 12.10 147 49 10 1917 21726 5254  8% 10 151474 22512 11%
c - 12.54 147 44 11 2101 25621 5927  7% 10 151474 22512 11%
c O 12.85 147 43 11 2267 28013 8115  7% 10 151474 22512 11%
c - 13.11 147 43 12 2378 29874 6779  7% 10 151474 22512 11%
c d 13.14 147 43 12 2387 30005 6892  7% 10 151464 22506 11%
c 3 13.18 147 43 12 2387 30005 9198  7% 10 151464 22506 11%
c 3 13.20 147 43 12 2387 30005 10074  7% 10 151464 22506 11%
c d 13.24 147 43 12 2387 30005 9222  7% 10 151464 22371 11%
c 2 13.25 147 43 12 2387 30005 9100  7% 10 151462 22371 11%
c p 13.28 147 43 12 2387 30005 9703  7% 10 151462 22370 11%
c d 13.30 147 43 12 2387 30005 9678  7% 10 151347 22369 11%
c d 13.31 147 43 12 2387 30005 9676  7% 10 151335 22364 11%
c s 13.54 147 41 12 2459 31352 9903  7% 10 150272 22364 11%
c v 13.82 147 41 12 2459 31352 9903  7% 10 135322 22364 11%
c w 13.98 147 41 12 2459 31352 9428  7% 10 135322 22364 11%
c t 13.99 147 41 12 2459 31352 9406  7% 10 135228 22364 11%
c e 14.08 147 41 12 2459 31352 9076  7% 10 135174 22335 11%
c s 14.13 147 41 12 2459 31352 9006  7% 10 135155 22335 11%
c e 14.17 147 41 12 2459 31352 8960  7% 10 135146 22329 11%
c 
c  seconds   reductions     redundant   irredundant
c          MB     restarts         trail        variables
c           level      conflicts       glue          remaining
c 
c - 14.68 147 41 13 2634 34477 7956  7% 10 135146 22329 11%
c B 14.87 147 41 13 2767 36015 9365  7% 10 135146 22329 11%
c - 15.24 147 40 14 2906 39228 7841  7% 10 135146 22329 11%
c - 15.76 147 37 15 3027 44316 8278  7% 10 135146 22329 11%
c I 15.89 147 37 15 3080 45016 8927  7% 10 135146 22329 11%
c - 16.55 147 36 16 3376 49744 9159  7% 10 135146 22329 11%
c d 16.63 147 37 16 3390 50006 9403  7% 10 135146 22328 11%
c 3 16.69 147 37 16 3390 50006 13163  7% 10 135146 22328 11%
c 3 16.71 147 37 16 3390 50006 14069  7% 10 135146 22328 11%
c d 16.77 147 37 16 3390 50006 12607  7% 10 135144 22096 11%
c 2 16.79 147 37 16 3390 50006 12542  7% 10 135144 22095 11%
c p 16.83 147 37 16 3390 50006 12900  7% 10 135144 22095 11%
c s 17.26 147 36 16 3481 52133 13708  7% 10 134199 22095 11%
c v 17.56 147 36 16 3481 52133 13708  7% 10 119098 22095 11%
c w 17.74 147 36 16 3481 52133 13099  7% 10 119098 22095 11%
c t 17.75 147 36 16 3481 52133 13096  7% 10 119090 22095 11%
c e 17.86 147 36 16 3481 52133 12633  7% 10 118977 22024 11%
c s 17.91 147 36 16 3481 52133 12518  7% 10 118962 22024 11%
c e 17.95 147 36 16 3481 52133 12511  7% 10 118959 22021 11%
c B 18.45 147 36 16 3636 55017 15156  7% 10 118959 22021 11%
c 
c  seconds   reductions      redundant   irredundant
c          MB     restarts          trail        variables
c           level      conflicts        glue          remaining
c 
c - 18.58 147 36 17 3666 55512 11034  7% 10 118959 22021 11%
c - 19.62 147 35 18 4069 61319 10699  7% 10 118959 22021 11%
c F 20.52 147 35 18 4426 66018 14989  7% 10 118959 22021 11%
c - 20.78 147 35 19 4544 67448 11420  7% 10 118959 22021 11%
c i 21.24 147 35 19 4751 69922 13693  7% 10 118959 22017 11%
c i 21.47 147 34 19 4801 71205 14739  7% 10 118959 22014 11%
c - 22.17 147 35 20 5114 73900 11292  7% 10 118412 22014 11%
c d 22.55 147 35 20 5232 75006 12286  7% 10 118352 21984 11%
c 3 22.61 147 35 20 5232 75006 16158  7% 10 118352 21984 11%
c 3 22.63 147 35 20 5232 75006 17556  7% 10 118352 21984 11%
c d 22.69 147 35 20 5232 75006 16227  7% 10 118352 21800 11%
c 2 22.71 147 35 20 5232 75006 16202  7% 10 118350 21799 11%
c p 22.74 147 35 20 5232 75006 16830  7% 10 118350 21799 11%
c s 23.21 147 35 20 5398 76471 16803  7% 10 117542 21799 11%
c v 23.64 147 35 20 5398 76471 16803  7% 10 101949 21799 11%
c w 23.88 147 35 20 5398 76471 16174  7% 10 101949 21799 11%
c t 23.89 147 35 20 5398 76471 16163  7% 10 101819 21799 11%
c e 24.06 147 35 20 5398 76471 12539  7% 10 101077 21158 10%
c s 24.12 147 35 20 5398 76471 12372  7% 10 100931 21158 10%
c e 24.18 147 35 20 5398 76471 12109  7% 10 100901 21132 10%
c 
c  seconds   reductions      redundant   irredundant
c          MB     restarts          trail        variables
c           level      conflicts        glue          remaining
c 
c B 24.44 147 35 20 5512 78020 13557  7% 10 100901 21132 10%
c - 24.93 147 35 21 5743 80663 11535  7% 10 100901 21132 10%
c - 26.35 147 36 22 6421 87288 12446  7% 10 100901 21132 10%
c # 27.11 147 36 22 6739 91023 15912  7% 10 100901 21132 10%
c - 27.85 147 36 23 7047 94216 13567  7% 10 100901 21132 10%
c f 29.29 147 36 24 7640 101444 10181  8% 10 100901 21132 10%
c s 29.82 147 36 24 7821 103537 12083  8% 10 100866 21132 10%
c v 30.28 147 36 24 7821 103537 12083  8% 10 96995 21132 10%
c w 30.51 147 36 24 7821 103537 12062  8% 10 96995 21132 10%
c t 30.51 147 36 24 7821 103537 12059  8% 10 96985 21132 10%
c e 30.62 147 36 24 7821 103537 10236  8% 10 96201 20648 10%
c s 30.67 147 36 24 7821 103537 10189  8% 10 96139 20648 10%
c e 30.72 147 36 24 7821 103537 10137  8% 10 96129 20642 10%
c 3 31.08 147 37 24 7982 105006 14796  8% 10 96129 20642 10%
c 3 31.10 147 37 24 7982 105006 15722  8% 10 96129 20642 10%
c d 31.14 147 37 24 7982 105006 14971  8% 10 96129 20537 10%
c 2 31.16 147 37 24 7982 105006 14960  8% 10 96128 20537 10%
c p 31.19 147 37 24 7982 105006 15417  8% 10 96128 20537 10%
c B 31.22 147 37 24 7982 105024 15433  8% 10 96128 20537 10%
c - 32.06 147 36 25 8297 108974 11768  8% 10 96128 20537 10%
c 
c  seconds   reductions       redundant   irredundant
c          MB     restarts           trail       variables
c           level      conflicts         glue         remaining
c 
c - 33.44 147 37 26 8869 116775 13698  8% 10 96128 20537 10%
c O 34.10 147 36 26 9115 120025 16723  8% 10 96128 20537 10%
c - 35.01 147 36 27 9359 124875 15093  8% 10 96128 20537 10%
c - 36.87 147 36 28 9934 133275 16478  8% 10 96128 20537 10%
c s 37.26 147 35 28 10019 134611 17619  8% 10 95684 20537 10%
c v 37.70 147 35 28 10019 134611 17619  8% 10 95409 20537 10%
c w 38.10 147 35 28 10019 134611 17593  8% 10 95409 20537 10%
c t 38.10 147 35 28 10019 134611 17592  8% 10 95379 20537 10%
c e 38.18 147 35 28 10019 134611 16608  8% 10 95079 20366 10%
c s 38.24 147 35 28 10019 134611 16506  8% 10 95027 20366 10%
c e 38.28 147 35 28 10019 134611 16503  8% 10 95023 20365 10%
c B 38.62 147 35 28 10166 136028 17831  8% 10 95023 20365 10%
c d 39.41 147 35 28 10378 140006 21497  8% 10 95022 20364 10%
c 3 39.47 147 35 28 10378 140006 24271  8% 10 95022 20364 10%
c 3 39.49 147 35 28 10378 140006 25218  8% 10 95022 20364 10%
c d 39.54 147 35 28 10378 140006 24908  8% 10 95022 20327 10%
c 2 39.55 147 35 28 10378 140006 24904  8% 10 95021 20327 10%
c p 39.59 147 35 28 10378 140006 25193  8% 10 95021 20327 10%
c - 40.19 147 35 29 10571 141977 17671  9% 10 95021 20327 10%
c - 42.19 147 35 30 11217 150977 18957  9% 10 95021 20327 10%
c 
c  seconds   reductions        redundant   irredundant
c          MB      restarts           trail       variables
c           level       conflicts         glue         remaining
c 
c I 42.71 147 34 30 11346 153029 20860  9% 10 95021 20327 10%
c - 44.15 147 34 31 11644 160277 20129  9% 10 95021 20327 10%
c - 46.48 147 33 32 12293 169885 21382  9% 10 95021 20327 10%
c s 46.60 147 33 32 12308 170167 21491  9% 10 94854 20327 10%
c v 47.03 147 33 32 12308 170167 21491  9% 10 94724 20327 10%
c w 47.50 147 33 32 12308 170167 21476  9% 10 94724 20327 10%
c t 47.50 147 33 32 12308 170167 21475  9% 10 94721 20327 10%
c e 47.56 147 33 32 12308 170167 21211  9% 10 94660 20300 10%
c s 47.61 147 33 32 12308 170167 21116  9% 10 94647 20300 10%
c e 47.64 147 33 32 12308 170167 21111  9% 10 94647 20299 10%
c B 47.88 147 33 32 12337 171031 21925  9% 10 94647 20299 10%
c - 50.03 147 32 33 12783 179785 22277  9% 10 94647 20299 10%
c 3 50.13 147 32 33 12783 180008 24692  9% 10 94647 20299 10%
c 3 50.15 147 32 33 12783 180008 25172  9% 10 94647 20299 10%
c d 50.19 147 32 33 12783 180008 25059  9% 10 94647 20285 10%
c 2 50.21 147 32 33 12783 180008 25057  9% 10 94647 20285 10%
c p 50.24 147 32 33 12783 180008 25424  9% 10 94647 20285 10%
c - 52.86 147 32 34 13485 189986 23674  9% 10 94647 20285 10%
c F 52.88 147 32 34 13485 190032 23717  9% 10 94647 20285 10%
c i 55.30 147 32 34 14269 199022 31897  9% 10 94647 20275 10%
c 
c  seconds   reductions        redundant   irredundant
c          MB      restarts           trail       variables
c           level       conflicts         glue         remaining
c 
c - 55.68 147 31 35 14275 200488 22824  9% 10 93740 20275 10%
c i 56.10 147 31 35 14280 202523 24441  9% 10 93740 20271 10%
c B 57.97 147 31 35 14830 210033 31410  9% 10 93740 20271 10%
c s 58.07 147 31 35 14846 210149 31440  9% 10 93675 20271 10%
c v 58.46 147 31 35 14846 210149 31440  9% 10 93085 20271 10%
c w 59.21 147 31 35 14846 210149 30829  9% 10 93085 20271 10%
c t 59.22 147 31 35 14846 210149 30817  9% 10 93040 20271 10%
c e 59.29 147 31 35 14846 210149 27811  9% 10 92499 19721 10%
c s 59.34 147 31 35 14846 210149 27715  9% 10 92436 19721 10%
c e 59.39 147 31 35 14846 210149 27684  9% 10 92418 19712 10%
c - 59.82 147 31 36 14963 211289 20062  9% 10 92418 19712 10%
c - 62.88 147 31 37 16021 222390 23987  9% 10 92418 19712 10%
c 3 63.59 147 31 37 16234 225008 28354  9% 10 92418 19712 10%
c 3 63.60 147 31 37 16234 225008 29067  9% 10 92418 19712 10%
c 2 63.65 147 31 37 16234 225008 28990  9% 10 92418 19706 10%
c p 63.68 147 31 37 16234 225008 29491  9% 10 92418 19706 10%
c # 65.45 147 31 37 16795 231035 35140  9% 10 92418 19706 10%
c - 66.42 147 31 38 17072 233790 26647  9% 10 92418 19706 10%
c - 70.20 147 31 39 18137 245491 28099  9% 10 92418 19706 10%
c B 72.28 147 31 39 18810 253036 35095  9% 10 92418 19706 10%
c 
c  seconds   reductions        redundant   irredundant
c          MB      restarts           trail       variables
c           level       conflicts         glue         remaining
c 
c s 72.87 147 31 39 18962 254732 36523  9% 10 92365 19706 10%
c v 73.30 147 31 39 18962 254732 36523  9% 10 91963 19706 10%
c w 74.47 147 31 39 18962 254732 36496  9% 10 91963 19706 10%
c t 74.48 147 31 39 18962 254732 36484  9% 10 91921 19706 10%
c e 74.54 147 31 39 18962 254732 35911  9% 10 91766 19631 10%
c s 74.61 147 31 39 18962 254732 35839  9% 10 91763 19631 10%
c e 74.65 147 31 39 18962 254732 35836  9% 10 91759 19630 10%
c - 75.77 147 31 40 19275 257491 29156  9% 10 91759 19630 10%
c - 79.40 147 31 41 20364 269791 30569  9% 10 91759 19630 10%
c 3 80.97 147 30 41 20726 275009 37364  9% 10 91759 19630 10%
c 3 80.98 147 30 41 20726 275009 38116  9% 10 91759 19630 10%
c d 81.03 147 30 41 20726 275009 37996  9% 10 91759 19614 10%
c 2 81.05 147 30 41 20726 275009 37987  9% 10 91759 19614 10%
c p 81.09 147 30 41 20726 275009 38279  9% 10 91759 19614 10%
c O 81.55 147 30 41 20906 276037 39258  9% 10 91759 19614 10%
c - 83.82 147 30 42 21501 282391 32203  9% 10 91759 19614 10%
c - 88.19 147 30 43 22485 295291 32940  9% 10 91759 19614 10%
c B 89.78 147 29 43 22836 300039 37369  9% 10 91759 19614 10%
c s 91.12 147 29 43 23157 303681 40701  9% 10 91692 19614 10%
c v 91.58 147 29 43 23157 303681 40701  9% 10 91659 19614 10%
c 
c  seconds   reductions        redundant   irredundant
c          MB      restarts           trail       variables
c           level       conflicts         glue         remaining
c 
c w 92.94 147 29 43 23157 303681 40680  9% 10 91659 19614 10%
c e 93.01 147 29 43 23157 303681 40430  9% 10 91630 19597 10%
c s 93.07 147 29 43 23157 303681 40363  9% 10 91630 19597 10%
c e 93.10 147 29 43 23157 303681 40358  9% 10 91626 19596 10%
c - 94.95 147 29 44 23536 308492 34068  9% 10 91626 19596 10%
c - 99.73 147 29 45 24757 321993 35396  9% 11 91626 19596 10%
c I 100.60 147 28 45 25014 325040 38228  9% 11 91626 19596 10%
c 3 102.60 147 28 45 25461 330009 44526  9% 11 91626 19596 10%
c 3 102.61 147 28 45 25461 330009 45194  9% 11 91626 19596 10%
c d 102.66 147 28 45 25461 330009 45127  9% 11 91626 19587 10%
c 2 102.69 147 28 45 25461 330009 45122  9% 11 91626 19587 10%
c p 102.73 147 28 45 25461 330009 45384  9% 11 91626 19587 10%
c - 104.85 147 28 46 25892 335796 36847  9% 11 91626 19587 10%
c - 110.23 147 27 47 27066 349896 37814  9% 11 91626 19587 10%
c B 110.72 147 27 47 27151 351041 38837  9% 11 91626 19587 10%
c s 113.18 147 27 47 27707 357086 44254  9% 11 91590 19587 10%
c v 113.62 147 27 47 27707 357086 44254  9% 11 91582 19587 10%
c w 115.38 147 27 47 27707 357086 44249  9% 11 91582 19587 10%
c e 115.43 147 27 47 27707 357086 43900  9% 11 91541 19570 10%
c s 115.48 147 27 47 27707 357086 43831  9% 11 91541 19570 10%
c 
c  seconds    reductions        redundant   irredundant
c           MB      restarts           trail       variables
c            level       conflicts         glue         remaining
c 
c - 118.53 147 27 48 28218 364297 38709  9% 11 91541 19570 10%
c F 123.65 147 26 48 29385 378043 50719  9% 11 91541 19570 10%
c - 124.09 147 26 49 29456 378997 39647  9% 11 91541 19570 10%
c 3 128.74 147 26 49 30581 390010 51452  9% 11 91541 19570 10%
c 3 128.76 147 26 49 30581 390010 51858  9% 11 91541 19570 10%
c p 128.86 147 26 49 30581 390010 52124  9% 11 91541 19569 10%
c - 130.75 147 26 50 31044 394002 41298  9% 11 91541 19569 10%
c B 135.24 147 25 50 31900 406044 51972  9% 11 91541 19569 10%
c f 136.87 147 25 51 32250 409302 30772  9% 11 91541 19569 10%
c s 139.12 147 25 51 32686 414957 35883  9% 11 91537 19569 10%
c v 139.55 147 25 51 32686 414957 35883  9% 11 91527 19569 10%
c w 140.60 147 25 51 32686 414957 35878  9% 11 91527 19569 10%
c e 140.73 147 25 51 32686 414957 33215  9% 11 91898 19143  9%
c s 140.78 147 25 51 32686 414957 33188  9% 11 91890 19143  9%
c - 143.87 147 24 52 33063 424903 32507  9% 11 91890 19143  9%
c # 147.84 147 24 52 33948 435046 41699  9% 11 91890 19143  9%
c - 150.40 147 24 53 34342 440803 35508  9% 11 91890 19143  9%
c 3 156.87 147 23 53 35974 455010 49815  9% 11 91890 19143  9%
c 3 156.88 147 23 53 35974 455010 50385  9% 11 91890 19143  9%
c d 156.94 147 23 53 35974 455010 50344  9% 11 91890 19138  9%
c 
c  seconds    reductions        redundant   irredundant
c           MB      restarts           trail       variables
c            level       conflicts         glue         remaining
c 
c 2 156.96 147 23 53 35974 455010 50341  9% 11 91890 19138  9%
c p 157.01 147 23 53 35974 455010 50546  9% 11 91890 19138  9%
c - 157.96 147 23 54 36139 457004 38057  9% 11 91890 19138  9%
c B 160.94 147 23 54 36662 465051 45218  9% 11 91890 19138  9%
c - 164.99 147 23 55 37566 473504 39406  9% 11 91890 19138  9%
c s 166.93 147 23 55 38013 478324 43371  9% 11 91868 19138  9%
c v 167.38 147 23 55 38013 478324 43371  9% 11 91630 19138  9%
c w 169.75 147 23 55 38013 478324 43352  9% 11 91630 19138  9%
c t 169.76 147 23 55 38013 478324 43352  9% 11 91621 19138  9%
c e 169.90 147 23 55 38013 478324 40950  9% 11 91973 18894  9%
c s 170.01 147 23 55 38013 478324 40750  9% 11 91925 18894  9%
c e 170.05 147 23 55 38013 478324 40731  9% 11 91927 18893  9%
c - 175.15 147 22 56 38954 490304 39875  9% 11 91927 18893  9%
c O 177.42 147 22 56 39343 496052 44879  9% 11 91927 18893  9%
c - 182.61 147 22 57 40145 507406 41146  9% 11 91927 18893  9%
c - 189.86 147 21 58 41260 524808 42299  9% 11 91927 18893  9%
c 3 189.98 147 21 58 41260 525011 44155  9% 11 91927 18892  9%
c 3 190.00 147 21 58 41260 525011 44564  9% 11 91927 18892  9%
c d 190.04 147 21 58 41260 525011 44484  9% 11 91927 18881  9%
c 2 190.06 147 21 58 41260 525011 44476  9% 11 91927 18881  9%
c 
c  seconds    reductions        redundant   irredundant
c           MB      restarts           trail       variables
c            level       conflicts         glue         remaining
c 
c p 190.10 147 21 58 41260 525011 44652  9% 11 91927 18881  9%
c B 191.43 147 21 58 41506 528056 47340  9% 11 91927 18881  9%
c - 197.97 147 21 59 42615 542510 43834  9% 11 91927 18881  9%
c s 199.80 147 21 59 42924 546807 47532  9% 11 91867 18881  9%
c v 200.31 147 21 59 42924 546807 47532  9% 11 91541 18881  9%
c w 203.00 147 21 59 42924 546807 47517  9% 11 91541 18881  9%
c t 203.01 147 21 59 42924 546807 47517  9% 11 91540 18881  9%
c e 203.09 147 21 59 42924 546807 41975  9% 11 91473 18804  9%
c s 203.18 147 21 59 42924 546807 41906  9% 11 91461 18804  9%
c - 209.04 147 20 60 43866 560512 41825  9% 11 91461 18804  9%
c I 209.22 147 20 60 43880 561059 42333  9% 11 91461 18804  9%
c - 216.22 147 20 61 45073 578812 44012  9% 11 91461 18804  9%
c B 223.04 147 20 61 46105 595062 58048  9% 11 91461 18804  9%
c - 224.38 147 20 62 46299 597413 45192  9% 11 91461 18804  9%
c 3 225.62 147 20 62 46452 600013 48575  9% 11 91461 18804  9%
c 3 225.63 147 20 62 46452 600013 48899  9% 11 91461 18804  9%
c d 225.67 147 20 62 46452 600013 48864  9% 11 91461 18799  9%
c 2 225.69 147 20 62 46452 600013 48860  9% 11 91461 18799  9%
c p 225.73 147 20 62 46452 600013 48998  9% 11 91461 18799  9%
c - 232.74 147 19 63 47479 616316 46456  9% 11 91461 18799  9%
c 
c  seconds    reductions        redundant   irredundant
c           MB      restarts           trail       variables
c            level       conflicts         glue         remaining
c 
c s 233.96 147 19 63 47558 619835 49147  9% 11 91437 18799  9%
c v 234.41 147 19 63 47558 619835 49147  9% 11 91410 18799  9%
c w 236.98 147 19 63 47558 619835 49140  9% 11 91410 18799  9%
c t 236.99 147 19 63 47558 619835 49140  9% 11 91406 18799  9%
c e 237.18 148 19 63 47558 619835 37005  9% 11 100723 15210  8%
c s 237.33 148 19 63 47558 619835 36876  9% 11 100592 15210  8%
c e 237.39 148 19 63 47558 619835 36876  9% 11 100595 15209  8%
c F 241.02 148 19 63 48213 630064 45931 11% 11 100595 15209  8%
c - 243.08 148 19 64 48621 635518 40358 11% 11 100595 15209  8%
c - 249.94 148 19 65 49520 655068 42821 11% 11 100595 15209  8%
c B 254.30 148 18 65 50373 666065 52250 11% 11 100595 15209  8%
c - 257.97 150 18 66 50920 674920 45137 11% 11 100595 15209  8%
c 3 260.01 150 18 66 51277 680013 51664 11% 11 100595 15209  8%
c 3 260.02 150 18 66 51277 680013 52659 11% 11 100595 15209  8%
c d 260.07 150 18 66 51277 680013 51954 11% 11 100595 15108  7%
c 2 260.09 150 18 66 51277 680013 51903 11% 11 100595 15108  7%
c p 260.14 150 18 66 51277 680013 52012 11% 11 100595 15108  7%
c - 266.40 150 18 67 52674 695071 47144 11% 11 100595 15108  7%
c # 269.32 150 18 67 53086 703067 54284 11% 11 100595 15108  7%
c s 273.64 150 18 67 53771 712505 62317 11% 11 100172 15108  7%
c 
c  seconds    reductions        redundant   irredundant
c           MB      restarts           trail       variables
c            level       conflicts         glue         remaining
c 
c v 274.44 150 18 67 53771 712505 62317 11% 11 98524 15108  7%
c w 279.40 150 18 67 53771 712505 62306 11% 11 98524 15108  7%
c t 279.41 150 18 67 53771 712505 62306 11% 11 98522 15108  7%
c e 279.51 150 18 67 53771 712505 62003 11% 11 98616 15060  7%
c s 279.65 150 18 67 53771 712505 61816 11% 11 98612 15060  7%
c e 279.69 150 18 67 53771 712505 61777 11% 11 98616 15059  7%
c - 280.91 150 18 68 53925 715523 48346 11% 11 98616 15059  7%
c - 289.05 150 17 69 55148 736224 49026 11% 11 98616 15059  7%
c B 290.59 150 17 69 55458 741068 52695 11% 11 98616 15059  7%
c - 296.28 150 17 70 56105 757227 49029 11% 11 98616 15059  7%
c 3 299.17 150 17 70 56589 765014 57690 11% 11 98616 15059  7%
c 3 299.18 150 17 70 56589 765014 58465 11% 11 98616 15059  7%
c d 299.24 150 17 70 56589 765014 57986 11% 11 98616 14988  7%
c 2 299.26 150 17 70 56589 765014 57952 11% 11 98616 14988  7%
c p 299.31 150 17 70 56589 765014 58042 11% 11 98616 14988  7%
c - 304.18 150 17 71 57110 778527 49224 11% 11 98616 14988  7%
c O 304.66 150 17 71 57166 780069 50431 11% 11 98616 14988  7%
c - 312.60 150 17 72 58682 800127 50840 11% 11 98616 14988  7%
c s 316.50 150 16 72 59410 810111 58824 11% 11 98327 14988  7%
c v 317.25 150 16 72 59410 810111 58824 11% 11 98276 14988  7%
c 
c  seconds    reductions        redundant   irredundant
c           MB      restarts           trail       variables
c            level       conflicts         glue         remaining
c 
c w 321.19 150 16 72 59410 810111 58780 11% 11 98276 14988  7%
c t 321.20 150 16 72 59410 810111 58779 11% 11 98276 14988  7%
c e 321.28 150 16 72 59410 810111 58709 11% 11 98268 14973  7%
c s 321.41 150 16 72 59410 810111 58399 11% 11 98242 14973  7%
c e 321.46 150 16 72 59410 810111 58386 11% 11 98244 14971  7%
c B 325.23 150 16 72 59814 820070 66606 11% 11 98244 14971  7%
c - 326.18 150 16 73 59930 822029 51199 11% 11 98244 14971  7%
c - 334.55 150 15 74 60697 844230 51299 11% 11 98244 14971  7%
c d 338.58 150 16 74 61432 855014 60418 11% 11 98244 14970  7%
c 3 338.62 150 16 74 61432 855014 62426 11% 11 98244 14970  7%
c 3 338.64 150 16 74 61432 855014 63167 11% 11 98244 14970  7%
c d 338.70 150 16 74 61432 855014 62843 11% 11 98244 14921  7%
c 2 338.71 150 16 74 61432 855014 62815 11% 11 98244 14921  7%
c p 338.77 150 16 74 61432 855014 63462 11% 11 98244 14921  7%
c I 341.18 150 16 74 61880 861071 68505 11% 11 98244 14921  7%
c - 343.61 150 15 75 62180 866732 52531 11% 11 98244 14921  7%
c i 348.07 150 15 75 62328 881497 63643 11% 11 98244 14918  7%
c - 351.24 150 15 76 62939 889533 42126 11% 11 97964 14918  7%
c i 353.91 150 15 76 63163 898282 49181 11% 10 97964 14893  7%
c B 355.63 150 15 76 63438 903073 53324 11% 10 97964 14893  7%
c 
c  seconds    reductions        redundant   irredundant
c           MB      restarts           trail       variables
c            level       conflicts         glue         remaining
c 
c - 358.34 150 15 77 63862 912633 40183 11% 10 95080 14893  7%
c s 358.57 150 15 77 63862 913252 39764 11% 10 94831 14893  7%
c v 359.21 150 15 77 63862 913252 39764 11% 10 94028 14893  7%
c w 360.32 150 15 77 63862 913252 39162 11% 10 94028 14890  7%
c t 360.33 150 15 77 63862 913252 39077 11% 10 93761 14887  7%
c e 360.45 150 15 77 63862 913252 33159 11% 10 93490 13910  7%
c s 360.52 150 15 77 63862 913252 32790 11% 10 93313 13910  7%
c e 360.58 150 15 77 63862 913252 32628 11% 10 93260 13882  7%
c i 363.06 150 14 77 63985 923777 41356 11% 10 93260 13879  7%
c i 364.74 150 14 77 64164 930992 47424 11% 10 93260 13876  7%
c i 365.29 150 14 77 64165 933380 49072 11% 10 93260 13849  7%
c i 365.66 150 14 77 64165 934976 50305 11% 10 93260 13840  7%
c i 365.70 150 14 77 64165 935119 50406 11% 10 93260 13832  7%
c i 365.70 150 14 77 64165 935125 50408 11% 10 93260 13821  7%
c i 365.70 150 14 77 64165 935131 50411 11% 10 93260 13808  7%
c - 365.97 150 14 78 64201 936033 26199 11% 10 86361 13808  7%
c i 365.98 150 14 78 64201 936041 26204 11% 10 86361 13775  7%
c i 365.98 150 14 78 64201 936064 26226 11% 10 86361 13772  7%
c i 366.13 150 14 78 64201 936822 26876 11% 10 86361 13741  7%
c i 366.13 150 14 78 64201 936823 26876 11% 10 86361 13738  7%
c 
c  seconds    reductions        redundant   irredundant
c           MB      restarts           trail       variables
c            level       conflicts         glue         remaining
c 
c i 366.14 150 14 78 64201 936888 26906 11% 10 86361 13451  7%
c i 366.19 150 14 78 64201 936889 16147  3% 10 71879 13406  7%
c } 366.19 150 14 78 64201 936895 16151  7% 10 71879 13275  7%
c 0 366.19 150 14 78 64201 936895 16151  7% 10 71879 13275  7%
c 
c --- [ result ] -------------------------------------------------------------
c 
s UNSATISFIABLE
c 
c --- [ run-time profiling ] -------------------------------------------------
c 
c process time taken by individual solving procedures
c (percentage relative to process time for solving)
c 
c       319.19   87.24% search
c       319.18   87.24% unstable
c        46.65   12.75% simplify
c        34.71    9.49% vivify
c         4.52    1.24% elim
c         3.68    1.00% subsume
c         1.31    0.36% ternary
c         0.72    0.20% probe
c         0.01    0.00% lucky
c   =================================
c       365.86   99.91% solve
c 
c last line shows process time for solving
c (percentage relative to total process time)
c 
c --- [ statistics ] ---------------------------------------------------------
c 
c backtracked:             3127950       333.86 %  of conflicts
c chronological:            301743         9.65 %  of backtracks
c conflicts:                936895      2560.83    per second
c decisions:               3024515      8266.95    per second
c eliminated:               183221        90.68 %  of all variables
c fixed:                      4416         2.19 %  of all variables
c flushed:                   34214         3.65 %  per conflict
c learned:                  904440        96.54 %  per conflict
c minimized:              13964238        41.09 %  learned literals
c propagations:          592412707         1.62 M  per second
c reduced:                  661850        70.64 %  per conflict
c rephased:                     42     22307.02    interval
c restarts:                  64201        14.59    interval
c substituted:                1136         0.56 %  of all variables
c subsumed:                 165104         3.70 %  of all clauses
c strengthened:              80798         1.81 %  of all clauses
c ternary:                   62990         0.42 %  of resolved
c vivified:                  98708         2.21 %  of all clauses
c weakened:                 680179         2.95    average size
c 
c seconds are measured in process time for solving
c 
c --- [ resources ] ----------------------------------------------------------
c 
c total process time since initialization:       366.19    seconds
c total real time since initialization:          366.22    seconds
c maximum resident set size of process:          157.07    MB
c 
c --- [ shutting down ] ------------------------------------------------------
c 
c exit 20
