c --- [ banner ] -------------------------------------------------------------
c 
c CaDiCaL Radically Simplified CDCL SAT Solver
c Copyright (c) 2016-2019 Armin Biere, JKU Linz
c 
c Version 1.0.3 cb89cbfa16f47cb7bf1ec6ad9855e7b6d5203c18
c g++ (GCC) 6.3.0 -Wall -Wextra -O3 -DNDEBUG
c Fri Aug 23 08:17:16 CDT 2019 Linux login1 4.4.103-6.38-default x86_64
c 
c --- [ config ] -------------------------------------------------------------
c 
c using 'unsat' configuration (target unsatisfiable instances)
c 
c --- [ proof tracing ] ------------------------------------------------------
c 
c opening file to write '/tmp/87_110_0_six.drat'
c writing binary proof trace to '/tmp/87_110_0_six.drat'
c 
c --- [ parsing input ] ------------------------------------------------------
c 
c reading DIMACS file from '/tmp/87_110_0_six.cnf'
c opening file to read '/tmp/87_110_0_six.cnf'
c found 'p cnf 50176 399284' header
c parsed 399284 clauses in 0.13 seconds process time
c 
c --- [ options ] ------------------------------------------------------------
c 
c   --stabilize=false              (different from default 'true')
c   --walk=false                   (different from default 'true')
c 
c --- [ solving ] ------------------------------------------------------------
c 
c time measured in process time since initialization
c 
c  seconds  reductions  redundant  irredundant
c         MB    restarts       trail       variables
c          level   conflicts       glue         remaining
c 
c *  0.14 44  0 0   0    0    0  0% 0 365778 48366 96%
c {  0.14 45  0 0   0    0    0  0% 0 365778 48366 96%
c -  0.19 47 74 1  30  321  195  9% 11 352522 48366 96%
c I  0.24 48 100 1  75 1003  693 10% 12 352522 48366 96%
c -  0.32 60 105 2  81 1250  766 11% 12 352522 48366 96%
c -  0.47 61 91 3 148 2648 1286 11% 12 352522 48366 96%
c B  0.51 61 93 3 190 3010 1586 11% 13 352522 48366 96%
c -  0.70 61 88 4 240 4504 1948 12% 12 352522 48366 96%
c d  0.86 62 82 4 262 5003 2340 12% 11 347782 45996 92%
c 2  0.98 60 82 4 262 5003 2340 12% 11 341857 45996 92%
c p  1.08 63 82 4 262 5003 5756 12% 11 341857 45996 92%
c s  1.30 70 76 4 268 5839 6399 12% 11 341857 45996 92%
c v  1.55 70 76 4 268 5839 6399 12% 11 337703 45996 92%
c w  1.64 70 76 4 268 5839 6398 12% 11 337703 45996 92%
c t  1.68 70 76 4 268 5839 6391 12% 11 307837 45996 92%
c e  2.29 65 76 4 268 5839 2787 12% 11 290450 29479 59%
c F  2.50 74 75 4 272 6015 2905  3% 11 290450 29479 59%
c -  2.60 74 71 5 284 6827 1233  9% 11 290450 29479 59%
c -  2.79 74 66 6 498 9460 2490  6% 11 290450 29479 59%
c B  2.85 74 65 6 533 10016 2933  7% 11 290450 29479 59%
c 
c  seconds  reductions   redundant   irredundant
c         MB    restarts        trail        variables
c          level    conflicts       glue          remaining
c 
c -  3.03 74 61 7 626 12534 3362  7% 10 290450 29479 59%
c 3  3.26 74 57 7 752 15005 25413  6% 10 290450 29479 59%
c p  3.34 75 57 7 752 15005 29394  6% 10 290450 29479 59%
c #  3.37 75 57 7 752 15018 29403  6% 10 290450 29479 59%
c -  3.50 75 54 8 760 16045 4719  7% 10 290450 29479 59%
c i  3.73 75 51 8 849 18576 6704  8% 10 290450 29473 59%
c s  3.82 75 50 8 849 19042 7068  8% 10 290450 29473 59%
c v  4.04 76 50 8 849 19042 7068  8% 10 272882 29473 59%
c w  4.12 76 50 8 849 19042 6935  8% 10 272882 29423 59%
c t  4.12 76 50 8 849 19042 6934  8% 10 272803 29399 59%
c e  4.29 76 50 8 849 19042 6356  8% 10 264078 28708 57%
c s  4.32 76 50 8 849 19042 6203  8% 10 263510 28708 57%
c e  4.42 76 50 8 849 19042 6144  8% 10 263501 28700 57%
c -  4.56 77 51 9 974 19995 5028  8% 10 263501 28700 57%
c B  4.67 77 51 9 1012 21020 5872  8% 10 263501 28700 57%
c i  4.74 77 51 9 1035 21886 6550  9% 10 263501 28694 57%
c -  4.94 77 51 10 1192 24257 5864  8% 10 262785 28694 57%
c O  5.37 77 49 10 1322 28021 8944  9% 10 262785 28694 57%
c i  5.40 77 49 10 1325 28411 9250  9% 9 262785 28652 57%
c -  5.50 77 48 11 1348 28942 6742  9% 9 258526 28646 57%
c 
c  seconds  reductions     redundant  irredundant
c         MB     restarts         trail       variables
c          level      conflicts       glue         remaining
c 
c d  5.66 77 48 11 1389 30005 7622  9% 9 258519 28641 57%
c 3  5.75 77 48 11 1389 30005 26787  9% 9 258519 28641 57%
c 2  5.80 77 48 11 1389 30005 26768  9% 9 258501 28622 57%
c p  5.88 77 48 11 1389 30005 32948  9% 9 258501 28589 57%
c -  6.29 77 44 12 1531 34027 8595  9% 9 255331 28589 57%
c B  6.53 77 43 12 1649 36023 10271  9% 9 255331 28589 57%
c s  6.91 77 42 12 1694 38249 11759 10% 9 254748 28589 57%
c v  7.13 77 42 12 1694 38249 11759 10% 9 241911 28589 57%
c w  7.22 77 42 12 1694 38249 11651 10% 9 241911 28589 57%
c t  7.23 77 42 12 1694 38249 11647 10% 9 236541 28589 57%
c e  7.36 77 42 12 1694 38249 9438 10% 9 234462 26971 54%
c s  7.44 77 42 12 1694 38249 9279 10% 9 234215 26971 54%
c e  7.48 77 42 12 1694 38249 9224 10% 9 234201 26960 54%
c -  7.68 77 41 13 1737 39518 7689 10% 9 234201 26960 54%
c I  8.33 77 39 13 1869 45024 12352 10% 9 234201 26960 54%
c -  8.38 77 39 14 1869 45270 9132 10% 9 234201 26960 54%
c d  9.01 77 37 14 2044 50011 13139 10% 9 234200 26959 54%
c 3  9.09 77 37 14 2044 50011 30745 10% 9 234200 26959 54%
c 2  9.13 77 37 14 2044 50011 30741 10% 9 234196 26959 54%
c p  9.17 77 37 14 2044 50011 34836 10% 9 234196 26959 54%
c 
c  seconds  reductions      redundant  irredundant
c         MB     restarts          trail       variables
c          level      conflicts        glue         remaining
c 
c -  9.45 77 37 15 2133 51434 10666 10% 9 234196 26959 54%
c B  9.98 77 35 15 2185 55027 13625 10% 9 234196 26959 54%
c i 10.13 77 34 15 2233 56033 14458 10% 9 234196 26939 54%
c - 10.44 77 34 16 2323 58007 11238 10% 9 231810 26939 54%
c i 10.57 77 33 16 2323 58720 11772 10% 9 231810 26931 54%
c i 11.12 77 31 16 2375 62792 15069 10% 9 231810 26839 53%
c s 11.27 77 31 16 2379 63200 15212 10% 9 231605 26839 53%
c v 11.61 77 31 16 2379 63200 15212 10% 9 200599 26839 53%
c w 11.74 77 31 16 2379 63200 14745 10% 9 200599 26839 53%
c t 11.74 77 31 16 2379 63200 14734 10% 9 199579 26839 53%
c e 11.87 77 31 16 2379 63200 11434 10% 9 194868 25740 51%
c s 11.93 77 31 16 2379 63200 11267 10% 9 194639 25740 51%
c e 11.99 77 31 16 2379 63200 11065 10% 9 194622 25727 51%
c i 12.31 78 30 16 2395 64751 9812 14% 9 194622 25718 51%
c i 12.32 78 30 16 2395 64827 9858 14% 9 194622 25648 51%
c - 12.39 78 30 17 2395 64969 6792 14% 9 189091 25648 51%
c F 12.54 78 30 17 2402 66029 7658 14% 9 189091 25648 51%
c i 12.72 78 29 17 2402 67062 8500 14% 9 189091 25571 51%
c i 12.72 78 29 17 2402 67078 8511 14% 9 189091 25569 51%
c i 12.72 78 29 17 2402 67112 8532 14% 9 189091 25557 51%
c 
c  seconds  reductions     redundant  irredundant
c         MB     restarts         trail       variables
c          level      conflicts       glue         remaining
c 
c i 12.72 78 29 17 2402 67114 8533 14% 9 189091 25556 51%
c i 12.72 78 29 17 2402 67116 8534 14% 9 189091 25546 51%
c i 12.77 78 29 17 2402 67712 8979 14% 8 189091 23227 46%
c } 12.77 78 29 17 2402 67714 8979 14% 8 189091 21774 43%
c 0 12.77 78 29 17 2402 67714 8979 14% 8 189091 21774 43%
c 
c --- [ result ] -------------------------------------------------------------
c 
s UNSATISFIABLE
c 
c --- [ run-time profiling ] -------------------------------------------------
c 
c process time taken by individual solving procedures
c (percentage relative to process time for solving)
c 
c         8.42   66.64% search
c         8.42   66.64% unstable
c         4.22   33.36% simplify
c         1.31   10.35% vivify
c         1.24    9.81% elim
c         0.58    4.62% subsume
c         0.39    3.10% ternary
c         0.25    1.99% probe
c   =================================
c        12.64   98.94% solve
c 
c last line shows process time for solving
c (percentage relative to total process time)
c 
c --- [ statistics ] ---------------------------------------------------------
c 
c backtracked:              340770       503.25 %  of conflicts
c chronological:             24812         7.28 %  of backtracks
c conflicts:                 67714      5358.82    per second
c decisions:                257821     20403.69    per second
c eliminated:                19957        39.77 %  of all variables
c fixed:                      6069        12.10 %  of all variables
c learned:                   61321        90.56 %  per conflict
c minimized:                904111        33.52 %  learned literals
c propagations:           50210965         3.97 M  per second
c reduced:                   30004        44.31 %  per conflict
c rephased:                     11      6155.82    interval
c restarts:                   2402        28.19    interval
c substituted:                2376         4.74 %  of all variables
c subsumed:                  80391         4.95 %  of all clauses
c strengthened:              14621         0.90 %  of all clauses
c ternary:                   82160         1.01 %  of resolved
c vivified:                  66036         4.06 %  of all clauses
c weakened:                 131421         4.90    average size
c 
c seconds are measured in process time for solving
c 
c --- [ resources ] ----------------------------------------------------------
c 
c total process time since initialization:        12.77    seconds
c total real time since initialization:           12.78    seconds
c maximum resident set size of process:           77.52    MB
c 
c --- [ shutting down ] ------------------------------------------------------
c 
c exit 20
