c --- [ banner ] -------------------------------------------------------------
c 
c CaDiCaL Radically Simplified CDCL SAT Solver
c Copyright (c) 2016-2019 Armin Biere, JKU Linz
c 
c Version 1.0.3 cb89cbfa16f47cb7bf1ec6ad9855e7b6d5203c18
c g++ (GCC) 6.3.0 -Wall -Wextra -O3 -DNDEBUG
c Fri Aug 23 08:17:16 CDT 2019 Linux login1 4.4.103-6.38-default x86_64
c 
c --- [ config ] -------------------------------------------------------------
c 
c using 'unsat' configuration (target unsatisfiable instances)
c 
c --- [ proof tracing ] ------------------------------------------------------
c 
c opening file to write '/tmp/87_1200_0_six.drat'
c writing binary proof trace to '/tmp/87_1200_0_six.drat'
c 
c --- [ parsing input ] ------------------------------------------------------
c 
c reading DIMACS file from '/tmp/87_1200_0_six.cnf'
c opening file to read '/tmp/87_1200_0_six.cnf'
c found 'p cnf 50176 399284' header
c parsed 399284 clauses in 0.15 seconds process time
c 
c --- [ options ] ------------------------------------------------------------
c 
c   --stabilize=false              (different from default 'true')
c   --walk=false                   (different from default 'true')
c 
c --- [ solving ] ------------------------------------------------------------
c 
c time measured in process time since initialization
c 
c  seconds  reductions  redundant  irredundant
c         MB    restarts       trail       variables
c          level   conflicts       glue         remaining
c 
c *  0.15 45  0 0   0    0    0  0% 0 365769 48196 96%
c {  0.16 45  0 0   0    0    0  0% 0 365769 48196 96%
c -  0.21 47 63 1  27  300  168  7% 9 349030 48196 96%
c i  0.23 47 58 1  42  444  273  7% 10 349030 48162 96%
c i  0.24 47 52 1  43  649  388  7% 9 349030 48161 96%
c }  0.24 47 51 1  43  659  389  7% 9 349030 48040 96%
c 0  0.24 47 51 1  43  659  389  7% 9 349030 48040 96%
c 
c --- [ result ] -------------------------------------------------------------
c 
s UNSATISFIABLE
c 
c --- [ run-time profiling ] -------------------------------------------------
c 
c process time taken by individual solving procedures
c (percentage relative to process time for solving)
c 
c         0.09  100.00% search
c         0.08   95.45% unstable
c         0.00    4.55% lucky
c         0.00    0.00% simplify
c   =================================
c         0.09   36.67% solve
c 
c last line shows process time for solving
c (percentage relative to total process time)
c 
c --- [ statistics ] ---------------------------------------------------------
c 
c backtracked:                 767       116.39 %  of conflicts
c chronological:               226        29.47 %  of backtracks
c conflicts:                   659      7488.64    per second
c decisions:                  5177     58829.55    per second
c fixed:                      2136         4.26 %  of all variables
c learned:                     480        72.84 %  per conflict
c minimized:                  3656        20.93 %  learned literals
c propagations:             185826         2.11 M  per second
c restarts:                     43        15.33    interval
c subsumed:                     88         0.01 %  of all clauses
c 
c seconds are measured in process time for solving
c 
c --- [ resources ] ----------------------------------------------------------
c 
c total process time since initialization:         0.24    seconds
c total real time since initialization:            0.24    seconds
c maximum resident set size of process:           49.83    MB
c 
c --- [ shutting down ] ------------------------------------------------------
c 
c exit 20
