c --- [ banner ] -------------------------------------------------------------
c 
c CaDiCaL Radically Simplified CDCL SAT Solver
c Copyright (c) 2016-2019 Armin Biere, JKU Linz
c 
c Version 1.0.3 cb89cbfa16f47cb7bf1ec6ad9855e7b6d5203c18
c g++ (GCC) 6.3.0 -Wall -Wextra -O3 -DNDEBUG
c Fri Aug 23 08:17:16 CDT 2019 Linux login1 4.4.103-6.38-default x86_64
c 
c --- [ config ] -------------------------------------------------------------
c 
c using 'unsat' configuration (target unsatisfiable instances)
c 
c --- [ proof tracing ] ------------------------------------------------------
c 
c opening file to write '/tmp/87_137_0_six.drat'
c writing binary proof trace to '/tmp/87_137_0_six.drat'
c 
c --- [ parsing input ] ------------------------------------------------------
c 
c reading DIMACS file from '/tmp/87_137_0_six.cnf'
c opening file to read '/tmp/87_137_0_six.cnf'
c found 'p cnf 50176 399284' header
c parsed 399284 clauses in 0.15 seconds process time
c 
c --- [ options ] ------------------------------------------------------------
c 
c   --stabilize=false              (different from default 'true')
c   --walk=false                   (different from default 'true')
c 
c --- [ solving ] ------------------------------------------------------------
c 
c time measured in process time since initialization
c 
c  seconds  reductions  redundant  irredundant
c         MB    restarts       trail       variables
c          level   conflicts       glue         remaining
c 
c *  0.15 44  0 0   0    0    0  0% 0 365768 48253 96%
c {  0.16 45  0 0   0    0    0  0% 0 365768 48253 96%
c -  0.22 46 92 1  34  300  190  9% 11 349903 48253 96%
c I  0.26 48 92 1  56 1004  534 10% 11 349903 48253 96%
c -  0.40 60 112 2  63 1229  590 12% 11 349903 48253 96%
c -  0.58 61 90 3 145 2618 1231 11% 11 349903 48253 96%
c B  0.62 61 88 3 171 3006 1561 11% 11 349903 48253 96%
c -  0.81 61 70 4 249 4472 1921 10% 11 349903 48253 96%
c d  1.00 62 67 4 267 5000 2320 10% 10 345199 45901 91%
c 2  1.18 61 67 4 267 5000 2320 10% 10 339319 45901 91%
c p  1.47 63 67 4 267 5000 10760 10% 10 339319 45857 91%
c d  1.52 63 67 4 267 5000 10694 10% 10 338119 45834 91%
c s  1.78 76 61 4 317 5845 11297 10% 10 338118 45834 91%
c v  2.23 76 61 4 317 5845 11297 10% 10 334248 45834 91%
c w  2.33 76 61 4 317 5845 11290 10% 10 334248 45834 91%
c t  2.38 76 61 4 317 5845 11270 10% 10 303027 45834 91%
c e  3.14 67 61 4 317 5845 6020 10% 10 284847 28891 58%
c F  3.40 80 62 4 317 6016 6147 10% 10 284847 28891 58%
c -  3.51 80 59 5 326 6794 1317  9% 10 284847 28891 58%
c -  3.82 80 50 6 409 9417 2829  9% 9 284847 28891 58%
c 
c  seconds  reductions   redundant  irredundant
c         MB    restarts        trail       variables
c          level    conflicts       glue         remaining
c 
c B  3.91 81 50 6 433 10019 3334  9% 9 284847 28891 58%
c -  4.13 81 47 7 551 12477 3764  8% 9 284847 28891 58%
c d  4.37 81 43 7 672 15000 5685  7% 9 284837 28888 58%
c d  4.40 81 43 7 672 15000 5684  7% 9 284829 28887 58%
c 3  4.49 81 43 7 672 15000 23623  7% 9 284829 28887 58%
c 2  4.56 81 43 7 672 15000 23623  7% 9 284826 28877 58%
c p  4.65 81 43 7 672 15000 30946  7% 9 284826 28836 57%
c #  4.68 81 43 7 672 15023 30965  7% 9 284826 28836 57%
c -  4.84 81 43 8 697 15971 5078  7% 9 279947 28836 57%
c s  5.24 84 39 8 890 19052 7495  8% 9 279947 28836 57%
c v  5.52 84 39 8 890 19052 7495  8% 9 265530 28836 57%
c w  5.62 84 39 8 890 19052 7396  8% 9 265530 28828 57%
c t  5.63 84 39 8 890 19052 7370  8% 9 264230 28828 57%
c e  5.84 84 39 8 890 19052 6316  8% 9 262285 28135 56%
c -  5.98 85 38 9 940 19878 4801  7% 9 262285 28135 56%
c B  6.10 85 39 9 1030 21028 5693  8% 9 262285 28135 56%
c -  6.35 85 38 10 1186 24140 5749  7% 9 262285 28135 56%
c O  6.62 85 37 10 1380 28031 8790  7% 9 262285 28135 56%
c -  6.74 85 36 11 1389 28824 6696  7% 9 262285 28135 56%
c d  6.90 85 36 11 1412 30000 7634  8% 9 262253 28129 56%
c 
c  seconds  reductions      redundant  irredundant
c         MB     restarts          trail       variables
c          level      conflicts        glue         remaining
c 
c 3  7.00 85 36 11 1412 30000 25246  8% 9 262253 28129 56%
c 2  7.07 85 36 11 1412 30000 25237  8% 9 262253 28121 56%
c p  7.28 85 36 11 1412 30000 35650  8% 9 262253 28036 56%
c -  7.72 85 35 12 1496 33939 8814  8% 9 257283 28036 56%
c B  7.97 85 35 12 1593 36032 10500  8% 9 257283 28036 56%
c v  8.57 85 34 12 1714 38377 12501  8% 9 245882 28036 56%
c w  8.68 85 34 12 1714 38377 12434  8% 9 245882 28036 56%
c t  8.69 85 34 12 1714 38377 12417  8% 9 245295 28036 56%
c e  8.82 85 34 12 1714 38377 10134  8% 9 244750 27610 55%
c s  8.87 85 34 12 1714 38377 9804  8% 9 243570 27610 55%
c e  8.98 85 34 12 1714 38377 9592  8% 9 243472 27579 55%
c -  9.17 85 34 13 1812 39440 7920  8% 9 243472 27579 55%
c i  9.82 85 33 13 2014 44846 12297  9% 9 243472 27484 55%
c I  9.84 85 33 13 2014 45037 12444  9% 9 243472 27484 55%
c -  9.90 85 33 14 2021 45265 7458  9% 9 235039 27484 55%
c i 10.07 85 32 14 2025 46635 8537  9% 9 235039 27402 55%
c i 10.16 85 32 14 2031 47255 9086  9% 9 235039 27319 54%
c i 10.26 85 32 14 2043 47760 9480  9% 9 235039 27275 54%
c i 10.32 85 32 14 2043 48183 9827  9% 9 235039 27268 54%
c i 10.36 85 31 14 2043 48353 9941  9% 8 235039 27262 54%
c 
c  seconds  reductions      redundant  irredundant
c         MB     restarts          trail       variables
c          level      conflicts        glue         remaining
c 
c i 10.40 85 31 14 2043 48529 10064  9% 8 235039 27177 54%
c } 10.40 85 31 14 2043 48560 10074  9% 8 235039 26494 53%
c 0 10.40 85 31 14 2043 48560 10074  9% 8 235039 26494 53%
c 
c --- [ result ] -------------------------------------------------------------
c 
s UNSATISFIABLE
c 
c --- [ run-time profiling ] -------------------------------------------------
c 
c process time taken by individual solving procedures
c (percentage relative to process time for solving)
c 
c         5.96   58.18% search
c         5.96   58.14% unstable
c         4.28   41.82% simplify
c         1.20   11.68% elim
c         1.16   11.32% vivify
c         0.58    5.62% probe
c         0.41    3.98% subsume
c         0.40    3.90% ternary
c         0.00    0.04% lucky
c   =================================
c        10.24   98.54% solve
c 
c last line shows process time for solving
c (percentage relative to total process time)
c 
c --- [ statistics ] ---------------------------------------------------------
c 
c backtracked:              205951       424.12 %  of conflicts
c chronological:             17582         8.54 %  of backtracks
c conflicts:                 48560      4740.34    per second
c decisions:                185964     18153.46    per second
c eliminated:                18093        36.06 %  of all variables
c fixed:                      3204         6.39 %  of all variables
c learned:                   43557        89.70 %  per conflict
c minimized:                660671        32.55 %  learned literals
c propagations:           26183082         2.56 M  per second
c reduced:                   19547        40.25 %  per conflict
c rephased:                      9      5395.56    interval
c restarts:                   2043        23.77    interval
c substituted:                2385         4.75 %  of all variables
c subsumed:                  43471         2.87 %  of all clauses
c strengthened:               9266         0.61 %  of all clauses
c ternary:                   49771         0.88 %  of resolved
c vivified:                  30893         2.04 %  of all clauses
c weakened:                 115950         4.61    average size
c 
c seconds are measured in process time for solving
c 
c --- [ resources ] ----------------------------------------------------------
c 
c total process time since initialization:        10.40    seconds
c total real time since initialization:           10.40    seconds
c maximum resident set size of process:           84.73    MB
c 
c --- [ shutting down ] ------------------------------------------------------
c 
c exit 20
