c --- [ banner ] -------------------------------------------------------------
c 
c CaDiCaL Radically Simplified CDCL SAT Solver
c Copyright (c) 2016-2019 Armin Biere, JKU Linz
c 
c Version 1.0.3 cb89cbfa16f47cb7bf1ec6ad9855e7b6d5203c18
c g++ (GCC) 6.3.0 -Wall -Wextra -O3 -DNDEBUG
c Fri Aug 23 08:17:16 CDT 2019 Linux login1 4.4.103-6.38-default x86_64
c 
c --- [ config ] -------------------------------------------------------------
c 
c using 'unsat' configuration (target unsatisfiable instances)
c 
c --- [ proof tracing ] ------------------------------------------------------
c 
c opening file to write '/tmp/3_10_0_three.drat'
c writing binary proof trace to '/tmp/3_10_0_three.drat'
c 
c --- [ parsing input ] ------------------------------------------------------
c 
c reading DIMACS file from '/tmp/3_10_0_three.cnf'
c opening file to read '/tmp/3_10_0_three.cnf'
c found 'p cnf 39424 200382' header
c parsed 200382 clauses in 0.09 seconds process time
c 
c --- [ options ] ------------------------------------------------------------
c 
c   --stabilize=false              (different from default 'true')
c   --walk=false                   (different from default 'true')
c 
c --- [ solving ] ------------------------------------------------------------
c 
c time measured in process time since initialization
c 
c  seconds  reductions  redundant  irredundant
c         MB    restarts       trail       variables
c          level   conflicts       glue         remaining
c 
c *  0.09 26  0 0   0    0    0  0% 0 181510 38174 97%
c {  0.09 26  0 0   0    0    0  0% 0 181510 38174 97%
c -  0.12 27 43 1   2  310  242  7% 7 175862 38174 97%
c I  0.19 29 47 1  79 1002  837  8% 8 175862 38174 97%
c -  0.25 35 48 2  79 1057  759  8% 8 175862 38174 97%
c -  0.37 35 44 3 147 2177 1342  9% 8 175862 38174 97%
c B  0.44 35 40 3 190 3006 2071  9% 8 175862 38174 97%
c -  0.54 35 41 4 253 3671 1957 10% 8 175862 38174 97%
c s  0.72 31 39 4 272 4499 2652 10% 8 175862 38174 97%
c v  0.85 36 39 4 272 4499 2652 10% 8 173041 38174 97%
c w  0.90 36 39 4 272 4499 2638 10% 8 173041 38158 97%
c t  0.92 36 39 4 272 4499 2637 10% 8 159532 38123 97%
c e  1.70 38 39 4 272 4499   27 10% 8 139075 21436 54%
c s  1.78 42 39 4 272 4499   27 10% 8 139065 21436 54%
c 3  2.02 43 39 4 295 5001 7845  4% 8 139065 21436 54%
c p  2.07 43 39 4 295 5001 8290  4% 8 139065 21436 54%
c -  2.15 43 40 5 363 5538 1080  4% 8 139065 21436 54%
c F  2.18 43 38 5 390 6007 1483  4% 8 139065 21436 54%
c -  2.30 44 35 6 435 7595 2290  4% 8 139065 21436 54%
c i  2.40 44 32 6 463 9011 3503  5% 8 139065 21409 54%
c 
c  seconds  reductions  redundant  irredundant
c         MB    restarts       trail       variables
c          level   conflicts       glue         remaining
c 
c i  2.40 44 31 6 463 9039 3513  5% 8 139065 21392 54%
c i  2.40 44 31 6 463 9043 3514  5% 8 139065 21219 54%
c }  2.40 44 31 6 463 9046 3514  5% 8 139065 21110 54%
c 0  2.40 44 31 6 463 9046 3514  5% 8 139065 21110 54%
c 
c --- [ result ] -------------------------------------------------------------
c 
s UNSATISFIABLE
c 
c --- [ run-time profiling ] -------------------------------------------------
c 
c process time taken by individual solving procedures
c (percentage relative to process time for solving)
c 
c         1.30   56.06% simplify
c         1.02   43.94% search
c         1.01   43.60% unstable
c         0.82   35.47% elim
c         0.18    7.79% subsume
c         0.16    6.75% vivify
c         0.06    2.77% ternary
c         0.02    0.87% probe
c         0.00    0.17% lucky
c   =================================
c         2.31   96.33% solve
c 
c last line shows process time for solving
c (percentage relative to total process time)
c 
c --- [ statistics ] ---------------------------------------------------------
c 
c backtracked:               19857       219.51 %  of conflicts
c chronological:              3994        20.11 %  of backtracks
c conflicts:                  9046      3912.63    per second
c decisions:                 43557     18839.53    per second
c eliminated:                16687        42.33 %  of all variables
c fixed:                      1627         4.13 %  of all variables
c learned:                    8405        92.91 %  per conflict
c minimized:                 66379        27.23 %  learned literals
c propagations:            3558969         1.54 M  per second
c reduced:                    1784        19.72 %  per conflict
c rephased:                      3      3015.33    interval
c restarts:                    463        19.54    interval
c subsumed:                   4822         0.61 %  of all clauses
c strengthened:               2939         0.37 %  of all clauses
c ternary:                   10053         0.72 %  of resolved
c vivified:                   2918         0.37 %  of all clauses
c weakened:                  64100         3.58    average size
c 
c seconds are measured in process time for solving
c 
c --- [ resources ] ----------------------------------------------------------
c 
c total process time since initialization:         2.40    seconds
c total real time since initialization:            2.40    seconds
c maximum resident set size of process:           43.66    MB
c 
c --- [ shutting down ] ------------------------------------------------------
c 
c exit 20
