c --- [ banner ] -------------------------------------------------------------
c 
c CaDiCaL Radically Simplified CDCL SAT Solver
c Copyright (c) 2016-2019 Armin Biere, JKU Linz
c 
c Version 1.0.3 cb89cbfa16f47cb7bf1ec6ad9855e7b6d5203c18
c g++ (GCC) 6.3.0 -Wall -Wextra -O3 -DNDEBUG
c Fri Aug 23 08:17:16 CDT 2019 Linux login1 4.4.103-6.38-default x86_64
c 
c --- [ config ] -------------------------------------------------------------
c 
c using 'unsat' configuration (target unsatisfiable instances)
c 
c --- [ proof tracing ] ------------------------------------------------------
c 
c opening file to write '/tmp/3_173_0_three.drat'
c writing binary proof trace to '/tmp/3_173_0_three.drat'
c 
c --- [ parsing input ] ------------------------------------------------------
c 
c reading DIMACS file from '/tmp/3_173_0_three.cnf'
c opening file to read '/tmp/3_173_0_three.cnf'
c found 'p cnf 39424 200382' header
c parsed 200382 clauses in 0.10 seconds process time
c 
c --- [ options ] ------------------------------------------------------------
c 
c   --stabilize=false              (different from default 'true')
c   --walk=false                   (different from default 'true')
c 
c --- [ solving ] ------------------------------------------------------------
c 
c time measured in process time since initialization
c 
c  seconds  reductions  redundant  irredundant
c         MB    restarts       trail       variables
c          level   conflicts       glue         remaining
c 
c *  0.10 26  0 0   0    0    0  0% 0 181508 38085 97%
c {  0.10 26  0 0   0    0    0  0% 0 181508 38085 97%
c -  0.15 28 40 1  10  300  248  9% 7 174143 38085 97%
c i  0.16 29 37 1  26  545  439  8% 7 174143 38047 97%
c i  0.16 29 35 1  26  582  465  8% 6 174143 38030 96%
c }  0.17 29 35 1  26  584  465  8% 6 174143 37873 96%
c 0  0.17 29 35 1  26  584  465  8% 6 174143 37873 96%
c 
c --- [ result ] -------------------------------------------------------------
c 
s UNSATISFIABLE
c 
c --- [ run-time profiling ] -------------------------------------------------
c 
c process time taken by individual solving procedures
c (percentage relative to process time for solving)
c 
c         0.07   94.44% search
c         0.07   94.44% unstable
c         0.00    0.00% simplify
c   =================================
c         0.07   42.86% solve
c 
c last line shows process time for solving
c (percentage relative to total process time)
c 
c --- [ statistics ] ---------------------------------------------------------
c 
c backtracked:                 741       126.88 %  of conflicts
c chronological:               286        38.60 %  of backtracks
c conflicts:                   584      8111.11    per second
c decisions:                  3280     45555.56    per second
c fixed:                      1551         3.93 %  of all variables
c learned:                     494        84.59 %  per conflict
c minimized:                  3800        27.60 %  learned literals
c propagations:             196409         2.73 M  per second
c restarts:                     26        22.46    interval
c subsumed:                     26         0.01 %  of all clauses
c 
c seconds are measured in process time for solving
c 
c --- [ resources ] ----------------------------------------------------------
c 
c total process time since initialization:         0.17    seconds
c total real time since initialization:            0.17    seconds
c maximum resident set size of process:           28.90    MB
c 
c --- [ shutting down ] ------------------------------------------------------
c 
c exit 20
