c --- [ banner ] -------------------------------------------------------------
c 
c CaDiCaL Radically Simplified CDCL SAT Solver
c Copyright (c) 2016-2019 Armin Biere, JKU Linz
c 
c Version 1.0.3 cb89cbfa16f47cb7bf1ec6ad9855e7b6d5203c18
c g++ (GCC) 6.3.0 -Wall -Wextra -O3 -DNDEBUG
c Fri Aug 23 08:17:16 CDT 2019 Linux login1 4.4.103-6.38-default x86_64
c 
c --- [ config ] -------------------------------------------------------------
c 
c using 'unsat' configuration (target unsatisfiable instances)
c 
c --- [ proof tracing ] ------------------------------------------------------
c 
c opening file to write '/tmp/3_532_0_three.drat'
c writing binary proof trace to '/tmp/3_532_0_three.drat'
c 
c --- [ parsing input ] ------------------------------------------------------
c 
c reading DIMACS file from '/tmp/3_532_0_three.cnf'
c opening file to read '/tmp/3_532_0_three.cnf'
c found 'p cnf 39424 200382' header
c parsed 200382 clauses in 0.18 seconds process time
c 
c --- [ options ] ------------------------------------------------------------
c 
c   --stabilize=false              (different from default 'true')
c   --walk=false                   (different from default 'true')
c 
c --- [ solving ] ------------------------------------------------------------
c 
c time measured in process time since initialization
c 
c  seconds  reductions  redundant  irredundant
c         MB    restarts       trail       variables
c          level   conflicts       glue         remaining
c 
c *  0.18 26  0 0   0    0    0  0% 0 181509 38040 96%
c {  0.18 26  0 0   0    0    0  0% 0 181509 38040 96%
c -  0.24 27 21 1   4  301  230  6% 6 173284 38040 96%
c i  0.24 28 16 1   4  396  309  6% 6 173284 38015 96%
c i  0.24 28 16 1   4  400  308  6% 6 173284 37993 96%
c i  0.26 28 15 1   4  526  405  6% 5 173284 37985 96%
c i  0.27 28 16 1   7  707  535  7% 5 173284 37943 96%
c i  0.28 28 16 1   7  756  570  7% 5 173284 37791 96%
c }  0.28 28 16 1   7  762  573  7% 5 173284 37127 94%
c 0  0.28 28 16 1   7  762  573  7% 5 173284 37127 94%
c 
c --- [ result ] -------------------------------------------------------------
c 
s UNSATISFIABLE
c 
c --- [ run-time profiling ] -------------------------------------------------
c 
c process time taken by individual solving procedures
c (percentage relative to process time for solving)
c 
c         0.10   96.15% search
c         0.10   96.15% unstable
c         0.00    0.00% simplify
c   =================================
c         0.10   37.14% solve
c 
c last line shows process time for solving
c (percentage relative to total process time)
c 
c --- [ statistics ] ---------------------------------------------------------
c 
c backtracked:                 900       118.11 %  of conflicts
c chronological:               313        34.78 %  of backtracks
c conflicts:                   762      7326.92    per second
c decisions:                  2519     24221.15    per second
c fixed:                      2297         5.83 %  of all variables
c learned:                     673        88.32 %  per conflict
c minimized:                  5714        36.36 %  learned literals
c propagations:             194860         1.87 M  per second
c restarts:                      7       108.86    interval
c subsumed:                     94         0.03 %  of all clauses
c 
c seconds are measured in process time for solving
c 
c --- [ resources ] ----------------------------------------------------------
c 
c total process time since initialization:         0.28    seconds
c total real time since initialization:            0.28    seconds
c maximum resident set size of process:           28.46    MB
c 
c --- [ shutting down ] ------------------------------------------------------
c 
c exit 20
