c --- [ banner ] -------------------------------------------------------------
c 
c CaDiCaL Radically Simplified CDCL SAT Solver
c Copyright (c) 2016-2019 Armin Biere, JKU Linz
c 
c Version 1.0.3 cb89cbfa16f47cb7bf1ec6ad9855e7b6d5203c18
c g++ (GCC) 6.3.0 -Wall -Wextra -O3 -DNDEBUG
c Fri Aug 23 08:17:16 CDT 2019 Linux login1 4.4.103-6.38-default x86_64
c 
c --- [ config ] -------------------------------------------------------------
c 
c using 'unsat' configuration (target unsatisfiable instances)
c 
c --- [ proof tracing ] ------------------------------------------------------
c 
c opening file to write '/tmp/3_570_0_three.drat'
c writing binary proof trace to '/tmp/3_570_0_three.drat'
c 
c --- [ parsing input ] ------------------------------------------------------
c 
c reading DIMACS file from '/tmp/3_570_0_three.cnf'
c opening file to read '/tmp/3_570_0_three.cnf'
c found 'p cnf 39424 200382' header
c parsed 200382 clauses in 0.08 seconds process time
c 
c --- [ options ] ------------------------------------------------------------
c 
c   --stabilize=false              (different from default 'true')
c   --walk=false                   (different from default 'true')
c 
c --- [ solving ] ------------------------------------------------------------
c 
c time measured in process time since initialization
c 
c  seconds  reductions  redundant  irredundant
c         MB    restarts       trail       variables
c          level   conflicts       glue         remaining
c 
c *  0.08 26  0 0   0    0    0  0% 0 181509 38139 97%
c {  0.08 26  0 0   0    0    0  0% 0 181509 38139 97%
c -  0.12 27 40 1   2  300  248  8% 9 175433 38139 97%
c I  0.16 29 28 1   9 1004  853  9% 8 175433 38139 97%
c -  0.21 34 28 2   9 1046  736  9% 8 175433 38139 97%
c -  0.34 34 43 3 121 2167 1267  9% 9 175433 38139 97%
c B  0.43 34 43 3 175 3005 2036  9% 9 175433 38139 97%
c -  0.51 34 46 4 195 3659 1886 10% 9 175433 38139 97%
c s  0.67 30 40 4 216 4503 2614  9% 9 175433 38139 97%
c v  0.80 38 40 4 216 4503 2614  9% 9 172841 38139 97%
c w  0.86 38 40 4 216 4503 2606  9% 9 172841 38131 97%
c t  0.89 38 40 4 216 4503 2606  9% 9 159130 38131 97%
c e  1.66 39 40 4 216 4503   41  9% 9 139698 21414 54%
c s  1.71 43 40 4 216 4503   40  9% 9 139698 21414 54%
c 3  1.88 44 38 4 221 5001 8223  3% 8 139698 21414 54%
c p  1.94 44 38 4 221 5001 9237  3% 8 139698 21407 54%
c -  2.02 34 38 5 231 5531 1122  6% 8 138718 21407 54%
c F  2.05 34 36 5 236 6009 1509  7% 8 138718 21407 54%
c -  2.17 38 31 6 264 7587 2278  6% 8 138718 21407 54%
c i  2.24 38 29 6 273 8353 2960  6% 8 138718 21406 54%
c 
c  seconds  reductions  redundant  irredundant
c         MB    restarts       trail       variables
c          level   conflicts       glue         remaining
c 
c i  2.24 38 28 6 273 8412 3000  6% 8 138718 21404 54%
c i  2.25 38 28 6 274 8488 3063  6% 8 138718 21371 54%
c }  2.25 38 28 6 274 8497 3065  6% 8 138718 21369 54%
c 0  2.25 38 28 6 274 8497 3065  6% 8 138718 21369 54%
c 
c --- [ result ] -------------------------------------------------------------
c 
s UNSATISFIABLE
c 
c --- [ run-time profiling ] -------------------------------------------------
c 
c process time taken by individual solving procedures
c (percentage relative to process time for solving)
c 
c         1.24   57.20% simplify
c         0.93   42.80% search
c         0.92   42.62% unstable
c         0.77   35.61% elim
c         0.17    7.75% vivify
c         0.14    6.46% subsume
c         0.06    2.95% ternary
c         0.03    1.29% probe
c         0.00    0.18% lucky
c   =================================
c         2.17   96.44% solve
c 
c last line shows process time for solving
c (percentage relative to total process time)
c 
c --- [ statistics ] ---------------------------------------------------------
c 
c backtracked:               21216       249.69 %  of conflicts
c chronological:              3564        16.80 %  of backtracks
c conflicts:                  8497      3919.28    per second
c decisions:                 30876     14241.70    per second
c eliminated:                16717        42.40 %  of all variables
c fixed:                      1338         3.39 %  of all variables
c learned:                    7845        92.33 %  per conflict
c minimized:                 76246        29.84 %  learned literals
c propagations:            3299273         1.52 M  per second
c reduced:                    1791        21.08 %  per conflict
c rephased:                      3      2832.33    interval
c restarts:                    274        31.01    interval
c subsumed:                   4409         0.55 %  of all clauses
c strengthened:               1958         0.25 %  of all clauses
c ternary:                   10900         0.78 %  of resolved
c vivified:                   2759         0.35 %  of all clauses
c weakened:                  64785         3.57    average size
c 
c seconds are measured in process time for solving
c 
c --- [ resources ] ----------------------------------------------------------
c 
c total process time since initialization:         2.25    seconds
c total real time since initialization:            2.25    seconds
c maximum resident set size of process:           44.60    MB
c 
c --- [ shutting down ] ------------------------------------------------------
c 
c exit 20
