c --- [ banner ] -------------------------------------------------------------
c 
c CaDiCaL Radically Simplified CDCL SAT Solver
c Copyright (c) 2016-2019 Armin Biere, JKU Linz
c 
c Version 1.0.3 cb89cbfa16f47cb7bf1ec6ad9855e7b6d5203c18
c g++ (GCC) 6.3.0 -Wall -Wextra -O3 -DNDEBUG
c Fri Aug 23 08:17:16 CDT 2019 Linux login1 4.4.103-6.38-default x86_64
c 
c --- [ config ] -------------------------------------------------------------
c 
c using 'unsat' configuration (target unsatisfiable instances)
c 
c --- [ proof tracing ] ------------------------------------------------------
c 
c opening file to write '/tmp/3_689_0_three.drat'
c writing binary proof trace to '/tmp/3_689_0_three.drat'
c 
c --- [ parsing input ] ------------------------------------------------------
c 
c reading DIMACS file from '/tmp/3_689_0_three.cnf'
c opening file to read '/tmp/3_689_0_three.cnf'
c found 'p cnf 39424 200382' header
c parsed 200382 clauses in 0.08 seconds process time
c 
c --- [ options ] ------------------------------------------------------------
c 
c   --stabilize=false              (different from default 'true')
c   --walk=false                   (different from default 'true')
c 
c --- [ solving ] ------------------------------------------------------------
c 
c time measured in process time since initialization
c 
c  seconds  reductions  redundant  irredundant
c         MB    restarts       trail       variables
c          level   conflicts       glue         remaining
c 
c *  0.08 26  0 0   0    0    0  0% 0 181509 38085 97%
c {  0.08 26  0 0   0    0    0  0% 0 181509 38085 97%
c -  0.12 27 40 1  12  301  232  7% 6 174143 38085 97%
c i  0.13 29 30 1  23  499  378  7% 6 174143 38061 97%
c i  0.13 29 29 1  23  515  392  7% 6 174143 38042 96%
c i  0.13 29 29 1  23  519  395  7% 5 174143 37954 96%
c }  0.13 29 28 1  23  523  395  7% 5 174143 37674 96%
c 0  0.13 29 28 1  23  523  395  7% 5 174143 37674 96%
c 
c --- [ result ] -------------------------------------------------------------
c 
s UNSATISFIABLE
c 
c --- [ run-time profiling ] -------------------------------------------------
c 
c process time taken by individual solving procedures
c (percentage relative to process time for solving)
c 
c         0.05  100.00% search
c         0.05   92.31% unstable
c         0.00    7.69% lucky
c         0.00    0.00% simplify
c   =================================
c         0.05   39.39% solve
c 
c last line shows process time for solving
c (percentage relative to total process time)
c 
c --- [ statistics ] ---------------------------------------------------------
c 
c backtracked:                 651       124.47 %  of conflicts
c chronological:               251        38.56 %  of backtracks
c conflicts:                   523     10057.69    per second
c decisions:                  2911     55980.77    per second
c fixed:                      1750         4.44 %  of all variables
c learned:                     449        85.85 %  per conflict
c minimized:                  2635        27.53 %  learned literals
c propagations:             136048         2.62 M  per second
c restarts:                     23        22.74    interval
c subsumed:                     48         0.01 %  of all clauses
c 
c seconds are measured in process time for solving
c 
c --- [ resources ] ----------------------------------------------------------
c 
c total process time since initialization:         0.13    seconds
c total real time since initialization:            0.13    seconds
c maximum resident set size of process:           28.71    MB
c 
c --- [ shutting down ] ------------------------------------------------------
c 
c exit 20
