c --- [ banner ] -------------------------------------------------------------
c 
c CaDiCaL Radically Simplified CDCL SAT Solver
c Copyright (c) 2016-2019 Armin Biere, JKU Linz
c 
c Version 1.0.3 cb89cbfa16f47cb7bf1ec6ad9855e7b6d5203c18
c g++ (GCC) 6.3.0 -Wall -Wextra -O3 -DNDEBUG
c Fri Aug 23 08:17:16 CDT 2019 Linux login1 4.4.103-6.38-default x86_64
c 
c --- [ config ] -------------------------------------------------------------
c 
c using 'unsat' configuration (target unsatisfiable instances)
c 
c --- [ proof tracing ] ------------------------------------------------------
c 
c opening file to write '/tmp/43_1044_0_six.drat'
c writing binary proof trace to '/tmp/43_1044_0_six.drat'
c 
c --- [ parsing input ] ------------------------------------------------------
c 
c reading DIMACS file from '/tmp/43_1044_0_six.cnf'
c opening file to read '/tmp/43_1044_0_six.cnf'
c found 'p cnf 50176 399289' header
c parsed 399289 clauses in 0.16 seconds process time
c 
c --- [ options ] ------------------------------------------------------------
c 
c   --stabilize=false              (different from default 'true')
c   --walk=false                   (different from default 'true')
c 
c --- [ solving ] ------------------------------------------------------------
c 
c time measured in process time since initialization
c 
c  seconds  reductions  redundant  irredundant
c         MB    restarts       trail       variables
c          level   conflicts       glue         remaining
c 
c *  0.16 44  0 0   0    0    0  0% 0 363741 48125 96%
c {  0.16 45  0 0   0    0    0  0% 0 363741 48125 96%
c i  0.17 46 43 0   8  182  126  7% 5 363741 48049 96%
c i  0.17 46 41 0   8  196  131  6% 5 363741 48043 96%
c -  0.22 47 57 1  17  300  168  8% 7 345187 48043 96%
c I  0.26 47 37 1  71 1015  636  8% 8 345187 48043 96%
c -  0.37 58 32 2  91 1226  695  8% 9 345187 48043 96%
c i  0.40 58 27 2  91 1502  876  8% 8 345187 48021 96%
c i  0.40 58 27 2  91 1545  903  8% 8 345187 47983 96%
c i  0.40 58 27 2  91 1615  937  8% 8 345187 47239 94%
c i  0.40 58 27 2  91 1616  937  8% 8 345187 47048 94%
c }  0.40 58 27 2  91 1623  942  8% 8 345187 46049 92%
c 0  0.40 58 27 2  91 1623  942  8% 8 345187 46049 92%
c 
c --- [ result ] -------------------------------------------------------------
c 
s UNSATISFIABLE
c 
c --- [ run-time profiling ] -------------------------------------------------
c 
c process time taken by individual solving procedures
c (percentage relative to process time for solving)
c 
c         0.24  100.00% search
c         0.24   98.36% unstable
c         0.00    1.64% lucky
c         0.00    0.00% simplify
c   =================================
c         0.24   61.00% solve
c 
c last line shows process time for solving
c (percentage relative to total process time)
c 
c --- [ statistics ] ---------------------------------------------------------
c 
c backtracked:                1897       116.88 %  of conflicts
c chronological:               552        29.10 %  of backtracks
c conflicts:                  1623      6651.64    per second
c decisions:                  7515     30799.18    per second
c fixed:                      4127         8.23 %  of all variables
c learned:                    1194        73.57 %  per conflict
c minimized:                 16062        30.63 %  learned literals
c propagations:             546775         2.24 M  per second
c reduced:                      69         4.25 %  per conflict
c rephased:                      1      1623.00    interval
c restarts:                     91        17.84    interval
c subsumed:                    155         0.02 %  of all clauses
c 
c seconds are measured in process time for solving
c 
c --- [ resources ] ----------------------------------------------------------
c 
c total process time since initialization:         0.40    seconds
c total real time since initialization:            0.40    seconds
c maximum resident set size of process:           58.39    MB
c 
c --- [ shutting down ] ------------------------------------------------------
c 
c exit 20
