c --- [ banner ] -------------------------------------------------------------
c 
c CaDiCaL Radically Simplified CDCL SAT Solver
c Copyright (c) 2016-2019 Armin Biere, JKU Linz
c 
c Version 1.0.3 cb89cbfa16f47cb7bf1ec6ad9855e7b6d5203c18
c g++ (GCC) 6.3.0 -Wall -Wextra -O3 -DNDEBUG
c Fri Aug 23 08:17:16 CDT 2019 Linux login1 4.4.103-6.38-default x86_64
c 
c --- [ config ] -------------------------------------------------------------
c 
c using 'unsat' configuration (target unsatisfiable instances)
c 
c --- [ proof tracing ] ------------------------------------------------------
c 
c opening file to write '/tmp/43_316_0_six.drat'
c writing binary proof trace to '/tmp/43_316_0_six.drat'
c 
c --- [ parsing input ] ------------------------------------------------------
c 
c reading DIMACS file from '/tmp/43_316_0_six.cnf'
c opening file to read '/tmp/43_316_0_six.cnf'
c found 'p cnf 50176 399289' header
c parsed 399289 clauses in 0.16 seconds process time
c 
c --- [ options ] ------------------------------------------------------------
c 
c   --stabilize=false              (different from default 'true')
c   --walk=false                   (different from default 'true')
c 
c --- [ solving ] ------------------------------------------------------------
c 
c time measured in process time since initialization
c 
c  seconds  reductions  redundant  irredundant
c         MB    restarts       trail       variables
c          level   conflicts       glue         remaining
c 
c *  0.16 44  0 0   0    0    0  0% 0 363731 48108 96%
c {  0.17 45  0 0   0    0    0  0% 0 363731 48108 96%
c -  0.23 47 59 1  19  304  171  9% 9 346412 48108 96%
c I  0.29 47 50 1  63 1008  650  9% 9 346412 48108 96%
c -  0.42 59 59 2  76 1227  726 10% 9 346412 48108 96%
c -  0.60 59 52 3 149 2612 1357 10% 9 346412 48108 96%
c B  0.63 59 52 3 171 3009 1606 10% 9 346412 48108 96%
c -  0.87 59 51 4 267 4460 2051 11% 9 346412 48108 96%
c d  1.06 60 47 4 283 5001 2446 10% 9 341756 45780 91%
c 2  1.25 60 47 4 283 5001 2446 10% 9 335936 45780 91%
c p  1.41 62 47 4 283 5001 9236 10% 9 335936 45780 91%
c s  1.68 69 43 4 307 5839 9871 10% 9 335936 45780 91%
c v  2.07 70 43 4 307 5839 9871 10% 9 332310 45780 91%
c w  2.18 70 43 4 307 5839 9871 10% 9 332310 45780 91%
c t  2.23 70 43 4 307 5839 9867 10% 9 299306 45780 91%
c e  3.02 64 43 4 307 5839 4158 10% 9 280238 28431 57%
c F  3.32 73 43 4 307 6011 4285  6% 9 280238 28431 57%
c i  3.37 73 40 4 307 6668 4784  5% 9 280238 28430 57%
c -  3.43 73 39 5 307 6770 1123  5% 9 280107 28430 57%
c i  3.63 73 32 5 373 9308 3053  6% 8 280107 28424 57%
c 
c  seconds  reductions  redundant  irredundant
c         MB    restarts       trail       variables
c          level   conflicts       glue         remaining
c 
c -  3.68 73 32 6 373 9375 2497  6% 8 279225 28424 57%
c i  3.72 74 31 6 386 9742 2770  6% 8 279225 28412 57%
c i  3.72 74 31 6 386 9743 2770  6% 8 279225 28406 57%
c i  3.72 74 31 6 386 9756 2771  6% 8 279225 28387 57%
c i  3.72 74 31 6 386 9768 2777  6% 8 279225 28199 56%
c }  3.72 74 31 6 386 9770 2777  6% 8 279225 27823 55%
c 0  3.72 74 31 6 386 9770 2777  6% 8 279225 27823 55%
c 
c --- [ result ] -------------------------------------------------------------
c 
s UNSATISFIABLE
c 
c --- [ run-time profiling ] -------------------------------------------------
c 
c process time taken by individual solving procedures
c (percentage relative to process time for solving)
c 
c         2.04   57.26% simplify
c         1.52   42.74% search
c         1.52   42.63% unstable
c         0.77   21.71% elim
c         0.44   12.37% vivify
c         0.24    6.86% subsume
c         0.16    4.61% probe
c         0.14    4.05% ternary
c         0.00    0.11% lucky
c   =================================
c         3.56   95.59% solve
c 
c last line shows process time for solving
c (percentage relative to total process time)
c 
c --- [ statistics ] ---------------------------------------------------------
c 
c backtracked:               31215       319.50 %  of conflicts
c chronological:              3405        10.91 %  of backtracks
c conflicts:                  9770      2747.47    per second
c decisions:                 39870     11212.04    per second
c eliminated:                17349        34.58 %  of all variables
c fixed:                      2676         5.33 %  of all variables
c learned:                    8391        85.89 %  per conflict
c minimized:                128669        31.42 %  learned literals
c propagations:            5566345         1.57 M  per second
c reduced:                    1707        17.47 %  per conflict
c rephased:                      3      3256.67    interval
c restarts:                    386        25.31    interval
c substituted:                2328         4.64 %  of all variables
c subsumed:                  11052         0.87 %  of all clauses
c strengthened:               4212         0.33 %  of all clauses
c vivified:                   3724         0.29 %  of all clauses
c weakened:                 109868         4.03    average size
c 
c seconds are measured in process time for solving
c 
c --- [ resources ] ----------------------------------------------------------
c 
c total process time since initialization:         3.72    seconds
c total real time since initialization:            3.72    seconds
c maximum resident set size of process:           73.51    MB
c 
c --- [ shutting down ] ------------------------------------------------------
c 
c exit 20
