c --- [ banner ] -------------------------------------------------------------
c 
c CaDiCaL Radically Simplified CDCL SAT Solver
c Copyright (c) 2016-2019 Armin Biere, JKU Linz
c 
c Version 1.0.3 cb89cbfa16f47cb7bf1ec6ad9855e7b6d5203c18
c g++ (GCC) 6.3.0 -Wall -Wextra -O3 -DNDEBUG
c Fri Aug 23 08:17:16 CDT 2019 Linux login1 4.4.103-6.38-default x86_64
c 
c --- [ config ] -------------------------------------------------------------
c 
c using 'unsat' configuration (target unsatisfiable instances)
c 
c --- [ proof tracing ] ------------------------------------------------------
c 
c opening file to write '/tmp/43_445_0_six.drat'
c writing binary proof trace to '/tmp/43_445_0_six.drat'
c 
c --- [ parsing input ] ------------------------------------------------------
c 
c reading DIMACS file from '/tmp/43_445_0_six.cnf'
c opening file to read '/tmp/43_445_0_six.cnf'
c found 'p cnf 50176 399289' header
c parsed 399289 clauses in 0.15 seconds process time
c 
c --- [ options ] ------------------------------------------------------------
c 
c   --stabilize=false              (different from default 'true')
c   --walk=false                   (different from default 'true')
c 
c --- [ solving ] ------------------------------------------------------------
c 
c time measured in process time since initialization
c 
c  seconds  reductions  redundant  irredundant
c         MB    restarts       trail       variables
c          level   conflicts       glue         remaining
c 
c *  0.15 44  0 0   0    0    0  0% 0 363720 48320 96%
c {  0.16 45  0 0   0    0    0  0% 0 363720 48320 96%
c -  0.22 47 96 1  23  302  200 10% 13 351652 48320 96%
c I  0.29 48 93 1  44 1003  687 11% 12 351652 48320 96%
c -  0.41 60 89 2  45 1235  722 11% 12 351652 48320 96%
c -  0.56 60 74 3  98 2627 1231 10% 12 351652 48320 96%
c B  0.59 60 72 3 105 3006 1503 10% 12 351652 48320 96%
c -  0.78 61 66 4 194 4482 1820 10% 12 351652 48320 96%
c d  1.02 62 67 4 228 5006 2234 10% 12 346924 45956 92%
c 2  1.22 62 67 4 228 5006 2234 10% 12 341014 45956 92%
c p  1.38 63 67 4 228 5006 6166 10% 12 341014 45956 92%
c s  1.68 71 68 4 258 5826 6771 10% 12 341014 45956 92%
c v  2.11 71 68 4 258 5826 6771 10% 12 337566 45956 92%
c w  2.23 71 68 4 258 5826 6770 10% 12 337566 45956 92%
c t  2.27 71 68 4 258 5826 6769 10% 12 307450 45956 92%
c e  3.06 66 68 4 258 5826 2876 10% 12 289561 29394 59%
c F  3.36 75 66 4 258 6012 3019  3% 12 289561 29394 59%
c -  3.52 75 66 5 280 6801 1114 11% 11 289561 29394 59%
c -  3.79 75 52 6 314 9432 2459  7% 10 289561 29394 59%
c B  3.86 76 50 6 319 10014 2894  7% 10 289561 29394 59%
c 
c  seconds  reductions   redundant   irredundant
c         MB    restarts        trail        variables
c          level    conflicts       glue          remaining
c 
c -  4.16 76 46 7 349 12502 3451  7% 10 289561 29394 59%
c 3  4.56 76 43 7 421 15007 25856  7% 9 289561 29394 59%
c p  4.72 76 43 7 421 15007 26661  7% 9 289561 29388 59%
c #  4.76 76 43 7 422 15015 26669  7% 9 289561 29388 59%
c i  4.80 76 44 7 466 15259 26864  7% 9 289561 29382 59%
c i  4.81 76 44 7 466 15298 26889  7% 9 289561 29381 59%
c -  4.96 76 43 8 490 16018 4609  7% 9 287869 29381 59%
c i  4.97 76 43 8 490 16020 4610  7% 9 287869 29375 59%
c i  5.11 76 42 8 506 17109 5446  8% 9 287869 29369 59%
c i  5.11 76 42 8 506 17110 5446  8% 9 287869 29361 59%
c i  5.11 76 42 8 506 17111 5446  8% 9 287869 29298 58%
c i  5.11 76 42 8 506 17115 5448  8% 9 287869 28393 57%
c i  5.12 76 42 8 506 17120 5452  8% 9 287869 28335 56%
c }  5.12 76 42 8 506 17122 5452  8% 9 287869 28168 56%
c 0  5.12 76 42 8 506 17122 5452  8% 9 287869 28168 56%
c 
c --- [ result ] -------------------------------------------------------------
c 
s UNSATISFIABLE
c 
c --- [ run-time profiling ] -------------------------------------------------
c 
c process time taken by individual solving procedures
c (percentage relative to process time for solving)
c 
c         2.54   51.09% search
c         2.53   51.01% unstable
c         2.43   48.91% simplify
c         0.78   15.63% elim
c         0.48    9.67% vivify
c         0.31    6.20% ternary
c         0.26    5.24% subsume
c         0.24    4.83% probe
c         0.00    0.08% lucky
c   =================================
c         4.96   97.03% solve
c 
c last line shows process time for solving
c (percentage relative to total process time)
c 
c --- [ statistics ] ---------------------------------------------------------
c 
c backtracked:               45541       265.98 %  of conflicts
c chronological:              6143        13.49 %  of backtracks
c conflicts:                 17122      3449.23    per second
c decisions:                 71521     14407.94    per second
c eliminated:                16562        33.01 %  of all variables
c fixed:                      3082         6.14 %  of all variables
c learned:                   14713        85.93 %  per conflict
c minimized:                224307        29.52 %  learned literals
c propagations:            8138194         1.64 M  per second
c reduced:                    4974        29.05 %  per conflict
c rephased:                      5      3424.40    interval
c restarts:                    506        33.84    interval
c substituted:                2364         4.71 %  of all variables
c subsumed:                  11673         0.87 %  of all clauses
c strengthened:               3998         0.30 %  of all clauses
c ternary:                   29030         0.96 %  of resolved
c vivified:                   3632         0.27 %  of all clauses
c weakened:                 109514         4.00    average size
c 
c seconds are measured in process time for solving
c 
c --- [ resources ] ----------------------------------------------------------
c 
c total process time since initialization:         5.12    seconds
c total real time since initialization:            5.12    seconds
c maximum resident set size of process:           75.91    MB
c 
c --- [ shutting down ] ------------------------------------------------------
c 
c exit 20
