c --- [ banner ] -------------------------------------------------------------
c 
c CaDiCaL Radically Simplified CDCL SAT Solver
c Copyright (c) 2016-2019 Armin Biere, JKU Linz
c 
c Version 1.0.3 cb89cbfa16f47cb7bf1ec6ad9855e7b6d5203c18
c g++ (GCC) 6.3.0 -Wall -Wextra -O3 -DNDEBUG
c Fri Aug 23 08:17:16 CDT 2019 Linux login1 4.4.103-6.38-default x86_64
c 
c --- [ config ] -------------------------------------------------------------
c 
c using 'unsat' configuration (target unsatisfiable instances)
c 
c --- [ proof tracing ] ------------------------------------------------------
c 
c opening file to write '/tmp/43_766_0_six.drat'
c writing binary proof trace to '/tmp/43_766_0_six.drat'
c 
c --- [ parsing input ] ------------------------------------------------------
c 
c reading DIMACS file from '/tmp/43_766_0_six.cnf'
c opening file to read '/tmp/43_766_0_six.cnf'
c found 'p cnf 50176 399289' header
c parsed 399289 clauses in 0.17 seconds process time
c 
c --- [ options ] ------------------------------------------------------------
c 
c   --stabilize=false              (different from default 'true')
c   --walk=false                   (different from default 'true')
c 
c --- [ solving ] ------------------------------------------------------------
c 
c time measured in process time since initialization
c 
c  seconds  reductions  redundant  irredundant
c         MB    restarts       trail       variables
c          level   conflicts       glue         remaining
c 
c *  0.17 44  0 0   0    0    0  0% 0 363711 48148 96%
c {  0.17 45  0 0   0    0    0  0% 0 363711 48148 96%
c -  0.24 47 85 1  28  300  200  9% 14 348158 48148 96%
c i  0.28 47 67 1  33  925  590  9% 11 348158 48147 96%
c i  0.28 47 67 1  33  951  604  9% 11 348158 48037 96%
c I  0.28 47 63 1  33 1003  639  9% 11 348158 47991 96%
c -  0.43 59 65 2  46 1226  671  9% 11 343793 47991 96%
c i  0.45 59 61 2  55 1550  900  9% 10 343793 47990 96%
c i  0.45 59 60 2  56 1575  907  9% 10 343793 47986 96%
c i  0.45 59 60 2  58 1580  911  9% 10 343793 47585 95%
c i  0.45 59 60 2  59 1586  913  9% 11 343793 47583 95%
c i  0.45 59 60 2  60 1587  913  9% 11 343793 47575 95%
c }  0.45 59 60 2  60 1591  914  9% 10 343793 47538 95%
c 0  0.45 59 60 2  60 1591  914  9% 10 343793 47538 95%
c 
c --- [ result ] -------------------------------------------------------------
c 
s UNSATISFIABLE
c 
c --- [ run-time profiling ] -------------------------------------------------
c 
c process time taken by individual solving procedures
c (percentage relative to process time for solving)
c 
c         0.28   98.61% search
c         0.28   97.22% unstable
c         0.00    1.39% lucky
c         0.00    0.00% simplify
c   =================================
c         0.29   63.16% solve
c 
c last line shows process time for solving
c (percentage relative to total process time)
c 
c --- [ statistics ] ---------------------------------------------------------
c 
c backtracked:                1845       115.96 %  of conflicts
c chronological:               625        33.88 %  of backtracks
c conflicts:                  1591      5524.31    per second
c decisions:                  9074     31506.94    per second
c fixed:                      2638         5.26 %  of all variables
c learned:                    1158        72.78 %  per conflict
c minimized:                 12075        20.17 %  learned literals
c propagations:             508467         1.77 M  per second
c reduced:                     120         7.54 %  per conflict
c rephased:                      1      1591.00    interval
c restarts:                     60        26.52    interval
c subsumed:                    115         0.02 %  of all clauses
c 
c seconds are measured in process time for solving
c 
c --- [ resources ] ----------------------------------------------------------
c 
c total process time since initialization:         0.46    seconds
c total real time since initialization:            0.46    seconds
c maximum resident set size of process:           59.42    MB
c 
c --- [ shutting down ] ------------------------------------------------------
c 
c exit 20
