c --- [ banner ] -------------------------------------------------------------
c 
c CaDiCaL Radically Simplified CDCL SAT Solver
c Copyright (c) 2016-2019 Armin Biere, JKU Linz
c 
c Version 1.0.3 cb89cbfa16f47cb7bf1ec6ad9855e7b6d5203c18
c g++ (GCC) 6.3.0 -Wall -Wextra -O3 -DNDEBUG
c Fri Aug 23 08:17:16 CDT 2019 Linux login1 4.4.103-6.38-default x86_64
c 
c --- [ config ] -------------------------------------------------------------
c 
c using 'unsat' configuration (target unsatisfiable instances)
c 
c --- [ proof tracing ] ------------------------------------------------------
c 
c opening file to write '/tmp/43_721_0_six.drat'
c writing binary proof trace to '/tmp/43_721_0_six.drat'
c 
c --- [ parsing input ] ------------------------------------------------------
c 
c reading DIMACS file from '/tmp/43_721_0_six.cnf'
c opening file to read '/tmp/43_721_0_six.cnf'
c found 'p cnf 50176 399289' header
c parsed 399289 clauses in 0.15 seconds process time
c 
c --- [ options ] ------------------------------------------------------------
c 
c   --stabilize=false              (different from default 'true')
c   --walk=false                   (different from default 'true')
c 
c --- [ solving ] ------------------------------------------------------------
c 
c time measured in process time since initialization
c 
c  seconds  reductions  redundant  irredundant
c         MB    restarts       trail       variables
c          level   conflicts       glue         remaining
c 
c *  0.16 44  0 0   0    0    0  0% 0 363731 48104 96%
c {  0.16 45  0 0   0    0    0  0% 0 363731 48104 96%
c -  0.22 46 60 1  29  301  228  9% 8 346412 48104 96%
c I  0.28 46 74 1  80 1012  682 12% 10 346412 48104 96%
c -  0.40 58 70 2  80 1228  732 12% 9 346412 48104 96%
c -  0.57 59 55 3 160 2630 1366 11% 9 346412 48104 96%
c B  0.60 59 53 3 192 3018 1609 11% 9 346412 48104 96%
c -  0.75 59 44 4 232 4477 1978 10% 9 346412 48104 96%
c d  0.93 60 44 4 263 5000 2345 10% 9 341756 45776 91%
c 2  1.10 60 44 4 263 5000 2345 10% 9 335936 45776 91%
c p  1.40 62 44 4 263 5000 10594 10% 9 335936 45754 91%
c s  1.66 69 42 4 277 5841 11280 10% 9 335934 45754 91%
c v  2.10 69 42 4 277 5841 11280 10% 9 332710 45754 91%
c w  2.21 69 42 4 277 5841 11268 10% 9 332710 45746 91%
c t  2.26 69 42 4 277 5841 11261 10% 9 299671 45746 91%
c e  3.03 64 42 4 277 5841 5290 10% 9 279576 28343 56%
c s  3.13 73 42 4 277 5841 5290 10% 9 279575 28343 56%
c e  3.22 73 42 4 277 5841 5290 10% 9 279574 28342 56%
c F  3.40 73 42 4 286 6019 5425  2% 9 279574 28342 56%
c -  3.50 73 39 5 329 6787 1288  4% 9 279574 28342 56%
c 
c  seconds  reductions  redundant  irredundant
c         MB    restarts       trail       variables
c          level   conflicts       glue         remaining
c 
c i  3.62 73 36 5 343 8674 2638  6% 8 279574 28335 56%
c i  3.62 73 36 5 343 8679 2639  6% 8 279574 28328 56%
c }  3.62 73 36 5 343 8682 2639  6% 8 279574 28163 56%
c 0  3.62 73 36 5 343 8682 2639  6% 8 279574 28163 56%
c 
c --- [ result ] -------------------------------------------------------------
c 
s UNSATISFIABLE
c 
c --- [ run-time profiling ] -------------------------------------------------
c 
c process time taken by individual solving procedures
c (percentage relative to process time for solving)
c 
c         2.26   65.05% simplify
c         1.21   34.83% search
c         1.20   34.72% unstable
c         0.84   24.34% elim
c         0.49   14.19% vivify
c         0.30    8.65% probe
c         0.23    6.69% subsume
c         0.13    3.81% ternary
c         0.00    0.12% lucky
c   =================================
c         3.47   95.80% solve
c 
c last line shows process time for solving
c (percentage relative to total process time)
c 
c --- [ statistics ] ---------------------------------------------------------
c 
c backtracked:               36808       423.96 %  of conflicts
c chronological:              3135         8.52 %  of backtracks
c conflicts:                  8682      2503.46    per second
c decisions:                 34792     10032.30    per second
c eliminated:                17404        34.69 %  of all variables
c fixed:                      2281         4.55 %  of all variables
c learned:                    7228        83.25 %  per conflict
c minimized:                106542        28.73 %  learned literals
c propagations:            5044574         1.45 M  per second
c reduced:                    1249        14.39 %  per conflict
c rephased:                      3      2894.00    interval
c restarts:                    343        25.31    interval
c substituted:                2328         4.64 %  of all variables
c subsumed:                  10552         0.83 %  of all clauses
c strengthened:               3820         0.30 %  of all clauses
c vivified:                   3286         0.26 %  of all clauses
c weakened:                 109533         4.04    average size
c 
c seconds are measured in process time for solving
c 
c --- [ resources ] ----------------------------------------------------------
c 
c total process time since initialization:         3.62    seconds
c total real time since initialization:            3.62    seconds
c maximum resident set size of process:           73.38    MB
c 
c --- [ shutting down ] ------------------------------------------------------
c 
c exit 20
