c --- [ banner ] -------------------------------------------------------------
c 
c CaDiCaL Radically Simplified CDCL SAT Solver
c Copyright (c) 2016-2019 Armin Biere, JKU Linz
c 
c Version 1.0.3 cb89cbfa16f47cb7bf1ec6ad9855e7b6d5203c18
c g++ (GCC) 6.3.0 -Wall -Wextra -O3 -DNDEBUG
c Fri Aug 23 08:17:16 CDT 2019 Linux login1 4.4.103-6.38-default x86_64
c 
c --- [ config ] -------------------------------------------------------------
c 
c using 'unsat' configuration (target unsatisfiable instances)
c 
c --- [ proof tracing ] ------------------------------------------------------
c 
c opening file to write '/tmp/43_946_0_six.drat'
c writing binary proof trace to '/tmp/43_946_0_six.drat'
c 
c --- [ parsing input ] ------------------------------------------------------
c 
c reading DIMACS file from '/tmp/43_946_0_six.cnf'
c opening file to read '/tmp/43_946_0_six.cnf'
c found 'p cnf 50176 399289' header
c parsed 399289 clauses in 0.15 seconds process time
c 
c --- [ options ] ------------------------------------------------------------
c 
c   --stabilize=false              (different from default 'true')
c   --walk=false                   (different from default 'true')
c 
c --- [ solving ] ------------------------------------------------------------
c 
c time measured in process time since initialization
c 
c  seconds  reductions  redundant  irredundant
c         MB    restarts       trail       variables
c          level   conflicts       glue         remaining
c 
c *  0.16 44  0 0   0    0    0  0% 0 363730 48165 96%
c {  0.16 45  0 0   0    0    0  0% 0 363730 48165 96%
c i  0.16 45 34 0   0   84   69  6% 4 363730 48157 96%
c -  0.21 46 56 1  32  301  196  7% 10 347987 48157 96%
c I  0.27 48 68 1  76 1002  633 10% 10 347987 48157 96%
c -  0.39 60 66 2  81 1225  726 10% 10 347987 48157 96%
c -  0.57 60 69 3 152 2613 1319 10% 11 347987 48157 96%
c B  0.60 60 65 3 182 3008 1618 10% 11 347987 48157 96%
c -  0.81 60 58 4 227 4462 1994 11% 10 347987 48157 96%
c d  1.00 61 59 4 266 5002 2429 11% 10 343309 45818 91%
c 2  1.19 60 59 4 266 5002 2429 11% 10 337464 45818 91%
c p  1.49 63 59 4 266 5002 7112 11% 10 337464 45803 91%
c s  1.78 70 58 4 296 5834 7774 11% 10 337464 45803 91%
c v  2.21 70 58 4 296 5834 7774 11% 10 333940 45803 91%
c w  2.33 70 58 4 296 5834 7770 11% 10 333940 45803 91%
c t  2.37 70 58 4 296 5834 7768 11% 10 302002 45803 91%
c e  3.12 65 58 4 296 5834 3006 11% 10 282705 28699 57%
c F  3.42 74 57 4 300 6009 3123  6% 10 282705 28699 57%
c -  3.53 74 54 5 312 6774 1233  7% 10 282705 28699 57%
c -  3.80 74 48 6 428 9386 2587  7% 10 282705 28699 57%
c 
c  seconds  reductions   redundant  irredundant
c         MB    restarts        trail       variables
c          level    conflicts       glue         remaining
c 
c B  3.93 74 46 6 435 10012 3106  8% 9 282705 28699 57%
c -  4.40 74 43 7 554 12433 3787  9% 9 282705 28699 57%
c i  4.44 74 43 7 557 12628 3946  8% 9 282705 28692 57%
c i  4.87 74 39 7 606 14604 5552 10% 9 282705 28668 57%
c 3  5.10 74 38 7 615 15007 25162 10% 9 282705 28668 57%
c p  5.20 74 38 7 615 15007 25671 10% 9 282705 28350 57%
c }  5.20 74 38 7 615 15007 25671 10% 9 282705 28350 57%
c 0  5.20 74 38 7 615 15007 25671 10% 9 282705 28350 57%
c 
c --- [ result ] -------------------------------------------------------------
c 
s UNSATISFIABLE
c 
c --- [ run-time profiling ] -------------------------------------------------
c 
c process time taken by individual solving procedures
c (percentage relative to process time for solving)
c 
c         2.64   52.26% search
c         2.64   52.26% unstable
c         2.40   47.66% simplify
c         0.74   14.75% elim
c         0.49    9.75% vivify
c         0.31    6.19% probe
c         0.29    5.71% ternary
c         0.25    5.00% subsume
c   =================================
c         5.04   97.07% solve
c 
c last line shows process time for solving
c (percentage relative to total process time)
c 
c --- [ statistics ] ---------------------------------------------------------
c 
c backtracked:               45022       300.01 %  of conflicts
c chronological:              5715        12.69 %  of backtracks
c conflicts:                 15007      2975.22    per second
c decisions:                 67034     13289.85    per second
c eliminated:                17104        34.09 %  of all variables
c fixed:                      2383         4.75 %  of all variables
c learned:                   13195        87.93 %  per conflict
c minimized:                220448        31.04 %  learned literals
c propagations:            9587980         1.90 M  per second
c reduced:                    3231        21.53 %  per conflict
c rephased:                      4      3751.75    interval
c restarts:                    615        24.40    interval
c substituted:                2339         4.66 %  of all variables
c subsumed:                  11393         0.85 %  of all clauses
c strengthened:               3811         0.29 %  of all clauses
c ternary:                   28305         0.96 %  of resolved
c vivified:                   3683         0.28 %  of all clauses
c weakened:                 109101         4.02    average size
c 
c seconds are measured in process time for solving
c 
c --- [ resources ] ----------------------------------------------------------
c 
c total process time since initialization:         5.20    seconds
c total real time since initialization:            5.20    seconds
c maximum resident set size of process:           74.03    MB
c 
c --- [ shutting down ] ------------------------------------------------------
c 
c exit 20
