c --- [ banner ] -------------------------------------------------------------
c 
c CaDiCaL Radically Simplified CDCL SAT Solver
c Copyright (c) 2016-2019 Armin Biere, JKU Linz
c 
c Version 1.0.3 cb89cbfa16f47cb7bf1ec6ad9855e7b6d5203c18
c g++ (GCC) 6.3.0 -Wall -Wextra -O3 -DNDEBUG
c Fri Aug 23 08:17:16 CDT 2019 Linux login1 4.4.103-6.38-default x86_64
c 
c --- [ config ] -------------------------------------------------------------
c 
c using 'unsat' configuration (target unsatisfiable instances)
c 
c --- [ proof tracing ] ------------------------------------------------------
c 
c opening file to write '/tmp/5_1212_0_four.drat'
c writing binary proof trace to '/tmp/5_1212_0_four.drat'
c 
c --- [ parsing input ] ------------------------------------------------------
c 
c reading DIMACS file from '/tmp/5_1212_0_four.cnf'
c opening file to read '/tmp/5_1212_0_four.cnf'
c found 'p cnf 43008 265785' header
c parsed 265785 clauses in 0.13 seconds process time
c 
c --- [ options ] ------------------------------------------------------------
c 
c   --stabilize=false              (different from default 'true')
c   --walk=false                   (different from default 'true')
c 
c --- [ solving ] ------------------------------------------------------------
c 
c time measured in process time since initialization
c 
c  seconds  reductions  redundant  irredundant
c         MB    restarts       trail       variables
c          level   conflicts       glue         remaining
c 
c *  0.13 31  0 0   0    0    0  0% 0 241970 41533 97%
c {  0.13 31  0 0   0    0    0  0% 0 241970 41533 97%
c -  0.20 33 51 1   9  306  218 10% 9 233091 41533 97%
c I  0.28 34 60 1  38 1004  801 10% 9 233091 41533 97%
c i  0.29 34 55 1  38 1109  893 10% 8 233091 41504 97%
c -  0.36 42 54 2  38 1126  775 10% 8 232516 41504 97%
c -  0.49 42 43 3  77 2357 1330 10% 8 232516 41504 97%
c i  0.50 42 45 3  77 2462 1419 10% 8 232516 41492 96%
c B  0.56 42 45 3  84 3008 1889 11% 8 232516 41492 96%
c -  0.70 43 40 4 266 3997 2090 10% 8 231942 41492 96%
c i  0.76 43 34 4 289 4833 2803 10% 8 231942 41466 96%
c i  0.76 43 34 4 293 4936 2885 10% 8 231942 41456 96%
c i  0.76 43 34 4 294 4937 2885 10% 8 231942 41395 96%
c d  0.88 43 34 4 306 5017 2892 10% 8 226555 39851 93%
c 2  1.02 45 34 4 306 5017 2892 10% 8 224239 39851 93%
c p  1.30 45 34 4 306 5017 8897 10% 8 224239 38572 90%
c d  1.35 46 34 4 306 5017 5434 10% 8 197324 38557 90%
c d  1.38 46 34 4 306 5017 5427 10% 8 197278 38541 90%
c }  1.50 47 34 4 306 5019 5427  0% 8 197278 38525 90%
c 0  1.50 47 34 4 306 5019 5427  0% 8 197278 38525 90%
c 
c --- [ result ] -------------------------------------------------------------
c 
s UNSATISFIABLE
c 
c --- [ run-time profiling ] -------------------------------------------------
c 
c process time taken by individual solving procedures
c (percentage relative to process time for solving)
c 
c         0.76   55.56% search
c         0.76   55.56% unstable
c         0.60   44.15% simplify
c         0.29   21.05% probe
c         0.11    7.89% ternary
c   =================================
c         1.37   91.44% solve
c 
c last line shows process time for solving
c (percentage relative to total process time)
c 
c --- [ statistics ] ---------------------------------------------------------
c 
c backtracked:               25840       514.84 %  of conflicts
c chronological:              1981         7.67 %  of backtracks
c conflicts:                  5019      3668.86    per second
c decisions:                 22522     16463.45    per second
c fixed:                      2908         6.76 %  of all variables
c learned:                    4427        88.20 %  per conflict
c minimized:                 52920        27.37 %  learned literals
c propagations:            3572244         2.61 M  per second
c reduced:                    1181        23.53 %  per conflict
c rephased:                      2      2509.50    interval
c restarts:                    306        16.40    interval
c substituted:                1575         3.66 %  of all variables
c subsumed:                   2568         0.35 %  of all clauses
c weakened:                   3150         2.00    average size
c 
c seconds are measured in process time for solving
c 
c --- [ resources ] ----------------------------------------------------------
c 
c total process time since initialization:         1.50    seconds
c total real time since initialization:            1.50    seconds
c maximum resident set size of process:           53.36    MB
c 
c --- [ shutting down ] ------------------------------------------------------
c 
c exit 20
