c --- [ banner ] -------------------------------------------------------------
c 
c CaDiCaL Radically Simplified CDCL SAT Solver
c Copyright (c) 2016-2019 Armin Biere, JKU Linz
c 
c Version 1.0.3 cb89cbfa16f47cb7bf1ec6ad9855e7b6d5203c18
c g++ (GCC) 6.3.0 -Wall -Wextra -O3 -DNDEBUG
c Fri Aug 23 08:17:16 CDT 2019 Linux login1 4.4.103-6.38-default x86_64
c 
c --- [ config ] -------------------------------------------------------------
c 
c using 'unsat' configuration (target unsatisfiable instances)
c 
c --- [ proof tracing ] ------------------------------------------------------
c 
c opening file to write '/tmp/5_313_0_four.drat'
c writing binary proof trace to '/tmp/5_313_0_four.drat'
c 
c --- [ parsing input ] ------------------------------------------------------
c 
c reading DIMACS file from '/tmp/5_313_0_four.cnf'
c opening file to read '/tmp/5_313_0_four.cnf'
c found 'p cnf 43008 265785' header
c parsed 265785 clauses in 0.10 seconds process time
c 
c --- [ options ] ------------------------------------------------------------
c 
c   --stabilize=false              (different from default 'true')
c   --walk=false                   (different from default 'true')
c 
c --- [ solving ] ------------------------------------------------------------
c 
c time measured in process time since initialization
c 
c  seconds  reductions  redundant  irredundant
c         MB    restarts       trail       variables
c          level   conflicts       glue         remaining
c 
c *  0.10 31  0 0   0    0    0  0% 0 241973 41556 97%
c {  0.10 31  0 0   0    0    0  0% 0 241973 41556 97%
c -  0.16 33 75 1  41  300  223  8% 9 233092 41556 97%
c I  0.24 34 66 1  74 1009  797 10% 9 233092 41556 97%
c -  0.33 42 62 2  81 1123  782 10% 9 233092 41556 97%
c -  0.49 42 60 3 196 2355 1339 10% 9 233092 41556 97%
c B  0.55 42 57 3 240 3010 1877 10% 9 233092 41556 97%
c -  0.69 43 52 4 266 4000 1927 10% 9 233092 41556 97%
c i  0.75 43 50 4 286 4562 2410 10% 9 233092 41528 97%
c d  0.90 43 51 4 344 5000 2800 10% 9 229390 39964 93%
c 2  1.04 44 51 4 344 5000 2800 10% 9 227044 39964 93%
c p  1.27 46 51 4 344 5000 5099 10% 9 227044 39856 93%
c s  1.44 40 51 4 347 5084 5174 10% 9 227042 39856 93%
c v  1.72 48 51 4 347 5084 5174 10% 9 223080 39856 93%
c w  1.80 49 51 4 347 5084 5117 10% 9 223080 39856 93%
c t  1.82 49 51 4 347 5084 5115 10% 9 204225 39856 93%
c e  2.30 48 51 4 347 5084 1329 10% 9 185149 23771 55%
c s  2.36 52 51 4 347 5084 1328 10% 9 185149 23771 55%
c F  2.54 54 47 4 368 6011 2126  6% 9 185149 23771 55%
c -  2.56 54 47 5 368 6065 1220  6% 9 185149 23771 55%
c 
c  seconds  reductions  redundant  irredundant
c         MB    restarts       trail       variables
c          level   conflicts       glue         remaining
c 
c -  2.73 54 41 6 520 8346 2533  5% 9 185149 23771 55%
c i  2.77 54 38 6 521 9127 3170  6% 9 185149 23760 55%
c i  2.80 54 36 6 521 9783 3665  5% 8 185149 23756 55%
c i  2.80 54 36 6 521 9883 3743  5% 8 185149 23752 55%
c B  2.81 54 36 6 528 10018 3861  5% 8 185149 23752 55%
c i  2.82 54 36 6 532 10089 3924  5% 8 185149 23751 55%
c }  2.82 54 36 6 532 10094 3927  5% 8 185149 23730 55%
c 0  2.82 54 36 6 532 10094 3927  5% 8 185149 23730 55%
c 
c --- [ result ] -------------------------------------------------------------
c 
s UNSATISFIABLE
c 
c --- [ run-time profiling ] -------------------------------------------------
c 
c process time taken by individual solving procedures
c (percentage relative to process time for solving)
c 
c         1.48   54.34% simplify
c         1.24   45.66% search
c         1.24   45.66% unstable
c         0.46   17.08% elim
c         0.31   11.34% vivify
c         0.23    8.39% probe
c         0.18    6.77% subsume
c         0.11    3.98% ternary
c   =================================
c         2.72   96.31% solve
c 
c last line shows process time for solving
c (percentage relative to total process time)
c 
c --- [ statistics ] ---------------------------------------------------------
c 
c backtracked:               40101       397.28 %  of conflicts
c chronological:              4047        10.09 %  of backtracks
c conflicts:                 10094      3716.49    per second
c decisions:                 51540     18976.44    per second
c eliminated:                16085        37.40 %  of all variables
c fixed:                      1629         3.79 %  of all variables
c learned:                    9062        89.78 %  per conflict
c minimized:                 97999        27.64 %  learned literals
c propagations:            4751706         1.75 M  per second
c reduced:                    2084        20.65 %  per conflict
c rephased:                      4      2523.50    interval
c restarts:                    532        18.97    interval
c substituted:                1564         3.64 %  of all variables
c subsumed:                   7196         0.84 %  of all clauses
c strengthened:               2671         0.31 %  of all clauses
c vivified:                   4157         0.49 %  of all clauses
c weakened:                  77348         3.75    average size
c 
c seconds are measured in process time for solving
c 
c --- [ resources ] ----------------------------------------------------------
c 
c total process time since initialization:         2.82    seconds
c total real time since initialization:            2.82    seconds
c maximum resident set size of process:           54.42    MB
c 
c --- [ shutting down ] ------------------------------------------------------
c 
c exit 20
