c --- [ banner ] -------------------------------------------------------------
c 
c CaDiCaL Radically Simplified CDCL SAT Solver
c Copyright (c) 2016-2019 Armin Biere, JKU Linz
c 
c Version 1.0.3 cb89cbfa16f47cb7bf1ec6ad9855e7b6d5203c18
c g++ (GCC) 6.3.0 -Wall -Wextra -O3 -DNDEBUG
c Fri Aug 23 08:17:16 CDT 2019 Linux login1 4.4.103-6.38-default x86_64
c 
c --- [ config ] -------------------------------------------------------------
c 
c using 'unsat' configuration (target unsatisfiable instances)
c 
c --- [ proof tracing ] ------------------------------------------------------
c 
c opening file to write '/tmp/5_406_0_four.drat'
c writing binary proof trace to '/tmp/5_406_0_four.drat'
c 
c --- [ parsing input ] ------------------------------------------------------
c 
c reading DIMACS file from '/tmp/5_406_0_four.cnf'
c opening file to read '/tmp/5_406_0_four.cnf'
c found 'p cnf 43008 265785' header
c parsed 265785 clauses in 0.16 seconds process time
c 
c --- [ options ] ------------------------------------------------------------
c 
c   --stabilize=false              (different from default 'true')
c   --walk=false                   (different from default 'true')
c 
c --- [ solving ] ------------------------------------------------------------
c 
c time measured in process time since initialization
c 
c  seconds  reductions  redundant  irredundant
c         MB    restarts       trail       variables
c          level   conflicts       glue         remaining
c 
c *  0.17 31  0 0   0    0    0  0% 0 241967 41503 97%
c {  0.17 31  0 0   0    0    0  0% 0 241967 41503 97%
c -  0.22 33 38 1   8  300  212  7% 6 232517 41503 97%
c I  0.30 34 52 1  85 1003  768  9% 8 232517 41503 97%
c -  0.39 42 50 2 112 1121  757  9% 8 232517 41503 97%
c -  0.55 43 42 3 215 2352 1352  9% 9 232517 41503 97%
c i  0.58 43 39 3 229 2744 1647  9% 8 232517 41499 96%
c B  0.60 43 39 3 247 3005 1839  9% 8 232517 41499 96%
c -  0.75 43 39 4 303 3993 1971 10% 8 232371 41499 96%
c i  0.81 43 38 4 329 4530 2426 10% 8 232371 41397 96%
c i  0.84 43 37 4 333 4897 2714 10% 8 232371 41259 96%
c i  0.84 43 37 4 333 4898 2714 10% 8 232371 41139 96%
c d  0.96 43 36 4 333 5001 1984 10% 8 222103 39626 92%
c d  0.99 43 36 4 333 5001 1983 10% 8 222099 39625 92%
c 2  1.11 43 36 4 333 5001 1983 10% 8 219828 39625 92%
c p  1.14 43 36 4 333 5001 3154 10% 8 219828 36808 86%
c }  1.14 43 36 4 333 5001 3154 10% 8 219828 36808 86%
c 0  1.14 43 36 4 333 5001 3154 10% 8 219828 36808 86%
c 
c --- [ result ] -------------------------------------------------------------
c 
s UNSATISFIABLE
c 
c --- [ run-time profiling ] -------------------------------------------------
c 
c process time taken by individual solving procedures
c (percentage relative to process time for solving)
c 
c         0.68   70.37% search
c         0.68   70.37% unstable
c         0.28   29.22% simplify
c         0.12   11.93% ternary
c         0.02    2.47% probe
c   =================================
c         0.97   85.56% solve
c 
c last line shows process time for solving
c (percentage relative to total process time)
c 
c --- [ statistics ] ---------------------------------------------------------
c 
c backtracked:                7085       141.67 %  of conflicts
c chronological:              2168        30.60 %  of backtracks
c conflicts:                  5001      5145.06    per second
c decisions:                 27236     28020.58    per second
c fixed:                      4686        10.90 %  of all variables
c learned:                    4382        87.62 %  per conflict
c minimized:                 45633        26.82 %  learned literals
c propagations:            2189987         2.25 M  per second
c reduced:                    1217        24.34 %  per conflict
c rephased:                      2      2500.50    interval
c restarts:                    333        15.02    interval
c substituted:                1514         3.52 %  of all variables
c subsumed:                   2612         0.37 %  of all clauses
c weakened:                   3028         2.00    average size
c 
c seconds are measured in process time for solving
c 
c --- [ resources ] ----------------------------------------------------------
c 
c total process time since initialization:         1.14    seconds
c total real time since initialization:            1.14    seconds
c maximum resident set size of process:           48.71    MB
c 
c --- [ shutting down ] ------------------------------------------------------
c 
c exit 20
