c --- [ banner ] -------------------------------------------------------------
c 
c CaDiCaL Radically Simplified CDCL SAT Solver
c Copyright (c) 2016-2019 Armin Biere, JKU Linz
c 
c Version 1.0.3 cb89cbfa16f47cb7bf1ec6ad9855e7b6d5203c18
c g++ (GCC) 6.3.0 -Wall -Wextra -O3 -DNDEBUG
c Fri Aug 23 08:17:16 CDT 2019 Linux login1 4.4.103-6.38-default x86_64
c 
c --- [ config ] -------------------------------------------------------------
c 
c using 'unsat' configuration (target unsatisfiable instances)
c 
c --- [ proof tracing ] ------------------------------------------------------
c 
c opening file to write '/tmp/5_488_0_four.drat'
c writing binary proof trace to '/tmp/5_488_0_four.drat'
c 
c --- [ parsing input ] ------------------------------------------------------
c 
c reading DIMACS file from '/tmp/5_488_0_four.cnf'
c opening file to read '/tmp/5_488_0_four.cnf'
c found 'p cnf 43008 265785' header
c parsed 265785 clauses in 0.10 seconds process time
c 
c --- [ options ] ------------------------------------------------------------
c 
c   --stabilize=false              (different from default 'true')
c   --walk=false                   (different from default 'true')
c 
c --- [ solving ] ------------------------------------------------------------
c 
c time measured in process time since initialization
c 
c  seconds  reductions  redundant  irredundant
c         MB    restarts       trail       variables
c          level   conflicts       glue         remaining
c 
c *  0.10 31  0 0   0    0    0  0% 0 241976 41514 97%
c {  0.10 31  0 0   0    0    0  0% 0 241976 41514 97%
c -  0.14 33 37 1  20  300  196  6% 8 232516 41514 97%
c I  0.22 35 51 1 128 1006  779  8% 10 232516 41514 97%
c -  0.30 43 54 2 128 1120  797  9% 9 232516 41514 97%
c i  0.37 43 47 2 163 2247 1687 10% 8 232516 41118 96%
c -  0.43 42 47 3 190 2349 1084 10% 9 222152 41026 95%
c B  0.48 42 46 3 224 3010 1632 10% 9 222152 41026 95%
c i  0.50 42 47 3 224 3158 1734 10% 8 222152 40994 95%
c i  0.50 42 47 3 224 3175 1744 10% 8 222152 40475 94%
c }  0.50 42 46 3 224 3198 1755 10% 8 222152 39286 91%
c 0  0.50 42 46 3 224 3198 1755 10% 8 222152 39286 91%
c 
c --- [ result ] -------------------------------------------------------------
c 
s UNSATISFIABLE
c 
c --- [ run-time profiling ] -------------------------------------------------
c 
c process time taken by individual solving procedures
c (percentage relative to process time for solving)
c 
c         0.40  100.00% search
c         0.40  100.00% unstable
c         0.00    0.00% simplify
c   =================================
c         0.40   79.37% solve
c 
c last line shows process time for solving
c (percentage relative to total process time)
c 
c --- [ statistics ] ---------------------------------------------------------
c 
c backtracked:                3917       122.48 %  of conflicts
c chronological:              1339        34.18 %  of backtracks
c conflicts:                  3198      7995.00    per second
c decisions:                 19552     48880.00    per second
c fixed:                      3722         8.65 %  of all variables
c learned:                    2729        85.33 %  per conflict
c minimized:                 25393        24.97 %  learned literals
c propagations:            1325537         3.31 M  per second
c reduced:                     431        13.48 %  per conflict
c rephased:                      2      1599.00    interval
c restarts:                    224        14.28    interval
c subsumed:                    194         0.04 %  of all clauses
c 
c seconds are measured in process time for solving
c 
c --- [ resources ] ----------------------------------------------------------
c 
c total process time since initialization:         0.50    seconds
c total real time since initialization:            0.51    seconds
c maximum resident set size of process:           48.80    MB
c 
c --- [ shutting down ] ------------------------------------------------------
c 
c exit 20
