c --- [ banner ] -------------------------------------------------------------
c 
c CaDiCaL Radically Simplified CDCL SAT Solver
c Copyright (c) 2016-2019 Armin Biere, JKU Linz
c 
c Version 1.0.3 cb89cbfa16f47cb7bf1ec6ad9855e7b6d5203c18
c g++ (GCC) 6.3.0 -Wall -Wextra -O3 -DNDEBUG
c Fri Aug 23 08:17:16 CDT 2019 Linux login1 4.4.103-6.38-default x86_64
c 
c --- [ config ] -------------------------------------------------------------
c 
c using 'unsat' configuration (target unsatisfiable instances)
c 
c --- [ proof tracing ] ------------------------------------------------------
c 
c opening file to write '/tmp/82_523_0_four.drat'
c writing binary proof trace to '/tmp/82_523_0_four.drat'
c 
c --- [ parsing input ] ------------------------------------------------------
c 
c reading DIMACS file from '/tmp/82_523_0_four.cnf'
c opening file to read '/tmp/82_523_0_four.cnf'
c found 'p cnf 259840 1039924' header
c parsed 1039924 clauses in 0.37 seconds process time
c 
c --- [ options ] ------------------------------------------------------------
c 
c   --stabilize=false              (different from default 'true')
c   --walk=false                   (different from default 'true')
c 
c --- [ solving ] ------------------------------------------------------------
c 
c time measured in process time since initialization
c 
c  seconds   reductions  redundant   irredundant
c          MB    restarts       trail        variables
c           level   conflicts       glue           remaining
c 
c *  0.39 139  0 0   0    0    0  0% 0 1039424 254014 98%
c {  0.42 142  0 0   0    0    0  0% 0 1039424 254014 98%
c i  0.53 149 223 0  20  300  191  5% 5 1039424 253414 98%
c -  0.65 148 223 1  21  300  188  5% 5 913430 253300 97%
c i  0.67 148 194 1  29  345  222  5% 5 913430 253270 97%
c i  0.67 148 191 1  30  349  224  5% 5 913430 253047 97%
c i  0.67 148 190 1  30  350  224  5% 5 913430 252380 97%
c i  0.67 148 188 1  31  355  226  5% 5 913430 251413 97%
c }  0.67 148 187 1  32  357  226  5% 5 913430 250250 96%
c 0  0.67 148 187 1  32  357  226  5% 5 913430 250250 96%
c 
c --- [ result ] -------------------------------------------------------------
c 
s UNSATISFIABLE
c 
c --- [ run-time profiling ] -------------------------------------------------
c 
c process time taken by individual solving procedures
c (percentage relative to process time for solving)
c 
c         0.28   93.33% search
c         0.25   84.00% unstable
c         0.03    9.33% lucky
c         0.00    0.00% simplify
c   =================================
c         0.30   44.64% solve
c 
c last line shows process time for solving
c (percentage relative to total process time)
c 
c --- [ statistics ] ---------------------------------------------------------
c 
c backtracked:                 506       141.74 %  of conflicts
c chronological:               251        49.60 %  of backtracks
c conflicts:                   357      1190.00    per second
c decisions:                  2723      9076.67    per second
c fixed:                      9590         3.69 %  of all variables
c learned:                     333        93.28 %  per conflict
c minimized:                   284         8.59 %  learned literals
c propagations:             383194         1.28 M  per second
c restarts:                     32        11.16    interval
c subsumed:                     97         0.00 %  of all clauses
c 
c seconds are measured in process time for solving
c 
c --- [ resources ] ----------------------------------------------------------
c 
c total process time since initialization:         0.67    seconds
c total real time since initialization:            0.67    seconds
c maximum resident set size of process:          156.20    MB
c 
c --- [ shutting down ] ------------------------------------------------------
c 
c exit 20
