c --- [ banner ] -------------------------------------------------------------
c 
c CaDiCaL Radically Simplified CDCL SAT Solver
c Copyright (c) 2016-2019 Armin Biere, JKU Linz
c 
c Version 1.0.3 cb89cbfa16f47cb7bf1ec6ad9855e7b6d5203c18
c g++ (GCC) 6.3.0 -Wall -Wextra -O3 -DNDEBUG
c Fri Aug 23 08:17:16 CDT 2019 Linux login1 4.4.103-6.38-default x86_64
c 
c --- [ config ] -------------------------------------------------------------
c 
c using 'unsat' configuration (target unsatisfiable instances)
c 
c --- [ proof tracing ] ------------------------------------------------------
c 
c opening file to write '/tmp/82_678_0_four.drat'
c writing binary proof trace to '/tmp/82_678_0_four.drat'
c 
c --- [ parsing input ] ------------------------------------------------------
c 
c reading DIMACS file from '/tmp/82_678_0_four.cnf'
c opening file to read '/tmp/82_678_0_four.cnf'
c found 'p cnf 259840 1039924' header
c parsed 1039924 clauses in 0.56 seconds process time
c 
c --- [ options ] ------------------------------------------------------------
c 
c   --stabilize=false              (different from default 'true')
c   --walk=false                   (different from default 'true')
c 
c --- [ solving ] ------------------------------------------------------------
c 
c time measured in process time since initialization
c 
c  seconds   reductions  redundant   irredundant
c          MB    restarts       trail        variables
c           level   conflicts       glue           remaining
c 
c *  0.58 139  0 0   0    0    0  0% 0 1039424 254472 98%
c {  0.60 142  0 0   0    0    0  0% 0 1039424 254472 98%
c -  0.81 147 217 1  19  303  197  5% 5 930808 254472 98%
c I  1.28 147 76 1 105 1002  782  7% 8 930808 254472 98%
c i  1.50 147 66 1 120 1430 1145  8% 8 930808 254358 98%
c -  1.87 178 64 2 121 1486 1148  8% 8 928722 254358 98%
c i  2.79 178 50 2 256 2735 2228  8% 9 928722 253673 98%
c B  2.92 178 48 2 256 3003 2460  8% 9 928722 253673 98%
c -  3.24 178 46 3 256 3257 2137  8% 8 917685 253673 98%
c i  3.56 178 42 3 267 3672 2500  8% 8 917685 253639 98%
c i  3.57 178 42 3 267 3680 2506  8% 8 917685 253419 98%
c i  3.58 178 42 3 267 3695 2512  8% 8 917685 252659 97%
c s  4.43 204 41 3 300 4062 2816  8% 8 917685 252659 97%
c v  5.61 204 41 3 300 4062 2816  8% 8 917637 252659 97%
c w  5.93 204 41 3 300 4062 2786  8% 8 917637 252620 97%
c t  6.00 204 41 3 300 4062 2786  8% 8 917109 252620 97%
c e  8.71 207 41 3 300 4062   52  8% 8 221884 27549 11%
c s  8.95 213 41 3 300 4062   49  8% 8 221651 27549 11%
c e  9.24 214 41 3 300 4062   46  8% 8 221651 27491 11%
c 3  9.64 158 43 3 452 5000 3938  7% 9 221651 27491 11%
c 
c  seconds   reductions  redundant  irredundant
c          MB    restarts       trail       variables
c           level   conflicts       glue         remaining
c 
c 3  9.65 158 43 3 452 5000 4136  7% 9 221651 27491 11%
c d  9.71 158 43 3 452 5000 4072  7% 9 221651 27483 11%
c 2  9.74 158 43 3 452 5000 4052  7% 9 221651 27483 11%
c p  9.92 158 43 3 452 5000 4993  7% 9 221651 27480 11%
c - 10.08 158 40 4 452 5612 1545  7% 9 221522 27480 11%
c F 10.11 158 38 4 452 6004 1869  6% 8 221522 27480 11%
c i 10.12 158 37 4 452 6132 1954  6% 8 221522 27468 11%
c i 10.12 158 37 4 452 6143 1962  6% 8 221522 27421 11%
c i 10.12 158 37 4 452 6163 1975  6% 8 221522 27407 11%
c i 10.12 158 37 4 452 6198 1998  6% 8 221522 27402 11%
c } 10.12 158 37 4 452 6210 2001  6% 8 221522 27291 11%
c 0 10.12 158 37 4 452 6210 2001  6% 8 221522 27291 11%
c 
c --- [ result ] -------------------------------------------------------------
c 
s UNSATISFIABLE
c 
c --- [ run-time profiling ] -------------------------------------------------
c 
c process time taken by individual solving procedures
c (percentage relative to process time for solving)
c 
c         5.61   58.64% simplify
c         3.94   41.20% search
c         3.92   40.95% unstable
c         2.92   30.53% elim
c         1.38   14.43% vivify
c         0.86    8.99% subsume
c         0.17    1.80% probe
c         0.10    1.05% ternary
c         0.02    0.25% lucky
c   =================================
c         9.56   94.47% solve
c 
c last line shows process time for solving
c (percentage relative to total process time)
c 
c --- [ statistics ] ---------------------------------------------------------
c 
c backtracked:               24520       394.85 %  of conflicts
c chronological:              2544        10.38 %  of backtracks
c conflicts:                  6210       649.31    per second
c decisions:                 33362      3488.29    per second
c eliminated:               225129        86.64 %  of all variables
c fixed:                      7412         2.85 %  of all variables
c learned:                    5671        91.32 %  per conflict
c minimized:                 52895        26.54 %  learned literals
c propagations:           14410903         1.51 M  per second
c reduced:                     549         8.84 %  per conflict
c rephased:                      3      2070.00    interval
c restarts:                    452        13.74    interval
c substituted:                   8         0.00 %  of all variables
c subsumed:                   5972         0.20 %  of all clauses
c strengthened:              15349         0.51 %  of all clauses
c ternary:                    3696         0.33 %  of resolved
c vivified:                     99         0.00 %  of all clauses
c weakened:                 792644         2.84    average size
c 
c seconds are measured in process time for solving
c 
c --- [ resources ] ----------------------------------------------------------
c 
c total process time since initialization:        10.12    seconds
c total real time since initialization:           10.12    seconds
c maximum resident set size of process:          213.71    MB
c 
c --- [ shutting down ] ------------------------------------------------------
c 
c exit 20
