c --- [ banner ] -------------------------------------------------------------
c 
c CaDiCaL Radically Simplified CDCL SAT Solver
c Copyright (c) 2016-2019 Armin Biere, JKU Linz
c 
c Version 1.0.3 cb89cbfa16f47cb7bf1ec6ad9855e7b6d5203c18
c g++ (GCC) 6.3.0 -Wall -Wextra -O3 -DNDEBUG
c Fri Aug 23 08:17:16 CDT 2019 Linux login1 4.4.103-6.38-default x86_64
c 
c --- [ config ] -------------------------------------------------------------
c 
c using 'unsat' configuration (target unsatisfiable instances)
c 
c --- [ proof tracing ] ------------------------------------------------------
c 
c opening file to write '/tmp/27_1044_0_six.drat'
c writing binary proof trace to '/tmp/27_1044_0_six.drat'
c 
c --- [ parsing input ] ------------------------------------------------------
c 
c reading DIMACS file from '/tmp/27_1044_0_six.cnf'
c opening file to read '/tmp/27_1044_0_six.cnf'
c found 'p cnf 50176 399294' header
c parsed 399294 clauses in 0.16 seconds process time
c 
c --- [ options ] ------------------------------------------------------------
c 
c   --stabilize=false              (different from default 'true')
c   --walk=false                   (different from default 'true')
c 
c --- [ solving ] ------------------------------------------------------------
c 
c time measured in process time since initialization
c 
c  seconds  reductions  redundant  irredundant
c         MB    restarts       trail       variables
c          level   conflicts       glue         remaining
c 
c *  0.16 44  0 0   0    0    0  0% 0 361765 48029 96%
c {  0.16 45  0 0   0    0    0  0% 0 361765 48029 96%
c -  0.22 46 77 1  13  305  217  9% 9 345541 48029 96%
c i  0.25 46 46 1  45  978  702  7% 9 345541 47940 96%
c I  0.26 46 47 1  45 1002  717  7% 9 345541 47940 96%
c -  0.37 58 41 2  56 1239  772  7% 9 343620 47940 96%
c i  0.41 58 40 2 115 1669 1106  7% 10 343620 47939 96%
c i  0.41 58 40 2 115 1670 1106  7% 10 343620 47856 95%
c -  0.56 61 46 3 168 2626 1368 10% 10 341672 47856 95%
c B  0.59 61 43 3 170 3009 1646 10% 9 341672 47856 95%
c i  0.62 61 44 3 175 3301 1833 10% 9 341672 47764 95%
c i  0.62 61 44 3 175 3331 1852 10% 9 341672 47763 95%
c i  0.62 61 44 3 175 3340 1860 10% 9 341672 47762 95%
c i  0.62 61 44 3 175 3342 1861 10% 9 341672 47761 95%
c i  0.68 61 39 3 210 4197 2515 11% 9 341672 47518 95%
c -  0.77 60 38 4 210 4466 1709 10% 9 334447 47518 95%
c d  0.94 60 34 4 210 5001 2121 10% 9 329941 45265 90%
c 2  1.11 60 34 4 210 5001 2120 10% 9 324365 44881 89%
c p  1.35 61 34 4 210 5001 13409 10% 9 324365 43603 87%
c d  1.40 61 34 4 210 5001 6063 10% 9 291123 43569 87%
c 
c  seconds  reductions  redundant  irredundant
c         MB    restarts       trail       variables
c          level   conflicts       glue         remaining
c 
c d  1.44 61 34 4 210 5001 6058 10% 9 291047 43541 87%
c i  1.62 73 32 4 210 5330 6306  4% 8 291047 43540 87%
c s  1.73 73 31 4 215 5834 6636  4% 8 291024 43540 87%
c v  1.95 74 31 4 215 5834 6636  4% 8 289041 43540 87%
c w  2.02 74 31 4 215 5834 6593  4% 8 289041 43540 87%
c t  2.06 74 31 4 215 5834 6505  4% 8 263117 43518 87%
c e  2.55 74 31 4 215 5834 1205  4% 8 233099 24555 49%
c s  2.64 74 31 4 215 5834 1190  4% 8 233099 24555 49%
c F  2.75 74 31 4 215 6010 1319  4% 8 233099 24555 49%
c i  2.76 74 30 4 215 6279 1511  3% 8 233099 24553 49%
c i  2.77 74 30 4 215 6360 1544  3% 8 233099 24545 49%
c i  2.77 74 29 4 215 6511 1661  3% 8 233099 24497 49%
c i  2.77 74 29 4 215 6530 1675  3% 8 233099 24490 49%
c i  2.77 74 29 4 215 6533 1677  3% 8 233099 24485 49%
c i  2.77 74 29 4 215 6534 1677  3% 8 233099 24364 49%
c }  2.77 74 29 4 215 6537 1678  3% 8 233099 24262 48%
c 0  2.77 74 29 4 215 6537 1678  3% 8 233099 24262 48%
c 
c --- [ result ] -------------------------------------------------------------
c 
s UNSATISFIABLE
c 
c --- [ run-time profiling ] -------------------------------------------------
c 
c process time taken by individual solving procedures
c (percentage relative to process time for solving)
c 
c         1.64   62.69% simplify
c         0.98   37.31% search
c         0.97   37.16% unstable
c         0.55   20.95% elim
c         0.25    9.48% vivify
c         0.24    9.02% probe
c         0.17    6.42% subsume
c         0.14    5.35% ternary
c         0.00    0.15% lucky
c   =================================
c         2.62   94.37% solve
c 
c last line shows process time for solving
c (percentage relative to total process time)
c 
c --- [ statistics ] ---------------------------------------------------------
c 
c backtracked:               25479       389.77 %  of conflicts
c chronological:              2300         9.03 %  of backtracks
c conflicts:                  6537      2498.85    per second
c decisions:                 24806      9482.42    per second
c eliminated:                18951        37.77 %  of all variables
c fixed:                      4648         9.26 %  of all variables
c learned:                    5546        84.84 %  per conflict
c minimized:                 95140        34.45 %  learned literals
c propagations:            4673269         1.79 M  per second
c reduced:                     923        14.12 %  per conflict
c rephased:                      3      2179.00    interval
c restarts:                    215        30.40    interval
c substituted:                2315         4.61 %  of all variables
c subsumed:                  10047         0.82 %  of all clauses
c strengthened:               1494         0.12 %  of all clauses
c vivified:                   2083         0.17 %  of all clauses
c weakened:                 102037         4.02    average size
c 
c seconds are measured in process time for solving
c 
c --- [ resources ] ----------------------------------------------------------
c 
c total process time since initialization:         2.77    seconds
c total real time since initialization:            2.77    seconds
c maximum resident set size of process:           74.20    MB
c 
c --- [ shutting down ] ------------------------------------------------------
c 
c exit 20
