c --- [ banner ] -------------------------------------------------------------
c 
c CaDiCaL Radically Simplified CDCL SAT Solver
c Copyright (c) 2016-2019 Armin Biere, JKU Linz
c 
c Version 1.0.3 cb89cbfa16f47cb7bf1ec6ad9855e7b6d5203c18
c g++ (GCC) 6.3.0 -Wall -Wextra -O3 -DNDEBUG
c Fri Aug 23 08:17:16 CDT 2019 Linux login1 4.4.103-6.38-default x86_64
c 
c --- [ config ] -------------------------------------------------------------
c 
c using 'unsat' configuration (target unsatisfiable instances)
c 
c --- [ proof tracing ] ------------------------------------------------------
c 
c opening file to write '/tmp/27_1312_0_six.drat'
c writing binary proof trace to '/tmp/27_1312_0_six.drat'
c 
c --- [ parsing input ] ------------------------------------------------------
c 
c reading DIMACS file from '/tmp/27_1312_0_six.cnf'
c opening file to read '/tmp/27_1312_0_six.cnf'
c found 'p cnf 50176 399294' header
c parsed 399294 clauses in 0.15 seconds process time
c 
c --- [ options ] ------------------------------------------------------------
c 
c   --stabilize=false              (different from default 'true')
c   --walk=false                   (different from default 'true')
c 
c --- [ solving ] ------------------------------------------------------------
c 
c time measured in process time since initialization
c 
c  seconds  reductions  redundant  irredundant
c         MB    restarts       trail       variables
c          level   conflicts       glue         remaining
c 
c *  0.16 44  0 0   0    0    0  0% 0 361754 48129 96%
c {  0.16 45  0 0   0    0    0  0% 0 361754 48129 96%
c -  0.21 46 56 1  13  304  193  8% 10 348161 48129 96%
c I  0.26 47 60 1  42 1006  673  9% 10 348161 48129 96%
c -  0.37 59 58 2  42 1230  712  9% 10 348161 48129 96%
c i  0.38 59 55 2  42 1296  755  9% 10 348161 48123 96%
c }  0.39 59 52 2  42 1543  908  9% 9 348161 48097 96%
c 0  0.39 59 52 2  42 1543  908  9% 9 348161 48097 96%
c 
c --- [ result ] -------------------------------------------------------------
c 
s UNSATISFIABLE
c 
c --- [ run-time profiling ] -------------------------------------------------
c 
c process time taken by individual solving procedures
c (percentage relative to process time for solving)
c 
c         0.24   98.33% search
c         0.24   98.33% unstable
c         0.00    0.00% simplify
c   =================================
c         0.24   61.22% solve
c 
c last line shows process time for solving
c (percentage relative to total process time)
c 
c --- [ statistics ] ---------------------------------------------------------
c 
c backtracked:                1775       115.04 %  of conflicts
c chronological:               575        32.39 %  of backtracks
c conflicts:                  1543      6429.17    per second
c decisions:                  7054     29391.67    per second
c fixed:                      2079         4.14 %  of all variables
c learned:                    1148        74.40 %  per conflict
c minimized:                 13241        25.11 %  learned literals
c propagations:             437545         1.82 M  per second
c reduced:                      97         6.29 %  per conflict
c rephased:                      1      1543.00    interval
c restarts:                     42        36.74    interval
c subsumed:                    141         0.02 %  of all clauses
c 
c seconds are measured in process time for solving
c 
c --- [ resources ] ----------------------------------------------------------
c 
c total process time since initialization:         0.39    seconds
c total real time since initialization:            0.39    seconds
c maximum resident set size of process:           59.23    MB
c 
c --- [ shutting down ] ------------------------------------------------------
c 
c exit 20
