c --- [ banner ] -------------------------------------------------------------
c 
c CaDiCaL Radically Simplified CDCL SAT Solver
c Copyright (c) 2016-2019 Armin Biere, JKU Linz
c 
c Version 1.0.3 cb89cbfa16f47cb7bf1ec6ad9855e7b6d5203c18
c g++ (GCC) 6.3.0 -Wall -Wextra -O3 -DNDEBUG
c Fri Aug 23 08:17:16 CDT 2019 Linux login1 4.4.103-6.38-default x86_64
c 
c --- [ config ] -------------------------------------------------------------
c 
c using 'unsat' configuration (target unsatisfiable instances)
c 
c --- [ proof tracing ] ------------------------------------------------------
c 
c opening file to write '/tmp/27_627_0_six.drat'
c writing binary proof trace to '/tmp/27_627_0_six.drat'
c 
c --- [ parsing input ] ------------------------------------------------------
c 
c reading DIMACS file from '/tmp/27_627_0_six.cnf'
c opening file to read '/tmp/27_627_0_six.cnf'
c found 'p cnf 50176 399294' header
c parsed 399294 clauses in 0.16 seconds process time
c 
c --- [ options ] ------------------------------------------------------------
c 
c   --stabilize=false              (different from default 'true')
c   --walk=false                   (different from default 'true')
c 
c --- [ solving ] ------------------------------------------------------------
c 
c time measured in process time since initialization
c 
c  seconds  reductions  redundant  irredundant
c         MB    restarts       trail       variables
c          level   conflicts       glue         remaining
c 
c *  0.16 44  0 0   0    0    0  0% 0 361755 47996 96%
c {  0.16 45  0 0   0    0    0  0% 0 361755 47996 96%
c -  0.22 46 48 1  21  300  177  8% 7 344670 47996 96%
c I  0.28 46 55 1 102 1004  707 10% 11 344670 47996 96%
c -  0.41 58 57 2 110 1223  807 10% 11 344670 47996 96%
c -  0.59 59 53 3 140 2619 1318 11% 10 344670 47996 96%
c i  0.61 59 53 3 141 2853 1444 11% 10 344670 47958 96%
c i  0.61 59 52 3 141 2854 1444 11% 10 344670 47945 96%
c i  0.61 59 52 3 141 2895 1475 11% 10 344670 47519 95%
c i  0.61 59 52 3 141 2896 1475 11% 10 344670 46048 92%
c i  0.61 59 52 3 141 2897 1475 11% 10 344670 46014 92%
c i  0.61 59 52 3 141 2903 1478 11% 10 344670 45757 91%
c i  0.62 59 52 3 141 2919 1489 11% 10 344670 45709 91%
c i  0.62 59 52 3 141 2920 1489 11% 10 344670 45667 91%
c }  0.62 59 51 3 141 2926 1490 11% 9 344670 45341 90%
c 0  0.62 59 51 3 141 2926 1490 11% 9 344670 45341 90%
c 
c --- [ result ] -------------------------------------------------------------
c 
s UNSATISFIABLE
c 
c --- [ run-time profiling ] -------------------------------------------------
c 
c process time taken by individual solving procedures
c (percentage relative to process time for solving)
c 
c         0.46  100.00% search
c         0.46   99.13% unstable
c         0.00    0.87% lucky
c         0.00    0.00% simplify
c   =================================
c         0.46   74.68% solve
c 
c last line shows process time for solving
c (percentage relative to total process time)
c 
c --- [ statistics ] ---------------------------------------------------------
c 
c backtracked:                3484       119.07 %  of conflicts
c chronological:              1181        33.90 %  of backtracks
c conflicts:                  2926      6360.87    per second
c decisions:                 15808     34365.22    per second
c fixed:                      4835         9.64 %  of all variables
c learned:                    2317        79.19 %  per conflict
c minimized:                 28072        23.86 %  learned literals
c propagations:            1315313         2.86 M  per second
c reduced:                     544        18.59 %  per conflict
c rephased:                      1      2926.00    interval
c restarts:                    141        20.75    interval
c subsumed:                    271         0.04 %  of all clauses
c 
c seconds are measured in process time for solving
c 
c --- [ resources ] ----------------------------------------------------------
c 
c total process time since initialization:         0.62    seconds
c total real time since initialization:            0.62    seconds
c maximum resident set size of process:           67.65    MB
c 
c --- [ shutting down ] ------------------------------------------------------
c 
c exit 20
