c --- [ banner ] -------------------------------------------------------------
c 
c CaDiCaL Radically Simplified CDCL SAT Solver
c Copyright (c) 2016-2019 Armin Biere, JKU Linz
c 
c Version 1.0.3 cb89cbfa16f47cb7bf1ec6ad9855e7b6d5203c18
c g++ (GCC) 6.3.0 -Wall -Wextra -O3 -DNDEBUG
c Fri Aug 23 08:17:16 CDT 2019 Linux login1 4.4.103-6.38-default x86_64
c 
c --- [ config ] -------------------------------------------------------------
c 
c using 'unsat' configuration (target unsatisfiable instances)
c 
c --- [ proof tracing ] ------------------------------------------------------
c 
c opening file to write '/tmp/69_692_0_six.drat'
c writing binary proof trace to '/tmp/69_692_0_six.drat'
c 
c --- [ parsing input ] ------------------------------------------------------
c 
c reading DIMACS file from '/tmp/69_692_0_six.cnf'
c opening file to read '/tmp/69_692_0_six.cnf'
c found 'p cnf 50176 399294' header
c parsed 399294 clauses in 0.20 seconds process time
c 
c --- [ options ] ------------------------------------------------------------
c 
c   --stabilize=false              (different from default 'true')
c   --walk=false                   (different from default 'true')
c 
c --- [ solving ] ------------------------------------------------------------
c 
c time measured in process time since initialization
c 
c  seconds  reductions  redundant  irredundant
c         MB    restarts       trail       variables
c          level   conflicts       glue         remaining
c 
c *  0.20 44  0 0   0    0    0  0% 0 361755 47873 95%
c {  0.20 45  0 0   0    0    0  0% 0 361755 47873 95%
c -  0.26 46 52 1  37  305  224  8% 12 342043 47873 95%
c I  0.31 46 47 1  49 1002  667  9% 9 342043 47873 95%
c -  0.43 58 47 2  53 1225  752  9% 9 342043 47873 95%
c i  0.51 58 36 2  89 2337 1542  9% 9 342043 47786 95%
c i  0.52 58 35 2  89 2398 1594  9% 8 342043 47766 95%
c -  0.61 58 35 3 102 2608 1155  9% 8 339264 47766 95%
c B  0.64 58 33 3 109 3005 1475  9% 8 339264 47766 95%
c i  0.68 58 34 3 131 3355 1733 10% 8 339264 47730 95%
c }  0.68 58 34 3 132 3357 1733 10% 8 339264 47514 95%
c 0  0.68 58 34 3 132 3357 1733 10% 8 339264 47514 95%
c 
c --- [ result ] -------------------------------------------------------------
c 
s UNSATISFIABLE
c 
c --- [ run-time profiling ] -------------------------------------------------
c 
c process time taken by individual solving procedures
c (percentage relative to process time for solving)
c 
c         0.48  100.00% search
c         0.48   99.17% unstable
c         0.00    0.83% lucky
c         0.00    0.00% simplify
c   =================================
c         0.48   70.76% solve
c 
c last line shows process time for solving
c (percentage relative to total process time)
c 
c --- [ statistics ] ---------------------------------------------------------
c 
c backtracked:                3924       116.89 %  of conflicts
c chronological:              1228        31.29 %  of backtracks
c conflicts:                  3357      6935.95    per second
c decisions:                 14846     30673.55    per second
c fixed:                      2662         5.31 %  of all variables
c learned:                    2778        82.75 %  per conflict
c minimized:                 42998        30.21 %  learned literals
c propagations:            1349728         2.79 M  per second
c reduced:                     423        12.60 %  per conflict
c rephased:                      2      1678.50    interval
c restarts:                    132        25.43    interval
c subsumed:                    352         0.05 %  of all clauses
c 
c seconds are measured in process time for solving
c 
c --- [ resources ] ----------------------------------------------------------
c 
c total process time since initialization:         0.68    seconds
c total real time since initialization:            0.69    seconds
c maximum resident set size of process:           67.48    MB
c 
c --- [ shutting down ] ------------------------------------------------------
c 
c exit 20
