c --- [ banner ] -------------------------------------------------------------
c 
c CaDiCaL Radically Simplified CDCL SAT Solver
c Copyright (c) 2016-2019 Armin Biere, JKU Linz
c 
c Version 1.0.3 cb89cbfa16f47cb7bf1ec6ad9855e7b6d5203c18
c g++ (GCC) 6.3.0 -Wall -Wextra -O3 -DNDEBUG
c Fri Aug 23 08:17:16 CDT 2019 Linux login1 4.4.103-6.38-default x86_64
c 
c --- [ config ] -------------------------------------------------------------
c 
c using 'unsat' configuration (target unsatisfiable instances)
c 
c --- [ proof tracing ] ------------------------------------------------------
c 
c opening file to write '/tmp/60_1126_0_six.drat'
c writing binary proof trace to '/tmp/60_1126_0_six.drat'
c 
c --- [ parsing input ] ------------------------------------------------------
c 
c reading DIMACS file from '/tmp/60_1126_0_six.cnf'
c opening file to read '/tmp/60_1126_0_six.cnf'
c found 'p cnf 50176 399294' header
c parsed 399294 clauses in 0.16 seconds process time
c 
c --- [ options ] ------------------------------------------------------------
c 
c   --stabilize=false              (different from default 'true')
c   --walk=false                   (different from default 'true')
c 
c --- [ solving ] ------------------------------------------------------------
c 
c time measured in process time since initialization
c 
c  seconds  reductions  redundant  irredundant
c         MB    restarts       trail       variables
c          level   conflicts       glue         remaining
c 
c *  0.16 44  0 0   0    0    0  0% 0 361854 48033 96%
c {  0.16 45  0 0   0    0    0  0% 0 361854 48033 96%
c -  0.22 46 60 1  27  330  200  7% 10 346411 48033 96%
c I  0.31 47 73 1  53 1003  646 10% 9 346411 48033 96%
c i  0.31 48 73 1  53 1003  646 10% 9 346411 47487 95%
c i  0.32 48 70 1  53 1035  667 10% 9 346411 46986 94%
c i  0.32 48 69 1  53 1036  667 10% 9 346411 46960 94%
c }  0.32 48 69 1  53 1042  671 10% 9 346411 46959 94%
c 0  0.32 48 69 1  53 1042  671 10% 9 346411 46959 94%
c 
c --- [ result ] -------------------------------------------------------------
c 
s UNSATISFIABLE
c 
c --- [ run-time profiling ] -------------------------------------------------
c 
c process time taken by individual solving procedures
c (percentage relative to process time for solving)
c 
c         0.16  100.00% search
c         0.16   97.50% unstable
c         0.00    2.50% lucky
c         0.00    0.00% simplify
c   =================================
c         0.16   50.63% solve
c 
c last line shows process time for solving
c (percentage relative to total process time)
c 
c --- [ statistics ] ---------------------------------------------------------
c 
c backtracked:                1239       118.91 %  of conflicts
c chronological:               392        31.64 %  of backtracks
c conflicts:                  1042      6512.50    per second
c decisions:                  6287     39293.75    per second
c fixed:                      3217         6.41 %  of all variables
c learned:                     768        73.70 %  per conflict
c minimized:                  7449        23.21 %  learned literals
c propagations:             379960         2.37 M  per second
c rephased:                      1      1042.00    interval
c restarts:                     53        19.66    interval
c subsumed:                     93         0.01 %  of all clauses
c 
c seconds are measured in process time for solving
c 
c --- [ resources ] ----------------------------------------------------------
c 
c total process time since initialization:         0.32    seconds
c total real time since initialization:            0.32    seconds
c maximum resident set size of process:           48.77    MB
c 
c --- [ shutting down ] ------------------------------------------------------
c 
c exit 20
