c --- [ banner ] -------------------------------------------------------------
c 
c CaDiCaL Radically Simplified CDCL SAT Solver
c Copyright (c) 2016-2019 Armin Biere, JKU Linz
c 
c Version 1.0.3 cb89cbfa16f47cb7bf1ec6ad9855e7b6d5203c18
c g++ (GCC) 6.3.0 -Wall -Wextra -O3 -DNDEBUG
c Fri Aug 23 08:17:16 CDT 2019 Linux login1 4.4.103-6.38-default x86_64
c 
c --- [ config ] -------------------------------------------------------------
c 
c using 'unsat' configuration (target unsatisfiable instances)
c 
c --- [ proof tracing ] ------------------------------------------------------
c 
c opening file to write '/tmp/60_1250_0_six.drat'
c writing binary proof trace to '/tmp/60_1250_0_six.drat'
c 
c --- [ parsing input ] ------------------------------------------------------
c 
c reading DIMACS file from '/tmp/60_1250_0_six.cnf'
c opening file to read '/tmp/60_1250_0_six.cnf'
c found 'p cnf 50176 399294' header
c parsed 399294 clauses in 0.16 seconds process time
c 
c --- [ options ] ------------------------------------------------------------
c 
c   --stabilize=false              (different from default 'true')
c   --walk=false                   (different from default 'true')
c 
c --- [ solving ] ------------------------------------------------------------
c 
c time measured in process time since initialization
c 
c  seconds  reductions  redundant  irredundant
c         MB    restarts       trail       variables
c          level   conflicts       glue         remaining
c 
c *  0.16 44  0 0   0    0    0  0% 0 361858 47954 96%
c {  0.16 45  0 0   0    0    0  0% 0 361858 47954 96%
c i  0.16 45 31 0   0   26   25  5% 3 361858 47953 96%
c i  0.16 45 36 0   0   32   26  6% 3 361858 47917 95%
c i  0.17 45 54 0   2  158   69  8% 7 361858 47895 95%
c }  0.17 45 41 0   2  209   92  7% 7 361858 47851 95%
c 0  0.17 45 41 0   2  209   92  7% 7 361858 47851 95%
c 
c --- [ result ] -------------------------------------------------------------
c 
s UNSATISFIABLE
c 
c --- [ run-time profiling ] -------------------------------------------------
c 
c process time taken by individual solving procedures
c (percentage relative to process time for solving)
c 
c         0.01  100.00% search
c         0.01   66.67% unstable
c         0.00   33.33% lucky
c         0.00    0.00% simplify
c   =================================
c         0.01    7.14% solve
c 
c last line shows process time for solving
c (percentage relative to total process time)
c 
c --- [ statistics ] ---------------------------------------------------------
c 
c backtracked:                 231       110.53 %  of conflicts
c chronological:                64        27.71 %  of backtracks
c conflicts:                   209     17416.67    per second
c decisions:                   928     77333.33    per second
c fixed:                      2325         4.63 %  of all variables
c learned:                     132        63.16 %  per conflict
c minimized:                  1426        36.26 %  learned literals
c propagations:              62122         5.18 M  per second
c restarts:                      2       104.50    interval
c subsumed:                     36         0.00 %  of all clauses
c 
c seconds are measured in process time for solving
c 
c --- [ resources ] ----------------------------------------------------------
c 
c total process time since initialization:         0.17    seconds
c total real time since initialization:            0.17    seconds
c maximum resident set size of process:           45.40    MB
c 
c --- [ shutting down ] ------------------------------------------------------
c 
c exit 20
