c --- [ banner ] -------------------------------------------------------------
c 
c CaDiCaL Radically Simplified CDCL SAT Solver
c Copyright (c) 2016-2019 Armin Biere, JKU Linz
c 
c Version 1.0.3 cb89cbfa16f47cb7bf1ec6ad9855e7b6d5203c18
c g++ (GCC) 6.3.0 -Wall -Wextra -O3 -DNDEBUG
c Fri Aug 23 08:17:16 CDT 2019 Linux login1 4.4.103-6.38-default x86_64
c 
c --- [ config ] -------------------------------------------------------------
c 
c using 'unsat' configuration (target unsatisfiable instances)
c 
c --- [ proof tracing ] ------------------------------------------------------
c 
c opening file to write '/tmp/18_238_0_four.drat'
c writing binary proof trace to '/tmp/18_238_0_four.drat'
c 
c --- [ parsing input ] ------------------------------------------------------
c 
c reading DIMACS file from '/tmp/18_238_0_four.cnf'
c opening file to read '/tmp/18_238_0_four.cnf'
c found 'p cnf 43008 265785' header
c parsed 265785 clauses in 0.10 seconds process time
c 
c --- [ options ] ------------------------------------------------------------
c 
c   --stabilize=false              (different from default 'true')
c   --walk=false                   (different from default 'true')
c 
c --- [ solving ] ------------------------------------------------------------
c 
c time measured in process time since initialization
c 
c  seconds  reductions  redundant  irredundant
c         MB    restarts       trail       variables
c          level   conflicts       glue         remaining
c 
c *  0.10 31  0 0   0    0    0  0% 0 241974 41473 96%
c {  0.10 31  0 0   0    0    0  0% 0 241974 41473 96%
c -  0.15 33 41 1   1  311  216  9% 5 231371 41473 96%
c I  0.24 35 72 1 124 1002  792  9% 10 231371 41473 96%
c -  0.34 43 76 2 141 1129  777 10% 11 231371 41473 96%
c -  0.53 43 71 3 209 2357 1352 12% 10 231371 41473 96%
c B  0.61 43 63 3 217 3003 1887 12% 10 231371 41473 96%
c -  0.74 43 58 4 253 3998 1870 11% 10 231371 41473 96%
c d  0.92 44 50 4 272 5001 2664 11% 9 228259 39917 93%
c 2  1.06 43 50 4 272 5001 2664 11% 9 225925 39917 93%
c p  1.19 45 50 4 272 5001 5014 11% 9 225925 39917 93%
c s  1.37 40 51 4 273 5090 5088 11% 9 225925 39917 93%
c v  1.67 48 51 4 273 5090 5088 11% 9 222267 39917 93%
c w  1.76 48 51 4 273 5090 5080 11% 9 222267 39917 93%
c t  1.79 48 51 4 273 5090 5076 11% 9 202765 39917 93%
c e  2.29 49 51 4 273 5090 1863 11% 9 185358 23643 55%
c s  2.36 54 51 4 273 5090 1850 11% 9 185358 23643 55%
c F  2.52 55 47 4 275 6005 2615  7% 9 185358 23643 55%
c -  2.55 56 46 5 275 6046 1179  6% 9 185358 23643 55%
c i  2.68 56 42 5 333 7219 2191  6% 9 185358 23559 55%
c 
c  seconds  reductions  redundant  irredundant
c         MB    restarts       trail       variables
c          level   conflicts       glue         remaining
c 
c i  2.68 56 42 5 333 7235 2195  6% 9 185358 23529 55%
c i  2.68 56 42 5 333 7237 2196  6% 9 185358 23523 55%
c i  2.68 56 42 5 333 7241 2199  6% 9 185358 23515 55%
c }  2.68 56 42 5 333 7243 2199  6% 9 185358 23506 55%
c 0  2.68 56 42 5 333 7243 2199  6% 9 185358 23506 55%
c 
c --- [ result ] -------------------------------------------------------------
c 
s UNSATISFIABLE
c 
c --- [ run-time profiling ] -------------------------------------------------
c 
c process time taken by individual solving procedures
c (percentage relative to process time for solving)
c 
c         1.47   57.23% simplify
c         1.10   42.77% search
c         1.10   42.77% unstable
c         0.49   18.97% elim
c         0.35   13.53% vivify
c         0.21    8.09% subsume
c         0.13    5.13% probe
c         0.11    4.20% ternary
c   =================================
c         2.57   96.11% solve
c 
c last line shows process time for solving
c (percentage relative to total process time)
c 
c --- [ statistics ] ---------------------------------------------------------
c 
c backtracked:               27293       376.82 %  of conflicts
c chronological:              3070        11.25 %  of backtracks
c conflicts:                  7243      2816.10    per second
c decisions:                 39528     15368.58    per second
c eliminated:                16274        37.84 %  of all variables
c fixed:                      1672         3.89 %  of all variables
c learned:                    6403        88.40 %  per conflict
c minimized:                 71690        27.19 %  learned literals
c propagations:            4005343         1.56 M  per second
c reduced:                    1548        21.37 %  per conflict
c rephased:                      3      2414.33    interval
c restarts:                    333        21.75    interval
c substituted:                1556         3.62 %  of all variables
c subsumed:                   6682         0.79 %  of all clauses
c strengthened:               2750         0.32 %  of all clauses
c vivified:                   3813         0.45 %  of all clauses
c weakened:                  79710         3.74    average size
c 
c seconds are measured in process time for solving
c 
c --- [ resources ] ----------------------------------------------------------
c 
c total process time since initialization:         2.68    seconds
c total real time since initialization:            2.68    seconds
c maximum resident set size of process:           55.72    MB
c 
c --- [ shutting down ] ------------------------------------------------------
c 
c exit 20
