c --- [ banner ] -------------------------------------------------------------
c 
c CaDiCaL Radically Simplified CDCL SAT Solver
c Copyright (c) 2016-2019 Armin Biere, JKU Linz
c 
c Version 1.0.3 cb89cbfa16f47cb7bf1ec6ad9855e7b6d5203c18
c g++ (GCC) 6.3.0 -Wall -Wextra -O3 -DNDEBUG
c Fri Aug 23 08:17:16 CDT 2019 Linux login1 4.4.103-6.38-default x86_64
c 
c --- [ config ] -------------------------------------------------------------
c 
c using 'unsat' configuration (target unsatisfiable instances)
c 
c --- [ proof tracing ] ------------------------------------------------------
c 
c opening file to write '/tmp/18_684_0_four.drat'
c writing binary proof trace to '/tmp/18_684_0_four.drat'
c 
c --- [ parsing input ] ------------------------------------------------------
c 
c reading DIMACS file from '/tmp/18_684_0_four.cnf'
c opening file to read '/tmp/18_684_0_four.cnf'
c found 'p cnf 43008 265785' header
c parsed 265785 clauses in 0.20 seconds process time
c 
c --- [ options ] ------------------------------------------------------------
c 
c   --stabilize=false              (different from default 'true')
c   --walk=false                   (different from default 'true')
c 
c --- [ solving ] ------------------------------------------------------------
c 
c time measured in process time since initialization
c 
c  seconds  reductions  redundant  irredundant
c         MB    restarts       trail       variables
c          level   conflicts       glue         remaining
c 
c *  0.20 31  0 0   0    0    0  0% 0 241973 41515 97%
c {  0.20 31  0 0   0    0    0  0% 0 241973 41515 97%
c -  0.27 33 72 1   2  304  195 15% 9 232519 41515 97%
c I  0.36 34 65 1  46 1004  760 10% 10 232519 41515 97%
c -  0.43 42 71 2  46 1127  763 10% 10 232519 41515 97%
c -  0.58 42 54 3  73 2360 1342 11% 9 232519 41515 97%
c B  0.64 42 56 3 128 3006 1886 11% 9 232519 41515 97%
c -  0.77 42 48 4 141 4001 1943 10% 9 232519 41515 97%
c d  0.97 43 47 4 217 5001 2791 10% 9 229391 39951 93%
c 2  1.12 44 47 4 217 5001 2791 10% 9 227045 39951 93%
c p  1.25 46 47 4 217 5001 4837 10% 9 227045 39951 93%
c s  1.41 39 48 4 221 5088 4907 10% 9 227044 39951 93%
c v  1.65 48 48 4 221 5088 4907 10% 9 223669 39951 93%
c w  1.74 48 48 4 221 5088 4899 10% 9 223669 39951 93%
c t  1.76 48 48 4 221 5088 4897 10% 9 204727 39951 93%
c e  2.25 50 48 4 221 5088 1628 10% 9 188153 23956 56%
c s  2.33 53 48 4 221 5088 1622 10% 9 188153 23956 56%
c F  2.52 56 45 4 260 6009 2406  6% 9 188153 23956 56%
c -  2.56 56 45 5 260 6053 1146  6% 9 188153 23956 56%
c -  2.82 56 39 6 341 8349 2544  7% 9 188153 23956 56%
c 
c  seconds  reductions  redundant  irredundant
c         MB    restarts       trail       variables
c          level   conflicts       glue         remaining
c 
c i  3.00 56 36 6 382 9931 3910  8% 8 188153 23948 56%
c }  3.00 56 36 6 382 9941 3916  8% 8 188153 23927 56%
c 0  3.00 56 36 6 382 9941 3916  8% 8 188153 23927 56%
c 
c --- [ result ] -------------------------------------------------------------
c 
s UNSATISFIABLE
c 
c --- [ run-time profiling ] -------------------------------------------------
c 
c process time taken by individual solving procedures
c (percentage relative to process time for solving)
c 
c         1.41   50.36% search
c         1.41   50.21% unstable
c         1.39   49.64% simplify
c         0.48   16.98% elim
c         0.29   10.27% vivify
c         0.19    6.85% subsume
c         0.13    4.71% probe
c         0.12    4.14% ternary
c         0.00    0.14% lucky
c   =================================
c         2.80   93.47% solve
c 
c last line shows process time for solving
c (percentage relative to total process time)
c 
c --- [ statistics ] ---------------------------------------------------------
c 
c backtracked:               29493       296.68 %  of conflicts
c chronological:              4188        14.20 %  of backtracks
c conflicts:                  9941      3545.29    per second
c decisions:                 40264     14359.49    per second
c eliminated:                15995        37.19 %  of all variables
c fixed:                      1522         3.54 %  of all variables
c learned:                    8937        89.90 %  per conflict
c minimized:                 96007        27.15 %  learned literals
c propagations:            4723232         1.68 M  per second
c reduced:                    2034        20.46 %  per conflict
c rephased:                      3      3313.67    interval
c restarts:                    382        26.02    interval
c substituted:                1564         3.64 %  of all variables
c subsumed:                   6434         0.75 %  of all clauses
c strengthened:               2611         0.31 %  of all clauses
c vivified:                   3536         0.41 %  of all clauses
c weakened:                  79402         3.72    average size
c 
c seconds are measured in process time for solving
c 
c --- [ resources ] ----------------------------------------------------------
c 
c total process time since initialization:         3.00    seconds
c total real time since initialization:            3.00    seconds
c maximum resident set size of process:           56.32    MB
c 
c --- [ shutting down ] ------------------------------------------------------
c 
c exit 20
