c --- [ banner ] -------------------------------------------------------------
c 
c CaDiCaL Radically Simplified CDCL SAT Solver
c Copyright (c) 2016-2019 Armin Biere, JKU Linz
c 
c Version 1.0.3 cb89cbfa16f47cb7bf1ec6ad9855e7b6d5203c18
c g++ (GCC) 6.3.0 -Wall -Wextra -O3 -DNDEBUG
c Fri Aug 23 08:17:16 CDT 2019 Linux login1 4.4.103-6.38-default x86_64
c 
c --- [ config ] -------------------------------------------------------------
c 
c using 'unsat' configuration (target unsatisfiable instances)
c 
c --- [ proof tracing ] ------------------------------------------------------
c 
c opening file to write '/tmp/18_660_0_four.drat'
c writing binary proof trace to '/tmp/18_660_0_four.drat'
c 
c --- [ parsing input ] ------------------------------------------------------
c 
c reading DIMACS file from '/tmp/18_660_0_four.cnf'
c opening file to read '/tmp/18_660_0_four.cnf'
c found 'p cnf 43008 265785' header
c parsed 265785 clauses in 0.18 seconds process time
c 
c --- [ options ] ------------------------------------------------------------
c 
c   --stabilize=false              (different from default 'true')
c   --walk=false                   (different from default 'true')
c 
c --- [ solving ] ------------------------------------------------------------
c 
c time measured in process time since initialization
c 
c  seconds  reductions  redundant  irredundant
c         MB    restarts       trail       variables
c          level   conflicts       glue         remaining
c 
c *  0.19 31  0 0   0    0    0  0% 0 241976 41545 97%
c {  0.19 31  0 0   0    0    0  0% 0 241976 41545 97%
c -  0.24 33 50 1  17  301  235  8% 9 233095 41545 97%
c I  0.30 34 54 1  63 1002  817 10% 9 233095 41545 97%
c -  0.39 42 59 2  63 1121  784 11% 9 233095 41545 97%
c i  0.41 42 51 2  63 1455 1031 10% 8 233095 41462 96%
c -  0.54 42 47 3 152 2351 1197  9% 9 231368 41462 96%
c B  0.58 42 49 3 201 3004 1753  9% 9 231368 41462 96%
c -  0.72 44 47 4 238 3992 1881  9% 9 231368 41462 96%
c i  0.76 44 45 4 263 4376 2198  9% 9 231368 41452 96%
c i  0.78 44 47 4 278 4695 2454  9% 9 231368 41145 96%
c d  0.91 45 46 4 292 5000 2477  9% 9 222093 39632 92%
c 2  1.04 44 46 4 292 5000 2477  9% 9 219828 39632 92%
c p  1.30 45 46 4 292 5000 7176  9% 9 219828 39582 92%
c s  1.46 41 49 4 292 5087 7255  9% 9 219821 39582 92%
c v  1.72 46 49 4 292 5087 7255  9% 9 217038 39582 92%
c w  1.80 47 49 4 292 5087 7226  9% 9 217038 39582 92%
c t  1.83 47 49 4 292 5087 7220  9% 9 194788 39582 92%
c e  2.34 49 49 4 292 5087 1860  9% 9 175601 22262 52%
c s  2.41 53 49 4 292 5087 1854  9% 9 175601 22262 52%
c 
c  seconds  reductions  redundant  irredundant
c         MB    restarts       trail       variables
c          level   conflicts       glue         remaining
c 
c F  2.59 56 44 4 344 6006 2615  5% 9 175601 22262 52%
c -  2.62 56 43 5 344 6038 1186  5% 9 175601 22262 52%
c -  2.86 56 34 6 378 8279 2465  7% 8 175601 22262 52%
c i  2.89 56 33 6 378 8396 2551  7% 8 175601 22255 52%
c i  2.94 56 31 6 378 8668 2760  8% 8 175601 22249 52%
c }  2.94 56 31 6 378 8676 2764  8% 8 175601 22236 52%
c 0  2.94 56 31 6 378 8676 2764  8% 8 175601 22236 52%
c 
c --- [ result ] -------------------------------------------------------------
c 
s UNSATISFIABLE
c 
c --- [ run-time profiling ] -------------------------------------------------
c 
c process time taken by individual solving procedures
c (percentage relative to process time for solving)
c 
c         1.53   55.67% simplify
c         1.22   44.19% search
c         1.22   44.19% unstable
c         0.50   18.02% elim
c         0.30   10.76% vivify
c         0.25    9.16% probe
c         0.19    6.83% subsume
c         0.10    3.78% ternary
c   =================================
c         2.75   93.73% solve
c 
c last line shows process time for solving
c (percentage relative to total process time)
c 
c --- [ statistics ] ---------------------------------------------------------
c 
c backtracked:               36969       426.11 %  of conflicts
c chronological:              3424         9.26 %  of backtracks
c conflicts:                  8676      3152.62    per second
c decisions:                 36496     13261.63    per second
c eliminated:                17320        40.27 %  of all variables
c fixed:                      1939         4.51 %  of all variables
c learned:                    7826        90.20 %  per conflict
c minimized:                 87276        30.16 %  learned literals
c propagations:            4983508         1.81 M  per second
c reduced:                    1873        21.59 %  per conflict
c rephased:                      3      2892.00    interval
c restarts:                    378        22.95    interval
c substituted:                1513         3.52 %  of all variables
c subsumed:                   6068         0.71 %  of all clauses
c strengthened:               3007         0.35 %  of all clauses
c vivified:                   2898         0.34 %  of all clauses
c weakened:                  79571         3.75    average size
c 
c seconds are measured in process time for solving
c 
c --- [ resources ] ----------------------------------------------------------
c 
c total process time since initialization:         2.94    seconds
c total real time since initialization:            2.94    seconds
c maximum resident set size of process:           55.86    MB
c 
c --- [ shutting down ] ------------------------------------------------------
c 
c exit 20
