c --- [ banner ] -------------------------------------------------------------
c 
c CaDiCaL Radically Simplified CDCL SAT Solver
c Copyright (c) 2016-2019 Armin Biere, JKU Linz
c 
c Version 1.0.3 cb89cbfa16f47cb7bf1ec6ad9855e7b6d5203c18
c g++ (GCC) 6.3.0 -Wall -Wextra -O3 -DNDEBUG
c Fri Aug 23 08:17:16 CDT 2019 Linux login1 4.4.103-6.38-default x86_64
c 
c --- [ config ] -------------------------------------------------------------
c 
c using 'unsat' configuration (target unsatisfiable instances)
c 
c --- [ proof tracing ] ------------------------------------------------------
c 
c opening file to write '/tmp/20_1226_0_six.drat'
c writing binary proof trace to '/tmp/20_1226_0_six.drat'
c 
c --- [ parsing input ] ------------------------------------------------------
c 
c reading DIMACS file from '/tmp/20_1226_0_six.cnf'
c opening file to read '/tmp/20_1226_0_six.cnf'
c found 'p cnf 50176 399289' header
c parsed 399289 clauses in 0.15 seconds process time
c 
c --- [ options ] ------------------------------------------------------------
c 
c   --stabilize=false              (different from default 'true')
c   --walk=false                   (different from default 'true')
c 
c --- [ solving ] ------------------------------------------------------------
c 
c time measured in process time since initialization
c 
c  seconds  reductions  redundant  irredundant
c         MB    restarts       trail       variables
c          level   conflicts       glue         remaining
c 
c *  0.16 44  0 0   0    0    0  0% 0 363653 48242 96%
c {  0.16 45  0 0   0    0    0  0% 0 363653 48242 96%
c -  0.21 46 49 1  17  302  203  6% 8 350782 48242 96%
c I  0.28 47 59 1  50 1002  691  9% 9 350782 48242 96%
c -  0.41 60 61 2  56 1235  750  9% 8 350782 48242 96%
c i  0.42 60 61 2  56 1351  807  9% 8 350782 48231 96%
c i  0.50 60 56 2 116 2197 1351 10% 9 350782 48191 96%
c i  0.51 60 55 2 145 2390 1494 10% 9 350782 48095 96%
c -  0.60 60 53 3 168 2627 1289 10% 9 346733 48095 96%
c B  0.64 60 51 3 192 3003 1547 10% 9 346733 48095 96%
c i  0.72 60 48 3 232 3765 2105 11% 9 346733 47683 95%
c i  0.73 60 47 3 232 3966 2255 11% 9 346733 47682 95%
c i  0.73 60 47 3 232 3967 2255 11% 9 346733 47675 95%
c }  0.73 60 47 3 232 3972 2251 11% 9 346733 46253 92%
c 0  0.73 60 47 3 232 3972 2251 11% 9 346733 46253 92%
c 
c --- [ result ] -------------------------------------------------------------
c 
s UNSATISFIABLE
c 
c --- [ run-time profiling ] -------------------------------------------------
c 
c process time taken by individual solving procedures
c (percentage relative to process time for solving)
c 
c         0.58   99.31% search
c         0.58   99.31% unstable
c         0.00    0.00% simplify
c   =================================
c         0.58   79.23% solve
c 
c last line shows process time for solving
c (percentage relative to total process time)
c 
c --- [ statistics ] ---------------------------------------------------------
c 
c backtracked:                4724       118.93 %  of conflicts
c chronological:              1427        30.21 %  of backtracks
c conflicts:                  3972      6848.28    per second
c decisions:                 21082     36348.28    per second
c fixed:                      3923         7.82 %  of all variables
c learned:                    3214        80.92 %  per conflict
c minimized:                 46560        27.85 %  learned literals
c propagations:            1802024         3.11 M  per second
c reduced:                     440        11.08 %  per conflict
c rephased:                      2      1986.00    interval
c restarts:                    232        17.12    interval
c subsumed:                    499         0.07 %  of all clauses
c 
c seconds are measured in process time for solving
c 
c --- [ resources ] ----------------------------------------------------------
c 
c total process time since initialization:         0.73    seconds
c total real time since initialization:            0.73    seconds
c maximum resident set size of process:           68.97    MB
c 
c --- [ shutting down ] ------------------------------------------------------
c 
c exit 20
