c --- [ banner ] -------------------------------------------------------------
c 
c CaDiCaL Radically Simplified CDCL SAT Solver
c Copyright (c) 2016-2019 Armin Biere, JKU Linz
c 
c Version 1.0.3 cb89cbfa16f47cb7bf1ec6ad9855e7b6d5203c18
c g++ (GCC) 6.3.0 -Wall -Wextra -O3 -DNDEBUG
c Fri Aug 23 08:17:16 CDT 2019 Linux login1 4.4.103-6.38-default x86_64
c 
c --- [ config ] -------------------------------------------------------------
c 
c using 'unsat' configuration (target unsatisfiable instances)
c 
c --- [ proof tracing ] ------------------------------------------------------
c 
c opening file to write '/tmp/20_362_0_six.drat'
c writing binary proof trace to '/tmp/20_362_0_six.drat'
c 
c --- [ parsing input ] ------------------------------------------------------
c 
c reading DIMACS file from '/tmp/20_362_0_six.cnf'
c opening file to read '/tmp/20_362_0_six.cnf'
c found 'p cnf 50176 399289' header
c parsed 399289 clauses in 0.13 seconds process time
c 
c --- [ options ] ------------------------------------------------------------
c 
c   --stabilize=false              (different from default 'true')
c   --walk=false                   (different from default 'true')
c 
c --- [ solving ] ------------------------------------------------------------
c 
c time measured in process time since initialization
c 
c  seconds  reductions  redundant  irredundant
c         MB    restarts       trail       variables
c          level   conflicts       glue         remaining
c 
c *  0.13 44  0 0   0    0    0  0% 0 363632 48230 96%
c {  0.14 45  0 0   0    0    0  0% 0 363632 48230 96%
c -  0.18 47 68 1  21  306  197  8% 8 349906 48230 96%
c I  0.25 48 91 1 123 1015  724 10% 12 349906 48230 96%
c -  0.32 60 85 2 148 1233  782 10% 12 349906 48230 96%
c -  0.46 61 79 3 220 2622 1350 10% 12 349906 48230 96%
c B  0.51 61 77 3 252 3021 1634 11% 12 349906 48230 96%
c -  0.66 61 70 4 321 4474 1924 11% 12 349906 48230 96%
c d  0.82 62 63 4 329 5000 2322 11% 12 345202 45878 91%
c 2  0.93 61 63 4 329 5000 2322 11% 12 339322 45878 91%
c p  1.03 63 63 4 329 5000 8700 11% 12 339322 45878 91%
c s  1.23 71 60 4 364 5829 9314 11% 11 339322 45878 91%
c v  1.46 71 60 4 364 5829 9314 11% 11 334991 45878 91%
c w  1.54 71 60 4 364 5829 9313 11% 11 334991 45878 91%
c t  1.58 71 60 4 364 5829 9306 11% 11 303785 45878 91%
c e  2.14 66 60 4 364 5829 3678 11% 11 285951 29082 58%
c s  2.23 71 60 4 364 5829 3674 11% 11 285950 29082 58%
c e  2.28 71 60 4 364 5829 3674 11% 11 285949 29081 58%
c F  2.40 75 60 4 364 6022 3803  4% 11 285949 29081 58%
c -  2.46 75 60 5 373 6791 1250  7% 11 285949 29081 58%
c 
c  seconds  reductions  redundant   irredundant
c         MB    restarts       trail        variables
c          level   conflicts       glue          remaining
c 
c -  2.64 75 48 6 426 9412 2572  8% 10 285949 29081 58%
c B  2.69 75 46 6 462 10023 3065  8% 10 285949 29081 58%
c i  2.81 75 46 6 564 11450 4245  8% 10 285949 29074 58%
c -  2.89 75 45 7 585 12472 3663  8% 10 285079 29074 58%
c 3  3.18 75 39 7 604 15003 25807  8% 9 285079 29074 58%
c 2  3.22 75 39 7 604 15003 25804  8% 9 285078 29068 58%
c p  3.33 75 39 7 604 15003 41183  8% 9 285078 27987 56%
c }  3.33 75 39 7 604 15003 41183  8% 9 285078 27987 56%
c 0  3.33 75 39 7 604 15003 41183  8% 9 285078 27987 56%
c 
c --- [ result ] -------------------------------------------------------------
c 
s UNSATISFIABLE
c 
c --- [ run-time profiling ] -------------------------------------------------
c 
c process time taken by individual solving procedures
c (percentage relative to process time for solving)
c 
c         1.68   52.69% simplify
c         1.51   47.31% search
c         1.51   47.18% unstable
c         0.61   19.02% elim
c         0.27    8.39% vivify
c         0.20    6.38% probe
c         0.20    6.13% subsume
c         0.18    5.76% ternary
c         0.00    0.13% lucky
c   =================================
c         3.20   96.03% solve
c 
c last line shows process time for solving
c (percentage relative to total process time)
c 
c --- [ statistics ] ---------------------------------------------------------
c 
c backtracked:               57655       384.29 %  of conflicts
c chronological:              5376         9.32 %  of backtracks
c conflicts:                 15003      4694.31    per second
c decisions:                 73370     22956.82    per second
c eliminated:                16797        33.48 %  of all variables
c fixed:                      3040         6.06 %  of all variables
c learned:                   13172        87.80 %  per conflict
c minimized:                206442        29.86 %  learned literals
c propagations:            8871796         2.78 M  per second
c reduced:                    3354        22.36 %  per conflict
c rephased:                      4      3750.75    interval
c restarts:                    604        24.84    interval
c substituted:                2352         4.69 %  of all variables
c subsumed:                  12379         0.90 %  of all clauses
c strengthened:               4067         0.29 %  of all clauses
c ternary:                   29337         0.99 %  of resolved
c vivified:                   4475         0.32 %  of all clauses
c weakened:                 108477         4.00    average size
c 
c seconds are measured in process time for solving
c 
c --- [ resources ] ----------------------------------------------------------
c 
c total process time since initialization:         3.33    seconds
c total real time since initialization:            3.33    seconds
c maximum resident set size of process:           74.88    MB
c 
c --- [ shutting down ] ------------------------------------------------------
c 
c exit 20
