c --- [ banner ] -------------------------------------------------------------
c 
c CaDiCaL Radically Simplified CDCL SAT Solver
c Copyright (c) 2016-2019 Armin Biere, JKU Linz
c 
c Version 1.0.3 cb89cbfa16f47cb7bf1ec6ad9855e7b6d5203c18
c g++ (GCC) 6.3.0 -Wall -Wextra -O3 -DNDEBUG
c Fri Aug 23 08:17:16 CDT 2019 Linux login1 4.4.103-6.38-default x86_64
c 
c --- [ config ] -------------------------------------------------------------
c 
c using 'unsat' configuration (target unsatisfiable instances)
c 
c --- [ proof tracing ] ------------------------------------------------------
c 
c opening file to write '/tmp/20_913_0_six.drat'
c writing binary proof trace to '/tmp/20_913_0_six.drat'
c 
c --- [ parsing input ] ------------------------------------------------------
c 
c reading DIMACS file from '/tmp/20_913_0_six.cnf'
c opening file to read '/tmp/20_913_0_six.cnf'
c found 'p cnf 50176 399289' header
c parsed 399289 clauses in 0.18 seconds process time
c 
c --- [ options ] ------------------------------------------------------------
c 
c   --stabilize=false              (different from default 'true')
c   --walk=false                   (different from default 'true')
c 
c --- [ solving ] ------------------------------------------------------------
c 
c time measured in process time since initialization
c 
c  seconds  reductions  redundant  irredundant
c         MB    restarts       trail       variables
c          level   conflicts       glue         remaining
c 
c *  0.18 44  0 0   0    0    0  0% 0 363624 48189 96%
c {  0.19 45  0 0   0    0    0  0% 0 363624 48189 96%
c -  0.25 47 55 1  14  303  200  8% 11 349033 48189 96%
c I  0.33 47 43 1  26 1004  721 12% 8 349033 48189 96%
c -  0.44 59 35 2  26 1228  798 11% 8 349033 48189 96%
c -  0.72 59 41 3 162 2616 1437 11% 9 349033 48189 96%
c B  0.77 59 43 3 218 3005 1707 11% 9 349033 48189 96%
c -  1.02 59 43 4 348 4468 2067 11% 9 349033 48189 96%
c d  1.24 61 42 4 398 5003 2498 11% 9 344337 45842 91%
c 2  1.43 60 42 4 398 5003 2498 11% 9 338467 45830 91%
c p  1.74 63 42 4 398 5003 12374 11% 9 338467 45800 91%
c i  1.87 63 43 4 455 5685 12861 11% 9 338467 45738 91%
c i  1.88 63 43 4 455 5709 12879 11% 9 338467 45510 91%
c i  1.88 63 43 4 455 5711 12880 11% 9 338467 44991 90%
c }  2.05 64 43 4 455 5717 5731  5% 9 317658 44915 90%
c 0  2.05 64 43 4 455 5717 5731  5% 9 317658 44915 90%
c 
c --- [ result ] -------------------------------------------------------------
c 
s UNSATISFIABLE
c 
c --- [ run-time profiling ] -------------------------------------------------
c 
c process time taken by individual solving procedures
c (percentage relative to process time for solving)
c 
c         1.18   63.25% search
c         1.18   63.03% unstable
c         0.68   36.54% simplify
c         0.32   16.88% probe
c         0.14    7.69% ternary
c         0.00    0.21% lucky
c   =================================
c         1.87   91.23% solve
c 
c last line shows process time for solving
c (percentage relative to total process time)
c 
c --- [ statistics ] ---------------------------------------------------------
c 
c backtracked:               27346       478.33 %  of conflicts
c chronological:              2195         8.03 %  of backtracks
c conflicts:                  5717      3053.95    per second
c decisions:                 35834     19142.09    per second
c fixed:                      2914         5.81 %  of all variables
c learned:                    4683        81.91 %  per conflict
c minimized:                 71009        27.67 %  learned literals
c propagations:            4674438         2.50 M  per second
c reduced:                    1193        20.87 %  per conflict
c rephased:                      2      2858.50    interval
c restarts:                    455        12.56    interval
c substituted:                2347         4.68 %  of all variables
c subsumed:                   6342         0.58 %  of all clauses
c weakened:                   4694         2.00    average size
c 
c seconds are measured in process time for solving
c 
c --- [ resources ] ----------------------------------------------------------
c 
c total process time since initialization:         2.05    seconds
c total real time since initialization:            2.05    seconds
c maximum resident set size of process:           72.29    MB
c 
c --- [ shutting down ] ------------------------------------------------------
c 
c exit 20
