c --- [ banner ] -------------------------------------------------------------
c 
c CaDiCaL Radically Simplified CDCL SAT Solver
c Copyright (c) 2016-2019 Armin Biere, JKU Linz
c 
c Version 1.0.3 cb89cbfa16f47cb7bf1ec6ad9855e7b6d5203c18
c g++ (GCC) 6.3.0 -Wall -Wextra -O3 -DNDEBUG
c Fri Aug 23 08:17:16 CDT 2019 Linux login1 4.4.103-6.38-default x86_64
c 
c --- [ config ] -------------------------------------------------------------
c 
c using 'unsat' configuration (target unsatisfiable instances)
c 
c --- [ proof tracing ] ------------------------------------------------------
c 
c opening file to write '/tmp/46_65_0_six.drat'
c writing binary proof trace to '/tmp/46_65_0_six.drat'
c 
c --- [ parsing input ] ------------------------------------------------------
c 
c reading DIMACS file from '/tmp/46_65_0_six.cnf'
c opening file to read '/tmp/46_65_0_six.cnf'
c found 'p cnf 50176 399284' header
c parsed 399284 clauses in 0.13 seconds process time
c 
c --- [ options ] ------------------------------------------------------------
c 
c   --stabilize=false              (different from default 'true')
c   --walk=false                   (different from default 'true')
c 
c --- [ solving ] ------------------------------------------------------------
c 
c time measured in process time since initialization
c 
c  seconds  reductions  redundant  irredundant
c         MB    restarts       trail       variables
c          level   conflicts       glue         remaining
c 
c *  0.14 44  0 0   0    0    0  0% 0 365614 48349 96%
c {  0.14 45  0 0   0    0    0  0% 0 365614 48349 96%
c -  0.19 47 57 1  13  301  178  9% 8 351651 48349 96%
c I  0.24 48 76 1  84 1009  651  9% 11 351651 48349 96%
c -  0.33 60 90 2  89 1229  722 10% 11 351651 48349 96%
c -  0.49 60 81 3 184 2626 1340 11% 11 351651 48349 96%
c B  0.52 60 73 3 184 3012 1615 11% 11 351651 48349 96%
c -  0.70 60 64 4 235 4481 1985 12% 10 351651 48349 96%
c d  0.86 62 58 4 235 5000 2345 12% 10 346923 45985 92%
c 2  0.98 60 58 4 235 5000 2345 12% 10 341013 45985 92%
c p  1.15 63 58 4 235 5000 6111 12% 10 341013 45957 92%
c s  1.36 69 61 4 285 5839 6731 12% 10 341012 45957 92%
c v  1.59 69 61 4 285 5839 6731 12% 10 336712 45957 92%
c w  1.68 70 61 4 285 5839 6725 12% 10 336712 45957 92%
c t  1.71 70 61 4 285 5839 6722 12% 10 306557 45957 92%
c e  2.29 64 61 4 285 5839 2499 12% 10 287921 29293 58%
c s  2.38 70 61 4 285 5839 2496 12% 10 287921 29293 58%
c F  2.50 73 60 4 285 6013 2609  7% 10 287921 29293 58%
c -  2.57 73 59 5 356 6802 1160  6% 10 287921 29293 58%
c -  2.75 73 52 6 494 9428 2514  7% 10 287921 29293 58%
c 
c  seconds  reductions   redundant  irredundant
c         MB    restarts        trail       variables
c          level    conflicts       glue         remaining
c 
c B  2.78 74 50 6 504 10014 2928  7% 9 287921 29293 58%
c i  2.87 74 48 6 533 11433 4012  8% 9 287921 29213 58%
c i  2.89 74 47 6 560 11690 4230  8% 9 287921 29161 58%
c -  2.96 74 46 7 592 12501 3082  7% 9 276060 29161 58%
c 3  3.17 74 41 7 662 15001 24321  7% 9 276060 29161 58%
c 2  3.21 74 41 7 662 15001 24304  7% 9 276055 29161 58%
c p  3.36 74 41 7 662 15001 36274  7% 9 276055 28677 57%
c d  3.39 74 41 7 662 15001 28596  7% 9 257428 28672 57%
c d  3.40 74 41 7 662 15001 28580  7% 9 257418 28669 57%
c #  3.41 74 41 7 662 15017 28595  7% 9 257418 28669 57%
c -  3.49 74 40 8 667 15959 4595  7% 9 257418 28669 57%
c i  3.54 74 37 8 683 17025 5381  7% 9 257418 28648 57%
c i  3.55 74 36 8 683 17505 5747  7% 8 257418 28636 57%
c i  3.58 74 35 8 693 18108 6237  7% 8 257418 28550 57%
c i  3.58 74 35 8 693 18109 6237  7% 8 257418 28429 57%
c i  3.58 74 35 8 693 18134 6243  7% 8 257418 27863 56%
c }  3.58 74 35 8 693 18140 6247  7% 8 257418 27852 56%
c 0  3.58 74 35 8 693 18140 6247  7% 8 257418 27852 56%
c 
c --- [ result ] -------------------------------------------------------------
c 
s UNSATISFIABLE
c 
c --- [ run-time profiling ] -------------------------------------------------
c 
c process time taken by individual solving procedures
c (percentage relative to process time for solving)
c 
c         1.82   52.72% simplify
c         1.63   47.16% search
c         1.63   47.16% unstable
c         0.58   16.69% elim
c         0.32    9.39% probe
c         0.28    8.00% vivify
c         0.19    5.45% subsume
c         0.18    5.21% ternary
c   =================================
c         3.45   96.32% solve
c 
c last line shows process time for solving
c (percentage relative to total process time)
c 
c --- [ statistics ] ---------------------------------------------------------
c 
c backtracked:               82132       452.77 %  of conflicts
c chronological:              6494         7.91 %  of backtracks
c conflicts:                 18140      5254.92    per second
c decisions:                 81392     23578.22    per second
c eliminated:                16664        33.21 %  of all variables
c fixed:                      3288         6.55 %  of all variables
c learned:                   15967        88.02 %  per conflict
c minimized:                233899        29.22 %  learned literals
c propagations:            9767142         2.83 M  per second
c reduced:                    4328        23.86 %  per conflict
c rephased:                      5      3628.00    interval
c restarts:                    693        26.18    interval
c substituted:                2372         4.73 %  of all variables
c subsumed:                  12987         0.94 %  of all clauses
c strengthened:               3816         0.28 %  of all clauses
c ternary:                   27978         0.97 %  of resolved
c vivified:                   4479         0.33 %  of all clauses
c weakened:                 107929         4.02    average size
c 
c seconds are measured in process time for solving
c 
c --- [ resources ] ----------------------------------------------------------
c 
c total process time since initialization:         3.58    seconds
c total real time since initialization:            3.59    seconds
c maximum resident set size of process:           73.84    MB
c 
c --- [ shutting down ] ------------------------------------------------------
c 
c exit 20
