c --- [ banner ] -------------------------------------------------------------
c 
c CaDiCaL Radically Simplified CDCL SAT Solver
c Copyright (c) 2016-2019 Armin Biere, JKU Linz
c 
c Version 1.0.3 cb89cbfa16f47cb7bf1ec6ad9855e7b6d5203c18
c g++ (GCC) 6.3.0 -Wall -Wextra -O3 -DNDEBUG
c Fri Aug 23 08:17:16 CDT 2019 Linux login1 4.4.103-6.38-default x86_64
c 
c --- [ config ] -------------------------------------------------------------
c 
c using 'unsat' configuration (target unsatisfiable instances)
c 
c --- [ proof tracing ] ------------------------------------------------------
c 
c opening file to write '/tmp/45_821_0_four.drat'
c writing binary proof trace to '/tmp/45_821_0_four.drat'
c 
c --- [ parsing input ] ------------------------------------------------------
c 
c reading DIMACS file from '/tmp/45_821_0_four.cnf'
c opening file to read '/tmp/45_821_0_four.cnf'
c found 'p cnf 43008 265780' header
c parsed 265780 clauses in 0.10 seconds process time
c 
c --- [ options ] ------------------------------------------------------------
c 
c   --stabilize=false              (different from default 'true')
c   --walk=false                   (different from default 'true')
c 
c --- [ solving ] ------------------------------------------------------------
c 
c time measured in process time since initialization
c 
c  seconds  reductions  redundant  irredundant
c         MB    restarts       trail       variables
c          level   conflicts       glue         remaining
c 
c *  0.10 31  0 0   0    0    0  0% 0 243274 41574 97%
c {  0.10 32  0 0   0    0    0  0% 0 243274 41574 97%
c i  0.13 33 52 0  15  202  169  9% 10 243274 41546 97%
c -  0.15 33 48 1  19  301  223  7% 9 233085 41546 97%
c i  0.17 33 56 1  32  484  372  8% 10 233085 41520 97%
c I  0.21 34 61 1  48 1002  784  9% 9 233085 41520 97%
c -  0.29 42 60 2  48 1122  789  9% 9 232506 41520 97%
c i  0.35 42 58 2  75 1727 1273 10% 9 232506 41498 96%
c -  0.44 42 53 3 132 2355 1308  9% 9 231927 41498 96%
c B  0.50 42 51 3 172 3003 1831 10% 9 231927 41498 96%
c i  0.52 42 51 3 187 3074 1896 10% 9 231927 41345 96%
c i  0.56 42 46 3 191 3669 2353 10% 9 231927 41335 96%
c i  0.56 42 46 3 192 3670 2353 10% 9 231927 39689 92%
c i  0.56 42 46 3 192 3740 2406 10% 8 231927 39347 91%
c }  0.56 42 46 3 192 3742 2406 10% 8 231927 39161 91%
c 0  0.56 42 46 3 192 3742 2406 10% 8 231927 39161 91%
c 
c --- [ result ] -------------------------------------------------------------
c 
s UNSATISFIABLE
c 
c --- [ run-time profiling ] -------------------------------------------------
c 
c process time taken by individual solving procedures
c (percentage relative to process time for solving)
c 
c         0.46  100.00% search
c         0.46  100.00% unstable
c         0.00    0.00% simplify
c   =================================
c         0.46   81.56% solve
c 
c last line shows process time for solving
c (percentage relative to total process time)
c 
c --- [ statistics ] ---------------------------------------------------------
c 
c backtracked:                4511       120.55 %  of conflicts
c chronological:              1585        35.14 %  of backtracks
c conflicts:                  3742      8134.78    per second
c decisions:                 19684     42791.30    per second
c fixed:                      3847         8.94 %  of all variables
c learned:                    3146        84.07 %  per conflict
c minimized:                 28642        23.53 %  learned literals
c propagations:            1603603         3.49 M  per second
c reduced:                     542        14.48 %  per conflict
c rephased:                      2      1871.00    interval
c restarts:                    192        19.49    interval
c subsumed:                    188         0.04 %  of all clauses
c 
c seconds are measured in process time for solving
c 
c --- [ resources ] ----------------------------------------------------------
c 
c total process time since initialization:         0.56    seconds
c total real time since initialization:            0.57    seconds
c maximum resident set size of process:           48.00    MB
c 
c --- [ shutting down ] ------------------------------------------------------
c 
c exit 20
