c --- [ banner ] -------------------------------------------------------------
c 
c CaDiCaL Radically Simplified CDCL SAT Solver
c Copyright (c) 2016-2019 Armin Biere, JKU Linz
c 
c Version 1.0.3 cb89cbfa16f47cb7bf1ec6ad9855e7b6d5203c18
c g++ (GCC) 6.3.0 -Wall -Wextra -O3 -DNDEBUG
c Fri Aug 23 08:17:16 CDT 2019 Linux login1 4.4.103-6.38-default x86_64
c 
c --- [ config ] -------------------------------------------------------------
c 
c using 'unsat' configuration (target unsatisfiable instances)
c 
c --- [ proof tracing ] ------------------------------------------------------
c 
c opening file to write '/tmp/56_660_0_three.drat'
c writing binary proof trace to '/tmp/56_660_0_three.drat'
c 
c --- [ parsing input ] ------------------------------------------------------
c 
c reading DIMACS file from '/tmp/56_660_0_three.cnf'
c opening file to read '/tmp/56_660_0_three.cnf'
c found 'p cnf 202048 780985' header
c parsed 780985 clauses in 0.33 seconds process time
c 
c --- [ options ] ------------------------------------------------------------
c 
c   --stabilize=false              (different from default 'true')
c   --walk=false                   (different from default 'true')
c 
c --- [ solving ] ------------------------------------------------------------
c 
c time measured in process time since initialization
c 
c  seconds  reductions  redundant  irredundant
c         MB    restarts       trail       variables
c          level   conflicts       glue          remaining
c 
c *  0.34 97  0 0   0    0    0  0% 0 780480 197293 98%
c {  0.36 99  0 0   0    0    0  0% 0 780480 197293 98%
c -  0.54 104 236 1  12  300  180  6% 4 691227 197293 98%
c I  0.98 109 68 1 153 1005  830  7% 7 691227 197293 98%
c -  1.41 127 50 2 173 1403 1172  7% 7 691227 197293 98%
c B  2.28 127 33 2 343 3006 2615  7% 8 691227 197293 98%
c -  2.51 127 33 3 353 3058 2163  7% 8 691227 197293 98%
c s  3.52 113 30 3 411 3969 2939  8% 8 691227 197293 98%
c w  4.69 135 30 3 411 3969 2936  8% 8 691227 197293 98%
c t  4.74 135 30 3 411 3969 2936  8% 8 690603 197293 98%
c e  6.46 136 30 3 411 3969   11  8% 8 169935 25826 13%
c s  6.62 154 30 3 411 3969   11  8% 8 169816 25826 13%
c e  6.83 155 30 3 411 3969   11  8% 8 169805 25788 13%
c 3  7.09 155 29 3 441 5000 2609  5% 8 169805 25788 13%
c 3  7.10 155 29 3 441 5000 2897  5% 8 169805 25788 13%
c d  7.14 155 29 3 441 5000 2825  5% 8 169805 25780 13%
c 2  7.15 155 29 3 441 5000 2809  5% 8 169805 25780 13%
c p  7.20 155 29 3 441 5000 4048  5% 8 169805 25780 13%
c -  7.27 155 28 4 443 5269 1276  5% 8 169805 25780 13%
c i  7.30 155 27 4 461 5689 1629  5% 7 169805 25753 13%
c 
c  seconds   reductions  redundant  irredundant
c          MB    restarts       trail       variables
c           level   conflicts       glue         remaining
c 
c F  7.32 155 27 4 471 6008 1903  5% 7 169805 25753 13%
c i  7.34 155 26 4 476 6253 2108  5% 7 169805 25648 13%
c }  7.34 155 26 4 476 6257 2109  5% 7 169805 25613 13%
c 0  7.34 155 26 4 476 6257 2109  5% 7 169805 25613 13%
c 
c --- [ result ] -------------------------------------------------------------
c 
s UNSATISFIABLE
c 
c --- [ run-time profiling ] -------------------------------------------------
c 
c process time taken by individual solving procedures
c (percentage relative to process time for solving)
c 
c         3.76   53.62% simplify
c         3.24   46.21% search
c         3.22   45.98% unstable
c         1.86   26.58% elim
c         1.06   15.12% vivify
c         0.60    8.61% subsume
c         0.06    0.91% ternary
c         0.05    0.68% probe
c         0.02    0.23% lucky
c   =================================
c         7.01   95.48% solve
c 
c last line shows process time for solving
c (percentage relative to total process time)
c 
c --- [ statistics ] ---------------------------------------------------------
c 
c backtracked:               19159       306.20 %  of conflicts
c chronological:              2683        14.00 %  of backtracks
c conflicts:                  6257       892.33    per second
c decisions:                 26065      3717.20    per second
c eliminated:               171505        84.88 %  of all variables
c fixed:                      4922         2.44 %  of all variables
c learned:                    5929        94.76 %  per conflict
c minimized:                 50441        28.63 %  learned literals
c propagations:           12428685         1.77 M  per second
c reduced:                     525         8.39 %  per conflict
c rephased:                      3      2085.67    interval
c restarts:                    476        13.14    interval
c substituted:                   8         0.00 %  of all variables
c subsumed:                   3998         0.17 %  of all clauses
c strengthened:               9975         0.44 %  of all clauses
c ternary:                    2255         0.29 %  of resolved
c vivified:                    108         0.00 %  of all clauses
c weakened:                 608938         2.85    average size
c 
c seconds are measured in process time for solving
c 
c --- [ resources ] ----------------------------------------------------------
c 
c total process time since initialization:         7.34    seconds
c total real time since initialization:            7.35    seconds
c maximum resident set size of process:          156.55    MB
c 
c --- [ shutting down ] ------------------------------------------------------
c 
c exit 20
