c --- [ banner ] -------------------------------------------------------------
c 
c CaDiCaL Radically Simplified CDCL SAT Solver
c Copyright (c) 2016-2019 Armin Biere, JKU Linz
c 
c Version 1.0.3 cb89cbfa16f47cb7bf1ec6ad9855e7b6d5203c18
c g++ (GCC) 6.3.0 -Wall -Wextra -O3 -DNDEBUG
c Fri Aug 23 08:17:16 CDT 2019 Linux login1 4.4.103-6.38-default x86_64
c 
c --- [ config ] -------------------------------------------------------------
c 
c using 'unsat' configuration (target unsatisfiable instances)
c 
c --- [ proof tracing ] ------------------------------------------------------
c 
c opening file to write '/tmp/5_34_0_three.drat'
c writing binary proof trace to '/tmp/5_34_0_three.drat'
c 
c --- [ parsing input ] ------------------------------------------------------
c 
c reading DIMACS file from '/tmp/5_34_0_three.cnf'
c opening file to read '/tmp/5_34_0_three.cnf'
c found 'p cnf 202048 780990' header
c parsed 780990 clauses in 0.32 seconds process time
c 
c --- [ options ] ------------------------------------------------------------
c 
c   --stabilize=false              (different from default 'true')
c   --walk=false                   (different from default 'true')
c 
c --- [ solving ] ------------------------------------------------------------
c 
c time measured in process time since initialization
c 
c  seconds  reductions  redundant  irredundant
c         MB    restarts       trail       variables
c          level   conflicts       glue          remaining
c 
c *  0.33 97  0 0   0    0    0  0% 0 780480 196508 97%
c {  0.35 99  0 0   0    0    0  0% 0 780480 196508 97%
c -  0.52 104 292 1   7  300  173  6% 4 681699 196508 97%
c I  0.97 109 76 1 177 1003  844  6% 7 681699 196508 97%
c -  1.39 127 59 2 227 1401 1197  7% 7 681699 196508 97%
c B  2.29 127 35 2 388 3005 2639  8% 8 681699 196508 97%
c -  2.46 127 35 3 388 3051 2182  8% 8 681699 196508 97%
c i  2.48 127 34 3 388 3135 2243  8% 8 681699 196395 97%
c }  2.51 127 33 3 388 3253 2319  8% 8 681699 195110 97%
c 0  2.51 127 33 3 388 3253 2319  8% 8 681699 195110 97%
c 
c --- [ result ] -------------------------------------------------------------
c 
s UNSATISFIABLE
c 
c --- [ run-time profiling ] -------------------------------------------------
c 
c process time taken by individual solving procedures
c (percentage relative to process time for solving)
c 
c         2.18   99.27% search
c         2.16   98.54% unstable
c         0.02    0.73% lucky
c         0.00    0.00% simplify
c   =================================
c         2.20   87.42% solve
c 
c last line shows process time for solving
c (percentage relative to total process time)
c 
c --- [ statistics ] ---------------------------------------------------------
c 
c backtracked:                4213       129.51 %  of conflicts
c chronological:              1448        34.37 %  of backtracks
c conflicts:                  3253      1481.33    per second
c decisions:                 19407      8837.43    per second
c fixed:                      6938         3.43 %  of all variables
c learned:                    3092        95.05 %  per conflict
c minimized:                 24983        27.25 %  learned literals
c propagations:            7811982         3.56 M  per second
c reduced:                     512        15.74 %  per conflict
c rephased:                      2      1626.50    interval
c restarts:                    388         8.38    interval
c subsumed:                    259         0.02 %  of all clauses
c 
c seconds are measured in process time for solving
c 
c --- [ resources ] ----------------------------------------------------------
c 
c total process time since initialization:         2.51    seconds
c total real time since initialization:            2.51    seconds
c maximum resident set size of process:          144.74    MB
c 
c --- [ shutting down ] ------------------------------------------------------
c 
c exit 20
