c --- [ banner ] -------------------------------------------------------------
c 
c CaDiCaL Radically Simplified CDCL SAT Solver
c Copyright (c) 2016-2019 Armin Biere, JKU Linz
c 
c Version 1.0.3 cb89cbfa16f47cb7bf1ec6ad9855e7b6d5203c18
c g++ (GCC) 6.3.0 -Wall -Wextra -O3 -DNDEBUG
c Fri Aug 23 08:17:16 CDT 2019 Linux login1 4.4.103-6.38-default x86_64
c 
c --- [ config ] -------------------------------------------------------------
c 
c using 'unsat' configuration (target unsatisfiable instances)
c 
c --- [ proof tracing ] ------------------------------------------------------
c 
c opening file to write '/tmp/34_49_0_three.drat'
c writing binary proof trace to '/tmp/34_49_0_three.drat'
c 
c --- [ parsing input ] ------------------------------------------------------
c 
c reading DIMACS file from '/tmp/34_49_0_three.cnf'
c opening file to read '/tmp/34_49_0_three.cnf'
c found 'p cnf 202048 780985' header
c parsed 780985 clauses in 0.48 seconds process time
c 
c --- [ options ] ------------------------------------------------------------
c 
c   --stabilize=false              (different from default 'true')
c   --walk=false                   (different from default 'true')
c 
c --- [ solving ] ------------------------------------------------------------
c 
c time measured in process time since initialization
c 
c  seconds  reductions  redundant  irredundant
c         MB    restarts       trail       variables
c          level   conflicts       glue          remaining
c 
c *  0.50 97  0 0   0    0    0  0% 0 780480 196997 98%
c {  0.52 99  0 0   0    0    0  0% 0 780480 196997 98%
c -  0.71 104 264 1  16  301  179  5% 4 688035 196997 98%
c I  1.23 109 72 1 135 1006  829  7% 7 688035 196997 98%
c -  1.76 127 55 2 180 1403 1158  7% 7 688035 196997 98%
c B  2.92 127 33 2 294 3012 2626  9% 7 688035 196997 98%
c i  2.94 127 33 2 294 3041 2648  9% 7 688035 196967 97%
c -  3.12 127 33 3 294 3057 2191  9% 7 687505 196967 97%
c i  3.19 127 32 3 294 3127 2249  9% 7 687505 196850 97%
c }  3.19 127 32 3 294 3131 2251  9% 7 687505 193546 96%
c 0  3.19 127 32 3 294 3131 2251  9% 7 687505 193546 96%
c 
c --- [ result ] -------------------------------------------------------------
c 
s UNSATISFIABLE
c 
c --- [ run-time profiling ] -------------------------------------------------
c 
c process time taken by individual solving procedures
c (percentage relative to process time for solving)
c 
c         2.69   99.26% search
c         2.67   98.52% unstable
c         0.02    0.59% lucky
c         0.00    0.00% simplify
c   =================================
c         2.71   84.84% solve
c 
c last line shows process time for solving
c (percentage relative to total process time)
c 
c --- [ statistics ] ---------------------------------------------------------
c 
c backtracked:                3931       125.55 %  of conflicts
c chronological:              1349        34.32 %  of backtracks
c conflicts:                  3131      1156.20    per second
c decisions:                 15517      5730.06    per second
c fixed:                      8502         4.21 %  of all variables
c learned:                    2948        94.16 %  per conflict
c minimized:                 23548        26.49 %  learned literals
c propagations:            8029113         2.96 M  per second
c reduced:                     491        15.68 %  per conflict
c rephased:                      2      1565.50    interval
c restarts:                    294        10.65    interval
c subsumed:                    202         0.01 %  of all clauses
c 
c seconds are measured in process time for solving
c 
c --- [ resources ] ----------------------------------------------------------
c 
c total process time since initialization:         3.19    seconds
c total real time since initialization:            3.19    seconds
c maximum resident set size of process:          144.54    MB
c 
c --- [ shutting down ] ------------------------------------------------------
c 
c exit 20
