c --- [ banner ] -------------------------------------------------------------
c 
c CaDiCaL Radically Simplified CDCL SAT Solver
c Copyright (c) 2016-2019 Armin Biere, JKU Linz
c 
c Version 1.0.3 cb89cbfa16f47cb7bf1ec6ad9855e7b6d5203c18
c g++ (GCC) 6.3.0 -Wall -Wextra -O3 -DNDEBUG
c Fri Aug 23 08:17:16 CDT 2019 Linux login1 4.4.103-6.38-default x86_64
c 
c --- [ config ] -------------------------------------------------------------
c 
c using 'unsat' configuration (target unsatisfiable instances)
c 
c --- [ proof tracing ] ------------------------------------------------------
c 
c opening file to write '/tmp/84_671_0_four.drat'
c writing binary proof trace to '/tmp/84_671_0_four.drat'
c 
c --- [ parsing input ] ------------------------------------------------------
c 
c reading DIMACS file from '/tmp/84_671_0_four.cnf'
c opening file to read '/tmp/84_671_0_four.cnf'
c found 'p cnf 43008 265775' header
c parsed 265775 clauses in 0.11 seconds process time
c 
c --- [ options ] ------------------------------------------------------------
c 
c   --stabilize=false              (different from default 'true')
c   --walk=false                   (different from default 'true')
c 
c --- [ solving ] ------------------------------------------------------------
c 
c time measured in process time since initialization
c 
c  seconds  reductions  redundant  irredundant
c         MB    restarts       trail       variables
c          level   conflicts       glue         remaining
c 
c *  0.11 31  0 0   0    0    0  0% 0 245204 41736 97%
c {  0.11 32  0 0   0    0    0  0% 0 245204 41736 97%
c -  0.15 33 35 1   4  300  207  7% 7 237692 41736 97%
c I  0.21 34 65 1  70 1021  728  9% 10 237692 41736 97%
c -  0.28 42 59 2  70 1126  723  9% 9 237692 41736 97%
c i  0.31 42 55 2  79 1402  915  9% 9 237692 41654 97%
c i  0.31 42 54 2  79 1459  955  9% 9 237692 41592 97%
c i  0.32 42 53 2  91 1582 1054  9% 9 237692 41562 97%
c i  0.35 42 49 2  99 1957 1351  9% 9 237692 41174 96%
c i  0.35 42 48 2 102 1978 1370  9% 9 237692 41105 96%
c i  0.35 42 48 2 102 1981 1372  9% 9 237692 40881 95%
c }  0.35 42 48 2 102 1985 1370  9% 9 237692 39878 93%
c 0  0.36 42 48 2 102 1985 1370  9% 9 237692 39878 93%
c 
c --- [ result ] -------------------------------------------------------------
c 
s UNSATISFIABLE
c 
c --- [ run-time profiling ] -------------------------------------------------
c 
c process time taken by individual solving procedures
c (percentage relative to process time for solving)
c 
c         0.25  100.00% search
c         0.24   96.77% unstable
c         0.00    1.61% lucky
c         0.00    0.00% simplify
c   =================================
c         0.25   69.66% solve
c 
c last line shows process time for solving
c (percentage relative to total process time)
c 
c --- [ statistics ] ---------------------------------------------------------
c 
c backtracked:                2386       120.20 %  of conflicts
c chronological:               807        33.82 %  of backtracks
c conflicts:                  1985      8004.03    per second
c decisions:                 11233     45294.35    per second
c fixed:                      3130         7.28 %  of all variables
c learned:                    1593        80.25 %  per conflict
c minimized:                 14506        23.66 %  learned literals
c propagations:             765230         3.09 M  per second
c reduced:                      97         4.89 %  per conflict
c rephased:                      1      1985.00    interval
c restarts:                    102        19.46    interval
c subsumed:                    118         0.02 %  of all clauses
c 
c seconds are measured in process time for solving
c 
c --- [ resources ] ----------------------------------------------------------
c 
c total process time since initialization:         0.36    seconds
c total real time since initialization:            0.36    seconds
c maximum resident set size of process:           42.38    MB
c 
c --- [ shutting down ] ------------------------------------------------------
c 
c exit 20
