c --- [ banner ] -------------------------------------------------------------
c 
c CaDiCaL Radically Simplified CDCL SAT Solver
c Copyright (c) 2016-2019 Armin Biere, JKU Linz
c 
c Version 1.0.3 cb89cbfa16f47cb7bf1ec6ad9855e7b6d5203c18
c g++ (GCC) 6.3.0 -Wall -Wextra -O3 -DNDEBUG
c Fri Aug 23 08:17:16 CDT 2019 Linux login1 4.4.103-6.38-default x86_64
c 
c --- [ config ] -------------------------------------------------------------
c 
c using 'unsat' configuration (target unsatisfiable instances)
c 
c --- [ proof tracing ] ------------------------------------------------------
c 
c opening file to write '/tmp/55_1253_0_four.drat'
c writing binary proof trace to '/tmp/55_1253_0_four.drat'
c 
c --- [ parsing input ] ------------------------------------------------------
c 
c reading DIMACS file from '/tmp/55_1253_0_four.cnf'
c opening file to read '/tmp/55_1253_0_four.cnf'
c found 'p cnf 259840 1039924' header
c parsed 1039924 clauses in 0.34 seconds process time
c 
c --- [ options ] ------------------------------------------------------------
c 
c   --stabilize=false              (different from default 'true')
c   --walk=false                   (different from default 'true')
c 
c --- [ solving ] ------------------------------------------------------------
c 
c time measured in process time since initialization
c 
c  seconds   reductions  redundant   irredundant
c          MB    restarts       trail        variables
c           level   conflicts       glue           remaining
c 
c *  0.36 139  0 0   0    0    0  0% 0 1039424 253402 98%
c {  0.38 142  0 0   0    0    0  0% 0 1039424 253402 98%
c -  0.55 148 249 1  15  301  189  6% 5 914010 253402 98%
c i  0.72 148 93 1  86  851  648  6% 8 914010 253284 97%
c i  0.72 148 93 1  86  852  648  6% 8 914010 252037 97%
c i  0.72 148 93 1  86  853  648  6% 8 914010 251911 97%
c I  0.76 148 75 1  86 1002  783  7% 7 914010 251911 97%
c i  0.79 148 65 1  86 1152  906  7% 7 914010 251767 97%
c i  0.85 148 63 1 100 1275 1017  7% 7 914010 249902 96%
c -  1.17 177 60 2 149 1478  953  7% 8 869050 249902 96%
c }  1.19 177 60 2 153 1499  970  7% 8 869050 247311 95%
c 0  1.19 177 60 2 153 1499  970  7% 8 869050 247311 95%
c 
c --- [ result ] -------------------------------------------------------------
c 
s UNSATISFIABLE
c 
c --- [ run-time profiling ] -------------------------------------------------
c 
c process time taken by individual solving procedures
c (percentage relative to process time for solving)
c 
c         0.83   98.11% search
c         0.81   95.75% unstable
c         0.02    2.36% lucky
c         0.00    0.00% simplify
c   =================================
c         0.85   71.14% solve
c 
c last line shows process time for solving
c (percentage relative to total process time)
c 
c --- [ statistics ] ---------------------------------------------------------
c 
c backtracked:                1912       127.55 %  of conflicts
c chronological:               705        36.87 %  of backtracks
c conflicts:                  1499      1767.69    per second
c decisions:                 11209     13218.16    per second
c fixed:                     12529         4.82 %  of all variables
c learned:                    1386        92.46 %  per conflict
c minimized:                  9109        22.33 %  learned literals
c propagations:            3422891         4.04 M  per second
c reduced:                      27         1.80 %  per conflict
c rephased:                      1      1499.00    interval
c restarts:                    153         9.80    interval
c subsumed:                    154         0.01 %  of all clauses
c 
c seconds are measured in process time for solving
c 
c --- [ resources ] ----------------------------------------------------------
c 
c total process time since initialization:         1.19    seconds
c total real time since initialization:            1.19    seconds
c maximum resident set size of process:          176.94    MB
c 
c --- [ shutting down ] ------------------------------------------------------
c 
c exit 20
