c --- [ banner ] -------------------------------------------------------------
c 
c CaDiCaL Radically Simplified CDCL SAT Solver
c Copyright (c) 2016-2019 Armin Biere, JKU Linz
c 
c Version 1.0.3 cb89cbfa16f47cb7bf1ec6ad9855e7b6d5203c18
c g++ (GCC) 6.3.0 -Wall -Wextra -O3 -DNDEBUG
c Fri Aug 23 08:17:16 CDT 2019 Linux login1 4.4.103-6.38-default x86_64
c 
c --- [ config ] -------------------------------------------------------------
c 
c using 'unsat' configuration (target unsatisfiable instances)
c 
c --- [ proof tracing ] ------------------------------------------------------
c 
c opening file to write '/tmp/63_348_0_four.drat'
c writing binary proof trace to '/tmp/63_348_0_four.drat'
c 
c --- [ parsing input ] ------------------------------------------------------
c 
c reading DIMACS file from '/tmp/63_348_0_four.cnf'
c opening file to read '/tmp/63_348_0_four.cnf'
c found 'p cnf 259840 1039919' header
c parsed 1039919 clauses in 0.45 seconds process time
c 
c --- [ options ] ------------------------------------------------------------
c 
c   --stabilize=false              (different from default 'true')
c   --walk=false                   (different from default 'true')
c 
c --- [ solving ] ------------------------------------------------------------
c 
c time measured in process time since initialization
c 
c  seconds   reductions  redundant   irredundant
c          MB    restarts       trail        variables
c           level   conflicts       glue           remaining
c 
c *  0.46 139  0 0   0    0    0  0% 0 1039424 254772 98%
c {  0.48 142  0 0   0    0    0  0% 0 1039424 254772 98%
c -  0.67 146 257 1  11  302  189  5% 5 935027 254772 98%
c I  1.18 146 92 1 171 1002  802  5% 10 935027 254772 98%
c -  1.68 178 80 2 173 1484 1201  6% 9 935027 254772 98%
c B  2.62 178 60 2 344 3004 2542  7% 9 935027 254772 98%
c -  3.14 178 62 3 413 3257 2207  7% 10 935027 254772 98%
c s  4.37 159 54 3 456 4062 2900  7% 9 935027 254772 98%
c w  5.98 182 54 3 456 4062 2897  7% 9 935027 254772 98%
c t  6.04 182 54 3 456 4062 2897  7% 9 934161 254772 98%
c e  8.82 201 54 3 456 4062   33  7% 9 233249 28580 11%
c s  9.06 202 54 3 456 4062   33  7% 9 232971 28580 11%
c e  9.38 202 54 3 456 4062   31  7% 9 232971 28446 11%
c 3  9.73 202 54 3 575 5001 4150  6% 10 232971 28446 11%
c 3  9.75 202 54 3 575 5001 4672  6% 10 232971 28446 11%
c d  9.80 202 54 3 575 5001 4590  6% 10 232971 28437 11%
c 2  9.82 202 54 3 575 5001 4572  6% 10 232971 28437 11%
c p  9.88 202 54 3 575 5001 5146  6% 10 232971 28437 11%
c - 10.01 146 53 4 585 5621 1564  7% 10 232971 28437 11%
c F 10.03 146 51 4 585 6007 1896  7% 9 232971 28437 11%
c 
c  seconds   reductions  redundant  irredundant
c          MB    restarts       trail       variables
c           level   conflicts       glue         remaining
c 
c - 10.20 146 44 5 604 7671 2480  7% 9 232971 28437 11%
c B 10.40 146 39 5 680 10008 4512  7% 9 232971 28437 11%
c i 10.40 146 39 5 680 10009 4512  7% 9 232971 28429 11%
c - 10.45 146 38 6 680 10133 3232  7% 9 232389 28429 11%
c i 10.47 146 38 6 683 10212 3307  7% 9 232389 28363 11%
c i 10.51 146 37 6 698 10758 3764  7% 9 232389 28343 11%
c i 10.65 146 35 6 731 12162 5017  8% 9 232389 28314 11%
c - 10.76 146 34 7 764 13002 3766  7% 9 226819 28314 11%
c d 10.96 146 33 7 877 15001 5488  7% 8 226153 27981 11%
c 3 11.00 146 33 7 877 15001 7387  7% 8 226153 27981 11%
c 3 11.02 146 33 7 877 15001 8281  7% 8 226153 27981 11%
c d 11.07 146 33 7 877 15001 7801  7% 8 226153 27901 11%
c 2 11.10 146 33 7 877 15001 7634  7% 8 226148 27901 11%
c p 11.23 146 33 7 877 15001 11592  7% 8 226148 27806 11%
c d 11.26 146 33 7 877 15001 10485  7% 8 219788 27801 11%
c d 11.28 146 33 7 877 15001 10443  7% 8 219346 27591 11%
c # 11.28 146 33 7 879 15009 10451  7% 8 219346 27591 11%
c s 11.45 146 32 7 910 16199 10379  7% 8 218937 27591 11%
c v 11.69 146 32 7 910 16199 10379  7% 8 215454 27591 11%
c w 11.77 146 32 7 910 16199 9943  7% 8 215454 27552 11%
c 
c  seconds   reductions   redundant  irredundant
c          MB    restarts        trail       variables
c           level    conflicts       glue         remaining
c 
c t 11.79 146 32 7 910 16199 9667  7% 8 198362 27552 11%
c e 12.04 147 32 7 910 16199 5619  7% 8 188795 21680  8%
c s 12.13 147 32 7 910 16199 5476  7% 8 187674 21680  8%
c e 12.22 147 32 7 910 16199 4742  7% 8 187279 21634  8%
c - 12.38 147 32 8 910 16256 2809  7% 8 187279 21634  8%
c i 12.67 147 30 8 975 19665 5685  5% 8 187279 21628  8%
c - 12.70 147 30 9 975 19691 3771  5% 8 186687 21628  8%
c i 12.73 147 29 9 975 20298 4267  4% 8 186687 21613  8%
c i 12.74 147 29 9 975 20468 4380  4% 8 186687 21610  8%
c i 12.74 147 29 9 975 20561 4433  4% 8 186687 21606  8%
c i 12.74 147 29 9 975 20587 4451  4% 8 186687 21605  8%
c i 12.74 147 29 9 975 20591 4448  4% 8 186687 21586  8%
c i 12.74 147 29 9 975 20592 4448  4% 8 186687 21509  8%
c } 12.74 147 29 9 975 20594 4448  4% 8 186687 21404  8%
c 0 12.74 147 29 9 975 20594 4448  4% 8 186687 21404  8%
c 
c --- [ result ] -------------------------------------------------------------
c 
s UNSATISFIABLE
c 
c --- [ run-time profiling ] -------------------------------------------------
c 
c process time taken by individual solving procedures
c (percentage relative to process time for solving)
c 
c         6.85   55.73% simplify
c         5.43   44.14% search
c         5.41   43.98% unstable
c         3.35   27.23% elim
c         1.76   14.35% vivify
c         1.07    8.72% subsume
c         0.20    1.59% probe
c         0.16    1.33% ternary
c         0.02    0.16% lucky
c   =================================
c        12.30   96.48% solve
c 
c last line shows process time for solving
c (percentage relative to total process time)
c 
c --- [ statistics ] ---------------------------------------------------------
c 
c backtracked:               64688       314.11 %  of conflicts
c chronological:              7942        12.28 %  of backtracks
c conflicts:                 20594      1674.85    per second
c decisions:                 90674      7374.27    per second
c eliminated:               232242        89.38 %  of all variables
c fixed:                      5557         2.14 %  of all variables
c learned:                   19565        95.00 %  per conflict
c minimized:                192126        28.21 %  learned literals
c propagations:           19366590         1.58 M  per second
c reduced:                    6211        30.16 %  per conflict
c rephased:                      5      4118.80    interval
c restarts:                    975        21.12    interval
c substituted:                 637         0.25 %  of all variables
c subsumed:                  15177         0.48 %  of all clauses
c strengthened:              22825         0.72 %  of all clauses
c ternary:                    8248         0.41 %  of resolved
c vivified:                   4316         0.14 %  of all clauses
c weakened:                 858124         2.92    average size
c 
c seconds are measured in process time for solving
c 
c --- [ resources ] ----------------------------------------------------------
c 
c total process time since initialization:        12.74    seconds
c total real time since initialization:           12.75    seconds
c maximum resident set size of process:          213.05    MB
c 
c --- [ shutting down ] ------------------------------------------------------
c 
c exit 20
