c --- [ banner ] -------------------------------------------------------------
c 
c CaDiCaL Radically Simplified CDCL SAT Solver
c Copyright (c) 2016-2019 Armin Biere, JKU Linz
c 
c Version 1.0.3 cb89cbfa16f47cb7bf1ec6ad9855e7b6d5203c18
c g++ (GCC) 6.3.0 -Wall -Wextra -O3 -DNDEBUG
c Fri Aug 23 08:17:16 CDT 2019 Linux login1 4.4.103-6.38-default x86_64
c 
c --- [ config ] -------------------------------------------------------------
c 
c using 'unsat' configuration (target unsatisfiable instances)
c 
c --- [ proof tracing ] ------------------------------------------------------
c 
c opening file to write '/tmp/63_702_0_four.drat'
c writing binary proof trace to '/tmp/63_702_0_four.drat'
c 
c --- [ parsing input ] ------------------------------------------------------
c 
c reading DIMACS file from '/tmp/63_702_0_four.cnf'
c opening file to read '/tmp/63_702_0_four.cnf'
c found 'p cnf 259840 1039919' header
c parsed 1039919 clauses in 0.48 seconds process time
c 
c --- [ options ] ------------------------------------------------------------
c 
c   --stabilize=false              (different from default 'true')
c   --walk=false                   (different from default 'true')
c 
c --- [ solving ] ------------------------------------------------------------
c 
c time measured in process time since initialization
c 
c  seconds   reductions  redundant   irredundant
c          MB    restarts       trail        variables
c           level   conflicts       glue           remaining
c 
c *  0.50 139  0 0   0    0    0  0% 0 1039424 254651 98%
c {  0.52 142  0 0   0    0    0  0% 0 1039424 254651 98%
c -  0.68 145 251 1   9  300  179  5% 4 932936 254651 98%
c i  0.86 145 122 1  67  556  389  5% 8 932936 254619 98%
c I  1.16 145 79 1 141 1003  776  6% 9 932936 254619 98%
c -  2.00 176 68 2 231 1484 1173  6% 10 932394 254619 98%
c i  2.52 177 55 2 263 2504 2044  7% 10 932394 254504 98%
c B  2.73 177 51 2 304 3010 2478  7% 10 932394 254504 98%
c -  3.21 177 51 3 310 3256 2074  7% 10 930307 254504 98%
c i  3.56 177 52 3 343 3531 2324  8% 10 930307 253946 98%
c i  3.59 177 52 3 343 3586 2368  8% 10 930307 253667 98%
c s  4.58 202 48 3 343 4059 2755  8% 9 930307 253525 98%
c w  6.17 202 48 3 343 4059 2733  8% 9 930261 252771 97%
c t  6.24 202 48 3 343 4059 2733  8% 9 929632 252771 97%
c e  8.94 206 48 3 343 4059   37  8% 9 222743 27656 11%
c s  9.17 206 48 3 343 4059   37  8% 9 222470 27656 11%
c e  9.48 144 48 3 343 4059   34  8% 9 222470 27554 11%
c d  9.74 168 42 3 353 5003  795  4% 9 222460 27551 11%
c 3  9.80 168 42 3 353 5003 4274  4% 9 222460 27551 11%
c 3  9.82 168 42 3 353 5003 4373  4% 9 222460 27551 11%
c 
c  seconds   reductions  redundant  irredundant
c          MB    restarts       trail       variables
c           level   conflicts       glue         remaining
c 
c d  9.86 168 42 3 353 5003 4343  4% 9 222460 27546 11%
c 2  9.88 168 42 3 353 5003 4333  4% 9 222453 27545 11%
c p 10.09 168 42 3 353 5003 8388  4% 9 222453 27476 11%
c d 10.12 168 42 3 353 5003 7305  4% 9 218007 27475 11%
c d 10.14 168 42 3 353 5003 7280  4% 9 217567 27255 10%
c - 10.26 168 41 4 357 5621 1891  8% 9 217567 27255 10%
c F 10.31 168 40 4 367 6011 2237  7% 9 217567 27255 10%
c i 10.32 168 40 4 370 6099 2301  8% 9 217567 27232 10%
c } 10.32 168 40 4 370 6102 2302  8% 9 217567 26716 10%
c 0 10.32 168 40 4 370 6102 2302  8% 9 217567 26716 10%
c 
c --- [ result ] -------------------------------------------------------------
c 
s UNSATISFIABLE
c 
c --- [ run-time profiling ] -------------------------------------------------
c 
c process time taken by individual solving procedures
c (percentage relative to process time for solving)
c 
c         5.75   58.41% simplify
c         4.08   41.42% search
c         4.06   41.22% unstable
c         2.94   29.88% elim
c         1.46   14.88% vivify
c         0.86    8.78% subsume
c         0.21    2.11% probe
c         0.09    0.93% ternary
c         0.02    0.20% lucky
c   =================================
c         9.84   95.31% solve
c 
c last line shows process time for solving
c (percentage relative to total process time)
c 
c --- [ statistics ] ---------------------------------------------------------
c 
c backtracked:               30823       505.13 %  of conflicts
c chronological:              2440         7.92 %  of backtracks
c conflicts:                  6102       620.12    per second
c decisions:                 29343      2982.01    per second
c eliminated:               225217        86.68 %  of all variables
c fixed:                      7678         2.95 %  of all variables
c learned:                    5544        90.86 %  per conflict
c minimized:                 45137        23.40 %  learned literals
c propagations:           14346999         1.46 M  per second
c reduced:                     652        10.69 %  per conflict
c rephased:                      3      2034.00    interval
c restarts:                    370        16.49    interval
c substituted:                 229         0.09 %  of all variables
c subsumed:                   5738         0.19 %  of all clauses
c strengthened:              15305         0.50 %  of all clauses
c ternary:                    4046         0.29 %  of resolved
c vivified:                     86         0.00 %  of all clauses
c weakened:                 794963         2.85    average size
c 
c seconds are measured in process time for solving
c 
c --- [ resources ] ----------------------------------------------------------
c 
c total process time since initialization:        10.32    seconds
c total real time since initialization:           10.33    seconds
c maximum resident set size of process:          212.20    MB
c 
c --- [ shutting down ] ------------------------------------------------------
c 
c exit 20
