c --- [ banner ] -------------------------------------------------------------
c 
c CaDiCaL Radically Simplified CDCL SAT Solver
c Copyright (c) 2016-2019 Armin Biere, JKU Linz
c 
c Version 1.0.3 cb89cbfa16f47cb7bf1ec6ad9855e7b6d5203c18
c g++ (GCC) 6.3.0 -Wall -Wextra -O3 -DNDEBUG
c Fri Aug 23 08:17:16 CDT 2019 Linux login1 4.4.103-6.38-default x86_64
c 
c --- [ config ] -------------------------------------------------------------
c 
c using 'unsat' configuration (target unsatisfiable instances)
c 
c --- [ proof tracing ] ------------------------------------------------------
c 
c opening file to write '/tmp/19_174_0_four.drat'
c writing binary proof trace to '/tmp/19_174_0_four.drat'
c 
c --- [ parsing input ] ------------------------------------------------------
c 
c reading DIMACS file from '/tmp/19_174_0_four.cnf'
c opening file to read '/tmp/19_174_0_four.cnf'
c found 'p cnf 43008 265790' header
c parsed 265790 clauses in 0.10 seconds process time
c 
c --- [ options ] ------------------------------------------------------------
c 
c   --stabilize=false              (different from default 'true')
c   --walk=false                   (different from default 'true')
c 
c --- [ solving ] ------------------------------------------------------------
c 
c time measured in process time since initialization
c 
c  seconds  reductions  redundant  irredundant
c         MB    restarts       trail       variables
c          level   conflicts       glue         remaining
c 
c *  0.10 31  0 0   0    0    0  0% 0 240734 41472 96%
c {  0.10 31  0 0   0    0    0  0% 0 240734 41472 96%
c -  0.14 33 32 1  13  300  228  7% 7 232518 41472 96%
c i  0.20 34 47 1  59  847  643  9% 7 232518 41444 96%
c I  0.21 34 42 1  59 1003  768  9% 7 232518 41444 96%
c -  0.29 42 42 2  60 1119  713  9% 7 231784 41444 96%
c i  0.34 42 37 2 100 1732 1212  9% 7 231784 41418 96%
c i  0.40 42 30 2 148 2317 1670  9% 7 231784 39860 93%
c -  0.45 41 30 3 148 2350  846  9% 7 204274 39860 93%
c i  0.45 41 30 3 148 2362  856  9% 7 204274 39830 93%
c }  0.48 41 30 3 148 2589 1053 10% 7 204274 39714 92%
c 0  0.48 41 30 3 148 2589 1053 10% 7 204274 39714 92%
c 
c --- [ result ] -------------------------------------------------------------
c 
s UNSATISFIABLE
c 
c --- [ run-time profiling ] -------------------------------------------------
c 
c process time taken by individual solving procedures
c (percentage relative to process time for solving)
c 
c         0.37   98.94% search
c         0.37   98.94% unstable
c         0.00    0.00% simplify
c   =================================
c         0.38   78.99% solve
c 
c last line shows process time for solving
c (percentage relative to total process time)
c 
c --- [ statistics ] ---------------------------------------------------------
c 
c backtracked:                3137       121.17 %  of conflicts
c chronological:              1136        36.21 %  of backtracks
c conflicts:                  2589      6885.64    per second
c decisions:                 12559     33401.60    per second
c fixed:                      3294         7.66 %  of all variables
c learned:                    2279        88.03 %  per conflict
c minimized:                 22923        30.42 %  learned literals
c propagations:            1198885         3.19 M  per second
c reduced:                     228         8.81 %  per conflict
c rephased:                      1      2589.00    interval
c restarts:                    148        17.49    interval
c subsumed:                    218         0.04 %  of all clauses
c 
c seconds are measured in process time for solving
c 
c --- [ resources ] ----------------------------------------------------------
c 
c total process time since initialization:         0.48    seconds
c total real time since initialization:            0.48    seconds
c maximum resident set size of process:           47.08    MB
c 
c --- [ shutting down ] ------------------------------------------------------
c 
c exit 20
