c --- [ banner ] -------------------------------------------------------------
c 
c CaDiCaL Radically Simplified CDCL SAT Solver
c Copyright (c) 2016-2019 Armin Biere, JKU Linz
c 
c Version 1.0.3 cb89cbfa16f47cb7bf1ec6ad9855e7b6d5203c18
c g++ (GCC) 6.3.0 -Wall -Wextra -O3 -DNDEBUG
c Fri Aug 23 08:17:16 CDT 2019 Linux login1 4.4.103-6.38-default x86_64
c 
c --- [ config ] -------------------------------------------------------------
c 
c using 'unsat' configuration (target unsatisfiable instances)
c 
c --- [ proof tracing ] ------------------------------------------------------
c 
c opening file to write '/tmp/19_231_0_four.drat'
c writing binary proof trace to '/tmp/19_231_0_four.drat'
c 
c --- [ parsing input ] ------------------------------------------------------
c 
c reading DIMACS file from '/tmp/19_231_0_four.cnf'
c opening file to read '/tmp/19_231_0_four.cnf'
c found 'p cnf 43008 265790' header
c parsed 265790 clauses in 0.15 seconds process time
c 
c --- [ options ] ------------------------------------------------------------
c 
c   --stabilize=false              (different from default 'true')
c   --walk=false                   (different from default 'true')
c 
c --- [ solving ] ------------------------------------------------------------
c 
c time measured in process time since initialization
c 
c  seconds  reductions  redundant  irredundant
c         MB    restarts       trail       variables
c          level   conflicts       glue         remaining
c 
c *  0.15 31  0 0   0    0    0  0% 0 240732 41478 96%
c {  0.15 31  0 0   0    0    0  0% 0 240732 41478 96%
c -  0.20 33 53 1   1  300  222  9% 6 232518 41478 96%
c I  0.27 34 49 1  81 1002  801  9% 8 232518 41478 96%
c -  0.34 42 45 2  82 1120  785  9% 8 232518 41478 96%
c -  0.48 42 42 3 161 2349 1333 10% 8 232518 41478 96%
c B  0.54 42 37 3 190 3003 1900  9% 8 232518 41478 96%
c -  0.66 42 34 4 200 3992 2082  9% 8 232518 41478 96%
c d  0.87 43 34 4 262 5003 2942  9% 8 229390 39914 93%
c 2  1.00 44 34 4 262 5003 2942  9% 8 227044 39914 93%
c p  1.29 46 34 4 262 5003 11324  9% 8 227044 39850 93%
c s  1.45 51 34 4 267 5077 11374  9% 8 227043 39850 93%
c v  1.72 51 34 4 267 5077 11374  9% 8 223526 39850 93%
c w  1.80 51 34 4 267 5077 11345  9% 8 223526 39830 93%
c t  1.83 51 34 4 267 5077 11341  9% 8 204584 39830 93%
c e  2.33 49 34 4 267 5077 3173  9% 8 185591 23802 55%
c s  2.40 53 34 4 267 5077 3165  9% 8 185591 23802 55%
c i  2.54 54 33 4 297 5612 3591  5% 8 185591 23798 55%
c i  2.55 54 33 4 297 5687 3652  5% 7 185591 23794 55%
c i  2.55 54 33 4 297 5697 3647  5% 7 185591 23791 55%
c 
c  seconds  reductions  redundant  irredundant
c         MB    restarts       trail       variables
c          level   conflicts       glue         remaining
c 
c }  2.56 54 32 4 297 5878 3791  5% 7 185591 23748 55%
c 0  2.56 54 32 4 297 5878 3791  5% 7 185591 23748 55%
c 
c --- [ result ] -------------------------------------------------------------
c 
s UNSATISFIABLE
c 
c --- [ run-time profiling ] -------------------------------------------------
c 
c process time taken by individual solving procedures
c (percentage relative to process time for solving)
c 
c         1.56   64.74% simplify
c         0.85   35.26% search
c         0.85   35.10% unstable
c         0.49   20.20% elim
c         0.31   12.75% vivify
c         0.29   11.92% probe
c         0.19    7.78% subsume
c         0.10    4.30% ternary
c         0.00    0.17% lucky
c   =================================
c         2.42   94.23% solve
c 
c last line shows process time for solving
c (percentage relative to total process time)
c 
c --- [ statistics ] ---------------------------------------------------------
c 
c backtracked:               35731       607.88 %  of conflicts
c chronological:              2434         6.81 %  of backtracks
c conflicts:                  5878      2432.95    per second
c decisions:                 24469     10127.90    per second
c eliminated:                16028        37.27 %  of all variables
c fixed:                      1668         3.88 %  of all variables
c learned:                    5136        87.38 %  per conflict
c minimized:                 56941        29.39 %  learned literals
c propagations:            4127903         1.71 M  per second
c reduced:                    1139        19.38 %  per conflict
c rephased:                      2      2939.00    interval
c restarts:                    297        19.79    interval
c substituted:                1564         3.64 %  of all variables
c subsumed:                   6437         0.75 %  of all clauses
c strengthened:               2608         0.31 %  of all clauses
c vivified:                   3598         0.42 %  of all clauses
c weakened:                  77889         3.75    average size
c 
c seconds are measured in process time for solving
c 
c --- [ resources ] ----------------------------------------------------------
c 
c total process time since initialization:         2.56    seconds
c total real time since initialization:            2.57    seconds
c maximum resident set size of process:           54.14    MB
c 
c --- [ shutting down ] ------------------------------------------------------
c 
c exit 20
