c --- [ banner ] -------------------------------------------------------------
c 
c CaDiCaL Radically Simplified CDCL SAT Solver
c Copyright (c) 2016-2019 Armin Biere, JKU Linz
c 
c Version 1.0.3 cb89cbfa16f47cb7bf1ec6ad9855e7b6d5203c18
c g++ (GCC) 6.3.0 -Wall -Wextra -O3 -DNDEBUG
c Fri Aug 23 08:17:16 CDT 2019 Linux login1 4.4.103-6.38-default x86_64
c 
c --- [ config ] -------------------------------------------------------------
c 
c using 'unsat' configuration (target unsatisfiable instances)
c 
c --- [ proof tracing ] ------------------------------------------------------
c 
c opening file to write '/tmp/53_1306_0_six.drat'
c writing binary proof trace to '/tmp/53_1306_0_six.drat'
c 
c --- [ parsing input ] ------------------------------------------------------
c 
c reading DIMACS file from '/tmp/53_1306_0_six.cnf'
c opening file to read '/tmp/53_1306_0_six.cnf'
c found 'p cnf 50176 399289' header
c parsed 399289 clauses in 0.16 seconds process time
c 
c --- [ options ] ------------------------------------------------------------
c 
c   --stabilize=false              (different from default 'true')
c   --walk=false                   (different from default 'true')
c 
c --- [ solving ] ------------------------------------------------------------
c 
c time measured in process time since initialization
c 
c  seconds  reductions  redundant  irredundant
c         MB    restarts       trail       variables
c          level   conflicts       glue         remaining
c 
c *  0.16 44  0 0   0    0    0  0% 0 363894 48193 96%
c {  0.16 45  0 0   0    0    0  0% 0 363894 48193 96%
c i  0.17 46 65 0   6  124   96  8% 6 363894 48133 96%
c i  0.17 46 54 0  16  174  121  7% 9 363894 47918 95%
c i  0.17 46 52 0  17  179  122  7% 9 363894 47717 95%
c i  0.17 46 51 0  17  180  122  7% 9 363894 47711 95%
c }  0.17 46 48 0  19  191  127  7% 8 363894 47459 95%
c 0  0.18 46 48 0  19  191  127  7% 8 363894 47459 95%
c 
c --- [ result ] -------------------------------------------------------------
c 
s UNSATISFIABLE
c 
c --- [ run-time profiling ] -------------------------------------------------
c 
c process time taken by individual solving procedures
c (percentage relative to process time for solving)
c 
c         0.02  100.00% search
c         0.01   50.00% unstable
c         0.00   25.00% lucky
c         0.00    0.00% simplify
c   =================================
c         0.02    9.09% solve
c 
c last line shows process time for solving
c (percentage relative to total process time)
c 
c --- [ statistics ] ---------------------------------------------------------
c 
c backtracked:                 240       125.65 %  of conflicts
c chronological:                79        32.92 %  of backtracks
c conflicts:                   191     11937.50    per second
c decisions:                  2299    143687.50    per second
c fixed:                      2717         5.41 %  of all variables
c learned:                     156        81.68 %  per conflict
c minimized:                   510        15.12 %  learned literals
c propagations:              50219         3.14 M  per second
c restarts:                     19        10.05    interval
c subsumed:                     24         0.00 %  of all clauses
c 
c seconds are measured in process time for solving
c 
c --- [ resources ] ----------------------------------------------------------
c 
c total process time since initialization:         0.18    seconds
c total real time since initialization:            0.18    seconds
c maximum resident set size of process:           45.90    MB
c 
c --- [ shutting down ] ------------------------------------------------------
c 
c exit 20
