c --- [ banner ] -------------------------------------------------------------
c 
c CaDiCaL Radically Simplified CDCL SAT Solver
c Copyright (c) 2016-2019 Armin Biere, JKU Linz
c 
c Version 1.0.3 cb89cbfa16f47cb7bf1ec6ad9855e7b6d5203c18
c g++ (GCC) 6.3.0 -Wall -Wextra -O3 -DNDEBUG
c Fri Aug 23 08:17:16 CDT 2019 Linux login1 4.4.103-6.38-default x86_64
c 
c --- [ config ] -------------------------------------------------------------
c 
c using 'unsat' configuration (target unsatisfiable instances)
c 
c --- [ proof tracing ] ------------------------------------------------------
c 
c opening file to write '/tmp/53_1115_0_six.drat'
c writing binary proof trace to '/tmp/53_1115_0_six.drat'
c 
c --- [ parsing input ] ------------------------------------------------------
c 
c reading DIMACS file from '/tmp/53_1115_0_six.cnf'
c opening file to read '/tmp/53_1115_0_six.cnf'
c found 'p cnf 50176 399289' header
c parsed 399289 clauses in 0.20 seconds process time
c 
c --- [ options ] ------------------------------------------------------------
c 
c   --stabilize=false              (different from default 'true')
c   --walk=false                   (different from default 'true')
c 
c --- [ solving ] ------------------------------------------------------------
c 
c time measured in process time since initialization
c 
c  seconds  reductions  redundant  irredundant
c         MB    restarts       trail       variables
c          level   conflicts       glue         remaining
c 
c *  0.20 44  0 0   0    0    0  0% 0 363884 48146 96%
c {  0.20 45  0 0   0    0    0  0% 0 363884 48146 96%
c -  0.25 46 62 1  16  300  204  8% 7 348164 48146 96%
c I  0.30 47 61 1  52 1002  686  9% 9 348164 48146 96%
c -  0.42 60 53 2  74 1225  797  9% 9 348164 48146 96%
c -  0.61 60 43 3 181 2613 1402  9% 10 348164 48146 96%
c i  0.63 60 44 3 181 2719 1461  9% 10 348164 47927 96%
c i  0.63 60 44 3 181 2744 1480  9% 10 348164 47808 95%
c i  0.63 60 44 3 181 2748 1482  9% 10 348164 47649 95%
c B  0.64 60 45 3 195 3003 1643  9% 9 348164 47649 95%
c i  0.65 60 47 3 195 3182 1762  9% 9 348164 47598 95%
c i  0.67 60 45 3 199 3563 2023  9% 9 348164 47538 95%
c i  0.71 60 37 3 199 4362 2576  9% 8 348164 47530 95%
c i  0.72 60 36 3 199 4433 2622  9% 8 348164 47323 94%
c -  0.80 59 36 4 199 4463 1284  9% 8 328739 47323 94%
c i  0.81 59 34 4 207 4667 1453  9% 8 328739 47130 94%
c }  0.81 59 33 4 207 4749 1508  9% 8 328739 46970 94%
c 0  0.81 59 33 4 207 4749 1508  9% 8 328739 46970 94%
c 
c --- [ result ] -------------------------------------------------------------
c 
s UNSATISFIABLE
c 
c --- [ run-time profiling ] -------------------------------------------------
c 
c process time taken by individual solving procedures
c (percentage relative to process time for solving)
c 
c         0.62  100.00% search
c         0.61   99.35% unstable
c         0.00    0.65% lucky
c         0.00    0.00% simplify
c   =================================
c         0.62   75.86% solve
c 
c last line shows process time for solving
c (percentage relative to total process time)
c 
c --- [ statistics ] ---------------------------------------------------------
c 
c backtracked:                5609       118.11 %  of conflicts
c chronological:              1744        31.09 %  of backtracks
c conflicts:                  4749      7709.42    per second
c decisions:                 23790     38620.13    per second
c fixed:                      3206         6.39 %  of all variables
c learned:                    4089        86.10 %  per conflict
c minimized:                 57353        31.55 %  learned literals
c propagations:            1965012         3.19 M  per second
c reduced:                     879        18.51 %  per conflict
c rephased:                      2      2374.50    interval
c restarts:                    207        22.94    interval
c subsumed:                    744         0.10 %  of all clauses
c 
c seconds are measured in process time for solving
c 
c --- [ resources ] ----------------------------------------------------------
c 
c total process time since initialization:         0.81    seconds
c total real time since initialization:            0.81    seconds
c maximum resident set size of process:           68.91    MB
c 
c --- [ shutting down ] ------------------------------------------------------
c 
c exit 20
