c --- [ banner ] -------------------------------------------------------------
c 
c CaDiCaL Radically Simplified CDCL SAT Solver
c Copyright (c) 2016-2019 Armin Biere, JKU Linz
c 
c Version 1.0.3 cb89cbfa16f47cb7bf1ec6ad9855e7b6d5203c18
c g++ (GCC) 6.3.0 -Wall -Wextra -O3 -DNDEBUG
c Fri Aug 23 08:17:16 CDT 2019 Linux login1 4.4.103-6.38-default x86_64
c 
c --- [ config ] -------------------------------------------------------------
c 
c using 'unsat' configuration (target unsatisfiable instances)
c 
c --- [ proof tracing ] ------------------------------------------------------
c 
c opening file to write '/tmp/53_1196_0_six.drat'
c writing binary proof trace to '/tmp/53_1196_0_six.drat'
c 
c --- [ parsing input ] ------------------------------------------------------
c 
c reading DIMACS file from '/tmp/53_1196_0_six.cnf'
c opening file to read '/tmp/53_1196_0_six.cnf'
c found 'p cnf 50176 399289' header
c parsed 399289 clauses in 0.25 seconds process time
c 
c --- [ options ] ------------------------------------------------------------
c 
c   --stabilize=false              (different from default 'true')
c   --walk=false                   (different from default 'true')
c 
c --- [ solving ] ------------------------------------------------------------
c 
c time measured in process time since initialization
c 
c  seconds  reductions  redundant  irredundant
c         MB    restarts       trail       variables
c          level   conflicts       glue         remaining
c 
c *  0.25 44  0 0   0    0    0  0% 0 363876 48188 96%
c {  0.25 45  0 0   0    0    0  0% 0 363876 48188 96%
c -  0.32 46 62 1  27  301  215  7% 11 349036 48188 96%
c I  0.39 48 57 1  44 1005  683 11% 11 349036 48188 96%
c -  0.51 60 65 2  53 1233  671 11% 11 349036 48188 96%
c -  0.68 60 51 3 118 2621 1186 10% 10 349036 48188 96%
c B  0.72 60 49 3 130 3008 1472 10% 10 349036 48188 96%
c -  0.90 60 49 4 188 4472 1964 10% 10 349036 48188 96%
c d  1.10 61 49 4 218 5004 2374 10% 10 344344 45842 91%
c 2  1.30 61 49 4 218 5004 2374 10% 10 338479 45842 91%
c p  1.46 62 49 4 218 5004 5475 10% 10 338479 45842 91%
c s  1.75 70 52 4 261 5834 6088 10% 10 338479 45842 91%
c v  2.20 71 52 4 261 5834 6088 10% 10 335088 45842 91%
c w  2.31 71 52 4 261 5834 6086 10% 10 335088 45842 91%
c t  2.36 71 52 4 261 5834 6085 10% 10 303430 45842 91%
c e  3.13 66 52 4 261 5834 2338 10% 10 284820 28814 57%
c F  3.41 74 51 4 265 6012 2479  3% 10 284820 28814 57%
c -  3.52 74 51 5 309 6786 1300  7% 10 284820 28814 57%
c i  3.69 74 44 5 386 8868 2847  5% 10 284820 28801 57%
c i  3.69 74 44 5 386 8869 2847  5% 10 284820 28786 57%
c 
c  seconds  reductions  redundant   irredundant
c         MB    restarts       trail        variables
c          level   conflicts       glue          remaining
c 
c i  3.69 74 44 5 386 8879 2856  5% 10 284820 28734 57%
c i  3.69 74 44 5 386 8882 2856  5% 10 284820 28716 57%
c i  3.69 74 44 5 386 8894 2865  5% 10 284820 28655 57%
c i  3.69 74 44 5 386 8895 2865  5% 10 284820 28650 57%
c }  3.69 74 44 5 386 8899 2866  5% 10 284820 28648 57%
c 0  3.69 74 44 5 386 8899 2866  5% 10 284820 28648 57%
c 
c --- [ result ] -------------------------------------------------------------
c 
s UNSATISFIABLE
c 
c --- [ run-time profiling ] -------------------------------------------------
c 
c process time taken by individual solving procedures
c (percentage relative to process time for solving)
c 
c         2.07   60.16% simplify
c         1.37   39.84% search
c         1.37   39.72% unstable
c         0.76   22.07% elim
c         0.49   14.29% vivify
c         0.24    6.97% subsume
c         0.16    4.65% probe
c         0.15    4.41% ternary
c         0.00    0.12% lucky
c   =================================
c         3.44   93.28% solve
c 
c last line shows process time for solving
c (percentage relative to total process time)
c 
c --- [ statistics ] ---------------------------------------------------------
c 
c backtracked:               29222       328.37 %  of conflicts
c chronological:              3063        10.48 %  of backtracks
c conflicts:                  8899      2583.91    per second
c decisions:                 43913     12750.58    per second
c eliminated:                17028        33.94 %  of all variables
c fixed:                      2154         4.29 %  of all variables
c learned:                    7437        83.57 %  per conflict
c minimized:                113460        29.04 %  learned literals
c propagations:            4625352         1.34 M  per second
c reduced:                    1351        15.18 %  per conflict
c rephased:                      3      2966.33    interval
c restarts:                    386        23.05    interval
c substituted:                2346         4.68 %  of all variables
c subsumed:                  10788         0.85 %  of all clauses
c strengthened:               3667         0.29 %  of all clauses
c vivified:                   3475         0.27 %  of all clauses
c weakened:                 110254         4.02    average size
c 
c seconds are measured in process time for solving
c 
c --- [ resources ] ----------------------------------------------------------
c 
c total process time since initialization:         3.69    seconds
c total real time since initialization:            3.69    seconds
c maximum resident set size of process:           74.39    MB
c 
c --- [ shutting down ] ------------------------------------------------------
c 
c exit 20
