c --- [ banner ] -------------------------------------------------------------
c 
c CaDiCaL Radically Simplified CDCL SAT Solver
c Copyright (c) 2016-2019 Armin Biere, JKU Linz
c 
c Version 1.0.3 cb89cbfa16f47cb7bf1ec6ad9855e7b6d5203c18
c g++ (GCC) 6.3.0 -Wall -Wextra -O3 -DNDEBUG
c Fri Aug 23 08:17:16 CDT 2019 Linux login1 4.4.103-6.38-default x86_64
c 
c --- [ config ] -------------------------------------------------------------
c 
c using 'unsat' configuration (target unsatisfiable instances)
c 
c --- [ proof tracing ] ------------------------------------------------------
c 
c opening file to write '/tmp/53_21_0_six.drat'
c writing binary proof trace to '/tmp/53_21_0_six.drat'
c 
c --- [ parsing input ] ------------------------------------------------------
c 
c reading DIMACS file from '/tmp/53_21_0_six.cnf'
c opening file to read '/tmp/53_21_0_six.cnf'
c found 'p cnf 50176 399289' header
c parsed 399289 clauses in 0.24 seconds process time
c 
c --- [ options ] ------------------------------------------------------------
c 
c   --stabilize=false              (different from default 'true')
c   --walk=false                   (different from default 'true')
c 
c --- [ solving ] ------------------------------------------------------------
c 
c time measured in process time since initialization
c 
c  seconds  reductions  redundant  irredundant
c         MB    restarts       trail       variables
c          level   conflicts       glue         remaining
c 
c *  0.24 44  0 0   0    0    0  0% 0 363874 48189 96%
c {  0.24 45  0 0   0    0    0  0% 0 363874 48189 96%
c i  0.24 45 25 0   0   35   30  4% 3 363874 47957 96%
c i  0.24 45 22 0   0   39   30  5% 3 363874 47931 96%
c -  0.30 46 80 1  19  303  175  9% 9 341177 47931 96%
c I  0.36 47 65 1  41 1004  615 10% 9 341177 47931 96%
c i  0.37 47 55 1  41 1181  735 10% 9 341177 47887 95%
c -  0.48 59 53 2  41 1232  705 10% 9 340303 47887 95%
c -  0.66 62 42 3 106 2612 1423 10% 9 340303 47887 95%
c B  0.69 62 39 3 112 3005 1713 10% 9 340303 47887 95%
c i  0.80 62 33 3 181 4233 2690 10% 9 340303 47227 94%
c i  0.80 62 33 3 181 4234 2690 10% 9 340303 47075 94%
c i  0.80 62 33 3 181 4253 2700 10% 9 340303 47001 94%
c i  0.80 62 33 3 181 4290 2724 10% 9 340303 46947 94%
c i  0.80 62 33 3 181 4292 2725 10% 9 340303 46913 93%
c }  0.80 62 33 3 181 4296 2727 10% 9 340303 46810 93%
c 0  0.80 62 33 3 181 4296 2727 10% 9 340303 46810 93%
c 
c --- [ result ] -------------------------------------------------------------
c 
s UNSATISFIABLE
c 
c --- [ run-time profiling ] -------------------------------------------------
c 
c process time taken by individual solving procedures
c (percentage relative to process time for solving)
c 
c         0.56  100.00% search
c         0.56   99.29% unstable
c         0.00    0.71% lucky
c         0.00    0.00% simplify
c   =================================
c         0.56   70.00% solve
c 
c last line shows process time for solving
c (percentage relative to total process time)
c 
c --- [ statistics ] ---------------------------------------------------------
c 
c backtracked:                5056       117.69 %  of conflicts
c chronological:              1613        31.90 %  of backtracks
c conflicts:                  4296      7671.43    per second
c decisions:                 19652     35092.86    per second
c fixed:                      3366         6.71 %  of all variables
c learned:                    3610        84.03 %  per conflict
c minimized:                 55662        31.87 %  learned literals
c propagations:            1882606         3.36 M  per second
c reduced:                     406         9.45 %  per conflict
c rephased:                      2      2148.00    interval
c restarts:                    181        23.73    interval
c subsumed:                    457         0.06 %  of all clauses
c 
c seconds are measured in process time for solving
c 
c --- [ resources ] ----------------------------------------------------------
c 
c total process time since initialization:         0.80    seconds
c total real time since initialization:            0.80    seconds
c maximum resident set size of process:           70.57    MB
c 
c --- [ shutting down ] ------------------------------------------------------
c 
c exit 20
