c --- [ banner ] -------------------------------------------------------------
c 
c CaDiCaL Radically Simplified CDCL SAT Solver
c Copyright (c) 2016-2019 Armin Biere, JKU Linz
c 
c Version 1.0.3 cb89cbfa16f47cb7bf1ec6ad9855e7b6d5203c18
c g++ (GCC) 6.3.0 -Wall -Wextra -O3 -DNDEBUG
c Fri Aug 23 08:17:16 CDT 2019 Linux login1 4.4.103-6.38-default x86_64
c 
c --- [ config ] -------------------------------------------------------------
c 
c using 'unsat' configuration (target unsatisfiable instances)
c 
c --- [ proof tracing ] ------------------------------------------------------
c 
c opening file to write '/tmp/53_87_0_six.drat'
c writing binary proof trace to '/tmp/53_87_0_six.drat'
c 
c --- [ parsing input ] ------------------------------------------------------
c 
c reading DIMACS file from '/tmp/53_87_0_six.cnf'
c opening file to read '/tmp/53_87_0_six.cnf'
c found 'p cnf 50176 399289' header
c parsed 399289 clauses in 0.30 seconds process time
c 
c --- [ options ] ------------------------------------------------------------
c 
c   --stabilize=false              (different from default 'true')
c   --walk=false                   (different from default 'true')
c 
c --- [ solving ] ------------------------------------------------------------
c 
c time measured in process time since initialization
c 
c  seconds  reductions  redundant  irredundant
c         MB    restarts       trail       variables
c          level   conflicts       glue         remaining
c 
c *  0.30 44  0 0   0    0    0  0% 0 363904 48271 96%
c {  0.31 45  0 0   0    0    0  0% 0 363904 48271 96%
c i  0.32 46 54 0   7  129   95  6% 5 363904 48176 96%
c -  0.38 46 63 1  30  302  215  7% 8 348166 48176 96%
c I  0.44 47 51 1  53 1012  629  9% 8 348166 48176 96%
c -  0.59 59 56 2  79 1233  716  9% 9 348166 48176 96%
c -  0.77 59 39 3 149 2620 1417  9% 9 348166 48176 96%
c B  0.80 59 41 3 157 3016 1720  9% 9 348166 48176 96%
c i  0.88 59 31 3 167 4301 2703  9% 8 348166 48148 96%
c -  0.97 59 30 4 167 4470 1784  9% 8 347294 48148 96%
c i  0.99 59 28 4 167 4665 1911  9% 8 347294 47823 95%
c }  0.99 59 28 4 167 4676 1916  9% 8 347294 47793 95%
c 0  0.99 59 28 4 167 4676 1916  9% 8 347294 47793 95%
c 
c --- [ result ] -------------------------------------------------------------
c 
s UNSATISFIABLE
c 
c --- [ run-time profiling ] -------------------------------------------------
c 
c process time taken by individual solving procedures
c (percentage relative to process time for solving)
c 
c         0.69  100.00% search
c         0.68   98.84% unstable
c         0.01    1.16% lucky
c         0.00    0.00% simplify
c   =================================
c         0.69   69.76% solve
c 
c last line shows process time for solving
c (percentage relative to total process time)
c 
c --- [ statistics ] ---------------------------------------------------------
c 
c backtracked:                5379       115.03 %  of conflicts
c chronological:              1538        28.59 %  of backtracks
c conflicts:                  4676      6757.23    per second
c decisions:                 18153     26232.66    per second
c fixed:                      2383         4.75 %  of all variables
c learned:                    3993        85.39 %  per conflict
c minimized:                 87449        38.76 %  learned literals
c propagations:            1862847         2.69 M  per second
c reduced:                    1045        22.35 %  per conflict
c rephased:                      2      2338.00    interval
c restarts:                    167        28.00    interval
c subsumed:                    606         0.08 %  of all clauses
c 
c seconds are measured in process time for solving
c 
c --- [ resources ] ----------------------------------------------------------
c 
c total process time since initialization:         0.99    seconds
c total real time since initialization:            0.99    seconds
c maximum resident set size of process:           68.10    MB
c 
c --- [ shutting down ] ------------------------------------------------------
c 
c exit 20
