c --- [ banner ] -------------------------------------------------------------
c 
c CaDiCaL Radically Simplified CDCL SAT Solver
c Copyright (c) 2016-2019 Armin Biere, JKU Linz
c 
c Version 1.0.3 cb89cbfa16f47cb7bf1ec6ad9855e7b6d5203c18
c g++ (GCC) 6.3.0 -Wall -Wextra -O3 -DNDEBUG
c Fri Aug 23 08:17:16 CDT 2019 Linux login1 4.4.103-6.38-default x86_64
c 
c --- [ config ] -------------------------------------------------------------
c 
c using 'unsat' configuration (target unsatisfiable instances)
c 
c --- [ proof tracing ] ------------------------------------------------------
c 
c opening file to write '/tmp/27_211_0_three.drat'
c writing binary proof trace to '/tmp/27_211_0_three.drat'
c 
c --- [ parsing input ] ------------------------------------------------------
c 
c reading DIMACS file from '/tmp/27_211_0_three.cnf'
c opening file to read '/tmp/27_211_0_three.cnf'
c found 'p cnf 39424 200382' header
c parsed 200382 clauses in 0.08 seconds process time
c 
c --- [ options ] ------------------------------------------------------------
c 
c   --stabilize=false              (different from default 'true')
c   --walk=false                   (different from default 'true')
c 
c --- [ solving ] ------------------------------------------------------------
c 
c time measured in process time since initialization
c 
c  seconds  reductions  redundant  irredundant
c         MB    restarts       trail       variables
c          level   conflicts       glue         remaining
c 
c *  0.08 26  0 0   0    0    0  0% 0 181509 38049 97%
c {  0.08 26  0 0   0    0    0  0% 0 181509 38049 97%
c -  0.13 28 57 1  17  301  255  9% 7 173285 38049 97%
c I  0.18 29 34 1  63 1002  874  8% 8 173285 38049 97%
c -  0.23 34 33 2  63 1044  800  8% 8 173285 38049 97%
c i  0.26 34 25 2  66 1628 1299  8% 7 173285 38048 97%
c i  0.26 34 25 2  66 1631 1298  8% 7 173285 38019 96%
c }  0.26 34 24 2  66 1645 1307  8% 7 173285 38005 96%
c 0  0.26 34 24 2  66 1645 1307  8% 7 173285 38005 96%
c 
c --- [ result ] -------------------------------------------------------------
c 
s UNSATISFIABLE
c 
c --- [ run-time profiling ] -------------------------------------------------
c 
c process time taken by individual solving procedures
c (percentage relative to process time for solving)
c 
c         0.18  100.00% search
c         0.18   97.83% unstable
c         0.00    2.17% lucky
c         0.00    0.00% simplify
c   =================================
c         0.18   69.70% solve
c 
c last line shows process time for solving
c (percentage relative to total process time)
c 
c --- [ statistics ] ---------------------------------------------------------
c 
c backtracked:                2016       122.55 %  of conflicts
c chronological:               712        35.32 %  of backtracks
c conflicts:                  1645      8940.22    per second
c decisions:                  6524     35456.52    per second
c fixed:                      1419         3.60 %  of all variables
c learned:                    1485        90.27 %  per conflict
c minimized:                 16574        32.49 %  learned literals
c propagations:             563765         3.06 M  per second
c reduced:                     111         6.75 %  per conflict
c rephased:                      1      1645.00    interval
c restarts:                     66        24.92    interval
c subsumed:                     64         0.02 %  of all clauses
c 
c seconds are measured in process time for solving
c 
c --- [ resources ] ----------------------------------------------------------
c 
c total process time since initialization:         0.26    seconds
c total real time since initialization:            0.27    seconds
c maximum resident set size of process:           33.75    MB
c 
c --- [ shutting down ] ------------------------------------------------------
c 
c exit 20
