c --- [ banner ] -------------------------------------------------------------
c 
c CaDiCaL Radically Simplified CDCL SAT Solver
c Copyright (c) 2016-2019 Armin Biere, JKU Linz
c 
c Version 1.0.3 cb89cbfa16f47cb7bf1ec6ad9855e7b6d5203c18
c g++ (GCC) 6.3.0 -Wall -Wextra -O3 -DNDEBUG
c Fri Aug 23 08:17:16 CDT 2019 Linux login1 4.4.103-6.38-default x86_64
c 
c --- [ config ] -------------------------------------------------------------
c 
c using 'unsat' configuration (target unsatisfiable instances)
c 
c --- [ proof tracing ] ------------------------------------------------------
c 
c opening file to write '/tmp/27_824_0_three.drat'
c writing binary proof trace to '/tmp/27_824_0_three.drat'
c 
c --- [ parsing input ] ------------------------------------------------------
c 
c reading DIMACS file from '/tmp/27_824_0_three.cnf'
c opening file to read '/tmp/27_824_0_three.cnf'
c found 'p cnf 39424 200382' header
c parsed 200382 clauses in 0.08 seconds process time
c 
c --- [ options ] ------------------------------------------------------------
c 
c   --stabilize=false              (different from default 'true')
c   --walk=false                   (different from default 'true')
c 
c --- [ solving ] ------------------------------------------------------------
c 
c time measured in process time since initialization
c 
c  seconds  reductions  redundant  irredundant
c         MB    restarts       trail       variables
c          level   conflicts       glue         remaining
c 
c *  0.08 26  0 0   0    0    0  0% 0 181510 38083 97%
c {  0.08 26  0 0   0    0    0  0% 0 181510 38083 97%
c -  0.13 27 49 1  12  306  251  8% 8 174141 38083 97%
c I  0.17 29 37 1  17 1006  847  9% 8 174141 38083 97%
c -  0.23 34 36 2  17 1054  772  9% 8 174141 38083 97%
c i  0.27 34 33 2  42 1638 1276  9% 7 174141 38027 96%
c i  0.28 34 33 2  42 1641 1278  9% 7 174141 37600 95%
c i  0.28 34 32 2  42 1683 1310  9% 7 174141 37581 95%
c i  0.28 34 31 2  47 1749 1373  9% 7 174141 37436 95%
c i  0.28 34 31 2  48 1753 1376  9% 7 174141 37395 95%
c i  0.30 34 26 2  48 2021 1572  9% 7 174141 36388 92%
c -  0.34 32 25 3  53 2171  707 10% 7 148592 36388 92%
c i  0.36 32 22 3  53 2494  963 10% 7 148592 36372 92%
c i  0.36 32 21 3  53 2610 1066 10% 7 148592 35961 91%
c i  0.36 32 21 3  53 2627 1077 10% 7 148592 35787 91%
c i  0.36 32 21 3  53 2675 1116 10% 6 148592 35748 91%
c }  0.36 32 21 3  53 2677 1116 10% 6 148592 34936 89%
c 0  0.36 32 21 3  53 2677 1116 10% 6 148592 34936 89%
c 
c --- [ result ] -------------------------------------------------------------
c 
s UNSATISFIABLE
c 
c --- [ run-time profiling ] -------------------------------------------------
c 
c process time taken by individual solving procedures
c (percentage relative to process time for solving)
c 
c         0.28  100.00% search
c         0.28   98.59% unstable
c         0.00    1.41% lucky
c         0.00    0.00% simplify
c   =================================
c         0.28   78.02% solve
c 
c last line shows process time for solving
c (percentage relative to total process time)
c 
c --- [ statistics ] ---------------------------------------------------------
c 
c backtracked:                3180       118.79 %  of conflicts
c chronological:              1099        34.56 %  of backtracks
c conflicts:                  2677      9426.06    per second
c decisions:                  7608     26788.73    per second
c fixed:                      4488        11.38 %  of all variables
c learned:                    2433        90.89 %  per conflict
c minimized:                 25923        33.33 %  learned literals
c propagations:             860519         3.03 M  per second
c reduced:                     193         7.21 %  per conflict
c rephased:                      1      2677.00    interval
c restarts:                     53        50.51    interval
c subsumed:                    192         0.05 %  of all clauses
c 
c seconds are measured in process time for solving
c 
c --- [ resources ] ----------------------------------------------------------
c 
c total process time since initialization:         0.36    seconds
c total real time since initialization:            0.37    seconds
c maximum resident set size of process:           37.97    MB
c 
c --- [ shutting down ] ------------------------------------------------------
c 
c exit 20
