c --- [ banner ] -------------------------------------------------------------
c 
c CaDiCaL Radically Simplified CDCL SAT Solver
c Copyright (c) 2016-2019 Armin Biere, JKU Linz
c 
c Version 1.0.3 cb89cbfa16f47cb7bf1ec6ad9855e7b6d5203c18
c g++ (GCC) 6.3.0 -Wall -Wextra -O3 -DNDEBUG
c Fri Aug 23 08:17:16 CDT 2019 Linux login1 4.4.103-6.38-default x86_64
c 
c --- [ config ] -------------------------------------------------------------
c 
c using 'unsat' configuration (target unsatisfiable instances)
c 
c --- [ proof tracing ] ------------------------------------------------------
c 
c opening file to write '/tmp/56_1346_0_six.drat'
c writing binary proof trace to '/tmp/56_1346_0_six.drat'
c 
c --- [ parsing input ] ------------------------------------------------------
c 
c reading DIMACS file from '/tmp/56_1346_0_six.cnf'
c opening file to read '/tmp/56_1346_0_six.cnf'
c found 'p cnf 50176 399284' header
c parsed 399284 clauses in 0.20 seconds process time
c 
c --- [ options ] ------------------------------------------------------------
c 
c   --stabilize=false              (different from default 'true')
c   --walk=false                   (different from default 'true')
c 
c --- [ solving ] ------------------------------------------------------------
c 
c time measured in process time since initialization
c 
c  seconds  reductions  redundant  irredundant
c         MB    restarts       trail       variables
c          level   conflicts       glue         remaining
c 
c *  0.21 45  0 0   0    0    0  0% 0 365768 48210 96%
c {  0.21 45  0 0   0    0    0  0% 0 365768 48210 96%
c i  0.24 47 91 0  14  201  134  8% 8 365768 48136 96%
c i  0.24 47 90 0  15  203  135  8% 8 365768 48129 96%
c -  0.29 47 76 1  24  302  222  9% 9 347093 48129 96%
c I  0.36 48 62 1  90 1002  731 11% 11 347093 48129 96%
c -  0.50 60 64 2 100 1230  780 11% 11 347093 48129 96%
c -  0.70 60 55 3 174 2616 1393 11% 10 347093 48129 96%
c B  0.75 60 56 3 192 3010 1701 11% 10 347093 48129 96%
c -  0.94 60 54 4 273 4465 1988 11% 10 347093 48129 96%
c d  1.14 61 57 4 316 5000 2370 11% 10 342427 45796 91%
c 2  1.34 61 57 4 316 5000 2370 11% 10 336597 45796 91%
c p  1.64 62 57 4 316 5000 7085 11% 10 336597 45783 91%
c s  1.94 71 58 4 365 5848 7735 11% 10 336597 45783 91%
c v  2.39 71 58 4 365 5848 7735 11% 10 332500 45783 91%
c w  2.52 71 58 4 365 5848 7733 11% 10 332500 45783 91%
c t  2.59 71 58 4 365 5848 7728 11% 10 299846 45783 91%
c e  3.36 66 58 4 365 5848 3221 11% 10 280703 28440 57%
c s  3.49 71 58 4 365 5848 3219 11% 10 280703 28440 57%
c F  3.69 74 58 4 390 6016 3344  5% 10 280703 28440 57%
c 
c  seconds  reductions  redundant   irredundant
c         MB    restarts       trail        variables
c          level   conflicts       glue          remaining
c 
c -  3.77 75 56 5 399 6775 1142  6% 10 280703 28440 57%
c -  4.08 75 45 6 461 9381 2602  7% 10 280703 28440 57%
c B  4.17 75 44 6 468 10017 3081  8% 9 280703 28440 57%
c i  4.17 75 44 6 468 10020 3082  8% 9 280703 28255 56%
c i  4.17 75 44 6 468 10021 3082  8% 9 280703 28183 56%
c }  4.17 75 44 6 468 10023 3082  8% 9 280703 28022 56%
c 0  4.17 75 44 6 468 10023 3082  8% 9 280703 28022 56%
c 
c --- [ result ] -------------------------------------------------------------
c 
s UNSATISFIABLE
c 
c --- [ run-time profiling ] -------------------------------------------------
c 
c process time taken by individual solving procedures
c (percentage relative to process time for solving)
c 
c         2.31   58.17% simplify
c         1.66   41.73% search
c         1.65   41.63% unstable
c         0.76   19.25% elim
c         0.52   13.00% vivify
c         0.31    7.76% probe
c         0.28    7.06% subsume
c         0.15    3.83% ternary
c         0.00    0.10% lucky
c   =================================
c         3.97   95.11% solve
c 
c last line shows process time for solving
c (percentage relative to total process time)
c 
c --- [ statistics ] ---------------------------------------------------------
c 
c backtracked:               42286       421.89 %  of conflicts
c chronological:              3811         9.01 %  of backtracks
c conflicts:                 10023      2525.96    per second
c decisions:                 51809     13056.70    per second
c eliminated:                17343        34.56 %  of all variables
c fixed:                      2478         4.94 %  of all variables
c learned:                    8655        86.35 %  per conflict
c minimized:                111526        24.85 %  learned literals
c propagations:            6383856         1.61 M  per second
c reduced:                    2036        20.31 %  per conflict
c rephased:                      4      2505.75    interval
c restarts:                    468        21.42    interval
c substituted:                2333         4.65 %  of all variables
c subsumed:                  11446         0.90 %  of all clauses
c strengthened:               4009         0.31 %  of all clauses
c vivified:                   4252         0.33 %  of all clauses
c weakened:                 108784         4.04    average size
c 
c seconds are measured in process time for solving
c 
c --- [ resources ] ----------------------------------------------------------
c 
c total process time since initialization:         4.17    seconds
c total real time since initialization:            4.17    seconds
c maximum resident set size of process:           74.86    MB
c 
c --- [ shutting down ] ------------------------------------------------------
c 
c exit 20
