c --- [ banner ] -------------------------------------------------------------
c 
c CaDiCaL Radically Simplified CDCL SAT Solver
c Copyright (c) 2016-2019 Armin Biere, JKU Linz
c 
c Version 1.0.3 cb89cbfa16f47cb7bf1ec6ad9855e7b6d5203c18
c g++ (GCC) 6.3.0 -Wall -Wextra -O3 -DNDEBUG
c Fri Aug 23 08:17:16 CDT 2019 Linux login1 4.4.103-6.38-default x86_64
c 
c --- [ config ] -------------------------------------------------------------
c 
c using 'unsat' configuration (target unsatisfiable instances)
c 
c --- [ proof tracing ] ------------------------------------------------------
c 
c opening file to write '/tmp/65_273_0_three.drat'
c writing binary proof trace to '/tmp/65_273_0_three.drat'
c 
c --- [ parsing input ] ------------------------------------------------------
c 
c reading DIMACS file from '/tmp/65_273_0_three.cnf'
c opening file to read '/tmp/65_273_0_three.cnf'
c found 'p cnf 202048 780975' header
c parsed 780975 clauses in 0.29 seconds process time
c 
c --- [ options ] ------------------------------------------------------------
c 
c   --stabilize=false              (different from default 'true')
c   --walk=false                   (different from default 'true')
c 
c --- [ solving ] ------------------------------------------------------------
c 
c time measured in process time since initialization
c 
c  seconds  reductions  redundant  irredundant
c         MB    restarts       trail       variables
c          level   conflicts       glue          remaining
c 
c *  0.30 97  0 0   0    0    0  0% 0 780480 197701 98%
c {  0.32 99  0 0   0    0    0  0% 0 780480 197701 98%
c i  0.33 100 248 0   0  158   83  3% 3 780480 197611 98%
c i  0.33 100 246 0   0  159   83  3% 3 780480 197487 98%
c -  0.41 100 316 1   0  301  154  5% 3 690758 197391 98%
c i  0.44 105 278 1   3  338  187  5% 4 690758 196916 97%
c i  0.62 105 93 1 130  893  668  6% 7 690758 196745 97%
c i  0.62 105 93 1 131  894  668  6% 7 690758 196032 97%
c }  0.63 105 85 1 132  965  715  6% 7 690758 195934 97%
c 0  0.63 105 85 1 132  965  715  6% 7 690758 195934 97%
c 
c --- [ result ] -------------------------------------------------------------
c 
s UNSATISFIABLE
c 
c --- [ run-time profiling ] -------------------------------------------------
c 
c process time taken by individual solving procedures
c (percentage relative to process time for solving)
c 
c         0.33   96.47% search
c         0.32   92.94% unstable
c         0.01    3.53% lucky
c         0.00    0.00% simplify
c   =================================
c         0.34   53.80% solve
c 
c last line shows process time for solving
c (percentage relative to total process time)
c 
c --- [ statistics ] ---------------------------------------------------------
c 
c backtracked:                1322       136.99 %  of conflicts
c chronological:               534        40.39 %  of backtracks
c conflicts:                   965      2838.24    per second
c decisions:                  7266     21370.59    per second
c fixed:                      6114         3.03 %  of all variables
c learned:                     899        93.16 %  per conflict
c minimized:                  3603        22.01 %  learned literals
c propagations:            1425570         4.19 M  per second
c restarts:                    132         7.31    interval
c subsumed:                    176         0.01 %  of all clauses
c 
c seconds are measured in process time for solving
c 
c --- [ resources ] ----------------------------------------------------------
c 
c total process time since initialization:         0.63    seconds
c total real time since initialization:            0.63    seconds
c maximum resident set size of process:          105.79    MB
c 
c --- [ shutting down ] ------------------------------------------------------
c 
c exit 20
