c --- [ banner ] -------------------------------------------------------------
c 
c CaDiCaL Radically Simplified CDCL SAT Solver
c Copyright (c) 2016-2019 Armin Biere, JKU Linz
c 
c Version 1.0.3 cb89cbfa16f47cb7bf1ec6ad9855e7b6d5203c18
c g++ (GCC) 6.3.0 -Wall -Wextra -O3 -DNDEBUG
c Fri Aug 23 08:17:16 CDT 2019 Linux login1 4.4.103-6.38-default x86_64
c 
c --- [ config ] -------------------------------------------------------------
c 
c using 'unsat' configuration (target unsatisfiable instances)
c 
c --- [ proof tracing ] ------------------------------------------------------
c 
c opening file to write '/tmp/65_402_0_three.drat'
c writing binary proof trace to '/tmp/65_402_0_three.drat'
c 
c --- [ parsing input ] ------------------------------------------------------
c 
c reading DIMACS file from '/tmp/65_402_0_three.cnf'
c opening file to read '/tmp/65_402_0_three.cnf'
c found 'p cnf 202048 780975' header
c parsed 780975 clauses in 0.31 seconds process time
c 
c --- [ options ] ------------------------------------------------------------
c 
c   --stabilize=false              (different from default 'true')
c   --walk=false                   (different from default 'true')
c 
c --- [ solving ] ------------------------------------------------------------
c 
c time measured in process time since initialization
c 
c  seconds  reductions  redundant  irredundant
c         MB    restarts       trail       variables
c          level   conflicts       glue          remaining
c 
c *  0.32 97  0 0   0    0    0  0% 0 780480 197794 98%
c {  0.34 99  0 0   0    0    0  0% 0 780480 197794 98%
c -  0.50 104 192 1  13  301  182  5% 4 697569 197794 98%
c i  0.70 109 82 1  97  688  545  5% 7 697569 197478 98%
c i  0.83 109 59 1 142 1000  832  6% 7 697569 197117 98%
c I  0.83 109 59 1 142 1003  835  6% 7 697569 197117 98%
c i  1.01 109 54 1 162 1285 1083  7% 7 697569 197021 98%
c -  1.29 126 51 2 162 1407 1043  7% 7 679171 196550 97%
c i  1.37 126 49 2 173 1558 1176  8% 7 679171 196484 97%
c i  1.39 126 48 2 188 1621 1233  8% 7 679171 196378 97%
c i  1.40 126 46 2 189 1654 1264  7% 7 679171 195578 97%
c i  1.40 126 46 2 189 1666 1271  7% 7 679171 195577 97%
c i  1.40 126 46 2 189 1669 1273  7% 7 679171 195576 97%
c }  1.40 126 46 2 189 1674 1273  7% 7 679171 194964 96%
c 0  1.40 126 46 2 189 1674 1273  7% 7 679171 194964 96%
c 
c --- [ result ] -------------------------------------------------------------
c 
s UNSATISFIABLE
c 
c --- [ run-time profiling ] -------------------------------------------------
c 
c process time taken by individual solving procedures
c (percentage relative to process time for solving)
c 
c         1.07   98.89% search
c         1.05   97.05% unstable
c         0.02    1.85% lucky
c         0.00    0.00% simplify
c   =================================
c         1.08   77.65% solve
c 
c last line shows process time for solving
c (percentage relative to total process time)
c 
c --- [ statistics ] ---------------------------------------------------------
c 
c backtracked:                2191       130.88 %  of conflicts
c chronological:               816        37.24 %  of backtracks
c conflicts:                  1674      1544.28    per second
c decisions:                 10180      9391.14    per second
c fixed:                      7084         3.51 %  of all variables
c learned:                    1579        94.32 %  per conflict
c minimized:                  7884        21.30 %  learned literals
c propagations:            3425538         3.16 M  per second
c reduced:                      15         0.90 %  per conflict
c rephased:                      1      1674.00    interval
c restarts:                    189         8.86    interval
c subsumed:                    144         0.01 %  of all clauses
c 
c seconds are measured in process time for solving
c 
c --- [ resources ] ----------------------------------------------------------
c 
c total process time since initialization:         1.40    seconds
c total real time since initialization:            1.40    seconds
c maximum resident set size of process:          126.55    MB
c 
c --- [ shutting down ] ------------------------------------------------------
c 
c exit 20
