c --- [ banner ] -------------------------------------------------------------
c 
c CaDiCaL Radically Simplified CDCL SAT Solver
c Copyright (c) 2016-2019 Armin Biere, JKU Linz
c 
c Version 1.0.3 cb89cbfa16f47cb7bf1ec6ad9855e7b6d5203c18
c g++ (GCC) 6.3.0 -Wall -Wextra -O3 -DNDEBUG
c Fri Aug 23 08:17:16 CDT 2019 Linux login1 4.4.103-6.38-default x86_64
c 
c --- [ config ] -------------------------------------------------------------
c 
c using 'unsat' configuration (target unsatisfiable instances)
c 
c --- [ proof tracing ] ------------------------------------------------------
c 
c opening file to write '/tmp/1_499_0_three.drat'
c writing binary proof trace to '/tmp/1_499_0_three.drat'
c 
c --- [ parsing input ] ------------------------------------------------------
c 
c reading DIMACS file from '/tmp/1_499_0_three.cnf'
c opening file to read '/tmp/1_499_0_three.cnf'
c found 'p cnf 202048 780990' header
c parsed 780990 clauses in 0.32 seconds process time
c 
c --- [ options ] ------------------------------------------------------------
c 
c   --stabilize=false              (different from default 'true')
c   --walk=false                   (different from default 'true')
c 
c --- [ solving ] ------------------------------------------------------------
c 
c time measured in process time since initialization
c 
c  seconds  reductions  redundant  irredundant
c         MB    restarts       trail       variables
c          level   conflicts       glue          remaining
c 
c *  0.34 97  0 0   0    0    0  0% 0 780480 197422 98%
c {  0.35 99  0 0   0    0    0  0% 0 780480 197422 98%
c -  0.51 103 287 1   9  305  176  5% 4 692811 197422 98%
c I  0.95 108 80 1 140 1002  826  6% 7 692811 197422 98%
c -  1.54 127 69 2 216 1410 1202  7% 8 692811 197422 98%
c B  2.50 127 50 2 365 3004 2666  8% 8 692811 197422 98%
c -  2.72 127 50 3 366 3066 2146  8% 8 692811 197422 98%
c s  3.88 112 42 3 422 3967 2889  8% 8 692811 197422 98%
c v  5.15 135 42 3 422 3967 2889  8% 8 692809 197422 98%
c w  5.48 135 42 3 422 3967 2886  8% 8 692809 197422 98%
c t  5.54 135 42 3 422 3967 2886  8% 8 692265 197396 98%
c e  7.52 136 42 3 422 3967   17  8% 8 170566 25937 13%
c s  7.72 145 42 3 422 3967   16  8% 8 170442 25937 13%
c e  8.00 145 42 3 422 3967   12  8% 8 170422 25898 13%
c d  8.31 145 39 3 514 5000  925  7% 8 170419 25896 13%
c 3  8.38 146 39 3 514 5000 3272  7% 8 170419 25896 13%
c d  8.44 146 39 3 514 5000 3266  7% 8 170419 25895 13%
c 2  8.46 146 39 3 514 5000 3264  7% 8 170416 25895 13%
c p  8.52 146 39 3 514 5000 3913  7% 8 170416 25895 13%
c -  8.62 146 39 4 546 5275 1275  6% 8 170416 25895 13%
c 
c  seconds   reductions  redundant  irredundant
c          MB    restarts       trail       variables
c           level   conflicts       glue         remaining
c 
c F  8.70 146 37 4 614 6005 1951  6% 8 170416 25895 13%
c -  8.83 146 34 5 642 7122 2224  5% 8 170416 25895 13%
c -  9.09 146 31 6 713 9340 3079  6% 8 170416 25895 13%
c i  9.10 146 30 6 720 9447 3162  6% 8 170416 25884 13%
c i  9.10 146 30 6 720 9448 3162  6% 8 170416 25679 13%
c }  9.12 146 30 6 720 9520 3218  6% 8 170416 25547 13%
c 0  9.12 146 30 6 720 9520 3218  6% 8 170416 25547 13%
c 
c --- [ result ] -------------------------------------------------------------
c 
s UNSATISFIABLE
c 
c --- [ run-time profiling ] -------------------------------------------------
c 
c process time taken by individual solving procedures
c (percentage relative to process time for solving)
c 
c         4.79   54.50% simplify
c         3.98   45.31% search
c         3.97   45.18% unstable
c         2.17   24.70% elim
c         1.48   16.83% vivify
c         0.82    9.37% subsume
c         0.09    1.00% ternary
c         0.06    0.64% probe
c         0.01    0.14% lucky
c   =================================
c         8.79   96.45% solve
c 
c last line shows process time for solving
c (percentage relative to total process time)
c 
c --- [ statistics ] ---------------------------------------------------------
c 
c backtracked:               23791       249.91 %  of conflicts
c chronological:              4037        16.97 %  of backtracks
c conflicts:                  9520      1082.80    per second
c decisions:                 46443      5282.42    per second
c eliminated:               171498        84.88 %  of all variables
c fixed:                      5000         2.47 %  of all variables
c learned:                    9068        95.25 %  per conflict
c minimized:                 65158        25.21 %  learned literals
c propagations:           13196413         1.50 M  per second
c reduced:                    2420        25.42 %  per conflict
c rephased:                      3      3173.33    interval
c restarts:                    720        13.22    interval
c substituted:                   3         0.00 %  of all variables
c subsumed:                   4092         0.18 %  of all clauses
c strengthened:               9888         0.43 %  of all clauses
c ternary:                    2559         0.32 %  of resolved
c vivified:                    187         0.01 %  of all clauses
c weakened:                 609657         2.85    average size
c 
c seconds are measured in process time for solving
c 
c --- [ resources ] ----------------------------------------------------------
c 
c total process time since initialization:         9.12    seconds
c total real time since initialization:            9.12    seconds
c maximum resident set size of process:          152.37    MB
c 
c --- [ shutting down ] ------------------------------------------------------
c 
c exit 20
