c --- [ banner ] -------------------------------------------------------------
c 
c CaDiCaL Radically Simplified CDCL SAT Solver
c Copyright (c) 2016-2019 Armin Biere, JKU Linz
c 
c Version 1.0.3 cb89cbfa16f47cb7bf1ec6ad9855e7b6d5203c18
c g++ (GCC) 6.3.0 -Wall -Wextra -O3 -DNDEBUG
c Fri Aug 23 08:17:16 CDT 2019 Linux login1 4.4.103-6.38-default x86_64
c 
c --- [ config ] -------------------------------------------------------------
c 
c using 'unsat' configuration (target unsatisfiable instances)
c 
c --- [ proof tracing ] ------------------------------------------------------
c 
c opening file to write '/tmp/1_515_0_three.drat'
c writing binary proof trace to '/tmp/1_515_0_three.drat'
c 
c --- [ parsing input ] ------------------------------------------------------
c 
c reading DIMACS file from '/tmp/1_515_0_three.cnf'
c opening file to read '/tmp/1_515_0_three.cnf'
c found 'p cnf 202048 780990' header
c parsed 780990 clauses in 0.32 seconds process time
c 
c --- [ options ] ------------------------------------------------------------
c 
c   --stabilize=false              (different from default 'true')
c   --walk=false                   (different from default 'true')
c 
c --- [ solving ] ------------------------------------------------------------
c 
c time measured in process time since initialization
c 
c  seconds  reductions  redundant  irredundant
c         MB    restarts       trail       variables
c          level   conflicts       glue          remaining
c 
c *  0.34 97  0 0   0    0    0  0% 0 780480 197028 98%
c {  0.36 99  0 0   0    0    0  0% 0 780480 197028 98%
c -  0.56 105 238 1  15  300  187  6% 5 688050 197028 98%
c I  0.93 110 65 1 105 1002  827  7% 7 688050 197028 98%
c -  1.44 128 55 2 152 1405 1171  8% 7 688050 197028 98%
c B  2.36 128 41 2 360 3003 2657  8% 8 688050 197028 98%
c -  2.54 128 40 3 362 3059 2182  8% 8 688050 197028 98%
c s  3.47 114 32 3 376 3972 2956  8% 7 688050 197028 98%
c w  4.67 137 32 3 376 3972 2951  8% 7 688050 197028 98%
c t  4.72 137 32 3 376 3972 2947  8% 7 687573 197028 98%
c e  6.45 134 32 3 376 3972   30  8% 7 168784 25714 13%
c s  6.62 143 32 3 376 3972   29  8% 7 168719 25714 13%
c e  6.82 143 32 3 376 3972   28  8% 7 168708 25695 13%
c 3  7.10 143 30 3 464 5000 2463  4% 7 168708 25695 13%
c 3  7.10 143 30 3 464 5000 2571  4% 7 168708 25695 13%
c d  7.14 143 30 3 464 5000 2551  4% 7 168708 25693 13%
c 2  7.16 143 30 3 464 5000 2547  4% 7 168708 25693 13%
c p  7.21 143 30 3 464 5000 3199  4% 7 168708 25693 13%
c -  7.28 143 30 4 500 5266 1243  4% 7 168708 25693 13%
c F  7.35 143 29 4 543 6006 1907  5% 7 168708 25693 13%
c 
c  seconds   reductions  redundant  irredundant
c          MB    restarts       trail       variables
c           level   conflicts       glue         remaining
c 
c -  7.50 143 27 5 619 7109 2204  5% 7 168708 25693 13%
c i  7.51 143 27 5 619 7246 2323  5% 7 168708 25685 13%
c i  7.54 143 26 5 626 7600 2633  5% 7 168708 25682 13%
c i  7.54 143 26 5 626 7638 2662  5% 7 168708 25636 13%
c i  7.54 143 26 5 626 7659 2667  5% 7 168708 25619 13%
c i  7.54 143 26 5 626 7660 2667  5% 7 168708 25570 13%
c i  7.54 143 26 5 626 7661 2667  5% 7 168708 25512 13%
c i  7.54 143 26 5 626 7672 2675  5% 7 168708 25372 13%
c }  7.54 143 26 5 626 7676 2676  5% 7 168708 25271 13%
c 0  7.54 143 26 5 626 7676 2676  5% 7 168708 25271 13%
c 
c --- [ result ] -------------------------------------------------------------
c 
s UNSATISFIABLE
c 
c --- [ run-time profiling ] -------------------------------------------------
c 
c process time taken by individual solving procedures
c (percentage relative to process time for solving)
c 
c         3.82   52.91% simplify
c         3.38   46.87% search
c         3.37   46.65% unstable
c         1.87   25.93% elim
c         1.10   15.24% vivify
c         0.61    8.42% subsume
c         0.07    0.94% ternary
c         0.05    0.72% probe
c         0.02    0.22% lucky
c   =================================
c         7.22   95.71% solve
c 
c last line shows process time for solving
c (percentage relative to total process time)
c 
c --- [ statistics ] ---------------------------------------------------------
c 
c backtracked:               20970       273.19 %  of conflicts
c chronological:              3323        15.85 %  of backtracks
c conflicts:                  7676      1063.16    per second
c decisions:                 36282      5025.21    per second
c eliminated:               171333        84.80 %  of all variables
c fixed:                      5442         2.69 %  of all variables
c learned:                    7299        95.09 %  per conflict
c minimized:                 51219        25.85 %  learned literals
c propagations:           12723920         1.76 M  per second
c reduced:                    1220        15.89 %  per conflict
c rephased:                      3      2558.67    interval
c restarts:                    626        12.26    interval
c substituted:                   2         0.00 %  of all variables
c subsumed:                   4063         0.18 %  of all clauses
c strengthened:              10171         0.45 %  of all clauses
c ternary:                    1880         0.28 %  of resolved
c vivified:                    121         0.01 %  of all clauses
c weakened:                 606101         2.84    average size
c 
c seconds are measured in process time for solving
c 
c --- [ resources ] ----------------------------------------------------------
c 
c total process time since initialization:         7.54    seconds
c total real time since initialization:            7.54    seconds
c maximum resident set size of process:          154.01    MB
c 
c --- [ shutting down ] ------------------------------------------------------
c 
c exit 20
