c --- [ banner ] -------------------------------------------------------------
c 
c CaDiCaL Radically Simplified CDCL SAT Solver
c Copyright (c) 2016-2019 Armin Biere, JKU Linz
c 
c Version 1.0.3 cb89cbfa16f47cb7bf1ec6ad9855e7b6d5203c18
c g++ (GCC) 6.3.0 -Wall -Wextra -O3 -DNDEBUG
c Fri Aug 23 08:17:16 CDT 2019 Linux login1 4.4.103-6.38-default x86_64
c 
c --- [ config ] -------------------------------------------------------------
c 
c using 'unsat' configuration (target unsatisfiable instances)
c 
c --- [ proof tracing ] ------------------------------------------------------
c 
c opening file to write '/tmp/1_571_0_three.drat'
c writing binary proof trace to '/tmp/1_571_0_three.drat'
c 
c --- [ parsing input ] ------------------------------------------------------
c 
c reading DIMACS file from '/tmp/1_571_0_three.cnf'
c opening file to read '/tmp/1_571_0_three.cnf'
c found 'p cnf 202048 780990' header
c parsed 780990 clauses in 0.49 seconds process time
c 
c --- [ options ] ------------------------------------------------------------
c 
c   --stabilize=false              (different from default 'true')
c   --walk=false                   (different from default 'true')
c 
c --- [ solving ] ------------------------------------------------------------
c 
c time measured in process time since initialization
c 
c  seconds  reductions  redundant  irredundant
c         MB    restarts       trail       variables
c          level   conflicts       glue          remaining
c 
c *  0.50 97  0 0   0    0    0  0% 0 780480 197134 98%
c {  0.52 99  0 0   0    0    0  0% 0 780480 197134 98%
c -  0.69 104 293 1   8  300  173  5% 4 689621 197134 98%
c I  1.36 109 90 1 140 1002  834  8% 8 689621 197134 98%
c -  1.82 127 72 2 149 1405 1168  8% 8 689621 197134 98%
c B  2.60 127 44 2 259 3003 2614  9% 8 689621 197134 98%
c -  2.82 128 44 3 259 3059 2038  9% 8 689621 197134 98%
c s  3.75 113 39 3 289 3972 2805  9% 8 689621 197134 98%
c w  5.03 132 39 3 289 3972 2805  9% 8 689621 197134 98%
c t  5.08 132 39 3 289 3972 2805  9% 8 689070 197134 98%
c e  6.76 126 39 3 289 3972   18  9% 8 169356 25779 13%
c s  6.94 144 39 3 289 3972   18  9% 8 169254 25779 13%
c e  7.14 145 39 3 289 3972   15  9% 8 169245 25736 13%
c 3  7.42 145 37 3 469 5002 2708  4% 8 169245 25736 13%
c 3  7.42 145 37 3 469 5002 2798  4% 8 169245 25736 13%
c d  7.46 145 37 3 469 5002 2776  4% 8 169245 25733 13%
c 2  7.48 145 37 3 469 5002 2770  4% 8 169245 25733 13%
c p  7.52 145 37 3 469 5002 3293  4% 8 169245 25733 13%
c -  7.59 145 39 4 524 5265 1251  5% 8 169245 25733 13%
c F  7.66 145 39 4 625 6004 1932  5% 8 169245 25733 13%
c 
c  seconds   reductions  redundant  irredundant
c          MB    restarts       trail       variables
c           level   conflicts       glue         remaining
c 
c -  7.79 145 37 5 673 7110 2191  5% 8 169245 25733 13%
c -  8.00 145 32 6 771 9321 2950  5% 8 169245 25733 13%
c B  8.06 145 31 6 807 10008 3567  6% 8 169245 25733 13%
c -  8.24 145 28 7 849 11900 3665  5% 8 169245 25733 13%
c i  8.32 145 26 7 849 13135 4748  5% 8 169245 25732 13%
c }  8.33 145 26 7 849 13262 4820  5% 8 169245 25645 13%
c 0  8.33 145 26 7 849 13262 4820  5% 8 169245 25645 13%
c 
c --- [ result ] -------------------------------------------------------------
c 
s UNSATISFIABLE
c 
c --- [ run-time profiling ] -------------------------------------------------
c 
c process time taken by individual solving procedures
c (percentage relative to process time for solving)
c 
c         4.01   51.15% search
c         4.00   50.99% unstable
c         3.82   48.65% simplify
c         1.83   23.30% elim
c         1.19   15.15% vivify
c         0.58    7.45% subsume
c         0.06    0.82% ternary
c         0.04    0.46% probe
c         0.01    0.15% lucky
c   =================================
c         7.84   94.14% solve
c 
c last line shows process time for solving
c (percentage relative to total process time)
c 
c --- [ statistics ] ---------------------------------------------------------
c 
c backtracked:               27909       210.44 %  of conflicts
c chronological:              5431        19.46 %  of backtracks
c conflicts:                 13262      1690.72    per second
c decisions:                 59356      7567.06    per second
c eliminated:               171398        84.83 %  of all variables
c fixed:                      5002         2.48 %  of all variables
c learned:                   12643        95.33 %  per conflict
c minimized:                 99770        27.23 %  learned literals
c propagations:           14245647         1.82 M  per second
c reduced:                    4175        31.48 %  per conflict
c rephased:                      4      3315.50    interval
c restarts:                    849        15.62    interval
c substituted:                   3         0.00 %  of all variables
c subsumed:                   4340         0.19 %  of all clauses
c strengthened:               9953         0.43 %  of all clauses
c ternary:                    2078         0.28 %  of resolved
c vivified:                    151         0.01 %  of all clauses
c weakened:                 607521         2.84    average size
c 
c seconds are measured in process time for solving
c 
c --- [ resources ] ----------------------------------------------------------
c 
c total process time since initialization:         8.33    seconds
c total real time since initialization:            8.33    seconds
c maximum resident set size of process:          150.84    MB
c 
c --- [ shutting down ] ------------------------------------------------------
c 
c exit 20
